1.738564491271972656e+00
1.370118856430053711e+00
9.951126575469970703e-01
1.075220584869384766e+00
9.989387989044189453e-01
1.001980304718017578e+00
1.000922441482543945e+00
1.019867658615112305e+00
1.082267522811889648e+00
1.018897294998168945e+00
1.012580871582031250e+00
1.014820337295532227e+00
1.004798173904418945e+00
1.013655185699462891e+00
1.031751155853271484e+00
1.292136907577514648e+00
1.625129222869873047e+00
1.814267635345458984e+00
1.690825939178466797e+00
1.810301542282104492e+00
1.824970483779907227e+00
1.857771873474121094e+00
1.917557477951049805e+00
2.059339046478271484e+00
1.914304256439208984e+00
1.862165927886962891e+00
1.802695512771606445e+00
1.646289825439453125e+00
1.547397851943969727e+00
1.019975900650024414e+00
9.964671134948730469e-01
1.004692792892456055e+00
9.908289909362792969e-01
1.004067182540893555e+00
1.005656957626342773e+00
1.016477584838867188e+00
1.009271144866943359e+00
9.962744712829589844e-01
1.017250537872314453e+00
1.013636827468872070e+00
1.006141901016235352e+00
1.003275156021118164e+00
1.018421411514282227e+00
1.006819009780883789e+00
1.001140117645263672e+00
9.628765583038330078e-01
9.678373336791992188e-01
9.635381698608398438e-01
9.748926162719726562e-01
1.259255409240722656e+00
1.511034250259399414e+00
1.572122812271118164e+00
1.785451650619506836e+00
1.842807531356811523e+00
1.880381584167480469e+00
1.903132200241088867e+00
1.738910913467407227e+00
1.740925312042236328e+00
1.545906782150268555e+00
1.230959892272949219e+00
1.233403444290161133e+00
9.695498943328857422e-01
1.063057899475097656e+00
9.803981781005859375e-01
9.787180423736572266e-01
9.624838829040527344e-01
9.703285694122314453e-01
9.648115634918212891e-01
9.843838214874267578e-01
9.756925106048583984e-01
9.749059677124023438e-01
9.649000167846679688e-01
9.802174568176269531e-01
9.954817295074462891e-01
1.015064954757690430e+00
9.840312004089355469e-01
9.965651035308837891e-01
1.022140026092529297e+00
1.078122854232788086e+00
1.330059528350830078e+00
1.493360042572021484e+00
1.515390872955322266e+00
1.445446729660034180e+00
1.418785572052001953e+00
1.608814954757690430e+00
1.721059322357177734e+00
1.787162065505981445e+00
1.839949369430541992e+00
1.790510654449462891e+00
1.909854888916015625e+00
1.809823989868164062e+00
1.775212764739990234e+00
1.692471742630004883e+00
1.443530797958374023e+00
9.967951774597167969e-01
9.593784809112548828e-01
9.987168312072753906e-01
1.002551555633544922e+00
1.005841732025146484e+00
9.595882892608642578e-01
9.953973293304443359e-01
1.015446186065673828e+00
1.016048192977905273e+00
1.093785285949707031e+00
1.022169589996337891e+00
1.004165410995483398e+00
1.026348829269409180e+00
1.013450145721435547e+00
9.976127147674560547e-01
1.002624988555908203e+00
1.006687402725219727e+00
9.917528629302978516e-01
1.006978988647460938e+00
1.003510713577270508e+00
1.024775981903076172e+00
1.006541728973388672e+00
1.005976200103759766e+00
1.349536418914794922e+00
1.539119482040405273e+00
1.581556558609008789e+00
1.690002918243408203e+00
1.742543935775756836e+00
1.810515165328979492e+00
1.797730684280395508e+00
1.735076189041137695e+00
1.558333873748779297e+00
1.373603582382202148e+00
9.886820316314697266e-01
1.086874723434448242e+00
9.960687160491943359e-01
9.906356334686279297e-01
1.019678592681884766e+00
9.890010356903076172e-01
1.085981369018554688e+00
1.006039619445800781e+00
9.968504905700683594e-01
1.007811307907104492e+00
1.009883403778076172e+00
1.089257240295410156e+00
1.005035638809204102e+00
9.978349208831787109e-01
1.014825820922851562e+00
1.002110004425048828e+00
1.092911720275878906e+00
1.016312122344970703e+00
1.011982202529907227e+00
1.006359815597534180e+00
1.021912813186645508e+00
1.014312267303466797e+00
1.004505872726440430e+00
1.007238149642944336e+00
1.205458879470825195e+00
1.259500980377197266e+00
1.440690279006958008e+00
1.571732044219970703e+00
1.700965404510498047e+00
1.762195348739624023e+00
1.783725023269653320e+00
1.944413661956787109e+00
1.724574327468872070e+00
1.570735692977905273e+00
1.349080562591552734e+00
1.136474609375000000e+00
9.756391048431396484e-01
9.808197021484375000e-01
9.772713184356689453e-01
9.848468303680419922e-01
1.002647161483764648e+00
1.002038717269897461e+00
1.078780651092529297e+00
9.854662418365478516e-01
9.957342147827148438e-01
9.993104934692382812e-01
9.796595573425292969e-01
1.078249454498291016e+00
9.751510620117187500e-01
9.672179222106933594e-01
9.829578399658203125e-01
9.829752445220947266e-01
1.078191280364990234e+00
9.881083965301513672e-01
9.993884563446044922e-01
9.887206554412841797e-01
9.915738105773925781e-01
1.092739343643188477e+00
9.845564365386962891e-01
9.884998798370361328e-01
9.858639240264892578e-01
9.855315685272216797e-01
9.944331645965576172e-01
9.898531436920166016e-01
9.976487159729003906e-01
9.992578029632568359e-01
1.005991697311401367e+00
1.213144540786743164e+00
1.464027166366577148e+00
1.623656988143920898e+00
1.759606361389160156e+00
1.794500112533569336e+00
1.642081975936889648e+00
