1.738574266433715820e+00
1.370105266571044922e+00
9.951426982879638672e-01
1.075212955474853516e+00
9.989175796508789062e-01
1.001958608627319336e+00
1.000942707061767578e+00
1.019882440567016602e+00
1.082264184951782227e+00
1.018905162811279297e+00
1.012580394744873047e+00
1.014835119247436523e+00
1.004770755767822266e+00
1.013657093048095703e+00
1.031756162643432617e+00
1.292173385620117188e+00
1.625148296356201172e+00
1.814261674880981445e+00
1.690813541412353516e+00
1.810289144515991211e+00
1.824964284896850586e+00
1.857754468917846680e+00
1.917517900466918945e+00
2.059352874755859375e+00
1.914317846298217773e+00
1.862207889556884766e+00
1.802706956863403320e+00
1.646294116973876953e+00
1.547397851943969727e+00
1.019993543624877930e+00
9.964694976806640625e-01
1.004710912704467773e+00
9.908258914947509766e-01
1.004076957702636719e+00
1.005861520767211914e+00
1.016474246978759766e+00
1.009264945983886719e+00
9.962728023529052734e-01
1.017255067825317383e+00
1.013618946075439453e+00
1.006130218505859375e+00
1.003263950347900391e+00
1.018408536911010742e+00
1.006799459457397461e+00
1.001139640808105469e+00
9.628634452819824219e-01
9.678404331207275391e-01
9.635331630706787109e-01
9.748816490173339844e-01
1.259266138076782227e+00
1.511029958724975586e+00
1.572107553482055664e+00
1.785469770431518555e+00
1.842805862426757812e+00
1.880382537841796875e+00
1.903147697448730469e+00
1.738883972167968750e+00
1.748510837554931641e+00
1.545913219451904297e+00
1.230933427810668945e+00
1.233397722244262695e+00
9.695503711700439453e-01
1.063070058822631836e+00
9.803953170776367188e-01
9.787223339080810547e-01
9.624867439270019531e-01
9.703340530395507812e-01
9.648180007934570312e-01
9.843974113464355469e-01
9.756979942321777344e-01
9.749212265014648438e-01
9.649252891540527344e-01
9.802086353302001953e-01
9.954845905303955078e-01
1.015074014663696289e+00
9.840462207794189453e-01
9.965634346008300781e-01
1.022132158279418945e+00
1.078141927719116211e+00
1.330036163330078125e+00
1.493369102478027344e+00
1.515402317047119141e+00
1.445463657379150391e+00
1.418786287307739258e+00
1.608854055404663086e+00
1.721062660217285156e+00
1.787161588668823242e+00
1.839960336685180664e+00
1.790533304214477539e+00
1.909879684448242188e+00
1.809845209121704102e+00
1.775244474411010742e+00
1.692469120025634766e+00
1.443543672561645508e+00
9.967982769012451172e-01
9.593729972839355469e-01
9.987065792083740234e-01
1.002557277679443359e+00
1.005861997604370117e+00
9.595909118652343750e-01
9.953975677490234375e-01
1.015435218811035156e+00
1.016052007675170898e+00
1.093794345855712891e+00
1.022173881530761719e+00
1.004163026809692383e+00
1.026347160339355469e+00
1.013444423675537109e+00
9.976115226745605469e-01
1.002626180648803711e+00
1.006683588027954102e+00
9.917533397674560547e-01
1.007003784179687500e+00
1.003508329391479492e+00
1.024771928787231445e+00
1.006550073623657227e+00
1.005963563919067383e+00
1.349542379379272461e+00
1.539125680923461914e+00
1.581574440002441406e+00
1.689998626708984375e+00
1.742556571960449219e+00
1.810515880584716797e+00
1.797703266143798828e+00
1.735081434249877930e+00
1.558377742767333984e+00
1.373599529266357422e+00
9.886727333068847656e-01
1.086867809295654297e+00
9.960763454437255859e-01
9.906256198883056641e-01
1.003463268280029297e+00
9.889781475067138672e-01
1.085985898971557617e+00
1.006034612655639648e+00
9.968404769897460938e-01
1.007800817489624023e+00
1.009887218475341797e+00
1.089249134063720703e+00
1.005016565322875977e+00
9.978206157684326172e-01
1.014815092086791992e+00
1.002097845077514648e+00
1.092912673950195312e+00
1.016301155090332031e+00
1.011997938156127930e+00
1.006379127502441406e+00
1.021904945373535156e+00
1.014290332794189453e+00
1.004517316818237305e+00
1.007238388061523438e+00
1.205433607101440430e+00
1.259478569030761719e+00
1.440696001052856445e+00
1.571750640869140625e+00
1.700993061065673828e+00
1.762201309204101562e+00
1.783706665039062500e+00
1.944408416748046875e+00
1.724565029144287109e+00
1.570729494094848633e+00
1.349081754684448242e+00
1.136467933654785156e+00
9.756524562835693359e-01
9.808263778686523438e-01
9.772760868072509766e-01
9.848425388336181641e-01
1.002653360366821289e+00
1.002049207687377930e+00
1.078790903091430664e+00
9.854798316955566406e-01
9.957396984100341797e-01
9.993231296539306641e-01
9.796605110168457031e-01
1.078264474868774414e+00
9.751586914062500000e-01
9.672129154205322266e-01
9.829673767089843750e-01
9.829876422882080078e-01
1.078206777572631836e+00
9.881162643432617188e-01
9.993882179260253906e-01
9.887228012084960938e-01
9.915871620178222656e-01
1.092732429504394531e+00
9.845590591430664062e-01
9.885008335113525391e-01
9.858653545379638672e-01
9.855339527130126953e-01
9.944422245025634766e-01
9.898674488067626953e-01
9.976623058319091797e-01
9.992620944976806641e-01
1.006003856658935547e+00
1.213154077529907227e+00
1.464020729064941406e+00
1.623687982559204102e+00
1.759619235992431641e+00
1.794577360153198242e+00
1.642115592956542969e+00
