2.313796520233154297e+00
4.337337017059326172e-01
5.044374465942382812e-01
4.350233078002929688e-01
5.111274719238281250e-01
4.651942253112792969e-01
4.627473354339599609e-01
4.623680114746093750e-01
4.773421287536621094e-01
4.671881198883056641e-01
4.651591777801513672e-01
4.727466106414794922e-01
4.612915515899658203e-01
4.723267555236816406e-01
4.628579616546630859e-01
4.497630596160888672e-01
4.392039775848388672e-01
4.421753883361816406e-01
4.411697387695312500e-01
4.411413669586181641e-01
4.402587413787841797e-01
4.485640525817871094e-01
4.438905715942382812e-01
4.447305202484130859e-01
4.456701278686523438e-01
4.481351375579833984e-01
4.362039566040039062e-01
4.132933616638183594e-01
4.441640377044677734e-01
4.302384853363037109e-01
4.284167289733886719e-01
4.296550750732421875e-01
4.312882423400878906e-01
4.340956211090087891e-01
4.303820133209228516e-01
4.329693317413330078e-01
4.366707801818847656e-01
4.397459030151367188e-01
4.379353523254394531e-01
4.369027614593505859e-01
4.342851638793945312e-01
4.370114803314208984e-01
4.340147972106933594e-01
4.349083900451660156e-01
4.342138767242431641e-01
4.337954521179199219e-01
4.360342025756835938e-01
4.381148815155029297e-01
4.380269050598144531e-01
4.560112953186035156e-01
4.482622146606445312e-01
4.387021064758300781e-01
4.348163604736328125e-01
4.405062198638916016e-01
4.341506958007812500e-01
4.328095912933349609e-01
4.288761615753173828e-01
4.388983249664306641e-01
4.273617267608642578e-01
4.300150871276855469e-01
4.644515514373779297e-01
4.349555969238281250e-01
4.364130496978759766e-01
4.315903186798095703e-01
4.360339641571044922e-01
4.397692680358886719e-01
4.378108978271484375e-01
4.401900768280029297e-01
4.452860355377197266e-01
4.613935947418212891e-01
4.668245315551757812e-01
4.642593860626220703e-01
4.608700275421142578e-01
4.649112224578857422e-01
4.724805355072021484e-01
4.890670776367187500e-01
4.790995121002197266e-01
4.865005016326904297e-01
4.706237316131591797e-01
4.710040092468261719e-01
4.520292282104492188e-01
4.537236690521240234e-01
4.723033905029296875e-01
4.623484611511230469e-01
5.448367595672607422e-01
5.014982223510742188e-01
4.854016304016113281e-01
4.432921409606933594e-01
4.502220153808593750e-01
4.376273155212402344e-01
4.419436454772949219e-01
4.389173984527587891e-01
4.427709579467773438e-01
4.414820671081542969e-01
4.440493583679199219e-01
4.434826374053955078e-01
4.395036697387695312e-01
4.378125667572021484e-01
4.549274444580078125e-01
4.440059661865234375e-01
4.451498985290527344e-01
4.498488903045654297e-01
4.396357536315917969e-01
4.343550205230712891e-01
4.337508678436279297e-01
4.496319293975830078e-01
4.497344493865966797e-01
4.716145992279052734e-01
4.706258773803710938e-01
4.633274078369140625e-01
4.679479598999023438e-01
4.632451534271240234e-01
4.691820144653320312e-01
4.726591110229492188e-01
4.738280773162841797e-01
4.587545394897460938e-01
4.559981822967529297e-01
4.461669921875000000e-01
4.489903450012207031e-01
4.428849220275878906e-01
4.499399662017822266e-01
4.461243152618408203e-01
4.391286373138427734e-01
4.453306198120117188e-01
4.361917972564697266e-01
4.401588439941406250e-01
4.375772476196289062e-01
4.395854473114013672e-01
4.497261047363281250e-01
4.467170238494873047e-01
4.363894462585449219e-01
4.346659183502197266e-01
4.338197708129882812e-01
4.358580112457275391e-01
4.421942234039306641e-01
4.371254444122314453e-01
4.683952331542968750e-01
4.474854469299316406e-01
4.408276081085205078e-01
4.378056526184082031e-01
4.410846233367919922e-01
4.430720806121826172e-01
4.406623840332031250e-01
4.417536258697509766e-01
4.517116546630859375e-01
4.537775516510009766e-01
4.595141410827636719e-01
4.563663005828857422e-01
4.577989578247070312e-01
4.592719078063964844e-01
4.699425697326660156e-01
4.709069728851318359e-01
4.640851020812988281e-01
4.583334922790527344e-01
4.185566902160644531e-01
4.278061389923095703e-01
4.174590110778808594e-01
4.196374416351318359e-01
4.181408882141113281e-01
4.184093475341796875e-01
4.201257228851318359e-01
4.157917499542236328e-01
4.234077930450439453e-01
4.184651374816894531e-01
4.180548191070556641e-01
4.191911220550537109e-01
4.170739650726318359e-01
4.185605049133300781e-01
4.165349006652832031e-01
4.169197082519531250e-01
4.178299903869628906e-01
4.197657108306884766e-01
4.167120456695556641e-01
4.167208671569824219e-01
4.255998134613037109e-01
4.188754558563232422e-01
4.195032119750976562e-01
4.461598396301269531e-01
4.336667060852050781e-01
4.378042221069335938e-01
4.359388351440429688e-01
4.348390102386474609e-01
4.364581108093261719e-01
4.340713024139404297e-01
4.358587265014648438e-01
4.337685108184814453e-01
4.378859996795654297e-01
4.416773319244384766e-01
4.387869834899902344e-01
4.384255409240722656e-01
4.381434917449951172e-01
4.385471343994140625e-01
4.339067935943603516e-01
4.338448047637939453e-01
4.321768283843994141e-01
4.332482814788818359e-01
4.340343475341796875e-01
4.369649887084960938e-01
4.355506896972656250e-01
4.324629306793212891e-01
