1.738559484481811523e+00
1.370113849639892578e+00
9.951119422912597656e-01
1.075217723846435547e+00
9.989407062530517578e-01
1.001978874206542969e+00
1.000919818878173828e+00
1.019869804382324219e+00
1.082269668579101562e+00
1.018897294998168945e+00
1.012579917907714844e+00
1.014816045761108398e+00
1.004795789718627930e+00
1.013657093048095703e+00
1.031764984130859375e+00
1.292152404785156250e+00
1.625142812728881836e+00
1.814280509948730469e+00
1.690837621688842773e+00
1.810304641723632812e+00
1.824970722198486328e+00
1.857786893844604492e+00
1.917562246322631836e+00
2.059364795684814453e+00
1.914317369461059570e+00
1.862188816070556641e+00
1.802699565887451172e+00
1.646299839019775391e+00
1.547413349151611328e+00
1.019973278045654297e+00
9.964680671691894531e-01
1.004697799682617188e+00
9.908363819122314453e-01
1.004069566726684570e+00
1.005857229232788086e+00
1.016481161117553711e+00
1.009275913238525391e+00
9.962780475616455078e-01
1.017252206802368164e+00
1.013632774353027344e+00
1.006144285202026367e+00
1.003276348114013672e+00
1.018419265747070312e+00
1.006814718246459961e+00
1.001140594482421875e+00
9.628746509552001953e-01
9.678387641906738281e-01
9.635457992553710938e-01
9.748885631561279297e-01
1.259256362915039062e+00
1.511032581329345703e+00
1.572126388549804688e+00
1.785443067550659180e+00
1.842810630798339844e+00
1.880376100540161133e+00
1.903131484985351562e+00
1.738902807235717773e+00
1.748518228530883789e+00
1.545915842056274414e+00
1.230957031250000000e+00
1.233400583267211914e+00
9.695529937744140625e-01
1.063060522079467773e+00
9.803993701934814453e-01
9.787218570709228516e-01
9.624843597412109375e-01
9.703190326690673828e-01
9.648113250732421875e-01
9.843897819519042969e-01
9.738302230834960938e-01
9.748950004577636719e-01
9.649000167846679688e-01
9.802184104919433594e-01
9.954872131347656250e-01
1.015066385269165039e+00
9.840331077575683594e-01
9.965627193450927734e-01
1.022139787673950195e+00
1.069827318191528320e+00
1.330065488815307617e+00
1.493369340896606445e+00
1.515419244766235352e+00
1.445442438125610352e+00
1.418774604797363281e+00
1.608831882476806641e+00
1.721061468124389648e+00
1.787157773971557617e+00
1.839950084686279297e+00
1.790537118911743164e+00
1.909890651702880859e+00
1.809825658798217773e+00
1.775213718414306641e+00
1.692471027374267578e+00
1.443539381027221680e+00
9.967970848083496094e-01
9.593844413757324219e-01
9.987225532531738281e-01
1.002558231353759766e+00
1.005843877792358398e+00
9.595928192138671875e-01
9.954004287719726562e-01
1.015447616577148438e+00
1.016059637069702148e+00
1.093785524368286133e+00
1.022174835205078125e+00
1.004161119461059570e+00
1.026354789733886719e+00
1.013451576232910156e+00
9.976127147674560547e-01
1.002621412277221680e+00
1.006682872772216797e+00
9.917542934417724609e-01
1.006983757019042969e+00
1.003514051437377930e+00
1.024773836135864258e+00
1.006541252136230469e+00
1.005973339080810547e+00
1.349539518356323242e+00
1.539122581481933594e+00
1.581560373306274414e+00
1.690002679824829102e+00
1.742568492889404297e+00
1.810518503189086914e+00
1.797709703445434570e+00
1.735095024108886719e+00
1.558324337005615234e+00
1.373612880706787109e+00
9.886786937713623047e-01
1.086883068084716797e+00
9.960718154907226562e-01
9.906311035156250000e-01
1.013647794723510742e+00
9.890015125274658203e-01
1.085981130599975586e+00
1.006033182144165039e+00
9.968581199645996094e-01
1.007812500000000000e+00
1.009887218475341797e+00
1.089251756668090820e+00
1.005043983459472656e+00
9.978351593017578125e-01
1.014829397201538086e+00
1.002108573913574219e+00
1.092917203903198242e+00
1.016314506530761719e+00
1.011986017227172852e+00
1.006357669830322266e+00
1.021908283233642578e+00
1.014309406280517578e+00
1.004509210586547852e+00
1.007244110107421875e+00
1.205468893051147461e+00
1.259493112564086914e+00
1.440694570541381836e+00
1.571727991104125977e+00
1.700959205627441406e+00
1.762194633483886719e+00
1.783720254898071289e+00
1.944412708282470703e+00
1.724573373794555664e+00
1.570731401443481445e+00
1.349083185195922852e+00
1.136481285095214844e+00
9.756364822387695312e-01
9.808216094970703125e-01
9.772686958312988281e-01
9.848468303680419922e-01
1.002645969390869141e+00
1.002038955688476562e+00
1.078780651092529297e+00
9.854636192321777344e-01
9.957332611083984375e-01
9.993088245391845703e-01
9.796628952026367188e-01
1.078249454498291016e+00
9.751489162445068359e-01
9.672238826751708984e-01
9.829576015472412109e-01
9.829761981964111328e-01
1.078191757202148438e+00
9.881064891815185547e-01
9.993901252746582031e-01
9.887218475341796875e-01
9.915754795074462891e-01
1.092729091644287109e+00
9.845573902130126953e-01
9.885046482086181641e-01
9.858632087707519531e-01
9.855272769927978516e-01
9.944348335266113281e-01
9.898562431335449219e-01
9.976511001586914062e-01
9.992539882659912109e-01
1.005991458892822266e+00
1.213142871856689453e+00
1.464030265808105469e+00
1.623655796051025391e+00
1.759602785110473633e+00
1.794501304626464844e+00
1.642079114913940430e+00
