1.738565206527709961e+00
1.370121002197265625e+00
9.950911998748779297e-01
1.075219154357910156e+00
9.989376068115234375e-01
1.001982450485229492e+00
1.000941991806030273e+00
1.019871234893798828e+00
1.082266330718994141e+00
1.018898963928222656e+00
1.012580871582031250e+00
1.014818191528320312e+00
1.004796504974365234e+00
1.013659477233886719e+00
1.031765222549438477e+00
1.292155981063842773e+00
1.625145912170410156e+00
1.814288616180419922e+00
1.690860509872436523e+00
1.810309648513793945e+00
1.824979543685913086e+00
1.857783317565917969e+00
1.917558908462524414e+00
2.059363365173339844e+00
1.914319753646850586e+00
1.862188577651977539e+00
1.802700996398925781e+00
1.646300315856933594e+00
1.547410726547241211e+00
1.019988059997558594e+00
9.964709281921386719e-01
1.004700183868408203e+00
9.908368587493896484e-01
1.004076480865478516e+00
1.005861759185791016e+00
1.016487121582031250e+00
1.009274721145629883e+00
9.962751865386962891e-01
1.017251491546630859e+00
1.010595798492431641e+00
1.006147146224975586e+00
1.003277540206909180e+00
1.018416881561279297e+00
1.006815433502197266e+00
1.001142024993896484e+00
9.628746509552001953e-01
9.678418636322021484e-01
9.635438919067382812e-01
9.748904705047607422e-01
1.259262561798095703e+00
1.511037826538085938e+00
1.572126150131225586e+00
1.785459280014038086e+00
1.842810630798339844e+00
1.880380392074584961e+00
1.902904748916625977e+00
1.738903045654296875e+00
1.748517751693725586e+00
1.545915842056274414e+00
1.230952262878417969e+00
1.233400583267211914e+00
9.695551395416259766e-01
1.063061952590942383e+00
9.803915023803710938e-01
9.787209033966064453e-01
9.624814987182617188e-01
9.703323841094970703e-01
9.648039340972900391e-01
9.843885898590087891e-01
9.756920337677001953e-01
9.749085903167724609e-01
9.648942947387695312e-01
9.802122116088867188e-01
9.954822063446044922e-01
1.015060663223266602e+00
9.840297698974609375e-01
9.965629577636718750e-01
1.022140502929687500e+00
1.078160285949707031e+00
1.330052137374877930e+00
1.493370771408081055e+00
1.515416383743286133e+00
1.445453166961669922e+00
1.418766975402832031e+00
1.608835697174072266e+00
1.721059322357177734e+00
1.787158727645874023e+00
1.839954376220703125e+00
1.790530443191528320e+00
1.909875392913818359e+00
1.809821844100952148e+00
1.775209665298461914e+00
1.692481517791748047e+00
1.443536043167114258e+00
9.967985153198242188e-01
9.593830108642578125e-01
9.987280368804931641e-01
1.002560138702392578e+00
1.005842685699462891e+00
9.595897197723388672e-01
9.954049587249755859e-01
1.015447854995727539e+00
1.016058206558227539e+00
1.093787431716918945e+00
1.022174358367919922e+00
1.004161357879638672e+00
1.026356458663940430e+00
1.013451337814331055e+00
9.976093769073486328e-01
1.002621173858642578e+00
1.006683349609375000e+00
9.917571544647216797e-01
1.006985425949096680e+00
1.003515005111694336e+00
1.024781227111816406e+00
1.006545305252075195e+00
1.005971193313598633e+00
1.349544525146484375e+00
1.539125680923461914e+00
1.581561565399169922e+00
1.690007686614990234e+00
1.742569923400878906e+00
1.810523271560668945e+00
1.797736167907714844e+00
1.735088348388671875e+00
1.558332920074462891e+00
1.362700939178466797e+00
9.886763095855712891e-01
1.086877346038818359e+00
9.960670471191406250e-01
9.906296730041503906e-01
1.013639926910400391e+00
9.889993667602539062e-01
1.085981607437133789e+00
1.006037235260009766e+00
9.968583583831787109e-01
1.007812976837158203e+00
1.009885072708129883e+00
1.089250564575195312e+00
1.005038261413574219e+00
9.978327751159667969e-01
1.014827728271484375e+00
1.002105236053466797e+00
1.092916011810302734e+00
1.016319036483764648e+00
1.011983871459960938e+00
1.006358861923217773e+00
1.021908521652221680e+00
1.014308691024780273e+00
1.004507780075073242e+00
1.007245063781738281e+00
1.205459594726562500e+00
1.259500265121459961e+00
1.440709829330444336e+00
1.571738004684448242e+00
1.700960874557495117e+00
1.762192726135253906e+00
1.783722162246704102e+00
1.944410800933837891e+00
1.724569082260131836e+00
1.570734977722167969e+00
1.349085092544555664e+00
1.136481523513793945e+00
9.756352901458740234e-01
9.808228015899658203e-01
9.772689342498779297e-01
9.848473072052001953e-01
1.002645969390869141e+00
1.002040386199951172e+00
1.078782558441162109e+00
9.854652881622314453e-01
9.957320690155029297e-01
9.993126392364501953e-01
9.796640872955322266e-01
1.078253030776977539e+00
9.751529693603515625e-01
9.672281742095947266e-01
9.829592704772949219e-01
9.829764366149902344e-01
1.078193426132202148e+00
9.881110191345214844e-01
9.993903636932373047e-01
9.887247085571289062e-01
9.915761947631835938e-01
1.092728376388549805e+00
9.845583438873291016e-01
9.885075092315673828e-01
9.858613014221191406e-01
9.855253696441650391e-01
9.944391250610351562e-01
9.898569583892822266e-01
9.976544380187988281e-01
9.992570877075195312e-01
1.005993366241455078e+00
1.213134288787841797e+00
1.464030027389526367e+00
1.623655557632446289e+00
1.759604215621948242e+00
1.794502973556518555e+00
1.642075061798095703e+00
