2.202909469604492188e+00
4.414169788360595703e-01
4.530069828033447266e-01
4.465029239654541016e-01
4.446070194244384766e-01
4.942526817321777344e-01
5.430552959442138672e-01
4.641070365905761719e-01
4.511158466339111328e-01
4.578812122344970703e-01
4.648430347442626953e-01
4.724650382995605469e-01
4.760093688964843750e-01
4.697411060333251953e-01
4.524426460266113281e-01
4.572415351867675781e-01
4.579272270202636719e-01
4.710006713867187500e-01
4.596560001373291016e-01
4.471879005432128906e-01
4.695343971252441406e-01
4.680407047271728516e-01
4.711856842041015625e-01
4.676291942596435547e-01
4.685142040252685547e-01
4.688341617584228516e-01
4.650526046752929688e-01
4.264299869537353516e-01
4.837799072265625000e-01
4.538202285766601562e-01
4.663457870483398438e-01
4.676399230957031250e-01
4.772405624389648438e-01
4.720218181610107422e-01
4.722931385040283203e-01
4.446940422058105469e-01
4.440286159515380859e-01
4.591660499572753906e-01
4.607555866241455078e-01
4.655315876007080078e-01
4.592852592468261719e-01
4.683983325958251953e-01
4.654445648193359375e-01
4.521110057830810547e-01
4.482977390289306641e-01
4.544663429260253906e-01
4.555850028991699219e-01
4.469869136810302734e-01
4.612183570861816406e-01
4.821205139160156250e-01
5.035421848297119141e-01
4.761304855346679688e-01
4.713501930236816406e-01
4.459416866302490234e-01
4.408178329467773438e-01
4.425556659698486328e-01
4.487860202789306641e-01
4.411909580230712891e-01
4.550185203552246094e-01
4.320785999298095703e-01
4.329385757446289062e-01
4.363663196563720703e-01
4.407117366790771484e-01
4.433181285858154297e-01
4.493725299835205078e-01
4.483628273010253906e-01
4.467632770538330078e-01
4.534709453582763672e-01
4.503059387207031250e-01
4.537882804870605469e-01
4.491164684295654297e-01
4.477932453155517578e-01
4.514594078063964844e-01
4.583194255828857422e-01
4.756083488464355469e-01
4.714000225067138672e-01
4.708273410797119141e-01
4.710371494293212891e-01
4.686174392700195312e-01
4.680035114288330078e-01
4.668252468109130859e-01
4.714512825012207031e-01
4.693956375122070312e-01
4.680778980255126953e-01
4.681229591369628906e-01
4.651684761047363281e-01
4.637587070465087891e-01
4.701433181762695312e-01
4.440219402313232422e-01
4.567320346832275391e-01
4.465699195861816406e-01
4.411094188690185547e-01
4.403176307678222656e-01
4.456982612609863281e-01
4.469010829925537109e-01
4.471223354339599609e-01
4.467227458953857422e-01
4.521291255950927734e-01
4.532849788665771484e-01
4.468572139739990234e-01
4.492924213409423828e-01
4.469933509826660156e-01
4.492533206939697266e-01
4.520044326782226562e-01
4.497637748718261719e-01
4.541480541229248047e-01
4.578006267547607422e-01
4.670200347900390625e-01
4.640603065490722656e-01
4.732811450958251953e-01
4.794178009033203125e-01
5.434870719909667969e-01
5.069909095764160156e-01
5.258982181549072266e-01
5.242173671722412109e-01
5.393934249877929688e-01
5.458946228027343750e-01
4.812307357788085938e-01
4.723677635192871094e-01
4.636037349700927734e-01
4.539523124694824219e-01
4.648759365081787109e-01
4.695882797241210938e-01
4.468681812286376953e-01
4.400086402893066406e-01
4.429085254669189453e-01
4.446663856506347656e-01
4.609730243682861328e-01
4.496555328369140625e-01
4.422411918640136719e-01
4.429712295532226562e-01
4.433364868164062500e-01
4.570028781890869141e-01
4.613654613494873047e-01
4.605865478515625000e-01
4.663236141204833984e-01
4.566962718963623047e-01
4.869320392608642578e-01
4.724690914154052734e-01
4.734501838684082031e-01
4.713258743286132812e-01
4.698779582977294922e-01
4.925649166107177734e-01
4.736728668212890625e-01
4.639751911163330078e-01
4.636418819427490234e-01
4.633228778839111328e-01
4.712719917297363281e-01
4.761414527893066406e-01
5.033004283905029297e-01
5.393166542053222656e-01
5.428245067596435547e-01
4.601647853851318359e-01
5.229310989379882812e-01
4.318807125091552734e-01
4.371881484985351562e-01
4.409313201904296875e-01
4.319803714752197266e-01
4.321513175964355469e-01
4.333870410919189453e-01
4.297542572021484375e-01
4.273221492767333984e-01
4.536452293395996094e-01
4.349651336669921875e-01
4.338157176971435547e-01
4.419214725494384766e-01
4.299061298370361328e-01
4.326407909393310547e-01
4.832148551940917969e-01
4.328975677490234375e-01
4.286367893218994141e-01
5.034937858581542969e-01
4.324798583984375000e-01
4.335539340972900391e-01
4.321496486663818359e-01
4.268126487731933594e-01
4.227082729339599609e-01
4.331042766571044922e-01
4.324886798858642578e-01
4.344055652618408203e-01
4.323461055755615234e-01
4.625203609466552734e-01
4.556667804718017578e-01
4.272916316986083984e-01
4.264461994171142578e-01
4.350805282592773438e-01
4.237072467803955078e-01
4.366965293884277344e-01
4.344284534454345703e-01
4.272642135620117188e-01
4.319291114807128906e-01
4.313285350799560547e-01
4.292895793914794922e-01
4.330253601074218750e-01
4.321365356445312500e-01
4.988732337951660156e-01
4.380838871002197266e-01
4.398469924926757812e-01
4.423158168792724609e-01
4.482810497283935547e-01
