2.474917888641357422e+00
4.430019855499267578e-01
4.528913497924804688e-01
4.592292308807373047e-01
4.601497650146484375e-01
4.762041568756103516e-01
4.771757125854492188e-01
4.477045536041259766e-01
4.471659660339355469e-01
4.721739292144775391e-01
5.039906501770019531e-01
5.150089263916015625e-01
5.121488571166992188e-01
5.181648731231689453e-01
5.247747898101806641e-01
5.128352642059326172e-01
5.070772171020507812e-01
5.220992565155029297e-01
5.130360126495361328e-01
5.336024761199951172e-01
5.062792301177978516e-01
5.141456127166748047e-01
5.231113433837890625e-01
5.108206272125244141e-01
5.299370288848876953e-01
5.125100612640380859e-01
4.560620784759521484e-01
4.300758838653564453e-01
4.504842758178710938e-01
4.485595226287841797e-01
4.470481872558593750e-01
4.483385086059570312e-01
4.460256099700927734e-01
4.527232646942138672e-01
4.490323066711425781e-01
4.537711143493652344e-01
4.578337669372558594e-01
4.793615341186523438e-01
4.520797729492187500e-01
4.519228935241699219e-01
4.544203281402587891e-01
4.564542770385742188e-01
4.501326084136962891e-01
4.520494937896728516e-01
4.513058662414550781e-01
4.584636688232421875e-01
4.536182880401611328e-01
4.560685157775878906e-01
4.629714488983154297e-01
4.741210937500000000e-01
4.800381660461425781e-01
4.605505466461181641e-01
4.702422618865966797e-01
4.489445686340332031e-01
4.485144615173339844e-01
4.544456005096435547e-01
4.480416774749755859e-01
4.505689144134521484e-01
4.461982250213623047e-01
4.458594322204589844e-01
4.518473148345947266e-01
4.507756233215332031e-01
4.486539363861083984e-01
4.467425346374511719e-01
4.510922431945800781e-01
4.523744583129882812e-01
4.540729522705078125e-01
4.561095237731933594e-01
4.599263668060302734e-01
4.786734580993652344e-01
4.792425632476806641e-01
4.814331531524658203e-01
4.744255542755126953e-01
4.781785011291503906e-01
5.236444473266601562e-01
5.139162540435791016e-01
5.249755382537841797e-01
5.195989608764648438e-01
5.408575534820556641e-01
5.278947353363037109e-01
5.362391471862792969e-01
5.259053707122802734e-01
5.457665920257568359e-01
5.375850200653076172e-01
5.316700935363769531e-01
5.217633247375488281e-01
4.960594177246093750e-01
4.554646015167236328e-01
4.455673694610595703e-01
4.450500011444091797e-01
4.495444297790527344e-01
4.533991813659667969e-01
4.584655761718750000e-01
4.497485160827636719e-01
4.494619369506835938e-01
4.547972679138183594e-01
4.495668411254882812e-01
4.463384151458740234e-01
4.565455913543701172e-01
4.497308731079101562e-01
4.531497955322265625e-01
4.534153938293457031e-01
4.552485942840576172e-01
4.559705257415771484e-01
4.524791240692138672e-01
4.654307365417480469e-01
4.687731266021728516e-01
4.893400669097900391e-01
4.974305629730224609e-01
4.879810810089111328e-01
4.819183349609375000e-01
4.759700298309326172e-01
4.842128753662109375e-01
4.857277870178222656e-01
4.922251701354980469e-01
4.791457653045654297e-01
4.760878086090087891e-01
4.689683914184570312e-01
4.642057418823242188e-01
4.585785865783691406e-01
4.676806926727294922e-01
4.655370712280273438e-01
4.536173343658447266e-01
4.612381458282470703e-01
4.564521312713623047e-01
4.617915153503417969e-01
4.624009132385253906e-01
4.522261619567871094e-01
4.591786861419677734e-01
4.590401649475097656e-01
4.612803459167480469e-01
4.547657966613769531e-01
4.554719924926757812e-01
4.542357921600341797e-01
4.532909393310546875e-01
4.575881958007812500e-01
4.580342769622802734e-01
4.596204757690429688e-01
4.609212875366210938e-01
4.604673385620117188e-01
4.629077911376953125e-01
4.608514308929443359e-01
4.599871635437011719e-01
4.603288173675537109e-01
4.624700546264648438e-01
4.617028236389160156e-01
5.322275161743164062e-01
5.219078063964843750e-01
5.190043449401855469e-01
4.776346683502197266e-01
4.895863533020019531e-01
4.873139858245849609e-01
4.843921661376953125e-01
4.782731533050537109e-01
4.385485649108886719e-01
4.436733722686767578e-01
4.388098716735839844e-01
4.366941452026367188e-01
4.357123374938964844e-01
4.377901554107666016e-01
4.379203319549560547e-01
4.360821247100830078e-01
4.429864883422851562e-01
4.398467540740966797e-01
4.402015209197998047e-01
4.390711784362792969e-01
4.398484230041503906e-01
4.384207725524902344e-01
4.383935928344726562e-01
4.390890598297119141e-01
4.377987384796142578e-01
4.379098415374755859e-01
4.383153915405273438e-01
4.390804767608642578e-01
4.460403919219970703e-01
4.396934509277343750e-01
4.388000965118408203e-01
4.424283504486083984e-01
4.894587993621826172e-01
5.080854892730712891e-01
5.008084774017333984e-01
5.084061622619628906e-01
5.053544044494628906e-01
5.061037540435791016e-01
5.034532546997070312e-01
5.031468868255615234e-01
5.125296115875244141e-01
5.053989887237548828e-01
4.933431148529052734e-01
4.945814609527587891e-01
4.968249797821044922e-01
5.054771900177001953e-01
5.116097927093505859e-01
5.511462688446044922e-01
4.732656478881835938e-01
4.444377422332763672e-01
4.428408145904541016e-01
4.324951171875000000e-01
4.292683601379394531e-01
4.298932552337646484e-01
