1.738573312759399414e+00
1.370115756988525391e+00
9.951133728027343750e-01
1.075221776962280273e+00
9.989416599273681641e-01
1.001984119415283203e+00
1.000920057296752930e+00
1.019870281219482422e+00
1.082267999649047852e+00
1.018898963928222656e+00
1.012582540512084961e+00
1.014828920364379883e+00
1.004796981811523438e+00
1.013656377792358398e+00
1.031767368316650391e+00
1.292152404785156250e+00
1.625135898590087891e+00
1.814274072647094727e+00
1.690833568572998047e+00
1.810306549072265625e+00
1.824976444244384766e+00
1.857782125473022461e+00
1.917562484741210938e+00
2.059364557266235352e+00
1.914310455322265625e+00
1.862168073654174805e+00
1.802696228027343750e+00
1.646291971206665039e+00
1.547399520874023438e+00
1.019976854324340820e+00
9.964685440063476562e-01
1.004696607589721680e+00
9.908313751220703125e-01
1.004066228866577148e+00
1.005657196044921875e+00
1.016479253768920898e+00
1.009275913238525391e+00
9.962761402130126953e-01
1.017252445220947266e+00
1.013634443283081055e+00
1.006146907806396484e+00
1.003276109695434570e+00
1.018419981002807617e+00
1.006814479827880859e+00
1.001136541366577148e+00
9.628722667694091797e-01
9.678366184234619141e-01
9.635400772094726562e-01
9.748802185058593750e-01
1.259253740310668945e+00
1.511032581329345703e+00
1.572127819061279297e+00
1.785427570343017578e+00
1.842805385589599609e+00
1.880378484725952148e+00
1.903129100799560547e+00
1.738918066024780273e+00
1.740920543670654297e+00
1.545908212661743164e+00
1.230958223342895508e+00
1.233400344848632812e+00
9.695549011230468750e-01
1.063054323196411133e+00
9.803936481475830078e-01
9.787175655364990234e-01
9.624953269958496094e-01
9.703290462493896484e-01
9.648106098175048828e-01
9.843888282775878906e-01
9.756884574890136719e-01
9.749014377593994141e-01
9.648971557617187500e-01
9.802136421203613281e-01
9.954810142517089844e-01
1.015063047409057617e+00
9.840283393859863281e-01
9.965665340423583984e-01
1.022135019302368164e+00
1.078155279159545898e+00
1.330068826675415039e+00
1.493367671966552734e+00
1.515413999557495117e+00
1.445444583892822266e+00
1.418781995773315430e+00
1.608812093734741211e+00
1.721057653427124023e+00
1.787163972854614258e+00
1.839950323104858398e+00
1.790508985519409180e+00
1.909856557846069336e+00
1.809829235076904297e+00
1.775216817855834961e+00
1.692469835281372070e+00
1.443533658981323242e+00
9.967973232269287109e-01
9.593825340270996094e-01
9.987199306488037109e-01
1.002552270889282227e+00
1.005841255187988281e+00
9.595959186553955078e-01
9.953978061676025391e-01
1.015447378158569336e+00
1.016049146652221680e+00
1.093786954879760742e+00
1.022169351577758789e+00
1.004171848297119141e+00
1.026351690292358398e+00
1.013448953628540039e+00
9.976177215576171875e-01
1.002627611160278320e+00
1.006688356399536133e+00
9.917540550231933594e-01
1.006981372833251953e+00
1.003513813018798828e+00
1.024774551391601562e+00
1.006541490554809570e+00
1.005979061126708984e+00
1.349538564682006836e+00
1.539104700088500977e+00
1.581552743911743164e+00
1.689998626708984375e+00
1.742553472518920898e+00
1.810515880584716797e+00
1.797715902328491211e+00
1.735094547271728516e+00
1.558329105377197266e+00
1.373597621917724609e+00
9.886803627014160156e-01
1.086877107620239258e+00
9.960675239562988281e-01
9.906339645385742188e-01
1.019676446914672852e+00
9.890007972717285156e-01
1.085981845855712891e+00
1.006038188934326172e+00
9.968492984771728516e-01
1.007810115814208984e+00
1.009882688522338867e+00
1.089266300201416016e+00
1.005037546157836914e+00
9.978322982788085938e-01
1.014827728271484375e+00
1.002105951309204102e+00
1.092912912368774414e+00
1.016317367553710938e+00
1.011983871459960938e+00
1.006361007690429688e+00
1.021910429000854492e+00
1.014314651489257812e+00
1.004508256912231445e+00
1.007235765457153320e+00
1.205451250076293945e+00
1.259500741958618164e+00
1.440683603286743164e+00
1.571722269058227539e+00
1.700964927673339844e+00
1.762195110321044922e+00
1.783722877502441406e+00
1.944413661956787109e+00
1.724576950073242188e+00
1.570737123489379883e+00
1.349085092544555664e+00
1.136473655700683594e+00
9.756393432617187500e-01
9.808199405670166016e-01
9.772672653198242188e-01
9.848604202270507812e-01
1.002647161483764648e+00
1.002040624618530273e+00
1.078779697418212891e+00
9.854662418365478516e-01
9.957356452941894531e-01
9.993112087249755859e-01
9.796581268310546875e-01
1.078250169754028320e+00
9.751510620117187500e-01
9.672203063964843750e-01
9.829566478729248047e-01
9.829730987548828125e-01
1.078190326690673828e+00
9.881083965301513672e-01
9.993915557861328125e-01
9.887194633483886719e-01
9.915728569030761719e-01
1.092739343643188477e+00
9.845559597015380859e-01
9.885013103485107422e-01
9.858603477478027344e-01
9.855306148529052734e-01
9.944343566894531250e-01
9.898529052734375000e-01
9.976496696472167969e-01
9.992575645446777344e-01
1.005987405776977539e+00
1.213141918182373047e+00
1.464024305343627930e+00
1.623652935028076172e+00
1.759607315063476562e+00
1.794504404067993164e+00
1.642084836959838867e+00
