2.473292827606201172e+00
4.298622608184814453e-01
4.420883655548095703e-01
4.320557117462158203e-01
4.558508396148681641e-01
4.614119529724121094e-01
4.554026126861572266e-01
4.613084793090820312e-01
4.729063510894775391e-01
4.625060558319091797e-01
4.646251201629638672e-01
4.806914329528808594e-01
4.668562412261962891e-01
4.785964488983154297e-01
4.670264720916748047e-01
4.565169811248779297e-01
4.458150863647460938e-01
4.425752162933349609e-01
4.403815269470214844e-01
4.427404403686523438e-01
4.410243034362792969e-01
4.463059902191162109e-01
4.441802501678466797e-01
4.444816112518310547e-01
4.431142807006835938e-01
4.405093193054199219e-01
4.388294219970703125e-01
4.108917713165283203e-01
4.342966079711914062e-01
4.340736865997314453e-01
4.289875030517578125e-01
4.306018352508544922e-01
4.305737018585205078e-01
4.333224296569824219e-01
4.311759471893310547e-01
5.362923145294189453e-01
5.522580146789550781e-01
5.008947849273681641e-01
5.155391693115234375e-01
5.340027809143066406e-01
5.014705657958984375e-01
5.266857147216796875e-01
4.968717098236083984e-01
5.086936950683593750e-01
5.080313682556152344e-01
5.141966342926025391e-01
5.252192020416259766e-01
5.172200202941894531e-01
5.331532955169677734e-01
4.722254276275634766e-01
4.762217998504638672e-01
4.565293788909912109e-01
4.660680294036865234e-01
4.407920837402343750e-01
4.397628307342529297e-01
4.468636512756347656e-01
4.422686100006103516e-01
4.416792392730712891e-01
4.317767620086669922e-01
4.339563846588134766e-01
4.430322647094726562e-01
4.440145492553710938e-01
4.451534748077392578e-01
4.436626434326171875e-01
4.419832229614257812e-01
4.451057910919189453e-01
4.400136470794677734e-01
4.477996826171875000e-01
4.436552524566650391e-01
4.524180889129638672e-01
4.445838928222656250e-01
4.491508007049560547e-01
4.508583545684814453e-01
4.808523654937744141e-01
5.075397491455078125e-01
5.005114078521728516e-01
5.137283802032470703e-01
5.020430088043212891e-01
5.248095989227294922e-01
5.167918205261230469e-01
5.246226787567138672e-01
5.114607810974121094e-01
5.416734218597412109e-01
5.547821521759033203e-01
4.912989139556884766e-01
4.519717693328857422e-01
4.510931968688964844e-01
4.401984214782714844e-01
4.414153099060058594e-01
4.408643245697021484e-01
4.347395896911621094e-01
4.338080883026123047e-01
4.330544471740722656e-01
4.327600002288818359e-01
4.335858821868896484e-01
4.409902095794677734e-01
4.399962425231933594e-01
4.365780353546142578e-01
4.431519508361816406e-01
4.381654262542724609e-01
4.372518062591552734e-01
4.483294486999511719e-01
4.557452201843261719e-01
4.468696117401123047e-01
4.446427822113037109e-01
4.476921558380126953e-01
4.514331817626953125e-01
4.834237098693847656e-01
4.914116859436035156e-01
5.189108848571777344e-01
5.130705833435058594e-01
4.663631916046142578e-01
4.662916660308837891e-01
4.756846427917480469e-01
4.789187908172607422e-01
4.695434570312500000e-01
4.652199745178222656e-01
4.556221961975097656e-01
4.621732234954833984e-01
4.425289630889892578e-01
4.487736225128173828e-01
4.612431526184082031e-01
4.460916519165039062e-01
4.922313690185546875e-01
4.499778747558593750e-01
4.494681358337402344e-01
4.482021331787109375e-01
4.433691501617431641e-01
4.469113349914550781e-01
4.375271797180175781e-01
4.362516403198242188e-01
4.403703212738037109e-01
4.373581409454345703e-01
4.376847743988037109e-01
4.394223690032958984e-01
4.366836547851562500e-01
4.422857761383056641e-01
4.400570392608642578e-01
4.415583610534667969e-01
4.447326660156250000e-01
4.526147842407226562e-01
4.518375396728515625e-01
4.508481025695800781e-01
4.396231174468994141e-01
4.416372776031494141e-01
4.627029895782470703e-01
4.423561096191406250e-01
4.539704322814941406e-01
4.601793289184570312e-01
5.437159538269042969e-01
4.641611576080322266e-01
4.681963920593261719e-01
4.635443687438964844e-01
4.764735698699951172e-01
4.183290004730224609e-01
4.322466850280761719e-01
4.197223186492919922e-01
4.171309471130371094e-01
4.220068454742431641e-01
4.188799858093261719e-01
4.250392913818359375e-01
4.192607402801513672e-01
4.191417694091796875e-01
4.188249111175537109e-01
4.166426658630371094e-01
4.163849353790283203e-01
4.172291755676269531e-01
4.202179908752441406e-01
4.170858860015869141e-01
4.164111614227294922e-01
4.192309379577636719e-01
4.192960262298583984e-01
4.178693294525146484e-01
4.159779548645019531e-01
4.196994304656982422e-01
4.193253517150878906e-01
4.172170162200927734e-01
4.338619709014892578e-01
4.330067634582519531e-01
4.437146186828613281e-01
4.281632900238037109e-01
4.330005645751953125e-01
4.317095279693603516e-01
4.331498146057128906e-01
4.321672916412353516e-01
4.339911937713623047e-01
4.305696487426757812e-01
4.316930770874023438e-01
4.284455776214599609e-01
4.298789501190185547e-01
4.329566955566406250e-01
4.323899745941162109e-01
4.343125820159912109e-01
4.311273097991943359e-01
4.329454898834228516e-01
4.296598434448242188e-01
4.263570308685302734e-01
4.266769886016845703e-01
4.257879257202148438e-01
4.268863201141357422e-01
