1.568692684173583984e+00
1.068849563598632812e+00
1.088106393814086914e+00
1.154460191726684570e+00
1.049757003784179688e+00
1.061232566833496094e+00
1.055252075195312500e+00
1.060545921325683594e+00
1.152120828628540039e+00
1.040678739547729492e+00
1.130818128585815430e+00
1.872512817382812500e+00
1.240814447402954102e+00
9.939193725585937500e-01
1.006932258605957031e+00
1.020331621170043945e+00
1.006300926208496094e+00
9.864940643310546875e-01
1.005673408508300781e+00
1.012927055358886719e+00
1.012743473052978516e+00
1.016753673553466797e+00
1.590153455734252930e+00
2.076115846633911133e+00
2.208637237548828125e+00
1.813720941543579102e+00
1.792729139328002930e+00
2.028617858886718750e+00
1.533056974411010742e+00
1.068685531616210938e+00
1.061363220214843750e+00
1.071663856506347656e+00
1.067457675933837891e+00
1.060398340225219727e+00
1.075950860977172852e+00
1.068695783615112305e+00
1.068244218826293945e+00
1.214362621307373047e+00
1.716682195663452148e+00
1.061418056488037109e+00
1.086159944534301758e+00
1.062904119491577148e+00
1.070262193679809570e+00
1.055920839309692383e+00
1.076215028762817383e+00
1.098331689834594727e+00
1.052574872970581055e+00
1.115977525711059570e+00
1.081251144409179688e+00
1.368583679199218750e+00
1.343633174896240234e+00
1.074899435043334961e+00
1.167044639587402344e+00
1.074512243270874023e+00
1.074023723602294922e+00
1.331616878509521484e+00
1.563724994659423828e+00
1.908059120178222656e+00
2.024990320205688477e+00
1.537375688552856445e+00
1.157511234283447266e+00
1.073130130767822266e+00
1.168183088302612305e+00
1.784563779830932617e+00
1.273624420166015625e+00
1.066893815994262695e+00
1.072406291961669922e+00
1.080518484115600586e+00
1.035011291503906250e+00
1.093765497207641602e+00
1.006232976913452148e+00
9.943740367889404297e-01
1.038057327270507812e+00
1.074065923690795898e+00
1.511169433593750000e+00
1.318868398666381836e+00
1.088300228118896484e+00
1.083593606948852539e+00
1.082905292510986328e+00
1.082879781723022461e+00
1.075484514236450195e+00
1.064261436462402344e+00
1.044717550277709961e+00
1.370358467102050781e+00
1.737313747406005859e+00
1.959880590438842773e+00
2.029593944549560547e+00
1.977108955383300781e+00
1.441758871078491211e+00
1.933322191238403320e+00
1.859399318695068359e+00
1.270566463470458984e+00
1.148629188537597656e+00
1.018788814544677734e+00
1.063291072845458984e+00
1.056445121765136719e+00
1.068989753723144531e+00
1.068520545959472656e+00
1.064722061157226562e+00
1.063270568847656250e+00
1.051804780960083008e+00
1.559085130691528320e+00
1.269133329391479492e+00
1.141525506973266602e+00
1.066071271896362305e+00
1.057873010635375977e+00
1.071129083633422852e+00
1.066956520080566406e+00
1.071981430053710938e+00
1.002433300018310547e+00
1.018315553665161133e+00
1.310101747512817383e+00
1.829516410827636719e+00
2.074778079986572266e+00
1.884569168090820312e+00
1.877460479736328125e+00
1.572745084762573242e+00
1.022796154022216797e+00
1.096663236618041992e+00
1.008367061614990234e+00
9.831759929656982422e-01
1.009113550186157227e+00
1.057514905929565430e+00
1.060883760452270508e+00
1.059424638748168945e+00
1.855339527130126953e+00
1.210682868957519531e+00
9.979045391082763672e-01
1.090232849121093750e+00
1.016997098922729492e+00
1.018185377120971680e+00
1.019426584243774414e+00
1.038500547409057617e+00
1.077630996704101562e+00
1.768635749816894531e+00
1.024393558502197266e+00
1.464560270309448242e+00
1.702263593673706055e+00
1.086938858032226562e+00
9.967243671417236328e-01
1.008456945419311523e+00
9.832239151000976562e-01
9.845609664916992188e-01
1.086286306381225586e+00
9.706895351409912109e-01
1.008660554885864258e+00
1.002444744110107422e+00
1.037024736404418945e+00
1.994437217712402344e+00
1.075970411300659180e+00
1.006244659423828125e+00
9.971199035644531250e-01
1.017340898513793945e+00
1.020702600479125977e+00
1.201366901397705078e+00
1.347981691360473633e+00
1.422805786132812500e+00
1.606158494949340820e+00
1.938542366027832031e+00
1.777904510498046875e+00
1.746832132339477539e+00
1.821541070938110352e+00
2.004491090774536133e+00
2.008708953857421875e+00
1.732747793197631836e+00
1.838112592697143555e+00
1.892641544342041016e+00
1.889725923538208008e+00
1.830117940902709961e+00
1.699348688125610352e+00
1.700424432754516602e+00
1.612407684326171875e+00
1.799991369247436523e+00
1.768400192260742188e+00
1.696799755096435547e+00
1.767315626144409180e+00
1.727528095245361328e+00
1.757306575775146484e+00
1.726407289505004883e+00
1.771978616714477539e+00
1.529586076736450195e+00
1.665862083435058594e+00
1.637739896774291992e+00
1.750782251358032227e+00
1.764270782470703125e+00
1.904974222183227539e+00
2.174938440322875977e+00
1.486419677734375000e+00
1.596785545349121094e+00
1.700189352035522461e+00
1.706179141998291016e+00
1.870811939239501953e+00
1.877207517623901367e+00
1.813850402832031250e+00
1.908619165420532227e+00
1.691294670104980469e+00
1.605577707290649414e+00
1.573922872543334961e+00
1.685504436492919922e+00
1.609272956848144531e+00
