2.303784608840942383e+00
4.336338043212890625e-01
4.314086437225341797e-01
4.281163215637207031e-01
4.255647659301757812e-01
4.255428314208984375e-01
4.335711002349853516e-01
4.337580204010009766e-01
4.377222061157226562e-01
4.461913108825683594e-01
4.545655250549316406e-01
4.521174430847167969e-01
4.482638835906982422e-01
4.532687664031982422e-01
4.360668659210205078e-01
4.410355091094970703e-01
4.453682899475097656e-01
4.422059059143066406e-01
4.929280281066894531e-01
5.200226306915283203e-01
5.077402591705322266e-01
5.340027809143066406e-01
4.853043556213378906e-01
4.408602714538574219e-01
4.297201633453369141e-01
4.320027828216552734e-01
4.276251792907714844e-01
4.258577823638916016e-01
4.324562549591064453e-01
4.327058792114257812e-01
4.259004592895507812e-01
4.318537712097167969e-01
4.328551292419433594e-01
4.738142490386962891e-01
4.354059696197509766e-01
4.305453300476074219e-01
4.357454776763916016e-01
4.331905841827392578e-01
4.362144470214843750e-01
4.294753074645996094e-01
4.317286014556884766e-01
4.306013584136962891e-01
4.301176071166992188e-01
4.395005702972412109e-01
4.497025012969970703e-01
4.670763015747070312e-01
4.699795246124267578e-01
4.725584983825683594e-01
4.753525257110595703e-01
4.906954765319824219e-01
4.750258922576904297e-01
4.679896831512451172e-01
4.718201160430908203e-01
4.835608005523681641e-01
4.655473232269287109e-01
4.621663093566894531e-01
4.511141777038574219e-01
4.521069526672363281e-01
4.450132846832275391e-01
4.453229904174804688e-01
4.397368431091308594e-01
5.613176822662353516e-01
5.067191123962402344e-01
4.306948184967041016e-01
4.370613098144531250e-01
4.231011867523193359e-01
4.294104576110839844e-01
4.257731437683105469e-01
4.310476779937744141e-01
4.614949226379394531e-01
5.412590503692626953e-01
4.702885150909423828e-01
5.233201980590820312e-01
5.145301818847656250e-01
4.493343830108642578e-01
4.308717250823974609e-01
4.462146759033203125e-01
4.408965110778808594e-01
4.280507564544677734e-01
4.346313476562500000e-01
4.388034343719482422e-01
4.888021945953369141e-01
5.270316600799560547e-01
5.127840042114257812e-01
5.246896743774414062e-01
5.289762020111083984e-01
5.306987762451171875e-01
5.225489139556884766e-01
5.468428134918212891e-01
4.664139747619628906e-01
4.609289169311523438e-01
4.513704776763916016e-01
4.406828880310058594e-01
4.367282390594482422e-01
4.452142715454101562e-01
4.450244903564453125e-01
4.471783638000488281e-01
4.484059810638427734e-01
4.505155086517333984e-01
4.493603706359863281e-01
4.508397579193115234e-01
4.565083980560302734e-01
4.527401924133300781e-01
4.695191383361816406e-01
4.682896137237548828e-01
4.784431457519531250e-01
4.751214981079101562e-01
4.725298881530761719e-01
4.930992126464843750e-01
4.811811447143554688e-01
4.744551181793212891e-01
4.679195880889892578e-01
4.588110446929931641e-01
4.554493427276611328e-01
4.411413669586181641e-01
4.488768577575683594e-01
4.426012039184570312e-01
4.476194381713867188e-01
4.448313713073730469e-01
4.431977272033691406e-01
4.424312114715576172e-01
4.470660686492919922e-01
4.481897354125976562e-01
4.488158226013183594e-01
4.449024200439453125e-01
4.394509792327880859e-01
4.421751499176025391e-01
4.472668170928955078e-01
4.625828266143798828e-01
4.737308025360107422e-01
4.493401050567626953e-01
4.825022220611572266e-01
5.104885101318359375e-01
5.132079124450683594e-01
5.349957942962646484e-01
5.383310317993164062e-01
4.828531742095947266e-01
4.481899738311767578e-01
4.399092197418212891e-01
4.761173725128173828e-01
4.685416221618652344e-01
4.798719882965087891e-01
4.721922874450683594e-01
4.772868156433105469e-01
4.777238368988037109e-01
4.847903251647949219e-01
4.853804111480712891e-01
4.788312911987304688e-01
4.752993583679199219e-01
4.499154090881347656e-01
4.349803924560546875e-01
4.498538970947265625e-01
4.433646202087402344e-01
4.442024230957031250e-01
5.103731155395507812e-01
5.310547351837158203e-01
4.963970184326171875e-01
5.196909904479980469e-01
5.231199264526367188e-01
5.098750591278076172e-01
5.262734889984130859e-01
4.944553375244140625e-01
4.624295234680175781e-01
4.554705619812011719e-01
4.409217834472656250e-01
4.532914161682128906e-01
4.377038478851318359e-01
4.579813480377197266e-01
4.450516700744628906e-01
4.425375461578369141e-01
4.420289993286132812e-01
4.580278396606445312e-01
4.548330307006835938e-01
4.800045490264892578e-01
4.539678096771240234e-01
4.538269042968750000e-01
4.618325233459472656e-01
4.616546630859375000e-01
4.593803882598876953e-01
4.548535346984863281e-01
5.136330127716064453e-01
5.421078205108642578e-01
4.588227272033691406e-01
4.550075531005859375e-01
4.510614871978759766e-01
4.594976902008056641e-01
4.574246406555175781e-01
4.583399295806884766e-01
4.447586536407470703e-01
4.490833282470703125e-01
4.536933898925781250e-01
4.379703998565673828e-01
4.327988624572753906e-01
4.465610980987548828e-01
4.410588741302490234e-01
4.380207061767578125e-01
4.313561916351318359e-01
4.322211742401123047e-01
4.349377155303955078e-01
4.362359046936035156e-01
