1.570180416107177734e+00
1.068847179412841797e+00
1.088106393814086914e+00
1.154460668563842773e+00
1.049748420715332031e+00
1.061232089996337891e+00
1.055251836776733398e+00
1.060544729232788086e+00
1.152119159698486328e+00
1.040678501129150391e+00
1.130843877792358398e+00
1.872521162033081055e+00
1.240816354751586914e+00
9.939196109771728516e-01
1.006928443908691406e+00
1.020332574844360352e+00
1.006294250488281250e+00
9.865009784698486328e-01
1.005671262741088867e+00
1.012921810150146484e+00
1.012754440307617188e+00
1.016762256622314453e+00
1.590172767639160156e+00
2.076116800308227539e+00
2.208648443222045898e+00
1.813721418380737305e+00
1.792734384536743164e+00
2.028606176376342773e+00
1.533063650131225586e+00
1.068678140640258789e+00
1.061361551284790039e+00
1.071660280227661133e+00
1.067463397979736328e+00
1.060389995574951172e+00
1.075948715209960938e+00
1.068691730499267578e+00
1.068239450454711914e+00
1.214401245117187500e+00
1.716670989990234375e+00
1.061415910720825195e+00
1.086158752441406250e+00
1.062903642654418945e+00
1.070260524749755859e+00
1.055910110473632812e+00
1.076207637786865234e+00
1.098337650299072266e+00
1.052576541900634766e+00
1.125526189804077148e+00
1.081249237060546875e+00
1.368583202362060547e+00
1.343639373779296875e+00
1.074895143508911133e+00
1.167040824890136719e+00
1.074512004852294922e+00
1.074022054672241211e+00
1.331617832183837891e+00
1.563726663589477539e+00
1.908070087432861328e+00
2.024962186813354492e+00
1.537372827529907227e+00
1.157502651214599609e+00
1.073136806488037109e+00
1.168180465698242188e+00
1.784564256668090820e+00
1.273622989654541016e+00
1.066887855529785156e+00
1.072402954101562500e+00
1.080514907836914062e+00
1.035014867782592773e+00
1.093764066696166992e+00
1.006231546401977539e+00
9.943773746490478516e-01
1.038058996200561523e+00
1.074069499969482422e+00
1.511176824569702148e+00
1.318866729736328125e+00
1.088300704956054688e+00
1.083588600158691406e+00
1.082905292510986328e+00
1.082879781723022461e+00
1.075488805770874023e+00
1.064263343811035156e+00
1.044715881347656250e+00
1.370350599288940430e+00
1.737306833267211914e+00
1.959874153137207031e+00
2.029582738876342773e+00
1.977100610733032227e+00
1.441768407821655273e+00
1.933367013931274414e+00
1.859405040740966797e+00
1.270572900772094727e+00
1.148627996444702148e+00
1.018785953521728516e+00
1.063290357589721680e+00
1.056441068649291992e+00
1.068991899490356445e+00
1.068521261215209961e+00
1.064721107482910156e+00
1.063265800476074219e+00
1.051826477050781250e+00
1.559109687805175781e+00
1.269133806228637695e+00
1.141521215438842773e+00
1.066066980361938477e+00
1.057866334915161133e+00
1.071131706237792969e+00
1.066952228546142578e+00
1.071985244750976562e+00
1.002436637878417969e+00
1.018313884735107422e+00
1.310097217559814453e+00
1.829527139663696289e+00
2.074755430221557617e+00
1.884562969207763672e+00
1.877460479736328125e+00
1.572741508483886719e+00
1.022801876068115234e+00
1.096659421920776367e+00
1.008363723754882812e+00
9.831767082214355469e-01
1.009112596511840820e+00
1.057511806488037109e+00
1.060881137847900391e+00
1.059423685073852539e+00
1.855348110198974609e+00
1.210688591003417969e+00
9.979047775268554688e-01
1.090239286422729492e+00
1.016999483108520508e+00
1.018188953399658203e+00
1.019429206848144531e+00
1.038503646850585938e+00
1.077635526657104492e+00
1.768654823303222656e+00
1.024391412734985352e+00
1.464570522308349609e+00
1.702270984649658203e+00
1.086939811706542969e+00
9.967193603515625000e-01
1.008455991744995117e+00
9.832246303558349609e-01
9.845612049102783203e-01
1.086286067962646484e+00
9.706883430480957031e-01
1.008664131164550781e+00
1.002443790435791016e+00
1.037034273147583008e+00
1.994433164596557617e+00
1.075959205627441406e+00
1.006242513656616211e+00
9.971168041229248047e-01
1.017341613769531250e+00
1.020712137222290039e+00
1.201372623443603516e+00
1.347984790802001953e+00
1.422813415527343750e+00
1.606158733367919922e+00
1.938542604446411133e+00
1.777912616729736328e+00
1.746839761734008789e+00
1.821582078933715820e+00
2.004494428634643555e+00
2.008701801300048828e+00
1.732746124267578125e+00
1.838114738464355469e+00
1.892645835876464844e+00
1.889730930328369141e+00
1.830114364624023438e+00
1.699361085891723633e+00
1.700429201126098633e+00
1.612405300140380859e+00
1.799997568130493164e+00
1.768410921096801758e+00
1.696802377700805664e+00
1.767327070236206055e+00
1.727536678314208984e+00
1.757304430007934570e+00
1.726411342620849609e+00
1.771982669830322266e+00
1.529606103897094727e+00
1.665867090225219727e+00
1.637744665145874023e+00
1.750792026519775391e+00
1.764278888702392578e+00
1.904973506927490234e+00
2.174943447113037109e+00
1.486424922943115234e+00
1.596791267395019531e+00
1.700192689895629883e+00
1.706202268600463867e+00
1.870816707611083984e+00
1.877225399017333984e+00
1.813855886459350586e+00
1.908636331558227539e+00
1.691335916519165039e+00
1.605589151382446289e+00
1.573929548263549805e+00
1.685510635375976562e+00
1.609281539916992188e+00
