1.570176601409912109e+00
1.068844318389892578e+00
1.088109731674194336e+00
1.154462099075317383e+00
1.049756050109863281e+00
1.061230659484863281e+00
1.055250883102416992e+00
1.060543775558471680e+00
1.152118682861328125e+00
1.040677309036254883e+00
1.130843877792358398e+00
1.872520923614501953e+00
1.240816116333007812e+00
9.939191341400146484e-01
1.006927728652954102e+00
1.020335435867309570e+00
1.006293296813964844e+00
9.864969253540039062e-01
1.005672693252563477e+00
1.012917280197143555e+00
1.012748003005981445e+00
1.016753196716308594e+00
1.590170145034790039e+00
2.076107978820800781e+00
2.208637475967407227e+00
1.813714027404785156e+00
1.792737007141113281e+00
2.028618812561035156e+00
1.533068895339965820e+00
1.068676948547363281e+00
1.061362981796264648e+00
1.071660041809082031e+00
1.067463874816894531e+00
1.060391664505004883e+00
1.075946807861328125e+00
1.068688392639160156e+00
1.068239212036132812e+00
1.214402914047241211e+00
1.716674804687500000e+00
1.061410903930664062e+00
1.099638700485229492e+00
1.062902927398681641e+00
1.070257663726806641e+00
1.055907726287841797e+00
1.076209783554077148e+00
1.098338365554809570e+00
1.052577257156372070e+00
1.125528335571289062e+00
1.081249475479125977e+00
1.368586063385009766e+00
1.343624114990234375e+00
1.074896574020385742e+00
1.167048692703247070e+00
1.074517011642456055e+00
1.074023723602294922e+00
1.331621646881103516e+00
1.563723325729370117e+00
1.908063173294067383e+00
2.024966716766357422e+00
1.537376880645751953e+00
1.157510042190551758e+00
1.073130130767822266e+00
1.168175935745239258e+00
1.784570217132568359e+00
1.273611545562744141e+00
1.066885232925415039e+00
1.072397470474243164e+00
1.080519437789916992e+00
1.035016059875488281e+00
1.093760728836059570e+00
1.006231069564819336e+00
9.943726062774658203e-01
1.038060426712036133e+00
1.074071884155273438e+00
1.511174917221069336e+00
1.318850994110107422e+00
1.088303565979003906e+00
1.083594799041748047e+00
1.082901954650878906e+00
1.082879781723022461e+00
1.075490951538085938e+00
1.064262866973876953e+00
1.044717073440551758e+00
1.370348453521728516e+00
1.737300634384155273e+00
1.959875345230102539e+00
2.029580593109130859e+00
1.977099895477294922e+00
1.441767930984497070e+00
1.933369398117065430e+00
1.859402894973754883e+00
1.270572185516357422e+00
1.148630142211914062e+00
1.018785238265991211e+00
1.063289403915405273e+00
1.056443452835083008e+00
1.068990945816040039e+00
1.068520069122314453e+00
1.064718484878540039e+00
1.063260316848754883e+00
1.051825284957885742e+00
1.559107303619384766e+00
1.269131660461425781e+00
1.141523599624633789e+00
1.066064357757568359e+00
1.057866096496582031e+00
1.071130990982055664e+00
1.066952705383300781e+00
1.071987867355346680e+00
1.002435445785522461e+00
1.018311500549316406e+00
1.310096502304077148e+00
1.829529523849487305e+00
2.074753046035766602e+00
1.884563922882080078e+00
1.877459287643432617e+00
1.572748661041259766e+00
1.022802591323852539e+00
1.096660137176513672e+00
1.008363485336303711e+00
9.831769466400146484e-01
1.009112596511840820e+00
1.057514429092407227e+00
1.060884237289428711e+00
1.059428215026855469e+00
1.855342864990234375e+00
1.210690021514892578e+00
9.979002475738525391e-01
1.090240240097045898e+00
1.016997814178466797e+00
1.018183708190917969e+00
1.019423007965087891e+00
1.038502931594848633e+00
1.077635765075683594e+00
1.768654108047485352e+00
1.024392127990722656e+00
1.464570283889770508e+00
1.702264547348022461e+00
1.086939334869384766e+00
9.967226982116699219e-01
1.008455514907836914e+00
9.832241535186767578e-01
9.845614433288574219e-01
1.086282968521118164e+00
9.706938266754150391e-01
1.008663654327392578e+00
1.002445697784423828e+00
1.037032127380371094e+00
1.994437694549560547e+00
1.075971603393554688e+00
1.006246566772460938e+00
9.971172809600830078e-01
1.017341136932373047e+00
1.020714759826660156e+00
1.201382637023925781e+00
1.347990036010742188e+00
1.422819852828979492e+00
1.606159925460815430e+00
1.938549995422363281e+00
1.777915954589843750e+00
1.746843338012695312e+00
1.821573019027709961e+00
2.004495143890380859e+00
2.008712768554687500e+00
1.732753992080688477e+00
1.838114976882934570e+00
1.892646074295043945e+00
1.889735460281372070e+00
1.830136775970458984e+00
1.699354410171508789e+00
1.700428962707519531e+00
1.612403154373168945e+00
1.799996614456176758e+00
1.768407106399536133e+00
1.696802616119384766e+00
1.767323493957519531e+00
1.727525472640991211e+00
1.757304430007934570e+00
1.726410627365112305e+00
1.771977663040161133e+00
1.529594182968139648e+00
1.665866851806640625e+00
1.637728929519653320e+00
1.750789403915405273e+00
1.764273405075073242e+00
1.904978752136230469e+00
2.174944400787353516e+00
1.486424207687377930e+00
1.596791982650756836e+00
1.700190544128417969e+00
1.706199645996093750e+00
1.870813369750976562e+00
1.877223014831542969e+00
1.813855171203613281e+00
1.908633708953857422e+00
1.691335439682006836e+00
1.605592250823974609e+00
1.573930740356445312e+00
1.685513496398925781e+00
1.609282732009887695e+00
