1.570183038711547852e+00
1.068843841552734375e+00
1.088112354278564453e+00
1.154446601867675781e+00
1.049760103225708008e+00
1.061237335205078125e+00
1.055242061614990234e+00
1.060533761978149414e+00
1.152103424072265625e+00
1.040663480758666992e+00
1.130824565887451172e+00
1.872516393661499023e+00
1.240850925445556641e+00
9.939160346984863281e-01
1.006938457489013672e+00
1.020334959030151367e+00
1.006279706954956055e+00
9.864985942840576172e-01
1.005671739578247070e+00
1.012904167175292969e+00
1.012746095657348633e+00
1.016761779785156250e+00
1.590222597122192383e+00
2.076088428497314453e+00
2.208637952804565430e+00
1.813714027404785156e+00
1.792771816253662109e+00
2.028609275817871094e+00
1.533087015151977539e+00
1.068667888641357422e+00
1.061359882354736328e+00
1.058668613433837891e+00
1.067461013793945312e+00
1.060385465621948242e+00
1.075936317443847656e+00
1.068675041198730469e+00
1.068229675292968750e+00
1.214380025863647461e+00
1.716675519943237305e+00
1.061408042907714844e+00
1.099647998809814453e+00
1.062887907028198242e+00
1.070245027542114258e+00
1.055910110473632812e+00
1.076220512390136719e+00
1.089273214340209961e+00
1.052576780319213867e+00
1.125526666641235352e+00
1.081260681152343750e+00
1.353284358978271484e+00
1.343644380569458008e+00
1.074929952621459961e+00
1.167074680328369141e+00
1.074517250061035156e+00
1.074024200439453125e+00
1.331638336181640625e+00
1.563722848892211914e+00
1.908049106597900391e+00
2.024967670440673828e+00
1.537372112274169922e+00
1.157517433166503906e+00
1.073127031326293945e+00
1.168162822723388672e+00
1.784594058990478516e+00
1.273655176162719727e+00
1.066895484924316406e+00
1.072385311126708984e+00
1.080529928207397461e+00
1.035007476806640625e+00
1.093747854232788086e+00
1.006217241287231445e+00
9.943759441375732422e-01
1.038056135177612305e+00
1.074048519134521484e+00
1.511199951171875000e+00
1.318889141082763672e+00
1.088320732116699219e+00
1.083601474761962891e+00
1.082932710647583008e+00
1.082903385162353516e+00
1.075493097305297852e+00
1.064250230789184570e+00
1.044697761535644531e+00
1.370341539382934570e+00
1.737285614013671875e+00
1.959861040115356445e+00
2.029564619064331055e+00
1.977082967758178711e+00
1.441784381866455078e+00
1.933366298675537109e+00
1.859404802322387695e+00
1.270570516586303711e+00
1.148620128631591797e+00
1.018782854080200195e+00
1.063277959823608398e+00
1.056441783905029297e+00
1.068973064422607422e+00
1.068503141403198242e+00
1.064697027206420898e+00
1.063259601593017578e+00
1.051812410354614258e+00
1.559097051620483398e+00
1.269136667251586914e+00
1.141521215438842773e+00
1.066056966781616211e+00
1.057852268218994141e+00
1.071126461029052734e+00
1.066955804824829102e+00
1.071984291076660156e+00
1.002434015274047852e+00
1.018311977386474609e+00
1.310081481933593750e+00
1.829559087753295898e+00
2.074743747711181641e+00
1.884557962417602539e+00
1.856794357299804688e+00
1.572782039642333984e+00
1.022824764251708984e+00
1.096658706665039062e+00
1.008357286453247070e+00
9.831728935241699219e-01
1.009124517440795898e+00
1.057517766952514648e+00
1.060871839523315430e+00
1.059441089630126953e+00
1.855347394943237305e+00
1.210690975189208984e+00
9.979228973388671875e-01
1.090224027633666992e+00
1.017014503479003906e+00
1.018186092376708984e+00
1.019431829452514648e+00
1.038499355316162109e+00
1.077658414840698242e+00
1.768651008605957031e+00
1.024395227432250977e+00
1.464570760726928711e+00
1.702268600463867188e+00
1.086942672729492188e+00
9.967346191406250000e-01
1.008472919464111328e+00
9.832391738891601562e-01
9.845707416534423828e-01
1.086294651031494141e+00
9.707214832305908203e-01
1.008658647537231445e+00
1.002441644668579102e+00
1.037075519561767578e+00
1.994456768035888672e+00
1.075953960418701172e+00
1.006260633468627930e+00
9.971151351928710938e-01
1.017337560653686523e+00
1.020711421966552734e+00
1.201361656188964844e+00
1.347980737686157227e+00
1.422819137573242188e+00
1.606132268905639648e+00
1.938548326492309570e+00
1.777864694595336914e+00
1.746816158294677734e+00
1.821562767028808594e+00
2.004472494125366211e+00
2.008689165115356445e+00
1.732747077941894531e+00
1.838111400604248047e+00
1.892635583877563477e+00
1.889729022979736328e+00
1.830126523971557617e+00
1.699337005615234375e+00
1.700443029403686523e+00
1.612407207489013672e+00
1.800009727478027344e+00
1.768436908721923828e+00
1.696820020675659180e+00
1.767328977584838867e+00
1.727530479431152344e+00
1.757306337356567383e+00
1.726416110992431641e+00
1.771972417831420898e+00
1.529578447341918945e+00
1.665859699249267578e+00
1.637727737426757812e+00
1.750787496566772461e+00
1.764303207397460938e+00
1.905040502548217773e+00
2.174933433532714844e+00
1.486418962478637695e+00
1.596796751022338867e+00
1.700165271759033203e+00
1.706174850463867188e+00
1.870803833007812500e+00
1.877203464508056641e+00
1.813837289810180664e+00
1.908618211746215820e+00
1.691326141357421875e+00
1.605563402175903320e+00
1.573937177658081055e+00
1.685507774353027344e+00
1.609282970428466797e+00
