1.568667173385620117e+00
1.068855285644531250e+00
1.088105201721191406e+00
1.154462337493896484e+00
1.049750566482543945e+00
1.061233043670654297e+00
1.055254220962524414e+00
1.060545444488525391e+00
1.152119874954223633e+00
1.040679931640625000e+00
1.130826711654663086e+00
1.872513532638549805e+00
1.240819931030273438e+00
9.939274787902832031e-01
1.006931781768798828e+00
1.020331144332885742e+00
1.006296873092651367e+00
9.864969253540039062e-01
1.005671977996826172e+00
1.012924671173095703e+00
1.012753009796142578e+00
1.016754865646362305e+00
1.590158224105834961e+00
2.076119184494018555e+00
2.208654165267944336e+00
1.813731193542480469e+00
1.792732238769531250e+00
2.028605699539184570e+00
1.533050537109375000e+00
1.068687677383422852e+00
1.061363220214843750e+00
1.071662664413452148e+00
1.067459583282470703e+00
1.060397624969482422e+00
1.075954198837280273e+00
1.068698167800903320e+00
1.068247079849243164e+00
1.214348316192626953e+00
1.716686487197875977e+00
1.061419248580932617e+00
1.086154222488403320e+00
1.062906026840209961e+00
1.070259094238281250e+00
1.055917501449584961e+00
1.076213836669921875e+00
1.098331689834594727e+00
1.052576303482055664e+00
1.115961313247680664e+00
1.081250190734863281e+00
1.368584394454956055e+00
1.343626499176025391e+00
1.074899673461914062e+00
1.167043209075927734e+00
1.074518918991088867e+00
1.074022531509399414e+00
1.331618309020996094e+00
1.563719987869262695e+00
1.908058166503906250e+00
2.024994611740112305e+00
1.537374496459960938e+00
1.157516002655029297e+00
1.073127985000610352e+00
1.168180227279663086e+00
1.784572601318359375e+00
1.273618221282958984e+00
1.066894292831420898e+00
1.072406291961669922e+00
1.080517768859863281e+00
1.035012006759643555e+00
1.093764305114746094e+00
1.006234407424926758e+00
9.943737983703613281e-01
1.038053512573242188e+00
1.074070692062377930e+00
1.511171340942382812e+00
1.318858146667480469e+00
1.088300704956054688e+00
1.083594560623168945e+00
1.082895755767822266e+00
1.082879304885864258e+00
1.075485944747924805e+00
1.064266920089721680e+00
1.044722795486450195e+00
1.370357751846313477e+00
1.737313508987426758e+00
1.959884405136108398e+00
2.029599428176879883e+00
1.977109432220458984e+00
1.441751718521118164e+00
1.933343410491943359e+00
1.859399795532226562e+00
1.270568370819091797e+00
1.148630142211914062e+00
1.018785953521728516e+00
1.063291549682617188e+00
1.056444644927978516e+00
1.068986654281616211e+00
1.068528413772583008e+00
1.064721822738647461e+00
1.063270807266235352e+00
1.051804542541503906e+00
1.559093952178955078e+00
1.269130706787109375e+00
1.141526460647583008e+00
1.066071033477783203e+00
1.057874441146850586e+00
1.071131467819213867e+00
1.066955089569091797e+00
1.071982860565185547e+00
1.002438068389892578e+00
1.018316984176635742e+00
1.310101985931396484e+00
1.829519987106323242e+00
2.074748277664184570e+00
1.884564638137817383e+00
1.877454996109008789e+00
1.572746515274047852e+00
1.022793054580688477e+00
1.096662521362304688e+00
1.008367300033569336e+00
9.831752777099609375e-01
1.009113073348999023e+00
1.057514667510986328e+00
1.060880899429321289e+00
1.059421777725219727e+00
1.855351686477661133e+00
1.210684299468994141e+00
9.979021549224853516e-01
1.090231895446777344e+00
1.016990184783935547e+00
1.018187522888183594e+00
1.019428968429565430e+00
1.038497686386108398e+00
1.077630519866943359e+00
1.768640279769897461e+00
1.024393320083618164e+00
1.464558124542236328e+00
1.702259778976440430e+00
1.086939096450805664e+00
9.967198371887207031e-01
1.008450984954833984e+00
9.832303524017333984e-01
9.845619201660156250e-01
1.086285591125488281e+00
9.706897735595703125e-01
1.008661746978759766e+00
1.002444028854370117e+00
1.037011384963989258e+00
1.994429349899291992e+00
1.075982332229614258e+00
1.006240606307983398e+00
9.971187114715576172e-01
1.017339468002319336e+00
1.020707368850708008e+00
1.201380729675292969e+00
1.347988605499267578e+00
1.422812461853027344e+00
1.606162786483764648e+00
1.938548088073730469e+00
1.777907848358154297e+00
1.746838331222534180e+00
1.821538209915161133e+00
2.004487514495849609e+00
2.008708477020263672e+00
1.732754707336425781e+00
1.838114500045776367e+00
1.892646312713623047e+00
1.889733791351318359e+00
1.830121755599975586e+00
1.699362277984619141e+00
1.700427770614624023e+00
1.612408399581909180e+00
1.799995660781860352e+00
1.768408775329589844e+00
1.696807861328125000e+00
1.767328500747680664e+00
1.727533102035522461e+00
1.757307767868041992e+00
1.726410627365112305e+00
1.771981239318847656e+00
1.529592752456665039e+00
1.665868759155273438e+00
1.637748718261718750e+00
1.750794172286987305e+00
1.764272212982177734e+00
1.904970645904541016e+00
2.174943208694458008e+00
1.486424684524536133e+00
1.596787929534912109e+00
1.700185775756835938e+00
1.706192255020141602e+00
1.870820045471191406e+00
1.877216577529907227e+00
1.813850879669189453e+00
1.908621788024902344e+00
1.691296577453613281e+00
1.605578899383544922e+00
1.573919773101806641e+00
1.685507774353027344e+00
1.609280109405517578e+00
