2.267909526824951172e+00
4.386763572692871094e-01
4.166505336761474609e-01
4.208209514617919922e-01
4.135446548461914062e-01
4.142553806304931641e-01
4.848544597625732422e-01
4.932522773742675781e-01
4.882500171661376953e-01
5.170753002166748047e-01
5.011122226715087891e-01
4.345014095306396484e-01
4.178273677825927734e-01
4.233043193817138672e-01
4.215347766876220703e-01
4.239892959594726562e-01
4.247975349426269531e-01
4.255983829498291016e-01
4.746818542480468750e-01
5.148649215698242188e-01
4.981260299682617188e-01
4.966814517974853516e-01
4.765653610229492188e-01
4.220540523529052734e-01
4.162464141845703125e-01
4.213123321533203125e-01
4.227254390716552734e-01
4.190387725830078125e-01
4.995625019073486328e-01
4.314355850219726562e-01
4.195470809936523438e-01
4.229025840759277344e-01
4.238421916961669922e-01
4.800710678100585938e-01
5.083959102630615234e-01
5.042397975921630859e-01
4.826211929321289062e-01
4.668416976928710938e-01
4.165980815887451172e-01
4.165673255920410156e-01
4.252872467041015625e-01
4.619452953338623047e-01
4.236013889312744141e-01
4.366247653961181641e-01
4.460811614990234375e-01
4.529929161071777344e-01
4.560685157775878906e-01
4.551084041595458984e-01
4.499127864837646484e-01
4.491086006164550781e-01
4.495847225189208984e-01
4.507825374603271484e-01
4.496328830718994141e-01
4.486353397369384766e-01
4.512689113616943359e-01
4.400682449340820312e-01
4.477548599243164062e-01
4.334566593170166016e-01
4.251770973205566406e-01
4.277834892272949219e-01
4.278597831726074219e-01
4.262034893035888672e-01
4.328684806823730469e-01
4.268386363983154297e-01
4.394309520721435547e-01
4.285750389099121094e-01
4.240894317626953125e-01
4.243290424346923828e-01
4.280056953430175781e-01
4.275202751159667969e-01
4.652531147003173828e-01
4.662578105926513672e-01
4.512465000152587891e-01
4.479899406433105469e-01
4.486410617828369141e-01
4.502239227294921875e-01
4.546735286712646484e-01
4.465544223785400391e-01
4.478936195373535156e-01
4.500641822814941406e-01
4.570102691650390625e-01
4.839084148406982422e-01
5.040202140808105469e-01
4.825122356414794922e-01
5.017228126525878906e-01
4.906883239746093750e-01
5.056562423706054688e-01
5.019731521606445312e-01
5.089757442474365234e-01
4.338147640228271484e-01
4.308216571807861328e-01
4.253814220428466797e-01
4.225842952728271484e-01
4.221153259277343750e-01
4.275062084197998047e-01
4.279010295867919922e-01
4.512200355529785156e-01
4.775929450988769531e-01
4.872360229492187500e-01
4.835839271545410156e-01
5.101599693298339844e-01
4.387586116790771484e-01
4.230935573577880859e-01
4.274528026580810547e-01
4.263796806335449219e-01
4.254655838012695312e-01
4.289398193359375000e-01
4.331481456756591797e-01
4.812216758728027344e-01
4.713418483734130859e-01
4.581174850463867188e-01
4.423441886901855469e-01
4.419140815734863281e-01
4.372808933258056641e-01
4.396791458129882812e-01
4.401178359985351562e-01
4.380974769592285156e-01
4.329364299774169922e-01
4.283158779144287109e-01
4.277462959289550781e-01
4.343898296356201172e-01
5.028314590454101562e-01
4.836788177490234375e-01
4.449408054351806641e-01
4.360101222991943359e-01
4.550628662109375000e-01
4.365327358245849609e-01
4.300813674926757812e-01
4.410941600799560547e-01
4.311714172363281250e-01
4.302144050598144531e-01
4.612433910369873047e-01
5.717036724090576172e-01
4.401285648345947266e-01
4.537682533264160156e-01
4.545950889587402344e-01
4.595160484313964844e-01
4.344944953918457031e-01
4.237356185913085938e-01
4.303872585296630859e-01
4.348649978637695312e-01
4.287145137786865234e-01
4.319515228271484375e-01
4.652748107910156250e-01
4.991629123687744141e-01
4.848031997680664062e-01
4.996778964996337891e-01
4.675319194793701172e-01
4.240674972534179688e-01
4.263744354248046875e-01
4.230048656463623047e-01
4.328370094299316406e-01
4.311122894287109375e-01
4.279642105102539062e-01
4.804103374481201172e-01
5.262064933776855469e-01
4.723033905029296875e-01
5.233206748962402344e-01
5.051472187042236328e-01
4.893665313720703125e-01
5.065779685974121094e-01
4.878501892089843750e-01
4.379653930664062500e-01
4.299821853637695312e-01
4.261102676391601562e-01
4.235746860504150391e-01
4.213001728057861328e-01
4.238042831420898438e-01
4.373447895050048828e-01
4.275591373443603516e-01
4.292187690734863281e-01
4.325270652770996094e-01
4.290556907653808594e-01
4.276740550994873047e-01
4.318792819976806641e-01
4.590697288513183594e-01
4.855167865753173828e-01
5.125756263732910156e-01
5.032763481140136719e-01
4.636902809143066406e-01
4.968852996826171875e-01
5.070164203643798828e-01
5.083315372467041016e-01
5.029020309448242188e-01
4.684541225433349609e-01
4.415071010589599609e-01
4.397644996643066406e-01
4.416649341583251953e-01
4.368784427642822266e-01
4.377970695495605469e-01
4.434781074523925781e-01
4.397010803222656250e-01
4.353315830230712891e-01
4.754016399383544922e-01
4.450252056121826172e-01
4.379627704620361328e-01
4.286394119262695312e-01
4.349901676177978516e-01
4.416213035583496094e-01
4.412374496459960938e-01
