1.570177316665649414e+00
1.068842172622680664e+00
1.088099718093872070e+00
1.154449224472045898e+00
1.049760818481445312e+00
1.061237096786499023e+00
1.055243730545043945e+00
1.060534000396728516e+00
1.152096509933471680e+00
1.040653467178344727e+00
1.130838155746459961e+00
1.872519016265869141e+00
1.240832805633544922e+00
9.884026050567626953e-01
1.006941080093383789e+00
1.020337820053100586e+00
1.006281614303588867e+00
9.864890575408935547e-01
1.005670309066772461e+00
1.012912750244140625e+00
1.012748956680297852e+00
1.016757726669311523e+00
1.590238332748413086e+00
2.076088666915893555e+00
2.208614110946655273e+00
1.813700199127197266e+00
1.792762517929077148e+00
2.028609752655029297e+00
1.533084392547607422e+00
1.068666696548461914e+00
1.061359882354736328e+00
1.071655988693237305e+00
1.067455530166625977e+00
1.060386419296264648e+00
1.075938463211059570e+00
1.068684101104736328e+00
1.068240404129028320e+00
1.214375257492065430e+00
1.716676950454711914e+00
1.061413288116455078e+00
1.099647283554077148e+00
1.062895774841308594e+00
1.059858322143554688e+00
1.055911779403686523e+00
1.076216459274291992e+00
1.098322153091430664e+00
1.052579164505004883e+00
1.125521659851074219e+00
1.081260919570922852e+00
1.368552923202514648e+00
1.343644380569458008e+00
1.074926853179931641e+00
1.167051792144775391e+00
1.074514865875244141e+00
1.074021339416503906e+00
1.331632852554321289e+00
1.563701152801513672e+00
1.908045530319213867e+00
2.024966478347778320e+00
1.537382602691650391e+00
1.157510042190551758e+00
1.073130369186401367e+00
1.168171405792236328e+00
1.784593582153320312e+00
1.273659467697143555e+00
1.066893339157104492e+00
1.072387695312500000e+00
1.080527305603027344e+00
1.035000801086425781e+00
1.093752861022949219e+00
1.006220102310180664e+00
9.943745136260986328e-01
1.038054704666137695e+00
1.074046850204467773e+00
1.511188507080078125e+00
1.318897962570190430e+00
1.088306188583374023e+00
1.083599805831909180e+00
1.082933187484741211e+00
1.082903385162353516e+00
1.075488805770874023e+00
1.064257144927978516e+00
1.044702768325805664e+00
1.370336532592773438e+00
1.737295150756835938e+00
1.959876060485839844e+00
2.029578924179077148e+00
1.977095365524291992e+00
1.441793441772460938e+00
1.933353662490844727e+00
1.859400033950805664e+00
1.270564794540405273e+00
1.148617506027221680e+00
1.018784999847412109e+00
1.063284635543823242e+00
1.056446552276611328e+00
1.068968772888183594e+00
1.068511724472045898e+00
1.064709663391113281e+00
1.063262939453125000e+00
1.051813125610351562e+00
1.559072017669677734e+00
1.269136667251586914e+00
1.141520500183105469e+00
1.066061019897460938e+00
1.057857036590576172e+00
1.071126937866210938e+00
1.066956996917724609e+00
1.071969270706176758e+00
1.002433061599731445e+00
1.018310308456420898e+00
1.310089588165283203e+00
1.829546213150024414e+00
2.074784994125366211e+00
1.884575366973876953e+00
1.867858648300170898e+00
1.572773456573486328e+00
1.022820234298706055e+00
1.096657514572143555e+00
1.008364677429199219e+00
9.831731319427490234e-01
1.009125947952270508e+00
1.057516574859619141e+00
1.060862302780151367e+00
1.059438228607177734e+00
1.855346679687500000e+00
1.210696935653686523e+00
9.979252815246582031e-01
1.090222597122192383e+00
1.017011642456054688e+00
1.018188476562500000e+00
1.019429922103881836e+00
1.038498640060424805e+00
1.077656984329223633e+00
1.768667936325073242e+00
1.024382114410400391e+00
1.464562892913818359e+00
1.702260255813598633e+00
1.086935281753540039e+00
9.967279434204101562e-01
1.008473157882690430e+00
9.832422733306884766e-01
9.845719337463378906e-01
1.086300134658813477e+00
9.707171916961669922e-01
1.008668899536132812e+00
1.002432584762573242e+00
1.037029981613159180e+00
1.994444608688354492e+00
1.075956821441650391e+00
1.006253957748413086e+00
9.971146583557128906e-01
1.017335653305053711e+00
1.020711660385131836e+00
1.201363801956176758e+00
1.347973108291625977e+00
1.422817468643188477e+00
1.606135606765747070e+00
1.938548088073730469e+00
1.777870416641235352e+00
1.746817827224731445e+00
1.821567058563232422e+00
2.004472494125366211e+00
2.008678436279296875e+00
1.732733488082885742e+00
1.838108539581298828e+00
1.892629623413085938e+00
1.889734983444213867e+00
1.830131530761718750e+00
1.699337720870971680e+00
1.700435876846313477e+00
1.612405061721801758e+00
1.800003528594970703e+00
1.768422842025756836e+00
1.696816921234130859e+00
1.767332077026367188e+00
1.727539300918579102e+00
1.757308959960937500e+00
1.726413488388061523e+00
1.771961688995361328e+00
1.529579162597656250e+00
1.665867567062377930e+00
1.637710332870483398e+00
1.750779628753662109e+00
1.764297485351562500e+00
1.905018091201782227e+00
2.174917936325073242e+00
1.486415147781372070e+00
1.596784830093383789e+00
1.700158119201660156e+00
1.706176519393920898e+00
1.870801210403442383e+00
1.877206325531005859e+00
1.813841819763183594e+00
1.908622503280639648e+00
1.691327810287475586e+00
1.605561256408691406e+00
1.573927640914916992e+00
1.685509204864501953e+00
1.609292984008789062e+00
