2.271257162094116211e+00
4.710016250610351562e-01
4.267766475677490234e-01
4.273200035095214844e-01
4.237399101257324219e-01
4.258060455322265625e-01
4.312727451324462891e-01
4.327511787414550781e-01
4.490482807159423828e-01
4.489400386810302734e-01
4.567916393280029297e-01
4.581470489501953125e-01
4.512944221496582031e-01
4.567852020263671875e-01
4.477131366729736328e-01
4.545381069183349609e-01
4.602165222167968750e-01
4.771301746368408203e-01
4.607629776000976562e-01
4.635751247406005859e-01
4.671058654785156250e-01
4.731059074401855469e-01
4.508984088897705078e-01
4.334118366241455078e-01
4.341471195220947266e-01
4.342014789581298828e-01
4.343743324279785156e-01
4.235932826995849609e-01
4.295358657836914062e-01
4.271543025970458984e-01
4.283297061920166016e-01
4.306471347808837891e-01
4.351172447204589844e-01
4.822382926940917969e-01
5.118246078491210938e-01
5.452857017517089844e-01
5.113873481750488281e-01
4.696602821350097656e-01
4.341721534729003906e-01
4.331977367401123047e-01
4.352455139160156250e-01
4.294395446777343750e-01
4.347953796386718750e-01
4.424314498901367188e-01
4.517631530761718750e-01
4.655742645263671875e-01
4.839084148406982422e-01
4.858539104461669922e-01
4.752299785614013672e-01
4.789292812347412109e-01
4.842572212219238281e-01
4.902372360229492188e-01
4.679365158081054688e-01
4.574334621429443359e-01
4.607579708099365234e-01
4.577541351318359375e-01
4.466452598571777344e-01
4.484770298004150391e-01
4.403309822082519531e-01
4.501414299011230469e-01
4.402446746826171875e-01
4.437208175659179688e-01
4.459588527679443359e-01
4.327414035797119141e-01
4.432547092437744141e-01
4.364814758300781250e-01
4.384741783142089844e-01
4.396650791168212891e-01
4.812483787536621094e-01
4.413225650787353516e-01
4.483304023742675781e-01
4.561319351196289062e-01
4.724733829498291016e-01
4.753813743591308594e-01
4.678616523742675781e-01
4.628272056579589844e-01
4.708430767059326172e-01
4.636917114257812500e-01
4.597637653350830078e-01
4.736111164093017578e-01
4.705853462219238281e-01
4.717135429382324219e-01
4.750890731811523438e-01
4.473526477813720703e-01
5.215687751770019531e-01
5.267369747161865234e-01
5.286612510681152344e-01
5.173900127410888672e-01
5.421538352966308594e-01
4.608256816864013672e-01
4.578258991241455078e-01
4.400799274444580078e-01
4.344370365142822266e-01
4.326963424682617188e-01
4.413471221923828125e-01
4.310839176177978516e-01
4.395904541015625000e-01
4.950559139251708984e-01
5.199618339538574219e-01
5.018069744110107422e-01
5.288455486297607422e-01
4.453337192535400391e-01
4.286551475524902344e-01
4.325914382934570312e-01
4.358606338500976562e-01
4.343850612640380859e-01
4.390633106231689453e-01
4.374978542327880859e-01
5.074784755706787109e-01
5.132677555084228516e-01
5.032114982604980469e-01
5.478997230529785156e-01
4.793767929077148438e-01
4.326310157775878906e-01
4.251070022583007812e-01
4.287757873535156250e-01
4.313831329345703125e-01
4.355499744415283203e-01
4.315528869628906250e-01
4.315295219421386719e-01
4.859538078308105469e-01
5.130307674407958984e-01
5.080702304840087891e-01
5.147452354431152344e-01
5.273854732513427734e-01
4.579312801361083984e-01
4.444832801818847656e-01
4.398655891418457031e-01
4.392442703247070312e-01
4.382359981536865234e-01
4.446604251861572266e-01
4.743533134460449219e-01
5.085783004760742188e-01
5.085875988006591797e-01
5.319716930389404297e-01
5.367968082427978516e-01
4.749526977539062500e-01
4.413597583770751953e-01
4.347290992736816406e-01
4.368457794189453125e-01
4.357516765594482422e-01
4.405243396759033203e-01
4.356420040130615234e-01
4.852440357208251953e-01
5.108203887939453125e-01
5.079519748687744141e-01
5.328702926635742188e-01
4.798212051391601562e-01
4.348547458648681641e-01
4.767668247222900391e-01
4.756429195404052734e-01
4.750950336456298828e-01
4.648942947387695312e-01
4.651815891265869141e-01
4.557740688323974609e-01
4.583508968353271484e-01
4.532215595245361328e-01
4.547588825225830078e-01
4.492936134338378906e-01
4.442884922027587891e-01
4.486210346221923828e-01
4.531483650207519531e-01
4.449687004089355469e-01
4.465949535369873047e-01
4.439454078674316406e-01
4.458107948303222656e-01
4.332282543182373047e-01
4.623167514801025391e-01
4.358603954315185547e-01
4.373278617858886719e-01
4.352755546569824219e-01
4.749534130096435547e-01
4.461317062377929688e-01
4.588882923126220703e-01
4.456806182861328125e-01
4.454064369201660156e-01
4.526493549346923828e-01
4.509282112121582031e-01
4.525561332702636719e-01
4.469468593597412109e-01
4.550309181213378906e-01
5.473189353942871094e-01
5.233216285705566406e-01
4.823369979858398438e-01
4.471120834350585938e-01
4.558210372924804688e-01
4.535665512084960938e-01
4.553825855255126953e-01
4.478142261505126953e-01
4.457602500915527344e-01
4.572427272796630859e-01
4.480679035186767578e-01
4.464542865753173828e-01
4.506294727325439453e-01
4.485149383544921875e-01
4.449262619018554688e-01
4.558501243591308594e-01
4.184634685516357422e-01
4.419643878936767578e-01
4.240107536315917969e-01
