2.181974649429321289e+00
4.119253158569335938e-01
4.108526706695556641e-01
4.130825996398925781e-01
4.125673770904541016e-01
4.127454757690429688e-01
4.132232666015625000e-01
4.139320850372314453e-01
4.129188060760498047e-01
4.137856960296630859e-01
4.145972728729248047e-01
4.144353866577148438e-01
4.154465198516845703e-01
4.151325225830078125e-01
4.137153625488281250e-01
4.148440361022949219e-01
4.141902923583984375e-01
4.149360656738281250e-01
4.144010543823242188e-01
4.156639575958251953e-01
4.161121845245361328e-01
4.157710075378417969e-01
4.162309169769287109e-01
4.174146652221679688e-01
4.167695045471191406e-01
4.180753231048583984e-01
4.174764156341552734e-01
4.171376228332519531e-01
4.181098937988281250e-01
4.174640178680419922e-01
4.159700870513916016e-01
4.161946773529052734e-01
4.177165031433105469e-01
4.167971611022949219e-01
4.164402484893798828e-01
4.164800643920898438e-01
4.165155887603759766e-01
4.168055057525634766e-01
4.160811901092529297e-01
4.175424575805664062e-01
4.151980876922607422e-01
4.189631938934326172e-01
4.163372516632080078e-01
4.165914058685302734e-01
4.167556762695312500e-01
4.184556007385253906e-01
4.195964336395263672e-01
4.173359870910644531e-01
4.199116230010986328e-01
4.206202030181884766e-01
4.203846454620361328e-01
4.187827110290527344e-01
4.169945716857910156e-01
4.224636554718017578e-01
4.150738716125488281e-01
4.136996269226074219e-01
4.153611660003662109e-01
4.164185523986816406e-01
4.143624305725097656e-01
4.137771129608154297e-01
4.139087200164794922e-01
4.127426147460937500e-01
4.150531291961669922e-01
4.183638095855712891e-01
4.141578674316406250e-01
4.143054485321044922e-01
4.160907268524169922e-01
4.175000190734863281e-01
4.128172397613525391e-01
4.144561290740966797e-01
4.151799678802490234e-01
4.152548313140869141e-01
4.142103195190429688e-01
4.142494201660156250e-01
4.158134460449218750e-01
4.169616699218750000e-01
4.145863056182861328e-01
4.147064685821533203e-01
4.152801036834716797e-01
4.174895286560058594e-01
4.153685569763183594e-01
4.150285720825195312e-01
4.143865108489990234e-01
4.155280590057373047e-01
4.152617454528808594e-01
4.148185253143310547e-01
4.223031997680664062e-01
4.222464561462402344e-01
4.235293865203857422e-01
4.206793308258056641e-01
4.224698543548583984e-01
4.243364334106445312e-01
4.229881763458251953e-01
4.185597896575927734e-01
4.225285053253173828e-01
4.459915161132812500e-01
4.242131710052490234e-01
4.236423969268798828e-01
4.268362522125244141e-01
4.271502494812011719e-01
4.293625354766845703e-01
4.243514537811279297e-01
4.242691993713378906e-01
4.252521991729736328e-01
4.288072586059570312e-01
4.291832447052001953e-01
4.238674640655517578e-01
4.280176162719726562e-01
4.262111186981201172e-01
4.315719604492187500e-01
4.235513210296630859e-01
4.221374988555908203e-01
4.252841472625732422e-01
4.170136451721191406e-01
4.184603691101074219e-01
4.189460277557373047e-01
4.211981296539306641e-01
4.180409908294677734e-01
4.173135757446289062e-01
4.186897277832031250e-01
4.216527938842773438e-01
4.368472099304199219e-01
4.179327487945556641e-01
4.175889492034912109e-01
4.200997352600097656e-01
4.180502891540527344e-01
4.169907569885253906e-01
4.171783924102783203e-01
4.185090065002441406e-01
4.182374477386474609e-01
4.864604473114013672e-01
4.178202152252197266e-01
4.196758270263671875e-01
4.189345836639404297e-01
4.173865318298339844e-01
4.195072650909423828e-01
4.189720153808593750e-01
4.197072982788085938e-01
4.185607433319091797e-01
4.185545444488525391e-01
4.192562103271484375e-01
4.323558807373046875e-01
4.205915927886962891e-01
4.180791378021240234e-01
4.186334609985351562e-01
4.183676242828369141e-01
4.210121631622314453e-01
4.193048477172851562e-01
4.198303222656250000e-01
4.176659584045410156e-01
4.209749698638916016e-01
4.180674552917480469e-01
4.193172454833984375e-01
4.184918403625488281e-01
4.190905094146728516e-01
4.249973297119140625e-01
4.196341037750244141e-01
4.185879230499267578e-01
4.198744297027587891e-01
4.190785884857177734e-01
4.187726974487304688e-01
4.185364246368408203e-01
4.191036224365234375e-01
4.188616275787353516e-01
4.205725193023681641e-01
4.185338020324707031e-01
4.183743000030517578e-01
4.211521148681640625e-01
4.591135978698730469e-01
4.186093807220458984e-01
4.188954830169677734e-01
4.187164306640625000e-01
4.188520908355712891e-01
4.189760684967041016e-01
4.182944297790527344e-01
4.375226497650146484e-01
4.186463356018066406e-01
4.194278717041015625e-01
4.233558177947998047e-01
4.209690093994140625e-01
4.210975170135498047e-01
4.222471714019775391e-01
4.186146259307861328e-01
4.199464321136474609e-01
4.197688102722167969e-01
4.182922840118408203e-01
4.179470539093017578e-01
4.182171821594238281e-01
4.204556941986083984e-01
4.269206523895263672e-01
4.183497428894042969e-01
4.187114238739013672e-01
4.194133281707763672e-01
4.533960819244384766e-01
4.202826023101806641e-01
5.067594051361083984e-01
4.246160984039306641e-01
4.253439903259277344e-01
4.351475238800048828e-01
4.221642017364501953e-01
