2.145374298095703125e+00
4.068455696105957031e-01
4.070920944213867188e-01
4.074745178222656250e-01
4.063553810119628906e-01
4.088981151580810547e-01
4.082913398742675781e-01
4.100699424743652344e-01
4.092574119567871094e-01
4.091851711273193359e-01
4.084963798522949219e-01
4.072003364562988281e-01
4.083428382873535156e-01
4.080965518951416016e-01
4.094996452331542969e-01
4.096424579620361328e-01
4.106199741363525391e-01
4.081950187683105469e-01
4.099202156066894531e-01
4.089822769165039062e-01
4.082617759704589844e-01
4.214785099029541016e-01
4.099805355072021484e-01
4.106190204620361328e-01
4.091465473175048828e-01
4.090836048126220703e-01
4.111218452453613281e-01
4.110784530639648438e-01
4.106693267822265625e-01
4.098100662231445312e-01
4.127984046936035156e-01
4.114882946014404297e-01
4.094476699829101562e-01
4.108207225799560547e-01
4.144790172576904297e-01
4.099826812744140625e-01
4.122123718261718750e-01
4.137623310089111328e-01
4.124836921691894531e-01
4.109070301055908203e-01
4.101195335388183594e-01
4.084675312042236328e-01
4.106838703155517578e-01
4.097459316253662109e-01
4.098339080810546875e-01
4.134161472320556641e-01
4.146096706390380859e-01
4.098660945892333984e-01
4.132716655731201172e-01
4.161028861999511719e-01
4.166507720947265625e-01
4.090461730957031250e-01
4.748153686523437500e-01
4.138383865356445312e-01
4.123857021331787109e-01
4.106686115264892578e-01
4.211962223052978516e-01
4.120421409606933594e-01
4.146447181701660156e-01
4.153697490692138672e-01
4.121916294097900391e-01
4.124603271484375000e-01
4.124975204467773438e-01
4.126718044281005859e-01
4.125068187713623047e-01
4.131326675415039062e-01
4.112861156463623047e-01
4.106988906860351562e-01
4.134593009948730469e-01
4.104666709899902344e-01
4.114344120025634766e-01
4.133765697479248047e-01
4.137892723083496094e-01
4.208512306213378906e-01
4.123103618621826172e-01
4.109644889831542969e-01
4.121563434600830078e-01
4.116661548614501953e-01
4.126863479614257812e-01
4.118924140930175781e-01
4.115757942199707031e-01
4.119362831115722656e-01
4.140603542327880859e-01
4.118075370788574219e-01
4.122662544250488281e-01
4.114480018615722656e-01
5.169081687927246094e-01
4.225838184356689453e-01
4.195525646209716797e-01
4.207341670989990234e-01
4.229791164398193359e-01
4.219076633453369141e-01
4.212493896484375000e-01
4.219050407409667969e-01
4.252521991729736328e-01
4.204046726226806641e-01
4.228558540344238281e-01
4.236013889312744141e-01
4.221715927124023438e-01
4.231510162353515625e-01
4.222507476806640625e-01
4.233016967773437500e-01
4.249386787414550781e-01
4.235181808471679688e-01
4.208405017852783203e-01
4.411735534667968750e-01
4.254310131072998047e-01
4.208781719207763672e-01
4.220879077911376953e-01
4.251635074615478516e-01
4.204940795898437500e-01
4.226746559143066406e-01
4.201731681823730469e-01
4.176790714263916016e-01
4.199740886688232422e-01
4.179828166961669922e-01
4.182159900665283203e-01
4.229197502136230469e-01
4.193215370178222656e-01
4.189379215240478516e-01
4.224250316619873047e-01
4.387447834014892578e-01
4.158093929290771484e-01
4.137988090515136719e-01
4.212641716003417969e-01
4.177231788635253906e-01
4.159891605377197266e-01
4.142465591430664062e-01
4.162058830261230469e-01
4.172396659851074219e-01
4.245243072509765625e-01
4.173722267150878906e-01
4.197340011596679688e-01
4.187817573547363281e-01
4.201033115386962891e-01
4.187705516815185547e-01
4.203472137451171875e-01
4.190371036529541016e-01
4.217169284820556641e-01
4.186766147613525391e-01
4.187278747558593750e-01
4.206802845001220703e-01
4.177365303039550781e-01
4.193429946899414062e-01
4.159021377563476562e-01
4.154691696166992188e-01
4.163227081298828125e-01
4.162113666534423828e-01
4.146418571472167969e-01
4.149389266967773438e-01
4.162442684173583984e-01
4.147019386291503906e-01
4.146931171417236328e-01
4.149487018585205078e-01
4.153671264648437500e-01
4.154739379882812500e-01
4.149637222290039062e-01
4.151079654693603516e-01
4.153485298156738281e-01
4.161565303802490234e-01
4.156992435455322266e-01
4.165735244750976562e-01
4.151825904846191406e-01
4.156177043914794922e-01
4.157459735870361328e-01
4.154157638549804688e-01
4.151096343994140625e-01
4.154584407806396484e-01
4.162585735321044922e-01
4.154312610626220703e-01
4.165072441101074219e-01
4.164409637451171875e-01
4.182498455047607422e-01
4.160592555999755859e-01
4.173173904418945312e-01
4.173908233642578125e-01
4.162166118621826172e-01
4.180984497070312500e-01
4.176259040832519531e-01
4.275393486022949219e-01
4.187912940979003906e-01
4.175157546997070312e-01
4.167184829711914062e-01
4.239320755004882812e-01
4.161801338195800781e-01
4.195439815521240234e-01
4.176716804504394531e-01
4.191050529479980469e-01
4.171028137207031250e-01
4.189918041229248047e-01
4.172117710113525391e-01
4.177412986755371094e-01
4.173498153686523438e-01
4.998514652252197266e-01
4.303562641143798828e-01
4.618504047393798828e-01
4.238998889923095703e-01
4.241390228271484375e-01
4.310052394866943359e-01
4.265854358673095703e-01
