9.667100906372070312e-01
9.612936973571777344e-01
9.542531967163085938e-01
1.031952381134033203e+00
9.515032768249511719e-01
9.532461166381835938e-01
9.499795436859130859e-01
9.622035026550292969e-01
1.037744998931884766e+00
9.562540054321289062e-01
9.607672691345214844e-01
9.518756866455078125e-01
9.433069229125976562e-01
9.585475921630859375e-01
9.572405815124511719e-01
9.479489326477050781e-01
9.442341327667236328e-01
9.445896148681640625e-01
9.436340332031250000e-01
9.445185661315917969e-01
9.504356384277343750e-01
9.488215446472167969e-01
9.458501338958740234e-01
1.025363683700561523e+00
9.481694698333740234e-01
9.577388763427734375e-01
9.674248695373535156e-01
9.567394256591796875e-01
9.504487514495849609e-01
9.552044868469238281e-01
9.612147808074951172e-01
9.556491374969482422e-01
9.515390396118164062e-01
9.579727649688720703e-01
9.587259292602539062e-01
9.468607902526855469e-01
9.500467777252197266e-01
9.609410762786865234e-01
9.567773342132568359e-01
9.519138336181640625e-01
9.478688240051269531e-01
9.574148654937744141e-01
9.579477310180664062e-01
9.564657211303710938e-01
9.475734233856201172e-01
9.556131362915039062e-01
9.512984752655029297e-01
9.559562206268310547e-01
9.685404300689697266e-01
9.721119403839111328e-01
9.199199676513671875e-01
9.339849948883056641e-01
1.036278486251831055e+00
9.342892169952392578e-01
9.769341945648193359e-01
9.369478225708007812e-01
9.457185268402099609e-01
9.453058242797851562e-01
9.440886974334716797e-01
9.360837936401367188e-01
9.359769821166992188e-01
9.389600753784179688e-01
1.014680147171020508e+00
9.651293754577636719e-01
9.870676994323730469e-01
9.447631835937500000e-01
9.561018943786621094e-01
9.610495567321777344e-01
9.785554409027099609e-01
9.590463638305664062e-01
9.591753482818603516e-01
9.525237083435058594e-01
9.616484642028808594e-01
9.193334579467773438e-01
9.510993957519531250e-01
9.479072093963623047e-01
9.572064876556396484e-01
9.647543430328369141e-01
9.633526802062988281e-01
9.650259017944335938e-01
9.471628665924072266e-01
9.580364227294921875e-01
9.676589965820312500e-01
9.785459041595458984e-01
9.682245254516601562e-01
9.519927501678466797e-01
9.747102260589599609e-01
9.690206050872802734e-01
9.697754383087158203e-01
9.554615020751953125e-01
9.476420879364013672e-01
9.491491317749023438e-01
1.036280632019042969e+00
9.966247081756591797e-01
9.531717300415039062e-01
9.439520835876464844e-01
9.446232318878173828e-01
9.514615535736083984e-01
9.409110546112060547e-01
9.442639350891113281e-01
9.542658329010009766e-01
9.460041522979736328e-01
9.277927875518798828e-01
1.032715559005737305e+00
9.518804550170898438e-01
9.402666091918945312e-01
9.310889244079589844e-01
9.437093734741210938e-01
9.439349174499511719e-01
9.711670875549316406e-01
9.632680416107177734e-01
9.730169773101806641e-01
9.636554718017578125e-01
9.744231700897216797e-01
9.694864749908447266e-01
9.748330116271972656e-01
9.678254127502441406e-01
9.728314876556396484e-01
1.012453794479370117e+00
9.279837608337402344e-01
9.185545444488525391e-01
9.203426837921142578e-01
9.202153682708740234e-01
9.500598907470703125e-01
9.402019977569580078e-01
9.759616851806640625e-01
9.844264984130859375e-01
9.602823257446289062e-01
1.056499481201171875e+00
9.579293727874755859e-01
9.925284385681152344e-01
9.537453651428222656e-01
9.598276615142822266e-01
1.036345481872558594e+00
9.868469238281250000e-01
9.931008815765380859e-01
9.679968357086181641e-01
9.714794158935546875e-01
1.073006629943847656e+00
9.776563644409179688e-01
9.365615844726562500e-01
9.257555007934570312e-01
9.327976703643798828e-01
1.047658920288085938e+00
9.619128704071044922e-01
9.566299915313720703e-01
9.855122566223144531e-01
9.670200347900390625e-01
9.579834938049316406e-01
9.589724540710449219e-01
9.648809432983398438e-01
9.546220302581787109e-01
9.768445491790771484e-01
9.697647094726562500e-01
9.942905902862548828e-01
9.772448539733886719e-01
9.909195899963378906e-01
9.713160991668701172e-01
1.064191102981567383e+00
9.727995395660400391e-01
9.662747383117675781e-01
9.669835567474365234e-01
9.669520854949951172e-01
9.599549770355224609e-01
9.361066818237304688e-01
9.349503517150878906e-01
9.658355712890625000e-01
9.665193557739257812e-01
9.608645439147949219e-01
1.042368412017822266e+00
9.619069099426269531e-01
9.569637775421142578e-01
9.587471485137939453e-01
9.584028720855712891e-01
1.041161775588989258e+00
9.565250873565673828e-01
9.581007957458496094e-01
9.740765094757080078e-01
9.624190330505371094e-01
1.044864177703857422e+00
9.584879875183105469e-01
9.563055038452148438e-01
9.851777553558349609e-01
9.522626399993896484e-01
1.056465625762939453e+00
9.569423198699951172e-01
9.611637592315673828e-01
9.617848396301269531e-01
9.653220176696777344e-01
9.697656631469726562e-01
9.689924716949462891e-01
9.720518589019775391e-01
9.257919788360595703e-01
9.259331226348876953e-01
9.272003173828125000e-01
9.219684600830078125e-01
9.667944908142089844e-01
9.585680961608886719e-01
9.610099792480468750e-01
9.657330513000488281e-01
