2.184309959411621094e+00
4.119899272918701172e-01
4.113824367523193359e-01
4.136271476745605469e-01
4.131829738616943359e-01
4.113233089447021484e-01
4.078910350799560547e-01
4.105992317199707031e-01
4.084010124206542969e-01
4.124298095703125000e-01
4.125328063964843750e-01
4.116606712341308594e-01
4.137585163116455078e-01
4.133672714233398438e-01
4.124002456665039062e-01
4.122505187988281250e-01
4.189121723175048828e-01
4.170410633087158203e-01
4.155755043029785156e-01
4.172618389129638672e-01
4.188044071197509766e-01
4.207413196563720703e-01
4.175534248352050781e-01
4.171533584594726562e-01
4.169163703918457031e-01
4.231319427490234375e-01
4.139246940612792969e-01
4.131939411163330078e-01
4.130346775054931641e-01
4.132125377655029297e-01
4.121308326721191406e-01
4.116554260253906250e-01
4.129607677459716797e-01
4.109342098236083984e-01
4.132394790649414062e-01
4.175443649291992188e-01
4.140107631683349609e-01
4.136598110198974609e-01
4.172036647796630859e-01
4.155311584472656250e-01
4.172372817993164062e-01
4.173676967620849609e-01
4.198694229125976562e-01
4.174687862396240234e-01
4.175271987915039062e-01
4.163060188293457031e-01
4.171698093414306641e-01
4.182229042053222656e-01
4.275636672973632812e-01
4.213917255401611328e-01
4.207024574279785156e-01
4.196591377258300781e-01
4.183797836303710938e-01
4.192280769348144531e-01
4.188516139984130859e-01
4.180476665496826172e-01
4.249320030212402344e-01
4.196825027465820312e-01
4.193365573883056641e-01
4.198644161224365234e-01
4.183044433593750000e-01
4.181194305419921875e-01
4.186313152313232422e-01
4.190232753753662109e-01
4.252326488494873047e-01
4.231989383697509766e-01
4.241364002227783203e-01
4.285788536071777344e-01
4.249479770660400391e-01
4.171411991119384766e-01
4.149093627929687500e-01
4.135465621948242188e-01
4.138486385345458984e-01
4.134252071380615234e-01
4.148173332214355469e-01
4.140102863311767578e-01
4.138269424438476562e-01
4.162030220031738281e-01
4.168162345886230469e-01
4.172606468200683594e-01
4.166548252105712891e-01
4.167726039886474609e-01
4.164822101593017578e-01
4.170002937316894531e-01
4.222390651702880859e-01
4.131820201873779297e-01
4.467136859893798828e-01
4.248487949371337891e-01
4.227128028869628906e-01
4.215836524963378906e-01
4.199566841125488281e-01
4.179759025573730469e-01
4.194095134735107422e-01
4.223341941833496094e-01
4.284462928771972656e-01
4.304056167602539062e-01
4.456536769866943359e-01
4.287657737731933594e-01
4.197020530700683594e-01
4.170429706573486328e-01
4.161808490753173828e-01
4.191226959228515625e-01
4.214661121368408203e-01
4.200372695922851562e-01
4.178993701934814453e-01
4.190890789031982422e-01
4.201586246490478516e-01
4.198925495147705078e-01
4.165918827056884766e-01
4.190125465393066406e-01
4.362072944641113281e-01
4.247062206268310547e-01
4.250819683074951172e-01
4.270009994506835938e-01
4.238910675048828125e-01
4.253098964691162109e-01
4.249503612518310547e-01
4.256532192230224609e-01
4.201683998107910156e-01
4.243664741516113281e-01
4.186060428619384766e-01
4.205222129821777344e-01
4.197170734405517578e-01
4.204266071319580078e-01
4.188754558563232422e-01
4.221386909484863281e-01
4.393813610076904297e-01
4.313879013061523438e-01
4.619078636169433594e-01
4.258739948272705078e-01
4.295012950897216797e-01
4.304540157318115234e-01
4.269607067108154297e-01
4.268856048583984375e-01
4.251754283905029297e-01
4.283461570739746094e-01
4.246020317077636719e-01
4.256026744842529297e-01
4.248166084289550781e-01
4.237728118896484375e-01
4.246022701263427734e-01
4.196288585662841797e-01
4.186308383941650391e-01
4.201920032501220703e-01
4.206917285919189453e-01
4.180822372436523438e-01
4.202520847320556641e-01
4.192609786987304688e-01
5.013206005096435547e-01
4.286854267120361328e-01
4.224579334259033203e-01
4.202172756195068359e-01
4.275417327880859375e-01
4.256699085235595703e-01
4.271042346954345703e-01
4.266867637634277344e-01
4.257147312164306641e-01
4.244937896728515625e-01
4.285044670104980469e-01
4.256663322448730469e-01
4.241690635681152344e-01
4.250082969665527344e-01
4.295542240142822266e-01
4.278211593627929688e-01
4.257721900939941406e-01
4.291255474090576172e-01
4.382555484771728516e-01
4.303927421569824219e-01
4.267880916595458984e-01
4.214482307434082031e-01
4.214847087860107422e-01
4.208710193634033203e-01
4.217426776885986328e-01
4.262714385986328125e-01
4.293844699859619141e-01
4.200179576873779297e-01
4.199931621551513672e-01
4.193503856658935547e-01
4.196228981018066406e-01
4.191520214080810547e-01
4.186067581176757812e-01
4.154214859008789062e-01
4.162433147430419922e-01
4.688787460327148438e-01
4.170310497283935547e-01
4.294376373291015625e-01
4.196364879608154297e-01
4.160060882568359375e-01
4.174873828887939453e-01
4.270353317260742188e-01
4.278502464294433594e-01
4.266369342803955078e-01
4.269220829010009766e-01
4.208097457885742188e-01
4.188754558563232422e-01
4.191377162933349609e-01
4.719266891479492188e-01
4.284532070159912109e-01
4.154067039489746094e-01
4.151411056518554688e-01
