2.229603052139282227e+00
4.153413772583007812e-01
4.175992012023925781e-01
4.167816638946533203e-01
4.179787635803222656e-01
4.172749519348144531e-01
4.189426898956298828e-01
4.200198650360107422e-01
4.180781841278076172e-01
4.200139045715332031e-01
4.167733192443847656e-01
4.189200401306152344e-01
4.194304943084716797e-01
4.220333099365234375e-01
4.218358993530273438e-01
4.219396114349365234e-01
4.203457832336425781e-01
4.187130928039550781e-01
4.193611145019531250e-01
4.211602210998535156e-01
4.200997352600097656e-01
4.202098846435546875e-01
4.200863838195800781e-01
4.220824241638183594e-01
4.248466491699218750e-01
4.219155311584472656e-01
4.222040176391601562e-01
4.218397140502929688e-01
4.212679862976074219e-01
4.237487316131591797e-01
4.209890365600585938e-01
4.236979484558105469e-01
4.220979213714599609e-01
4.253709316253662109e-01
4.231939315795898438e-01
4.220550060272216797e-01
4.219102859497070312e-01
4.256563186645507812e-01
4.236633777618408203e-01
4.245896339416503906e-01
4.259765148162841797e-01
4.229187965393066406e-01
4.246289730072021484e-01
4.250738620758056641e-01
4.248104095458984375e-01
4.249510765075683594e-01
4.232337474822998047e-01
4.224607944488525391e-01
4.245665073394775391e-01
4.270434379577636719e-01
4.262089729309082031e-01
4.239969253540039062e-01
4.437327384948730469e-01
4.407434463500976562e-01
4.225394725799560547e-01
4.226577281951904297e-01
4.307579994201660156e-01
4.229705333709716797e-01
4.220900535583496094e-01
4.368047714233398438e-01
4.186749458312988281e-01
4.200320243835449219e-01
4.200341701507568359e-01
4.219820499420166016e-01
4.196796417236328125e-01
4.222803115844726562e-01
4.198274612426757812e-01
4.247910976409912109e-01
4.178197383880615234e-01
4.186551570892333984e-01
4.186742305755615234e-01
4.208371639251708984e-01
4.194438457489013672e-01
4.195873737335205078e-01
4.197239875793457031e-01
4.250125885009765625e-01
4.192149639129638672e-01
4.216384887695312500e-01
4.193432331085205078e-01
4.210441112518310547e-01
4.186964035034179688e-01
4.186546802520751953e-01
4.196085929870605469e-01
4.206886291503906250e-01
4.182262420654296875e-01
4.199211597442626953e-01
4.288012981414794922e-01
4.309937953948974609e-01
4.295706748962402344e-01
4.320600032806396484e-01
4.274535179138183594e-01
4.256627559661865234e-01
4.287681579589843750e-01
4.303786754608154297e-01
4.261193275451660156e-01
4.286108016967773438e-01
4.248812198638916016e-01
4.258522987365722656e-01
4.238843917846679688e-01
4.267971515655517578e-01
4.254405498504638672e-01
4.278357028961181641e-01
4.249494075775146484e-01
4.261374473571777344e-01
4.260368347167968750e-01
4.310843944549560547e-01
4.266884326934814453e-01
4.274435043334960938e-01
4.270813465118408203e-01
4.344017505645751953e-01
4.313898086547851562e-01
4.290525913238525391e-01
4.588785171508789062e-01
4.238474369049072266e-01
4.232454299926757812e-01
4.313333034515380859e-01
4.227955341339111328e-01
4.227263927459716797e-01
4.245116710662841797e-01
4.227254390716552734e-01
4.238789081573486328e-01
4.445128440856933594e-01
4.210722446441650391e-01
4.232418537139892578e-01
4.252653121948242188e-01
4.219965934753417969e-01
4.204738140106201172e-01
4.215364456176757812e-01
4.228880405426025391e-01
4.223232269287109375e-01
4.620211124420166016e-01
4.266476631164550781e-01
4.260594844818115234e-01
4.272007942199707031e-01
4.260549545288085938e-01
4.268739223480224609e-01
4.266741275787353516e-01
4.279446601867675781e-01
4.264535903930664062e-01
4.270188808441162109e-01
4.266870021820068359e-01
4.270441532135009766e-01
4.274663925170898438e-01
4.273486137390136719e-01
4.287221431732177734e-01
4.294009208679199219e-01
4.303183555603027344e-01
4.296433925628662109e-01
4.301857948303222656e-01
4.308266639709472656e-01
4.301726818084716797e-01
4.302556514739990234e-01
4.301869869232177734e-01
4.297888278961181641e-01
4.299073219299316406e-01
4.303305149078369141e-01
4.301533699035644531e-01
4.285829067230224609e-01
4.296367168426513672e-01
4.295070171356201172e-01
4.303984642028808594e-01
4.293556213378906250e-01
4.305582046508789062e-01
4.310026168823242188e-01
4.300909042358398438e-01
4.306802749633789062e-01
4.304299354553222656e-01
4.312930107116699219e-01
4.316060543060302734e-01
4.310302734375000000e-01
4.300415515899658203e-01
4.301908016204833984e-01
4.301307201385498047e-01
4.305493831634521484e-01
4.307417869567871094e-01
4.296257495880126953e-01
4.299423694610595703e-01
4.305596351623535156e-01
4.303328990936279297e-01
4.304990768432617188e-01
4.319424629211425781e-01
4.306764602661132812e-01
4.308383464813232422e-01
4.349792003631591797e-01
4.304473400115966797e-01
4.309115409851074219e-01
4.307737350463867188e-01
4.292697906494140625e-01
4.295308589935302734e-01
4.292986392974853516e-01
4.306273460388183594e-01
4.293143749237060547e-01
4.300823211669921875e-01
4.389858245849609375e-01
4.315440654754638672e-01
4.805364608764648438e-01
4.243361949920654297e-01
4.277343750000000000e-01
4.270074367523193359e-01
4.233705997467041016e-01
