9.667108058929443359e-01
9.612939357757568359e-01
9.542443752288818359e-01
1.031953096389770508e+00
9.515068531036376953e-01
9.532442092895507812e-01
9.499742984771728516e-01
9.622044563293457031e-01
1.037743091583251953e+00
9.562540054321289062e-01
9.607663154602050781e-01
9.518783092498779297e-01
9.432947635650634766e-01
9.585459232330322266e-01
9.572405815124511719e-01
9.479482173919677734e-01
9.442365169525146484e-01
9.445891380310058594e-01
9.436321258544921875e-01
9.445197582244873047e-01
9.504408836364746094e-01
9.488220214843750000e-01
9.458482265472412109e-01
1.025363683700561523e+00
9.481728076934814453e-01
9.577312469482421875e-01
9.674251079559326172e-01
9.567370414733886719e-01
9.504497051239013672e-01
9.552028179168701172e-01
9.612121582031250000e-01
9.556486606597900391e-01
9.515404701232910156e-01
9.579722881317138672e-01
9.587230682373046875e-01
9.468586444854736328e-01
9.500482082366943359e-01
9.609403610229492188e-01
9.567759037017822266e-01
9.519135951995849609e-01
9.478673934936523438e-01
9.574146270751953125e-01
9.579474925994873047e-01
9.564645290374755859e-01
9.475705623626708984e-01
9.556152820587158203e-01
9.512989521026611328e-01
9.559531211853027344e-01
9.685368537902832031e-01
9.721064567565917969e-01
9.199185371398925781e-01
9.339847564697265625e-01
1.036279678344726562e+00
9.342892169952392578e-01
9.769344329833984375e-01
9.369492530822753906e-01
9.457206726074218750e-01
9.453060626983642578e-01
9.440898895263671875e-01
9.360823631286621094e-01
9.359767436981201172e-01
9.389641284942626953e-01
1.014680862426757812e+00
9.651217460632324219e-01
9.870679378509521484e-01
9.447648525238037109e-01
9.561016559600830078e-01
9.610469341278076172e-01
9.785549640655517578e-01
9.590449333190917969e-01
9.591729640960693359e-01
9.525232315063476562e-01
9.616484642028808594e-01
9.193346500396728516e-01
9.511027336120605469e-01
9.479057788848876953e-01
9.572041034698486328e-01
9.647505283355712891e-01
9.633510112762451172e-01
9.650230407714843750e-01
9.471592903137207031e-01
9.580376148223876953e-01
9.676592350006103516e-01
9.785418510437011719e-01
9.682307243347167969e-01
9.519910812377929688e-01
9.747061729431152344e-01
9.690170288085937500e-01
9.697747230529785156e-01
9.554612636566162109e-01
9.476380348205566406e-01
9.491462707519531250e-01
1.036278963088989258e+00
9.837665557861328125e-01
9.531745910644531250e-01
9.439501762390136719e-01
9.446234703063964844e-01
9.514598846435546875e-01
9.409158229827880859e-01
9.442634582519531250e-01
9.542644023895263672e-01
9.460039138793945312e-01
9.277882575988769531e-01
1.032712221145629883e+00
9.518775939941406250e-01
9.402649402618408203e-01
9.310836791992187500e-01
9.437086582183837891e-01
9.439337253570556641e-01
9.711587429046630859e-01
9.632647037506103516e-01
9.730145931243896484e-01
9.636547565460205078e-01
9.744215011596679688e-01
9.694862365722656250e-01
9.748308658599853516e-01
9.678266048431396484e-01
9.728288650512695312e-01
1.012450933456420898e+00
9.279820919036865234e-01
9.185535907745361328e-01
9.203376770019531250e-01
9.202125072479248047e-01
9.500575065612792969e-01
9.402003288269042969e-01
9.759593009948730469e-01
9.844279289245605469e-01
9.602873325347900391e-01
1.056494474411010742e+00
9.579362869262695312e-01
9.925279617309570312e-01
9.537489414215087891e-01
9.598302841186523438e-01
1.036345958709716797e+00
9.868464469909667969e-01
9.930977821350097656e-01
9.679982662200927734e-01
9.714772701263427734e-01
1.073005437850952148e+00
9.776532649993896484e-01
9.365606307983398438e-01
9.257526397705078125e-01
9.327952861785888672e-01
1.047658443450927734e+00
9.619100093841552734e-01
9.566302299499511719e-01
9.855062961578369141e-01
9.670195579528808594e-01
9.579834938049316406e-01
9.589719772338867188e-01
9.648783206939697266e-01
9.546167850494384766e-01
9.768414497375488281e-01
9.697647094726562500e-01
9.942934513092041016e-01
9.772436618804931641e-01
9.909222126007080078e-01
9.713151454925537109e-01
1.064188003540039062e+00
9.727995395660400391e-01
9.662659168243408203e-01
9.403357505798339844e-01
9.669530391693115234e-01
9.599533081054687500e-01
9.361066818237304688e-01
9.349498748779296875e-01
9.658324718475341797e-01
9.665162563323974609e-01
9.608640670776367188e-01
1.042362689971923828e+00
9.618978500366210938e-01
9.569609165191650391e-01
9.587306976318359375e-01
9.583973884582519531e-01
1.041161775588989258e+00
9.565210342407226562e-01
9.580991268157958984e-01
9.740738868713378906e-01
9.624173641204833984e-01
1.044863224029541016e+00
9.584872722625732422e-01
9.563000202178955078e-01
9.851748943328857422e-01
9.522612094879150391e-01
1.056466341018676758e+00
9.569373130798339844e-01
9.611620903015136719e-01
9.617817401885986328e-01
9.653153419494628906e-01
9.697630405426025391e-01
9.689900875091552734e-01
9.720466136932373047e-01
9.257874488830566406e-01
9.259316921234130859e-01
9.271974563598632812e-01
9.219675064086914062e-01
9.667954444885253906e-01
9.585676193237304688e-01
9.610071182250976562e-01
9.657318592071533203e-01
