9.667072296142578125e-01
9.612829685211181641e-01
9.542376995086669922e-01
1.031931400299072266e+00
9.514954090118408203e-01
9.532270431518554688e-01
9.499707221984863281e-01
9.621880054473876953e-01
1.037724018096923828e+00
9.562287330627441406e-01
9.607348442077636719e-01
9.518539905548095703e-01
9.432799816131591797e-01
9.585397243499755859e-01
9.572324752807617188e-01
9.479391574859619141e-01
9.442405700683593750e-01
9.445939064025878906e-01
9.436199665069580078e-01
9.445238113403320312e-01
9.504177570343017578e-01
9.488270282745361328e-01
9.458374977111816406e-01
1.025368213653564453e+00
9.481763839721679688e-01
9.577152729034423828e-01
9.674143791198730469e-01
9.567143917083740234e-01
9.504406452178955078e-01
9.551868438720703125e-01
9.611918926239013672e-01
9.556307792663574219e-01
9.515316486358642578e-01
9.579579830169677734e-01
9.586997032165527344e-01
9.468441009521484375e-01
9.500286579132080078e-01
9.609234333038330078e-01
9.567465782165527344e-01
9.518990516662597656e-01
9.478597640991210938e-01
9.574043750762939453e-01
9.579381942749023438e-01
9.564573764801025391e-01
9.475512504577636719e-01
9.555997848510742188e-01
9.512684345245361328e-01
9.559385776519775391e-01
9.685416221618652344e-01
9.721069335937500000e-01
9.199090003967285156e-01
9.339661598205566406e-01
1.036281585693359375e+00
9.342780113220214844e-01
9.769470691680908203e-01
9.369566440582275391e-01
9.457230567932128906e-01
9.452986717224121094e-01
9.440927505493164062e-01
9.360587596893310547e-01
9.359579086303710938e-01
9.389724731445312500e-01
1.014669418334960938e+00
9.651362895965576172e-01
9.870672225952148438e-01
9.447493553161621094e-01
9.560878276824951172e-01
9.610331058502197266e-01
9.785568714141845703e-01
9.590349197387695312e-01
9.591584205627441406e-01
9.525163173675537109e-01
9.616506099700927734e-01
9.193360805511474609e-01
9.511113166809082031e-01
9.479093551635742188e-01
9.571986198425292969e-01
9.647195339202880859e-01
9.633164405822753906e-01
9.650113582611083984e-01
9.471549987792968750e-01
9.580104351043701172e-01
9.676313400268554688e-01
9.785361289978027344e-01
9.682159423828125000e-01
9.520101547241210938e-01
9.746952056884765625e-01
9.690058231353759766e-01
9.697718620300292969e-01
9.554636478424072266e-01
9.476037025451660156e-01
9.491319656372070312e-01
1.036287546157836914e+00
9.966287612915039062e-01
9.531595706939697266e-01
9.439465999603271484e-01
9.446170330047607422e-01
9.514570236206054688e-01
9.409177303314208984e-01
9.442560672760009766e-01
9.542551040649414062e-01
9.459981918334960938e-01
9.277758598327636719e-01
1.032707214355468750e+00
9.518854618072509766e-01
9.402718544006347656e-01
9.310712814331054688e-01
9.436936378479003906e-01
9.439313411712646484e-01
9.711699485778808594e-01
9.632575511932373047e-01
9.730188846588134766e-01
9.636414051055908203e-01
9.744250774383544922e-01
9.694883823394775391e-01
9.748213291168212891e-01
9.678318500518798828e-01
9.728341102600097656e-01
1.012448549270629883e+00
9.279792308807373047e-01
9.185452461242675781e-01
9.203219413757324219e-01
9.202091693878173828e-01
9.500577449798583984e-01
9.402050971984863281e-01
9.759438037872314453e-01
9.844245910644531250e-01
9.602835178375244141e-01
1.056483268737792969e+00
9.579002857208251953e-01
9.925162792205810547e-01
9.537568092346191406e-01
9.598298072814941406e-01
1.036348581314086914e+00
9.868392944335937500e-01
9.930717945098876953e-01
9.679775238037109375e-01
9.714715480804443359e-01
1.072996139526367188e+00
9.776420593261718750e-01
9.365634918212890625e-01
9.257462024688720703e-01
9.327905178070068359e-01
1.047646045684814453e+00
9.618911743164062500e-01
9.566178321838378906e-01
9.855008125305175781e-01
9.670000076293945312e-01
9.579732418060302734e-01
9.589552879333496094e-01
9.648618698120117188e-01
9.546012878417968750e-01
9.768118858337402344e-01
9.697699546813964844e-01
9.942808151245117188e-01
9.772169589996337891e-01
9.908936023712158203e-01
9.713115692138671875e-01
1.064170837402343750e+00
9.727745056152343750e-01
9.662392139434814453e-01
9.669811725616455078e-01
9.669485092163085938e-01
9.599454402923583984e-01
9.360876083374023438e-01
9.349422454833984375e-01
9.658350944519042969e-01
9.665122032165527344e-01
9.608454704284667969e-01
1.042360544204711914e+00
9.618799686431884766e-01
9.569516181945800781e-01
9.587035179138183594e-01
9.584028720855712891e-01
1.041151285171508789e+00
9.565012454986572266e-01
9.580800533294677734e-01
9.740591049194335938e-01
9.623930454254150391e-01
1.044841766357421875e+00
9.584696292877197266e-01
9.563047885894775391e-01
9.851672649383544922e-01
9.522457122802734375e-01
1.056454896926879883e+00
9.569418430328369141e-01
9.611506462097167969e-01
9.617638587951660156e-01
9.653055667877197266e-01
9.697592258453369141e-01
9.689707756042480469e-01
9.720265865325927734e-01
9.257707595825195312e-01
9.259252548217773438e-01
9.271812438964843750e-01
9.219479560852050781e-01
9.667806625366210938e-01
9.585578441619873047e-01
9.609804153442382812e-01
9.657082557678222656e-01
