9.667048454284667969e-01
9.612922668457031250e-01
9.542427062988281250e-01
1.031951904296875000e+00
9.515013694763183594e-01
9.532446861267089844e-01
9.499723911285400391e-01
9.622015953063964844e-01
1.037743568420410156e+00
9.562592506408691406e-01
9.607665538787841797e-01
9.518744945526123047e-01
9.432938098907470703e-01
9.585452079772949219e-01
9.572389125823974609e-01
9.479458332061767578e-01
9.442331790924072266e-01
9.445881843566894531e-01
9.436337947845458984e-01
9.445185661315917969e-01
9.504361152648925781e-01
9.488210678100585938e-01
9.458491802215576172e-01
1.025362730026245117e+00
9.481649398803710938e-01
9.577326774597167969e-01
9.674232006072998047e-01
9.567389488220214844e-01
9.504458904266357422e-01
9.552032947540283203e-01
9.612138271331787109e-01
9.556479454040527344e-01
9.515373706817626953e-01
9.579715728759765625e-01
9.587249755859375000e-01
9.468598365783691406e-01
9.500458240509033203e-01
9.609408378601074219e-01
9.567768573760986328e-01
9.519119262695312500e-01
9.478678703308105469e-01
9.574136734008789062e-01
9.579484462738037109e-01
9.564640522003173828e-01
9.475717544555664062e-01
9.556086063385009766e-01
9.512982368469238281e-01
9.559543132781982422e-01
9.685418605804443359e-01
9.721159934997558594e-01
9.199202060699462891e-01
9.339857101440429688e-01
1.036279201507568359e+00
9.342930316925048828e-01
9.769339561462402344e-01
9.369478225708007812e-01
9.457190036773681641e-01
9.453063011169433594e-01
9.440882205963134766e-01
9.360845088958740234e-01
9.359765052795410156e-01
9.389584064483642578e-01
1.014679431915283203e+00
9.651291370391845703e-01
9.870669841766357422e-01
9.447636604309082031e-01
9.561018943786621094e-01
9.610469341278076172e-01
9.785513877868652344e-01
9.590432643890380859e-01
9.591748714447021484e-01
9.525265693664550781e-01
9.616503715515136719e-01
9.193336963653564453e-01
9.510982036590576172e-01
9.479074478149414062e-01
9.572088718414306641e-01
9.647469520568847656e-01
9.633488655090332031e-01
9.650197029113769531e-01
9.471645355224609375e-01
9.580349922180175781e-01
9.676561355590820312e-01
9.785451889038085938e-01
9.682247638702392578e-01
9.519884586334228516e-01
9.747068881988525391e-01
9.690179824829101562e-01
9.697787761688232422e-01
9.554588794708251953e-01
9.476404190063476562e-01
9.491481781005859375e-01
1.036280393600463867e+00
9.966251850128173828e-01
9.531719684600830078e-01
9.439520835876464844e-01
9.446246623992919922e-01
9.514615535736083984e-01
9.409115314483642578e-01
9.442644119262695312e-01
9.542679786682128906e-01
9.460041522979736328e-01
9.277930259704589844e-01
1.032715559005737305e+00
9.518809318542480469e-01
9.402666091918945312e-01
9.310891628265380859e-01
9.437108039855957031e-01
9.439346790313720703e-01
9.711644649505615234e-01
9.632649421691894531e-01
9.730145931243896484e-01
9.636552333831787109e-01
9.744226932525634766e-01
9.694859981536865234e-01
9.748334884643554688e-01
9.678263664245605469e-01
9.728293418884277344e-01
1.012457609176635742e+00
9.279828071594238281e-01
9.185554981231689453e-01
9.203426837921142578e-01
9.202158451080322266e-01
9.500589370727539062e-01
9.402031898498535156e-01
9.759593009948730469e-01
9.844307899475097656e-01
9.602894783020019531e-01
1.056496858596801758e+00
9.579362869262695312e-01
9.925301074981689453e-01
9.537441730499267578e-01
9.598278999328613281e-01
1.036346197128295898e+00
9.868474006652832031e-01
9.930996894836425781e-01
9.679980278015136719e-01
9.714791774749755859e-01
1.073007345199584961e+00
9.776556491851806641e-01
9.365618228912353516e-01
9.257566928863525391e-01
9.327988624572753906e-01
1.047654867172241211e+00
9.619085788726806641e-01
9.566271305084228516e-01
9.855089187622070312e-01
9.670178890228271484e-01
9.579825401306152344e-01
9.589693546295166016e-01
9.648797512054443359e-01
9.546191692352294922e-01
9.768385887145996094e-01
9.697630405426025391e-01
9.942882061004638672e-01
9.772419929504394531e-01
9.909219741821289062e-01
9.713163375854492188e-01
1.064188718795776367e+00
9.727995395660400391e-01
9.662668704986572266e-01
9.669823646545410156e-01
9.669518470764160156e-01
9.599549770355224609e-01
9.361062049865722656e-01
9.349496364593505859e-01
9.658327102661132812e-01
9.665188789367675781e-01
9.608626365661621094e-01
1.042368412017822266e+00
9.618976116180419922e-01
9.569590091705322266e-01
9.587280750274658203e-01
9.584004878997802734e-01
1.041158437728881836e+00
9.565200805664062500e-01
9.580976963043212891e-01
9.740762710571289062e-01
9.624149799346923828e-01
1.044861793518066406e+00
9.584851264953613281e-01
9.563019275665283203e-01
9.851756095886230469e-01
9.522626399993896484e-01
1.056465148925781250e+00
9.569408893585205078e-01
9.611575603485107422e-01
9.617815017700195312e-01
9.653215408325195312e-01
9.697663784027099609e-01
9.689888954162597656e-01
9.720482826232910156e-01
9.257926940917968750e-01
9.259324073791503906e-01
9.272007942199707031e-01
9.219686985015869141e-01
9.667925834655761719e-01
9.585678577423095703e-01
9.610061645507812500e-01
9.657299518585205078e-01
