1.925573348999023438e-01
1.922276020050048828e-01
1.922969818115234375e-01
1.925213336944580078e-01
1.916701793670654297e-01
1.887266635894775391e-01
1.937196254730224609e-01
1.936583518981933594e-01
1.929278373718261719e-01
1.923203468322753906e-01
1.909351348876953125e-01
1.920492649078369141e-01
2.465405464172363281e-01
1.912689208984375000e-01
1.928091049194335938e-01
1.913640499114990234e-01
1.947898864746093750e-01
1.920201778411865234e-01
1.889536380767822266e-01
1.900002956390380859e-01
1.954779624938964844e-01
1.908175945281982422e-01
1.730322837829589844e-01
1.919462680816650391e-01
1.923272609710693359e-01
1.889724731445312500e-01
1.919982433319091797e-01
1.737139225006103516e-01
1.902809143066406250e-01
1.933381557464599609e-01
1.937105655670166016e-01
1.910576820373535156e-01
1.922235488891601562e-01
1.930050849914550781e-01
1.916289329528808594e-01
1.926724910736083984e-01
1.921164989471435547e-01
1.910803318023681641e-01
1.928765773773193359e-01
1.923625469207763672e-01
1.909987926483154297e-01
1.935460567474365234e-01
1.900689601898193359e-01
1.900074481964111328e-01
1.922733783721923828e-01
1.918091773986816406e-01
1.900227069854736328e-01
1.988070011138916016e-01
1.927735805511474609e-01
1.909275054931640625e-01
1.925475597381591797e-01
1.924762725830078125e-01
1.900835037231445312e-01
1.909759044647216797e-01
1.748845577239990234e-01
1.727459430694580078e-01
1.917273998260498047e-01
1.730606555938720703e-01
1.911060810089111328e-01
1.740503311157226562e-01
1.925466060638427734e-01
1.905531883239746094e-01
1.743412017822265625e-01
1.928806304931640625e-01
1.906542778015136719e-01
1.914248466491699219e-01
1.917471885681152344e-01
1.896078586578369141e-01
1.918628215789794922e-01
1.923274993896484375e-01
1.924045085906982422e-01
1.933646202087402344e-01
1.927394866943359375e-01
1.919529438018798828e-01
1.921997070312500000e-01
1.915919780731201172e-01
1.907169818878173828e-01
2.714974880218505859e-01
1.921775341033935547e-01
1.909191608428955078e-01
1.929318904876708984e-01
1.934061050415039062e-01
1.918051242828369141e-01
1.925992965698242188e-01
1.922898292541503906e-01
1.908802986145019531e-01
1.911890506744384766e-01
1.918501853942871094e-01
1.890730857849121094e-01
1.919226646423339844e-01
1.922233104705810547e-01
1.915378570556640625e-01
1.921231746673583984e-01
1.918439865112304688e-01
1.891112327575683594e-01
1.917572021484375000e-01
1.918799877166748047e-01
1.905097961425781250e-01
1.925423145294189453e-01
1.921892166137695312e-01
1.910972595214843750e-01
1.915876865386962891e-01
1.929283142089843750e-01
1.913135051727294922e-01
1.923391819000244141e-01
1.920912265777587891e-01
1.902039051055908203e-01
1.934978961944580078e-01
1.930091381072998047e-01
1.904988288879394531e-01
1.745939254760742188e-01
1.901924610137939453e-01
1.898322105407714844e-01
1.943516731262207031e-01
1.927156448364257812e-01
1.902062892913818359e-01
1.950314044952392578e-01
1.909942626953125000e-01
1.910972595214843750e-01
1.918570995330810547e-01
1.919105052947998047e-01
1.896321773529052734e-01
1.921579837799072266e-01
1.903593540191650391e-01
1.899812221527099609e-01
1.927924156188964844e-01
1.903939247131347656e-01
1.895632743835449219e-01
1.896088123321533203e-01
1.894752979278564453e-01
1.910016536712646484e-01
1.746082305908203125e-01
1.911087036132812500e-01
1.903307437896728516e-01
1.924259662628173828e-01
1.911575794219970703e-01
1.719996929168701172e-01
1.914215087890625000e-01
1.904928684234619141e-01
1.901345252990722656e-01
1.919276714324951172e-01
1.923263072967529297e-01
1.921088695526123047e-01
1.924815177917480469e-01
1.902456283569335938e-01
1.905901432037353516e-01
1.924757957458496094e-01
1.920967102050781250e-01
1.915462017059326172e-01
1.931769847869873047e-01
1.905157566070556641e-01
1.902730464935302734e-01
1.942460536956787109e-01
1.909649372100830078e-01
1.720898151397705078e-01
1.946387290954589844e-01
1.893122196197509766e-01
1.712701320648193359e-01
1.916007995605468750e-01
1.890797615051269531e-01
1.901760101318359375e-01
1.908559799194335938e-01
1.953709125518798828e-01
1.901080608367919922e-01
1.887686252593994141e-01
1.896398067474365234e-01
1.884207725524902344e-01
1.913127899169921875e-01
1.890375614166259766e-01
1.713516712188720703e-01
1.928203105926513672e-01
1.902635097503662109e-01
1.913332939147949219e-01
1.892170906066894531e-01
1.885807514190673828e-01
1.739134788513183594e-01
1.899430751800537109e-01
1.888129711151123047e-01
1.912820339202880859e-01
1.886007785797119141e-01
1.943359375000000000e-01
1.922235488891601562e-01
1.888208389282226562e-01
1.904613971710205078e-01
1.941754817962646484e-01
1.912357807159423828e-01
1.910390853881835938e-01
1.895830631256103516e-01
1.885762214660644531e-01
1.903529167175292969e-01
1.912305355072021484e-01
1.713130474090576172e-01
1.894741058349609375e-01
1.899867057800292969e-01
1.880524158477783203e-01
1.894180774688720703e-01
1.917963027954101562e-01
1.911582946777343750e-01
1.928725242614746094e-01
1.938970088958740234e-01
