3.448953628540039062e+00
1.841596364974975586e+00
1.839069604873657227e+00
1.830487251281738281e+00
1.835546731948852539e+00
1.835966110229492188e+00
1.835648536682128906e+00
1.839785099029541016e+00
1.840140104293823242e+00
1.840801715850830078e+00
1.838521242141723633e+00
1.840845346450805664e+00
1.842673778533935547e+00
1.843451976776123047e+00
1.847724437713623047e+00
1.846365213394165039e+00
1.847344636917114258e+00
1.886931419372558594e+00
1.864187717437744141e+00
1.869117259979248047e+00
1.898268938064575195e+00
1.869132757186889648e+00
1.870143175125122070e+00
1.873042106628417969e+00
1.872462987899780273e+00
1.872627496719360352e+00
1.877441883087158203e+00
1.885154724121093750e+00
1.880753040313720703e+00
1.873757123947143555e+00
1.880573272705078125e+00
1.874343156814575195e+00
1.880234718322753906e+00
1.891138076782226562e+00
1.891509771347045898e+00
1.884643077850341797e+00
1.868618249893188477e+00
1.877210855484008789e+00
1.885300397872924805e+00
1.888854980468750000e+00
1.884190797805786133e+00
1.889158964157104492e+00
1.887389898300170898e+00
1.883141517639160156e+00
1.887504100799560547e+00
1.892208814620971680e+00
1.881646156311035156e+00
1.873217105865478516e+00
1.873297691345214844e+00
1.892105340957641602e+00
1.892042160034179688e+00
1.871754169464111328e+00
1.876160621643066406e+00
1.876464605331420898e+00
1.889695405960083008e+00
1.907833576202392578e+00
1.880607366561889648e+00
1.909378290176391602e+00
1.920083999633789062e+00
1.916134834289550781e+00
1.900503158569335938e+00
1.895141601562500000e+00
1.897096157073974609e+00
1.893823146820068359e+00
1.882877588272094727e+00
1.892729759216308594e+00
1.902246236801147461e+00
1.909306049346923828e+00
1.903278112411499023e+00
1.892206668853759766e+00
1.890354156494140625e+00
1.888057947158813477e+00
1.889202833175659180e+00
1.891576051712036133e+00
1.894254922866821289e+00
1.886281728744506836e+00
1.895069122314453125e+00
1.888828277587890625e+00
1.899425029754638672e+00
1.912576198577880859e+00
1.911062955856323242e+00
1.879693984985351562e+00
1.897116661071777344e+00
1.881800413131713867e+00
1.881860256195068359e+00
1.882598161697387695e+00
1.885186910629272461e+00
1.884777307510375977e+00
1.885990381240844727e+00
1.890323162078857422e+00
1.887386322021484375e+00
1.888173103332519531e+00
1.887671709060668945e+00
1.885164260864257812e+00
1.916532516479492188e+00
1.885554790496826172e+00
1.904581308364868164e+00
1.930970430374145508e+00
1.886919498443603516e+00
1.881058454513549805e+00
1.965902805328369141e+00
1.905094385147094727e+00
1.904024839401245117e+00
1.907500028610229492e+00
1.904067277908325195e+00
1.931345939636230469e+00
1.910071134567260742e+00
1.908261537551879883e+00
1.903776884078979492e+00
1.907411575317382812e+00
1.909074783325195312e+00
1.908543825149536133e+00
1.907814025878906250e+00
1.906419992446899414e+00
1.905089378356933594e+00
1.899631500244140625e+00
1.898232221603393555e+00
1.914975881576538086e+00
1.917727231979370117e+00
1.906841754913330078e+00
1.906164407730102539e+00
1.905075788497924805e+00
1.911317348480224609e+00
1.906001806259155273e+00
1.928377628326416016e+00
1.919682502746582031e+00
1.889467716217041016e+00
1.892174482345581055e+00
1.903602600097656250e+00
1.924369573593139648e+00
1.907836437225341797e+00
1.910013914108276367e+00
1.916970014572143555e+00
1.908771514892578125e+00
1.916483879089355469e+00
1.906986713409423828e+00
1.906306982040405273e+00
1.913933992385864258e+00
1.906295537948608398e+00
1.911856174468994141e+00
1.912981510162353516e+00
1.906906127929687500e+00
1.908086299896240234e+00
1.917999744415283203e+00
1.917986869812011719e+00
1.918366670608520508e+00
1.918956756591796875e+00
1.911867380142211914e+00
1.901634216308593750e+00
1.913415670394897461e+00
1.918960571289062500e+00
1.914557218551635742e+00
1.920008420944213867e+00
1.924511194229125977e+00
1.917075157165527344e+00
1.926584720611572266e+00
1.900887489318847656e+00
1.905228614807128906e+00
1.904228687286376953e+00
1.901641368865966797e+00
1.908089876174926758e+00
1.907875299453735352e+00
1.895335197448730469e+00
1.895898580551147461e+00
1.894742488861083984e+00
1.894615411758422852e+00
1.899222612380981445e+00
1.897679328918457031e+00
1.910212755203247070e+00
1.897381782531738281e+00
1.894915103912353516e+00
1.896793365478515625e+00
1.896624803543090820e+00
1.897138357162475586e+00
1.902554273605346680e+00
1.904005050659179688e+00
1.899675130844116211e+00
1.903229713439941406e+00
1.914064407348632812e+00
1.913937091827392578e+00
1.923123121261596680e+00
1.913222551345825195e+00
1.926393508911132812e+00
1.913369655609130859e+00
1.913840770721435547e+00
1.911680221557617188e+00
1.914155244827270508e+00
1.915764808654785156e+00
1.927782535552978516e+00
1.914287090301513672e+00
1.913688421249389648e+00
1.926625251770019531e+00
1.917052268981933594e+00
1.905757904052734375e+00
1.904422760009765625e+00
1.920849084854125977e+00
1.911549568176269531e+00
1.902382373809814453e+00
1.903919696807861328e+00
1.920706033706665039e+00
