1.933143377304077148e+00
4.301221370697021484e-01
4.308819770812988281e-01
4.309344291687011719e-01
4.301834106445312500e-01
4.339354038238525391e-01
4.399068355560302734e-01
4.321987628936767578e-01
4.289298057556152344e-01
4.286611080169677734e-01
4.257862567901611328e-01
4.262163639068603516e-01
4.240880012512207031e-01
4.238569736480712891e-01
4.247660636901855469e-01
4.234044551849365234e-01
4.243092536926269531e-01
4.220829010009765625e-01
4.202055931091308594e-01
4.239487648010253906e-01
4.232189655303955078e-01
4.231300354003906250e-01
4.446620941162109375e-01
4.280660152435302734e-01
4.278290271759033203e-01
4.267990589141845703e-01
4.269354343414306641e-01
4.318645000457763672e-01
4.270226955413818359e-01
4.320721626281738281e-01
4.300694465637207031e-01
4.299447536468505859e-01
4.278674125671386719e-01
4.270257949829101562e-01
4.290676116943359375e-01
4.253008365631103516e-01
4.271824359893798828e-01
4.268493652343750000e-01
4.283385276794433594e-01
4.280850887298583984e-01
4.253013134002685547e-01
4.260380268096923828e-01
4.266715049743652344e-01
4.264788627624511719e-01
4.254891872406005859e-01
4.279844760894775391e-01
4.258501529693603516e-01
4.269266128540039062e-01
4.237475395202636719e-01
4.248819351196289062e-01
4.255101680755615234e-01
4.271266460418701172e-01
4.249901771545410156e-01
4.244637489318847656e-01
4.267792701721191406e-01
4.251801967620849609e-01
4.237637519836425781e-01
4.274415969848632812e-01
4.289746284484863281e-01
4.272382259368896484e-01
4.282369613647460938e-01
4.262630939483642578e-01
4.251179695129394531e-01
4.250462055206298828e-01
4.249877929687500000e-01
4.278554916381835938e-01
4.297244548797607422e-01
4.289791584014892578e-01
4.337751865386962891e-01
4.320571422576904297e-01
4.356427192687988281e-01
4.347422122955322266e-01
4.358375072479248047e-01
4.392602443695068359e-01
4.356572628021240234e-01
4.385802745819091797e-01
4.473879337310791016e-01
4.373190402984619141e-01
4.399888515472412109e-01
4.425055980682373047e-01
4.372091293334960938e-01
4.363551139831542969e-01
4.369683265686035156e-01
4.383409023284912109e-01
4.382700920104980469e-01
4.440062046051025391e-01
4.395573139190673828e-01
4.419269561767578125e-01
4.425883293151855469e-01
4.412043094635009766e-01
4.406013488769531250e-01
4.430651664733886719e-01
4.404993057250976562e-01
4.420619010925292969e-01
4.384155273437500000e-01
4.385662078857421875e-01
4.371154308319091797e-01
4.344229698181152344e-01
4.327580928802490234e-01
4.353818893432617188e-01
4.315774440765380859e-01
4.337449073791503906e-01
4.357511997222900391e-01
4.350247383117675781e-01
4.370038509368896484e-01
4.360985755920410156e-01
4.312546253204345703e-01
4.353177547454833984e-01
4.330258369445800781e-01
4.344713687896728516e-01
4.348680973052978516e-01
4.332382678985595703e-01
4.341845512390136719e-01
4.374911785125732422e-01
4.329102039337158203e-01
4.347758293151855469e-01
4.325833320617675781e-01
4.308419227600097656e-01
4.317312240600585938e-01
4.311404228210449219e-01
4.314582347869873047e-01
4.330792427062988281e-01
4.333274364471435547e-01
4.349462985992431641e-01
4.319975376129150391e-01
4.330329895019531250e-01
4.333937168121337891e-01
4.306788444519042969e-01
4.315965175628662109e-01
4.308340549468994141e-01
4.309287071228027344e-01
4.311957359313964844e-01
4.317631721496582031e-01
4.303586483001708984e-01
4.315633773803710938e-01
4.309849739074707031e-01
4.330658912658691406e-01
4.382562637329101562e-01
4.406037330627441406e-01
4.404182434082031250e-01
4.423482418060302734e-01
4.443373680114746094e-01
4.460523128509521484e-01
4.447810649871826172e-01
4.449448585510253906e-01
4.441988468170166016e-01
4.453818798065185547e-01
4.428365230560302734e-01
4.415404796600341797e-01
4.449415206909179688e-01
4.440712928771972656e-01
4.431531429290771484e-01
4.407649040222167969e-01
4.432516098022460938e-01
4.409422874450683594e-01
4.415695667266845703e-01
4.405519962310791016e-01
4.454605579376220703e-01
4.428122043609619141e-01
4.444885253906250000e-01
4.436597824096679688e-01
4.429378509521484375e-01
4.419877529144287109e-01
4.428095817565917969e-01
4.376556873321533203e-01
4.385128021240234375e-01
4.361910820007324219e-01
4.335746765136718750e-01
4.339590072631835938e-01
4.327661991119384766e-01
4.352242946624755859e-01
4.350647926330566406e-01
4.335649013519287109e-01
4.354417324066162109e-01
4.335210323333740234e-01
4.323565959930419922e-01
4.337499141693115234e-01
4.325745105743408203e-01
4.334621429443359375e-01
4.325520992279052734e-01
4.341177940368652344e-01
4.335973262786865234e-01
4.306716918945312500e-01
4.331343173980712891e-01
4.320478439331054688e-01
4.325568675994873047e-01
4.337112903594970703e-01
4.337673187255859375e-01
4.313437938690185547e-01
4.364635944366455078e-01
4.314184188842773438e-01
4.302725791931152344e-01
4.317920207977294922e-01
4.318392276763916016e-01
4.308538436889648438e-01
4.310939311981201172e-01
4.315009117126464844e-01
4.311778545379638672e-01
4.317121505737304688e-01
4.315385818481445312e-01
