1.385993242263793945e+00
1.269649028778076172e+00
1.274085998535156250e+00
1.382098913192749023e+00
1.262569665908813477e+00
1.268200635910034180e+00
1.254304409027099609e+00
1.316326141357421875e+00
1.436859130859375000e+00
1.354948282241821289e+00
1.331420183181762695e+00
1.291489362716674805e+00
1.265701770782470703e+00
1.253849029541015625e+00
1.264331817626953125e+00
1.255169630050659180e+00
1.263813972473144531e+00
1.246113777160644531e+00
1.258816719055175781e+00
1.251995563507080078e+00
1.260126352310180664e+00
1.260427474975585938e+00
1.290302753448486328e+00
1.431243658065795898e+00
1.352312326431274414e+00
1.335440397262573242e+00
1.331646919250488281e+00
1.328055143356323242e+00
1.329582691192626953e+00
1.314896583557128906e+00
1.312135934829711914e+00
1.295208930969238281e+00
1.295347690582275391e+00
1.295328140258789062e+00
1.252162933349609375e+00
1.250663280487060547e+00
1.248841762542724609e+00
1.258658170700073242e+00
1.248928785324096680e+00
1.250772714614868164e+00
1.264287948608398438e+00
1.246857643127441406e+00
1.241580247879028320e+00
1.266245841979980469e+00
1.246294260025024414e+00
1.248210430145263672e+00
1.266709804534912109e+00
1.250899553298950195e+00
1.257808923721313477e+00
1.245481729507446289e+00
1.275760650634765625e+00
1.239903688430786133e+00
1.340375661849975586e+00
1.238586425781250000e+00
1.238850116729736328e+00
1.249701738357543945e+00
1.252370595932006836e+00
1.244531631469726562e+00
1.258682727813720703e+00
1.254610300064086914e+00
1.248973369598388672e+00
1.249831676483154297e+00
1.348006725311279297e+00
1.237694978713989258e+00
1.239728212356567383e+00
1.253760337829589844e+00
1.243238925933837891e+00
1.256119251251220703e+00
1.247369050979614258e+00
1.248329401016235352e+00
1.239561080932617188e+00
1.241495609283447266e+00
1.234811544418334961e+00
1.253973484039306641e+00
1.235406398773193359e+00
1.237433910369873047e+00
1.258881330490112305e+00
1.232579708099365234e+00
1.256136655807495117e+00
1.283652782440185547e+00
1.255771160125732422e+00
1.258322000503540039e+00
1.249311923980712891e+00
1.237567901611328125e+00
1.257835626602172852e+00
1.251198053359985352e+00
1.230751752853393555e+00
1.250752925872802734e+00
1.249536991119384766e+00
1.233160495758056641e+00
1.240836620330810547e+00
1.247319936752319336e+00
1.337157726287841797e+00
1.267491340637207031e+00
1.273151397705078125e+00
1.309540748596191406e+00
1.307850122451782227e+00
1.348952054977416992e+00
1.328360080718994141e+00
1.326157569885253906e+00
1.337678194046020508e+00
1.291717529296875000e+00
1.297878026962280273e+00
1.397580862045288086e+00
1.278372526168823242e+00
1.272910356521606445e+00
1.267402172088623047e+00
1.247699975967407227e+00
1.242481708526611328e+00
1.243372917175292969e+00
1.263230085372924805e+00
1.232686519622802734e+00
1.238865613937377930e+00
1.247218132019042969e+00
1.226871252059936523e+00
1.245393276214599609e+00
1.251493692398071289e+00
1.258246898651123047e+00
1.335764646530151367e+00
1.249634742736816406e+00
1.245737314224243164e+00
1.235548973083496094e+00
1.251014947891235352e+00
1.249600172042846680e+00
1.248562335968017578e+00
1.244331121444702148e+00
1.241982460021972656e+00
1.238187789916992188e+00
1.326638460159301758e+00
1.265314817428588867e+00
1.245420217514038086e+00
1.243485689163208008e+00
1.252032518386840820e+00
1.335340023040771484e+00
1.250917673110961914e+00
1.225851297378540039e+00
1.249240875244140625e+00
1.243543863296508789e+00
1.344070911407470703e+00
1.269293785095214844e+00
1.255836725234985352e+00
1.243954658508300781e+00
1.257778644561767578e+00
1.337833881378173828e+00
1.256267786026000977e+00
1.254383563995361328e+00
1.228459358215332031e+00
1.258344173431396484e+00
1.251300811767578125e+00
1.237403631210327148e+00
1.245052337646484375e+00
1.243367671966552734e+00
1.250547409057617188e+00
1.246800899505615234e+00
1.261355876922607422e+00
1.245093584060668945e+00
1.254539489746093750e+00
1.233852386474609375e+00
1.336933374404907227e+00
1.253119468688964844e+00
1.245746135711669922e+00
1.267150878906250000e+00
1.249602556228637695e+00
1.278973102569580078e+00
1.311324357986450195e+00
1.317693471908569336e+00
1.341523885726928711e+00
1.348287343978881836e+00
1.339696645736694336e+00
1.422526121139526367e+00
1.310113668441772461e+00
1.308347940444946289e+00
1.302451133728027344e+00
1.287351608276367188e+00
1.372476339340209961e+00
1.251202821731567383e+00
1.253941774368286133e+00
1.262080430984497070e+00
1.249367237091064453e+00
1.346964359283447266e+00
1.236830234527587891e+00
1.259093523025512695e+00
1.265797615051269531e+00
1.241443395614624023e+00
1.352186203002929688e+00
1.253757238388061523e+00
1.233289241790771484e+00
1.261342048645019531e+00
1.245020627975463867e+00
1.232610702514648438e+00
1.255837917327880859e+00
1.221951007843017578e+00
1.262619972229003906e+00
1.235824346542358398e+00
1.245869636535644531e+00
1.250557184219360352e+00
1.245823860168457031e+00
1.258226871490478516e+00
1.237741708755493164e+00
1.267929077148437500e+00
