1.385994434356689453e+00
1.269650459289550781e+00
1.274086475372314453e+00
1.382099866867065430e+00
1.262567520141601562e+00
1.268191337585449219e+00
1.254301071166992188e+00
1.316324949264526367e+00
1.436856031417846680e+00
1.354946136474609375e+00
1.331421852111816406e+00
1.291481733322143555e+00
1.265699863433837891e+00
1.253848075866699219e+00
1.264333963394165039e+00
1.255169391632080078e+00
1.263813018798828125e+00
1.246112585067749023e+00
1.258814096450805664e+00
1.251997232437133789e+00
1.260127067565917969e+00
1.260427713394165039e+00
1.290303230285644531e+00
1.431244134902954102e+00
1.352314949035644531e+00
1.335437059402465820e+00
1.331647396087646484e+00
1.328056097030639648e+00
1.329581022262573242e+00
1.314895391464233398e+00
1.312134981155395508e+00
1.295208215713500977e+00
1.295349836349487305e+00
1.295329570770263672e+00
1.252161026000976562e+00
1.250663042068481445e+00
1.248842954635620117e+00
1.258653402328491211e+00
1.248927831649780273e+00
1.250771760940551758e+00
1.264287471771240234e+00
1.246857404708862305e+00
1.241580009460449219e+00
1.266244888305664062e+00
1.246294975280761719e+00
1.248213291168212891e+00
1.266708374023437500e+00
1.250900983810424805e+00
1.257812976837158203e+00
1.245485067367553711e+00
1.275757551193237305e+00
1.239902734756469727e+00
1.340372800827026367e+00
1.238597154617309570e+00
1.238849639892578125e+00
1.249699592590332031e+00
1.252368450164794922e+00
1.244527339935302734e+00
1.258682250976562500e+00
1.254611015319824219e+00
1.248973608016967773e+00
1.249832630157470703e+00
1.348009586334228516e+00
1.237697124481201172e+00
1.239728450775146484e+00
1.253760576248168945e+00
1.243239402770996094e+00
1.256119966506958008e+00
1.247368574142456055e+00
1.248331069946289062e+00
1.239559888839721680e+00
1.241496801376342773e+00
1.234810829162597656e+00
1.253971099853515625e+00
1.235405445098876953e+00
1.237433671951293945e+00
1.258878469467163086e+00
1.232578754425048828e+00
1.256134986877441406e+00
1.283649444580078125e+00
1.255772113800048828e+00
1.258321046829223633e+00
1.249312400817871094e+00
1.237570762634277344e+00
1.257838010787963867e+00
1.251198053359985352e+00
1.230753183364868164e+00
1.250755786895751953e+00
1.249536275863647461e+00
1.233161449432373047e+00
1.240836620330810547e+00
1.247321605682373047e+00
1.337155342102050781e+00
1.267489671707153320e+00
1.273149967193603516e+00
1.309541702270507812e+00
1.307848691940307617e+00
1.348945140838623047e+00
1.328357934951782227e+00
1.326160430908203125e+00
1.337674617767333984e+00
1.291716098785400391e+00
1.297875881195068359e+00
1.397576808929443359e+00
1.278372764587402344e+00
1.272908687591552734e+00
1.267403602600097656e+00
1.247699260711669922e+00
1.242483615875244141e+00
1.243374109268188477e+00
1.263224840164184570e+00
1.232686996459960938e+00
1.238863468170166016e+00
1.247215509414672852e+00
1.226873159408569336e+00
1.245391130447387695e+00
1.251493692398071289e+00
1.258239269256591797e+00
1.335763454437255859e+00
1.249635696411132812e+00
1.245734691619873047e+00
1.235549926757812500e+00
1.251015424728393555e+00
1.249601125717163086e+00
1.248562335968017578e+00
1.244329452514648438e+00
1.241980791091918945e+00
1.238187551498413086e+00
1.326638936996459961e+00
1.265316486358642578e+00
1.245420217514038086e+00
1.243492126464843750e+00
1.252034425735473633e+00
1.335338354110717773e+00
1.250920534133911133e+00
1.225852012634277344e+00
1.249239921569824219e+00
1.243545532226562500e+00
1.344071388244628906e+00
1.269292593002319336e+00
1.255836963653564453e+00
1.243952512741088867e+00
1.257778406143188477e+00
1.337832450866699219e+00
1.256265640258789062e+00
1.254384756088256836e+00
1.228459596633911133e+00
1.258343458175659180e+00
1.251300334930419922e+00
1.237402200698852539e+00
1.245052814483642578e+00
1.243370532989501953e+00
1.250544548034667969e+00
1.246801376342773438e+00
1.261355638504028320e+00
1.245093107223510742e+00
1.254536867141723633e+00
1.233853340148925781e+00
1.336934089660644531e+00
1.253119230270385742e+00
1.245745658874511719e+00
1.267149925231933594e+00
1.249595165252685547e+00
1.278973579406738281e+00
1.311324357986450195e+00
1.317691326141357422e+00
1.341523408889770508e+00
1.348284721374511719e+00
1.339696884155273438e+00
1.422528743743896484e+00
1.310111522674560547e+00
1.308346033096313477e+00
1.302450895309448242e+00
1.287352085113525391e+00
1.372477293014526367e+00
1.251201629638671875e+00
1.253942728042602539e+00
1.262081384658813477e+00
1.249364614486694336e+00
1.346962451934814453e+00
1.236828088760375977e+00
1.259091138839721680e+00
1.265799045562744141e+00
1.241443395614624023e+00
1.352187156677246094e+00
1.253754377365112305e+00
1.233289480209350586e+00
1.261340379714965820e+00
1.245020151138305664e+00
1.232608079910278320e+00
1.255835056304931641e+00
1.221950054168701172e+00
1.262618064880371094e+00
1.235826730728149414e+00
1.245870113372802734e+00
1.250554800033569336e+00
1.245822429656982422e+00
1.258223295211791992e+00
1.237741470336914062e+00
1.267928123474121094e+00
