1.385985851287841797e+00
1.269645690917968750e+00
1.274067640304565430e+00
1.382089853286743164e+00
1.262557506561279297e+00
1.268180847167968750e+00
1.254301786422729492e+00
1.316329002380371094e+00
1.436852455139160156e+00
1.354983806610107422e+00
1.331428766250610352e+00
1.291473388671875000e+00
1.265703678131103516e+00
1.253833055496215820e+00
1.264345407485961914e+00
1.255173206329345703e+00
1.263814210891723633e+00
1.246124744415283203e+00
1.258821725845336914e+00
1.252018928527832031e+00
1.260121345520019531e+00
1.260425090789794922e+00
1.290310382843017578e+00
1.431254148483276367e+00
1.352311849594116211e+00
1.335440635681152344e+00
1.331660032272338867e+00
1.328067779541015625e+00
1.329567193984985352e+00
1.314903497695922852e+00
1.312141180038452148e+00
1.295230627059936523e+00
1.295367717742919922e+00
1.295335054397583008e+00
1.252148628234863281e+00
1.250652790069580078e+00
1.248852491378784180e+00
1.258635282516479492e+00
1.248927354812622070e+00
1.250766515731811523e+00
1.264285564422607422e+00
1.246853590011596680e+00
1.241607189178466797e+00
1.266241550445556641e+00
1.246290922164916992e+00
1.248225212097167969e+00
1.266703605651855469e+00
1.250900983810424805e+00
1.257833003997802734e+00
1.245491504669189453e+00
1.275745391845703125e+00
1.239899396896362305e+00
1.340359210968017578e+00
1.238602161407470703e+00
1.238830327987670898e+00
1.249685049057006836e+00
1.252354145050048828e+00
1.244516849517822266e+00
1.258689880371093750e+00
1.254623651504516602e+00
1.248983383178710938e+00
1.249817132949829102e+00
1.348022937774658203e+00
1.237720489501953125e+00
1.239725828170776367e+00
1.253776073455810547e+00
1.243237733840942383e+00
1.256113767623901367e+00
1.247378349304199219e+00
1.248331546783447266e+00
1.239553213119506836e+00
1.241513967514038086e+00
1.234806537628173828e+00
1.253946781158447266e+00
1.235411882400512695e+00
1.237456083297729492e+00
1.258866548538208008e+00
1.232579231262207031e+00
1.256164312362670898e+00
1.283641099929809570e+00
1.255791187286376953e+00
1.258327245712280273e+00
1.249313831329345703e+00
1.237576007843017578e+00
1.257836341857910156e+00
1.251196384429931641e+00
1.230767488479614258e+00
1.250755310058593750e+00
1.249541759490966797e+00
1.233150482177734375e+00
1.240828275680541992e+00
1.247322797775268555e+00
1.337159872055053711e+00
1.267498970031738281e+00
1.273184537887573242e+00
1.309553623199462891e+00
1.307851314544677734e+00
1.348951578140258789e+00
1.328344583511352539e+00
1.326167821884155273e+00
1.337664604187011719e+00
1.291724443435668945e+00
1.297894239425659180e+00
1.397561550140380859e+00
1.278375625610351562e+00
1.272924900054931641e+00
1.267436027526855469e+00
1.247674703598022461e+00
1.242499828338623047e+00
1.243385791778564453e+00
1.263226032257080078e+00
1.232687950134277344e+00
1.238865375518798828e+00
1.247215747833251953e+00
1.226876258850097656e+00
1.245397806167602539e+00
1.251481294631958008e+00
1.258240699768066406e+00
1.335759639739990234e+00
1.249655246734619141e+00
1.245722532272338867e+00
1.235556364059448242e+00
1.251022577285766602e+00
1.249599218368530273e+00
1.248579025268554688e+00
1.244337320327758789e+00
1.241984605789184570e+00
1.238183259963989258e+00
1.326638460159301758e+00
1.265327930450439453e+00
1.245418787002563477e+00
1.243484973907470703e+00
1.252045631408691406e+00
1.335326194763183594e+00
1.250936031341552734e+00
1.225847959518432617e+00
1.249259233474731445e+00
1.243560075759887695e+00
1.344083070755004883e+00
1.269297838211059570e+00
1.255840301513671875e+00
1.243936777114868164e+00
1.257805347442626953e+00
1.337819814682006836e+00
1.256251335144042969e+00
1.254406213760375977e+00
1.228475332260131836e+00
1.258343696594238281e+00
1.251301765441894531e+00
1.237417936325073242e+00
1.245055675506591797e+00
1.243381261825561523e+00
1.250560522079467773e+00
1.246786832809448242e+00
1.261354923248291016e+00
1.245081663131713867e+00
1.254528999328613281e+00
1.233852148056030273e+00
1.336963415145874023e+00
1.253143310546875000e+00
1.245756149291992188e+00
1.267152309417724609e+00
1.249582290649414062e+00
1.278978347778320312e+00
1.311324596405029297e+00
1.317668676376342773e+00
1.341533899307250977e+00
1.348267793655395508e+00
1.339698791503906250e+00
1.422544002532958984e+00
1.310095071792602539e+00
1.308332920074462891e+00
1.302464723587036133e+00
1.287369489669799805e+00
1.372490644454956055e+00
1.251205444335937500e+00
1.253945589065551758e+00
1.262081146240234375e+00
1.249347209930419922e+00
1.346971035003662109e+00
1.236834526062011719e+00
1.259078741073608398e+00
1.265824079513549805e+00
1.241445064544677734e+00
1.352207899093627930e+00
1.253750562667846680e+00
1.233310222625732422e+00
1.261325597763061523e+00
1.245026826858520508e+00
1.232613801956176758e+00
1.255821228027343750e+00
1.221964836120605469e+00
1.262603759765625000e+00
1.235841274261474609e+00
1.245867252349853516e+00
1.250540733337402344e+00
1.245808124542236328e+00
1.258230209350585938e+00
1.237739562988281250e+00
1.267928838729858398e+00
