1.911896944046020508e+00
4.210975170135498047e-01
4.236803054809570312e-01
4.246673583984375000e-01
4.230990409851074219e-01
4.321284294128417969e-01
4.302189350128173828e-01
4.294157028198242188e-01
4.287717342376708984e-01
4.253122806549072266e-01
4.232389926910400391e-01
4.239587783813476562e-01
4.221870899200439453e-01
4.224166870117187500e-01
4.222269058227539062e-01
4.228453636169433594e-01
4.226806163787841797e-01
4.206683635711669922e-01
4.217758178710937500e-01
4.214284420013427734e-01
4.231348037719726562e-01
4.217517375946044922e-01
4.273600578308105469e-01
4.282100200653076172e-01
4.251577854156494141e-01
4.226610660552978516e-01
4.249801635742187500e-01
4.231617450714111328e-01
4.236917495727539062e-01
4.228897094726562500e-01
4.226610660552978516e-01
4.198796749114990234e-01
4.192788600921630859e-01
4.190597534179687500e-01
4.209561347961425781e-01
4.201831817626953125e-01
4.182810783386230469e-01
4.225127696990966797e-01
4.190416336059570312e-01
4.197201728820800781e-01
4.196772575378417969e-01
4.204330444335937500e-01
4.205415248870849609e-01
4.305603504180908203e-01
4.209895133972167969e-01
4.217975139617919922e-01
4.191672801971435547e-01
4.225871562957763672e-01
4.201364517211914062e-01
4.193596839904785156e-01
4.206345081329345703e-01
4.225184917449951172e-01
4.219665527343750000e-01
4.216473102569580078e-01
4.229178428649902344e-01
4.224116802215576172e-01
4.215033054351806641e-01
4.194321632385253906e-01
4.191160202026367188e-01
4.193477630615234375e-01
4.213540554046630859e-01
4.218428134918212891e-01
4.236218929290771484e-01
4.238870143890380859e-01
4.232127666473388672e-01
4.258275032043457031e-01
4.238579273223876953e-01
4.274923801422119141e-01
4.292316436767578125e-01
4.284174442291259766e-01
4.291253089904785156e-01
4.307529926300048828e-01
4.348101615905761719e-01
4.291851520538330078e-01
4.299876689910888672e-01
4.309599399566650391e-01
4.374659061431884766e-01
4.341962337493896484e-01
4.351537227630615234e-01
4.437224864959716797e-01
4.350056648254394531e-01
4.321537017822265625e-01
4.400937557220458984e-01
4.329147338867187500e-01
4.298365116119384766e-01
4.366168975830078125e-01
4.319753646850585938e-01
4.339942932128906250e-01
4.344646930694580078e-01
4.346427917480468750e-01
4.336209297180175781e-01
4.382774829864501953e-01
4.366943836212158203e-01
4.350655078887939453e-01
4.322354793548583984e-01
4.324729442596435547e-01
4.305765628814697266e-01
4.274704456329345703e-01
4.277031421661376953e-01
4.317095279693603516e-01
4.258198738098144531e-01
4.268231391906738281e-01
4.257154464721679688e-01
4.276103973388671875e-01
4.254622459411621094e-01
4.269368648529052734e-01
4.286432266235351562e-01
4.288914203643798828e-01
4.268438816070556641e-01
4.265241622924804688e-01
4.270830154418945312e-01
4.266211986541748047e-01
4.259879589080810547e-01
4.273750782012939453e-01
4.283618927001953125e-01
4.250245094299316406e-01
4.262001514434814453e-01
4.247198104858398438e-01
4.236090183258056641e-01
4.230785369873046875e-01
4.271574020385742188e-01
4.252490997314453125e-01
4.254357814788818359e-01
4.256699085235595703e-01
4.277353286743164062e-01
4.263718128204345703e-01
4.264719486236572266e-01
4.268682003021240234e-01
4.264895915985107422e-01
4.256491661071777344e-01
4.261682033538818359e-01
4.252808094024658203e-01
4.267597198486328125e-01
4.261300563812255859e-01
4.290790557861328125e-01
4.269099235534667969e-01
4.301483631134033203e-01
4.294304847717285156e-01
4.300928115844726562e-01
4.300334453582763672e-01
4.327888488769531250e-01
4.342038631439208984e-01
4.337453842163085938e-01
4.350371360778808594e-01
4.352765083312988281e-01
4.325499534606933594e-01
4.334836006164550781e-01
4.365448951721191406e-01
4.351141452789306641e-01
4.321107864379882812e-01
4.341628551483154297e-01
4.350998401641845703e-01
4.356985092163085938e-01
4.333715438842773438e-01
4.351625442504882812e-01
4.349279403686523438e-01
4.331262111663818359e-01
4.369561672210693359e-01
4.360678195953369141e-01
4.389884471893310547e-01
4.345648288726806641e-01
4.355933666229248047e-01
4.369759559631347656e-01
4.365873336791992188e-01
4.361152648925781250e-01
4.335281848907470703e-01
4.320411682128906250e-01
4.351146221160888672e-01
4.367904663085937500e-01
4.306604862213134766e-01
4.332649707794189453e-01
4.282901287078857422e-01
4.298596382141113281e-01
4.294552803039550781e-01
4.289941787719726562e-01
4.290792942047119141e-01
4.308927059173583984e-01
4.270465373992919922e-01
4.301414489746093750e-01
4.285714626312255859e-01
4.309239387512207031e-01
4.280533790588378906e-01
4.283719062805175781e-01
4.274606704711914062e-01
4.277620315551757812e-01
4.278571605682373047e-01
4.282402992248535156e-01
4.314031600952148438e-01
4.293472766876220703e-01
4.296679496765136719e-01
4.419019222259521484e-01
4.280724525451660156e-01
4.276392459869384766e-01
4.282801151275634766e-01
4.283351898193359375e-01
4.289281368255615234e-01
4.287688732147216797e-01
4.288201332092285156e-01
4.288880825042724609e-01
4.290525913238525391e-01
