1.974642992019653320e+00
4.465854167938232422e-01
4.298863410949707031e-01
4.310274124145507812e-01
4.297237396240234375e-01
4.301199913024902344e-01
4.319143295288085938e-01
4.304521083831787109e-01
4.284791946411132812e-01
4.247877597808837891e-01
4.256098270416259766e-01
4.248208999633789062e-01
4.245820045471191406e-01
4.271445274353027344e-01
4.264936447143554688e-01
4.244410991668701172e-01
4.278297424316406250e-01
4.255545139312744141e-01
4.225280284881591797e-01
4.265120029449462891e-01
4.243814945220947266e-01
4.259326457977294922e-01
4.467155933380126953e-01
4.317300319671630859e-01
4.283816814422607422e-01
4.263737201690673828e-01
4.271025657653808594e-01
4.324603080749511719e-01
4.277195930480957031e-01
4.285640716552734375e-01
4.287028312683105469e-01
4.295773506164550781e-01
4.245793819427490234e-01
4.258460998535156250e-01
4.274551868438720703e-01
4.257855415344238281e-01
4.260504245758056641e-01
4.257209300994873047e-01
4.270150661468505859e-01
4.257259368896484375e-01
4.268772602081298828e-01
4.246926307678222656e-01
4.253852367401123047e-01
4.261312484741210938e-01
4.250898361206054688e-01
4.263243675231933594e-01
4.250383377075195312e-01
4.249825477600097656e-01
4.236075878143310547e-01
4.265463352203369141e-01
4.280233383178710938e-01
4.270501136779785156e-01
4.259796142578125000e-01
4.233338832855224609e-01
4.273755550384521484e-01
4.269430637359619141e-01
4.254500865936279297e-01
4.243984222412109375e-01
4.243352413177490234e-01
4.238607883453369141e-01
4.243123531341552734e-01
4.274470806121826172e-01
4.261896610260009766e-01
4.260053634643554688e-01
4.272334575653076172e-01
4.278838634490966797e-01
4.298138618469238281e-01
4.289138317108154297e-01
4.318616390228271484e-01
4.337580204010009766e-01
4.334239959716796875e-01
4.363353252410888672e-01
4.366188049316406250e-01
4.370570182800292969e-01
4.375936985015869141e-01
4.378864765167236328e-01
4.432299137115478516e-01
4.379334449768066406e-01
4.396181106567382812e-01
4.406466484069824219e-01
4.385190010070800781e-01
4.390270709991455078e-01
4.378039836883544922e-01
4.393999576568603516e-01
4.406051635742187500e-01
4.424285888671875000e-01
4.398434162139892578e-01
4.418067932128906250e-01
4.403364658355712891e-01
4.393260478973388672e-01
4.420194625854492188e-01
4.466373920440673828e-01
4.435796737670898438e-01
4.412083625793457031e-01
4.416174888610839844e-01
4.382395744323730469e-01
4.365983009338378906e-01
4.368438720703125000e-01
4.328956604003906250e-01
4.352993965148925781e-01
4.316530227661132812e-01
4.323391914367675781e-01
4.349629878997802734e-01
4.331426620483398438e-01
4.336404800415039062e-01
4.315321445465087891e-01
4.304904937744140625e-01
4.331142902374267578e-01
4.300079345703125000e-01
4.309408664703369141e-01
4.331884384155273438e-01
4.300742149353027344e-01
4.304502010345458984e-01
4.329380989074707031e-01
4.326124191284179688e-01
4.311411380767822266e-01
4.311511516571044922e-01
4.315903186798095703e-01
4.338641166687011719e-01
4.309546947479248047e-01
4.300162792205810547e-01
4.315898418426513672e-01
4.313254356384277344e-01
4.320433139801025391e-01
4.302983283996582031e-01
4.305069446563720703e-01
4.298539161682128906e-01
4.305574893951416016e-01
4.313282966613769531e-01
4.303965568542480469e-01
4.328584671020507812e-01
4.310588836669921875e-01
4.305896759033203125e-01
4.315514564514160156e-01
4.312143325805664062e-01
4.301931858062744141e-01
4.332025051116943359e-01
4.336030483245849609e-01
4.353675842285156250e-01
4.371168613433837891e-01
4.393618106842041016e-01
4.387977123260498047e-01
4.413063526153564453e-01
4.407353401184082031e-01
4.402158260345458984e-01
4.426805973052978516e-01
4.417762756347656250e-01
4.405658245086669922e-01
4.400572776794433594e-01
4.411220550537109375e-01
4.424598217010498047e-01
4.437994956970214844e-01
4.392251968383789062e-01
4.425172805786132812e-01
4.392030239105224609e-01
4.409105777740478516e-01
4.402403831481933594e-01
4.421162605285644531e-01
4.432096481323242188e-01
4.424152374267578125e-01
4.416811466217041016e-01
4.428761005401611328e-01
4.415287971496582031e-01
4.407348632812500000e-01
4.360406398773193359e-01
4.388737678527832031e-01
4.361224174499511719e-01
4.309885501861572266e-01
4.350924491882324219e-01
4.318997859954833984e-01
4.341850280761718750e-01
4.351415634155273438e-01
4.325623512268066406e-01
4.347324371337890625e-01
4.329936504364013672e-01
4.331138134002685547e-01
4.326357841491699219e-01
4.324474334716796875e-01
4.344558715820312500e-01
4.311714172363281250e-01
4.325826168060302734e-01
4.366154670715332031e-01
4.302356243133544922e-01
4.312939643859863281e-01
4.321994781494140625e-01
4.315590858459472656e-01
4.308516979217529297e-01
4.326636791229248047e-01
4.332337379455566406e-01
4.355609416961669922e-01
4.328324794769287109e-01
4.337024688720703125e-01
4.334852695465087891e-01
4.326453208923339844e-01
4.342257976531982422e-01
4.334278106689453125e-01
4.321587085723876953e-01
4.306066036224365234e-01
4.318852424621582031e-01
4.307258129119873047e-01
