1.015625000000000000e-01
2.578125000000000000e-01
3.906250000000000000e-01
3.906250000000000000e-01
4.140625000000000000e-01
4.296875000000000000e-01
4.140625000000000000e-01
4.609375000000000000e-01
4.375000000000000000e-01
4.296875000000000000e-01
3.750000000000000000e-01
5.234375000000000000e-01
3.906250000000000000e-01
4.453125000000000000e-01
5.625000000000000000e-01
4.296875000000000000e-01
5.234375000000000000e-01
5.156250000000000000e-01
5.312500000000000000e-01
5.312500000000000000e-01
4.921875000000000000e-01
4.921875000000000000e-01
4.765625000000000000e-01
5.859375000000000000e-01
4.921875000000000000e-01
5.703125000000000000e-01
5.156250000000000000e-01
5.156250000000000000e-01
6.250000000000000000e-01
5.859375000000000000e-01
5.546875000000000000e-01
4.687500000000000000e-01
5.234375000000000000e-01
5.390625000000000000e-01
6.093750000000000000e-01
5.625000000000000000e-01
4.843750000000000000e-01
5.546875000000000000e-01
5.078125000000000000e-01
4.843750000000000000e-01
5.703125000000000000e-01
5.625000000000000000e-01
5.312500000000000000e-01
6.718750000000000000e-01
5.156250000000000000e-01
5.703125000000000000e-01
5.703125000000000000e-01
5.781250000000000000e-01
5.390625000000000000e-01
