2.313833236694335938e+00
2.029751777648925781e+00
2.008387088775634766e+00
1.771838545799255371e+00
1.797265291213989258e+00
1.858871340751647949e+00
1.465608477592468262e+00
1.460147738456726074e+00
1.794793725013732910e+00
1.838108420372009277e+00
1.839952707290649414e+00
1.636555552482604980e+00
1.621480584144592285e+00
1.499437093734741211e+00
1.471448183059692383e+00
1.524143457412719727e+00
1.651111245155334473e+00
1.760772705078125000e+00
1.543688535690307617e+00
1.770754933357238770e+00
1.702420473098754883e+00
1.602104425430297852e+00
1.769278645515441895e+00
1.439213871955871582e+00
1.748561024665832520e+00
1.499023199081420898e+00
1.507136821746826172e+00
1.549614787101745605e+00
1.410381674766540527e+00
1.697282791137695312e+00
1.464760541915893555e+00
1.664364337921142578e+00
1.353156447410583496e+00
1.184844136238098145e+00
1.264818072319030762e+00
1.401347994804382324e+00
1.363415598869323730e+00
1.496925711631774902e+00
1.448069334030151367e+00
1.393732905387878418e+00
1.477752327919006348e+00
1.268998503684997559e+00
1.513917803764343262e+00
1.480915904045104980e+00
1.488895535469055176e+00
1.307327985763549805e+00
1.510522961616516113e+00
1.357096791267395020e+00
