2.410511732101440430e+00
2.018514871597290039e+00
1.951502680778503418e+00
1.968128442764282227e+00
2.000798225402832031e+00
1.935524821281433105e+00
2.012232780456542969e+00
1.826788663864135742e+00
1.694986581802368164e+00
1.876345992088317871e+00
1.782440900802612305e+00
1.883603811264038086e+00
1.855097174644470215e+00
1.647235870361328125e+00
1.965061783790588379e+00
1.664706587791442871e+00
1.690042972564697266e+00
1.814569830894470215e+00
1.547422409057617188e+00
1.904203295707702637e+00
1.605138778686523438e+00
1.604980468750000000e+00
1.795661926269531250e+00
1.699226856231689453e+00
1.792466044425964355e+00
1.699384450912475586e+00
1.392659783363342285e+00
1.912028670310974121e+00
1.744654297828674316e+00
1.703368663787841797e+00
1.700515985488891602e+00
1.610888361930847168e+00
