2.090988636016845703e+00
1.604795455932617188e-02
1.150512695312500000e-02
1.068329811096191406e-02
1.073098182678222656e-02
1.072096824645996094e-02
1.061582565307617188e-02
1.067399978637695312e-02
1.069879531860351562e-02
1.062679290771484375e-02
1.066279411315917969e-02
1.049852371215820312e-02
1.074647903442382812e-02
1.060533523559570312e-02
1.051640510559082031e-02
1.061010360717773438e-02
1.047325134277343750e-02
1.076030731201171875e-02
1.068043708801269531e-02
1.074171066284179688e-02
1.052045822143554688e-02
1.071143150329589844e-02
1.079344749450683594e-02
1.069188117980957031e-02
1.073050498962402344e-02
1.068305969238281250e-02
1.063323020935058594e-02
1.064825057983398438e-02
1.072406768798828125e-02
1.070857048034667969e-02
1.104331016540527344e-02
1.077699661254882812e-02
1.068139076232910156e-02
1.067924499511718750e-02
1.063656806945800781e-02
1.062440872192382812e-02
1.085805892944335938e-02
1.065182685852050781e-02
