2.433426618576049805e+00
2.130781888961791992e+00
1.987579584121704102e+00
1.930608153343200684e+00
2.088458538055419922e+00
1.916224479675292969e+00
1.792403697967529297e+00
1.891255855560302734e+00
1.783770680427551270e+00
1.858708858489990234e+00
1.824833035469055176e+00
1.827556848526000977e+00
1.780476331710815430e+00
1.827305674552917480e+00
1.652757883071899414e+00
1.807123303413391113e+00
1.696697831153869629e+00
1.703265547752380371e+00
1.671498894691467285e+00
1.620312452316284180e+00
1.563279986381530762e+00
1.643813848495483398e+00
1.539208650588989258e+00
1.551900744438171387e+00
1.662398934364318848e+00
1.517608880996704102e+00
1.669349074363708496e+00
1.505666375160217285e+00
1.546055912971496582e+00
1.551238656044006348e+00
1.662825107574462891e+00
1.657150983810424805e+00
1.549291968345642090e+00
1.557543754577636719e+00
1.508951306343078613e+00
1.608016490936279297e+00
1.608405828475952148e+00
1.367752671241760254e+00
