2.543874502182006836e+00
1.906498312950134277e+00
2.145187139511108398e+00
1.908747553825378418e+00
1.730066299438476562e+00
1.754200935363769531e+00
1.617277860641479492e+00
1.632578730583190918e+00
1.516662836074829102e+00
1.580678224563598633e+00
1.612419009208679199e+00
1.433996915817260742e+00
1.560843467712402344e+00
1.592723727226257324e+00
1.565852642059326172e+00
1.325416207313537598e+00
1.504895091056823730e+00
1.555600643157958984e+00
1.420604825019836426e+00
1.393208742141723633e+00
1.477110862731933594e+00
1.475758314132690430e+00
1.464086413383483887e+00
1.234330534934997559e+00
1.377785682678222656e+00
1.512329339981079102e+00
1.417539119720458984e+00
1.407030820846557617e+00
1.352519392967224121e+00
1.139707207679748535e+00
1.356103539466857910e+00
1.446994066238403320e+00
1.357254266738891602e+00
1.366414070129394531e+00
1.347668409347534180e+00
1.382872700691223145e+00
1.205910682678222656e+00
1.210004448890686035e+00
1.149412870407104492e+00
