2.546471357345581055e+00
1.767026782035827637e+00
1.856612086296081543e+00
1.381240248680114746e+00
1.274870157241821289e+00
1.081282019615173340e+00
1.194490075111389160e+00
1.301782727241516113e+00
1.245950460433959961e+00
1.217057585716247559e+00
1.039956569671630859e+00
1.181017160415649414e+00
1.234194636344909668e+00
1.238258004188537598e+00
1.266885042190551758e+00
1.510578393936157227e+00
1.100575089454650879e+00
1.133997917175292969e+00
1.193524360656738281e+00
1.430095314979553223e+00
1.072047233581542969e+00
1.395550608634948730e+00
1.018652558326721191e+00
9.670438766479492188e-01
1.175533294677734375e+00
