1.171875000000000000e-01
3.984375000000000000e-01
3.906250000000000000e-01
3.593750000000000000e-01
3.437500000000000000e-01
3.593750000000000000e-01
3.593750000000000000e-01
4.140625000000000000e-01
3.515625000000000000e-01
3.750000000000000000e-01
4.687500000000000000e-01
4.218750000000000000e-01
4.375000000000000000e-01
3.906250000000000000e-01
3.828125000000000000e-01
3.984375000000000000e-01
4.843750000000000000e-01
5.234375000000000000e-01
4.453125000000000000e-01
3.828125000000000000e-01
4.062500000000000000e-01
4.843750000000000000e-01
4.375000000000000000e-01
4.843750000000000000e-01
4.687500000000000000e-01
4.296875000000000000e-01
5.000000000000000000e-01
5.078125000000000000e-01
4.453125000000000000e-01
4.687500000000000000e-01
5.625000000000000000e-01
5.078125000000000000e-01
4.375000000000000000e-01
5.234375000000000000e-01
4.140625000000000000e-01
5.234375000000000000e-01
5.078125000000000000e-01
4.609375000000000000e-01
5.859375000000000000e-01
5.078125000000000000e-01
4.843750000000000000e-01
5.390625000000000000e-01
4.218750000000000000e-01
4.375000000000000000e-01
4.765625000000000000e-01
5.625000000000000000e-01
5.234375000000000000e-01
