7.330205440521240234e-01
6.994330883026123047e-01
6.804592609405517578e-01
6.781716346740722656e-01
7.759702205657958984e-01
6.842896938323974609e-01
6.818122863769531250e-01
6.931965351104736328e-01
6.821618080139160156e-01
6.782910823822021484e-01
7.551505565643310547e-01
6.803712844848632812e-01
6.764349937438964844e-01
6.815011501312255859e-01
6.684319972991943359e-01
6.712737083435058594e-01
7.646756172180175781e-01
6.862840652465820312e-01
6.656866073608398438e-01
6.769909858703613281e-01
6.857779026031494141e-01
6.846442222595214844e-01
6.710226535797119141e-01
6.783454418182373047e-01
6.886861324310302734e-01
6.716794967651367188e-01
6.757295131683349609e-01
7.840049266815185547e-01
6.869473457336425781e-01
6.703736782073974609e-01
6.751613616943359375e-01
6.862554550170898438e-01
7.611238956451416016e-01
6.818568706512451172e-01
6.794190406799316406e-01
7.740447521209716797e-01
6.783664226531982422e-01
6.779642105102539062e-01
7.485733032226562500e-01
6.734812259674072266e-01
6.703519821166992188e-01
6.835269927978515625e-01
6.808290481567382812e-01
6.808147430419921875e-01
6.830549240112304688e-01
6.754853725433349609e-01
6.672749519348144531e-01
7.630617618560791016e-01
6.821048259735107422e-01
6.931662559509277344e-01
7.512199878692626953e-01
6.860108375549316406e-01
6.796202659606933594e-01
6.775772571563720703e-01
6.733942031860351562e-01
6.835434436798095703e-01
6.830430030822753906e-01
6.857211589813232422e-01
7.636735439300537109e-01
6.941237449645996094e-01
6.812162399291992188e-01
6.802062988281250000e-01
6.825630664825439453e-01
6.738734245300292969e-01
6.867809295654296875e-01
6.771621704101562500e-01
7.612235546112060547e-01
6.750917434692382812e-01
6.831305027008056641e-01
6.797235012054443359e-01
6.778583526611328125e-01
6.844999790191650391e-01
6.827745437622070312e-01
6.794261932373046875e-01
6.787497997283935547e-01
6.801500320434570312e-01
6.830654144287109375e-01
6.799707412719726562e-01
6.761384010314941406e-01
6.741919517517089844e-01
6.812205314636230469e-01
7.638435363769531250e-01
6.822996139526367188e-01
7.515220642089843750e-01
6.783223152160644531e-01
6.875443458557128906e-01
6.782460212707519531e-01
6.764941215515136719e-01
6.762502193450927734e-01
7.756052017211914062e-01
6.739912033081054688e-01
6.790561676025390625e-01
6.837337017059326172e-01
6.661581993103027344e-01
6.772356033325195312e-01
6.765460968017578125e-01
6.740727424621582031e-01
6.733784675598144531e-01
7.636353969573974609e-01
6.857216358184814453e-01
6.781532764434814453e-01
7.563829421997070312e-01
6.785886287689208984e-01
6.703352928161621094e-01
6.710317134857177734e-01
6.762006282806396484e-01
6.719305515289306641e-01
6.646094322204589844e-01
6.772387027740478516e-01
7.610797882080078125e-01
6.727881431579589844e-01
6.771917343139648438e-01
7.543232440948486328e-01
6.733713150024414062e-01
6.816222667694091797e-01
6.783514022827148438e-01
6.763174533843994141e-01
6.729538440704345703e-01
6.739096641540527344e-01
6.785111427307128906e-01
6.719150543212890625e-01
6.762676239013671875e-01
7.550265789031982422e-01
6.710238456726074219e-01
7.603611946105957031e-01
7.536404132843017578e-01
6.789896488189697266e-01
6.795775890350341797e-01
7.600064277648925781e-01
6.751046180725097656e-01
7.463729381561279297e-01
6.712357997894287109e-01
6.770250797271728516e-01
6.802656650543212891e-01
6.770687103271484375e-01
7.553064823150634766e-01
6.774289608001708984e-01
6.763641834259033203e-01
7.632689476013183594e-01
6.908936500549316406e-01
7.483203411102294922e-01
6.779818534851074219e-01
6.755762100219726562e-01
6.776061058044433594e-01
6.817903518676757812e-01
6.742641925811767578e-01
6.791832447052001953e-01
6.735293865203857422e-01
7.544260025024414062e-01
6.716761589050292969e-01
6.702706813812255859e-01
7.660076618194580078e-01
7.539691925048828125e-01
7.748329639434814453e-01
6.774308681488037109e-01
6.793172359466552734e-01
6.813213825225830078e-01
6.761720180511474609e-01
6.865646839141845703e-01
7.556231021881103516e-01
7.486407756805419922e-01
7.427775859832763672e-01
6.794390678405761719e-01
7.426834106445312500e-01
7.574350833892822266e-01
7.629880905151367188e-01
7.530143260955810547e-01
6.768774986267089844e-01
6.753094196319580078e-01
6.723732948303222656e-01
6.684868335723876953e-01
7.647657394409179688e-01
6.773393154144287109e-01
6.791503429412841797e-01
7.590134143829345703e-01
7.255632877349853516e-01
6.774318218231201172e-01
7.662589550018310547e-01
6.780819892883300781e-01
6.757199764251708984e-01
6.855764389038085938e-01
6.762504577636718750e-01
7.444200515747070312e-01
7.511200904846191406e-01
7.535429000854492188e-01
6.794166564941406250e-01
6.743955612182617188e-01
7.643222808837890625e-01
7.592630386352539062e-01
7.478065490722656250e-01
7.703330516815185547e-01
6.744749546051025391e-01
6.806035041809082031e-01
7.577934265136718750e-01
6.779973506927490234e-01
6.826391220092773438e-01
6.750330924987792969e-01
6.802735328674316406e-01
6.725828647613525391e-01
6.832003593444824219e-01
