7.329986095428466797e-01
6.994285583496093750e-01
6.804482936859130859e-01
6.781857013702392578e-01
7.759554386138916016e-01
6.842968463897705078e-01
6.818010807037353516e-01
6.931874752044677734e-01
6.821498870849609375e-01
6.782894134521484375e-01
7.551696300506591797e-01
6.803767681121826172e-01
6.764347553253173828e-01
6.814947128295898438e-01
6.684288978576660156e-01
6.712551116943359375e-01
7.646627426147460938e-01
6.862773895263671875e-01
6.656963825225830078e-01
6.769981384277343750e-01
6.857693195343017578e-01
6.846339702606201172e-01
6.710216999053955078e-01
6.783528327941894531e-01
6.886563301086425781e-01
6.716849803924560547e-01
6.757397651672363281e-01
7.839980125427246094e-01
6.869473457336425781e-01
6.703839302062988281e-01
6.751451492309570312e-01
6.862342357635498047e-01
7.611420154571533203e-01
6.818523406982421875e-01
6.794040203094482422e-01
7.740495204925537109e-01
6.783728599548339844e-01
6.779663562774658203e-01
7.485780715942382812e-01
6.734817028045654297e-01
6.703593730926513672e-01
6.835336685180664062e-01
6.808238029479980469e-01
6.808099746704101562e-01
6.830525398254394531e-01
6.754758358001708984e-01
6.672775745391845703e-01
7.630743980407714844e-01
6.821014881134033203e-01
6.931505203247070312e-01
7.512300014495849609e-01
6.860136985778808594e-01
6.796054840087890625e-01
6.775817871093750000e-01
6.733937263488769531e-01
6.835360527038574219e-01
6.830298900604248047e-01
6.857118606567382812e-01
7.636723518371582031e-01
6.941027641296386719e-01
6.812200546264648438e-01
6.801993846893310547e-01
6.825408935546875000e-01
6.738543510437011719e-01
6.867864131927490234e-01
6.771335601806640625e-01
7.612128257751464844e-01
6.751024723052978516e-01
6.831314563751220703e-01
6.796936988830566406e-01
6.778695583343505859e-01
6.844999790191650391e-01
6.827750205993652344e-01
6.794097423553466797e-01
6.787650585174560547e-01
6.801424026489257812e-01
6.830573081970214844e-01
6.799623966217041016e-01
6.761276721954345703e-01
6.741700172424316406e-01
6.812121868133544922e-01
7.638375759124755859e-01
6.823079586029052734e-01
7.515377998352050781e-01
6.783244609832763672e-01
6.875371932983398438e-01
6.782503128051757812e-01
6.764950752258300781e-01
6.762330532073974609e-01
7.756321430206298828e-01
6.739780902862548828e-01
6.790478229522705078e-01
6.837217807769775391e-01
6.661460399627685547e-01
6.772248744964599609e-01
6.765463352203369141e-01
6.740572452545166016e-01
6.733787059783935547e-01
7.636315822601318359e-01
6.857011318206787109e-01
6.781411170959472656e-01
7.563893795013427734e-01
6.785542964935302734e-01
6.703450679779052734e-01
6.710178852081298828e-01
6.761999130249023438e-01
6.719155311584472656e-01
6.645996570587158203e-01
6.772201061248779297e-01
7.610437870025634766e-01
6.727759838104248047e-01
6.771817207336425781e-01
7.543258666992187500e-01
6.733672618865966797e-01
6.816344261169433594e-01
6.783707141876220703e-01
6.762900352478027344e-01
6.729452610015869141e-01
6.739256381988525391e-01
6.784729957580566406e-01
6.719009876251220703e-01
6.762585639953613281e-01
7.550179958343505859e-01
6.710073947906494141e-01
7.603766918182373047e-01
7.536544799804687500e-01
6.789913177490234375e-01
6.795639991760253906e-01
7.600259780883789062e-01
6.750936508178710938e-01
7.463769912719726562e-01
6.712377071380615234e-01
6.770288944244384766e-01
6.802718639373779297e-01
6.770625114440917969e-01
7.552974224090576172e-01
6.774134635925292969e-01
6.763479709625244141e-01
7.632660865783691406e-01
6.908867359161376953e-01
7.483294010162353516e-01
6.779921054840087891e-01
6.755492687225341797e-01
6.776092052459716797e-01
6.817996501922607422e-01
6.742696762084960938e-01
6.791810989379882812e-01
6.735339164733886719e-01
7.544682025909423828e-01
6.716697216033935547e-01
6.702787876129150391e-01
7.660059928894042969e-01
7.539477348327636719e-01
7.748248577117919922e-01
6.774373054504394531e-01
6.793107986450195312e-01
6.813132762908935547e-01
6.761665344238281250e-01
6.865651607513427734e-01
7.556130886077880859e-01
7.486557960510253906e-01
7.427666187286376953e-01
6.794273853302001953e-01
7.426846027374267578e-01
7.574417591094970703e-01
7.629783153533935547e-01
7.530183792114257812e-01
6.768767833709716797e-01
6.752967834472656250e-01
6.723716259002685547e-01
6.684761047363281250e-01
7.647430896759033203e-01
6.773133277893066406e-01
6.791391372680664062e-01
7.589983940124511719e-01
7.255582809448242188e-01
6.774191856384277344e-01
7.662732601165771484e-01
6.780941486358642578e-01
6.757051944732666016e-01
6.855695247650146484e-01
6.762270927429199219e-01
7.443811893463134766e-01
7.511281967163085938e-01
7.535383701324462891e-01
6.794111728668212891e-01
6.743860244750976562e-01
7.643089294433593750e-01
7.592389583587646484e-01
7.478218078613281250e-01
7.703282833099365234e-01
6.744811534881591797e-01
6.806001663208007812e-01
7.577919960021972656e-01
6.779808998107910156e-01
6.826329231262207031e-01
6.750235557556152344e-01
6.802580356597900391e-01
6.725709438323974609e-01
6.832048892974853516e-01
