7.329990863800048828e-01
6.994147300720214844e-01
6.804521083831787109e-01
6.781661510467529297e-01
7.759649753570556641e-01
6.842834949493408203e-01
6.818118095397949219e-01
6.931583881378173828e-01
6.821577548980712891e-01
6.782841682434082031e-01
7.551400661468505859e-01
6.803715229034423828e-01
6.764309406280517578e-01
6.814813613891601562e-01
6.684322357177734375e-01
6.712703704833984375e-01
7.646722793579101562e-01
6.862657070159912109e-01
6.656877994537353516e-01
6.769847869873046875e-01
6.857540607452392578e-01
6.846334934234619141e-01
6.710221767425537109e-01
6.783411502838134766e-01
6.886610984802246094e-01
6.716833114624023438e-01
6.757240295410156250e-01
7.839996814727783203e-01
6.869492530822753906e-01
6.703741550445556641e-01
6.751573085784912109e-01
6.862418651580810547e-01
7.611260414123535156e-01
6.818504333496093750e-01
6.794118881225585938e-01
7.740526199340820312e-01
6.783635616302490234e-01
6.779632568359375000e-01
7.485661506652832031e-01
6.734766960144042969e-01
6.703476905822753906e-01
6.835036277770996094e-01
6.808342933654785156e-01
6.808121204376220703e-01
6.830599308013916016e-01
6.754872798919677734e-01
6.672720909118652344e-01
7.630553245544433594e-01
6.820991039276123047e-01
6.931500434875488281e-01
7.512180805206298828e-01
6.860098838806152344e-01
6.796057224273681641e-01
6.775736808776855469e-01
6.733925342559814453e-01
6.835427284240722656e-01
6.830322742462158203e-01
6.857171058654785156e-01
7.636713981628417969e-01
6.940991878509521484e-01
6.812150478363037109e-01
6.802074909210205078e-01
6.825644969940185547e-01
6.738522052764892578e-01
6.867830753326416016e-01
6.771564483642578125e-01
7.612037658691406250e-01
6.750843524932861328e-01
6.831309795379638672e-01
6.797013282775878906e-01
6.778571605682373047e-01
6.845018863677978516e-01
6.827754974365234375e-01
6.794102191925048828e-01
6.787495613098144531e-01
6.801528930664062500e-01
6.830403804779052734e-01
6.799647808074951172e-01
6.761391162872314453e-01
6.741709709167480469e-01
6.812198162078857422e-01
7.638401985168457031e-01
6.823096275329589844e-01
7.515163421630859375e-01
6.783175468444824219e-01
6.875371932983398438e-01
6.782324314117431641e-01
6.764883995056152344e-01
6.762390136718750000e-01
7.755901813507080078e-01
6.739859580993652344e-01
6.790542602539062500e-01
6.837139129638671875e-01
6.661553382873535156e-01
6.772303581237792969e-01
6.765441894531250000e-01
6.740660667419433594e-01
6.733736991882324219e-01
7.636299133300781250e-01
6.857008934020996094e-01
6.781475543975830078e-01
7.563807964324951172e-01
6.785652637481689453e-01
6.703319549560546875e-01
6.710276603698730469e-01
6.761860847473144531e-01
6.719338893890380859e-01
6.646060943603515625e-01
6.772317886352539062e-01
7.610707283020019531e-01
6.727843284606933594e-01
6.771852970123291016e-01
7.543060779571533203e-01
6.733658313751220703e-01
6.816155910491943359e-01
6.783554553985595703e-01
6.763145923614501953e-01
6.729485988616943359e-01
6.739249229431152344e-01
6.784992218017578125e-01
6.719088554382324219e-01
6.762638092041015625e-01
7.549967765808105469e-01
6.710195541381835938e-01
7.603588104248046875e-01
7.536470890045166016e-01
6.789867877960205078e-01
6.795725822448730469e-01
7.600233554840087891e-01
6.750996112823486328e-01
7.463672161102294922e-01
6.712388992309570312e-01
6.770102977752685547e-01
6.802623271942138672e-01
6.770703792572021484e-01
7.552769184112548828e-01
6.774299144744873047e-01
6.763684749603271484e-01
7.632632255554199219e-01
6.908967494964599609e-01
7.483191490173339844e-01
6.779766082763671875e-01
6.755669116973876953e-01
6.776106357574462891e-01
6.817805767059326172e-01
6.742455959320068359e-01
6.791825294494628906e-01
6.735298633575439453e-01
7.544083595275878906e-01
6.716713905334472656e-01
6.702718734741210938e-01
7.660043239593505859e-01
7.539613246917724609e-01
7.748320102691650391e-01
6.774280071258544922e-01
6.793136596679687500e-01
6.813213825225830078e-01
6.761653423309326172e-01
6.865556240081787109e-01
7.556185722351074219e-01
7.486383914947509766e-01
7.427415847778320312e-01
6.794338226318359375e-01
7.426815032958984375e-01
7.574331760406494141e-01
7.629857063293457031e-01
7.530090808868408203e-01
6.768686771392822266e-01
6.752912998199462891e-01
6.723685264587402344e-01
6.684837341308593750e-01
7.647442817687988281e-01
6.773324012756347656e-01
6.791465282440185547e-01
7.590143680572509766e-01
7.255623340606689453e-01
6.774275302886962891e-01
7.662527561187744141e-01
6.780915260314941406e-01
6.757171154022216797e-01
6.855721473693847656e-01
6.762335300445556641e-01
7.444131374359130859e-01
7.511193752288818359e-01
7.535240650177001953e-01
6.794183254241943359e-01
6.743867397308349609e-01
7.642838954925537109e-01
7.592530250549316406e-01
7.478055953979492188e-01
7.703301906585693359e-01
6.744761466979980469e-01
6.806035041809082031e-01
7.577924728393554688e-01
6.779813766479492188e-01
6.826391220092773438e-01
6.750330924987792969e-01
6.802344322204589844e-01
6.725807189941406250e-01
6.831941604614257812e-01
