1.653884410858154297e+00
2.692365646362304688e-02
2.603340148925781250e-02
2.574038505554199219e-02
2.594256401062011719e-02
2.593445777893066406e-02
2.581930160522460938e-02
2.591013908386230469e-02
2.545309066772460938e-02
2.577233314514160156e-02
2.579617500305175781e-02
2.574014663696289062e-02
2.599716186523437500e-02
2.562689781188964844e-02
2.611446380615234375e-02
2.591252326965332031e-02
5.057048797607421875e-02
3.185009956359863281e-02
3.066492080688476562e-02
3.042387962341308594e-02
3.052711486816406250e-02
3.045797348022460938e-02
3.056669235229492188e-02
3.077435493469238281e-02
3.055453300476074219e-02
3.044509887695312500e-02
3.064203262329101562e-02
3.168964385986328125e-02
3.052020072937011719e-02
3.038597106933593750e-02
3.073787689208984375e-02
3.048491477966308594e-02
3.052043914794921875e-02
2.718591690063476562e-02
3.134250640869140625e-02
3.059506416320800781e-02
3.097081184387207031e-02
3.049516677856445312e-02
3.041529655456542969e-02
3.060531616210937500e-02
3.084659576416015625e-02
3.054308891296386719e-02
3.052139282226562500e-02
3.076767921447753906e-02
3.049850463867187500e-02
3.043985366821289062e-02
3.051495552062988281e-02
3.068590164184570312e-02
3.042626380920410156e-02
3.025984764099121094e-02
2.712702751159667969e-02
3.215694427490234375e-02
3.069567680358886719e-02
3.087878227233886719e-02
3.076839447021484375e-02
3.054809570312500000e-02
3.044414520263671875e-02
3.054642677307128906e-02
3.058505058288574219e-02
3.044605255126953125e-02
3.039050102233886719e-02
3.110647201538085938e-02
3.053259849548339844e-02
3.052139282226562500e-02
3.051066398620605469e-02
3.083825111389160156e-02
3.045678138732910156e-02
2.695226669311523438e-02
3.130626678466796875e-02
3.073334693908691406e-02
3.091573715209960938e-02
3.054237365722656250e-02
3.059101104736328125e-02
3.073072433471679688e-02
3.106808662414550781e-02
3.043937683105468750e-02
3.057646751403808594e-02
3.084039688110351562e-02
3.085422515869140625e-02
3.057909011840820312e-02
3.056335449218750000e-02
3.080224990844726562e-02
3.050327301025390625e-02
3.065800666809082031e-02
2.710723876953125000e-02
3.225827217102050781e-02
3.062963485717773438e-02
3.090143203735351562e-02
3.057360649108886719e-02
3.055214881896972656e-02
3.041338920593261719e-02
3.083491325378417969e-02
3.047323226928710938e-02
3.040289878845214844e-02
3.058433532714843750e-02
3.068685531616210938e-02
3.048753738403320312e-02
3.024554252624511719e-02
3.050947189331054688e-02
3.059005737304687500e-02
3.055119514465332031e-02
2.769923210144042969e-02
2.699279785156250000e-02
2.625989913940429688e-02
2.603483200073242188e-02
2.627444267272949219e-02
2.631855010986328125e-02
2.614927291870117188e-02
2.626085281372070312e-02
2.642583847045898438e-02
2.634382247924804688e-02
2.600407600402832031e-02
2.635622024536132812e-02
2.615618705749511719e-02
2.614927291870117188e-02
2.608513832092285156e-02
2.615976333618164062e-02
2.618861198425292969e-02
2.274799346923828125e-02
2.676224708557128906e-02
2.626514434814453125e-02
2.600049972534179688e-02
2.579140663146972656e-02
2.594137191772460938e-02
2.562046051025390625e-02
2.611207962036132812e-02
2.574753761291503906e-02
2.564120292663574219e-02
2.579116821289062500e-02
2.620768547058105469e-02
2.593708038330078125e-02
2.579808235168457031e-02
2.586746215820312500e-02
2.592039108276367188e-02
2.601337432861328125e-02
2.246260643005371094e-02
2.738213539123535156e-02
2.601504325866699219e-02
2.601528167724609375e-02
2.599906921386718750e-02
2.622270584106445312e-02
2.630162239074707031e-02
2.615690231323242188e-02
2.605438232421875000e-02
2.610683441162109375e-02
2.632522583007812500e-02
2.621221542358398438e-02
2.603173255920410156e-02
2.603030204772949219e-02
2.654862403869628906e-02
2.633857727050781250e-02
2.639579772949218750e-02
2.282404899597167969e-02
2.687120437622070312e-02
2.607512474060058594e-02
2.590537071228027344e-02
2.602529525756835938e-02
2.571034431457519531e-02
2.586340904235839844e-02
2.584171295166015625e-02
2.576231956481933594e-02
2.592873573303222656e-02
2.602744102478027344e-02
2.581119537353515625e-02
2.616977691650390625e-02
2.601218223571777344e-02
2.601432800292968750e-02
2.587580680847167969e-02
2.599835395812988281e-02
2.242684364318847656e-02
3.132390975952148438e-02
3.062105178833007812e-02
3.094577789306640625e-02
3.124451637268066406e-02
3.058624267578125000e-02
3.054642677307128906e-02
3.090977668762207031e-02
3.050708770751953125e-02
3.046011924743652344e-02
3.055381774902343750e-02
3.100204467773437500e-02
3.077268600463867188e-02
3.059411048889160156e-02
3.055262565612792969e-02
3.096055984497070312e-02
3.075027465820312500e-02
2.710151672363281250e-02
3.152894973754882812e-02
3.080177307128906250e-02
3.134465217590332031e-02
3.045248985290527344e-02
3.080272674560546875e-02
3.052210807800292969e-02
3.041410446166992188e-02
3.046417236328125000e-02
3.077006340026855469e-02
3.052735328674316406e-02
3.059339523315429688e-02
3.046727180480957031e-02
3.086209297180175781e-02
3.048086166381835938e-02
3.041577339172363281e-02
3.065919876098632812e-02
2.667427062988281250e-02
2.670645713806152344e-02
2.622938156127929688e-02
2.642107009887695312e-02
2.590775489807128906e-02
2.588891983032226562e-02
2.593040466308593750e-02
2.617835998535156250e-02
2.622842788696289062e-02
2.611541748046875000e-02
2.604198455810546875e-02
2.628946304321289062e-02
2.618765830993652344e-02
2.605867385864257812e-02
2.599573135375976562e-02
2.601242065429687500e-02
2.612805366516113281e-02
2.262616157531738281e-02
2.713751792907714844e-02
2.619791030883789062e-02
2.610683441162109375e-02
2.612447738647460938e-02
2.621984481811523438e-02
2.606678009033203125e-02
2.647328376770019531e-02
2.619051933288574219e-02
2.606582641601562500e-02
2.604556083679199219e-02
2.613687515258789062e-02
2.620840072631835938e-02
2.607059478759765625e-02
2.603006362915039062e-02
2.598261833190917969e-02
2.635884284973144531e-02
2.276778221130371094e-02
2.774977684020996094e-02
2.654123306274414062e-02
2.640366554260253906e-02
2.593851089477539062e-02
2.595186233520507812e-02
2.611088752746582031e-02
2.590227127075195312e-02
2.582979202270507812e-02
2.593851089477539062e-02
2.598142623901367188e-02
2.610898017883300781e-02
2.574038505554199219e-02
2.604341506958007812e-02
2.627468109130859375e-02
2.621722221374511719e-02
2.597928047180175781e-02
2.293133735656738281e-02
2.669429779052734375e-02
2.594566345214843750e-02
2.591967582702636719e-02
2.600097656250000000e-02
2.595162391662597656e-02
2.610397338867187500e-02
2.614784240722656250e-02
2.602076530456542969e-02
2.610898017883300781e-02
2.585554122924804688e-02
2.619791030883789062e-02
2.626395225524902344e-02
2.606153488159179688e-02
2.592635154724121094e-02
2.588462829589843750e-02
2.627015113830566406e-02
2.273964881896972656e-02
2.679634094238281250e-02
2.675414085388183594e-02
2.624464035034179688e-02
2.614140510559082031e-02
2.648162841796875000e-02
2.625584602355957031e-02
2.606368064880371094e-02
2.609539031982421875e-02
2.651667594909667969e-02
2.604556083679199219e-02
2.622818946838378906e-02
2.630949020385742188e-02
2.636194229125976562e-02
2.618670463562011719e-02
2.607893943786621094e-02
2.618861198425292969e-02
2.276015281677246094e-02
2.741479873657226562e-02
2.636241912841796875e-02
2.621531486511230469e-02
2.595472335815429688e-02
2.593779563903808594e-02
2.597713470458984375e-02
2.625894546508789062e-02
2.607774734497070312e-02
2.613759040832519531e-02
2.618622779846191406e-02
2.609753608703613281e-02
2.636313438415527344e-02
2.615308761596679688e-02
2.612495422363281250e-02
2.582550048828125000e-02
2.609205245971679688e-02
2.289342880249023438e-02
2.693486213684082031e-02
2.629637718200683594e-02
2.604222297668457031e-02
2.600955963134765625e-02
2.580118179321289062e-02
2.594923973083496094e-02
2.598357200622558594e-02
2.591586112976074219e-02
2.599239349365234375e-02
2.597117424011230469e-02
2.615141868591308594e-02
2.624392509460449219e-02
2.605986595153808594e-02
2.610850334167480469e-02
2.579116821289062500e-02
2.600073814392089844e-02
2.283978462219238281e-02
2.671313285827636719e-02
2.603864669799804688e-02
2.600932121276855469e-02
2.596592903137207031e-02
2.576684951782226562e-02
2.612066268920898438e-02
2.577280998229980469e-02
2.588319778442382812e-02
2.578830718994140625e-02
2.590775489807128906e-02
2.606534957885742188e-02
2.590107917785644531e-02
2.604126930236816406e-02
2.576184272766113281e-02
2.598857879638671875e-02
2.609944343566894531e-02
2.259564399719238281e-02
2.679467201232910156e-02
2.621388435363769531e-02
2.604556083679199219e-02
2.601265907287597656e-02
2.590703964233398438e-02
2.603578567504882812e-02
2.608776092529296875e-02
2.613806724548339844e-02
2.590322494506835938e-02
2.582907676696777344e-02
2.597784996032714844e-02
2.623534202575683594e-02
2.592897415161132812e-02
2.617478370666503906e-02
2.603411674499511719e-02
2.600860595703125000e-02
2.257537841796875000e-02
2.756810188293457031e-02
2.644371986389160156e-02
2.685451507568359375e-02
2.607703208923339844e-02
2.592611312866210938e-02
2.597165107727050781e-02
2.612686157226562500e-02
2.599167823791503906e-02
2.625155448913574219e-02
2.598166465759277344e-02
2.641820907592773438e-02
2.603316307067871094e-02
2.597332000732421875e-02
2.595949172973632812e-02
2.621293067932128906e-02
2.606868743896484375e-02
2.282309532165527344e-02
2.690362930297851562e-02
2.595639228820800781e-02
2.610874176025390625e-02
2.584505081176757812e-02
2.575325965881347656e-02
2.596282958984375000e-02
2.600336074829101562e-02
2.587032318115234375e-02
2.565073966979980469e-02
2.584767341613769531e-02
2.590465545654296875e-02
2.616333961486816406e-02
2.572321891784667969e-02
2.589154243469238281e-02
2.594661712646484375e-02
2.600049972534179688e-02
2.260661125183105469e-02
2.680850028991699219e-02
2.610301971435546875e-02
2.601337432861328125e-02
2.595305442810058594e-02
2.580785751342773438e-02
2.656292915344238281e-02
2.619075775146484375e-02
2.594923973083496094e-02
2.599120140075683594e-02
2.596259117126464844e-02
2.615737915039062500e-02
2.607679367065429688e-02
2.581763267517089844e-02
2.602076530456542969e-02
2.633619308471679688e-02
2.614545822143554688e-02
2.244281768798828125e-02
2.737426757812500000e-02
2.603983879089355469e-02
2.624821662902832031e-02
2.597904205322265625e-02
2.646088600158691406e-02
2.607202529907226562e-02
2.612686157226562500e-02
2.598595619201660156e-02
2.594900131225585938e-02
2.590656280517578125e-02
2.589845657348632812e-02
2.614378929138183594e-02
2.625179290771484375e-02
2.606821060180664062e-02
2.595019340515136719e-02
2.613377571105957031e-02
2.285981178283691406e-02
3.146123886108398438e-02
3.083062171936035156e-02
3.060150146484375000e-02
3.075265884399414062e-02
3.047490119934082031e-02
3.051495552062988281e-02
3.098940849304199219e-02
3.057265281677246094e-02
3.048849105834960938e-02
3.072404861450195312e-02
3.087615966796875000e-02
3.061389923095703125e-02
3.051185607910156250e-02
3.067827224731445312e-02
3.052926063537597656e-02
3.049850463867187500e-02
2.700877189636230469e-02
3.127503395080566406e-02
3.071761131286621094e-02
3.090953826904296875e-02
3.065967559814453125e-02
3.073048591613769531e-02
3.045487403869628906e-02
3.075504302978515625e-02
3.067922592163085938e-02
3.060007095336914062e-02
3.062009811401367188e-02
3.086042404174804688e-02
3.057026863098144531e-02
3.043413162231445312e-02
3.054332733154296875e-02
3.082346916198730469e-02
3.059935569763183594e-02
2.698612213134765625e-02
3.133845329284667969e-02
3.075718879699707031e-02
3.084802627563476562e-02
3.067779541015625000e-02
3.058028221130371094e-02
3.074026107788085938e-02
3.086256980895996094e-02
3.071069717407226562e-02
3.059101104736328125e-02
3.079724311828613281e-02
3.063392639160156250e-02
3.047323226928710938e-02
3.056311607360839844e-02
3.089451789855957031e-02
3.052997589111328125e-02
3.056144714355468750e-02
2.741742134094238281e-02
3.233385086059570312e-02
3.109979629516601562e-02
3.090476989746093750e-02
3.055095672607421875e-02
3.057980537414550781e-02
3.053450584411621094e-02
3.085350990295410156e-02
3.070688247680664062e-02
3.063178062438964844e-02
3.065395355224609375e-02
3.099822998046875000e-02
3.058052062988281250e-02
3.053855895996093750e-02
3.069305419921875000e-02
3.092837333679199219e-02
3.064107894897460938e-02
2.717161178588867188e-02
3.138756752014160156e-02
2.862906455993652344e-02
2.616095542907714844e-02
2.595591545104980469e-02
2.577352523803710938e-02
2.592515945434570312e-02
2.592062950134277344e-02
2.600502967834472656e-02
2.597951889038085938e-02
2.585220336914062500e-02
2.587318420410156250e-02
2.670478820800781250e-02
2.590322494506835938e-02
2.574610710144042969e-02
2.587747573852539062e-02
2.621102333068847656e-02
2.279615402221679688e-02
2.661681175231933594e-02
2.647447586059570312e-02
2.618074417114257812e-02
2.639412879943847656e-02
2.626514434814453125e-02
2.639532089233398438e-02
2.640843391418457031e-02
2.640461921691894531e-02
2.632021903991699219e-02
2.609777450561523438e-02
2.648091316223144531e-02
2.630114555358886719e-02
2.616643905639648438e-02
2.611613273620605469e-02
2.633643150329589844e-02
2.633571624755859375e-02
2.283859252929687500e-02
2.708864212036132812e-02
2.633500099182128906e-02
2.686858177185058594e-02
2.624654769897460938e-02
2.606606483459472656e-02
2.617645263671875000e-02
2.648735046386718750e-02
2.600979804992675781e-02
2.614235877990722656e-02
2.645778656005859375e-02
2.642655372619628906e-02
2.612900733947753906e-02
2.611637115478515625e-02
2.630424499511718750e-02
2.632498741149902344e-02
2.612519264221191406e-02
2.304291725158691406e-02
3.162789344787597656e-02
2.653574943542480469e-02
2.629303932189941406e-02
2.604866027832031250e-02
2.585625648498535156e-02
2.598714828491210938e-02
2.633285522460937500e-02
2.609562873840332031e-02
2.621459960937500000e-02
2.599358558654785156e-02
2.603435516357421875e-02
2.637362480163574219e-02
2.613687515258789062e-02
2.606797218322753906e-02
2.604436874389648438e-02
2.617287635803222656e-02
2.267599105834960938e-02
2.701306343078613281e-02
2.602148056030273438e-02
2.612376213073730469e-02
2.592635154724121094e-02
2.602434158325195312e-02
2.597165107727050781e-02
2.609348297119140625e-02
2.600646018981933594e-02
2.581119537353515625e-02
2.634477615356445312e-02
2.633500099182128906e-02
2.594780921936035156e-02
2.597498893737792969e-02
2.607154846191406250e-02
2.600717544555664062e-02
2.576136589050292969e-02
2.268815040588378906e-02
2.670121192932128906e-02
2.618098258972167969e-02
2.598977088928222656e-02
2.659392356872558594e-02
2.581763267517089844e-02
2.578759193420410156e-02
2.600860595703125000e-02
2.612257003784179688e-02
2.597689628601074219e-02
2.599692344665527344e-02
2.593445777893066406e-02
2.615737915039062500e-02
2.602076530456542969e-02
2.599883079528808594e-02
2.576494216918945312e-02
2.610898017883300781e-02
2.267432212829589844e-02
2.775621414184570312e-02
2.615475654602050781e-02
2.637171745300292969e-02
2.614259719848632812e-02
2.599239349365234375e-02
2.623891830444335938e-02
2.638316154479980469e-02
2.612829208374023438e-02
2.595162391662597656e-02
2.622771263122558594e-02
2.629232406616210938e-02
2.612566947937011719e-02
2.616834640502929688e-02
2.617192268371582031e-02
2.619171142578125000e-02
2.626514434814453125e-02
2.290463447570800781e-02
2.692985534667968750e-02
2.633118629455566406e-02
2.639317512512207031e-02
2.630949020385742188e-02
2.614927291870117188e-02
2.627062797546386719e-02
2.645206451416015625e-02
2.620267868041992188e-02
2.616000175476074219e-02
2.621555328369140625e-02
2.649641036987304688e-02
2.628064155578613281e-02
2.617239952087402344e-02
2.613329887390136719e-02
2.613091468811035156e-02
2.636361122131347656e-02
2.271366119384765625e-02
2.706027030944824219e-02
2.595925331115722656e-02
2.613162994384765625e-02
2.630043029785156250e-02
2.609252929687500000e-02
2.643966674804687500e-02
2.616667747497558594e-02
2.611112594604492188e-02
2.606225013732910156e-02
2.623844146728515625e-02
2.633786201477050781e-02
2.618932723999023438e-02
2.598357200622558594e-02
2.611660957336425781e-02
2.624559402465820312e-02
2.659654617309570312e-02
2.279806137084960938e-02
2.738714218139648438e-02
2.614736557006835938e-02
2.626895904541015625e-02
2.622675895690917969e-02
2.610111236572265625e-02
2.617239952087402344e-02
2.628779411315917969e-02
2.639174461364746094e-02
2.598476409912109375e-02
2.609443664550781250e-02
2.635836601257324219e-02
2.673435211181640625e-02
2.628850936889648438e-02
2.614593505859375000e-02
2.617764472961425781e-02
2.653980255126953125e-02
2.266025543212890625e-02
2.763009071350097656e-02
2.645087242126464844e-02
2.614712715148925781e-02
2.606344223022460938e-02
2.612781524658203125e-02
2.590417861938476562e-02
2.599859237670898438e-02
2.626705169677734375e-02
2.611494064331054688e-02
2.599668502807617188e-02
2.602672576904296875e-02
2.622127532958984375e-02
2.632045745849609375e-02
2.606821060180664062e-02
2.616810798645019531e-02
2.613878250122070312e-02
2.290177345275878906e-02
2.677035331726074219e-02
2.614903450012207031e-02
2.626943588256835938e-02
2.612018585205078125e-02
2.605795860290527344e-02
2.647709846496582031e-02
2.632188796997070312e-02
2.608227729797363281e-02
2.602696418762207031e-02
2.621984481811523438e-02
2.625131607055664062e-02
2.619838714599609375e-02
2.607202529907226562e-02
2.621316909790039062e-02
2.610111236572265625e-02
2.654552459716796875e-02
2.292943000793457031e-02
2.716040611267089844e-02
2.617144584655761719e-02
2.609872817993164062e-02
2.610445022583007812e-02
2.593588829040527344e-02
2.592945098876953125e-02
2.630805969238281250e-02
2.593398094177246094e-02
2.602505683898925781e-02
2.637219429016113281e-02
2.582502365112304688e-02
2.635645866394042969e-02
2.592635154724121094e-02
2.595257759094238281e-02
2.586483955383300781e-02
2.586650848388671875e-02
2.260565757751464844e-02
2.799439430236816406e-02
2.652549743652343750e-02
2.679848670959472656e-02
2.624607086181640625e-02
2.619981765747070312e-02
2.626991271972656250e-02
2.661585807800292969e-02
2.643704414367675781e-02
2.622699737548828125e-02
2.618622779846191406e-02
2.643036842346191406e-02
2.635431289672851562e-02
2.621579170227050781e-02
2.621793746948242188e-02
2.660155296325683594e-02
2.644801139831542969e-02
2.308654785156250000e-02
2.692914009094238281e-02
2.626061439514160156e-02
2.623105049133300781e-02
2.625608444213867188e-02
2.633118629455566406e-02
2.664351463317871094e-02
2.650213241577148438e-02
2.634906768798828125e-02
2.612280845642089844e-02
2.638435363769531250e-02
2.647304534912109375e-02
2.643728256225585938e-02
2.627420425415039062e-02
2.620983123779296875e-02
2.631449699401855469e-02
2.635216712951660156e-02
2.283883094787597656e-02
2.710127830505371094e-02
2.613830566406250000e-02
2.624464035034179688e-02
2.610254287719726562e-02
2.620077133178710938e-02
2.627110481262207031e-02
2.669429779052734375e-02
2.625918388366699219e-02
2.618217468261718750e-02
2.628660202026367188e-02
2.637267112731933594e-02
2.622699737548828125e-02
2.641868591308593750e-02
2.623915672302246094e-02
2.636766433715820312e-02
2.650833129882812500e-02
2.276635169982910156e-02
2.760028839111328125e-02
2.622437477111816406e-02
2.632021903991699219e-02
2.614545822143554688e-02
2.615118026733398438e-02
2.643465995788574219e-02
2.659511566162109375e-02
2.634143829345703125e-02
2.639889717102050781e-02
2.637624740600585938e-02
2.659249305725097656e-02
2.636075019836425781e-02
2.630472183227539062e-02
2.627396583557128906e-02
2.631282806396484375e-02
2.647709846496582031e-02
2.305698394775390625e-02
2.687931060791015625e-02
2.637052536010742188e-02
2.628493309020996094e-02
2.618503570556640625e-02
2.611064910888671875e-02
2.623939514160156250e-02
2.637481689453125000e-02
2.611517906188964844e-02
2.585124969482421875e-02
2.607655525207519531e-02
2.629661560058593750e-02
2.619075775146484375e-02
2.609658241271972656e-02
2.593779563903808594e-02
2.615928649902343750e-02
2.627229690551757812e-02
2.258300781250000000e-02
2.721810340881347656e-02
2.643156051635742188e-02
2.631902694702148438e-02
2.620983123779296875e-02
2.619194984436035156e-02
2.619242668151855469e-02
2.625417709350585938e-02
2.629089355468750000e-02
2.619719505310058594e-02
2.606272697448730469e-02
2.618265151977539062e-02
2.627849578857421875e-02
2.624034881591796875e-02
2.619624137878417969e-02
2.610969543457031250e-02
2.606630325317382812e-02
2.294015884399414062e-02
2.712249755859375000e-02
2.613735198974609375e-02
2.617144584655761719e-02
2.601218223571777344e-02
2.590632438659667969e-02
2.586007118225097656e-02
2.601456642150878906e-02
2.613782882690429688e-02
2.604365348815917969e-02
2.583622932434082031e-02
2.597975730895996094e-02
2.613210678100585938e-02
2.589440345764160156e-02
2.596831321716308594e-02
2.584910392761230469e-02
2.601408958435058594e-02
2.278327941894531250e-02
2.728652954101562500e-02
2.600550651550292969e-02
2.598261833190917969e-02
2.598977088928222656e-02
2.591657638549804688e-02
2.629947662353515625e-02
2.631139755249023438e-02
2.604269981384277344e-02
2.600240707397460938e-02
2.597069740295410156e-02
2.655887603759765625e-02
2.614951133728027344e-02
2.596664428710937500e-02
2.593350410461425781e-02
2.604746818542480469e-02
2.626585960388183594e-02
2.259325981140136719e-02
2.741217613220214844e-02
2.595996856689453125e-02
2.606964111328125000e-02
2.601337432861328125e-02
2.586960792541503906e-02
2.630543708801269531e-02
2.595853805541992188e-02
2.591490745544433594e-02
2.589440345764160156e-02
2.594256401062011719e-02
2.590823173522949219e-02
2.590823173522949219e-02
2.585721015930175781e-02
2.573609352111816406e-02
2.604079246520996094e-02
2.599930763244628906e-02
2.238059043884277344e-02
2.717852592468261719e-02
2.623248100280761719e-02
2.619910240173339844e-02
2.616572380065917969e-02
2.623653411865234375e-02
2.610015869140625000e-02
2.616977691650390625e-02
2.629065513610839844e-02
2.619671821594238281e-02
2.629303932189941406e-02
2.601909637451171875e-02
2.633500099182128906e-02
2.638888359069824219e-02
2.602648735046386719e-02
2.600955963134765625e-02
2.608609199523925781e-02
2.289533615112304688e-02
2.771615982055664062e-02
2.626109123229980469e-02
2.627587318420410156e-02
2.602744102478027344e-02
2.630066871643066406e-02
2.614903450012207031e-02
2.664995193481445312e-02
2.604031562805175781e-02
2.606511116027832031e-02
2.616858482360839844e-02
2.619123458862304688e-02
2.619552612304687500e-02
2.604079246520996094e-02
2.602005004882812500e-02
2.610564231872558594e-02
2.643632888793945312e-02
2.303671836853027344e-02
2.703189849853515625e-02
2.625703811645507812e-02
2.633619308471679688e-02
2.620148658752441406e-02
2.632260322570800781e-02
2.620863914489746094e-02
2.619481086730957031e-02
2.605366706848144531e-02
2.604818344116210938e-02
2.641892433166503906e-02
2.620267868041992188e-02
2.606606483459472656e-02
2.613329887390136719e-02
2.630138397216796875e-02
2.609825134277343750e-02
2.616620063781738281e-02
2.308344841003417969e-02
2.679276466369628906e-02
2.632784843444824219e-02
2.633285522460937500e-02
2.611255645751953125e-02
2.606344223022460938e-02
2.610564231872558594e-02
2.624511718750000000e-02
2.623200416564941406e-02
2.602410316467285156e-02
2.598881721496582031e-02
2.605962753295898438e-02
2.634453773498535156e-02
2.685594558715820312e-02
2.610564231872558594e-02
2.605366706848144531e-02
2.631211280822753906e-02
2.285480499267578125e-02
2.701544761657714844e-02
2.653908729553222656e-02
2.641153335571289062e-02
2.603673934936523438e-02
2.626633644104003906e-02
2.631592750549316406e-02
2.631974220275878906e-02
2.624535560607910156e-02
2.632570266723632812e-02
2.628970146179199219e-02
2.621722221374511719e-02
2.610778808593750000e-02
2.605795860290527344e-02
2.644181251525878906e-02
2.620649337768554688e-02
2.616930007934570312e-02
2.307057380676269531e-02
2.749061584472656250e-02
2.653670310974121094e-02
2.634930610656738281e-02
2.633190155029296875e-02
2.630639076232910156e-02
2.622437477111816406e-02
2.643990516662597656e-02
2.705240249633789062e-02
2.644085884094238281e-02
2.618980407714843750e-02
2.619338035583496094e-02
2.648448944091796875e-02
2.646589279174804688e-02
2.636671066284179688e-02
2.619242668151855469e-02
2.635478973388671875e-02
2.324962615966796875e-02
2.701091766357421875e-02
2.645373344421386719e-02
2.643537521362304688e-02
2.610611915588378906e-02
2.619600296020507812e-02
2.626943588256835938e-02
2.639961242675781250e-02
2.619719505310058594e-02
2.592706680297851562e-02
2.616739273071289062e-02
2.615642547607421875e-02
2.593135833740234375e-02
2.622008323669433594e-02
2.645206451416015625e-02
2.611398696899414062e-02
2.601194381713867188e-02
2.303242683410644531e-02
3.156256675720214844e-02
3.100204467773437500e-02
3.069710731506347656e-02
3.080940246582031250e-02
3.064799308776855469e-02
3.055119514465332031e-02
3.097271919250488281e-02
3.064036369323730469e-02
3.062033653259277344e-02
3.076100349426269531e-02
3.117442131042480469e-02
3.079009056091308594e-02
3.069543838500976562e-02
3.082847595214843750e-02
3.096938133239746094e-02
3.075432777404785156e-02
2.704167366027832031e-02
3.227376937866210938e-02
3.096914291381835938e-02
3.080034255981445312e-02
3.080630302429199219e-02
3.066802024841308594e-02
3.084015846252441406e-02
3.131699562072753906e-02
3.086590766906738281e-02
3.077411651611328125e-02
3.094744682312011719e-02
3.116917610168457031e-02
3.083419799804687500e-02
3.077363967895507812e-02
3.072166442871093750e-02
3.096842765808105469e-02
3.077435493469238281e-02
2.743387222290039062e-02
3.160643577575683594e-02
3.105974197387695312e-02
3.089570999145507812e-02
3.067135810852050781e-02
3.056454658508300781e-02
3.079271316528320312e-02
3.115415573120117188e-02
3.081941604614257812e-02
3.071188926696777344e-02
3.084826469421386719e-02
3.102421760559082031e-02
3.069710731506347656e-02
3.063583374023437500e-02
3.069686889648437500e-02
3.097844123840332031e-02
3.076052665710449219e-02
2.714061737060546875e-02
3.148388862609863281e-02
3.098630905151367188e-02
3.090500831604003906e-02
3.080677986145019531e-02
3.066635131835937500e-02
3.073763847351074219e-02
3.122353553771972656e-02
3.084421157836914062e-02
3.090786933898925781e-02
3.094887733459472656e-02
3.105378150939941406e-02
3.099632263183593750e-02
3.067827224731445312e-02
3.078794479370117188e-02
3.098106384277343750e-02
3.073477745056152344e-02
2.720308303833007812e-02
3.174614906311035156e-02
3.099012374877929688e-02
3.099131584167480469e-02
3.092670440673828125e-02
3.067064285278320312e-02
3.066349029541015625e-02
3.109526634216308594e-02
3.081202507019042969e-02
3.058624267578125000e-02
3.078579902648925781e-02
3.107666969299316406e-02
3.071713447570800781e-02
3.063821792602539062e-02
3.091382980346679688e-02
3.102254867553710938e-02
3.075146675109863281e-02
2.714729309082031250e-02
3.214216232299804688e-02
3.116297721862792969e-02
3.098034858703613281e-02
3.079342842102050781e-02
3.072428703308105469e-02
3.078937530517578125e-02
3.117442131042480469e-02
3.084588050842285156e-02
3.079819679260253906e-02
3.080534934997558594e-02
3.115701675415039062e-02
3.080010414123535156e-02
3.066015243530273438e-02
3.078508377075195312e-02
3.098034858703613281e-02
3.093075752258300781e-02
2.746796607971191406e-02
3.185653686523437500e-02
3.112483024597167969e-02
3.099822998046875000e-02
3.078460693359375000e-02
3.064990043640136719e-02
3.088331222534179688e-02
3.118824958801269531e-02
3.087830543518066406e-02
3.069353103637695312e-02
3.082442283630371094e-02
3.096818923950195312e-02
3.077054023742675781e-02
3.064417839050292969e-02
3.087377548217773438e-02
3.092765808105468750e-02
3.072738647460937500e-02
2.736711502075195312e-02
3.154087066650390625e-02
3.101563453674316406e-02
3.086638450622558594e-02
3.083109855651855469e-02
3.065562248229980469e-02
3.071713447570800781e-02
3.118228912353515625e-02
3.084516525268554688e-02
3.074789047241210938e-02
3.074216842651367188e-02
3.110599517822265625e-02
3.070235252380371094e-02
3.060030937194824219e-02
3.099370002746582031e-02
3.094506263732910156e-02
3.079700469970703125e-02
2.720570564270019531e-02
3.149628639221191406e-02
3.111624717712402344e-02
3.106164932250976562e-02
3.064203262329101562e-02
3.061103820800781250e-02
3.074407577514648438e-02
3.113579750061035156e-02
3.080916404724121094e-02
3.075122833251953125e-02
3.074407577514648438e-02
3.110814094543457031e-02
3.069615364074707031e-02
3.063297271728515625e-02
3.078889846801757812e-02
3.102731704711914062e-02
3.145670890808105469e-02
2.732229232788085938e-02
2.705311775207519531e-02
2.638435363769531250e-02
2.629113197326660156e-02
2.603244781494140625e-02
2.594685554504394531e-02
2.602791786193847656e-02
2.618098258972167969e-02
2.609419822692871094e-02
2.601575851440429688e-02
2.601003646850585938e-02
2.604770660400390625e-02
2.626323699951171875e-02
2.612209320068359375e-02
2.594637870788574219e-02
2.589988708496093750e-02
2.627062797546386719e-02
2.282857894897460938e-02
2.715015411376953125e-02
2.640533447265625000e-02
2.636337280273437500e-02
2.639842033386230469e-02
2.638411521911621094e-02
2.672529220581054688e-02
2.631282806396484375e-02
2.621698379516601562e-02
2.621865272521972656e-02
2.634477615356445312e-02
2.629113197326660156e-02
2.646756172180175781e-02
2.622175216674804688e-02
2.618813514709472656e-02
2.659058570861816406e-02
2.624130249023437500e-02
2.286267280578613281e-02
2.741694450378417969e-02
2.655243873596191406e-02
2.623105049133300781e-02
2.615356445312500000e-02
2.593779563903808594e-02
2.609324455261230469e-02
2.660226821899414062e-02
2.635025978088378906e-02
2.612113952636718750e-02
2.616572380065917969e-02
2.647376060485839844e-02
2.649807929992675781e-02
2.627921104431152344e-02
2.640795707702636719e-02
2.628326416015625000e-02
2.620840072631835938e-02
2.296829223632812500e-02
2.783179283142089844e-02
2.640652656555175781e-02
2.637243270874023438e-02
2.628731727600097656e-02
2.611660957336425781e-02
2.641510963439941406e-02
2.662348747253417969e-02
2.628087997436523438e-02
2.637958526611328125e-02
2.620911598205566406e-02
2.633523941040039062e-02
2.638077735900878906e-02
2.623939514160156250e-02
2.617692947387695312e-02
2.643084526062011719e-02
2.659988403320312500e-02
2.298331260681152344e-02
2.675986289978027344e-02
2.616477012634277344e-02
2.622699737548828125e-02
2.590322494506835938e-02
2.600097656250000000e-02
2.618741989135742188e-02
2.670168876647949219e-02
2.624940872192382812e-02
2.615880966186523438e-02
2.612853050231933594e-02
2.627229690551757812e-02
2.638554573059082031e-02
2.626967430114746094e-02
2.630305290222167969e-02
2.602982521057128906e-02
2.661633491516113281e-02
2.265572547912597656e-02
2.702522277832031250e-02
2.638697624206542969e-02
2.626037597656250000e-02
2.624487876892089844e-02
2.627825736999511719e-02
2.619838714599609375e-02
2.635383605957031250e-02
2.633786201477050781e-02
2.622175216674804688e-02
2.601194381713867188e-02
2.633452415466308594e-02
2.620768547058105469e-02
2.631449699401855469e-02
2.623128890991210938e-02
2.615022659301757812e-02
2.645921707153320312e-02
2.274918556213378906e-02
2.781438827514648438e-02
2.646970748901367188e-02
2.667522430419921875e-02
2.607107162475585938e-02
2.621221542358398438e-02
2.614665031433105469e-02
2.627730369567871094e-02
2.632617950439453125e-02
2.617216110229492188e-02
2.611351013183593750e-02
2.629160881042480469e-02
2.630186080932617188e-02
2.636528015136718750e-02
2.639722824096679688e-02
2.613568305969238281e-02
2.659058570861816406e-02
2.299451828002929688e-02
2.707743644714355469e-02
2.604794502258300781e-02
2.622151374816894531e-02
2.608704566955566406e-02
2.592206001281738281e-02
2.605080604553222656e-02
2.654194831848144531e-02
2.623462677001953125e-02
2.598762512207031250e-02
2.595520019531250000e-02
2.612638473510742188e-02
2.621722221374511719e-02
2.632927894592285156e-02
2.631449699401855469e-02
2.597498893737792969e-02
2.624011039733886719e-02
2.277898788452148438e-02
2.696204185485839844e-02
2.636790275573730469e-02
2.640414237976074219e-02
2.641034126281738281e-02
2.639794349670410156e-02
2.651023864746093750e-02
2.654862403869628906e-02
2.630448341369628906e-02
2.605676651000976562e-02
2.628755569458007812e-02
2.629160881042480469e-02
2.637672424316406250e-02
2.629327774047851562e-02
2.620649337768554688e-02
2.628207206726074219e-02
2.647972106933593750e-02
2.308154106140136719e-02
3.219199180603027344e-02
3.113079071044921875e-02
3.115296363830566406e-02
3.074908256530761719e-02
3.070354461669921875e-02
3.067326545715332031e-02
3.095841407775878906e-02
3.093409538269042969e-02
3.077459335327148438e-02
3.075861930847167969e-02
3.104066848754882812e-02
3.102850914001464844e-02
3.088331222534179688e-02
3.071331977844238281e-02
3.111767768859863281e-02
3.077507019042968750e-02
2.731204032897949219e-02
3.173947334289550781e-02
3.095889091491699219e-02
3.116011619567871094e-02
3.088855743408203125e-02
3.081202507019042969e-02
3.078150749206542969e-02
3.097748756408691406e-02
3.079199790954589844e-02
3.074026107788085938e-02
3.075027465820312500e-02
3.135514259338378906e-02
3.092479705810546875e-02
3.079414367675781250e-02
3.089952468872070312e-02
3.105068206787109375e-02
3.096556663513183594e-02
2.714800834655761719e-02
2.913069725036621094e-02
2.656340599060058594e-02
2.632451057434082031e-02
2.631616592407226562e-02
2.622509002685546875e-02
2.615523338317871094e-02
2.649784088134765625e-02
2.628207206726074219e-02
2.630591392517089844e-02
2.636718750000000000e-02
2.624440193176269531e-02
2.647995948791503906e-02
2.631473541259765625e-02
2.629041671752929688e-02
2.619719505310058594e-02
2.660512924194335938e-02
2.288532257080078125e-02
2.715706825256347656e-02
2.630782127380371094e-02
2.629899978637695312e-02
2.606129646301269531e-02
2.597498893737792969e-02
2.601766586303710938e-02
2.606225013732910156e-02
2.624917030334472656e-02
2.611565589904785156e-02
2.601313591003417969e-02
2.607583999633789062e-02
2.619647979736328125e-02
2.620124816894531250e-02
2.616715431213378906e-02
2.594876289367675781e-02
2.610874176025390625e-02
2.280282974243164062e-02
2.743434906005859375e-02
2.630877494812011719e-02
2.629017829895019531e-02
2.608370780944824219e-02
2.593970298767089844e-02
2.596044540405273438e-02
2.608561515808105469e-02
2.600812911987304688e-02
2.604532241821289062e-02
2.578663825988769531e-02
2.611255645751953125e-02
2.627754211425781250e-02
2.599358558654785156e-02
2.593231201171875000e-02
2.623867988586425781e-02
2.633643150329589844e-02
2.288055419921875000e-02
2.700281143188476562e-02
2.631783485412597656e-02
2.634835243225097656e-02
2.610421180725097656e-02
2.620697021484375000e-02
2.655553817749023438e-02
2.615547180175781250e-02
2.616381645202636719e-02
2.609419822692871094e-02
2.625608444213867188e-02
2.646231651306152344e-02
2.646589279174804688e-02
2.613949775695800781e-02
2.608370780944824219e-02
2.643895149230957031e-02
2.636814117431640625e-02
2.275204658508300781e-02
2.729511260986328125e-02
2.659893035888671875e-02
2.615904808044433594e-02
2.621483802795410156e-02
2.608704566955566406e-02
2.623653411865234375e-02
2.612757682800292969e-02
2.623510360717773438e-02
2.620458602905273438e-02
2.629256248474121094e-02
2.614045143127441406e-02
2.657842636108398438e-02
2.625393867492675781e-02
2.612161636352539062e-02
2.605104446411132812e-02
2.610445022583007812e-02
2.292799949645996094e-02
2.762317657470703125e-02
2.671337127685546875e-02
2.634978294372558594e-02
2.639436721801757812e-02
2.622485160827636719e-02
2.632331848144531250e-02
2.684092521667480469e-02
2.655076980590820312e-02
2.642679214477539062e-02
2.627372741699218750e-02
2.620744705200195312e-02
2.692341804504394531e-02
2.633619308471679688e-02
2.627658843994140625e-02
2.623462677001953125e-02
2.627635002136230469e-02
2.314996719360351562e-02
2.684235572814941406e-02
2.624225616455078125e-02
2.624797821044921875e-02
2.610826492309570312e-02
2.600884437561035156e-02
2.616977691650390625e-02
2.667021751403808594e-02
2.621603012084960938e-02
2.602553367614746094e-02
2.611446380615234375e-02
2.642011642456054688e-02
2.607560157775878906e-02
2.610945701599121094e-02
2.611136436462402344e-02
2.619099617004394531e-02
2.605366706848144531e-02
2.284789085388183594e-02
2.730059623718261719e-02
2.642035484313964844e-02
2.684617042541503906e-02
2.647972106933593750e-02
2.651524543762207031e-02
2.655673027038574219e-02
2.683424949645996094e-02
2.656817436218261719e-02
2.649116516113281250e-02
2.658629417419433594e-02
2.667665481567382812e-02
2.645945549011230469e-02
2.634644508361816406e-02
2.660965919494628906e-02
2.653813362121582031e-02
2.637577056884765625e-02
2.319383621215820312e-02
2.769255638122558594e-02
2.647089958190917969e-02
2.656030654907226562e-02
2.644538879394531250e-02
2.630925178527832031e-02
2.625918388366699219e-02
2.846765518188476562e-02
2.654147148132324219e-02
2.637791633605957031e-02
2.633738517761230469e-02
2.630662918090820312e-02
2.668190002441406250e-02
2.644586563110351562e-02
2.631902694702148438e-02
2.597618103027343750e-02
2.645874023437500000e-02
2.290868759155273438e-02
2.699947357177734375e-02
2.666974067687988281e-02
2.635955810546875000e-02
2.636504173278808594e-02
2.625155448913574219e-02
2.611947059631347656e-02
2.635121345520019531e-02
2.616810798645019531e-02
2.624559402465820312e-02
2.620935440063476562e-02
2.627372741699218750e-02
2.672266960144042969e-02
2.623510360717773438e-02
2.628183364868164062e-02
2.622270584106445312e-02
2.634453773498535156e-02
2.307081222534179688e-02
3.149318695068359375e-02
3.097486495971679688e-02
3.110480308532714844e-02
3.079175949096679688e-02
3.072166442871093750e-02
3.082156181335449219e-02
3.129458427429199219e-02
3.095006942749023438e-02
3.079581260681152344e-02
3.088045120239257812e-02
3.134584426879882812e-02
3.106546401977539062e-02
3.084063529968261719e-02
3.089976310729980469e-02
3.090810775756835938e-02
3.077888488769531250e-02
2.743816375732421875e-02
3.162884712219238281e-02
3.096795082092285156e-02
3.111696243286132812e-02
3.081774711608886719e-02
3.148746490478515625e-02
3.099036216735839844e-02
3.174233436584472656e-02
3.089427947998046875e-02
3.085947036743164062e-02
3.097677230834960938e-02
3.091669082641601562e-02
3.078293800354003906e-02
3.069090843200683594e-02
3.109073638916015625e-02
3.090786933898925781e-02
3.079795837402343750e-02
2.774453163146972656e-02
3.184270858764648438e-02
3.111481666564941406e-02
3.120923042297363281e-02
3.091597557067871094e-02
3.088402748107910156e-02
3.076457977294921875e-02
3.115296363830566406e-02
3.096461296081542969e-02
3.060913085937500000e-02
3.073453903198242188e-02
3.132295608520507812e-02
3.103137016296386719e-02
3.082466125488281250e-02
3.081655502319335938e-02
3.108096122741699219e-02
3.089022636413574219e-02
2.773737907409667969e-02
3.180670738220214844e-02
3.094029426574707031e-02
3.120350837707519531e-02
3.084731101989746094e-02
3.076481819152832031e-02
3.095269203186035156e-02
3.130912780761718750e-02
3.097772598266601562e-02
3.078365325927734375e-02
3.098464012145996094e-02
3.138351440429687500e-02
3.092050552368164062e-02
3.075051307678222656e-02
3.103256225585937500e-02
3.106093406677246094e-02
3.087759017944335938e-02
2.731585502624511719e-02
3.186821937561035156e-02
3.133940696716308594e-02
3.118824958801269531e-02
3.100228309631347656e-02
3.093767166137695312e-02
3.072094917297363281e-02
3.122138977050781250e-02
3.099060058593750000e-02
3.087973594665527344e-02
3.080677986145019531e-02
3.110814094543457031e-02
3.074026107788085938e-02
3.093504905700683594e-02
3.075480461120605469e-02
3.108620643615722656e-02
3.077244758605957031e-02
2.720236778259277344e-02
3.250646591186523438e-02
3.106141090393066406e-02
3.101372718811035156e-02
3.092265129089355469e-02
3.078365325927734375e-02
3.098368644714355469e-02
3.124785423278808594e-02
3.094601631164550781e-02
3.072643280029296875e-02
3.098249435424804688e-02
3.136134147644042969e-02
3.105330467224121094e-02
3.084301948547363281e-02
3.103041648864746094e-02
3.119015693664550781e-02
3.092122077941894531e-02
2.735590934753417969e-02
3.163719177246093750e-02
3.123307228088378906e-02
3.108382225036621094e-02
3.084707260131835938e-02
3.083300590515136719e-02
3.074049949645996094e-02
3.121018409729003906e-02
3.084444999694824219e-02
3.077149391174316406e-02
3.096508979797363281e-02
3.125476837158203125e-02
3.101944923400878906e-02
3.086256980895996094e-02
3.112697601318359375e-02
3.119182586669921875e-02
3.091096878051757812e-02
2.723574638366699219e-02
3.179216384887695312e-02
3.085064888000488281e-02
3.124499320983886719e-02
3.085708618164062500e-02
3.087973594665527344e-02
3.090548515319824219e-02
3.136038780212402344e-02
3.102421760559082031e-02
3.093647956848144531e-02
3.104496002197265625e-02
3.116440773010253906e-02
3.103446960449218750e-02
3.062224388122558594e-02
3.112339973449707031e-02
3.107285499572753906e-02
3.084540367126464844e-02
2.740144729614257812e-02
3.219985961914062500e-02
3.102684020996093750e-02
3.114724159240722656e-02
3.117132186889648438e-02
3.082561492919921875e-02
3.078675270080566406e-02
3.113245964050292969e-02
3.091740608215332031e-02
3.101801872253417969e-02
3.092050552368164062e-02
3.123569488525390625e-02
3.112554550170898438e-02
3.092145919799804688e-02
3.078770637512207031e-02
3.128719329833984375e-02
3.104734420776367188e-02
2.729415893554687500e-02
3.167963027954101562e-02
3.119659423828125000e-02
3.083920478820800781e-02
3.077292442321777344e-02
3.078866004943847656e-02
3.084731101989746094e-02
3.121685981750488281e-02
3.107070922851562500e-02
3.083539009094238281e-02
3.104686737060546875e-02
3.128218650817871094e-02
3.085732460021972656e-02
3.070783615112304688e-02
3.102684020996093750e-02
3.094553947448730469e-02
3.085064888000488281e-02
2.743506431579589844e-02
3.178596496582031250e-02
3.101086616516113281e-02
3.118324279785156250e-02
3.090739250183105469e-02
3.091454505920410156e-02
3.095841407775878906e-02
3.132271766662597656e-02
3.098177909851074219e-02
3.081774711608886719e-02
3.094434738159179688e-02
3.111076354980468750e-02
3.102469444274902344e-02
3.083395957946777344e-02
3.098750114440917969e-02
3.099608421325683594e-02
3.082346916198730469e-02
2.743196487426757812e-02
3.214454650878906250e-02
3.104829788208007812e-02
3.079271316528320312e-02
3.091692924499511719e-02
3.065037727355957031e-02
3.095173835754394531e-02
3.120684623718261719e-02
3.086352348327636719e-02
3.079628944396972656e-02
3.104233741760253906e-02
3.141880035400390625e-02
3.099298477172851562e-02
3.099584579467773438e-02
3.091287612915039062e-02
3.103804588317871094e-02
3.089118003845214844e-02
2.747702598571777344e-02
3.179907798767089844e-02
3.115057945251464844e-02
3.080296516418457031e-02
3.101277351379394531e-02
3.087568283081054688e-02
3.087019920349121094e-02
3.138613700866699219e-02
3.076386451721191406e-02
3.086757659912109375e-02
3.103780746459960938e-02
3.159546852111816406e-02
3.106713294982910156e-02
3.083825111389160156e-02
3.093290328979492188e-02
3.168559074401855469e-02
3.102254867553710938e-02
2.728343009948730469e-02
3.172469139099121094e-02
3.158807754516601562e-02
3.116559982299804688e-02
3.086876869201660156e-02
3.080415725708007812e-02
3.088903427124023438e-02
3.119516372680664062e-02
3.087854385375976562e-02
3.114056587219238281e-02
3.096675872802734375e-02
3.127908706665039062e-02
3.094482421875000000e-02
3.081893920898437500e-02
3.082942962646484375e-02
3.173208236694335938e-02
3.086781501770019531e-02
2.719187736511230469e-02
2.725315093994140625e-02
2.668905258178710938e-02
2.643513679504394531e-02
2.639985084533691406e-02
2.619361877441406250e-02
2.644538879394531250e-02
2.674460411071777344e-02
2.655291557312011719e-02
2.637028694152832031e-02
2.636694908142089844e-02
2.674365043640136719e-02
2.644181251525878906e-02
2.626919746398925781e-02
2.630734443664550781e-02
2.654242515563964844e-02
2.631354331970214844e-02
2.306246757507324219e-02
2.778387069702148438e-02
2.633643150329589844e-02
2.641248703002929688e-02
2.656531333923339844e-02
2.631378173828125000e-02
2.679181098937988281e-02
2.661919593811035156e-02
2.624583244323730469e-02
2.627754211425781250e-02
2.638983726501464844e-02
2.707791328430175781e-02
2.658867835998535156e-02
2.629542350769042969e-02
2.621674537658691406e-02
2.627897262573242188e-02
2.647924423217773438e-02
2.310562133789062500e-02
2.714371681213378906e-02
2.656841278076171875e-02
2.626657485961914062e-02
2.626371383666992188e-02
2.623605728149414062e-02
2.622795104980468750e-02
2.662682533264160156e-02
2.636647224426269531e-02
2.625799179077148438e-02
2.618050575256347656e-02
2.636241912841796875e-02
2.663278579711914062e-02
2.640223503112792969e-02
2.623915672302246094e-02
2.632784843444824219e-02
2.635240554809570312e-02
2.287626266479492188e-02
2.756953239440917969e-02
2.671289443969726562e-02
2.646565437316894531e-02
2.623105049133300781e-02
2.614521980285644531e-02
2.618479728698730469e-02
2.647304534912109375e-02
2.616930007934570312e-02
2.633523941040039062e-02
2.625441551208496094e-02
2.637767791748046875e-02
2.660417556762695312e-02
2.655005455017089844e-02
2.635717391967773438e-02
2.748608589172363281e-02
2.794075012207031250e-02
2.346944808959960938e-02
2.799916267395019531e-02
2.654409408569335938e-02
2.623391151428222656e-02
2.626061439514160156e-02
2.638769149780273438e-02
2.653217315673828125e-02
2.662491798400878906e-02
2.635574340820312500e-02
2.608966827392578125e-02
2.642512321472167969e-02
2.641963958740234375e-02
2.610111236572265625e-02
2.619171142578125000e-02
2.641439437866210938e-02
2.622103691101074219e-02
2.617549896240234375e-02
2.326512336730957031e-02
2.705621719360351562e-02
2.620553970336914062e-02
2.619791030883789062e-02
2.641296386718750000e-02
2.629613876342773438e-02
2.648305892944335938e-02
2.674341201782226562e-02
2.633523941040039062e-02
2.625203132629394531e-02
2.638196945190429688e-02
2.636504173278808594e-02
2.657985687255859375e-02
2.650070190429687500e-02
2.618217468261718750e-02
2.619004249572753906e-02
2.641677856445312500e-02
2.285003662109375000e-02
2.787137031555175781e-02
2.645969390869140625e-02
2.651453018188476562e-02
2.630686759948730469e-02
2.627229690551757812e-02
2.671432495117187500e-02
2.651333808898925781e-02
2.640604972839355469e-02
2.645277976989746094e-02
2.638459205627441406e-02
2.693581581115722656e-02
2.659988403320312500e-02
2.645730972290039062e-02
2.617406845092773438e-02
2.660703659057617188e-02
2.652287483215332031e-02
2.281188964843750000e-02
2.788782119750976562e-02
2.640509605407714844e-02
2.625870704650878906e-02
2.628755569458007812e-02
2.620148658752441406e-02
2.631020545959472656e-02
2.649450302124023438e-02
2.629590034484863281e-02
2.633476257324218750e-02
2.628922462463378906e-02
2.643895149230957031e-02
2.645087242126464844e-02
2.639865875244140625e-02
2.618265151977539062e-02
2.613043785095214844e-02
2.647018432617187500e-02
2.316784858703613281e-02
3.167653083801269531e-02
3.099250793457031250e-02
3.116989135742187500e-02
3.087759017944335938e-02
3.072834014892578125e-02
3.098154067993164062e-02
3.125905990600585938e-02
3.096842765808105469e-02
3.076291084289550781e-02
3.101778030395507812e-02
3.112578392028808594e-02
3.089857101440429688e-02
3.079819679260253906e-02
3.101491928100585938e-02
3.097200393676757812e-02
3.083539009094238281e-02
2.784681320190429688e-02
3.157591819763183594e-02
3.114247322082519531e-02
3.085613250732421875e-02
3.085637092590332031e-02
3.089475631713867188e-02
3.091025352478027344e-02
3.111553192138671875e-02
3.110814094543457031e-02
3.081464767456054688e-02
3.087568283081054688e-02
3.123354911804199219e-02
3.104734420776367188e-02
3.093600273132324219e-02
3.094768524169921875e-02
3.132534027099609375e-02
3.092694282531738281e-02
2.725839614868164062e-02
3.005623817443847656e-02
2.620363235473632812e-02
2.614378929138183594e-02
2.619481086730957031e-02
2.620148658752441406e-02
2.611899375915527344e-02
2.646017074584960938e-02
2.630662918090820312e-02
2.619743347167968750e-02
2.609229087829589844e-02
2.619338035583496094e-02
2.638363838195800781e-02
2.604794502258300781e-02
2.614426612854003906e-02
2.641248703002929688e-02
2.634811401367187500e-02
2.314376831054687500e-02
2.715802192687988281e-02
2.626299858093261719e-02
2.618122100830078125e-02
2.622461318969726562e-02
2.611541748046875000e-02
2.638959884643554688e-02
2.637839317321777344e-02
2.614617347717285156e-02
2.599501609802246094e-02
2.597880363464355469e-02
2.630686759948730469e-02
2.615976333618164062e-02
2.616024017333984375e-02
2.615451812744140625e-02
2.599978446960449219e-02
2.625012397766113281e-02
2.271962165832519531e-02
2.724575996398925781e-02
2.636337280273437500e-02
2.636027336120605469e-02
2.639818191528320312e-02
2.626442909240722656e-02
2.644944190979003906e-02
2.669334411621093750e-02
2.642917633056640625e-02
2.620673179626464844e-02
2.622389793395996094e-02
2.647566795349121094e-02
2.665925025939941406e-02
2.631068229675292969e-02
2.620410919189453125e-02
2.609562873840332031e-02
2.646946907043457031e-02
2.295827865600585938e-02
2.739572525024414062e-02
2.654910087585449219e-02
2.619838714599609375e-02
2.623391151428222656e-02
2.609729766845703125e-02
2.611708641052246094e-02
2.630448341369628906e-02
2.648663520812988281e-02
2.595186233520507812e-02
2.612400054931640625e-02
2.624154090881347656e-02
2.655982971191406250e-02
2.619004249572753906e-02
2.616453170776367188e-02
2.610659599304199219e-02
2.647066116333007812e-02
2.308344841003417969e-02
4.058766365051269531e-02
2.648925781250000000e-02
2.636456489562988281e-02
2.612709999084472656e-02
2.611613273620605469e-02
2.602076530456542969e-02
2.654314041137695312e-02
2.631139755249023438e-02
2.635478973388671875e-02
2.631425857543945312e-02
2.633929252624511719e-02
2.658224105834960938e-02
2.628397941589355469e-02
2.621173858642578125e-02
2.639603614807128906e-02
2.644062042236328125e-02
2.298045158386230469e-02
2.718281745910644531e-02
2.652072906494140625e-02
2.660679817199707031e-02
2.653217315673828125e-02
2.637219429016113281e-02
2.651739120483398438e-02
2.665638923645019531e-02
2.644610404968261719e-02
2.631449699401855469e-02
2.639150619506835938e-02
2.659535408020019531e-02
2.664375305175781250e-02
2.642774581909179688e-02
2.635192871093750000e-02
2.631950378417968750e-02
2.656269073486328125e-02
2.305650711059570312e-02
2.729558944702148438e-02
2.645635604858398438e-02
2.628803253173828125e-02
2.618646621704101562e-02
2.641415596008300781e-02
2.644324302673339844e-02
2.663946151733398438e-02
2.647137641906738281e-02
2.642774581909179688e-02
2.642893791198730469e-02
2.653264999389648438e-02
2.665233612060546875e-02
2.649140357971191406e-02
2.630996704101562500e-02
2.644681930541992188e-02
2.659654617309570312e-02
2.291536331176757812e-02
2.748227119445800781e-02
2.666425704956054688e-02
2.645683288574218750e-02
2.642488479614257812e-02
2.622485160827636719e-02
2.634978294372558594e-02
2.671408653259277344e-02
2.649164199829101562e-02
2.639865875244140625e-02
2.637696266174316406e-02
2.666759490966796875e-02
2.631688117980957031e-02
2.626800537109375000e-02
2.652835845947265625e-02
2.647376060485839844e-02
2.627110481262207031e-02
2.301096916198730469e-02
3.178739547729492188e-02
3.117322921752929688e-02
3.105878829956054688e-02
3.090262413024902344e-02
3.089857101440429688e-02
3.126573562622070312e-02
3.094053268432617188e-02
3.073859214782714844e-02
3.086233139038085938e-02
3.130626678466796875e-02
3.090357780456542969e-02
3.083157539367675781e-02
3.094363212585449219e-02
3.127527236938476562e-02
3.092646598815917969e-02
3.091239929199218750e-02
2.770805358886718750e-02
3.161787986755371094e-02
3.115010261535644531e-02
3.103756904602050781e-02
3.092432022094726562e-02
3.077411651611328125e-02
3.126406669616699219e-02
3.122162818908691406e-02
3.095006942749023438e-02
3.082942962646484375e-02
3.094029426574707031e-02
3.129506111145019531e-02
3.115177154541015625e-02
3.076767921447753906e-02
3.090500831604003906e-02
3.122687339782714844e-02
3.098273277282714844e-02
2.726364135742187500e-02
3.174161911010742188e-02
3.103828430175781250e-02
3.118896484375000000e-02
3.085756301879882812e-02
3.149533271789550781e-02
3.090023994445800781e-02
3.135704994201660156e-02
3.101444244384765625e-02
3.080010414123535156e-02
3.092598915100097656e-02
3.123378753662109375e-02
3.097629547119140625e-02
3.079938888549804688e-02
3.092837333679199219e-02
3.110671043395996094e-02
3.086876869201660156e-02
2.763342857360839844e-02
3.187108039855957031e-02
3.108882904052734375e-02
3.111839294433593750e-02
3.098106384277343750e-02
3.079128265380859375e-02
3.089499473571777344e-02
3.130507469177246094e-02
3.097224235534667969e-02
3.086066246032714844e-02
3.158569335937500000e-02
3.112125396728515625e-02
3.092122077941894531e-02
3.081130981445312500e-02
3.113460540771484375e-02
3.107690811157226562e-02
3.086042404174804688e-02
2.805328369140625000e-02
3.158569335937500000e-02
3.114080429077148438e-02
3.118300437927246094e-02
3.086781501770019531e-02
3.084158897399902344e-02
3.079724311828613281e-02
3.145956993103027344e-02
3.102445602416992188e-02
3.096389770507812500e-02
3.093194961547851562e-02
3.128123283386230469e-02
3.117799758911132812e-02
3.097295761108398438e-02
3.076338768005371094e-02
3.111171722412109375e-02
3.128600120544433594e-02
2.721667289733886719e-02
3.202605247497558594e-02
3.111362457275390625e-02
3.136682510375976562e-02
3.128480911254882812e-02
3.096604347229003906e-02
3.087162971496582031e-02
3.100705146789550781e-02
3.109693527221679688e-02
3.084516525268554688e-02
3.091120719909667969e-02
3.114700317382812500e-02
3.113055229187011719e-02
3.109788894653320312e-02
3.076958656311035156e-02
3.122758865356445312e-02
3.113985061645507812e-02
2.746224403381347656e-02
3.251957893371582031e-02
3.110575675964355469e-02
3.127551078796386719e-02
3.099274635314941406e-02
3.085327148437500000e-02
3.069019317626953125e-02
3.119111061096191406e-02
3.088235855102539062e-02
3.077554702758789062e-02
3.102135658264160156e-02
3.124332427978515625e-02
3.098487854003906250e-02
3.085565567016601562e-02
3.091168403625488281e-02
3.114485740661621094e-02
3.081035614013671875e-02
2.739906311035156250e-02
3.170466423034667969e-02
3.122138977050781250e-02
3.115892410278320312e-02
3.112030029296875000e-02
3.091001510620117188e-02
3.096079826354980469e-02
3.136682510375976562e-02
3.113198280334472656e-02
3.102946281433105469e-02
3.118276596069335938e-02
3.135633468627929688e-02
3.099465370178222656e-02
3.081822395324707031e-02
3.116655349731445312e-02
3.136563301086425781e-02
3.104853630065917969e-02
2.740216255187988281e-02
3.190445899963378906e-02
3.114438056945800781e-02
3.121995925903320312e-02
3.096127510070800781e-02
3.083491325378417969e-02
3.104591369628906250e-02
3.138852119445800781e-02
3.105330467224121094e-02
3.091096878051757812e-02
3.101634979248046875e-02
3.131198883056640625e-02
3.098082542419433594e-02
3.088808059692382812e-02
3.088593482971191406e-02
3.106570243835449219e-02
3.085756301879882812e-02
2.751493453979492188e-02
3.002738952636718750e-02
2.635812759399414062e-02
2.633595466613769531e-02
2.630925178527832031e-02
2.630233764648437500e-02
2.629923820495605469e-02
2.639579772949218750e-02
2.645063400268554688e-02
2.673077583312988281e-02
2.625298500061035156e-02
2.620840072631835938e-02
2.643108367919921875e-02
2.629756927490234375e-02
2.625274658203125000e-02
2.614140510559082031e-02
2.627849578857421875e-02
2.306413650512695312e-02
2.699685096740722656e-02
2.657723426818847656e-02
2.646875381469726562e-02
2.633666992187500000e-02
2.663564682006835938e-02
2.676105499267578125e-02
2.644848823547363281e-02
2.648115158081054688e-02
2.618360519409179688e-02
2.653121948242187500e-02
2.659749984741210938e-02
2.642250061035156250e-02
2.636051177978515625e-02
2.651906013488769531e-02
2.649569511413574219e-02
2.660250663757324219e-02
2.295732498168945312e-02
2.729916572570800781e-02
2.663397789001464844e-02
2.630805969238281250e-02
2.635288238525390625e-02
2.623891830444335938e-02
2.620434761047363281e-02
2.644753456115722656e-02
2.650165557861328125e-02
2.637195587158203125e-02
2.625584602355957031e-02
2.629065513610839844e-02
2.667021751403808594e-02
2.637124061584472656e-02
2.631950378417968750e-02
2.626442909240722656e-02
2.644491195678710938e-02
2.324604988098144531e-02
2.826213836669921875e-02
2.639436721801757812e-02
2.647447586059570312e-02
2.623820304870605469e-02
2.639055252075195312e-02
2.693176269531250000e-02
2.652096748352050781e-02
2.632546424865722656e-02
2.641510963439941406e-02
2.669453620910644531e-02
2.651977539062500000e-02
2.633905410766601562e-02
2.628803253173828125e-02
2.626228332519531250e-02
2.637100219726562500e-02
2.632093429565429688e-02
2.372360229492187500e-02
2.708387374877929688e-02
2.636027336120605469e-02
2.639770507812500000e-02
2.621221542358398438e-02
2.635383605957031250e-02
2.644705772399902344e-02
2.649927139282226562e-02
2.627801895141601562e-02
2.622818946838378906e-02
2.621006965637207031e-02
2.652692794799804688e-02
2.677607536315917969e-02
2.628302574157714844e-02
2.625751495361328125e-02
2.641749382019042969e-02
2.659010887145996094e-02
2.302050590515136719e-02
2.719116210937500000e-02
2.669787406921386719e-02
2.677226066589355469e-02
2.648329734802246094e-02
2.629137039184570312e-02
2.639412879943847656e-02
2.663373947143554688e-02
2.644395828247070312e-02
2.640199661254882812e-02
2.632164955139160156e-02
2.651619911193847656e-02
2.670049667358398438e-02
2.651023864746093750e-02
2.631926536560058594e-02
2.627635002136230469e-02
2.658247947692871094e-02
2.317214012145996094e-02
2.732610702514648438e-02
2.641916275024414062e-02
2.642130851745605469e-02
2.624893188476562500e-02
2.654671669006347656e-02
2.666807174682617188e-02
2.654981613159179688e-02
2.639055252075195312e-02
2.633237838745117188e-02
2.655696868896484375e-02
2.647590637207031250e-02
2.708077430725097656e-02
2.628898620605468750e-02
2.636623382568359375e-02
2.641034126281738281e-02
2.651238441467285156e-02
2.306795120239257812e-02
2.730631828308105469e-02
2.649021148681640625e-02
2.640056610107421875e-02
2.632284164428710938e-02
2.623939514160156250e-02
2.632808685302734375e-02
2.652072906494140625e-02
2.632617950439453125e-02
2.643132209777832031e-02
2.623319625854492188e-02
2.638173103332519531e-02
2.655649185180664062e-02
2.626824378967285156e-02
2.645683288574218750e-02
2.617478370666503906e-02
2.657914161682128906e-02
2.301025390625000000e-02
2.723884582519531250e-02
2.665662765502929688e-02
2.638387680053710938e-02
2.633237838745117188e-02
2.631855010986328125e-02
2.644753456115722656e-02
2.636504173278808594e-02
2.652263641357421875e-02
2.639603614807128906e-02
2.650713920593261719e-02
2.663350105285644531e-02
2.638196945190429688e-02
2.630972862243652344e-02
2.658414840698242188e-02
2.616524696350097656e-02
2.632188796997070312e-02
2.323842048645019531e-02
2.728295326232910156e-02
2.657008171081542969e-02
2.617120742797851562e-02
2.639389038085937500e-02
2.626633644104003906e-02
2.659153938293457031e-02
2.656269073486328125e-02
2.649307250976562500e-02
2.635407447814941406e-02
2.627134323120117188e-02
2.653956413269042969e-02
2.661490440368652344e-02
2.648472785949707031e-02
2.636671066284179688e-02
2.628469467163085938e-02
2.662539482116699219e-02
2.295947074890136719e-02
2.808117866516113281e-02
2.636909484863281250e-02
2.622270584106445312e-02
2.643656730651855469e-02
2.632141113281250000e-02
2.646136283874511719e-02
2.716708183288574219e-02
2.646303176879882812e-02
2.626132965087890625e-02
2.636861801147460938e-02
2.658033370971679688e-02
2.681207656860351562e-02
2.644586563110351562e-02
2.636289596557617188e-02
2.641415596008300781e-02
2.658200263977050781e-02
2.332830429077148438e-02
2.727818489074707031e-02
2.676057815551757812e-02
2.644324302673339844e-02
2.633666992187500000e-02
2.620172500610351562e-02
2.630281448364257812e-02
2.679872512817382812e-02
2.629160881042480469e-02
2.660512924194335938e-02
2.628445625305175781e-02
2.648925781250000000e-02
2.650189399719238281e-02
2.656126022338867188e-02
2.637028694152832031e-02
2.639460563659667969e-02
2.666521072387695312e-02
2.308654785156250000e-02
2.737402915954589844e-02
2.653551101684570312e-02
2.647185325622558594e-02
2.648377418518066406e-02
2.687859535217285156e-02
2.657246589660644531e-02
2.668642997741699219e-02
2.661561965942382812e-02
2.648735046386718750e-02
2.646279335021972656e-02
2.665591239929199219e-02
2.646660804748535156e-02
2.661490440368652344e-02
2.668237686157226562e-02
2.665996551513671875e-02
2.678918838500976562e-02
2.303123474121093750e-02
2.819609642028808594e-02
2.666902542114257812e-02
2.640271186828613281e-02
2.634167671203613281e-02
2.637004852294921875e-02
2.678132057189941406e-02
2.652192115783691406e-02
2.641463279724121094e-02
2.633166313171386719e-02
2.665257453918457031e-02
2.675008773803710938e-02
2.652335166931152344e-02
2.634239196777343750e-02
2.630925178527832031e-02
2.658867835998535156e-02
2.660346031188964844e-02
2.318453788757324219e-02
2.726936340332031250e-02
2.652692794799804688e-02
2.650165557861328125e-02
2.644991874694824219e-02
2.624034881591796875e-02
2.630591392517089844e-02
2.665352821350097656e-02
2.635645866394042969e-02
2.625846862792968750e-02
2.639913558959960938e-02
2.647018432617187500e-02
2.642297744750976562e-02
2.639412879943847656e-02
2.619171142578125000e-02
2.625513076782226562e-02
2.662849426269531250e-02
2.296161651611328125e-02
2.762055397033691406e-02
2.667617797851562500e-02
2.654290199279785156e-02
2.657151222229003906e-02
2.667021751403808594e-02
2.672910690307617188e-02
2.667570114135742188e-02
2.677059173583984375e-02
2.646493911743164062e-02
2.672243118286132812e-02
2.663803100585937500e-02
2.653002738952636719e-02
2.641892433166503906e-02
2.649378776550292969e-02
2.676939964294433594e-02
2.664208412170410156e-02
2.311587333679199219e-02
2.773976325988769531e-02
2.656245231628417969e-02
2.639293670654296875e-02
2.621388435363769531e-02
2.601075172424316406e-02
2.609372138977050781e-02
2.628612518310546875e-02
2.633142471313476562e-02
2.623772621154785156e-02
2.611422538757324219e-02
2.634167671203613281e-02
2.660799026489257812e-02
2.642798423767089844e-02
2.621412277221679688e-02
2.635431289672851562e-02
2.630639076232910156e-02
2.306199073791503906e-02
2.767777442932128906e-02
2.661728858947753906e-02
2.669668197631835938e-02
2.639555931091308594e-02
2.666568756103515625e-02
2.634310722351074219e-02
2.647852897644042969e-02
2.627182006835937500e-02
2.700185775756835938e-02
2.639865875244140625e-02
2.626824378967285156e-02
2.641057968139648438e-02
2.665901184082031250e-02
2.638435363769531250e-02
2.625870704650878906e-02
2.635717391967773438e-02
2.295875549316406250e-02
2.715539932250976562e-02
2.746248245239257812e-02
2.655768394470214844e-02
2.637624740600585938e-02
2.615451812744140625e-02
2.619171142578125000e-02
2.626609802246093750e-02
2.661800384521484375e-02
2.638840675354003906e-02
2.628302574157714844e-02
2.621054649353027344e-02
2.649140357971191406e-02
2.646994590759277344e-02
2.631473541259765625e-02
2.617549896240234375e-02
2.617669105529785156e-02
2.305746078491210938e-02
2.728247642517089844e-02
2.657008171081542969e-02
2.624654769897460938e-02
2.631139755249023438e-02
2.632689476013183594e-02
2.617430686950683594e-02
2.648782730102539062e-02
2.648162841796875000e-02
2.634811401367187500e-02
2.630138397216796875e-02
2.633309364318847656e-02
2.666974067687988281e-02
2.646136283874511719e-02
2.631902694702148438e-02
2.628731727600097656e-02
2.650213241577148438e-02
2.394843101501464844e-02
3.221845626831054688e-02
3.133225440979003906e-02
3.100991249084472656e-02
3.104925155639648438e-02
3.093957901000976562e-02
3.099822998046875000e-02
3.138399124145507812e-02
3.117632865905761719e-02
3.102111816406250000e-02
3.109455108642578125e-02
3.135752677917480469e-02
3.098535537719726562e-02
3.083372116088867188e-02
3.110551834106445312e-02
3.132772445678710938e-02
3.088760375976562500e-02
2.745246887207031250e-02
2.703809738159179688e-02
2.658438682556152344e-02
2.658843994140625000e-02
2.629303932189941406e-02
2.641868591308593750e-02
2.651643753051757812e-02
2.639317512512207031e-02
2.654862403869628906e-02
2.658724784851074219e-02
2.664685249328613281e-02
2.650141716003417969e-02
2.651524543762207031e-02
2.641677856445312500e-02
2.647924423217773438e-02
2.643799781799316406e-02
2.629876136779785156e-02
2.326059341430664062e-02
2.713155746459960938e-02
2.657413482666015625e-02
2.637767791748046875e-02
2.639508247375488281e-02
2.627682685852050781e-02
2.627706527709960938e-02
2.662944793701171875e-02
2.643632888793945312e-02
2.636528015136718750e-02
2.622771263122558594e-02
2.634334564208984375e-02
2.680730819702148438e-02
2.634525299072265625e-02
2.623152732849121094e-02
2.632689476013183594e-02
2.650523185729980469e-02
2.312994003295898438e-02
2.799034118652343750e-02
2.633547782897949219e-02
2.633857727050781250e-02
2.610111236572265625e-02
2.627205848693847656e-02
2.635979652404785156e-02
2.664828300476074219e-02
2.633023262023925781e-02
2.630472183227539062e-02
2.614712715148925781e-02
2.650690078735351562e-02
2.621603012084960938e-02
2.619218826293945312e-02
2.612638473510742188e-02
2.627062797546386719e-02
2.662682533264160156e-02
2.296447753906250000e-02
2.725648880004882812e-02
2.672123908996582031e-02
2.650332450866699219e-02
2.631688117980957031e-02
2.645349502563476562e-02
2.638959884643554688e-02
2.672624588012695312e-02
2.646946907043457031e-02
2.637720108032226562e-02
2.624011039733886719e-02
2.621388435363769531e-02
2.654480934143066406e-02
2.642273902893066406e-02
2.628207206726074219e-02
2.636480331420898438e-02
2.636766433715820312e-02
2.314448356628417969e-02
2.831554412841796875e-02
2.668428421020507812e-02
2.666354179382324219e-02
2.668762207031250000e-02
2.647709846496582031e-02
2.646541595458984375e-02
2.680659294128417969e-02
2.657389640808105469e-02
2.667474746704101562e-02
2.654910087585449219e-02
2.664828300476074219e-02
2.683496475219726562e-02
2.667641639709472656e-02
2.661299705505371094e-02
2.652859687805175781e-02
2.672934532165527344e-02
2.324557304382324219e-02
2.803349494934082031e-02
2.665877342224121094e-02
2.626276016235351562e-02
2.651548385620117188e-02
2.618885040283203125e-02
2.625346183776855469e-02
2.670693397521972656e-02
2.633476257324218750e-02
2.625060081481933594e-02
2.620220184326171875e-02
2.633500099182128906e-02
2.645301818847656250e-02
2.629923820495605469e-02
2.625465393066406250e-02
2.616953849792480469e-02
2.649307250976562500e-02
2.307653427124023438e-02
3.173017501831054688e-02
3.113508224487304688e-02
3.121948242187500000e-02
3.117895126342773438e-02
3.094410896301269531e-02
3.083157539367675781e-02
3.102397918701171875e-02
3.108525276184082031e-02
3.102111816406250000e-02
3.097224235534667969e-02
3.134655952453613281e-02
3.111410140991210938e-02
3.085350990295410156e-02
3.092098236083984375e-02
3.127646446228027344e-02
3.115940093994140625e-02
2.729773521423339844e-02
3.186655044555664062e-02
3.130602836608886719e-02
3.139686584472656250e-02
3.114700317382812500e-02
3.096628189086914062e-02
3.101587295532226562e-02
3.144431114196777344e-02
3.118228912353515625e-02
3.099370002746582031e-02
3.096532821655273438e-02
3.127598762512207031e-02
3.103852272033691406e-02
3.091335296630859375e-02
3.095579147338867188e-02
3.121066093444824219e-02
3.109216690063476562e-02
2.732753753662109375e-02
3.004240989685058594e-02
2.673602104187011719e-02
2.665781974792480469e-02
2.644753456115722656e-02
2.635025978088378906e-02
2.633833885192871094e-02
2.669405937194824219e-02
2.661085128784179688e-02
2.663040161132812500e-02
2.646350860595703125e-02
2.689695358276367188e-02
2.650761604309082031e-02
2.635574340820312500e-02
2.642965316772460938e-02
2.685308456420898438e-02
2.661752700805664062e-02
2.328419685363769531e-02
3.203129768371582031e-02
3.135633468627929688e-02
3.114676475524902344e-02
3.115797042846679688e-02
3.099775314331054688e-02
3.116416931152343750e-02
3.155303001403808594e-02
3.101778030395507812e-02
3.086137771606445312e-02
3.106904029846191406e-02
3.144764900207519531e-02
3.106498718261718750e-02
3.093647956848144531e-02
3.101468086242675781e-02
3.135466575622558594e-02
3.100442886352539062e-02
2.749514579772949219e-02
2.745699882507324219e-02
2.664136886596679688e-02
2.637887001037597656e-02
2.622628211975097656e-02
2.623629570007324219e-02
2.633666992187500000e-02
2.671432495117187500e-02
2.639341354370117188e-02
2.636098861694335938e-02
2.622961997985839844e-02
2.646112442016601562e-02
2.659630775451660156e-02
2.640771865844726562e-02
2.626967430114746094e-02
2.620220184326171875e-02
2.654218673706054688e-02
2.304339408874511719e-02
2.797031402587890625e-02
2.670240402221679688e-02
2.651715278625488281e-02
2.642321586608886719e-02
2.639222145080566406e-02
2.653264999389648438e-02
2.660846710205078125e-02
2.628898620605468750e-02
2.634668350219726562e-02
2.652549743652343750e-02
2.639317512512207031e-02
2.592182159423828125e-02
2.636957168579101562e-02
2.659106254577636719e-02
2.632617950439453125e-02
2.617788314819335938e-02
2.325797080993652344e-02
3.245878219604492188e-02
3.124880790710449219e-02
3.116536140441894531e-02
3.101325035095214844e-02
3.084516525268554688e-02
3.088450431823730469e-02
3.132367134094238281e-02
3.107047080993652344e-02
3.117799758911132812e-02
3.102588653564453125e-02
3.147411346435546875e-02
3.104925155639648438e-02
3.086853027343750000e-02
3.099727630615234375e-02
3.139543533325195312e-02
3.103494644165039062e-02
2.805423736572265625e-02
3.177070617675781250e-02
3.119397163391113281e-02
3.132462501525878906e-02
3.102636337280273438e-02
3.084468841552734375e-02
3.088116645812988281e-02
3.109097480773925781e-02
3.092861175537109375e-02
3.088760375976562500e-02
3.081297874450683594e-02
3.125643730163574219e-02
3.104662895202636719e-02
3.099131584167480469e-02
3.098893165588378906e-02
3.139209747314453125e-02
3.097748756408691406e-02
2.724361419677734375e-02
3.169798851013183594e-02
3.232526779174804688e-02
3.125000000000000000e-02
3.095960617065429688e-02
3.105926513671875000e-02
3.111290931701660156e-02
3.138995170593261719e-02
3.098797798156738281e-02
3.084182739257812500e-02
3.120803833007812500e-02
3.123998641967773438e-02
3.099560737609863281e-02
3.082656860351562500e-02
3.115701675415039062e-02
3.153157234191894531e-02
3.089880943298339844e-02
2.766966819763183594e-02
3.272294998168945312e-02
3.149962425231933594e-02
3.130769729614257812e-02
3.103089332580566406e-02
3.098654747009277344e-02
3.108620643615722656e-02
3.143572807312011719e-02
3.103804588317871094e-02
3.099417686462402344e-02
3.103208541870117188e-02
3.136277198791503906e-02
3.121662139892578125e-02
3.075742721557617188e-02
3.101277351379394531e-02
3.130340576171875000e-02
3.104114532470703125e-02
2.765178680419921875e-02
3.177165985107421875e-02
3.127431869506835938e-02
3.138566017150878906e-02
3.224015235900878906e-02
3.099060058593750000e-02
3.087544441223144531e-02
3.124356269836425781e-02
3.089213371276855469e-02
3.089880943298339844e-02
3.098368644714355469e-02
3.158164024353027344e-02
3.103685379028320312e-02
3.097009658813476562e-02
3.106522560119628906e-02
3.137922286987304688e-02
3.094506263732910156e-02
2.746558189392089844e-02
3.174281120300292969e-02
3.129029273986816406e-02
3.136014938354492188e-02
3.099370002746582031e-02
3.095149993896484375e-02
3.118419647216796875e-02
3.174781799316406250e-02
3.096342086791992188e-02
3.091287612915039062e-02
3.095936775207519531e-02
3.145527839660644531e-02
3.109240531921386719e-02
3.097701072692871094e-02
3.124475479125976562e-02
3.147745132446289062e-02
3.123354911804199219e-02
2.734136581420898438e-02
3.272652626037597656e-02
3.129839897155761719e-02
3.114724159240722656e-02
3.079986572265625000e-02
3.118586540222167969e-02
3.110504150390625000e-02
3.103089332580566406e-02
3.136396408081054688e-02
3.106975555419921875e-02
3.090333938598632812e-02
3.097343444824218750e-02
3.085184097290039062e-02
3.131723403930664062e-02
3.098464012145996094e-02
3.101563453674316406e-02
3.117179870605468750e-02
2.728080749511718750e-02
2.766251564025878906e-02
2.654647827148437500e-02
2.643609046936035156e-02
2.651619911193847656e-02
2.642178535461425781e-02
2.635836601257324219e-02
2.653765678405761719e-02
2.681541442871093750e-02
2.651453018188476562e-02
2.634835243225097656e-02
2.631735801696777344e-02
2.654314041137695312e-02
2.659916877746582031e-02
2.663159370422363281e-02
2.636122703552246094e-02
2.652382850646972656e-02
2.324509620666503906e-02
2.731347084045410156e-02
2.692723274230957031e-02
2.664852142333984375e-02
2.646541595458984375e-02
2.657103538513183594e-02
2.704668045043945312e-02
2.654957771301269531e-02
2.659988403320312500e-02
2.640318870544433594e-02
2.675032615661621094e-02
2.661871910095214844e-02
2.709388732910156250e-02
2.636694908142089844e-02
2.653837203979492188e-02
2.667260169982910156e-02
2.662420272827148438e-02
2.304863929748535156e-02
2.782607078552246094e-02
2.658939361572265625e-02
2.629661560058593750e-02
2.639365196228027344e-02
2.644968032836914062e-02
2.631020545959472656e-02
2.644133567810058594e-02
2.656078338623046875e-02
2.639341354370117188e-02
2.640008926391601562e-02
2.628684043884277344e-02
2.652430534362792969e-02
2.645802497863769531e-02
2.633094787597656250e-02
2.624440193176269531e-02
2.640652656555175781e-02
2.329921722412109375e-02
2.744174003601074219e-02
2.625226974487304688e-02
2.624988555908203125e-02
2.623867988586425781e-02
2.619552612304687500e-02
2.607512474060058594e-02
2.646708488464355469e-02
2.618813514709472656e-02
2.623605728149414062e-02
2.610087394714355469e-02
2.613162994384765625e-02
2.657699584960937500e-02
2.620720863342285156e-02
2.613759040832519531e-02
2.612400054931640625e-02
2.779197692871093750e-02
2.302908897399902344e-02
2.755999565124511719e-02
2.671313285827636719e-02
2.653527259826660156e-02
2.641844749450683594e-02
2.627873420715332031e-02
2.639150619506835938e-02
2.672934532165527344e-02
2.640032768249511719e-02
2.638149261474609375e-02
2.626752853393554688e-02
2.649068832397460938e-02
2.670216560363769531e-02
2.642083168029785156e-02
2.631998062133789062e-02
2.642416954040527344e-02
2.668809890747070312e-02
2.302241325378417969e-02
2.730083465576171875e-02
2.655291557312011719e-02
2.648234367370605469e-02
2.638459205627441406e-02
2.625131607055664062e-02
2.607870101928710938e-02
2.669095993041992188e-02
2.635765075683593750e-02
2.619528770446777344e-02
2.629184722900390625e-02
2.653717994689941406e-02
2.665042877197265625e-02
2.644252777099609375e-02
2.630376815795898438e-02
2.626609802246093750e-02
2.696323394775390625e-02
2.306175231933593750e-02
2.794909477233886719e-02
2.628588676452636719e-02
2.632761001586914062e-02
2.605104446411132812e-02
2.623319625854492188e-02
2.669882774353027344e-02
2.631163597106933594e-02
2.613019943237304688e-02
2.627539634704589844e-02
2.636265754699707031e-02
2.646756172180175781e-02
2.628397941589355469e-02
2.611041069030761719e-02
2.619695663452148438e-02
2.642703056335449219e-02
2.636408805847167969e-02
2.291297912597656250e-02
2.714276313781738281e-02
2.667069435119628906e-02
2.647733688354492188e-02
2.623510360717773438e-02
2.641201019287109375e-02
2.650403976440429688e-02
2.645635604858398438e-02
2.635836601257324219e-02
2.625560760498046875e-02
2.648329734802246094e-02
2.640008926391601562e-02
2.651238441467285156e-02
2.617263793945312500e-02
2.661037445068359375e-02
2.624487876892089844e-02
2.635622024536132812e-02
2.324700355529785156e-02
3.188991546630859375e-02
3.115081787109375000e-02
3.134727478027343750e-02
3.090476989746093750e-02
3.141474723815917969e-02
3.094339370727539062e-02
3.114604949951171875e-02
3.109264373779296875e-02
3.097367286682128906e-02
3.101515769958496094e-02
3.124856948852539062e-02
3.109192848205566406e-02
3.111720085144042969e-02
3.144764900207519531e-02
3.135228157043457031e-02
3.099560737609863281e-02
2.730178833007812500e-02
2.799201011657714844e-02
2.675867080688476562e-02
2.670121192932128906e-02
2.639508247375488281e-02
2.638649940490722656e-02
2.634358406066894531e-02
2.643013000488281250e-02
2.671742439270019531e-02
2.650165557861328125e-02
2.642297744750976562e-02
2.640485763549804688e-02
2.657270431518554688e-02
2.644348144531250000e-02
2.652764320373535156e-02
2.647233009338378906e-02
2.653074264526367188e-02
2.337837219238281250e-02
2.771568298339843750e-02
2.642059326171875000e-02
2.639865875244140625e-02
2.654552459716796875e-02
2.628517150878906250e-02
2.641654014587402344e-02
2.658414840698242188e-02
2.645182609558105469e-02
2.635288238525390625e-02
2.618336677551269531e-02
2.655768394470214844e-02
2.667856216430664062e-02
2.660393714904785156e-02
2.629780769348144531e-02
2.636098861694335938e-02
2.652025222778320312e-02
2.282595634460449219e-02
3.195309638977050781e-02
3.114604949951171875e-02
3.137087821960449219e-02
3.097033500671386719e-02
3.088235855102539062e-02
3.095698356628417969e-02
3.134179115295410156e-02
3.106641769409179688e-02
3.097772598266601562e-02
3.107142448425292969e-02
3.131246566772460938e-02
3.095197677612304688e-02
3.092026710510253906e-02
3.118538856506347656e-02
3.122138977050781250e-02
3.098726272583007812e-02
2.801203727722167969e-02
3.232574462890625000e-02
3.117704391479492188e-02
3.173637390136718750e-02
3.116536140441894531e-02
3.086018562316894531e-02
3.090333938598632812e-02
3.131318092346191406e-02
3.107619285583496094e-02
3.098607063293457031e-02
3.100919723510742188e-02
3.136253356933593750e-02
3.091216087341308594e-02
3.085994720458984375e-02
3.097152709960937500e-02
3.210520744323730469e-02
3.099036216735839844e-02
2.752351760864257812e-02
2.736663818359375000e-02
2.662253379821777344e-02
2.653336524963378906e-02
2.644777297973632812e-02
2.639484405517578125e-02
2.660155296325683594e-02
2.652788162231445312e-02
2.662825584411621094e-02
2.652692794799804688e-02
2.667713165283203125e-02
2.657270431518554688e-02
2.641344070434570312e-02
2.638792991638183594e-02
2.672243118286132812e-02
2.651453018188476562e-02
2.641606330871582031e-02
2.338957786560058594e-02
3.197956085205078125e-02
3.125977516174316406e-02
3.094434738159179688e-02
3.099417686462402344e-02
3.095626831054687500e-02
3.075313568115234375e-02
3.124713897705078125e-02
3.089761734008789062e-02
3.088450431823730469e-02
3.095650672912597656e-02
3.144860267639160156e-02
3.109860420227050781e-02
3.100037574768066406e-02
3.102064132690429688e-02
3.127479553222656250e-02
3.097677230834960938e-02
2.752661705017089844e-02
3.198647499084472656e-02
3.127455711364746094e-02
3.092026710510253906e-02
3.101158142089843750e-02
3.089213371276855469e-02
3.092980384826660156e-02
3.364729881286621094e-02
3.114318847656250000e-02
3.083157539367675781e-02
3.117918968200683594e-02
3.133487701416015625e-02
3.104972839355468750e-02
3.072881698608398438e-02
3.111982345581054688e-02
3.107285499572753906e-02
3.094840049743652344e-02
2.763867378234863281e-02
2.746796607971191406e-02
2.639365196228027344e-02
2.651619911193847656e-02
2.634525299072265625e-02
2.639007568359375000e-02
2.639889717102050781e-02
2.653336524963378906e-02
2.650570869445800781e-02
2.634096145629882812e-02
2.644705772399902344e-02
2.636194229125976562e-02
2.621006965637207031e-02
2.622938156127929688e-02
2.654337882995605469e-02
2.625083923339843750e-02
2.612257003784179688e-02
2.317762374877929688e-02
3.178048133850097656e-02
3.121924400329589844e-02
3.143525123596191406e-02
3.149533271789550781e-02
3.119683265686035156e-02
3.091907501220703125e-02
3.135108947753906250e-02
3.101205825805664062e-02
3.094696998596191406e-02
3.105854988098144531e-02
3.151488304138183594e-02
3.113484382629394531e-02
3.109097480773925781e-02
3.113198280334472656e-02
3.139424324035644531e-02
3.099083900451660156e-02
2.744150161743164062e-02
3.231739997863769531e-02
3.128170967102050781e-02
3.136706352233886719e-02
3.105306625366210938e-02
3.100395202636718750e-02
3.089141845703125000e-02
3.131175041198730469e-02
3.113365173339843750e-02
3.112769126892089844e-02
3.112435340881347656e-02
3.141522407531738281e-02
3.113126754760742188e-02
3.087997436523437500e-02
3.101825714111328125e-02
3.127622604370117188e-02
3.106808662414550781e-02
2.754235267639160156e-02
3.201532363891601562e-02
3.116273880004882812e-02
3.127884864807128906e-02
3.089761734008789062e-02
3.093194961547851562e-02
3.088521957397460938e-02
3.141069412231445312e-02
3.106069564819335938e-02
3.110551834106445312e-02
3.100204467773437500e-02
3.125047683715820312e-02
3.100442886352539062e-02
3.090333938598632812e-02
3.104376792907714844e-02
3.143143653869628906e-02
3.100848197937011719e-02
2.744412422180175781e-02
3.160762786865234375e-02
3.124070167541503906e-02
3.119421005249023438e-02
3.088688850402832031e-02
3.086686134338378906e-02
3.112864494323730469e-02
3.145122528076171875e-02
3.110027313232421875e-02
3.088736534118652344e-02
3.110861778259277344e-02
3.134155273437500000e-02
3.099155426025390625e-02
3.100800514221191406e-02
3.120923042297363281e-02
3.106975555419921875e-02
3.090834617614746094e-02
2.760601043701171875e-02
3.201842308044433594e-02
3.111910820007324219e-02
3.120851516723632812e-02
3.095984458923339844e-02
3.088545799255371094e-02
3.093099594116210938e-02
3.140878677368164062e-02
3.099536895751953125e-02
3.095817565917968750e-02
3.107786178588867188e-02
3.144478797912597656e-02
3.115224838256835938e-02
3.101062774658203125e-02
3.116202354431152344e-02
3.137373924255371094e-02
3.106236457824707031e-02
2.744889259338378906e-02
3.246521949768066406e-02
3.124856948852539062e-02
3.131008148193359375e-02
3.101325035095214844e-02
3.086018562316894531e-02
3.116679191589355469e-02
3.125381469726562500e-02
3.106641769409179688e-02
3.105378150939941406e-02
3.140449523925781250e-02
3.118920326232910156e-02
3.103756904602050781e-02
3.092384338378906250e-02
3.137016296386718750e-02
3.110909461975097656e-02
3.098654747009277344e-02
2.760958671569824219e-02
3.178930282592773438e-02
3.169417381286621094e-02
3.104162216186523438e-02
3.108191490173339844e-02
3.090000152587890625e-02
3.099417686462402344e-02
3.151869773864746094e-02
3.116416931152343750e-02
3.104996681213378906e-02
3.118157386779785156e-02
3.146529197692871094e-02
3.103947639465332031e-02
3.090310096740722656e-02
3.121280670166015625e-02
3.107166290283203125e-02
3.103399276733398438e-02
2.738714218139648438e-02
2.977418899536132812e-02
2.674627304077148438e-02
2.652335166931152344e-02
2.641367912292480469e-02
2.624058723449707031e-02
2.632117271423339844e-02
2.629518508911132812e-02
2.656936645507812500e-02
2.633619308471679688e-02
2.614521980285644531e-02
2.631211280822753906e-02
2.643465995788574219e-02
2.641177177429199219e-02
2.634572982788085938e-02
2.629852294921875000e-02
2.614521980285644531e-02
2.316761016845703125e-02
2.770757675170898438e-02
2.658414840698242188e-02
2.657628059387207031e-02
2.629232406616210938e-02
2.636766433715820312e-02
2.658367156982421875e-02
2.655100822448730469e-02
2.656960487365722656e-02
2.639722824096679688e-02
2.643823623657226562e-02
2.667665481567382812e-02
2.670359611511230469e-02
2.656102180480957031e-02
2.649497985839843750e-02
2.655887603759765625e-02
2.657270431518554688e-02
2.323317527770996094e-02
2.742624282836914062e-02
2.659654617309570312e-02
2.631044387817382812e-02
2.639722824096679688e-02
2.625942230224609375e-02
2.621269226074218750e-02
2.664923667907714844e-02
2.642011642456054688e-02
2.643275260925292969e-02
2.617526054382324219e-02
2.622890472412109375e-02
2.659893035888671875e-02
2.654600143432617188e-02
2.625942230224609375e-02
2.606534957885742188e-02
2.648091316223144531e-02
2.332901954650878906e-02
2.711176872253417969e-02
2.676939964294433594e-02
2.677798271179199219e-02
2.657651901245117188e-02
2.643203735351562500e-02
2.676320075988769531e-02
2.650690078735351562e-02
2.641916275024414062e-02
2.629566192626953125e-02
2.659678459167480469e-02
2.635788917541503906e-02
2.630591392517089844e-02
2.640581130981445312e-02
2.654790878295898438e-02
2.630782127380371094e-02
2.629876136779785156e-02
2.323555946350097656e-02
3.209662437438964844e-02
3.128862380981445312e-02
3.110146522521972656e-02
3.106045722961425781e-02
3.091478347778320312e-02
3.229212760925292969e-02
3.151154518127441406e-02
3.120088577270507812e-02
3.085541725158691406e-02
3.121113777160644531e-02
3.147912025451660156e-02
3.159308433532714844e-02
3.094744682312011719e-02
3.118109703063964844e-02
3.126311302185058594e-02
3.102493286132812500e-02
2.772593498229980469e-02
2.764034271240234375e-02
2.658724784851074219e-02
2.666521072387695312e-02
2.646780014038085938e-02
2.632188796997070312e-02
2.654743194580078125e-02
2.670097351074218750e-02
2.658843994140625000e-02
2.647471427917480469e-02
2.641272544860839844e-02
2.663779258728027344e-02
2.680683135986328125e-02
2.651715278625488281e-02
2.653717994689941406e-02
2.648377418518066406e-02
2.678871154785156250e-02
2.297759056091308594e-02
2.732110023498535156e-02
2.673292160034179688e-02
2.665877342224121094e-02
2.641010284423828125e-02
2.638554573059082031e-02
2.650427818298339844e-02
2.666974067687988281e-02
2.653074264526367188e-02
2.633953094482421875e-02
2.646017074584960938e-02
2.634954452514648438e-02
2.659130096435546875e-02
2.638864517211914062e-02
2.633190155029296875e-02
2.648997306823730469e-02
2.651762962341308594e-02
2.323889732360839844e-02
