2.093171596527099609e+00
5.184316635131835938e-01
5.170552730560302734e-01
5.183784961700439453e-01
5.188112258911132812e-01
5.183937549591064453e-01
4.429075717926025391e-01
4.378798007965087891e-01
4.429605007171630859e-01
4.383194446563720703e-01
5.194325447082519531e-01
5.177812576293945312e-01
4.409463405609130859e-01
4.421837329864501953e-01
4.416432380676269531e-01
4.400935173034667969e-01
4.435093402862548828e-01
4.420723915100097656e-01
4.400918483734130859e-01
4.384198188781738281e-01
4.399027824401855469e-01
4.426817893981933594e-01
4.381384849548339844e-01
4.403395652770996094e-01
4.414486885070800781e-01
5.181272029876708984e-01
5.182187557220458984e-01
5.189771652221679688e-01
5.204012393951416016e-01
4.467015266418457031e-01
4.441330432891845703e-01
4.443478584289550781e-01
4.464914798736572266e-01
4.401226043701171875e-01
4.398357868194580078e-01
4.434671401977539062e-01
4.437048435211181641e-01
4.428298473358154297e-01
4.439673423767089844e-01
4.425461292266845703e-01
4.428060054779052734e-01
4.404370784759521484e-01
4.468548297882080078e-01
4.449098110198974609e-01
4.443807601928710938e-01
4.459667205810546875e-01
4.420239925384521484e-01
4.433817863464355469e-01
4.398632049560546875e-01
4.413228034973144531e-01
4.391710758209228516e-01
4.428231716156005859e-01
4.436805248260498047e-01
4.431247711181640625e-01
4.428114891052246094e-01
4.440367221832275391e-01
4.466695785522460938e-01
4.430811405181884766e-01
5.205185413360595703e-01
5.229375362396240234e-01
5.210578441619873047e-01
5.219457149505615234e-01
5.215349197387695312e-01
5.229978561401367188e-01
5.221607685089111328e-01
5.214943885803222656e-01
5.221440792083740234e-01
4.414153099060058594e-01
4.453830718994140625e-01
4.447433948516845703e-01
4.460692405700683594e-01
4.430141448974609375e-01
4.437661170959472656e-01
4.453551769256591797e-01
4.421076774597167969e-01
4.452614784240722656e-01
5.228979587554931641e-01
5.227384567260742188e-01
4.471852779388427734e-01
4.417591094970703125e-01
4.417145252227783203e-01
4.439158439636230469e-01
4.436292648315429688e-01
4.471256732940673828e-01
4.424548149108886719e-01
4.487986564636230469e-01
4.485590457916259766e-01
4.448904991149902344e-01
5.231056213378906250e-01
5.244138240814208984e-01
5.238966941833496094e-01
5.239119529724121094e-01
5.235545635223388672e-01
5.249297618865966797e-01
5.237681865692138672e-01
5.241603851318359375e-01
5.248451232910156250e-01
5.233995914459228516e-01
5.240354537963867188e-01
5.241403579711914062e-01
5.249919891357421875e-01
5.248854160308837891e-01
4.471313953399658203e-01
4.477787017822265625e-01
4.453313350677490234e-01
4.493265151977539062e-01
4.462416172027587891e-01
4.454491138458251953e-01
4.480047225952148438e-01
4.460048675537109375e-01
5.239262580871582031e-01
5.238251686096191406e-01
4.466490745544433594e-01
4.425811767578125000e-01
4.458076953887939453e-01
4.442751407623291016e-01
4.584634304046630859e-01
4.474980831146240234e-01
4.469964504241943359e-01
4.471209049224853516e-01
5.244350433349609375e-01
5.243022441864013672e-01
5.248663425445556641e-01
5.254483222961425781e-01
5.246059894561767578e-01
5.254640579223632812e-01
5.246572494506835938e-01
5.259392261505126953e-01
5.249850749969482422e-01
4.481363296508789062e-01
4.473757743835449219e-01
4.462213516235351562e-01
4.484722614288330078e-01
4.459421634674072266e-01
4.477086067199707031e-01
4.476625919342041016e-01
4.460263252258300781e-01
4.468035697937011719e-01
4.468326568603515625e-01
4.486780166625976562e-01
4.473721981048583984e-01
4.494686126708984375e-01
4.489834308624267578e-01
4.462859630584716797e-01
4.500522613525390625e-01
4.452974796295166016e-01
4.478437900543212891e-01
4.463498592376708984e-01
4.470517635345458984e-01
5.261735916137695312e-01
4.475250244140625000e-01
4.463806152343750000e-01
4.457311630249023438e-01
4.467945098876953125e-01
4.511740207672119141e-01
4.464883804321289062e-01
5.251107215881347656e-01
5.260982513427734375e-01
4.519159793853759766e-01
5.266735553741455078e-01
4.464974403381347656e-01
4.473452568054199219e-01
5.270876884460449219e-01
5.246582031250000000e-01
5.271520614624023438e-01
5.274798870086669922e-01
5.269997119903564453e-01
5.269279479980468750e-01
5.262262821197509766e-01
4.483788013458251953e-01
4.502387046813964844e-01
4.472115039825439453e-01
4.454438686370849609e-01
4.477441310882568359e-01
4.468114376068115234e-01
4.453885555267333984e-01
4.465391635894775391e-01
5.264334678649902344e-01
4.489793777465820312e-01
4.471995830535888672e-01
5.263278484344482422e-01
5.272779464721679688e-01
4.487435817718505859e-01
5.252194404602050781e-01
5.277092456817626953e-01
4.462349414825439453e-01
5.271141529083251953e-01
5.269434452056884766e-01
5.258367061614990234e-01
5.256068706512451172e-01
5.262172222137451172e-01
5.270686149597167969e-01
5.265290737152099609e-01
4.484808444976806641e-01
4.488687515258789062e-01
4.463884830474853516e-01
4.477090835571289062e-01
5.287477970123291016e-01
4.491558074951171875e-01
4.479207992553710938e-01
