3.053162574768066406e+00
1.356600284576416016e+00
1.350279569625854492e+00
1.349761962890625000e+00
1.351969718933105469e+00
1.382790088653564453e+00
1.409003019332885742e+00
1.407818078994750977e+00
1.359785795211791992e+00
1.357505559921264648e+00
1.364908218383789062e+00
1.354155063629150391e+00
1.444456577301025391e+00
1.411564826965332031e+00
1.544463157653808594e+00
1.413290500640869141e+00
1.489904165267944336e+00
1.394202947616577148e+00
1.364782333374023438e+00
1.365644931793212891e+00
1.424885272979736328e+00
1.493127107620239258e+00
1.404553890228271484e+00
1.392109394073486328e+00
1.361967086791992188e+00
1.377378463745117188e+00
1.367717981338500977e+00
1.366149187088012695e+00
1.370294570922851562e+00
1.371142387390136719e+00
1.419255495071411133e+00
1.603417396545410156e+00
1.370824813842773438e+00
1.553760766983032227e+00
1.366911172866821289e+00
1.373206138610839844e+00
1.401675462722778320e+00
1.374742984771728516e+00
1.367712020874023438e+00
1.372663974761962891e+00
1.399765491485595703e+00
1.482573986053466797e+00
1.554734945297241211e+00
1.388838291168212891e+00
1.372167348861694336e+00
1.373437643051147461e+00
1.366347551345825195e+00
1.372740268707275391e+00
1.405089616775512695e+00
1.383424520492553711e+00
1.375496149063110352e+00
1.380342245101928711e+00
1.379508018493652344e+00
1.562713146209716797e+00
1.378632545471191406e+00
1.536052703857421875e+00
1.434043645858764648e+00
1.457239866256713867e+00
1.377882480621337891e+00
1.381893873214721680e+00
1.392270565032958984e+00
1.377808332443237305e+00
1.389055728912353516e+00
1.382629632949829102e+00
1.380735158920288086e+00
1.386828184127807617e+00
1.385193824768066406e+00
1.385294198989868164e+00
1.461511373519897461e+00
1.507985591888427734e+00
1.384349346160888672e+00
1.384887218475341797e+00
1.377165794372558594e+00
1.394201040267944336e+00
1.388331413269042969e+00
1.493136167526245117e+00
1.388284921646118164e+00
1.384284734725952148e+00
1.397784948348999023e+00
1.383543729782104492e+00
1.440834283828735352e+00
1.386757135391235352e+00
1.383781433105468750e+00
1.447492599487304688e+00
1.626761674880981445e+00
1.509646177291870117e+00
1.391937255859375000e+00
1.380170583724975586e+00
1.387589216232299805e+00
1.385584354400634766e+00
1.385100126266479492e+00
1.388962268829345703e+00
1.381271123886108398e+00
1.389253854751586914e+00
1.402659893035888672e+00
1.382506370544433594e+00
1.390563011169433594e+00
1.385154962539672852e+00
1.392431974411010742e+00
1.384519577026367188e+00
1.388427972793579102e+00
1.392712593078613281e+00
1.519863367080688477e+00
1.393400430679321289e+00
1.441895008087158203e+00
1.388909578323364258e+00
1.486548662185668945e+00
1.383599042892456055e+00
1.400483131408691406e+00
1.388053894042968750e+00
1.396169424057006836e+00
1.391650438308715820e+00
1.419419050216674805e+00
1.387742996215820312e+00
1.431555271148681641e+00
1.384769201278686523e+00
1.471427679061889648e+00
1.391822338104248047e+00
1.392678022384643555e+00
1.479569911956787109e+00
1.399493694305419922e+00
1.396898984909057617e+00
1.390156984329223633e+00
1.410845518112182617e+00
1.390008926391601562e+00
1.396706819534301758e+00
1.399291038513183594e+00
1.401616811752319336e+00
1.395159006118774414e+00
1.389027595520019531e+00
1.396221637725830078e+00
1.423869132995605469e+00
1.394435167312622070e+00
1.395707130432128906e+00
1.396608352661132812e+00
1.449862241744995117e+00
1.392495393753051758e+00
1.519679784774780273e+00
1.423971414566040039e+00
1.394289731979370117e+00
1.412620067596435547e+00
1.400464773178100586e+00
1.410126924514770508e+00
1.391430854797363281e+00
1.441703557968139648e+00
1.402683258056640625e+00
1.491302967071533203e+00
1.430856227874755859e+00
1.399249792098999023e+00
1.427037954330444336e+00
1.516553163528442383e+00
1.397698879241943359e+00
1.396680831909179688e+00
1.464828252792358398e+00
1.396256685256958008e+00
1.390823364257812500e+00
1.392760515213012695e+00
1.407640457153320312e+00
1.473640918731689453e+00
1.385950088500976562e+00
1.412646770477294922e+00
1.470315456390380859e+00
1.398077964782714844e+00
1.427538633346557617e+00
1.394543170928955078e+00
1.393346786499023438e+00
1.394880771636962891e+00
1.393140792846679688e+00
1.393855094909667969e+00
1.427179813385009766e+00
1.423511981964111328e+00
1.392089366912841797e+00
1.403791904449462891e+00
1.404717683792114258e+00
1.391248464584350586e+00
1.456042766571044922e+00
1.491077661514282227e+00
1.429964065551757812e+00
1.394750118255615234e+00
1.402314662933349609e+00
1.413566589355468750e+00
1.408882141113281250e+00
1.480259895324707031e+00
1.393404245376586914e+00
1.401121854782104492e+00
1.474670648574829102e+00
1.400821685791015625e+00
1.396414995193481445e+00
1.399558544158935547e+00
1.393542528152465820e+00
1.398046493530273438e+00
1.395899295806884766e+00
1.393290042877197266e+00
1.395962476730346680e+00
1.446725606918334961e+00
1.447554588317871094e+00
1.480119466781616211e+00
1.399121999740600586e+00
1.418060064315795898e+00
1.435487031936645508e+00
