2.965689182281494141e+00
1.236155033111572266e+00
1.245259284973144531e+00
1.233725786209106445e+00
1.230390787124633789e+00
1.244784116744995117e+00
1.228714466094970703e+00
1.236084938049316406e+00
1.230891227722167969e+00
1.236337661743164062e+00
1.238148927688598633e+00
1.232255935668945312e+00
1.233216285705566406e+00
1.241449117660522461e+00
1.237988948822021484e+00
1.235767364501953125e+00
1.238583803176879883e+00
1.246304988861083984e+00
1.237326860427856445e+00
1.257018327713012695e+00
1.240765094757080078e+00
1.250825643539428711e+00
1.238713741302490234e+00
1.245319128036499023e+00
1.253679037094116211e+00
1.237839937210083008e+00
1.239971637725830078e+00
1.243621349334716797e+00
1.240548372268676758e+00
1.253943920135498047e+00
1.246906280517578125e+00
1.240102052688598633e+00
1.246721029281616211e+00
1.335437297821044922e+00
1.252896308898925781e+00
1.377299308776855469e+00
1.243768930435180664e+00
1.244298219680786133e+00
1.247338056564331055e+00
1.254578351974487305e+00
1.257359027862548828e+00
1.252012968063354492e+00
1.255759477615356445e+00
1.341246843338012695e+00
1.252115488052368164e+00
1.263871908187866211e+00
1.253447771072387695e+00
1.369267225265502930e+00
1.251474142074584961e+00
1.252649307250976562e+00
1.260538816452026367e+00
1.254690885543823242e+00
1.319945096969604492e+00
1.267277956008911133e+00
1.266553163528442383e+00
1.255345821380615234e+00
1.311989784240722656e+00
1.249039173126220703e+00
1.256845474243164062e+00
1.257282972335815430e+00
1.257753372192382812e+00
1.258995532989501953e+00
1.256731510162353516e+00
1.260592699050903320e+00
1.262948751449584961e+00
1.264373064041137695e+00
1.260596990585327148e+00
1.256953954696655273e+00
1.261165380477905273e+00
1.260648488998413086e+00
1.261385202407836914e+00
1.267684936523437500e+00
1.257959365844726562e+00
1.263162374496459961e+00
1.265354156494140625e+00
1.294161796569824219e+00
1.265166759490966797e+00
1.263293266296386719e+00
1.380287170410156250e+00
1.255407333374023438e+00
1.351445198059082031e+00
1.256289482116699219e+00
1.260340690612792969e+00
1.288920402526855469e+00
1.262954950332641602e+00
1.265841960906982422e+00
1.367549419403076172e+00
1.264537334442138672e+00
1.266911029815673828e+00
1.277590274810791016e+00
1.268743753433227539e+00
1.264586210250854492e+00
1.275181770324707031e+00
1.268400669097900391e+00
1.272938013076782227e+00
1.278539657592773438e+00
1.264330863952636719e+00
1.258276939392089844e+00
1.273027658462524414e+00
1.266582965850830078e+00
1.266494989395141602e+00
1.267461299896240234e+00
1.267699241638183594e+00
1.261415958404541016e+00
1.310910463333129883e+00
1.263540267944335938e+00
1.257234334945678711e+00
1.263246536254882812e+00
1.266821861267089844e+00
1.272815465927124023e+00
1.267577886581420898e+00
1.274561882019042969e+00
1.273248434066772461e+00
1.283979892730712891e+00
1.265908718109130859e+00
1.306110382080078125e+00
1.376076936721801758e+00
1.273311614990234375e+00
1.277072429656982422e+00
1.269398212432861328e+00
1.270478725433349609e+00
1.278751373291015625e+00
1.273928880691528320e+00
1.264559030532836914e+00
1.266536235809326172e+00
1.269318819046020508e+00
1.270212173461914062e+00
1.264349937438964844e+00
1.273504495620727539e+00
1.282092809677124023e+00
1.276743888854980469e+00
1.277524471282958984e+00
1.281677484512329102e+00
1.271041870117187500e+00
1.314635038375854492e+00
1.266973733901977539e+00
1.272910594940185547e+00
1.266427278518676758e+00
1.339963197708129883e+00
1.436622142791748047e+00
1.285251855850219727e+00
1.272415161132812500e+00
1.406667947769165039e+00
1.339626550674438477e+00
1.268757104873657227e+00
1.303080797195434570e+00
1.280541658401489258e+00
1.271535158157348633e+00
1.265072584152221680e+00
1.273746967315673828e+00
1.268416643142700195e+00
1.280686855316162109e+00
1.269015073776245117e+00
1.313144683837890625e+00
1.488581180572509766e+00
1.336805343627929688e+00
1.271208047866821289e+00
1.268565654754638672e+00
1.269121646881103516e+00
1.282634973526000977e+00
1.276276588439941406e+00
1.284739971160888672e+00
1.264517068862915039e+00
1.287217617034912109e+00
1.295964479446411133e+00
1.273016929626464844e+00
1.291081190109252930e+00
1.279597759246826172e+00
1.269723653793334961e+00
1.277868270874023438e+00
1.313700675964355469e+00
1.497270584106445312e+00
1.367511272430419922e+00
1.277208805084228516e+00
1.299571514129638672e+00
1.277214050292968750e+00
1.287953376770019531e+00
1.277629375457763672e+00
1.282397270202636719e+00
1.294074058532714844e+00
1.292192935943603516e+00
1.274793386459350586e+00
1.273299455642700195e+00
1.278529167175292969e+00
1.270916700363159180e+00
1.288079977035522461e+00
1.276467800140380859e+00
1.282544851303100586e+00
1.267629623413085938e+00
1.278652906417846680e+00
1.267196178436279297e+00
1.286049127578735352e+00
1.274532318115234375e+00
1.285617113113403320e+00
1.324533462524414062e+00
1.355632066726684570e+00
1.279806613922119141e+00
1.281662702560424805e+00
1.292677640914916992e+00
1.280279159545898438e+00
