7.330231666564941406e-01
6.994354724884033203e-01
6.804604530334472656e-01
6.781744956970214844e-01
7.759709358215332031e-01
6.842849254608154297e-01
6.818201541900634766e-01
6.931900978088378906e-01
6.821630001068115234e-01
6.782879829406738281e-01
7.551643848419189453e-01
6.803715229034423828e-01
6.764330863952636719e-01
6.815025806427001953e-01
6.684343814849853516e-01
6.712749004364013672e-01
7.646749019622802734e-01
6.862804889678955078e-01
6.656835079193115234e-01
6.769914627075195312e-01
6.857774257659912109e-01
6.846420764923095703e-01
6.710236072540283203e-01
6.783456802368164062e-01
6.886873245239257812e-01
6.716802120208740234e-01
6.757297515869140625e-01
7.840075492858886719e-01
6.869590282440185547e-01
6.703767776489257812e-01
6.751616001129150391e-01
6.862590312957763672e-01
7.611303329467773438e-01
6.818540096282958984e-01
6.794195175170898438e-01
7.740652561187744141e-01
6.783659458160400391e-01
6.779651641845703125e-01
7.485771179199218750e-01
6.734812259674072266e-01
6.703531742095947266e-01
6.835303306579589844e-01
6.808364391326904297e-01
6.808137893676757812e-01
6.830582618713378906e-01
6.755063533782958984e-01
6.672766208648681641e-01
7.630617618560791016e-01
6.821079254150390625e-01
6.931653022766113281e-01
7.512202262878417969e-01
6.860127449035644531e-01
6.796245574951171875e-01
6.775670051574707031e-01
6.733956336975097656e-01
6.835641860961914062e-01
6.830413341522216797e-01
6.857216358184814453e-01
7.636773586273193359e-01
6.941208839416503906e-01
6.812167167663574219e-01
6.802105903625488281e-01
6.825649738311767578e-01
6.738710403442382812e-01
6.867737770080566406e-01
6.771621704101562500e-01
7.612218856811523438e-01
6.750929355621337891e-01
6.831324100494384766e-01
6.797235012054443359e-01
6.778588294982910156e-01
6.845018863677978516e-01
6.827771663665771484e-01
6.794273853302001953e-01
6.787512302398681641e-01
6.801497936248779297e-01
6.830649375915527344e-01
6.799721717834472656e-01
6.761400699615478516e-01
6.741914749145507812e-01
6.812224388122558594e-01
7.638447284698486328e-01
6.822993755340576172e-01
7.515254020690917969e-01
6.783232688903808594e-01
6.875445842742919922e-01
6.782474517822265625e-01
6.764955520629882812e-01
6.762478351593017578e-01
7.755970954895019531e-01
6.739916801452636719e-01
6.790599822998046875e-01
6.837353706359863281e-01
6.661570072174072266e-01
6.772377490997314453e-01
6.765439510345458984e-01
6.740813255310058594e-01
6.733813285827636719e-01
7.636370658874511719e-01
6.857206821441650391e-01
6.781558990478515625e-01
7.563831806182861328e-01
6.785898208618164062e-01
6.703348159790039062e-01
6.710331439971923828e-01
6.762022972106933594e-01
6.719188690185546875e-01
6.646120548248291016e-01
6.772410869598388672e-01
7.610819339752197266e-01
6.727852821350097656e-01
6.771919727325439453e-01
7.543256282806396484e-01
6.733753681182861328e-01
6.816203594207763672e-01
6.783559322357177734e-01
6.763179302215576172e-01
6.729555130004882812e-01
6.739280223846435547e-01
6.785132884979248047e-01
6.719157695770263672e-01
6.762707233428955078e-01
7.550320625305175781e-01
6.710247993469238281e-01
7.603638172149658203e-01
7.536425590515136719e-01
6.789917945861816406e-01
6.795790195465087891e-01
7.600302696228027344e-01
6.751039028167724609e-01
7.463767528533935547e-01
6.712372303009033203e-01
6.770253181457519531e-01
6.802659034729003906e-01
6.770734786987304688e-01
7.553083896636962891e-01
6.774287223815917969e-01
6.763687133789062500e-01
7.632689476013183594e-01
6.908960342407226562e-01
7.483217716217041016e-01
6.779808998107910156e-01
6.755778789520263672e-01
6.776003837585449219e-01
6.817860603332519531e-01
6.742682456970214844e-01
6.791877746582031250e-01
6.735341548919677734e-01
7.544457912445068359e-01
6.716761589050292969e-01
6.702644824981689453e-01
7.660069465637207031e-01
7.539725303649902344e-01
7.748334407806396484e-01
6.774363517761230469e-01
6.793181896209716797e-01
6.813228130340576172e-01
6.761600971221923828e-01
6.865882873535156250e-01
7.556254863739013672e-01
7.486422061920166016e-01
7.427806854248046875e-01
6.794385910034179688e-01
7.426829338073730469e-01
7.574295997619628906e-01
7.629897594451904297e-01
7.530133724212646484e-01
6.768746376037597656e-01
6.753075122833251953e-01
6.723756790161132812e-01
6.684892177581787109e-01
7.647483348846435547e-01
6.773388385772705078e-01
6.791505813598632812e-01
7.590188980102539062e-01
7.255628108978271484e-01
6.774308681488037109e-01
7.662606239318847656e-01
6.780633926391601562e-01
6.757173538208007812e-01
6.855785846710205078e-01
6.762487888336181641e-01
7.444198131561279297e-01
7.511196136474609375e-01
7.535395622253417969e-01
6.793963909149169922e-01
6.743972301483154297e-01
7.643263339996337891e-01
7.592642307281494141e-01
7.478086948394775391e-01
7.703363895416259766e-01
6.744763851165771484e-01
6.805982589721679688e-01
7.577962875366210938e-01
6.779985427856445312e-01
6.826186180114746094e-01
6.750349998474121094e-01
6.802706718444824219e-01
6.725840568542480469e-01
6.832013130187988281e-01
