7.444169521331787109e-01
6.918528079986572266e-01
6.955709457397460938e-01
6.940963268280029297e-01
7.700901031494140625e-01
6.826481819152832031e-01
6.707377433776855469e-01
6.881279945373535156e-01
6.733329296112060547e-01
6.975605487823486328e-01
7.660753726959228516e-01
6.747603416442871094e-01
6.763453483581542969e-01
6.754829883575439453e-01
6.747462749481201172e-01
6.860499382019042969e-01
7.576341629028320312e-01
6.746418476104736328e-01
6.734423637390136719e-01
6.803627014160156250e-01
6.746637821197509766e-01
6.841979026794433594e-01
6.742992401123046875e-01
6.754035949707031250e-01
6.889235973358154297e-01
6.766691207885742188e-01
6.735308170318603516e-01
6.802637577056884766e-01
6.889796257019042969e-01
6.756451129913330078e-01
6.736090183258056641e-01
6.762142181396484375e-01
7.590167522430419922e-01
6.699569225311279297e-01
6.769626140594482422e-01
7.748332023620605469e-01
6.764211654663085938e-01
6.675479412078857422e-01
7.675998210906982422e-01
6.833925247192382812e-01
6.720354557037353516e-01
6.867215633392333984e-01
6.749165058135986328e-01
6.640768051147460938e-01
7.320702075958251953e-01
6.791431903839111328e-01
6.799981594085693359e-01
7.583386898040771484e-01
6.822705268859863281e-01
6.796309947967529297e-01
7.831473350524902344e-01
6.783056259155273438e-01
6.829743385314941406e-01
6.757349967956542969e-01
6.753842830657958984e-01
6.797969341278076172e-01
6.630287170410156250e-01
6.717131137847900391e-01
7.598588466644287109e-01
6.801352500915527344e-01
6.823401451110839844e-01
6.735215187072753906e-01
6.778414249420166016e-01
6.773245334625244141e-01
6.715943813323974609e-01
6.740419864654541016e-01
7.745354175567626953e-01
7.537834644317626953e-01
6.725347042083740234e-01
6.814522743225097656e-01
6.750252246856689453e-01
6.718688011169433594e-01
6.738743782043457031e-01
6.752607822418212891e-01
6.684622764587402344e-01
6.795847415924072266e-01
6.828954219818115234e-01
6.722748279571533203e-01
6.676921844482421875e-01
6.882147789001464844e-01
6.682257652282714844e-01
7.523131370544433594e-01
6.754598617553710938e-01
7.630424499511718750e-01
6.713800430297851562e-01
6.823086738586425781e-01
6.747786998748779297e-01
6.700649261474609375e-01
6.796016693115234375e-01
7.645969390869140625e-01
6.788709163665771484e-01
6.830651760101318359e-01
6.804850101470947266e-01
6.766777038574218750e-01
6.707618236541748047e-01
6.676626205444335938e-01
6.810257434844970703e-01
6.801013946533203125e-01
7.499020099639892578e-01
6.704492568969726562e-01
6.747858524322509766e-01
7.716557979583740234e-01
6.813085079193115234e-01
6.782810688018798828e-01
6.785964965820312500e-01
6.743681430816650391e-01
6.838989257812500000e-01
6.864588260650634766e-01
6.801469326019287109e-01
7.532587051391601562e-01
6.786425113677978516e-01
6.938076019287109375e-01
7.649970054626464844e-01
6.751868724822998047e-01
6.723506450653076172e-01
6.656510829925537109e-01
6.911087036132812500e-01
6.708347797393798828e-01
6.840283870697021484e-01
7.635364532470703125e-01
6.870462894439697266e-01
6.704347133636474609e-01
6.720237731933593750e-01
6.766223907470703125e-01
7.623481750488281250e-01
7.527372837066650391e-01
6.648685932159423828e-01
6.764204502105712891e-01
7.603857517242431641e-01
6.793971061706542969e-01
7.595922946929931641e-01
6.801848411560058594e-01
6.730463504791259766e-01
6.749567985534667969e-01
6.708626747131347656e-01
6.831653118133544922e-01
6.785674095153808594e-01
6.720063686370849609e-01
7.465701103210449219e-01
6.777505874633789062e-01
6.804242134094238281e-01
6.717987060546875000e-01
6.817686557769775391e-01
6.880581378936767578e-01
6.684699058532714844e-01
6.658973693847656250e-01
6.749866008758544922e-01
6.753261089324951172e-01
7.584798336029052734e-01
6.821596622467041016e-01
6.763131618499755859e-01
7.668230533599853516e-01
6.750314235687255859e-01
7.550101280212402344e-01
6.787774562835693359e-01
6.743605136871337891e-01
6.795573234558105469e-01
6.765305995941162109e-01
6.774899959564208984e-01
6.807827949523925781e-01
7.697272300720214844e-01
6.808176040649414062e-01
6.744492053985595703e-01
6.815624237060546875e-01
7.366721630096435547e-01
7.666332721710205078e-01
7.590062618255615234e-01
6.667449474334716797e-01
6.789026260375976562e-01
6.723792552947998047e-01
6.715304851531982422e-01
6.789038181304931641e-01
6.881916522979736328e-01
6.826684474945068359e-01
6.803383827209472656e-01
6.690964698791503906e-01
6.861526966094970703e-01
7.704129219055175781e-01
7.473869323730468750e-01
6.724526882171630859e-01
6.717302799224853516e-01
6.795628070831298828e-01
7.455520629882812500e-01
7.540297508239746094e-01
7.493693828582763672e-01
6.757631301879882812e-01
6.812231540679931641e-01
6.806478500366210938e-01
6.915872097015380859e-01
7.533559799194335938e-01
7.575092315673828125e-01
6.778888702392578125e-01
6.699407100677490234e-01
6.803083419799804688e-01
6.778986454010009766e-01
6.677227020263671875e-01
6.798169612884521484e-01
6.785349845886230469e-01
6.834769248962402344e-01
6.771264076232910156e-01
