7.444336414337158203e-01
6.918585300445556641e-01
6.955773830413818359e-01
6.941061019897460938e-01
7.700951099395751953e-01
6.826722621917724609e-01
6.707475185394287109e-01
6.881392002105712891e-01
6.733283996582031250e-01
6.975724697113037109e-01
7.660875320434570312e-01
6.747682094573974609e-01
6.763370037078857422e-01
6.755049228668212891e-01
6.747705936431884766e-01
6.860425472259521484e-01
7.576472759246826172e-01
6.746499538421630859e-01
6.734690666198730469e-01
6.803724765777587891e-01
6.746652126312255859e-01
6.842095851898193359e-01
6.743166446685791016e-01
6.754119396209716797e-01
6.889243125915527344e-01
6.766793727874755859e-01
6.735486984252929688e-01
6.802728176116943359e-01
6.890015602111816406e-01
6.756544113159179688e-01
6.736001968383789062e-01
6.762206554412841797e-01
7.590196132659912109e-01
6.699504852294921875e-01
6.769585609436035156e-01
7.748515605926513672e-01
6.764228343963623047e-01
6.675386428833007812e-01
7.676241397857666016e-01
6.833987236022949219e-01
6.720261573791503906e-01
6.867229938507080078e-01
6.749246120452880859e-01
6.640822887420654297e-01
7.320721149444580078e-01
6.791369915008544922e-01
6.799905300140380859e-01
7.583453655242919922e-01
6.822621822357177734e-01
6.796262264251708984e-01
7.831413745880126953e-01
6.783065795898437500e-01
6.830074787139892578e-01
6.757302284240722656e-01
6.753871440887451172e-01
6.797950267791748047e-01
6.630446910858154297e-01
6.717061996459960938e-01
7.598819732666015625e-01
6.801400184631347656e-01
6.823294162750244141e-01
6.735138893127441406e-01
6.778860092163085938e-01
6.773118972778320312e-01
6.716022491455078125e-01
6.740460395812988281e-01
7.745435237884521484e-01
7.537941932678222656e-01
6.725394725799560547e-01
6.814739704132080078e-01
6.750187873840332031e-01
6.718764305114746094e-01
6.738817691802978516e-01
6.752643585205078125e-01
6.684670448303222656e-01
6.795737743377685547e-01
6.829111576080322266e-01
6.722707748413085938e-01
6.677014827728271484e-01
6.882486343383789062e-01
6.682074069976806641e-01
7.523303031921386719e-01
6.754698753356933594e-01
7.630615234375000000e-01
6.713843345642089844e-01
6.823024749755859375e-01
6.748020648956298828e-01
6.700599193572998047e-01
6.795969009399414062e-01
7.646100521087646484e-01
6.788856983184814453e-01
6.830544471740722656e-01
6.805024147033691406e-01
6.767210960388183594e-01
6.707570552825927734e-01
6.676540374755859375e-01
6.810460090637207031e-01
6.801202297210693359e-01
7.499196529388427734e-01
6.704618930816650391e-01
6.747977733612060547e-01
7.716524600982666016e-01
6.813092231750488281e-01
6.782858371734619141e-01
6.786015033721923828e-01
6.743631362915039062e-01
6.838891506195068359e-01
6.864638328552246094e-01
6.801290512084960938e-01
7.532763481140136719e-01
6.786625385284423828e-01
6.938104629516601562e-01
7.649974822998046875e-01
6.751923561096191406e-01
6.723692417144775391e-01
6.656486988067626953e-01
6.911075115203857422e-01
6.708741188049316406e-01
6.840345859527587891e-01
7.635407447814941406e-01
6.870486736297607422e-01
6.704323291778564453e-01
6.720163822174072266e-01
6.766083240509033203e-01
7.623660564422607422e-01
7.527301311492919922e-01
6.648640632629394531e-01
6.764299869537353516e-01
7.603957653045654297e-01
6.793916225433349609e-01
7.595975399017333984e-01
6.802067756652832031e-01
6.730527877807617188e-01
6.749582290649414062e-01
6.709187030792236328e-01
6.831669807434082031e-01
6.785609722137451172e-01
6.720111370086669922e-01
7.465918064117431641e-01
6.777513027191162109e-01
6.804263591766357422e-01
6.718018054962158203e-01
6.817734241485595703e-01
6.880583763122558594e-01
6.684908866882324219e-01
6.659152507781982422e-01
6.749918460845947266e-01
6.753125190734863281e-01
7.584934234619140625e-01
6.821660995483398438e-01
6.762986183166503906e-01
7.668292522430419922e-01
6.750421524047851562e-01
7.550189495086669922e-01
6.787812709808349609e-01
6.743669509887695312e-01
6.795592308044433594e-01
6.765348911285400391e-01
6.775045394897460938e-01
6.808125972747802734e-01
7.697234153747558594e-01
6.808342933654785156e-01
6.744666099548339844e-01
6.815712451934814453e-01
7.366786003112792969e-01
7.666614055633544922e-01
7.590003013610839844e-01
6.667425632476806641e-01
6.789033412933349609e-01
6.724014282226562500e-01
6.715464591979980469e-01
6.789045333862304688e-01
6.881914138793945312e-01
6.826815605163574219e-01
6.803374290466308594e-01
6.691255569458007812e-01
6.861603260040283203e-01
7.704112529754638672e-01
7.473976612091064453e-01
6.724984645843505859e-01
6.717257499694824219e-01
6.795430183410644531e-01
7.455627918243408203e-01
7.540390491485595703e-01
7.493708133697509766e-01
6.757755279541015625e-01
6.812376976013183594e-01
6.806533336639404297e-01
6.915910243988037109e-01
7.533605098724365234e-01
7.575240135192871094e-01
6.778740882873535156e-01
6.699707508087158203e-01
6.803112030029296875e-01
6.779034137725830078e-01
6.677372455596923828e-01
6.798388957977294922e-01
6.785416603088378906e-01
6.834745407104492188e-01
6.771593093872070312e-01
