2.886326074600219727e+00
1.214689970016479492e+00
1.213246107101440430e+00
1.220705270767211914e+00
1.209800958633422852e+00
1.211758136749267578e+00
1.211439371109008789e+00
1.214044570922851562e+00
1.216398000717163086e+00
1.227348566055297852e+00
1.263112306594848633e+00
1.220097541809082031e+00
1.224094629287719727e+00
1.220722198486328125e+00
1.220597743988037109e+00
1.218535661697387695e+00
1.217710018157958984e+00
1.218126535415649414e+00
1.219081640243530273e+00
1.253745079040527344e+00
1.217665672302246094e+00
1.224865913391113281e+00
1.223478794097900391e+00
1.224529981613159180e+00
1.226455211639404297e+00
1.253375768661499023e+00
1.221351623535156250e+00
1.218984127044677734e+00
1.222490072250366211e+00
1.223365783691406250e+00
1.227341175079345703e+00
1.225403308868408203e+00
1.225162506103515625e+00
1.224678277969360352e+00
1.255198240280151367e+00
1.278925180435180664e+00
1.367551565170288086e+00
1.221514940261840820e+00
1.228900432586669922e+00
1.298551797866821289e+00
1.414913892745971680e+00
1.227009296417236328e+00
1.229147672653198242e+00
1.389853000640869141e+00
1.233398199081420898e+00
1.230337381362915039e+00
1.280200958251953125e+00
1.237360000610351562e+00
1.230885505676269531e+00
1.237526655197143555e+00
1.228261232376098633e+00
1.256398200988769531e+00
1.229651689529418945e+00
1.248049974441528320e+00
1.235819816589355469e+00
1.238788843154907227e+00
1.236144304275512695e+00
1.234292745590209961e+00
1.247713804244995117e+00
1.237759351730346680e+00
1.263567924499511719e+00
1.236833810806274414e+00
1.236209630966186523e+00
1.238197803497314453e+00
1.240418434143066406e+00
1.399619340896606445e+00
1.243419170379638672e+00
1.243889808654785156e+00
1.243076086044311523e+00
1.239694595336914062e+00
1.244379281997680664e+00
1.309946775436401367e+00
1.382156610488891602e+00
1.252362489700317383e+00
1.280025720596313477e+00
1.325937032699584961e+00
1.250511884689331055e+00
1.245240449905395508e+00
1.243808269500732422e+00
1.237007617950439453e+00
1.238339662551879883e+00
1.268817663192749023e+00
1.372709512710571289e+00
1.243571996688842773e+00
1.248482227325439453e+00
1.268726825714111328e+00
1.338070631027221680e+00
1.243566513061523438e+00
1.241483926773071289e+00
1.242985963821411133e+00
1.252305269241333008e+00
1.241786956787109375e+00
1.237823486328125000e+00
1.240207910537719727e+00
1.241860628128051758e+00
1.240897655487060547e+00
1.257598161697387695e+00
1.240532636642456055e+00
1.249207496643066406e+00
1.246308565139770508e+00
1.298835992813110352e+00
1.245645761489868164e+00
1.241061925888061523e+00
1.242365598678588867e+00
1.252492189407348633e+00
1.252669334411621094e+00
1.251379251480102539e+00
1.278550863265991211e+00
1.336997270584106445e+00
1.256351709365844727e+00
1.248125314712524414e+00
1.272410154342651367e+00
1.388564109802246094e+00
1.328025102615356445e+00
1.315955638885498047e+00
1.274858474731445312e+00
1.241953134536743164e+00
1.239725828170776367e+00
1.275692462921142578e+00
1.238325595855712891e+00
1.239933729171752930e+00
1.241168260574340820e+00
1.273705244064331055e+00
1.243277311325073242e+00
1.284623384475708008e+00
1.268466711044311523e+00
1.249095916748046875e+00
1.261125564575195312e+00
1.253988742828369141e+00
1.248883485794067383e+00
1.316051959991455078e+00
1.361747741699218750e+00
1.250106573104858398e+00
1.244202613830566406e+00
1.240150928497314453e+00
1.241266489028930664e+00
1.242444515228271484e+00
1.248676776885986328e+00
1.246589899063110352e+00
1.257789611816406250e+00
1.238334178924560547e+00
1.246803522109985352e+00
1.264012575149536133e+00
1.240013122558593750e+00
1.241152524948120117e+00
1.249034166336059570e+00
1.244350194931030273e+00
1.256458997726440430e+00
1.252223491668701172e+00
1.251891136169433594e+00
1.262529850006103516e+00
1.250311851501464844e+00
1.296061515808105469e+00
1.364666223526000977e+00
1.273978710174560547e+00
1.253493547439575195e+00
1.258735656738281250e+00
1.244127988815307617e+00
1.272936582565307617e+00
1.251098155975341797e+00
1.367725133895874023e+00
1.278370857238769531e+00
1.340333223342895508e+00
1.303185224533081055e+00
1.321654558181762695e+00
1.249943017959594727e+00
1.240721702575683594e+00
1.246039628982543945e+00
1.289492368698120117e+00
1.254002571105957031e+00
1.272799253463745117e+00
1.390331029891967773e+00
1.267683744430541992e+00
1.247834920883178711e+00
1.292005777359008789e+00
1.342232942581176758e+00
1.287717103958129883e+00
1.300071239471435547e+00
1.279536247253417969e+00
1.248288869857788086e+00
1.246613502502441406e+00
1.250953674316406250e+00
1.327479124069213867e+00
1.246299982070922852e+00
1.263137102127075195e+00
1.244978427886962891e+00
1.300119876861572266e+00
1.386353492736816406e+00
1.274494171142578125e+00
1.268897771835327148e+00
1.246106624603271484e+00
1.280423402786254883e+00
1.259860515594482422e+00
1.248659610748291016e+00
1.248476266860961914e+00
1.267878770828247070e+00
1.246358394622802734e+00
1.310857295989990234e+00
1.280018568038940430e+00
1.322885036468505859e+00
