7.444105148315429688e-01
6.918547153472900391e-01
6.955721378326416016e-01
6.940937042236328125e-01
7.700908184051513672e-01
6.826646327972412109e-01
6.707346439361572266e-01
6.881108283996582031e-01
6.733319759368896484e-01
6.975560188293457031e-01
7.660634517669677734e-01
6.747624874114990234e-01
6.763429641723632812e-01
6.754763126373291016e-01
6.747479438781738281e-01
6.860454082489013672e-01
7.576303482055664062e-01
6.746261119842529297e-01
6.734416484832763672e-01
6.803636550903320312e-01
6.746594905853271484e-01
6.842043399810791016e-01
6.743090152740478516e-01
6.754045486450195312e-01
6.889245510101318359e-01
6.766686439514160156e-01
6.735286712646484375e-01
6.802601814270019531e-01
6.889734268188476562e-01
6.756470203399658203e-01
6.735942363739013672e-01
6.762130260467529297e-01
7.589993476867675781e-01
6.699540615081787109e-01
6.769583225250244141e-01
7.748408317565917969e-01
6.764035224914550781e-01
6.675429344177246094e-01
7.676153182983398438e-01
6.833848953247070312e-01
6.720287799835205078e-01
6.867167949676513672e-01
6.749212741851806641e-01
6.640653610229492188e-01
7.320635318756103516e-01
6.791408061981201172e-01
6.799919605255126953e-01
7.583410739898681641e-01
6.822674274444580078e-01
6.796278953552246094e-01
7.831430435180664062e-01
6.783027648925781250e-01
6.829900741577148438e-01
6.757321357727050781e-01
6.753799915313720703e-01
6.797866821289062500e-01
6.630392074584960938e-01
6.717088222503662109e-01
7.598567008972167969e-01
6.801316738128662109e-01
6.823346614837646484e-01
6.735067367553710938e-01
6.778609752655029297e-01
6.773228645324707031e-01
6.715950965881347656e-01
6.740269660949707031e-01
7.745397090911865234e-01
7.537825107574462891e-01
6.725327968597412109e-01
6.814575195312500000e-01
6.750178337097167969e-01
6.718688011169433594e-01
6.738696098327636719e-01
6.752719879150390625e-01
6.684575080871582031e-01
6.795670986175537109e-01
6.829032897949218750e-01
6.722764968872070312e-01
6.676940917968750000e-01
6.882293224334716797e-01
6.682229042053222656e-01
7.523093223571777344e-01
6.754546165466308594e-01
7.630429267883300781e-01
6.713774204254150391e-01
6.822953224182128906e-01
6.747856140136718750e-01
6.700675487518310547e-01
6.795933246612548828e-01
7.645852565765380859e-01
6.788718700408935547e-01
6.830627918243408203e-01
6.804707050323486328e-01
6.767015457153320312e-01
6.707587242126464844e-01
6.676604747772216797e-01
6.810247898101806641e-01
6.801037788391113281e-01
7.498967647552490234e-01
6.704473495483398438e-01
6.747925281524658203e-01
7.716557979583740234e-01
6.812980175018310547e-01
6.782803535461425781e-01
6.785964965820312500e-01
6.743714809417724609e-01
6.838815212249755859e-01
6.864550113677978516e-01
6.801435947418212891e-01
7.532567977905273438e-01
6.786410808563232422e-01
6.938061714172363281e-01
7.649912834167480469e-01
6.751849651336669922e-01
6.723546981811523438e-01
6.656544208526611328e-01
6.910862922668457031e-01
6.708571910858154297e-01
6.840302944183349609e-01
7.635204792022705078e-01
6.870369911193847656e-01
6.704382896423339844e-01
6.720252037048339844e-01
6.766209602355957031e-01
7.623581886291503906e-01
7.527351379394531250e-01
6.648621559143066406e-01
6.764171123504638672e-01
7.603797912597656250e-01
6.793928146362304688e-01
7.595875263214111328e-01
6.801905632019042969e-01
6.730427742004394531e-01
6.749212741851806641e-01
6.708891391754150391e-01
6.831586360931396484e-01
6.785655021667480469e-01
6.719930171966552734e-01
7.465751171112060547e-01
6.777508258819580078e-01
6.804199218750000000e-01
6.717958450317382812e-01
6.817684173583984375e-01
6.880514621734619141e-01
6.684763431549072266e-01
6.658930778503417969e-01
6.749856472015380859e-01
6.752898693084716797e-01
7.584812641143798828e-01
6.821613311767578125e-01
6.763041019439697266e-01
7.668156623840332031e-01
6.750299930572509766e-01
7.550075054168701172e-01
6.787590980529785156e-01
6.743566989898681641e-01
6.795563697814941406e-01
6.765275001525878906e-01
6.774947643280029297e-01
6.807861328125000000e-01
7.697234153747558594e-01
6.808192729949951172e-01
6.744451522827148438e-01
6.815595626831054688e-01
7.366449832916259766e-01
7.666468620300292969e-01
7.590065002441406250e-01
6.667277812957763672e-01
6.788902282714843750e-01
6.723897457122802734e-01
6.715300083160400391e-01
6.788880825042724609e-01
6.881833076477050781e-01
6.826715469360351562e-01
6.803314685821533203e-01
6.691081523895263672e-01
6.861526966094970703e-01
7.704129219055175781e-01
7.473886013031005859e-01
6.724596023559570312e-01
6.717255115509033203e-01
6.795384883880615234e-01
7.455577850341796875e-01
7.540287971496582031e-01
7.493660449981689453e-01
6.757709980010986328e-01
6.812248229980468750e-01
6.806442737579345703e-01
6.915719509124755859e-01
7.533636093139648438e-01
7.575104236602783203e-01
6.778550148010253906e-01
6.699631214141845703e-01
6.803081035614013672e-01
6.778986454010009766e-01
6.677148342132568359e-01
6.798279285430908203e-01
6.785364151000976562e-01
6.834700107574462891e-01
6.771428585052490234e-01
