7.444169521331787109e-01
6.918697357177734375e-01
6.955738067626953125e-01
6.940968036651611328e-01
7.700891494750976562e-01
6.826646327972412109e-01
6.707332134246826172e-01
6.881234645843505859e-01
6.733338832855224609e-01
6.975607872009277344e-01
7.660799026489257812e-01
6.747643947601318359e-01
6.763465404510498047e-01
6.754853725433349609e-01
6.747615337371826172e-01
6.860511302947998047e-01
7.576332092285156250e-01
6.746432781219482422e-01
6.734564304351806641e-01
6.803677082061767578e-01
6.746623516082763672e-01
6.842055320739746094e-01
6.743104457855224609e-01
6.753969192504882812e-01
6.889290809631347656e-01
6.766731739044189453e-01
6.735277175903320312e-01
6.802635192871093750e-01
6.889855861663818359e-01
6.756470203399658203e-01
6.735939979553222656e-01
6.762182712554931641e-01
7.590174674987792969e-01
6.699559688568115234e-01
6.769647598266601562e-01
7.748448848724365234e-01
6.764142513275146484e-01
6.675529479980468750e-01
7.676208019256591797e-01
6.834027767181396484e-01
6.720342636108398438e-01
6.867172718048095703e-01
6.749248504638671875e-01
6.640794277191162109e-01
7.320537567138671875e-01
6.791498661041259766e-01
6.799964904785156250e-01
7.583408355712890625e-01
6.822705268859863281e-01
6.796300411224365234e-01
7.831482887268066406e-01
6.783070564270019531e-01
6.829905509948730469e-01
6.757366657257080078e-01
6.753702163696289062e-01
6.797871589660644531e-01
6.630387306213378906e-01
6.717114448547363281e-01
7.598590850830078125e-01
6.801338195800781250e-01
6.823406219482421875e-01
6.735215187072753906e-01
6.778628826141357422e-01
6.773269176483154297e-01
6.715943813323974609e-01
6.740381717681884766e-01
7.745409011840820312e-01
7.537841796875000000e-01
6.725349426269531250e-01
6.814603805541992188e-01
6.750235557556152344e-01
6.718704700469970703e-01
6.738758087158203125e-01
6.752707958221435547e-01
6.684622764587402344e-01
6.795682907104492188e-01
6.829032897949218750e-01
6.722781658172607422e-01
6.676948070526123047e-01
6.882333755493164062e-01
6.682281494140625000e-01
7.523124217987060547e-01
6.754581928253173828e-01
7.630486488342285156e-01
6.713814735412597656e-01
6.823077201843261719e-01
6.747837066650390625e-01
6.700646877288818359e-01
6.796004772186279297e-01
7.645978927612304688e-01
6.788761615753173828e-01
6.830651760101318359e-01
6.804866790771484375e-01
6.767034530639648438e-01
6.707611083984375000e-01
6.676597595214843750e-01
6.810314655303955078e-01
6.801052093505859375e-01
7.498998641967773438e-01
6.704518795013427734e-01
6.747963428497314453e-01
7.716622352600097656e-01
6.813037395477294922e-01
6.782820224761962891e-01
6.786003112792968750e-01
6.743698120117187500e-01
6.839058399200439453e-01
6.864602565765380859e-01
6.801497936248779297e-01
7.532563209533691406e-01
6.786456108093261719e-01
6.938078403472900391e-01
7.649953365325927734e-01
6.751859188079833984e-01
6.723563671112060547e-01
6.656534671783447266e-01
6.911122798919677734e-01
6.708583831787109375e-01
6.840298175811767578e-01
7.635362148284912109e-01
6.870453357696533203e-01
6.704397201538085938e-01
6.720271110534667969e-01
6.765999794006347656e-01
7.623605728149414062e-01
7.527370452880859375e-01
6.648716926574707031e-01
6.764142513275146484e-01
7.603847980499267578e-01
6.793999671936035156e-01
7.595927715301513672e-01
6.801941394805908203e-01
6.730461120605468750e-01
6.749539375305175781e-01
6.708903312683105469e-01
6.831676959991455078e-01
6.785697937011718750e-01
6.720018386840820312e-01
7.465748786926269531e-01
6.777510643005371094e-01
6.804192066192626953e-01
6.717953681945800781e-01
6.817705631256103516e-01
6.880536079406738281e-01
6.684782505035400391e-01
6.658973693847656250e-01
6.749861240386962891e-01
6.753051280975341797e-01
7.584857940673828125e-01
6.821601390838623047e-01
6.763148307800292969e-01
7.668254375457763672e-01
6.750295162200927734e-01
7.550086975097656250e-01
6.787750720977783203e-01
6.743605136871337891e-01
6.795601844787597656e-01
6.765267848968505859e-01
6.774978637695312500e-01
6.807892322540283203e-01
7.697260379791259766e-01
6.808283329010009766e-01
6.744472980499267578e-01
6.815659999847412109e-01
7.366740703582763672e-01
7.666404247283935547e-01
7.590105533599853516e-01
6.667318344116210938e-01
6.789019107818603516e-01
6.723895072937011719e-01
6.715314388275146484e-01
6.789050102233886719e-01
6.881844997406005859e-01
6.826725006103515625e-01
6.803348064422607422e-01
6.691081523895263672e-01
6.861541271209716797e-01
7.704160213470458984e-01
7.473902702331542969e-01
6.724603176116943359e-01
6.717333793640136719e-01
6.795625686645507812e-01
7.455561161041259766e-01
7.540333271026611328e-01
7.493741512298583984e-01
6.757714748382568359e-01
6.812272071838378906e-01
6.806519031524658203e-01
6.915884017944335938e-01
7.533683776855468750e-01
7.575082778930664062e-01
6.778881549835205078e-01
6.699616909027099609e-01
6.803078651428222656e-01
6.778998374938964844e-01
6.677217483520507812e-01
6.798276901245117188e-01
6.785352230072021484e-01
6.834750175476074219e-01
6.771414279937744141e-01
