7.444164752960205078e-01
6.918606758117675781e-01
6.955797672271728516e-01
6.941058635711669922e-01
7.700989246368408203e-01
6.826791763305664062e-01
6.707465648651123047e-01
6.881396770477294922e-01
6.733424663543701172e-01
6.975727081298828125e-01
7.660901546478271484e-01
6.747708320617675781e-01
6.763360500335693359e-01
6.755084991455078125e-01
6.747667789459228516e-01
6.860444545745849609e-01
7.576472759246826172e-01
6.746478080749511719e-01
6.734759807586669922e-01
6.803703308105468750e-01
6.746673583984375000e-01
6.842124462127685547e-01
6.743104457855224609e-01
6.754150390625000000e-01
6.889309883117675781e-01
6.766750812530517578e-01
6.735482215881347656e-01
6.802773475646972656e-01
6.889977455139160156e-01
6.756522655487060547e-01
6.735968589782714844e-01
6.762115955352783203e-01
7.590169906616210938e-01
6.699509620666503906e-01
6.769607067108154297e-01
7.748522758483886719e-01
6.764225959777832031e-01
6.675393581390380859e-01
7.676191329956054688e-01
6.833970546722412109e-01
6.720273494720458984e-01
6.867001056671142578e-01
6.749334335327148438e-01
6.640801429748535156e-01
7.320766448974609375e-01
6.791398525238037109e-01
6.799914836883544922e-01
7.583436965942382812e-01
6.822557449340820312e-01
6.796336174011230469e-01
7.831418514251708984e-01
6.783130168914794922e-01
6.830060482025146484e-01
6.757283210754394531e-01
6.753885746002197266e-01
6.797964572906494141e-01
6.630451679229736328e-01
6.717031002044677734e-01
7.598781585693359375e-01
6.801443099975585938e-01
6.823327541351318359e-01
6.735167503356933594e-01
6.778764724731445312e-01
6.773195266723632812e-01
6.716005802154541016e-01
6.740479469299316406e-01
7.745485305786132812e-01
7.537906169891357422e-01
6.725387573242187500e-01
6.814725399017333984e-01
6.750264167785644531e-01
6.718814373016357422e-01
6.738502979278564453e-01
6.752660274505615234e-01
6.684696674346923828e-01
6.795723438262939453e-01
6.829094886779785156e-01
6.722767353057861328e-01
6.676995754241943359e-01
6.882481575012207031e-01
6.682152748107910156e-01
7.523267269134521484e-01
6.754705905914306641e-01
7.630629539489746094e-01
6.713895797729492188e-01
6.823055744171142578e-01
6.748042106628417969e-01
6.700687408447265625e-01
6.795969009399414062e-01
7.646117210388183594e-01
6.788837909698486328e-01
6.830568313598632812e-01
6.805007457733154297e-01
6.767208576202392578e-01
6.707613468170166016e-01
6.676576137542724609e-01
6.810526847839355469e-01
6.801133155822753906e-01
7.499172687530517578e-01
6.704652309417724609e-01
6.747975349426269531e-01
7.716619968414306641e-01
6.813104152679443359e-01
6.782600879669189453e-01
6.786048412322998047e-01
6.743638515472412109e-01
6.838884353637695312e-01
6.864640712738037109e-01
6.801354885101318359e-01
7.532725334167480469e-01
6.786632537841796875e-01
6.938102245330810547e-01
7.649962902069091797e-01
6.751949787139892578e-01
6.723704338073730469e-01
6.656560897827148438e-01
6.911079883575439453e-01
6.708772182464599609e-01
6.840345859527587891e-01
7.635445594787597656e-01
6.870539188385009766e-01
6.704359054565429688e-01
6.720130443572998047e-01
6.766123771667480469e-01
7.623672485351562500e-01
7.527415752410888672e-01
6.648650169372558594e-01
6.763927936553955078e-01
7.603969573974609375e-01
6.793937683105468750e-01
7.596006393432617188e-01
6.802029609680175781e-01
6.730473041534423828e-01
6.749620437622070312e-01
6.709187030792236328e-01
6.831722259521484375e-01
6.785595417022705078e-01
6.720082759857177734e-01
7.465889453887939453e-01
6.777584552764892578e-01
6.804296970367431641e-01
6.717941761016845703e-01
6.817748546600341797e-01
6.880609989166259766e-01
6.684894561767578125e-01
6.659169197082519531e-01
6.749947071075439453e-01
6.753160953521728516e-01
7.584955692291259766e-01
6.821696758270263672e-01
6.762990951538085938e-01
7.668306827545166016e-01
6.750421524047851562e-01
7.550168037414550781e-01
6.787812709808349609e-01
6.743657588958740234e-01
6.795635223388671875e-01
6.765389442443847656e-01
6.775035858154296875e-01
6.808083057403564453e-01
7.697310447692871094e-01
6.808326244354248047e-01
6.744697093963623047e-01
6.815717220306396484e-01
7.366747856140136719e-01
7.666602134704589844e-01
7.589976787567138672e-01
6.667435169219970703e-01
6.788985729217529297e-01
6.724002361297607422e-01
6.715459823608398438e-01
6.789042949676513672e-01
6.881952285766601562e-01
6.826739311218261719e-01
6.803381443023681641e-01
6.691253185272216797e-01
6.861586570739746094e-01
7.704129219055175781e-01
7.474007606506347656e-01
6.724963188171386719e-01
6.717271804809570312e-01
6.795525550842285156e-01
7.455637454986572266e-01
7.540392875671386719e-01
7.493777275085449219e-01
6.757788658142089844e-01
6.812260150909423828e-01
6.806578636169433594e-01
6.915926933288574219e-01
7.533640861511230469e-01
7.575206756591796875e-01
6.778821945190429688e-01
6.699717044830322266e-01
6.803131103515625000e-01
6.779034137725830078e-01
6.677336692810058594e-01
6.798412799835205078e-01
6.785402297973632812e-01
6.834752559661865234e-01
6.771616935729980469e-01
