7.444005012512207031e-01
6.918606758117675781e-01
6.955721378326416016e-01
6.940965652465820312e-01
7.700946331024169922e-01
6.826760768890380859e-01
6.707415580749511719e-01
6.881346702575683594e-01
6.733400821685791016e-01
6.975657939910888672e-01
7.660839557647705078e-01
6.747648715972900391e-01
6.763331890106201172e-01
6.755013465881347656e-01
6.747570037841796875e-01
6.860404014587402344e-01
7.576451301574707031e-01
6.746456623077392578e-01
6.734740734100341797e-01
6.803629398345947266e-01
6.746640205383300781e-01
6.842117309570312500e-01
6.743083000183105469e-01
6.754114627838134766e-01
6.889276504516601562e-01
6.766748428344726562e-01
6.735448837280273438e-01
6.802730560302734375e-01
6.889941692352294922e-01
6.756472587585449219e-01
6.735968589782714844e-01
6.762144565582275391e-01
7.590072154998779297e-01
6.699447631835937500e-01
6.769552230834960938e-01
7.748501300811767578e-01
6.764163970947265625e-01
6.675350666046142578e-01
7.676110267639160156e-01
6.833939552307128906e-01
6.720225811004638672e-01
6.867158412933349609e-01
6.749336719512939453e-01
6.640806198120117188e-01
7.320725917816162109e-01
6.791310310363769531e-01
6.799867153167724609e-01
7.583405971527099609e-01
6.822569370269775391e-01
6.796324253082275391e-01
7.831358909606933594e-01
6.783087253570556641e-01
6.830046176910400391e-01
6.757247447967529297e-01
6.753869056701660156e-01
6.797823905944824219e-01
6.630454063415527344e-01
6.717033386230468750e-01
7.598729133605957031e-01
6.801431179046630859e-01
6.823241710662841797e-01
6.735110282897949219e-01
6.778788566589355469e-01
6.773169040679931641e-01
6.715989112854003906e-01
6.740338802337646484e-01
7.745466232299804688e-01
7.537941932678222656e-01
6.725349426269531250e-01
6.814708709716796875e-01
6.750268936157226562e-01
6.718757152557373047e-01
6.738803386688232422e-01
6.752657890319824219e-01
6.684637069702148438e-01
6.795680522918701172e-01
6.829082965850830078e-01
6.722760200500488281e-01
6.676924228668212891e-01
6.882472038269042969e-01
6.682095527648925781e-01
7.523181438446044922e-01
6.754665374755859375e-01
7.630620002746582031e-01
6.713857650756835938e-01
6.822993755340576172e-01
6.747925281524658203e-01
6.700584888458251953e-01
6.795926094055175781e-01
7.646114826202392578e-01
6.788790225982666016e-01
6.830511093139648438e-01
6.805012226104736328e-01
6.767084598541259766e-01
6.707620620727539062e-01
6.676540374755859375e-01
6.810431480407714844e-01
6.801145076751708984e-01
7.499117851257324219e-01
6.704614162445068359e-01
6.747930049896240234e-01
7.716603279113769531e-01
6.813082695007324219e-01
6.782722473144531250e-01
6.786057949066162109e-01
6.743628978729248047e-01
6.838848590850830078e-01
6.864569187164306641e-01
6.801359653472900391e-01
7.532689571380615234e-01
6.786558628082275391e-01
6.938054561614990234e-01
7.649939060211181641e-01
6.751940250396728516e-01
6.723661422729492188e-01
6.656560897827148438e-01
6.911020278930664062e-01
6.708369255065917969e-01
6.840314865112304688e-01
7.635397911071777344e-01
6.870465278625488281e-01
6.704282760620117188e-01
6.720123291015625000e-01
6.766054630279541016e-01
7.623615264892578125e-01
7.527415752410888672e-01
6.648585796356201172e-01
6.764140129089355469e-01
7.603912353515625000e-01
6.793909072875976562e-01
7.595970630645751953e-01
6.801974773406982422e-01
6.730430126190185547e-01
6.749572753906250000e-01
6.709172725677490234e-01
6.831629276275634766e-01
6.785566806793212891e-01
6.720075607299804688e-01
7.465822696685791016e-01
6.777575016021728516e-01
6.804263591766357422e-01
6.717908382415771484e-01
6.817684173583984375e-01
6.880581378936767578e-01
6.684868335723876953e-01
6.659078598022460938e-01
6.749980449676513672e-01
6.753118038177490234e-01
7.584941387176513672e-01
6.821675300598144531e-01
6.762962341308593750e-01
7.668256759643554688e-01
6.750378608703613281e-01
7.550203800201416016e-01
6.787788867950439453e-01
6.743552684783935547e-01
6.795635223388671875e-01
6.765332221984863281e-01
6.775019168853759766e-01
6.808001995086669922e-01
7.697329521179199219e-01
6.808300018310546875e-01
6.744618415832519531e-01
6.815676689147949219e-01
7.366733551025390625e-01
7.666618824005126953e-01
7.589921951293945312e-01
6.667342185974121094e-01
6.789019107818603516e-01
6.723928451538085938e-01
6.715390682220458984e-01
6.789062023162841797e-01
6.881773471832275391e-01
6.826725006103515625e-01
6.803352832794189453e-01
6.691241264343261719e-01
6.861457824707031250e-01
7.704052925109863281e-01
7.473990917205810547e-01
6.724920272827148438e-01
6.717197895050048828e-01
6.795487403869628906e-01
7.455620765686035156e-01
7.540290355682373047e-01
7.493770122528076172e-01
6.757767200469970703e-01
6.812269687652587891e-01
6.806590557098388672e-01
6.915900707244873047e-01
7.533550262451171875e-01
7.575201988220214844e-01
6.778802871704101562e-01
6.699726581573486328e-01
6.803059577941894531e-01
6.779034137725830078e-01
6.677324771881103516e-01
6.798396110534667969e-01
6.785328388214111328e-01
6.834735870361328125e-01
6.771574020385742188e-01
