7.444164752960205078e-01
6.918489933013916016e-01
6.955678462982177734e-01
6.940965652465820312e-01
7.700853347778320312e-01
6.826472282409667969e-01
6.707360744476318359e-01
6.881279945373535156e-01
6.733303070068359375e-01
6.975569725036621094e-01
7.660651206970214844e-01
6.747562885284423828e-01
6.763432025909423828e-01
6.754794120788574219e-01
6.747388839721679688e-01
6.860504150390625000e-01
7.576351165771484375e-01
6.746404170989990234e-01
6.734375953674316406e-01
6.803631782531738281e-01
6.746587753295898438e-01
6.841864585876464844e-01
6.742923259735107422e-01
6.754081249237060547e-01
6.889290809631347656e-01
6.766564846038818359e-01
6.735248565673828125e-01
6.802628040313720703e-01
6.889815330505371094e-01
6.756472587585449219e-01
6.736090183258056641e-01
6.762113571166992188e-01
7.590203285217285156e-01
6.699595451354980469e-01
6.769628524780273438e-01
7.748222351074218750e-01
6.764154434204101562e-01
6.675493717193603516e-01
7.676184177398681641e-01
6.833875179290771484e-01
6.720359325408935547e-01
6.867191791534423828e-01
6.749081611633300781e-01
6.640744209289550781e-01
7.320692539215087891e-01
6.791436672210693359e-01
6.799972057342529297e-01
7.583384513854980469e-01
6.822686195373535156e-01
6.796326637268066406e-01
7.831487655639648438e-01
6.783015727996826172e-01
6.829648017883300781e-01
6.757359504699707031e-01
6.753811836242675781e-01
6.797876358032226562e-01
6.630239486694335938e-01
6.717133522033691406e-01
7.598619461059570312e-01
6.801223754882812500e-01
6.823368072509765625e-01
6.735243797302246094e-01
6.778593063354492188e-01
6.773240566253662109e-01
6.715953350067138672e-01
6.740353107452392578e-01
7.745354175567626953e-01
7.537846565246582031e-01
6.725323200225830078e-01
6.814396381378173828e-01
6.750316619873046875e-01
6.718671321868896484e-01
6.738717555999755859e-01
6.752550601959228516e-01
6.684572696685791016e-01
6.795856952667236328e-01
6.828761100769042969e-01
6.722729206085205078e-01
6.676871776580810547e-01
6.882333755493164062e-01
6.682255268096923828e-01
7.523145675659179688e-01
6.754584312438964844e-01
7.630455493927001953e-01
6.713790893554687500e-01
6.823084354400634766e-01
6.747746467590332031e-01
6.700649261474609375e-01
6.796009540557861328e-01
7.645952701568603516e-01
6.788699626922607422e-01
6.830615997314453125e-01
6.804840564727783203e-01
6.766767501831054688e-01
6.707613468170166016e-01
6.676590442657470703e-01
6.810162067413330078e-01
6.800999641418457031e-01
7.499022483825683594e-01
6.704475879669189453e-01
6.747794151306152344e-01
7.716577053070068359e-01
6.813077926635742188e-01
6.782827377319335938e-01
6.785955429077148438e-01
6.743679046630859375e-01
6.838951110839843750e-01
6.864583492279052734e-01
6.801474094390869141e-01
7.532570362091064453e-01
6.786415576934814453e-01
6.938078403472900391e-01
7.649936676025390625e-01
6.751844882965087891e-01
6.723494529724121094e-01
6.656496524810791016e-01
6.911077499389648438e-01
6.708414554595947266e-01
6.840271949768066406e-01
7.635343074798583984e-01
6.870203018188476562e-01
6.704342365264892578e-01
6.720242500305175781e-01
6.766192913055419922e-01
7.623379230499267578e-01
7.527403831481933594e-01
6.648678779602050781e-01
6.764237880706787109e-01
7.603852748870849609e-01
6.793963909149169922e-01
7.595891952514648438e-01
6.801836490631103516e-01
6.730453968048095703e-01
6.749582290649414062e-01
6.708743572235107422e-01
6.831634044647216797e-01
6.785666942596435547e-01
6.720058917999267578e-01
7.465720176696777344e-01
6.777484416961669922e-01
6.804230213165283203e-01
6.717929840087890625e-01
6.817691326141357422e-01
6.880590915679931641e-01
6.684613227844238281e-01
6.658921241760253906e-01
6.749835014343261719e-01
6.753273010253906250e-01
7.584726810455322266e-01
6.821582317352294922e-01
6.763112545013427734e-01
7.668261528015136719e-01
6.750273704528808594e-01
7.550046443939208984e-01
6.787695884704589844e-01
6.743597984313964844e-01
6.795568466186523438e-01
6.765308380126953125e-01
6.774809360504150391e-01
6.807835102081298828e-01
7.697277069091796875e-01
6.807935237884521484e-01
6.744422912597656250e-01
6.815633773803710938e-01
7.366750240325927734e-01
7.666311264038085938e-01
7.590031623840332031e-01
6.667454242706298828e-01
6.789002418518066406e-01
6.723785400390625000e-01
6.715290546417236328e-01
6.788988113403320312e-01
6.881830692291259766e-01
6.826670169830322266e-01
6.803364753723144531e-01
6.690919399261474609e-01
6.861517429351806641e-01
7.704157829284667969e-01
7.473585605621337891e-01
6.724555492401123047e-01
6.717324256896972656e-01
6.795613765716552734e-01
7.455415725708007812e-01
7.540297508239746094e-01
7.493729591369628906e-01
6.757435798645019531e-01
6.812202930450439453e-01
6.806514263153076172e-01
6.915869712829589844e-01
7.533500194549560547e-01
7.575056552886962891e-01
6.778912544250488281e-01
6.699199676513671875e-01
6.803045272827148438e-01
6.778960227966308594e-01
6.677231788635253906e-01
6.798191070556640625e-01
6.785321235656738281e-01
6.834769248962402344e-01
6.771464347839355469e-01
