2.525670528411865234e+00
8.143002986907958984e-01
8.158025741577148438e-01
8.214170932769775391e-01
8.186030387878417969e-01
8.206217288970947266e-01
6.981244087219238281e-01
7.010037899017333984e-01
6.975016593933105469e-01
6.942026615142822266e-01
6.955840587615966797e-01
7.140319347381591797e-01
6.948130130767822266e-01
7.109212875366210938e-01
8.207671642303466797e-01
6.923260688781738281e-01
7.086348533630371094e-01
6.968629360198974609e-01
6.911220550537109375e-01
6.965234279632568359e-01
6.954653263092041016e-01
6.980414390563964844e-01
7.019710540771484375e-01
6.952154636383056641e-01
6.992943286895751953e-01
7.024190425872802734e-01
6.992504596710205078e-01
8.029742240905761719e-01
8.224017620086669922e-01
7.020156383514404297e-01
6.977493762969970703e-01
7.009100914001464844e-01
7.015042304992675781e-01
6.961021423339843750e-01
6.978049278259277344e-01
7.004086971282958984e-01
7.024559974670410156e-01
7.015767097473144531e-01
6.978151798248291016e-01
7.008526325225830078e-01
6.970915794372558594e-01
6.988449096679687500e-01
7.023773193359375000e-01
7.029290199279785156e-01
6.995491981506347656e-01
7.008385658264160156e-01
7.031855583190917969e-01
7.025740146636962891e-01
7.204866409301757812e-01
7.073869705200195312e-01
7.047455310821533203e-01
7.006342411041259766e-01
7.027459144592285156e-01
7.096161842346191406e-01
6.994628906250000000e-01
7.049670219421386719e-01
7.013080120086669922e-01
7.029438018798828125e-01
7.065424919128417969e-01
7.013144493103027344e-01
7.021894454956054688e-01
7.089190483093261719e-01
7.024698257446289062e-01
7.010188102722167969e-01
7.347962856292724609e-01
7.016649246215820312e-01
7.008428573608398438e-01
7.019648551940917969e-01
7.263772487640380859e-01
7.042748928070068359e-01
7.331249713897705078e-01
7.978310585021972656e-01
7.070474624633789062e-01
7.098932266235351562e-01
6.997239589691162109e-01
7.020921707153320312e-01
7.073543071746826172e-01
7.093031406402587891e-01
7.082145214080810547e-01
7.097749710083007812e-01
8.325536251068115234e-01
8.002192974090576172e-01
7.060914039611816406e-01
7.134985923767089844e-01
8.012547492980957031e-01
7.115247249603271484e-01
7.083573341369628906e-01
7.031800746917724609e-01
7.035050392150878906e-01
7.157092094421386719e-01
7.119667530059814453e-01
7.039484977722167969e-01
7.127177715301513672e-01
7.092015743255615234e-01
7.086303234100341797e-01
7.109704017639160156e-01
7.102630138397216797e-01
7.137897014617919922e-01
7.142062187194824219e-01
7.127106189727783203e-01
7.056086063385009766e-01
7.102475166320800781e-01
7.543256282806396484e-01
8.033006191253662109e-01
7.138018608093261719e-01
7.116551399230957031e-01
7.095263004302978516e-01
7.103512287139892578e-01
7.075655460357666016e-01
7.124063968658447266e-01
7.191307544708251953e-01
7.125732898712158203e-01
7.134425640106201172e-01
7.412092685699462891e-01
7.119448184967041016e-01
7.048311233520507812e-01
7.370185852050781250e-01
7.260982990264892578e-01
7.571310997009277344e-01
8.348395824432373047e-01
8.379175662994384766e-01
8.049607276916503906e-01
7.143063545227050781e-01
7.159032821655273438e-01
7.157542705535888672e-01
7.075428962707519531e-01
7.120831012725830078e-01
7.125802040100097656e-01
7.181048393249511719e-01
7.202687263488769531e-01
7.120304107666015625e-01
7.111210823059082031e-01
7.894277572631835938e-01
7.103426456451416016e-01
7.118999958038330078e-01
7.644619941711425781e-01
8.037693500518798828e-01
7.106637954711914062e-01
7.099125385284423828e-01
7.122631072998046875e-01
7.211091518402099609e-01
7.170071601867675781e-01
7.116553783416748047e-01
7.707986831665039062e-01
8.324332237243652344e-01
7.121250629425048828e-01
7.114424705505371094e-01
7.147822380065917969e-01
8.387508392333984375e-01
8.071131706237792969e-01
7.177450656890869141e-01
7.451465129852294922e-01
7.909681797027587891e-01
7.175974845886230469e-01
7.885427474975585938e-01
7.425496578216552734e-01
8.384754657745361328e-01
7.914850711822509766e-01
7.139244079589843750e-01
7.127013206481933594e-01
7.085597515106201172e-01
7.902283668518066406e-01
7.100617885589599609e-01
7.153177261352539062e-01
7.104144096374511719e-01
7.116553783416748047e-01
7.103369235992431641e-01
7.146592140197753906e-01
7.181453704833984375e-01
7.119443416595458984e-01
7.150251865386962891e-01
7.145731449127197266e-01
7.164011001586914062e-01
7.490644454956054688e-01
7.934987545013427734e-01
7.172729969024658203e-01
7.180442810058593750e-01
7.182490825653076172e-01
7.150704860687255859e-01
7.103900909423828125e-01
7.182972431182861328e-01
7.150323390960693359e-01
7.173762321472167969e-01
7.430512905120849609e-01
7.919046878814697266e-01
7.279586791992187500e-01
7.221503257751464844e-01
7.124867439270019531e-01
7.229969501495361328e-01
8.058276176452636719e-01
7.228219509124755859e-01
7.134158611297607422e-01
7.115910053253173828e-01
7.129998207092285156e-01
7.910032272338867188e-01
7.133779525756835938e-01
7.148485183715820312e-01
8.058476448059082031e-01
7.192637920379638672e-01
7.167706489562988281e-01
