5.236177444458007812e-01
5.216639041900634766e-01
5.157117843627929688e-01
5.132524967193603516e-01
5.889194011688232422e-01
5.211319923400878906e-01
5.106251239776611328e-01
5.094835758209228516e-01
5.010819435119628906e-01
5.132384300231933594e-01
5.177166461944580078e-01
5.122594833374023438e-01
5.157477855682373047e-01
5.141446590423583984e-01
5.139780044555664062e-01
5.132994651794433594e-01
5.925867557525634766e-01
5.180966854095458984e-01
5.040097236633300781e-01
5.203652381896972656e-01
5.115175247192382812e-01
5.028138160705566406e-01
5.190341472625732422e-01
5.056385993957519531e-01
5.001387596130371094e-01
5.126104354858398438e-01
5.064098834991455078e-01
5.068657398223876953e-01
5.112137794494628906e-01
5.046346187591552734e-01
5.148746967315673828e-01
5.112335681915283203e-01
5.042099952697753906e-01
5.175304412841796875e-01
5.089035034179687500e-01
5.982058048248291016e-01
5.095455646514892578e-01
5.151255130767822266e-01
5.147383213043212891e-01
5.096237659454345703e-01
5.092208385467529297e-01
5.104506015777587891e-01
5.098364353179931641e-01
5.199229717254638672e-01
5.177218914031982422e-01
5.187544822692871094e-01
5.209305286407470703e-01
6.002929210662841797e-01
5.208375453948974609e-01
5.346782207489013672e-01
5.164167881011962891e-01
5.202429294586181641e-01
5.152080059051513672e-01
5.217630863189697266e-01
5.188674926757812500e-01
5.186088085174560547e-01
5.210962295532226562e-01
5.166068077087402344e-01
5.211319923400878906e-01
5.172524452209472656e-01
5.229930877685546875e-01
5.190927982330322266e-01
5.200774669647216797e-01
5.208427906036376953e-01
5.175380706787109375e-01
5.158181190490722656e-01
6.006658077239990234e-01
5.187592506408691406e-01
5.139660835266113281e-01
5.155947208404541016e-01
5.095064640045166016e-01
5.231597423553466797e-01
5.130488872528076172e-01
5.159265995025634766e-01
5.113196372985839844e-01
5.136911869049072266e-01
5.052063465118408203e-01
5.088934898376464844e-01
5.132660865783691406e-01
5.053644180297851562e-01
5.085220336914062500e-01
5.131316184997558594e-01
5.064661502838134766e-01
5.166172981262207031e-01
5.110986232757568359e-01
5.148518085479736328e-01
5.039567947387695312e-01
5.091383457183837891e-01
5.113332271575927734e-01
5.957710742950439453e-01
5.036897659301757812e-01
5.203857421875000000e-01
5.112779140472412109e-01
5.068325996398925781e-01
5.055212974548339844e-01
5.149252414703369141e-01
5.058643817901611328e-01
5.180995464324951172e-01
5.053923130035400391e-01
5.743782520294189453e-01
5.056705474853515625e-01
5.177571773529052734e-01
5.212156772613525391e-01
4.925785064697265625e-01
5.164477825164794922e-01
5.169684886932373047e-01
5.211503505706787109e-01
5.163035392761230469e-01
5.182492733001708984e-01
5.183577537536621094e-01
5.167088508605957031e-01
5.159168243408203125e-01
5.097413063049316406e-01
5.171532630920410156e-01
5.066678524017333984e-01
5.100979804992675781e-01
5.183017253875732422e-01
5.142748355865478516e-01
4.882819652557373047e-01
5.039403438568115234e-01
4.947223663330078125e-01
4.967823028564453125e-01
5.215935707092285156e-01
5.224821567535400391e-01
5.215187072753906250e-01
5.167498588562011719e-01
5.261995792388916016e-01
5.180048942565917969e-01
5.305538177490234375e-01
5.194320678710937500e-01
5.199923515319824219e-01
5.226361751556396484e-01
5.194532871246337891e-01
5.106644630432128906e-01
5.182561874389648438e-01
5.296623706817626953e-01
5.207252502441406250e-01
5.188422203063964844e-01
5.275030136108398438e-01
5.168113708496093750e-01
5.246195793151855469e-01
5.164239406585693359e-01
5.188448429107666016e-01
5.193254947662353516e-01
5.195949077606201172e-01
5.888090133666992188e-01
5.195453166961669922e-01
5.286912918090820312e-01
5.183489322662353516e-01
5.204029083251953125e-01
5.149710178375244141e-01
4.981279373168945312e-01
4.993801116943359375e-01
5.885646343231201172e-01
5.295372009277343750e-01
4.997649192810058594e-01
5.003876686096191406e-01
4.987845420837402344e-01
4.969789981842041016e-01
5.035140514373779297e-01
5.029246807098388672e-01
4.977457523345947266e-01
4.989404678344726562e-01
5.028886795043945312e-01
4.986155033111572266e-01
5.818817615509033203e-01
5.017049312591552734e-01
5.001466274261474609e-01
4.968936443328857422e-01
5.003962516784667969e-01
5.021641254425048828e-01
4.946582317352294922e-01
4.971868991851806641e-01
5.044882297515869141e-01
5.024046897888183594e-01
4.995985031127929688e-01
4.980227947235107422e-01
5.986073017120361328e-01
5.043342113494873047e-01
5.056405067443847656e-01
5.095603466033935547e-01
5.088078975677490234e-01
5.276520252227783203e-01
5.191724300384521484e-01
5.246019363403320312e-01
5.256459712982177734e-01
5.188188552856445312e-01
5.194556713104248047e-01
5.223431587219238281e-01
5.245153903961181641e-01
6.066455841064453125e-01
5.283896923065185547e-01
5.174555778503417969e-01
5.250964164733886719e-01
5.264766216278076172e-01
5.194587707519531250e-01
5.221602916717529297e-01
5.243079662322998047e-01
5.230340957641601562e-01
5.192790031433105469e-01
