5.236539840698242188e-01
5.216667652130126953e-01
5.157203674316406250e-01
5.132560729980468750e-01
5.889351367950439453e-01
5.211656093597412109e-01
5.106356143951416016e-01
5.094914436340332031e-01
5.010874271392822266e-01
5.132408142089843750e-01
5.177161693572998047e-01
5.122544765472412109e-01
5.157542228698730469e-01
5.141563415527343750e-01
5.139939785003662109e-01
5.133149623870849609e-01
5.925996303558349609e-01
5.181095600128173828e-01
5.040147304534912109e-01
5.203812122344970703e-01
5.115134716033935547e-01
5.028109550476074219e-01
5.190293788909912109e-01
5.056450366973876953e-01
5.001614093780517578e-01
5.126111507415771484e-01
5.064117908477783203e-01
5.068728923797607422e-01
5.112061500549316406e-01
5.046348571777343750e-01
5.148687362670898438e-01
5.112307071685791016e-01
5.042028427124023438e-01
5.175273418426513672e-01
5.089097023010253906e-01
5.981917381286621094e-01
5.095546245574951172e-01
5.151240825653076172e-01
5.147361755371093750e-01
5.096087455749511719e-01
5.092513561248779297e-01
5.104727745056152344e-01
5.098562240600585938e-01
5.199368000030517578e-01
5.177383422851562500e-01
5.187761783599853516e-01
5.209391117095947266e-01
6.003053188323974609e-01
5.208446979522705078e-01
5.346653461456298828e-01
5.164275169372558594e-01
5.202555656433105469e-01
5.152232646942138672e-01
5.217726230621337891e-01
5.188772678375244141e-01
5.186185836791992188e-01
5.211052894592285156e-01
5.166256427764892578e-01
5.211396217346191406e-01
5.172576904296875000e-01
5.230033397674560547e-01
5.191140174865722656e-01
5.200877189636230469e-01
5.208535194396972656e-01
5.175409317016601562e-01
5.158376693725585938e-01
6.006672382354736328e-01
5.187647342681884766e-01
5.139787197113037109e-01
5.155894756317138672e-01
5.095419883728027344e-01
5.231847763061523438e-01
5.130691528320312500e-01
5.159404277801513672e-01
5.113441944122314453e-01
5.137147903442382812e-01
5.052077770233154297e-01
5.089094638824462891e-01
5.132634639739990234e-01
5.053575038909912109e-01
5.085251331329345703e-01
5.131390094757080078e-01
5.064606666564941406e-01
5.166382789611816406e-01
5.111231803894042969e-01
5.148525238037109375e-01
5.039587020874023438e-01
5.091471672058105469e-01
5.113415718078613281e-01
5.957663059234619141e-01
5.036928653717041016e-01
5.204057693481445312e-01
5.112822055816650391e-01
5.068335533142089844e-01
5.055277347564697266e-01
5.149314403533935547e-01
5.058593750000000000e-01
5.181202888488769531e-01
5.221905708312988281e-01
5.743803977966308594e-01
5.056707859039306641e-01
5.177628993988037109e-01
5.212259292602539062e-01
4.925715923309326172e-01
5.164601802825927734e-01
5.169954299926757812e-01
5.211505889892578125e-01
5.163044929504394531e-01
5.182447433471679688e-01
5.183665752410888672e-01
5.167012214660644531e-01
5.159258842468261719e-01
5.097463130950927734e-01
5.171594619750976562e-01
5.066533088684082031e-01
5.100877285003662109e-01
5.183098316192626953e-01
5.142967700958251953e-01
4.882988929748535156e-01
5.039684772491455078e-01
4.947288036346435547e-01
4.967849254608154297e-01
5.216021537780761719e-01
5.225021839141845703e-01
5.215165615081787109e-01
5.167584419250488281e-01
5.262272357940673828e-01
5.180110931396484375e-01
5.305635929107666016e-01
5.194404125213623047e-01
5.200088024139404297e-01
5.226252079010009766e-01
5.194509029388427734e-01
5.106742382049560547e-01
5.182657241821289062e-01
5.296657085418701172e-01
5.207238197326660156e-01
5.188555717468261719e-01
5.275046825408935547e-01
5.168168544769287109e-01
5.246353149414062500e-01
5.164299011230468750e-01
5.188701152801513672e-01
5.193409919738769531e-01
5.196089744567871094e-01
5.652389526367187500e-01
5.195462703704833984e-01
5.286877155303955078e-01
5.183637142181396484e-01
5.204079151153564453e-01
5.149757862091064453e-01
4.981384277343750000e-01
4.993848800659179688e-01
5.885694026947021484e-01
5.295543670654296875e-01
4.997692108154296875e-01
5.004136562347412109e-01
4.987916946411132812e-01
4.969871044158935547e-01
5.035040378570556641e-01
5.029294490814208984e-01
4.977490901947021484e-01
4.989488124847412109e-01
5.028870105743408203e-01
4.986102581024169922e-01
5.818908214569091797e-01
5.017056465148925781e-01
5.001528263092041016e-01
4.968900680541992188e-01
5.004014968872070312e-01
5.021650791168212891e-01
4.946691989898681641e-01
4.972028732299804688e-01
5.044872760772705078e-01
5.024106502532958984e-01
4.996056556701660156e-01
4.980289936065673828e-01
5.986185073852539062e-01
5.043427944183349609e-01
5.056612491607666016e-01
5.095598697662353516e-01
5.088145732879638672e-01
5.276567935943603516e-01
5.191977024078369141e-01
5.246124267578125000e-01
5.256574153900146484e-01
5.188307762145996094e-01
5.194573402404785156e-01
5.223543643951416016e-01
5.245349407196044922e-01
6.066613197326660156e-01
5.284018516540527344e-01
5.174715518951416016e-01
5.251128673553466797e-01
5.264697074890136719e-01
5.194754600524902344e-01
5.221805572509765625e-01
5.243339538574218750e-01
5.230374336242675781e-01
5.192763805389404297e-01
