2.484014272689819336e+00
7.592258453369140625e-01
7.597601413726806641e-01
7.574691772460937500e-01
7.598392963409423828e-01
8.092608451843261719e-01
7.558662891387939453e-01
7.576425075531005859e-01
7.596099376678466797e-01
7.539267539978027344e-01
7.571961879730224609e-01
7.575728893280029297e-01
7.548112869262695312e-01
7.579562664031982422e-01
7.573521137237548828e-01
7.560358047485351562e-01
7.580084800720214844e-01
7.561421394348144531e-01
7.576377391815185547e-01
7.552437782287597656e-01
7.621996402740478516e-01
7.607998847961425781e-01
7.587215900421142578e-01
7.597918510437011719e-01
7.622253894805908203e-01
7.589280605316162109e-01
7.595548629760742188e-01
7.605371475219726562e-01
7.620129585266113281e-01
7.604389190673828125e-01
7.603683471679687500e-01
7.618122100830078125e-01
7.630915641784667969e-01
7.614612579345703125e-01
7.616486549377441406e-01
7.616569995880126953e-01
7.729327678680419922e-01
7.622258663177490234e-01
7.625055313110351562e-01
7.641701698303222656e-01
7.730975151062011719e-01
7.779507637023925781e-01
7.612636089324951172e-01
7.647702693939208984e-01
7.639756202697753906e-01
7.731859683990478516e-01
7.712340354919433594e-01
7.703549861907958984e-01
7.643170356750488281e-01
7.644445896148681641e-01
7.662191390991210938e-01
7.642881870269775391e-01
7.660410404205322266e-01
8.134195804595947266e-01
7.749919891357421875e-01
7.639801502227783203e-01
7.662746906280517578e-01
7.671515941619873047e-01
7.662038803100585938e-01
7.717733383178710938e-01
7.712583541870117188e-01
7.674543857574462891e-01
7.695360183715820312e-01
7.823984622955322266e-01
7.695925235748291016e-01
7.681639194488525391e-01
7.678494453430175781e-01
7.720148563385009766e-01
7.677938938140869141e-01
7.697651386260986328e-01
7.688865661621093750e-01
7.712507247924804688e-01
7.875130176544189453e-01
7.700123786926269531e-01
7.709472179412841797e-01
7.785117626190185547e-01
7.711627483367919922e-01
7.715320587158203125e-01
7.777047157287597656e-01
7.712142467498779297e-01
7.712826728820800781e-01
7.711637020111083984e-01
7.706761360168457031e-01
7.699711322784423828e-01
7.701215744018554688e-01
7.694473266601562500e-01
7.732546329498291016e-01
7.739703655242919922e-01
8.061707019805908203e-01
7.766623497009277344e-01
7.711737155914306641e-01
7.830805778503417969e-01
7.944366931915283203e-01
7.768049240112304688e-01
7.796881198883056641e-01
7.761306762695312500e-01
7.834413051605224609e-01
7.792415618896484375e-01
7.912464141845703125e-01
8.057568073272705078e-01
7.720928192138671875e-01
7.676084041595458984e-01
7.693057060241699219e-01
7.694840431213378906e-01
7.689025402069091797e-01
7.687203884124755859e-01
7.708389759063720703e-01
7.710821628570556641e-01
7.689306735992431641e-01
7.702775001525878906e-01
7.706828117370605469e-01
7.694211006164550781e-01
7.680201530456542969e-01
7.712433338165283203e-01
7.699351310729980469e-01
7.689797878265380859e-01
7.726233005523681641e-01
7.682399749755859375e-01
7.673819065093994141e-01
7.671449184417724609e-01
7.679393291473388672e-01
7.676632404327392578e-01
7.688021659851074219e-01
7.693474292755126953e-01
7.692947387695312500e-01
7.689352035522460938e-01
7.681927680969238281e-01
7.691922187805175781e-01
7.701773643493652344e-01
7.688341140747070312e-01
7.702791690826416016e-01
7.704086303710937500e-01
7.707972526550292969e-01
7.695622444152832031e-01
7.722260951995849609e-01
7.715928554534912109e-01
7.716252803802490234e-01
7.712986469268798828e-01
7.710227966308593750e-01
7.899689674377441406e-01
7.697675228118896484e-01
7.722315788269042969e-01
7.787454128265380859e-01
7.696652412414550781e-01
7.690155506134033203e-01
7.705535888671875000e-01
7.707543373107910156e-01
7.703223228454589844e-01
7.872893810272216797e-01
7.730185985565185547e-01
7.702531814575195312e-01
7.713491916656494141e-01
7.688269615173339844e-01
7.789800167083740234e-01
7.700901031494140625e-01
7.716624736785888672e-01
7.689542770385742188e-01
7.699840068817138672e-01
7.692737579345703125e-01
7.719700336456298828e-01
7.729480266571044922e-01
7.724127769470214844e-01
7.805979251861572266e-01
7.722909450531005859e-01
7.814528942108154297e-01
7.733528614044189453e-01
7.738001346588134766e-01
7.735784053802490234e-01
7.748970985412597656e-01
7.734766006469726562e-01
7.722344398498535156e-01
7.746665477752685547e-01
7.719349861145019531e-01
7.736325263977050781e-01
7.731573581695556641e-01
7.727961540222167969e-01
7.740931510925292969e-01
7.719519138336181641e-01
7.712223529815673828e-01
7.877926826477050781e-01
7.707104682922363281e-01
7.872700691223144531e-01
7.834138870239257812e-01
7.880129814147949219e-01
7.828767299652099609e-01
7.864880561828613281e-01
7.837986946105957031e-01
7.862951755523681641e-01
7.877442836761474609e-01
7.866189479827880859e-01
7.866351604461669922e-01
7.876973152160644531e-01
7.884497642517089844e-01
7.859945297241210938e-01
7.887988090515136719e-01
7.862701416015625000e-01
7.892327308654785156e-01
7.870571613311767578e-01
7.841591835021972656e-01
7.893152236938476562e-01
