5.236163139343261719e-01
5.216565132141113281e-01
5.157065391540527344e-01
5.132434368133544922e-01
5.889194011688232422e-01
5.211632251739501953e-01
5.106234550476074219e-01
5.094869136810302734e-01
5.010704994201660156e-01
5.132308006286621094e-01
5.177114009857177734e-01
5.122492313385009766e-01
5.157434940338134766e-01
5.141448974609375000e-01
5.139770507812500000e-01
5.132997035980224609e-01
5.925915241241455078e-01
5.180947780609130859e-01
5.039968490600585938e-01
5.203697681427001953e-01
5.114989280700683594e-01
5.028035640716552734e-01
5.190205574035644531e-01
5.056376457214355469e-01
5.001454353332519531e-01
5.125966072082519531e-01
5.064013004302978516e-01
5.068669319152832031e-01
5.112020969390869141e-01
5.046274662017822266e-01
5.148608684539794922e-01
5.112204551696777344e-01
5.041933059692382812e-01
5.175211429595947266e-01
5.089061260223388672e-01
5.981779098510742188e-01
5.095460414886474609e-01
5.151171684265136719e-01
5.147275924682617188e-01
5.096039772033691406e-01
5.092387199401855469e-01
5.104660987854003906e-01
5.098321437835693359e-01
5.199255943298339844e-01
5.177273750305175781e-01
5.187706947326660156e-01
5.209324359893798828e-01
6.002936363220214844e-01
5.208375453948974609e-01
5.346438884735107422e-01
5.164182186126708984e-01
5.202448368072509766e-01
5.152177810668945312e-01
5.217611789703369141e-01
5.188658237457275391e-01
5.186097621917724609e-01
5.210905075073242188e-01
5.166120529174804688e-01
5.211319923400878906e-01
5.172445774078369141e-01
5.229947566986083984e-01
5.191037654876708984e-01
5.200757980346679688e-01
5.208377838134765625e-01
5.175256729125976562e-01
5.158259868621826172e-01
6.006603240966796875e-01
5.187609195709228516e-01
5.139663219451904297e-01
5.155808925628662109e-01
5.095250606536865234e-01
5.231730937957763672e-01
5.130584239959716797e-01
5.159299373626708984e-01
5.113298892974853516e-01
5.137045383453369141e-01
5.052044391632080078e-01
5.089011192321777344e-01
5.132503509521484375e-01
5.053522586822509766e-01
5.085146427154541016e-01
5.131249427795410156e-01
5.064504146575927734e-01
5.166234970092773438e-01
5.111112594604492188e-01
5.148382186889648438e-01
5.039429664611816406e-01
5.091371536254882812e-01
5.113275051116943359e-01
5.957572460174560547e-01
5.036785602569580078e-01
5.203948020935058594e-01
5.112686157226562500e-01
5.068190097808837891e-01
5.055134296417236328e-01
5.149188041687011719e-01
5.058500766754150391e-01
5.181050300598144531e-01
5.221817493438720703e-01
5.743615627288818359e-01
5.056605339050292969e-01
5.177590847015380859e-01
5.212094783782958984e-01
4.925704002380371094e-01
5.164458751678466797e-01
5.169873237609863281e-01
5.211369991302490234e-01
5.162899494171142578e-01
5.182366371154785156e-01
5.183525085449218750e-01
5.166912078857421875e-01
5.159149169921875000e-01
5.097386837005615234e-01
5.171458721160888672e-01
5.066449642181396484e-01
5.100834369659423828e-01
5.183002948760986328e-01
5.142884254455566406e-01
4.882891178131103516e-01
5.039639472961425781e-01
4.947175979614257812e-01
4.967770576477050781e-01
5.215923786163330078e-01
5.224921703338623047e-01
5.215070247650146484e-01
5.167465209960937500e-01
5.262193679809570312e-01
5.179953575134277344e-01
5.305521488189697266e-01
5.194303989410400391e-01
5.199999809265136719e-01
5.226192474365234375e-01
5.194444656372070312e-01
5.106685161590576172e-01
5.182478427886962891e-01
5.296566486358642578e-01
5.207238197326660156e-01
5.188460350036621094e-01
5.274984836578369141e-01
5.168037414550781250e-01
5.246274471282958984e-01
5.164179801940917969e-01
5.188503265380859375e-01
5.193350315093994141e-01
5.196003913879394531e-01
5.782923698425292969e-01
5.195372104644775391e-01
5.286846160888671875e-01
5.183522701263427734e-01
5.203945636749267578e-01
5.149688720703125000e-01
4.981279373168945312e-01
4.993822574615478516e-01
5.885570049285888672e-01
5.295476913452148438e-01
4.997630119323730469e-01
5.004024505615234375e-01
4.987804889678955078e-01
4.969794750213623047e-01
5.034990310668945312e-01
5.029191970825195312e-01
4.977419376373291016e-01
4.989342689514160156e-01
5.028803348541259766e-01
4.986011981964111328e-01
5.818824768066406250e-01
5.017030239105224609e-01
5.001413822174072266e-01
4.968812465667724609e-01
5.003907680511474609e-01
5.021541118621826172e-01
4.946579933166503906e-01
4.971921443939208984e-01
5.044760704040527344e-01
5.024039745330810547e-01
4.995970726013183594e-01
4.980261325836181641e-01
5.986094474792480469e-01
5.043358802795410156e-01
5.056569576263427734e-01
5.095555782318115234e-01
5.088088512420654297e-01
5.276525020599365234e-01
5.191860198974609375e-01
5.246000289916992188e-01
5.256438255310058594e-01
5.188198089599609375e-01
5.194492340087890625e-01
5.223431587219238281e-01
5.245161056518554688e-01
6.066470146179199219e-01
5.283927917480468750e-01
5.174503326416015625e-01
5.251064300537109375e-01
5.264637470245361328e-01
5.194544792175292969e-01
5.221683979034423828e-01
5.243227481842041016e-01
5.230267047882080078e-01
5.192673206329345703e-01
