5.236184597015380859e-01
5.216734409332275391e-01
5.157256126403808594e-01
5.132546424865722656e-01
5.889232158660888672e-01
5.211353302001953125e-01
5.106236934661865234e-01
5.094952583312988281e-01
5.010864734649658203e-01
5.132393836975097656e-01
5.177152156829833984e-01
5.122551918029785156e-01
5.157525539398193359e-01
5.141434669494628906e-01
5.139775276184082031e-01
5.133001804351806641e-01
5.925979614257812500e-01
5.180959701538085938e-01
5.040142536163330078e-01
5.203676223754882812e-01
5.115225315093994141e-01
5.028111934661865234e-01
5.190293788909912109e-01
5.056457519531250000e-01
5.001425743103027344e-01
5.126121044158935547e-01
5.064110755920410156e-01
5.068652629852294922e-01
5.112133026123046875e-01
5.046348571777343750e-01
5.148704051971435547e-01
5.112285614013671875e-01
5.042097568511962891e-01
5.175290107727050781e-01
5.089099407196044922e-01
5.982000827789306641e-01
5.095467567443847656e-01
5.151236057281494141e-01
5.147364139556884766e-01
5.096187591552734375e-01
5.092241764068603516e-01
5.104494094848632812e-01
5.098366737365722656e-01
5.199270248413085938e-01
5.177245140075683594e-01
5.187559127807617188e-01
5.209321975708007812e-01
6.002948284149169922e-01
5.208387374877929688e-01
5.346791744232177734e-01
5.164179801940917969e-01
5.202436447143554688e-01
5.152120590209960938e-01
5.217638015747070312e-01
5.188674926757812500e-01
5.186107158660888672e-01
5.210978984832763672e-01
5.166060924530029297e-01
5.211329460144042969e-01
5.172581672668457031e-01
5.229942798614501953e-01
5.190932750701904297e-01
5.200743675231933594e-01
5.208458900451660156e-01
5.175385475158691406e-01
5.158157348632812500e-01
6.006705760955810547e-01
5.187597274780273438e-01
5.139656066894531250e-01
5.155951976776123047e-01
5.095086097717285156e-01
5.231592655181884766e-01
5.130472183227539062e-01
5.159299373626708984e-01
5.113191604614257812e-01
5.136916637420654297e-01
5.052089691162109375e-01
5.088999271392822266e-01
5.132658481597900391e-01
5.053637027740478516e-01
5.085241794586181641e-01
5.131380558013916016e-01
5.064675807952880859e-01
5.166156291961669922e-01
5.111041069030761719e-01
5.148553848266601562e-01
5.039584636688232422e-01
5.091431140899658203e-01
5.113408565521240234e-01
5.957748889923095703e-01
5.036933422088623047e-01
5.203866958618164062e-01
5.112833976745605469e-01
5.068330764770507812e-01
5.055270195007324219e-01
5.149302482604980469e-01
5.058646202087402344e-01
5.180983543395996094e-01
5.327734947204589844e-01
5.591909885406494141e-01
5.056722164154052734e-01
5.177612304687500000e-01
5.212249755859375000e-01
4.925813674926757812e-01
5.164494514465332031e-01
5.169727802276611328e-01
5.211548805236816406e-01
5.163040161132812500e-01
5.182507038116455078e-01
5.183663368225097656e-01
5.167098045349121094e-01
5.159184932708740234e-01
5.097479820251464844e-01
5.171592235565185547e-01
5.066645145416259766e-01
5.100970268249511719e-01
5.183079242706298828e-01
5.142743587493896484e-01
4.882838726043701172e-01
5.039467811584472656e-01
4.947299957275390625e-01
4.967858791351318359e-01
5.215966701507568359e-01
5.224936008453369141e-01
5.215213298797607422e-01
5.167512893676757812e-01
5.262038707733154297e-01
5.180115699768066406e-01
5.305538177490234375e-01
5.194334983825683594e-01
5.199987888336181641e-01
5.226395130157470703e-01
5.194532871246337891e-01
5.106739997863769531e-01
5.182611942291259766e-01
5.296626091003417969e-01
5.207231044769287109e-01
5.188460350036621094e-01
5.275032520294189453e-01
5.168125629425048828e-01
5.246245861053466797e-01
5.164287090301513672e-01
5.188453197479248047e-01
5.193283557891845703e-01
5.195991992950439453e-01
5.888080596923828125e-01
5.195484161376953125e-01
5.286879539489746094e-01
5.183546543121337891e-01
5.204055309295654297e-01
5.149698257446289062e-01
4.981348514556884766e-01
4.993824958801269531e-01
5.885674953460693359e-01
5.295398235321044922e-01
4.997699260711669922e-01
5.003879070281982422e-01
4.987843036651611328e-01
4.969859123229980469e-01
5.035119056701660156e-01
5.029237270355224609e-01
4.977502822875976562e-01
4.989445209503173828e-01
5.028882026672363281e-01
4.986140727996826172e-01
5.818884372711181641e-01
5.017054080963134766e-01
5.001468658447265625e-01
4.968924522399902344e-01
5.003995895385742188e-01
5.021629333496093750e-01
4.946610927581787109e-01
4.971885681152343750e-01
5.044865608215332031e-01
5.024049282073974609e-01
4.995908737182617188e-01
4.980278015136718750e-01
5.986049175262451172e-01
5.043351650238037109e-01
5.056414604187011719e-01
5.095582008361816406e-01
5.088047981262207031e-01
5.276525020599365234e-01
5.191781520843505859e-01
5.246026515960693359e-01
5.256459712982177734e-01
5.188200473785400391e-01
5.194559097290039062e-01
5.223474502563476562e-01
5.245187282562255859e-01
6.066477298736572266e-01
5.283901691436767578e-01
5.174610614776611328e-01
5.251040458679199219e-01
5.264754295349121094e-01
5.194592475891113281e-01
5.221641063690185547e-01
5.243101119995117188e-01
5.230393409729003906e-01
5.192880630493164062e-01
