5.236237049102783203e-01
5.216641426086425781e-01
5.157175064086914062e-01
5.132503509521484375e-01
5.889303684234619141e-01
5.211668014526367188e-01
5.106310844421386719e-01
5.094933509826660156e-01
5.010824203491210938e-01
5.132384300231933594e-01
5.177166461944580078e-01
5.122528076171875000e-01
5.157477855682373047e-01
5.141489505767822266e-01
5.139889717102050781e-01
5.133094787597656250e-01
5.925972461700439453e-01
5.181050300598144531e-01
5.040104389190673828e-01
5.203766822814941406e-01
5.115065574645996094e-01
5.028071403503417969e-01
5.190272331237792969e-01
5.056459903717041016e-01
5.001556873321533203e-01
5.126092433929443359e-01
5.064096450805664062e-01
5.068655014038085938e-01
5.112085342407226562e-01
5.046339035034179688e-01
5.148673057556152344e-01
5.112259387969970703e-01
5.042042732238769531e-01
5.175254344940185547e-01
5.089089870452880859e-01
5.981864929199218750e-01
5.095534324645996094e-01
5.151231288909912109e-01
5.147364139556884766e-01
5.096137523651123047e-01
5.092489719390869141e-01
5.104746818542480469e-01
5.098562240600585938e-01
5.199344158172607422e-01
5.177376270294189453e-01
5.187788009643554688e-01
5.209436416625976562e-01
6.003029346466064453e-01
5.208477973937988281e-01
5.346648693084716797e-01
5.164263248443603516e-01
5.202534198760986328e-01
5.152268409729003906e-01
5.217721462249755859e-01
5.188751220703125000e-01
5.186185836791992188e-01
5.211050510406494141e-01
5.166258811950683594e-01
5.211408138275146484e-01
5.172548294067382812e-01
5.230028629302978516e-01
5.191135406494140625e-01
5.200839042663574219e-01
5.208532810211181641e-01
5.175383090972900391e-01
5.158367156982421875e-01
6.006684303283691406e-01
5.187678337097167969e-01
5.139756202697753906e-01
5.155913829803466797e-01
5.095357894897460938e-01
5.231816768646240234e-01
5.130662918090820312e-01
5.159380435943603516e-01
5.113408565521240234e-01
5.137128829956054688e-01
5.052137374877929688e-01
5.089108943939208984e-01
5.132603645324707031e-01
5.053591728210449219e-01
5.085222721099853516e-01
5.131313800811767578e-01
5.064597129821777344e-01
5.166363716125488281e-01
5.111179351806640625e-01
5.148510932922363281e-01
5.039527416229248047e-01
5.091381072998046875e-01
5.113356113433837891e-01
5.957643985748291016e-01
5.036876201629638672e-01
5.204019546508789062e-01
5.112776756286621094e-01
5.068285465240478516e-01
5.055227279663085938e-01
5.149254798889160156e-01
5.058572292327880859e-01
5.181176662445068359e-01
5.221903324127197266e-01
5.743763446807861328e-01
5.056679248809814453e-01
5.177662372589111328e-01
5.212199687957763672e-01
4.925734996795654297e-01
5.164580345153808594e-01
5.169954299926757812e-01
5.211517810821533203e-01
5.163009166717529297e-01
5.182466506958007812e-01
5.183641910552978516e-01
5.166995525360107422e-01
5.159261226654052734e-01
5.097455978393554688e-01
5.171568393707275391e-01
5.066595077514648438e-01
5.100898742675781250e-01
5.183041095733642578e-01
5.143024921417236328e-01
4.882955551147460938e-01
5.039670467376708984e-01
4.947240352630615234e-01
4.967806339263916016e-01
5.216028690338134766e-01
5.225002765655517578e-01
5.215141773223876953e-01
5.167577266693115234e-01
5.262310504913330078e-01
5.180058479309082031e-01
5.305607318878173828e-01
5.194377899169921875e-01
5.200073719024658203e-01
5.226278305053710938e-01
5.194487571716308594e-01
5.106735229492187500e-01
5.182645320892333984e-01
5.296590328216552734e-01
5.207276344299316406e-01
5.188539028167724609e-01
5.275065898895263672e-01
5.168075561523437500e-01
5.246355533599853516e-01
5.164241790771484375e-01
5.188682079315185547e-01
5.193419456481933594e-01
5.196077823638916016e-01
5.783007144927978516e-01
5.195443630218505859e-01
5.286848545074462891e-01
5.183625221252441406e-01
5.204012393951416016e-01
5.149757862091064453e-01
4.981307983398437500e-01
4.993832111358642578e-01
5.885634422302246094e-01
5.295555591583251953e-01
4.997658729553222656e-01
5.004100799560546875e-01
4.987905025482177734e-01
4.969811439514160156e-01
5.035004615783691406e-01
5.029246807098388672e-01
4.977469444274902344e-01
4.989390373229980469e-01
5.028846263885498047e-01
4.986088275909423828e-01
5.818867683410644531e-01
5.017051696777343750e-01
5.001492500305175781e-01
4.968879222869873047e-01
5.003952980041503906e-01
5.021574497222900391e-01
4.946653842926025391e-01
4.971992969512939453e-01
5.044832229614257812e-01
5.024123191833496094e-01
4.996039867401123047e-01
4.980237483978271484e-01
5.986170768737792969e-01
5.043411254882812500e-01
5.056619644165039062e-01
5.095627307891845703e-01
5.088152885437011719e-01
5.276596546173095703e-01
5.192027091979980469e-01
5.246098041534423828e-01
5.256531238555908203e-01
5.188269615173339844e-01
5.194580554962158203e-01
5.223495960235595703e-01
5.245261192321777344e-01
6.066548824310302734e-01
5.283987522125244141e-01
5.174567699432373047e-01
5.251131057739257812e-01
5.264668464660644531e-01
5.194649696350097656e-01
5.221762657165527344e-01
5.243272781372070312e-01
5.230326652526855469e-01
5.192759037017822266e-01
