5.236046314239501953e-01
5.216655731201171875e-01
5.157206058502197266e-01
5.132477283477783203e-01
5.889091491699218750e-01
5.211172103881835938e-01
5.106134414672851562e-01
5.094904899597167969e-01
5.010766983032226562e-01
5.132322311401367188e-01
5.177061557769775391e-01
5.122473239898681641e-01
5.157449245452880859e-01
5.141263008117675781e-01
5.139682292938232422e-01
5.132889747619628906e-01
5.925951004028320312e-01
5.180857181549072266e-01
5.040071010589599609e-01
5.203557014465332031e-01
5.115129947662353516e-01
5.028018951416015625e-01
5.190205574035644531e-01
5.056397914886474609e-01
5.001323223114013672e-01
5.126044750213623047e-01
5.064048767089843750e-01
5.068585872650146484e-01
5.112075805664062500e-01
5.046293735504150391e-01
5.148651599884033203e-01
5.112206935882568359e-01
5.042009353637695312e-01
5.175199508666992188e-01
5.089039802551269531e-01
5.981898307800292969e-01
5.095331668853759766e-01
5.151164531707763672e-01
5.147309303283691406e-01
5.096092224121093750e-01
5.092136859893798828e-01
5.104386806488037109e-01
5.098261833190917969e-01
5.199198722839355469e-01
5.177173614501953125e-01
5.187461376190185547e-01
5.209178924560546875e-01
6.002881526947021484e-01
5.208301544189453125e-01
5.346612930297851562e-01
5.164113044738769531e-01
5.202410221099853516e-01
5.152037143707275391e-01
5.217502117156982422e-01
5.188612937927246094e-01
5.186030864715576172e-01
5.210793018341064453e-01
5.165956020355224609e-01
5.211255550384521484e-01
5.172491073608398438e-01
5.229797363281250000e-01
5.190830230712890625e-01
5.200712680816650391e-01
5.208268165588378906e-01
5.175261497497558594e-01
5.158061981201171875e-01
6.006634235382080078e-01
5.187480449676513672e-01
5.139586925506591797e-01
5.155875682830810547e-01
5.094923973083496094e-01
5.231478214263916016e-01
5.130372047424316406e-01
5.159220695495605469e-01
5.113120079040527344e-01
5.136799812316894531e-01
5.051994323730468750e-01
5.088787078857421875e-01
5.132575035095214844e-01
5.053536891937255859e-01
5.085172653198242188e-01
5.131258964538574219e-01
5.064582824707031250e-01
5.166039466857910156e-01
5.110881328582763672e-01
5.148451328277587891e-01
5.039479732513427734e-01
5.091311931610107422e-01
5.113303661346435547e-01
5.957670211791992188e-01
5.036814212799072266e-01
5.203778743743896484e-01
5.112719535827636719e-01
5.068185329437255859e-01
5.055181980133056641e-01
5.149199962615966797e-01
5.058553218841552734e-01
5.180900096893310547e-01
5.221619606018066406e-01
5.743703842163085938e-01
5.056664943695068359e-01
5.177552700042724609e-01
5.212213993072509766e-01
4.925794601440429688e-01
5.164482593536376953e-01
5.169718265533447266e-01
5.211536884307861328e-01
5.163002014160156250e-01
5.182473659515380859e-01
5.183656215667724609e-01
5.167076587677001953e-01
5.159161090850830078e-01
5.097475051879882812e-01
5.171563625335693359e-01
5.066645145416259766e-01
5.100955963134765625e-01
5.183119773864746094e-01
5.142714977264404297e-01
4.882802963256835938e-01
5.039441585540771484e-01
4.947276115417480469e-01
4.967842102050781250e-01
5.215921401977539062e-01
5.224852561950683594e-01
5.215189456939697266e-01
5.167484283447265625e-01
5.261981487274169922e-01
5.180103778839111328e-01
5.305511951446533203e-01
5.194308757781982422e-01
5.199880599975585938e-01
5.226376056671142578e-01
5.194530487060546875e-01
5.106720924377441406e-01
5.182590484619140625e-01
5.296623706817626953e-01
5.207200050354003906e-01
5.188329219818115234e-01
5.275001525878906250e-01
5.168116092681884766e-01
5.246210098266601562e-01
5.164263248443603516e-01
5.188405513763427734e-01
5.193178653717041016e-01
5.195927619934082031e-01
5.888047218322753906e-01
5.195498466491699219e-01
5.286846160888671875e-01
5.183498859405517578e-01
5.204043388366699219e-01
5.149698257446289062e-01
4.981334209442138672e-01
4.993791580200195312e-01
5.885641574859619141e-01
5.295388698577880859e-01
4.997699260711669922e-01
5.003819465637207031e-01
4.987797737121582031e-01
4.969840049743652344e-01
5.035099983215332031e-01
5.029201507568359375e-01
4.977495670318603516e-01
4.989435672760009766e-01
5.028872489929199219e-01
4.986116886138916016e-01
5.818896293640136719e-01
5.017042160034179688e-01
5.001444816589355469e-01
4.968907833099365234e-01
5.003983974456787109e-01
5.021615028381347656e-01
4.946568012237548828e-01
4.971814155578613281e-01
5.044848918914794922e-01
5.024015903472900391e-01
4.995894432067871094e-01
4.980256557464599609e-01
5.985991954803466797e-01
5.043299198150634766e-01
5.056309700012207031e-01
5.095512866973876953e-01
5.087981224060058594e-01
5.276398658752441406e-01
5.191640853881835938e-01
5.245952606201171875e-01
5.256295204162597656e-01
5.187997817993164062e-01
5.194439888000488281e-01
5.223364830017089844e-01
5.245087146759033203e-01
6.066379547119140625e-01
5.283794403076171875e-01
5.174479484558105469e-01
5.250935554504394531e-01
5.264663696289062500e-01
5.194492340087890625e-01
5.221579074859619141e-01
5.242979526519775391e-01
5.230290889739990234e-01
5.192737579345703125e-01
