5.236146450042724609e-01
5.216562747955322266e-01
5.157048702239990234e-01
5.132434368133544922e-01
5.889172554016113281e-01
5.211601257324218750e-01
5.106210708618164062e-01
5.094895362854003906e-01
5.010724067687988281e-01
5.132305622100830078e-01
5.177085399627685547e-01
5.122466087341308594e-01
5.157420635223388672e-01
5.141420364379882812e-01
5.139751434326171875e-01
5.132961273193359375e-01
5.925934314727783203e-01
5.180943012237548828e-01
5.039999485015869141e-01
5.203678607940673828e-01
5.114979743957519531e-01
5.028045177459716797e-01
5.190203189849853516e-01
5.056366920471191406e-01
5.001463890075683594e-01
5.125985145568847656e-01
5.064034461975097656e-01
5.068638324737548828e-01
5.112030506134033203e-01
5.046269893646240234e-01
5.148625373840332031e-01
5.112164020538330078e-01
5.041968822479248047e-01
5.175206661224365234e-01
5.089070796966552734e-01
5.981793403625488281e-01
5.095431804656982422e-01
5.151183605194091797e-01
5.147283077239990234e-01
5.096063613891601562e-01
5.092389583587646484e-01
5.104670524597167969e-01
5.098350048065185547e-01
5.199279785156250000e-01
5.177290439605712891e-01
5.187747478485107422e-01
5.209288597106933594e-01
6.002984046936035156e-01
5.208404064178466797e-01
5.346508026123046875e-01
5.164217948913574219e-01
5.202479362487792969e-01
5.152220726013183594e-01
5.217652320861816406e-01
5.188694000244140625e-01
5.186104774475097656e-01
5.211014747619628906e-01
5.166046619415283203e-01
5.211350917816162109e-01
5.172460079193115234e-01
5.229990482330322266e-01
5.191128253936767578e-01
5.200817584991455078e-01
5.208473205566406250e-01
5.175282955169677734e-01
5.158288478851318359e-01
6.006617546081542969e-01
5.187652111053466797e-01
5.139658451080322266e-01
5.155847072601318359e-01
5.095276832580566406e-01
5.231764316558837891e-01
5.130605697631835938e-01
5.159280300140380859e-01
5.113315582275390625e-01
5.137066841125488281e-01
5.052051544189453125e-01
5.089032649993896484e-01
5.132536888122558594e-01
5.053544044494628906e-01
5.085160732269287109e-01
5.131268501281738281e-01
5.064542293548583984e-01
5.166208744049072266e-01
5.111136436462402344e-01
5.148413181304931641e-01
5.039474964141845703e-01
5.091390609741210938e-01
5.113303661346435547e-01
5.957593917846679688e-01
5.036778450012207031e-01
5.203938484191894531e-01
5.112717151641845703e-01
5.068163871765136719e-01
5.055150985717773438e-01
5.149214267730712891e-01
5.058526992797851562e-01
5.181031227111816406e-01
5.221865177154541016e-01
5.743658542633056641e-01
5.056569576263427734e-01
5.177595615386962891e-01
5.212128162384033203e-01
4.925713539123535156e-01
5.164461135864257812e-01
5.169909000396728516e-01
5.211403369903564453e-01
5.162861347198486328e-01
5.182368755340576172e-01
5.183553695678710938e-01
5.166912078857421875e-01
5.159153938293457031e-01
5.097396373748779297e-01
5.171487331390380859e-01
5.066456794738769531e-01
5.100843906402587891e-01
5.183010101318359375e-01
5.258474349975585938e-01
4.882898330688476562e-01
5.039653778076171875e-01
4.947178363800048828e-01
4.967761039733886719e-01
5.215935707092285156e-01
5.224921703338623047e-01
5.215077400207519531e-01
5.167460441589355469e-01
5.262222290039062500e-01
5.179955959320068359e-01
5.305480957031250000e-01
5.194320678710937500e-01
5.199992656707763672e-01
5.226211547851562500e-01
5.194423198699951172e-01
5.106680393218994141e-01
5.182492733001708984e-01
5.296521186828613281e-01
5.207214355468750000e-01
5.188457965850830078e-01
5.275001525878906250e-01
5.168011188507080078e-01
5.246286392211914062e-01
5.164158344268798828e-01
5.188469886779785156e-01
5.193338394165039062e-01
5.196015834808349609e-01
5.782928466796875000e-01
5.195360183715820312e-01
5.286831855773925781e-01
5.183532238006591797e-01
5.203952789306640625e-01
5.149679183959960938e-01
4.981274604797363281e-01
4.993832111358642578e-01
5.885550975799560547e-01
5.295474529266357422e-01
4.997620582580566406e-01
5.004045963287353516e-01
4.987812042236328125e-01
4.969797134399414062e-01
5.034995079040527344e-01
5.029213428497314453e-01
4.977409839630126953e-01
4.989342689514160156e-01
5.028803348541259766e-01
4.986035823822021484e-01
5.818808078765869141e-01
5.017032623291015625e-01
5.001418590545654297e-01
4.968814849853515625e-01
5.003895759582519531e-01
5.021541118621826172e-01
4.946596622467041016e-01
4.971921443939208984e-01
5.044753551483154297e-01
5.024054050445556641e-01
4.995985031127929688e-01
4.980199337005615234e-01
5.986022949218750000e-01
5.043361186981201172e-01
5.056548118591308594e-01
5.095510482788085938e-01
5.088093280792236328e-01
5.276479721069335938e-01
5.191850662231445312e-01
5.245852470397949219e-01
5.256428718566894531e-01
5.188181400299072266e-01
5.194466114044189453e-01
5.223412513732910156e-01
5.245161056518554688e-01
6.066451072692871094e-01
5.283696651458740234e-01
5.174503326416015625e-01
5.251047611236572266e-01
5.264623165130615234e-01
5.194537639617919922e-01
5.221695899963378906e-01
5.243189334869384766e-01
5.230264663696289062e-01
5.192689895629882812e-01
