2.489850997924804688e+00
7.585124969482421875e-01
7.604629993438720703e-01
7.562863826751708984e-01
7.589519023895263672e-01
7.586307525634765625e-01
7.567560672760009766e-01
7.567005157470703125e-01
7.606496810913085938e-01
7.577457427978515625e-01
7.571206092834472656e-01
7.570383548736572266e-01
7.562408447265625000e-01
7.581520080566406250e-01
7.596545219421386719e-01
7.561731338500976562e-01
7.599039077758789062e-01
7.600865364074707031e-01
7.588868141174316406e-01
7.593357563018798828e-01
7.648839950561523438e-01
7.532005310058593750e-01
7.532825469970703125e-01
7.538993358612060547e-01
7.546317577362060547e-01
7.542462348937988281e-01
7.547726631164550781e-01
7.543811798095703125e-01
7.543308734893798828e-01
7.558023929595947266e-01
7.548103332519531250e-01
7.569670677185058594e-01
7.571175098419189453e-01
7.543425559997558594e-01
7.552683353424072266e-01
7.558856010437011719e-01
7.574760913848876953e-01
7.544171810150146484e-01
7.563910484313964844e-01
7.575244903564453125e-01
7.582764625549316406e-01
7.564477920532226562e-01
7.588040828704833984e-01
7.623796463012695312e-01
7.672216892242431641e-01
7.640404701232910156e-01
7.677392959594726562e-01
7.643320560455322266e-01
7.659871578216552734e-01
7.656629085540771484e-01
7.637090682983398438e-01
7.644352912902832031e-01
7.657144069671630859e-01
7.648825645446777344e-01
7.649018764495849609e-01
7.639369964599609375e-01
7.656590938568115234e-01
7.669570446014404297e-01
7.665991783142089844e-01
7.669949531555175781e-01
7.685747146606445312e-01
7.668290138244628906e-01
7.650196552276611328e-01
7.638292312622070312e-01
7.675838470458984375e-01
7.688226699829101562e-01
7.689566612243652344e-01
7.638959884643554688e-01
7.673597335815429688e-01
7.696440219879150391e-01
7.685077190399169922e-01
7.697050571441650391e-01
7.695670127868652344e-01
7.682709693908691406e-01
7.700905799865722656e-01
7.707951068878173828e-01
7.707443237304687500e-01
7.714741230010986328e-01
7.711441516876220703e-01
7.698044776916503906e-01
7.713627815246582031e-01
7.720258235931396484e-01
7.713491916656494141e-01
7.722902297973632812e-01
7.707743644714355469e-01
7.721338272094726562e-01
7.712447643280029297e-01
7.709839344024658203e-01
7.709343433380126953e-01
7.733325958251953125e-01
7.711069583892822266e-01
7.715318202972412109e-01
7.717516422271728516e-01
7.730820178985595703e-01
7.740828990936279297e-01
7.729101181030273438e-01
7.730979919433593750e-01
7.736325263977050781e-01
7.753703594207763672e-01
7.737820148468017578e-01
7.736368179321289062e-01
7.752025127410888672e-01
7.709445953369140625e-01
7.724668979644775391e-01
7.755041122436523438e-01
7.710080146789550781e-01
7.741138935089111328e-01
7.765467166900634766e-01
7.760312557220458984e-01
7.913186550140380859e-01
7.747838497161865234e-01
8.125596046447753906e-01
8.232059478759765625e-01
7.736108303070068359e-01
7.655873298645019531e-01
7.661824226379394531e-01
7.756078243255615234e-01
7.646138668060302734e-01
7.739710807800292969e-01
7.719852924346923828e-01
7.722551822662353516e-01
7.712993621826171875e-01
7.955765724182128906e-01
7.705261707305908203e-01
7.733101844787597656e-01
7.711644172668457031e-01
7.684037685394287109e-01
7.763507366180419922e-01
7.683467864990234375e-01
7.748124599456787109e-01
7.688436508178710938e-01
7.702767848968505859e-01
7.698407173156738281e-01
7.720658779144287109e-01
7.732722759246826172e-01
7.694387435913085938e-01
7.696480751037597656e-01
7.689447402954101562e-01
7.756941318511962891e-01
7.699511051177978516e-01
7.696702480316162109e-01
7.819929122924804688e-01
7.713603973388671875e-01
7.768199443817138672e-01
7.755012512207031250e-01
7.709100246429443359e-01
7.711241245269775391e-01
7.676875591278076172e-01
7.869861125946044922e-01
7.709662914276123047e-01
7.686893939971923828e-01
7.942101955413818359e-01
7.817254066467285156e-01
7.797026634216308594e-01
7.811927795410156250e-01
7.901630401611328125e-01
7.826199531555175781e-01
7.805197238922119141e-01
7.812154293060302734e-01
7.825295925140380859e-01
7.835290431976318359e-01
7.808709144592285156e-01
7.823774814605712891e-01
7.850077152252197266e-01
7.821979522705078125e-01
7.826757431030273438e-01
7.825100421905517578e-01
7.857887744903564453e-01
7.811303138732910156e-01
7.825765609741210938e-01
7.818853855133056641e-01
7.813100814819335938e-01
7.819819450378417969e-01
7.821421623229980469e-01
7.826943397521972656e-01
7.817835807800292969e-01
7.833988666534423828e-01
7.839591503143310547e-01
7.846477031707763672e-01
7.852561473846435547e-01
7.830703258514404297e-01
7.818012237548828125e-01
7.820637226104736328e-01
7.953748703002929688e-01
7.802329063415527344e-01
7.733399868011474609e-01
7.785127162933349609e-01
7.797315120697021484e-01
7.747383117675781250e-01
7.742087841033935547e-01
7.765388488769531250e-01
7.722995281219482422e-01
7.757802009582519531e-01
7.735164165496826172e-01
7.731351852416992188e-01
7.830464839935302734e-01
7.744052410125732422e-01
7.822842597961425781e-01
7.858755588531494141e-01
7.775943279266357422e-01
