5.236186981201171875e-01
5.216712951660156250e-01
5.157217979431152344e-01
5.132532119750976562e-01
5.889186859130859375e-01
5.211336612701416016e-01
5.106232166290283203e-01
5.094945430755615234e-01
5.010840892791748047e-01
5.132393836975097656e-01
5.177164077758789062e-01
5.122611522674560547e-01
5.157527923583984375e-01
5.141479969024658203e-01
5.139844417572021484e-01
5.133078098297119141e-01
5.925967693328857422e-01
5.180962085723876953e-01
5.040147304534912109e-01
5.203714370727539062e-01
5.115239620208740234e-01
5.028057098388671875e-01
5.190289020538330078e-01
5.056462287902832031e-01
5.001387596130371094e-01
5.126094818115234375e-01
5.064110755920410156e-01
5.068669319152832031e-01
5.112140178680419922e-01
5.046353340148925781e-01
5.148711204528808594e-01
5.112257003784179688e-01
5.042054653167724609e-01
5.175294876098632812e-01
5.089087486267089844e-01
5.982069969177246094e-01
5.095472335815429688e-01
5.151269435882568359e-01
5.147380828857421875e-01
5.096235275268554688e-01
5.092210769653320312e-01
5.104503631591796875e-01
5.098361968994140625e-01
5.199232101440429688e-01
5.177233219146728516e-01
5.187532901763916016e-01
5.209310054779052734e-01
6.002919673919677734e-01
5.208375453948974609e-01
5.346837043762207031e-01
5.164158344268798828e-01
5.202422142028808594e-01
5.152082443237304688e-01
5.217640399932861328e-01
5.188658237457275391e-01
5.186083316802978516e-01
5.210974216461181641e-01
5.166070461273193359e-01
5.211308002471923828e-01
5.172564983367919922e-01
5.229938030242919922e-01
5.190913677215576172e-01
5.200769901275634766e-01
5.208444595336914062e-01
5.175392627716064453e-01
5.158176422119140625e-01
6.006689071655273438e-01
5.187611579895019531e-01
5.139687061309814453e-01
5.155959129333496094e-01
5.095076560974121094e-01
5.231606960296630859e-01
5.130486488342285156e-01
5.159301757812500000e-01
5.113208293914794922e-01
5.136909484863281250e-01
5.052065849304199219e-01
5.088939666748046875e-01
5.132656097412109375e-01
5.053629875183105469e-01
5.085306167602539062e-01
5.131256580352783203e-01
5.064606666564941406e-01
5.166170597076416016e-01
5.110981464385986328e-01
5.148513317108154297e-01
5.039563179016113281e-01
5.091385841369628906e-01
5.113327503204345703e-01
5.957739353179931641e-01
5.036935806274414062e-01
5.203852653503417969e-01
5.112812519073486328e-01
5.068325996398925781e-01
5.055282115936279297e-01
5.149278640747070312e-01
5.058662891387939453e-01
5.180983543395996094e-01
5.053842067718505859e-01
5.743768215179443359e-01
5.056707859039306641e-01
5.177576541900634766e-01
5.212116241455078125e-01
4.925832748413085938e-01
5.164480209350585938e-01
5.169711112976074219e-01
5.211534500122070312e-01
5.163009166717529297e-01
5.182514190673828125e-01
5.183598995208740234e-01
5.167064666748046875e-01
5.159180164337158203e-01
5.097441673278808594e-01
5.171523094177246094e-01
5.066692829132080078e-01
5.100979804992675781e-01
5.182945728302001953e-01
5.142745971679687500e-01
4.882831573486328125e-01
5.039427280426025391e-01
4.947159290313720703e-01
4.967887401580810547e-01
5.215945243835449219e-01
5.224838256835937500e-01
5.215227603912353516e-01
5.167496204376220703e-01
5.262007713317871094e-01
5.179984569549560547e-01
5.305542945861816406e-01
5.194334983825683594e-01
5.199942588806152344e-01
5.226395130157470703e-01
5.194482803344726562e-01
5.106732845306396484e-01
5.182561874389648438e-01
5.296595096588134766e-01
5.207307338714599609e-01
5.188469886779785156e-01
5.275042057037353516e-01
5.168149471282958984e-01
5.246224403381347656e-01
5.164191722869873047e-01
5.188474655151367188e-01
5.193295478820800781e-01
5.195965766906738281e-01
5.888085365295410156e-01
5.195462703704833984e-01
5.286839008331298828e-01
5.183508396148681641e-01
5.204093456268310547e-01
5.149714946746826172e-01
4.981262683868408203e-01
4.993801116943359375e-01
5.885667800903320312e-01
5.295374393463134766e-01
4.997675418853759766e-01
5.003867149353027344e-01
4.987869262695312500e-01
4.969797134399414062e-01
5.035119056701660156e-01
5.029230117797851562e-01
4.977517127990722656e-01
4.989411830902099609e-01
5.028889179229736328e-01
4.986135959625244141e-01
5.818891525268554688e-01
5.017056465148925781e-01
5.001482963562011719e-01
4.968926906585693359e-01
5.003969669342041016e-01
5.021626949310302734e-01
4.946591854095458984e-01
4.971942901611328125e-01
5.044891834259033203e-01
5.024042129516601562e-01
4.995908737182617188e-01
4.980220794677734375e-01
5.986053943634033203e-01
5.043385028839111328e-01
5.056390762329101562e-01
5.095610618591308594e-01
5.088052749633789062e-01
5.276513099670410156e-01
5.191729068756103516e-01
5.245964527130126953e-01
5.256457328796386719e-01
5.188186168670654297e-01
5.194549560546875000e-01
5.223462581634521484e-01
5.245137214660644531e-01
6.066472530364990234e-01
5.283885002136230469e-01
5.174603462219238281e-01
5.251014232635498047e-01
5.264756679534912109e-01
5.194568634033203125e-01
5.221593379974365234e-01
5.243058204650878906e-01
5.230369567871093750e-01
5.192835330963134766e-01
