2.562491416931152344e+00
7.667384147644042969e-01
7.673704624176025391e-01
7.662763595581054688e-01
7.677049636840820312e-01
7.668464183807373047e-01
7.673974037170410156e-01
7.688708305358886719e-01
7.681119441986083984e-01
7.848596572875976562e-01
7.699718475341796875e-01
7.691245079040527344e-01
7.703897953033447266e-01
7.693994045257568359e-01
7.716362476348876953e-01
7.675118446350097656e-01
7.683382034301757812e-01
7.696688175201416016e-01
7.681577205657958984e-01
7.832102775573730469e-01
7.708942890167236328e-01
7.717351913452148438e-01
7.685854434967041016e-01
7.671933174133300781e-01
7.665233612060546875e-01
7.782776355743408203e-01
7.720870971679687500e-01
7.732880115509033203e-01
7.736594676971435547e-01
7.771117687225341797e-01
7.740459442138671875e-01
7.741153240203857422e-01
7.741131782531738281e-01
7.749052047729492188e-01
7.735524177551269531e-01
7.731549739837646484e-01
7.748036384582519531e-01
7.725892066955566406e-01
7.737214565277099609e-01
7.727167606353759766e-01
7.701497077941894531e-01
7.726726531982421875e-01
7.724843025207519531e-01
7.683606147766113281e-01
7.666878700256347656e-01
7.708761692047119141e-01
7.674002647399902344e-01
7.823863029479980469e-01
7.672245502471923828e-01
7.692205905914306641e-01
7.738993167877197266e-01
7.682509422302246094e-01
7.714164257049560547e-01
7.708475589752197266e-01
7.666614055633544922e-01
7.680916786193847656e-01
7.685098648071289062e-01
7.753653526306152344e-01
7.710726261138916016e-01
7.761116027832031250e-01
7.771775722503662109e-01
7.707655429840087891e-01
7.714896202087402344e-01
7.753086090087890625e-01
7.714962959289550781e-01
7.719397544860839844e-01
7.717807292938232422e-01
7.724123001098632812e-01
7.722468376159667969e-01
7.729227542877197266e-01
7.743046283721923828e-01
7.744009494781494141e-01
7.769150733947753906e-01
7.747077941894531250e-01
7.723832130432128906e-01
7.814130783081054688e-01
7.763321399688720703e-01
7.840049266815185547e-01
7.909233570098876953e-01
7.872521877288818359e-01
7.881102561950683594e-01
7.874202728271484375e-01
7.900817394256591797e-01
7.885961532592773438e-01
7.949080467224121094e-01
7.880387306213378906e-01
7.886438369750976562e-01
7.940154075622558594e-01
8.579988479614257812e-01
7.831439971923828125e-01
7.818658351898193359e-01
7.875289916992187500e-01
7.788188457489013672e-01
7.815730571746826172e-01
7.811942100524902344e-01
7.825939655303955078e-01
8.075911998748779297e-01
7.715806961059570312e-01
7.733025550842285156e-01
8.121926784515380859e-01
7.973928451538085938e-01
7.969667911529541016e-01
7.976791858673095703e-01
7.949230670928955078e-01
7.962837219238281250e-01
7.960550785064697266e-01
7.969114780426025391e-01
8.149397373199462891e-01
7.969760894775390625e-01
8.006255626678466797e-01
7.958867549896240234e-01
7.962949275970458984e-01
7.977271080017089844e-01
7.965128421783447266e-01
7.980835437774658203e-01
7.972424030303955078e-01
7.976267337799072266e-01
7.966220378875732422e-01
7.967066764831542969e-01
7.977118492126464844e-01
7.977902889251708984e-01
7.955315113067626953e-01
7.983508110046386719e-01
7.979412078857421875e-01
7.957885265350341797e-01
7.975773811340332031e-01
7.981002330780029297e-01
7.988624572753906250e-01
7.977468967437744141e-01
7.979528903961181641e-01
7.994499206542968750e-01
7.972192764282226562e-01
7.985856533050537109e-01
7.988948822021484375e-01
7.993478775024414062e-01
7.982461452484130859e-01
7.989587783813476562e-01
7.977962493896484375e-01
7.979335784912109375e-01
7.986862659454345703e-01
7.979028224945068359e-01
7.976462841033935547e-01
7.978701591491699219e-01
8.001339435577392578e-01
7.996180057525634766e-01
7.993171215057373047e-01
7.992675304412841797e-01
7.986385822296142578e-01
7.982647418975830078e-01
7.987103462219238281e-01
7.979011535644531250e-01
8.008320331573486328e-01
7.996010780334472656e-01
7.991664409637451172e-01
7.988386154174804688e-01
8.001415729522705078e-01
7.998368740081787109e-01
8.005290031433105469e-01
8.012340068817138672e-01
7.992887496948242188e-01
8.001246452331542969e-01
7.995543479919433594e-01
7.997064590454101562e-01
7.996950149536132812e-01
8.023078441619873047e-01
8.025569915771484375e-01
7.992262840270996094e-01
8.007566928863525391e-01
8.011202812194824219e-01
8.020832538604736328e-01
8.000869750976562500e-01
7.996277809143066406e-01
7.985310554504394531e-01
7.998631000518798828e-01
7.983250617980957031e-01
7.991964817047119141e-01
8.008871078491210938e-01
7.985789775848388672e-01
7.995805740356445312e-01
8.023159503936767578e-01
8.168430328369140625e-01
7.920794486999511719e-01
7.900030612945556641e-01
7.900898456573486328e-01
7.895784378051757812e-01
7.902421951293945312e-01
7.900004386901855469e-01
7.885215282440185547e-01
7.896268367767333984e-01
8.025059700012207031e-01
7.901389598846435547e-01
7.874217033386230469e-01
7.908110618591308594e-01
7.911083698272705078e-01
7.908325195312500000e-01
7.895340919494628906e-01
7.922492027282714844e-01
7.898695468902587891e-01
7.895424365997314453e-01
7.922461032867431641e-01
