2.107618331909179688e+00
4.674091339111328125e-01
5.205214023590087891e-01
4.650263786315917969e-01
4.725000858306884766e-01
4.660246372222900391e-01
4.708967208862304688e-01
4.681794643402099609e-01
4.684040546417236328e-01
5.740206241607666016e-01
4.695248603820800781e-01
4.679362773895263672e-01
5.748033523559570312e-01
5.657298564910888672e-01
4.707634449005126953e-01
4.690713882446289062e-01
5.292506217956542969e-01
5.714976787567138672e-01
4.706699848175048828e-01
4.747955799102783203e-01
4.680697917938232422e-01
4.720747470855712891e-01
4.716370105743408203e-01
5.300583839416503906e-01
4.706876277923583984e-01
4.699082374572753906e-01
4.731743335723876953e-01
5.737757682800292969e-01
5.652520656585693359e-01
5.653285980224609375e-01
4.654767513275146484e-01
5.670218467712402344e-01
4.720876216888427734e-01
4.698045253753662109e-01
4.688580036163330078e-01
4.637808799743652344e-01
4.659276008605957031e-01
4.663033485412597656e-01
4.705064296722412109e-01
4.665770530700683594e-01
4.648618698120117188e-01
4.676403999328613281e-01
4.664225578308105469e-01
5.659489631652832031e-01
4.686195850372314453e-01
4.697155952453613281e-01
4.679775238037109375e-01
4.685633182525634766e-01
4.862873554229736328e-01
4.668605327606201172e-01
4.679439067840576172e-01
4.737486839294433594e-01
5.664637088775634766e-01
4.658904075622558594e-01
4.766855239868164062e-01
4.663193225860595703e-01
4.686520099639892578e-01
5.259892940521240234e-01
4.723930358886718750e-01
5.738031864166259766e-01
4.697439670562744141e-01
4.710292816162109375e-01
4.766731262207031250e-01
4.796421527862548828e-01
5.234346389770507812e-01
4.776742458343505859e-01
4.740824699401855469e-01
5.809111595153808594e-01
4.766781330108642578e-01
4.757838249206542969e-01
4.756529331207275391e-01
4.771864414215087891e-01
4.799225330352783203e-01
4.752328395843505859e-01
4.739053249359130859e-01
4.796018600463867188e-01
4.781031608581542969e-01
5.845985412597656250e-01
5.894629955291748047e-01
4.795300960540771484e-01
4.733335971832275391e-01
6.081480979919433594e-01
4.798295497894287109e-01
5.264608860015869141e-01
5.268387794494628906e-01
5.765781402587890625e-01
4.766731262207031250e-01
5.372004508972167969e-01
5.772852897644042969e-01
4.748327732086181641e-01
4.761617183685302734e-01
4.781811237335205078e-01
4.769632816314697266e-01
5.330476760864257812e-01
4.789557456970214844e-01
5.359241962432861328e-01
5.841226577758789062e-01
4.716544151306152344e-01
5.419712066650390625e-01
5.789594650268554688e-01
4.713842868804931641e-01
4.762146472930908203e-01
4.766376018524169922e-01
4.742462635040283203e-01
5.288465023040771484e-01
5.290360450744628906e-01
4.785888195037841797e-01
5.341308116912841797e-01
5.284271240234375000e-01
4.748959541320800781e-01
4.777483940124511719e-01
4.795761108398437500e-01
4.794545173645019531e-01
4.759826660156250000e-01
4.813013076782226562e-01
5.295388698577880859e-01
4.774043560028076172e-01
4.777793884277343750e-01
4.745805263519287109e-01
4.742927551269531250e-01
5.778357982635498047e-01
5.825238227844238281e-01
4.787251949310302734e-01
4.824414253234863281e-01
4.782161712646484375e-01
5.312328338623046875e-01
5.366594791412353516e-01
4.794967174530029297e-01
4.788515567779541016e-01
4.806215763092041016e-01
4.812233448028564453e-01
4.834516048431396484e-01
4.796438217163085938e-01
5.283184051513671875e-01
4.762206077575683594e-01
4.706573486328125000e-01
4.759495258331298828e-01
4.728043079376220703e-01
4.815461635589599609e-01
5.703551769256591797e-01
5.194568634033203125e-01
4.937469959259033203e-01
5.742421150207519531e-01
4.776763916015625000e-01
4.762251377105712891e-01
5.392944812774658203e-01
4.780495166778564453e-01
4.829800128936767578e-01
4.818813800811767578e-01
4.804537296295166016e-01
4.845845699310302734e-01
4.794189929962158203e-01
4.821140766143798828e-01
4.864604473114013672e-01
5.962290763854980469e-01
4.859023094177246094e-01
4.867401123046875000e-01
5.405850410461425781e-01
4.815266132354736328e-01
4.799294471740722656e-01
5.841457843780517578e-01
5.854451656341552734e-01
4.780209064483642578e-01
4.826905727386474609e-01
5.272467136383056641e-01
5.838289260864257812e-01
4.814732074737548828e-01
4.768404960632324219e-01
4.767110347747802734e-01
4.792389869689941406e-01
5.233623981475830078e-01
4.704046249389648438e-01
4.734902381896972656e-01
4.752738475799560547e-01
5.568556785583496094e-01
4.754798412322998047e-01
5.263345241546630859e-01
4.730038642883300781e-01
4.711799621582031250e-01
4.795997142791748047e-01
4.838786125183105469e-01
4.744114875793457031e-01
4.801030158996582031e-01
4.780943393707275391e-01
4.734523296356201172e-01
5.415372848510742188e-01
4.876506328582763672e-01
4.921908378601074219e-01
5.434250831604003906e-01
5.371730327606201172e-01
4.871797561645507812e-01
4.883756637573242188e-01
5.541753768920898438e-01
4.863641262054443359e-01
5.478620529174804688e-01
5.071692466735839844e-01
4.859123229980468750e-01
4.861640930175781250e-01
4.862294197082519531e-01
4.847548007965087891e-01
