2.292916059494018555e+00
4.878106117248535156e-01
4.822149276733398438e-01
4.830369949340820312e-01
4.883499145507812500e-01
4.914309978485107422e-01
4.897511005401611328e-01
5.006091594696044922e-01
4.888186454772949219e-01
4.996297359466552734e-01
4.885144233703613281e-01
4.867572784423828125e-01
4.913794994354248047e-01
4.886169433593750000e-01
4.870123863220214844e-01
4.940493106842041016e-01
4.864897727966308594e-01
5.198228359222412109e-01
4.886927604675292969e-01
4.883666038513183594e-01
4.894270896911621094e-01
4.898958206176757812e-01
4.858920574188232422e-01
4.908704757690429688e-01
4.855580329895019531e-01
4.873125553131103516e-01
4.830498695373535156e-01
4.833862781524658203e-01
4.857039451599121094e-01
4.861392974853515625e-01
4.800181388854980469e-01
4.844441413879394531e-01
4.787001609802246094e-01
4.814782142639160156e-01
4.767553806304931641e-01
4.762508869171142578e-01
4.825046062469482422e-01
4.847860336303710938e-01
4.762613773345947266e-01
4.784178733825683594e-01
4.792222976684570312e-01
4.782280921936035156e-01
4.761710166931152344e-01
4.835236072540283203e-01
4.789638519287109375e-01
4.824721813201904297e-01
4.800341129302978516e-01
4.754581451416015625e-01
4.810087680816650391e-01
4.861180782318115234e-01
4.758067131042480469e-01
4.831299781799316406e-01
4.841158390045166016e-01
4.861009120941162109e-01
4.961373805999755859e-01
4.856445789337158203e-01
4.854207038879394531e-01
4.843935966491699219e-01
4.966866970062255859e-01
4.855685234069824219e-01
4.852001667022705078e-01
4.887032508850097656e-01
4.885759353637695312e-01
4.933762550354003906e-01
4.963951110839843750e-01
4.962100982666015625e-01
4.931471347808837891e-01
4.908432960510253906e-01
4.955022335052490234e-01
4.957325458526611328e-01
4.954917430877685547e-01
4.853854179382324219e-01
4.957845211029052734e-01
4.920601844787597656e-01
4.961891174316406250e-01
4.970693588256835938e-01
5.056834220886230469e-01
4.967234134674072266e-01
4.985523223876953125e-01
4.968597888946533203e-01
4.719669818878173828e-01
5.166378021240234375e-01
4.970951080322265625e-01
4.917299747467041016e-01
4.941322803497314453e-01
4.907970428466796875e-01
4.932441711425781250e-01
5.023019313812255859e-01
4.922840595245361328e-01
4.937021732330322266e-01
4.986720085144042969e-01
4.951663017272949219e-01
4.999451637268066406e-01
4.970374107360839844e-01
4.967863559722900391e-01
4.922707080841064453e-01
4.923536777496337891e-01
4.735906124114990234e-01
5.139093399047851562e-01
4.874582290649414062e-01
5.111835002899169922e-01
4.905171394348144531e-01
4.940292835235595703e-01
4.959757328033447266e-01
4.974400997161865234e-01
5.013866424560546875e-01
4.979376792907714844e-01
4.976143836975097656e-01
4.932565689086914062e-01
5.035204887390136719e-01
4.986138343811035156e-01
4.995958805084228516e-01
4.995670318603515625e-01
5.033361911773681641e-01
5.026507377624511719e-01
5.050218105316162109e-01
5.013723373413085938e-01
4.994494915008544922e-01
4.921443462371826172e-01
4.942157268524169922e-01
4.977469444274902344e-01
5.017685890197753906e-01
5.025937557220458984e-01
5.074768066406250000e-01
5.031597614288330078e-01
4.997005462646484375e-01
4.990222454071044922e-01
5.005040168762207031e-01
5.069584846496582031e-01
4.996170997619628906e-01
5.035111904144287109e-01
5.010495185852050781e-01
4.988822937011718750e-01
4.994473457336425781e-01
4.908545017242431641e-01
4.885766506195068359e-01
4.889132976531982422e-01
4.902031421661376953e-01
4.895646572113037109e-01
4.867377281188964844e-01
4.862172603607177734e-01
4.888122081756591797e-01
4.996402263641357422e-01
4.946813583374023438e-01
4.999568462371826172e-01
4.976358413696289062e-01
4.996402263641357422e-01
4.996979236602783203e-01
4.998466968536376953e-01
4.988477230072021484e-01
5.019702911376953125e-01
5.000784397125244141e-01
5.167756080627441406e-01
5.099327564239501953e-01
5.067632198333740234e-01
5.159776210784912109e-01
5.133106708526611328e-01
5.111172199249267578e-01
5.150072574615478516e-01
5.002601146697998047e-01
5.056807994842529297e-01
5.023636817932128906e-01
5.039095878601074219e-01
5.358829498291015625e-01
5.056095123291015625e-01
5.087425708770751953e-01
5.029234886169433594e-01
4.975090026855468750e-01
4.984300136566162109e-01
4.887137413024902344e-01
4.942352771759033203e-01
4.875440597534179688e-01
4.942226409912109375e-01
4.920167922973632812e-01
4.862844944000244141e-01
4.905631542205810547e-01
4.840369224548339844e-01
4.852738380432128906e-01
4.875731468200683594e-01
4.901773929595947266e-01
4.879560470581054688e-01
4.938316345214843750e-01
4.875359535217285156e-01
4.946472644805908203e-01
4.943618774414062500e-01
5.026793479919433594e-01
4.994120597839355469e-01
5.014226436614990234e-01
5.101866722106933594e-01
5.072264671325683594e-01
5.177552700042724609e-01
5.145256519317626953e-01
5.127329826354980469e-01
5.153534412384033203e-01
5.301475524902343750e-01
5.108428001403808594e-01
5.175113677978515625e-01
5.140049457550048828e-01
5.162022113800048828e-01
5.179429054260253906e-01
