2.167542457580566406e+00
4.634268283843994141e-01
5.155045986175537109e-01
4.687676429748535156e-01
5.692913532257080078e-01
4.653897285461425781e-01
4.681143760681152344e-01
4.699101448059082031e-01
5.722472667694091797e-01
4.708106517791748047e-01
4.710366725921630859e-01
4.683136940002441406e-01
4.740040302276611328e-01
4.739985466003417969e-01
5.697498321533203125e-01
4.715642929077148438e-01
4.710421562194824219e-01
4.677774906158447266e-01
4.736852645874023438e-01
4.699263572692871094e-01
5.709557533264160156e-01
4.715623855590820312e-01
4.693958759307861328e-01
4.703052043914794922e-01
4.693739414215087891e-01
4.715273380279541016e-01
4.686124324798583984e-01
4.822158813476562500e-01
4.729495048522949219e-01
4.693250656127929688e-01
4.657270908355712891e-01
4.643001556396484375e-01
5.670638084411621094e-01
4.689381122589111328e-01
5.191333293914794922e-01
5.647790431976318359e-01
4.698271751403808594e-01
5.167663097381591797e-01
5.204045772552490234e-01
4.672768115997314453e-01
5.167138576507568359e-01
4.685144424438476562e-01
5.192768573760986328e-01
4.639341831207275391e-01
5.683820247650146484e-01
4.683651924133300781e-01
5.668134689331054688e-01
4.710767269134521484e-01
5.702261924743652344e-01
4.689502716064453125e-01
4.644036293029785156e-01
4.695143699645996094e-01
4.651169776916503906e-01
4.679958820343017578e-01
4.832506179809570312e-01
4.665589332580566406e-01
4.686880111694335938e-01
4.762165546417236328e-01
4.736545085906982422e-01
4.754829406738281250e-01
5.182280540466308594e-01
5.817348957061767578e-01
4.729282855987548828e-01
5.831036567687988281e-01
4.749534130096435547e-01
4.767069816589355469e-01
4.763584136962890625e-01
4.768850803375244141e-01
5.328495502471923828e-01
5.834298133850097656e-01
4.774830341339111328e-01
5.312695503234863281e-01
5.423347949981689453e-01
4.782137870788574219e-01
5.818817615509033203e-01
5.864050388336181641e-01
5.877661705017089844e-01
4.758460521697998047e-01
5.003392696380615234e-01
5.892944335937500000e-01
5.744457244873046875e-01
4.905385971069335938e-01
4.738965034484863281e-01
4.763486385345458984e-01
4.701664447784423828e-01
4.728939533233642578e-01
4.754357337951660156e-01
5.272305011749267578e-01
4.792575836181640625e-01
5.785889625549316406e-01
4.744606018066406250e-01
5.797328948974609375e-01
4.767858982086181641e-01
4.752440452575683594e-01
5.830817222595214844e-01
5.283257961273193359e-01
4.769103527069091797e-01
5.191473960876464844e-01
4.895358085632324219e-01
4.717166423797607422e-01
4.709222316741943359e-01
5.741209983825683594e-01
4.776148796081542969e-01
4.791533946990966797e-01
4.818789958953857422e-01
5.341799259185791016e-01
5.286443233489990234e-01
5.265650749206542969e-01
4.820153713226318359e-01
5.847911834716796875e-01
4.774401187896728516e-01
5.892179012298583984e-01
5.848402976989746094e-01
5.867483615875244141e-01
4.799647331237792969e-01
5.374760627746582031e-01
5.298039913177490234e-01
5.270211696624755859e-01
4.753627777099609375e-01
4.729394912719726562e-01
4.774167537689208984e-01
4.790446758270263672e-01
5.814061164855957031e-01
4.790441989898681641e-01
4.790391921997070312e-01
4.776427745819091797e-01
4.828951358795166016e-01
4.800062179565429688e-01
5.809941291809082031e-01
4.785945415496826172e-01
4.795000553131103516e-01
5.830523967742919922e-01
5.732221603393554688e-01
5.254073143005371094e-01
4.763317108154296875e-01
4.715006351470947266e-01
4.715337753295898438e-01
4.736330509185791016e-01
4.825704097747802734e-01
4.750375747680664062e-01
4.760653972625732422e-01
5.735752582550048828e-01
4.749796390533447266e-01
5.322241783142089844e-01
5.353882312774658203e-01
5.307660102844238281e-01
4.853069782257080078e-01
5.885641574859619141e-01
4.790730476379394531e-01
4.839904308319091797e-01
4.806044101715087891e-01
5.380680561065673828e-01
5.404870510101318359e-01
5.911157131195068359e-01
4.860410690307617188e-01
5.426824092864990234e-01
4.971504211425781250e-01
4.824111461639404297e-01
5.918986797332763672e-01
5.882029533386230469e-01
4.812493324279785156e-01
4.841341972351074219e-01
4.797236919403076172e-01
5.886247158050537109e-01
4.855635166168212891e-01
4.777157306671142578e-01
5.297882556915283203e-01
5.774018764495849609e-01
5.738801956176757812e-01
4.744005203247070312e-01
4.727070331573486328e-01
5.714926719665527344e-01
4.732365608215332031e-01
4.798989295959472656e-01
4.908022880554199219e-01
4.729359149932861328e-01
4.861295223236083984e-01
5.761606693267822266e-01
5.737166404724121094e-01
5.237948894500732422e-01
5.289201736450195312e-01
4.725561141967773438e-01
4.749994277954101562e-01
5.760626792907714844e-01
5.790264606475830078e-01
4.776098728179931641e-01
4.870505332946777344e-01
4.844675064086914062e-01
4.878118038177490234e-01
5.420093536376953125e-01
4.905099868774414062e-01
4.990575313568115234e-01
4.915077686309814453e-01
4.905805587768554688e-01
4.902729988098144531e-01
5.484116077423095703e-01
6.008810997009277344e-01
5.991501808166503906e-01
4.890384674072265625e-01
5.406587123870849609e-01
