1.559645652770996094e+00
1.408074855804443359e+00
1.380067348480224609e+00
1.546779870986938477e+00
1.345584630966186523e+00
1.441074609756469727e+00
1.430217981338500977e+00
1.442454814910888672e+00
1.514155626296997070e+00
1.423116922378540039e+00
1.433565378189086914e+00
1.413180351257324219e+00
1.389258861541748047e+00
1.426261425018310547e+00
1.425510644912719727e+00
1.397555112838745117e+00
1.420366525650024414e+00
1.434767007827758789e+00
1.408229351043701172e+00
1.429002523422241211e+00
1.436738729476928711e+00
1.407814741134643555e+00
1.411677360534667969e+00
1.554544687271118164e+00
1.434511184692382812e+00
1.427295684814453125e+00
1.479531764984130859e+00
1.453847646713256836e+00
1.446188926696777344e+00
1.492519855499267578e+00
1.483751058578491211e+00
1.463368892669677734e+00
1.513010263442993164e+00
1.483250379562377930e+00
1.454836606979370117e+00
1.493298530578613281e+00
1.490554571151733398e+00
1.480930566787719727e+00
1.473144531250000000e+00
1.491359949111938477e+00
1.480365753173828125e+00
1.459458827972412109e+00
1.484757184982299805e+00
1.495598077774047852e+00
1.500854253768920898e+00
1.450451850891113281e+00
1.484682083129882812e+00
1.485643625259399414e+00
1.559164524078369141e+00
1.479356288909912109e+00
1.491502523422241211e+00
1.476531744003295898e+00
1.640850543975830078e+00
1.485275983810424805e+00
1.509512901306152344e+00
1.531878709793090820e+00
1.501523494720458984e+00
1.498519182205200195e+00
1.515112638473510742e+00
1.495422363281250000e+00
1.517126560211181641e+00
1.508782625198364258e+00
1.568879842758178711e+00
1.458334207534790039e+00
1.458569288253784180e+00
1.459160327911376953e+00
1.454425096511840820e+00
1.447949409484863281e+00
1.493469238281250000e+00
1.482926130294799805e+00
1.470912456512451172e+00
1.504301548004150391e+00
1.509554147720336914e+00
1.466839790344238281e+00
1.470765113830566406e+00
1.504594802856445312e+00
1.483560562133789062e+00
1.481797695159912109e+00
1.472877979278564453e+00
1.488369941711425781e+00
1.357828140258789062e+00
1.463038682937622070e+00
1.448107004165649414e+00
1.431389093399047852e+00
1.436452388763427734e+00
1.376692771911621094e+00
1.381300449371337891e+00
1.428813934326171875e+00
1.345476150512695312e+00
1.421533823013305664e+00
1.371826887130737305e+00
1.377034664154052734e+00
1.470569133758544922e+00
1.332026243209838867e+00
1.390399456024169922e+00
1.377609729766845703e+00
1.408782243728637695e+00
1.306957483291625977e+00
1.547574520111083984e+00
1.470040798187255859e+00
1.500443696975708008e+00
1.495758533477783203e+00
1.454113245010375977e+00
1.504259586334228516e+00
1.392989158630371094e+00
1.364767313003540039e+00
1.389157533645629883e+00
1.349919319152832031e+00
1.344383716583251953e+00
1.363672733306884766e+00
1.399091958999633789e+00
1.391367197036743164e+00
1.366353273391723633e+00
1.393564224243164062e+00
1.374930620193481445e+00
1.404716968536376953e+00
1.465020418167114258e+00
1.480079889297485352e+00
1.580111026763916016e+00
1.465523004531860352e+00
1.432883977890014648e+00
1.378186941146850586e+00
1.377177953720092773e+00
1.385417461395263672e+00
1.368803024291992188e+00
1.384001016616821289e+00
1.327596426010131836e+00
1.363717079162597656e+00
1.474550008773803711e+00
1.356213092803955078e+00
1.375151395797729492e+00
1.325503826141357422e+00
1.373033761978149414e+00
1.503256320953369141e+00
1.377843856811523438e+00
1.384571313858032227e+00
1.395840644836425781e+00
1.386670827865600586e+00
1.526141166687011719e+00
1.469046354293823242e+00
1.492690563201904297e+00
1.482826471328735352e+00
1.457586288452148438e+00
1.550757884979248047e+00
1.403407335281372070e+00
1.381409645080566406e+00
1.398774862289428711e+00
1.388021230697631836e+00
1.396565914154052734e+00
1.425885915756225586e+00
1.452897787094116211e+00
1.491953849792480469e+00
1.477700710296630859e+00
1.476349592208862305e+00
1.419950962066650391e+00
1.382435560226440430e+00
1.384425163269042969e+00
1.362477064132690430e+00
1.490119218826293945e+00
1.390079021453857422e+00
1.380974531173706055e+00
1.370250701904296875e+00
1.390261888504028320e+00
1.382310867309570312e+00
1.365736484527587891e+00
1.384390830993652344e+00
1.404131412506103516e+00
1.372536182403564453e+00
1.384345769882202148e+00
1.500985383987426758e+00
1.367730140686035156e+00
1.361985921859741211e+00
1.405601501464843750e+00
1.371537446975708008e+00
1.471652269363403320e+00
1.407624959945678711e+00
1.358348131179809570e+00
1.361496925354003906e+00
1.423125505447387695e+00
1.511376857757568359e+00
1.434480667114257812e+00
1.490285158157348633e+00
1.472208738327026367e+00
1.462565898895263672e+00
1.580610990524291992e+00
1.489654302597045898e+00
1.481812477111816406e+00
1.501261234283447266e+00
1.474926471710205078e+00
1.441163539886474609e+00
1.393601179122924805e+00
1.388884782791137695e+00
1.386621952056884766e+00
1.386055707931518555e+00
1.419968366622924805e+00
1.398881912231445312e+00
1.388663768768310547e+00
1.398631811141967773e+00
1.373890638351440430e+00
1.390191078186035156e+00
