2.263114213943481445e+00
4.874529838562011719e-01
4.838302135467529297e-01
4.833219051361083984e-01
4.860105514526367188e-01
4.850571155548095703e-01
4.873902797698974609e-01
4.833509922027587891e-01
4.865894317626953125e-01
4.825632572174072266e-01
4.850597381591796875e-01
4.860129356384277344e-01
4.894914627075195312e-01
4.866003990173339844e-01
4.872014522552490234e-01
4.895801544189453125e-01
4.862818717956542969e-01
4.898157119750976562e-01
4.876818656921386719e-01
5.047895908355712891e-01
4.918005466461181641e-01
5.106070041656494141e-01
4.960720539093017578e-01
4.840035438537597656e-01
4.859850406646728516e-01
4.845495223999023438e-01
4.802629947662353516e-01
4.840888977050781250e-01
4.846651554107666016e-01
4.811031818389892578e-01
4.806060791015625000e-01
4.810926914215087891e-01
4.780178070068359375e-01
4.823014736175537109e-01
4.795687198638916016e-01
4.800376892089843750e-01
4.892444610595703125e-01
4.823963642120361328e-01
4.872424602508544922e-01
4.773249626159667969e-01
4.799320697784423828e-01
4.777734279632568359e-01
4.761235713958740234e-01
4.814751148223876953e-01
4.793257713317871094e-01
4.849531650543212891e-01
4.795701503753662109e-01
5.644326210021972656e-01
4.811878204345703125e-01
4.825026988983154297e-01
4.781427383422851562e-01
4.835281372070312500e-01
4.888117313385009766e-01
4.874551296234130859e-01
4.830636978149414062e-01
4.860136508941650391e-01
4.864544868469238281e-01
4.859440326690673828e-01
4.858133792877197266e-01
4.861402511596679688e-01
4.843838214874267578e-01
4.908676147460937500e-01
4.881539344787597656e-01
4.922924041748046875e-01
4.992222785949707031e-01
4.977564811706542969e-01
4.917507171630859375e-01
4.898624420166015625e-01
4.893643856048583984e-01
4.937243461608886719e-01
4.959318637847900391e-01
4.879002571105957031e-01
4.926235675811767578e-01
4.910111427307128906e-01
5.000417232513427734e-01
4.988026618957519531e-01
4.991374015808105469e-01
4.993023872375488281e-01
4.970951080322265625e-01
4.975481033325195312e-01
4.744532108306884766e-01
5.177943706512451172e-01
5.224988460540771484e-01
4.916770458221435547e-01
4.930224418640136719e-01
4.897005558013916016e-01
4.915006160736083984e-01
4.958822727203369141e-01
4.911496639251708984e-01
4.938991069793701172e-01
5.020046234130859375e-01
4.947421550750732422e-01
4.989559650421142578e-01
4.955160617828369141e-01
4.978992938995361328e-01
4.955468177795410156e-01
4.921591281890869141e-01
4.763555526733398438e-01
5.240871906280517578e-01
4.883513450622558594e-01
4.885220527648925781e-01
4.938106536865234375e-01
4.962987899780273438e-01
5.066437721252441406e-01
4.971826076507568359e-01
5.016994476318359375e-01
4.963154792785644531e-01
4.980244636535644531e-01
4.946596622467041016e-01
5.044088363647460938e-01
5.016274452209472656e-01
4.988362789154052734e-01
4.970016479492187500e-01
5.186686515808105469e-01
5.135552883148193359e-01
5.046525001525878906e-01
5.025167465209960938e-01
5.021347999572753906e-01
4.889733791351318359e-01
4.919555187225341797e-01
4.961907863616943359e-01
5.085470676422119141e-01
4.997491836547851562e-01
5.033490657806396484e-01
5.019342899322509766e-01
4.975819587707519531e-01
5.101387500762939453e-01
4.940929412841796875e-01
5.058343410491943359e-01
5.088346004486083984e-01
5.077078342437744141e-01
4.995985031127929688e-01
5.028293132781982422e-01
4.951345920562744141e-01
4.898760318756103516e-01
4.884691238403320312e-01
4.899411201477050781e-01
4.870154857635498047e-01
4.866654872894287109e-01
4.837801456451416016e-01
4.829916954040527344e-01
4.865319728851318359e-01
4.935319423675537109e-01
4.919729232788085938e-01
4.950225353240966797e-01
4.978382587432861328e-01
4.932515621185302734e-01
4.979195594787597656e-01
5.003573894500732422e-01
4.982893466949462891e-01
4.972693920135498047e-01
4.985899925231933594e-01
4.954650402069091797e-01
5.044274330139160156e-01
5.110375881195068359e-01
5.115203857421875000e-01
5.161526203155517578e-01
5.391204357147216797e-01
5.050237178802490234e-01
5.120544433593750000e-01
5.050032138824462891e-01
4.985482692718505859e-01
5.002551078796386719e-01
5.025629997253417969e-01
5.018358230590820312e-01
5.157537460327148438e-01
5.007176399230957031e-01
4.945738315582275391e-01
4.931128025054931641e-01
4.891295433044433594e-01
4.912209510803222656e-01
4.859395027160644531e-01
4.900143146514892578e-01
4.901831150054931641e-01
4.835011959075927734e-01
4.884860515594482422e-01
4.837346076965332031e-01
4.974868297576904297e-01
4.867138862609863281e-01
4.856004714965820312e-01
4.973409175872802734e-01
4.877109527587890625e-01
4.836788177490234375e-01
4.929854869842529297e-01
4.941525459289550781e-01
4.978847503662109375e-01
4.991548061370849609e-01
4.999623298645019531e-01
5.077278614044189453e-01
5.049500465393066406e-01
5.180361270904541016e-01
5.188629627227783203e-01
5.104737281799316406e-01
5.110104084014892578e-01
5.071732997894287109e-01
5.123517513275146484e-01
5.138959884643554688e-01
5.133841037750244141e-01
5.146946907043457031e-01
5.156204700469970703e-01
