1.559654474258422852e+00
1.408060789108276367e+00
1.380051851272583008e+00
1.546790122985839844e+00
1.345589876174926758e+00
1.441082715988159180e+00
1.430224657058715820e+00
1.442454576492309570e+00
1.514137506484985352e+00
1.423120260238647461e+00
1.433571338653564453e+00
1.413179159164428711e+00
1.389244318008422852e+00
1.426266670227050781e+00
1.425526857376098633e+00
1.397540807723999023e+00
1.420348882675170898e+00
1.434766769409179688e+00
1.408229589462280273e+00
1.429004430770874023e+00
1.436713457107543945e+00
1.407798051834106445e+00
1.411677837371826172e+00
1.554558515548706055e+00
1.434499025344848633e+00
1.427296876907348633e+00
1.479544639587402344e+00
1.453825950622558594e+00
1.446201562881469727e+00
1.492506980895996094e+00
1.483760118484497070e+00
1.463368415832519531e+00
1.513016223907470703e+00
1.483248949050903320e+00
1.454839706420898438e+00
1.493296861648559570e+00
1.490547657012939453e+00
1.480921030044555664e+00
1.473094701766967773e+00
1.491343736648559570e+00
1.480371952056884766e+00
1.459451675415039062e+00
1.484752416610717773e+00
1.495588064193725586e+00
1.500873088836669922e+00
1.450443506240844727e+00
1.484677314758300781e+00
1.485642910003662109e+00
1.559145689010620117e+00
1.479339122772216797e+00
1.491504669189453125e+00
1.476548194885253906e+00
1.640831232070922852e+00
1.485279560089111328e+00
1.509494543075561523e+00
1.531858682632446289e+00
1.501505136489868164e+00
1.498535394668579102e+00
1.515119791030883789e+00
1.495413541793823242e+00
1.517127275466918945e+00
1.508786201477050781e+00
1.568857669830322266e+00
1.458332300186157227e+00
1.458537101745605469e+00
1.459169149398803711e+00
1.454391241073608398e+00
1.447950601577758789e+00
1.493456363677978516e+00
1.482919454574584961e+00
1.470900058746337891e+00
1.504281520843505859e+00
1.509540319442749023e+00
1.466837644577026367e+00
1.470749139785766602e+00
1.504609584808349609e+00
1.483561277389526367e+00
1.481797456741333008e+00
1.472861528396606445e+00
1.488376140594482422e+00
1.357843637466430664e+00
1.463042974472045898e+00
1.448107481002807617e+00
1.431391000747680664e+00
1.436443805694580078e+00
1.376680374145507812e+00
1.381309032440185547e+00
1.428818702697753906e+00
1.345461606979370117e+00
1.421524763107299805e+00
1.371830224990844727e+00
1.377033472061157227e+00
1.470554351806640625e+00
1.332040071487426758e+00
1.390387773513793945e+00
1.377603530883789062e+00
1.408783674240112305e+00
1.306968927383422852e+00
1.547596454620361328e+00
1.470042705535888672e+00
1.500428915023803711e+00
1.495736598968505859e+00
1.454104661941528320e+00
1.504241228103637695e+00
1.392988681793212891e+00
1.364751577377319336e+00
1.389152288436889648e+00
1.349905490875244141e+00
1.344375610351562500e+00
1.363656759262084961e+00
1.399095058441162109e+00
1.391361951828002930e+00
1.366348981857299805e+00
1.393565654754638672e+00
1.374935150146484375e+00
1.404714822769165039e+00
1.464999914169311523e+00
1.480067014694213867e+00
1.580100297927856445e+00
1.465530633926391602e+00
1.432857275009155273e+00
1.378194808959960938e+00
1.377187967300415039e+00
1.385419368743896484e+00
1.368788719177246094e+00
1.383979797363281250e+00
1.327594995498657227e+00
1.363714218139648438e+00
1.474534511566162109e+00
1.356190443038940430e+00
1.375141859054565430e+00
1.325504779815673828e+00
1.373009681701660156e+00
1.503238439559936523e+00
1.377829790115356445e+00
1.384569406509399414e+00
1.395843505859375000e+00
1.386651039123535156e+00
1.526140451431274414e+00
1.469055891036987305e+00
1.492685556411743164e+00
1.482809782028198242e+00
1.457570791244506836e+00
1.550749063491821289e+00
1.403391838073730469e+00
1.381395339965820312e+00
1.398760795593261719e+00
1.388023614883422852e+00
1.396550178527832031e+00
1.425868272781372070e+00
1.452887535095214844e+00
1.491950273513793945e+00
1.477679014205932617e+00
1.476330757141113281e+00
1.419961929321289062e+00
1.382444858551025391e+00
1.384442567825317383e+00
1.362480878829956055e+00
1.490114450454711914e+00
1.398839950561523438e+00
1.380980491638183594e+00
1.370251417160034180e+00
1.390250682830810547e+00
1.382286310195922852e+00
1.365734338760375977e+00
1.384394407272338867e+00
1.404138088226318359e+00
1.372536182403564453e+00
1.384330511093139648e+00
1.500971555709838867e+00
1.367733478546142578e+00
1.361983299255371094e+00
1.405598640441894531e+00
1.371520996093750000e+00
1.471654891967773438e+00
1.407638072967529297e+00
1.358344793319702148e+00
1.361484050750732422e+00
1.423088073730468750e+00
1.511386394500732422e+00
1.434479713439941406e+00
1.490276813507080078e+00
1.472178220748901367e+00
1.462574005126953125e+00
1.580583095550537109e+00
1.489633798599243164e+00
1.481797695159912109e+00
1.501265287399291992e+00
1.474913597106933594e+00
1.441159963607788086e+00
1.393585443496704102e+00
1.388877868652343750e+00
1.386599063873291016e+00
1.386033773422241211e+00
1.419978857040405273e+00
1.398868322372436523e+00
1.388650417327880859e+00
1.398641824722290039e+00
1.373876571655273438e+00
1.390188932418823242e+00
