2.117942571640014648e+00
4.672245979309082031e-01
4.689533710479736328e-01
5.662450790405273438e-01
4.678475856781005859e-01
5.676658153533935547e-01
5.679862499237060547e-01
5.697295665740966797e-01
4.697690010070800781e-01
4.661271572113037109e-01
5.732846260070800781e-01
5.674180984497070312e-01
4.696021080017089844e-01
4.670124053955078125e-01
4.667029380798339844e-01
4.688344001770019531e-01
4.684810638427734375e-01
4.684026241302490234e-01
5.721132755279541016e-01
4.735610485076904297e-01
4.682061672210693359e-01
5.700917243957519531e-01
5.686933994293212891e-01
5.251028537750244141e-01
4.730894565582275391e-01
5.718595981597900391e-01
4.698328971862792969e-01
4.697906970977783203e-01
4.645419120788574219e-01
4.662463665008544922e-01
5.654470920562744141e-01
4.641604423522949219e-01
4.650025367736816406e-01
4.704041481018066406e-01
4.680354595184326172e-01
4.661259651184082031e-01
5.137965679168701172e-01
5.234286785125732422e-01
4.653317928314208984e-01
5.604209899902343750e-01
4.674754142761230469e-01
4.656555652618408203e-01
4.665822982788085938e-01
4.692275524139404297e-01
4.696297645568847656e-01
4.701533317565917969e-01
4.675078392028808594e-01
5.690770149230957031e-01
4.698948860168457031e-01
5.218813419342041016e-01
5.161201953887939453e-01
4.687008857727050781e-01
4.686279296875000000e-01
4.696860313415527344e-01
4.705858230590820312e-01
5.671744346618652344e-01
5.726346969604492188e-01
5.163574218750000000e-01
5.198979377746582031e-01
4.737243652343750000e-01
5.241129398345947266e-01
4.725871086120605469e-01
4.749150276184082031e-01
4.771542549133300781e-01
4.778563976287841797e-01
4.738810062408447266e-01
4.747402667999267578e-01
4.759647846221923828e-01
4.752285480499267578e-01
4.749660491943359375e-01
5.268363952636718750e-01
4.916560649871826172e-01
4.798259735107421875e-01
5.485520362854003906e-01
4.751460552215576172e-01
4.812724590301513672e-01
4.796400070190429688e-01
4.788205623626708984e-01
4.834163188934326172e-01
4.784140586853027344e-01
4.776861667633056641e-01
4.969248771667480469e-01
5.768754482269287109e-01
4.750673770904541016e-01
4.719288349151611328e-01
4.756803512573242188e-01
5.840492248535156250e-01
4.761977195739746094e-01
4.745187759399414062e-01
4.739186763763427734e-01
5.800592899322509766e-01
4.772410392761230469e-01
5.843906402587890625e-01
4.770269393920898438e-01
4.735987186431884766e-01
4.834301471710205078e-01
4.791934490203857422e-01
5.206193923950195312e-01
5.460979938507080078e-01
4.701604843139648438e-01
4.739661216735839844e-01
4.729449748992919922e-01
4.770994186401367188e-01
4.739022254943847656e-01
4.756729602813720703e-01
4.812111854553222656e-01
5.337548255920410156e-01
4.774413108825683594e-01
4.779174327850341797e-01
4.788279533386230469e-01
4.875156879425048828e-01
4.784076213836669922e-01
4.812581539154052734e-01
4.782392978668212891e-01
4.803817272186279297e-01
4.818692207336425781e-01
4.775223731994628906e-01
5.240247249603271484e-01
5.735740661621093750e-01
4.736602306365966797e-01
4.760091304779052734e-01
4.784348011016845703e-01
4.818067550659179688e-01
4.819941520690917969e-01
4.817585945129394531e-01
5.305147171020507812e-01
4.777829647064208984e-01
4.802925586700439453e-01
4.787151813507080078e-01
4.796063899993896484e-01
4.816527366638183594e-01
4.793467521667480469e-01
4.782898426055908203e-01
4.764182567596435547e-01
5.715301036834716797e-01
4.738285541534423828e-01
4.741249084472656250e-01
5.714278221130371094e-01
5.671138763427734375e-01
4.707143306732177734e-01
4.734559059143066406e-01
4.739973545074462891e-01
4.750859737396240234e-01
5.253129005432128906e-01
5.269663333892822266e-01
4.792196750640869141e-01
5.359714031219482422e-01
4.827189445495605469e-01
4.935595989227294922e-01
4.810099601745605469e-01
5.840964317321777344e-01
5.302169322967529297e-01
4.815070629119873047e-01
4.812233448028564453e-01
4.870960712432861328e-01
4.865529537200927734e-01
5.951588153839111328e-01
4.840292930603027344e-01
4.803740978240966797e-01
4.814543724060058594e-01
4.815883636474609375e-01
4.854865074157714844e-01
5.827591419219970703e-01
4.830975532531738281e-01
4.831604957580566406e-01
4.796042442321777344e-01
4.798624515533447266e-01
4.755408763885498047e-01
4.738600254058837891e-01
5.704665184020996094e-01
4.729809761047363281e-01
4.716005325317382812e-01
5.870881080627441406e-01
4.745638370513916016e-01
4.727880954742431641e-01
4.740364551544189453e-01
5.212237834930419922e-01
4.708144664764404297e-01
4.729874134063720703e-01
4.715940952301025391e-01
4.729247093200683594e-01
5.259625911712646484e-01
5.253653526306152344e-01
4.713327884674072266e-01
4.746053218841552734e-01
4.806675910949707031e-01
5.377497673034667969e-01
4.851393699645996094e-01
5.315966606140136719e-01
4.816117286682128906e-01
5.499696731567382812e-01
4.904236793518066406e-01
4.944856166839599609e-01
5.424811840057373047e-01
4.937489032745361328e-01
4.918043613433837891e-01
4.868593215942382812e-01
4.893791675567626953e-01
5.975923538208007812e-01
4.883873462677001953e-01
