1.559657096862792969e+00
1.408068656921386719e+00
1.380063295364379883e+00
1.546774387359619141e+00
1.345583915710449219e+00
1.441080331802368164e+00
1.430220842361450195e+00
1.442453861236572266e+00
1.514156103134155273e+00
1.423120498657226562e+00
1.433570384979248047e+00
1.413180589675903320e+00
1.389258861541748047e+00
1.426268577575683594e+00
1.425506353378295898e+00
1.397554636001586914e+00
1.420367240905761719e+00
1.434767007827758789e+00
1.408222198486328125e+00
1.429002046585083008e+00
1.436737298965454102e+00
1.407818078994750977e+00
1.411681175231933594e+00
1.554548263549804688e+00
1.434506416320800781e+00
1.427289485931396484e+00
1.479532480239868164e+00
1.453841447830200195e+00
1.446188926696777344e+00
1.492515087127685547e+00
1.483742952346801758e+00
1.463366031646728516e+00
1.513009548187255859e+00
1.483253955841064453e+00
1.454844951629638672e+00
1.493297338485717773e+00
1.490549564361572266e+00
1.480928659439086914e+00
1.473141670227050781e+00
1.491353511810302734e+00
1.480368375778198242e+00
1.459458112716674805e+00
1.484758377075195312e+00
1.495589256286621094e+00
1.500860929489135742e+00
1.450444698333740234e+00
1.484691143035888672e+00
1.485644102096557617e+00
1.559157848358154297e+00
1.479349374771118164e+00
1.491504669189453125e+00
1.476530551910400391e+00
1.640842437744140625e+00
1.485277175903320312e+00
1.509506702423095703e+00
1.531870603561401367e+00
1.501516103744506836e+00
1.498521327972412109e+00
1.515105485916137695e+00
1.495421171188354492e+00
1.517135381698608398e+00
1.508788108825683594e+00
1.568876504898071289e+00
1.458334684371948242e+00
1.458567142486572266e+00
1.459154605865478516e+00
1.454420566558837891e+00
1.447952032089233398e+00
1.493468999862670898e+00
1.482922554016113281e+00
1.470906496047973633e+00
1.504295110702514648e+00
1.509541273117065430e+00
1.466837644577026367e+00
1.470760583877563477e+00
1.504587650299072266e+00
1.483562231063842773e+00
1.481781244277954102e+00
1.472877740859985352e+00
1.488364219665527344e+00
1.357827425003051758e+00
1.463040113449096680e+00
1.448104381561279297e+00
1.431387662887573242e+00
1.436449766159057617e+00
1.376689195632934570e+00
1.381296873092651367e+00
1.428817510604858398e+00
1.345468521118164062e+00
1.421534299850463867e+00
1.371819972991943359e+00
1.377028226852416992e+00
1.470563411712646484e+00
1.332025289535522461e+00
1.390392065048217773e+00
1.377602338790893555e+00
1.408777475357055664e+00
1.306954383850097656e+00
1.547573804855346680e+00
1.470038652420043945e+00
1.500435352325439453e+00
1.495753049850463867e+00
1.454106569290161133e+00
1.504259586334228516e+00
1.392983675003051758e+00
1.364760160446166992e+00
1.389153003692626953e+00
1.349916696548461914e+00
1.344382286071777344e+00
1.363665342330932617e+00
1.399096727371215820e+00
1.391363859176635742e+00
1.366345167160034180e+00
1.393553972244262695e+00
1.374924659729003906e+00
1.404705286026000977e+00
1.465006113052368164e+00
1.480075120925903320e+00
1.580108404159545898e+00
1.465517044067382812e+00
1.432882547378540039e+00
1.378180980682373047e+00
1.377174615859985352e+00
1.385408878326416016e+00
1.368797779083251953e+00
1.383990287780761719e+00
1.327594518661499023e+00
1.363716602325439453e+00
1.474545955657958984e+00
1.356208801269531250e+00
1.375154972076416016e+00
1.325504064559936523e+00
1.373024225234985352e+00
1.503248691558837891e+00
1.377841234207153320e+00
1.384570598602294922e+00
1.395833730697631836e+00
1.386668443679809570e+00
1.526136398315429688e+00
1.469042778015136719e+00
1.492684125900268555e+00
1.482819557189941406e+00
1.457580566406250000e+00
1.550749778747558594e+00
1.403401136398315430e+00
1.381406068801879883e+00
1.398766040802001953e+00
1.388012409210205078e+00
1.396559476852416992e+00
1.425876617431640625e+00
1.452895641326904297e+00
1.491955757141113281e+00
1.477692365646362305e+00
1.476352214813232422e+00
1.419945955276489258e+00
1.382438421249389648e+00
1.384430170059204102e+00
1.362472295761108398e+00
1.490123271942138672e+00
1.398830175399780273e+00
1.380948543548583984e+00
1.370250701904296875e+00
1.390257596969604492e+00
1.382302522659301758e+00
1.365731477737426758e+00
1.384390830993652344e+00
1.404117107391357422e+00
1.372535467147827148e+00
1.384338855743408203e+00
1.500976324081420898e+00
1.367730379104614258e+00
1.361985921859741211e+00
1.405583143234252930e+00
1.371530532836914062e+00
1.471646547317504883e+00
1.407618999481201172e+00
1.358347654342651367e+00
1.361488580703735352e+00
1.423112154006958008e+00
1.511373043060302734e+00
1.434476613998413086e+00
1.490286588668823242e+00
1.472203731536865234e+00
1.462567090988159180e+00
1.580601692199707031e+00
1.489651203155517578e+00
1.481806278228759766e+00
1.501255273818969727e+00
1.474922418594360352e+00
1.441162824630737305e+00
1.393595695495605469e+00
1.388876676559448242e+00
1.386615753173828125e+00
1.386046409606933594e+00
1.419964551925659180e+00
1.398873805999755859e+00
1.388658761978149414e+00
1.398629903793334961e+00
1.373882293701171875e+00
1.390185594558715820e+00
