2.244916200637817383e+00
5.733854770660400391e-01
4.882667064666748047e-01
4.663612842559814453e-01
4.676043987274169922e-01
4.669046401977539062e-01
4.670403003692626953e-01
4.682714939117431641e-01
4.698500633239746094e-01
4.653773307800292969e-01
4.716224670410156250e-01
4.690062999725341797e-01
4.689822196960449219e-01
4.715895652770996094e-01
4.695572853088378906e-01
4.683275222778320312e-01
5.291850566864013672e-01
4.684746265411376953e-01
4.692389965057373047e-01
4.730701446533203125e-01
4.686439037322998047e-01
4.695179462432861328e-01
4.703729152679443359e-01
4.697244167327880859e-01
5.213394165039062500e-01
4.681179523468017578e-01
4.685308933258056641e-01
4.682364463806152344e-01
4.645307064056396484e-01
4.641058444976806641e-01
4.655818939208984375e-01
4.629454612731933594e-01
4.646549224853515625e-01
4.722261428833007812e-01
4.713575839996337891e-01
4.651129245758056641e-01
4.640450477600097656e-01
4.715600013732910156e-01
5.143320560455322266e-01
4.619381427764892578e-01
5.129036903381347656e-01
4.658915996551513672e-01
4.667592048645019531e-01
4.674749374389648438e-01
4.706888198852539062e-01
5.663316249847412109e-01
4.666795730590820312e-01
4.691603183746337891e-01
4.666810035705566406e-01
5.135855674743652344e-01
4.678709506988525391e-01
4.690732955932617188e-01
4.645950794219970703e-01
4.686262607574462891e-01
4.715130329132080078e-01
4.666669368743896484e-01
4.678838253021240234e-01
4.695527553558349609e-01
5.250008106231689453e-01
4.721257686614990234e-01
4.715185165405273438e-01
4.719791412353515625e-01
4.755904674530029297e-01
4.752650260925292969e-01
4.741725921630859375e-01
4.773292541503906250e-01
4.760673046112060547e-01
4.751236438751220703e-01
5.298461914062500000e-01
4.755408763885498047e-01
5.348539352416992188e-01
4.775736331939697266e-01
4.752030372619628906e-01
5.311331748962402344e-01
4.740495681762695312e-01
4.774856567382812500e-01
4.777872562408447266e-01
4.750092029571533203e-01
4.758453369140625000e-01
4.780569076538085938e-01
4.731469154357910156e-01
4.896490573883056641e-01
4.743554592132568359e-01
4.729263782501220703e-01
4.721989631652832031e-01
4.696455001831054688e-01
4.719932079315185547e-01
4.754991531372070312e-01
4.790759086608886719e-01
4.759535789489746094e-01
4.746201038360595703e-01
4.765148162841796875e-01
4.769985675811767578e-01
4.753897190093994141e-01
4.749519824981689453e-01
4.774301052093505859e-01
4.773993492126464844e-01
4.702346324920654297e-01
4.864268302917480469e-01
4.733791351318359375e-01
4.749047756195068359e-01
4.703912734985351562e-01
5.760457515716552734e-01
4.739825725555419922e-01
5.302145481109619141e-01
4.767732620239257812e-01
4.794402122497558594e-01
4.765810966491699219e-01
4.762516021728515625e-01
4.780099391937255859e-01
5.380578041076660156e-01
4.769949913024902344e-01
4.808695316314697266e-01
4.753222465515136719e-01
5.770535469055175781e-01
4.822969436645507812e-01
4.779846668243408203e-01
4.755074977874755859e-01
4.737727642059326172e-01
5.217914581298828125e-01
4.733936786651611328e-01
4.763891696929931641e-01
4.776973724365234375e-01
5.346374511718750000e-01
4.782025814056396484e-01
4.767074584960937500e-01
4.799234867095947266e-01
5.319213867187500000e-01
4.774467945098876953e-01
4.794228076934814453e-01
4.809741973876953125e-01
4.786696434020996094e-01
4.785525798797607422e-01
4.743807315826416016e-01
4.742558002471923828e-01
4.723918437957763672e-01
5.202865600585937500e-01
4.709799289703369141e-01
4.717278480529785156e-01
4.705734252929687500e-01
4.699254035949707031e-01
4.798247814178466797e-01
4.738895893096923828e-01
4.764990806579589844e-01
4.776778221130371094e-01
4.788234233856201172e-01
4.794311523437500000e-01
4.823305606842041016e-01
4.797768592834472656e-01
4.799082279205322266e-01
4.831511974334716797e-01
4.790318012237548828e-01
4.790639877319335938e-01
4.825654029846191406e-01
4.831035137176513672e-01
4.878385066986083984e-01
4.917743206024169922e-01
4.855375289916992188e-01
4.828112125396728516e-01
4.838657379150390625e-01
4.801197052001953125e-01
4.798407554626464844e-01
4.781067371368408203e-01
4.801280498504638672e-01
4.808082580566406250e-01
4.792821407318115234e-01
4.793426990509033203e-01
4.762480258941650391e-01
4.720878601074218750e-01
4.730775356292724609e-01
4.692082405090332031e-01
4.694867134094238281e-01
4.789075851440429688e-01
4.763176441192626953e-01
4.713742733001708984e-01
5.706000328063964844e-01
4.730770587921142578e-01
4.721837043762207031e-01
4.718003273010253906e-01
5.237772464752197266e-01
4.770331382751464844e-01
4.711184501647949219e-01
4.749791622161865234e-01
4.703671932220458984e-01
4.723162651062011719e-01
4.783337116241455078e-01
4.850163459777832031e-01
5.846574306488037109e-01
4.849476814270019531e-01
4.863352775573730469e-01
5.410716533660888672e-01
5.460057258605957031e-01
5.405175685882568359e-01
4.884133338928222656e-01
4.925467967987060547e-01
5.371503829956054688e-01
4.898047447204589844e-01
4.896438121795654297e-01
4.897804260253906250e-01
5.458972454071044922e-01
