7.382595539093017578e-01
6.903314590454101562e-01
6.865675449371337891e-01
7.083745002746582031e-01
8.145558834075927734e-01
6.813573837280273438e-01
6.864278316497802734e-01
6.832644939422607422e-01
6.745512485504150391e-01
6.806440353393554688e-01
6.970767974853515625e-01
6.706261634826660156e-01
6.577374935150146484e-01
6.800034046173095703e-01
6.947326660156250000e-01
6.722109317779541016e-01
7.661225795745849609e-01
6.823632717132568359e-01
6.734921932220458984e-01
6.759088039398193359e-01
6.790676116943359375e-01
7.075521945953369141e-01
6.717436313629150391e-01
6.694927215576171875e-01
6.782495975494384766e-01
6.884315013885498047e-01
6.722419261932373047e-01
6.796681880950927734e-01
6.877913475036621094e-01
6.727960109710693359e-01
6.730585098266601562e-01
6.906189918518066406e-01
6.807506084442138672e-01
6.806025505065917969e-01
6.694924831390380859e-01
7.782700061798095703e-01
6.693980693817138672e-01
6.703598499298095703e-01
6.700339317321777344e-01
7.160937786102294922e-01
6.841433048248291016e-01
6.668667793273925781e-01
6.736352443695068359e-01
6.791937351226806641e-01
6.703901290893554688e-01
6.706552505493164062e-01
7.258288860321044922e-01
7.621386051177978516e-01
6.726477146148681641e-01
6.783504486083984375e-01
6.739957332611083984e-01
6.863298416137695312e-01
6.660065650939941406e-01
6.880948543548583984e-01
6.840224266052246094e-01
6.648380756378173828e-01
6.769692897796630859e-01
6.883637905120849609e-01
6.651155948638916016e-01
6.598737239837646484e-01
6.772594451904296875e-01
6.827108860015869141e-01
6.790614128112792969e-01
6.789994239807128906e-01
7.138502597808837891e-01
6.776227951049804688e-01
7.623045444488525391e-01
6.791088581085205078e-01
6.850390434265136719e-01
6.746447086334228516e-01
6.772792339324951172e-01
6.828525066375732422e-01
6.774263381958007812e-01
6.710898876190185547e-01
6.806941032409667969e-01
6.946649551391601562e-01
6.794164180755615234e-01
6.723122596740722656e-01
6.846108436584472656e-01
6.696598529815673828e-01
6.676940917968750000e-01
6.813607215881347656e-01
7.115013599395751953e-01
6.733984947204589844e-01
6.725218296051025391e-01
6.847467422485351562e-01
6.743774414062500000e-01
6.734220981597900391e-01
6.718168258666992188e-01
7.729167938232421875e-01
6.754946708679199219e-01
6.831154823303222656e-01
6.747071743011474609e-01
7.119388580322265625e-01
6.713111400604248047e-01
6.903538703918457031e-01
6.769101619720458984e-01
6.763973236083984375e-01
6.863188743591308594e-01
6.742968559265136719e-01
6.843683719635009766e-01
6.770520210266113281e-01
6.763770580291748047e-01
6.754579544067382812e-01
7.042794227600097656e-01
6.755669116973876953e-01
6.784136295318603516e-01
6.763119697570800781e-01
6.744744777679443359e-01
6.888778209686279297e-01
6.694114208221435547e-01
6.690249443054199219e-01
6.757664680480957031e-01
6.819689273834228516e-01
6.748819351196289062e-01
6.968283653259277344e-01
6.873228549957275391e-01
6.801562309265136719e-01
6.759331226348876953e-01
6.910526752471923828e-01
6.855006217956542969e-01
6.704523563385009766e-01
6.743798255920410156e-01
6.882915496826171875e-01
6.767330169677734375e-01
6.757793426513671875e-01
6.946370601654052734e-01
6.894571781158447266e-01
6.762664318084716797e-01
6.711130142211914062e-01
7.138087749481201172e-01
6.587741374969482422e-01
6.865112781524658203e-01
6.776759624481201172e-01
6.774756908416748047e-01
6.763010025024414062e-01
6.776745319366455078e-01
6.832647323608398438e-01
6.795828342437744141e-01
6.835293769836425781e-01
6.811904907226562500e-01
7.124795913696289062e-01
6.756472587585449219e-01
6.699426174163818359e-01
6.891212463378906250e-01
6.903064250946044922e-01
6.816134452819824219e-01
6.782295703887939453e-01
6.757190227508544922e-01
6.795401573181152344e-01
6.769828796386718750e-01
6.891090869903564453e-01
6.803841590881347656e-01
7.697193622589111328e-01
6.823086738586425781e-01
6.817560195922851562e-01
7.099640369415283203e-01
6.896858215332031250e-01
6.886177062988281250e-01
6.703824996948242188e-01
7.047526836395263672e-01
6.740591526031494141e-01
6.987297534942626953e-01
6.801185607910156250e-01
6.697766780853271484e-01
7.845299243927001953e-01
6.769022941589355469e-01
6.827204227447509766e-01
6.854197978973388672e-01
6.750214099884033203e-01
7.146725654602050781e-01
6.761460304260253906e-01
6.760430335998535156e-01
6.754128932952880859e-01
6.901888847351074219e-01
7.024955749511718750e-01
6.886897087097167969e-01
7.800076007843017578e-01
6.863138675689697266e-01
6.700525283813476562e-01
7.140877246856689453e-01
6.687626838684082031e-01
6.893672943115234375e-01
6.769702434539794922e-01
6.751396656036376953e-01
6.730711460113525391e-01
6.733467578887939453e-01
6.838512420654296875e-01
6.705088615417480469e-01
6.755325794219970703e-01
8.110997676849365234e-01
6.725535392761230469e-01
6.759529113769531250e-01
6.650087833404541016e-01
6.718602180480957031e-01
6.699116230010986328e-01
6.858413219451904297e-01
6.736433506011962891e-01
6.726317405700683594e-01
6.856036186218261719e-01
