3.640499830245971680e+00
1.037824153900146484e+00
1.035314798355102539e+00
1.132257699966430664e+00
1.087775468826293945e+00
1.154902935028076172e+00
1.158172369003295898e+00
1.072469711303710938e+00
1.068063020706176758e+00
1.055927515029907227e+00
1.060261249542236328e+00
1.071864128112792969e+00
1.138405084609985352e+00
1.065479040145874023e+00
1.083811283111572266e+00
1.070872545242309570e+00
1.060593128204345703e+00
1.065562725067138672e+00
1.076710939407348633e+00
1.070681095123291016e+00
1.061220407485961914e+00
1.065899610519409180e+00
1.072286128997802734e+00
1.063673496246337891e+00
1.076348304748535156e+00
1.080430030822753906e+00
1.074600458145141602e+00
1.084947347640991211e+00
1.067475318908691406e+00
1.128682613372802734e+00
1.070605278015136719e+00
1.065910100936889648e+00
1.079592227935791016e+00
1.073975324630737305e+00
1.064003467559814453e+00
1.071948528289794922e+00
1.078944683074951172e+00
1.088120222091674805e+00
1.069221019744873047e+00
1.075372457504272461e+00
1.100596427917480469e+00
1.067190170288085938e+00
1.074040412902832031e+00
1.080803394317626953e+00
1.126907587051391602e+00
1.089588642120361328e+00
1.075127601623535156e+00
1.080934286117553711e+00
1.083754301071166992e+00
1.073955535888671875e+00
1.079917669296264648e+00
1.082846641540527344e+00
1.072859764099121094e+00
1.076053142547607422e+00
1.083710670471191406e+00
1.080398321151733398e+00
1.074655055999755859e+00
1.084144830703735352e+00
1.080954790115356445e+00
1.070903301239013672e+00
1.075614690780639648e+00
1.097624778747558594e+00
1.084024190902709961e+00
1.076491117477416992e+00
1.175445556640625000e+00
1.087493896484375000e+00
1.075409173965454102e+00
1.079534530639648438e+00
1.089256048202514648e+00
1.081977128982543945e+00
1.073827981948852539e+00
1.082482337951660156e+00
1.088396310806274414e+00
1.083462476730346680e+00
1.070363998413085938e+00
1.081204175949096680e+00
1.129151582717895508e+00
1.152121782302856445e+00
1.079351663589477539e+00
1.134232759475708008e+00
1.235071420669555664e+00
1.074905872344970703e+00
1.150685310363769531e+00
1.180297613143920898e+00
1.267167091369628906e+00
1.170744895935058594e+00
1.097337484359741211e+00
1.183435201644897461e+00
1.261086702346801758e+00
1.175509452819824219e+00
1.088298559188842773e+00
1.087678670883178711e+00
1.078084945678710938e+00
1.083745241165161133e+00
1.186480760574340820e+00
1.078094720840454102e+00
1.078094244003295898e+00
1.093776702880859375e+00
1.237550258636474609e+00
1.077884674072265625e+00
1.078931808471679688e+00
1.144170999526977539e+00
1.092420101165771484e+00
1.174552202224731445e+00
1.273306846618652344e+00
1.281012058258056641e+00
1.184781789779663086e+00
1.082695484161376953e+00
1.282047748565673828e+00
1.263974905014038086e+00
1.166262388229370117e+00
1.085216283798217773e+00
1.094800472259521484e+00
1.115437269210815430e+00
1.135284185409545898e+00
1.090826034545898438e+00
1.097799301147460938e+00
1.115098237991333008e+00
1.136270523071289062e+00
1.092395305633544922e+00
1.145499944686889648e+00
1.083563804626464844e+00
1.085383653640747070e+00
1.095986843109130859e+00
1.091523647308349609e+00
1.174929141998291016e+00
1.178520917892456055e+00
1.092839717864990234e+00
1.093071699142456055e+00
1.131348848342895508e+00
1.092732191085815430e+00
1.141743421554565430e+00
1.109884023666381836e+00
1.089415311813354492e+00
1.139484167098999023e+00
1.285470485687255859e+00
1.232763290405273438e+00
1.085253715515136719e+00
1.096549987792968750e+00
1.096565723419189453e+00
1.082309961318969727e+00
1.087638616561889648e+00
1.170493841171264648e+00
1.085402250289916992e+00
1.082213163375854492e+00
1.143619060516357422e+00
1.091932058334350586e+00
1.098479032516479492e+00
1.085381507873535156e+00
1.141702651977539062e+00
1.282881259918212891e+00
1.161122560501098633e+00
1.085720300674438477e+00
1.101297378540039062e+00
1.093041658401489258e+00
1.156660556793212891e+00
1.143133401870727539e+00
1.099974870681762695e+00
1.090499162673950195e+00
1.083823442459106445e+00
1.102980136871337891e+00
1.101773500442504883e+00
1.132919549942016602e+00
1.208389282226562500e+00
1.176918745040893555e+00
1.089967250823974609e+00
1.156500339508056641e+00
1.092706441879272461e+00
1.088300704956054688e+00
1.125675439834594727e+00
1.091169834136962891e+00
1.090976238250732422e+00
1.083676576614379883e+00
1.130941390991210938e+00
1.289441823959350586e+00
1.266358852386474609e+00
1.221237182617187500e+00
1.090994834899902344e+00
1.138051033020019531e+00
1.075483560562133789e+00
1.133105278015136719e+00
1.159353256225585938e+00
1.076486587524414062e+00
1.115891695022583008e+00
1.231091499328613281e+00
1.097562789916992188e+00
1.072488069534301758e+00
1.086668729782104492e+00
1.086241722106933594e+00
1.078265428543090820e+00
1.126598596572875977e+00
1.162179708480834961e+00
1.079262018203735352e+00
1.072020769119262695e+00
1.086091518402099609e+00
1.085641622543334961e+00
1.077728509902954102e+00
1.140909910202026367e+00
1.270151376724243164e+00
1.224899053573608398e+00
