3.627995967864990234e+00
1.039560556411743164e+00
1.036483049392700195e+00
1.208015441894531250e+00
1.088035583496093750e+00
1.063683986663818359e+00
1.063222885131835938e+00
1.073653936386108398e+00
1.174851655960083008e+00
1.251777172088623047e+00
1.162956953048706055e+00
1.272095203399658203e+00
1.065099000930786133e+00
1.253051996231079102e+00
1.074050188064575195e+00
1.078341245651245117e+00
1.136465311050415039e+00
1.080429315567016602e+00
1.081652641296386719e+00
1.146032094955444336e+00
1.068665981292724609e+00
1.071124553680419922e+00
1.183929681777954102e+00
1.071410655975341797e+00
1.257697820663452148e+00
1.076661586761474609e+00
1.079178810119628906e+00
1.136407136917114258e+00
1.072489976882934570e+00
1.203690290451049805e+00
1.079846143722534180e+00
1.165021419525146484e+00
1.166334390640258789e+00
1.079858303070068359e+00
1.069685459136962891e+00
1.146561622619628906e+00
1.189595460891723633e+00
1.179156780242919922e+00
1.163764715194702148e+00
1.144459486007690430e+00
1.156041145324707031e+00
1.072513580322265625e+00
1.259725809097290039e+00
1.085556030273437500e+00
1.090317964553833008e+00
1.075960159301757812e+00
1.173309087753295898e+00
1.092947483062744141e+00
1.075218677520751953e+00
1.076719045639038086e+00
1.079505681991577148e+00
1.088333606719970703e+00
1.075397729873657227e+00
1.172894954681396484e+00
1.191053390502929688e+00
1.177726984024047852e+00
1.265872955322265625e+00
1.080240726470947266e+00
1.285222530364990234e+00
1.171017646789550781e+00
1.172513246536254883e+00
1.093339920043945312e+00
1.085974931716918945e+00
1.080423116683959961e+00
1.082366466522216797e+00
1.091840267181396484e+00
1.267772674560546875e+00
1.154569625854492188e+00
1.086815357208251953e+00
1.287603616714477539e+00
1.170903444290161133e+00
1.272758722305297852e+00
1.287834405899047852e+00
1.183556079864501953e+00
1.268606424331665039e+00
1.087599992752075195e+00
1.187632799148559570e+00
1.077934980392456055e+00
1.081993103027343750e+00
1.092446565628051758e+00
1.091503381729125977e+00
1.267386674880981445e+00
1.084632635116577148e+00
1.099266767501831055e+00
1.082834482192993164e+00
1.083667755126953125e+00
1.181558370590209961e+00
1.095702171325683594e+00
1.081831455230712891e+00
1.085216283798217773e+00
1.096846818923950195e+00
1.095554590225219727e+00
1.087112665176391602e+00
1.179115056991577148e+00
1.101314306259155273e+00
1.084594964981079102e+00
1.089253664016723633e+00
1.090098857879638672e+00
1.100244283676147461e+00
1.087223529815673828e+00
1.271362781524658203e+00
1.101200819015502930e+00
1.193781137466430664e+00
1.083260297775268555e+00
1.086586713790893555e+00
1.102200031280517578e+00
1.164827108383178711e+00
1.177123308181762695e+00
1.087072610855102539e+00
1.100853681564331055e+00
1.105824947357177734e+00
1.274995565414428711e+00
1.193058490753173828e+00
1.104939699172973633e+00
1.180605649948120117e+00
1.185769081115722656e+00
1.105786085128784180e+00
1.261459827423095703e+00
1.087379217147827148e+00
1.217766523361206055e+00
1.114050865173339844e+00
1.246105909347534180e+00
1.204719781875610352e+00
1.288445711135864258e+00
1.289884567260742188e+00
1.109784364700317383e+00
1.087544202804565430e+00
1.298022747039794922e+00
1.191425323486328125e+00
1.116374731063842773e+00
1.219100475311279297e+00
1.198948144912719727e+00
1.272831439971923828e+00
1.269495248794555664e+00
1.096391677856445312e+00
1.100207328796386719e+00
1.087430953979492188e+00
1.192401885986328125e+00
1.114356279373168945e+00
1.194340467453002930e+00
1.092924356460571289e+00
1.088077545166015625e+00
1.099569320678710938e+00
1.096763610839843750e+00
1.278056144714355469e+00
1.216332197189331055e+00
1.295964956283569336e+00
1.090524673461914062e+00
1.180808067321777344e+00
1.186188459396362305e+00
1.097396135330200195e+00
1.179654121398925781e+00
1.153883218765258789e+00
1.106777429580688477e+00
1.107260942459106445e+00
1.094529628753662109e+00
1.090745925903320312e+00
1.200169563293457031e+00
1.224903106689453125e+00
1.085184335708618164e+00
1.094545125961303711e+00
1.111769437789916992e+00
1.126662254333496094e+00
1.132749557495117188e+00
1.122581243515014648e+00
1.200335264205932617e+00
1.086770296096801758e+00
1.184079170227050781e+00
1.097394704818725586e+00
1.205918788909912109e+00
1.212327957153320312e+00
1.104039669036865234e+00
1.103231906890869141e+00
1.221982717514038086e+00
1.121680021286010742e+00
1.113396167755126953e+00
1.092474460601806641e+00
1.152470350265502930e+00
1.104701757431030273e+00
1.097359657287597656e+00
1.188386440277099609e+00
1.200580596923828125e+00
1.091734409332275391e+00
1.185056447982788086e+00
1.101524829864501953e+00
1.197073936462402344e+00
1.184000253677368164e+00
1.089423179626464844e+00
1.105842351913452148e+00
1.090203285217285156e+00
1.189108371734619141e+00
1.192588090896606445e+00
1.209225177764892578e+00
1.218283653259277344e+00
1.103726625442504883e+00
1.102568626403808594e+00
1.271325826644897461e+00
1.200151443481445312e+00
1.113281488418579102e+00
1.088417530059814453e+00
