3.610410928726196289e+00
1.020822048187255859e+00
1.023054838180541992e+00
1.048207521438598633e+00
1.073534965515136719e+00
1.047951698303222656e+00
1.046277761459350586e+00
1.053428888320922852e+00
1.057252168655395508e+00
1.049555540084838867e+00
1.056338310241699219e+00
1.060696840286254883e+00
1.054385900497436523e+00
1.060113430023193359e+00
1.067692041397094727e+00
1.060262680053710938e+00
1.053878307342529297e+00
1.073516607284545898e+00
1.068253040313720703e+00
1.065522432327270508e+00
1.059227705001831055e+00
1.062420368194580078e+00
1.078632831573486328e+00
1.063070058822631836e+00
1.061909914016723633e+00
1.067730188369750977e+00
1.064311742782592773e+00
1.059425830841064453e+00
1.064487457275390625e+00
1.072076320648193359e+00
1.067258358001708984e+00
1.058941364288330078e+00
1.075645446777343750e+00
1.070913076400756836e+00
1.063986539840698242e+00
1.064048767089843750e+00
1.069259643554687500e+00
1.073213338851928711e+00
1.063941717147827148e+00
1.068599700927734375e+00
1.086402654647827148e+00
1.069142818450927734e+00
1.065090417861938477e+00
1.075560092926025391e+00
1.068763494491577148e+00
1.066184997558593750e+00
1.065325498580932617e+00
1.072904348373413086e+00
1.062545299530029297e+00
1.062649011611938477e+00
1.080700159072875977e+00
1.075774669647216797e+00
1.068808317184448242e+00
1.069731235504150391e+00
1.074323892593383789e+00
1.075346231460571289e+00
1.071522235870361328e+00
1.078843832015991211e+00
1.073294162750244141e+00
1.077369213104248047e+00
1.068206310272216797e+00
1.077463865280151367e+00
1.077792644500732422e+00
1.073005437850952148e+00
1.072412252426147461e+00
1.076648235321044922e+00
1.077845811843872070e+00
1.073529243469238281e+00
1.081510782241821289e+00
1.083599567413330078e+00
1.074148178100585938e+00
1.072781085968017578e+00
1.081655979156494141e+00
1.080077409744262695e+00
1.073784351348876953e+00
1.089588880538940430e+00
1.100916147232055664e+00
1.074116706848144531e+00
1.071228265762329102e+00
1.079108476638793945e+00
1.079757213592529297e+00
1.067986488342285156e+00
1.072627067565917969e+00
1.086824417114257812e+00
1.075385332107543945e+00
1.070473194122314453e+00
1.081057071685791016e+00
1.079879760742187500e+00
1.076402902603149414e+00
1.077152729034423828e+00
1.085335254669189453e+00
1.082274436950683594e+00
1.073411703109741211e+00
1.074204206466674805e+00
1.091500043869018555e+00
1.078940391540527344e+00
1.077542781829833984e+00
1.087162017822265625e+00
1.083656311035156250e+00
1.072113037109375000e+00
1.075488567352294922e+00
1.088683843612670898e+00
1.085019588470458984e+00
1.077104330062866211e+00
1.086208343505859375e+00
1.083808898925781250e+00
1.081928253173828125e+00
1.073657035827636719e+00
1.086740970611572266e+00
1.086763858795166016e+00
1.076974630355834961e+00
1.077093601226806641e+00
1.087835550308227539e+00
1.086727142333984375e+00
1.081770181655883789e+00
1.081546545028686523e+00
1.083005666732788086e+00
1.084007978439331055e+00
1.074834823608398438e+00
1.083728313446044922e+00
1.082568645477294922e+00
1.075914621353149414e+00
1.102054119110107422e+00
1.085782766342163086e+00
1.085742473602294922e+00
1.080804347991943359e+00
1.079471588134765625e+00
1.085638523101806641e+00
1.083080053329467773e+00
1.105271816253662109e+00
1.082373142242431641e+00
1.086172103881835938e+00
1.087898969650268555e+00
1.089965820312500000e+00
1.086961984634399414e+00
1.083852052688598633e+00
1.080659151077270508e+00
1.080476522445678711e+00
1.091484308242797852e+00
1.101419448852539062e+00
1.093610286712646484e+00
1.090572834014892578e+00
1.084742784500122070e+00
1.083218097686767578e+00
1.077342033386230469e+00
1.084079980850219727e+00
1.084973335266113281e+00
1.082600116729736328e+00
1.082785367965698242e+00
1.094537496566772461e+00
1.084692955017089844e+00
1.107052087783813477e+00
1.084631443023681641e+00
1.087421178817749023e+00
1.083307981491088867e+00
1.076335191726684570e+00
1.086499214172363281e+00
1.104425668716430664e+00
1.086102962493896484e+00
1.081202745437622070e+00
1.088680267333984375e+00
1.089535474777221680e+00
1.112459897994995117e+00
1.107041835784912109e+00
1.090691566467285156e+00
1.089067220687866211e+00
1.090914726257324219e+00
1.090308666229248047e+00
1.087320327758789062e+00
1.079029321670532227e+00
1.078377485275268555e+00
1.101547479629516602e+00
1.080694437026977539e+00
1.097755908966064453e+00
1.105264186859130859e+00
1.099560976028442383e+00
1.085208654403686523e+00
1.085389614105224609e+00
1.088430881500244141e+00
1.091905593872070312e+00
1.088844776153564453e+00
1.091416358947753906e+00
1.077608823776245117e+00
1.101793050765991211e+00
1.090389013290405273e+00
1.083753108978271484e+00
1.080756664276123047e+00
1.092510700225830078e+00
1.087998151779174805e+00
1.078847408294677734e+00
1.080067873001098633e+00
1.088500976562500000e+00
1.080717563629150391e+00
1.083493709564208984e+00
1.087287664413452148e+00
1.094551324844360352e+00
1.083115577697753906e+00
1.106814384460449219e+00
1.105958223342895508e+00
1.096685409545898438e+00
