3.616757631301879883e+00
1.022075891494750977e+00
1.019778251647949219e+00
1.048063516616821289e+00
1.065040111541748047e+00
1.046145677566528320e+00
1.043082475662231445e+00
1.055691480636596680e+00
1.054948329925537109e+00
1.042559385299682617e+00
1.051044225692749023e+00
1.068390130996704102e+00
1.052076339721679688e+00
1.048577070236206055e+00
1.047538042068481445e+00
1.053359031677246094e+00
1.052801370620727539e+00
1.050791740417480469e+00
1.059211730957031250e+00
1.062705039978027344e+00
1.053479194641113281e+00
1.058841705322265625e+00
1.063999891281127930e+00
1.052372217178344727e+00
1.050589799880981445e+00
1.057314157485961914e+00
1.065367460250854492e+00
1.052718162536621094e+00
1.049510478973388672e+00
1.060820102691650391e+00
1.064731836318969727e+00
1.051606893539428711e+00
1.054703235626220703e+00
1.060726881027221680e+00
1.055574178695678711e+00
1.051834344863891602e+00
1.065077781677246094e+00
1.063069581985473633e+00
1.049530982971191406e+00
1.056602716445922852e+00
1.067465066909790039e+00
1.054066419601440430e+00
1.054704427719116211e+00
1.071665525436401367e+00
1.075296401977539062e+00
1.055849313735961914e+00
1.058445930480957031e+00
1.066728591918945312e+00
1.056765317916870117e+00
1.050725698471069336e+00
1.048781871795654297e+00
1.060744762420654297e+00
1.046424627304077148e+00
1.043999195098876953e+00
1.058750629425048828e+00
1.055353164672851562e+00
1.045277595520019531e+00
1.053974628448486328e+00
1.064030885696411133e+00
1.053254604339599609e+00
1.051897287368774414e+00
1.058349132537841797e+00
1.066768407821655273e+00
1.053442001342773438e+00
1.056073188781738281e+00
1.064464807510375977e+00
1.054816961288452148e+00
1.053725957870483398e+00
1.054733753204345703e+00
1.066679477691650391e+00
1.048253774642944336e+00
1.052236318588256836e+00
1.067359685897827148e+00
1.061825275421142578e+00
1.047238111495971680e+00
1.052372455596923828e+00
1.069543361663818359e+00
1.051243782043457031e+00
1.050498485565185547e+00
1.062458276748657227e+00
1.064313650131225586e+00
1.054294824600219727e+00
1.053265094757080078e+00
1.065688133239746094e+00
1.074367761611938477e+00
1.057844400405883789e+00
1.060035943984985352e+00
1.073012590408325195e+00
1.057677745819091797e+00
1.055629491806030273e+00
1.076211452484130859e+00
1.074575901031494141e+00
1.063091993331909180e+00
1.055835247039794922e+00
1.069733858108520508e+00
1.058345556259155273e+00
1.053544282913208008e+00
1.055775642395019531e+00
1.072986841201782227e+00
1.063021183013916016e+00
1.059954404830932617e+00
1.086814165115356445e+00
1.067106008529663086e+00
1.055591583251953125e+00
1.059106826782226562e+00
1.073283672332763672e+00
1.070223093032836914e+00
1.055966854095458984e+00
1.060085296630859375e+00
1.075718402862548828e+00
1.069385290145874023e+00
1.055221557617187500e+00
1.063456535339355469e+00
1.075551748275756836e+00
1.069126367568969727e+00
1.054039955139160156e+00
1.067805051803588867e+00
1.073129415512084961e+00
1.057080745697021484e+00
1.057245016098022461e+00
1.068720102310180664e+00
1.056784391403198242e+00
1.056138515472412109e+00
1.064721584320068359e+00
1.072849750518798828e+00
1.057049751281738281e+00
1.054003715515136719e+00
1.070043802261352539e+00
1.067551136016845703e+00
1.054555654525756836e+00
1.056731462478637695e+00
1.074808359146118164e+00
1.059788465499877930e+00
1.055250406265258789e+00
1.058151960372924805e+00
1.068721532821655273e+00
1.063573837280273438e+00
1.056850671768188477e+00
1.066828727722167969e+00
1.061349868774414062e+00
1.054481744766235352e+00
1.050889492034912109e+00
1.067322254180908203e+00
1.060513019561767578e+00
1.046994924545288086e+00
1.051435470581054688e+00
1.069498777389526367e+00
1.048591136932373047e+00
1.051823377609252930e+00
1.055494785308837891e+00
1.066155910491943359e+00
1.054632663726806641e+00
1.051932096481323242e+00
1.057493686676025391e+00
1.056273221969604492e+00
1.042461872100830078e+00
1.046335935592651367e+00
1.073895692825317383e+00
1.061803340911865234e+00
1.050093412399291992e+00
1.055709838867187500e+00
1.059053182601928711e+00
1.085102558135986328e+00
1.088039159774780273e+00
1.049364805221557617e+00
1.060046672821044922e+00
1.039124250411987305e+00
1.049526453018188477e+00
1.057302951812744141e+00
1.048170089721679688e+00
1.040300369262695312e+00
1.066138744354248047e+00
1.047485589981079102e+00
1.060333251953125000e+00
1.076409101486206055e+00
1.071688890457153320e+00
1.047031641006469727e+00
1.046878814697265625e+00
1.060706615447998047e+00
1.040101528167724609e+00
1.047597408294677734e+00
1.061115503311157227e+00
1.044718742370605469e+00
1.042519092559814453e+00
1.058412790298461914e+00
1.056035041809082031e+00
1.045361757278442383e+00
1.044621944427490234e+00
1.057881832122802734e+00
1.044838428497314453e+00
1.045407295227050781e+00
1.060855627059936523e+00
1.046615362167358398e+00
1.050255060195922852e+00
1.054349422454833984e+00
1.060915231704711914e+00
1.040689229965209961e+00
1.050953865051269531e+00
1.060556173324584961e+00
1.046124696731567383e+00
