7.382590770721435547e-01
6.903190612792968750e-01
6.865611076354980469e-01
7.083606719970703125e-01
8.145573139190673828e-01
6.813511848449707031e-01
6.864180564880371094e-01
6.832280158996582031e-01
6.745388507843017578e-01
6.806361675262451172e-01
6.970691680908203125e-01
6.706225872039794922e-01
6.577343940734863281e-01
6.799972057342529297e-01
6.947321891784667969e-01
6.722056865692138672e-01
7.661163806915283203e-01
6.823537349700927734e-01
6.734926700592041016e-01
6.759033203125000000e-01
6.790666580200195312e-01
7.075471878051757812e-01
6.717379093170166016e-01
6.694884300231933594e-01
6.782479286193847656e-01
6.884198188781738281e-01
6.722350120544433594e-01
6.796393394470214844e-01
6.877920627593994141e-01
6.727883815765380859e-01
6.730501651763916016e-01
6.905868053436279297e-01
6.807391643524169922e-01
6.805973052978515625e-01
6.694931983947753906e-01
7.782676219940185547e-01
6.693863868713378906e-01
6.703584194183349609e-01
6.700334548950195312e-01
7.160942554473876953e-01
6.841418743133544922e-01
6.668653488159179688e-01
6.736154556274414062e-01
6.791934967041015625e-01
6.703810691833496094e-01
6.706547737121582031e-01
7.258038520812988281e-01
7.621331214904785156e-01
6.726369857788085938e-01
6.783399581909179688e-01
6.739881038665771484e-01
6.863319873809814453e-01
6.660046577453613281e-01
6.881034374237060547e-01
6.840171813964843750e-01
6.648330688476562500e-01
6.769640445709228516e-01
6.883590221405029297e-01
6.651129722595214844e-01
6.598699092864990234e-01
6.772584915161132812e-01
6.827092170715332031e-01
6.790568828582763672e-01
6.789934635162353516e-01
7.138431072235107422e-01
6.776175498962402344e-01
7.623074054718017578e-01
6.791067123413085938e-01
6.850209236145019531e-01
6.746432781219482422e-01
6.772770881652832031e-01
6.828405857086181641e-01
6.774196624755859375e-01
6.710889339447021484e-01
6.806771755218505859e-01
6.946406364440917969e-01
6.794126033782958984e-01
6.723098754882812500e-01
6.846089363098144531e-01
6.696567535400390625e-01
6.676893234252929688e-01
6.813623905181884766e-01
7.114896774291992188e-01
6.733973026275634766e-01
6.725180149078369141e-01
6.847267150878906250e-01
6.743710041046142578e-01
6.734285354614257812e-01
6.718113422393798828e-01
7.729029655456542969e-01
6.754879951477050781e-01
6.831104755401611328e-01
6.747045516967773438e-01
7.119357585906982422e-01
6.713123321533203125e-01
6.903421878814697266e-01
6.769075393676757812e-01
6.763904094696044922e-01
6.863248348236083984e-01
6.743006706237792969e-01
6.843574047088623047e-01
6.770489215850830078e-01
6.763708591461181641e-01
6.754574775695800781e-01
7.042751312255859375e-01
6.755659580230712891e-01
6.783876419067382812e-01
6.763074398040771484e-01
6.744749546051025391e-01
6.888692378997802734e-01
6.694018840789794922e-01
6.690204143524169922e-01
6.757645606994628906e-01
6.819651126861572266e-01
6.748762130737304688e-01
6.968309879302978516e-01
6.873157024383544922e-01
6.801536083221435547e-01
6.759316921234130859e-01
6.910488605499267578e-01
6.854984760284423828e-01
6.704499721527099609e-01
6.743776798248291016e-01
6.882815361022949219e-01
6.767268180847167969e-01
6.757740974426269531e-01
6.946358680725097656e-01
6.894338130950927734e-01
6.762616634368896484e-01
6.711080074310302734e-01
7.137899398803710938e-01
6.587612628936767578e-01
6.865029335021972656e-01
6.776671409606933594e-01
6.774668693542480469e-01
6.762933731079101562e-01
6.776719093322753906e-01
6.832547187805175781e-01
6.795759201049804688e-01
6.835219860076904297e-01
6.811866760253906250e-01
7.124547958374023438e-01
6.756324768066406250e-01
6.699366569519042969e-01
6.891152858734130859e-01
6.903045177459716797e-01
6.816072463989257812e-01
6.782190799713134766e-01
6.757154464721679688e-01
6.795287132263183594e-01
6.769745349884033203e-01
6.890959739685058594e-01
6.803705692291259766e-01
7.697210311889648438e-01
6.822993755340576172e-01
6.817567348480224609e-01
7.099523544311523438e-01
6.896808147430419922e-01
6.886119842529296875e-01
6.703779697418212891e-01
7.047533988952636719e-01
6.740579605102539062e-01
6.987235546112060547e-01
6.801135540008544922e-01
6.697740554809570312e-01
7.845237255096435547e-01
6.769008636474609375e-01
6.827230453491210938e-01
6.854140758514404297e-01
6.749927997589111328e-01
7.146894931793212891e-01
6.761417388916015625e-01
6.760344505310058594e-01
6.753990650177001953e-01
6.901874542236328125e-01
7.024853229522705078e-01
6.886813640594482422e-01
7.800099849700927734e-01
6.863040924072265625e-01
6.700403690338134766e-01
7.140810489654541016e-01
6.687557697296142578e-01
6.893620491027832031e-01
6.769394874572753906e-01
6.751344203948974609e-01
6.730685234069824219e-01
6.733424663543701172e-01
6.838312149047851562e-01
6.705079078674316406e-01
6.755280494689941406e-01
8.110959529876708984e-01
6.725466251373291016e-01
6.759479045867919922e-01
6.650025844573974609e-01
6.718609333038330078e-01
6.699051856994628906e-01
6.858344078063964844e-01
6.736354827880859375e-01
6.726317405700683594e-01
6.855993270874023438e-01
