3.620820999145507812e+00
1.027817010879516602e+00
1.214188098907470703e+00
1.070444107055664062e+00
1.200761795043945312e+00
1.047535896301269531e+00
1.123431921005249023e+00
1.254893541336059570e+00
1.062957286834716797e+00
1.051690578460693359e+00
1.056663990020751953e+00
1.062162876129150391e+00
1.153527975082397461e+00
1.049388170242309570e+00
1.151580095291137695e+00
1.063062191009521484e+00
1.056381225585937500e+00
1.239337444305419922e+00
1.163773775100708008e+00
1.065277099609375000e+00
1.150022029876708984e+00
1.055923461914062500e+00
1.166583061218261719e+00
1.245763778686523438e+00
1.052465438842773438e+00
1.156553030014038086e+00
1.139479398727416992e+00
1.152279376983642578e+00
1.249057292938232422e+00
1.071881771087646484e+00
1.258535623550415039e+00
1.153670310974121094e+00
1.061183452606201172e+00
1.064175844192504883e+00
1.051795005798339844e+00
1.062543869018554688e+00
1.177096843719482422e+00
1.075235605239868164e+00
1.057415485382080078e+00
1.074644327163696289e+00
1.171420097351074219e+00
1.131787776947021484e+00
1.064617395401000977e+00
1.146660327911376953e+00
1.172249317169189453e+00
1.157152414321899414e+00
1.160459756851196289e+00
1.081191301345825195e+00
1.066338539123535156e+00
1.061597108840942383e+00
1.069323301315307617e+00
1.072226762771606445e+00
1.058673858642578125e+00
1.065701723098754883e+00
1.115519046783447266e+00
1.076779127120971680e+00
1.061061620712280273e+00
1.261400699615478516e+00
1.076673269271850586e+00
1.065408706665039062e+00
1.070068836212158203e+00
1.085813283920288086e+00
1.079158306121826172e+00
1.069432973861694336e+00
1.069225549697875977e+00
1.084932088851928711e+00
1.066305160522460938e+00
1.068149566650390625e+00
1.265714645385742188e+00
1.083901405334472656e+00
1.160342693328857422e+00
1.071101903915405273e+00
1.085846185684204102e+00
1.172488689422607422e+00
1.067325830459594727e+00
1.261583805084228516e+00
1.083240270614624023e+00
1.090836286544799805e+00
1.063189744949340820e+00
1.083010435104370117e+00
1.076200962066650391e+00
1.068922519683837891e+00
1.170564174652099609e+00
1.188356399536132812e+00
1.074115037918090820e+00
1.139446020126342773e+00
1.078449010848999023e+00
1.180948972702026367e+00
1.067929506301879883e+00
1.144869565963745117e+00
1.185282707214355469e+00
1.250589132308959961e+00
1.263294458389282227e+00
1.074646472930908203e+00
1.093568563461303711e+00
1.145940065383911133e+00
1.169238567352294922e+00
1.076024055480957031e+00
1.088536977767944336e+00
1.261344671249389648e+00
1.069646835327148438e+00
1.210877656936645508e+00
1.084119081497192383e+00
1.069819927215576172e+00
1.072776556015014648e+00
1.096115350723266602e+00
1.081801652908325195e+00
1.166319370269775391e+00
1.075862884521484375e+00
1.112329959869384766e+00
1.068011522293090820e+00
1.073635578155517578e+00
1.152993917465209961e+00
1.190803527832031250e+00
1.073764562606811523e+00
1.144894361495971680e+00
1.090503931045532227e+00
1.086889028549194336e+00
1.164799213409423828e+00
1.074940681457519531e+00
1.089129924774169922e+00
1.074130535125732422e+00
1.074881076812744141e+00
1.078969478607177734e+00
1.091038703918457031e+00
1.167035341262817383e+00
1.078955650329589844e+00
1.089313030242919922e+00
1.181357383728027344e+00
1.167907953262329102e+00
1.083270072937011719e+00
1.121583223342895508e+00
1.076282739639282227e+00
1.072520017623901367e+00
1.275602102279663086e+00
1.097191572189331055e+00
1.073736906051635742e+00
1.085322618484497070e+00
1.160181522369384766e+00
1.187249660491943359e+00
1.169513702392578125e+00
1.078475236892700195e+00
1.088612079620361328e+00
1.273973941802978516e+00
1.075858592987060547e+00
1.085533857345581055e+00
1.091893196105957031e+00
1.177155017852783203e+00
1.170560121536254883e+00
1.080683469772338867e+00
1.087428569793701172e+00
1.070029497146606445e+00
1.212843418121337891e+00
1.188438177108764648e+00
1.088675498962402344e+00
1.171556711196899414e+00
1.079872369766235352e+00
1.097831964492797852e+00
1.082722663879394531e+00
1.076200008392333984e+00
1.267225503921508789e+00
1.096272945404052734e+00
1.116057872772216797e+00
1.247149705886840820e+00
1.086112499237060547e+00
1.115818500518798828e+00
1.072102785110473633e+00
1.078440904617309570e+00
1.099983930587768555e+00
1.074162244796752930e+00
1.143221616744995117e+00
1.101193904876708984e+00
1.086428165435791016e+00
1.091620445251464844e+00
1.112970590591430664e+00
1.105659008026123047e+00
1.078280925750732422e+00
1.206948757171630859e+00
1.095405578613281250e+00
1.208567380905151367e+00
1.149619340896606445e+00
1.091510295867919922e+00
1.150161981582641602e+00
1.082663059234619141e+00
1.096215963363647461e+00
1.091881752014160156e+00
1.145551919937133789e+00
1.141671895980834961e+00
1.218628406524658203e+00
1.077513217926025391e+00
1.153719902038574219e+00
1.091970443725585938e+00
1.077120780944824219e+00
1.140387296676635742e+00
1.094172000885009766e+00
1.095821857452392578e+00
1.073752880096435547e+00
1.086113929748535156e+00
1.091253042221069336e+00
1.076581478118896484e+00
