7.382485866546630859e-01
6.903214454650878906e-01
6.865694522857666016e-01
7.083718776702880859e-01
8.145639896392822266e-01
6.813325881958007812e-01
6.864047050476074219e-01
6.832871437072753906e-01
6.745481491088867188e-01
6.806151866912841797e-01
6.970551013946533203e-01
6.706118583679199219e-01
6.577146053314208984e-01
6.800048351287841797e-01
6.947309970855712891e-01
6.722133159637451172e-01
7.660980224609375000e-01
6.823623180389404297e-01
6.734871864318847656e-01
6.758892536163330078e-01
6.790456771850585938e-01
7.075743675231933594e-01
6.717371940612792969e-01
6.694846153259277344e-01
6.782474517822265625e-01
6.884353160858154297e-01
6.722319126129150391e-01
6.796610355377197266e-01
6.878037452697753906e-01
6.727845668792724609e-01
6.730706691741943359e-01
6.905722618103027344e-01
6.807513236999511719e-01
6.806068420410156250e-01
6.694827079772949219e-01
7.782490253448486328e-01
6.693923473358154297e-01
6.703493595123291016e-01
6.700341701507568359e-01
7.160770893096923828e-01
6.841344833374023438e-01
6.668589115142822266e-01
6.736161708831787109e-01
6.791992187500000000e-01
6.703798770904541016e-01
6.706373691558837891e-01
7.258062362670898438e-01
7.621321678161621094e-01
6.726300716400146484e-01
6.783385276794433594e-01
6.740140914916992188e-01
6.863102912902832031e-01
6.660099029541015625e-01
6.880884170532226562e-01
6.840164661407470703e-01
6.648406982421875000e-01
6.769437789916992188e-01
6.883664131164550781e-01
6.651258468627929688e-01
6.598649024963378906e-01
6.772615909576416016e-01
6.827135086059570312e-01
6.790556907653808594e-01
6.790020465850830078e-01
7.138543128967285156e-01
6.776227951049804688e-01
7.622945308685302734e-01
6.791093349456787109e-01
6.850302219390869141e-01
6.746435165405273438e-01
6.772820949554443359e-01
6.828441619873046875e-01
6.774187088012695312e-01
6.710674762725830078e-01
6.806526184082031250e-01
6.946659088134765625e-01
6.794183254241943359e-01
6.723065376281738281e-01
6.845922470092773438e-01
6.696624755859375000e-01
6.676907539367675781e-01
6.813395023345947266e-01
7.114958763122558594e-01
6.733884811401367188e-01
6.725227832794189453e-01
6.847231388092041016e-01
6.743547916412353516e-01
6.734178066253662109e-01
6.718344688415527344e-01
7.729067802429199219e-01
6.754786968231201172e-01
6.831116676330566406e-01
6.746912002563476562e-01
7.119221687316894531e-01
6.713008880615234375e-01
6.903235912322998047e-01
6.769061088562011719e-01
6.763985157012939453e-01
6.863050460815429688e-01
6.742932796478271484e-01
6.843717098236083984e-01
6.770503520965576172e-01
6.763584613800048828e-01
6.754570007324218750e-01
7.042715549468994141e-01
6.755669116973876953e-01
6.784234046936035156e-01
6.762983798980712891e-01
6.744747161865234375e-01
6.888959407806396484e-01
6.694121360778808594e-01
6.690292358398437500e-01
6.757559776306152344e-01
6.819701194763183594e-01
6.748614311218261719e-01
6.968455314636230469e-01
6.872971057891845703e-01
6.801502704620361328e-01
6.759335994720458984e-01
6.910474300384521484e-01
6.855065822601318359e-01
6.704354286193847656e-01
6.743824481964111328e-01
6.882975101470947266e-01
6.767106056213378906e-01
6.757791042327880859e-01
6.946401596069335938e-01
6.894507408142089844e-01
6.762435436248779297e-01
6.711306571960449219e-01
7.138087749481201172e-01
6.587581634521484375e-01
6.865057945251464844e-01
6.776616573333740234e-01
6.774868965148925781e-01
6.763103008270263672e-01
6.776721477508544922e-01
6.832740306854248047e-01
6.795616149902343750e-01
6.834993362426757812e-01
6.811878681182861328e-01
7.124769687652587891e-01
6.756405830383300781e-01
6.699542999267578125e-01
6.891031265258789062e-01
6.902904510498046875e-01
6.816084384918212891e-01
6.782405376434326172e-01
6.757209300994873047e-01
6.795225143432617188e-01
6.769959926605224609e-01
6.890978813171386719e-01
6.803591251373291016e-01
7.697198390960693359e-01
6.822910308837890625e-01
6.817464828491210938e-01
7.099347114562988281e-01
6.896929740905761719e-01
6.886079311370849609e-01
6.703865528106689453e-01
7.047667503356933594e-01
6.740455627441406250e-01
6.987125873565673828e-01
6.801173686981201172e-01
6.697897911071777344e-01
7.845070362091064453e-01
6.768989562988281250e-01
6.827280521392822266e-01
6.854004859924316406e-01
6.750092506408691406e-01
7.147028446197509766e-01
6.761324405670166016e-01
6.760311126708984375e-01
6.753985881805419922e-01
6.901919841766357422e-01
7.024924755096435547e-01
6.886641979217529297e-01
7.799870967864990234e-01
6.863031387329101562e-01
6.700675487518310547e-01
7.140812873840332031e-01
6.687798500061035156e-01
6.893491744995117188e-01
6.769580841064453125e-01
6.751370429992675781e-01
6.730644702911376953e-01
6.733429431915283203e-01
6.838235855102539062e-01
6.704797744750976562e-01
6.755266189575195312e-01
8.110918998718261719e-01
6.725389957427978516e-01
6.759424209594726562e-01
6.649930477142333984e-01
6.718609333038330078e-01
6.699166297912597656e-01
6.858317852020263672e-01
6.736431121826171875e-01
6.726527214050292969e-01
6.855850219726562500e-01
