9.565987586975097656e-01
9.440147876739501953e-01
9.505941867828369141e-01
1.073145389556884766e+00
1.492168426513671875e+00
1.693480491638183594e+00
1.822794675827026367e+00
1.717364788055419922e+00
1.438894748687744141e+00
9.391715526580810547e-01
9.455916881561279297e-01
9.250974655151367188e-01
9.417073726654052734e-01
9.772076606750488281e-01
9.802029132843017578e-01
9.838333129882812500e-01
9.780893325805664062e-01
9.815299510955810547e-01
9.853167533874511719e-01
9.842174053192138672e-01
9.894671440124511719e-01
9.848227500915527344e-01
9.936330318450927734e-01
1.072077751159667969e+00
9.864246845245361328e-01
9.841096401214599609e-01
9.814653396606445312e-01
9.855914115905761719e-01
1.130120992660522461e+00
1.401628017425537109e+00
1.705138683319091797e+00
1.725316047668457031e+00
1.327259540557861328e+00
9.838840961456298828e-01
9.897158145904541016e-01
9.816105365753173828e-01
9.815404415130615234e-01
9.847788810729980469e-01
9.813234806060791016e-01
9.775521755218505859e-01
9.867148399353027344e-01
9.787178039550781250e-01
9.931950569152832031e-01
9.939825534820556641e-01
1.015769720077514648e+00
9.831528663635253906e-01
9.949228763580322266e-01
9.877464771270751953e-01
9.885036945343017578e-01
9.703364372253417969e-01
9.851453304290771484e-01
9.922988414764404297e-01
1.194584369659423828e+00
1.376352548599243164e+00
1.668581962585449219e+00
1.686007022857666016e+00
9.923453330993652344e-01
9.842801094055175781e-01
9.748027324676513672e-01
9.837799072265625000e-01
9.865856170654296875e-01
9.903721809387207031e-01
1.061897754669189453e+00
9.809381961822509766e-01
9.973838329315185547e-01
9.884006977081298828e-01
9.782128334045410156e-01
9.867155551910400391e-01
1.000288009643554688e+00
9.783403873443603516e-01
9.742348194122314453e-01
9.775412082672119141e-01
9.908893108367919922e-01
9.822165966033935547e-01
9.876024723052978516e-01
1.394063949584960938e+00
1.695573329925537109e+00
1.595904588699340820e+00
9.820284843444824219e-01
9.828343391418457031e-01
9.748735427856445312e-01
9.954543113708496094e-01
9.779276847839355469e-01
9.743666648864746094e-01
9.872229099273681641e-01
9.787175655364990234e-01
9.825561046600341797e-01
9.822180271148681641e-01
1.000121355056762695e+00
9.840142726898193359e-01
9.838449954986572266e-01
9.845046997070312500e-01
1.076704025268554688e+00
9.894623756408691406e-01
9.893088340759277344e-01
9.791157245635986328e-01
9.808127880096435547e-01
1.277554035186767578e+00
1.482764959335327148e+00
1.545451402664184570e+00
1.233524322509765625e+00
9.808509349822998047e-01
9.856755733489990234e-01
1.069135904312133789e+00
9.829692840576171875e-01
9.944026470184326172e-01
9.923369884490966797e-01
9.934964179992675781e-01
9.805076122283935547e-01
9.872803688049316406e-01
1.001118421554565430e+00
9.845345020294189453e-01
9.895591735839843750e-01
9.841804504394531250e-01
9.903452396392822266e-01
9.954814910888671875e-01
9.935569763183593750e-01
9.828882217407226562e-01
1.202710390090942383e+00
1.387199640274047852e+00
1.674211740493774414e+00
9.852612018585205078e-01
9.884042739868164062e-01
9.822297096252441406e-01
1.000200510025024414e+00
9.907162189483642578e-01
1.227292060852050781e+00
1.393633365631103516e+00
1.581715583801269531e+00
1.584902763366699219e+00
1.699913978576660156e+00
1.657108545303344727e+00
1.647347211837768555e+00
1.152868986129760742e+00
9.838349819183349609e-01
9.785139560699462891e-01
9.999499320983886719e-01
9.973058700561523438e-01
1.070496082305908203e+00
9.902307987213134766e-01
9.891328811645507812e-01
9.880335330963134766e-01
9.910998344421386719e-01
1.066756010055541992e+00
9.885115623474121094e-01
9.863998889923095703e-01
9.812619686126708984e-01
9.905886650085449219e-01
9.883797168731689453e-01
9.947924613952636719e-01
9.864151477813720703e-01
9.952228069305419922e-01
9.905772209167480469e-01
9.918549060821533203e-01
9.953813552856445312e-01
9.970066547393798828e-01
9.918837547302246094e-01
9.811692237854003906e-01
1.092257022857666016e+00
9.799263477325439453e-01
9.916238784790039062e-01
9.765872955322265625e-01
9.835269451141357422e-01
9.794917106628417969e-01
9.981162548065185547e-01
9.960591793060302734e-01
9.925639629364013672e-01
1.168143749237060547e+00
1.338832855224609375e+00
1.537570714950561523e+00
1.623503446578979492e+00
1.692067146301269531e+00
1.779513359069824219e+00
1.735326528549194336e+00
1.790685892105102539e+00
9.785389900207519531e-01
9.907062053680419922e-01
9.908034801483154297e-01
9.856119155883789062e-01
1.067143678665161133e+00
9.884858131408691406e-01
9.917025566101074219e-01
9.897193908691406250e-01
9.841334819793701172e-01
1.076628208160400391e+00
9.871597290039062500e-01
9.869427680969238281e-01
9.823708534240722656e-01
9.893372058868408203e-01
9.836795330047607422e-01
9.931232929229736328e-01
9.770832061767578125e-01
9.994597434997558594e-01
9.860765933990478516e-01
9.878077507019042969e-01
9.817187786102294922e-01
9.917669296264648438e-01
9.807496070861816406e-01
9.897680282592773438e-01
9.818005561828613281e-01
