2.183795690536499023e+00
4.384081363677978516e-01
4.277040958404541016e-01
4.299845695495605469e-01
4.297981262207031250e-01
4.262886047363281250e-01
4.284725189208984375e-01
4.261291027069091797e-01
4.311943054199218750e-01
4.275956153869628906e-01
4.289219379425048828e-01
4.303851127624511719e-01
4.325101375579833984e-01
4.390790462493896484e-01
4.467744827270507812e-01
4.409499168395996094e-01
4.399716854095458984e-01
4.403450489044189453e-01
4.421107769012451172e-01
4.422760009765625000e-01
4.441175460815429688e-01
4.450004100799560547e-01
4.435653686523437500e-01
4.423303604125976562e-01
4.456551074981689453e-01
4.444584846496582031e-01
4.467251300811767578e-01
4.449815750122070312e-01
4.455463886260986328e-01
4.401111602783203125e-01
4.402115345001220703e-01
4.402935504913330078e-01
4.428875446319580078e-01
4.391138553619384766e-01
4.428174495697021484e-01
4.425435066223144531e-01
4.423713684082031250e-01
4.438877105712890625e-01
4.418468475341796875e-01
4.422416687011718750e-01
4.468839168548583984e-01
4.422924518585205078e-01
4.431378841400146484e-01
4.438188076019287109e-01
4.449262619018554688e-01
4.459891319274902344e-01
4.451937675476074219e-01
4.455497264862060547e-01
4.469447135925292969e-01
4.457247257232666016e-01
4.461696147918701172e-01
4.464352130889892578e-01
4.461388587951660156e-01
4.455432891845703125e-01
4.437384605407714844e-01
4.434542655944824219e-01
4.431178569793701172e-01
4.432651996612548828e-01
4.440312385559082031e-01
4.432775974273681641e-01
4.432568550109863281e-01
4.444096088409423828e-01
4.435408115386962891e-01
4.454765319824218750e-01
4.456357955932617188e-01
4.463551044464111328e-01
4.449179172515869141e-01
4.462471008300781250e-01
4.460890293121337891e-01
4.485046863555908203e-01
4.488480091094970703e-01
4.473536014556884766e-01
4.503045082092285156e-01
4.485163688659667969e-01
4.488887786865234375e-01
4.464595317840576172e-01
4.460456371307373047e-01
4.458296298980712891e-01
4.459204673767089844e-01
4.481039047241210938e-01
4.443197250366210938e-01
4.456212520599365234e-01
4.479260444641113281e-01
4.468276500701904297e-01
4.471564292907714844e-01
4.476101398468017578e-01
4.487514495849609375e-01
4.470992088317871094e-01
4.481396675109863281e-01
4.484665393829345703e-01
4.511287212371826172e-01
4.520151615142822266e-01
4.497761726379394531e-01
4.499263763427734375e-01
4.529910087585449219e-01
4.476206302642822266e-01
4.493820667266845703e-01
4.447171688079833984e-01
4.445178508758544922e-01
4.485380649566650391e-01
4.424173831939697266e-01
4.459385871887207031e-01
4.475951194763183594e-01
4.456367492675781250e-01
4.442451000213623047e-01
4.442007541656494141e-01
4.516534805297851562e-01
4.485690593719482422e-01
4.490237236022949219e-01
4.486422538757324219e-01
4.489512443542480469e-01
4.533061981201171875e-01
4.516363143920898438e-01
4.501307010650634766e-01
4.519946575164794922e-01
4.447352886199951172e-01
4.522337913513183594e-01
4.518857002258300781e-01
4.517881870269775391e-01
4.481046199798583984e-01
4.487893581390380859e-01
4.503648281097412109e-01
4.793527126312255859e-01
4.464240074157714844e-01
4.487383365631103516e-01
4.528470039367675781e-01
4.562883377075195312e-01
4.491486549377441406e-01
4.482748508453369141e-01
4.465332031250000000e-01
4.483878612518310547e-01
4.539742469787597656e-01
4.461233615875244141e-01
4.470651149749755859e-01
4.489860534667968750e-01
4.473366737365722656e-01
4.493904113769531250e-01
4.511816501617431641e-01
4.470591545104980469e-01
4.602608680725097656e-01
4.482839107513427734e-01
4.476139545440673828e-01
4.492483139038085938e-01
4.478204250335693359e-01
4.477949142456054688e-01
4.477035999298095703e-01
4.496490955352783203e-01
4.475300312042236328e-01
4.477856159210205078e-01
4.522528648376464844e-01
4.473841190338134766e-01
4.486591815948486328e-01
4.480929374694824219e-01
4.487755298614501953e-01
4.526307582855224609e-01
4.509048461914062500e-01
4.502372741699218750e-01
4.511687755584716797e-01
4.518561363220214844e-01
4.507217407226562500e-01
4.508428573608398438e-01
4.524753093719482422e-01
4.511075019836425781e-01
4.505538940429687500e-01
4.499373435974121094e-01
4.526674747467041016e-01
4.519796371459960938e-01
4.479148387908935547e-01
4.488973617553710938e-01
4.474034309387207031e-01
4.486744403839111328e-01
4.460220336914062500e-01
4.528362751007080078e-01
4.480869770050048828e-01
4.494943618774414062e-01
4.468364715576171875e-01
4.472532272338867188e-01
4.470632076263427734e-01
4.544301033020019531e-01
4.469072818756103516e-01
4.460835456848144531e-01
4.477171897888183594e-01
4.477398395538330078e-01
4.460120201110839844e-01
4.465184211730957031e-01
4.465720653533935547e-01
4.480562210083007812e-01
4.475388526916503906e-01
4.468684196472167969e-01
4.498808383941650391e-01
4.514679908752441406e-01
4.535779953002929688e-01
4.526333808898925781e-01
4.522638320922851562e-01
4.522502422332763672e-01
4.530706405639648438e-01
4.510066509246826172e-01
4.519970417022705078e-01
4.520874023437500000e-01
4.496190547943115234e-01
