9.565951824188232422e-01
9.440219402313232422e-01
9.505927562713623047e-01
1.073149442672729492e+00
1.492220878601074219e+00
1.693501234054565430e+00
1.822772264480590820e+00
1.717374801635742188e+00
1.438879251480102539e+00
9.391710758209228516e-01
9.456083774566650391e-01
9.251065254211425781e-01
9.417235851287841797e-01
9.771335124969482422e-01
9.802081584930419922e-01
9.838461875915527344e-01
9.780828952789306641e-01
9.815411567687988281e-01
9.853248596191406250e-01
9.842216968536376953e-01
9.894797801971435547e-01
9.848341941833496094e-01
9.936411380767822266e-01
1.072089195251464844e+00
9.864466190338134766e-01
9.841017723083496094e-01
9.814913272857666016e-01
9.855985641479492188e-01
1.130161523818969727e+00
1.401649475097656250e+00
1.705136299133300781e+00
1.725301742553710938e+00
1.327252388000488281e+00
9.838919639587402344e-01
9.897136688232421875e-01
9.816253185272216797e-01
9.815630912780761719e-01
9.847764968872070312e-01
9.813256263732910156e-01
9.775614738464355469e-01
9.867343902587890625e-01
9.787116050720214844e-01
9.931945800781250000e-01
9.939897060394287109e-01
1.015782356262207031e+00
9.831581115722656250e-01
9.949395656585693359e-01
9.877543449401855469e-01
9.885125160217285156e-01
9.703345298767089844e-01
9.851613044738769531e-01
9.923105239868164062e-01
1.194619655609130859e+00
1.376381158828735352e+00
1.668581485748291016e+00
1.685987234115600586e+00
9.923400878906250000e-01
9.842851161956787109e-01
9.748134613037109375e-01
9.837920665740966797e-01
9.865875244140625000e-01
9.903683662414550781e-01
1.061900615692138672e+00
9.809494018554687500e-01
9.973988533020019531e-01
9.884099960327148438e-01
9.782276153564453125e-01
9.867315292358398438e-01
1.000293254852294922e+00
9.783565998077392578e-01
9.742450714111328125e-01
9.775674343109130859e-01
9.908962249755859375e-01
9.822273254394531250e-01
9.876191616058349609e-01
1.394093990325927734e+00
1.695581436157226562e+00
1.595911264419555664e+00
9.820263385772705078e-01
9.828522205352783203e-01
9.748680591583251953e-01
9.954664707183837891e-01
9.779338836669921875e-01
9.743766784667968750e-01
9.872198104858398438e-01
9.787271022796630859e-01
9.825625419616699219e-01
9.822375774383544922e-01
1.000131607055664062e+00
9.840152263641357422e-01
9.838571548461914062e-01
9.845278263092041016e-01
1.076712131500244141e+00
9.894917011260986328e-01
9.893155097961425781e-01
9.791235923767089844e-01
9.808061122894287109e-01
1.277587890625000000e+00
1.482763528823852539e+00
1.545420169830322266e+00
1.233523368835449219e+00
9.808478355407714844e-01
9.856681823730468750e-01
1.069141626358032227e+00
9.829535484313964844e-01
9.943997859954833984e-01
9.923458099365234375e-01
9.935100078582763672e-01
9.805045127868652344e-01
9.873070716857910156e-01
1.001131057739257812e+00
9.845314025878906250e-01
9.895551204681396484e-01
9.841995239257812500e-01
9.903497695922851562e-01
9.954936504364013672e-01
9.935777187347412109e-01
9.829058647155761719e-01
1.202749490737915039e+00
1.387205123901367188e+00
1.674206256866455078e+00
9.852569103240966797e-01
9.884297847747802734e-01
9.822475910186767578e-01
1.000206232070922852e+00
9.907414913177490234e-01
1.227307081222534180e+00
1.393654346466064453e+00
1.581722259521484375e+00
1.584918975830078125e+00
1.699905395507812500e+00
1.657073020935058594e+00
1.647343158721923828e+00
1.152866840362548828e+00
9.838325977325439453e-01
9.785211086273193359e-01
9.999461174011230469e-01
9.973258972167968750e-01
1.070508718490600586e+00
9.902422428131103516e-01
9.891209602355957031e-01
9.880394935607910156e-01
9.911003112792968750e-01
1.066752672195434570e+00
9.885063171386718750e-01
9.864296913146972656e-01
9.812753200531005859e-01
9.906017780303955078e-01
9.883885383605957031e-01
9.948079586029052734e-01
9.864218235015869141e-01
9.952182769775390625e-01
9.905755519866943359e-01
9.918763637542724609e-01
9.953916072845458984e-01
9.970214366912841797e-01
9.918785095214843750e-01
9.811913967132568359e-01
1.092254638671875000e+00
9.799268245697021484e-01
9.916200637817382812e-01
9.766116142272949219e-01
9.835376739501953125e-01
9.794862270355224609e-01
9.981267452239990234e-01
9.960570335388183594e-01
9.925820827484130859e-01
1.168144226074218750e+00
1.338845968246459961e+00
1.537571668624877930e+00
1.623495340347290039e+00
1.692082166671752930e+00
1.779505014419555664e+00
1.735312700271606445e+00
1.790688991546630859e+00
9.785370826721191406e-01
9.907026290893554688e-01
9.908204078674316406e-01
9.856023788452148438e-01
1.067157268524169922e+00
9.884774684906005859e-01
9.917001724243164062e-01
9.897248744964599609e-01
9.841291904449462891e-01
1.076625823974609375e+00
9.871788024902343750e-01
9.869463443756103516e-01
9.823660850524902344e-01
9.893290996551513672e-01
9.836876392364501953e-01
9.931373596191406250e-01
9.771058559417724609e-01
9.994568824768066406e-01
9.861016273498535156e-01
9.878134727478027344e-01
9.817376136779785156e-01
9.917650222778320312e-01
9.807586669921875000e-01
9.897799491882324219e-01
9.818215370178222656e-01
