9.565951824188232422e-01
9.440257549285888672e-01
9.506006240844726562e-01
1.073149204254150391e+00
1.492214918136596680e+00
1.693504095077514648e+00
1.822788953781127930e+00
1.717371463775634766e+00
1.438874721527099609e+00
9.391698837280273438e-01
9.456088542938232422e-01
9.251072406768798828e-01
9.417219161987304688e-01
9.771311283111572266e-01
9.802093505859375000e-01
9.838469028472900391e-01
9.780828952789306641e-01
9.815402030944824219e-01
9.853258132934570312e-01
9.842240810394287109e-01
9.894814491271972656e-01
9.848332405090332031e-01
9.936456680297851562e-01
1.072089433670043945e+00
9.864521026611328125e-01
9.841067790985107422e-01
9.814910888671875000e-01
9.855985641479492188e-01
1.130161762237548828e+00
1.401645660400390625e+00
1.705135345458984375e+00
1.725288391113281250e+00
1.327250480651855469e+00
9.838919639587402344e-01
9.897146224975585938e-01
9.816265106201171875e-01
9.815635681152343750e-01
9.847686290740966797e-01
9.813251495361328125e-01
9.775624275207519531e-01
9.867355823516845703e-01
9.787113666534423828e-01
9.931955337524414062e-01
9.939923286437988281e-01
1.015783548355102539e+00
9.831593036651611328e-01
9.949386119842529297e-01
9.877560138702392578e-01
9.885129928588867188e-01
9.703366756439208984e-01
9.851758480072021484e-01
9.923117160797119141e-01
1.194622993469238281e+00
1.376379728317260742e+00
1.668586969375610352e+00
1.685987949371337891e+00
9.923417568206787109e-01
9.842858314514160156e-01
9.748136997222900391e-01
9.837930202484130859e-01
9.865870475769042969e-01
9.903695583343505859e-01
1.061899423599243164e+00
9.809503555297851562e-01
9.974000453948974609e-01
9.884097576141357422e-01
9.782292842864990234e-01
9.867320060729980469e-01
1.000295162200927734e+00
9.783577919006347656e-01
9.742493629455566406e-01
9.775693416595458984e-01
9.908981323242187500e-01
9.822289943695068359e-01
9.876194000244140625e-01
1.394086837768554688e+00
1.695573091506958008e+00
1.595906257629394531e+00
9.820282459259033203e-01
9.828541278839111328e-01
9.748682975769042969e-01
9.954664707183837891e-01
9.779324531555175781e-01
9.743745326995849609e-01
9.872231483459472656e-01
9.787249565124511719e-01
9.825603961944580078e-01
9.822378158569335938e-01
1.000132560729980469e+00
9.840240478515625000e-01
9.838581085205078125e-01
9.845283031463623047e-01
1.076712608337402344e+00
9.894936084747314453e-01
9.893164634704589844e-01
9.791252613067626953e-01
9.808077812194824219e-01
1.277591228485107422e+00
1.482763767242431641e+00
1.545408725738525391e+00
1.233511686325073242e+00
9.808509349822998047e-01
9.856700897216796875e-01
1.069143533706665039e+00
9.829583168029785156e-01
9.943997859954833984e-01
9.923491477966308594e-01
9.935135841369628906e-01
9.805028438568115234e-01
9.873156547546386719e-01
1.001130342483520508e+00
9.845314025878906250e-01
9.895563125610351562e-01
9.842007160186767578e-01
9.903507232666015625e-01
9.954919815063476562e-01
9.935793876647949219e-01
9.829068183898925781e-01
1.202765703201293945e+00
1.387222290039062500e+00
1.674212455749511719e+00
9.852557182312011719e-01
9.884314537048339844e-01
9.822492599487304688e-01
1.000208139419555664e+00
9.907450675964355469e-01
1.227308273315429688e+00
1.393664598464965820e+00
1.581730604171752930e+00
1.584923028945922852e+00
1.699915170669555664e+00
1.657077789306640625e+00
1.647351741790771484e+00
1.152865886688232422e+00
9.838340282440185547e-01
9.785215854644775391e-01
9.999485015869140625e-01
9.973285198211669922e-01
1.070509910583496094e+00
9.902446269989013672e-01
9.891235828399658203e-01
9.880416393280029297e-01
9.911026954650878906e-01
1.066754102706909180e+00
9.885089397430419922e-01
9.864439964294433594e-01
9.812755584716796875e-01
9.906044006347656250e-01
9.883909225463867188e-01
9.948074817657470703e-01
9.864242076873779297e-01
9.952189922332763672e-01
9.905726909637451172e-01
9.918777942657470703e-01
9.953958988189697266e-01
9.970219135284423828e-01
9.918830394744873047e-01
9.811952114105224609e-01
1.092256784439086914e+00
9.799289703369140625e-01
9.916214942932128906e-01
9.766125679016113281e-01
9.835407733917236328e-01
9.794898033142089844e-01
9.981260299682617188e-01
9.960603713989257812e-01
9.925830364227294922e-01
1.168160438537597656e+00
1.338853120803833008e+00
1.537579536437988281e+00
1.623505353927612305e+00
1.692090988159179688e+00
1.779510974884033203e+00
1.735299825668334961e+00
1.790686607360839844e+00
9.785401821136474609e-01
9.907038211822509766e-01
9.908249378204345703e-01
9.856042861938476562e-01
1.067161083221435547e+00
9.884824752807617188e-01
9.917011260986328125e-01
9.897294044494628906e-01
9.841337203979492188e-01
1.076628446578979492e+00
9.871807098388671875e-01
9.869477748870849609e-01
9.823679924011230469e-01
9.893290996551513672e-01
9.836888313293457031e-01
9.931361675262451172e-01
9.771099090576171875e-01
9.994595050811767578e-01
9.861030578613281250e-01
9.878160953521728516e-01
9.817397594451904297e-01
9.917669296264648438e-01
9.807610511779785156e-01
9.897832870483398438e-01
9.818241596221923828e-01
