9.565956592559814453e-01
9.440138339996337891e-01
9.505839347839355469e-01
1.073158264160156250e+00
1.492174863815307617e+00
1.693481922149658203e+00
1.822787761688232422e+00
1.717336177825927734e+00
1.438892602920532227e+00
9.391741752624511719e-01
9.455997943878173828e-01
9.250984191894531250e-01
9.417107105255126953e-01
9.771471023559570312e-01
9.801986217498779297e-01
9.838316440582275391e-01
9.780950546264648438e-01
9.815294742584228516e-01
9.853186607360839844e-01
9.842181205749511719e-01
9.894733428955078125e-01
9.848215579986572266e-01
9.936351776123046875e-01
1.072078227996826172e+00
9.864249229431152344e-01
9.841103553771972656e-01
9.814696311950683594e-01
9.855918884277343750e-01
1.130114793777465820e+00
1.401620626449584961e+00
1.705135583877563477e+00
1.725322246551513672e+00
1.327258825302124023e+00
9.838838577270507812e-01
9.897193908691406250e-01
9.816129207611083984e-01
9.815340042114257812e-01
9.847793579101562500e-01
9.813237190246582031e-01
9.775581359863281250e-01
9.867095947265625000e-01
9.787108898162841797e-01
9.931988716125488281e-01
9.939823150634765625e-01
1.015769481658935547e+00
9.831523895263671875e-01
9.949233531951904297e-01
9.877471923828125000e-01
9.885094165802001953e-01
9.703283309936523438e-01
9.851446151733398438e-01
9.923002719879150391e-01
1.194581270217895508e+00
1.376352310180664062e+00
1.668576002120971680e+00
1.686012506484985352e+00
9.923365116119384766e-01
9.842865467071533203e-01
9.748034477233886719e-01
9.837815761566162109e-01
9.865901470184326172e-01
9.903705120086669922e-01
1.061890840530395508e+00
9.809350967407226562e-01
9.973888397216796875e-01
9.883997440338134766e-01
9.782154560089111328e-01
9.867193698883056641e-01
1.000283956527709961e+00
9.783475399017333984e-01
9.742391109466552734e-01
9.775407314300537109e-01
9.908881187438964844e-01
9.822199344635009766e-01
9.876058101654052734e-01
1.394066572189331055e+00
1.695566177368164062e+00
1.595901489257812500e+00
9.820287227630615234e-01
9.828383922576904297e-01
9.748742580413818359e-01
9.954545497894287109e-01
9.779367446899414062e-01
9.743683338165283203e-01
9.872202873229980469e-01
9.787149429321289062e-01
9.825544357299804688e-01
9.822311401367187500e-01
1.000121593475341797e+00
9.840159416198730469e-01
9.838497638702392578e-01
9.845101833343505859e-01
1.076702356338500977e+00
9.894590377807617188e-01
9.893052577972412109e-01
9.791181087493896484e-01
9.808132648468017578e-01
1.277548313140869141e+00
1.482756614685058594e+00
1.545457363128662109e+00
1.233527898788452148e+00
9.808516502380371094e-01
9.856741428375244141e-01
1.069146394729614258e+00
9.829664230346679688e-01
9.943997859954833984e-01
9.923362731933593750e-01
9.934945106506347656e-01
9.805064201354980469e-01
9.872820377349853516e-01
1.001118898391723633e+00
9.845345020294189453e-01
9.895579814910888672e-01
9.841849803924560547e-01
9.903438091278076172e-01
9.954819679260253906e-01
9.935548305511474609e-01
9.828915596008300781e-01
1.202706575393676758e+00
1.387199640274047852e+00
1.674204349517822266e+00
9.852573871612548828e-01
9.884176254272460938e-01
9.822306632995605469e-01
1.000198602676391602e+00
9.907183647155761719e-01
1.227296113967895508e+00
1.393628835678100586e+00
1.581708192825317383e+00
1.584903717041015625e+00
1.699911117553710938e+00
1.657111644744873047e+00
1.647344589233398438e+00
1.152872085571289062e+00
9.838361740112304688e-01
9.785113334655761719e-01
9.999456405639648438e-01
9.973075389862060547e-01
1.070499181747436523e+00
9.902324676513671875e-01
9.891297817230224609e-01
9.880330562591552734e-01
9.911024570465087891e-01
1.066754102706909180e+00
9.885094165802001953e-01
9.864015579223632812e-01
9.812653064727783203e-01
9.905850887298583984e-01
9.883775711059570312e-01
9.947912693023681641e-01
9.864122867584228516e-01
9.952175617218017578e-01
9.905743598937988281e-01
9.918537139892578125e-01
9.953827857971191406e-01
9.970068931579589844e-01
9.918842315673828125e-01
9.811687469482421875e-01
1.092259645462036133e+00
9.799275398254394531e-01
9.916222095489501953e-01
9.765899181365966797e-01
9.835286140441894531e-01
9.794907569885253906e-01
9.981207847595214844e-01
9.960565567016601562e-01
9.925737380981445312e-01
1.168141126632690430e+00
1.338825702667236328e+00
1.537567615509033203e+00
1.623501777648925781e+00
1.692063093185424805e+00
1.779505252838134766e+00
1.735327243804931641e+00
1.790688991546630859e+00
9.785413742065429688e-01
9.906995296478271484e-01
9.908061027526855469e-01
9.856028556823730469e-01
1.067137718200683594e+00
9.884822368621826172e-01
9.917013645172119141e-01
9.897181987762451172e-01
9.841296672821044922e-01
1.076628923416137695e+00
9.871718883514404297e-01
9.869463443756103516e-01
9.823706150054931641e-01
9.893355369567871094e-01
9.836790561676025391e-01
9.931275844573974609e-01
9.770841598510742188e-01
9.994621276855468750e-01
9.860768318176269531e-01
9.878063201904296875e-01
9.817192554473876953e-01
9.917666912078857422e-01
9.807465076446533203e-01
9.897725582122802734e-01
9.818003177642822266e-01
