2.161650896072387695e+00
4.061188697814941406e-01
4.072883129119873047e-01
4.069738388061523438e-01
4.041390419006347656e-01
4.120118618011474609e-01
4.133765697479248047e-01
4.113786220550537109e-01
4.096705913543701172e-01
4.124794006347656250e-01
4.093863964080810547e-01
4.086232185363769531e-01
4.110634326934814453e-01
4.072465896606445312e-01
4.069964885711669922e-01
4.073319435119628906e-01
4.093050956726074219e-01
4.094495773315429688e-01
4.101634025573730469e-01
4.123854637145996094e-01
4.124462604522705078e-01
4.119362831115722656e-01
4.118652343750000000e-01
4.141504764556884766e-01
4.126715660095214844e-01
4.246366024017333984e-01
4.210333824157714844e-01
4.179840087890625000e-01
4.169895648956298828e-01
4.160904884338378906e-01
4.155004024505615234e-01
4.158453941345214844e-01
4.189293384552001953e-01
4.142723083496093750e-01
4.156701564788818359e-01
4.164109230041503906e-01
4.155063629150390625e-01
4.189674854278564453e-01
4.151036739349365234e-01
4.177441596984863281e-01
4.218444824218750000e-01
4.093024730682373047e-01
4.103801250457763672e-01
4.102425575256347656e-01
4.124541282653808594e-01
4.139792919158935547e-01
4.135906696319580078e-01
4.127235412597656250e-01
4.125509262084960938e-01
4.367001056671142578e-01
4.123423099517822266e-01
4.143702983856201172e-01
4.269704818725585938e-01
4.128632545471191406e-01
4.104366302490234375e-01
4.100184440612792969e-01
4.117231369018554688e-01
4.116544723510742188e-01
4.106030464172363281e-01
4.104425907135009766e-01
4.100534915924072266e-01
4.259853363037109375e-01
4.115221500396728516e-01
4.120154380798339844e-01
4.123110771179199219e-01
4.121809005737304688e-01
4.142882823944091797e-01
4.147143363952636719e-01
4.132096767425537109e-01
4.144041538238525391e-01
4.190194606781005859e-01
4.168493747711181641e-01
4.153609275817871094e-01
4.150874614715576172e-01
4.154665470123291016e-01
4.130914211273193359e-01
4.114677906036376953e-01
4.118018150329589844e-01
4.146897792816162109e-01
4.122865200042724609e-01
4.121401309967041016e-01
4.121658802032470703e-01
4.154531955718994141e-01
4.142336845397949219e-01
4.134151935577392578e-01
4.141817092895507812e-01
4.239530563354492188e-01
4.166598320007324219e-01
4.183866977691650391e-01
4.220967292785644531e-01
4.196472167968750000e-01
4.159719944000244141e-01
4.178428649902343750e-01
4.279584884643554688e-01
4.246609210968017578e-01
4.231517314910888672e-01
4.180524349212646484e-01
4.150679111480712891e-01
4.154152870178222656e-01
4.138755798339843750e-01
4.385969638824462891e-01
4.149861335754394531e-01
4.156093597412109375e-01
4.146533012390136719e-01
4.149458408355712891e-01
4.164767265319824219e-01
4.175691604614257812e-01
4.165940284729003906e-01
4.160478115081787109e-01
4.244377613067626953e-01
4.231898784637451172e-01
4.253332614898681641e-01
4.262959957122802734e-01
4.228045940399169922e-01
4.195804595947265625e-01
4.297571182250976562e-01
4.299910068511962891e-01
4.282412528991699219e-01
4.247257709503173828e-01
4.223086833953857422e-01
4.214498996734619141e-01
4.218769073486328125e-01
4.329195022583007812e-01
4.256818294525146484e-01
4.234039783477783203e-01
4.190986156463623047e-01
4.215776920318603516e-01
4.163081645965576172e-01
4.172451496124267578e-01
4.170808792114257812e-01
4.169406890869140625e-01
4.154980182647705078e-01
4.163236618041992188e-01
4.152271747589111328e-01
4.167554378509521484e-01
4.158740043640136719e-01
4.158260822296142578e-01
4.166998863220214844e-01
4.179689884185791016e-01
4.162843227386474609e-01
4.275462627410888672e-01
4.177684783935546875e-01
4.174830913543701172e-01
4.158842563629150391e-01
4.163908958435058594e-01
4.173631668090820312e-01
4.170525074005126953e-01
4.216566085815429688e-01
4.256095886230468750e-01
4.242522716522216797e-01
4.271395206451416016e-01
4.235198497772216797e-01
4.198691844940185547e-01
4.191782474517822266e-01
4.189515113830566406e-01
4.212369918823242188e-01
4.238400459289550781e-01
4.216747283935546875e-01
4.233026504516601562e-01
4.264500141143798828e-01
4.269907474517822266e-01
4.259672164916992188e-01
4.259467124938964844e-01
4.297087192535400391e-01
4.217603206634521484e-01
4.231617450714111328e-01
4.222412109375000000e-01
4.183733463287353516e-01
4.188568592071533203e-01
4.187171459197998047e-01
4.211349487304687500e-01
4.175209999084472656e-01
4.170482158660888672e-01
4.177947044372558594e-01
4.171514511108398438e-01
4.161386489868164062e-01
4.179501533508300781e-01
4.176731109619140625e-01
4.172182083129882812e-01
4.178943634033203125e-01
4.229171276092529297e-01
4.185755252838134766e-01
4.180254936218261719e-01
4.183716773986816406e-01
4.178857803344726562e-01
4.185886383056640625e-01
4.195477962493896484e-01
4.192955493927001953e-01
4.184105396270751953e-01
4.196250438690185547e-01
4.216578006744384766e-01
4.213607311248779297e-01
4.218018054962158203e-01
4.240491390228271484e-01
4.220919609069824219e-01
4.202775955200195312e-01
4.215521812438964844e-01
4.240224361419677734e-01
4.208793640136718750e-01
4.217779636383056641e-01
