7.588920593261718750e-01
7.125809192657470703e-01
7.105002403259277344e-01
7.892568111419677734e-01
6.981203556060791016e-01
7.047603130340576172e-01
7.017030715942382812e-01
6.811020374298095703e-01
6.962857246398925781e-01
8.271939754486083984e-01
7.029583454132080078e-01
6.984245777130126953e-01
6.792693138122558594e-01
6.872169971466064453e-01
7.126178741455078125e-01
6.920747756958007812e-01
6.927573680877685547e-01
6.843678951263427734e-01
6.886911392211914062e-01
6.908068656921386719e-01
6.861839294433593750e-01
6.858716011047363281e-01
7.336394786834716797e-01
6.958038806915283203e-01
6.798450946807861328e-01
6.895432472229003906e-01
6.927325725555419922e-01
6.997320652008056641e-01
6.954760551452636719e-01
6.906714439392089844e-01
7.773098945617675781e-01
6.924738883972167969e-01
7.004160881042480469e-01
6.882925033569335938e-01
6.757793426513671875e-01
7.213690280914306641e-01
7.041132450103759766e-01
6.943311691284179688e-01
6.861271858215332031e-01
6.881482601165771484e-01
7.011442184448242188e-01
6.946961879730224609e-01
6.797692775726318359e-01
6.838476657867431641e-01
6.883082389831542969e-01
7.013361454010009766e-01
7.011954784393310547e-01
6.896040439605712891e-01
7.023947238922119141e-01
6.901962757110595703e-01
7.296910285949707031e-01
6.849160194396972656e-01
6.912763118743896484e-01
6.909825801849365234e-01
7.015388011932373047e-01
6.972041130065917969e-01
6.884067058563232422e-01
7.800180912017822266e-01
6.834011077880859375e-01
7.010715007781982422e-01
6.982595920562744141e-01
6.895194053649902344e-01
6.811482906341552734e-01
6.937112808227539062e-01
7.328333854675292969e-01
6.949069499969482422e-01
6.915853023529052734e-01
6.914424896240234375e-01
7.900981903076171875e-01
6.915619373321533203e-01
6.948390007019042969e-01
6.834065914154052734e-01
6.913626194000244141e-01
7.294318675994873047e-01
7.001335620880126953e-01
6.855030059814453125e-01
6.934344768524169922e-01
6.882178783416748047e-01
7.895865440368652344e-01
6.964480876922607422e-01
6.795616149902343750e-01
6.889548301696777344e-01
6.981720924377441406e-01
6.984100341796875000e-01
6.942520141601562500e-01
6.941223144531250000e-01
6.910483837127685547e-01
7.249939441680908203e-01
7.976593971252441406e-01
6.862690448760986328e-01
6.831181049346923828e-01
7.003321647644042969e-01
6.901021003723144531e-01
6.828322410583496094e-01
6.833202838897705078e-01
6.994667053222656250e-01
7.135710716247558594e-01
7.040104866027832031e-01
7.856829166412353516e-01
6.928436756134033203e-01
7.012610435485839844e-01
7.058315277099609375e-01
7.012305259704589844e-01
6.834852695465087891e-01
6.935076713562011719e-01
7.045300006866455078e-01
7.026469707489013672e-01
6.879346370697021484e-01
7.848160266876220703e-01
7.030405998229980469e-01
7.162945270538330078e-01
7.031447887420654297e-01
7.016887664794921875e-01
6.933224201202392578e-01
7.083129882812500000e-01
7.179567813873291016e-01
7.019052505493164062e-01
6.948301792144775391e-01
7.817237377166748047e-01
6.902418136596679688e-01
6.993896961212158203e-01
7.025129795074462891e-01
6.919343471527099609e-01
6.929507255554199219e-01
6.976234912872314453e-01
7.055597305297851562e-01
6.972246170043945312e-01
6.924729347229003906e-01
7.790162563323974609e-01
7.275774478912353516e-01
6.980977058410644531e-01
6.966028213500976562e-01
6.903445720672607422e-01
7.048125267028808594e-01
6.850271224975585938e-01
6.979851722717285156e-01
6.907730102539062500e-01
6.988627910614013672e-01
7.000153064727783203e-01
7.018089294433593750e-01
6.958093643188476562e-01
6.889748573303222656e-01
7.031536102294921875e-01
7.306485176086425781e-01
6.930172443389892578e-01
6.957249641418457031e-01
7.028737068176269531e-01
6.938440799713134766e-01
7.031738758087158203e-01
7.032418251037597656e-01
6.933970451354980469e-01
7.004325389862060547e-01
6.997754573822021484e-01
6.963007450103759766e-01
6.926052570343017578e-01
7.942810058593750000e-01
6.955604553222656250e-01
7.392237186431884766e-01
6.917486190795898438e-01
6.979620456695556641e-01
7.000226974487304688e-01
7.035651206970214844e-01
6.892588138580322266e-01
6.962914466857910156e-01
7.008647918701171875e-01
6.935172080993652344e-01
6.997370719909667969e-01
7.882032394409179688e-01
6.983869075775146484e-01
7.044689655303955078e-01
6.923885345458984375e-01
7.155201435089111328e-01
7.019376754760742188e-01
7.081274986267089844e-01
7.018795013427734375e-01
6.891067028045654297e-01
7.173852920532226562e-01
7.050600051879882812e-01
6.983902454376220703e-01
7.058446407318115234e-01
6.936755180358886719e-01
6.930143833160400391e-01
7.039892673492431641e-01
6.983382701873779297e-01
7.835650444030761719e-01
6.922154426574707031e-01
7.095117568969726562e-01
7.016322612762451172e-01
6.935989856719970703e-01
7.852444648742675781e-01
7.326428890228271484e-01
7.057046890258789062e-01
6.915850639343261719e-01
6.880657672882080078e-01
6.952619552612304688e-01
8.063747882843017578e-01
7.031879425048828125e-01
6.925609111785888672e-01
6.975102424621582031e-01
6.998181343078613281e-01
