2.095747947692871094e+00
3.893215656280517578e-01
3.898990154266357422e-01
3.878061771392822266e-01
3.952445983886718750e-01
3.939003944396972656e-01
3.898761272430419922e-01
3.883008956909179688e-01
3.984067440032958984e-01
3.943567276000976562e-01
3.906872272491455078e-01
3.958160877227783203e-01
3.969976902008056641e-01
4.043908119201660156e-01
4.025354385375976562e-01
3.946201801300048828e-01
3.885848522186279297e-01
4.003231525421142578e-01
3.981835842132568359e-01
3.907284736633300781e-01
3.913526535034179688e-01
3.997199535369873047e-01
3.959925174713134766e-01
3.919031620025634766e-01
3.896670341491699219e-01
3.957533836364746094e-01
4.034554958343505859e-01
3.967676162719726562e-01
3.908233642578125000e-01
3.917400836944580078e-01
3.983697891235351562e-01
3.985815048217773438e-01
3.917598724365234375e-01
3.914718627929687500e-01
3.981399536132812500e-01
3.976733684539794922e-01
3.936674594879150391e-01
3.896808624267578125e-01
3.968248367309570312e-01
4.025168418884277344e-01
3.965358734130859375e-01
3.910591602325439453e-01
3.915801048278808594e-01
3.999834060668945312e-01
3.977982997894287109e-01
3.939080238342285156e-01
3.900508880615234375e-01
4.003129005432128906e-01
4.048874378204345703e-01
4.103944301605224609e-01
3.951632976531982422e-01
4.012644290924072266e-01
3.950283527374267578e-01
3.963935375213623047e-01
3.984880447387695312e-01
3.960735797882080078e-01
3.932037353515625000e-01
3.941793441772460938e-01
3.984286785125732422e-01
3.996860980987548828e-01
3.961701393127441406e-01
3.928749561309814453e-01
3.910481929779052734e-01
3.992481231689453125e-01
3.964288234710693359e-01
3.949284553527832031e-01
3.936216831207275391e-01
3.986940383911132812e-01
3.998181819915771484e-01
3.994114398956298828e-01
3.999407291412353516e-01
3.931684494018554688e-01
3.992762565612792969e-01
4.010612964630126953e-01
3.967983722686767578e-01
3.938431739807128906e-01
3.944642543792724609e-01
4.031670093536376953e-01
3.993802070617675781e-01
3.974571228027343750e-01
3.929240703582763672e-01
4.005551338195800781e-01
4.040591716766357422e-01
3.985445499420166016e-01
3.958899974822998047e-01
3.926911354064941406e-01
4.006679058074951172e-01
3.976569175720214844e-01
3.954455852508544922e-01
3.950049877166748047e-01
3.998782634735107422e-01
4.034357070922851562e-01
4.002189636230468750e-01
3.971383571624755859e-01
4.079861640930175781e-01
4.021105766296386719e-01
4.043059349060058594e-01
3.992319107055664062e-01
3.955483436584472656e-01
3.984410762786865234e-01
4.049947261810302734e-01
3.991658687591552734e-01
3.978929519653320312e-01
3.963601589202880859e-01
4.030048847198486328e-01
4.060075283050537109e-01
4.019060134887695312e-01
3.998112678527832031e-01
3.970634937286376953e-01
4.045102596282958984e-01
4.048318862915039062e-01
3.971898555755615234e-01
3.951895236968994141e-01
3.960242271423339844e-01
4.065732955932617188e-01
4.046683311462402344e-01
3.987154960632324219e-01
3.964993953704833984e-01
4.121825695037841797e-01
4.101669788360595703e-01
4.020261764526367188e-01
3.986060619354248047e-01
3.983979225158691406e-01
4.097616672515869141e-01
4.099619388580322266e-01
4.008221626281738281e-01
3.968157768249511719e-01
4.026551246643066406e-01
4.057972431182861328e-01
4.097456932067871094e-01
4.006054401397705078e-01
4.008729457855224609e-01
4.051992893218994141e-01
4.094164371490478516e-01
4.127068519592285156e-01
4.033288955688476562e-01
4.033353328704833984e-01
4.070537090301513672e-01
4.081001281738281250e-01
4.033222198486328125e-01
3.986780643463134766e-01
4.021890163421630859e-01
4.112575054168701172e-01
4.054934978485107422e-01
4.023008346557617188e-01
3.997104167938232422e-01
4.064269065856933594e-01
4.076995849609375000e-01
4.083347320556640625e-01
4.111578464508056641e-01
3.992362022399902344e-01
4.077599048614501953e-01
4.170196056365966797e-01
4.053883552551269531e-01
4.030263423919677734e-01
4.027013778686523438e-01
4.074025154113769531e-01
4.045279026031494141e-01
3.997373580932617188e-01
3.992197513580322266e-01
4.143500328063964844e-01
4.084203243255615234e-01
4.037723541259765625e-01
4.032127857208251953e-01
4.009308815002441406e-01
4.052178859710693359e-01
4.103126525878906250e-01
4.029445648193359375e-01
4.120194911956787109e-01
4.029808044433593750e-01
4.182097911834716797e-01
4.164690971374511719e-01
4.019868373870849609e-01
4.030289649963378906e-01
4.080352783203125000e-01
4.180552959442138672e-01
4.037842750549316406e-01
4.033169746398925781e-01
4.077439308166503906e-01
4.087562561035156250e-01
4.140007495880126953e-01
4.059631824493408203e-01
4.084146022796630859e-01
4.065730571746826172e-01
4.048409461975097656e-01
4.133198261260986328e-01
4.012317657470703125e-01
4.039301872253417969e-01
4.026203155517578125e-01
4.103534221649169922e-01
4.061822891235351562e-01
4.022185802459716797e-01
4.117407798767089844e-01
4.083898067474365234e-01
4.103970527648925781e-01
4.198310375213623047e-01
4.041886329650878906e-01
4.057061672210693359e-01
4.065368175506591797e-01
4.116773605346679688e-01
