2.021785497665405273e+00
3.864455223083496094e-01
3.846545219421386719e-01
3.856256008148193359e-01
3.955938816070556641e-01
3.888912200927734375e-01
3.855593204498291016e-01
3.867619037628173828e-01
3.945965766906738281e-01
3.994472026824951172e-01
3.867759704589843750e-01
3.958649635314941406e-01
3.960368633270263672e-01
4.002003669738769531e-01
3.969879150390625000e-01
3.929338455200195312e-01
3.903532028198242188e-01
3.955883979797363281e-01
3.910906314849853516e-01
3.868563175201416016e-01
3.878781795501708984e-01
3.979487419128417969e-01
3.933362960815429688e-01
3.893656730651855469e-01
3.882329463958740234e-01
3.986721038818359375e-01
3.950207233428955078e-01
3.906903266906738281e-01
3.872542381286621094e-01
3.905894756317138672e-01
3.996963500976562500e-01
3.932232856750488281e-01
3.874211311340332031e-01
3.920035362243652344e-01
3.993928432464599609e-01
3.915338516235351562e-01
3.886237144470214844e-01
3.911154270172119141e-01
3.976733684539794922e-01
3.971436023712158203e-01
3.925626277923583984e-01
3.881003856658935547e-01
3.908727169036865234e-01
3.993570804595947266e-01
3.923070430755615234e-01
3.889410495758056641e-01
3.929741382598876953e-01
4.000179767608642578e-01
3.982698917388916016e-01
3.941395282745361328e-01
3.958728313446044922e-01
3.918373584747314453e-01
3.884611129760742188e-01
3.924758434295654297e-01
4.041171073913574219e-01
3.941488265991210938e-01
3.893535137176513672e-01
3.886418342590332031e-01
3.976151943206787109e-01
3.977091312408447266e-01
3.889513015747070312e-01
3.868935108184814453e-01
3.890421390533447266e-01
3.987622261047363281e-01
3.939163684844970703e-01
3.907237052917480469e-01
3.905968666076660156e-01
3.957979679107666016e-01
4.007790088653564453e-01
3.931903839111328125e-01
3.904893398284912109e-01
3.900871276855468750e-01
3.993313312530517578e-01
3.929371833801269531e-01
3.908624649047851562e-01
3.917293548583984375e-01
3.905780315399169922e-01
4.021635055541992188e-01
3.932192325592041016e-01
3.888833522796630859e-01
3.917901515960693359e-01
4.009745121002197266e-01
3.968160152435302734e-01
3.938908576965332031e-01
3.889918327331542969e-01
3.920087814331054688e-01
4.006195068359375000e-01
3.959331512451171875e-01
3.910696506500244141e-01
3.902912139892578125e-01
3.977050781250000000e-01
4.027643203735351562e-01
3.956372737884521484e-01
3.894500732421875000e-01
3.936712741851806641e-01
4.003129005432128906e-01
3.942658901214599609e-01
3.918888568878173828e-01
3.916003704071044922e-01
3.923034667968750000e-01
4.036021232604980469e-01
3.950295448303222656e-01
3.912467956542968750e-01
3.909001350402832031e-01
3.992207050323486328e-01
4.022302627563476562e-01
3.962032794952392578e-01
3.905506134033203125e-01
3.933262825012207031e-01
4.035458564758300781e-01
3.990714550018310547e-01
4.041130542755126953e-01
3.922941684722900391e-01
3.935272693634033203e-01
4.043478965759277344e-01
3.988578319549560547e-01
3.930518627166748047e-01
3.940274715423583984e-01
4.026863574981689453e-01
4.057371616363525391e-01
3.969743251800537109e-01
3.925485610961914062e-01
3.950362205505371094e-01
4.028515815734863281e-01
3.970110416412353516e-01
3.954868316650390625e-01
3.940143585205078125e-01
3.939239978790283203e-01
4.052531719207763672e-01
3.978919982910156250e-01
3.954255580902099609e-01
3.989441394805908203e-01
4.019539356231689453e-01
4.054932594299316406e-01
3.985502719879150391e-01
3.941423892974853516e-01
3.985400199890136719e-01
4.039766788482666016e-01
3.998854160308837891e-01
3.959879875183105469e-01
3.940565586090087891e-01
3.959581851959228516e-01
4.074766635894775391e-01
4.059877395629882812e-01
3.945741653442382812e-01
3.960843086242675781e-01
4.044997692108154297e-01
4.086668491363525391e-01
3.988685607910156250e-01
3.946669101715087891e-01
3.956313133239746094e-01
4.058578014373779297e-01
4.006192684173583984e-01
3.976154327392578125e-01
3.941936492919921875e-01
3.978619575500488281e-01
4.058094024658203125e-01
3.992090225219726562e-01
3.962607383728027344e-01
3.948440551757812500e-01
3.992247581481933594e-01
4.093499183654785156e-01
4.003143310546875000e-01
3.961594104766845703e-01
3.960525989532470703e-01
4.083540439605712891e-01
4.124159812927246094e-01
3.990020751953125000e-01
3.950173854827880859e-01
3.967797756195068359e-01
4.050993919372558594e-01
3.992900848388671875e-01
3.965783119201660156e-01
3.950932025909423828e-01
3.986034393310546875e-01
4.057288169860839844e-01
4.032366275787353516e-01
3.973062038421630859e-01
3.984189033508300781e-01
4.004490375518798828e-01
4.064300060272216797e-01
4.006049633026123047e-01
3.959078788757324219e-01
3.971436023712158203e-01
4.064242839813232422e-01
3.998923301696777344e-01
4.067440032958984375e-01
3.952918052673339844e-01
3.960132598876953125e-01
4.035978317260742188e-01
4.003226757049560547e-01
3.977937698364257812e-01
3.959884643554687500e-01
3.995084762573242188e-01
4.052515029907226562e-01
4.022614955902099609e-01
3.975265026092529297e-01
3.981120586395263672e-01
4.077754020690917969e-01
4.062259197235107422e-01
