1.947392463684082031e+00
3.846721649169921875e-01
3.811480998992919922e-01
3.826773166656494141e-01
3.980972766876220703e-01
3.875291347503662109e-01
3.856201171875000000e-01
3.851070404052734375e-01
3.943729400634765625e-01
3.898458480834960938e-01
3.862078189849853516e-01
3.917367458343505859e-01
3.940393924713134766e-01
3.976852893829345703e-01
3.951911926269531250e-01
3.961377143859863281e-01
3.858561515808105469e-01
3.959610462188720703e-01
3.919265270233154297e-01
3.843746185302734375e-01
3.844950199127197266e-01
3.996534347534179688e-01
3.916385173797607422e-01
3.858926296234130859e-01
3.876504898071289062e-01
3.951346874237060547e-01
3.951182365417480469e-01
3.879067897796630859e-01
3.832466602325439453e-01
3.849465847015380859e-01
3.957228660583496094e-01
3.907990455627441406e-01
3.867204189300537109e-01
3.873112201690673828e-01
3.965837955474853516e-01
3.933627605438232422e-01
3.870537281036376953e-01
3.852872848510742188e-01
3.967263698577880859e-01
3.927593231201171875e-01
3.917346000671386719e-01
3.847608566284179688e-01
3.874111175537109375e-01
3.981678485870361328e-01
3.926765918731689453e-01
3.874204158782958984e-01
3.877129554748535156e-01
3.991470336914062500e-01
4.032101631164550781e-01
4.072415828704833984e-01
3.879508972167968750e-01
3.889353275299072266e-01
3.875312805175781250e-01
3.909151554107666016e-01
3.976480960845947266e-01
3.913362026214599609e-01
3.855605125427246094e-01
3.878655433654785156e-01
3.981451988220214844e-01
3.948483467102050781e-01
3.901188373565673828e-01
3.888995647430419922e-01
3.894410133361816406e-01
3.972134590148925781e-01
3.920743465423583984e-01
3.863286972045898438e-01
3.893244266510009766e-01
3.931200504302978516e-01
3.985764980316162109e-01
3.903706073760986328e-01
3.896532058715820312e-01
3.886418342590332031e-01
3.973212242126464844e-01
3.888185024261474609e-01
3.884267807006835938e-01
3.868134021759033203e-01
3.859856128692626953e-01
4.018073081970214844e-01
3.934650421142578125e-01
3.901200294494628906e-01
3.896234035491943359e-01
3.970055580139160156e-01
3.971841335296630859e-01
3.910593986511230469e-01
3.877816200256347656e-01
3.903779983520507812e-01
3.978505134582519531e-01
3.922722339630126953e-01
3.903124332427978516e-01
3.896749019622802734e-01
3.961522579193115234e-01
4.007816314697265625e-01
3.924324512481689453e-01
3.891291618347167969e-01
3.913033008575439453e-01
4.023199081420898438e-01
3.946464061737060547e-01
3.919963836669921875e-01
3.886198997497558594e-01
3.887181282043457031e-01
4.004161357879638672e-01
3.948156833648681641e-01
3.929588794708251953e-01
3.908820152282714844e-01
4.021363258361816406e-01
4.031896591186523438e-01
3.928921222686767578e-01
3.899838924407958984e-01
3.904044628143310547e-01
4.006435871124267578e-01
3.953595161437988281e-01
3.919684886932373047e-01
3.892550468444824219e-01
3.931944370269775391e-01
4.061293601989746094e-01
3.986470699310302734e-01
3.897454738616943359e-01
3.909072875976562500e-01
4.023458957672119141e-01
4.033644199371337891e-01
3.963561058044433594e-01
3.908650875091552734e-01
3.943223953247070312e-01
4.040718078613281250e-01
3.971164226531982422e-01
3.916983604431152344e-01
3.926482200622558594e-01
3.929457664489746094e-01
4.083020687103271484e-01
3.984537124633789062e-01
3.960471153259277344e-01
3.947360515594482422e-01
3.990750312805175781e-01
4.161376953125000000e-01
3.958399295806884766e-01
3.928053379058837891e-01
3.929986953735351562e-01
4.027040004730224609e-01
3.997638225555419922e-01
3.963861465454101562e-01
3.918771743774414062e-01
4.006736278533935547e-01
4.071712493896484375e-01
3.966939449310302734e-01
3.966794013977050781e-01
3.946523666381835938e-01
3.983905315399169922e-01
4.092071056365966797e-01
3.977222442626953125e-01
3.944666385650634766e-01
3.944888114929199219e-01
4.051299095153808594e-01
4.040756225585937500e-01
3.959152698516845703e-01
3.941991329193115234e-01
3.957028388977050781e-01
4.055204391479492188e-01
3.980677127838134766e-01
3.959813117980957031e-01
3.939063549041748047e-01
3.957333564758300781e-01
4.066774845123291016e-01
4.011855125427246094e-01
3.956637382507324219e-01
3.945522308349609375e-01
4.062914848327636719e-01
4.062118530273437500e-01
3.979189395904541016e-01
3.959984779357910156e-01
3.949670791625976562e-01
4.052948951721191406e-01
4.006433486938476562e-01
3.983054161071777344e-01
4.045240879058837891e-01
3.963327407836914062e-01
4.071545600891113281e-01
4.026775360107421875e-01
3.980462551116943359e-01
3.966767787933349609e-01
4.034912586212158203e-01
4.102909564971923828e-01
4.006755352020263672e-01
3.964090347290039062e-01
3.955216407775878906e-01
4.050474166870117188e-01
4.000616073608398438e-01
3.993439674377441406e-01
3.961629867553710938e-01
3.964111804962158203e-01
4.083330631256103516e-01
4.050519466400146484e-01
3.951904773712158203e-01
3.958184719085693359e-01
3.997602462768554688e-01
4.075140953063964844e-01
3.985085487365722656e-01
3.951439857482910156e-01
3.945431709289550781e-01
4.053390026092529297e-01
4.067671298980712891e-01
