7.588996887207031250e-01
7.125680446624755859e-01
7.104852199554443359e-01
7.892692089080810547e-01
6.981654167175292969e-01
7.047545909881591797e-01
7.017245292663574219e-01
6.810920238494873047e-01
6.962804794311523438e-01
8.272056579589843750e-01
7.029533386230468750e-01
6.984362602233886719e-01
6.792759895324707031e-01
6.872122287750244141e-01
7.126076221466064453e-01
6.920583248138427734e-01
6.927518844604492188e-01
6.843600273132324219e-01
6.886942386627197266e-01
6.908078193664550781e-01
6.861820220947265625e-01
6.858615875244140625e-01
7.336323261260986328e-01
6.958143711090087891e-01
6.798493862152099609e-01
6.895360946655273438e-01
6.927266120910644531e-01
6.997258663177490234e-01
6.954813003540039062e-01
6.906571388244628906e-01
7.773044109344482422e-01
6.924655437469482422e-01
7.004323005676269531e-01
6.882915496826171875e-01
6.757824420928955078e-01
7.213635444641113281e-01
7.041079998016357422e-01
6.943330764770507812e-01
6.861224174499511719e-01
6.881599426269531250e-01
7.011387348175048828e-01
6.946969032287597656e-01
6.797716617584228516e-01
6.838285923004150391e-01
6.883018016815185547e-01
7.013309001922607422e-01
7.011880874633789062e-01
6.895902156829833984e-01
7.023973464965820312e-01
6.902036666870117188e-01
7.296831607818603516e-01
6.849215030670166016e-01
6.912708282470703125e-01
6.909770965576171875e-01
7.015433311462402344e-01
6.971967220306396484e-01
6.884179115295410156e-01
7.799930572509765625e-01
6.833899021148681641e-01
7.010514736175537109e-01
6.982355117797851562e-01
6.895370483398437500e-01
6.811399459838867188e-01
6.937272548675537109e-01
7.328302860260009766e-01
6.949131488800048828e-01
6.915972232818603516e-01
6.914377212524414062e-01
7.901101112365722656e-01
6.915459632873535156e-01
6.948430538177490234e-01
6.833963394165039062e-01
6.913676261901855469e-01
7.294244766235351562e-01
7.001242637634277344e-01
6.854896545410156250e-01
6.934273242950439453e-01
6.882104873657226562e-01
7.895984649658203125e-01
6.964621543884277344e-01
6.795556545257568359e-01
6.889338493347167969e-01
6.981673240661621094e-01
6.984024047851562500e-01
6.942436695098876953e-01
6.941192150115966797e-01
6.910247802734375000e-01
7.249786853790283203e-01
7.976517677307128906e-01
6.862707138061523438e-01
6.831312179565429688e-01
7.003302574157714844e-01
6.900918483734130859e-01
6.828460693359375000e-01
6.833426952362060547e-01
6.994781494140625000e-01
7.135837078094482422e-01
7.039952278137207031e-01
7.856824398040771484e-01
6.928319931030273438e-01
7.012581825256347656e-01
7.058196067810058594e-01
7.012295722961425781e-01
6.834950447082519531e-01
6.934988498687744141e-01
7.045228481292724609e-01
7.026386260986328125e-01
6.879491806030273438e-01
7.848262786865234375e-01
7.030344009399414062e-01
7.162895202636718750e-01
7.031402587890625000e-01
7.016737461090087891e-01
6.933119297027587891e-01
7.083010673522949219e-01
7.179491519927978516e-01
7.019114494323730469e-01
6.948301792144775391e-01
7.817354202270507812e-01
6.902546882629394531e-01
6.993827819824218750e-01
7.025325298309326172e-01
6.919517517089843750e-01
6.929492950439453125e-01
6.976175308227539062e-01
7.055461406707763672e-01
6.972210407257080078e-01
6.924912929534912109e-01
7.790334224700927734e-01
7.275576591491699219e-01
6.981003284454345703e-01
6.966214179992675781e-01
6.903414726257324219e-01
7.048034667968750000e-01
6.850407123565673828e-01
6.979784965515136719e-01
6.907835006713867188e-01
6.988458633422851562e-01
7.000098228454589844e-01
7.018020153045654297e-01
6.958258152008056641e-01
6.889674663543701172e-01
7.031469345092773438e-01
7.306604385375976562e-01
6.930131912231445312e-01
6.957445144653320312e-01
7.028627395629882812e-01
6.937208175659179688e-01
7.031645774841308594e-01
7.032594680786132812e-01
6.933894157409667969e-01
7.004256248474121094e-01
6.997687816619873047e-01
6.962971687316894531e-01
6.925902366638183594e-01
7.942681312561035156e-01
6.955721378326416016e-01
7.392153739929199219e-01
6.917431354522705078e-01
6.979494094848632812e-01
7.000365257263183594e-01
7.035555839538574219e-01
6.892502307891845703e-01
6.962833404541015625e-01
7.008612155914306641e-01
6.935155391693115234e-01
6.997299194335937500e-01
7.881975173950195312e-01
6.983802318572998047e-01
7.044813632965087891e-01
6.923909187316894531e-01
7.155156135559082031e-01
7.019305229187011719e-01
7.081196308135986328e-01
7.018723487854003906e-01
6.890997886657714844e-01
7.174084186553955078e-01
7.050511837005615234e-01
6.984000205993652344e-01
7.058351039886474609e-01
6.936879158020019531e-01
6.930060386657714844e-01
7.039785385131835938e-01
6.983306407928466797e-01
7.835590839385986328e-01
6.922082901000976562e-01
7.095196247100830078e-01
7.016317844390869141e-01
6.935999393463134766e-01
7.852368354797363281e-01
7.326359748840332031e-01
7.057018280029296875e-01
6.915667057037353516e-01
6.880567073822021484e-01
6.952519416809082031e-01
8.063883781433105469e-01
7.031812667846679688e-01
6.925730705261230469e-01
6.975016593933105469e-01
6.998112201690673828e-01
