2.052636623382568359e+00
3.861401081085205078e-01
3.800907135009765625e-01
3.835380077362060547e-01
3.957402706146240234e-01
3.875789642333984375e-01
3.850569725036621094e-01
3.840992450714111328e-01
3.972816467285156250e-01
3.912649154663085938e-01
3.852736949920654297e-01
3.928010463714599609e-01
3.943634033203125000e-01
3.976001739501953125e-01
3.942482471466064453e-01
3.956196308135986328e-01
3.868956565856933594e-01
3.986356258392333984e-01
3.918972015380859375e-01
3.849256038665771484e-01
3.858315944671630859e-01
3.974916934967041016e-01
3.941502571105957031e-01
3.886203765869140625e-01
3.893880844116210938e-01
3.982443809509277344e-01
3.952271938323974609e-01
3.882739543914794922e-01
3.880739212036132812e-01
3.868784904479980469e-01
4.014892578125000000e-01
3.906917572021484375e-01
3.899526596069335938e-01
3.900778293609619141e-01
3.987579345703125000e-01
3.981213569641113281e-01
3.864972591400146484e-01
3.863549232482910156e-01
3.979356288909912109e-01
3.968114852905273438e-01
3.909573554992675781e-01
3.870697021484375000e-01
3.875670433044433594e-01
3.988721370697021484e-01
3.928830623626708984e-01
3.859250545501708984e-01
3.886575698852539062e-01
3.969335556030273438e-01
4.098823070526123047e-01
4.108161926269531250e-01
3.921878337860107422e-01
3.883547782897949219e-01
3.885731697082519531e-01
3.902642726898193359e-01
3.978989124298095703e-01
3.917284011840820312e-01
3.872239589691162109e-01
3.893585205078125000e-01
3.968298435211181641e-01
3.942737579345703125e-01
3.935091495513916016e-01
3.881011009216308594e-01
3.897118568420410156e-01
3.976986408233642578e-01
3.949272632598876953e-01
3.881206512451171875e-01
3.893368244171142578e-01
3.942365646362304688e-01
3.999888896942138672e-01
3.942253589630126953e-01
3.890237808227539062e-01
3.893992900848388672e-01
3.979768753051757812e-01
3.933928012847900391e-01
3.905658721923828125e-01
3.858795166015625000e-01
3.876261711120605469e-01
4.017412662506103516e-01
3.955948352813720703e-01
3.884155750274658203e-01
3.898315429687500000e-01
3.988547325134277344e-01
4.013369083404541016e-01
3.917024135589599609e-01
3.886241912841796875e-01
3.894572257995605469e-01
4.005768299102783203e-01
3.953473567962646484e-01
3.899991512298583984e-01
3.895387649536132812e-01
3.958535194396972656e-01
4.022574424743652344e-01
3.931660652160644531e-01
3.898537158966064453e-01
3.915083408355712891e-01
4.040174484252929688e-01
3.947479724884033203e-01
3.904652595520019531e-01
3.896899223327636719e-01
3.912410736083984375e-01
4.020237922668457031e-01
3.968067169189453125e-01
3.932628631591796875e-01
3.920538425445556641e-01
3.997459411621093750e-01
4.036052227020263672e-01
3.946843147277832031e-01
3.912560939788818359e-01
3.932006359100341797e-01
4.002914428710937500e-01
3.964276313781738281e-01
3.942227363586425781e-01
3.913869857788085938e-01
3.940172195434570312e-01
4.034340381622314453e-01
3.985221385955810547e-01
3.905601501464843750e-01
3.931572437286376953e-01
4.000613689422607422e-01
4.062709808349609375e-01
3.962740898132324219e-01
3.922550678253173828e-01
3.953239917755126953e-01
4.053604602813720703e-01
3.970561027526855469e-01
3.931272029876708984e-01
3.949625492095947266e-01
3.937258720397949219e-01
4.049925804138183594e-01
3.970003128051757812e-01
3.953480720520019531e-01
3.944537639617919922e-01
3.998677730560302734e-01
4.066224098205566406e-01
3.974919319152832031e-01
3.942666053771972656e-01
3.932480812072753906e-01
4.023365974426269531e-01
4.005160331726074219e-01
3.980872631072998047e-01
3.942625522613525391e-01
3.946928977966308594e-01
4.054143428802490234e-01
3.991107940673828125e-01
3.959116935729980469e-01
3.944983482360839844e-01
3.991117477416992188e-01
4.087219238281250000e-01
3.989806175231933594e-01
3.993084430694580078e-01
3.952598571777343750e-01
4.056515693664550781e-01
4.054055213928222656e-01
3.963868618011474609e-01
3.983061313629150391e-01
3.941719532012939453e-01
4.068393707275390625e-01
3.990409374237060547e-01
3.978586196899414062e-01
3.937470912933349609e-01
3.967273235321044922e-01
4.083740711212158203e-01
3.999981880187988281e-01
3.955569267272949219e-01
3.960237503051757812e-01
4.075214862823486328e-01
4.059274196624755859e-01
4.004440307617187500e-01
3.952374458312988281e-01
3.970692157745361328e-01
4.039511680603027344e-01
4.035975933074951172e-01
3.980667591094970703e-01
3.966834545135498047e-01
3.973789215087890625e-01
4.067902565002441406e-01
4.023492336273193359e-01
3.974313735961914062e-01
3.983757495880126953e-01
4.031674861907958984e-01
4.103484153747558594e-01
4.035420417785644531e-01
3.981482982635498047e-01
3.967473506927490234e-01
4.053120613098144531e-01
4.030401706695556641e-01
3.998284339904785156e-01
3.971464633941650391e-01
3.964421749114990234e-01
4.061484336853027344e-01
4.019398689270019531e-01
3.962714672088623047e-01
3.965821266174316406e-01
3.994965553283691406e-01
4.171056747436523438e-01
3.989470005035400391e-01
3.982656002044677734e-01
3.954834938049316406e-01
4.050385951995849609e-01
4.094450473785400391e-01
