7.588880062103271484e-01
7.125797271728515625e-01
7.104973793029785156e-01
7.892575263977050781e-01
6.981194019317626953e-01
7.047607898712158203e-01
7.017028331756591797e-01
6.811020374298095703e-01
6.962842941284179688e-01
8.271942138671875000e-01
7.029590606689453125e-01
6.984229087829589844e-01
6.792664527893066406e-01
6.872184276580810547e-01
7.126128673553466797e-01
6.920728683471679688e-01
6.927561759948730469e-01
6.843693256378173828e-01
6.886916160583496094e-01
6.908011436462402344e-01
6.861841678619384766e-01
6.858742237091064453e-01
7.336404323577880859e-01
6.958076953887939453e-01
6.798443794250488281e-01
6.895411014556884766e-01
6.927325725555419922e-01
6.997301578521728516e-01
6.954734325408935547e-01
6.906719207763671875e-01
7.773096561431884766e-01
6.924741268157958984e-01
7.004153728485107422e-01
6.882946491241455078e-01
6.757793426513671875e-01
7.213683128356933594e-01
7.041161060333251953e-01
6.943283081054687500e-01
6.861276626586914062e-01
6.881484985351562500e-01
7.011425495147705078e-01
6.946964263916015625e-01
6.797709465026855469e-01
6.838467121124267578e-01
6.883099079132080078e-01
7.013363838195800781e-01
7.011964321136474609e-01
6.896021366119384766e-01
7.023942470550537109e-01
6.901946067810058594e-01
7.296922206878662109e-01
6.849138736724853516e-01
6.912751197814941406e-01
6.909816265106201172e-01
7.015435695648193359e-01
6.972041130065917969e-01
6.884067058563232422e-01
7.800178527832031250e-01
6.833994388580322266e-01
7.010655403137207031e-01
6.982607841491699219e-01
6.895210742950439453e-01
6.811482906341552734e-01
6.937055587768554688e-01
7.328348159790039062e-01
6.949074268341064453e-01
6.915874481201171875e-01
6.914427280426025391e-01
7.900979518890380859e-01
6.915602684020996094e-01
6.948399543762207031e-01
6.834075450897216797e-01
6.913592815399169922e-01
7.294328212738037109e-01
7.001349925994873047e-01
6.855037212371826172e-01
6.934347152709960938e-01
6.882188320159912109e-01
7.895865440368652344e-01
6.964485645294189453e-01
6.795613765716552734e-01
6.889553070068359375e-01
6.981744766235351562e-01
6.984093189239501953e-01
6.942510604858398438e-01
6.941249370574951172e-01
6.910490989685058594e-01
7.249941825866699219e-01
7.976577281951904297e-01
6.862678527832031250e-01
6.831171512603759766e-01
7.003326416015625000e-01
6.901040077209472656e-01
6.828279495239257812e-01
6.833217144012451172e-01
6.994655132293701172e-01
7.135701179504394531e-01
7.040102481842041016e-01
7.856826782226562500e-01
6.928436756134033203e-01
7.012636661529541016e-01
7.058312892913818359e-01
7.012319564819335938e-01
6.834838390350341797e-01
6.935076713562011719e-01
7.045304775238037109e-01
7.026469707489013672e-01
6.879348754882812500e-01
7.848162651062011719e-01
7.030422687530517578e-01
7.162959575653076172e-01
7.031455039978027344e-01
7.016890048980712891e-01
6.933231353759765625e-01
7.083103656768798828e-01
7.179567813873291016e-01
7.019045352935791016e-01
6.948301792144775391e-01
7.817239761352539062e-01
6.902420520782470703e-01
6.993908882141113281e-01
7.025108337402343750e-01
6.919345855712890625e-01
6.929502487182617188e-01
6.976251602172851562e-01
7.055594921112060547e-01
6.972274780273437500e-01
6.924726963043212891e-01
7.790172100067138672e-01
7.275753021240234375e-01
6.980972290039062500e-01
6.965999603271484375e-01
6.903429031372070312e-01
7.048106193542480469e-01
6.850278377532958984e-01
6.979846954345703125e-01
6.907746791839599609e-01
6.988620758056640625e-01
7.000164985656738281e-01
7.018082141876220703e-01
6.958076953887939453e-01
6.889734268188476562e-01
7.031548023223876953e-01
7.306487560272216797e-01
6.930162906646728516e-01
6.957230567932128906e-01
7.028751373291015625e-01
6.938455104827880859e-01
7.031743526458740234e-01
7.032389640808105469e-01
6.933972835540771484e-01
7.004330158233642578e-01
6.997761726379394531e-01
6.963031291961669922e-01
6.926057338714599609e-01
7.942824363708496094e-01
6.955621242523193359e-01
7.392227649688720703e-01
6.917474269866943359e-01
6.979634761810302734e-01
7.000231742858886719e-01
7.035651206970214844e-01
6.892607212066650391e-01
6.962900161743164062e-01
7.008650302886962891e-01
6.935179233551025391e-01
6.997342109680175781e-01
7.882053852081298828e-01
6.983883380889892578e-01
7.044703960418701172e-01
6.923882961273193359e-01
7.155218124389648438e-01
7.019379138946533203e-01
7.081248760223388672e-01
7.018783092498779297e-01
6.891067028045654297e-01
7.173848152160644531e-01
7.050597667694091797e-01
6.983914375305175781e-01
7.058432102203369141e-01
6.936736106872558594e-01
6.930150985717773438e-01
7.039897441864013672e-01
6.983413696289062500e-01
7.835662364959716797e-01
6.922156810760498047e-01
7.095122337341308594e-01
7.016298770904541016e-01
6.935992240905761719e-01
7.852447032928466797e-01
7.326428890228271484e-01
7.057068347930908203e-01
6.915903091430664062e-01
6.880662441253662109e-01
6.952641010284423828e-01
8.063750267028808594e-01
7.031886577606201172e-01
6.925601959228515625e-01
6.975102424621582031e-01
6.998193264007568359e-01
