7.588939666748046875e-01
7.125611305236816406e-01
7.104847431182861328e-01
7.892706394195556641e-01
6.981604099273681641e-01
7.047560214996337891e-01
7.017261981964111328e-01
6.810898780822753906e-01
6.962816715240478516e-01
8.272061347961425781e-01
7.029542922973632812e-01
6.984350681304931641e-01
6.792745590209960938e-01
6.872124671936035156e-01
7.126038074493408203e-01
6.920595169067382812e-01
6.927528381347656250e-01
6.843616962432861328e-01
6.886911392211914062e-01
6.908066272735595703e-01
6.861841678619384766e-01
6.858644485473632812e-01
7.336325645446777344e-01
6.957988739013671875e-01
6.798477172851562500e-01
6.895382404327392578e-01
6.927278041839599609e-01
6.997256278991699219e-01
6.954705715179443359e-01
6.906571388244628906e-01
7.773048877716064453e-01
6.924669742584228516e-01
7.004332542419433594e-01
6.882827281951904297e-01
6.757826805114746094e-01
7.213647365570068359e-01
7.041032314300537109e-01
6.943252086639404297e-01
6.861100196838378906e-01
6.881620883941650391e-01
7.011380195617675781e-01
6.946926116943359375e-01
6.797728538513183594e-01
6.838259696960449219e-01
6.883051395416259766e-01
7.013304233551025391e-01
7.011868953704833984e-01
6.895916461944580078e-01
7.023968696594238281e-01
6.902039051055908203e-01
7.296860218048095703e-01
6.849174499511718750e-01
6.912717819213867188e-01
6.909787654876708984e-01
7.015438079833984375e-01
6.972005367279052734e-01
6.884114742279052734e-01
7.799921035766601562e-01
6.833884716033935547e-01
7.010533809661865234e-01
6.982362270355224609e-01
6.895351409912109375e-01
6.811380386352539062e-01
6.937272548675537109e-01
7.328331470489501953e-01
6.949067115783691406e-01
6.915934085845947266e-01
6.914391517639160156e-01
7.901110649108886719e-01
6.915464401245117188e-01
6.948535442352294922e-01
6.833946704864501953e-01
6.913669109344482422e-01
7.294266223907470703e-01
7.001094818115234375e-01
6.854915618896484375e-01
6.934242248535156250e-01
6.882131099700927734e-01
7.896010875701904297e-01
6.964592933654785156e-01
6.795592308044433594e-01
6.889324188232421875e-01
6.981682777404785156e-01
6.984045505523681641e-01
6.942462921142578125e-01
6.941201686859130859e-01
6.910243034362792969e-01
7.249810695648193359e-01
7.976443767547607422e-01
6.862702369689941406e-01
6.831290721893310547e-01
7.003304958343505859e-01
6.900897026062011719e-01
6.828389167785644531e-01
6.833417415618896484e-01
6.994745731353759766e-01
7.135827541351318359e-01
7.039947509765625000e-01
7.856812477111816406e-01
6.928334236145019531e-01
7.012486457824707031e-01
7.058229446411132812e-01
7.012319564819335938e-01
6.834964752197265625e-01
6.934936046600341797e-01
7.045145034790039062e-01
7.026424407958984375e-01
6.879491806030273438e-01
7.848293781280517578e-01
7.030365467071533203e-01
7.162902355194091797e-01
7.031400203704833984e-01
7.016761302947998047e-01
6.933004856109619141e-01
7.083008289337158203e-01
7.179517745971679688e-01
7.019121646881103516e-01
6.948163509368896484e-01
7.817337512969970703e-01
6.902561187744140625e-01
6.993799209594726562e-01
7.025272846221923828e-01
6.919529438018798828e-01
6.929488182067871094e-01
6.976191997528076172e-01
7.055466175079345703e-01
6.972258090972900391e-01
6.924870014190673828e-01
7.790341377258300781e-01
7.275605201721191406e-01
6.981022357940673828e-01
6.966209411621093750e-01
6.903421878814697266e-01
7.048058509826660156e-01
6.850407123565673828e-01
6.979837417602539062e-01
6.907811164855957031e-01
6.988499164581298828e-01
7.000091075897216797e-01
7.018043994903564453e-01
6.958246231079101562e-01
6.889715194702148438e-01
7.031497955322265625e-01
7.306666374206542969e-01
6.929962635040283203e-01
6.957430839538574219e-01
7.028653621673583984e-01
6.937198638916015625e-01
7.031679153442382812e-01
7.032599449157714844e-01
6.933934688568115234e-01
7.004258632659912109e-01
6.997644901275634766e-01
6.962988376617431641e-01
6.925909519195556641e-01
7.942671775817871094e-01
6.955690383911132812e-01
7.392187118530273438e-01
6.917443275451660156e-01
6.979463100433349609e-01
7.000391483306884766e-01
7.035579681396484375e-01
6.892461776733398438e-01
6.962735652923583984e-01
7.008619308471679688e-01
6.935107707977294922e-01
6.997349262237548828e-01
7.881999015808105469e-01
6.983833312988281250e-01
7.044835090637207031e-01
6.923959255218505859e-01
7.154986858367919922e-01
7.019336223602294922e-01
7.081222534179687500e-01
7.018733024597167969e-01
6.890969276428222656e-01
7.174081802368164062e-01
7.050538063049316406e-01
6.984026432037353516e-01
7.058339118957519531e-01
6.936883926391601562e-01
6.930077075958251953e-01
7.039802074432373047e-01
6.983327865600585938e-01
7.835595607757568359e-01
6.922097206115722656e-01
7.095108032226562500e-01
7.016279697418212891e-01
6.935882568359375000e-01
7.852346897125244141e-01
7.326388359069824219e-01
7.057006359100341797e-01
6.915674209594726562e-01
6.880586147308349609e-01
6.952536106109619141e-01
8.063957691192626953e-01
7.031946182250976562e-01
6.925642490386962891e-01
6.975033283233642578e-01
6.998107433319091797e-01
