2.052498817443847656e+00
3.872423171997070312e-01
3.852379322052001953e-01
3.855338096618652344e-01
3.937702178955078125e-01
3.888895511627197266e-01
3.878238201141357422e-01
3.843946456909179688e-01
3.946046829223632812e-01
3.902719020843505859e-01
3.880848884582519531e-01
3.934032917022705078e-01
3.937969207763671875e-01
3.991518020629882812e-01
3.997662067413330078e-01
3.934583663940429688e-01
3.880627155303955078e-01
3.953855037689208984e-01
3.926424980163574219e-01
3.895013332366943359e-01
3.872017860412597656e-01
3.951358795166015625e-01
3.938927650451660156e-01
3.912222385406494141e-01
3.882043361663818359e-01
3.932435512542724609e-01
3.988370895385742188e-01
3.922133445739746094e-01
3.885774612426757812e-01
3.895301818847656250e-01
3.960521221160888672e-01
3.931734561920166016e-01
3.886923789978027344e-01
3.890595436096191406e-01
3.970251083374023438e-01
3.939003944396972656e-01
3.899610042572021484e-01
3.873162269592285156e-01
3.951430320739746094e-01
4.016411304473876953e-01
3.915765285491943359e-01
3.880770206451416016e-01
3.901379108428955078e-01
3.981187343597412109e-01
3.928711414337158203e-01
3.900971412658691406e-01
3.903622627258300781e-01
3.979284763336181641e-01
4.002320766448974609e-01
4.053084850311279297e-01
3.911352157592773438e-01
3.933873176574707031e-01
3.896706104278564453e-01
3.904635906219482422e-01
3.937592506408691406e-01
3.917877674102783203e-01
3.903403282165527344e-01
3.884971141815185547e-01
3.958528041839599609e-01
3.981223106384277344e-01
3.917381763458251953e-01
3.909697532653808594e-01
3.898057937622070312e-01
3.980040550231933594e-01
3.925411701202392578e-01
3.928003311157226562e-01
3.898036479949951172e-01
3.947641849517822266e-01
3.975455760955810547e-01
3.969931602478027344e-01
3.954830169677734375e-01
3.925797939300537109e-01
3.981580734252929688e-01
3.971579074859619141e-01
4.000816345214843750e-01
3.893101215362548828e-01
3.924608230590820312e-01
3.985099792480468750e-01
3.936002254486083984e-01
3.921451568603515625e-01
3.891956806182861328e-01
3.972139358520507812e-01
4.007148742675781250e-01
3.971590995788574219e-01
3.899166584014892578e-01
3.908176422119140625e-01
3.981559276580810547e-01
3.955957889556884766e-01
3.927967548370361328e-01
3.907666206359863281e-01
3.957777023315429688e-01
3.997013568878173828e-01
3.971595764160156250e-01
3.915843963623046875e-01
3.899369239807128906e-01
3.999300003051757812e-01
4.017446041107177734e-01
3.961064815521240234e-01
3.933224678039550781e-01
3.940072059631347656e-01
4.021506309509277344e-01
3.980810642242431641e-01
3.962950706481933594e-01
3.914780616760253906e-01
3.991363048553466797e-01
4.062345027923583984e-01
4.016578197479248047e-01
3.947525024414062500e-01
3.929798603057861328e-01
4.094333648681640625e-01
4.027323722839355469e-01
3.959474563598632812e-01
3.928496837615966797e-01
3.933675289154052734e-01
3.995392322540283203e-01
3.974099159240722656e-01
3.947446346282958984e-01
3.928041458129882812e-01
4.025862216949462891e-01
4.025304317474365234e-01
3.981025218963623047e-01
3.970692157745361328e-01
3.939898014068603516e-01
4.058065414428710938e-01
4.188280105590820312e-01
3.954977989196777344e-01
3.938100337982177734e-01
3.960440158843994141e-01
4.013626575469970703e-01
4.006109237670898438e-01
3.965723514556884766e-01
3.964581489562988281e-01
4.008240699768066406e-01
4.047272205352783203e-01
4.054911136627197266e-01
3.966343402862548828e-01
3.963825702667236328e-01
4.048647880554199219e-01
4.047234058380126953e-01
4.008305072784423828e-01
3.958339691162109375e-01
3.957750797271728516e-01
4.060649871826171875e-01
4.003248214721679688e-01
3.991055488586425781e-01
3.956644535064697266e-01
3.997311592102050781e-01
4.045896530151367188e-01
4.034497737884521484e-01
4.019768238067626953e-01
3.952445983886718750e-01
4.029560089111328125e-01
4.089550971984863281e-01
4.012377262115478516e-01
3.974232673645019531e-01
3.977806568145751953e-01
4.070010185241699219e-01
4.033110141754150391e-01
3.994317054748535156e-01
3.956856727600097656e-01
4.000062942504882812e-01
4.048464298248291016e-01
3.994138240814208984e-01
3.984768390655517578e-01
3.979461193084716797e-01
4.042618274688720703e-01
4.082689285278320312e-01
3.991611003875732422e-01
3.983726501464843750e-01
3.976781368255615234e-01
4.058496952056884766e-01
4.194872379302978516e-01
3.987205028533935547e-01
3.947789669036865234e-01
3.985438346862792969e-01
4.076750278472900391e-01
4.006829261779785156e-01
4.024491310119628906e-01
4.007897377014160156e-01
4.057264328002929688e-01
4.171857833862304688e-01
3.996584415435791016e-01
3.998026847839355469e-01
3.988997936248779297e-01
4.178066253662109375e-01
4.099280834197998047e-01
3.985748291015625000e-01
3.997175693511962891e-01
4.007668495178222656e-01
4.036521911621093750e-01
4.023275375366210938e-01
3.992276191711425781e-01
3.993334770202636719e-01
3.993532657623291016e-01
4.052600860595703125e-01
4.031081199645996094e-01
4.009718894958496094e-01
3.995358943939208984e-01
4.053196907043457031e-01
4.059767723083496094e-01
