2.682223081588745117e+00
7.464528083801269531e-01
7.471985816955566406e-01
7.600944042205810547e-01
7.477457523345947266e-01
7.470941543579101562e-01
7.466955184936523438e-01
7.449328899383544922e-01
7.473297119140625000e-01
7.532370090484619141e-01
7.459192276000976562e-01
7.472116947174072266e-01
7.754588127136230469e-01
7.459361553192138672e-01
7.472996711730957031e-01
7.470142841339111328e-01
7.465975284576416016e-01
7.465710639953613281e-01
7.760980129241943359e-01
7.750489711761474609e-01
7.752759456634521484e-01
7.740154266357421875e-01
7.733433246612548828e-01
7.699642181396484375e-01
7.729384899139404297e-01
7.784848213195800781e-01
7.758402824401855469e-01
7.757365703582763672e-01
7.760488986968994141e-01
7.765221595764160156e-01
7.779109477996826172e-01
7.770149707794189453e-01
7.809672355651855469e-01
7.801604270935058594e-01
7.793278694152832031e-01
7.785050868988037109e-01
7.788853645324707031e-01
7.777216434478759766e-01
7.794556617736816406e-01
7.821209430694580078e-01
7.783718109130859375e-01
7.814676761627197266e-01
7.807047367095947266e-01
7.823998928070068359e-01
7.951300144195556641e-01
7.821676731109619141e-01
7.820785045623779297e-01
7.836384773254394531e-01
7.825896739959716797e-01
7.830796241760253906e-01
7.862870693206787109e-01
7.803864479064941406e-01
7.827391624450683594e-01
7.825114727020263672e-01
7.841861248016357422e-01
7.851543426513671875e-01
7.837843894958496094e-01
7.870647907257080078e-01
7.878134250640869141e-01
8.083503246307373047e-01
7.868840694427490234e-01
7.823095321655273438e-01
7.545208930969238281e-01
7.933876514434814453e-01
7.881722450256347656e-01
7.981915473937988281e-01
7.898852825164794922e-01
7.911007404327392578e-01
7.882587909698486328e-01
7.848260402679443359e-01
7.896008491516113281e-01
7.889084815979003906e-01
7.971622943878173828e-01
7.845520973205566406e-01
7.873201370239257812e-01
7.885842323303222656e-01
7.842903137207031250e-01
7.858202457427978516e-01
7.916111946105957031e-01
7.878751754760742188e-01
7.900147438049316406e-01
7.848939895629882812e-01
7.849273681640625000e-01
7.872703075408935547e-01
7.849583625793457031e-01
7.877662181854248047e-01
7.887065410614013672e-01
7.562167644500732422e-01
8.120136260986328125e-01
7.919313907623291016e-01
7.936120033264160156e-01
7.940573692321777344e-01
7.946517467498779297e-01
8.018972873687744141e-01
7.910664081573486328e-01
7.911069393157958984e-01
7.907962799072265625e-01
7.949235439300537109e-01
7.901260852813720703e-01
7.857117652893066406e-01
7.897367477416992188e-01
7.893052101135253906e-01
8.121457099914550781e-01
8.055508136749267578e-01
7.986183166503906250e-01
8.336968421936035156e-01
7.949740886688232422e-01
8.032224178314208984e-01
7.932207584381103516e-01
8.001072406768798828e-01
7.882297039031982422e-01
7.885930538177490234e-01
7.890694141387939453e-01
7.874102592468261719e-01
7.880735397338867188e-01
8.085598945617675781e-01
7.880122661590576172e-01
7.776608467102050781e-01
8.416571617126464844e-01
8.269288539886474609e-01
8.319063186645507812e-01
7.848424911499023438e-01
7.722637653350830078e-01
7.597730159759521484e-01
7.884638309478759766e-01
7.618255615234375000e-01
7.764134407043457031e-01
7.918763160705566406e-01
7.945406436920166016e-01
7.959036827087402344e-01
7.917039394378662109e-01
7.952663898468017578e-01
7.915532588958740234e-01
7.959921360015869141e-01
8.018701076507568359e-01
7.962827682495117188e-01
7.958707809448242188e-01
7.985012531280517578e-01
7.958116531372070312e-01
7.930698394775390625e-01
7.940597534179687500e-01
8.067550659179687500e-01
7.922580242156982422e-01
7.698421478271484375e-01
7.895410060882568359e-01
7.778186798095703125e-01
7.996718883514404297e-01
8.802573680877685547e-01
7.969961166381835938e-01
7.854266166687011719e-01
8.395349979400634766e-01
7.628440856933593750e-01
7.630622386932373047e-01
7.619383335113525391e-01
8.383817672729492188e-01
7.963383197784423828e-01
8.101260662078857422e-01
8.065245151519775391e-01
7.974922657012939453e-01
8.607561588287353516e-01
7.632822990417480469e-01
7.916352748870849609e-01
7.956273555755615234e-01
7.958498001098632812e-01
7.964823246002197266e-01
7.950794696807861328e-01
7.967483997344970703e-01
7.940833568572998047e-01
7.919173240661621094e-01
7.907912731170654297e-01
7.917444705963134766e-01
7.639555931091308594e-01
7.626681327819824219e-01
7.801506519317626953e-01
8.005371093750000000e-01
7.983317375183105469e-01
7.978148460388183594e-01
7.996048927307128906e-01
7.989866733551025391e-01
8.048977851867675781e-01
7.951455116271972656e-01
8.349804878234863281e-01
7.661464214324951172e-01
7.625679969787597656e-01
7.899303436279296875e-01
8.331205844879150391e-01
7.910661697387695312e-01
7.921757698059082031e-01
7.925293445587158203e-01
7.923078536987304688e-01
7.931234836578369141e-01
7.950813770294189453e-01
7.907869815826416016e-01
8.149204254150390625e-01
7.983558177947998047e-01
7.993619441986083984e-01
8.002569675445556641e-01
7.978038787841796875e-01
7.945449352264404297e-01
7.927310466766357422e-01
