2.705515384674072266e+00
7.874429225921630859e-01
7.888858318328857422e-01
7.882401943206787109e-01
7.857012748718261719e-01
7.878236770629882812e-01
7.889332771301269531e-01
7.949533462524414062e-01
8.231678009033203125e-01
7.918794155120849609e-01
7.920401096343994141e-01
8.112981319427490234e-01
7.809567451477050781e-01
7.828910350799560547e-01
7.829308509826660156e-01
7.872543334960937500e-01
7.873184680938720703e-01
7.856676578521728516e-01
7.838728427886962891e-01
7.835497856140136719e-01
7.861087322235107422e-01
7.867174148559570312e-01
8.078141212463378906e-01
7.981746196746826172e-01
7.624702453613281250e-01
8.087604045867919922e-01
7.911500930786132812e-01
7.962374687194824219e-01
7.926678657531738281e-01
7.964911460876464844e-01
7.974255084991455078e-01
7.984781265258789062e-01
7.997617721557617188e-01
7.978374958038330078e-01
8.005807399749755859e-01
7.929375171661376953e-01
7.916197776794433594e-01
7.939212322235107422e-01
7.934916019439697266e-01
8.200008869171142578e-01
7.969250679016113281e-01
8.010861873626708984e-01
8.063447475433349609e-01
7.990341186523437500e-01
8.043687343597412109e-01
8.034698963165283203e-01
7.985033988952636719e-01
7.981784343719482422e-01
7.952575683593750000e-01
8.108978271484375000e-01
8.045480251312255859e-01
8.595323562622070312e-01
8.058803081512451172e-01
8.020217418670654297e-01
8.252952098846435547e-01
7.665162086486816406e-01
7.860043048858642578e-01
7.647066116333007812e-01
7.666563987731933594e-01
7.656526565551757812e-01
8.193306922912597656e-01
8.048522472381591797e-01
8.068749904632568359e-01
8.066003322601318359e-01
8.079187870025634766e-01
8.078911304473876953e-01
8.026051521301269531e-01
8.004975318908691406e-01
8.070006370544433594e-01
8.024580478668212891e-01
8.028492927551269531e-01
8.026163578033447266e-01
8.023676872253417969e-01
1.086444377899169922e+00
8.365998268127441406e-01
8.309984207153320312e-01
8.031470775604248047e-01
8.191041946411132812e-01
8.098497390747070312e-01
8.413929939270019531e-01
8.102557659149169922e-01
8.028090000152587891e-01
7.992784976959228516e-01
8.093104362487792969e-01
8.028085231781005859e-01
7.918190956115722656e-01
8.342814445495605469e-01
8.174004554748535156e-01
8.179955482482910156e-01
8.316459655761718750e-01
8.151280879974365234e-01
8.208212852478027344e-01
8.076372146606445312e-01
8.103172779083251953e-01
8.096330165863037109e-01
8.166782855987548828e-01
8.073358535766601562e-01
8.071932792663574219e-01
8.137607574462890625e-01
8.098297119140625000e-01
8.102889060974121094e-01
8.111512660980224609e-01
8.118884563446044922e-01
8.097009658813476562e-01
8.137061595916748047e-01
8.107521533966064453e-01
8.129272460937500000e-01
8.076949119567871094e-01
8.362708091735839844e-01
8.065931797027587891e-01
8.001282215118408203e-01
7.918810844421386719e-01
8.100335597991943359e-01
8.584542274475097656e-01
7.693521976470947266e-01
7.736177444458007812e-01
8.337395191192626953e-01
8.227751255035400391e-01
8.144853115081787109e-01
8.128969669342041016e-01
8.184671401977539062e-01
8.123292922973632812e-01
8.136861324310302734e-01
8.124301433563232422e-01
8.126578330993652344e-01
8.172199726104736328e-01
8.119001388549804688e-01
8.105299472808837891e-01
8.114299774169921875e-01
8.146476745605468750e-01
8.103365898132324219e-01
8.118195533752441406e-01
8.087985515594482422e-01
7.877039909362792969e-01
8.052375316619873047e-01
8.088152408599853516e-01
8.093469142913818359e-01
8.086433410644531250e-01
8.063585758209228516e-01
8.085982799530029297e-01
8.056328296661376953e-01
8.066020011901855469e-01
8.325109481811523438e-01
8.150153160095214844e-01
8.153302669525146484e-01
8.145682811737060547e-01
8.122539520263671875e-01
7.718515396118164062e-01
8.272871971130371094e-01
8.149495124816894531e-01
8.152811527252197266e-01
8.155233860015869141e-01
7.927217483520507812e-01
8.186047077178955078e-01
8.157408237457275391e-01
8.181025981903076172e-01
8.165767192840576172e-01
8.180320262908935547e-01
8.188498020172119141e-01
8.145587444305419922e-01
8.155822753906250000e-01
8.153226375579833984e-01
8.177814483642578125e-01
8.126549720764160156e-01
8.104162216186523438e-01
8.086733818054199219e-01
8.056116104125976562e-01
8.149204254150390625e-01
8.178503513336181641e-01
8.185575008392333984e-01
8.155426979064941406e-01
8.093194961547851562e-01
8.096451759338378906e-01
8.362200260162353516e-01
7.710814476013183594e-01
8.198549747467041016e-01
8.157377243041992188e-01
8.160412311553955078e-01
8.167872428894042969e-01
8.229794502258300781e-01
8.255507946014404297e-01
8.143196105957031250e-01
8.140192031860351562e-01
8.149743080139160156e-01
8.158447742462158203e-01
8.172371387481689453e-01
8.407146930694580078e-01
8.174867630004882812e-01
8.122880458831787109e-01
8.076536655426025391e-01
8.090500831604003906e-01
8.154118061065673828e-01
8.233714103698730469e-01
8.147628307342529297e-01
8.083417415618896484e-01
8.066465854644775391e-01
8.166010379791259766e-01
8.172502517700195312e-01
8.069477081298828125e-01
8.116519451141357422e-01
