6.182947158813476562e-01
6.096670627593994141e-01
6.063959598541259766e-01
6.132135391235351562e-01
6.883342266082763672e-01
6.234791278839111328e-01
6.419870853424072266e-01
6.268579959869384766e-01
6.321825981140136719e-01
6.287593841552734375e-01
6.404461860656738281e-01
6.357755661010742188e-01
6.781687736511230469e-01
6.478683948516845703e-01
6.309156417846679688e-01
6.238451004028320312e-01
7.081263065338134766e-01
6.474258899688720703e-01
6.231369972229003906e-01
6.376216411590576172e-01
6.503572463989257812e-01
6.752898693084716797e-01
6.252412796020507812e-01
6.316206455230712891e-01
6.321732997894287109e-01
6.179230213165283203e-01
6.201736927032470703e-01
6.151885986328125000e-01
6.179420948028564453e-01
6.151306629180908203e-01
6.246664524078369141e-01
6.214771270751953125e-01
6.217138767242431641e-01
6.199827194213867188e-01
6.262362003326416016e-01
7.007191181182861328e-01
6.112811565399169922e-01
6.401350498199462891e-01
6.062288284301757812e-01
6.250140666961669922e-01
6.294393539428710938e-01
6.341984272003173828e-01
6.361327171325683594e-01
6.330142021179199219e-01
6.305212974548339844e-01
6.385781764984130859e-01
6.328296661376953125e-01
6.900918483734130859e-01
6.305141448974609375e-01
6.418173313140869141e-01
6.334042549133300781e-01
6.267049312591552734e-01
6.343557834625244141e-01
6.200575828552246094e-01
6.354415416717529297e-01
6.210520267486572266e-01
6.241769790649414062e-01
6.235027313232421875e-01
6.263229846954345703e-01
6.294729709625244141e-01
6.346080303192138672e-01
6.179327964782714844e-01
6.282122135162353516e-01
6.327946186065673828e-01
6.342720985412597656e-01
6.276636123657226562e-01
6.944966316223144531e-01
6.372408866882324219e-01
6.328101158142089844e-01
6.178088188171386719e-01
6.282861232757568359e-01
6.291570663452148438e-01
6.297917366027832031e-01
6.338343620300292969e-01
6.357052326202392578e-01
6.324584484100341797e-01
6.286575794219970703e-01
6.326987743377685547e-01
6.302294731140136719e-01
6.287074089050292969e-01
6.248028278350830078e-01
6.298716068267822266e-01
6.265385150909423828e-01
6.237213611602783203e-01
6.323251724243164062e-01
6.290097236633300781e-01
6.310515403747558594e-01
6.319475173950195312e-01
6.319518089294433594e-01
7.112092971801757812e-01
6.279833316802978516e-01
6.374566555023193359e-01
6.568813323974609375e-01
6.327846050262451172e-01
6.328668594360351562e-01
6.315066814422607422e-01
6.309959888458251953e-01
6.396586894989013672e-01
6.276929378509521484e-01
6.249878406524658203e-01
6.309235095977783203e-01
6.456151008605957031e-01
6.281106472015380859e-01
6.310980319976806641e-01
6.229720115661621094e-01
6.151616573333740234e-01
6.236362457275390625e-01
6.208851337432861328e-01
6.178791522979736328e-01
6.154026985168457031e-01
6.245331764221191406e-01
6.317534446716308594e-01
6.268744468688964844e-01
6.257045269012451172e-01
6.076958179473876953e-01
6.285827159881591797e-01
6.289041042327880859e-01
6.273555755615234375e-01
6.299200057983398438e-01
6.306548118591308594e-01
6.322154998779296875e-01
6.276898384094238281e-01
6.250581741333007812e-01
6.316881179809570312e-01
6.318902969360351562e-01
6.292278766632080078e-01
6.308977603912353516e-01
6.337189674377441406e-01
6.300876140594482422e-01
6.250104904174804688e-01
6.257357597351074219e-01
6.134917736053466797e-01
6.226546764373779297e-01
6.803045272827148438e-01
6.279189586639404297e-01
6.335997581481933594e-01
6.182675361633300781e-01
6.129996776580810547e-01
6.319270133972167969e-01
6.165704727172851562e-01
6.125009059906005859e-01
7.207670211791992188e-01
6.235184669494628906e-01
6.273357868194580078e-01
6.324155330657958984e-01
6.323280334472656250e-01
6.255414485931396484e-01
6.262798309326171875e-01
6.475794315338134766e-01
6.283175945281982422e-01
6.249113082885742188e-01
6.270892620086669922e-01
6.350102424621582031e-01
7.021224498748779297e-01
6.242425441741943359e-01
6.290457248687744141e-01
6.338832378387451172e-01
6.283435821533203125e-01
6.250512599945068359e-01
6.356248855590820312e-01
6.274292469024658203e-01
6.229968070983886719e-01
6.278059482574462891e-01
6.275539398193359375e-01
6.344695091247558594e-01
7.150819301605224609e-01
6.280584335327148438e-01
6.225812435150146484e-01
6.328930854797363281e-01
6.235964298248291016e-01
6.233463287353515625e-01
6.220328807830810547e-01
6.360042095184326172e-01
6.491129398345947266e-01
6.258046627044677734e-01
6.251132488250732422e-01
6.326735019683837891e-01
7.138400077819824219e-01
6.283099651336669922e-01
6.329119205474853516e-01
6.367158889770507812e-01
6.369433403015136719e-01
6.288428306579589844e-01
6.329433917999267578e-01
6.343345642089843750e-01
6.349496841430664062e-01
6.270730495452880859e-01
6.312334537506103516e-01
6.121313571929931641e-01
6.112782955169677734e-01
7.112443447113037109e-01
6.359307765960693359e-01
6.028902530670166016e-01
6.430952548980712891e-01
6.317656040191650391e-01
6.264393329620361328e-01
6.377661228179931641e-01
6.347346305847167969e-01
6.272554397583007812e-01
6.260836124420166016e-01
