6.183152198791503906e-01
6.096687316894531250e-01
6.063985824584960938e-01
6.132211685180664062e-01
6.883330345153808594e-01
6.234908103942871094e-01
6.419944763183593750e-01
6.268672943115234375e-01
6.321923732757568359e-01
6.287612915039062500e-01
6.404528617858886719e-01
6.357812881469726562e-01
6.781756877899169922e-01
6.478719711303710938e-01
6.309189796447753906e-01
6.238534450531005859e-01
7.081389427185058594e-01
6.474318504333496094e-01
6.231482028961181641e-01
6.376233100891113281e-01
6.503636837005615234e-01
6.752815246582031250e-01
6.252484321594238281e-01
6.316123008728027344e-01
6.321873664855957031e-01
6.179392337799072266e-01
6.201813220977783203e-01
6.151897907257080078e-01
6.179492473602294922e-01
6.151347160339355469e-01
6.246724128723144531e-01
6.214869022369384766e-01
6.217212677001953125e-01
6.199877262115478516e-01
6.262376308441162109e-01
7.007253170013427734e-01
6.112792491912841797e-01
6.401476860046386719e-01
6.062369346618652344e-01
6.250219345092773438e-01
6.294541358947753906e-01
6.342010498046875000e-01
6.361489295959472656e-01
6.330230236053466797e-01
6.305348873138427734e-01
6.385858058929443359e-01
6.328332424163818359e-01
6.900939941406250000e-01
6.305160522460937500e-01
6.418287754058837891e-01
6.334114074707031250e-01
6.267144680023193359e-01
6.343643665313720703e-01
6.371035575866699219e-01
6.354444026947021484e-01
6.210594177246093750e-01
6.241815090179443359e-01
6.235086917877197266e-01
6.263265609741210938e-01
6.294808387756347656e-01
6.346173286437988281e-01
6.303079128265380859e-01
6.152343750000000000e-01
6.328063011169433594e-01
6.342825889587402344e-01
6.276667118072509766e-01
6.945083141326904297e-01
6.372442245483398438e-01
6.328246593475341797e-01
6.178174018859863281e-01
6.282930374145507812e-01
6.291627883911132812e-01
6.298069953918457031e-01
6.338555812835693359e-01
6.357133388519287109e-01
6.324610710144042969e-01
6.286647319793701172e-01
6.327037811279296875e-01
6.302311420440673828e-01
6.287119388580322266e-01
6.248068809509277344e-01
6.298894882202148438e-01
6.265447139739990234e-01
6.237347126007080078e-01
6.323242187500000000e-01
6.290254592895507812e-01
6.310529708862304688e-01
6.319534778594970703e-01
6.319530010223388672e-01
7.112183570861816406e-01
6.279871463775634766e-01
6.374695301055908203e-01
6.568911075592041016e-01
6.328003406524658203e-01
6.328737735748291016e-01
6.315197944641113281e-01
6.310069561004638672e-01
6.396627426147460938e-01
6.276903152465820312e-01
6.249787807464599609e-01
6.309330463409423828e-01
6.456222534179687500e-01
6.281163692474365234e-01
6.311123371124267578e-01
6.229815483093261719e-01
6.151688098907470703e-01
6.236350536346435547e-01
6.208939552307128906e-01
6.178863048553466797e-01
6.154122352600097656e-01
6.245405673980712891e-01
6.317527294158935547e-01
6.268789768218994141e-01
6.257109642028808594e-01
6.076986789703369141e-01
6.285843849182128906e-01
6.289145946502685547e-01
6.273593902587890625e-01
6.299233436584472656e-01
6.306695938110351562e-01
6.322267055511474609e-01
6.277074813842773438e-01
6.250674724578857422e-01
6.316962242126464844e-01
6.318993568420410156e-01
6.292285919189453125e-01
6.309230327606201172e-01
6.337251663208007812e-01
6.300926208496093750e-01
6.250174045562744141e-01
6.257429122924804688e-01
6.134929656982421875e-01
6.226673126220703125e-01
6.803114414215087891e-01
6.279261112213134766e-01
6.352229118347167969e-01
6.182758808135986328e-01
6.130042076110839844e-01
6.319351196289062500e-01
6.165697574615478516e-01
6.125037670135498047e-01
7.207772731781005859e-01
6.235351562500000000e-01
6.273469924926757812e-01
6.324315071105957031e-01
6.323330402374267578e-01
6.313538551330566406e-01
6.262857913970947266e-01
6.295483112335205078e-01
6.283185482025146484e-01
6.249163150787353516e-01
6.271080970764160156e-01
6.350131034851074219e-01
7.021222114562988281e-01
6.242463588714599609e-01
6.290531158447265625e-01
6.338856220245361328e-01
6.283473968505859375e-01
6.250710487365722656e-01
6.356287002563476562e-01
6.274306774139404297e-01
6.230063438415527344e-01
6.278092861175537109e-01
6.275362968444824219e-01
6.344714164733886719e-01
7.150936126708984375e-01
6.280598640441894531e-01
6.225845813751220703e-01
6.329007148742675781e-01
6.236031055450439453e-01
6.233367919921875000e-01
6.220428943634033203e-01
6.360208988189697266e-01
6.491193771362304688e-01
6.258108615875244141e-01
6.251220703125000000e-01
6.326801776885986328e-01
7.138416767120361328e-01
6.283166408538818359e-01
6.329438686370849609e-01
6.367211341857910156e-01
6.369485855102539062e-01
6.288526058197021484e-01
6.329517364501953125e-01
6.343433856964111328e-01
6.349580287933349609e-01
6.270825862884521484e-01
6.312413215637207031e-01
6.121363639831542969e-01
6.112890243530273438e-01
7.112517356872558594e-01
6.359372138977050781e-01
6.028943061828613281e-01
6.430926322937011719e-01
6.317729949951171875e-01
6.264526844024658203e-01
6.377692222595214844e-01
6.347420215606689453e-01
6.272609233856201172e-01
6.260828971862792969e-01
