2.699398994445800781e+00
7.765552997589111328e-01
7.777378559112548828e-01
7.780804634094238281e-01
7.755768299102783203e-01
7.787766456604003906e-01
7.768335342407226562e-01
7.753226757049560547e-01
7.779872417449951172e-01
7.758202552795410156e-01
7.960410118103027344e-01
8.298449516296386719e-01
7.555124759674072266e-01
7.548849582672119141e-01
7.550585269927978516e-01
7.562072277069091797e-01
7.684423923492431641e-01
7.557411193847656250e-01
7.576007843017578125e-01
7.607793807983398438e-01
7.617776393890380859e-01
7.995581626892089844e-01
7.762098312377929688e-01
7.786886692047119141e-01
7.796137332916259766e-01
7.760329246520996094e-01
7.807061672210693359e-01
7.796475887298583984e-01
7.844965457916259766e-01
8.099453449249267578e-01
7.796070575714111328e-01
7.823073863983154297e-01
7.816259860992431641e-01
7.798535823822021484e-01
7.811615467071533203e-01
7.813487052917480469e-01
7.833650112152099609e-01
7.836570739746093750e-01
7.849833965301513672e-01
7.882540225982666016e-01
7.845613956451416016e-01
7.841579914093017578e-01
7.842299938201904297e-01
7.833578586578369141e-01
7.841010093688964844e-01
7.862904071807861328e-01
7.818462848663330078e-01
7.868626117706298828e-01
7.856247425079345703e-01
8.027644157409667969e-01
7.855715751647949219e-01
7.908303737640380859e-01
7.863163948059082031e-01
7.873151302337646484e-01
7.868278026580810547e-01
7.923793792724609375e-01
7.923054695129394531e-01
7.890040874481201172e-01
7.885103225708007812e-01
7.925808429718017578e-01
7.936131954193115234e-01
8.067467212677001953e-01
8.107051849365234375e-01
8.190882205963134766e-01
7.916238307952880859e-01
7.907376289367675781e-01
7.904901504516601562e-01
7.913191318511962891e-01
7.920129299163818359e-01
7.922806739807128906e-01
7.916238307952880859e-01
8.408558368682861328e-01
8.373539447784423828e-01
7.886154651641845703e-01
7.949838638305664062e-01
7.930772304534912109e-01
7.910263538360595703e-01
7.973656654357910156e-01
7.962598800659179688e-01
7.991693019866943359e-01
7.965583801269531250e-01
7.901310920715332031e-01
7.893984317779541016e-01
8.422994613647460938e-01
7.903163433074951172e-01
7.910494804382324219e-01
7.923839092254638672e-01
7.931478023529052734e-01
7.842125892639160156e-01
8.165342807769775391e-01
8.265664577484130859e-01
7.947051525115966797e-01
8.037698268890380859e-01
7.997536659240722656e-01
8.161787986755371094e-01
7.963798046112060547e-01
7.953929901123046875e-01
7.940318584442138672e-01
8.066396713256835938e-01
7.951455116271972656e-01
7.983851432800292969e-01
7.969701290130615234e-01
8.012659549713134766e-01
7.966020107269287109e-01
7.991399765014648438e-01
7.965564727783203125e-01
7.984087467193603516e-01
7.938868999481201172e-01
7.960324287414550781e-01
8.022918701171875000e-01
7.975747585296630859e-01
7.988407611846923828e-01
8.044226169586181641e-01
7.968275547027587891e-01
7.983250617980957031e-01
7.973134517669677734e-01
7.996313571929931641e-01
7.991967201232910156e-01
7.967486381530761719e-01
7.971200942993164062e-01
7.994623184204101562e-01
7.981998920440673828e-01
7.986099720001220703e-01
8.009660243988037109e-01
8.002383708953857422e-01
8.194193840026855469e-01
7.982313632965087891e-01
7.983193397521972656e-01
7.986922264099121094e-01
8.013072013854980469e-01
7.957587242126464844e-01
7.988176345825195312e-01
8.015346527099609375e-01
8.004577159881591797e-01
8.110470771789550781e-01
7.960894107818603516e-01
8.011672496795654297e-01
8.147385120391845703e-01
8.010787963867187500e-01
8.013319969177246094e-01
7.993319034576416016e-01
8.017687797546386719e-01
8.001930713653564453e-01
8.003654479980468750e-01
7.992424964904785156e-01
8.010377883911132812e-01
8.006279468536376953e-01
8.017730712890625000e-01
8.000745773315429688e-01
7.996008396148681641e-01
7.989192008972167969e-01
7.990438938140869141e-01
7.993028163909912109e-01
8.007757663726806641e-01
8.003144264221191406e-01
8.008656501770019531e-01
8.001687526702880859e-01
8.003306388854980469e-01
8.000152111053466797e-01
7.989559173583984375e-01
7.984604835510253906e-01
7.991151809692382812e-01
8.006055355072021484e-01
7.967293262481689453e-01
7.955121994018554688e-01
8.385188579559326172e-01
7.744472026824951172e-01
8.093948364257812500e-01
8.114948272705078125e-01
8.002851009368896484e-01
8.018660545349121094e-01
7.972552776336669922e-01
8.003544807434082031e-01
8.020071983337402344e-01
8.064780235290527344e-01
8.047964572906494141e-01
8.200540542602539062e-01
8.026020526885986328e-01
7.989068031311035156e-01
8.026514053344726562e-01
8.005373477935791016e-01
8.041758537292480469e-01
7.999463081359863281e-01
8.001320362091064453e-01
8.005213737487792969e-01
8.005812168121337891e-01
7.983508110046386719e-01
8.004808425903320312e-01
7.981870174407958984e-01
7.980027198791503906e-01
7.991869449615478516e-01
8.021531105041503906e-01
8.063192367553710938e-01
7.999074459075927734e-01
7.868163585662841797e-01
7.745258808135986328e-01
8.099102973937988281e-01
7.982921600341796875e-01
7.925767898559570312e-01
7.992002964019775391e-01
