3.120260000228881836e+00
1.582216024398803711e+00
1.582522869110107422e+00
1.584284543991088867e+00
1.585448265075683594e+00
1.584075450897216797e+00
1.587965011596679688e+00
1.586645603179931641e+00
1.586924552917480469e+00
1.587131023406982422e+00
1.586352586746215820e+00
1.589443206787109375e+00
1.590103149414062500e+00
1.590886116027832031e+00
1.590540647506713867e+00
1.590218305587768555e+00
1.590407133102416992e+00
1.592957258224487305e+00
1.591642379760742188e+00
1.594760894775390625e+00
1.595818996429443359e+00
1.598452568054199219e+00
1.595655441284179688e+00
1.599178314208984375e+00
1.596834897994995117e+00
1.597877502441406250e+00
1.599076271057128906e+00
1.599593400955200195e+00
1.605782270431518555e+00
1.601925849914550781e+00
1.599937915802001953e+00
1.603639364242553711e+00
1.607978343963623047e+00
1.603936672210693359e+00
1.606265544891357422e+00
1.606469392776489258e+00
1.606618165969848633e+00
1.608220100402832031e+00
1.608383178710937500e+00
1.605695247650146484e+00
1.606143474578857422e+00
1.620666980743408203e+00
1.607256412506103516e+00
1.610433816909790039e+00
1.605650186538696289e+00
1.608080387115478516e+00
1.608357667922973633e+00
1.609048366546630859e+00
1.612058162689208984e+00
1.608002662658691406e+00
1.609778404235839844e+00
1.612345218658447266e+00
1.611296415328979492e+00
1.610624074935913086e+00
1.614670753479003906e+00
1.612843513488769531e+00
1.612832069396972656e+00
1.614135503768920898e+00
1.613280057907104492e+00
1.613236188888549805e+00
1.614418029785156250e+00
1.615165948867797852e+00
1.614273548126220703e+00
1.614720106124877930e+00
1.615127086639404297e+00
1.618587732315063477e+00
1.617181301116943359e+00
1.616168260574340820e+00
1.616420984268188477e+00
1.616754531860351562e+00
1.617313146591186523e+00
1.619877338409423828e+00
1.620992660522460938e+00
1.618876934051513672e+00
1.623647689819335938e+00
1.631072759628295898e+00
1.619134664535522461e+00
1.624182462692260742e+00
1.619440555572509766e+00
1.620054483413696289e+00
1.634445667266845703e+00
1.618636369705200195e+00
1.622686862945556641e+00
1.623882770538330078e+00
1.620542049407958984e+00
1.621641397476196289e+00
1.627538204193115234e+00
1.625622749328613281e+00
1.623021125793457031e+00
1.623220682144165039e+00
1.623376846313476562e+00
1.625703811645507812e+00
1.625527620315551758e+00
1.626646757125854492e+00
1.626949548721313477e+00
1.626537561416625977e+00
1.627370595932006836e+00
1.627865076065063477e+00
1.626772880554199219e+00
1.627673864364624023e+00
1.626976966857910156e+00
1.625361204147338867e+00
1.627996444702148438e+00
1.631032228469848633e+00
1.628207206726074219e+00
1.627749443054199219e+00
1.630373477935791016e+00
1.628412961959838867e+00
1.632549285888671875e+00
1.631066799163818359e+00
1.640462636947631836e+00
1.630012273788452148e+00
1.628959894180297852e+00
1.634304046630859375e+00
1.631810426712036133e+00
1.629029273986816406e+00
1.631378173828125000e+00
1.631591796875000000e+00
1.632103681564331055e+00
1.630132913589477539e+00
1.636157274246215820e+00
1.635378360748291016e+00
1.632968902587890625e+00
1.637689352035522461e+00
1.633539676666259766e+00
1.639386653900146484e+00
1.638066768646240234e+00
1.635187387466430664e+00
1.640899896621704102e+00
1.637096881866455078e+00
1.635972738265991211e+00
1.637332677841186523e+00
1.636396646499633789e+00
1.638147592544555664e+00
1.655150413513183594e+00
1.635835170745849609e+00
1.636916637420654297e+00
1.636834144592285156e+00
1.638410568237304688e+00
1.637238502502441406e+00
1.637898921966552734e+00
1.638638257980346680e+00
1.639149427413940430e+00
1.640393972396850586e+00
1.638787508010864258e+00
1.642228364944458008e+00
1.640262842178344727e+00
1.636227369308471680e+00
1.643971920013427734e+00
1.640202283859252930e+00
1.639222621917724609e+00
1.637925624847412109e+00
1.638348579406738281e+00
1.639153718948364258e+00
1.638764858245849609e+00
1.641314268112182617e+00
1.640398979187011719e+00
1.661022186279296875e+00
1.642040014266967773e+00
1.649684429168701172e+00
1.640329360961914062e+00
1.641692876815795898e+00
1.640608787536621094e+00
1.643339395523071289e+00
1.646410465240478516e+00
1.643308639526367188e+00
1.642624855041503906e+00
1.643841505050659180e+00
1.642120122909545898e+00
1.642868280410766602e+00
1.645960807800292969e+00
1.642985820770263672e+00
1.642573833465576172e+00
1.643972396850585938e+00
1.643128156661987305e+00
1.643876075744628906e+00
1.645051956176757812e+00
1.644203901290893555e+00
1.643536090850830078e+00
1.644791841506958008e+00
1.642016649246215820e+00
1.643433570861816406e+00
1.647106170654296875e+00
1.641317844390869141e+00
1.644300460815429688e+00
1.647226810455322266e+00
1.643640279769897461e+00
1.646028995513916016e+00
1.644735813140869141e+00
1.645026445388793945e+00
1.644668102264404297e+00
1.646507024765014648e+00
1.643530130386352539e+00
1.644673109054565430e+00
1.646338701248168945e+00
1.644009113311767578e+00
1.646820783615112305e+00
1.643667697906494141e+00
1.643859148025512695e+00
1.646764993667602539e+00
