6.452121734619140625e-01
6.421618461608886719e-01
6.333363056182861328e-01
7.132027149200439453e-01
6.369404792785644531e-01
6.371858119964599609e-01
6.317510604858398438e-01
6.445755958557128906e-01
6.426012516021728516e-01
7.201209068298339844e-01
6.390097141265869141e-01
6.384053230285644531e-01
6.384048461914062500e-01
6.380143165588378906e-01
6.360559463500976562e-01
6.416723728179931641e-01
6.431300640106201172e-01
6.351516246795654297e-01
6.371417045593261719e-01
6.379518508911132812e-01
6.501767635345458984e-01
6.492531299591064453e-01
6.334257125854492188e-01
6.467108726501464844e-01
6.499414443969726562e-01
6.457848548889160156e-01
6.476891040802001953e-01
6.410596370697021484e-01
6.451885700225830078e-01
6.495997905731201172e-01
7.285120487213134766e-01
6.440310478210449219e-01
6.496958732604980469e-01
6.373269557952880859e-01
6.519587039947509766e-01
6.512145996093750000e-01
6.684699058532714844e-01
6.484770774841308594e-01
6.541414260864257812e-01
6.494433879852294922e-01
6.468303203582763672e-01
6.481571197509765625e-01
6.501836776733398438e-01
6.504356861114501953e-01
6.554260253906250000e-01
6.462967395782470703e-01
6.477549076080322266e-01
6.614406108856201172e-01
6.519181728363037109e-01
6.472349166870117188e-01
6.445636749267578125e-01
6.353728771209716797e-01
6.498975753784179688e-01
6.364717483520507812e-01
6.570355892181396484e-01
6.446738243103027344e-01
6.380877494812011719e-01
7.236349582672119141e-01
6.399044990539550781e-01
6.385049819946289062e-01
6.210746765136718750e-01
6.281182765960693359e-01
6.273262500762939453e-01
6.218526363372802734e-01
6.603705883026123047e-01
6.258995532989501953e-01
6.250686645507812500e-01
6.277666091918945312e-01
6.992502212524414062e-01
6.394946575164794922e-01
6.402630805969238281e-01
6.384873390197753906e-01
6.406476497650146484e-01
6.423861980438232422e-01
6.367650032043457031e-01
6.388151645660400391e-01
6.429855823516845703e-01
6.444759368896484375e-01
7.207155227661132812e-01
6.481337547302246094e-01
6.470720767974853516e-01
6.538214683532714844e-01
6.418209075927734375e-01
6.427514553070068359e-01
7.065451145172119141e-01
6.369524002075195312e-01
6.528046131134033203e-01
6.378982067108154297e-01
7.056298255920410156e-01
6.509299278259277344e-01
6.465802192687988281e-01
6.550014019012451172e-01
6.440322399139404297e-01
6.426849365234375000e-01
6.461372375488281250e-01
7.169699668884277344e-01
6.515727043151855469e-01
6.395785808563232422e-01
7.071261405944824219e-01
6.414062976837158203e-01
6.446933746337890625e-01
6.430733203887939453e-01
6.483044624328613281e-01
6.444661617279052734e-01
6.884276866912841797e-01
7.134411334991455078e-01
6.367993354797363281e-01
6.426069736480712891e-01
7.088699340820312500e-01
6.456563472747802734e-01
6.460330486297607422e-01
6.442780494689941406e-01
6.463923454284667969e-01
6.419532299041748047e-01
6.422960758209228516e-01
7.185571193695068359e-01
6.424391269683837891e-01
6.500110626220703125e-01
7.091627120971679688e-01
6.480050086975097656e-01
6.435623168945312500e-01
6.406211853027343750e-01
6.360049247741699219e-01
6.357579231262207031e-01
6.270978450775146484e-01
7.047405242919921875e-01
6.265857219696044922e-01
6.263382434844970703e-01
6.982305049896240234e-01
6.349477767944335938e-01
6.442239284515380859e-01
6.440830230712890625e-01
6.358554363250732422e-01
6.350100040435791016e-01
6.388061046600341797e-01
7.181816101074218750e-01
6.377332210540771484e-01
6.448805332183837891e-01
6.586117744445800781e-01
9.226870536804199219e-01
6.446928977966308594e-01
6.422052383422851562e-01
6.690814495086669922e-01
6.477341651916503906e-01
6.397366523742675781e-01
7.322988510131835938e-01
6.521139144897460938e-01
7.128381729125976562e-01
6.404755115509033203e-01
6.535863876342773438e-01
6.399044990539550781e-01
6.426007747650146484e-01
6.405515670776367188e-01
6.542665958404541016e-01
6.460535526275634766e-01
1.082772254943847656e+00
6.475799083709716797e-01
7.152364253997802734e-01
6.489429473876953125e-01
6.473429203033447266e-01
6.419370174407958984e-01
6.448373794555664062e-01
7.235994338989257812e-01
6.519036293029785156e-01
6.566257476806640625e-01
7.036051750183105469e-01
6.462101936340332031e-01
6.369323730468750000e-01
8.575122356414794922e-01
6.333475112915039062e-01
6.299564838409423828e-01
6.405918598175048828e-01
6.697015762329101562e-01
6.493153572082519531e-01
7.258372306823730469e-01
6.659839153289794922e-01
6.539993286132812500e-01
6.535906791687011719e-01
7.016205787658691406e-01
7.352087497711181641e-01
6.554896831512451172e-01
7.291975021362304688e-01
7.216625213623046875e-01
6.516797542572021484e-01
7.099184989929199219e-01
7.365546226501464844e-01
6.441538333892822266e-01
6.586248874664306641e-01
6.527800559997558594e-01
7.370243072509765625e-01
7.288725376129150391e-01
1.050224542617797852e+00
7.372460365295410156e-01
6.569929122924804688e-01
7.295773029327392578e-01
7.369375228881835938e-01
7.294859886169433594e-01
6.543500423431396484e-01
6.602060794830322266e-01
6.615326404571533203e-01
