2.333440542221069336e+00
4.685685634613037109e-01
4.675819873809814453e-01
4.693169593811035156e-01
4.684004783630371094e-01
4.682965278625488281e-01
4.713666439056396484e-01
4.679644107818603516e-01
4.727849960327148438e-01
4.699549674987792969e-01
4.670126438140869141e-01
4.686820507049560547e-01
4.704997539520263672e-01
4.689416885375976562e-01
4.696831703186035156e-01
4.715023040771484375e-01
4.731404781341552734e-01
4.718616008758544922e-01
4.706284999847412109e-01
4.635317325592041016e-01
4.642260074615478516e-01
4.620866775512695312e-01
4.621062278747558594e-01
4.632129669189453125e-01
4.626216888427734375e-01
4.615349769592285156e-01
4.617097377777099609e-01
4.617531299591064453e-01
4.632942676544189453e-01
4.615943431854248047e-01
4.642536640167236328e-01
4.601831436157226562e-01
4.706864356994628906e-01
4.707918167114257812e-01
4.842698574066162109e-01
4.736359119415283203e-01
4.701330661773681641e-01
4.701302051544189453e-01
4.706089496612548828e-01
4.722108840942382812e-01
4.722211360931396484e-01
4.737403392791748047e-01
4.714288711547851562e-01
4.707705974578857422e-01
4.715049266815185547e-01
4.696145057678222656e-01
4.726469516754150391e-01
4.707884788513183594e-01
4.719080924987792969e-01
4.847869873046875000e-01
4.756369590759277344e-01
4.733145236968994141e-01
4.739468097686767578e-01
4.716844558715820312e-01
4.723868370056152344e-01
4.746668338775634766e-01
4.728288650512695312e-01
4.724614620208740234e-01
4.721505641937255859e-01
4.710822105407714844e-01
4.669983386993408203e-01
4.527313709259033203e-01
4.511184692382812500e-01
4.503076076507568359e-01
4.489371776580810547e-01
4.549465179443359375e-01
4.504344463348388672e-01
4.493455886840820312e-01
4.519126415252685547e-01
4.532217979431152344e-01
4.724864959716796875e-01
4.727368354797363281e-01
4.747021198272705078e-01
4.766590595245361328e-01
4.745478630065917969e-01
4.757275581359863281e-01
4.752347469329833984e-01
4.771509170532226562e-01
4.764664173126220703e-01
4.745101928710937500e-01
4.739692211151123047e-01
4.751932621002197266e-01
4.776294231414794922e-01
4.776175022125244141e-01
4.740128517150878906e-01
4.774243831634521484e-01
4.754328727722167969e-01
4.730713367462158203e-01
4.744184017181396484e-01
4.725821018218994141e-01
4.731004238128662109e-01
4.743189811706542969e-01
4.720568656921386719e-01
4.729206562042236328e-01
4.721438884735107422e-01
4.714279174804687500e-01
4.728243350982666016e-01
4.722778797149658203e-01
4.729435443878173828e-01
4.729464054107666016e-01
4.660866260528564453e-01
4.674258232116699219e-01
4.671988487243652344e-01
4.673876762390136719e-01
4.677867889404296875e-01
4.685332775115966797e-01
4.674823284149169922e-01
4.717199802398681641e-01
4.734680652618408203e-01
4.743807315826416016e-01
4.731037616729736328e-01
4.736208915710449219e-01
4.738264083862304688e-01
4.741914272308349609e-01
4.739565849304199219e-01
4.750018119812011719e-01
4.743847846984863281e-01
4.749526977539062500e-01
4.732544422149658203e-01
4.740173816680908203e-01
4.670703411102294922e-01
4.627382755279541016e-01
4.585773944854736328e-01
4.589264392852783203e-01
4.587020874023437500e-01
4.599583148956298828e-01
4.590952396392822266e-01
4.587371349334716797e-01
4.757270812988281250e-01
4.822852611541748047e-01
4.865310192108154297e-01
4.861507415771484375e-01
4.852395057678222656e-01
4.859728813171386719e-01
4.865293502807617188e-01
4.868357181549072266e-01
4.927296638488769531e-01
5.450329780578613281e-01
4.914486408233642578e-01
4.887814521789550781e-01
4.895300865173339844e-01
4.923620223999023438e-01
4.914522171020507812e-01
4.894940853118896484e-01
4.900462627410888672e-01
4.942879676818847656e-01
4.903476238250732422e-01
4.915487766265869141e-01
4.942202568054199219e-01
4.924669265747070312e-01
4.903094768524169922e-01
4.855773448944091797e-01
4.818260669708251953e-01
4.777338504791259766e-01
4.837040901184082031e-01
4.886035919189453125e-01
4.841365814208984375e-01
4.881126880645751953e-01
4.848151206970214844e-01
4.811093807220458984e-01
4.809243679046630859e-01
4.852879047393798828e-01
4.811182022094726562e-01
4.752278327941894531e-01
4.811718463897705078e-01
4.813559055328369141e-01
4.830720424652099609e-01
4.858219623565673828e-01
4.817271232604980469e-01
4.904868602752685547e-01
4.876568317413330078e-01
4.940922260284423828e-01
4.911530017852783203e-01
4.847712516784667969e-01
4.933459758758544922e-01
4.818370342254638672e-01
4.841167926788330078e-01
4.899196624755859375e-01
4.826533794403076172e-01
4.814748764038085938e-01
4.828152656555175781e-01
4.829857349395751953e-01
4.839341640472412109e-01
4.808354377746582031e-01
4.857804775238037109e-01
4.816617965698242188e-01
4.841287136077880859e-01
4.858226776123046875e-01
4.841122627258300781e-01
4.817090034484863281e-01
4.875006675720214844e-01
4.840614795684814453e-01
4.851307868957519531e-01
4.811916351318359375e-01
4.895839691162109375e-01
4.864499568939208984e-01
4.823052883148193359e-01
4.878201484680175781e-01
4.855220317840576172e-01
4.863305091857910156e-01
