2.269879341125488281e+00
4.555349349975585938e-01
4.535574913024902344e-01
4.582707881927490234e-01
4.553446769714355469e-01
4.516797065734863281e-01
4.616155624389648438e-01
4.405634403228759766e-01
4.420528411865234375e-01
4.403176307678222656e-01
4.416642189025878906e-01
4.462354183197021484e-01
4.432904720306396484e-01
4.416530132293701172e-01
4.412808418273925781e-01
4.419674873352050781e-01
4.433047771453857422e-01
4.414424896240234375e-01
4.414253234863281250e-01
4.417574405670166016e-01
4.421105384826660156e-01
4.422676563262939453e-01
4.440820217132568359e-01
4.424819946289062500e-01
4.418857097625732422e-01
4.702203273773193359e-01
4.438467025756835938e-01
4.444477558135986328e-01
4.429526329040527344e-01
4.429631233215332031e-01
4.438748359680175781e-01
4.443147182464599609e-01
4.438266754150390625e-01
4.435515403747558594e-01
4.806706905364990234e-01
4.606943130493164062e-01
4.613232612609863281e-01
4.592838287353515625e-01
4.631173610687255859e-01
4.642763137817382812e-01
4.625906944274902344e-01
4.609797000885009766e-01
4.611682891845703125e-01
4.651358127593994141e-01
4.636893272399902344e-01
4.636552333831787109e-01
4.639885425567626953e-01
4.635093212127685547e-01
4.620444774627685547e-01
4.777495861053466797e-01
4.460699558258056641e-01
4.473772048950195312e-01
4.473731517791748047e-01
4.460704326629638672e-01
4.461214542388916016e-01
4.447772502899169922e-01
4.452896118164062500e-01
4.471526145935058594e-01
4.457359313964843750e-01
4.469740390777587891e-01
4.893987178802490234e-01
4.679973125457763672e-01
4.545462131500244141e-01
4.483544826507568359e-01
4.480459690093994141e-01
4.706599712371826172e-01
4.485304355621337891e-01
4.480342864990234375e-01
4.471626281738281250e-01
4.809923171997070312e-01
4.463164806365966797e-01
4.461500644683837891e-01
4.467723369598388672e-01
4.460444450378417969e-01
4.467384815216064453e-01
4.862451553344726562e-01
4.616625308990478516e-01
4.632458686828613281e-01
4.611840248107910156e-01
4.630155563354492188e-01
4.620053768157958984e-01
4.640924930572509766e-01
4.640812873840332031e-01
4.737145900726318359e-01
4.626007080078125000e-01
4.627189636230468750e-01
4.657218456268310547e-01
4.647941589355468750e-01
4.719281196594238281e-01
4.770178794860839844e-01
4.662113189697265625e-01
4.629323482513427734e-01
4.655280113220214844e-01
4.667158126831054688e-01
4.668240547180175781e-01
4.666407108306884766e-01
4.662709236145019531e-01
4.522879123687744141e-01
4.712879657745361328e-01
4.653246402740478516e-01
4.515557289123535156e-01
4.529492855072021484e-01
4.513268470764160156e-01
4.594328403472900391e-01
5.202002525329589844e-01
4.641392230987548828e-01
4.659454822540283203e-01
4.512851238250732422e-01
4.519326686859130859e-01
4.528462886810302734e-01
4.531979560852050781e-01
4.525737762451171875e-01
4.677290916442871094e-01
4.671490192413330078e-01
4.628138542175292969e-01
4.556396007537841797e-01
4.677178859710693359e-01
4.790284633636474609e-01
4.726517200469970703e-01
4.705224037170410156e-01
4.679141044616699219e-01
4.675669670104980469e-01
4.665834903717041016e-01
4.765479564666748047e-01
4.629030227661132812e-01
4.533238410949707031e-01
4.525279998779296875e-01
4.534718990325927734e-01
4.533767700195312500e-01
4.527068138122558594e-01
4.549589157104492188e-01
4.541056156158447266e-01
4.695577621459960938e-01
4.720528125762939453e-01
4.643445014953613281e-01
4.663636684417724609e-01
4.652788639068603516e-01
4.838528633117675781e-01
4.686374664306640625e-01
4.673545360565185547e-01
4.665639400482177734e-01
4.686062335968017578e-01
4.693570137023925781e-01
4.688096046447753906e-01
4.687521457672119141e-01
4.723174571990966797e-01
4.743905067443847656e-01
4.690887928009033203e-01
4.995052814483642578e-01
4.733233451843261719e-01
4.662890434265136719e-01
4.977121353149414062e-01
4.758250713348388672e-01
4.659986495971679688e-01
5.043861865997314453e-01
4.744887351989746094e-01
4.677603244781494141e-01
4.777274131774902344e-01
4.888355731964111328e-01
4.783372879028320312e-01
4.818875789642333984e-01
4.871439933776855469e-01
4.802203178405761719e-01
4.803938865661621094e-01
4.874720573425292969e-01
4.826793670654296875e-01
4.829046726226806641e-01
4.877908229827880859e-01
4.814980030059814453e-01
4.827456474304199219e-01
4.838902950286865234e-01
4.841418266296386719e-01
4.725584983825683594e-01
4.760463237762451172e-01
4.793992042541503906e-01
4.765243530273437500e-01
4.693682193756103516e-01
4.807837009429931641e-01
4.743747711181640625e-01
4.748551845550537109e-01
4.707989692687988281e-01
4.759027957916259766e-01
4.684455394744873047e-01
4.704499244689941406e-01
5.092086791992187500e-01
4.721245765686035156e-01
4.876155853271484375e-01
4.980790615081787109e-01
4.749000072479248047e-01
4.749381542205810547e-01
4.735643863677978516e-01
4.753983020782470703e-01
4.764266014099121094e-01
4.748778343200683594e-01
4.760248661041259766e-01
4.749093055725097656e-01
4.757170677185058594e-01
4.832341670989990234e-01
4.752049446105957031e-01
4.749336242675781250e-01
