1.867445707321166992e+00
2.953920364379882812e-01
2.950136661529541016e-01
2.954368591308593750e-01
2.978622913360595703e-01
2.955532073974609375e-01
2.961905002593994141e-01
2.951121330261230469e-01
2.966642379760742188e-01
2.952008247375488281e-01
2.950503826141357422e-01
2.961311340332031250e-01
2.953820228576660156e-01
3.027074337005615234e-01
2.954983711242675781e-01
2.950234413146972656e-01
2.977807521820068359e-01
2.955100536346435547e-01
2.961406707763671875e-01
3.482480049133300781e-01
3.176159858703613281e-01
3.124680519104003906e-01
3.129348754882812500e-01
3.154199123382568359e-01
3.132359981536865234e-01
3.119831085205078125e-01
3.111340999603271484e-01
3.134546279907226562e-01
3.123266696929931641e-01
3.143911361694335938e-01
3.139719963073730469e-01
3.146166801452636719e-01
3.232722282409667969e-01
2.964246273040771484e-01
2.959036827087402344e-01
2.958686351776123047e-01
2.963805198669433594e-01
2.959055900573730469e-01
2.962591648101806641e-01
2.973449230194091797e-01
2.955875396728515625e-01
2.960844039916992188e-01
2.954981327056884766e-01
2.965755462646484375e-01
2.966318130493164062e-01
2.965793609619140625e-01
2.963378429412841797e-01
2.960653305053710938e-01
2.972795963287353516e-01
3.463253974914550781e-01
3.254921436309814453e-01
2.960121631622314453e-01
2.967188358306884766e-01
2.965211868286132812e-01
2.972569465637207031e-01
2.964015007019042969e-01
2.960193157196044922e-01
2.971012592315673828e-01
2.957963943481445312e-01
2.967655658721923828e-01
3.245389461517333984e-01
3.180563449859619141e-01
3.142602443695068359e-01
3.128793239593505859e-01
3.146631717681884766e-01
3.170111179351806641e-01
3.130779266357421875e-01
3.133223056793212891e-01
3.127682209014892578e-01
3.135571479797363281e-01
2.969713211059570312e-01
2.970550060272216797e-01
2.970521450042724609e-01
2.965972423553466797e-01
2.963640689849853516e-01
3.121800422668457031e-01
2.985439300537109375e-01
2.982137203216552734e-01
2.978951930999755859e-01
2.974267005920410156e-01
2.974843978881835938e-01
2.984101772308349609e-01
2.984924316406250000e-01
3.108382225036621094e-01
2.986521720886230469e-01
2.977550029754638672e-01
2.985866069793701172e-01
2.991554737091064453e-01
2.989847660064697266e-01
2.994968891143798828e-01
2.987813949584960938e-01
2.999324798583984375e-01
2.992689609527587891e-01
3.000385761260986328e-01
2.997567653656005859e-01
2.988359928131103516e-01
2.980685234069824219e-01
2.996327877044677734e-01
3.003697395324707031e-01
3.007075786590576172e-01
3.191413879394531250e-01
3.163752555847167969e-01
3.171293735504150391e-01
3.172700405120849609e-01
3.175716400146484375e-01
3.175027370452880859e-01
3.181550502777099609e-01
3.209044933319091797e-01
3.214554786682128906e-01
3.205702304840087891e-01
3.212554454803466797e-01
3.189361095428466797e-01
3.200244903564453125e-01
3.210842609405517578e-01
3.219788074493408203e-01
3.202781677246093750e-01
3.213202953338623047e-01
3.202347755432128906e-01
3.214020729064941406e-01
3.215844631195068359e-01
3.213965892791748047e-01
3.178491592407226562e-01
3.169472217559814453e-01
3.172307014465332031e-01
3.178369998931884766e-01
3.164517879486083984e-01
3.173174858093261719e-01
3.168141841888427734e-01
3.053574562072753906e-01
3.203556537628173828e-01
3.170440196990966797e-01
3.170478343963623047e-01
3.159103393554687500e-01
3.170349597930908203e-01
3.163011074066162109e-01
3.167796134948730469e-01
3.173193931579589844e-01
3.559608459472656250e-01
3.216807842254638672e-01
3.191213607788085938e-01
3.192527294158935547e-01
3.180358409881591797e-01
3.184072971343994141e-01
3.182280063629150391e-01
3.176779747009277344e-01
3.200933933258056641e-01
3.161511421203613281e-01
3.165335655212402344e-01
3.197727203369140625e-01
3.162493705749511719e-01
3.172786235809326172e-01
3.509697914123535156e-01
3.228759765625000000e-01
3.178229331970214844e-01
3.240571022033691406e-01
3.235104084014892578e-01
3.132016658782958984e-01
3.318247795104980469e-01
3.217401504516601562e-01
3.153707981109619141e-01
3.193476200103759766e-01
3.436708450317382812e-01
3.218469619750976562e-01
3.177731037139892578e-01
3.231160640716552734e-01
3.185970783233642578e-01
3.145744800567626953e-01
3.479807376861572266e-01
3.242826461791992188e-01
3.201327323913574219e-01
3.190789222717285156e-01
3.617546558380126953e-01
3.166491985321044922e-01
3.214917182922363281e-01
3.371841907501220703e-01
3.281087875366210938e-01
3.235204219818115234e-01
3.312489986419677734e-01
3.263204097747802734e-01
3.234992027282714844e-01
3.316218852996826172e-01
3.238596916198730469e-01
3.256053924560546875e-01
3.237977027893066406e-01
3.249557018280029297e-01
3.257226943969726562e-01
3.266956806182861328e-01
3.327181339263916016e-01
3.272380828857421875e-01
3.266730308532714844e-01
3.337073326110839844e-01
3.242964744567871094e-01
3.273506164550781250e-01
3.281974792480468750e-01
3.279070854187011719e-01
3.258574008941650391e-01
3.267030715942382812e-01
3.338365554809570312e-01
3.262217044830322266e-01
3.275425434112548828e-01
