2.202922344207763672e+00
3.821172714233398438e-01
3.809273242950439453e-01
3.786094188690185547e-01
3.804972171783447266e-01
3.902337551116943359e-01
3.772461414337158203e-01
3.784615993499755859e-01
3.808128833770751953e-01
3.788230419158935547e-01
3.798761367797851562e-01
3.863725662231445312e-01
3.786082267761230469e-01
3.790919780731201172e-01
3.817510604858398438e-01
3.813769817352294922e-01
3.813419342041015625e-01
3.808600902557373047e-01
3.811450004577636719e-01
3.812456130981445312e-01
3.804368972778320312e-01
3.818011283874511719e-01
3.813679218292236328e-01
3.813877105712890625e-01
3.831775188446044922e-01
3.848624229431152344e-01
3.820998668670654297e-01
3.832263946533203125e-01
3.833961486816406250e-01
3.808121681213378906e-01
3.839509487152099609e-01
3.800828456878662109e-01
3.826911449432373047e-01
3.825447559356689453e-01
3.832843303680419922e-01
3.862082958221435547e-01
3.871140480041503906e-01
3.871834278106689453e-01
3.860001564025878906e-01
3.868570327758789062e-01
3.859949111938476562e-01
3.890061378479003906e-01
3.877532482147216797e-01
3.872549533843994141e-01
3.887548446655273438e-01
3.877480030059814453e-01
4.023904800415039062e-01
3.888626098632812500e-01
3.891534805297851562e-01
4.042606353759765625e-01
3.848052024841308594e-01
3.842356204986572266e-01
3.856801986694335938e-01
3.836512565612792969e-01
3.841547966003417969e-01
3.860967159271240234e-01
3.843970298767089844e-01
3.831987380981445312e-01
3.855876922607421875e-01
3.849167823791503906e-01
3.872864246368408203e-01
3.730108737945556641e-01
3.835835456848144531e-01
3.842158317565917969e-01
3.835747241973876953e-01
3.824422359466552734e-01
3.815691471099853516e-01
3.833103179931640625e-01
3.842270374298095703e-01
3.911607265472412109e-01
3.827395439147949219e-01
3.836860656738281250e-01
3.843743801116943359e-01
3.814139366149902344e-01
3.841974735260009766e-01
3.853547573089599609e-01
3.891401290893554688e-01
3.890609741210937500e-01
3.885965347290039062e-01
3.895320892333984375e-01
3.905384540557861328e-01
3.900470733642578125e-01
3.911931514739990234e-01
3.903372287750244141e-01
3.881180286407470703e-01
3.892428874969482422e-01
3.900675773620605469e-01
3.911828994750976562e-01
4.006018638610839844e-01
3.619561195373535156e-01
3.943331241607666016e-01
3.944444656372070312e-01
3.908841609954833984e-01
3.921492099761962891e-01
3.924465179443359375e-01
3.921959400177001953e-01
3.921754360198974609e-01
3.846485614776611328e-01
3.846871852874755859e-01
3.869223594665527344e-01
3.862817287445068359e-01
3.844792842864990234e-01
3.859426975250244141e-01
3.864688873291015625e-01
3.873116970062255859e-01
3.916568756103515625e-01
3.885145187377929688e-01
3.847880363464355469e-01
3.856322765350341797e-01
3.852992057800292969e-01
3.843832015991210938e-01
3.853404521942138672e-01
3.924770355224609375e-01
3.909044265747070312e-01
3.889725208282470703e-01
3.849117755889892578e-01
3.937137126922607422e-01
3.906967639923095703e-01
3.891444206237792969e-01
3.934118747711181641e-01
3.922135829925537109e-01
3.924186229705810547e-01
3.936023712158203125e-01
3.943598270416259766e-01
3.912739753723144531e-01
3.883521556854248047e-01
3.866424560546875000e-01
3.887450695037841797e-01
3.864934444427490234e-01
3.865480422973632812e-01
3.870971202850341797e-01
3.885874748229980469e-01
3.866658210754394531e-01
3.921132087707519531e-01
3.948559761047363281e-01
3.940954208374023438e-01
3.950443267822265625e-01
4.017956256866455078e-01
3.974587917327880859e-01
3.949148654937744141e-01
3.942117691040039062e-01
3.934030532836914062e-01
3.956534862518310547e-01
3.943774700164794922e-01
3.943243026733398438e-01
3.933672904968261719e-01
3.870303630828857422e-01
3.920550346374511719e-01
3.936338424682617188e-01
3.924160003662109375e-01
3.896944522857666016e-01
3.920054435729980469e-01
3.894348144531250000e-01
3.895330429077148438e-01
3.962109088897705078e-01
3.898293972015380859e-01
3.888800144195556641e-01
3.893072605133056641e-01
3.966131210327148438e-01
3.920037746429443359e-01
3.811070919036865234e-01
4.170296192169189453e-01
3.817629814147949219e-01
3.801114559173583984e-01
4.060180187225341797e-01
3.854777812957763672e-01
3.775403499603271484e-01
4.097244739532470703e-01
3.856935501098632812e-01
3.741381168365478516e-01
3.825635910034179688e-01
3.836426734924316406e-01
4.210424423217773438e-01
3.939337730407714844e-01
3.993272781372070312e-01
3.923325538635253906e-01
3.951079845428466797e-01
3.973040580749511719e-01
3.933510780334472656e-01
3.949522972106933594e-01
3.948929309844970703e-01
3.890721797943115234e-01
3.889765739440917969e-01
3.910136222839355469e-01
3.950870037078857422e-01
3.885638713836669922e-01
3.903706073760986328e-01
3.965704441070556641e-01
3.928439617156982422e-01
3.939061164855957031e-01
3.993434906005859375e-01
3.932764530181884766e-01
3.942534923553466797e-01
3.934416770935058594e-01
3.948566913604736328e-01
3.921079635620117188e-01
3.939530849456787109e-01
3.982901573181152344e-01
3.934397697448730469e-01
3.957643508911132812e-01
