2.379209995269775391e-01
2.362992763519287109e-01
2.361745834350585938e-01
2.254910469055175781e-01
2.355477809906005859e-01
2.320461273193359375e-01
2.271506786346435547e-01
2.265069484710693359e-01
2.291619777679443359e-01
2.341248989105224609e-01
2.328548431396484375e-01
2.328567504882812500e-01
3.097441196441650391e-01
2.354948520660400391e-01
2.298498153686523438e-01
2.328679561614990234e-01
2.329950332641601562e-01
2.322573661804199219e-01
2.336065769195556641e-01
2.310998439788818359e-01
2.300760746002197266e-01
2.313706874847412109e-01
2.357356548309326172e-01
2.312164306640625000e-01
2.311015129089355469e-01
2.323777675628662109e-01
2.299811840057373047e-01
2.314610481262207031e-01
2.332768440246582031e-01
2.313408851623535156e-01
2.344918251037597656e-01
2.350170612335205078e-01
2.324457168579101562e-01
2.323706150054931641e-01
2.264759540557861328e-01
2.257537841796875000e-01
2.340507507324218750e-01
2.312760353088378906e-01
2.294194698333740234e-01
2.531549930572509766e-01
2.321255207061767578e-01
2.303581237792968750e-01
2.332036495208740234e-01
2.340681552886962891e-01
2.303102016448974609e-01
2.334046363830566406e-01
2.319879531860351562e-01
2.323033809661865234e-01
2.321035861968994141e-01
2.246620655059814453e-01
2.316722869873046875e-01
2.275905609130859375e-01
2.331302165985107422e-01
2.345283031463623047e-01
2.338385581970214844e-01
2.354393005371093750e-01
2.315871715545654297e-01
2.611720561981201172e-01
2.337157726287841797e-01
2.320265769958496094e-01
2.315275669097900391e-01
2.341821193695068359e-01
2.317512035369873047e-01
2.323355674743652344e-01
2.315974235534667969e-01
2.595682144165039062e-01
2.301650047302246094e-01
2.247929573059082031e-01
2.275853157043457031e-01
2.395284175872802734e-01
2.310140132904052734e-01
2.318680286407470703e-01
2.289814949035644531e-01
2.288398742675781250e-01
2.362666130065917969e-01
2.268610000610351562e-01
2.381558418273925781e-01
3.185610771179199219e-01
2.367417812347412109e-01
2.944819927215576172e-01
2.312810420989990234e-01
2.352752685546875000e-01
2.331216335296630859e-01
2.342929840087890625e-01
2.365267276763916016e-01
2.316787242889404297e-01
2.368636131286621094e-01
2.323291301727294922e-01
2.323431968688964844e-01
2.319893836975097656e-01
2.391557693481445312e-01
2.349796295166015625e-01
2.328002452850341797e-01
2.345194816589355469e-01
3.128635883331298828e-01
2.992842197418212891e-01
2.363715171813964844e-01
2.341032028198242188e-01
2.318046092987060547e-01
2.272236347198486328e-01
2.353270053863525391e-01
2.384514808654785156e-01
2.365033626556396484e-01
2.371435165405273438e-01
2.396817207336425781e-01
2.334928512573242188e-01
2.338845729827880859e-01
2.345058917999267578e-01
2.340040206909179688e-01
2.869656085968017578e-01
2.288162708282470703e-01
2.324151992797851562e-01
2.341430187225341797e-01
2.358233928680419922e-01
3.107454776763916016e-01
2.337198257446289062e-01
3.057336807250976562e-01
2.332954406738281250e-01
2.246165275573730469e-01
2.355477809906005859e-01
2.318086624145507812e-01
2.330460548400878906e-01
2.336411476135253906e-01
2.330381870269775391e-01
2.330181598663330078e-01
2.264432907104492188e-01
2.376394271850585938e-01
2.340652942657470703e-01
2.328820228576660156e-01
2.325601577758789062e-01
2.337369918823242188e-01
2.347567081451416016e-01
2.331149578094482422e-01
2.348914146423339844e-01
2.293920516967773438e-01
2.342047691345214844e-01
2.388277053833007812e-01
2.293460369110107422e-01
2.359309196472167969e-01
2.327840328216552734e-01
2.236325740814208984e-01
2.318265438079833984e-01
2.305803298950195312e-01
2.325778007507324219e-01
2.312905788421630859e-01
2.329289913177490234e-01
2.331678867340087891e-01
2.277989387512207031e-01
2.320456504821777344e-01
2.339501380920410156e-01
2.329320907592773438e-01
2.331321239471435547e-01
2.282965183258056641e-01
2.324597835540771484e-01
2.306029796600341797e-01
2.337758541107177734e-01
2.329978942871093750e-01
2.340927124023437500e-01
2.298283576965332031e-01
2.321949005126953125e-01
2.316596508026123047e-01
2.352077960968017578e-01
2.312960624694824219e-01
2.653315067291259766e-01
2.339470386505126953e-01
2.320008277893066406e-01
2.328982353210449219e-01
2.330601215362548828e-01
2.317368984222412109e-01
2.395517826080322266e-01
2.336039543151855469e-01
2.314982414245605469e-01
2.336680889129638672e-01
2.323956489562988281e-01
2.317247390747070312e-01
2.370400428771972656e-01
2.348060607910156250e-01
2.335267066955566406e-01
2.348799705505371094e-01
2.347536087036132812e-01
2.335231304168701172e-01
2.373216152191162109e-01
2.518856525421142578e-01
2.337088584899902344e-01
2.386188507080078125e-01
2.381196022033691406e-01
2.342646121978759766e-01
3.431437015533447266e-01
2.333662509918212891e-01
2.353916168212890625e-01
2.366354465484619141e-01
2.365326881408691406e-01
2.323536872863769531e-01
2.348799705505371094e-01
2.326676845550537109e-01
2.339534759521484375e-01
2.359080314636230469e-01
2.334280014038085938e-01
2.315590381622314453e-01
2.345304489135742188e-01
