3.025043249130249023e+00
1.304889440536499023e+00
1.305543184280395508e+00
1.303653717041015625e+00
1.304234266281127930e+00
1.297747135162353516e+00
1.303000688552856445e+00
1.308581352233886719e+00
1.309968948364257812e+00
1.318439245223999023e+00
1.309171676635742188e+00
1.325055122375488281e+00
1.260433197021484375e+00
1.283129215240478516e+00
1.264824390411376953e+00
1.268839597702026367e+00
1.265374422073364258e+00
1.269441127777099609e+00
1.314643859863281250e+00
1.304135560989379883e+00
1.362894058227539062e+00
1.360791444778442383e+00
1.331181287765502930e+00
1.365020513534545898e+00
1.337374448776245117e+00
1.341203212738037109e+00
1.356784343719482422e+00
1.337787628173828125e+00
1.339051008224487305e+00
1.327729940414428711e+00
1.321825742721557617e+00
1.370344877243041992e+00
1.378976345062255859e+00
1.344540119171142578e+00
1.361901283264160156e+00
1.364601135253906250e+00
1.366235733032226562e+00
1.278916835784912109e+00
1.272592544555664062e+00
1.353860616683959961e+00
1.461289167404174805e+00
1.278672218322753906e+00
1.337153196334838867e+00
1.274668216705322266e+00
1.416583538055419922e+00
1.348574876785278320e+00
1.299837827682495117e+00
1.291450500488281250e+00
1.327464342117309570e+00
1.332499265670776367e+00
1.344411849975585938e+00
1.386111736297607422e+00
1.353607177734375000e+00
1.416227102279663086e+00
1.279859781265258789e+00
1.282217741012573242e+00
1.287196636199951172e+00
1.280544519424438477e+00
1.388635873794555664e+00
1.331475734710693359e+00
1.340041637420654297e+00
1.338594436645507812e+00
1.550660848617553711e+00
1.341033697128295898e+00
1.371152877807617188e+00
1.350636005401611328e+00
1.345304250717163086e+00
1.355646848678588867e+00
1.341935157775878906e+00
1.391890048980712891e+00
1.341046333312988281e+00
1.347112178802490234e+00
1.407960653305053711e+00
1.353646755218505859e+00
1.351809263229370117e+00
1.356282472610473633e+00
1.364757537841796875e+00
1.315774917602539062e+00
1.284777879714965820e+00
1.361781358718872070e+00
1.374353647232055664e+00
1.302112340927124023e+00
1.310182332992553711e+00
1.517147064208984375e+00
1.302870512008666992e+00
1.319820165634155273e+00
1.311158180236816406e+00
1.293506860733032227e+00
1.492310047149658203e+00
1.493995904922485352e+00
1.368036508560180664e+00
1.362326622009277344e+00
1.418958902359008789e+00
1.382925033569335938e+00
1.461625337600708008e+00
1.365221261978149414e+00
1.355529069900512695e+00
1.363997697830200195e+00
1.403086900711059570e+00
1.355128049850463867e+00
1.355337381362915039e+00
1.358265161514282227e+00
1.367142200469970703e+00
1.349701881408691406e+00
1.401703834533691406e+00
1.357722520828247070e+00
1.382384061813354492e+00
1.367076396942138672e+00
1.333578109741210938e+00
1.359720468521118164e+00
1.520131826400756836e+00
1.370640277862548828e+00
1.301898479461669922e+00
1.521929264068603516e+00
1.328248500823974609e+00
1.435599565505981445e+00
1.348988294601440430e+00
1.379976749420166016e+00
1.356671571731567383e+00
1.410526990890502930e+00
1.369001388549804688e+00
1.378086328506469727e+00
1.390864610671997070e+00
1.372137308120727539e+00
1.364783048629760742e+00
1.379001855850219727e+00
1.354002475738525391e+00
1.342974424362182617e+00
1.357261419296264648e+00
1.365573406219482422e+00
1.370840311050415039e+00
1.354020595550537109e+00
1.350555419921875000e+00
1.450365066528320312e+00
1.394269227981567383e+00
1.561859369277954102e+00
1.385355710983276367e+00
1.361270427703857422e+00
1.374648332595825195e+00
1.530848264694213867e+00
1.628903627395629883e+00
1.381562232971191406e+00
1.384389638900756836e+00
1.356678247451782227e+00
1.339585065841674805e+00
1.301886081695556641e+00
1.299979686737060547e+00
1.388042449951171875e+00
1.400816917419433594e+00
1.367551326751708984e+00
1.385557174682617188e+00
1.370241403579711914e+00
1.367109060287475586e+00
1.382060766220092773e+00
1.369875669479370117e+00
1.443590641021728516e+00
1.365113496780395508e+00
1.358785152435302734e+00
1.390041828155517578e+00
1.458369255065917969e+00
1.358079195022583008e+00
1.340773820877075195e+00
1.342990159988403320e+00
1.363793134689331055e+00
1.362071752548217773e+00
1.340622425079345703e+00
1.296514511108398438e+00
1.302304983139038086e+00
1.376823902130126953e+00
1.356348752975463867e+00
1.346827268600463867e+00
1.359425067901611328e+00
1.356122255325317383e+00
1.360204458236694336e+00
1.432978391647338867e+00
1.366636991500854492e+00
1.344789505004882812e+00
1.347463369369506836e+00
1.375785827636718750e+00
1.406854152679443359e+00
1.375455379486083984e+00
1.392159461975097656e+00
1.360960483551025391e+00
1.354354858398437500e+00
1.355869054794311523e+00
1.369224548339843750e+00
1.369130611419677734e+00
1.347065210342407227e+00
1.363841295242309570e+00
1.385705471038818359e+00
1.361197233200073242e+00
1.361542940139770508e+00
1.362568140029907227e+00
1.356370687484741211e+00
1.374426364898681641e+00
1.364316463470458984e+00
1.359753370285034180e+00
1.374099254608154297e+00
1.354723453521728516e+00
1.400705814361572266e+00
