2.047372102737426758e+00
3.743462562561035156e-01
3.770885467529296875e-01
3.773503303527832031e-01
3.783595561981201172e-01
3.768858909606933594e-01
3.764238357543945312e-01
3.754799365997314453e-01
3.764202594757080078e-01
3.755459785461425781e-01
3.763010501861572266e-01
3.772556781768798828e-01
3.764441013336181641e-01
3.755676746368408203e-01
3.774607181549072266e-01
3.763368129730224609e-01
3.762774467468261719e-01
3.767247200012207031e-01
3.759989738464355469e-01
3.763017654418945312e-01
3.760221004486083984e-01
3.779976367950439453e-01
3.779735565185546875e-01
3.777291774749755859e-01
3.768081665039062500e-01
3.771948814392089844e-01
3.766887187957763672e-01
3.771052360534667969e-01
3.771812915802001953e-01
3.779115676879882812e-01
3.778243064880371094e-01
3.779065608978271484e-01
3.784461021423339844e-01
3.765091896057128906e-01
3.780338764190673828e-01
3.784139156341552734e-01
3.802409172058105469e-01
3.778645992279052734e-01
3.906884193420410156e-01
4.027945995330810547e-01
3.867931365966796875e-01
3.838520050048828125e-01
3.852429389953613281e-01
3.989548683166503906e-01
3.857979774475097656e-01
3.845288753509521484e-01
3.979513645172119141e-01
3.864946365356445312e-01
3.867232799530029297e-01
3.833918571472167969e-01
4.007437229156494141e-01
3.864927291870117188e-01
3.844037055969238281e-01
3.984439373016357422e-01
3.880136013031005859e-01
3.867058753967285156e-01
3.871767520904541016e-01
3.994691371917724609e-01
3.871433734893798828e-01
3.853831291198730469e-01
3.967132568359375000e-01
3.900492191314697266e-01
3.906741142272949219e-01
3.841388225555419922e-01
4.028954505920410156e-01
4.142293930053710938e-01
4.331312179565429688e-01
4.342427253723144531e-01
4.176778793334960938e-01
4.201076030731201172e-01
4.344158172607421875e-01
4.334309101104736328e-01
4.180939197540283203e-01
4.269523620605468750e-01
4.410536289215087891e-01
4.288995265960693359e-01
4.192893505096435547e-01
4.341142177581787109e-01
4.422750473022460938e-01
4.174592494964599609e-01
4.517478942871093750e-01
4.523298740386962891e-01
4.315476417541503906e-01
4.175462722778320312e-01
4.165079593658447266e-01
4.398689270019531250e-01
4.351339340209960938e-01
4.166531562805175781e-01
4.278807640075683594e-01
4.541916847229003906e-01
4.180245399475097656e-01
4.254031181335449219e-01
4.371039867401123047e-01
4.342236518859863281e-01
4.224243164062500000e-01
4.211316108703613281e-01
4.387269020080566406e-01
4.358797073364257812e-01
4.179151058197021484e-01
4.235353469848632812e-01
4.534604549407958984e-01
4.216222763061523438e-01
4.211475849151611328e-01
4.319026470184326172e-01
4.454872608184814453e-01
4.177091121673583984e-01
4.226288795471191406e-01
4.396250247955322266e-01
4.370141029357910156e-01
4.201853275299072266e-01
4.209074974060058594e-01
4.491233825683593750e-01
4.295043945312500000e-01
4.199979305267333984e-01
4.213590621948242188e-01
4.536910057067871094e-01
4.188766479492187500e-01
4.218125343322753906e-01
4.280929565429687500e-01
4.525814056396484375e-01
4.178764820098876953e-01
4.198153018951416016e-01
4.440300464630126953e-01
4.310007095336914062e-01
4.164862632751464844e-01
4.174735546112060547e-01
4.543747901916503906e-01
4.152548313140869141e-01
4.184160232543945312e-01
4.218699932098388672e-01
4.488370418548583984e-01
4.169132709503173828e-01
4.183497428894042969e-01
4.427108764648437500e-01
4.326186180114746094e-01
4.299955368041992188e-01
4.304220676422119141e-01
4.599602222442626953e-01
4.137539863586425781e-01
4.170236587524414062e-01
4.179422855377197266e-01
4.474284648895263672e-01
4.149696826934814453e-01
4.166362285614013672e-01
4.361314773559570312e-01
4.416542053222656250e-01
4.186954498291015625e-01
4.210693836212158203e-01
4.511880874633789062e-01
4.152152538299560547e-01
4.185304641723632812e-01
4.195425510406494141e-01
4.477539062500000000e-01
4.166247844696044922e-01
4.197278022766113281e-01
4.356832504272460938e-01
4.397077560424804688e-01
4.150516986846923828e-01
4.183487892150878906e-01
4.502410888671875000e-01
4.191699028015136719e-01
4.163477420806884766e-01
4.180178642272949219e-01
4.483010768890380859e-01
4.144964218139648438e-01
4.162795543670654297e-01
4.266636371612548828e-01
4.423239231109619141e-01
4.148545265197753906e-01
4.155018329620361328e-01
4.431960582733154297e-01
4.271843433380126953e-01
4.154562950134277344e-01
4.165089130401611328e-01
4.476406574249267578e-01
4.172883033752441406e-01
4.153814315795898438e-01
4.207262992858886719e-01
4.443254470825195312e-01
4.219639301300048828e-01
4.157114028930664062e-01
4.335508346557617188e-01
4.352116584777832031e-01
4.194302558898925781e-01
4.238119125366210938e-01
4.452619552612304688e-01
4.310166835784912109e-01
4.183576107025146484e-01
4.210479259490966797e-01
4.492568969726562500e-01
4.153132438659667969e-01
4.197034835815429688e-01
4.350574016571044922e-01
4.417858123779296875e-01
4.184486865997314453e-01
4.194433689117431641e-01
4.339354038238525391e-01
4.338514804840087891e-01
4.172589778900146484e-01
4.178287982940673828e-01
