2.054138422012329102e+00
3.760726451873779297e-01
3.775498867034912109e-01
3.781518936157226562e-01
3.810312747955322266e-01
3.743562698364257812e-01
3.767535686492919922e-01
3.798751831054687500e-01
3.774783611297607422e-01
3.778936862945556641e-01
3.778734207153320312e-01
3.768432140350341797e-01
3.774621486663818359e-01
3.773450851440429688e-01
3.763995170593261719e-01
3.798110485076904297e-01
3.774514198303222656e-01
3.772122859954833984e-01
3.785979747772216797e-01
3.775165081024169922e-01
3.805553913116455078e-01
3.817443847656250000e-01
3.803982734680175781e-01
3.796594142913818359e-01
3.799915313720703125e-01
3.791511058807373047e-01
3.798840045928955078e-01
3.795449733734130859e-01
3.808300495147705078e-01
3.780939579010009766e-01
3.787319660186767578e-01
3.795673847198486328e-01
3.796789646148681641e-01
3.886697292327880859e-01
3.804895877838134766e-01
3.795633316040039062e-01
3.796975612640380859e-01
3.803367614746093750e-01
3.923692703247070312e-01
4.048032760620117188e-01
3.896157741546630859e-01
3.886866569519042969e-01
3.857145309448242188e-01
3.984506130218505859e-01
3.847184181213378906e-01
3.868579864501953125e-01
4.044430255889892578e-01
3.880934715270996094e-01
3.956384658813476562e-01
3.875198364257812500e-01
4.019460678100585938e-01
3.883152008056640625e-01
3.870229721069335938e-01
4.052720069885253906e-01
3.910133838653564453e-01
3.860149383544921875e-01
3.867914676666259766e-01
4.003107547760009766e-01
3.894553184509277344e-01
3.853900432586669922e-01
4.037389755249023438e-01
3.896284103393554688e-01
3.879380226135253906e-01
3.868587017059326172e-01
3.987617492675781250e-01
4.125301837921142578e-01
4.409887790679931641e-01
4.531068801879882812e-01
4.184885025024414062e-01
4.206364154815673828e-01
4.352931976318359375e-01
4.425067901611328125e-01
4.196567535400390625e-01
4.284064769744873047e-01
4.438605308532714844e-01
4.245903491973876953e-01
4.217021465301513672e-01
4.434399604797363281e-01
4.440321922302246094e-01
4.212024211883544922e-01
4.212849140167236328e-01
4.418900012969970703e-01
4.437084197998046875e-01
4.236867427825927734e-01
4.251127243041992188e-01
4.518511295318603516e-01
4.321155548095703125e-01
4.245932102203369141e-01
4.366629123687744141e-01
4.501354694366455078e-01
4.219596385955810547e-01
4.342803955078125000e-01
4.446220397949218750e-01
4.419414997100830078e-01
4.220204353332519531e-01
4.226651191711425781e-01
4.464197158813476562e-01
4.397788047790527344e-01
4.268386363983154297e-01
4.287130832672119141e-01
4.629282951354980469e-01
4.222257137298583984e-01
4.233052730560302734e-01
4.401514530181884766e-01
4.463829994201660156e-01
4.234125614166259766e-01
4.254426956176757812e-01
4.474966526031494141e-01
4.390549659729003906e-01
4.229793548583984375e-01
4.286251068115234375e-01
4.575495719909667969e-01
4.220221042633056641e-01
4.365127086639404297e-01
4.258491992950439453e-01
4.558064937591552734e-01
4.239389896392822266e-01
4.267375469207763672e-01
4.329326152801513672e-01
4.529378414154052734e-01
4.222383499145507812e-01
4.231677055358886719e-01
4.586329460144042969e-01
4.272992610931396484e-01
4.221773147583007812e-01
4.261631965637207031e-01
4.678618907928466797e-01
4.245328903198242188e-01
4.250524044036865234e-01
4.260950088500976562e-01
4.682393074035644531e-01
4.247903823852539062e-01
4.399693012237548828e-01
4.538512229919433594e-01
4.316124916076660156e-01
4.219131469726562500e-01
4.277918338775634766e-01
4.674589633941650391e-01
4.247765541076660156e-01
4.248602390289306641e-01
4.266533851623535156e-01
4.758963584899902344e-01
4.240620136260986328e-01
4.296307563781738281e-01
4.500877857208251953e-01
4.342634677886962891e-01
4.277012348175048828e-01
4.270105361938476562e-01
4.689006805419921875e-01
4.239301681518554688e-01
4.255349636077880859e-01
4.276850223541259766e-01
4.662444591522216797e-01
4.228456020355224609e-01
4.392628669738769531e-01
4.581661224365234375e-01
4.388952255249023438e-01
4.261775016784667969e-01
4.247474670410156250e-01
4.690208435058593750e-01
4.272232055664062500e-01
4.342596530914306641e-01
4.321217536926269531e-01
4.732117652893066406e-01
4.249150753021240234e-01
4.559972286224365234e-01
4.550175666809082031e-01
4.458868503570556641e-01
4.255096912384033203e-01
4.299356937408447266e-01
4.561705589294433594e-01
4.305431842803955078e-01
4.276463985443115234e-01
4.263393878936767578e-01
4.650235176086425781e-01
4.229037761688232422e-01
4.287426471710205078e-01
4.350669384002685547e-01
4.595067501068115234e-01
4.252090454101562500e-01
4.306955337524414062e-01
4.510307312011718750e-01
4.422435760498046875e-01
4.267215728759765625e-01
4.288904666900634766e-01
4.562411308288574219e-01
4.316687583923339844e-01
4.268240928649902344e-01
4.264576435089111328e-01
4.592177867889404297e-01
4.281592369079589844e-01
4.272463321685791016e-01
4.403669834136962891e-01
4.463624954223632812e-01
4.254751205444335938e-01
4.307911396026611328e-01
4.473288059234619141e-01
4.419007301330566406e-01
4.272799491882324219e-01
4.274041652679443359e-01
