7.599864006042480469e-01
6.920378208160400391e-01
6.844055652618408203e-01
7.601730823516845703e-01
6.719598770141601562e-01
6.748466491699218750e-01
6.910455226898193359e-01
6.658499240875244141e-01
6.867816448211669922e-01
7.544245719909667969e-01
6.817083358764648438e-01
6.859776973724365234e-01
6.724119186401367188e-01
6.770899295806884766e-01
6.830632686614990234e-01
6.695058345794677734e-01
6.785726547241210938e-01
6.859602928161621094e-01
6.927678585052490234e-01
6.752166748046875000e-01
6.764812469482421875e-01
6.749098300933837891e-01
6.838650703430175781e-01
6.999852657318115234e-01
6.680109500885009766e-01
6.772119998931884766e-01
6.759011745452880859e-01
6.783027648925781250e-01
6.858055591583251953e-01
6.747989654541015625e-01
7.628283500671386719e-01
6.891031265258789062e-01
6.754000186920166016e-01
6.836829185485839844e-01
6.686458587646484375e-01
6.723775863647460938e-01
6.705737113952636719e-01
6.835532188415527344e-01
6.796159744262695312e-01
6.780915260314941406e-01
6.801400184631347656e-01
6.836836338043212891e-01
6.846430301666259766e-01
6.787877082824707031e-01
6.707916259765625000e-01
6.864230632781982422e-01
6.868491172790527344e-01
6.976189613342285156e-01
6.894948482513427734e-01
6.723821163177490234e-01
6.892848014831542969e-01
7.015252113342285156e-01
6.801915168762207031e-01
6.842002868652343750e-01
6.906638145446777344e-01
6.940190792083740234e-01
6.838686466217041016e-01
7.711367607116699219e-01
6.822712421417236328e-01
6.761312484741210938e-01
6.859614849090576172e-01
7.031977176666259766e-01
6.731586456298828125e-01
6.965065002441406250e-01
6.965241432189941406e-01
7.029678821563720703e-01
7.076573371887207031e-01
7.923254966735839844e-01
8.293938636779785156e-01
7.479648590087890625e-01
7.092242240905761719e-01
7.461886405944824219e-01
7.190473079681396484e-01
7.128174304962158203e-01
7.238776683807373047e-01
7.884457111358642578e-01
7.424359321594238281e-01
7.495970726013183594e-01
8.429584503173828125e-01
7.555744647979736328e-01
7.509706020355224609e-01
7.327418327331542969e-01
7.529807090759277344e-01
7.490952014923095703e-01
8.167331218719482422e-01
7.353491783142089844e-01
7.553844451904296875e-01
7.557787895202636719e-01
8.103358745574951172e-01
7.907552719116210938e-01
8.015236854553222656e-01
7.140898704528808594e-01
7.602460384368896484e-01
8.000342845916748047e-01
7.164533138275146484e-01
8.360519409179687500e-01
7.763283252716064453e-01
7.504920959472656250e-01
7.666649818420410156e-01
7.232224941253662109e-01
7.262401580810546875e-01
7.777197360992431641e-01
7.430210113525390625e-01
7.499654293060302734e-01
7.872724533081054688e-01
8.375167846679687500e-01
7.489209175109863281e-01
7.533605098724365234e-01
8.776476383209228516e-01
7.308309078216552734e-01
7.332148551940917969e-01
7.618625164031982422e-01
7.683491706848144531e-01
7.247934341430664062e-01
7.377786636352539062e-01
8.510887622833251953e-01
7.776045799255371094e-01
7.399945259094238281e-01
8.275892734527587891e-01
7.660863399505615234e-01
7.089760303497314453e-01
7.336850166320800781e-01
7.296607494354248047e-01
8.521118164062500000e-01
7.186992168426513672e-01
8.069951534271240234e-01
7.341136932373046875e-01
7.841503620147705078e-01
7.922782897949218750e-01
7.516274452209472656e-01
7.537505626678466797e-01
7.490868568420410156e-01
7.494108676910400391e-01
7.229752540588378906e-01
9.055387973785400391e-01
8.242459297180175781e-01
7.552821636199951172e-01
7.587227821350097656e-01
8.279969692230224609e-01
7.191267013549804688e-01
7.479681968688964844e-01
7.531907558441162109e-01
7.557260990142822266e-01
7.542498111724853516e-01
7.502369880676269531e-01
9.131135940551757812e-01
7.352178096771240234e-01
7.405576705932617188e-01
7.511708736419677734e-01
8.536696434020996094e-01
7.335228919982910156e-01
7.308561801910400391e-01
7.322752475738525391e-01
7.281689643859863281e-01
7.151770591735839844e-01
8.346970081329345703e-01
7.802104949951171875e-01
7.132029533386230469e-01
7.253487110137939453e-01
7.549149990081787109e-01
8.674242496490478516e-01
7.421123981475830078e-01
8.511345386505126953e-01
7.638800144195556641e-01
7.323853969573974609e-01
7.496488094329833984e-01
7.558743953704833984e-01
8.641297817230224609e-01
7.497117519378662109e-01
7.266039848327636719e-01
7.351868152618408203e-01
8.459496498107910156e-01
7.524988651275634766e-01
7.469224929809570312e-01
8.455173969268798828e-01
7.926385402679443359e-01
7.552142143249511719e-01
7.486293315887451172e-01
7.514333724975585938e-01
7.127366065979003906e-01
7.496426105499267578e-01
7.579321861267089844e-01
8.368716239929199219e-01
7.149984836578369141e-01
8.340179920196533203e-01
7.283704280853271484e-01
7.553024291992187500e-01
7.216618061065673828e-01
7.177467346191406250e-01
7.941236495971679688e-01
7.756404876708984375e-01
8.460979461669921875e-01
7.413651943206787109e-01
7.793924808502197266e-01
7.781620025634765625e-01
7.924795150756835938e-01
8.606555461883544922e-01
7.799742221832275391e-01
7.325463294982910156e-01
7.355101108551025391e-01
