2.058900594711303711e+00
3.653419017791748047e-01
3.688383102416992188e-01
3.677148818969726562e-01
3.684935569763183594e-01
3.654420375823974609e-01
3.670377731323242188e-01
3.647134304046630859e-01
3.665707111358642578e-01
3.671259880065917969e-01
3.673536777496337891e-01
3.687310218811035156e-01
3.697307109832763672e-01
3.687264919281005859e-01
4.059040546417236328e-01
3.670511245727539062e-01
4.047758579254150391e-01
4.094855785369873047e-01
4.050741195678710938e-01
4.461183547973632812e-01
4.454090595245361328e-01
4.465508460998535156e-01
4.084975719451904297e-01
3.691179752349853516e-01
3.680751323699951172e-01
3.676218986511230469e-01
3.670694828033447266e-01
3.673679828643798828e-01
3.677859306335449219e-01
3.672044277191162109e-01
3.671190738677978516e-01
3.677680492401123047e-01
3.691749572753906250e-01
3.694751262664794922e-01
3.675420284271240234e-01
3.673112392425537109e-01
3.692584037780761719e-01
3.707334995269775391e-01
3.956694602966308594e-01
3.966734409332275391e-01
4.249026775360107422e-01
4.478394985198974609e-01
3.757548332214355469e-01
3.886723518371582031e-01
3.779165744781494141e-01
3.733904361724853516e-01
3.895287513732910156e-01
3.795795440673828125e-01
3.780450820922851562e-01
3.752772808074951172e-01
3.915028572082519531e-01
3.808307647705078125e-01
3.767597675323486328e-01
3.877542018890380859e-01
3.783507347106933594e-01
3.772854804992675781e-01
3.742756843566894531e-01
3.890900611877441406e-01
3.786196708679199219e-01
3.750069141387939453e-01
4.303541183471679688e-01
4.175202846527099609e-01
3.766524791717529297e-01
3.757028579711914062e-01
3.913781642913818359e-01
4.458830356597900391e-01
4.620606899261474609e-01
4.136202335357666016e-01
4.858458042144775391e-01
4.857435226440429688e-01
4.999513626098632812e-01
4.485962390899658203e-01
3.995692729949951172e-01
4.014403820037841797e-01
4.155707359313964844e-01
4.086828231811523438e-01
4.015171527862548828e-01
4.089207649230957031e-01
4.120926856994628906e-01
4.001400470733642578e-01
3.994801044464111328e-01
4.098021984100341797e-01
4.114682674407958984e-01
4.003605842590332031e-01
3.994574546813964844e-01
4.128415584564208984e-01
4.112298488616943359e-01
4.008541107177734375e-01
4.072291851043701172e-01
4.209947586059570312e-01
4.035913944244384766e-01
4.033386707305908203e-01
4.132816791534423828e-01
4.144401550292968750e-01
4.482252597808837891e-01
4.871451854705810547e-01
5.035831928253173828e-01
5.051841735839843750e-01
4.904558658599853516e-01
4.871795177459716797e-01
5.212728977203369141e-01
4.908413887023925781e-01
4.881436824798583984e-01
4.939179420471191406e-01
5.124030113220214844e-01
4.895353317260742188e-01
4.033036231994628906e-01
4.178762435913085938e-01
4.152293205261230469e-01
4.041016101837158203e-01
4.042191505432128906e-01
4.256072044372558594e-01
4.105393886566162109e-01
4.039490222930908203e-01
4.020195007324218750e-01
4.287834167480468750e-01
4.029731750488281250e-01
4.013023376464843750e-01
4.061803817749023438e-01
4.329364299774169922e-01
4.038922786712646484e-01
4.046201705932617188e-01
4.208588600158691406e-01
4.153063297271728516e-01
4.041943550109863281e-01
4.024574756622314453e-01
4.294474124908447266e-01
4.074282646179199219e-01
4.071624279022216797e-01
4.060406684875488281e-01
4.278657436370849609e-01
4.061837196350097656e-01
4.039890766143798828e-01
4.208285808563232422e-01
4.178240299224853516e-01
4.072830677032470703e-01
4.040446281433105469e-01
4.274671077728271484e-01
4.060442447662353516e-01
4.075846672058105469e-01
4.051685333251953125e-01
4.319112300872802734e-01
4.066867828369140625e-01
4.065496921539306641e-01
4.212377071380615234e-01
4.182193279266357422e-01
4.055783748626708984e-01
4.072668552398681641e-01
4.279632568359375000e-01
4.050486087799072266e-01
4.479465484619140625e-01
4.878189563751220703e-01
4.812915325164794922e-01
4.027240276336669922e-01
4.035043716430664062e-01
5.071270465850830078e-01
4.200825691223144531e-01
4.055774211883544922e-01
4.029390811920166016e-01
4.264886379241943359e-01
4.150228500366210938e-01
4.047005176544189453e-01
4.040870666503906250e-01
4.297966957092285156e-01
4.040336608886718750e-01
4.034121036529541016e-01
4.094483852386474609e-01
4.235265254974365234e-01
4.029250144958496094e-01
4.000067710876464844e-01
4.179182052612304688e-01
4.103147983551025391e-01
4.049522876739501953e-01
4.020278453826904297e-01
4.243371486663818359e-01
4.518048763275146484e-01
4.836416244506835938e-01
4.847185611724853516e-01
4.302501678466796875e-01
4.442436695098876953e-01
4.835827350616455078e-01
5.008342266082763672e-01
5.033528804779052734e-01
4.875957965850830078e-01
4.825265407562255859e-01
5.083107948303222656e-01
4.999618530273437500e-01
4.863796234130859375e-01
4.062442779541015625e-01
4.293682575225830078e-01
4.055626392364501953e-01
4.047162532806396484e-01
4.130997657775878906e-01
4.241528511047363281e-01
4.045436382293701172e-01
4.002985954284667969e-01
4.131667613983154297e-01
4.161615371704101562e-01
4.038286209106445312e-01
3.987789154052734375e-01
