2.070166349411010742e+00
3.672387599945068359e-01
3.671178817749023438e-01
3.667128086090087891e-01
3.704853057861328125e-01
3.659367561340332031e-01
3.670444488525390625e-01
3.663220405578613281e-01
3.674061298370361328e-01
3.683698177337646484e-01
3.676378726959228516e-01
3.663611412048339844e-01
3.684475421905517578e-01
3.688621520996093750e-01
3.679120540618896484e-01
3.677272796630859375e-01
3.675880432128906250e-01
3.682630062103271484e-01
3.691458702087402344e-01
3.692350387573242188e-01
3.694844245910644531e-01
3.683049678802490234e-01
3.686800003051757812e-01
3.695867061614990234e-01
3.690445423126220703e-01
3.694067001342773438e-01
3.688459396362304688e-01
3.710711002349853516e-01
3.701162338256835938e-01
3.689513206481933594e-01
3.701114654541015625e-01
3.678641319274902344e-01
3.697121143341064453e-01
3.696393966674804688e-01
3.717942237854003906e-01
3.689150810241699219e-01
3.698952198028564453e-01
3.741755485534667969e-01
3.810241222381591797e-01
3.942492008209228516e-01
3.785278797149658203e-01
3.768038749694824219e-01
3.903901576995849609e-01
3.868894577026367188e-01
3.826377391815185547e-01
3.767077922821044922e-01
3.937313556671142578e-01
3.785908222198486328e-01
3.760790824890136719e-01
3.765203952789306641e-01
3.890440464019775391e-01
3.789522647857666016e-01
3.852167129516601562e-01
3.946223258972167969e-01
3.793482780456542969e-01
3.766672611236572266e-01
3.766160011291503906e-01
3.874747753143310547e-01
3.777282238006591797e-01
3.826160430908203125e-01
3.939795494079589844e-01
3.791584968566894531e-01
3.775589466094970703e-01
3.756306171417236328e-01
3.870429992675781250e-01
4.025704860687255859e-01
4.174082279205322266e-01
4.251575469970703125e-01
4.070589542388916016e-01
4.083693027496337891e-01
4.394981861114501953e-01
4.298067092895507812e-01
4.085299968719482422e-01
4.292526245117187500e-01
4.307873249053955078e-01
4.086518287658691406e-01
4.093267917633056641e-01
4.323158264160156250e-01
4.306695461273193359e-01
4.106934070587158203e-01
4.094710350036621094e-01
4.302544593811035156e-01
4.297001361846923828e-01
4.109058380126953125e-01
4.115276336669921875e-01
4.362032413482666016e-01
4.174442291259765625e-01
4.101018905639648438e-01
4.240996837615966797e-01
4.335608482360839844e-01
4.096252918243408203e-01
4.120135307312011719e-01
4.322586059570312500e-01
4.289348125457763672e-01
4.084665775299072266e-01
4.174094200134277344e-01
4.347515106201171875e-01
4.259824752807617188e-01
4.121985435485839844e-01
4.111683368682861328e-01
4.479646682739257812e-01
4.096856117248535156e-01
4.118263721466064453e-01
4.242076873779296875e-01
4.335803985595703125e-01
4.109685420989990234e-01
4.232771396636962891e-01
4.360754489898681641e-01
4.242174625396728516e-01
4.107971191406250000e-01
4.123277664184570312e-01
4.507915973663330078e-01
4.101998805999755859e-01
4.107232093811035156e-01
4.140498638153076172e-01
4.624538421630859375e-01
4.099061489105224609e-01
4.156248569488525391e-01
4.234502315521240234e-01
4.436621665954589844e-01
4.122717380523681641e-01
4.138183593750000000e-01
4.463598728179931641e-01
4.158046245574951172e-01
4.127898216247558594e-01
4.159016609191894531e-01
4.577686786651611328e-01
4.123353958129882812e-01
4.148912429809570312e-01
4.157547950744628906e-01
4.532213211059570312e-01
4.136343002319335938e-01
4.119582176208496094e-01
4.394240379333496094e-01
4.168188571929931641e-01
4.121963977813720703e-01
4.145584106445312500e-01
4.564015865325927734e-01
4.130258560180664062e-01
4.139299392700195312e-01
4.146232604980468750e-01
4.566264152526855469e-01
4.119007587432861328e-01
4.153051376342773438e-01
4.367835521697998047e-01
4.188458919525146484e-01
4.120802879333496094e-01
4.186427593231201172e-01
4.543864727020263672e-01
4.104676246643066406e-01
4.132249355316162109e-01
4.173884391784667969e-01
4.524888992309570312e-01
4.111194610595703125e-01
4.143879413604736328e-01
4.379730224609375000e-01
4.257438182830810547e-01
4.124989509582519531e-01
4.120640754699707031e-01
4.546279907226562500e-01
4.150009155273437500e-01
4.158961772918701172e-01
4.155690670013427734e-01
4.559662342071533203e-01
4.142642021179199219e-01
4.173500537872314453e-01
4.300506114959716797e-01
4.296078681945800781e-01
4.134881496429443359e-01
4.171156883239746094e-01
4.449977874755859375e-01
4.194595813751220703e-01
4.150567054748535156e-01
4.149990081787109375e-01
4.549915790557861328e-01
4.133729934692382812e-01
4.180822372436523438e-01
4.222702980041503906e-01
4.458897113800048828e-01
4.262979030609130859e-01
4.173989295959472656e-01
4.382543563842773438e-01
4.304776191711425781e-01
4.155428409576416016e-01
4.162306785583496094e-01
4.455277919769287109e-01
4.202744960784912109e-01
4.281125068664550781e-01
4.147560596466064453e-01
4.486987590789794922e-01
4.174449443817138672e-01
4.169409275054931641e-01
4.308049678802490234e-01
4.341859817504882812e-01
4.139089584350585938e-01
4.171926975250244141e-01
4.360907077789306641e-01
4.298236370086669922e-01
4.146413803100585938e-01
4.152472019195556641e-01
