7.599787712097167969e-01
6.920282840728759766e-01
6.843848228454589844e-01
7.601468563079833984e-01
6.719522476196289062e-01
6.748490333557128906e-01
6.910305023193359375e-01
6.658267974853515625e-01
6.867637634277343750e-01
7.544071674346923828e-01
6.817018985748291016e-01
6.859807968139648438e-01
6.724040508270263672e-01
6.771140098571777344e-01
6.830542087554931641e-01
6.694953441619873047e-01
6.785807609558105469e-01
6.859526634216308594e-01
6.927659511566162109e-01
6.752173900604248047e-01
6.764879226684570312e-01
6.749179363250732422e-01
6.838600635528564453e-01
6.999657154083251953e-01
6.680159568786621094e-01
6.772205829620361328e-01
6.759028434753417969e-01
6.783053874969482422e-01
6.858098506927490234e-01
6.748001575469970703e-01
7.628378868103027344e-01
6.890959739685058594e-01
6.753799915313720703e-01
6.836764812469482422e-01
6.686463356018066406e-01
6.723709106445312500e-01
6.705553531646728516e-01
6.835541725158691406e-01
6.796016693115234375e-01
6.780731678009033203e-01
6.801440715789794922e-01
6.836752891540527344e-01
6.846435070037841797e-01
6.787750720977783203e-01
6.707804203033447266e-01
6.864285469055175781e-01
6.868343353271484375e-01
6.976222991943359375e-01
6.894843578338623047e-01
6.723611354827880859e-01
6.892771720886230469e-01
7.015161514282226562e-01
6.802103519439697266e-01
6.841897964477539062e-01
6.906502246856689453e-01
6.940073966979980469e-01
6.838765144348144531e-01
7.711298465728759766e-01
6.822636127471923828e-01
6.761238574981689453e-01
6.859431266784667969e-01
7.031989097595214844e-01
6.731300354003906250e-01
6.964986324310302734e-01
6.965079307556152344e-01
7.029569149017333984e-01
7.076475620269775391e-01
7.923047542572021484e-01
8.293445110321044922e-01
7.479360103607177734e-01
7.091948986053466797e-01
7.461628913879394531e-01
7.190253734588623047e-01
7.128133773803710938e-01
7.238588333129882812e-01
7.884190082550048828e-01
7.424173355102539062e-01
7.495732307434082031e-01
8.429436683654785156e-01
7.555537223815917969e-01
7.509493827819824219e-01
7.327196598052978516e-01
7.529332637786865234e-01
7.490696907043457031e-01
8.167061805725097656e-01
7.353281974792480469e-01
7.553727626800537109e-01
7.557451725006103516e-01
8.103103637695312500e-01
7.907226085662841797e-01
8.014931678771972656e-01
7.140648365020751953e-01
7.602229118347167969e-01
8.000006675720214844e-01
7.164311408996582031e-01
8.360333442687988281e-01
7.763128280639648438e-01
7.504761219024658203e-01
7.666563987731933594e-01
7.231848239898681641e-01
7.262187004089355469e-01
7.776975631713867188e-01
7.429969310760498047e-01
7.499485015869140625e-01
7.872476577758789062e-01
8.374927043914794922e-01
7.489035129547119141e-01
7.533380985260009766e-01
8.776109218597412109e-01
7.308235168457031250e-01
7.331993579864501953e-01
7.618463039398193359e-01
7.683281898498535156e-01
7.247819900512695312e-01
7.377686500549316406e-01
8.510649204254150391e-01
7.775712013244628906e-01
7.399663925170898438e-01
8.275640010833740234e-01
7.660477161407470703e-01
7.089781761169433594e-01
7.336535453796386719e-01
7.296538352966308594e-01
8.520860671997070312e-01
7.186658382415771484e-01
8.069744110107421875e-01
7.340760231018066406e-01
7.841329574584960938e-01
7.922585010528564453e-01
7.516047954559326172e-01
7.537212371826171875e-01
7.490639686584472656e-01
7.493851184844970703e-01
7.229626178741455078e-01
9.055013656616210938e-01
8.242359161376953125e-01
7.552595138549804688e-01
7.586948871612548828e-01
8.279685974121093750e-01
7.191162109375000000e-01
7.479443550109863281e-01
7.531394958496093750e-01
7.557010650634765625e-01
7.542269229888916016e-01
7.502145767211914062e-01
9.130964279174804688e-01
7.351841926574707031e-01
7.405316829681396484e-01
7.511663436889648438e-01
8.536410331726074219e-01
7.334954738616943359e-01
7.308342456817626953e-01
7.322671413421630859e-01
7.281613349914550781e-01
7.151453495025634766e-01
8.346648216247558594e-01
7.801830768585205078e-01
7.131664752960205078e-01
7.253036499023437500e-01
7.548835277557373047e-01
8.673858642578125000e-01
7.420856952667236328e-01
8.511404991149902344e-01
7.638540267944335938e-01
7.323634624481201172e-01
7.496206760406494141e-01
7.558493614196777344e-01
8.640961647033691406e-01
7.496819496154785156e-01
7.265834808349609375e-01
7.351577281951904297e-01
8.459265232086181641e-01
7.524700164794921875e-01
7.469005584716796875e-01
8.454952239990234375e-01
7.926125526428222656e-01
7.551937103271484375e-01
7.486171722412109375e-01
7.514059543609619141e-01
7.127408981323242188e-01
7.496254444122314453e-01
7.579095363616943359e-01
8.368644714355468750e-01
7.149782180786132812e-01
8.339960575103759766e-01
7.283501625061035156e-01
7.552781105041503906e-01
7.216401100158691406e-01
7.177245616912841797e-01
7.940986156463623047e-01
7.755959033966064453e-01
8.460738658905029297e-01
7.413499355316162109e-01
7.793788909912109375e-01
7.781610488891601562e-01
7.924587726593017578e-01
8.605792522430419922e-01
7.799494266510009766e-01
7.325325012207031250e-01
7.354955673217773438e-01
