2.125700473785400391e+00
3.675067424774169922e-01
3.684167861938476562e-01
3.672831058502197266e-01
3.698911666870117188e-01
3.675594329833984375e-01
3.684527873992919922e-01
3.673584461212158203e-01
3.665294647216796875e-01
3.670332431793212891e-01
3.673892021179199219e-01
3.671355247497558594e-01
3.666141033172607422e-01
3.684067726135253906e-01
3.699617385864257812e-01
3.673968315124511719e-01
3.681428432464599609e-01
3.710041046142578125e-01
3.707997798919677734e-01
3.689284324645996094e-01
3.676087856292724609e-01
3.687691688537597656e-01
3.691108226776123047e-01
3.708379268646240234e-01
3.701868057250976562e-01
3.683111667633056641e-01
3.690896034240722656e-01
3.699734210968017578e-01
3.702492713928222656e-01
3.703746795654296875e-01
3.696413040161132812e-01
3.705556392669677734e-01
3.716282844543457031e-01
3.715748786926269531e-01
3.702068328857421875e-01
3.700277805328369141e-01
3.719904422760009766e-01
3.723578453063964844e-01
3.803253173828125000e-01
3.888041973114013672e-01
3.779628276824951172e-01
3.771679401397705078e-01
3.759660720825195312e-01
3.882319927215576172e-01
3.771767616271972656e-01
3.763110637664794922e-01
3.884825706481933594e-01
3.785212039947509766e-01
3.775670528411865234e-01
3.769471645355224609e-01
3.883814811706542969e-01
3.777866363525390625e-01
3.764421939849853516e-01
3.873887062072753906e-01
3.776690959930419922e-01
3.777394294738769531e-01
3.764200210571289062e-01
3.871693611145019531e-01
3.897857666015625000e-01
3.771157264709472656e-01
3.866105079650878906e-01
3.785564899444580078e-01
3.771636486053466797e-01
3.755233287811279297e-01
3.891284465789794922e-01
4.044368267059326172e-01
4.221363067626953125e-01
4.244551658630371094e-01
4.091205596923828125e-01
4.092824459075927734e-01
4.236454963684082031e-01
4.244732856750488281e-01
4.099857807159423828e-01
4.157109260559082031e-01
4.258761405944824219e-01
4.169106483459472656e-01
4.088101387023925781e-01
4.228172302246093750e-01
4.274618625640869141e-01
4.070863723754882812e-01
4.095973968505859375e-01
4.234538078308105469e-01
4.202804565429687500e-01
4.072806835174560547e-01
4.094505310058593750e-01
4.303362369537353516e-01
4.191412925720214844e-01
4.066395759582519531e-01
4.165706634521484375e-01
4.304678440093994141e-01
4.068312644958496094e-01
4.124891757965087891e-01
4.240901470184326172e-01
4.224550724029541016e-01
4.093458652496337891e-01
4.094505310058593750e-01
4.259839057922363281e-01
4.225764274597167969e-01
4.093298912048339844e-01
4.122874736785888672e-01
4.541807174682617188e-01
4.085750579833984375e-01
4.112498760223388672e-01
4.211902618408203125e-01
4.294950962066650391e-01
4.080224037170410156e-01
4.126236438751220703e-01
4.261605739593505859e-01
4.226276874542236328e-01
4.122066497802734375e-01
4.134962558746337891e-01
4.366405010223388672e-01
4.163482189178466797e-01
4.112350940704345703e-01
4.117937088012695312e-01
4.411087036132812500e-01
4.095752239227294922e-01
4.121308326721191406e-01
4.180047512054443359e-01
4.374837875366210938e-01
4.138772487640380859e-01
4.134504795074462891e-01
4.398112297058105469e-01
4.270646572113037109e-01
4.119820594787597656e-01
4.143247604370117188e-01
4.440827369689941406e-01
4.099740982055664062e-01
4.115805625915527344e-01
4.133858680725097656e-01
4.411318302154541016e-01
4.099621772766113281e-01
4.127604961395263672e-01
4.328577518463134766e-01
4.269726276397705078e-01
4.107084274291992188e-01
4.126605987548828125e-01
4.406473636627197266e-01
4.090626239776611328e-01
4.131450653076171875e-01
4.147083759307861328e-01
4.423251152038574219e-01
4.107205867767333984e-01
4.152405261993408203e-01
4.283220767974853516e-01
4.349055290222167969e-01
4.111027717590332031e-01
4.126560688018798828e-01
4.436068534851074219e-01
4.089705944061279297e-01
4.116876125335693359e-01
4.130356311798095703e-01
4.424207210540771484e-01
4.113030433654785156e-01
4.128718376159667969e-01
4.292349815368652344e-01
4.340186119079589844e-01
4.129779338836669922e-01
4.148550033569335938e-01
4.452366828918457031e-01
4.212448596954345703e-01
4.136774539947509766e-01
4.130191802978515625e-01
4.422953128814697266e-01
4.114255905151367188e-01
4.139950275421142578e-01
4.213862419128417969e-01
4.365613460540771484e-01
4.103455543518066406e-01
4.246594905853271484e-01
4.511311054229736328e-01
4.225242137908935547e-01
4.125423431396484375e-01
4.307310581207275391e-01
4.424691200256347656e-01
4.110331535339355469e-01
4.127385616302490234e-01
4.209513664245605469e-01
4.419741630554199219e-01
4.136464595794677734e-01
4.161837100982666016e-01
4.301493167877197266e-01
4.308714866638183594e-01
4.107255935668945312e-01
4.134323596954345703e-01
4.368093013763427734e-01
4.226291179656982422e-01
4.136312007904052734e-01
4.157626628875732422e-01
4.439952373504638672e-01
4.267144203186035156e-01
4.146695137023925781e-01
4.387857913970947266e-01
4.343876838684082031e-01
4.125926494598388672e-01
4.287934303283691406e-01
4.273297786712646484e-01
4.269289970397949219e-01
4.143819808959960938e-01
4.145729541778564453e-01
