6.339566707611083984e-01
6.223340034484863281e-01
6.176569461822509766e-01
6.180028915405273438e-01
7.007782459259033203e-01
6.240236759185791016e-01
6.332125663757324219e-01
6.305780410766601562e-01
6.269338130950927734e-01
6.278920173645019531e-01
7.003717422485351562e-01
6.348876953125000000e-01
6.237676143646240234e-01
6.428654193878173828e-01
6.414306163787841797e-01
6.301414966583251953e-01
7.132120132446289062e-01
6.371133327484130859e-01
6.396658420562744141e-01
6.186976432800292969e-01
6.206221580505371094e-01
6.176781654357910156e-01
6.168680191040039062e-01
6.149599552154541016e-01
6.257472038269042969e-01
6.153218746185302734e-01
6.168971061706542969e-01
6.213638782501220703e-01
6.124732494354248047e-01
6.260588169097900391e-01
6.343386173248291016e-01
6.420812606811523438e-01
7.026667594909667969e-01
6.380221843719482422e-01
6.300806999206542969e-01
6.953117847442626953e-01
6.287090778350830078e-01
6.312108039855957031e-01
6.938776969909667969e-01
6.277306079864501953e-01
6.312696933746337891e-01
6.334016323089599609e-01
6.349642276763916016e-01
6.285300254821777344e-01
6.362748146057128906e-01
6.324362754821777344e-01
6.323375701904296875e-01
6.950297355651855469e-01
6.286416053771972656e-01
6.256735324859619141e-01
6.984016895294189453e-01
6.289649009704589844e-01
6.261112689971923828e-01
6.287140846252441406e-01
6.289067268371582031e-01
6.276838779449462891e-01
6.277277469635009766e-01
6.291100978851318359e-01
6.836485862731933594e-01
6.249709129333496094e-01
6.343843936920166016e-01
6.292428970336914062e-01
6.292896270751953125e-01
6.325507164001464844e-01
6.322169303894042969e-01
6.275863647460937500e-01
7.011766433715820312e-01
7.005198001861572266e-01
6.242523193359375000e-01
6.325340270996093750e-01
6.324820518493652344e-01
6.244692802429199219e-01
6.425056457519531250e-01
6.246132850646972656e-01
6.328151226043701172e-01
6.309242248535156250e-01
6.289813518524169922e-01
6.347186565399169922e-01
6.109797954559326172e-01
6.213781833648681641e-01
6.385719776153564453e-01
6.574659347534179688e-01
6.129853725433349609e-01
6.808688640594482422e-01
6.680994033813476562e-01
6.130480766296386719e-01
6.312034130096435547e-01
6.272687911987304688e-01
6.243815422058105469e-01
6.977581977844238281e-01
6.996090412139892578e-01
6.239407062530517578e-01
6.237585544586181641e-01
6.433820724487304688e-01
6.284286975860595703e-01
6.288220882415771484e-01
6.279845237731933594e-01
6.246459484100341797e-01
6.971831321716308594e-01
6.240103244781494141e-01
6.300089359283447266e-01
6.984827518463134766e-01
7.014002799987792969e-01
6.247642040252685547e-01
6.258423328399658203e-01
6.366019248962402344e-01
6.280388832092285156e-01
6.324324607849121094e-01
6.321282386779785156e-01
6.573972702026367188e-01
6.165750026702880859e-01
6.345186233520507812e-01
6.647105216979980469e-01
6.354525089263916016e-01
6.362178325653076172e-01
6.342418193817138672e-01
6.482982635498046875e-01
6.454274654388427734e-01
6.316456794738769531e-01
6.900219917297363281e-01
6.249611377716064453e-01
6.281452178955078125e-01
6.283211708068847656e-01
6.318528652191162109e-01
6.987910270690917969e-01
7.036290168762207031e-01
6.292243003845214844e-01
6.268672943115234375e-01
6.965682506561279297e-01
6.300940513610839844e-01
7.016153335571289062e-01
7.112667560577392578e-01
6.296362876892089844e-01
6.312162876129150391e-01
6.322360038757324219e-01
6.468305587768554688e-01
6.356518268585205078e-01
6.308221817016601562e-01
6.638646125793457031e-01
6.295061111450195312e-01
7.115242481231689453e-01
6.255581378936767578e-01
6.263253688812255859e-01
7.127513885498046875e-01
6.314930915832519531e-01
6.274397373199462891e-01
6.463537216186523438e-01
6.223328113555908203e-01
6.734764575958251953e-01
6.156055927276611328e-01
6.268267631530761719e-01
6.772849559783935547e-01
6.933236122131347656e-01
7.128598690032958984e-01
6.231200695037841797e-01
6.251597404479980469e-01
7.076523303985595703e-01
6.293380260467529297e-01
6.704430580139160156e-01
6.242365837097167969e-01
6.904234886169433594e-01
6.408398151397705078e-01
6.276948451995849609e-01
6.822631359100341797e-01
7.018494606018066406e-01
6.704828739166259766e-01
6.958460807800292969e-01
6.326270103454589844e-01
7.073247432708740234e-01
7.015357017517089844e-01
6.308100223541259766e-01
6.338469982147216797e-01
6.105327606201171875e-01
6.127808094024658203e-01
6.259331703186035156e-01
6.803562641143798828e-01
6.308686733245849609e-01
7.046034336090087891e-01
6.849336624145507812e-01
6.582832336425781250e-01
6.145749092102050781e-01
6.152658462524414062e-01
6.279127597808837891e-01
6.971905231475830078e-01
6.813340187072753906e-01
6.893770694732666016e-01
6.260082721710205078e-01
6.320137977600097656e-01
6.317489147186279297e-01
6.794891357421875000e-01
7.011327743530273438e-01
6.139972209930419922e-01
6.189672946929931641e-01
6.567692756652832031e-01
6.316127777099609375e-01
7.050714492797851562e-01
6.312091350555419922e-01
6.334667205810546875e-01
6.343991756439208984e-01
6.334404945373535156e-01
