5.196992158889770508e+00
9.354972839355468750e-01
9.377658367156982422e-01
9.381339550018310547e-01
9.340064525604248047e-01
9.357492923736572266e-01
9.352335929870605469e-01
9.357013702392578125e-01
9.354546070098876953e-01
9.391326904296875000e-01
9.344251155853271484e-01
9.355118274688720703e-01
9.369368553161621094e-01
9.364476203918457031e-01
9.318873882293701172e-01
9.344179630279541016e-01
9.311022758483886719e-01
9.309341907501220703e-01
9.334144592285156250e-01
9.318485260009765625e-01
9.327518939971923828e-01
9.343175888061523438e-01
9.322187900543212891e-01
9.329731464385986328e-01
9.348442554473876953e-01
9.392554759979248047e-01
9.411425590515136719e-01
9.415333271026611328e-01
9.414637088775634766e-01
9.389040470123291016e-01
9.344666004180908203e-01
9.314107894897460938e-01
9.343869686126708984e-01
9.350173473358154297e-01
9.377493858337402344e-01
9.363987445831298828e-01
9.348077774047851562e-01
9.392011165618896484e-01
9.386098384857177734e-01
9.400539398193359375e-01
9.393153190612792969e-01
9.365994930267333984e-01
9.400501251220703125e-01
9.411435127258300781e-01
9.383461475372314453e-01
9.395389556884765625e-01
9.424479007720947266e-01
9.453098773956298828e-01
9.388337135314941406e-01
9.399948120117187500e-01
9.456079006195068359e-01
9.418339729309082031e-01
9.426159858703613281e-01
9.433977603912353516e-01
9.444603919982910156e-01
9.423556327819824219e-01
9.483439922332763672e-01
9.506716728210449219e-01
9.475953578948974609e-01
9.509270191192626953e-01
9.496109485626220703e-01
9.470794200897216797e-01
9.562370777130126953e-01
9.487073421478271484e-01
9.476561546325683594e-01
9.487059116363525391e-01
9.489769935607910156e-01
9.476702213287353516e-01
9.462075233459472656e-01
9.492785930633544922e-01
9.497838020324707031e-01
9.490289688110351562e-01
9.506161212921142578e-01
9.505090713500976562e-01
9.496176242828369141e-01
9.616434574127197266e-01
9.498512744903564453e-01
9.577968120574951172e-01
9.468345642089843750e-01
9.475216865539550781e-01
9.541482925415039062e-01
9.379551410675048828e-01
9.423007965087890625e-01
9.359052181243896484e-01
9.342637062072753906e-01
9.566524028778076172e-01
9.483401775360107422e-01
9.426932334899902344e-01
9.402086734771728516e-01
9.414908885955810547e-01
9.390168190002441406e-01
9.456865787506103516e-01
9.497890472412109375e-01
9.560804367065429688e-01
9.508495330810546875e-01
9.520854949951171875e-01
9.475729465484619141e-01
9.493067264556884766e-01
9.534752368927001953e-01
9.558393955230712891e-01
9.578819274902343750e-01
9.549839496612548828e-01
9.569056034088134766e-01
9.583771228790283203e-01
9.545114040374755859e-01
9.575119018554687500e-01
9.539844989776611328e-01
9.539546966552734375e-01
9.668722152709960938e-01
9.578633308410644531e-01
1.025965452194213867e+00
9.371771812438964844e-01
9.689691066741943359e-01
9.489533901214599609e-01
9.540426731109619141e-01
9.536409378051757812e-01
9.517815113067626953e-01
9.544446468353271484e-01
9.503250122070312500e-01
9.511766433715820312e-01
9.436397552490234375e-01
9.621109962463378906e-01
9.448039531707763672e-01
9.565541744232177734e-01
9.387385845184326172e-01
9.445967674255371094e-01
9.589948654174804688e-01
9.564135074615478516e-01
9.536764621734619141e-01
9.519429206848144531e-01
9.568238258361816406e-01
9.565622806549072266e-01
9.538109302520751953e-01
9.520936012268066406e-01
9.534618854522705078e-01
9.541509151458740234e-01
9.543020725250244141e-01
9.544622898101806641e-01
9.540741443634033203e-01
9.529151916503906250e-01
9.537138938903808594e-01
9.609775543212890625e-01
9.599499702453613281e-01
9.551100730895996094e-01
9.554536342620849609e-01
9.565293788909912109e-01
9.584600925445556641e-01
9.605731964111328125e-01
9.612703323364257812e-01
9.326684474945068359e-01
9.546940326690673828e-01
9.395387172698974609e-01
9.365341663360595703e-01
9.362325668334960938e-01
9.384169578552246094e-01
9.549617767333984375e-01
9.487636089324951172e-01
9.479928016662597656e-01
9.425911903381347656e-01
9.420518875122070312e-01
9.438586235046386719e-01
9.429690837860107422e-01
9.434199333190917969e-01
9.410064220428466797e-01
9.429163932800292969e-01
9.518072605133056641e-01
9.490568637847900391e-01
9.729037284851074219e-01
9.479379653930664062e-01
9.433946609497070312e-01
9.496912956237792969e-01
9.489657878875732422e-01
9.532787799835205078e-01
9.508218765258789062e-01
9.508600234985351562e-01
9.505107402801513672e-01
9.503021240234375000e-01
9.512810707092285156e-01
9.547181129455566406e-01
9.571661949157714844e-01
9.539923667907714844e-01
9.521903991699218750e-01
9.542145729064941406e-01
9.528322219848632812e-01
9.526770114898681641e-01
9.512896537780761719e-01
9.515635967254638672e-01
9.521298408508300781e-01
9.544684886932373047e-01
9.554958343505859375e-01
9.529702663421630859e-01
9.566514492034912109e-01
9.559605121612548828e-01
9.520568847656250000e-01
9.571371078491210938e-01
9.567553997039794922e-01
9.547715187072753906e-01
9.571566581726074219e-01
9.529225826263427734e-01
9.557654857635498047e-01
