6.339514255523681641e-01
6.223275661468505859e-01
6.176669597625732422e-01
6.179981231689453125e-01
7.007753849029541016e-01
6.240029335021972656e-01
6.332094669342041016e-01
6.305599212646484375e-01
6.269414424896240234e-01
6.278924942016601562e-01
7.003824710845947266e-01
6.348946094512939453e-01
6.237463951110839844e-01
6.428642272949218750e-01
6.414306163787841797e-01
6.301438808441162109e-01
7.132067680358886719e-01
6.371157169342041016e-01
6.396625041961669922e-01
6.186614036560058594e-01
6.206216812133789062e-01
6.176757812500000000e-01
6.168558597564697266e-01
6.149566173553466797e-01
6.257629394531250000e-01
6.153020858764648438e-01
6.168727874755859375e-01
6.213603019714355469e-01
6.124536991119384766e-01
6.260404586791992188e-01
6.343495845794677734e-01
6.420936584472656250e-01
7.026660442352294922e-01
6.380221843719482422e-01
6.301002502441406250e-01
6.953077316284179688e-01
6.287178993225097656e-01
6.312088966369628906e-01
6.938865184783935547e-01
6.277475357055664062e-01
6.312704086303710938e-01
6.333971023559570312e-01
6.349861621856689453e-01
6.285560131072998047e-01
6.362667083740234375e-01
6.324431896209716797e-01
6.323397159576416016e-01
6.950321197509765625e-01
6.286418437957763672e-01
6.256628036499023438e-01
6.984159946441650391e-01
6.289575099945068359e-01
6.261005401611328125e-01
6.287147998809814453e-01
6.288988590240478516e-01
6.276764869689941406e-01
6.277329921722412109e-01
6.291038990020751953e-01
6.836323738098144531e-01
6.249620914459228516e-01
6.343896389007568359e-01
6.292436122894287109e-01
6.292798519134521484e-01
6.325464248657226562e-01
6.322128772735595703e-01
6.276073455810546875e-01
7.011747360229492188e-01
7.005310058593750000e-01
6.242623329162597656e-01
6.325252056121826172e-01
6.324915885925292969e-01
6.244800090789794922e-01
6.425015926361083984e-01
6.246209144592285156e-01
6.328101158142089844e-01
6.309196949005126953e-01
6.290144920349121094e-01
6.347250938415527344e-01
6.109771728515625000e-01
6.213865280151367188e-01
6.385750770568847656e-01
6.574487686157226562e-01
6.129791736602783203e-01
6.808829307556152344e-01
6.681015491485595703e-01
6.130440235137939453e-01
6.311984062194824219e-01
6.272747516632080078e-01
6.243743896484375000e-01
6.977703571319580078e-01
6.996068954467773438e-01
6.239409446716308594e-01
6.237761974334716797e-01
6.433815956115722656e-01
6.284260749816894531e-01
6.288156509399414062e-01
6.279919147491455078e-01
6.246578693389892578e-01
6.971549987792968750e-01
6.240131855010986328e-01
6.300044059753417969e-01
6.984755992889404297e-01
7.013916969299316406e-01
6.247618198394775391e-01
6.258342266082763672e-01
6.366138458251953125e-01
6.280465126037597656e-01
6.324577331542968750e-01
6.321322917938232422e-01
6.574022769927978516e-01
6.165730953216552734e-01
6.345224380493164062e-01
6.647157669067382812e-01
6.354486942291259766e-01
6.362168788909912109e-01
6.342546939849853516e-01
6.483097076416015625e-01
6.454384326934814453e-01
6.316523551940917969e-01
6.900303363800048828e-01
6.249713897705078125e-01
6.281511783599853516e-01
6.283376216888427734e-01
6.318554878234863281e-01
6.988070011138916016e-01
7.036445140838623047e-01
6.292283535003662109e-01
6.268708705902099609e-01
6.965761184692382812e-01
6.300914287567138672e-01
7.016201019287109375e-01
7.112605571746826172e-01
6.296343803405761719e-01
6.312167644500732422e-01
6.322464942932128906e-01
6.468496322631835938e-01
6.356492042541503906e-01
6.308274269104003906e-01
6.638727188110351562e-01
6.295046806335449219e-01
7.115204334259033203e-01
6.255588531494140625e-01
6.263277530670166016e-01
7.127480506896972656e-01
6.314976215362548828e-01
6.274394989013671875e-01
6.463534832000732422e-01
6.223158836364746094e-01
6.734991073608398438e-01
6.156041622161865234e-01
6.268212795257568359e-01
6.772947311401367188e-01
6.933200359344482422e-01
7.128300666809082031e-01
6.231389045715332031e-01
6.251714229583740234e-01
7.076523303985595703e-01
6.293444633483886719e-01
6.704397201538085938e-01
6.242270469665527344e-01
6.904394626617431641e-01
6.408493518829345703e-01
6.277036666870117188e-01
6.822438240051269531e-01
7.018599510192871094e-01
6.704671382904052734e-01
6.958451271057128906e-01
6.326403617858886719e-01
7.073211669921875000e-01
7.015275955200195312e-01
6.308100223541259766e-01
6.338648796081542969e-01
6.105370521545410156e-01
6.127769947052001953e-01
6.259474754333496094e-01
6.803462505340576172e-01
6.308503150939941406e-01
7.046146392822265625e-01
6.849427223205566406e-01
6.582691669464111328e-01
6.145749092102050781e-01
6.152546405792236328e-01
6.279110908508300781e-01
6.972057819366455078e-01
6.813390254974365234e-01
6.893713474273681641e-01
6.260063648223876953e-01
6.320214271545410156e-01
6.317489147186279297e-01
6.794514656066894531e-01
7.011401653289794922e-01
6.139962673187255859e-01
6.189730167388916016e-01
6.420783996582031250e-01
6.316266059875488281e-01
7.050750255584716797e-01
6.312119960784912109e-01
6.334867477416992188e-01
6.343989372253417969e-01
6.334378719329833984e-01
