4.912328720092773438e+00
6.354942321777343750e-01
6.492941379547119141e-01
6.369574069976806641e-01
6.371002197265625000e-01
6.374976634979248047e-01
6.373462677001953125e-01
6.381227970123291016e-01
6.379866600036621094e-01
6.395590305328369141e-01
6.384408473968505859e-01
6.377449035644531250e-01
6.379699707031250000e-01
6.394484043121337891e-01
6.371865272521972656e-01
6.384055614471435547e-01
6.377713680267333984e-01
6.382310390472412109e-01
6.379067897796630859e-01
6.474387645721435547e-01
6.388618946075439453e-01
6.385982036590576172e-01
6.400110721588134766e-01
6.404855251312255859e-01
6.395080089569091797e-01
6.403093338012695312e-01
6.411831378936767578e-01
6.397755146026611328e-01
6.398272514343261719e-01
6.412234306335449219e-01
6.472682952880859375e-01
6.498427391052246094e-01
6.484363079071044922e-01
6.492166519165039062e-01
6.483495235443115234e-01
6.510746479034423828e-01
6.509408950805664062e-01
6.497888565063476562e-01
6.493875980377197266e-01
6.527228355407714844e-01
6.510992050170898438e-01
6.514816284179687500e-01
6.708323955535888672e-01
6.520228385925292969e-01
6.528995037078857422e-01
6.494767665863037109e-01
6.491510868072509766e-01
6.459925174713134766e-01
6.418900489807128906e-01
6.449766159057617188e-01
6.420297622680664062e-01
6.442620754241943359e-01
6.452791690826416016e-01
6.447637081146240234e-01
6.445434093475341797e-01
6.456091403961181641e-01
6.449785232543945312e-01
6.443543434143066406e-01
6.470386981964111328e-01
6.465106010437011719e-01
6.464462280273437500e-01
6.458425521850585938e-01
6.470992565155029297e-01
6.476845741271972656e-01
6.461074352264404297e-01
6.483006477355957031e-01
6.466412544250488281e-01
6.317203044891357422e-01
6.299245357513427734e-01
6.309144496917724609e-01
6.690218448638916016e-01
6.295068264007568359e-01
6.323757171630859375e-01
6.299035549163818359e-01
6.319522857666015625e-01
6.563212871551513672e-01
6.546273231506347656e-01
6.555616855621337891e-01
6.537880897521972656e-01
6.485397815704345703e-01
6.491096019744873047e-01
6.500134468078613281e-01
6.501309871673583984e-01
6.483387947082519531e-01
6.485023498535156250e-01
6.473011970520019531e-01
6.473572254180908203e-01
6.491177082061767578e-01
6.508476734161376953e-01
6.490666866302490234e-01
6.492085456848144531e-01
6.504418849945068359e-01
6.504080295562744141e-01
6.486139297485351562e-01
6.507248878479003906e-01
6.523845195770263672e-01
6.519229412078857422e-01
6.518495082855224609e-01
6.533904075622558594e-01
6.518268585205078125e-01
6.524889469146728516e-01
6.521100997924804688e-01
6.523356437683105469e-01
6.524727344512939453e-01
6.514103412628173828e-01
6.516561508178710938e-01
6.598269939422607422e-01
6.592268943786621094e-01
6.590504646301269531e-01
6.570188999176025391e-01
6.560568809509277344e-01
6.545319557189941406e-01
6.592054367065429688e-01
6.598167419433593750e-01
6.576864719390869141e-01
8.428399562835693359e-01
6.340124607086181641e-01
6.697700023651123047e-01
6.458401679992675781e-01
6.349651813507080078e-01
6.347529888153076172e-01
6.365818977355957031e-01
6.350827217102050781e-01
6.348664760589599609e-01
6.363346576690673828e-01
6.345710754394531250e-01
6.332910060882568359e-01
6.364676952362060547e-01
6.357793807983398438e-01
6.363806724548339844e-01
6.364862918853759766e-01
6.893265247344970703e-01
6.533057689666748047e-01
6.529078483581542969e-01
6.593503952026367188e-01
6.589567661285400391e-01
6.599006652832031250e-01
6.599552631378173828e-01
6.576495170593261719e-01
6.750741004943847656e-01
6.598925590515136719e-01
6.684589385986328125e-01
6.548576354980468750e-01
6.549656391143798828e-01
6.548507213592529297e-01
6.562480926513671875e-01
6.560864448547363281e-01
6.548943519592285156e-01
6.544857025146484375e-01
6.555795669555664062e-01
6.582391262054443359e-01
6.563625335693359375e-01
6.548552513122558594e-01
6.568579673767089844e-01
6.578414440155029297e-01
6.378550529479980469e-01
6.362824440002441406e-01
6.822979450225830078e-01
6.880314350128173828e-01
6.649339199066162109e-01
6.570925712585449219e-01
6.764864921569824219e-01
6.882395744323730469e-01
7.015833854675292969e-01
6.555593013763427734e-01
6.567344665527343750e-01
6.560335159301757812e-01
6.615285873413085938e-01
6.601996421813964844e-01
6.619639396667480469e-01
6.619710922241210938e-01
6.641972064971923828e-01
6.545455455780029297e-01
6.573567390441894531e-01
6.577484607696533203e-01
6.573414802551269531e-01
6.578376293182373047e-01
6.576042175292968750e-01
6.574118137359619141e-01
6.568596363067626953e-01
6.546561717987060547e-01
6.545403003692626953e-01
6.553971767425537109e-01
6.585333347320556641e-01
6.549274921417236328e-01
6.578474044799804688e-01
6.584739685058593750e-01
6.594645977020263672e-01
6.564428806304931641e-01
6.573140621185302734e-01
6.695964336395263672e-01
6.590983867645263672e-01
6.720595359802246094e-01
6.570422649383544922e-01
6.590828895568847656e-01
6.636166572570800781e-01
6.667060852050781250e-01
6.643784046173095703e-01
6.634399890899658203e-01
6.640055179595947266e-01
