5.031033992767333984e+00
7.719578742980957031e-01
7.607858180999755859e-01
7.578420639038085938e-01
7.579126358032226562e-01
7.561738491058349609e-01
7.582728862762451172e-01
7.564976215362548828e-01
7.560665607452392578e-01
7.584664821624755859e-01
7.577383518218994141e-01
7.588551044464111328e-01
7.803416252136230469e-01
7.563612461090087891e-01
7.546241283416748047e-01
7.562420368194580078e-01
7.555932998657226562e-01
7.668437957763671875e-01
7.562518119812011719e-01
7.568445205688476562e-01
7.573215961456298828e-01
7.576401233673095703e-01
7.574319839477539062e-01
7.558500766754150391e-01
7.673604488372802734e-01
7.583119869232177734e-01
7.575173377990722656e-01
7.590508460998535156e-01
7.600142955780029297e-01
7.778334617614746094e-01
7.592000961303710938e-01
7.566316127777099609e-01
7.586591243743896484e-01
7.587425708770751953e-01
7.958357334136962891e-01
7.602145671844482422e-01
7.594065666198730469e-01
7.639682292938232422e-01
7.600097656250000000e-01
7.610859870910644531e-01
7.724328041076660156e-01
7.618563175201416016e-01
7.625236511230468750e-01
7.637147903442382812e-01
7.625887393951416016e-01
7.637073993682861328e-01
7.624366283416748047e-01
7.647652626037597656e-01
7.715034484863281250e-01
7.617101669311523438e-01
7.628648281097412109e-01
7.639281749725341797e-01
7.794356346130371094e-01
7.678041458129882812e-01
7.606751918792724609e-01
7.626879215240478516e-01
7.650811672210693359e-01
7.648248672485351562e-01
7.639758586883544922e-01
7.651124000549316406e-01
7.653181552886962891e-01
7.655065059661865234e-01
7.659366130828857422e-01
7.674257755279541016e-01
7.711167335510253906e-01
7.745730876922607422e-01
7.653198242187500000e-01
7.677729129791259766e-01
7.891182899475097656e-01
7.679140567779541016e-01
7.659645080566406250e-01
7.650573253631591797e-01
7.740819454193115234e-01
7.651433944702148438e-01
7.672419548034667969e-01
7.723560333251953125e-01
7.684915065765380859e-01
7.732851505279541016e-01
7.642099857330322266e-01
7.621686458587646484e-01
7.659356594085693359e-01
7.739808559417724609e-01
7.753958702087402344e-01
7.726457118988037109e-01
7.727227210998535156e-01
7.636168003082275391e-01
7.756204605102539062e-01
8.337337970733642578e-01
7.803766727447509766e-01
7.738208770751953125e-01
7.735791206359863281e-01
7.798223495483398438e-01
7.751162052154541016e-01
7.700231075286865234e-01
7.703359127044677734e-01
7.874190807342529297e-01
8.208854198455810547e-01
8.107278347015380859e-01
7.695298194885253906e-01
7.699146270751953125e-01
7.714154720306396484e-01
7.688360214233398438e-01
7.698881626129150391e-01
7.710924148559570312e-01
7.687253952026367188e-01
7.701942920684814453e-01
7.697536945343017578e-01
7.697861194610595703e-01
7.716474533081054688e-01
7.692396640777587891e-01
7.745909690856933594e-01
7.776749134063720703e-01
7.780425548553466797e-01
7.750260829925537109e-01
7.696688175201416016e-01
7.701680660247802734e-01
7.689933776855468750e-01
7.773375511169433594e-01
7.868125438690185547e-01
8.130123615264892578e-01
7.724795341491699219e-01
7.998287677764892578e-01
7.702243328094482422e-01
7.936644554138183594e-01
7.774517536163330078e-01
8.218193054199218750e-01
7.745721340179443359e-01
7.721486091613769531e-01
7.704064846038818359e-01
7.693068981170654297e-01
7.730255126953125000e-01
7.742950916290283203e-01
7.706062793731689453e-01
7.720520496368408203e-01
7.717993259429931641e-01
7.720472812652587891e-01
7.716491222381591797e-01
7.724068164825439453e-01
7.704925537109375000e-01
7.722616195678710938e-01
7.718100547790527344e-01
7.730510234832763672e-01
7.745370864868164062e-01
7.751622200012207031e-01
7.749073505401611328e-01
7.738008499145507812e-01
7.770230770111083984e-01
7.790889739990234375e-01
7.747576236724853516e-01
7.774093151092529297e-01
7.784907817840576172e-01
7.765655517578125000e-01
7.813558578491210938e-01
7.801477909088134766e-01
7.777128219604492188e-01
7.811737060546875000e-01
7.742164134979248047e-01
8.022899627685546875e-01
7.800621986389160156e-01
7.764272689819335938e-01
7.757706642150878906e-01
7.727103233337402344e-01
7.757561206817626953e-01
7.737159729003906250e-01
8.031628131866455078e-01
7.718582153320312500e-01
7.719368934631347656e-01
7.782628536224365234e-01
7.870340347290039062e-01
8.198435306549072266e-01
7.830171585083007812e-01
7.720155715942382812e-01
7.748055458068847656e-01
7.745158672332763672e-01
7.738358974456787109e-01
7.728629112243652344e-01
7.738797664642333984e-01
7.750756740570068359e-01
7.741034030914306641e-01
7.763564586639404297e-01
7.749757766723632812e-01
7.732281684875488281e-01
7.744901180267333984e-01
7.751569747924804688e-01
7.755506038665771484e-01
7.734189033508300781e-01
7.757871150970458984e-01
7.751009464263916016e-01
7.756569385528564453e-01
7.749626636505126953e-01
7.752883434295654297e-01
7.739946842193603516e-01
7.753534317016601562e-01
7.763931751251220703e-01
7.751069068908691406e-01
7.757208347320556641e-01
7.743196487426757812e-01
7.746253013610839844e-01
7.736327648162841797e-01
7.788290977478027344e-01
