6.339495182037353516e-01
6.223196983337402344e-01
6.176643371582031250e-01
6.179988384246826172e-01
7.007713317871093750e-01
6.240127086639404297e-01
6.332099437713623047e-01
6.305761337280273438e-01
6.269378662109375000e-01
6.278898715972900391e-01
7.003762722015380859e-01
6.348919868469238281e-01
6.237616539001464844e-01
6.428592205047607422e-01
6.414296627044677734e-01
6.301443576812744141e-01
7.131938934326171875e-01
6.371147632598876953e-01
6.396636962890625000e-01
6.186678409576416016e-01
6.206214427947998047e-01
6.176750659942626953e-01
6.168534755706787109e-01
6.149566173553466797e-01
6.257631778717041016e-01
6.153004169464111328e-01
6.168699264526367188e-01
6.213581562042236328e-01
6.124508380889892578e-01
6.260776519775390625e-01
6.343512535095214844e-01
6.420943737030029297e-01
7.026672363281250000e-01
6.380240917205810547e-01
6.301012039184570312e-01
6.953089237213134766e-01
6.287190914154052734e-01
6.312084197998046875e-01
6.938877105712890625e-01
6.277465820312500000e-01
6.312716007232666016e-01
6.333982944488525391e-01
6.349740028381347656e-01
6.285550594329833984e-01
6.362683773040771484e-01
6.324408054351806641e-01
6.323418617248535156e-01
6.950297355651855469e-01
6.286380290985107422e-01
6.256589889526367188e-01
6.984150409698486328e-01
6.289565563201904297e-01
6.261026859283447266e-01
6.287136077880859375e-01
6.288969516754150391e-01
6.276659965515136719e-01
6.277291774749755859e-01
6.291007995605468750e-01
6.836166381835937500e-01
6.249561309814453125e-01
6.343863010406494141e-01
6.292386054992675781e-01
6.292777061462402344e-01
6.325452327728271484e-01
6.322121620178222656e-01
6.275813579559326172e-01
7.011752128601074219e-01
7.005240917205810547e-01
6.242554187774658203e-01
6.325197219848632812e-01
6.324896812438964844e-01
6.244750022888183594e-01
6.424977779388427734e-01
6.246180534362792969e-01
6.328067779541015625e-01
6.309313774108886719e-01
6.290140151977539062e-01
6.347267627716064453e-01
6.109602451324462891e-01
6.213834285736083984e-01
6.385738849639892578e-01
6.574468612670898438e-01
6.129770278930664062e-01
6.808800697326660156e-01
6.681017875671386719e-01
6.130445003509521484e-01
6.311948299407958984e-01
6.272737979888916016e-01
6.243824958801269531e-01
6.977682113647460938e-01
6.996068954467773438e-01
6.239271163940429688e-01
6.237745285034179688e-01
6.433808803558349609e-01
6.284253597259521484e-01
6.288154125213623047e-01
6.279914379119873047e-01
6.246559619903564453e-01
6.971557140350341797e-01
6.240103244781494141e-01
6.300034523010253906e-01
6.984803676605224609e-01
7.013919353485107422e-01
6.247601509094238281e-01
6.258203983306884766e-01
6.366124153137207031e-01
6.280419826507568359e-01
6.324548721313476562e-01
6.321337223052978516e-01
6.574013233184814453e-01
6.165676116943359375e-01
6.345148086547851562e-01
6.647174358367919922e-01
6.354482173919677734e-01
6.362249851226806641e-01
6.342477798461914062e-01
6.483023166656494141e-01
6.454277038574218750e-01
6.316480636596679688e-01
6.900212764739990234e-01
6.249644756317138672e-01
6.281468868255615234e-01
6.283307075500488281e-01
6.318511962890625000e-01
6.988008022308349609e-01
7.036380767822265625e-01
6.292243003845214844e-01
6.268553733825683594e-01
6.965718269348144531e-01
6.300849914550781250e-01
7.016007900238037109e-01
7.112572193145751953e-01
6.296305656433105469e-01
6.312091350555419922e-01
6.322405338287353516e-01
6.468448638916015625e-01
6.356461048126220703e-01
6.308398246765136719e-01
6.638746261596679688e-01
6.295063495635986328e-01
7.115159034729003906e-01
6.255562305450439453e-01
6.263246536254882812e-01
7.127585411071777344e-01
6.314935684204101562e-01
6.274385452270507812e-01
6.463501453399658203e-01
6.223149299621582031e-01
6.735005378723144531e-01
6.156022548675537109e-01
6.268315315246582031e-01
6.772904396057128906e-01
6.933202743530273438e-01
7.128288745880126953e-01
6.231393814086914062e-01
6.251659393310546875e-01
7.076368331909179688e-01
6.293430328369140625e-01
6.825299263000488281e-01
6.242256164550781250e-01
6.904356479644775391e-01
6.408472061157226562e-01
6.276991367340087891e-01
6.822493076324462891e-01
7.018578052520751953e-01
6.704633235931396484e-01
6.958377361297607422e-01
6.326417922973632812e-01
7.073163986206054688e-01
7.015123367309570312e-01
6.308135986328125000e-01
6.338648796081542969e-01
6.105351448059082031e-01
6.127772331237792969e-01
6.259441375732421875e-01
6.803426742553710938e-01
6.308672428131103516e-01
7.046139240264892578e-01
6.849415302276611328e-01
6.582639217376708984e-01
6.145734786987304688e-01
6.152522563934326172e-01
6.278953552246093750e-01
6.972026824951171875e-01
6.813342571258544922e-01
6.893720626831054688e-01
6.260066032409667969e-01
6.320195198059082031e-01
6.317467689514160156e-01
6.794669628143310547e-01
7.011368274688720703e-01
6.139953136444091797e-01
6.189708709716796875e-01
6.420791149139404297e-01
6.316244602203369141e-01
7.050709724426269531e-01
6.312117576599121094e-01
6.334841251373291016e-01
6.343665122985839844e-01
6.334297657012939453e-01
