6.339495182037353516e-01
6.223340034484863281e-01
6.176609992980957031e-01
6.180038452148437500e-01
7.007772922515869141e-01
6.240246295928955078e-01
6.332125663757324219e-01
6.305673122406005859e-01
6.269321441650390625e-01
6.278941631317138672e-01
7.003722190856933594e-01
6.348888874053955078e-01
6.237637996673583984e-01
6.428632736206054688e-01
6.414332389831542969e-01
6.301448345184326172e-01
7.132141590118408203e-01
6.371166706085205078e-01
6.396682262420654297e-01
6.186974048614501953e-01
6.206231117248535156e-01
6.176824569702148438e-01
6.168725490570068359e-01
6.149637699127197266e-01
6.257572174072265625e-01
6.153256893157958984e-01
6.169011592864990234e-01
6.213762760162353516e-01
6.124765872955322266e-01
6.260635852813720703e-01
6.343452930450439453e-01
6.420848369598388672e-01
7.026700973510742188e-01
6.380271911621093750e-01
6.300835609436035156e-01
6.953165531158447266e-01
6.287138462066650391e-01
6.312112808227539062e-01
6.938810348510742188e-01
6.277306079864501953e-01
6.312582492828369141e-01
6.334054470062255859e-01
6.349666118621826172e-01
6.285388469696044922e-01
6.362733840942382812e-01
6.324393749237060547e-01
6.323380470275878906e-01
6.950256824493408203e-01
6.286365985870361328e-01
6.256721019744873047e-01
6.983997821807861328e-01
6.289615631103515625e-01
6.261072158813476562e-01
6.287174224853515625e-01
6.289038658142089844e-01
6.276855468750000000e-01
6.277322769165039062e-01
6.291141510009765625e-01
6.836514472961425781e-01
6.249759197235107422e-01
6.343867778778076172e-01
6.292464733123779297e-01
6.292908191680908203e-01
6.325519084930419922e-01
6.322176456451416016e-01
6.275899410247802734e-01
7.011799812316894531e-01
7.005214691162109375e-01
6.242542266845703125e-01
6.325380802154541016e-01
6.324748992919921875e-01
6.244723796844482422e-01
6.425087451934814453e-01
6.246175765991210938e-01
6.328201293945312500e-01
6.309278011322021484e-01
6.289970874786376953e-01
6.347200870513916016e-01
6.109838485717773438e-01
6.213870048522949219e-01
6.385724544525146484e-01
6.574718952178955078e-01
6.129860877990722656e-01
6.808724403381347656e-01
6.681032180786132812e-01
6.130509376525878906e-01
6.312084197998046875e-01
6.272690296173095703e-01
6.243822574615478516e-01
6.977660655975341797e-01
6.996088027954101562e-01
6.239438056945800781e-01
6.237661838531494141e-01
6.433856487274169922e-01
6.284303665161132812e-01
6.288232803344726562e-01
6.279852390289306641e-01
6.246497631072998047e-01
6.971869468688964844e-01
6.240100860595703125e-01
6.300089359283447266e-01
6.984832286834716797e-01
7.013947963714599609e-01
6.247658729553222656e-01
6.258456707000732422e-01
6.366083621978759766e-01
6.280386447906494141e-01
6.324291229248046875e-01
6.321327686309814453e-01
6.573929786682128906e-01
6.165771484375000000e-01
6.345212459564208984e-01
6.647155284881591797e-01
6.354577541351318359e-01
6.362214088439941406e-01
6.342544555664062500e-01
6.483020782470703125e-01
6.454215049743652344e-01
6.316547393798828125e-01
6.900231838226318359e-01
6.249661445617675781e-01
6.281497478485107422e-01
6.283235549926757812e-01
6.318538188934326172e-01
6.987903118133544922e-01
7.036316394805908203e-01
6.292264461517333984e-01
6.268703937530517578e-01
6.965813636779785156e-01
6.300923824310302734e-01
7.016189098358154297e-01
7.112715244293212891e-01
6.296391487121582031e-01
6.312210559844970703e-01
6.322398185729980469e-01
6.468341350555419922e-01
6.356546878814697266e-01
6.308252811431884766e-01
6.638660430908203125e-01
6.295092105865478516e-01
7.115273475646972656e-01
6.255598068237304688e-01
6.263265609741210938e-01
7.127504348754882812e-01
6.314969062805175781e-01
6.274378299713134766e-01
6.463539600372314453e-01
6.223375797271728516e-01
6.734812259674072266e-01
6.156079769134521484e-01
6.268239021301269531e-01
6.772882938385009766e-01
6.933238506317138672e-01
7.128629684448242188e-01
6.231389045715332031e-01
6.251645088195800781e-01
7.076566219329833984e-01
6.293396949768066406e-01
6.704442501068115234e-01
6.242401599884033203e-01
6.904251575469970703e-01
6.408360004425048828e-01
6.276977062225341797e-01
6.822519302368164062e-01
7.018542289733886719e-01
6.704878807067871094e-01
6.958525180816650391e-01
6.326327323913574219e-01
7.073233127593994141e-01
7.015361785888671875e-01
6.308205127716064453e-01
6.338515281677246094e-01
6.105380058288574219e-01
6.127853393554687500e-01
6.259374618530273438e-01
6.803617477416992188e-01
6.308670043945312500e-01
7.046065330505371094e-01
6.849336624145507812e-01
6.582834720611572266e-01
6.145801544189453125e-01
6.152689456939697266e-01
6.279153823852539062e-01
6.971938610076904297e-01
6.813366413116455078e-01
6.893784999847412109e-01
6.260116100311279297e-01
6.320202350616455078e-01
6.317493915557861328e-01
6.794867515563964844e-01
7.011370658874511719e-01
6.140043735504150391e-01
6.189730167388916016e-01
6.567721366882324219e-01
6.316127777099609375e-01
7.050740718841552734e-01
6.312105655670166016e-01
6.334686279296875000e-01
6.344029903411865234e-01
6.334426403045654297e-01
