2.575439691543579102e+00
6.447310447692871094e-01
6.457443237304687500e-01
6.453697681427001953e-01
6.456401348114013672e-01
6.469182968139648438e-01
6.448469161987304688e-01
6.540317535400390625e-01
6.427226066589355469e-01
6.430764198303222656e-01
6.438899040222167969e-01
6.423764228820800781e-01
6.458499431610107422e-01
6.467547416687011719e-01
6.456429958343505859e-01
6.463012695312500000e-01
6.458640098571777344e-01
6.441354751586914062e-01
6.453566551208496094e-01
6.529455184936523438e-01
6.520388126373291016e-01
6.452128887176513672e-01
6.395606994628906250e-01
6.422247886657714844e-01
6.421780586242675781e-01
6.417691707611083984e-01
6.449859142303466797e-01
6.509246826171875000e-01
6.444602012634277344e-01
6.596214771270751953e-01
6.674718856811523438e-01
6.462254524230957031e-01
6.495525836944580078e-01
6.474356651306152344e-01
6.475946903228759766e-01
6.400394439697265625e-01
6.397991180419921875e-01
6.414747238159179688e-01
6.404416561126708984e-01
6.397011280059814453e-01
6.404027938842773438e-01
6.396377086639404297e-01
7.263717651367187500e-01
6.407561302185058594e-01
6.394219398498535156e-01
6.414754390716552734e-01
6.402299404144287109e-01
6.423945426940917969e-01
6.431071758270263672e-01
6.518092155456542969e-01
6.531887054443359375e-01
6.508560180664062500e-01
6.521589756011962891e-01
6.455140113830566406e-01
6.455860137939453125e-01
6.464729309082031250e-01
6.584222316741943359e-01
6.566216945648193359e-01
6.565985679626464844e-01
6.527972221374511719e-01
6.498708724975585938e-01
6.718075275421142578e-01
6.562309265136718750e-01
6.572351455688476562e-01
6.581788063049316406e-01
6.523630619049072266e-01
6.632876396179199219e-01
6.568791866302490234e-01
6.836626529693603516e-01
6.690161228179931641e-01
6.568367481231689453e-01
6.568279266357421875e-01
6.586108207702636719e-01
6.562743186950683594e-01
6.588466167449951172e-01
6.727399826049804688e-01
6.731820106506347656e-01
6.570203304290771484e-01
7.005181312561035156e-01
6.535272598266601562e-01
6.535902023315429688e-01
6.523587703704833984e-01
6.688911914825439453e-01
6.680808067321777344e-01
6.536655426025390625e-01
6.682689189910888672e-01
6.588473320007324219e-01
6.589751243591308594e-01
6.610693931579589844e-01
6.459097862243652344e-01
6.455392837524414062e-01
6.770656108856201172e-01
6.535127162933349609e-01
6.609747409820556641e-01
6.552097797393798828e-01
6.581423282623291016e-01
6.597917079925537109e-01
6.818087100982666016e-01
7.682571411132812500e-01
6.734979152679443359e-01
6.613225936889648438e-01
7.587451934814453125e-01
6.563482284545898438e-01
6.582000255584716797e-01
6.589677333831787109e-01
6.555511951446533203e-01
6.491942405700683594e-01
6.466033458709716797e-01
6.479706764221191406e-01
6.487562656402587891e-01
6.565091609954833984e-01
6.561412811279296875e-01
8.004593849182128906e-01
6.586911678314208984e-01
6.794562339782714844e-01
8.333919048309326172e-01
6.632094383239746094e-01
6.525824069976806641e-01
6.627666950225830078e-01
6.586282253265380859e-01
6.558046340942382812e-01
6.524498462677001953e-01
6.511716842651367188e-01
6.539161205291748047e-01
6.396701335906982422e-01
6.390783786773681641e-01
6.473262310028076172e-01
6.498801708221435547e-01
6.514673233032226562e-01
7.001845836639404297e-01
6.658461093902587891e-01
6.932017803192138672e-01
6.597092151641845703e-01
6.883051395416259766e-01
6.530413627624511719e-01
6.541442871093750000e-01
6.953718662261962891e-01
7.018299102783203125e-01
6.532390117645263672e-01
6.714355945587158203e-01
6.743094921112060547e-01
6.525442600250244141e-01
6.584565639495849609e-01
6.798720359802246094e-01
6.602060794830322266e-01
6.580936908721923828e-01
6.513924598693847656e-01
6.527428627014160156e-01
6.634814739227294922e-01
6.713602542877197266e-01
6.577336788177490234e-01
6.754148006439208984e-01
6.624231338500976562e-01
6.533298492431640625e-01
6.534936428070068359e-01
7.039825916290283203e-01
6.583073139190673828e-01
6.786532402038574219e-01
6.440920829772949219e-01
6.420240402221679688e-01
6.742568016052246094e-01
6.420762538909912109e-01
6.419119834899902344e-01
6.497030258178710938e-01
6.442661285400390625e-01
6.426129341125488281e-01
6.420395374298095703e-01
6.417007446289062500e-01
6.470737457275390625e-01
6.540215015411376953e-01
7.004182338714599609e-01
6.496956348419189453e-01
6.506137847900390625e-01
6.511809825897216797e-01
6.530423164367675781e-01
6.590108871459960938e-01
6.518719196319580078e-01
6.506302356719970703e-01
6.501526832580566406e-01
6.511228084564208984e-01
6.486034393310546875e-01
6.799454689025878906e-01
6.558549404144287109e-01
6.565761566162109375e-01
6.592407226562500000e-01
6.600420475006103516e-01
6.602475643157958984e-01
6.753959655761718750e-01
6.657159328460693359e-01
6.648018360137939453e-01
6.654300689697265625e-01
6.663882732391357422e-01
6.663863658905029297e-01
6.575381755828857422e-01
6.613838672637939453e-01
6.611273288726806641e-01
6.778278350830078125e-01
6.559207439422607422e-01
6.573693752288818359e-01
6.676559448242187500e-01
