6.404020786285400391e-01
6.396243572235107422e-01
6.343660354614257812e-01
6.329143047332763672e-01
7.176256179809570312e-01
6.336953639984130859e-01
6.338665485382080078e-01
6.308891773223876953e-01
6.369054317474365234e-01
6.354489326477050781e-01
7.139587402343750000e-01
6.349456310272216797e-01
6.335248947143554688e-01
6.305453777313232422e-01
6.339716911315917969e-01
6.419591903686523438e-01
6.775746345520019531e-01
6.399567127227783203e-01
6.356840133666992188e-01
6.350331306457519531e-01
6.355607509613037109e-01
7.068674564361572266e-01
6.433739662170410156e-01
6.339116096496582031e-01
6.414260864257812500e-01
6.357185840606689453e-01
6.402568817138671875e-01
6.453311443328857422e-01
6.537051200866699219e-01
6.676385402679443359e-01
6.363422870635986328e-01
6.413085460662841797e-01
7.164852619171142578e-01
6.381552219390869141e-01
6.390385627746582031e-01
6.898937225341796875e-01
6.440207958221435547e-01
6.399447917938232422e-01
7.071089744567871094e-01
6.437044143676757812e-01
6.413099765777587891e-01
6.367714405059814453e-01
6.357719898223876953e-01
6.423912048339843750e-01
6.403620243072509766e-01
6.395618915557861328e-01
6.352422237396240234e-01
9.008235931396484375e-01
6.386716365814208984e-01
6.331157684326171875e-01
7.163209915161132812e-01
6.409459114074707031e-01
6.398742198944091797e-01
6.391952037811279297e-01
6.389541625976562500e-01
6.493532657623291016e-01
6.541013717651367188e-01
6.480932235717773438e-01
6.397340297698974609e-01
6.388614177703857422e-01
7.040069103240966797e-01
6.282191276550292969e-01
6.366524696350097656e-01
6.468882560729980469e-01
6.312365531921386719e-01
6.342799663543701172e-01
6.927812099456787109e-01
6.321201324462890625e-01
6.363925933837890625e-01
6.301348209381103516e-01
6.339373588562011719e-01
6.315870285034179688e-01
6.283729076385498047e-01
6.294100284576416016e-01
6.370611190795898438e-01
6.509032249450683594e-01
6.456913948059082031e-01
6.396872997283935547e-01
6.389956474304199219e-01
6.389579772949218750e-01
6.497240066528320312e-01
6.386313438415527344e-01
6.402609348297119141e-01
7.120327949523925781e-01
6.538071632385253906e-01
6.801841259002685547e-01
6.443455219268798828e-01
6.436929702758789062e-01
6.493978500366210938e-01
7.180259227752685547e-01
6.407184600830078125e-01
6.485576629638671875e-01
6.379466056823730469e-01
6.347951889038085938e-01
6.466693878173828125e-01
6.473221778869628906e-01
6.497552394866943359e-01
6.293468475341796875e-01
6.637630462646484375e-01
6.502707004547119141e-01
6.374478340148925781e-01
8.671481609344482422e-01
7.889518737792968750e-01
6.583919525146484375e-01
7.774269580841064453e-01
6.354105472564697266e-01
6.340241432189941406e-01
6.423976421356201172e-01
6.355783939361572266e-01
6.320559978485107422e-01
6.602945327758789062e-01
6.530406475067138672e-01
6.601972579956054688e-01
7.229754924774169922e-01
6.420338153839111328e-01
6.420133113861083984e-01
7.450120449066162109e-01
6.573631763458251953e-01
6.433372497558593750e-01
6.473953723907470703e-01
6.471803188323974609e-01
6.505248546600341797e-01
6.428050994873046875e-01
6.370368003845214844e-01
7.315304279327392578e-01
6.398456096649169922e-01
6.724488735198974609e-01
6.127595901489257812e-01
6.303544044494628906e-01
6.281888484954833984e-01
8.312139511108398438e-01
6.402544975280761719e-01
6.264085769653320312e-01
7.092206478118896484e-01
7.879853248596191406e-01
6.237499713897705078e-01
6.248157024383544922e-01
6.291024684906005859e-01
6.325232982635498047e-01
9.528808593750000000e-01
9.112827777862548828e-01
6.531012058258056641e-01
6.245942115783691406e-01
6.768629550933837891e-01
6.342442035675048828e-01
6.320788860321044922e-01
6.256363391876220703e-01
6.329991817474365234e-01
6.948504447937011719e-01
6.317474842071533203e-01
6.277766227722167969e-01
6.291270256042480469e-01
6.305906772613525391e-01
6.846051216125488281e-01
6.329100131988525391e-01
6.322479248046875000e-01
6.372611522674560547e-01
6.460018157958984375e-01
6.446509361267089844e-01
6.354351043701171875e-01
7.082073688507080078e-01
6.388382911682128906e-01
6.372287273406982422e-01
6.385276317596435547e-01
6.389896869659423828e-01
7.066524028778076172e-01
7.198121547698974609e-01
6.423215866088867188e-01
6.396329402923583984e-01
6.529211997985839844e-01
6.387937068939208984e-01
6.328835487365722656e-01
7.782390117645263672e-01
6.268010139465332031e-01
6.329429149627685547e-01
6.263051033020019531e-01
6.346096992492675781e-01
6.853096485137939453e-01
6.679694652557373047e-01
6.337723731994628906e-01
6.358034610748291016e-01
6.327173709869384766e-01
6.316654682159423828e-01
7.160480022430419922e-01
7.051875591278076172e-01
6.322298049926757812e-01
6.380975246429443359e-01
6.251592636108398438e-01
6.261925697326660156e-01
7.071449756622314453e-01
7.163817882537841797e-01
6.314151287078857422e-01
6.307086944580078125e-01
6.404869556427001953e-01
6.361441612243652344e-01
6.346645355224609375e-01
6.422705650329589844e-01
6.439764499664306641e-01
6.418745517730712891e-01
6.453952789306640625e-01
