2.652745008468627930e+00
7.534430027008056641e-01
7.510037422180175781e-01
7.502918243408203125e-01
7.537410259246826172e-01
7.526135444641113281e-01
7.530105113983154297e-01
7.521038055419921875e-01
7.549977302551269531e-01
7.515439987182617188e-01
7.544941902160644531e-01
7.555739879608154297e-01
7.530469894409179688e-01
7.535665035247802734e-01
7.539446353912353516e-01
7.541205883026123047e-01
7.549004554748535156e-01
7.573347091674804688e-01
7.577619552612304688e-01
7.597525119781494141e-01
7.574112415313720703e-01
7.575135231018066406e-01
7.577278614044189453e-01
7.602639198303222656e-01
7.588148117065429688e-01
7.582180500030517578e-01
7.581450939178466797e-01
7.609920501708984375e-01
7.636749744415283203e-01
7.623558044433593750e-01
7.597024440765380859e-01
7.590720653533935547e-01
7.578015327453613281e-01
7.581424713134765625e-01
7.592327594757080078e-01
7.625310420989990234e-01
7.615213394165039062e-01
7.584948539733886719e-01
7.594466209411621094e-01
7.622654438018798828e-01
7.611598968505859375e-01
7.620611190795898438e-01
7.631721496582031250e-01
7.640745639801025391e-01
7.606320381164550781e-01
7.603023052215576172e-01
7.609224319458007812e-01
7.629156112670898438e-01
7.652909755706787109e-01
7.657456398010253906e-01
7.642083168029785156e-01
7.623453140258789062e-01
7.643601894378662109e-01
7.640502452850341797e-01
7.666728496551513672e-01
7.744226455688476562e-01
7.730708122253417969e-01
7.749054431915283203e-01
7.752640247344970703e-01
7.755715847015380859e-01
7.712259292602539062e-01
8.081078529357910156e-01
7.938013076782226562e-01
7.712249755859375000e-01
7.722241878509521484e-01
7.667276859283447266e-01
7.694354057312011719e-01
7.852923870086669922e-01
7.761788368225097656e-01
7.964146137237548828e-01
7.649157047271728516e-01
7.636735439300537109e-01
7.680380344390869141e-01
7.672297954559326172e-01
7.887964248657226562e-01
7.857823371887207031e-01
7.777462005615234375e-01
7.757062911987304688e-01
7.705063819885253906e-01
7.700252532958984375e-01
7.734291553497314453e-01
7.691535949707031250e-01
7.680180072784423828e-01
7.693257331848144531e-01
7.680070400238037109e-01
7.716834545135498047e-01
7.728292942047119141e-01
7.730205059051513672e-01
7.738201618194580078e-01
7.711980342864990234e-01
7.690324783325195312e-01
7.708480358123779297e-01
7.718007564544677734e-01
7.720563411712646484e-01
7.734136581420898438e-01
7.722592353820800781e-01
7.733755111694335938e-01
7.791454792022705078e-01
7.848584651947021484e-01
7.720308303833007812e-01
7.744927406311035156e-01
7.879450321197509766e-01
7.757637500762939453e-01
7.739245891571044922e-01
7.784445285797119141e-01
7.882978916168212891e-01
7.745218276977539062e-01
7.787294387817382812e-01
7.780644893646240234e-01
7.762393951416015625e-01
7.782187461853027344e-01
7.863030433654785156e-01
7.965331077575683594e-01
8.045494556427001953e-01
7.776205539703369141e-01
7.774748802185058594e-01
7.974753379821777344e-01
7.735321521759033203e-01
7.746732234954833984e-01
7.728199958801269531e-01
7.700285911560058594e-01
7.721178531646728516e-01
7.733833789825439453e-01
7.736654281616210938e-01
7.749180793762207031e-01
7.764585018157958984e-01
8.347094058990478516e-01
7.568166255950927734e-01
7.572071552276611328e-01
7.704374790191650391e-01
7.654056549072265625e-01
7.707846164703369141e-01
7.662456035614013672e-01
7.688686847686767578e-01
7.651894092559814453e-01
7.692711353302001953e-01
7.702176570892333984e-01
7.689933776855468750e-01
7.680919170379638672e-01
7.694206237792968750e-01
7.706897258758544922e-01
7.704391479492187500e-01
7.727611064910888672e-01
7.697470188140869141e-01
7.776803970336914062e-01
7.763030529022216797e-01
7.742018699645996094e-01
7.744486331939697266e-01
7.730958461761474609e-01
7.759850025177001953e-01
7.782084941864013672e-01
7.758300304412841797e-01
7.729716300964355469e-01
7.770004272460937500e-01
7.737171649932861328e-01
7.756571769714355469e-01
7.729167938232421875e-01
7.750720977783203125e-01
7.752988338470458984e-01
7.746546268463134766e-01
7.754857540130615234e-01
7.769260406494140625e-01
7.754843235015869141e-01
7.793536186218261719e-01
7.777676582336425781e-01
7.789075374603271484e-01
7.758712768554687500e-01
7.771158218383789062e-01
7.766592502593994141e-01
7.773356437683105469e-01
7.781786918640136719e-01
7.770385742187500000e-01
7.755031585693359375e-01
7.772057056427001953e-01
7.817668914794921875e-01
7.737908363342285156e-01
7.704541683197021484e-01
7.741777896881103516e-01
7.752752304077148438e-01
7.814145088195800781e-01
7.824411392211914062e-01
7.806782722473144531e-01
7.820217609405517578e-01
7.838425636291503906e-01
7.814204692840576172e-01
7.825627326965332031e-01
7.812561988830566406e-01
7.835900783538818359e-01
7.834270000457763672e-01
7.837741374969482422e-01
7.834384441375732422e-01
7.836608886718750000e-01
7.847750186920166016e-01
7.855758666992187500e-01
7.838308811187744141e-01
7.857306003570556641e-01
7.802240848541259766e-01
7.795071601867675781e-01
7.768926620483398438e-01
7.758488655090332031e-01
