6.403822898864746094e-01
6.396353244781494141e-01
6.343653202056884766e-01
6.328971385955810547e-01
7.176361083984375000e-01
6.337130069732666016e-01
6.338777542114257812e-01
6.308903694152832031e-01
6.369161605834960938e-01
6.354575157165527344e-01
7.139749526977539062e-01
6.349554061889648438e-01
6.335401535034179688e-01
6.305422782897949219e-01
6.339757442474365234e-01
6.419596672058105469e-01
6.776130199432373047e-01
6.399579048156738281e-01
6.357016563415527344e-01
6.350488662719726562e-01
6.355845928192138672e-01
7.068605422973632812e-01
6.433706283569335938e-01
6.339099407196044922e-01
6.414110660552978516e-01
6.357183456420898438e-01
6.402652263641357422e-01
6.453335285186767578e-01
6.536815166473388672e-01
6.676485538482666016e-01
6.363599300384521484e-01
6.412928104400634766e-01
7.164835929870605469e-01
6.381602287292480469e-01
6.390421390533447266e-01
6.898982524871826172e-01
6.440279483795166016e-01
6.399595737457275391e-01
7.070937156677246094e-01
6.437020301818847656e-01
6.413121223449707031e-01
6.367762088775634766e-01
6.357481479644775391e-01
6.423976421356201172e-01
6.403687000274658203e-01
6.395719051361083984e-01
6.352438926696777344e-01
9.008443355560302734e-01
6.386768817901611328e-01
6.330964565277099609e-01
7.163076400756835938e-01
6.409509181976318359e-01
6.398866176605224609e-01
6.391837596893310547e-01
6.389417648315429688e-01
6.493558883666992188e-01
6.540882587432861328e-01
6.480860710144042969e-01
6.397423744201660156e-01
6.388936042785644531e-01
7.040295600891113281e-01
6.282176971435546875e-01
6.366684436798095703e-01
6.468865871429443359e-01
6.312403678894042969e-01
6.342971324920654297e-01
6.927919387817382812e-01
6.321501731872558594e-01
6.364200115203857422e-01
6.301515102386474609e-01
6.339585781097412109e-01
6.316032409667968750e-01
6.283905506134033203e-01
6.294322013854980469e-01
6.370871067047119141e-01
6.508944034576416016e-01
6.457011699676513672e-01
6.396863460540771484e-01
6.389868259429931641e-01
6.389601230621337891e-01
6.497335433959960938e-01
6.386165618896484375e-01
6.402580738067626953e-01
7.120292186737060547e-01
6.538047790527343750e-01
6.750664710998535156e-01
6.443607807159423828e-01
6.437118053436279297e-01
6.494019031524658203e-01
7.180266380310058594e-01
6.407153606414794922e-01
6.485528945922851562e-01
6.379537582397460938e-01
6.348013877868652344e-01
6.466691493988037109e-01
6.473248004913330078e-01
6.497600078582763672e-01
6.293385028839111328e-01
6.636667251586914062e-01
6.502597332000732422e-01
6.374657154083251953e-01
8.747282028198242188e-01
7.889597415924072266e-01
6.583919525146484375e-01
7.774369716644287109e-01
6.353943347930908203e-01
6.340274810791015625e-01
6.424033641815185547e-01
6.355671882629394531e-01
6.320486068725585938e-01
6.603004932403564453e-01
6.530332565307617188e-01
6.602079868316650391e-01
7.229814529418945312e-01
6.420438289642333984e-01
6.419949531555175781e-01
7.450277805328369141e-01
6.573486328125000000e-01
6.433455944061279297e-01
6.473953723907470703e-01
6.471717357635498047e-01
6.505193710327148438e-01
6.428155899047851562e-01
6.370406150817871094e-01
7.315065860748291016e-01
6.398403644561767578e-01
6.724438667297363281e-01
6.127567291259765625e-01
6.303539276123046875e-01
6.282019615173339844e-01
8.312170505523681641e-01
6.402695178985595703e-01
6.264081001281738281e-01
7.092304229736328125e-01
7.879903316497802734e-01
6.237134933471679688e-01
6.248052120208740234e-01
6.290993690490722656e-01
6.325147151947021484e-01
9.590258598327636719e-01
9.053692817687988281e-01
6.531138420104980469e-01
6.245925426483154297e-01
6.768503189086914062e-01
6.342432498931884766e-01
6.320674419403076172e-01
6.256284713745117188e-01
6.330137252807617188e-01
6.948561668395996094e-01
6.317775249481201172e-01
6.277859210968017578e-01
6.291217803955078125e-01
6.305921077728271484e-01
6.846206188201904297e-01
6.329135894775390625e-01
6.322402954101562500e-01
6.372673511505126953e-01
6.460082530975341797e-01
6.446611881256103516e-01
6.354432106018066406e-01
7.082128524780273438e-01
6.388392448425292969e-01
6.372299194335937500e-01
6.385481357574462891e-01
6.389944553375244141e-01
7.066407203674316406e-01
7.198138236999511719e-01
6.423361301422119141e-01
6.396350860595703125e-01
6.529099941253662109e-01
6.388058662414550781e-01
6.329028606414794922e-01
7.782328128814697266e-01
6.267895698547363281e-01
6.329326629638671875e-01
6.263163089752197266e-01
6.346018314361572266e-01
6.853528022766113281e-01
6.679697036743164062e-01
6.337614059448242188e-01
6.358084678649902344e-01
6.326999664306640625e-01
6.316485404968261719e-01
7.160394191741943359e-01
7.051985263824462891e-01
6.322109699249267578e-01
6.380860805511474609e-01
6.251728534698486328e-01
6.261782646179199219e-01
7.071299552917480469e-01
7.163660526275634766e-01
6.314086914062500000e-01
6.307122707366943359e-01
6.404724121093750000e-01
6.361372470855712891e-01
6.346380710601806641e-01
6.422693729400634766e-01
6.439688205718994141e-01
6.418867111206054688e-01
6.454038619995117188e-01
