6.403865814208984375e-01
6.396410465240478516e-01
6.343660354614257812e-01
6.328947544097900391e-01
7.176365852355957031e-01
6.337046623229980469e-01
6.338770389556884766e-01
6.308910846710205078e-01
6.369154453277587891e-01
6.354598999023437500e-01
7.139775753021240234e-01
6.349568367004394531e-01
6.335403919219970703e-01
6.306653022766113281e-01
6.339797973632812500e-01
6.419606208801269531e-01
6.776151657104492188e-01
6.399638652801513672e-01
6.356959342956542969e-01
6.350414752960205078e-01
6.355650424957275391e-01
7.068719863891601562e-01
6.433777809143066406e-01
6.339192390441894531e-01
6.414136886596679688e-01
6.357185840606689453e-01
6.402690410614013672e-01
6.453166007995605469e-01
6.536943912506103516e-01
6.676478385925292969e-01
6.363625526428222656e-01
6.412947177886962891e-01
7.164821624755859375e-01
6.381576061248779297e-01
6.390368938446044922e-01
6.899116039276123047e-01
6.440250873565673828e-01
6.399569511413574219e-01
7.070891857147216797e-01
6.437001228332519531e-01
6.413068771362304688e-01
6.367828845977783203e-01
6.357548236846923828e-01
6.423981189727783203e-01
6.403689384460449219e-01
6.395626068115234375e-01
6.352403163909912109e-01
9.008479118347167969e-01
6.386764049530029297e-01
6.331117153167724609e-01
7.163183689117431641e-01
6.409456729888916016e-01
6.398775577545166016e-01
6.391887664794921875e-01
6.389424800872802734e-01
6.493530273437500000e-01
6.540865898132324219e-01
6.480860710144042969e-01
6.397378444671630859e-01
6.388876438140869141e-01
7.040121555328369141e-01
6.282148361206054688e-01
6.366572380065917969e-01
6.468825340270996094e-01
6.312446594238281250e-01
6.342918872833251953e-01
6.927838325500488281e-01
6.321473121643066406e-01
6.364157199859619141e-01
6.301419734954833984e-01
6.339559555053710938e-01
6.316034793853759766e-01
6.283881664276123047e-01
6.294174194335937500e-01
6.370830535888671875e-01
6.508934497833251953e-01
6.456997394561767578e-01
6.396882534027099609e-01
6.389920711517333984e-01
6.389627456665039062e-01
6.497294902801513672e-01
6.386220455169677734e-01
6.402590274810791016e-01
7.120330333709716797e-01
6.538074016571044922e-01
6.801855564117431641e-01
6.443564891815185547e-01
6.437067985534667969e-01
6.493964195251464844e-01
7.180337905883789062e-01
6.407182216644287109e-01
6.485612392425537109e-01
6.379575729370117188e-01
6.348073482513427734e-01
6.466772556304931641e-01
6.473312377929687500e-01
6.497647762298583984e-01
6.293430328369140625e-01
6.637611389160156250e-01
6.502697467803955078e-01
6.374673843383789062e-01
8.603684902191162109e-01
7.889835834503173828e-01
6.583933830261230469e-01
7.774331569671630859e-01
6.354026794433593750e-01
6.340308189392089844e-01
6.424086093902587891e-01
6.355712413787841797e-01
6.320528984069824219e-01
6.602923870086669922e-01
6.530306339263916016e-01
6.602084636688232422e-01
7.229840755462646484e-01
6.420469284057617188e-01
6.419901847839355469e-01
7.450165748596191406e-01
6.573441028594970703e-01
6.433515548706054688e-01
6.473987102508544922e-01
6.471767425537109375e-01
6.505188941955566406e-01
6.428041458129882812e-01
6.370451450347900391e-01
7.315156459808349609e-01
6.398451328277587891e-01
6.724598407745361328e-01
6.127607822418212891e-01
6.303558349609375000e-01
6.281900405883789062e-01
8.343129158020019531e-01
6.402773857116699219e-01
6.264145374298095703e-01
7.092304229736328125e-01
8.009934425354003906e-01
6.072771549224853516e-01
6.248033046722412109e-01
6.290943622589111328e-01
6.325159072875976562e-01
9.303746223449707031e-01
9.053640365600585938e-01
6.605014801025390625e-01
6.245985031127929688e-01
6.768791675567626953e-01
6.342432498931884766e-01
6.320736408233642578e-01
6.256372928619384766e-01
6.330196857452392578e-01
6.948552131652832031e-01
6.317844390869140625e-01
6.277894973754882812e-01
6.291289329528808594e-01
6.305925846099853516e-01
6.846282482147216797e-01
6.329100131988525391e-01
6.322479248046875000e-01
6.372678279876708984e-01
6.460072994232177734e-01
6.446633338928222656e-01
6.354427337646484375e-01
7.082121372222900391e-01
6.390018463134765625e-01
6.372282505035400391e-01
6.385509967803955078e-01
6.389904022216796875e-01
7.066478729248046875e-01
7.198154926300048828e-01
6.423416137695312500e-01
6.396410465240478516e-01
6.529142856597900391e-01
6.388115882873535156e-01
6.328985691070556641e-01
7.782411575317382812e-01
6.267960071563720703e-01
6.329388618469238281e-01
6.263151168823242188e-01
6.346113681793212891e-01
6.853573322296142578e-01
6.679782867431640625e-01
6.337661743164062500e-01
6.358151435852050781e-01
6.327099800109863281e-01
6.316504478454589844e-01
7.160451412200927734e-01
7.051978111267089844e-01
6.322269439697265625e-01
6.380908489227294922e-01
6.251780986785888672e-01
6.261839866638183594e-01
7.071418762207031250e-01
7.163753509521484375e-01
6.314144134521484375e-01
6.307165622711181641e-01
6.404764652252197266e-01
6.361417770385742188e-01
6.346588134765625000e-01
6.422669887542724609e-01
6.439712047576904297e-01
6.418871879577636719e-01
6.453938484191894531e-01
