2.635479211807250977e+00
7.244808673858642578e-01
7.252843379974365234e-01
7.245028018951416016e-01
7.242517471313476562e-01
7.266354560852050781e-01
7.257463932037353516e-01
7.270758152008056641e-01
7.246766090393066406e-01
7.237188816070556641e-01
7.245731353759765625e-01
7.270805835723876953e-01
7.272529602050781250e-01
7.292797565460205078e-01
7.271282672882080078e-01
7.256915569305419922e-01
7.281463146209716797e-01
7.578580379486083984e-01
7.392094135284423828e-01
7.426834106445312500e-01
7.338097095489501953e-01
7.437472343444824219e-01
7.254955768585205078e-01
7.268347740173339844e-01
7.302429676055908203e-01
7.352995872497558594e-01
7.464296817779541016e-01
7.386028766632080078e-01
7.373650074005126953e-01
7.219150066375732422e-01
7.245028018951416016e-01
7.255594730377197266e-01
7.409963607788085938e-01
7.518043518066406250e-01
7.381005287170410156e-01
7.803192138671875000e-01
7.592871189117431641e-01
7.536628246307373047e-01
7.450339794158935547e-01
7.440111637115478516e-01
7.456576824188232422e-01
7.588593959808349609e-01
7.595858573913574219e-01
7.762079238891601562e-01
7.439777851104736328e-01
7.492713928222656250e-01
7.469730377197265625e-01
7.476265430450439453e-01
7.908480167388916016e-01
7.698843479156494141e-01
7.582504749298095703e-01
7.391934394836425781e-01
7.397429943084716797e-01
7.477593421936035156e-01
7.742354869842529297e-01
7.593085765838623047e-01
7.732686996459960938e-01
7.392656803131103516e-01
7.404975891113281250e-01
7.428205013275146484e-01
7.411170005798339844e-01
7.590477466583251953e-01
7.526266574859619141e-01
7.509038448333740234e-01
7.803249359130859375e-01
7.413845062255859375e-01
7.367529869079589844e-01
7.534999847412109375e-01
7.615845203399658203e-01
7.475948333740234375e-01
7.381827831268310547e-01
7.353589534759521484e-01
7.378249168395996094e-01
7.372202873229980469e-01
7.560956478118896484e-01
7.560489177703857422e-01
7.546224594116210938e-01
7.782504558563232422e-01
7.649893760681152344e-01
7.465343475341796875e-01
7.450411319732666016e-01
7.481203079223632812e-01
7.464494705200195312e-01
7.472038269042968750e-01
7.477540969848632812e-01
7.797529697418212891e-01
7.628753185272216797e-01
7.391617298126220703e-01
7.510137557983398438e-01
7.222874164581298828e-01
7.239756584167480469e-01
7.259860038757324219e-01
7.364103794097900391e-01
7.410922050476074219e-01
7.699642181396484375e-01
7.334635257720947266e-01
7.341682910919189453e-01
7.908875942230224609e-01
8.569555282592773438e-01
7.458870410919189453e-01
7.452282905578613281e-01
8.547437191009521484e-01
7.516956329345703125e-01
7.385044097900390625e-01
7.476947307586669922e-01
8.542582988739013672e-01
7.237446308135986328e-01
7.242536544799804688e-01
7.497422695159912109e-01
7.277755737304687500e-01
7.501678466796875000e-01
7.435359954833984375e-01
7.578108310699462891e-01
8.291552066802978516e-01
7.615416049957275391e-01
7.516632080078125000e-01
7.656459808349609375e-01
7.575588226318359375e-01
7.770357131958007812e-01
7.319464683532714844e-01
7.423436641693115234e-01
7.818424701690673828e-01
7.561690807342529297e-01
7.519071102142333984e-01
7.605693340301513672e-01
7.489330768585205078e-01
7.516994476318359375e-01
7.502961158752441406e-01
7.528004646301269531e-01
7.407839298248291016e-01
7.360658645629882812e-01
7.414236068725585938e-01
7.265870571136474609e-01
7.290651798248291016e-01
7.360889911651611328e-01
7.407286167144775391e-01
7.617096900939941406e-01
7.428491115570068359e-01
7.426481246948242188e-01
7.712430953979492188e-01
7.870540618896484375e-01
7.463693618774414062e-01
8.072783946990966797e-01
7.613427639007568359e-01
7.471544742584228516e-01
7.719483375549316406e-01
7.427120208740234375e-01
7.442021369934082031e-01
7.563896179199218750e-01
7.418010234832763672e-01
7.322285175323486328e-01
7.872753143310546875e-01
8.164730072021484375e-01
7.435133457183837891e-01
7.536153793334960938e-01
7.754673957824707031e-01
7.349319458007812500e-01
7.361974716186523438e-01
7.505831718444824219e-01
7.505669593811035156e-01
7.555308341979980469e-01
7.553913593292236328e-01
7.524979114532470703e-01
7.534859180450439453e-01
7.531800270080566406e-01
7.536947727203369141e-01
7.512285709381103516e-01
7.485511302947998047e-01
7.496261596679687500e-01
7.491135597229003906e-01
7.607648372650146484e-01
7.379503250122070312e-01
7.513792514801025391e-01
7.291841506958007812e-01
7.300229072570800781e-01
7.555558681488037109e-01
7.294378280639648438e-01
7.286500930786132812e-01
7.310450077056884766e-01
7.310867309570312500e-01
7.334933280944824219e-01
7.734920978546142578e-01
7.313859462738037109e-01
7.305648326873779297e-01
7.312831878662109375e-01
7.337746620178222656e-01
7.340691089630126953e-01
7.311294078826904297e-01
7.325897216796875000e-01
7.358984947204589844e-01
7.323606014251708984e-01
7.325396537780761719e-01
7.569310665130615234e-01
7.439379692077636719e-01
7.631018161773681641e-01
7.434797286987304688e-01
7.653794288635253906e-01
7.605838775634765625e-01
7.567927837371826172e-01
7.913506031036376953e-01
