1.251511335372924805e+00
1.251410007476806641e+00
1.245144844055175781e+00
1.353493928909301758e+00
1.275814533233642578e+00
1.222067117691040039e+00
1.230145454406738281e+00
1.330758094787597656e+00
1.337372303009033203e+00
1.252439022064208984e+00
1.279425382614135742e+00
1.268307209014892578e+00
1.258578062057495117e+00
1.571719408035278320e+00
1.556383609771728516e+00
1.248809337615966797e+00
1.617377042770385742e+00
1.298499345779418945e+00
1.321020364761352539e+00
1.350109815597534180e+00
1.371205568313598633e+00
1.376121282577514648e+00
1.351208686828613281e+00
1.450439691543579102e+00
1.332447290420532227e+00
1.361649036407470703e+00
1.350406408309936523e+00
1.313996791839599609e+00
1.278412103652954102e+00
1.251038551330566406e+00
1.265134811401367188e+00
1.297574520111083984e+00
1.242590427398681641e+00
1.244597196578979492e+00
1.229619264602661133e+00
1.233085632324218750e+00
1.262904644012451172e+00
1.251606702804565430e+00
1.257396459579467773e+00
1.254336357116699219e+00
1.250450134277343750e+00
1.241718769073486328e+00
1.328316211700439453e+00
1.243916034698486328e+00
1.237574100494384766e+00
1.302591085433959961e+00
1.244081974029541016e+00
1.249211072921752930e+00
1.236735582351684570e+00
2.004712581634521484e+00
1.278315305709838867e+00
1.264784574508666992e+00
1.397469520568847656e+00
1.482913970947265625e+00
1.277169227600097656e+00
1.229204177856445312e+00
1.244565963745117188e+00
1.246224880218505859e+00
1.251845598220825195e+00
1.261505365371704102e+00
1.234368324279785156e+00
1.251948356628417969e+00
1.323913097381591797e+00
1.636362791061401367e+00
1.276513576507568359e+00
1.518404245376586914e+00
1.623918533325195312e+00
1.537801742553710938e+00
1.624430656433105469e+00
1.638122797012329102e+00
1.701917886734008789e+00
1.785128831863403320e+00
1.840059041976928711e+00
1.720567703247070312e+00
1.892632246017456055e+00
2.001451015472412109e+00
2.033786058425903320e+00
1.895035266876220703e+00
1.438934803009033203e+00
1.227362155914306641e+00
1.229367733001708984e+00
1.248667478561401367e+00
1.287086725234985352e+00
1.262109756469726562e+00
1.260477304458618164e+00
1.256362915039062500e+00
1.255743503570556641e+00
1.243728637695312500e+00
1.289649248123168945e+00
1.231824398040771484e+00
1.229800701141357422e+00
1.241811513900756836e+00
1.317836046218872070e+00
1.294427871704101562e+00
1.235229969024658203e+00
1.310816764831542969e+00
1.241094112396240234e+00
1.233603954315185547e+00
1.246011734008789062e+00
1.248830795288085938e+00
1.290370702743530273e+00
1.265991926193237305e+00
1.255598306655883789e+00
1.265729665756225586e+00
1.245890855789184570e+00
1.272756338119506836e+00
1.270245313644409180e+00
1.276353836059570312e+00
1.359906196594238281e+00
1.249411106109619141e+00
1.240777492523193359e+00
1.245635986328125000e+00
1.234150409698486328e+00
1.298454761505126953e+00
1.259042501449584961e+00
1.310770034790039062e+00
1.233515977859497070e+00
1.222939014434814453e+00
1.368041515350341797e+00
1.239998102188110352e+00
1.259250879287719727e+00
1.215700149536132812e+00
1.237284183502197266e+00
1.310764789581298828e+00
1.242085695266723633e+00
1.238664865493774414e+00
1.223386049270629883e+00
1.327497482299804688e+00
1.561394929885864258e+00
1.478916168212890625e+00
1.391741752624511719e+00
1.380157470703125000e+00
1.488488912582397461e+00
1.652880907058715820e+00
1.603393793106079102e+00
1.687203645706176758e+00
1.827918052673339844e+00
1.858226060867309570e+00
1.897129297256469727e+00
2.021881818771362305e+00
1.864923477172851562e+00
1.864758253097534180e+00
1.396034002304077148e+00
1.386681795120239258e+00
1.383061408996582031e+00
1.445716381072998047e+00
1.369627952575683594e+00
1.414479970932006836e+00
1.474105358123779297e+00
1.419477701187133789e+00
1.615296363830566406e+00
1.363660573959350586e+00
1.346017599105834961e+00
1.407395124435424805e+00
1.328705549240112305e+00
1.298694372177124023e+00
1.292264461517333984e+00
1.274545192718505859e+00
1.272117614746093750e+00
1.330101728439331055e+00
1.343947410583496094e+00
1.260418415069580078e+00
1.273721933364868164e+00
1.269868373870849609e+00
1.349477052688598633e+00
1.371760845184326172e+00
1.475037336349487305e+00
1.530405282974243164e+00
1.584210157394409180e+00
1.813468694686889648e+00
1.843027114868164062e+00
1.995942831039428711e+00
1.939296722412109375e+00
1.779294013977050781e+00
1.426908254623413086e+00
1.309315681457519531e+00
1.244507074356079102e+00
1.250202894210815430e+00
1.248431682586669922e+00
1.267364025115966797e+00
1.264278888702392578e+00
1.280307531356811523e+00
1.269253730773925781e+00
1.267170429229736328e+00
1.391128301620483398e+00
1.300998449325561523e+00
1.248277425765991211e+00
1.239197254180908203e+00
1.247043848037719727e+00
1.255636930465698242e+00
1.416744709014892578e+00
1.243104219436645508e+00
1.254938840866088867e+00
1.324887514114379883e+00
1.237050533294677734e+00
1.291217565536499023e+00
1.239619970321655273e+00
1.247543096542358398e+00
1.490802049636840820e+00
1.348750829696655273e+00
