2.602993965148925781e+00
4.405922889709472656e-01
4.618670940399169922e-01
4.614646434783935547e-01
4.722125530242919922e-01
4.467425346374511719e-01
4.454178810119628906e-01
4.555311203002929688e-01
4.804229736328125000e-01
4.660439491271972656e-01
4.643404483795166016e-01
4.584684371948242188e-01
4.308803081512451172e-01
4.512493610382080078e-01
4.601187705993652344e-01
4.330692291259765625e-01
4.429683685302734375e-01
4.903197288513183594e-01
4.347450733184814453e-01
4.418058395385742188e-01
4.413187503814697266e-01
4.692180156707763672e-01
4.499113559722900391e-01
4.476170539855957031e-01
4.321558475494384766e-01
4.605536460876464844e-01
4.564738273620605469e-01
4.570720195770263672e-01
4.862253665924072266e-01
4.779267311096191406e-01
4.641797542572021484e-01
4.574606418609619141e-01
4.461319446563720703e-01
4.482696056365966797e-01
4.673147201538085938e-01
4.588346481323242188e-01
4.331228733062744141e-01
4.361581802368164062e-01
4.565896987915039062e-01
4.388430118560791016e-01
4.363577365875244141e-01
4.413514137268066406e-01
4.299345016479492188e-01
4.520487785339355469e-01
4.356696605682373047e-01
4.438614845275878906e-01
4.479234218597412109e-01
4.592008590698242188e-01
4.170734882354736328e-01
4.463303089141845703e-01
4.320354461669921875e-01
4.613661766052246094e-01
4.414341449737548828e-01
4.455406665802001953e-01
4.422059059143066406e-01
4.385273456573486328e-01
4.517326354980468750e-01
4.327142238616943359e-01
4.360899925231933594e-01
4.307379722595214844e-01
4.321408271789550781e-01
4.324285984039306641e-01
4.493234157562255859e-01
4.186773300170898438e-01
4.327118396759033203e-01
4.295659065246582031e-01
4.397065639495849609e-01
4.496011734008789062e-01
4.360449314117431641e-01
4.430129528045654297e-01
4.375829696655273438e-01
4.558229446411132812e-01
4.410891532897949219e-01
4.391133785247802734e-01
4.439208507537841797e-01
4.464683532714843750e-01
4.928205013275146484e-01
4.431190490722656250e-01
4.445652961730957031e-01
4.370200634002685547e-01
4.642183780670166016e-01
4.766776561737060547e-01
4.443778991699218750e-01
4.370324611663818359e-01
4.382400512695312500e-01
4.447572231292724609e-01
4.591257572174072266e-01
4.434773921966552734e-01
4.575653076171875000e-01
4.664802551269531250e-01
4.752316474914550781e-01
4.680826663970947266e-01
4.393429756164550781e-01
4.423098564147949219e-01
4.588172435760498047e-01
4.402325153350830078e-01
4.502859115600585938e-01
4.416844844818115234e-01
4.378752708435058594e-01
4.354574680328369141e-01
4.496243000030517578e-01
5.254137516021728516e-01
4.591515064239501953e-01
4.664211273193359375e-01
4.566745758056640625e-01
4.629080295562744141e-01
4.544577598571777344e-01
4.706044197082519531e-01
4.461848735809326172e-01
4.337615966796875000e-01
4.472358226776123047e-01
4.433891773223876953e-01
4.487435817718505859e-01
4.469122886657714844e-01
4.526317119598388672e-01
4.430162906646728516e-01
4.512715339660644531e-01
4.374558925628662109e-01
4.382946491241455078e-01
4.551212787628173828e-01
5.057175159454345703e-01
4.423632621765136719e-01
4.398319721221923828e-01
4.338696002960205078e-01
4.365153312683105469e-01
4.316816329956054688e-01
4.580581188201904297e-01
4.364569187164306641e-01
4.420573711395263672e-01
4.400002956390380859e-01
4.410321712493896484e-01
4.598166942596435547e-01
4.817187786102294922e-01
4.393701553344726562e-01
4.729371070861816406e-01
4.351453781127929688e-01
4.431495666503906250e-01
4.602749347686767578e-01
4.489619731903076172e-01
4.515583515167236328e-01
4.381947517395019531e-01
4.334137439727783203e-01
4.499533176422119141e-01
4.616966247558593750e-01
4.656925201416015625e-01
4.464173316955566406e-01
4.392766952514648438e-01
4.861943721771240234e-01
4.762008190155029297e-01
4.923276901245117188e-01
4.577474594116210938e-01
4.409310817718505859e-01
4.524393081665039062e-01
4.674308300018310547e-01
4.465892314910888672e-01
4.631896018981933594e-01
4.352645874023437500e-01
4.367389678955078125e-01
4.427766799926757812e-01
4.586539268493652344e-01
4.371719360351562500e-01
4.675776958465576172e-01
4.574737548828125000e-01
4.448435306549072266e-01
4.561886787414550781e-01
4.422380924224853516e-01
4.458649158477783203e-01
4.381189346313476562e-01
4.823458194732666016e-01
4.477398395538330078e-01
4.969761371612548828e-01
4.464221000671386719e-01
4.352734088897705078e-01
4.302115440368652344e-01
4.450888633728027344e-01
5.136439800262451172e-01
4.515259265899658203e-01
4.949653148651123047e-01
4.576451778411865234e-01
4.567382335662841797e-01
4.670522212982177734e-01
4.445977210998535156e-01
4.483892917633056641e-01
4.511957168579101562e-01
4.577293395996093750e-01
4.688780307769775391e-01
4.670071601867675781e-01
4.689834117889404297e-01
4.712345600128173828e-01
4.690926074981689453e-01
4.780850410461425781e-01
4.640154838562011719e-01
4.570078849792480469e-01
4.918131828308105469e-01
4.446928501129150391e-01
5.068616867065429688e-01
4.561977386474609375e-01
4.548022747039794922e-01
4.423165321350097656e-01
4.454646110534667969e-01
