1.252319812774658203e+00
1.251413106918334961e+00
1.245189428329467773e+00
1.353502273559570312e+00
1.275830030441284180e+00
1.222077369689941406e+00
1.230157375335693359e+00
1.330742835998535156e+00
1.337389707565307617e+00
1.252419948577880859e+00
1.278386116027832031e+00
1.268297433853149414e+00
1.258572578430175781e+00
1.553454637527465820e+00
1.542141199111938477e+00
1.248808145523071289e+00
1.614635229110717773e+00
1.297589302062988281e+00
1.321019411087036133e+00
1.350110054016113281e+00
1.371210336685180664e+00
1.376140356063842773e+00
1.382705688476562500e+00
1.453433036804199219e+00
1.332456111907958984e+00
1.361673593521118164e+00
1.350397109985351562e+00
1.313989877700805664e+00
1.278410673141479492e+00
1.251063585281372070e+00
1.265134334564208984e+00
1.318627357482910156e+00
1.242594242095947266e+00
1.244592666625976562e+00
1.229629039764404297e+00
1.233067989349365234e+00
1.260210752487182617e+00
1.251608848571777344e+00
1.257395029067993164e+00
1.254345178604125977e+00
1.250433921813964844e+00
1.241721630096435547e+00
1.328335762023925781e+00
1.243917465209960938e+00
1.237597465515136719e+00
1.302585124969482422e+00
1.244091749191284180e+00
1.249272346496582031e+00
1.236737012863159180e+00
2.004750967025756836e+00
1.278307676315307617e+00
1.264808416366577148e+00
1.397484779357910156e+00
1.482920646667480469e+00
1.277173519134521484e+00
1.249278068542480469e+00
1.244565725326538086e+00
1.246256351470947266e+00
1.251844406127929688e+00
1.261510610580444336e+00
1.234361648559570312e+00
1.251971483230590820e+00
1.323920726776123047e+00
1.607326507568359375e+00
1.276503324508666992e+00
1.518412590026855469e+00
1.623922586441040039e+00
1.537810802459716797e+00
1.624433279037475586e+00
1.638134002685546875e+00
1.701933622360229492e+00
1.785143375396728516e+00
1.840057611465454102e+00
1.720571994781494141e+00
1.892655611038208008e+00
2.001270294189453125e+00
2.033810377120971680e+00
1.895058155059814453e+00
1.438940048217773438e+00
1.227360725402832031e+00
1.229365587234497070e+00
1.248659849166870117e+00
1.287079095840454102e+00
1.255657434463500977e+00
1.260484933853149414e+00
1.256348848342895508e+00
1.255739688873291016e+00
1.243725538253784180e+00
1.271513223648071289e+00
1.231822729110717773e+00
1.229798078536987305e+00
1.241832733154296875e+00
1.317843675613403320e+00
1.294430732727050781e+00
1.235223054885864258e+00
1.322251796722412109e+00
1.241111040115356445e+00
1.233608245849609375e+00
1.246006250381469727e+00
1.248839855194091797e+00
1.290370941162109375e+00
1.266000032424926758e+00
1.255602359771728516e+00
1.276150226593017578e+00
1.245896577835083008e+00
1.272776842117309570e+00
1.263672828674316406e+00
1.276349306106567383e+00
1.321065187454223633e+00
1.249402523040771484e+00
1.240776777267456055e+00
1.245628595352172852e+00
1.234156847000122070e+00
1.298465490341186523e+00
1.259042978286743164e+00
1.310774326324462891e+00
1.233518600463867188e+00
1.222936630249023438e+00
1.368041038513183594e+00
1.239993333816528320e+00
1.259263038635253906e+00
1.215694904327392578e+00
1.237299203872680664e+00
1.310752153396606445e+00
1.242123842239379883e+00
1.238666534423828125e+00
1.223395347595214844e+00
1.327485799789428711e+00
1.583476066589355469e+00
1.478916406631469727e+00
1.391731262207031250e+00
1.380152463912963867e+00
1.488481998443603516e+00
1.652870416641235352e+00
1.603399515151977539e+00
1.687198400497436523e+00
1.827924251556396484e+00
1.858217716217041016e+00
1.907532691955566406e+00
2.021916151046752930e+00
1.864919185638427734e+00
1.864789962768554688e+00
1.396051883697509766e+00
1.386670112609863281e+00
1.383069515228271484e+00
1.445708990097045898e+00
1.369615793228149414e+00
1.414462566375732422e+00
1.474124193191528320e+00
1.419487237930297852e+00
1.595697879791259766e+00
1.363675594329833984e+00
1.346039533615112305e+00
1.409832239151000977e+00
1.328724861145019531e+00
1.298700571060180664e+00
1.292295455932617188e+00
1.274546384811401367e+00
1.296913862228393555e+00
1.330117702484130859e+00
1.343967199325561523e+00
1.260438680648803711e+00
1.273726940155029297e+00
1.269883394241333008e+00
1.349493265151977539e+00
1.371778488159179688e+00
1.475025177001953125e+00
1.540589570999145508e+00
1.584233999252319336e+00
1.810698270797729492e+00
1.843041896820068359e+00
1.995989084243774414e+00
1.972321271896362305e+00
1.779298782348632812e+00
1.426908731460571289e+00
1.309325695037841797e+00
1.244514465332031250e+00
1.250220060348510742e+00
1.248426198959350586e+00
1.267372131347656250e+00
1.264298677444458008e+00
1.275295734405517578e+00
1.269276618957519531e+00
1.267162799835205078e+00
1.391122579574584961e+00
1.301012039184570312e+00
1.248270511627197266e+00
1.239195585250854492e+00
1.247069358825683594e+00
1.255624532699584961e+00
1.416726589202880859e+00
1.243112564086914062e+00
1.254945039749145508e+00
1.324019193649291992e+00
1.248895168304443359e+00
1.291220903396606445e+00
1.239626169204711914e+00
1.247547388076782227e+00
1.512943029403686523e+00
1.348753213882446289e+00
