1.252316951751708984e+00
1.251417875289916992e+00
1.245188713073730469e+00
1.353501319885253906e+00
1.275826454162597656e+00
1.222075462341308594e+00
1.230153799057006836e+00
1.330744028091430664e+00
1.337383747100830078e+00
1.252419471740722656e+00
1.278388977050781250e+00
1.268297195434570312e+00
1.258576393127441406e+00
1.553451061248779297e+00
1.542140722274780273e+00
1.248810052871704102e+00
1.614629507064819336e+00
1.297589540481567383e+00
1.321019172668457031e+00
1.350116252899169922e+00
1.371210336685180664e+00
1.376141309738159180e+00
1.382706165313720703e+00
1.453430891036987305e+00
1.332451343536376953e+00
1.361673116683959961e+00
1.350394487380981445e+00
1.313991069793701172e+00
1.278406381607055664e+00
1.251061439514160156e+00
1.265137195587158203e+00
1.318627119064331055e+00
1.242588520050048828e+00
1.244596242904663086e+00
1.229630470275878906e+00
1.233068704605102539e+00
1.260211706161499023e+00
1.251609325408935547e+00
1.257393360137939453e+00
1.254339218139648438e+00
1.250431776046752930e+00
1.241722583770751953e+00
1.328327417373657227e+00
1.243918418884277344e+00
1.237602710723876953e+00
1.302580833435058594e+00
1.244084596633911133e+00
1.249268770217895508e+00
1.236741065979003906e+00
2.004753112792968750e+00
1.278308153152465820e+00
1.264799356460571289e+00
1.397486925125122070e+00
1.482921600341796875e+00
1.277173519134521484e+00
1.249255180358886719e+00
1.244560956954956055e+00
1.246243476867675781e+00
1.251839876174926758e+00
1.261512756347656250e+00
1.234364032745361328e+00
1.251968383789062500e+00
1.323922157287597656e+00
1.607325315475463867e+00
1.276509761810302734e+00
1.518407106399536133e+00
1.623911857604980469e+00
1.537808895111083984e+00
1.624420881271362305e+00
1.638135194778442383e+00
1.701920986175537109e+00
1.785140514373779297e+00
1.840051412582397461e+00
1.720578908920288086e+00
1.892652988433837891e+00
2.001264810562133789e+00
2.033808231353759766e+00
1.895057916641235352e+00
1.438941240310668945e+00
1.227360486984252930e+00
1.229362726211547852e+00
1.248658895492553711e+00
1.287085533142089844e+00
1.255655050277709961e+00
1.260482549667358398e+00
1.256349325180053711e+00
1.255752801895141602e+00
1.243724822998046875e+00
1.271518230438232422e+00
1.231821537017822266e+00
1.229804515838623047e+00
1.241817474365234375e+00
1.317833900451660156e+00
1.294422388076782227e+00
1.235226392745971680e+00
1.322265625000000000e+00
1.241109848022460938e+00
1.233606815338134766e+00
1.246006488800048828e+00
1.248836755752563477e+00
1.290370225906372070e+00
1.266000986099243164e+00
1.255606412887573242e+00
1.276150941848754883e+00
1.245896816253662109e+00
1.272772789001464844e+00
1.263672828674316406e+00
1.276347875595092773e+00
1.321058511734008789e+00
1.249408245086669922e+00
1.240774393081665039e+00
1.245633363723754883e+00
1.234156608581542969e+00
1.298472166061401367e+00
1.259042739868164062e+00
1.310768604278564453e+00
1.233519792556762695e+00
1.222933530807495117e+00
1.368044853210449219e+00
1.239994525909423828e+00
1.259265184402465820e+00
1.215699911117553711e+00
1.237291097640991211e+00
1.310751438140869141e+00
1.242120027542114258e+00
1.238666534423828125e+00
1.223393201828002930e+00
1.327486038208007812e+00
1.583468914031982422e+00
1.478918313980102539e+00
1.391734361648559570e+00
1.380151987075805664e+00
1.488479137420654297e+00
1.652872800827026367e+00
1.603395700454711914e+00
1.687198162078857422e+00
1.827932357788085938e+00
1.858223676681518555e+00
1.907530784606933594e+00
2.021901607513427734e+00
1.864920139312744141e+00
1.864766359329223633e+00
1.396017313003540039e+00
1.386663436889648438e+00
1.383071422576904297e+00
1.445699691772460938e+00
1.369621992111206055e+00
1.414469718933105469e+00
1.474121332168579102e+00
1.419487953186035156e+00
1.595697879791259766e+00
1.363675117492675781e+00
1.346037387847900391e+00
1.409829139709472656e+00
1.328717470169067383e+00
1.298696994781494141e+00
1.292290449142456055e+00
1.274547815322875977e+00
1.296913146972656250e+00
1.330121755599975586e+00
1.343964576721191406e+00
1.260445117950439453e+00
1.273730754852294922e+00
1.269874095916748047e+00
1.349487304687500000e+00
1.371778488159179688e+00
1.475023269653320312e+00
1.540584802627563477e+00
1.584216833114624023e+00
1.810684680938720703e+00
1.843037843704223633e+00
1.995984315872192383e+00
1.972332239151000977e+00
1.779311180114746094e+00
1.426929235458374023e+00
1.309295654296875000e+00
1.244509220123291016e+00
1.250209808349609375e+00
1.248436450958251953e+00
1.267370462417602539e+00
1.264303207397460938e+00
1.275300979614257812e+00
1.269276857376098633e+00
1.267162561416625977e+00
1.391125202178955078e+00
1.294224977493286133e+00
1.248266696929931641e+00
1.239194631576538086e+00
1.247056722640991211e+00
1.255629301071166992e+00
1.416731357574462891e+00
1.243112564086914062e+00
1.254934549331665039e+00
1.324018716812133789e+00
1.248900413513183594e+00
1.291228771209716797e+00
1.239625215530395508e+00
1.247540473937988281e+00
1.512933015823364258e+00
1.348741769790649414e+00
