2.452427387237548828e+00
4.480469226837158203e-01
4.521760940551757812e-01
4.540753364562988281e-01
4.537956714630126953e-01
4.527146816253662109e-01
4.565098285675048828e-01
4.568614959716796875e-01
4.522721767425537109e-01
4.589114189147949219e-01
4.579610824584960938e-01
4.558024406433105469e-01
4.539735317230224609e-01
4.535617828369140625e-01
4.537217617034912109e-01
4.532346725463867188e-01
4.546604156494140625e-01
4.608137607574462891e-01
4.592378139495849609e-01
4.596641063690185547e-01
4.597313404083251953e-01
4.563305377960205078e-01
4.518902301788330078e-01
4.522840976715087891e-01
4.562468528747558594e-01
4.638354778289794922e-01
4.619259834289550781e-01
4.527916908264160156e-01
4.572167396545410156e-01
4.604382514953613281e-01
4.563121795654296875e-01
4.555575847625732422e-01
4.552283287048339844e-01
4.592828750610351562e-01
4.568166732788085938e-01
4.569060802459716797e-01
4.635717868804931641e-01
4.586231708526611328e-01
4.517080783843994141e-01
4.563930034637451172e-01
4.507770538330078125e-01
4.286162853240966797e-01
4.292337894439697266e-01
4.241685867309570312e-01
4.219925403594970703e-01
4.538042545318603516e-01
4.579014778137207031e-01
4.846746921539306641e-01
4.231901168823242188e-01
4.561452865600585938e-01
4.587428569793701172e-01
4.730808734893798828e-01
4.760470390319824219e-01
4.716289043426513672e-01
5.091168880462646484e-01
4.321663379669189453e-01
4.256746768951416016e-01
4.303383827209472656e-01
4.292783737182617188e-01
4.635181427001953125e-01
4.574625492095947266e-01
4.534618854522705078e-01
4.617681503295898438e-01
4.473137855529785156e-01
4.534757137298583984e-01
4.588379859924316406e-01
4.527864456176757812e-01
4.541225433349609375e-01
4.556670188903808594e-01
4.552338123321533203e-01
4.538500308990478516e-01
4.533832073211669922e-01
4.551110267639160156e-01
4.373533725738525391e-01
4.308850765228271484e-01
4.479784965515136719e-01
4.358348846435546875e-01
4.601461887359619141e-01
4.579088687896728516e-01
4.698739051818847656e-01
4.614257812500000000e-01
4.622733592987060547e-01
4.617166519165039062e-01
4.602327346801757812e-01
4.621236324310302734e-01
4.608778953552246094e-01
4.665491580963134766e-01
4.749634265899658203e-01
4.723351001739501953e-01
4.809617996215820312e-01
4.906804561614990234e-01
4.882636070251464844e-01
4.854443073272705078e-01
4.659492969512939453e-01
4.630918502807617188e-01
4.626572132110595703e-01
4.622395038604736328e-01
4.551343917846679688e-01
4.557979106903076172e-01
4.564566612243652344e-01
4.618582725524902344e-01
4.687762260437011719e-01
4.670937061309814453e-01
4.644479751586914062e-01
4.603314399719238281e-01
4.636623859405517578e-01
4.626452922821044922e-01
4.643828868865966797e-01
4.631710052490234375e-01
4.698748588562011719e-01
4.667572975158691406e-01
4.674749374389648438e-01
4.672496318817138672e-01
4.613115787506103516e-01
4.693934917449951172e-01
4.643213748931884766e-01
4.603998661041259766e-01
4.548876285552978516e-01
4.556300640106201172e-01
4.559800624847412109e-01
4.552643299102783203e-01
4.585893154144287109e-01
4.559476375579833984e-01
4.546108245849609375e-01
4.612262248992919922e-01
4.579148292541503906e-01
4.546766281127929688e-01
4.524962902069091797e-01
4.563922882080078125e-01
4.530758857727050781e-01
4.573094844818115234e-01
4.571282863616943359e-01
4.567339420318603516e-01
4.587202072143554688e-01
4.551782608032226562e-01
4.539265632629394531e-01
4.528191089630126953e-01
4.494161605834960938e-01
4.487178325653076172e-01
4.500837326049804688e-01
4.441819190979003906e-01
4.485402107238769531e-01
4.459619522094726562e-01
4.830114841461181641e-01
4.719538688659667969e-01
4.950561523437500000e-01
4.725708961486816406e-01
4.657027721405029297e-01
4.579129219055175781e-01
4.604980945587158203e-01
4.627027511596679688e-01
4.632279872894287109e-01
4.566731452941894531e-01
4.523835182189941406e-01
4.565706253051757812e-01
4.509685039520263672e-01
4.503078460693359375e-01
4.563260078430175781e-01
4.561514854431152344e-01
4.619100093841552734e-01
4.605395793914794922e-01
4.613142013549804688e-01
4.619328975677490234e-01
4.353122711181640625e-01
4.388594627380371094e-01
4.620127677917480469e-01
4.596168994903564453e-01
4.548406600952148438e-01
4.569509029388427734e-01
4.606883525848388672e-01
4.549477100372314453e-01
4.556477069854736328e-01
4.512686729431152344e-01
4.551236629486083984e-01
4.633200168609619141e-01
4.818735122680664062e-01
4.750046730041503906e-01
4.880111217498779297e-01
4.840130805969238281e-01
4.696340560913085938e-01
4.671115875244140625e-01
4.704039096832275391e-01
4.689850807189941406e-01
4.700152873992919922e-01
4.684572219848632812e-01
4.668729305267333984e-01
4.626681804656982422e-01
4.610092639923095703e-01
4.622254371643066406e-01
4.630575180053710938e-01
4.788086414337158203e-01
4.621198177337646484e-01
4.736800193786621094e-01
4.608054161071777344e-01
4.681537151336669922e-01
4.601826667785644531e-01
4.522979259490966797e-01
4.462528228759765625e-01
4.312279224395751953e-01
4.290313720703125000e-01
