2.610103607177734375e+00
4.392058849334716797e-01
4.414582252502441406e-01
4.732499122619628906e-01
4.451043605804443359e-01
4.385571479797363281e-01
4.446079730987548828e-01
4.601719379425048828e-01
4.397563934326171875e-01
4.440631866455078125e-01
4.423582553863525391e-01
4.615476131439208984e-01
4.490990638732910156e-01
4.526705741882324219e-01
4.377682209014892578e-01
4.539914131164550781e-01
4.463131427764892578e-01
4.960989952087402344e-01
4.616231918334960938e-01
4.562087059020996094e-01
4.551336765289306641e-01
4.417216777801513672e-01
4.568982124328613281e-01
4.443371295928955078e-01
4.457826614379882812e-01
4.431376457214355469e-01
4.467084407806396484e-01
4.483804702758789062e-01
4.717986583709716797e-01
4.605145454406738281e-01
4.474081993103027344e-01
4.547393321990966797e-01
4.416198730468750000e-01
4.385159015655517578e-01
4.446284770965576172e-01
4.489667415618896484e-01
4.475736618041992188e-01
5.311539173126220703e-01
4.396965503692626953e-01
4.383416175842285156e-01
4.336910247802734375e-01
4.468152523040771484e-01
4.389123916625976562e-01
4.346959590911865234e-01
4.389760494232177734e-01
4.460253715515136719e-01
4.380502700805664062e-01
4.435431957244873047e-01
4.241762161254882812e-01
4.391884803771972656e-01
4.435226917266845703e-01
4.413096904754638672e-01
4.472739696502685547e-01
4.617478847503662109e-01
4.494440555572509766e-01
4.398713111877441406e-01
4.415116310119628906e-01
4.468495845794677734e-01
4.365811347961425781e-01
4.429697990417480469e-01
4.322249889373779297e-01
4.373536109924316406e-01
4.718844890594482422e-01
4.213514328002929688e-01
4.377477169036865234e-01
4.336764812469482422e-01
4.260790348052978516e-01
4.288649559020996094e-01
4.336683750152587891e-01
4.487118721008300781e-01
4.380993843078613281e-01
4.385917186737060547e-01
4.631989002227783203e-01
4.278962612152099609e-01
4.496326446533203125e-01
4.470794200897216797e-01
4.281637668609619141e-01
4.392623901367187500e-01
4.594011306762695312e-01
4.481303691864013672e-01
4.495310783386230469e-01
4.472446441650390625e-01
5.323662757873535156e-01
4.517362117767333984e-01
4.607148170471191406e-01
4.595766067504882812e-01
4.581313133239746094e-01
4.502847194671630859e-01
4.547121524810791016e-01
4.446310997009277344e-01
4.484691619873046875e-01
4.494874477386474609e-01
4.487068653106689453e-01
4.505200386047363281e-01
4.478306770324707031e-01
4.788637161254882812e-01
4.856696128845214844e-01
4.642741680145263672e-01
4.455125331878662109e-01
4.449150562286376953e-01
4.445381164550781250e-01
4.454393386840820312e-01
4.506661891937255859e-01
4.523484706878662109e-01
4.606676101684570312e-01
4.656016826629638672e-01
5.045630931854248047e-01
4.428598880767822266e-01
4.463405609130859375e-01
4.482400417327880859e-01
5.135085582733154297e-01
4.539079666137695312e-01
4.904572963714599609e-01
4.512872695922851562e-01
4.557278156280517578e-01
4.515686035156250000e-01
4.485051631927490234e-01
4.426453113555908203e-01
4.447486400604248047e-01
4.522712230682373047e-01
4.541623592376708984e-01
4.458875656127929688e-01
4.442894458770751953e-01
4.434778690338134766e-01
4.480497837066650391e-01
4.407589435577392578e-01
4.451229572296142578e-01
4.286854267120361328e-01
5.225758552551269531e-01
5.668466091156005859e-01
4.427452087402343750e-01
4.557189941406250000e-01
4.485809803009033203e-01
4.449760913848876953e-01
4.462828636169433594e-01
4.401276111602783203e-01
4.387857913970947266e-01
4.293494224548339844e-01
4.353826045989990234e-01
4.479949474334716797e-01
4.367635250091552734e-01
4.371724128723144531e-01
4.424607753753662109e-01
4.449455738067626953e-01
4.497613906860351562e-01
4.554495811462402344e-01
4.707434177398681641e-01
4.542360305786132812e-01
4.737868309020996094e-01
5.100402832031250000e-01
4.499151706695556641e-01
4.520351886749267578e-01
4.451291561126708984e-01
4.433667659759521484e-01
4.760849475860595703e-01
4.396610260009765625e-01
4.448833465576171875e-01
4.608824253082275391e-01
4.436662197113037109e-01
4.473023414611816406e-01
4.500026702880859375e-01
4.449403285980224609e-01
4.361524581909179688e-01
4.379408359527587891e-01
4.358167648315429688e-01
4.376170635223388672e-01
5.190699100494384766e-01
4.582364559173583984e-01
4.559674263000488281e-01
4.538407325744628906e-01
4.506666660308837891e-01
4.362006187438964844e-01
4.427630901336669922e-01
4.299128055572509766e-01
4.453723430633544922e-01
5.286436080932617188e-01
4.434797763824462891e-01
4.706590175628662109e-01
4.579482078552246094e-01
4.603743553161621094e-01
4.625170230865478516e-01
4.718773365020751953e-01
4.571330547332763672e-01
4.600653648376464844e-01
4.586279392242431641e-01
4.558713436126708984e-01
4.545364379882812500e-01
4.495961666107177734e-01
4.512660503387451172e-01
4.771382808685302734e-01
4.602844715118408203e-01
4.534525871276855469e-01
4.568035602569580078e-01
4.555587768554687500e-01
4.751565456390380859e-01
4.836788177490234375e-01
4.509713649749755859e-01
4.351103305816650391e-01
4.896764755249023438e-01
4.407255649566650391e-01
