2.301987886428833008e+00
3.783814907073974609e-01
3.772838115692138672e-01
3.779685497283935547e-01
3.784041404724121094e-01
3.768944740295410156e-01
3.800621032714843750e-01
3.760898113250732422e-01
3.775403499603271484e-01
3.790702819824218750e-01
3.795332908630371094e-01
3.787817955017089844e-01
3.784987926483154297e-01
3.760213851928710938e-01
3.769509792327880859e-01
3.779902458190917969e-01
3.824169635772705078e-01
3.836288452148437500e-01
3.741326332092285156e-01
3.767547607421875000e-01
3.700020313262939453e-01
3.739366531372070312e-01
3.746712207794189453e-01
3.773355484008789062e-01
3.822975158691406250e-01
4.180128574371337891e-01
4.246566295623779297e-01
3.887112140655517578e-01
3.795499801635742188e-01
3.753981590270996094e-01
3.789949417114257812e-01
3.770232200622558594e-01
3.782384395599365234e-01
3.784737586975097656e-01
3.773372173309326172e-01
3.853077888488769531e-01
3.846631050109863281e-01
3.802011013031005859e-01
3.792607784271240234e-01
3.779213428497314453e-01
3.865525722503662109e-01
3.853840827941894531e-01
3.844542503356933594e-01
3.816151618957519531e-01
3.826968669891357422e-01
3.855755329132080078e-01
3.895723819732666016e-01
3.918602466583251953e-01
3.711044788360595703e-01
3.745274543762207031e-01
3.834910392761230469e-01
3.928029537200927734e-01
4.385800361633300781e-01
4.028847217559814453e-01
4.102263450622558594e-01
3.881223201751708984e-01
3.852257728576660156e-01
3.862764835357666016e-01
3.841640949249267578e-01
3.735532760620117188e-01
3.615491390228271484e-01
3.795077800750732422e-01
3.708467483520507812e-01
3.740789890289306641e-01
3.743386268615722656e-01
3.673942089080810547e-01
3.651309013366699219e-01
3.733909130096435547e-01
3.721799850463867188e-01
3.734824657440185547e-01
3.806149959564208984e-01
3.755919933319091797e-01
3.814301490783691406e-01
3.934473991394042969e-01
3.837373256683349609e-01
3.840439319610595703e-01
3.636798858642578125e-01
3.806645870208740234e-01
3.749070167541503906e-01
3.813588619232177734e-01
3.776965141296386719e-01
3.800587654113769531e-01
3.913359642028808594e-01
3.855683803558349609e-01
3.785493373870849609e-01
3.775982856750488281e-01
3.805451393127441406e-01
3.922650814056396484e-01
3.939197063446044922e-01
3.953404426574707031e-01
3.955612182617187500e-01
3.917672634124755859e-01
3.930990695953369141e-01
3.812680244445800781e-01
3.798387050628662109e-01
3.834040164947509766e-01
3.820052146911621094e-01
3.799345493316650391e-01
3.794181346893310547e-01
3.950135707855224609e-01
3.960931301116943359e-01
4.092237949371337891e-01
4.141447544097900391e-01
3.970990180969238281e-01
3.844754695892333984e-01
3.796930313110351562e-01
3.795287609100341797e-01
3.747942447662353516e-01
3.740558624267578125e-01
3.798251152038574219e-01
3.808648586273193359e-01
3.803026676177978516e-01
3.863303661346435547e-01
3.881907463073730469e-01
3.887441158294677734e-01
3.878343105316162109e-01
3.806507587432861328e-01
3.818519115447998047e-01
3.776173591613769531e-01
3.810720443725585938e-01
3.782575130462646484e-01
3.802266120910644531e-01
3.809041976928710938e-01
3.786771297454833984e-01
3.815903663635253906e-01
3.839254379272460938e-01
3.791270256042480469e-01
3.865344524383544922e-01
3.836522102355957031e-01
3.803687095642089844e-01
3.841986656188964844e-01
3.832769393920898438e-01
3.814735412597656250e-01
3.872377872467041016e-01
3.796114921569824219e-01
3.799879550933837891e-01
3.823349475860595703e-01
3.807332515716552734e-01
3.778781890869140625e-01
3.735830783843994141e-01
3.719558715820312500e-01
3.818626403808593750e-01
3.794703483581542969e-01
3.876097202301025391e-01
3.818523883819580078e-01
3.962247371673583984e-01
3.903148174285888672e-01
3.850603103637695312e-01
3.875300884246826172e-01
3.854339122772216797e-01
3.891465663909912109e-01
3.857388496398925781e-01
3.818490505218505859e-01
3.768842220306396484e-01
3.796613216400146484e-01
3.721351623535156250e-01
3.766002655029296875e-01
3.747200965881347656e-01
3.707549571990966797e-01
3.741927146911621094e-01
3.673706054687500000e-01
3.686113357543945312e-01
3.743255138397216797e-01
3.963015079498291016e-01
3.927700519561767578e-01
3.828783035278320312e-01
3.986563682556152344e-01
3.818411827087402344e-01
3.828318119049072266e-01
3.789062500000000000e-01
3.770177364349365234e-01
3.800625801086425781e-01
3.742949962615966797e-01
3.810138702392578125e-01
3.745675086975097656e-01
3.867812156677246094e-01
3.862681388854980469e-01
3.876688480377197266e-01
3.936693668365478516e-01
4.042782783508300781e-01
4.171378612518310547e-01
4.448754787445068359e-01
4.294059276580810547e-01
4.376676082611083984e-01
4.198892116546630859e-01
4.315416812896728516e-01
3.878235816955566406e-01
3.872792720794677734e-01
3.870437145233154297e-01
3.861150741577148438e-01
3.900706768035888672e-01
3.913033008575439453e-01
3.912467956542968750e-01
3.829412460327148438e-01
4.102630615234375000e-01
3.962709903717041016e-01
3.805289268493652344e-01
3.881847858428955078e-01
3.887224197387695312e-01
3.868663311004638672e-01
