2.579784870147705078e+00
7.463300228118896484e-01
7.538049221038818359e-01
7.510919570922851562e-01
7.539167404174804688e-01
7.545723915100097656e-01
7.547731399536132812e-01
7.570922374725341797e-01
7.564134597778320312e-01
7.563292980194091797e-01
7.572150230407714844e-01
7.588024139404296875e-01
7.604455947875976562e-01
7.582738399505615234e-01
7.556538581848144531e-01
7.581057548522949219e-01
7.565588951110839844e-01
7.609689235687255859e-01
7.571127414703369141e-01
7.578432559967041016e-01
7.619771957397460938e-01
7.606551647186279297e-01
7.577028274536132812e-01
7.634205818176269531e-01
7.624325752258300781e-01
7.608559131622314453e-01
7.602105140686035156e-01
7.618529796600341797e-01
7.621970176696777344e-01
7.610297203063964844e-01
7.625348567962646484e-01
7.638566493988037109e-01
7.616827487945556641e-01
7.631030082702636719e-01
7.630870342254638672e-01
7.619841098785400391e-01
7.633466720581054688e-01
7.603044509887695312e-01
7.641284465789794922e-01
7.644677162170410156e-01
7.636733055114746094e-01
7.650585174560546875e-01
7.617547512054443359e-01
7.627995014190673828e-01
7.569043636322021484e-01
7.628419399261474609e-01
7.594897747039794922e-01
7.614357471466064453e-01
7.611975669860839844e-01
7.340853214263916016e-01
7.281663417816162109e-01
7.260880470275878906e-01
7.259142398834228516e-01
7.510080337524414062e-01
7.664303779602050781e-01
7.657299041748046875e-01
7.645797729492187500e-01
7.644035816192626953e-01
7.654197216033935547e-01
7.675292491912841797e-01
7.670207023620605469e-01
7.662999629974365234e-01
7.657682895660400391e-01
7.679228782653808594e-01
7.668328285217285156e-01
7.656064033508300781e-01
7.696008682250976562e-01
7.683172225952148438e-01
7.672805786132812500e-01
7.759754657745361328e-01
7.688212394714355469e-01
7.674868106842041016e-01
7.710638046264648438e-01
7.705280780792236328e-01
7.687776088714599609e-01
7.706692218780517578e-01
7.685987949371337891e-01
7.719037532806396484e-01
7.670485973358154297e-01
7.640521526336669922e-01
7.619950771331787109e-01
7.640690803527832031e-01
7.663352489471435547e-01
7.700202465057373047e-01
7.699778079986572266e-01
7.732019424438476562e-01
7.686140537261962891e-01
7.733092308044433594e-01
7.741465568542480469e-01
7.767522335052490234e-01
7.765252590179443359e-01
7.735075950622558594e-01
7.878072261810302734e-01
7.742080688476562500e-01
7.725529670715332031e-01
7.720060348510742188e-01
7.722759246826171875e-01
7.720849514007568359e-01
7.734282016754150391e-01
7.726721763610839844e-01
7.768118381500244141e-01
7.795910835266113281e-01
7.763059139251708984e-01
7.771832942962646484e-01
7.748985290527343750e-01
7.748920917510986328e-01
7.753796577453613281e-01
7.757425308227539062e-01
7.711956501007080078e-01
7.767577171325683594e-01
7.761199474334716797e-01
7.770195007324218750e-01
7.738068103790283203e-01
7.765405178070068359e-01
7.757132053375244141e-01
7.800436019897460938e-01
7.780635356903076172e-01
7.758591175079345703e-01
7.778916358947753906e-01
7.785434722900390625e-01
7.785155773162841797e-01
7.775416374206542969e-01
7.766265869140625000e-01
7.768120765686035156e-01
7.774982452392578125e-01
7.752666473388671875e-01
7.771301269531250000e-01
7.736639976501464844e-01
7.745780944824218750e-01
7.752444744110107422e-01
7.723884582519531250e-01
7.743220329284667969e-01
7.737679481506347656e-01
7.773973941802978516e-01
7.795929908752441406e-01
7.758646011352539062e-01
7.786951065063476562e-01
7.774555683135986328e-01
7.766013145446777344e-01
7.792322635650634766e-01
7.777681350708007812e-01
7.796006202697753906e-01
7.759938240051269531e-01
7.736003398895263672e-01
7.742309570312500000e-01
7.767746448516845703e-01
7.744119167327880859e-01
7.750210762023925781e-01
7.737486362457275391e-01
7.747743129730224609e-01
7.777833938598632812e-01
7.778577804565429688e-01
7.741765975952148438e-01
7.756841182708740234e-01
7.743537425994873047e-01
7.766547203063964844e-01
7.743051052093505859e-01
7.768063545227050781e-01
7.745132446289062500e-01
7.782495021820068359e-01
7.755007743835449219e-01
7.774186134338378906e-01
7.756323814392089844e-01
7.770681381225585938e-01
7.776329517364501953e-01
7.770228385925292969e-01
7.741780281066894531e-01
7.765579223632812500e-01
7.748987674713134766e-01
7.798173427581787109e-01
7.789399623870849609e-01
7.776117324829101562e-01
7.767503261566162109e-01
7.783436775207519531e-01
7.785754203796386719e-01
7.885034084320068359e-01
7.754867076873779297e-01
7.736763954162597656e-01
7.759742736816406250e-01
7.799174785614013672e-01
7.799425125122070312e-01
7.771596908569335938e-01
7.773065567016601562e-01
7.761497497558593750e-01
7.796454429626464844e-01
7.792696952819824219e-01
7.778258323669433594e-01
7.768805027008056641e-01
7.765727043151855469e-01
7.796258926391601562e-01
7.786991596221923828e-01
7.755239009857177734e-01
7.774446010589599609e-01
7.772059440612792969e-01
7.759265899658203125e-01
7.791354656219482422e-01
7.774944305419921875e-01
7.770655155181884766e-01
7.791116237640380859e-01
7.809040546417236328e-01
