6.404194831848144531e-01
6.418941020965576172e-01
6.371505260467529297e-01
7.353780269622802734e-01
7.144463062286376953e-01
6.350734233856201172e-01
6.371636390686035156e-01
6.315922737121582031e-01
6.388623714447021484e-01
6.419353485107421875e-01
7.137665748596191406e-01
6.421699523925781250e-01
6.487424373626708984e-01
6.356716156005859375e-01
6.402912139892578125e-01
6.356165409088134766e-01
8.267383575439453125e-01
6.432809829711914062e-01
6.421823501586914062e-01
6.360266208648681641e-01
6.363539695739746094e-01
6.356260776519775391e-01
6.433563232421875000e-01
6.358363628387451172e-01
6.482806205749511719e-01
7.419269084930419922e-01
6.396796703338623047e-01
6.342539787292480469e-01
6.426665782928466797e-01
6.415009498596191406e-01
6.469089984893798828e-01
6.409235000610351562e-01
7.213656902313232422e-01
6.656086444854736328e-01
6.615591049194335938e-01
7.118268013000488281e-01
6.481926441192626953e-01
6.404039859771728516e-01
6.417515277862548828e-01
6.714334487915039062e-01
6.410889625549316406e-01
6.276860237121582031e-01
6.363422870635986328e-01
6.353445053100585938e-01
6.258013248443603516e-01
6.287372112274169922e-01
6.330637931823730469e-01
6.608726978302001953e-01
6.262872219085693359e-01
6.160311698913574219e-01
6.114025115966796875e-01
6.185669898986816406e-01
6.155941486358642578e-01
6.325569152832031250e-01
6.306293010711669922e-01
6.424291133880615234e-01
6.323773860931396484e-01
6.261775493621826172e-01
6.250569820404052734e-01
6.353750228881835938e-01
6.292846202850341797e-01
6.291036605834960938e-01
6.334922313690185547e-01
6.295800209045410156e-01
6.295356750488281250e-01
6.266634464263916016e-01
6.995522975921630859e-01
6.297390460968017578e-01
6.281540393829345703e-01
6.369624137878417969e-01
6.398913860321044922e-01
6.363718509674072266e-01
7.198657989501953125e-01
6.424107551574707031e-01
6.387741565704345703e-01
6.363246440887451172e-01
6.361434459686279297e-01
6.377680301666259766e-01
6.323220729827880859e-01
6.302287578582763672e-01
6.329069137573242188e-01
6.343340873718261719e-01
6.382067203521728516e-01
6.314969062805175781e-01
6.408762931823730469e-01
6.463661193847656250e-01
6.352159976959228516e-01
6.393961906433105469e-01
7.344412803649902344e-01
7.079818248748779297e-01
6.367082595825195312e-01
6.319410800933837891e-01
7.397768497467041016e-01
6.367900371551513672e-01
6.423995494842529297e-01
7.271761894226074219e-01
6.386229991912841797e-01
6.427466869354248047e-01
6.489710807800292969e-01
6.459913253784179688e-01
6.532924175262451172e-01
7.162716388702392578e-01
6.414930820465087891e-01
6.419467926025390625e-01
7.055544853210449219e-01
6.424238681793212891e-01
6.458237171173095703e-01
7.187650203704833984e-01
6.463818550109863281e-01
6.413693428039550781e-01
6.411602497100830078e-01
6.386651992797851562e-01
7.170796394348144531e-01
7.166895866394042969e-01
6.433289051055908203e-01
6.415112018585205078e-01
6.471278667449951172e-01
6.552336215972900391e-01
6.440594196319580078e-01
6.442842483520507812e-01
6.445310115814208984e-01
6.491045951843261719e-01
6.466636657714843750e-01
6.398572921752929688e-01
6.453340053558349609e-01
7.172312736511230469e-01
6.330547332763671875e-01
6.339352130889892578e-01
6.365060806274414062e-01
6.343648433685302734e-01
7.092247009277343750e-01
6.353552341461181641e-01
6.381583213806152344e-01
6.391558647155761719e-01
6.400797367095947266e-01
6.460099220275878906e-01
8.661129474639892578e-01
6.417543888092041016e-01
7.189531326293945312e-01
6.421709060668945312e-01
7.048149108886718750e-01
6.416602134704589844e-01
6.552338600158691406e-01
6.344525814056396484e-01
6.368939876556396484e-01
6.344025135040283203e-01
6.382083892822265625e-01
6.352992057800292969e-01
6.560761928558349609e-01
6.786379814147949219e-01
6.375734806060791016e-01
6.782894134521484375e-01
6.330699920654296875e-01
7.263925075531005859e-01
7.229952812194824219e-01
6.363131999969482422e-01
6.370387077331542969e-01
6.372563838958740234e-01
6.351115703582763672e-01
6.368951797485351562e-01
6.379377841949462891e-01
6.360299587249755859e-01
6.332583427429199219e-01
6.366572380065917969e-01
6.801414489746093750e-01
7.116131782531738281e-01
6.335589885711669922e-01
6.397094726562500000e-01
7.095510959625244141e-01
6.361153125762939453e-01
6.354525089263916016e-01
6.357598304748535156e-01
6.350862979888916016e-01
7.668428421020507812e-01
6.415672302246093750e-01
6.416885852813720703e-01
7.109940052032470703e-01
6.734416484832763672e-01
8.335239887237548828e-01
6.399626731872558594e-01
6.347100734710693359e-01
6.399552822113037109e-01
7.219157218933105469e-01
8.325848579406738281e-01
6.427743434906005859e-01
6.368091106414794922e-01
6.345853805541992188e-01
6.383814811706542969e-01
7.430288791656494141e-01
6.433959007263183594e-01
6.815733909606933594e-01
6.385090351104736328e-01
6.366033554077148438e-01
6.361727714538574219e-01
6.638619899749755859e-01
6.445870399475097656e-01
6.369411945343017578e-01
6.360502243041992188e-01
6.369900703430175781e-01
6.406250000000000000e-01
