2.447657823562622070e+00
7.032408714294433594e-01
7.034015655517578125e-01
7.039935588836669922e-01
7.047798633575439453e-01
7.045810222625732422e-01
7.075178623199462891e-01
7.039542198181152344e-01
7.049381732940673828e-01
7.049810886383056641e-01
7.065434455871582031e-01
7.050123214721679688e-01
7.048666477203369141e-01
7.060115337371826172e-01
7.060720920562744141e-01
7.059371471405029297e-01
7.055099010467529297e-01
7.084050178527832031e-01
7.065949440002441406e-01
7.098331451416015625e-01
7.072408199310302734e-01
7.068548202514648438e-01
7.095279693603515625e-01
7.071533203125000000e-01
7.083258628845214844e-01
7.081568241119384766e-01
7.092125415802001953e-01
7.109558582305908203e-01
7.099168300628662109e-01
7.093749046325683594e-01
7.093317508697509766e-01
7.129445075988769531e-01
7.118260860443115234e-01
7.110390663146972656e-01
7.110400199890136719e-01
7.098569869995117188e-01
7.093923091888427734e-01
7.087962627410888672e-01
7.084767818450927734e-01
7.088961601257324219e-01
7.089576721191406250e-01
7.139325141906738281e-01
7.117674350738525391e-01
7.094557285308837891e-01
7.125694751739501953e-01
7.113535404205322266e-01
7.120869159698486328e-01
7.118859291076660156e-01
7.129404544830322266e-01
7.194046974182128906e-01
7.181117534637451172e-01
7.197833061218261719e-01
7.184538841247558594e-01
7.178397178649902344e-01
7.200295925140380859e-01
7.150208950042724609e-01
7.127966880798339844e-01
7.137339115142822266e-01
7.143108844757080078e-01
7.135429382324218750e-01
7.147724628448486328e-01
7.040274143218994141e-01
7.053928375244140625e-01
7.042326927185058594e-01
7.051074504852294922e-01
7.036168575286865234e-01
7.029612064361572266e-01
7.030689716339111328e-01
7.035369873046875000e-01
7.905092239379882812e-01
7.200808525085449219e-01
7.173862457275390625e-01
7.425017356872558594e-01
7.635488510131835938e-01
7.284369468688964844e-01
7.280683517456054688e-01
7.288088798522949219e-01
7.535164356231689453e-01
7.164437770843505859e-01
7.160747051239013672e-01
7.160699367523193359e-01
7.157640457153320312e-01
7.169952392578125000e-01
7.299211025238037109e-01
7.235748767852783203e-01
7.257318496704101562e-01
7.259917259216308594e-01
7.291078567504882812e-01
7.251186370849609375e-01
7.279148101806640625e-01
7.276401519775390625e-01
7.248380184173583984e-01
7.281320095062255859e-01
7.271056175231933594e-01
7.254929542541503906e-01
7.255628108978271484e-01
7.270855903625488281e-01
7.260570526123046875e-01
7.240056991577148438e-01
7.285144329071044922e-01
7.253756523132324219e-01
7.271273136138916016e-01
7.199587821960449219e-01
7.257676124572753906e-01
7.262475490570068359e-01
7.286932468414306641e-01
7.257304191589355469e-01
7.275052070617675781e-01
7.276549339294433594e-01
7.272839546203613281e-01
7.258005142211914062e-01
7.265734672546386719e-01
7.279522418975830078e-01
7.279317378997802734e-01
7.302742004394531250e-01
7.266838550567626953e-01
7.272689342498779297e-01
7.258613109588623047e-01
7.209384441375732422e-01
7.215793132781982422e-01
7.203309535980224609e-01
7.219195365905761719e-01
7.180175781250000000e-01
7.208456993103027344e-01
7.544350624084472656e-01
7.255313396453857422e-01
7.750997543334960938e-01
7.294728755950927734e-01
7.383465766906738281e-01
7.670509815216064453e-01
7.288107872009277344e-01
7.305095195770263672e-01
7.305083274841308594e-01
7.511661052703857422e-01
7.291431427001953125e-01
7.294991016387939453e-01
7.293846607208251953e-01
7.546768188476562500e-01
7.578773498535156250e-01
7.290694713592529297e-01
7.288928031921386719e-01
7.616755962371826172e-01
7.597129344940185547e-01
7.297649383544921875e-01
7.312467098236083984e-01
7.298057079315185547e-01
7.482514381408691406e-01
7.348577976226806641e-01
7.331619262695312500e-01
7.313678264617919922e-01
7.394382953643798828e-01
7.479093074798583984e-01
7.357718944549560547e-01
7.313427925109863281e-01
7.312803268432617188e-01
7.533082962036132812e-01
7.506492137908935547e-01
7.311797142028808594e-01
7.307465076446533203e-01
7.319846153259277344e-01
7.501051425933837891e-01
7.578423023223876953e-01
7.310972213745117188e-01
7.350730895996093750e-01
7.294111251831054688e-01
7.468643188476562500e-01
7.311017513275146484e-01
7.330076694488525391e-01
7.340879440307617188e-01
7.333681583404541016e-01
7.510535717010498047e-01
7.331376075744628906e-01
7.319505214691162109e-01
7.333035469055175781e-01
7.452874183654785156e-01
7.479233741760253906e-01
7.318418025970458984e-01
7.328841686248779297e-01
7.326531410217285156e-01
7.767965793609619141e-01
7.546460628509521484e-01
7.339897155761718750e-01
7.311191558837890625e-01
7.337174415588378906e-01
7.493560314178466797e-01
7.483122348785400391e-01
7.324550151824951172e-01
7.317829132080078125e-01
7.355763912200927734e-01
7.406630516052246094e-01
7.613437175750732422e-01
7.300114631652832031e-01
7.338480949401855469e-01
7.349944114685058594e-01
7.342727184295654297e-01
7.546660900115966797e-01
7.478244304656982422e-01
7.352485656738281250e-01
7.352926731109619141e-01
7.334988117218017578e-01
