2.397554397583007812e+00
7.244281768798828125e-01
7.294259071350097656e-01
7.254786491394042969e-01
7.273397445678710938e-01
7.286188602447509766e-01
7.284133434295654297e-01
7.234358787536621094e-01
7.289543151855468750e-01
7.276458740234375000e-01
7.282378673553466797e-01
7.318415641784667969e-01
7.291922569274902344e-01
7.274317741394042969e-01
7.300803661346435547e-01
7.285280227661132812e-01
7.293591499328613281e-01
7.329108715057373047e-01
7.344193458557128906e-01
7.318236827850341797e-01
7.306504249572753906e-01
7.326292991638183594e-01
7.325580120086669922e-01
7.323842048645019531e-01
7.325503826141357422e-01
7.331290245056152344e-01
7.279202938079833984e-01
7.282710075378417969e-01
7.359964847564697266e-01
7.363727092742919922e-01
7.354662418365478516e-01
7.536849975585937500e-01
7.395584583282470703e-01
7.356588840484619141e-01
7.438175678253173828e-01
7.478373050689697266e-01
7.338263988494873047e-01
7.340624332427978516e-01
7.324006557464599609e-01
7.312324047088623047e-01
7.418332099914550781e-01
7.368721961975097656e-01
7.307496070861816406e-01
7.389523983001708984e-01
7.443614006042480469e-01
7.261984348297119141e-01
7.273173332214355469e-01
7.265982627868652344e-01
7.291023731231689453e-01
7.297501564025878906e-01
7.270131111145019531e-01
7.291896343231201172e-01
7.296919822692871094e-01
7.287878990173339844e-01
7.346506118774414062e-01
7.333240509033203125e-01
7.338125705718994141e-01
7.333636283874511719e-01
7.346820831298828125e-01
7.344276905059814453e-01
7.346911430358886719e-01
7.347192764282226562e-01
7.351622581481933594e-01
7.354421615600585938e-01
7.352919578552246094e-01
7.341885566711425781e-01
7.365779876708984375e-01
7.358231544494628906e-01
7.354342937469482422e-01
7.417600154876708984e-01
7.338469028472900391e-01
7.336027622222900391e-01
7.348623275756835938e-01
7.370843887329101562e-01
7.347941398620605469e-01
7.313349246978759766e-01
7.367610931396484375e-01
7.382552623748779297e-01
7.376492023468017578e-01
7.335550785064697266e-01
7.368481159210205078e-01
7.341623306274414062e-01
7.368965148925781250e-01
7.358591556549072266e-01
7.382750511169433594e-01
7.404446601867675781e-01
7.392838001251220703e-01
7.399878501892089844e-01
7.373716831207275391e-01
7.408049106597900391e-01
7.430229187011718750e-01
7.419030666351318359e-01
7.444097995758056641e-01
7.446720600128173828e-01
7.393290996551513672e-01
7.354519367218017578e-01
7.378559112548828125e-01
7.405657768249511719e-01
7.370824813842773438e-01
7.443928718566894531e-01
7.438042163848876953e-01
7.635514736175537109e-01
7.451689243316650391e-01
7.428979873657226562e-01
7.434933185577392578e-01
7.435462474822998047e-01
7.416677474975585938e-01
7.414393424987792969e-01
7.434084415435791016e-01
7.798056602478027344e-01
7.432398796081542969e-01
7.413008213043212891e-01
7.425282001495361328e-01
7.424221038818359375e-01
7.442984580993652344e-01
7.432589530944824219e-01
7.433087825775146484e-01
7.431626319885253906e-01
7.409625053405761719e-01
8.513755798339843750e-01
7.421638965606689453e-01
7.466673851013183594e-01
7.443819046020507812e-01
7.685096263885498047e-01
7.925903797149658203e-01
7.366511821746826172e-01
8.095231056213378906e-01
7.397303581237792969e-01
7.399840354919433594e-01
7.385983467102050781e-01
7.378797531127929688e-01
7.363269329071044922e-01
7.390496730804443359e-01
7.452394962310791016e-01
7.462239265441894531e-01
7.433371543884277344e-01
7.428903579711914062e-01
7.930312156677246094e-01
7.907404899597167969e-01
7.436020374298095703e-01
7.445690631866455078e-01
7.864305973052978516e-01
7.546465396881103516e-01
7.404854297637939453e-01
7.380104064941406250e-01
7.372553348541259766e-01
7.401230335235595703e-01
7.409965991973876953e-01
7.389159202575683594e-01
7.397372722625732422e-01
7.418999671936035156e-01
7.410166263580322266e-01
7.399587631225585938e-01
7.414784431457519531e-01
7.418332099914550781e-01
7.429540157318115234e-01
7.398717403411865234e-01
7.385361194610595703e-01
7.391695976257324219e-01
7.396192550659179688e-01
7.428383827209472656e-01
7.421488761901855469e-01
7.400758266448974609e-01
7.422883510589599609e-01
7.392315864562988281e-01
7.418353557586669922e-01
7.409451007843017578e-01
7.404625415802001953e-01
7.417335510253906250e-01
7.412075996398925781e-01
7.457981109619140625e-01
7.445402145385742188e-01
7.383940219879150391e-01
7.427177429199218750e-01
7.439680099487304688e-01
7.683639526367187500e-01
7.451751232147216797e-01
7.413549423217773438e-01
7.396833896636962891e-01
7.427515983581542969e-01
7.430310249328613281e-01
7.398495674133300781e-01
7.400341033935546875e-01
7.394704818725585938e-01
7.432594299316406250e-01
7.412021160125732422e-01
7.417902946472167969e-01
7.420227527618408203e-01
7.419197559356689453e-01
7.410953044891357422e-01
7.459585666656494141e-01
7.405562400817871094e-01
7.402632236480712891e-01
7.407019138336181641e-01
7.439889907836914062e-01
7.430598735809326172e-01
7.436041831970214844e-01
7.437725067138671875e-01
7.442669868469238281e-01
7.445211410522460938e-01
