6.404349803924560547e-01
6.418883800506591797e-01
6.371295452117919922e-01
7.353782653808593750e-01
7.144322395324707031e-01
6.350643634796142578e-01
6.371614933013916016e-01
6.315968036651611328e-01
6.388473510742187500e-01
6.419351100921630859e-01
7.137737274169921875e-01
6.421532630920410156e-01
6.487324237823486328e-01
6.356763839721679688e-01
6.402800083160400391e-01
6.355981826782226562e-01
8.267333507537841797e-01
6.432647705078125000e-01
6.421875953674316406e-01
6.360194683074951172e-01
6.363630294799804688e-01
6.356260776519775391e-01
6.433453559875488281e-01
6.358373165130615234e-01
6.482703685760498047e-01
7.419197559356689453e-01
6.396827697753906250e-01
6.342689990997314453e-01
6.426529884338378906e-01
6.414821147918701172e-01
6.468923091888427734e-01
6.409196853637695312e-01
7.213513851165771484e-01
6.655924320220947266e-01
6.615586280822753906e-01
7.118194103240966797e-01
6.481907367706298828e-01
6.404135227203369141e-01
6.417427062988281250e-01
6.714160442352294922e-01
6.410970687866210938e-01
6.276891231536865234e-01
6.363251209259033203e-01
6.353340148925781250e-01
6.258072853088378906e-01
6.287367343902587891e-01
6.330740451812744141e-01
6.608715057373046875e-01
6.262912750244140625e-01
6.160364151000976562e-01
6.114053726196289062e-01
6.185779571533203125e-01
6.155939102172851562e-01
6.325535774230957031e-01
6.306228637695312500e-01
6.424186229705810547e-01
6.323695182800292969e-01
6.261746883392333984e-01
6.250584125518798828e-01
6.353669166564941406e-01
6.292893886566162109e-01
6.291012763977050781e-01
6.334946155548095703e-01
6.295809745788574219e-01
6.295325756072998047e-01
6.266658306121826172e-01
6.995410919189453125e-01
6.297342777252197266e-01
6.281683444976806641e-01
6.369771957397460938e-01
6.398682594299316406e-01
6.363742351531982422e-01
7.198662757873535156e-01
6.424155235290527344e-01
6.387710571289062500e-01
6.362311840057373047e-01
6.361598968505859375e-01
6.377611160278320312e-01
6.323301792144775391e-01
6.302423477172851562e-01
6.329045295715332031e-01
6.343307495117187500e-01
6.382150650024414062e-01
6.315207481384277344e-01
6.408655643463134766e-01
6.463711261749267578e-01
6.352281570434570312e-01
6.393861770629882812e-01
7.344343662261962891e-01
7.079808712005615234e-01
6.367166042327880859e-01
6.319391727447509766e-01
7.397696971893310547e-01
6.367869377136230469e-01
6.423888206481933594e-01
7.271890640258789062e-01
6.386094093322753906e-01
6.427755355834960938e-01
6.489648818969726562e-01
6.459815502166748047e-01
6.532804965972900391e-01
7.162578105926513672e-01
6.414787769317626953e-01
6.419436931610107422e-01
7.055585384368896484e-01
6.424129009246826172e-01
6.458339691162109375e-01
7.187500000000000000e-01
6.463766098022460938e-01
6.413564682006835938e-01
6.411864757537841797e-01
6.386938095092773438e-01
7.170987129211425781e-01
7.167010307312011719e-01
6.433198451995849609e-01
6.414959430694580078e-01
6.471397876739501953e-01
6.552298069000244141e-01
6.440403461456298828e-01
6.442792415618896484e-01
6.445195674896240234e-01
6.491110324859619141e-01
6.466505527496337891e-01
6.398499011993408203e-01
6.453437805175781250e-01
7.172174453735351562e-01
6.330585479736328125e-01
6.339304447174072266e-01
6.365263462066650391e-01
6.343522071838378906e-01
7.092213630676269531e-01
6.353485584259033203e-01
6.381714344024658203e-01
6.391482353210449219e-01
6.400725841522216797e-01
6.460111141204833984e-01
8.661007881164550781e-01
6.417455673217773438e-01
7.189490795135498047e-01
6.421766281127929688e-01
7.048075199127197266e-01
6.416482925415039062e-01
6.552472114562988281e-01
6.344561576843261719e-01
6.368894577026367188e-01
6.344158649444580078e-01
6.382074356079101562e-01
6.352996826171875000e-01
6.561021804809570312e-01
6.786394119262695312e-01
6.375694274902343750e-01
6.782934665679931641e-01
6.330780982971191406e-01
7.263946533203125000e-01
7.230129241943359375e-01
6.363158226013183594e-01
6.370477676391601562e-01
6.372568607330322266e-01
6.351113319396972656e-01
6.369299888610839844e-01
6.379420757293701172e-01
6.360232830047607422e-01
6.332588195800781250e-01
6.366682052612304688e-01
6.800909042358398438e-01
7.116069793701171875e-01
6.335663795471191406e-01
6.397204399108886719e-01
7.095479965209960938e-01
6.361148357391357422e-01
6.354782581329345703e-01
6.357502937316894531e-01
6.350769996643066406e-01
7.668519020080566406e-01
6.415731906890869141e-01
6.416828632354736328e-01
7.109808921813964844e-01
6.734499931335449219e-01
8.335301876068115234e-01
6.399714946746826172e-01
6.347413063049316406e-01
6.399662494659423828e-01
7.219250202178955078e-01
8.325788974761962891e-01
6.427812576293945312e-01
6.368165016174316406e-01
6.345844268798828125e-01
6.383838653564453125e-01
7.430379390716552734e-01
6.433930397033691406e-01
6.815931797027587891e-01
6.385147571563720703e-01
6.366009712219238281e-01
6.361725330352783203e-01
6.638810634613037109e-01
6.446113586425781250e-01
6.369314193725585938e-01
6.360614299774169922e-01
6.370027065277099609e-01
6.406280994415283203e-01
