6.404287815093994141e-01
6.418893337249755859e-01
6.371445655822753906e-01
7.353785037994384766e-01
7.144439220428466797e-01
6.350700855255126953e-01
6.371631622314453125e-01
6.315844058990478516e-01
6.388614177703857422e-01
6.419301033020019531e-01
7.137575149536132812e-01
6.421668529510498047e-01
6.487421989440917969e-01
6.356668472290039062e-01
6.402847766876220703e-01
6.356158256530761719e-01
8.267340660095214844e-01
6.432759761810302734e-01
6.421849727630615234e-01
6.360225677490234375e-01
6.363465785980224609e-01
6.356270313262939453e-01
6.433508396148681641e-01
6.358337402343750000e-01
6.482801437377929688e-01
7.419209480285644531e-01
6.396770477294921875e-01
6.342499256134033203e-01
6.426627635955810547e-01
6.414949893951416016e-01
6.469106674194335938e-01
6.409194469451904297e-01
7.213628292083740234e-01
6.656026840209960938e-01
6.615533828735351562e-01
7.118229866027832031e-01
6.481895446777343750e-01
6.403958797454833984e-01
6.417503356933593750e-01
6.714332103729248047e-01
6.410889625549316406e-01
6.276807785034179688e-01
6.363394260406494141e-01
6.353418827056884766e-01
6.258039474487304688e-01
6.287384033203125000e-01
6.330609321594238281e-01
6.608688831329345703e-01
6.262853145599365234e-01
6.160268783569335938e-01
6.114008426666259766e-01
6.185619831085205078e-01
6.155889034271240234e-01
6.325562000274658203e-01
6.306252479553222656e-01
6.424291133880615234e-01
6.323618888854980469e-01
6.261725425720214844e-01
6.250436305999755859e-01
6.353731155395507812e-01
6.292798519134521484e-01
6.291015148162841797e-01
6.334898471832275391e-01
6.295754909515380859e-01
6.295330524444580078e-01
6.266577243804931641e-01
6.995534896850585938e-01
6.297366619110107422e-01
6.281516551971435547e-01
6.369605064392089844e-01
6.398880481719970703e-01
6.363689899444580078e-01
7.198481559753417969e-01
6.424095630645751953e-01
6.387734413146972656e-01
6.362183094024658203e-01
6.361420154571533203e-01
6.377658843994140625e-01
6.323199272155761719e-01
6.302227973937988281e-01
6.329073905944824219e-01
6.343355178833007812e-01
6.382014751434326172e-01
6.314964294433593750e-01
6.408746242523193359e-01
6.463613510131835938e-01
6.352095603942871094e-01
6.393928527832031250e-01
7.344405651092529297e-01
7.079789638519287109e-01
6.367053985595703125e-01
6.319370269775390625e-01
7.397787570953369141e-01
6.367802619934082031e-01
6.423974037170410156e-01
7.271745204925537109e-01
6.386196613311767578e-01
6.427426338195800781e-01
6.489706039428710938e-01
6.459908485412597656e-01
6.532824039459228516e-01
7.162744998931884766e-01
6.414928436279296875e-01
6.419451236724853516e-01
7.055511474609375000e-01
6.424252986907958984e-01
6.458246707916259766e-01
7.187609672546386719e-01
6.463818550109863281e-01
6.413674354553222656e-01
6.411583423614501953e-01
6.386601924896240234e-01
7.170805931091308594e-01
7.166867256164550781e-01
6.433241367340087891e-01
6.415102481842041016e-01
6.471271514892578125e-01
6.552340984344482422e-01
6.440551280975341797e-01
6.442892551422119141e-01
6.445324420928955078e-01
6.490974426269531250e-01
6.466684341430664062e-01
6.398565769195556641e-01
6.453373432159423828e-01
7.172331809997558594e-01
6.330535411834716797e-01
6.339328289031982422e-01
6.365101337432861328e-01
6.343638896942138672e-01
7.092211246490478516e-01
6.353440284729003906e-01
6.381542682647705078e-01
6.391539573669433594e-01
6.400790214538574219e-01
6.460115909576416016e-01
8.661103248596191406e-01
6.417536735534667969e-01
7.189557552337646484e-01
6.421682834625244141e-01
7.048172950744628906e-01
6.416580677032470703e-01
6.552250385284423828e-01
6.344501972198486328e-01
6.368916034698486328e-01
6.344010829925537109e-01
6.381926536560058594e-01
6.352975368499755859e-01
6.560740470886230469e-01
6.786270141601562500e-01
6.375710964202880859e-01
6.782817840576171875e-01
6.330690383911132812e-01
7.263839244842529297e-01
7.229955196380615234e-01
6.363129615783691406e-01
6.370301246643066406e-01
6.372501850128173828e-01
6.351103782653808594e-01
6.368935108184814453e-01
6.379361152648925781e-01
6.360263824462890625e-01
6.332573890686035156e-01
6.366522312164306641e-01
6.801335811614990234e-01
7.116127014160156250e-01
6.335556507110595703e-01
6.397075653076171875e-01
7.095370292663574219e-01
6.361169815063476562e-01
6.354470252990722656e-01
6.357583999633789062e-01
6.350851058959960938e-01
7.668349742889404297e-01
6.415660381317138672e-01
6.416862010955810547e-01
7.109825611114501953e-01
6.734342575073242188e-01
8.335173130035400391e-01
6.399660110473632812e-01
6.347060203552246094e-01
6.399469375610351562e-01
7.219126224517822266e-01
8.325824737548828125e-01
6.427705287933349609e-01
6.368045806884765625e-01
6.345851421356201172e-01
6.383807659149169922e-01
7.430148124694824219e-01
6.433959007263183594e-01
6.815707683563232422e-01
6.385059356689453125e-01
6.365993022918701172e-01
6.361706256866455078e-01
6.638557910919189453e-01
6.446123123168945312e-01
6.369395256042480469e-01
6.360478401184082031e-01
6.369912624359130859e-01
6.406173706054687500e-01
