2.579260587692260742e+00
7.484469413757324219e-01
7.507226467132568359e-01
7.519478797912597656e-01
7.495825290679931641e-01
7.481234073638916016e-01
7.482321262359619141e-01
7.490377426147460938e-01
7.481629848480224609e-01
7.481558322906494141e-01
7.503764629364013672e-01
7.508981227874755859e-01
7.524366378784179688e-01
7.475166320800781250e-01
7.477803230285644531e-01
7.490928173065185547e-01
7.497768402099609375e-01
7.533588409423828125e-01
7.534737586975097656e-01
7.524659633636474609e-01
7.564287185668945312e-01
7.540392875671386719e-01
7.533378601074218750e-01
7.543604373931884766e-01
7.543683052062988281e-01
7.533378601074218750e-01
7.469348907470703125e-01
7.491345405578613281e-01
7.534382343292236328e-01
7.536542415618896484e-01
7.549660205841064453e-01
7.541768550872802734e-01
7.538661956787109375e-01
7.556426525115966797e-01
7.534453868865966797e-01
7.546617984771728516e-01
7.546370029449462891e-01
7.545418739318847656e-01
7.561733722686767578e-01
7.554113864898681641e-01
7.586467266082763672e-01
7.570507526397705078e-01
7.555384635925292969e-01
7.545528411865234375e-01
7.571375370025634766e-01
7.586200237274169922e-01
7.561919689178466797e-01
7.592597007751464844e-01
7.619132995605468750e-01
7.572963237762451172e-01
7.604804039001464844e-01
7.611894607543945312e-01
7.593178749084472656e-01
7.620472908020019531e-01
7.581329345703125000e-01
7.588453292846679688e-01
7.591409683227539062e-01
7.591700553894042969e-01
7.594764232635498047e-01
7.588737010955810547e-01
7.590925693511962891e-01
7.591032981872558594e-01
7.620401382446289062e-01
7.598514556884765625e-01
7.606623172760009766e-01
7.622153759002685547e-01
7.605676651000976562e-01
7.630414962768554688e-01
7.586982250213623047e-01
7.660338878631591797e-01
7.591514587402343750e-01
7.608287334442138672e-01
7.651643753051757812e-01
7.611389160156250000e-01
7.617328166961669922e-01
7.610054016113281250e-01
7.630219459533691406e-01
7.624299526214599609e-01
7.661056518554687500e-01
7.656586170196533203e-01
7.631514072418212891e-01
7.668673992156982422e-01
7.621445655822753906e-01
7.635819911956787109e-01
7.624552249908447266e-01
7.626523971557617188e-01
7.619674205780029297e-01
7.636437416076660156e-01
7.635364532470703125e-01
7.678842544555664062e-01
7.702105045318603516e-01
7.661597728729248047e-01
7.850160598754882812e-01
7.703244686126708984e-01
7.613401412963867188e-01
7.610208988189697266e-01
7.660522460937500000e-01
7.622296810150146484e-01
7.634749412536621094e-01
7.692677974700927734e-01
7.719945907592773438e-01
7.707602977752685547e-01
7.697050571441650391e-01
7.697594165802001953e-01
7.692155838012695312e-01
7.666385173797607422e-01
7.686538696289062500e-01
7.680413722991943359e-01
7.661409378051757812e-01
7.702436447143554688e-01
7.691540718078613281e-01
7.681567668914794922e-01
7.658236026763916016e-01
7.695868015289306641e-01
7.657921314239501953e-01
7.721240520477294922e-01
7.704441547393798828e-01
7.711203098297119141e-01
7.731602191925048828e-01
7.703526020050048828e-01
7.715630531311035156e-01
7.715783119201660156e-01
7.704994678497314453e-01
7.715032100677490234e-01
7.719225883483886719e-01
7.709379196166992188e-01
7.696824073791503906e-01
7.643287181854248047e-01
7.654154300689697266e-01
7.654776573181152344e-01
7.665095329284667969e-01
7.657597064971923828e-01
7.683992385864257812e-01
7.688090801239013672e-01
7.725012302398681641e-01
7.704544067382812500e-01
7.720878124237060547e-01
7.716460227966308594e-01
7.714397907257080078e-01
7.734692096710205078e-01
7.717423439025878906e-01
7.737097740173339844e-01
7.685599327087402344e-01
7.654516696929931641e-01
7.638797760009765625e-01
7.669372558593750000e-01
7.670161724090576172e-01
7.701075077056884766e-01
7.673888206481933594e-01
7.659657001495361328e-01
7.697374820709228516e-01
7.666416168212890625e-01
7.672705650329589844e-01
7.659270763397216797e-01
7.650387287139892578e-01
7.666325569152832031e-01
7.680342197418212891e-01
7.662181854248046875e-01
7.664344310760498047e-01
7.701768875122070312e-01
7.681112289428710938e-01
7.682697772979736328e-01
7.686920166015625000e-01
7.687489986419677734e-01
7.697870731353759766e-01
7.669255733489990234e-01
7.648918628692626953e-01
7.674422264099121094e-01
7.654633522033691406e-01
7.698042392730712891e-01
7.728669643402099609e-01
7.710840702056884766e-01
7.681462764739990234e-01
7.693257331848144531e-01
7.730181217193603516e-01
7.739043235778808594e-01
7.707419395446777344e-01
7.686929702758789062e-01
7.682034969329833984e-01
7.697479724884033203e-01
7.708239555358886719e-01
7.703692913055419922e-01
7.675325870513916016e-01
7.698507308959960938e-01
7.720682621002197266e-01
7.728183269500732422e-01
7.710988521575927734e-01
7.701027393341064453e-01
7.702898979187011719e-01
7.698681354522705078e-01
7.727351188659667969e-01
7.674911022186279297e-01
7.684741020202636719e-01
7.673785686492919922e-01
7.684886455535888672e-01
7.724552154541015625e-01
7.692377567291259766e-01
7.733545303344726562e-01
7.709190845489501953e-01
7.718837261199951172e-01
