2.051203966140747070e+00
3.894512653350830078e-01
3.884212970733642578e-01
3.883826732635498047e-01
3.874967098236083984e-01
4.019017219543457031e-01
3.880159854888916016e-01
3.916659355163574219e-01
3.906326293945312500e-01
3.915123939514160156e-01
3.902335166931152344e-01
3.900353908538818359e-01
3.893208503723144531e-01
3.892130851745605469e-01
3.895454406738281250e-01
3.919475078582763672e-01
3.910229206085205078e-01
3.899023532867431641e-01
3.943736553192138672e-01
3.899123668670654297e-01
3.908176422119140625e-01
3.892581462860107422e-01
3.943011760711669922e-01
3.903596401214599609e-01
3.926753997802734375e-01
3.914496898651123047e-01
3.918299674987792969e-01
3.897626399993896484e-01
3.902611732482910156e-01
3.914561271667480469e-01
3.925893306732177734e-01
3.920125961303710938e-01
3.910362720489501953e-01
3.908753395080566406e-01
3.943383693695068359e-01
3.981540203094482422e-01
3.982324600219726562e-01
4.025409221649169922e-01
4.050400257110595703e-01
3.930382728576660156e-01
3.913142681121826172e-01
3.916261196136474609e-01
3.916780948638916016e-01
3.922326564788818359e-01
3.905379772186279297e-01
3.941981792449951172e-01
3.935697078704833984e-01
4.252421855926513672e-01
4.012439250946044922e-01
3.999609947204589844e-01
4.008283615112304688e-01
3.993396759033203125e-01
3.911719322204589844e-01
4.459991455078125000e-01
4.128270149230957031e-01
4.067931175231933594e-01
4.035112857818603516e-01
4.006874561309814453e-01
4.030554294586181641e-01
4.012868404388427734e-01
3.979918956756591797e-01
4.114832878112792969e-01
4.234073162078857422e-01
4.093267917633056641e-01
4.216189384460449219e-01
3.981382846832275391e-01
3.926403522491455078e-01
3.997189998626708984e-01
3.984098434448242188e-01
3.975682258605957031e-01
4.009492397308349609e-01
3.973393440246582031e-01
3.981394767761230469e-01
4.058973789215087891e-01
4.007294178009033203e-01
3.981125354766845703e-01
3.978900909423828125e-01
3.958089351654052734e-01
3.999056816101074219e-01
4.093799591064453125e-01
4.003932476043701172e-01
4.027965068817138672e-01
4.034748077392578125e-01
4.068248271942138672e-01
4.229187965393066406e-01
4.197306632995605469e-01
4.063005447387695312e-01
4.050500392913818359e-01
4.123005867004394531e-01
4.018468856811523438e-01
4.022910594940185547e-01
4.170029163360595703e-01
4.245436191558837891e-01
4.083085060119628906e-01
4.050683975219726562e-01
4.012467861175537109e-01
3.960752487182617188e-01
4.119677543640136719e-01
4.061262607574462891e-01
4.018745422363281250e-01
4.030644893646240234e-01
3.990271091461181641e-01
3.970251083374023438e-01
3.963983058929443359e-01
4.040293693542480469e-01
4.048295021057128906e-01
4.177091121673583984e-01
4.241240024566650391e-01
4.148092269897460938e-01
4.051868915557861328e-01
4.055595397949218750e-01
4.039354324340820312e-01
4.020791053771972656e-01
4.169127941131591797e-01
4.214394092559814453e-01
4.250955581665039062e-01
4.091556072235107422e-01
4.061973094940185547e-01
4.026913642883300781e-01
4.036736488342285156e-01
4.061014652252197266e-01
4.096755981445312500e-01
4.178009033203125000e-01
4.196355342864990234e-01
4.092588424682617188e-01
4.082677364349365234e-01
4.046332836151123047e-01
4.044191837310791016e-01
4.084472656250000000e-01
4.092059135437011719e-01
3.980703353881835938e-01
3.992233276367187500e-01
4.021954536437988281e-01
3.978145122528076172e-01
4.189803600311279297e-01
4.655089378356933594e-01
3.976047039031982422e-01
4.801268577575683594e-01
4.077200889587402344e-01
4.071316719055175781e-01
4.017374515533447266e-01
4.042098522186279297e-01
4.108676910400390625e-01
4.038779735565185547e-01
4.524998664855957031e-01
4.077455997467041016e-01
4.069328308105468750e-01
4.720818996429443359e-01
4.031414985656738281e-01
4.024941921234130859e-01
4.044919013977050781e-01
4.066691398620605469e-01
4.029631614685058594e-01
4.033956527709960938e-01
4.057884216308593750e-01
4.039475917816162109e-01
4.002857208251953125e-01
4.252917766571044922e-01
4.359941482543945312e-01
4.355256557464599609e-01
4.287543296813964844e-01
4.316956996917724609e-01
4.350802898406982422e-01
4.309320449829101562e-01
4.227137565612792969e-01
4.180741310119628906e-01
4.160552024841308594e-01
4.862496852874755859e-01
3.998863697052001953e-01
3.981859683990478516e-01
3.982577323913574219e-01
3.982217311859130859e-01
3.984599113464355469e-01
3.988728523254394531e-01
3.983986377716064453e-01
4.301199913024902344e-01
4.050812721252441406e-01
4.042983055114746094e-01
4.083316326141357422e-01
4.057686328887939453e-01
4.082741737365722656e-01
4.060995578765869141e-01
4.078996181488037109e-01
4.080452919006347656e-01
4.058926105499267578e-01
4.077625274658203125e-01
4.101438522338867188e-01
4.098587036132812500e-01
4.063336849212646484e-01
4.090495109558105469e-01
4.178774356842041016e-01
4.753828048706054688e-01
4.237103462219238281e-01
4.300770759582519531e-01
4.347479343414306641e-01
4.373800754547119141e-01
4.695034027099609375e-01
4.305884838104248047e-01
4.263775348663330078e-01
4.332194328308105469e-01
