9.963164329528808594e-01
9.795949459075927734e-01
1.373327493667602539e+00
1.061571836471557617e+00
9.990916252136230469e-01
9.921412467956542969e-01
9.774351119995117188e-01
9.905862808227539062e-01
1.067075490951538086e+00
9.881391525268554688e-01
1.102954864501953125e+00
9.963595867156982422e-01
1.004254341125488281e+00
9.834914207458496094e-01
9.749591350555419922e-01
1.005012273788452148e+00
9.976522922515869141e-01
1.474563598632812500e+00
9.898121356964111328e-01
9.926331043243408203e-01
1.013245344161987305e+00
9.847538471221923828e-01
9.945216178894042969e-01
1.056226491928100586e+00
9.793436527252197266e-01
1.284247875213623047e+00
9.964075088500976562e-01
9.938275814056396484e-01
9.907021522521972656e-01
9.843835830688476562e-01
9.844567775726318359e-01
9.889483451843261719e-01
9.890663623809814453e-01
1.055862426757812500e+00
9.422309398651123047e-01
9.470794200897216797e-01
9.813256263732910156e-01
9.669437408447265625e-01
9.763813018798828125e-01
9.975481033325195312e-01
1.077072381973266602e+00
9.964222908020019531e-01
1.067808866500854492e+00
1.004822492599487305e+00
9.870605468750000000e-01
9.837911128997802734e-01
9.919016361236572266e-01
9.659492969512939453e-01
1.219353437423706055e+00
9.942812919616699219e-01
9.914641380310058594e-01
9.700682163238525391e-01
1.063104867935180664e+00
9.771325588226318359e-01
9.979078769683837891e-01
1.127561330795288086e+00
9.917099475860595703e-01
9.967932701110839844e-01
9.971807003021240234e-01
9.824562072753906250e-01
9.885869026184082031e-01
1.235728263854980469e+00
1.019420385360717773e+00
1.235866785049438477e+00
1.039288282394409180e+00
9.982082843780517578e-01
9.950416088104248047e-01
9.479522705078125000e-01
9.463744163513183594e-01
9.516265392303466797e-01
9.522769451141357422e-01
1.495542764663696289e+00
9.628827571868896484e-01
9.665098190307617188e-01
9.627006053924560547e-01
9.539673328399658203e-01
9.967408180236816406e-01
9.843170642852783203e-01
1.108304977416992188e+00
9.677832126617431641e-01
9.910318851470947266e-01
9.804191589355468750e-01
1.007271766662597656e+00
9.782721996307373047e-01
9.391427040100097656e-01
9.823570251464843750e-01
1.530334711074829102e+00
9.357929229736328125e-01
9.877753257751464844e-01
9.476654529571533203e-01
9.447159767150878906e-01
9.293930530548095703e-01
1.017716169357299805e+00
1.272694587707519531e+00
9.399769306182861328e-01
1.008708477020263672e+00
1.002024173736572266e+00
9.718439579010009766e-01
9.429247379302978516e-01
9.574525356292724609e-01
9.878869056701660156e-01
1.304395914077758789e+00
9.955029487609863281e-01
1.005488157272338867e+00
9.872653484344482422e-01
9.806213378906250000e-01
1.002543449401855469e+00
9.987800121307373047e-01
1.212500095367431641e+00
9.940292835235595703e-01
1.004374742507934570e+00
1.008859634399414062e+00
9.857606887817382812e-01
1.002630710601806641e+00
9.907686710357666016e-01
9.372243881225585938e-01
1.347703218460083008e+00
9.373824596405029297e-01
1.104872226715087891e+00
9.519984722137451172e-01
9.481344223022460938e-01
9.580318927764892578e-01
9.605889320373535156e-01
1.048665285110473633e+00
1.270562410354614258e+00
9.428896903991699219e-01
1.008114337921142578e+00
1.180902957916259766e+00
1.089096546173095703e+00
9.809648990631103516e-01
9.923524856567382812e-01
9.815838336944580078e-01
1.355594396591186523e+00
1.056602954864501953e+00
9.790170192718505859e-01
9.716722965240478516e-01
1.018217563629150391e+00
9.613380432128906250e-01
9.778616428375244141e-01
9.554903507232666016e-01
1.557800531387329102e+00
9.538366794586181641e-01
9.899816513061523438e-01
1.050677061080932617e+00
1.033505439758300781e+00
9.875121116638183594e-01
9.874367713928222656e-01
9.544312953948974609e-01
1.025270700454711914e+00
9.676530361175537109e-01
9.858067035675048828e-01
9.563419818878173828e-01
9.766719341278076172e-01
9.796171188354492188e-01
9.878711700439453125e-01
9.550700187683105469e-01
9.724659919738769531e-01
9.362530708312988281e-01
1.025567531585693359e+00
1.015196084976196289e+00
9.337062835693359375e-01
9.313833713531494141e-01
9.541687965393066406e-01
9.671819210052490234e-01
1.184739589691162109e+00
1.277611732482910156e+00
1.286806821823120117e+00
1.424915075302124023e+00
1.711307764053344727e+00
1.776909589767456055e+00
1.749133586883544922e+00
1.765404939651489258e+00
1.814871072769165039e+00
1.773426055908203125e+00
1.842898607254028320e+00
1.698110818862915039e+00
1.652801990509033203e+00
1.469716787338256836e+00
1.410073518753051758e+00
1.088102340698242188e+00
9.410371780395507812e-01
9.518775939941406250e-01
9.458742141723632812e-01
9.366598129272460938e-01
1.018017768859863281e+00
1.033144950866699219e+00
9.472050666809082031e-01
9.422981739044189453e-01
9.350082874298095703e-01
9.500687122344970703e-01
9.404401779174804688e-01
9.771366119384765625e-01
9.631040096282958984e-01
9.717411994934082031e-01
9.570338726043701172e-01
9.755787849426269531e-01
9.661433696746826172e-01
9.522776603698730469e-01
9.777262210845947266e-01
9.583237171173095703e-01
