9.963269233703613281e-01
9.796028137207031250e-01
1.373361587524414062e+00
1.061564445495605469e+00
9.990956783294677734e-01
9.921512603759765625e-01
9.774432182312011719e-01
9.905669689178466797e-01
1.067072629928588867e+00
9.881470203399658203e-01
1.102964162826538086e+00
9.963638782501220703e-01
1.004259824752807617e+00
9.835085868835449219e-01
9.749484062194824219e-01
1.005020856857299805e+00
9.976694583892822266e-01
1.474559307098388672e+00
9.898161888122558594e-01
9.926345348358154297e-01
1.013249874114990234e+00
9.847807884216308594e-01
9.945259094238281250e-01
1.056233167648315430e+00
9.793524742126464844e-01
1.284279584884643555e+00
9.964129924774169922e-01
9.938271045684814453e-01
9.907100200653076172e-01
9.843966960906982422e-01
9.844648838043212891e-01
9.889550209045410156e-01
9.890675544738769531e-01
1.055860996246337891e+00
9.422309398651123047e-01
9.470798969268798828e-01
9.813246726989746094e-01
9.669435024261474609e-01
9.763724803924560547e-01
9.975543022155761719e-01
1.077075004577636719e+00
9.964368343353271484e-01
1.067819356918334961e+00
1.004837274551391602e+00
9.870717525482177734e-01
9.837939739227294922e-01
9.918971061706542969e-01
9.659473896026611328e-01
1.219341516494750977e+00
9.943027496337890625e-01
9.914605617523193359e-01
9.700775146484375000e-01
1.063105344772338867e+00
9.771046638488769531e-01
9.978985786437988281e-01
1.127578973770141602e+00
9.917061328887939453e-01
9.967875480651855469e-01
9.971764087677001953e-01
9.824523925781250000e-01
9.886023998260498047e-01
1.235744953155517578e+00
1.019428014755249023e+00
1.235852956771850586e+00
1.039287090301513672e+00
9.982178211212158203e-01
9.950470924377441406e-01
9.479439258575439453e-01
9.463596343994140625e-01
9.516134262084960938e-01
9.522697925567626953e-01
1.495532512664794922e+00
9.628875255584716797e-01
9.665117263793945312e-01
9.626970291137695312e-01
9.539670944213867188e-01
9.967427253723144531e-01
9.843225479125976562e-01
1.108309745788574219e+00
9.677922725677490234e-01
9.910447597503662109e-01
9.804267883300781250e-01
1.007266998291015625e+00
9.782688617706298828e-01
9.391295909881591797e-01
9.823453426361083984e-01
1.530331611633300781e+00
9.357714653015136719e-01
9.877724647521972656e-01
9.476730823516845703e-01
9.447312355041503906e-01
9.293956756591796875e-01
1.017722606658935547e+00
1.272697210311889648e+00
9.399874210357666016e-01
1.008718013763427734e+00
1.002029180526733398e+00
9.718556404113769531e-01
9.429235458374023438e-01
9.574506282806396484e-01
9.878857135772705078e-01
1.304395914077758789e+00
9.955091476440429688e-01
1.005479097366333008e+00
9.872624874114990234e-01
9.806246757507324219e-01
1.002552509307861328e+00
9.987704753875732422e-01
1.212486982345581055e+00
9.940230846405029297e-01
1.004381656646728516e+00
1.008865594863891602e+00
9.857699871063232422e-01
9.901931285858154297e-01
9.907636642456054688e-01
9.372093677520751953e-01
1.347692966461181641e+00
9.373695850372314453e-01
1.104873895645141602e+00
9.519820213317871094e-01
9.481294155120849609e-01
9.580283164978027344e-01
9.605765342712402344e-01
1.048659801483154297e+00
1.270534992218017578e+00
9.428677558898925781e-01
1.008106946945190430e+00
1.180884361267089844e+00
1.089084148406982422e+00
9.809563159942626953e-01
9.923520088195800781e-01
9.815814495086669922e-01
1.355579614639282227e+00
1.056586742401123047e+00
9.790265560150146484e-01
9.716792106628417969e-01
1.016454935073852539e+00
9.613401889801025391e-01
9.778602123260498047e-01
9.554800987243652344e-01
1.557782411575317383e+00
9.538247585296630859e-01
9.899821281433105469e-01
1.050683259963989258e+00
1.033499717712402344e+00
9.875078201293945312e-01
9.874365329742431641e-01
9.544486999511718750e-01
1.025267601013183594e+00
9.676547050476074219e-01
9.858062267303466797e-01
9.563300609588623047e-01
9.766805171966552734e-01
9.796006679534912109e-01
9.878728389739990234e-01
9.550647735595703125e-01
9.724807739257812500e-01
9.362697601318359375e-01
1.025581121444702148e+00
1.015192985534667969e+00
9.337153434753417969e-01
9.314007759094238281e-01
9.541773796081542969e-01
9.671881198883056641e-01
1.184724569320678711e+00
1.277617931365966797e+00
1.286785602569580078e+00
1.424912929534912109e+00
1.711299419403076172e+00
1.776921033859252930e+00
1.749133110046386719e+00
1.765402317047119141e+00
1.814878702163696289e+00
1.773413181304931641e+00
1.842873811721801758e+00
1.698103666305541992e+00
1.652789592742919922e+00
1.469744205474853516e+00
1.410088539123535156e+00
1.088102817535400391e+00
9.410309791564941406e-01
9.518849849700927734e-01
9.458851814270019531e-01
9.366619586944580078e-01
1.018014669418334961e+00
1.033159732818603516e+00
9.472141265869140625e-01
9.422979354858398438e-01
9.350039958953857422e-01
9.500625133514404297e-01
9.404246807098388672e-01
9.771304130554199219e-01
9.631109237670898438e-01
9.717352390289306641e-01
9.570207595825195312e-01
9.755718708038330078e-01
9.661357402801513672e-01
9.522607326507568359e-01
9.777359962463378906e-01
9.583160877227783203e-01
