9.963150024414062500e-01
9.795937538146972656e-01
1.373327255249023438e+00
1.061569690704345703e+00
9.990923404693603516e-01
9.921393394470214844e-01
9.774363040924072266e-01
9.905734062194824219e-01
1.067075729370117188e+00
9.881362915039062500e-01
1.102952003479003906e+00
9.963586330413818359e-01
1.004254579544067383e+00
9.835000038146972656e-01
9.749600887298583984e-01
1.005012512207031250e+00
9.976530075073242188e-01
1.474553585052490234e+00
9.898087978363037109e-01
9.926319122314453125e-01
1.013242483139038086e+00
9.847567081451416016e-01
9.945228099822998047e-01
1.056225299835205078e+00
9.793436527252197266e-01
1.284247636795043945e+00
9.964072704315185547e-01
9.938240051269531250e-01
9.907000064849853516e-01
9.843840599060058594e-01
9.844586849212646484e-01
9.889464378356933594e-01
9.890694618225097656e-01
1.055857181549072266e+00
9.422318935394287109e-01
9.470796585083007812e-01
9.813230037689208984e-01
9.669418334960937500e-01
9.763803482055664062e-01
9.975473880767822266e-01
1.077083110809326172e+00
9.964244365692138672e-01
1.067805290222167969e+00
1.004825115203857422e+00
9.870586395263671875e-01
9.837887287139892578e-01
9.919002056121826172e-01
9.659476280212402344e-01
1.219346523284912109e+00
9.942812919616699219e-01
9.914634227752685547e-01
9.700632095336914062e-01
1.063103199005126953e+00
9.771325588226318359e-01
9.979090690612792969e-01
1.127576351165771484e+00
9.917094707489013672e-01
9.967935085296630859e-01
9.971799850463867188e-01
9.824564456939697266e-01
9.885876178741455078e-01
1.235728502273559570e+00
1.019412279129028320e+00
1.235865831375122070e+00
1.039288282394409180e+00
9.982066154479980469e-01
9.950404167175292969e-01
9.479513168334960938e-01
9.463732242584228516e-01
9.516265392303466797e-01
9.522767066955566406e-01
1.495535135269165039e+00
9.629023075103759766e-01
9.665093421936035156e-01
9.626986980438232422e-01
9.539649486541748047e-01
9.967391490936279297e-01
9.843142032623291016e-01
1.108316898345947266e+00
9.677793979644775391e-01
9.910249710083007812e-01
9.804151058197021484e-01
1.007268667221069336e+00
9.782731533050537109e-01
9.391417503356933594e-01
9.823539257049560547e-01
1.530333280563354492e+00
9.357869625091552734e-01
9.877734184265136719e-01
9.476621150970458984e-01
9.447119235992431641e-01
9.293916225433349609e-01
1.017717599868774414e+00
1.272699832916259766e+00
9.399745464324951172e-01
1.008711338043212891e+00
1.002020835876464844e+00
9.718494415283203125e-01
9.429242610931396484e-01
9.574518203735351562e-01
9.878864288330078125e-01
1.304387331008911133e+00
9.955017566680908203e-01
1.005487918853759766e+00
9.872632026672363281e-01
9.806175231933593750e-01
1.002542257308959961e+00
9.987821578979492188e-01
1.212512969970703125e+00
9.940290451049804688e-01
1.004374265670776367e+00
1.008860826492309570e+00
9.857594966888427734e-01
1.002631664276123047e+00
9.907689094543457031e-01
9.372227191925048828e-01
1.347702741622924805e+00
9.373812675476074219e-01
1.104867696762084961e+00
9.519953727722167969e-01
9.481325149536132812e-01
9.580307006835937500e-01
9.605882167816162109e-01
1.048664331436157227e+00
1.270559310913085938e+00
9.428877830505371094e-01
1.008114576339721680e+00
1.176459550857543945e+00
1.089094161987304688e+00
9.809646606445312500e-01
9.923532009124755859e-01
9.815843105316162109e-01
1.355594158172607422e+00
1.056601762771606445e+00
9.790148735046386719e-01
9.716720581054687500e-01
1.018217563629150391e+00
9.613389968872070312e-01
9.778604507446289062e-01
9.554905891418457031e-01
1.557799816131591797e+00
9.538340568542480469e-01
9.899795055389404297e-01
1.050675630569458008e+00
1.033508062362670898e+00
9.875147342681884766e-01
9.874250888824462891e-01
9.544327259063720703e-01
1.025270700454711914e+00
9.676480293273925781e-01
9.858155250549316406e-01
9.563469886779785156e-01
9.766697883605957031e-01
9.796166419982910156e-01
9.878699779510498047e-01
9.550697803497314453e-01
9.724640846252441406e-01
9.362528324127197266e-01
1.025568485260009766e+00
1.015194416046142578e+00
9.337060451507568359e-01
9.313821792602539062e-01
9.541635513305664062e-01
9.671797752380371094e-01
1.184734344482421875e+00
1.277610301971435547e+00
1.286804914474487305e+00
1.424911260604858398e+00
1.711306810379028320e+00
1.776907444000244141e+00
1.749132156372070312e+00
1.765404701232910156e+00
1.814868450164794922e+00
1.773424863815307617e+00
1.842895746231079102e+00
1.698110342025756836e+00
1.652801513671875000e+00
1.469720125198364258e+00
1.410073518753051758e+00
1.088109493255615234e+00
9.410374164581298828e-01
9.518778324127197266e-01
9.458751678466796875e-01
9.366612434387207031e-01
1.018015861511230469e+00
1.033149719238281250e+00
9.472031593322753906e-01
9.423091411590576172e-01
9.350104331970214844e-01
9.500541687011718750e-01
9.404439926147460938e-01
9.772810935974121094e-01
9.631054401397705078e-01
9.717457294464111328e-01
9.570372104644775391e-01
9.755659103393554688e-01
9.661455154418945312e-01
9.522802829742431641e-01
9.777243137359619141e-01
9.583327770233154297e-01
