2.179664850234985352e+00
3.987724781036376953e-01
3.978974819183349609e-01
3.970100879669189453e-01
3.966367244720458984e-01
3.984646797180175781e-01
3.968913555145263672e-01
4.014945030212402344e-01
3.992807865142822266e-01
4.008855819702148438e-01
3.985886573791503906e-01
3.988161087036132812e-01
3.990151882171630859e-01
4.002947807312011719e-01
4.001564979553222656e-01
4.012241363525390625e-01
4.008984565734863281e-01
4.018888473510742188e-01
4.013667106628417969e-01
4.006330966949462891e-01
3.998796939849853516e-01
3.999636173248291016e-01
4.022862911224365234e-01
4.018669128417968750e-01
4.029390811920166016e-01
4.017825126647949219e-01
4.016909599304199219e-01
4.004831314086914062e-01
4.008917808532714844e-01
4.022746086120605469e-01
4.014334678649902344e-01
4.020342826843261719e-01
4.020140171051025391e-01
4.013955593109130859e-01
4.017832279205322266e-01
4.008674621582031250e-01
4.003701210021972656e-01
4.021968841552734375e-01
4.241273403167724609e-01
4.036576747894287109e-01
4.027149677276611328e-01
4.007160663604736328e-01
4.017269611358642578e-01
4.025845527648925781e-01
4.021439552307128906e-01
4.045622348785400391e-01
4.024133682250976562e-01
4.042332172393798828e-01
4.026937484741210938e-01
4.176986217498779297e-01
4.152550697326660156e-01
4.214713573455810547e-01
4.158251285552978516e-01
4.264953136444091797e-01
4.284064769744873047e-01
4.204578399658203125e-01
4.167866706848144531e-01
4.147162437438964844e-01
4.161286354064941406e-01
4.162204265594482422e-01
4.146347045898437500e-01
4.270186424255371094e-01
4.319663047790527344e-01
4.073960781097412109e-01
4.058632850646972656e-01
4.065186977386474609e-01
4.029412269592285156e-01
4.246358871459960938e-01
4.169328212738037109e-01
4.335157871246337891e-01
4.273755550384521484e-01
4.152343273162841797e-01
4.151642322540283203e-01
4.149858951568603516e-01
4.183552265167236328e-01
4.170701503753662109e-01
4.328675270080566406e-01
4.076976776123046875e-01
4.064192771911621094e-01
4.376542568206787109e-01
4.154279232025146484e-01
4.163506031036376953e-01
4.142799377441406250e-01
4.045538902282714844e-01
4.050946235656738281e-01
4.065184593200683594e-01
4.050228595733642578e-01
4.043788909912109375e-01
4.048786163330078125e-01
4.053523540496826172e-01
4.054589271545410156e-01
4.065847396850585938e-01
4.070911407470703125e-01
4.072132110595703125e-01
4.053158760070800781e-01
4.138948917388916016e-01
4.051585197448730469e-01
4.075262546539306641e-01
4.418129920959472656e-01
4.278810024261474609e-01
4.336161613464355469e-01
4.079089164733886719e-01
4.063034057617187500e-01
4.060459136962890625e-01
4.073271751403808594e-01
4.065699577331542969e-01
4.085824489593505859e-01
4.093809127807617188e-01
4.071426391601562500e-01
4.080898761749267578e-01
4.065024852752685547e-01
4.070377349853515625e-01
4.054176807403564453e-01
4.072329998016357422e-01
4.078912734985351562e-01
4.089336395263671875e-01
4.086861610412597656e-01
4.077346324920654297e-01
4.073159694671630859e-01
4.071178436279296875e-01
4.052116870880126953e-01
4.083704948425292969e-01
4.073324203491210938e-01
4.117934703826904297e-01
4.073560237884521484e-01
4.077918529510498047e-01
4.132568836212158203e-01
4.069342613220214844e-01
4.180614948272705078e-01
4.087595939636230469e-01
4.109268188476562500e-01
4.102306365966796875e-01
4.100704193115234375e-01
4.134759902954101562e-01
4.352595806121826172e-01
4.182932376861572266e-01
4.208910465240478516e-01
4.204621315002441406e-01
4.345796108245849609e-01
4.351172447204589844e-01
4.183268547058105469e-01
4.191467761993408203e-01
4.098181724548339844e-01
4.112734794616699219e-01
4.144530296325683594e-01
4.093422889709472656e-01
4.107103347778320312e-01
4.471087455749511719e-01
4.198555946350097656e-01
4.310839176177978516e-01
4.317154884338378906e-01
4.401783943176269531e-01
4.461474418640136719e-01
4.475946426391601562e-01
4.453887939453125000e-01
4.445436000823974609e-01
4.396638870239257812e-01
4.253907203674316406e-01
4.116916656494140625e-01
4.132087230682373047e-01
4.101190567016601562e-01
4.098403453826904297e-01
4.117496013641357422e-01
4.097917079925537109e-01
4.102764129638671875e-01
4.092302322387695312e-01
4.153847694396972656e-01
4.605915546417236328e-01
4.193105697631835938e-01
4.203102588653564453e-01
4.197700023651123047e-01
4.351160526275634766e-01
4.181544780731201172e-01
4.191257953643798828e-01
4.227221012115478516e-01
4.256002902984619141e-01
4.167804718017578125e-01
4.186267852783203125e-01
4.211843013763427734e-01
4.218039512634277344e-01
4.207286834716796875e-01
4.171240329742431641e-01
4.182193279266357422e-01
4.188828468322753906e-01
4.197635650634765625e-01
4.208536148071289062e-01
4.224040508270263672e-01
4.223101139068603516e-01
4.218204021453857422e-01
4.223194122314453125e-01
4.305899143218994141e-01
4.422321319580078125e-01
4.392354488372802734e-01
4.444591999053955078e-01
4.499418735504150391e-01
4.489867687225341797e-01
4.561722278594970703e-01
4.447684288024902344e-01
4.417269229888916016e-01
4.462962150573730469e-01
