9.963221549987792969e-01
9.795954227447509766e-01
1.373362541198730469e+00
1.061577081680297852e+00
9.991002082824707031e-01
9.921472072601318359e-01
9.774415493011474609e-01
9.905636310577392578e-01
1.067079305648803711e+00
9.881396293640136719e-01
1.102952003479003906e+00
9.963626861572265625e-01
1.004255533218383789e+00
9.835042953491210938e-01
9.749569892883300781e-01
1.005015611648559570e+00
9.976565837860107422e-01
1.474560022354125977e+00
9.898152351379394531e-01
9.926354885101318359e-01
1.013249874114990234e+00
9.847519397735595703e-01
9.945235252380371094e-01
1.056229829788208008e+00
9.793462753295898438e-01
1.284248352050781250e+00
9.964129924774169922e-01
9.938271045684814453e-01
9.907059669494628906e-01
9.843802452087402344e-01
9.844646453857421875e-01
9.889485836029052734e-01
9.890682697296142578e-01
1.055853605270385742e+00
9.422366619110107422e-01
9.470808506011962891e-01
9.813246726989746094e-01
9.669432640075683594e-01
9.763829708099365234e-01
9.975507259368896484e-01
1.077085018157958984e+00
9.964292049407958984e-01
1.067808866500854492e+00
1.004832744598388672e+00
9.870629310607910156e-01
9.837911128997802734e-01
9.918999671936035156e-01
9.659502506256103516e-01
1.219347715377807617e+00
9.942853450775146484e-01
9.914641380310058594e-01
9.700722694396972656e-01
1.063105821609497070e+00
9.771301746368408203e-01
9.979116916656494141e-01
1.127587556838989258e+00
9.917099475860595703e-01
9.967949390411376953e-01
9.971821308135986328e-01
9.824609756469726562e-01
9.885923862457275391e-01
1.235729694366455078e+00
1.019418954849243164e+00
1.235864162445068359e+00
1.039284706115722656e+00
9.982135295867919922e-01
9.950418472290039062e-01
9.479610919952392578e-01
9.463734626770019531e-01
9.516234397888183594e-01
9.522745609283447266e-01
1.495538234710693359e+00
9.629118442535400391e-01
9.665150642395019531e-01
9.627003669738769531e-01
9.539682865142822266e-01
9.967460632324218750e-01
9.843192100524902344e-01
1.108318567276000977e+00
9.677879810333251953e-01
9.910287857055664062e-01
9.804170131683349609e-01
1.007279396057128906e+00
9.782717227935791016e-01
9.391341209411621094e-01
9.823632240295410156e-01
1.530331611633300781e+00
9.357950687408447266e-01
9.877846240997314453e-01
9.476659297943115234e-01
9.447157382965087891e-01
9.293906688690185547e-01
1.017719984054565430e+00
1.272704601287841797e+00
9.399795532226562500e-01
1.008720159530639648e+00
1.002029418945312500e+00
9.718577861785888672e-01
9.429304599761962891e-01
9.574620723724365234e-01
9.878933429718017578e-01
1.304403305053710938e+00
9.955089092254638672e-01
1.005491495132446289e+00
9.872686862945556641e-01
9.806251525878906250e-01
1.002547264099121094e+00
9.987840652465820312e-01
1.212517261505126953e+00
9.940335750579833984e-01
1.004381418228149414e+00
1.008865356445312500e+00
9.857642650604248047e-01
1.002632379531860352e+00
9.907720088958740234e-01
9.372260570526123047e-01
1.347693681716918945e+00
9.373857975006103516e-01
1.104870557785034180e+00
9.519906044006347656e-01
9.481339454650878906e-01
9.580323696136474609e-01
9.605848789215087891e-01
1.048668861389160156e+00
1.270556688308715820e+00
9.428875446319580078e-01
1.008111476898193359e+00
1.180896997451782227e+00
1.089096546173095703e+00
9.809653759002685547e-01
9.923493862152099609e-01
9.815762042999267578e-01
1.355580806732177734e+00
1.056601047515869141e+00
9.790174961090087891e-01
9.716615676879882812e-01
1.018220663070678711e+00
9.613370895385742188e-01
9.778635501861572266e-01
9.554781913757324219e-01
1.557774305343627930e+00
9.538321495056152344e-01
9.899821281433105469e-01
1.050668954849243164e+00
1.025408506393432617e+00
9.875156879425048828e-01
9.874467849731445312e-01
9.544341564178466797e-01
1.025273561477661133e+00
9.676561355590820312e-01
9.858126640319824219e-01
9.563462734222412109e-01
9.766740798950195312e-01
9.796211719512939453e-01
9.878740310668945312e-01
9.550693035125732422e-01
9.724762439727783203e-01
9.362630844116210938e-01
1.025573968887329102e+00
1.015194654464721680e+00
9.337096214294433594e-01
9.314689636230468750e-01
9.541656970977783203e-01
9.671769142150878906e-01
1.184696674346923828e+00
1.277612209320068359e+00
1.286795139312744141e+00
1.424903631210327148e+00
1.711323499679565430e+00
1.776908397674560547e+00
1.749134540557861328e+00
1.765409231185913086e+00
1.814859151840209961e+00
1.773413658142089844e+00
1.842922925949096680e+00
1.698077440261840820e+00
1.652801513671875000e+00
1.469741821289062500e+00
1.410095930099487305e+00
1.088107347488403320e+00
9.410405158996582031e-01
9.518826007843017578e-01
9.458756446838378906e-01
9.366569519042968750e-01
1.018015146255493164e+00
1.033154726028442383e+00
9.472103118896484375e-01
9.422974586486816406e-01
9.350078105926513672e-01
9.500598907470703125e-01
9.404346942901611328e-01
9.771342277526855469e-01
9.631125926971435547e-01
9.717414379119873047e-01
9.570357799530029297e-01
9.755749702453613281e-01
9.661464691162109375e-01
9.522829055786132812e-01
9.777302742004394531e-01
9.583296775817871094e-01
