2.110473632812500000e+00
4.211204051971435547e-01
4.086172580718994141e-01
4.108755588531494141e-01
4.066455364227294922e-01
4.091687202453613281e-01
4.096879959106445312e-01
4.315850734710693359e-01
4.229824542999267578e-01
4.171445369720458984e-01
4.143989086151123047e-01
4.119601249694824219e-01
4.114546775817871094e-01
4.126567840576171875e-01
4.218294620513916016e-01
4.242832660675048828e-01
4.248549938201904297e-01
4.160361289978027344e-01
4.142537117004394531e-01
4.128062725067138672e-01
4.152126312255859375e-01
4.109129905700683594e-01
4.233613014221191406e-01
4.186239242553710938e-01
4.294979572296142578e-01
4.160013198852539062e-01
4.116456508636474609e-01
4.108521938323974609e-01
4.138572216033935547e-01
4.171314239501953125e-01
4.296410083770751953e-01
4.200215339660644531e-01
4.194941520690917969e-01
4.172365665435791016e-01
4.153563976287841797e-01
4.172475337982177734e-01
4.179294109344482422e-01
4.213964939117431641e-01
4.243257045745849609e-01
4.287252426147460938e-01
4.212532043457031250e-01
4.172606468200683594e-01
4.143931865692138672e-01
4.147775173187255859e-01
4.147224426269531250e-01
4.237513542175292969e-01
4.304201602935791016e-01
4.100670814514160156e-01
3.960618972778320312e-01
4.152746200561523438e-01
4.113593101501464844e-01
4.124345779418945312e-01
4.123959541320800781e-01
4.122717380523681641e-01
4.125711917877197266e-01
4.122824668884277344e-01
4.118750095367431641e-01
4.118573665618896484e-01
4.111666679382324219e-01
4.124236106872558594e-01
4.108595848083496094e-01
4.131417274475097656e-01
4.180521965026855469e-01
4.303066730499267578e-01
4.191300868988037109e-01
4.215767383575439453e-01
4.172208309173583984e-01
4.133512973785400391e-01
4.054265022277832031e-01
4.209735393524169922e-01
4.161872863769531250e-01
4.072670936584472656e-01
4.046013355255126953e-01
4.038412570953369141e-01
4.063849449157714844e-01
4.063329696655273438e-01
4.272174835205078125e-01
4.267117977142333984e-01
4.318256378173828125e-01
4.088735580444335938e-01
4.053733348846435547e-01
4.079809188842773438e-01
4.052717685699462891e-01
4.226031303405761719e-01
4.389698505401611328e-01
4.342119693756103516e-01
4.192879199981689453e-01
4.213409423828125000e-01
4.224994182586669922e-01
4.226171970367431641e-01
4.195156097412109375e-01
4.401421546936035156e-01
4.452939033508300781e-01
4.298727512359619141e-01
4.239315986633300781e-01
4.215631484985351562e-01
4.201474189758300781e-01
4.196887016296386719e-01
4.467010498046875000e-01
4.199047088623046875e-01
4.252386093139648438e-01
4.224419593811035156e-01
4.196572303771972656e-01
4.233059883117675781e-01
4.259626865386962891e-01
4.283318519592285156e-01
4.391701221466064453e-01
4.480576515197753906e-01
4.335420131683349609e-01
4.271996021270751953e-01
4.267878532409667969e-01
4.263677597045898438e-01
4.263315200805664062e-01
4.399445056915283203e-01
4.465358257293701172e-01
4.435606002807617188e-01
4.210729598999023438e-01
4.206569194793701172e-01
4.222469329833984375e-01
4.248147010803222656e-01
3.986957073211669922e-01
3.997521400451660156e-01
4.075672626495361328e-01
4.165799617767333984e-01
3.986515998840332031e-01
4.116117954254150391e-01
4.246878623962402344e-01
4.317898750305175781e-01
4.405603408813476562e-01
4.313139915466308594e-01
4.402439594268798828e-01
4.368882179260253906e-01
4.252896308898925781e-01
4.240105152130126953e-01
4.309988021850585938e-01
4.242901802062988281e-01
4.196739196777343750e-01
4.263522624969482422e-01
4.307119846343994141e-01
4.312736988067626953e-01
4.147224426269531250e-01
4.110629558563232422e-01
4.300260543823242188e-01
4.261388778686523438e-01
4.814987182617187500e-01
4.297897815704345703e-01
4.273803234100341797e-01
4.109818935394287109e-01
4.086596965789794922e-01
4.202713966369628906e-01
4.227211475372314453e-01
4.334471225738525391e-01
4.363272190093994141e-01
4.386515617370605469e-01
4.368500709533691406e-01
4.363718032836914062e-01
4.285171031951904297e-01
4.448401927947998047e-01
4.543480873107910156e-01
4.549024105072021484e-01
4.489028453826904297e-01
4.546127319335937500e-01
4.578056335449218750e-01
4.511384963989257812e-01
4.445757865905761719e-01
4.423291683197021484e-01
4.347648620605468750e-01
4.263570308685302734e-01
4.242742061614990234e-01
4.198887348175048828e-01
4.204981327056884766e-01
4.200799465179443359e-01
4.193017482757568359e-01
4.202573299407958984e-01
4.208669662475585938e-01
4.159698486328125000e-01
4.160966873168945312e-01
4.178249835968017578e-01
4.149296283721923828e-01
4.159169197082519531e-01
4.171674251556396484e-01
4.178392887115478516e-01
4.163184165954589844e-01
4.147648811340332031e-01
4.166698455810546875e-01
4.175159931182861328e-01
4.146094322204589844e-01
4.144918918609619141e-01
4.131913185119628906e-01
4.153859615325927734e-01
4.169850349426269531e-01
4.315690994262695312e-01
4.486331939697265625e-01
4.330871105194091797e-01
4.420506954193115234e-01
4.403214454650878906e-01
4.425508975982666016e-01
4.328355789184570312e-01
4.291884899139404297e-01
4.328348636627197266e-01
