2.095395088195800781e+00
3.232569694519042969e-01
3.212201595306396484e-01
3.187112808227539062e-01
3.195333480834960938e-01
3.196237087249755859e-01
3.227035999298095703e-01
3.201575279235839844e-01
3.219094276428222656e-01
3.253934383392333984e-01
3.219528198242187500e-01
3.229246139526367188e-01
3.240280151367187500e-01
3.222296237945556641e-01
3.437321186065673828e-01
3.213479518890380859e-01
3.205664157867431641e-01
3.897438049316406250e-01
3.298356533050537109e-01
3.249311447143554688e-01
3.263256549835205078e-01
3.273990154266357422e-01
3.264298439025878906e-01
3.347883224487304688e-01
3.264403343200683594e-01
3.260262012481689453e-01
3.261873722076416016e-01
3.262286186218261719e-01
3.271329402923583984e-01
3.262765407562255859e-01
3.257091045379638672e-01
3.259887695312500000e-01
3.279197216033935547e-01
3.267936706542968750e-01
3.293168544769287109e-01
3.285274505615234375e-01
3.287301063537597656e-01
3.369967937469482422e-01
3.375482559204101562e-01
3.397436141967773438e-01
3.455293178558349609e-01
3.766539096832275391e-01
3.876891136169433594e-01
3.690543174743652344e-01
3.684892654418945312e-01
3.682358264923095703e-01
3.625473976135253906e-01
3.434505462646484375e-01
3.461191654205322266e-01
3.442506790161132812e-01
3.429086208343505859e-01
3.470349311828613281e-01
3.396618366241455078e-01
3.403832912445068359e-01
3.428807258605957031e-01
3.404529094696044922e-01
3.467457294464111328e-01
3.714241981506347656e-01
3.615844249725341797e-01
3.634412288665771484e-01
3.642430305480957031e-01
3.745231628417968750e-01
3.793232440948486328e-01
3.435535430908203125e-01
3.394351005554199219e-01
3.373060226440429688e-01
3.389835357666015625e-01
3.331854343414306641e-01
3.304231166839599609e-01
3.364529609680175781e-01
3.320264816284179688e-01
3.366768360137939453e-01
3.313176631927490234e-01
3.432350158691406250e-01
3.488059043884277344e-01
3.501365184783935547e-01
3.485205173492431641e-01
3.527369499206542969e-01
3.520424365997314453e-01
3.498289585113525391e-01
3.430755138397216797e-01
3.447539806365966797e-01
3.460237979888916016e-01
3.378562927246093750e-01
3.406286239624023438e-01
3.442263603210449219e-01
3.446791172027587891e-01
3.435158729553222656e-01
3.425006866455078125e-01
3.452987670898437500e-01
3.501327037811279297e-01
3.537631034851074219e-01
3.527181148529052734e-01
3.491036891937255859e-01
3.455817699432373047e-01
3.450970649719238281e-01
3.605151176452636719e-01
3.416922092437744141e-01
3.326237201690673828e-01
3.361861705780029297e-01
3.348460197448730469e-01
3.432137966156005859e-01
3.452222347259521484e-01
3.671765327453613281e-01
3.778691291809082031e-01
3.636400699615478516e-01
3.708755970001220703e-01
3.661069869995117188e-01
3.594584465026855469e-01
3.448727130889892578e-01
3.437893390655517578e-01
3.420543670654296875e-01
3.498036861419677734e-01
3.428673744201660156e-01
3.469607830047607422e-01
3.437926769256591797e-01
3.421645164489746094e-01
3.439791202545166016e-01
3.478419780731201172e-01
3.525795936584472656e-01
3.550379276275634766e-01
4.084050655364990234e-01
3.602244853973388672e-01
3.564341068267822266e-01
3.433048725128173828e-01
3.428277969360351562e-01
3.416230678558349609e-01
3.429863452911376953e-01
3.366692066192626953e-01
3.383889198303222656e-01
3.426988124847412109e-01
3.405272960662841797e-01
3.432254791259765625e-01
3.748564720153808594e-01
3.506278991699218750e-01
3.531634807586669922e-01
3.501422405242919922e-01
3.549530506134033203e-01
3.519735336303710938e-01
3.428320884704589844e-01
3.548576831817626953e-01
3.802468776702880859e-01
3.418006896972656250e-01
3.402118682861328125e-01
3.414134979248046875e-01
3.406338691711425781e-01
3.380610942840576172e-01
3.412566184997558594e-01
3.462076187133789062e-01
3.613922595977783203e-01
3.531153202056884766e-01
3.544297218322753906e-01
3.540503978729248047e-01
3.709831237792968750e-01
3.355090618133544922e-01
3.376152515411376953e-01
3.426220417022705078e-01
3.509469032287597656e-01
3.368730545043945312e-01
3.358619213104248047e-01
3.340780735015869141e-01
3.405585289001464844e-01
3.391849994659423828e-01
3.388781547546386719e-01
3.464660644531250000e-01
3.529829978942871094e-01
3.468096256256103516e-01
3.588895797729492188e-01
3.732590675354003906e-01
3.743484020233154297e-01
3.773369789123535156e-01
3.570618629455566406e-01
3.439674377441406250e-01
3.431570529937744141e-01
3.440744876861572266e-01
3.435938358306884766e-01
3.419544696807861328e-01
3.445711135864257812e-01
3.399207592010498047e-01
3.375010490417480469e-01
3.389334678649902344e-01
3.424446582794189453e-01
3.670263290405273438e-01
3.429322242736816406e-01
3.418416976928710938e-01
3.467886447906494141e-01
3.507430553436279297e-01
3.458399772644042969e-01
3.451232910156250000e-01
3.524167537689208984e-01
3.509876728057861328e-01
3.428347110748291016e-01
3.422024250030517578e-01
3.449497222900390625e-01
3.443553447723388672e-01
3.432977199554443359e-01
3.414244651794433594e-01
3.412849903106689453e-01
3.506901264190673828e-01
3.405733108520507812e-01
