1.224206924438476562e+00
1.321519136428833008e+00
1.226052045822143555e+00
1.303008317947387695e+00
1.234203577041625977e+00
1.230580568313598633e+00
1.223681449890136719e+00
1.227018117904663086e+00
1.289618492126464844e+00
1.229064941406250000e+00
1.233651399612426758e+00
1.220911264419555664e+00
1.229876041412353516e+00
1.373184919357299805e+00
1.231073379516601562e+00
1.228672981262207031e+00
1.364543914794921875e+00
1.240153074264526367e+00
1.233391284942626953e+00
1.219105720520019531e+00
1.226361036300659180e+00
1.228754043579101562e+00
1.227631807327270508e+00
1.246286869049072266e+00
1.222134351730346680e+00
1.292827129364013672e+00
1.237419843673706055e+00
1.221240520477294922e+00
1.228054761886596680e+00
1.231139421463012695e+00
1.224857807159423828e+00
1.210364341735839844e+00
1.230280876159667969e+00
1.227071762084960938e+00
1.223273754119873047e+00
1.216102123260498047e+00
1.225084304809570312e+00
1.352392673492431641e+00
1.502251625061035156e+00
1.560190439224243164e+00
1.285275697708129883e+00
1.282204627990722656e+00
1.333551168441772461e+00
1.271954298019409180e+00
1.263599157333374023e+00
1.267833948135375977e+00
1.267872810363769531e+00
1.274000883102416992e+00
1.263846397399902344e+00
1.251401901245117188e+00
1.311608552932739258e+00
1.309334516525268555e+00
1.399197101593017578e+00
1.477784872055053711e+00
1.877481937408447266e+00
1.253959655761718750e+00
1.253515720367431641e+00
1.264380693435668945e+00
1.304417133331298828e+00
1.241908311843872070e+00
1.284826517105102539e+00
1.249837875366210938e+00
1.325293540954589844e+00
1.326346397399902344e+00
1.421550750732421875e+00
1.257719278335571289e+00
1.274466753005981445e+00
1.263540983200073242e+00
1.348105669021606445e+00
1.489892959594726562e+00
1.726810455322265625e+00
1.925994396209716797e+00
1.279562950134277344e+00
1.282679319381713867e+00
1.233828783035278320e+00
1.244749069213867188e+00
1.252330064773559570e+00
1.253791332244873047e+00
1.299062728881835938e+00
1.420385599136352539e+00
1.257324934005737305e+00
1.259366989135742188e+00
1.316744327545166016e+00
1.286573410034179688e+00
1.251683950424194336e+00
1.248112916946411133e+00
1.444772481918334961e+00
1.812813997268676758e+00
1.609713077545166016e+00
1.318056106567382812e+00
1.251701593399047852e+00
1.250401973724365234e+00
1.297323942184448242e+00
1.300017356872558594e+00
1.477267980575561523e+00
1.259750604629516602e+00
1.307677268981933594e+00
1.299939632415771484e+00
1.305439233779907227e+00
1.542293787002563477e+00
1.912654876708984375e+00
1.275903701782226562e+00
1.302938461303710938e+00
1.339724779129028320e+00
1.296994924545288086e+00
1.296440839767456055e+00
1.298015356063842773e+00
1.246008157730102539e+00
1.343710184097290039e+00
1.387206315994262695e+00
1.278470754623413086e+00
1.286058187484741211e+00
1.287796974182128906e+00
1.348074436187744141e+00
1.340212821960449219e+00
1.484433174133300781e+00
1.893468856811523438e+00
1.366975069046020508e+00
1.406752347946166992e+00
1.284773111343383789e+00
1.274747610092163086e+00
1.284578323364257812e+00
1.287371635437011719e+00
1.480363845825195312e+00
1.338814735412597656e+00
1.281005620956420898e+00
1.280049085617065430e+00
1.304755449295043945e+00
1.450847625732421875e+00
1.754477500915527344e+00
1.877794504165649414e+00
1.290744066238403320e+00
1.286015272140502930e+00
1.352219343185424805e+00
1.348883628845214844e+00
1.275371074676513672e+00
1.273383378982543945e+00
1.300510406494140625e+00
1.347921371459960938e+00
1.365800380706787109e+00
1.353066444396972656e+00
1.278999090194702148e+00
1.275743007659912109e+00
1.336218357086181641e+00
1.550402164459228516e+00
1.853732824325561523e+00
1.265591382980346680e+00
1.259282588958740234e+00
1.300279140472412109e+00
1.268493890762329102e+00
1.290685176849365234e+00
1.255342245101928711e+00
1.294976711273193359e+00
1.479380607604980469e+00
1.282361268997192383e+00
1.319077014923095703e+00
1.330810070037841797e+00
1.427688360214233398e+00
1.736412286758422852e+00
1.460760831832885742e+00
1.469984769821166992e+00
1.692573785781860352e+00
1.939524650573730469e+00
1.484162092208862305e+00
1.378786563873291016e+00
1.361992597579956055e+00
1.342459678649902344e+00
1.316887378692626953e+00
1.317601442337036133e+00
1.357365131378173828e+00
1.339290857315063477e+00
1.311174392700195312e+00
1.313668489456176758e+00
1.306991815567016602e+00
1.364875793457031250e+00
1.354182243347167969e+00
1.355554819107055664e+00
1.400465250015258789e+00
1.518296957015991211e+00
1.920909643173217773e+00
1.888672113418579102e+00
1.935929536819458008e+00
1.376162052154541016e+00
1.349838495254516602e+00
1.424525976181030273e+00
1.376419067382812500e+00
1.352229833602905273e+00
1.334890604019165039e+00
1.337320804595947266e+00
1.332873582839965820e+00
1.346185684204101562e+00
1.360571622848510742e+00
1.340681791305541992e+00
1.345288515090942383e+00
1.333916664123535156e+00
1.374207019805908203e+00
1.342186450958251953e+00
1.330174922943115234e+00
1.352084398269653320e+00
1.284051656723022461e+00
