2.338255643844604492e+00
5.216817855834960938e-01
5.233302116394042969e-01
5.207381248474121094e-01
5.225541591644287109e-01
5.173215866088867188e-01
5.204026699066162109e-01
5.212471485137939453e-01
5.240228176116943359e-01
5.256071090698242188e-01
5.257127285003662109e-01
5.259149074554443359e-01
5.268139839172363281e-01
5.248064994812011719e-01
5.246644020080566406e-01
5.210499763488769531e-01
5.234735012054443359e-01
5.246491432189941406e-01
5.204482078552246094e-01
5.236008167266845703e-01
5.217242240905761719e-01
5.203576087951660156e-01
5.229961872100830078e-01
5.332741737365722656e-01
5.236220359802246094e-01
5.259673595428466797e-01
5.258684158325195312e-01
5.216639041900634766e-01
5.261554718017578125e-01
5.284490585327148438e-01
5.232715606689453125e-01
5.292901992797851562e-01
5.264952182769775391e-01
5.301053524017333984e-01
5.257024765014648438e-01
5.255424976348876953e-01
5.289037227630615234e-01
5.278553962707519531e-01
5.326974391937255859e-01
5.774896144866943359e-01
5.848815441131591797e-01
5.666580200195312500e-01
5.517556667327880859e-01
5.603933334350585938e-01
5.629851818084716797e-01
5.605812072753906250e-01
5.612571239471435547e-01
5.385327339172363281e-01
5.391075611114501953e-01
5.465838909149169922e-01
5.441374778747558594e-01
5.455889701843261719e-01
5.444033145904541016e-01
5.449905395507812500e-01
5.427684783935546875e-01
6.073729991912841797e-01
5.779643058776855469e-01
5.611233711242675781e-01
5.759518146514892578e-01
5.739290714263916016e-01
5.694637298583984375e-01
5.676431655883789062e-01
5.873301029205322266e-01
5.531098842620849609e-01
5.484182834625244141e-01
5.469703674316406250e-01
5.486340522766113281e-01
5.440199375152587891e-01
5.430817604064941406e-01
5.448031425476074219e-01
5.532488822937011719e-01
5.482571125030517578e-01
5.825135707855224609e-01
5.910124778747558594e-01
5.795967578887939453e-01
5.872638225555419922e-01
5.774219036102294922e-01
5.819716453552246094e-01
5.800461769104003906e-01
5.757343769073486328e-01
5.566086769104003906e-01
5.552620887756347656e-01
5.560886859893798828e-01
5.562148094177246094e-01
5.524749755859375000e-01
5.501365661621093750e-01
5.509467124938964844e-01
5.606913566589355469e-01
5.712115764617919922e-01
5.985667705535888672e-01
5.936257839202880859e-01
5.975465774536132812e-01
5.915524959564208984e-01
5.773057937622070312e-01
5.655028820037841797e-01
5.571286678314208984e-01
5.628082752227783203e-01
5.559132099151611328e-01
5.566387176513671875e-01
5.509395599365234375e-01
5.620305538177490234e-01
6.148021221160888672e-01
5.945744514465332031e-01
5.842921733856201172e-01
5.901460647583007812e-01
5.730865001678466797e-01
5.765385627746582031e-01
5.953929424285888672e-01
5.600185394287109375e-01
5.551948547363281250e-01
5.540435314178466797e-01
5.407402515411376953e-01
5.444736480712890625e-01
5.407979488372802734e-01
5.449936389923095703e-01
5.429666042327880859e-01
5.484042167663574219e-01
5.873792171478271484e-01
5.948963165283203125e-01
5.806550979614257812e-01
5.778076648712158203e-01
5.803463459014892578e-01
5.824160575866699219e-01
5.645577907562255859e-01
5.446510314941406250e-01
5.449497699737548828e-01
5.446872711181640625e-01
5.470693111419677734e-01
5.455079078674316406e-01
5.414612293243408203e-01
5.455863475799560547e-01
5.781383514404296875e-01
5.905172824859619141e-01
5.881950855255126953e-01
5.685284137725830078e-01
5.791199207305908203e-01
5.581808090209960938e-01
5.543584823608398438e-01
5.521948337554931641e-01
5.455045700073242188e-01
5.505390167236328125e-01
5.585963726043701172e-01
5.427210330963134766e-01
5.638849735260009766e-01
5.461254119873046875e-01
5.422368049621582031e-01
5.671670436859130859e-01
5.690572261810302734e-01
5.895457267761230469e-01
5.584244728088378906e-01
5.972852706909179688e-01
5.992078781127929688e-01
5.832743644714355469e-01
5.590751171112060547e-01
5.513405799865722656e-01
5.509383678436279297e-01
5.561645030975341797e-01
5.479085445404052734e-01
5.527837276458740234e-01
5.505702495574951172e-01
5.738537311553955078e-01
5.541985034942626953e-01
5.631706714630126953e-01
5.775363445281982422e-01
5.936896800994873047e-01
5.616950988769531250e-01
5.640301704406738281e-01
5.604245662689208984e-01
5.571591854095458984e-01
5.988125801086425781e-01
5.639767646789550781e-01
5.642518997192382812e-01
5.673313140869140625e-01
5.475063323974609375e-01
5.539574623107910156e-01
5.994815826416015625e-01
5.558900833129882812e-01
5.461056232452392578e-01
5.443859100341796875e-01
5.489780902862548828e-01
5.586585998535156250e-01
5.631124973297119141e-01
5.566203594207763672e-01
5.823118686676025391e-01
5.568523406982421875e-01
5.556619167327880859e-01
5.565228462219238281e-01
5.672142505645751953e-01
5.701313018798828125e-01
6.026923656463623047e-01
5.552558898925781250e-01
5.743353366851806641e-01
5.560460090637207031e-01
5.895309448242187500e-01
5.573070049285888672e-01
5.651252269744873047e-01
5.622639656066894531e-01
5.626354217529296875e-01
5.622253417968750000e-01
5.627706050872802734e-01
