2.292497634887695312e+00
3.812222480773925781e-01
3.929381370544433594e-01
3.945865631103515625e-01
3.896539211273193359e-01
3.901684284210205078e-01
3.914117813110351562e-01
3.902828693389892578e-01
3.918461799621582031e-01
3.920574188232421875e-01
3.937902450561523438e-01
3.943433761596679688e-01
3.933453559875488281e-01
3.946158885955810547e-01
3.948142528533935547e-01
3.943400382995605469e-01
3.912677764892578125e-01
3.986694812774658203e-01
3.855190277099609375e-01
3.914685249328613281e-01
3.912572860717773438e-01
3.934528827667236328e-01
3.944435119628906250e-01
4.019689559936523438e-01
3.945887088775634766e-01
3.952150344848632812e-01
3.945038318634033203e-01
3.951439857482910156e-01
3.937382698059082031e-01
3.928279876708984375e-01
3.942804336547851562e-01
3.938980102539062500e-01
3.940794467926025391e-01
3.957822322845458984e-01
3.979403972625732422e-01
3.960540294647216797e-01
3.959543704986572266e-01
3.951334953308105469e-01
3.931627273559570312e-01
3.996636867523193359e-01
4.081997871398925781e-01
4.065015316009521484e-01
4.041037559509277344e-01
4.011359214782714844e-01
4.235324859619140625e-01
4.040694236755371094e-01
4.081478118896484375e-01
4.042811393737792969e-01
4.024322032928466797e-01
4.027643203735351562e-01
4.051163196563720703e-01
4.023389816284179688e-01
3.984553813934326172e-01
3.984928131103515625e-01
3.982338905334472656e-01
4.012520313262939453e-01
4.020817279815673828e-01
4.042229652404785156e-01
4.026167392730712891e-01
4.168298244476318359e-01
4.119501113891601562e-01
4.158067703247070312e-01
4.180285930633544922e-01
4.133996963500976562e-01
4.144637584686279297e-01
4.129600524902343750e-01
4.106962680816650391e-01
4.071235656738281250e-01
4.066917896270751953e-01
4.091832637786865234e-01
4.034962654113769531e-01
4.081392288208007812e-01
4.132859706878662109e-01
4.274940490722656250e-01
4.334738254547119141e-01
4.229562282562255859e-01
4.215810298919677734e-01
4.334290027618408203e-01
4.234440326690673828e-01
4.202518463134765625e-01
3.983721733093261719e-01
3.943479061126708984e-01
3.940145969390869141e-01
3.895816802978515625e-01
3.965978622436523438e-01
3.982789516448974609e-01
3.912024497985839844e-01
4.009661674499511719e-01
3.947386741638183594e-01
4.380290508270263672e-01
4.219939708709716797e-01
4.384706020355224609e-01
4.320306777954101562e-01
4.170103073120117188e-01
4.007387161254882812e-01
3.948032855987548828e-01
3.968780040740966797e-01
4.023675918579101562e-01
3.992850780487060547e-01
4.001750946044921875e-01
3.983139991760253906e-01
4.109592437744140625e-01
4.242136478424072266e-01
4.189157485961914062e-01
4.365801811218261719e-01
4.282650947570800781e-01
4.320616722106933594e-01
4.296455383300781250e-01
4.101872444152832031e-01
4.065225124359130859e-01
4.000775814056396484e-01
4.051568508148193359e-01
4.017610549926757812e-01
3.987863063812255859e-01
3.979172706604003906e-01
4.023694992065429688e-01
4.014949798583984375e-01
3.958840370178222656e-01
4.239087104797363281e-01
4.196949005126953125e-01
4.419372081756591797e-01
4.342525005340576172e-01
4.379472732543945312e-01
4.217631816864013672e-01
4.289610385894775391e-01
4.116411209106445312e-01
4.112787246704101562e-01
4.120299816131591797e-01
4.088509082794189453e-01
4.087364673614501953e-01
4.144670963287353516e-01
4.135673046112060547e-01
4.182131290435791016e-01
4.214971065521240234e-01
4.176213741302490234e-01
4.239199161529541016e-01
4.209809303283691406e-01
4.206469058990478516e-01
4.182875156402587891e-01
4.113280773162841797e-01
4.116897583007812500e-01
4.168293476104736328e-01
4.064023494720458984e-01
4.119973182678222656e-01
4.038414955139160156e-01
4.065842628479003906e-01
4.037013053894042969e-01
4.118683338165283203e-01
4.147412776947021484e-01
4.218006134033203125e-01
4.174091815948486328e-01
4.207162857055664062e-01
4.382445812225341797e-01
4.227578639984130859e-01
4.021308422088623047e-01
4.031200408935546875e-01
4.074110984802246094e-01
4.344186782836914062e-01
3.995962142944335938e-01
3.989737033843994141e-01
3.985760211944580078e-01
4.036016464233398438e-01
4.047319889068603516e-01
4.027452468872070312e-01
4.076969623565673828e-01
4.098916053771972656e-01
4.061937332153320312e-01
4.114203453063964844e-01
4.097564220428466797e-01
4.095342159271240234e-01
4.037907123565673828e-01
4.026372432708740234e-01
3.983182907104492188e-01
3.966844081878662109e-01
3.963816165924072266e-01
3.974254131317138672e-01
3.952531814575195312e-01
3.964529037475585938e-01
3.971371650695800781e-01
3.946030139923095703e-01
3.953301906585693359e-01
3.952469825744628906e-01
4.034965038299560547e-01
4.093852043151855469e-01
4.208798408508300781e-01
4.147071838378906250e-01
4.088885784149169922e-01
4.083580970764160156e-01
4.073278903961181641e-01
4.093046188354492188e-01
4.089181423187255859e-01
4.087595939636230469e-01
4.089245796203613281e-01
4.074251651763916016e-01
4.089636802673339844e-01
4.360280036926269531e-01
4.068775177001953125e-01
4.069097042083740234e-01
4.214622974395751953e-01
4.023573398590087891e-01
