1.224209547042846680e+00
1.321522474288940430e+00
1.226014614105224609e+00
1.302989482879638672e+00
1.234172344207763672e+00
1.230551719665527344e+00
1.223655939102172852e+00
1.227017402648925781e+00
1.289592027664184570e+00
1.229035854339599609e+00
1.233628749847412109e+00
1.220909357070922852e+00
1.229836940765380859e+00
1.373184680938720703e+00
1.231066226959228516e+00
1.228671550750732422e+00
1.364530324935913086e+00
1.240130662918090820e+00
1.233368873596191406e+00
1.219085931777954102e+00
1.226353168487548828e+00
1.228729486465454102e+00
1.227608442306518555e+00
1.246283531188964844e+00
1.222114086151123047e+00
1.292798519134521484e+00
1.237394809722900391e+00
1.221218109130859375e+00
1.228029251098632812e+00
1.231113672256469727e+00
1.224834203720092773e+00
1.210346221923828125e+00
1.230249881744384766e+00
1.227046012878417969e+00
1.223249912261962891e+00
1.216085910797119141e+00
1.225052833557128906e+00
1.352372884750366211e+00
1.502227544784545898e+00
1.560174226760864258e+00
1.285248041152954102e+00
1.282195806503295898e+00
1.333523750305175781e+00
1.271935939788818359e+00
1.263585090637207031e+00
1.267829656600952148e+00
1.267844438552856445e+00
1.273978233337402344e+00
1.263818979263305664e+00
1.251396656036376953e+00
1.311599969863891602e+00
1.309306144714355469e+00
1.399156093597412109e+00
1.477756023406982422e+00
1.877480268478393555e+00
1.253933906555175781e+00
1.253512620925903320e+00
1.264353275299072266e+00
1.304394483566284180e+00
1.241873025894165039e+00
1.284814119338989258e+00
1.249836206436157227e+00
1.325293064117431641e+00
1.326335430145263672e+00
1.421542882919311523e+00
1.257718324661254883e+00
1.274472951889038086e+00
1.263529777526855469e+00
1.348062992095947266e+00
1.489877462387084961e+00
1.726797819137573242e+00
1.925975322723388672e+00
1.279566526412963867e+00
1.282653093338012695e+00
1.233832836151123047e+00
1.244745969772338867e+00
1.252323627471923828e+00
1.253759384155273438e+00
1.299044370651245117e+00
1.420391082763671875e+00
1.257327318191528320e+00
1.259338617324829102e+00
1.316725254058837891e+00
1.286551237106323242e+00
1.251664400100708008e+00
1.248097181320190430e+00
1.444762945175170898e+00
1.812812328338623047e+00
1.609708070755004883e+00
1.318026542663574219e+00
1.251676082611083984e+00
1.250378131866455078e+00
1.297327041625976562e+00
1.299999713897705078e+00
1.477254152297973633e+00
1.259750366210937500e+00
1.307678699493408203e+00
1.299931526184082031e+00
1.305438041687011719e+00
1.542286396026611328e+00
1.912637710571289062e+00
1.275901556015014648e+00
1.302937746047973633e+00
1.339725017547607422e+00
1.296991825103759766e+00
1.296437263488769531e+00
1.298002719879150391e+00
1.245986938476562500e+00
1.343696117401123047e+00
1.387185573577880859e+00
1.278448104858398438e+00
1.286036014556884766e+00
1.287791728973388672e+00
1.348055601119995117e+00
1.340197324752807617e+00
1.484397172927856445e+00
1.893441915512084961e+00
1.366978168487548828e+00
1.406718730926513672e+00
1.284759521484375000e+00
1.274744749069213867e+00
1.284548282623291016e+00
1.287374019622802734e+00
1.480356216430664062e+00
1.338799238204956055e+00
1.281016826629638672e+00
1.280034780502319336e+00
1.304746627807617188e+00
1.450811624526977539e+00
1.754478693008422852e+00
1.877767562866210938e+00
1.290760278701782227e+00
1.286028861999511719e+00
1.352228164672851562e+00
1.348870277404785156e+00
1.275343179702758789e+00
1.273367881774902344e+00
1.300507307052612305e+00
1.347926616668701172e+00
1.365782022476196289e+00
1.353070259094238281e+00
1.278974294662475586e+00
1.275734663009643555e+00
1.336212158203125000e+00
1.550369977951049805e+00
1.853724956512451172e+00
1.265563488006591797e+00
1.259272575378417969e+00
1.300295114517211914e+00
1.268482923507690430e+00
1.290689706802368164e+00
1.255341291427612305e+00
1.294980049133300781e+00
1.479384422302246094e+00
1.282352209091186523e+00
1.319057703018188477e+00
1.330811023712158203e+00
1.427693843841552734e+00
1.736411333084106445e+00
1.460751533508300781e+00
1.469970941543579102e+00
1.692531585693359375e+00
1.939506530761718750e+00
1.484153985977172852e+00
1.378797531127929688e+00
1.361984968185424805e+00
1.342461109161376953e+00
1.316894054412841797e+00
1.317598342895507812e+00
1.357368469238281250e+00
1.339270830154418945e+00
1.311173915863037109e+00
1.313663244247436523e+00
1.307000160217285156e+00
1.364876508712768555e+00
1.354178190231323242e+00
1.355556964874267578e+00
1.400470972061157227e+00
1.518281936645507812e+00
1.920902729034423828e+00
1.888662576675415039e+00
1.935920953750610352e+00
1.376163005828857422e+00
1.349838495254516602e+00
1.424536705017089844e+00
1.376431941986083984e+00
1.352204799652099609e+00
1.334893465042114258e+00
1.337326288223266602e+00
1.332872867584228516e+00
1.346185684204101562e+00
1.360569000244140625e+00
1.340690135955810547e+00
1.345279932022094727e+00
1.333908557891845703e+00
1.374209642410278320e+00
1.342188835144042969e+00
1.330174446105957031e+00
1.352078199386596680e+00
1.284041881561279297e+00
