7.681751251220703125e-01
7.581300735473632812e-01
7.561402320861816406e-01
7.642893791198730469e-01
8.369162082672119141e-01
7.797245979309082031e-01
7.786753177642822266e-01
7.492952346801757812e-01
7.554006576538085938e-01
7.939088344573974609e-01
7.544515132904052734e-01
7.700166702270507812e-01
7.775094509124755859e-01
7.938978672027587891e-01
7.744967937469482422e-01
7.895860671997070312e-01
8.554825782775878906e-01
8.007123470306396484e-01
7.688126564025878906e-01
7.915167808532714844e-01
7.686893939971923828e-01
7.542862892150878906e-01
7.545433044433593750e-01
7.560846805572509766e-01
7.655010223388671875e-01
7.954220771789550781e-01
7.469208240509033203e-01
7.904438972473144531e-01
7.700769901275634766e-01
7.757463455200195312e-01
7.819344997406005859e-01
7.572240829467773438e-01
7.402086257934570312e-01
7.588040828704833984e-01
7.521798610687255859e-01
8.459520339965820312e-01
7.705628871917724609e-01
7.724750041961669922e-01
7.862563133239746094e-01
7.890884876251220703e-01
7.409956455230712891e-01
7.783288955688476562e-01
8.065953254699707031e-01
7.593293190002441406e-01
8.075349330902099609e-01
7.684490680694580078e-01
8.133533000946044922e-01
8.240556716918945312e-01
7.819283008575439453e-01
7.869784832000732422e-01
7.716813087463378906e-01
7.689170837402343750e-01
7.574331760406494141e-01
7.542862892150878906e-01
7.734942436218261719e-01
7.585928440093994141e-01
7.714817523956298828e-01
7.805154323577880859e-01
7.671351432800292969e-01
7.622797489166259766e-01
7.574439048767089844e-01
7.914402484893798828e-01
7.925393581390380859e-01
7.670719623565673828e-01
7.888605594635009766e-01
7.778024673461914062e-01
8.655297756195068359e-01
7.678198814392089844e-01
7.668867111206054688e-01
7.820007801055908203e-01
7.749750614166259766e-01
7.831645011901855469e-01
7.673974037170410156e-01
7.767417430877685547e-01
7.648315429687500000e-01
7.558274269104003906e-01
8.038520812988281250e-01
7.429642677307128906e-01
7.620863914489746094e-01
7.450795173645019531e-01
7.629296779632568359e-01
7.572977542877197266e-01
7.851834297180175781e-01
7.512829303741455078e-01
7.721352577209472656e-01
7.828335762023925781e-01
7.681956291198730469e-01
7.523248195648193359e-01
7.134864330291748047e-01
8.301670551300048828e-01
7.609024047851562500e-01
7.662048339843750000e-01
7.706806659698486328e-01
7.653579711914062500e-01
7.753720283508300781e-01
7.998874187469482422e-01
7.445018291473388672e-01
7.952132225036621094e-01
7.882554531097412109e-01
7.857136726379394531e-01
7.728240489959716797e-01
7.527761459350585938e-01
7.776715755462646484e-01
7.704350948333740234e-01
7.350795269012451172e-01
7.975544929504394531e-01
7.655255794525146484e-01
7.701787948608398438e-01
7.513158321380615234e-01
7.632434368133544922e-01
7.396895885467529297e-01
7.905037403106689453e-01
7.890291213989257812e-01
7.497727870941162109e-01
7.743775844573974609e-01
7.689421176910400391e-01
7.454500198364257812e-01
7.861034870147705078e-01
7.339982986450195312e-01
7.545604705810546875e-01
7.671236991882324219e-01
7.669630050659179688e-01
7.733268737792968750e-01
7.702212333679199219e-01
7.643659114837646484e-01
7.763891220092773438e-01
7.487111091613769531e-01
7.577917575836181641e-01
7.658319473266601562e-01
7.259709835052490234e-01
7.757117748260498047e-01
7.235949039459228516e-01
7.644958496093750000e-01
7.871201038360595703e-01
7.875463962554931641e-01
7.707419395446777344e-01
7.826280593872070312e-01
7.721145153045654297e-01
7.591514587402343750e-01
7.847876548767089844e-01
7.995839118957519531e-01
7.975108623504638672e-01
7.659161090850830078e-01
7.410538196563720703e-01
7.501721382141113281e-01
7.982337474822998047e-01
7.793083190917968750e-01
7.759408950805664062e-01
7.767882347106933594e-01
7.821662425994873047e-01
7.967510223388671875e-01
7.477660179138183594e-01
7.842307090759277344e-01
8.233339786529541016e-01
7.838814258575439453e-01
7.969627380371093750e-01
7.618656158447265625e-01
7.904338836669921875e-01
7.680838108062744141e-01
7.728533744812011719e-01
7.557315826416015625e-01
7.568922042846679688e-01
7.620353698730468750e-01
7.564494609832763672e-01
8.064765930175781250e-01
8.480403423309326172e-01
7.820341587066650391e-01
7.834842205047607422e-01
7.860746383666992188e-01
7.892203330993652344e-01
7.954716682434082031e-01
7.965958118438720703e-01
7.823653221130371094e-01
7.690181732177734375e-01
7.884774208068847656e-01
7.855725288391113281e-01
7.414803504943847656e-01
8.714096546173095703e-01
7.294845581054687500e-01
7.566981315612792969e-01
7.525115013122558594e-01
7.794091701507568359e-01
7.792177200317382812e-01
7.855372428894042969e-01
7.966406345367431641e-01
7.595639228820800781e-01
7.423126697540283203e-01
8.008971214294433594e-01
7.997379302978515625e-01
7.961702346801757812e-01
8.550720214843750000e-01
7.748923301696777344e-01
7.811298370361328125e-01
7.372534275054931641e-01
7.811517715454101562e-01
7.856955528259277344e-01
7.788975238800048828e-01
8.017652034759521484e-01
8.082096576690673828e-01
8.395354747772216797e-01
