7.681615352630615234e-01
7.581257820129394531e-01
7.561326026916503906e-01
7.642765045166015625e-01
8.369076251983642578e-01
7.797183990478515625e-01
7.786684036254882812e-01
7.492899894714355469e-01
7.553920745849609375e-01
7.938997745513916016e-01
7.544498443603515625e-01
7.700099945068359375e-01
7.774875164031982422e-01
7.938933372497558594e-01
7.744874954223632812e-01
7.895753383636474609e-01
8.554847240447998047e-01
8.176305294036865234e-01
7.688059806823730469e-01
7.914981842041015625e-01
7.686839103698730469e-01
7.542762756347656250e-01
7.545359134674072266e-01
7.560720443725585938e-01
7.654929161071777344e-01
7.954139709472656250e-01
7.589328289031982422e-01
7.904381752014160156e-01
7.700757980346679688e-01
7.757432460784912109e-01
7.819247245788574219e-01
7.572162151336669922e-01
7.402083873748779297e-01
7.587966918945312500e-01
7.521808147430419922e-01
8.459453582763671875e-01
7.705583572387695312e-01
7.724685668945312500e-01
7.862462997436523438e-01
7.890765666961669922e-01
7.534716129302978516e-01
7.783191204071044922e-01
8.065848350524902344e-01
7.593228816986083984e-01
8.075280189514160156e-01
7.684254646301269531e-01
8.133454322814941406e-01
8.240478038787841797e-01
7.819387912750244141e-01
7.869727611541748047e-01
7.716712951660156250e-01
7.689113616943359375e-01
7.574255466461181641e-01
7.542791366577148438e-01
7.734909057617187500e-01
7.585904598236083984e-01
7.714695930480957031e-01
7.805066108703613281e-01
7.671334743499755859e-01
7.622718811035156250e-01
7.574388980865478516e-01
7.914347648620605469e-01
7.925369739532470703e-01
7.670660018920898438e-01
7.888524532318115234e-01
7.778017520904541016e-01
8.655197620391845703e-01
7.678050994873046875e-01
7.668793201446533203e-01
7.819921970367431641e-01
7.749645709991455078e-01
7.831571102142333984e-01
7.673904895782470703e-01
7.767319679260253906e-01
7.648236751556396484e-01
7.558200359344482422e-01
8.038468360900878906e-01
7.429649829864501953e-01
7.620840072631835938e-01
7.450790405273437500e-01
7.629272937774658203e-01
7.532711029052734375e-01
7.851691246032714844e-01
7.512886524200439453e-01
7.721233367919921875e-01
7.828257083892822266e-01
7.681875228881835938e-01
7.523207664489746094e-01
7.134785652160644531e-01
8.301570415496826172e-01
7.608830928802490234e-01
7.661981582641601562e-01
7.706670761108398438e-01
7.653574943542480469e-01
7.753763198852539062e-01
7.998788356781005859e-01
7.444956302642822266e-01
7.951979637145996094e-01
7.882535457611083984e-01
7.856998443603515625e-01
7.728137969970703125e-01
7.464747428894042969e-01
7.776608467102050781e-01
7.704255580902099609e-01
7.350757122039794922e-01
7.975518703460693359e-01
7.553849220275878906e-01
7.701718807220458984e-01
7.513158321380615234e-01
7.632203102111816406e-01
7.396793365478515625e-01
7.904965877532958984e-01
7.890169620513916016e-01
7.467062473297119141e-01
7.744095325469970703e-01
7.689356803894042969e-01
7.454395294189453125e-01
7.860941886901855469e-01
7.339918613433837891e-01
7.545623779296875000e-01
7.671098709106445312e-01
7.669572830200195312e-01
8.016922473907470703e-01
7.702167034149169922e-01
7.643604278564453125e-01
7.763876914978027344e-01
7.487072944641113281e-01
7.577803134918212891e-01
7.658221721649169922e-01
7.259688377380371094e-01
7.520041465759277344e-01
7.235889434814453125e-01
7.644858360290527344e-01
7.871110439300537109e-01
7.875390052795410156e-01
7.707366943359375000e-01
7.826259136199951172e-01
7.721016407012939453e-01
7.591452598571777344e-01
7.847852706909179688e-01
7.995796203613281250e-01
7.974963188171386719e-01
7.659051418304443359e-01
7.410454750061035156e-01
7.632288932800292969e-01
7.982308864593505859e-01
7.792959213256835938e-01
7.759406566619873047e-01
7.767660617828369141e-01
7.821590900421142578e-01
7.967462539672851562e-01
7.551345825195312500e-01
8.017508983612060547e-01
8.172454833984375000e-01
7.838804721832275391e-01
7.969346046447753906e-01
7.618529796600341797e-01
7.904298305511474609e-01
7.680819034576416016e-01
7.728455066680908203e-01
7.557208538055419922e-01
7.568860054016113281e-01
7.620253562927246094e-01
7.564363479614257812e-01
8.064739704132080078e-01
8.480324745178222656e-01
7.820279598236083984e-01
7.834756374359130859e-01
7.860682010650634766e-01
7.892162799835205078e-01
7.954642772674560547e-01
7.965872287750244141e-01
7.823600769042968750e-01
7.690060138702392578e-01
7.833814620971679688e-01
7.855679988861083984e-01
7.414717674255371094e-01
8.713967800140380859e-01
7.294769287109375000e-01
7.566888332366943359e-01
7.525014877319335938e-01
7.794067859649658203e-01
7.792098522186279297e-01
7.855210304260253906e-01
7.966294288635253906e-01
7.595527172088623047e-01
7.423088550567626953e-01
8.008828163146972656e-01
7.997436523437500000e-01
7.961666584014892578e-01
8.550548553466796875e-01
7.910416126251220703e-01
7.811310291290283203e-01
7.642588615417480469e-01
7.811501026153564453e-01
7.856862545013427734e-01
7.788903713226318359e-01
8.017404079437255859e-01
8.082075119018554688e-01
8.395450115203857422e-01
