4.320079803466796875e+00
7.508730888366699219e-01
7.493886947631835938e-01
7.518522739410400391e-01
7.491977214813232422e-01
7.502174377441406250e-01
7.461929321289062500e-01
7.462854385375976562e-01
7.481083869934082031e-01
7.484362125396728516e-01
7.484626770019531250e-01
7.478184700012207031e-01
7.462480068206787109e-01
7.498013973236083984e-01
7.465741634368896484e-01
7.465491294860839844e-01
7.466650009155273438e-01
7.564830780029296875e-01
7.500932216644287109e-01
7.468972206115722656e-01
7.496118545532226562e-01
7.506113052368164062e-01
7.492201328277587891e-01
7.519214153289794922e-01
7.512388229370117188e-01
7.504572868347167969e-01
7.492446899414062500e-01
7.542045116424560547e-01
7.511069774627685547e-01
7.527904510498046875e-01
7.520272731781005859e-01
7.553660869598388672e-01
7.541077136993408203e-01
7.537109851837158203e-01
7.540817260742187500e-01
7.537550926208496094e-01
7.517879009246826172e-01
7.560040950775146484e-01
7.522757053375244141e-01
7.542369365692138672e-01
7.537045478820800781e-01
7.534961700439453125e-01
7.569904327392578125e-01
7.577815055847167969e-01
7.553644180297851562e-01
7.568800449371337891e-01
7.543110847473144531e-01
7.542185783386230469e-01
7.509136199951171875e-01
7.533569335937500000e-01
7.563970088958740234e-01
7.568299770355224609e-01
7.580811977386474609e-01
7.571625709533691406e-01
7.573873996734619141e-01
7.572662830352783203e-01
7.605988979339599609e-01
7.605037689208984375e-01
7.592277526855468750e-01
7.576441764831542969e-01
7.575256824493408203e-01
7.619571685791015625e-01
7.578713893890380859e-01
7.586157321929931641e-01
7.597095966339111328e-01
7.591638565063476562e-01
7.587275505065917969e-01
7.589430809020996094e-01
7.610025405883789062e-01
7.647216320037841797e-01
7.590572834014892578e-01
7.601542472839355469e-01
7.629470825195312500e-01
7.605533599853515625e-01
7.606124877929687500e-01
7.643785476684570312e-01
7.617127895355224609e-01
7.717847824096679688e-01
7.589232921600341797e-01
7.602071762084960938e-01
7.620027065277099609e-01
7.672543525695800781e-01
7.625968456268310547e-01
7.628228664398193359e-01
7.616651058197021484e-01
7.630889415740966797e-01
7.628419399261474609e-01
7.650218009948730469e-01
7.622470855712890625e-01
7.616984844207763672e-01
7.627358436584472656e-01
7.614531517028808594e-01
7.632257938385009766e-01
7.666609287261962891e-01
7.621467113494873047e-01
7.619338035583496094e-01
7.616667747497558594e-01
7.635867595672607422e-01
7.629568576812744141e-01
7.652273178100585938e-01
7.635090351104736328e-01
7.671077251434326172e-01
7.683167457580566406e-01
7.636415958404541016e-01
7.664957046508789062e-01
7.689247131347656250e-01
7.652149200439453125e-01
7.620131969451904297e-01
7.637217044830322266e-01
7.630338668823242188e-01
7.637460231781005859e-01
7.655239105224609375e-01
7.657907009124755859e-01
7.665283679962158203e-01
7.646870613098144531e-01
7.698037624359130859e-01
7.637026309967041016e-01
7.645645141601562500e-01
7.672681808471679688e-01
7.670431137084960938e-01
7.729103565216064453e-01
7.668185234069824219e-01
7.755336761474609375e-01
7.643914222717285156e-01
7.704784870147705078e-01
7.640576362609863281e-01
7.679855823516845703e-01
7.633514404296875000e-01
7.647466659545898438e-01
7.669708728790283203e-01
7.664520740509033203e-01
7.656557559967041016e-01
7.763855457305908203e-01
7.639126777648925781e-01
7.646610736846923828e-01
7.746372222900390625e-01
7.638404369354248047e-01
7.665982246398925781e-01
7.631418704986572266e-01
7.717571258544921875e-01
7.678892612457275391e-01
7.691791057586669922e-01
7.627539634704589844e-01
7.656002044677734375e-01
7.693102359771728516e-01
7.647294998168945312e-01
7.667720317840576172e-01
7.664234638214111328e-01
7.719428539276123047e-01
7.644391059875488281e-01
7.688853740692138672e-01
7.655575275421142578e-01
7.724444866180419922e-01
7.683305740356445312e-01
7.698707580566406250e-01
7.689003944396972656e-01
7.691621780395507812e-01
7.674770355224609375e-01
7.668991088867187500e-01
7.736585140228271484e-01
7.691941261291503906e-01
7.764418125152587891e-01
7.654936313629150391e-01
7.683622837066650391e-01
7.680287361145019531e-01
7.795815467834472656e-01
7.860498428344726562e-01
7.719717025756835938e-01
7.703955173492431641e-01
7.671418190002441406e-01
7.699282169342041016e-01
7.828221321105957031e-01
7.700664997100830078e-01
7.743711471557617188e-01
7.740902900695800781e-01
7.726035118103027344e-01
7.760634422302246094e-01
7.688128948211669922e-01
7.669756412506103516e-01
7.688350677490234375e-01
7.705371379852294922e-01
7.708332538604736328e-01
7.742755413055419922e-01
7.717397212982177734e-01
7.720804214477539062e-01
7.691235542297363281e-01
7.697942256927490234e-01
7.685573101043701172e-01
7.727878093719482422e-01
7.701609134674072266e-01
7.712724208831787109e-01
7.718672752380371094e-01
7.652258872985839844e-01
7.678158283233642578e-01
7.700467109680175781e-01
7.735600471496582031e-01
7.817413806915283203e-01
7.723844051361083984e-01
7.701933383941650391e-01
7.697567939758300781e-01
