7.681741714477539062e-01
7.581367492675781250e-01
7.561376094818115234e-01
7.642850875854492188e-01
8.369135856628417969e-01
7.797219753265380859e-01
7.786717414855957031e-01
7.492957115173339844e-01
7.554037570953369141e-01
7.939076423645019531e-01
7.544531822204589844e-01
7.700152397155761719e-01
7.775080204010009766e-01
7.938983440399169922e-01
7.744998931884765625e-01
7.895867824554443359e-01
8.554818630218505859e-01
7.910411357879638672e-01
7.688131332397460938e-01
7.915189266204833984e-01
7.686920166015625000e-01
7.542848587036132812e-01
7.545404434204101562e-01
7.560889720916748047e-01
7.654981613159179688e-01
7.954199314117431641e-01
7.589402198791503906e-01
7.904489040374755859e-01
7.700850963592529297e-01
7.757458686828613281e-01
7.819340229034423828e-01
7.572262287139892578e-01
7.402131557464599609e-01
7.588009834289550781e-01
7.521772384643554688e-01
8.459494113922119141e-01
7.705616950988769531e-01
7.724714279174804688e-01
7.862546443939208984e-01
7.890815734863281250e-01
7.534790039062500000e-01
7.783265113830566406e-01
8.065984249114990234e-01
7.593290805816650391e-01
8.075377941131591797e-01
7.684497833251953125e-01
8.133542537689208984e-01
8.240573406219482422e-01
7.819383144378662109e-01
7.869822978973388672e-01
7.716836929321289062e-01
7.689199447631835938e-01
7.574329376220703125e-01
7.542862892150878906e-01
7.734901905059814453e-01
7.585954666137695312e-01
7.714798450469970703e-01
7.805140018463134766e-01
7.671358585357666016e-01
7.622761726379394531e-01
7.574415206909179688e-01
7.914385795593261719e-01
7.925395965576171875e-01
7.670710086822509766e-01
7.888586521148681641e-01
7.778074741363525391e-01
8.655261993408203125e-01
7.678165435791015625e-01
7.668838500976562500e-01
7.819988727569580078e-01
7.749757766723632812e-01
7.831661701202392578e-01
7.673978805541992188e-01
7.767417430877685547e-01
7.648291587829589844e-01
7.558300495147705078e-01
8.038561344146728516e-01
7.429728507995605469e-01
7.620882987976074219e-01
7.450799942016601562e-01
7.629311084747314453e-01
7.573001384735107422e-01
7.851805686950683594e-01
7.512850761413574219e-01
7.721390724182128906e-01
7.828373908996582031e-01
7.681951522827148438e-01
7.523250579833984375e-01
7.134904861450195312e-01
8.301632404327392578e-01
7.608942985534667969e-01
7.662031650543212891e-01
7.706780433654785156e-01
7.653591632843017578e-01
7.753725051879882812e-01
7.998869419097900391e-01
7.445008754730224609e-01
7.952120304107666016e-01
7.882537841796875000e-01
7.857148647308349609e-01
7.728226184844970703e-01
7.527821063995361328e-01
7.776749134063720703e-01
7.704343795776367188e-01
7.350783348083496094e-01
7.975602149963378906e-01
7.655243873596191406e-01
7.701768875122070312e-01
7.513189315795898438e-01
7.632436752319335938e-01
7.396898269653320312e-01
7.904965877532958984e-01
7.890312671661376953e-01
7.497711181640625000e-01
7.743802070617675781e-01
7.689411640167236328e-01
7.454433441162109375e-01
7.861032485961914062e-01
7.339920997619628906e-01
7.545588016510009766e-01
7.671215534210205078e-01
7.669627666473388672e-01
8.016984462738037109e-01
7.702233791351318359e-01
7.643632888793945312e-01
7.763876914978027344e-01
7.487108707427978516e-01
7.577891349792480469e-01
7.658302783966064453e-01
7.259724140167236328e-01
7.520074844360351562e-01
7.235963344573974609e-01
7.644937038421630859e-01
7.871177196502685547e-01
7.875471115112304688e-01
7.707390785217285156e-01
7.826290130615234375e-01
7.721135616302490234e-01
7.591505050659179688e-01
7.847890853881835938e-01
7.995846271514892578e-01
7.975094318389892578e-01
7.659120559692382812e-01
7.410533428192138672e-01
7.632365226745605469e-01
7.982354164123535156e-01
7.793040275573730469e-01
7.759480476379394531e-01
7.767860889434814453e-01
7.821657657623291016e-01
7.967584133148193359e-01
7.551472187042236328e-01
8.017582893371582031e-01
8.172593116760253906e-01
7.838823795318603516e-01
7.969527244567871094e-01
7.618620395660400391e-01
7.904307842254638672e-01
7.680838108062744141e-01
7.728540897369384766e-01
7.557270526885986328e-01
7.568891048431396484e-01
7.620322704315185547e-01
7.564461231231689453e-01
8.064773082733154297e-01
8.480381965637207031e-01
7.820329666137695312e-01
7.834832668304443359e-01
7.860746383666992188e-01
7.892186641693115234e-01
7.954719066619873047e-01
7.965960502624511719e-01
7.823655605316162109e-01
7.690100669860839844e-01
7.884712219238281250e-01
7.855708599090576172e-01
7.414801120758056641e-01
8.714060783386230469e-01
7.294838428497314453e-01
7.566962242126464844e-01
7.525081634521484375e-01
7.794084548950195312e-01
7.792150974273681641e-01
7.855346202850341797e-01
7.966408729553222656e-01
7.595570087432861328e-01
7.423121929168701172e-01
8.008918762207031250e-01
7.997398376464843750e-01
7.961688041687011719e-01
8.550741672515869141e-01
7.910466194152832031e-01
7.811324596405029297e-01
7.642674446105957031e-01
7.811539173126220703e-01
7.856941223144531250e-01
7.788958549499511719e-01
8.017656803131103516e-01
7.875487804412841797e-01
8.395471572875976562e-01
