4.336007595062255859e+00
7.610745429992675781e-01
7.638156414031982422e-01
7.678747177124023438e-01
7.806248664855957031e-01
7.631597518920898438e-01
7.639338970184326172e-01
7.674248218536376953e-01
7.640883922576904297e-01
7.659564018249511719e-01
7.611317634582519531e-01
7.536201477050781250e-01
7.541830539703369141e-01
7.442452907562255859e-01
7.461540699005126953e-01
7.739462852478027344e-01
7.498073577880859375e-01
7.575860023498535156e-01
7.586941719055175781e-01
7.602453231811523438e-01
7.580227851867675781e-01
7.587740421295166016e-01
7.571027278900146484e-01
7.962839603424072266e-01
8.371546268463134766e-01
7.604017257690429688e-01
8.305029869079589844e-01
7.620985507965087891e-01
7.470555305480957031e-01
8.359656333923339844e-01
7.571570873260498047e-01
7.755060195922851562e-01
7.807381153106689453e-01
7.903883457183837891e-01
7.618105411529541016e-01
7.617914676666259766e-01
7.580921649932861328e-01
7.593109607696533203e-01
7.737405300140380859e-01
7.656242847442626953e-01
7.514424324035644531e-01
7.501044273376464844e-01
7.507610321044921875e-01
7.659358978271484375e-01
7.599256038665771484e-01
7.726390361785888672e-01
7.666668891906738281e-01
7.848834991455078125e-01
7.822391986846923828e-01
7.751238346099853516e-01
8.343098163604736328e-01
7.827374935150146484e-01
7.722201347351074219e-01
8.093287944793701172e-01
7.655656337738037109e-01
7.658009529113769531e-01
7.786483764648437500e-01
7.855551242828369141e-01
7.636508941650390625e-01
7.677645683288574219e-01
7.663733959197998047e-01
7.693688869476318359e-01
7.819597721099853516e-01
7.711567878723144531e-01
7.683391571044921875e-01
7.726612091064453125e-01
7.715964317321777344e-01
7.676210403442382812e-01
7.723786830902099609e-01
7.708785533905029297e-01
8.461704254150390625e-01
7.689893245697021484e-01
7.670986652374267578e-01
7.662351131439208984e-01
8.421685695648193359e-01
8.257062435150146484e-01
8.204503059387207031e-01
7.851734161376953125e-01
8.508901596069335938e-01
7.817881107330322266e-01
7.856633663177490234e-01
7.764966487884521484e-01
7.763049602508544922e-01
7.713830471038818359e-01
7.831959724426269531e-01
7.818114757537841797e-01
8.216893672943115234e-01
7.872078418731689453e-01
7.837789058685302734e-01
8.046574592590332031e-01
7.971889972686767578e-01
8.039257526397705078e-01
7.745018005371093750e-01
7.732896804809570312e-01
7.698199748992919922e-01
7.828590869903564453e-01
7.796933650970458984e-01
8.003659248352050781e-01
7.886393070220947266e-01
7.734129428863525391e-01
7.683217525482177734e-01
7.776191234588623047e-01
8.421859741210937500e-01
7.876048088073730469e-01
7.916495800018310547e-01
8.545660972595214844e-01
7.934873104095458984e-01
7.782199382781982422e-01
7.790405750274658203e-01
7.933671474456787109e-01
7.915854454040527344e-01
7.711257934570312500e-01
7.820770740509033203e-01
7.720470428466796875e-01
7.753946781158447266e-01
7.690770626068115234e-01
8.165233135223388672e-01
7.814438343048095703e-01
8.467457294464111328e-01
8.281233310699462891e-01
7.772562503814697266e-01
7.735583782196044922e-01
7.820310592651367188e-01
7.854676246643066406e-01
8.138008117675781250e-01
7.854011058807373047e-01
7.958669662475585938e-01
8.028011322021484375e-01
7.909526824951171875e-01
7.818286418914794922e-01
7.807466983795166016e-01
7.808613777160644531e-01
7.759525775909423828e-01
8.020827770233154297e-01
7.742199897766113281e-01
7.818644046783447266e-01
7.785661220550537109e-01
7.792282104492187500e-01
7.752077579498291016e-01
7.779698371887207031e-01
7.751042842864990234e-01
7.748968601226806641e-01
7.734832763671875000e-01
7.758948802947998047e-01
7.753024101257324219e-01
7.795884609222412109e-01
9.882979393005371094e-01
7.804255485534667969e-01
8.735980987548828125e-01
8.571183681488037109e-01
7.817373275756835938e-01
8.827891349792480469e-01
7.930910587310791016e-01
9.508249759674072266e-01
8.102207183837890625e-01
7.908668518066406250e-01
7.876529693603515625e-01
7.773809432983398438e-01
8.135225772857666016e-01
7.891674041748046875e-01
7.881515026092529297e-01
7.756652832031250000e-01
7.757616043090820312e-01
7.773525714874267578e-01
7.765607833862304688e-01
7.811529636383056641e-01
7.836983203887939453e-01
7.880370616912841797e-01
7.892885208129882812e-01
7.786173820495605469e-01
8.055536746978759766e-01
7.668061256408691406e-01
7.772555351257324219e-01
7.657353878021240234e-01
7.724425792694091797e-01
7.806804180145263672e-01
8.197739124298095703e-01
8.239614963531494141e-01
8.027157783508300781e-01
8.390078544616699219e-01
7.776792049407958984e-01
7.936117649078369141e-01
7.840411663055419922e-01
7.760312557220458984e-01
8.008677959442138672e-01
7.963676452636718750e-01
8.344357013702392578e-01
7.741420269012451172e-01
8.278949260711669922e-01
7.927899360656738281e-01
8.111374378204345703e-01
8.218824863433837891e-01
7.740275859832763672e-01
9.023978710174560547e-01
8.222854137420654297e-01
8.215968608856201172e-01
7.757661342620849609e-01
7.733128070831298828e-01
7.958154678344726562e-01
8.675622940063476562e-01
