4.328998565673828125e+00
7.733345031738281250e-01
7.601208686828613281e-01
7.810001373291015625e-01
7.960388660430908203e-01
9.956126213073730469e-01
7.714662551879882812e-01
7.697508335113525391e-01
7.630720138549804688e-01
7.584972381591796875e-01
7.713496685028076172e-01
8.045396804809570312e-01
7.524702548980712891e-01
7.706909179687500000e-01
7.685279846191406250e-01
7.629618644714355469e-01
7.791931629180908203e-01
7.852461338043212891e-01
7.570834159851074219e-01
7.564742565155029297e-01
7.686085700988769531e-01
7.584910392761230469e-01
7.594351768493652344e-01
7.638344764709472656e-01
7.590670585632324219e-01
7.581024169921875000e-01
7.628393173217773438e-01
7.588512897491455078e-01
7.737157344818115234e-01
7.607383728027343750e-01
7.597689628601074219e-01
7.672080993652343750e-01
7.699286937713623047e-01
7.705585956573486328e-01
7.766339778900146484e-01
7.742879390716552734e-01
7.679967880249023438e-01
7.686474323272705078e-01
7.699902057647705078e-01
7.744436264038085938e-01
7.749650478363037109e-01
7.783541679382324219e-01
7.751207351684570312e-01
7.778160572052001953e-01
7.714710235595703125e-01
8.713023662567138672e-01
7.968714237213134766e-01
7.722945213317871094e-01
7.663233280181884766e-01
7.654111385345458984e-01
7.648267745971679688e-01
8.126542568206787109e-01
7.764749526977539062e-01
7.746973037719726562e-01
7.925720214843750000e-01
7.722079753875732422e-01
7.738704681396484375e-01
7.773523330688476562e-01
7.776656150817871094e-01
7.704749107360839844e-01
7.674372196197509766e-01
7.680354118347167969e-01
7.753083705902099609e-01
7.698228359222412109e-01
7.721652984619140625e-01
7.750151157379150391e-01
7.720820903778076172e-01
7.784802913665771484e-01
7.743358612060546875e-01
7.746531963348388672e-01
7.742919921875000000e-01
8.100092411041259766e-01
7.820632457733154297e-01
8.577866554260253906e-01
7.842521667480468750e-01
7.958943843841552734e-01
7.844054698944091797e-01
8.019409179687500000e-01
7.947406768798828125e-01
7.792870998382568359e-01
8.182399272918701172e-01
8.224120140075683594e-01
7.702240943908691406e-01
8.036589622497558594e-01
9.209167957305908203e-01
7.909302711486816406e-01
7.731511592864990234e-01
7.729341983795166016e-01
7.733843326568603516e-01
7.946081161499023438e-01
7.847576141357421875e-01
8.441681861877441406e-01
7.695212364196777344e-01
8.314960002899169922e-01
7.931149005889892578e-01
8.476734161376953125e-01
7.824764251708984375e-01
8.036577701568603516e-01
7.842333316802978516e-01
8.035130500793457031e-01
7.790465354919433594e-01
7.805111408233642578e-01
7.802567481994628906e-01
8.121099472045898438e-01
8.599412441253662109e-01
7.933745384216308594e-01
8.319981098175048828e-01
7.978432178497314453e-01
8.363747596740722656e-01
8.041172027587890625e-01
8.000831604003906250e-01
8.248589038848876953e-01
8.357384204864501953e-01
8.118536472320556641e-01
7.881934642791748047e-01
8.198361396789550781e-01
7.900023460388183594e-01
7.825748920440673828e-01
7.936246395111083984e-01
8.146264553070068359e-01
8.163697719573974609e-01
8.538174629211425781e-01
7.999153137207031250e-01
7.826862335205078125e-01
7.855765819549560547e-01
7.828450202941894531e-01
7.839181423187255859e-01
7.829055786132812500e-01
7.817656993865966797e-01
7.837595939636230469e-01
7.822990417480468750e-01
7.842829227447509766e-01
7.833168506622314453e-01
7.853729724884033203e-01
7.871623039245605469e-01
7.953848838806152344e-01
8.265905380249023438e-01
7.814168930053710938e-01
7.919118404388427734e-01
7.839090824127197266e-01
7.946965694427490234e-01
7.993407249450683594e-01
8.023073673248291016e-01
7.946557998657226562e-01
7.768814563751220703e-01
7.922453880310058594e-01
7.881157398223876953e-01
7.867023944854736328e-01
7.832753658294677734e-01
7.900245189666748047e-01
7.897152900695800781e-01
8.289654254913330078e-01
7.891433238983154297e-01
8.075816631317138672e-01
8.234608173370361328e-01
7.931113243103027344e-01
7.854504585266113281e-01
8.162424564361572266e-01
8.301105499267578125e-01
7.760603427886962891e-01
7.905335426330566406e-01
7.777795791625976562e-01
7.882957458496093750e-01
8.194930553436279297e-01
7.756712436676025391e-01
8.358914852142333984e-01
7.838923931121826172e-01
7.932732105255126953e-01
7.740232944488525391e-01
7.990245819091796875e-01
7.741003036499023438e-01
8.018634319305419922e-01
7.878556251525878906e-01
7.772397994995117188e-01
8.311381340026855469e-01
7.909617424011230469e-01
8.402109146118164062e-01
8.303220272064208984e-01
8.181061744689941406e-01
7.994978427886962891e-01
7.940042018890380859e-01
7.980740070343017578e-01
7.804005146026611328e-01
7.771108150482177734e-01
9.298875331878662109e-01
8.537287712097167969e-01
7.819609642028808594e-01
7.877869606018066406e-01
7.938041687011718750e-01
7.923440933227539062e-01
7.840988636016845703e-01
7.829682826995849609e-01
8.534348011016845703e-01
8.125348091125488281e-01
7.991147041320800781e-01
8.941066265106201172e-01
8.475742340087890625e-01
8.731157779693603516e-01
7.893817424774169922e-01
7.839548587799072266e-01
