4.393126010894775391e+00
7.800016403198242188e-01
7.682831287384033203e-01
7.681350708007812500e-01
7.769792079925537109e-01
8.046903610229492188e-01
7.644345760345458984e-01
7.950179576873779297e-01
7.881610393524169922e-01
7.595553398132324219e-01
8.142166137695312500e-01
7.735092639923095703e-01
7.629706859588623047e-01
7.684803009033203125e-01
7.686064243316650391e-01
7.599892616271972656e-01
7.638108730316162109e-01
7.976298332214355469e-01
7.638521194458007812e-01
8.211464881896972656e-01
7.727224826812744141e-01
7.792723178863525391e-01
7.767598628997802734e-01
7.687337398529052734e-01
7.589972019195556641e-01
8.049571514129638672e-01
8.071506023406982422e-01
7.806997299194335938e-01
7.974627017974853516e-01
7.739930152893066406e-01
7.702302932739257812e-01
7.706332206726074219e-01
8.078281879425048828e-01
8.017575740814208984e-01
7.662076950073242188e-01
7.984952926635742188e-01
7.852191925048828125e-01
7.962384223937988281e-01
8.021464347839355469e-01
7.676205635070800781e-01
7.672159671783447266e-01
7.674148082733154297e-01
7.687203884124755859e-01
7.863538265228271484e-01
7.884757518768310547e-01
7.734632492065429688e-01
7.934103012084960938e-01
8.490121364593505859e-01
8.108856678009033203e-01
7.757360935211181641e-01
8.091325759887695312e-01
8.186919689178466797e-01
7.649331092834472656e-01
8.565135002136230469e-01
7.767081260681152344e-01
8.175308704376220703e-01
8.556137084960937500e-01
7.794814109802246094e-01
7.739856243133544922e-01
7.740604877471923828e-01
7.923295497894287109e-01
7.658464908599853516e-01
7.892146110534667969e-01
7.803757190704345703e-01
7.835659980773925781e-01
7.774200439453125000e-01
7.729766368865966797e-01
7.786123752593994141e-01
7.785625457763671875e-01
7.874069213867187500e-01
7.909379005432128906e-01
7.792634963989257812e-01
7.920255661010742188e-01
7.811200618743896484e-01
7.793440818786621094e-01
7.830331325531005859e-01
7.804684638977050781e-01
7.805531024932861328e-01
7.886593341827392578e-01
8.377020359039306641e-01
8.187453746795654297e-01
7.826378345489501953e-01
7.887592315673828125e-01
7.823789119720458984e-01
7.896423339843750000e-01
8.122208118438720703e-01
8.276269435882568359e-01
7.794685363769531250e-01
7.804279327392578125e-01
7.883646488189697266e-01
7.821516990661621094e-01
7.839729785919189453e-01
7.843379974365234375e-01
7.889022827148437500e-01
8.037123680114746094e-01
7.853052616119384766e-01
8.035721778869628906e-01
9.033842086791992188e-01
7.876472473144531250e-01
7.802066802978515625e-01
8.005635738372802734e-01
8.262369632720947266e-01
7.770700454711914062e-01
8.452446460723876953e-01
8.031597137451171875e-01
8.116052150726318359e-01
8.064553737640380859e-01
8.359386920928955078e-01
8.182480335235595703e-01
8.305816650390625000e-01
7.730762958526611328e-01
7.815268039703369141e-01
8.127782344818115234e-01
8.157012462615966797e-01
7.840042114257812500e-01
7.847578525543212891e-01
7.933766841888427734e-01
7.928385734558105469e-01
7.988166809082031250e-01
7.951233386993408203e-01
8.627727031707763672e-01
8.115043640136718750e-01
8.298690319061279297e-01
8.255784511566162109e-01
7.771415710449218750e-01
7.756860256195068359e-01
7.743527889251708984e-01
8.190395832061767578e-01
8.037016391754150391e-01
7.845036983489990234e-01
8.301849365234375000e-01
8.033552169799804688e-01
8.182959556579589844e-01
8.322033882141113281e-01
7.849926948547363281e-01
8.169670104980468750e-01
7.932462692260742188e-01
8.218443393707275391e-01
8.094696998596191406e-01
8.065953254699707031e-01
7.880659103393554688e-01
7.826058864593505859e-01
8.119306564331054688e-01
7.768666744232177734e-01
8.373758792877197266e-01
7.856564521789550781e-01
7.874312400817871094e-01
7.853202819824218750e-01
7.823255062103271484e-01
7.835509777069091797e-01
7.818274497985839844e-01
7.912797927856445312e-01
7.838287353515625000e-01
7.848024368286132812e-01
7.962715625762939453e-01
7.865648269653320312e-01
7.860770225524902344e-01
7.871248722076416016e-01
7.873988151550292969e-01
7.836797237396240234e-01
7.903697490692138672e-01
7.905049324035644531e-01
7.871124744415283203e-01
7.883210182189941406e-01
7.907917499542236328e-01
7.903776168823242188e-01
7.868978977203369141e-01
7.860734462738037109e-01
7.839879989624023438e-01
7.836377620697021484e-01
7.913496494293212891e-01
7.935292720794677734e-01
7.844777107238769531e-01
7.855882644653320312e-01
8.546559810638427734e-01
7.774541378021240234e-01
7.904613018035888672e-01
7.825489044189453125e-01
8.047912120819091797e-01
7.840538024902343750e-01
8.171694278717041016e-01
7.914433479309082031e-01
7.983300685882568359e-01
7.919938564300537109e-01
7.942523956298828125e-01
7.900104522705078125e-01
7.812027931213378906e-01
8.085911273956298828e-01
8.515002727508544922e-01
8.390579223632812500e-01
7.861900329589843750e-01
8.482544422149658203e-01
8.244676589965820312e-01
8.249239921569824219e-01
7.899959087371826172e-01
8.100419044494628906e-01
7.900142669677734375e-01
7.946481704711914062e-01
7.915544509887695312e-01
7.985301017761230469e-01
