7.681891918182373047e-01
7.581224441528320312e-01
7.561309337615966797e-01
7.642760276794433594e-01
8.369233608245849609e-01
7.797288894653320312e-01
7.786760330200195312e-01
7.492866516113281250e-01
7.553753852844238281e-01
7.939150333404541016e-01
7.544443607330322266e-01
7.700173854827880859e-01
7.774944305419921875e-01
7.938935756683349609e-01
7.744839191436767578e-01
7.895689010620117188e-01
8.554821014404296875e-01
8.007121086120605469e-01
7.562990188598632812e-01
7.758893966674804688e-01
7.686898708343505859e-01
7.542665004730224609e-01
7.545518875122070312e-01
7.560813426971435547e-01
7.654881477355957031e-01
7.934405803680419922e-01
7.589435577392578125e-01
7.760672569274902344e-01
7.700741291046142578e-01
7.757291793823242188e-01
7.819335460662841797e-01
7.572147846221923828e-01
7.402071952819824219e-01
7.588012218475341797e-01
7.521946430206298828e-01
8.459510803222656250e-01
7.705631256103515625e-01
7.724835872650146484e-01
7.862462997436523438e-01
7.890911102294921875e-01
7.534782886505126953e-01
7.783310413360595703e-01
8.065826892852783203e-01
7.593312263488769531e-01
8.075256347656250000e-01
7.684402465820312500e-01
8.133454322814941406e-01
8.240439891815185547e-01
8.002214431762695312e-01
7.869737148284912109e-01
7.716722488403320312e-01
7.689132690429687500e-01
7.574121952056884766e-01
7.542889118194580078e-01
7.735035419464111328e-01
7.585992813110351562e-01
7.714719772338867188e-01
7.805280685424804688e-01
7.671232223510742188e-01
7.622787952423095703e-01
7.574381828308105469e-01
7.914493083953857422e-01
7.925338745117187500e-01
7.670602798461914062e-01
7.888493537902832031e-01
7.777926921844482422e-01
8.655359745025634766e-01
7.678041458129882812e-01
7.668881416320800781e-01
7.820069789886474609e-01
7.749686241149902344e-01
7.831647396087646484e-01
7.674026489257812500e-01
7.767283916473388672e-01
7.648382186889648438e-01
7.558419704437255859e-01
7.994632720947265625e-01
7.702670097351074219e-01
7.620766162872314453e-01
7.450683116912841797e-01
7.629106044769287109e-01
7.572898864746093750e-01
7.851817607879638672e-01
7.512996196746826172e-01
7.721073627471923828e-01
7.828199863433837891e-01
7.681944370269775391e-01
7.523081302642822266e-01
7.134692668914794922e-01
8.301715850830078125e-01
7.608919143676757812e-01
7.610516548156738281e-01
7.706756591796875000e-01
7.653555870056152344e-01
7.797064781188964844e-01
7.834258079528808594e-01
7.445220947265625000e-01
7.903776168823242188e-01
7.882537841796875000e-01
7.825512886047363281e-01
7.728357315063476562e-01
7.527582645416259766e-01
7.776615619659423828e-01
7.704222202301025391e-01
7.398312091827392578e-01
7.975409030914306641e-01
7.655255794525146484e-01
7.701900005340576172e-01
7.513284683227539062e-01
7.632384300231933594e-01
7.396907806396484375e-01
7.905132770538330078e-01
7.723586559295654297e-01
7.717394828796386719e-01
7.743804454803466797e-01
7.689595222473144531e-01
7.454314231872558594e-01
7.786636352539062500e-01
7.339968681335449219e-01
7.545859813690185547e-01
7.671215534210205078e-01
7.669587135314941406e-01
8.016850948333740234e-01
7.702102661132812500e-01
7.643518447875976562e-01
7.763948440551757812e-01
7.487087249755859375e-01
7.577781677246093750e-01
7.658298015594482422e-01
7.259693145751953125e-01
7.520143985748291016e-01
7.034051418304443359e-01
7.644937038421630859e-01
7.871179580688476562e-01
7.875354290008544922e-01
7.707412242889404297e-01
7.826423645019531250e-01
7.721226215362548828e-01
7.591562271118164062e-01
7.847909927368164062e-01
7.995908260345458984e-01
7.975168228149414062e-01
7.659051418304443359e-01
7.410662174224853516e-01
7.632336616516113281e-01
7.982203960418701172e-01
7.793228626251220703e-01
7.785844802856445312e-01
7.768013477325439453e-01
7.821447849273681641e-01
7.967381477355957031e-01
7.551383972167968750e-01
8.017792701721191406e-01
8.172583580017089844e-01
7.838935852050781250e-01
7.969591617584228516e-01
7.618732452392578125e-01
7.904284000396728516e-01
7.680809497833251953e-01
7.728409767150878906e-01
7.557511329650878906e-01
7.569088935852050781e-01
7.620346546173095703e-01
7.564415931701660156e-01
7.784717082977294922e-01
8.480353355407714844e-01
7.820351123809814453e-01
7.834811210632324219e-01
7.860736846923828125e-01
7.892148494720458984e-01
7.954683303833007812e-01
7.965936660766601562e-01
7.823607921600341797e-01
7.686340808868408203e-01
7.884798049926757812e-01
7.855815887451171875e-01
7.414705753326416016e-01
8.714237213134765625e-01
7.214646339416503906e-01
7.567136287689208984e-01
7.525088787078857422e-01
7.794072628021240234e-01
7.792351245880126953e-01
7.855527400970458984e-01
7.966432571411132812e-01
7.595784664154052734e-01
7.423329353332519531e-01
8.008873462677001953e-01
7.997405529022216797e-01
7.961528301239013672e-01
8.550555706024169922e-01
7.910575866699218750e-01
7.877006530761718750e-01
7.642414569854736328e-01
7.811379432678222656e-01
7.857007980346679688e-01
7.789072990417480469e-01
7.845847606658935547e-01
8.082206249237060547e-01
8.304684162139892578e-01
