4.327519178390502930e+00
7.472369670867919922e-01
7.468543052673339844e-01
7.535736560821533203e-01
7.444326877593994141e-01
7.461509704589843750e-01
7.495908737182617188e-01
7.619452476501464844e-01
7.469544410705566406e-01
7.514917850494384766e-01
8.539776802062988281e-01
8.088798522949218750e-01
7.546870708465576172e-01
7.527897357940673828e-01
7.522423267364501953e-01
7.509033679962158203e-01
7.557072639465332031e-01
7.544341087341308594e-01
7.431855201721191406e-01
8.826675415039062500e-01
7.608132362365722656e-01
7.704892158508300781e-01
7.565801143646240234e-01
7.876274585723876953e-01
8.107676506042480469e-01
7.525699138641357422e-01
8.000786304473876953e-01
7.443406581878662109e-01
7.662608623504638672e-01
7.503006458282470703e-01
7.745001316070556641e-01
7.824115753173828125e-01
8.319182395935058594e-01
7.873196601867675781e-01
7.485666275024414062e-01
8.320512771606445312e-01
8.105587959289550781e-01
8.200752735137939453e-01
8.841590881347656250e-01
7.904491424560546875e-01
8.122510910034179688e-01
7.818448543548583984e-01
7.614281177520751953e-01
7.693536281585693359e-01
7.787752151489257812e-01
7.656581401824951172e-01
7.903330326080322266e-01
8.250675201416015625e-01
7.624831199645996094e-01
7.599318027496337891e-01
7.611601352691650391e-01
7.568707466125488281e-01
7.587621212005615234e-01
7.729911804199218750e-01
8.089544773101806641e-01
7.852590084075927734e-01
8.546850681304931641e-01
8.031315803527832031e-01
7.719025611877441406e-01
7.611048221588134766e-01
7.846064567565917969e-01
7.772424221038818359e-01
7.870759963989257812e-01
8.331780433654785156e-01
7.735424041748046875e-01
7.663645744323730469e-01
8.232948780059814453e-01
7.697453498840332031e-01
7.557458877563476562e-01
7.543072700500488281e-01
8.370857238769531250e-01
7.713904380798339844e-01
7.719540596008300781e-01
8.046424388885498047e-01
7.617249488830566406e-01
7.524447441101074219e-01
7.583963871002197266e-01
8.180897235870361328e-01
8.698921203613281250e-01
7.963390350341796875e-01
7.896804809570312500e-01
7.619328498840332031e-01
7.635567188262939453e-01
7.814826965332031250e-01
7.671530246734619141e-01
7.668950557708740234e-01
7.672615051269531250e-01
7.683703899383544922e-01
7.670180797576904297e-01
7.947659492492675781e-01
7.822706699371337891e-01
7.811293601989746094e-01
7.733218669891357422e-01
7.969961166381835938e-01
7.746894359588623047e-01
7.738885879516601562e-01
7.742855548858642578e-01
8.065640926361083984e-01
7.736165523529052734e-01
7.567656040191650391e-01
8.421998023986816406e-01
7.691221237182617188e-01
7.797296047210693359e-01
7.910232543945312500e-01
7.992300987243652344e-01
7.721493244171142578e-01
7.884347438812255859e-01
8.256387710571289062e-01
7.736380100250244141e-01
7.946016788482666016e-01
7.891883850097656250e-01
8.339624404907226562e-01
8.379788398742675781e-01
7.689890861511230469e-01
7.888152599334716797e-01
7.912068367004394531e-01
8.091919422149658203e-01
7.696113586425781250e-01
7.948827743530273438e-01
7.918939590454101562e-01
8.765563964843750000e-01
8.276412487030029297e-01
7.940731048583984375e-01
7.973492145538330078e-01
7.695577144622802734e-01
7.700707912445068359e-01
7.710955142974853516e-01
7.699756622314453125e-01
7.741396427154541016e-01
8.049237728118896484e-01
8.918192386627197266e-01
7.909781932830810547e-01
7.899935245513916016e-01
7.759406566619873047e-01
8.039708137512207031e-01
7.795171737670898438e-01
7.954776287078857422e-01
8.036706447601318359e-01
7.679128646850585938e-01
8.697147369384765625e-01
7.834563255310058594e-01
7.841157913208007812e-01
7.765989303588867188e-01
7.864093780517578125e-01
7.599899768829345703e-01
7.581567764282226562e-01
9.572157859802246094e-01
7.994835376739501953e-01
8.107872009277343750e-01
7.737221717834472656e-01
7.686347961425781250e-01
8.385944366455078125e-01
7.593019008636474609e-01
7.953379154205322266e-01
8.762178421020507812e-01
7.969942092895507812e-01
8.127424716949462891e-01
7.597441673278808594e-01
9.630122184753417969e-01
7.739186286926269531e-01
7.722768783569335938e-01
7.790455818176269531e-01
7.590069770812988281e-01
8.328514099121093750e-01
7.613780498504638672e-01
8.406226634979248047e-01
7.696859836578369141e-01
7.737298011779785156e-01
7.768576145172119141e-01
8.038771152496337891e-01
7.901716232299804688e-01
7.792067527770996094e-01
7.830657958984375000e-01
7.793512344360351562e-01
7.796947956085205078e-01
7.802639007568359375e-01
7.807555198669433594e-01
7.879114151000976562e-01
7.762620449066162109e-01
8.041298389434814453e-01
7.905344963073730469e-01
8.562998771667480469e-01
7.871119976043701172e-01
7.783284187316894531e-01
7.812988758087158203e-01
7.749104499816894531e-01
7.758076190948486328e-01
7.789885997772216797e-01
8.242223262786865234e-01
8.439321517944335938e-01
8.589754104614257812e-01
8.894996643066406250e-01
8.162615299224853516e-01
8.741283416748046875e-01
7.716400623321533203e-01
7.715671062469482422e-01
8.155996799468994141e-01
8.151824474334716797e-01
8.015327453613281250e-01
7.927265167236328125e-01
