1.514787435531616211e+00
1.436288833618164062e+00
1.416730880737304688e+00
1.482803583145141602e+00
1.419310808181762695e+00
1.410902023315429688e+00
1.383870363235473633e+00
1.415235519409179688e+00
1.488616228103637695e+00
1.403087377548217773e+00
1.378384113311767578e+00
1.371037721633911133e+00
1.381818056106567383e+00
1.372996330261230469e+00
1.390281438827514648e+00
1.374930143356323242e+00
1.381454706192016602e+00
1.398689031600952148e+00
1.369234323501586914e+00
1.382926464080810547e+00
1.374375343322753906e+00
1.388203144073486328e+00
1.368131160736083984e+00
1.480558395385742188e+00
1.373142242431640625e+00
1.380178451538085938e+00
1.387728929519653320e+00
1.293210029602050781e+00
1.355846166610717773e+00
1.402236223220825195e+00
1.377247333526611328e+00
1.372472763061523438e+00
1.398490667343139648e+00
1.382969141006469727e+00
1.391596317291259766e+00
1.435283184051513672e+00
1.433254718780517578e+00
1.437680721282958984e+00
1.492760896682739258e+00
1.395817041397094727e+00
1.458338260650634766e+00
1.493359565734863281e+00
1.489365339279174805e+00
1.409890651702880859e+00
1.459835052490234375e+00
1.476788759231567383e+00
1.472142219543457031e+00
1.466272830963134766e+00
1.475911140441894531e+00
1.477239131927490234e+00
1.459867715835571289e+00
1.497323751449584961e+00
1.586300849914550781e+00
1.498501300811767578e+00
1.476718187332153320e+00
1.491947889328002930e+00
1.490789890289306641e+00
1.490405082702636719e+00
1.512257337570190430e+00
1.485364675521850586e+00
1.490438938140869141e+00
1.521169185638427734e+00
1.589576482772827148e+00
1.467781066894531250e+00
1.472791671752929688e+00
1.495260477066040039e+00
1.479304313659667969e+00
1.466767072677612305e+00
1.497748374938964844e+00
1.399495601654052734e+00
1.396153926849365234e+00
1.477359533309936523e+00
1.450131654739379883e+00
1.442732572555541992e+00
1.488210916519165039e+00
1.452049255371093750e+00
1.450033664703369141e+00
1.332816839218139648e+00
1.298949956893920898e+00
1.311035156250000000e+00
1.336210727691650391e+00
1.317040443420410156e+00
1.312377452850341797e+00
1.323275089263916016e+00
1.320140123367309570e+00
1.307385921478271484e+00
1.305802106857299805e+00
1.342358827590942383e+00
1.312520742416381836e+00
1.304961681365966797e+00
1.313391685485839844e+00
1.317295074462890625e+00
1.395359992980957031e+00
1.296306610107421875e+00
1.236984491348266602e+00
1.242738008499145508e+00
1.219733953475952148e+00
1.228829383850097656e+00
1.222330093383789062e+00
1.216748714447021484e+00
1.229550600051879883e+00
1.235939502716064453e+00
1.228948593139648438e+00
1.298722267150878906e+00
1.224330902099609375e+00
1.225105524063110352e+00
1.214794158935546875e+00
1.241016864776611328e+00
1.208759307861328125e+00
1.244619846343994141e+00
1.217325925827026367e+00
1.201179742813110352e+00
1.237819910049438477e+00
1.230094909667968750e+00
1.224911928176879883e+00
1.234354496002197266e+00
1.236189126968383789e+00
1.217978477478027344e+00
1.320604562759399414e+00
1.227529048919677734e+00
1.218239307403564453e+00
1.219641208648681641e+00
1.217799901962280273e+00
1.232750892639160156e+00
1.218040227890014648e+00
1.223472118377685547e+00
1.225402593612670898e+00
1.224489212036132812e+00
1.323035717010498047e+00
1.216173410415649414e+00
1.224920034408569336e+00
1.215583324432373047e+00
1.237409114837646484e+00
1.317819595336914062e+00
1.233638286590576172e+00
1.223151445388793945e+00
1.216933250427246094e+00
1.228183269500732422e+00
1.331568956375122070e+00
1.214276075363159180e+00
1.231009483337402344e+00
1.228610992431640625e+00
1.211374044418334961e+00
1.330749511718750000e+00
1.250479221343994141e+00
1.233982086181640625e+00
1.235803365707397461e+00
1.223046064376831055e+00
1.231532096862792969e+00
1.237698316574096680e+00
1.252895355224609375e+00
1.229592561721801758e+00
1.212716817855834961e+00
1.239072322845458984e+00
1.237467288970947266e+00
1.210757493972778320e+00
1.222236633300781250e+00
1.238294601440429688e+00
1.301127433776855469e+00
1.214241504669189453e+00
1.231013298034667969e+00
1.211519002914428711e+00
1.218529462814331055e+00
1.234143018722534180e+00
1.249207735061645508e+00
1.217580080032348633e+00
1.236336946487426758e+00
1.219555616378784180e+00
1.215521812438964844e+00
1.330354213714599609e+00
1.213838338851928711e+00
1.224807262420654297e+00
1.231921672821044922e+00
1.223606824874877930e+00
1.317119598388671875e+00
1.210892200469970703e+00
1.234672307968139648e+00
1.252739906311035156e+00
1.210175037384033203e+00
1.322026729583740234e+00
1.234442234039306641e+00
1.245567560195922852e+00
1.239379882812500000e+00
1.230667114257812500e+00
1.333028793334960938e+00
1.229722261428833008e+00
1.221389055252075195e+00
1.217179298400878906e+00
1.231735467910766602e+00
1.216583490371704102e+00
1.221106052398681641e+00
1.215563774108886719e+00
1.219409465789794922e+00
1.213423728942871094e+00
1.219259023666381836e+00
1.226357698440551758e+00
1.225843191146850586e+00
1.218848466873168945e+00
1.224851369857788086e+00
1.221622943878173828e+00
