1.514782428741455078e+00
1.436290502548217773e+00
1.416706800460815430e+00
1.482798337936401367e+00
1.419298887252807617e+00
1.410890817642211914e+00
1.383879423141479492e+00
1.415233850479125977e+00
1.488610267639160156e+00
1.403091430664062500e+00
1.378399133682250977e+00
1.371054410934448242e+00
1.381812810897827148e+00
1.372982740402221680e+00
1.390293359756469727e+00
1.374919414520263672e+00
1.381473064422607422e+00
1.398702621459960938e+00
1.369230747222900391e+00
1.378189325332641602e+00
1.374383449554443359e+00
1.388186931610107422e+00
1.368127107620239258e+00
1.480581521987915039e+00
1.373147726058959961e+00
1.380172967910766602e+00
1.387737512588500977e+00
1.293241262435913086e+00
1.355854034423828125e+00
1.402234315872192383e+00
1.377252578735351562e+00
1.372456789016723633e+00
1.398495674133300781e+00
1.382970571517944336e+00
1.391583681106567383e+00
1.435264110565185547e+00
1.433285951614379883e+00
1.437669277191162109e+00
1.492740631103515625e+00
1.395803928375244141e+00
1.458324193954467773e+00
1.493342638015747070e+00
1.489345312118530273e+00
1.409898519515991211e+00
1.459815740585327148e+00
1.476778268814086914e+00
1.476018667221069336e+00
1.466273546218872070e+00
1.475908517837524414e+00
1.477226734161376953e+00
1.472064018249511719e+00
1.497302055358886719e+00
1.586302995681762695e+00
1.498520851135253906e+00
1.476711273193359375e+00
1.491952419281005859e+00
1.490803718566894531e+00
1.490403890609741211e+00
1.512257814407348633e+00
1.485361099243164062e+00
1.490442752838134766e+00
1.521152496337890625e+00
1.598861932754516602e+00
1.467775583267211914e+00
1.472787618637084961e+00
1.495286464691162109e+00
1.479313373565673828e+00
1.466755390167236328e+00
1.497745037078857422e+00
1.399501562118530273e+00
1.396155118942260742e+00
1.477377891540527344e+00
1.450139760971069336e+00
1.442712306976318359e+00
1.488200426101684570e+00
1.452045440673828125e+00
1.450030326843261719e+00
1.332807064056396484e+00
1.298970937728881836e+00
1.311029672622680664e+00
1.336231946945190430e+00
1.317034244537353516e+00
1.312387228012084961e+00
1.323270559310913086e+00
1.320143699645996094e+00
1.307403326034545898e+00
1.305817842483520508e+00
1.342363834381103516e+00
1.312533855438232422e+00
1.304968118667602539e+00
1.313394308090209961e+00
1.317310333251953125e+00
1.395341873168945312e+00
1.296307325363159180e+00
1.236994504928588867e+00
1.242748737335205078e+00
1.219748735427856445e+00
1.228849172592163086e+00
1.222340106964111328e+00
1.216755867004394531e+00
1.229570865631103516e+00
1.235943078994750977e+00
1.228961706161499023e+00
1.298725128173828125e+00
1.224340438842773438e+00
1.225106954574584961e+00
1.214809417724609375e+00
1.241018772125244141e+00
1.208775043487548828e+00
1.244633674621582031e+00
1.217338562011718750e+00
1.201195716857910156e+00
1.237844228744506836e+00
1.230123996734619141e+00
1.224916219711303711e+00
1.234389305114746094e+00
1.236206769943237305e+00
1.217978239059448242e+00
1.320609807968139648e+00
1.227549552917480469e+00
1.218257427215576172e+00
1.219666481018066406e+00
1.217820405960083008e+00
1.232753276824951172e+00
1.218059778213500977e+00
1.223477840423583984e+00
1.225405216217041016e+00
1.224511384963989258e+00
1.323034286499023438e+00
1.216203451156616211e+00
1.224925518035888672e+00
1.215610027313232422e+00
1.237438201904296875e+00
1.317842006683349609e+00
1.233655691146850586e+00
1.223150730133056641e+00
1.216963768005371094e+00
1.228209733963012695e+00
1.331584692001342773e+00
1.214306354522705078e+00
1.231022119522094727e+00
1.228644132614135742e+00
1.211388826370239258e+00
1.330777406692504883e+00
1.250488519668579102e+00
1.233993768692016602e+00
1.235802888870239258e+00
1.223071575164794922e+00
1.231554746627807617e+00
1.237712383270263672e+00
1.252906084060668945e+00
1.229629755020141602e+00
1.212725877761840820e+00
1.239071607589721680e+00
1.237488985061645508e+00
1.210777997970581055e+00
1.222256183624267578e+00
1.238327264785766602e+00
1.301148414611816406e+00
1.214252948760986328e+00
1.231011629104614258e+00
1.211516618728637695e+00
1.218537569046020508e+00
1.234152555465698242e+00
1.249216556549072266e+00
1.217576026916503906e+00
1.236340999603271484e+00
1.219575405120849609e+00
1.215517044067382812e+00
1.330363035202026367e+00
1.213849067687988281e+00
1.224830865859985352e+00
1.231928348541259766e+00
1.223616838455200195e+00
1.317117452621459961e+00
1.210914134979248047e+00
1.234692573547363281e+00
1.252747774124145508e+00
1.210182666778564453e+00
1.322049856185913086e+00
1.234443426132202148e+00
1.245569467544555664e+00
1.239409923553466797e+00
1.230679512023925781e+00
1.333046197891235352e+00
1.229750394821166992e+00
1.221390962600708008e+00
1.217187643051147461e+00
1.231736183166503906e+00
1.216593742370605469e+00
1.221123456954956055e+00
1.215592622756958008e+00
1.219414949417114258e+00
1.213430166244506836e+00
1.219259262084960938e+00
1.226371049880981445e+00
1.225865840911865234e+00
1.218861341476440430e+00
1.224854469299316406e+00
1.221633434295654297e+00
