2.192464828491210938e+00
4.765820503234863281e-01
5.285894870758056641e-01
4.816043376922607422e-01
4.828991889953613281e-01
5.891716480255126953e-01
4.821796417236328125e-01
4.857180118560791016e-01
5.389051437377929688e-01
4.832594394683837891e-01
5.906274318695068359e-01
4.831285476684570312e-01
5.926146507263183594e-01
4.833984375000000000e-01
4.815928936004638672e-01
4.829444885253906250e-01
5.886139869689941406e-01
4.852054119110107422e-01
4.859919548034667969e-01
4.878787994384765625e-01
4.873261451721191406e-01
4.867355823516845703e-01
4.849874973297119141e-01
4.893641471862792969e-01
4.943027496337890625e-01
4.851245880126953125e-01
5.938861370086669922e-01
4.842071533203125000e-01
4.874038696289062500e-01
5.422270298004150391e-01
5.953578948974609375e-01
4.874203205108642578e-01
4.847600460052490234e-01
4.826703071594238281e-01
4.874408245086669922e-01
6.007394790649414062e-01
5.908796787261962891e-01
4.789271354675292969e-01
4.794080257415771484e-01
4.825575351715087891e-01
5.255105495452880859e-01
4.772467613220214844e-01
5.270872116088867188e-01
4.805302619934082031e-01
4.828405380249023438e-01
5.262491703033447266e-01
4.752788543701171875e-01
5.349807739257812500e-01
5.782423019409179688e-01
5.843224525451660156e-01
5.232942104339599609e-01
4.784514904022216797e-01
5.340487957000732422e-01
4.787931442260742188e-01
4.766747951507568359e-01
4.761865139007568359e-01
4.786756038665771484e-01
4.774053096771240234e-01
4.884796142578125000e-01
5.795779228210449219e-01
4.747402667999267578e-01
5.251669883728027344e-01
5.844874382019042969e-01
4.816377162933349609e-01
4.788000583648681641e-01
5.318150520324707031e-01
4.817497730255126953e-01
4.848339557647705078e-01
4.795217514038085938e-01
5.339889526367187500e-01
4.779312610626220703e-01
4.837222099304199219e-01
4.802737236022949219e-01
4.807689189910888672e-01
4.811880588531494141e-01
4.791071414947509766e-01
4.803497791290283203e-01
4.472825527191162109e-01
5.371325016021728516e-01
5.358300209045410156e-01
5.366311073303222656e-01
5.376424789428710938e-01
5.433557033538818359e-01
5.403432846069335938e-01
5.443053245544433594e-01
5.447452068328857422e-01
5.437233448028564453e-01
5.449225902557373047e-01
5.410201549530029297e-01
5.423295497894287109e-01
5.433862209320068359e-01
4.509410858154296875e-01
4.564652442932128906e-01
4.480035305023193359e-01
4.446291923522949219e-01
5.269999504089355469e-01
4.380421638488769531e-01
4.391832351684570312e-01
4.366505146026611328e-01
4.375455379486083984e-01
4.398999214172363281e-01
4.382355213165283203e-01
4.405341148376464844e-01
4.381210803985595703e-01
4.390563964843750000e-01
4.386065006256103516e-01
4.407191276550292969e-01
4.376571178436279297e-01
4.384400844573974609e-01
4.392411708831787109e-01
4.390776157379150391e-01
4.394924640655517578e-01
4.380104541778564453e-01
4.380600452423095703e-01
4.402046203613281250e-01
4.424233436584472656e-01
4.392333030700683594e-01
5.290715694427490234e-01
4.399170875549316406e-01
4.393620491027832031e-01
4.411756992340087891e-01
4.405012130737304688e-01
4.406845569610595703e-01
4.394571781158447266e-01
4.415113925933837891e-01
4.403066635131835938e-01
4.410343170166015625e-01
4.843895435333251953e-01
5.300281047821044922e-01
5.282573699951171875e-01
5.295519828796386719e-01
5.281090736389160156e-01
4.420647621154785156e-01
4.413065910339355469e-01
4.408068656921386719e-01
4.409294128417968750e-01
4.410176277160644531e-01
4.433786869049072266e-01
4.423668384552001953e-01
4.414751529693603516e-01
4.420087337493896484e-01
4.437611103057861328e-01
4.425792694091796875e-01
4.413444995880126953e-01
4.393672943115234375e-01
4.403090476989746094e-01
4.404833316802978516e-01
4.399054050445556641e-01
4.419586658477783203e-01
4.405677318572998047e-01
4.415748119354248047e-01
5.302298069000244141e-01
5.305194854736328125e-01
5.312585830688476562e-01
5.312240123748779297e-01
5.314834117889404297e-01
5.311958789825439453e-01
5.319116115570068359e-01
5.314371585845947266e-01
4.439821243286132812e-01
4.439485073089599609e-01
4.422199726104736328e-01
4.424948692321777344e-01
4.398758411407470703e-01
4.427282810211181641e-01
4.434871673583984375e-01
4.412732124328613281e-01
4.433870315551757812e-01
4.422092437744140625e-01
4.428207874298095703e-01
4.421749114990234375e-01
4.428701400756835938e-01
4.414944648742675781e-01
4.427332878112792969e-01
4.422235488891601562e-01
4.426538944244384766e-01
4.866931438446044922e-01
4.426870346069335938e-01
4.424359798431396484e-01
4.868881702423095703e-01
4.433743953704833984e-01
4.432661533355712891e-01
4.422147274017333984e-01
4.425487518310546875e-01
4.421517848968505859e-01
4.438631534576416016e-01
4.423518180847167969e-01
4.417104721069335938e-01
4.425990581512451172e-01
4.438211917877197266e-01
4.439249038696289062e-01
4.428117275238037109e-01
4.418840408325195312e-01
4.466195106506347656e-01
4.443686008453369141e-01
4.438502788543701172e-01
4.456419944763183594e-01
4.428713321685791016e-01
4.438619613647460938e-01
4.434957504272460938e-01
