2.195728540420532227e+00
4.957661628723144531e-01
4.951012134552001953e-01
5.012574195861816406e-01
5.054857730865478516e-01
4.996066093444824219e-01
5.046825408935546875e-01
5.113012790679931641e-01
4.958755970001220703e-01
4.995093345642089844e-01
5.035545825958251953e-01
5.030047893524169922e-01
4.981350898742675781e-01
5.013985633850097656e-01
5.058457851409912109e-01
5.025026798248291016e-01
5.111644268035888672e-01
5.059978961944580078e-01
5.025534629821777344e-01
4.960443973541259766e-01
5.039143562316894531e-01
5.020596981048583984e-01
5.161900520324707031e-01
5.052127838134765625e-01
5.044703483581542969e-01
5.042343139648437500e-01
5.066316127777099609e-01
5.048406124114990234e-01
5.060713291168212891e-01
5.117330551147460938e-01
5.021369457244873047e-01
5.064623355865478516e-01
5.009911060333251953e-01
5.075597763061523438e-01
5.030915737152099609e-01
5.033464431762695312e-01
4.969038963317871094e-01
4.997050762176513672e-01
4.993658065795898438e-01
5.014593601226806641e-01
4.999196529388427734e-01
4.923899173736572266e-01
4.932103157043457031e-01
4.948115348815917969e-01
4.976098537445068359e-01
4.976117610931396484e-01
4.970321655273437500e-01
4.987428188323974609e-01
4.898598194122314453e-01
4.898798465728759766e-01
4.892115592956542969e-01
4.906318187713623047e-01
4.970505237579345703e-01
4.919755458831787109e-01
4.922649860382080078e-01
4.909486770629882812e-01
4.910264015197753906e-01
4.947619438171386719e-01
4.913065433502197266e-01
4.936203956604003906e-01
4.939923286437988281e-01
4.970302581787109375e-01
4.940950870513916016e-01
4.923069477081298828e-01
4.995839595794677734e-01
4.890468120574951172e-01
4.944550991058349609e-01
4.947884082794189453e-01
4.980280399322509766e-01
5.159773826599121094e-01
4.958190917968750000e-01
5.056636333465576172e-01
5.025970935821533203e-01
5.016469955444335938e-01
4.988861083984375000e-01
4.996838569641113281e-01
5.017976760864257812e-01
4.496905803680419922e-01
4.484975337982177734e-01
4.469003677368164062e-01
4.450445175170898438e-01
4.507381916046142578e-01
4.503135681152343750e-01
4.466414451599121094e-01
4.469485282897949219e-01
4.517419338226318359e-01
4.499752521514892578e-01
4.497659206390380859e-01
4.479894638061523438e-01
4.552569389343261719e-01
4.549221992492675781e-01
4.482069015502929688e-01
4.554042816162109375e-01
4.481756687164306641e-01
4.455094337463378906e-01
4.434773921966552734e-01
4.391009807586669922e-01
4.403705596923828125e-01
4.405856132507324219e-01
4.421374797821044922e-01
4.416718482971191406e-01
4.424200057983398438e-01
4.411344528198242188e-01
4.399170875549316406e-01
4.430675506591796875e-01
4.401600360870361328e-01
4.406411647796630859e-01
4.417161941528320312e-01
4.413712024688720703e-01
4.399378299713134766e-01
4.402232170104980469e-01
4.414668083190917969e-01
4.415028095245361328e-01
4.399139881134033203e-01
4.407663345336914062e-01
4.460206031799316406e-01
4.444191455841064453e-01
4.421460628509521484e-01
4.409987926483154297e-01
4.409084320068359375e-01
4.403920173645019531e-01
4.430963993072509766e-01
4.438028335571289062e-01
4.419217109680175781e-01
4.406850337982177734e-01
4.412939548492431641e-01
4.430727958679199219e-01
4.419870376586914062e-01
4.424910545349121094e-01
4.420065879821777344e-01
4.422311782836914062e-01
4.421272277832031250e-01
4.408242702484130859e-01
4.428992271423339844e-01
4.426200389862060547e-01
4.425673484802246094e-01
4.417142868041992188e-01
4.435241222381591797e-01
4.428555965423583984e-01
4.423656463623046875e-01
4.419622421264648438e-01
4.416897296905517578e-01
4.415180683135986328e-01
4.430866241455078125e-01
4.415049552917480469e-01
4.414186477661132812e-01
4.437580108642578125e-01
4.415569305419921875e-01
4.420301914215087891e-01
4.434742927551269531e-01
4.417309761047363281e-01
4.419343471527099609e-01
4.417397975921630859e-01
4.424355030059814453e-01
4.427180290222167969e-01
4.400808811187744141e-01
4.427745342254638672e-01
4.433169364929199219e-01
4.431560039520263672e-01
4.430661201477050781e-01
4.434781074523925781e-01
4.434909820556640625e-01
4.447612762451171875e-01
4.417474269866943359e-01
4.421801567077636719e-01
4.439105987548828125e-01
4.422802925109863281e-01
4.426767826080322266e-01
4.430017471313476562e-01
4.467608928680419922e-01
4.439585208892822266e-01
4.466824531555175781e-01
4.439530372619628906e-01
4.441788196563720703e-01
4.445888996124267578e-01
4.434602260589599609e-01
4.446482658386230469e-01
4.441823959350585938e-01
4.437866210937500000e-01
4.435646533966064453e-01
4.432785511016845703e-01
4.421417713165283203e-01
4.445874691009521484e-01
4.440798759460449219e-01
4.437813758850097656e-01
4.420170783996582031e-01
4.449267387390136719e-01
4.424111843109130859e-01
4.434885978698730469e-01
4.432260990142822266e-01
4.435479640960693359e-01
4.454267024993896484e-01
4.430704116821289062e-01
4.434847831726074219e-01
4.427251815795898438e-01
4.434719085693359375e-01
4.441115856170654297e-01
4.445188045501708984e-01
4.445419311523437500e-01
4.431822299957275391e-01
