2.126697063446044922e+00
5.897409915924072266e-01
5.360927581787109375e-01
4.820396900177001953e-01
4.777548313140869141e-01
4.802222251892089844e-01
4.807810783386230469e-01
4.875829219818115234e-01
4.809811115264892578e-01
4.864785671234130859e-01
4.878537654876708984e-01
5.907635688781738281e-01
4.987230300903320312e-01
4.835634231567382812e-01
4.831802845001220703e-01
4.816768169403076172e-01
4.819564819335937500e-01
4.864568710327148438e-01
4.885995388031005859e-01
4.858345985412597656e-01
4.856243133544921875e-01
5.439505577087402344e-01
4.878351688385009766e-01
4.922864437103271484e-01
5.428760051727294922e-01
5.344102382659912109e-01
4.860997200012207031e-01
5.427498817443847656e-01
5.993478298187255859e-01
4.884581565856933594e-01
4.888060092926025391e-01
4.876883029937744141e-01
4.868924617767333984e-01
4.843449592590332031e-01
4.865152835845947266e-01
4.871513843536376953e-01
4.833011627197265625e-01
4.790124893188476562e-01
4.817497730255126953e-01
4.808995723724365234e-01
4.784510135650634766e-01
4.771497249603271484e-01
4.790780544281005859e-01
4.779214859008789062e-01
4.801335334777832031e-01
4.799063205718994141e-01
4.776043891906738281e-01
4.795248508453369141e-01
4.812514781951904297e-01
4.800391197204589844e-01
4.748654365539550781e-01
4.782457351684570312e-01
4.774644374847412109e-01
4.765918254852294922e-01
4.762456417083740234e-01
4.770295619964599609e-01
4.803369045257568359e-01
4.776830673217773438e-01
4.791450500488281250e-01
4.753868579864501953e-01
4.747054576873779297e-01
4.748790264129638672e-01
4.807035923004150391e-01
5.285480022430419922e-01
4.783978462219238281e-01
4.804687500000000000e-01
5.856292247772216797e-01
4.843020439147949219e-01
4.832515716552734375e-01
4.802095890045166016e-01
4.779372215270996094e-01
5.312352180480957031e-01
5.480961799621582031e-01
4.805426597595214844e-01
4.816911220550537109e-01
4.797370433807373047e-01
4.806425571441650391e-01
4.495780467987060547e-01
4.490566253662109375e-01
4.458982944488525391e-01
4.470267295837402344e-01
4.502148628234863281e-01
4.483232498168945312e-01
4.487988948822021484e-01
4.547677040100097656e-01
4.515671730041503906e-01
4.509379863739013672e-01
4.491033554077148438e-01
4.506411552429199219e-01
4.532816410064697266e-01
4.535048007965087891e-01
4.554822444915771484e-01
4.544367790222167969e-01
5.432262420654296875e-01
5.329391956329345703e-01
4.383072853088378906e-01
4.365539550781250000e-01
4.378051757812500000e-01
4.384126663208007812e-01
4.377272129058837891e-01
4.381630420684814453e-01
4.384086132049560547e-01
4.382469654083251953e-01
4.370496273040771484e-01
4.375238418579101562e-01
4.375262260437011719e-01
4.369807243347167969e-01
4.385933876037597656e-01
4.390015602111816406e-01
4.386012554168701172e-01
4.373199939727783203e-01
4.390184879302978516e-01
4.396443367004394531e-01
4.369614124298095703e-01
5.297350883483886719e-01
5.308785438537597656e-01
5.311946868896484375e-01
4.385650157928466797e-01
4.394633769989013672e-01
4.405097961425781250e-01
4.380474090576171875e-01
4.392428398132324219e-01
4.389605522155761719e-01
4.385137557983398438e-01
4.389808177947998047e-01
4.391899108886718750e-01
4.396686553955078125e-01
4.390182495117187500e-01
4.402968883514404297e-01
4.420239925384521484e-01
4.398422241210937500e-01
4.406599998474121094e-01
5.319514274597167969e-01
5.315926074981689453e-01
4.852855205535888672e-01
4.401128292083740234e-01
4.395465850830078125e-01
4.402809143066406250e-01
4.423880577087402344e-01
5.328431129455566406e-01
5.318429470062255859e-01
5.327358245849609375e-01
4.867529869079589844e-01
4.407043457031250000e-01
4.396388530731201172e-01
4.427042007446289062e-01
4.393129348754882812e-01
5.323128700256347656e-01
5.334854125976562500e-01
4.495110511779785156e-01
4.425327777862548828e-01
4.422063827514648438e-01
4.436914920806884766e-01
4.426229000091552734e-01
4.396913051605224609e-01
4.416441917419433594e-01
4.412992000579833984e-01
4.397571086883544922e-01
4.400324821472167969e-01
4.427175521850585938e-01
4.408717155456542969e-01
4.404735565185546875e-01
4.431557655334472656e-01
4.449768066406250000e-01
4.430737495422363281e-01
4.390556812286376953e-01
4.417998790740966797e-01
4.414207935333251953e-01
4.417364597320556641e-01
4.423201084136962891e-01
4.407227039337158203e-01
4.411294460296630859e-01
4.422342777252197266e-01
4.431824684143066406e-01
4.407660961151123047e-01
4.425914287567138672e-01
4.414255619049072266e-01
4.424860477447509766e-01
4.444375038146972656e-01
4.418454170227050781e-01
4.423124790191650391e-01
4.407520294189453125e-01
4.399981498718261719e-01
4.416069984436035156e-01
4.418339729309082031e-01
4.427204132080078125e-01
4.420530796051025391e-01
4.416954517364501953e-01
4.424655437469482422e-01
4.429998397827148438e-01
4.416301250457763672e-01
4.419126510620117188e-01
4.410669803619384766e-01
4.416716098785400391e-01
4.408571720123291016e-01
4.405381679534912109e-01
4.881620407104492188e-01
5.336735248565673828e-01
4.436092376708984375e-01
4.467639923095703125e-01
