2.159452676773071289e+00
4.958760738372802734e-01
4.958300590515136719e-01
5.007407665252685547e-01
5.062451362609863281e-01
5.004880428314208984e-01
5.056090354919433594e-01
5.080633163452148438e-01
5.042197704315185547e-01
5.084366798400878906e-01
5.114603042602539062e-01
5.091764926910400391e-01
5.072534084320068359e-01
5.089955329895019531e-01
5.089180469512939453e-01
5.128180980682373047e-01
5.125710964202880859e-01
5.112175941467285156e-01
5.063617229461669922e-01
5.021083354949951172e-01
5.063321590423583984e-01
5.079584121704101562e-01
5.036261081695556641e-01
5.059559345245361328e-01
5.071432590484619141e-01
5.067207813262939453e-01
5.097351074218750000e-01
5.067846775054931641e-01
5.075790882110595703e-01
5.130028724670410156e-01
5.068998336791992188e-01
5.116212368011474609e-01
5.011858940124511719e-01
5.094347000122070312e-01
5.112161636352539062e-01
5.006904602050781250e-01
4.974555969238281250e-01
4.985294342041015625e-01
5.017755031585693359e-01
5.036506652832031250e-01
5.018837451934814453e-01
4.927363395690917969e-01
4.955863952636718750e-01
4.967746734619140625e-01
4.988687038421630859e-01
5.000922679901123047e-01
5.004501342773437500e-01
4.966454505920410156e-01
4.937396049499511719e-01
4.930865764617919922e-01
4.950377941131591797e-01
4.927854537963867188e-01
5.005853176116943359e-01
4.974832534790039062e-01
5.140931606292724609e-01
4.937951564788818359e-01
4.939093589782714844e-01
4.955492019653320312e-01
4.974970817565917969e-01
5.051598548889160156e-01
4.980061054229736328e-01
5.003061294555664062e-01
4.993865489959716797e-01
5.128748416900634766e-01
5.024268627166748047e-01
4.982571601867675781e-01
5.005233287811279297e-01
4.999566078186035156e-01
5.032167434692382812e-01
5.150866508483886719e-01
4.995062351226806641e-01
5.066401958465576172e-01
5.056471824645996094e-01
5.028238296508789062e-01
5.027115345001220703e-01
5.033190250396728516e-01
5.019595623016357422e-01
4.558620452880859375e-01
4.559826850891113281e-01
4.514057636260986328e-01
4.528939723968505859e-01
4.544823169708251953e-01
4.574115276336669922e-01
4.545533657073974609e-01
4.536035060882568359e-01
4.549112319946289062e-01
4.548094272613525391e-01
4.556634426116943359e-01
4.568712711334228516e-01
4.558417797088623047e-01
4.562127590179443359e-01
4.560921192169189453e-01
4.560592174530029297e-01
4.544994831085205078e-01
4.491512775421142578e-01
4.464716911315917969e-01
4.448308944702148438e-01
4.433596134185791016e-01
4.449539184570312500e-01
4.450039863586425781e-01
4.452352523803710938e-01
4.456503391265869141e-01
4.457619190216064453e-01
4.443163871765136719e-01
4.434218406677246094e-01
4.445703029632568359e-01
4.453067779541015625e-01
4.444987773895263672e-01
4.443426132202148438e-01
4.467487335205078125e-01
4.460079669952392578e-01
4.452035427093505859e-01
4.459702968597412109e-01
4.457075595855712891e-01
4.439241886138916016e-01
4.442276954650878906e-01
4.461343288421630859e-01
4.517817497253417969e-01
4.455668926239013672e-01
4.445140361785888672e-01
4.454245567321777344e-01
4.452142715454101562e-01
4.443688392639160156e-01
4.447298049926757812e-01
4.456498622894287109e-01
4.451103210449218750e-01
4.443123340606689453e-01
4.483020305633544922e-01
4.452829360961914062e-01
4.449183940887451172e-01
4.446880817413330078e-01
4.460809230804443359e-01
4.457337856292724609e-01
4.465992450714111328e-01
4.446482658386230469e-01
4.451529979705810547e-01
4.450917243957519531e-01
4.458763599395751953e-01
4.464666843414306641e-01
4.440524578094482422e-01
4.442088603973388672e-01
4.447360038757324219e-01
4.445753097534179688e-01
4.446799755096435547e-01
4.449973106384277344e-01
4.457032680511474609e-01
4.449551105499267578e-01
4.453928470611572266e-01
4.453330039978027344e-01
4.443850517272949219e-01
4.451062679290771484e-01
4.456040859222412109e-01
4.455494880676269531e-01
4.439759254455566406e-01
4.454803466796875000e-01
4.419720172882080078e-01
4.454851150512695312e-01
4.454925060272216797e-01
4.446864128112792969e-01
4.476554393768310547e-01
4.445393085479736328e-01
4.437506198883056641e-01
4.457352161407470703e-01
4.455230236053466797e-01
4.445664882659912109e-01
4.453966617584228516e-01
4.459402561187744141e-01
4.449126720428466797e-01
4.448945522308349609e-01
4.458496570587158203e-01
4.460582733154296875e-01
4.469091892242431641e-01
4.472203254699707031e-01
4.470229148864746094e-01
4.464387893676757812e-01
4.465730190277099609e-01
4.451072216033935547e-01
4.475088119506835938e-01
4.454860687255859375e-01
4.451837539672851562e-01
4.478158950805664062e-01
4.470674991607666016e-01
4.470083713531494141e-01
4.463665485382080078e-01
4.461157321929931641e-01
4.463365077972412109e-01
4.460933208465576172e-01
4.471113681793212891e-01
4.457888603210449219e-01
4.474930763244628906e-01
4.470903873443603516e-01
4.492352008819580078e-01
4.450044631958007812e-01
4.483690261840820312e-01
4.476196765899658203e-01
4.472837448120117188e-01
4.483349323272705078e-01
4.499709606170654297e-01
4.490587711334228516e-01
4.491839408874511719e-01
