1.514785051345825195e+00
1.436288595199584961e+00
1.416717767715454102e+00
1.482795715332031250e+00
1.419298410415649414e+00
1.410890579223632812e+00
1.383878231048583984e+00
1.415230989456176758e+00
1.488612890243530273e+00
1.403092622756958008e+00
1.378400087356567383e+00
1.371056079864501953e+00
1.381809234619140625e+00
1.372984170913696289e+00
1.390293121337890625e+00
1.374919652938842773e+00
1.381474971771240234e+00
1.398703098297119141e+00
1.369233369827270508e+00
1.378189802169799805e+00
1.374383211135864258e+00
1.388186931610107422e+00
1.368127107620239258e+00
1.480583429336547852e+00
1.373147487640380859e+00
1.380171775817871094e+00
1.387737989425659180e+00
1.293243169784545898e+00
1.355859279632568359e+00
1.402232646942138672e+00
1.377253293991088867e+00
1.372455358505249023e+00
1.398497104644775391e+00
1.382968425750732422e+00
1.391568183898925781e+00
1.435265064239501953e+00
1.433286190032958984e+00
1.437670707702636719e+00
1.492743730545043945e+00
1.395802021026611328e+00
1.458321571350097656e+00
1.493345260620117188e+00
1.489343404769897461e+00
1.409891843795776367e+00
1.459814548492431641e+00
1.476778030395507812e+00
1.476019144058227539e+00
1.466267108917236328e+00
1.475904226303100586e+00
1.477220773696899414e+00
1.472082614898681641e+00
1.497304916381835938e+00
1.586304187774658203e+00
1.498522758483886719e+00
1.476712465286254883e+00
1.491955041885375977e+00
1.490806341171264648e+00
1.490406990051269531e+00
1.512258291244506836e+00
1.485359191894531250e+00
1.490442991256713867e+00
1.521154880523681641e+00
1.598862409591674805e+00
1.467773437500000000e+00
1.472788572311401367e+00
1.495284080505371094e+00
1.479315280914306641e+00
1.466758966445922852e+00
1.497742891311645508e+00
1.399503469467163086e+00
1.396158456802368164e+00
1.477381229400634766e+00
1.450139522552490234e+00
1.442713499069213867e+00
1.488201856613159180e+00
1.452049255371093750e+00
1.450030326843261719e+00
1.332806587219238281e+00
1.298969984054565430e+00
1.311030626296997070e+00
1.336232662200927734e+00
1.317033529281616211e+00
1.312384605407714844e+00
1.323272228240966797e+00
1.320142269134521484e+00
1.307403087615966797e+00
1.305819272994995117e+00
1.342364311218261719e+00
1.312534809112548828e+00
1.304963111877441406e+00
1.313395977020263672e+00
1.317310333251953125e+00
1.395343780517578125e+00
1.296305656433105469e+00
1.236994028091430664e+00
1.242747545242309570e+00
1.219745635986328125e+00
1.228846311569213867e+00
1.222339153289794922e+00
1.216754436492919922e+00
1.229570865631103516e+00
1.235947847366333008e+00
1.228957176208496094e+00
1.298719406127929688e+00
1.224338293075561523e+00
1.225103139877319336e+00
1.214813709259033203e+00
1.241023302078247070e+00
1.208774566650390625e+00
1.244630336761474609e+00
1.217343807220458984e+00
1.201195716857910156e+00
1.237839937210083008e+00
1.230128288269042969e+00
1.224915504455566406e+00
1.234389781951904297e+00
1.236203432083129883e+00
1.217977523803710938e+00
1.320608854293823242e+00
1.227549552917480469e+00
1.218255996704101562e+00
1.219666242599487305e+00
1.217821359634399414e+00
1.232750415802001953e+00
1.218061447143554688e+00
1.223479747772216797e+00
1.225396633148193359e+00
1.224512100219726562e+00
1.323035478591918945e+00
1.216204643249511719e+00
1.224922180175781250e+00
1.215609788894653320e+00
1.237437486648559570e+00
1.317840099334716797e+00
1.233657598495483398e+00
1.223150968551635742e+00
1.216964006423950195e+00
1.228209495544433594e+00
1.331580877304077148e+00
1.214306354522705078e+00
1.231021404266357422e+00
1.228643655776977539e+00
1.211384534835815430e+00
1.330774784088134766e+00
1.250479459762573242e+00
1.233993053436279297e+00
1.235798358917236328e+00
1.223065614700317383e+00
1.231554746627807617e+00
1.237708091735839844e+00
1.252903223037719727e+00
1.229630708694458008e+00
1.212726354598999023e+00
1.239065647125244141e+00
1.237489938735961914e+00
1.210777759552001953e+00
1.222249984741210938e+00
1.238328933715820312e+00
1.301147222518920898e+00
1.214251518249511719e+00
1.231007099151611328e+00
1.211512088775634766e+00
1.218535900115966797e+00
1.234155893325805664e+00
1.249215602874755859e+00
1.217573881149291992e+00
1.236335992813110352e+00
1.219570398330688477e+00
1.215511560440063477e+00
1.330362081527709961e+00
1.213849544525146484e+00
1.224827289581298828e+00
1.231906890869140625e+00
1.223617315292358398e+00
1.317113399505615234e+00
1.210915803909301758e+00
1.234688758850097656e+00
1.252745389938354492e+00
1.210182428359985352e+00
1.322057723999023438e+00
1.234442710876464844e+00
1.245570898056030273e+00
1.239407062530517578e+00
1.230681419372558594e+00
1.333044767379760742e+00
1.229745626449584961e+00
1.221392393112182617e+00
1.217188358306884766e+00
1.231732845306396484e+00
1.216593265533447266e+00
1.221123933792114258e+00
1.215586423873901367e+00
1.219408273696899414e+00
1.213429212570190430e+00
1.219261407852172852e+00
1.226364374160766602e+00
1.225866556167602539e+00
1.218861818313598633e+00
1.224853515625000000e+00
1.221632957458496094e+00
