2.805242538452148438e+00
4.290924072265625000e-01
4.274852275848388672e-01
4.307079315185546875e-01
4.333961009979248047e-01
4.332282543182373047e-01
4.352505207061767578e-01
4.394598007202148438e-01
4.410133361816406250e-01
4.403464794158935547e-01
4.397504329681396484e-01
4.411516189575195312e-01
4.346339702606201172e-01
4.396727085113525391e-01
4.365718364715576172e-01
4.340357780456542969e-01
4.378135204315185547e-01
4.364235401153564453e-01
4.722430706024169922e-01
4.376485347747802734e-01
4.401910305023193359e-01
4.375703334808349609e-01
4.381928443908691406e-01
4.389975070953369141e-01
4.418952465057373047e-01
4.531633853912353516e-01
4.451143741607666016e-01
4.986574649810791016e-01
5.163836479187011719e-01
5.038764476776123047e-01
4.643702507019042969e-01
4.514133930206298828e-01
4.471850395202636719e-01
4.544150829315185547e-01
4.490270614624023438e-01
4.568860530853271484e-01
4.486823081970214844e-01
4.424488544464111328e-01
4.781174659729003906e-01
4.807732105255126953e-01
4.765248298645019531e-01
4.645564556121826172e-01
4.491968154907226562e-01
4.502761363983154297e-01
4.440658092498779297e-01
4.436213970184326172e-01
4.368927478790283203e-01
4.392371177673339844e-01
4.465270042419433594e-01
4.421539306640625000e-01
4.417145252227783203e-01
4.471170902252197266e-01
4.434993267059326172e-01
4.374475479125976562e-01
4.383065700531005859e-01
4.389216899871826172e-01
4.436872005462646484e-01
4.444098472595214844e-01
4.486117362976074219e-01
4.533436298370361328e-01
4.506382942199707031e-01
4.521791934967041016e-01
4.561960697174072266e-01
4.523081779479980469e-01
4.516036510467529297e-01
4.648234844207763672e-01
4.588670730590820312e-01
4.521563053131103516e-01
4.476068019866943359e-01
4.511933326721191406e-01
4.541852474212646484e-01
4.655194282531738281e-01
4.548141956329345703e-01
4.500403404235839844e-01
4.494161605834960938e-01
4.615232944488525391e-01
4.526586532592773438e-01
4.496037960052490234e-01
4.451060295104980469e-01
4.423666000366210938e-01
4.453542232513427734e-01
4.454886913299560547e-01
4.535810947418212891e-01
4.429578781127929688e-01
4.466004371643066406e-01
4.434473514556884766e-01
4.391255378723144531e-01
4.486367702484130859e-01
4.423818588256835938e-01
4.399747848510742188e-01
4.569370746612548828e-01
4.576678276062011719e-01
4.844107627868652344e-01
5.221161842346191406e-01
5.042781829833984375e-01
4.849672317504882812e-01
4.846806526184082031e-01
4.901587963104248047e-01
5.006542205810546875e-01
4.598858356475830078e-01
4.535832405090332031e-01
4.549355506896972656e-01
4.512925148010253906e-01
4.502909183502197266e-01
4.614727497100830078e-01
4.481000900268554688e-01
4.495940208435058594e-01
4.523398876190185547e-01
4.519448280334472656e-01
4.509851932525634766e-01
4.580924510955810547e-01
4.532225131988525391e-01
4.676558971405029297e-01
4.522786140441894531e-01
5.254731178283691406e-01
4.848763942718505859e-01
4.874906539916992188e-01
4.874312877655029297e-01
4.553477764129638672e-01
4.472553730010986328e-01
4.488422870635986328e-01
4.428615570068359375e-01
4.455897808074951172e-01
4.448275566101074219e-01
4.486875534057617188e-01
4.431152343750000000e-01
4.286136627197265625e-01
4.328434467315673828e-01
4.455368518829345703e-01
4.451956748962402344e-01
4.428894519805908203e-01
4.392564296722412109e-01
4.540228843688964844e-01
4.470374584197998047e-01
4.692769050598144531e-01
4.469652175903320312e-01
4.354617595672607422e-01
4.357597827911376953e-01
4.606218338012695312e-01
4.455852508544921875e-01
5.103228092193603516e-01
4.830842018127441406e-01
5.149371623992919922e-01
4.482588768005371094e-01
4.563980102539062500e-01
4.549331665039062500e-01
4.570317268371582031e-01
4.594757556915283203e-01
4.626481533050537109e-01
4.530909061431884766e-01
4.477243423461914062e-01
4.483337402343750000e-01
4.470977783203125000e-01
4.587590694427490234e-01
4.480047225952148438e-01
4.477195739746093750e-01
4.515166282653808594e-01
4.478852748870849609e-01
4.511322975158691406e-01
4.569282531738281250e-01
4.529983997344970703e-01
4.686975479125976562e-01
4.507355690002441406e-01
4.450418949127197266e-01
4.477066993713378906e-01
4.696900844573974609e-01
4.584743976593017578e-01
4.909768104553222656e-01
5.265383720397949219e-01
4.835455417633056641e-01
4.523417949676513672e-01
4.844722747802734375e-01
4.497485160827636719e-01
4.524569511413574219e-01
4.551336765289306641e-01
4.557309150695800781e-01
4.355623722076416016e-01
4.588873386383056641e-01
4.496479034423828125e-01
4.552221298217773438e-01
4.487133026123046875e-01
4.648602008819580078e-01
4.545884132385253906e-01
4.506895542144775391e-01
4.566059112548828125e-01
4.576785564422607422e-01
4.467694759368896484e-01
4.356074333190917969e-01
4.483814239501953125e-01
4.911482334136962891e-01
4.600179195404052734e-01
4.507234096527099609e-01
4.745948314666748047e-01
4.586708545684814453e-01
4.553680419921875000e-01
4.608242511749267578e-01
4.618995189666748047e-01
4.576127529144287109e-01
4.571187496185302734e-01
4.549498558044433594e-01
