1.242298126220703125e+00
1.246186971664428711e+00
1.244884729385375977e+00
1.311375617980957031e+00
1.246441125869750977e+00
1.241423606872558594e+00
1.218373775482177734e+00
1.230366945266723633e+00
1.298991441726684570e+00
1.230732679367065430e+00
1.220837354660034180e+00
1.227697372436523438e+00
1.292902231216430664e+00
1.292541265487670898e+00
1.296510934829711914e+00
1.289493560791015625e+00
1.230211973190307617e+00
1.235101938247680664e+00
1.316672801971435547e+00
1.269505739212036133e+00
1.289998531341552734e+00
1.538590192794799805e+00
1.692987442016601562e+00
2.057590246200561523e+00
1.564805746078491211e+00
1.361878395080566406e+00
1.273485422134399414e+00
1.273480653762817383e+00
1.285115242004394531e+00
1.276201725006103516e+00
1.292128086090087891e+00
1.279117345809936523e+00
1.272732973098754883e+00
1.269355535507202148e+00
1.275799989700317383e+00
1.252515554428100586e+00
1.235898017883300781e+00
1.243520736694335938e+00
1.248302698135375977e+00
1.320504665374755859e+00
1.318534135818481445e+00
1.319488048553466797e+00
1.322296380996704102e+00
1.343337535858154297e+00
1.319244146347045898e+00
1.316534519195556641e+00
1.257749319076538086e+00
1.256872892379760742e+00
1.267290353775024414e+00
1.261379480361938477e+00
1.257960081100463867e+00
1.261981010437011719e+00
1.493524312973022461e+00
1.618978738784790039e+00
1.826323032379150391e+00
1.933561325073242188e+00
1.791235923767089844e+00
1.622273206710815430e+00
1.245736598968505859e+00
1.237820386886596680e+00
1.251689672470092773e+00
1.259470462799072266e+00
1.337078571319580078e+00
1.250996112823486328e+00
1.248892307281494141e+00
1.251213788986206055e+00
1.243234395980834961e+00
1.246474981307983398e+00
1.254231691360473633e+00
1.241215467453002930e+00
1.294828653335571289e+00
1.269336223602294922e+00
1.257794618606567383e+00
1.241902589797973633e+00
1.242119312286376953e+00
1.298374891281127930e+00
1.298745870590209961e+00
1.246671438217163086e+00
1.261696815490722656e+00
1.239653348922729492e+00
1.239725589752197266e+00
1.249107837677001953e+00
1.250535249710083008e+00
1.258044958114624023e+00
1.253662347793579102e+00
1.250491857528686523e+00
1.245262622833251953e+00
1.312415122985839844e+00
1.700911760330200195e+00
1.898503303527832031e+00
1.877208948135375977e+00
1.722823143005371094e+00
1.504175662994384766e+00
1.245798587799072266e+00
1.324098587036132812e+00
1.299179315567016602e+00
1.307586193084716797e+00
1.303888797760009766e+00
1.313659429550170898e+00
1.313674211502075195e+00
1.315939903259277344e+00
1.260178804397583008e+00
1.269421100616455078e+00
1.340654850006103516e+00
1.280301332473754883e+00
1.273738145828247070e+00
1.268489360809326172e+00
1.263729095458984375e+00
1.271017551422119141e+00
1.279920816421508789e+00
1.256385087966918945e+00
1.289535522460937500e+00
1.260573863983154297e+00
1.289733648300170898e+00
1.309709072113037109e+00
1.309000253677368164e+00
1.306839466094970703e+00
1.332999467849731445e+00
1.340944051742553711e+00
1.279910802841186523e+00
1.268163919448852539e+00
1.305820941925048828e+00
1.267321586608886719e+00
1.274806022644042969e+00
1.265196561813354492e+00
1.273496150970458984e+00
1.284832239151000977e+00
1.281540632247924805e+00
1.349035024642944336e+00
1.243655443191528320e+00
1.236739635467529297e+00
1.229995012283325195e+00
1.411402463912963867e+00
1.700615406036376953e+00
1.782872200012207031e+00
1.796706676483154297e+00
1.819317817687988281e+00
1.878962755203247070e+00
1.760180473327636719e+00
1.598212003707885742e+00
1.276436567306518555e+00
1.367033720016479492e+00
1.346989393234252930e+00
1.477282047271728516e+00
1.384629726409912109e+00
1.387420415878295898e+00
1.333656549453735352e+00
1.305765867233276367e+00
1.269438982009887695e+00
1.265196561813354492e+00
1.306287288665771484e+00
1.307860136032104492e+00
1.309796333312988281e+00
1.304336786270141602e+00
1.307036161422729492e+00
1.292568445205688477e+00
1.284539222717285156e+00
1.279850959777832031e+00
1.371166706085205078e+00
1.286101341247558594e+00
1.296762943267822266e+00
1.284895658493041992e+00
1.493659973144531250e+00
1.741560935974121094e+00
1.912373065948486328e+00
1.792148828506469727e+00
1.492499589920043945e+00
1.238182067871093750e+00
1.271585702896118164e+00
1.392668724060058594e+00
1.355044841766357422e+00
1.362033843994140625e+00
1.353097438812255859e+00
1.369529247283935547e+00
1.478602409362792969e+00
1.335155963897705078e+00
1.251962900161743164e+00
1.640882253646850586e+00
1.260829925537109375e+00
1.320772886276245117e+00
1.258298635482788086e+00
1.276005983352661133e+00
1.277089595794677734e+00
1.253867149353027344e+00
1.347136020660400391e+00
1.491867065429687500e+00
1.681972742080688477e+00
1.866349220275878906e+00
1.746231317520141602e+00
1.424843788146972656e+00
1.248973846435546875e+00
1.263766527175903320e+00
1.260943174362182617e+00
1.255995273590087891e+00
1.267116546630859375e+00
1.270160675048828125e+00
1.275307893753051758e+00
1.314750671386718750e+00
1.256855487823486328e+00
1.263655185699462891e+00
