2.793644666671752930e+00
4.507856369018554688e-01
4.496462345123291016e-01
4.508936405181884766e-01
4.540002346038818359e-01
4.567213058471679688e-01
4.568233489990234375e-01
4.598402976989746094e-01
4.637947082519531250e-01
4.588303565979003906e-01
4.581489562988281250e-01
4.525771141052246094e-01
4.604444503784179688e-01
4.587810039520263672e-01
4.556219577789306641e-01
4.546310901641845703e-01
4.575674533843994141e-01
4.519124031066894531e-01
4.536590576171875000e-01
4.530494213104248047e-01
4.503891468048095703e-01
4.532434940338134766e-01
4.590804576873779297e-01
4.576034545898437500e-01
4.610390663146972656e-01
4.603674411773681641e-01
4.642090797424316406e-01
4.613962173461914062e-01
4.672937393188476562e-01
4.674906730651855469e-01
4.588627815246582031e-01
4.620254039764404297e-01
4.664168357849121094e-01
4.641404151916503906e-01
4.617550373077392578e-01
4.662191867828369141e-01
4.595050811767578125e-01
4.517650604248046875e-01
4.587187767028808594e-01
4.536046981811523438e-01
4.632413387298583984e-01
4.654808044433593750e-01
4.610095024108886719e-01
4.696743488311767578e-01
4.599826335906982422e-01
4.602093696594238281e-01
4.573590755462646484e-01
4.599552154541015625e-01
4.610760211944580078e-01
4.586262702941894531e-01
4.581937789916992188e-01
4.604449272155761719e-01
4.538609981536865234e-01
4.590635299682617188e-01
4.553458690643310547e-01
4.585630893707275391e-01
4.641172885894775391e-01
4.635384082794189453e-01
4.658629894256591797e-01
4.660582542419433594e-01
4.702949523925781250e-01
4.716072082519531250e-01
4.666101932525634766e-01
4.735646247863769531e-01
4.654283523559570312e-01
4.648218154907226562e-01
4.851982593536376953e-01
4.703884124755859375e-01
4.701735973358154297e-01
4.632413387298583984e-01
5.126831531524658203e-01
5.152587890625000000e-01
5.267677307128906250e-01
4.717481136322021484e-01
4.666998386383056641e-01
4.790184497833251953e-01
4.716918468475341797e-01
4.824824333190917969e-01
4.638514518737792969e-01
4.630174636840820312e-01
4.569857120513916016e-01
4.612677097320556641e-01
4.660527706146240234e-01
4.633188247680664062e-01
4.622907638549804688e-01
4.640133380889892578e-01
4.583189487457275391e-01
4.643611907958984375e-01
4.595706462860107422e-01
4.597773551940917969e-01
4.659459590911865234e-01
4.634654521942138672e-01
4.610977172851562500e-01
4.635734558105468750e-01
4.657182693481445312e-01
4.731533527374267578e-01
4.672570228576660156e-01
4.690918922424316406e-01
4.676380157470703125e-01
4.700424671173095703e-01
4.705467224121093750e-01
4.919180870056152344e-01
4.627306461334228516e-01
4.648418426513671875e-01
5.164260864257812500e-01
4.825704097747802734e-01
4.832055568695068359e-01
4.743022918701171875e-01
4.702990055084228516e-01
5.128192901611328125e-01
5.183792114257812500e-01
4.709413051605224609e-01
5.093638896942138672e-01
4.994826316833496094e-01
4.730100631713867188e-01
4.691591262817382812e-01
4.694583415985107422e-01
4.728527069091796875e-01
4.771423339843750000e-01
4.635341167449951172e-01
4.667448997497558594e-01
4.677393436431884766e-01
4.679875373840332031e-01
4.717464447021484375e-01
4.734160900115966797e-01
4.719777107238769531e-01
4.458351135253906250e-01
4.529695510864257812e-01
4.575998783111572266e-01
4.686634540557861328e-01
4.625191688537597656e-01
4.643824100494384766e-01
4.680039882659912109e-01
4.662013053894042969e-01
4.689369201660156250e-01
4.686427116394042969e-01
4.594042301177978516e-01
4.603526592254638672e-01
4.702050685882568359e-01
4.641087055206298828e-01
4.662146568298339844e-01
4.697642326354980469e-01
4.740374088287353516e-01
4.737746715545654297e-01
4.715049266815185547e-01
4.732661247253417969e-01
4.737477302551269531e-01
4.743931293487548828e-01
4.734685420989990234e-01
4.739465713500976562e-01
4.700064659118652344e-01
4.684562683105468750e-01
4.661660194396972656e-01
4.646420478820800781e-01
4.658136367797851562e-01
4.671306610107421875e-01
4.682497978210449219e-01
4.695129394531250000e-01
4.733223915100097656e-01
4.828662872314453125e-01
4.749741554260253906e-01
4.721903800964355469e-01
4.473748207092285156e-01
4.399628639221191406e-01
4.674735069274902344e-01
4.641807079315185547e-01
4.659845829010009766e-01
4.725060462951660156e-01
4.786255359649658203e-01
5.037519931793212891e-01
4.768965244293212891e-01
4.665999412536621094e-01
4.714150428771972656e-01
4.737977981567382812e-01
4.760434627532958984e-01
4.710485935211181641e-01
4.466772079467773438e-01
4.854798316955566406e-01
4.724678993225097656e-01
4.693169593811035156e-01
4.696938991546630859e-01
4.462766647338867188e-01
4.500434398651123047e-01
4.473304748535156250e-01
4.520757198333740234e-01
4.648435115814208984e-01
4.689912796020507812e-01
4.652252197265625000e-01
4.675190448760986328e-01
4.745602607727050781e-01
4.849476814270019531e-01
4.758765697479248047e-01
4.755313396453857422e-01
4.921774864196777344e-01
4.915165901184082031e-01
4.900889396667480469e-01
5.217580795288085938e-01
4.838869571685791016e-01
4.703285694122314453e-01
4.644007682800292969e-01
