1.242296934127807617e+00
1.246186971664428711e+00
1.244887828826904297e+00
1.311377048492431641e+00
1.246441364288330078e+00
1.241423130035400391e+00
1.218374252319335938e+00
1.230368375778198242e+00
1.298988103866577148e+00
1.230736732482910156e+00
1.220839500427246094e+00
1.227697372436523438e+00
1.292902708053588867e+00
1.292537689208984375e+00
1.296509504318237305e+00
1.289499044418334961e+00
1.243258476257324219e+00
1.235100746154785156e+00
1.316669464111328125e+00
1.269501924514770508e+00
1.289998769760131836e+00
1.538590192794799805e+00
1.696740865707397461e+00
2.057590007781982422e+00
1.564805507659912109e+00
1.361878156661987305e+00
1.273485422134399414e+00
1.273481845855712891e+00
1.285115242004394531e+00
1.276207923889160156e+00
1.292128324508666992e+00
1.279119968414306641e+00
1.272732973098754883e+00
1.269352436065673828e+00
1.275795221328735352e+00
1.252510070800781250e+00
1.235898256301879883e+00
1.243517637252807617e+00
1.248306512832641602e+00
1.320513963699340820e+00
1.318529129028320312e+00
1.319491147994995117e+00
1.322295188903808594e+00
1.343333244323730469e+00
1.319246053695678711e+00
1.316534280776977539e+00
1.257744550704956055e+00
1.256870508193969727e+00
1.267263174057006836e+00
1.261374473571777344e+00
1.257957696914672852e+00
1.261977672576904297e+00
1.493523597717285156e+00
1.618977069854736328e+00
1.826322793960571289e+00
1.933557987213134766e+00
1.779916048049926758e+00
1.622263193130493164e+00
1.245739698410034180e+00
1.225813388824462891e+00
1.251687049865722656e+00
1.259471416473388672e+00
1.337082386016845703e+00
1.250998973846435547e+00
1.248897314071655273e+00
1.245893955230712891e+00
1.243234872817993164e+00
1.246476888656616211e+00
1.254234790802001953e+00
1.241212129592895508e+00
1.294831037521362305e+00
1.269342422485351562e+00
1.257794380187988281e+00
1.241900920867919922e+00
1.242119073867797852e+00
1.298375844955444336e+00
1.298746109008789062e+00
1.246675014495849609e+00
1.261698484420776367e+00
1.239656448364257812e+00
1.239724397659301758e+00
1.249107599258422852e+00
1.250536203384399414e+00
1.258046865463256836e+00
1.253658533096313477e+00
1.250492811203002930e+00
1.245257854461669922e+00
1.312418937683105469e+00
1.700906515121459961e+00
1.898499727249145508e+00
1.877199649810791016e+00
1.722820758819580078e+00
1.504163026809692383e+00
1.245798826217651367e+00
1.322583675384521484e+00
1.299175024032592773e+00
1.307583093643188477e+00
1.303888320922851562e+00
1.313658475875854492e+00
1.313673734664916992e+00
1.315944194793701172e+00
1.260178089141845703e+00
1.269422054290771484e+00
1.340653896331787109e+00
1.280303239822387695e+00
1.273864030838012695e+00
1.268490076065063477e+00
1.263729095458984375e+00
1.271015882492065430e+00
1.291037321090698242e+00
1.256391525268554688e+00
1.289535045623779297e+00
1.260571956634521484e+00
1.289733171463012695e+00
1.309702157974243164e+00
1.309004545211791992e+00
1.299970626831054688e+00
1.352967023849487305e+00
1.340942144393920898e+00
1.279907226562500000e+00
1.268168926239013672e+00
1.305820226669311523e+00
1.267322540283203125e+00
1.274805545806884766e+00
1.265205860137939453e+00
1.273495197296142578e+00
1.284828662872314453e+00
1.281541109085083008e+00
1.349030256271362305e+00
1.230636358261108398e+00
1.236741542816162109e+00
1.229999303817749023e+00
1.411401271820068359e+00
1.700618267059326172e+00
1.782873630523681641e+00
1.796712875366210938e+00
1.819321632385253906e+00
1.878968238830566406e+00
1.760183334350585938e+00
1.598213434219360352e+00
1.276436567306518555e+00
1.373337745666503906e+00
1.346992254257202148e+00
1.477283000946044922e+00
1.384627103805541992e+00
1.387422084808349609e+00
1.333656072616577148e+00
1.305764913558959961e+00
1.269440889358520508e+00
1.265196084976196289e+00
1.306284666061401367e+00
1.307862281799316406e+00
1.309789419174194336e+00
1.304338216781616211e+00
1.307034015655517578e+00
1.292561531066894531e+00
1.284540414810180664e+00
1.279846191406250000e+00
1.371165037155151367e+00
1.286101818084716797e+00
1.296762943267822266e+00
1.284901618957519531e+00
1.493670463562011719e+00
1.741563558578491211e+00
1.912363767623901367e+00
1.792159557342529297e+00
1.472992658615112305e+00
1.238184452056884766e+00
1.271585702896118164e+00
1.392671346664428711e+00
1.355046749114990234e+00
1.362035751342773438e+00
1.353109121322631836e+00
1.369530200958251953e+00
1.478604316711425781e+00
1.335156440734863281e+00
1.251962423324584961e+00
1.640882730484008789e+00
1.260829687118530273e+00
1.320775508880615234e+00
1.258305072784423828e+00
1.276007175445556641e+00
1.277093887329101562e+00
1.253865957260131836e+00
1.347139835357666016e+00
1.491866350173950195e+00
1.681974411010742188e+00
1.869712829589843750e+00
1.746236562728881836e+00
1.424845457077026367e+00
1.248968124389648438e+00
1.263763666152954102e+00
1.260937929153442383e+00
1.255988836288452148e+00
1.267117738723754883e+00
1.270162343978881836e+00
1.293063402175903320e+00
1.314752817153930664e+00
1.256854057312011719e+00
1.263654470443725586e+00
