1.242303609848022461e+00
1.246216058731079102e+00
1.244920015335083008e+00
1.311397790908813477e+00
1.246453762054443359e+00
1.241433382034301758e+00
1.218377113342285156e+00
1.230344295501708984e+00
1.298990488052368164e+00
1.230731487274169922e+00
1.220854997634887695e+00
1.227685689926147461e+00
1.292903900146484375e+00
1.292501211166381836e+00
1.296505689620971680e+00
1.289497375488281250e+00
1.248344421386718750e+00
1.235075712203979492e+00
1.325853347778320312e+00
1.269493341445922852e+00
1.290004491806030273e+00
1.538584470748901367e+00
1.696740150451660156e+00
2.057597160339355469e+00
1.564761161804199219e+00
1.361821651458740234e+00
1.273471355438232422e+00
1.273484230041503906e+00
1.285127162933349609e+00
1.276205778121948242e+00
1.292125463485717773e+00
1.279106616973876953e+00
1.272734642028808594e+00
1.269341468811035156e+00
1.275788545608520508e+00
1.252480983734130859e+00
1.235862016677856445e+00
1.243491649627685547e+00
1.248296737670898438e+00
1.320518493652343750e+00
1.318534851074218750e+00
1.319464206695556641e+00
1.322299480438232422e+00
1.343319654464721680e+00
1.319253206253051758e+00
1.316515922546386719e+00
1.257722377777099609e+00
1.248859882354736328e+00
1.267227172851562500e+00
1.261368751525878906e+00
1.257941961288452148e+00
1.261955261230468750e+00
1.493546009063720703e+00
1.619010925292968750e+00
1.836697816848754883e+00
1.933556556701660156e+00
1.791222095489501953e+00
1.622233390808105469e+00
1.245736837387084961e+00
1.237804889678955078e+00
1.251654863357543945e+00
1.259452104568481445e+00
1.337070941925048828e+00
1.250976800918579102e+00
1.248881340026855469e+00
1.251198291778564453e+00
1.243238925933837891e+00
1.246448993682861328e+00
1.254210233688354492e+00
1.241190671920776367e+00
1.294841051101684570e+00
1.269319772720336914e+00
1.257779121398925781e+00
1.241873264312744141e+00
1.242114305496215820e+00
1.298366308212280273e+00
1.298737049102783203e+00
1.246637582778930664e+00
1.261684894561767578e+00
1.239648580551147461e+00
1.239702939987182617e+00
1.249089241027832031e+00
1.250522375106811523e+00
1.258042573928833008e+00
1.253669738769531250e+00
1.257125139236450195e+00
1.245263338088989258e+00
1.312424182891845703e+00
1.700917243957519531e+00
1.898504018783569336e+00
1.877200365066528320e+00
1.722837686538696289e+00
1.504185199737548828e+00
1.245801925659179688e+00
1.306587219238281250e+00
1.299176931381225586e+00
1.307587385177612305e+00
1.303882360458374023e+00
1.313662528991699219e+00
1.313670158386230469e+00
1.315935134887695312e+00
1.260156393051147461e+00
1.269414663314819336e+00
1.340634107589721680e+00
1.280290603637695312e+00
1.273828983306884766e+00
1.268503189086914062e+00
1.263755559921264648e+00
1.271013975143432617e+00
1.302784919738769531e+00
1.256377458572387695e+00
1.287089824676513672e+00
1.260572910308837891e+00
1.289726018905639648e+00
1.309691667556762695e+00
1.308994770050048828e+00
1.306839466094970703e+00
1.354178428649902344e+00
1.340927124023437500e+00
1.279896736145019531e+00
1.268154144287109375e+00
1.305799961090087891e+00
1.267332315444946289e+00
1.274781703948974609e+00
1.265204906463623047e+00
1.273469209671020508e+00
1.284826278686523438e+00
1.281534433364868164e+00
1.349004507064819336e+00
1.261024236679077148e+00
1.236764430999755859e+00
1.229990482330322266e+00
1.411429882049560547e+00
1.700632572174072266e+00
1.782882690429687500e+00
1.796731948852539062e+00
1.819337606430053711e+00
1.878981828689575195e+00
1.760204315185546875e+00
1.598227500915527344e+00
1.276442050933837891e+00
1.373335838317871094e+00
1.346973896026611328e+00
1.477286577224731445e+00
1.384619712829589844e+00
1.387346744537353516e+00
1.333638906478881836e+00
1.305757045745849609e+00
1.269432067871093750e+00
1.265203475952148438e+00
1.306280612945556641e+00
1.307853460311889648e+00
1.309786319732666016e+00
1.304340124130249023e+00
1.307018041610717773e+00
1.292549848556518555e+00
1.284517526626586914e+00
1.279847383499145508e+00
1.371146440505981445e+00
1.286107301712036133e+00
1.296753883361816406e+00
1.284884929656982422e+00
1.493660926818847656e+00
1.741595745086669922e+00
1.912334442138671875e+00
1.792159318923950195e+00
1.492515325546264648e+00
1.238202095031738281e+00
1.271580696105957031e+00
1.392663717269897461e+00
1.355047702789306641e+00
1.362048625946044922e+00
1.353150606155395508e+00
1.369529724121093750e+00
1.478606224060058594e+00
1.335177421569824219e+00
1.251952171325683594e+00
1.640878438949584961e+00
1.260812759399414062e+00
1.320803403854370117e+00
1.258310317993164062e+00
1.275987625122070312e+00
1.277059078216552734e+00
1.253853082656860352e+00
1.347136020660400391e+00
1.491882085800170898e+00
1.681984663009643555e+00
1.869701623916625977e+00
1.746258735656738281e+00
1.424855947494506836e+00
1.248962163925170898e+00
1.263740777969360352e+00
1.260923385620117188e+00
1.243650674819946289e+00
1.267105817794799805e+00
1.270178556442260742e+00
1.293060779571533203e+00
1.314777851104736328e+00
1.256857156753540039e+00
1.263672828674316406e+00
