2.937597513198852539e+00
4.354970455169677734e-01
4.329969882965087891e-01
4.292964935302734375e-01
4.357554912567138672e-01
4.544594287872314453e-01
4.440124034881591797e-01
4.506154060363769531e-01
4.505169391632080078e-01
4.488577842712402344e-01
4.465994834899902344e-01
4.454326629638671875e-01
4.459259510040283203e-01
4.493122100830078125e-01
4.449965953826904297e-01
4.450526237487792969e-01
4.482626914978027344e-01
4.506926536560058594e-01
4.488296508789062500e-01
4.512693881988525391e-01
4.485740661621093750e-01
4.501667022705078125e-01
4.494256973266601562e-01
4.477198123931884766e-01
4.512968063354492188e-01
4.540548324584960938e-01
4.539527893066406250e-01
4.567189216613769531e-01
4.600298404693603516e-01
4.592685699462890625e-01
4.521629810333251953e-01
4.556205272674560547e-01
4.543352127075195312e-01
4.541988372802734375e-01
4.567382335662841797e-01
4.525785446166992188e-01
4.596524238586425781e-01
4.561140537261962891e-01
4.581117630004882812e-01
4.541566371917724609e-01
4.628839492797851562e-01
4.678361415863037109e-01
4.650254249572753906e-01
4.620223045349121094e-01
4.559540748596191406e-01
4.544999599456787109e-01
4.526274204254150391e-01
4.534428119659423828e-01
4.542374610900878906e-01
4.531002044677734375e-01
4.504837989807128906e-01
4.507522583007812500e-01
4.482331275939941406e-01
4.468915462493896484e-01
4.431538581848144531e-01
4.429733753204345703e-01
4.530231952667236328e-01
4.581289291381835938e-01
4.587476253509521484e-01
4.611704349517822266e-01
4.680213928222656250e-01
4.650390148162841797e-01
4.625461101531982422e-01
4.614150524139404297e-01
4.624321460723876953e-01
4.643447399139404297e-01
4.680509567260742188e-01
4.626863002777099609e-01
4.664354324340820312e-01
4.602096080780029297e-01
4.562435150146484375e-01
4.657967090606689453e-01
4.631121158599853516e-01
4.580328464508056641e-01
4.583997726440429688e-01
4.593896865844726562e-01
4.669113159179687500e-01
4.595968723297119141e-01
4.580595493316650391e-01
4.516680240631103516e-01
4.530673027038574219e-01
4.555816650390625000e-01
4.493763446807861328e-01
4.582920074462890625e-01
4.449853897094726562e-01
4.580616950988769531e-01
4.512221813201904297e-01
4.541544914245605469e-01
4.505338668823242188e-01
4.629449844360351562e-01
4.524285793304443359e-01
4.574036598205566406e-01
4.711968898773193359e-01
4.637517929077148438e-01
4.627993106842041016e-01
4.615151882171630859e-01
4.622323513031005859e-01
4.603056907653808594e-01
4.615921974182128906e-01
5.290961265563964844e-01
5.377564430236816406e-01
4.835400581359863281e-01
4.591803550720214844e-01
4.604785442352294922e-01
4.633142948150634766e-01
4.626593589782714844e-01
4.781157970428466797e-01
5.045256614685058594e-01
5.049455165863037109e-01
4.928359985351562500e-01
4.623761177062988281e-01
4.697160720825195312e-01
4.659447669982910156e-01
4.628748893737792969e-01
4.607872962951660156e-01
4.659342765808105469e-01
4.663038253784179688e-01
4.565212726593017578e-01
4.809880256652832031e-01
4.483382701873779297e-01
4.539282321929931641e-01
4.527828693389892578e-01
4.610025882720947266e-01
4.504911899566650391e-01
4.573769569396972656e-01
4.525794982910156250e-01
4.361572265625000000e-01
4.411334991455078125e-01
4.537715911865234375e-01
4.522097110748291016e-01
4.561891555786132812e-01
4.514126777648925781e-01
4.576370716094970703e-01
4.522976875305175781e-01
4.677171707153320312e-01
4.576582908630371094e-01
4.461996555328369141e-01
4.445283412933349609e-01
4.535040855407714844e-01
4.817326068878173828e-01
4.733517169952392578e-01
4.564816951751708984e-01
4.626507759094238281e-01
4.653859138488769531e-01
4.613904953002929688e-01
4.585258960723876953e-01
4.571542739868164062e-01
5.153098106384277344e-01
4.715135097503662109e-01
4.617087841033935547e-01
4.537923336029052734e-01
4.566507339477539062e-01
4.552323818206787109e-01
4.654285907745361328e-01
4.510319232940673828e-01
4.649598598480224609e-01
4.515998363494873047e-01
4.541914463043212891e-01
4.576652050018310547e-01
4.577939510345458984e-01
4.541790485382080078e-01
4.526193141937255859e-01
4.523193836212158203e-01
4.511761665344238281e-01
4.633731842041015625e-01
4.595618247985839844e-01
4.492406845092773438e-01
4.543907642364501953e-01
4.629230499267578125e-01
4.674916267395019531e-01
5.254004001617431641e-01
4.802143573760986328e-01
5.172886848449707031e-01
5.104484558105468750e-01
4.899358749389648438e-01
4.654352664947509766e-01
4.382300376892089844e-01
4.926462173461914062e-01
4.494032859802246094e-01
4.458587169647216797e-01
4.480714797973632812e-01
4.583568572998046875e-01
4.564223289489746094e-01
4.555838108062744141e-01
4.559805393218994141e-01
4.525737762451171875e-01
4.526553153991699219e-01
4.461541175842285156e-01
4.491775035858154297e-01
4.551475048065185547e-01
4.599957466125488281e-01
4.637172222137451172e-01
4.564840793609619141e-01
4.624929428100585938e-01
4.600298404693603516e-01
4.599895477294921875e-01
4.656972885131835938e-01
4.588992595672607422e-01
4.509551525115966797e-01
4.603445529937744141e-01
