3.647286176681518555e+00
2.081809282302856445e+00
2.080694913864135742e+00
2.082819223403930664e+00
2.082369565963745117e+00
2.080365419387817383e+00
2.086165428161621094e+00
2.086711168289184570e+00
2.091727256774902344e+00
2.090399742126464844e+00
2.095613002777099609e+00
2.093359231948852539e+00
2.090792894363403320e+00
2.094300985336303711e+00
2.104248285293579102e+00
2.092448472976684570e+00
2.095217943191528320e+00
2.097713947296142578e+00
2.098158121109008789e+00
2.101490497589111328e+00
2.104439973831176758e+00
2.106869935989379883e+00
2.107538700103759766e+00
2.106920957565307617e+00
2.108365297317504883e+00
2.112949609756469727e+00
2.112384557723999023e+00
2.111414194107055664e+00
2.115364789962768555e+00
2.110242366790771484e+00
2.111663818359375000e+00
2.115494251251220703e+00
2.115370035171508789e+00
2.112871408462524414e+00
2.116517543792724609e+00
2.116872787475585938e+00
2.117006301879882812e+00
2.117431402206420898e+00
2.121532917022705078e+00
2.119560956954956055e+00
2.125113010406494141e+00
2.124294042587280273e+00
2.135514736175537109e+00
2.128035783767700195e+00
2.135548114776611328e+00
2.125916004180908203e+00
2.123122692108154297e+00
2.124941825866699219e+00
2.134218454360961914e+00
2.128772258758544922e+00
2.126748800277709961e+00
2.130531311035156250e+00
2.128467559814453125e+00
2.130768299102783203e+00
2.128754377365112305e+00
2.129738092422485352e+00
2.131927490234375000e+00
2.129645347595214844e+00
2.138270854949951172e+00
2.134874343872070312e+00
2.135027408599853516e+00
2.133373022079467773e+00
2.138516426086425781e+00
2.134900093078613281e+00
2.138564586639404297e+00
2.132724046707153320e+00
2.133578062057495117e+00
2.135686635971069336e+00
2.135262489318847656e+00
2.133590698242187500e+00
2.132942199707031250e+00
2.135512590408325195e+00
2.135281801223754883e+00
2.139531373977661133e+00
2.137765169143676758e+00
2.140058279037475586e+00
2.136728525161743164e+00
2.137205123901367188e+00
2.140422821044921875e+00
2.141814708709716797e+00
2.137677431106567383e+00
2.136001825332641602e+00
2.138985872268676758e+00
2.138100862503051758e+00
2.139745712280273438e+00
2.142486095428466797e+00
2.144352912902832031e+00
2.141780614852905273e+00
2.145047903060913086e+00
2.148534297943115234e+00
2.144451618194580078e+00
2.144894123077392578e+00
2.148236989974975586e+00
2.149373769760131836e+00
2.156877994537353516e+00
2.152391433715820312e+00
2.150526285171508789e+00
2.147531270980834961e+00
2.152342796325683594e+00
2.155923128128051758e+00
2.151751518249511719e+00
2.153236389160156250e+00
2.155072212219238281e+00
2.148923635482788086e+00
2.151725053787231445e+00
2.156871795654296875e+00
2.154721736907958984e+00
2.168223857879638672e+00
2.151479959487915039e+00
2.151629686355590820e+00
2.151703357696533203e+00
2.153936147689819336e+00
2.163248777389526367e+00
2.148510694503784180e+00
2.155131101608276367e+00
2.156178236007690430e+00
2.151226997375488281e+00
2.156502246856689453e+00
2.165085792541503906e+00
2.154818534851074219e+00
2.167928695678710938e+00
2.161149263381958008e+00
2.156611204147338867e+00
2.166425228118896484e+00
2.159975051879882812e+00
2.154272556304931641e+00
2.153688430786132812e+00
2.156295537948608398e+00
2.156068801879882812e+00
2.146050930023193359e+00
2.149561166763305664e+00
2.145836353302001953e+00
2.149529695510864258e+00
2.147573232650756836e+00
2.147106647491455078e+00
2.147730827331542969e+00
2.154311656951904297e+00
2.151092052459716797e+00
2.151014328002929688e+00
2.155063152313232422e+00
2.161863327026367188e+00
2.156165599822998047e+00
2.147932767868041992e+00
2.148866653442382812e+00
2.149578809738159180e+00
2.155553817749023438e+00
2.153361082077026367e+00
2.166133165359497070e+00
2.151505708694458008e+00
2.151967763900756836e+00
2.156161546707153320e+00
2.154594182968139648e+00
2.170849084854125977e+00
2.154774904251098633e+00
2.152294874191284180e+00
2.153592348098754883e+00
2.160726308822631836e+00
2.152361154556274414e+00
2.158053159713745117e+00
2.152517557144165039e+00
2.153356313705444336e+00
2.153554201126098633e+00
2.158794403076171875e+00
2.153022527694702148e+00
2.159588336944580078e+00
2.160541772842407227e+00
2.159318447113037109e+00
2.154817819595336914e+00
2.153156995773315430e+00
2.154238224029541016e+00
2.157045602798461914e+00
2.158921957015991211e+00
2.154667139053344727e+00
2.156425237655639648e+00
2.155188322067260742e+00
2.156792640686035156e+00
2.153393268585205078e+00
2.161036968231201172e+00
2.161545515060424805e+00
2.150731086730957031e+00
2.150210142135620117e+00
2.152637481689453125e+00
2.152709245681762695e+00
2.153734445571899414e+00
2.152319669723510742e+00
2.154996633529663086e+00
2.156205892562866211e+00
2.151967525482177734e+00
2.152803421020507812e+00
2.160637855529785156e+00
2.152250766754150391e+00
2.154323339462280273e+00
2.157044172286987305e+00
2.151777267456054688e+00
2.160467147827148438e+00
2.155743122100830078e+00
2.151459455490112305e+00
2.154321432113647461e+00
2.154305934906005859e+00
2.150251865386962891e+00
