2.827401876449584961e+00
1.262377500534057617e+00
1.266844749450683594e+00
1.269022226333618164e+00
1.272550821304321289e+00
1.271841287612915039e+00
1.275171279907226562e+00
1.272018432617187500e+00
1.273696184158325195e+00
1.275403738021850586e+00
1.280331850051879883e+00
1.275946617126464844e+00
1.275913238525390625e+00
1.277382850646972656e+00
1.286989688873291016e+00
1.281502723693847656e+00
1.282127380371093750e+00
1.282231330871582031e+00
1.281513690948486328e+00
1.285102844238281250e+00
1.282630681991577148e+00
1.283380746841430664e+00
1.284477949142456055e+00
1.284691572189331055e+00
1.285748720169067383e+00
1.287236213684082031e+00
1.288025856018066406e+00
1.289886474609375000e+00
1.288392543792724609e+00
1.294629573822021484e+00
1.291936874389648438e+00
1.292300701141357422e+00
1.291225433349609375e+00
1.294113397598266602e+00
1.293698072433471680e+00
1.293496370315551758e+00
1.293812274932861328e+00
1.297086715698242188e+00
1.297691345214843750e+00
1.299260854721069336e+00
1.299283027648925781e+00
1.300208330154418945e+00
1.302352190017700195e+00
1.297449827194213867e+00
1.306103229522705078e+00
1.298426389694213867e+00
1.298555850982666016e+00
1.300474882125854492e+00
1.305241823196411133e+00
1.300415754318237305e+00
1.302373886108398438e+00
1.297974586486816406e+00
1.299319744110107422e+00
1.299129009246826172e+00
1.298325300216674805e+00
1.300332307815551758e+00
1.304490327835083008e+00
1.301980257034301758e+00
1.301069498062133789e+00
1.307882547378540039e+00
1.300062417984008789e+00
1.299716234207153320e+00
1.297929525375366211e+00
1.307682275772094727e+00
1.311692953109741211e+00
1.298633813858032227e+00
1.299453973770141602e+00
1.299559593200683594e+00
1.298649549484252930e+00
1.304195404052734375e+00
1.300848722457885742e+00
1.301773548126220703e+00
1.301075458526611328e+00
1.302905797958374023e+00
1.309041023254394531e+00
1.305979251861572266e+00
1.305237531661987305e+00
1.306699514389038086e+00
1.306868076324462891e+00
1.306692361831665039e+00
1.307425737380981445e+00
1.306485891342163086e+00
1.305779457092285156e+00
1.308916807174682617e+00
1.307573795318603516e+00
1.309245586395263672e+00
1.314559698104858398e+00
1.307878255844116211e+00
1.309100866317749023e+00
1.322847843170166016e+00
1.309472799301147461e+00
1.326164245605468750e+00
1.321857690811157227e+00
1.327652454376220703e+00
1.317232131958007812e+00
1.315364837646484375e+00
1.318640708923339844e+00
1.315223455429077148e+00
1.323324441909790039e+00
1.318317174911499023e+00
1.318276405334472656e+00
1.319076299667358398e+00
1.316445350646972656e+00
1.317108392715454102e+00
1.315912008285522461e+00
1.318470716476440430e+00
1.320764541625976562e+00
1.319290399551391602e+00
1.318365573883056641e+00
1.313079833984375000e+00
1.314111948013305664e+00
1.317268610000610352e+00
1.318102121353149414e+00
1.311940193176269531e+00
1.315437078475952148e+00
1.315762042999267578e+00
1.314866781234741211e+00
1.315146923065185547e+00
1.320842027664184570e+00
1.318081140518188477e+00
1.320666790008544922e+00
1.319022893905639648e+00
1.317237138748168945e+00
1.318470001220703125e+00
1.318170785903930664e+00
1.314056634902954102e+00
1.315775394439697266e+00
1.314260721206665039e+00
1.317111253738403320e+00
1.311960697174072266e+00
1.315320730209350586e+00
1.305941820144653320e+00
1.319310188293457031e+00
1.304490566253662109e+00
1.306640863418579102e+00
1.304311990737915039e+00
1.310711860656738281e+00
1.309748411178588867e+00
1.316535711288452148e+00
1.321827411651611328e+00
1.323608636856079102e+00
1.309430122375488281e+00
1.307248592376708984e+00
1.307358741760253906e+00
1.308101415634155273e+00
1.308933973312377930e+00
1.323315620422363281e+00
1.310791254043579102e+00
1.311810255050659180e+00
1.307345628738403320e+00
1.307318449020385742e+00
1.326395511627197266e+00
1.313517808914184570e+00
1.335263967514038086e+00
1.310240268707275391e+00
1.325370788574218750e+00
1.314719438552856445e+00
1.305702447891235352e+00
1.309463977813720703e+00
1.331370592117309570e+00
1.314182758331298828e+00
1.312894582748413086e+00
1.315778493881225586e+00
1.329645633697509766e+00
1.329153060913085938e+00
1.320929050445556641e+00
1.349424839019775391e+00
1.321740388870239258e+00
1.309970855712890625e+00
1.313795328140258789e+00
1.327832460403442383e+00
1.325156688690185547e+00
1.326619863510131836e+00
1.339084148406982422e+00
1.318389177322387695e+00
1.313780546188354492e+00
1.316975831985473633e+00
1.322969436645507812e+00
1.329625368118286133e+00
1.313640117645263672e+00
1.315433025360107422e+00
1.307379245758056641e+00
1.304567337036132812e+00
1.318350791931152344e+00
1.307237148284912109e+00
1.316303968429565430e+00
1.322726011276245117e+00
1.305368185043334961e+00
1.304809093475341797e+00
1.317811489105224609e+00
1.311131477355957031e+00
1.304894685745239258e+00
1.322262287139892578e+00
1.312448501586914062e+00
1.319327592849731445e+00
1.315388202667236328e+00
1.312760353088378906e+00
1.310839891433715820e+00
1.317153930664062500e+00
1.310481309890747070e+00
