6.347267627716064453e-01
6.289439201354980469e-01
6.261959075927734375e-01
6.268227100372314453e-01
7.073373794555664062e-01
6.319613456726074219e-01
6.308982372283935547e-01
6.318664550781250000e-01
6.407558917999267578e-01
6.318252086639404297e-01
6.303291320800781250e-01
6.293013095855712891e-01
6.417043209075927734e-01
6.390128135681152344e-01
6.354093551635742188e-01
6.389048099517822266e-01
7.143990993499755859e-01
6.347506046295166016e-01
6.359698772430419922e-01
6.267726421356201172e-01
6.261665821075439453e-01
6.219952106475830078e-01
6.309077739715576172e-01
6.279473304748535156e-01
6.331176757812500000e-01
6.250863075256347656e-01
6.209831237792968750e-01
6.359522342681884766e-01
6.253128051757812500e-01
6.363999843597412109e-01
6.284964084625244141e-01
6.249737739562988281e-01
6.265337467193603516e-01
6.273531913757324219e-01
6.271789073944091797e-01
7.018876075744628906e-01
6.296145915985107422e-01
6.279470920562744141e-01
6.263825893402099609e-01
6.253702640533447266e-01
6.263477802276611328e-01
6.209437847137451172e-01
6.556916236877441406e-01
6.357655525207519531e-01
6.431484222412109375e-01
6.363596916198730469e-01
6.379177570343017578e-01
7.133522033691406250e-01
6.422319412231445312e-01
6.335558891296386719e-01
6.302301883697509766e-01
6.363887786865234375e-01
6.382658481597900391e-01
6.326577663421630859e-01
6.331222057342529297e-01
6.356012821197509766e-01
6.364126205444335938e-01
6.353714466094970703e-01
6.424822807312011719e-01
6.361415386199951172e-01
6.297295093536376953e-01
6.312882900238037109e-01
6.369476318359375000e-01
6.402864456176757812e-01
6.333971023559570312e-01
6.380815505981445312e-01
7.171602249145507812e-01
6.387934684753417969e-01
6.389360427856445312e-01
6.405041217803955078e-01
6.406323909759521484e-01
6.373405456542968750e-01
6.648731231689453125e-01
6.409900188446044922e-01
6.403100490570068359e-01
6.436421871185302734e-01
6.303756237030029297e-01
6.032683849334716797e-01
6.373243331909179688e-01
6.356856822967529297e-01
6.359832286834716797e-01
6.372182369232177734e-01
6.350872516632080078e-01
6.359720230102539062e-01
6.340460777282714844e-01
6.394517421722412109e-01
6.397702693939208984e-01
6.345999240875244141e-01
6.326820850372314453e-01
7.188286781311035156e-01
6.351695060729980469e-01
6.401145458221435547e-01
6.416652202606201172e-01
6.291091442108154297e-01
6.342835426330566406e-01
6.405563354492187500e-01
6.477885246276855469e-01
6.273295879364013672e-01
6.302704811096191406e-01
6.394958496093750000e-01
6.379776000976562500e-01
6.309721469879150391e-01
6.228024959564208984e-01
6.455602645874023438e-01
6.481075286865234375e-01
6.531071662902832031e-01
6.285400390625000000e-01
6.404211521148681641e-01
6.325931549072265625e-01
6.379737854003906250e-01
6.220936775207519531e-01
6.344575881958007812e-01
6.553447246551513672e-01
6.180105209350585938e-01
6.201546192169189453e-01
6.434490680694580078e-01
6.231486797332763672e-01
6.220524311065673828e-01
6.175086498260498047e-01
6.426210403442382812e-01
6.469974517822265625e-01
6.354489326477050781e-01
6.544985771179199219e-01
6.410200595855712891e-01
6.412856578826904297e-01
6.461241245269775391e-01
6.332209110260009766e-01
6.514351367950439453e-01
6.503498554229736328e-01
6.300642490386962891e-01
6.345486640930175781e-01
6.625361442565917969e-01
6.340825557708740234e-01
6.443881988525390625e-01
6.439466476440429688e-01
6.356446743011474609e-01
6.359002590179443359e-01
6.405725479125976562e-01
6.363191604614257812e-01
6.374013423919677734e-01
6.433303356170654297e-01
6.200323104858398438e-01
6.361057758331298828e-01
6.223089694976806641e-01
6.217193603515625000e-01
6.207106113433837891e-01
6.225755214691162109e-01
6.244084835052490234e-01
6.368327140808105469e-01
6.166231632232666016e-01
6.312487125396728516e-01
6.373653411865234375e-01
6.265690326690673828e-01
7.145771980285644531e-01
6.398236751556396484e-01
6.338722705841064453e-01
6.336770057678222656e-01
6.989107131958007812e-01
6.309087276458740234e-01
6.304395198822021484e-01
6.364929676055908203e-01
6.353039741516113281e-01
6.344680786132812500e-01
6.323287487030029297e-01
6.365354061126708984e-01
7.359874248504638672e-01
6.347255706787109375e-01
6.377215385437011719e-01
6.359252929687500000e-01
6.402685642242431641e-01
6.306931972503662109e-01
6.351509094238281250e-01
6.433513164520263672e-01
6.334264278411865234e-01
6.347796916961669922e-01
6.289956569671630859e-01
6.481168270111083984e-01
7.132153511047363281e-01
6.351010799407958984e-01
6.429512500762939453e-01
6.284482479095458984e-01
6.340880393981933594e-01
6.462681293487548828e-01
6.399974822998046875e-01
6.447634696960449219e-01
6.443233489990234375e-01
6.415781974792480469e-01
6.465401649475097656e-01
6.373445987701416016e-01
6.628978252410888672e-01
7.236065864562988281e-01
6.375434398651123047e-01
6.376347541809082031e-01
6.350321769714355469e-01
6.652760505676269531e-01
6.372437477111816406e-01
6.355867385864257812e-01
6.527662277221679688e-01
6.378784179687500000e-01
6.417484283447265625e-01
