2.716982364654541016e+00
7.720608711242675781e-01
7.712323665618896484e-01
7.697756290435791016e-01
7.645909786224365234e-01
7.722063064575195312e-01
7.633411884307861328e-01
7.742414474487304688e-01
7.658665180206298828e-01
7.683844566345214844e-01
7.663981914520263672e-01
7.655012607574462891e-01
7.703850269317626953e-01
7.705490589141845703e-01
7.703738212585449219e-01
7.704830169677734375e-01
7.719430923461914062e-01
7.697889804840087891e-01
7.695345878601074219e-01
7.714593410491943359e-01
7.737176418304443359e-01
7.723665237426757812e-01
7.719681262969970703e-01
7.719707489013671875e-01
7.730247974395751953e-01
7.715206146240234375e-01
7.743551731109619141e-01
7.897078990936279297e-01
7.760574817657470703e-01
7.739503383636474609e-01
7.749562263488769531e-01
7.740213871002197266e-01
7.786133289337158203e-01
8.067102432250976562e-01
7.757091522216796875e-01
7.770957946777343750e-01
7.799396514892578125e-01
7.800123691558837891e-01
7.822692394256591797e-01
7.817404270172119141e-01
7.785670757293701172e-01
7.793571949005126953e-01
7.798740863800048828e-01
7.807028293609619141e-01
7.802605628967285156e-01
7.803938388824462891e-01
7.778675556182861328e-01
7.815041542053222656e-01
7.795433998107910156e-01
7.822835445404052734e-01
7.784194946289062500e-01
7.815861701965332031e-01
7.842442989349365234e-01
7.832500934600830078e-01
7.813465595245361328e-01
7.608470916748046875e-01
8.907375335693359375e-01
7.874538898468017578e-01
8.138005733489990234e-01
7.832233905792236328e-01
8.048281669616699219e-01
7.951068878173828125e-01
8.424382209777832031e-01
7.853856086730957031e-01
7.883214950561523438e-01
7.848701477050781250e-01
7.861979007720947266e-01
7.886624336242675781e-01
7.952115535736083984e-01
7.873578071594238281e-01
7.833061218261718750e-01
8.050861358642578125e-01
8.263697624206542969e-01
7.969543933868408203e-01
8.467891216278076172e-01
7.593095302581787109e-01
7.991030216217041016e-01
7.848374843597412109e-01
7.679078578948974609e-01
7.877426147460937500e-01
7.617094516754150391e-01
8.154022693634033203e-01
8.052098751068115234e-01
7.934961318969726562e-01
8.084919452667236328e-01
8.219211101531982422e-01
7.919182777404785156e-01
7.897114753723144531e-01
7.881960868835449219e-01
7.915570735931396484e-01
7.867345809936523438e-01
7.910902500152587891e-01
7.843623161315917969e-01
8.013792037963867188e-01
7.849535942077636719e-01
7.818093299865722656e-01
7.842741012573242188e-01
7.816648483276367188e-01
7.832510471343994141e-01
7.839179039001464844e-01
7.873194217681884766e-01
7.712740898132324219e-01
7.619895935058593750e-01
8.268327713012695312e-01
7.952902317047119141e-01
7.930784225463867188e-01
7.846224308013916016e-01
7.638578414916992188e-01
7.650816440582275391e-01
7.873506546020507812e-01
7.923135757446289062e-01
7.936918735504150391e-01
7.865056991577148438e-01
7.997243404388427734e-01
7.950661182403564453e-01
7.945618629455566406e-01
7.922627925872802734e-01
7.949337959289550781e-01
7.967565059661865234e-01
7.902832031250000000e-01
8.161299228668212891e-01
8.067288398742675781e-01
8.085453510284423828e-01
7.950839996337890625e-01
7.903554439544677734e-01
8.774080276489257812e-01
8.028464317321777344e-01
7.927274703979492188e-01
7.910194396972656250e-01
7.917287349700927734e-01
7.882256507873535156e-01
7.869300842285156250e-01
7.864742279052734375e-01
7.931909561157226562e-01
7.776739597320556641e-01
8.160531520843505859e-01
7.929980754852294922e-01
7.897393703460693359e-01
7.965195178985595703e-01
7.912645339965820312e-01
7.916610240936279297e-01
7.932620048522949219e-01
7.916371822357177734e-01
7.943186759948730469e-01
7.936794757843017578e-01
7.928113937377929688e-01
7.924072742462158203e-01
7.960627079010009766e-01
7.930727005004882812e-01
7.922036647796630859e-01
7.955179214477539062e-01
7.869367599487304688e-01
7.836122512817382812e-01
7.917215824127197266e-01
7.937738895416259766e-01
7.909212112426757812e-01
7.885110378265380859e-01
7.899780273437500000e-01
7.867808341979980469e-01
7.917182445526123047e-01
8.081748485565185547e-01
7.876234054565429688e-01
7.887916564941406250e-01
7.939114570617675781e-01
7.944579124450683594e-01
7.925741672515869141e-01
7.931156158447265625e-01
7.927181720733642578e-01
7.920696735382080078e-01
7.938134670257568359e-01
7.897517681121826172e-01
7.870538234710693359e-01
7.870237827301025391e-01
7.883892059326171875e-01
7.969114780426025391e-01
7.939906120300292969e-01
7.914245128631591797e-01
7.906684875488281250e-01
7.915353775024414062e-01
7.879843711853027344e-01
8.038575649261474609e-01
7.681703567504882812e-01
8.099117279052734375e-01
7.908780574798583984e-01
7.948005199432373047e-01
8.008377552032470703e-01
7.957110404968261719e-01
7.954988479614257812e-01
7.965519428253173828e-01
8.056440353393554688e-01
7.950980663299560547e-01
7.939469814300537109e-01
7.909612655639648438e-01
7.898566722869873047e-01
7.965075969696044922e-01
7.832615375518798828e-01
7.673888206481933594e-01
7.677681446075439453e-01
8.209278583526611328e-01
7.814152240753173828e-01
