6.347374916076660156e-01
6.289744377136230469e-01
6.261999607086181641e-01
6.268246173858642578e-01
7.073342800140380859e-01
6.319522857666015625e-01
6.308963298797607422e-01
6.318624019622802734e-01
6.407632827758789062e-01
6.318323612213134766e-01
6.303360462188720703e-01
6.293020248413085938e-01
6.416921615600585938e-01
6.390163898468017578e-01
6.354146003723144531e-01
6.389038562774658203e-01
7.143988609313964844e-01
6.347577571868896484e-01
6.359620094299316406e-01
6.267774105072021484e-01
6.261634826660156250e-01
6.220078468322753906e-01
6.308991909027099609e-01
6.279256343841552734e-01
6.331179141998291016e-01
6.250965595245361328e-01
6.209752559661865234e-01
6.359431743621826172e-01
6.253087520599365234e-01
6.363976001739501953e-01
6.284809112548828125e-01
6.249542236328125000e-01
6.265232563018798828e-01
6.381080150604248047e-01
6.271502971649169922e-01
7.018685340881347656e-01
6.296181678771972656e-01
6.279284954071044922e-01
6.263711452484130859e-01
6.253769397735595703e-01
6.263263225555419922e-01
6.169431209564208984e-01
6.350941658020019531e-01
6.357669830322265625e-01
6.431391239166259766e-01
6.363370418548583984e-01
6.379256248474121094e-01
7.133502960205078125e-01
6.268749237060546875e-01
6.335451602935791016e-01
6.302230358123779297e-01
6.363856792449951172e-01
6.382601261138916016e-01
6.326689720153808594e-01
6.331188678741455078e-01
6.356143951416015625e-01
6.364178657531738281e-01
6.353609561920166016e-01
6.424794197082519531e-01
6.361358165740966797e-01
6.297237873077392578e-01
6.312901973724365234e-01
6.369500160217285156e-01
6.402761936187744141e-01
6.333994865417480469e-01
6.380753517150878906e-01
7.171523571014404297e-01
6.387975215911865234e-01
6.389236450195312500e-01
6.405086517333984375e-01
6.406228542327880859e-01
6.373462677001953125e-01
6.648783683776855469e-01
6.409928798675537109e-01
6.403055191040039062e-01
6.436309814453125000e-01
6.303775310516357422e-01
6.363589763641357422e-01
6.373186111450195312e-01
6.356980800628662109e-01
6.359984874725341797e-01
6.372025012969970703e-01
6.350877285003662109e-01
6.359751224517822266e-01
6.340329647064208984e-01
6.394529342651367188e-01
6.397716999053955078e-01
6.346089839935302734e-01
6.326825618743896484e-01
7.188293933868408203e-01
6.351766586303710938e-01
6.401071548461914062e-01
6.416673660278320312e-01
6.290967464447021484e-01
6.342813968658447266e-01
6.405699253082275391e-01
6.477611064910888672e-01
6.273255348205566406e-01
6.302630901336669922e-01
6.394979953765869141e-01
6.379766464233398438e-01
6.309738159179687500e-01
6.228075027465820312e-01
6.455543041229248047e-01
6.481034755706787109e-01
6.531097888946533203e-01
6.285219192504882812e-01
6.404228210449218750e-01
6.326050758361816406e-01
6.379816532135009766e-01
6.220793724060058594e-01
6.322243213653564453e-01
6.553497314453125000e-01
6.180214881896972656e-01
6.201498508453369141e-01
6.434540748596191406e-01
6.231474876403808594e-01
6.220517158508300781e-01
6.175107955932617188e-01
6.426308155059814453e-01
6.469998359680175781e-01
6.354541778564453125e-01
6.544992923736572266e-01
6.410019397735595703e-01
6.412949562072753906e-01
6.461205482482910156e-01
6.332054138183593750e-01
6.514294147491455078e-01
6.503531932830810547e-01
6.300456523895263672e-01
6.345400810241699219e-01
6.625370979309082031e-01
6.340897083282470703e-01
6.443953514099121094e-01
6.439433097839355469e-01
6.356589794158935547e-01
6.359128952026367188e-01
6.405696868896484375e-01
6.363251209259033203e-01
6.374084949493408203e-01
6.433296203613281250e-01
6.200327873229980469e-01
6.361148357391357422e-01
6.222853660583496094e-01
6.217103004455566406e-01
6.207101345062255859e-01
6.225774288177490234e-01
6.244006156921386719e-01
6.368424892425537109e-01
6.166405677795410156e-01
6.312284469604492188e-01
6.373436450958251953e-01
6.265578269958496094e-01
7.145652770996093750e-01
6.398179531097412109e-01
6.338651180267333984e-01
6.336781978607177734e-01
6.989128589630126953e-01
6.308908462524414062e-01
6.304376125335693359e-01
6.365044116973876953e-01
6.353058815002441406e-01
6.344549655914306641e-01
6.323451995849609375e-01
6.365308761596679688e-01
7.359726428985595703e-01
6.347205638885498047e-01
6.377305984497070312e-01
6.359272003173828125e-01
6.402485370635986328e-01
6.306989192962646484e-01
6.351106166839599609e-01
6.433365345001220703e-01
6.334171295166015625e-01
6.347858905792236328e-01
6.289987564086914062e-01
6.481134891510009766e-01
7.132122516632080078e-01
6.350953578948974609e-01
6.429293155670166016e-01
6.284420490264892578e-01
6.340825557708740234e-01
6.462521553039550781e-01
6.400098800659179688e-01
6.447551250457763672e-01
6.443157196044921875e-01
6.529309749603271484e-01
6.465473175048828125e-01
6.373538970947265625e-01
6.628921031951904297e-01
7.236192226409912109e-01
6.375536918640136719e-01
6.376404762268066406e-01
6.350407600402832031e-01
6.652724742889404297e-01
6.372282505035400391e-01
6.355834007263183594e-01
6.527671813964843750e-01
6.378877162933349609e-01
6.417529582977294922e-01
