2.634206295013427734e+00
7.832648754119873047e-01
7.831301689147949219e-01
7.827124595642089844e-01
7.808220386505126953e-01
7.852263450622558594e-01
7.826416492462158203e-01
7.848043441772460938e-01
7.837162017822265625e-01
7.859253883361816406e-01
7.837874889373779297e-01
7.831132411956787109e-01
7.843217849731445312e-01
7.895061969757080078e-01
7.886979579925537109e-01
7.920682430267333984e-01
7.911033630371093750e-01
7.905340194702148438e-01
7.868235111236572266e-01
7.850580215454101562e-01
7.816779613494873047e-01
7.853398323059082031e-01
7.847445011138916016e-01
7.881045341491699219e-01
7.821824550628662109e-01
7.846386432647705078e-01
7.870113849639892578e-01
7.852318286895751953e-01
7.871451377868652344e-01
7.860765457153320312e-01
7.853317260742187500e-01
7.871692180633544922e-01
7.866315841674804688e-01
7.848384380340576172e-01
7.889323234558105469e-01
7.862381935119628906e-01
7.859351634979248047e-01
7.857029438018798828e-01
7.870216369628906250e-01
7.878985404968261719e-01
7.872555255889892578e-01
7.893686294555664062e-01
7.892224788665771484e-01
7.886834144592285156e-01
7.920372486114501953e-01
7.922151088714599609e-01
7.920882701873779297e-01
7.909860610961914062e-01
7.930881977081298828e-01
7.915303707122802734e-01
7.936351299285888672e-01
7.907676696777343750e-01
7.943038940429687500e-01
7.921147346496582031e-01
7.947602272033691406e-01
7.931275367736816406e-01
7.935140132904052734e-01
8.022313117980957031e-01
8.008792400360107422e-01
8.024001121520996094e-01
7.690062522888183594e-01
7.678036689758300781e-01
8.862416744232177734e-01
7.977421283721923828e-01
7.986690998077392578e-01
8.004109859466552734e-01
7.988786697387695312e-01
8.063015937805175781e-01
8.059589862823486328e-01
8.007504940032958984e-01
7.988367080688476562e-01
8.061873912811279297e-01
8.072080612182617188e-01
8.068740367889404297e-01
8.082127571105957031e-01
8.069128990173339844e-01
8.137607574462890625e-01
8.537695407867431641e-01
8.061709403991699219e-01
8.071715831756591797e-01
8.087942600250244141e-01
8.094615936279296875e-01
8.194851875305175781e-01
8.079164028167724609e-01
8.038229942321777344e-01
8.007683753967285156e-01
8.044211864471435547e-01
8.403832912445068359e-01
8.276793956756591797e-01
8.024115562438964844e-01
8.010611534118652344e-01
8.111381530761718750e-01
8.105099201202392578e-01
8.004302978515625000e-01
7.885870933532714844e-01
8.072712421417236328e-01
7.971258163452148438e-01
8.002231121063232422e-01
7.940857410430908203e-01
7.983314990997314453e-01
8.096899986267089844e-01
8.046245574951171875e-01
8.021812438964843750e-01
8.011503219604492188e-01
8.022360801696777344e-01
8.015806674957275391e-01
8.027036190032958984e-01
8.059110641479492188e-01
8.260202407836914062e-01
8.219037055969238281e-01
8.038182258605957031e-01
7.745506763458251953e-01
8.231952190399169922e-01
8.574328422546386719e-01
7.779550552368164062e-01
8.070774078369140625e-01
8.110435009002685547e-01
7.795073986053466797e-01
7.738082408905029297e-01
7.865407466888427734e-01
7.916193008422851562e-01
8.082680702209472656e-01
8.431506156921386719e-01
8.044898509979248047e-01
8.051455020904541016e-01
8.026416301727294922e-01
8.013124465942382812e-01
8.052692413330078125e-01
8.045749664306640625e-01
8.037817478179931641e-01
8.059308528900146484e-01
8.066172599792480469e-01
8.066174983978271484e-01
8.038403987884521484e-01
8.030278682708740234e-01
8.058950901031494141e-01
8.071887493133544922e-01
8.134956359863281250e-01
8.135452270507812500e-01
8.119356632232666016e-01
8.171083927154541016e-01
8.140220642089843750e-01
8.145670890808105469e-01
8.015313148498535156e-01
7.776451110839843750e-01
8.510746955871582031e-01
7.797245979309082031e-01
7.824122905731201172e-01
7.760031223297119141e-01
7.892937660217285156e-01
7.766087055206298828e-01
7.750270366668701172e-01
7.873160839080810547e-01
8.254759311676025391e-01
8.173012733459472656e-01
8.107061386108398438e-01
8.192491531372070312e-01
8.169078826904296875e-01
8.185651302337646484e-01
8.184807300567626953e-01
8.134081363677978516e-01
8.140885829925537109e-01
8.146629333496093750e-01
8.145191669464111328e-01
8.135943412780761719e-01
8.157742023468017578e-01
8.156180381774902344e-01
8.132603168487548828e-01
8.160045146942138672e-01
8.129081726074218750e-01
8.102772235870361328e-01
8.092150688171386719e-01
8.083398342132568359e-01
8.101277351379394531e-01
8.056023120880126953e-01
8.102011680603027344e-01
8.092331886291503906e-01
8.315281867980957031e-01
8.093998432159423828e-01
8.093171119689941406e-01
8.129580020904541016e-01
8.097503185272216797e-01
8.090023994445800781e-01
8.076426982879638672e-01
8.098185062408447266e-01
8.199043273925781250e-01
8.100464344024658203e-01
8.103361129760742188e-01
8.110415935516357422e-01
8.084161281585693359e-01
8.116602897644042969e-01
8.139278888702392578e-01
8.140301704406738281e-01
8.125340938568115234e-01
8.135261535644531250e-01
8.088948726654052734e-01
8.032882213592529297e-01
8.043549060821533203e-01
8.061821460723876953e-01
8.105990886688232422e-01
