2.650143623352050781e+00
7.742917537689208984e-01
7.756469249725341797e-01
7.746074199676513672e-01
7.742888927459716797e-01
7.729544639587402344e-01
7.751383781433105469e-01
7.717432975769042969e-01
7.802796363830566406e-01
7.756822109222412109e-01
7.772605419158935547e-01
7.938890457153320312e-01
7.956385612487792969e-01
7.779164314270019531e-01
7.783412933349609375e-01
7.793662548065185547e-01
7.777619361877441406e-01
7.772514820098876953e-01
7.796373367309570312e-01
7.454733848571777344e-01
7.451107501983642578e-01
7.515709400177001953e-01
7.800862789154052734e-01
7.799110412597656250e-01
7.799718379974365234e-01
7.830233573913574219e-01
7.553029060363769531e-01
7.743189334869384766e-01
7.464776039123535156e-01
7.469110488891601562e-01
7.481136322021484375e-01
7.482764720916748047e-01
7.773668766021728516e-01
7.903337478637695312e-01
7.509407997131347656e-01
7.484955787658691406e-01
7.484524250030517578e-01
7.500975131988525391e-01
7.502412796020507812e-01
7.520380020141601562e-01
7.500312328338623047e-01
7.508330345153808594e-01
7.487812042236328125e-01
7.494285106658935547e-01
7.601656913757324219e-01
7.964954376220703125e-01
7.820134162902832031e-01
7.556757926940917969e-01
7.516455650329589844e-01
8.128523826599121094e-01
7.603590488433837891e-01
7.874481678009033203e-01
7.894101142883300781e-01
7.602539062500000000e-01
7.975378036499023438e-01
7.881238460540771484e-01
7.875695228576660156e-01
7.508695125579833984e-01
7.592182159423828125e-01
7.803752422332763672e-01
7.603201866149902344e-01
8.042769432067871094e-01
7.881929874420166016e-01
7.880411148071289062e-01
7.889118194580078125e-01
7.915742397308349609e-01
7.901849746704101562e-01
7.919635772705078125e-01
7.902848720550537109e-01
7.904658317565917969e-01
7.623879909515380859e-01
7.614824771881103516e-01
7.569611072540283203e-01
8.355097770690917969e-01
8.121571540832519531e-01
7.925720214843750000e-01
7.652757167816162109e-01
7.529015541076660156e-01
8.011214733123779297e-01
7.719578742980957031e-01
7.904908657073974609e-01
7.825503349304199219e-01
7.908949851989746094e-01
7.562682628631591797e-01
8.253123760223388672e-01
7.931282520294189453e-01
7.641644477844238281e-01
7.630865573883056641e-01
7.633986473083496094e-01
8.002226352691650391e-01
7.948563098907470703e-01
7.936458587646484375e-01
7.928316593170166016e-01
7.980718612670898438e-01
7.946205139160156250e-01
7.936561107635498047e-01
7.881455421447753906e-01
7.923796176910400391e-01
7.969408035278320312e-01
7.891516685485839844e-01
7.958691120147705078e-01
7.955572605133056641e-01
8.037059307098388672e-01
7.969722747802734375e-01
7.649981975555419922e-01
7.584927082061767578e-01
7.784092426300048828e-01
7.963232994079589844e-01
7.959668636322021484e-01
8.062503337860107422e-01
7.569413185119628906e-01
7.596373558044433594e-01
7.708668708801269531e-01
7.858185768127441406e-01
7.834911346435546875e-01
7.979321479797363281e-01
7.925620079040527344e-01
7.926118373870849609e-01
8.203608989715576172e-01
7.587382793426513672e-01
7.846741676330566406e-01
7.687087059020996094e-01
7.952015399932861328e-01
7.894940376281738281e-01
7.990880012512207031e-01
7.911117076873779297e-01
7.912294864654541016e-01
7.993783950805664062e-01
7.984950542449951172e-01
7.996308803558349609e-01
7.979137897491455078e-01
7.991180419921875000e-01
7.998721599578857422e-01
7.985973358154296875e-01
7.978904247283935547e-01
7.982285022735595703e-01
7.902269363403320312e-01
8.799927234649658203e-01
8.061521053314208984e-01
7.935183048248291016e-01
7.701680660247802734e-01
8.369441032409667969e-01
7.913317680358886719e-01
7.865042686462402344e-01
7.877602577209472656e-01
7.908372879028320312e-01
7.918283939361572266e-01
8.881626129150390625e-01
8.858704566955566406e-01
7.994256019592285156e-01
7.851078510284423828e-01
7.983438968658447266e-01
7.984666824340820312e-01
7.998187541961669922e-01
7.986783981323242188e-01
8.041238784790039062e-01
7.999505996704101562e-01
7.971358299255371094e-01
8.001139163970947266e-01
7.995610237121582031e-01
7.985937595367431641e-01
7.995114326477050781e-01
7.984755039215087891e-01
7.999744415283203125e-01
7.980234622955322266e-01
8.016779422760009766e-01
7.996609210968017578e-01
8.000159263610839844e-01
8.025851249694824219e-01
8.006389141082763672e-01
8.015158176422119141e-01
7.998218536376953125e-01
8.000020980834960938e-01
8.002645969390869141e-01
8.001928329467773438e-01
7.980644702911376953e-01
7.944729328155517578e-01
8.002378940582275391e-01
8.016135692596435547e-01
8.220968246459960938e-01
8.040649890899658203e-01
8.003761768341064453e-01
8.022675514221191406e-01
8.018000125885009766e-01
8.022367954254150391e-01
8.191087245941162109e-01
8.031730651855468750e-01
8.013975620269775391e-01
8.010797500610351562e-01
8.010733127593994141e-01
8.016967773437500000e-01
8.018941879272460938e-01
8.021609783172607422e-01
8.021059036254882812e-01
8.027915954589843750e-01
8.027076721191406250e-01
8.004024028778076172e-01
8.012666702270507812e-01
8.023514747619628906e-01
8.120622634887695312e-01
