6.347405910491943359e-01
6.289520263671875000e-01
6.262016296386718750e-01
6.268129348754882812e-01
7.073357105255126953e-01
6.319339275360107422e-01
6.308891773223876953e-01
6.318593025207519531e-01
6.407589912414550781e-01
6.318261623382568359e-01
6.303348541259765625e-01
6.292929649353027344e-01
6.416902542114257812e-01
6.390049457550048828e-01
6.354062557220458984e-01
6.388943195343017578e-01
7.143905162811279297e-01
6.347441673278808594e-01
6.205141544342041016e-01
6.267688274383544922e-01
6.261544227600097656e-01
6.220018863677978516e-01
6.309001445770263672e-01
6.279256343841552734e-01
6.331160068511962891e-01
6.250929832458496094e-01
6.209814548492431641e-01
6.359317302703857422e-01
6.252961158752441406e-01
6.363911628723144531e-01
6.284730434417724609e-01
6.249487400054931641e-01
6.265165805816650391e-01
6.121897697448730469e-01
6.271448135375976562e-01
7.018618583679199219e-01
6.296093463897705078e-01
6.279180049896240234e-01
6.263666152954101562e-01
6.253662109375000000e-01
6.263175010681152344e-01
6.209304332733154297e-01
6.556825637817382812e-01
6.357541084289550781e-01
6.431427001953125000e-01
6.363351345062255859e-01
6.379227638244628906e-01
7.133424282073974609e-01
6.422111988067626953e-01
6.335365772247314453e-01
6.302089691162109375e-01
6.363816261291503906e-01
6.382575035095214844e-01
6.326475143432617188e-01
6.331138610839843750e-01
6.354513168334960938e-01
6.364028453826904297e-01
6.353492736816406250e-01
6.424632072448730469e-01
6.361355781555175781e-01
6.297161579132080078e-01
6.312830448150634766e-01
6.369473934173583984e-01
6.234006881713867188e-01
6.333854198455810547e-01
6.380746364593505859e-01
7.171471118927001953e-01
6.387917995452880859e-01
6.389126777648925781e-01
6.404924392700195312e-01
6.266250610351562500e-01
6.373345851898193359e-01
6.648659706115722656e-01
6.409802436828613281e-01
6.402938365936279297e-01
6.436231136322021484e-01
6.303632259368896484e-01
6.363515853881835938e-01
6.373095512390136719e-01
6.356911659240722656e-01
6.359887123107910156e-01
6.372010707855224609e-01
6.281552314758300781e-01
6.359751224517822266e-01
6.340227127075195312e-01
6.394472122192382812e-01
6.397614479064941406e-01
6.345977783203125000e-01
6.326718330383300781e-01
7.188241481781005859e-01
6.351761817932128906e-01
6.400947570800781250e-01
6.416697502136230469e-01
6.290905475616455078e-01
6.342713832855224609e-01
6.405630111694335938e-01
6.328516006469726562e-01
6.273279190063476562e-01
6.302442550659179688e-01
6.394979953765869141e-01
6.379663944244384766e-01
6.309654712677001953e-01
6.228005886077880859e-01
6.455509662628173828e-01
6.481010913848876953e-01
6.530997753143310547e-01
6.285212039947509766e-01
6.404111385345458984e-01
6.326005458831787109e-01
6.379737854003906250e-01
6.220731735229492188e-01
6.322157382965087891e-01
6.553418636322021484e-01
6.180167198181152344e-01
6.201453208923339844e-01
6.434400081634521484e-01
6.231372356414794922e-01
6.220440864562988281e-01
6.175048351287841797e-01
6.426260471343994141e-01
6.469972133636474609e-01
6.354486942291259766e-01
6.544888019561767578e-01
6.410143375396728516e-01
6.412913799285888672e-01
6.461105346679687500e-01
6.331789493560791016e-01
6.514272689819335938e-01
6.503429412841796875e-01
6.300332546234130859e-01
6.345384120941162109e-01
6.625349521636962891e-01
6.340873241424560547e-01
6.443874835968017578e-01
6.439433097839355469e-01
6.356501579284667969e-01
6.359033584594726562e-01
6.405661106109619141e-01
6.363191604614257812e-01
6.373996734619140625e-01
6.433238983154296875e-01
6.200246810913085938e-01
6.361005306243896484e-01
6.222722530364990234e-01
6.217117309570312500e-01
6.207056045532226562e-01
6.225757598876953125e-01
6.243836879730224609e-01
6.368362903594970703e-01
6.166329383850097656e-01
6.312191486358642578e-01
6.373383998870849609e-01
6.265509128570556641e-01
7.145581245422363281e-01
6.398062705993652344e-01
6.338539123535156250e-01
6.336665153503417969e-01
6.989011764526367188e-01
6.308774948120117188e-01
6.304268836975097656e-01
6.364960670471191406e-01
6.352982521057128906e-01
6.344506740570068359e-01
6.323370933532714844e-01
6.365103721618652344e-01
7.359693050384521484e-01
6.347198486328125000e-01
6.377265453338623047e-01
6.359105110168457031e-01
6.402320861816406250e-01
6.306946277618408203e-01
6.350991725921630859e-01
6.433298587799072266e-01
6.333997249603271484e-01
6.347675323486328125e-01
6.289868354797363281e-01
6.481108665466308594e-01
7.132000923156738281e-01
6.350719928741455078e-01
6.429278850555419922e-01
6.284384727478027344e-01
6.340725421905517578e-01
6.462469100952148438e-01
6.400015354156494141e-01
6.447579860687255859e-01
6.443157196044921875e-01
6.529302597045898438e-01
6.465332508087158203e-01
6.373400688171386719e-01
6.628873348236083984e-01
7.236130237579345703e-01
6.375491619110107422e-01
6.376202106475830078e-01
6.350321769714355469e-01
6.652743816375732422e-01
6.372115612030029297e-01
6.355741024017333984e-01
6.365993022918701172e-01
6.378817558288574219e-01
6.417522430419921875e-01
