2.498158454895019531e+00
7.737245559692382812e-01
7.792296409606933594e-01
7.769949436187744141e-01
7.762837409973144531e-01
7.774374485015869141e-01
7.761905193328857422e-01
7.733392715454101562e-01
7.738847732543945312e-01
7.790899276733398438e-01
7.756934165954589844e-01
7.758812904357910156e-01
7.789731025695800781e-01
7.778081893920898438e-01
7.776119709014892578e-01
7.761394977569580078e-01
7.759151458740234375e-01
7.770488262176513672e-01
7.794728279113769531e-01
7.759928703308105469e-01
7.737286090850830078e-01
7.759559154510498047e-01
7.779338359832763672e-01
7.753064632415771484e-01
7.770380973815917969e-01
7.799329757690429688e-01
7.773702144622802734e-01
7.767012119293212891e-01
7.780735492706298828e-01
7.790801525115966797e-01
7.770714759826660156e-01
7.761485576629638672e-01
7.773833274841308594e-01
7.774076461791992188e-01
7.802386283874511719e-01
7.779912948608398438e-01
7.795572280883789062e-01
7.785034179687500000e-01
7.786540985107421875e-01
7.813224792480468750e-01
7.797152996063232422e-01
7.812299728393554688e-01
7.802433967590332031e-01
7.846083641052246094e-01
7.809224128723144531e-01
7.820417881011962891e-01
7.840621471405029297e-01
7.831571102142333984e-01
7.836833000183105469e-01
7.815515995025634766e-01
7.836966514587402344e-01
7.828338146209716797e-01
7.849700450897216797e-01
7.848978042602539062e-01
7.824277877807617188e-01
7.841823101043701172e-01
7.850620746612548828e-01
8.140523433685302734e-01
8.764955997467041016e-01
7.872366905212402344e-01
7.904615402221679688e-01
7.886261940002441406e-01
7.893719673156738281e-01
7.893979549407958984e-01
7.912447452545166016e-01
7.883565425872802734e-01
7.932198047637939453e-01
7.977173328399658203e-01
8.155970573425292969e-01
7.974865436553955078e-01
7.935097217559814453e-01
7.657568454742431641e-01
7.607014179229736328e-01
7.621533870697021484e-01
7.610523700714111328e-01
7.641346454620361328e-01
7.939283847808837891e-01
8.013808727264404297e-01
7.920229434967041016e-01
7.680335044860839844e-01
7.638242244720458984e-01
7.627913951873779297e-01
7.629675865173339844e-01
7.628955841064453125e-01
7.622456550598144531e-01
7.936513423919677734e-01
7.913763523101806641e-01
7.928130626678466797e-01
7.748956680297851562e-01
7.927253246307373047e-01
7.929265499114990234e-01
7.903227806091308594e-01
7.903833389282226562e-01
7.913787364959716797e-01
8.279962539672851562e-01
7.649400234222412109e-01
8.079111576080322266e-01
8.021514415740966797e-01
7.932150363922119141e-01
7.933914661407470703e-01
7.983045578002929688e-01
7.691023349761962891e-01
7.627298831939697266e-01
8.080968856811523438e-01
7.956919670104980469e-01
7.977547645568847656e-01
8.029077053070068359e-01
7.912724018096923828e-01
8.158946037292480469e-01
7.924258708953857422e-01
7.648816108703613281e-01
8.025102615356445312e-01
7.762551307678222656e-01
8.265571594238281250e-01
8.006241321563720703e-01
7.986886501312255859e-01
8.043882846832275391e-01
7.962980270385742188e-01
7.922883033752441406e-01
7.953286170959472656e-01
8.051435947418212891e-01
8.064422607421875000e-01
8.001482486724853516e-01
7.929365634918212891e-01
7.959964275360107422e-01
8.002848625183105469e-01
8.026938438415527344e-01
7.795948982238769531e-01
7.961306571960449219e-01
8.061254024505615234e-01
7.903172969818115234e-01
7.964718341827392578e-01
7.956905364990234375e-01
7.943711280822753906e-01
7.951340675354003906e-01
7.994484901428222656e-01
7.949051856994628906e-01
7.997527122497558594e-01
7.731952667236328125e-01
7.967088222503662109e-01
7.934317588806152344e-01
7.947778701782226562e-01
7.950277328491210938e-01
7.964167594909667969e-01
7.976229190826416016e-01
7.938261032104492188e-01
7.974882125854492188e-01
7.933368682861328125e-01
7.930023670196533203e-01
7.941710948944091797e-01
7.973875999450683594e-01
7.962565422058105469e-01
7.980248928070068359e-01
7.981333732604980469e-01
7.932410240173339844e-01
8.026087284088134766e-01
7.789490222930908203e-01
7.869985103607177734e-01
7.699301242828369141e-01
7.701849937438964844e-01
7.689709663391113281e-01
7.701334953308105469e-01
7.682721614837646484e-01
7.693362236022949219e-01
7.700631618499755859e-01
7.674086093902587891e-01
7.714238166809082031e-01
7.825112342834472656e-01
7.951147556304931641e-01
7.958083152770996094e-01
8.202805519104003906e-01
7.708160877227783203e-01
7.717990875244140625e-01
8.149375915527343750e-01
7.968151569366455078e-01
7.934310436248779297e-01
8.127975463867187500e-01
8.000543117523193359e-01
7.779126167297363281e-01
7.684593200683593750e-01
7.871398925781250000e-01
7.859110832214355469e-01
7.983469963073730469e-01
7.988333702087402344e-01
7.975785732269287109e-01
8.022153377532958984e-01
7.972319126129150391e-01
7.999668121337890625e-01
7.971737384796142578e-01
8.013303279876708984e-01
7.992012500762939453e-01
7.949132919311523438e-01
7.962384223937988281e-01
7.983367443084716797e-01
8.011415004730224609e-01
8.006420135498046875e-01
8.091909885406494141e-01
8.015539646148681641e-01
8.047153949737548828e-01
8.065416812896728516e-01
