2.446284055709838867e+00
7.692532539367675781e-01
7.681725025177001953e-01
7.669324874877929688e-01
7.739043235778808594e-01
8.203842639923095703e-01
7.466609477996826172e-01
7.739810943603515625e-01
7.471256256103515625e-01
7.842788696289062500e-01
7.662065029144287109e-01
7.554709911346435547e-01
7.663025856018066406e-01
7.688848972320556641e-01
7.719540596008300781e-01
7.713398933410644531e-01
7.687780857086181641e-01
7.711007595062255859e-01
7.690970897674560547e-01
7.686176300048828125e-01
7.743659019470214844e-01
7.676486968994140625e-01
7.712864875793457031e-01
7.742457389831542969e-01
7.729866504669189453e-01
7.722048759460449219e-01
7.723619937896728516e-01
7.718145847320556641e-01
7.723743915557861328e-01
7.724418640136718750e-01
7.745604515075683594e-01
7.728736400604248047e-01
7.701590061187744141e-01
7.802700996398925781e-01
7.747626304626464844e-01
7.768800258636474609e-01
7.751863002777099609e-01
7.720944881439208984e-01
7.779681682586669922e-01
7.801268100738525391e-01
7.739946842193603516e-01
7.761809825897216797e-01
7.783169746398925781e-01
7.773356437683105469e-01
7.741212844848632812e-01
7.767567634582519531e-01
7.752077579498291016e-01
7.785692214965820312e-01
7.758657932281494141e-01
7.769544124603271484e-01
7.775135040283203125e-01
7.805838584899902344e-01
7.801520824432373047e-01
7.751936912536621094e-01
7.820568084716796875e-01
7.705082893371582031e-01
7.841825485229492188e-01
7.792248725891113281e-01
7.744667530059814453e-01
7.733578681945800781e-01
7.754144668579101562e-01
7.862381935119628906e-01
7.825386524200439453e-01
7.860462665557861328e-01
7.827210426330566406e-01
7.825362682342529297e-01
7.846548557281494141e-01
7.829015254974365234e-01
7.864558696746826172e-01
7.882926464080810547e-01
7.777309417724609375e-01
7.784736156463623047e-01
7.805721759796142578e-01
7.764105796813964844e-01
7.740020751953125000e-01
7.743408679962158203e-01
7.765247821807861328e-01
7.763752937316894531e-01
7.737972736358642578e-01
7.769317626953125000e-01
7.778089046478271484e-01
7.787225246429443359e-01
7.849903106689453125e-01
7.845559120178222656e-01
7.784538269042968750e-01
8.037817478179931641e-01
7.817187309265136719e-01
7.814593315124511719e-01
7.807774543762207031e-01
7.978312969207763672e-01
7.891752719879150391e-01
7.885797023773193359e-01
8.394908905029296875e-01
7.853112220764160156e-01
7.615466117858886719e-01
8.216593265533447266e-01
7.980356216430664062e-01
7.821846008300781250e-01
7.681431770324707031e-01
7.850816249847412109e-01
8.068056106567382812e-01
7.876954078674316406e-01
7.781372070312500000e-01
7.854673862457275391e-01
7.903981208801269531e-01
7.833893299102783203e-01
7.862107753753662109e-01
7.816438674926757812e-01
7.817249298095703125e-01
7.786927223205566406e-01
7.888994216918945312e-01
7.893567085266113281e-01
7.819426059722900391e-01
7.873919010162353516e-01
7.900536060333251953e-01
7.909970283508300781e-01
7.874894142150878906e-01
7.888569831848144531e-01
7.907462120056152344e-01
7.827577590942382812e-01
8.066477775573730469e-01
7.920458316802978516e-01
7.888591289520263672e-01
7.885878086090087891e-01
7.872438430786132812e-01
7.929530143737792969e-01
8.024973869323730469e-01
7.975687980651855469e-01
7.903702259063720703e-01
8.091325759887695312e-01
9.252941608428955078e-01
7.626721858978271484e-01
7.812218666076660156e-01
8.157379627227783203e-01
7.862372398376464844e-01
8.043799400329589844e-01
7.924783229827880859e-01
7.978465557098388672e-01
7.923398017883300781e-01
7.911064624786376953e-01
7.926869392395019531e-01
7.950885295867919922e-01
7.938172817230224609e-01
7.969954013824462891e-01
7.936809062957763672e-01
7.916319370269775391e-01
7.929437160491943359e-01
7.926790714263916016e-01
7.924284934997558594e-01
7.926526069641113281e-01
7.927207946777343750e-01
7.631163597106933594e-01
7.642488479614257812e-01
8.296380043029785156e-01
7.946381568908691406e-01
7.916257381439208984e-01
7.856278419494628906e-01
8.046972751617431641e-01
7.648477554321289062e-01
8.169624805450439453e-01
7.953915596008300781e-01
8.156065940856933594e-01
7.709443569183349609e-01
8.348932266235351562e-01
7.964882850646972656e-01
8.114068508148193359e-01
7.920832633972167969e-01
7.941141128540039062e-01
7.932813167572021484e-01
7.932591438293457031e-01
7.750551700592041016e-01
7.645673751831054688e-01
7.645657062530517578e-01
7.656357288360595703e-01
8.239598274230957031e-01
7.963633537292480469e-01
7.995259761810302734e-01
7.685003280639648438e-01
7.665977478027343750e-01
7.881770133972167969e-01
8.410921096801757812e-01
7.854459285736083984e-01
7.683317661285400391e-01
7.654614448547363281e-01
8.221514225006103516e-01
7.952089309692382812e-01
7.997376918792724609e-01
8.306560516357421875e-01
7.960534095764160156e-01
7.985136508941650391e-01
7.949244976043701172e-01
7.960686683654785156e-01
7.949051856994628906e-01
7.647280693054199219e-01
7.961974143981933594e-01
8.106269836425781250e-01
7.866933345794677734e-01
7.885818481445312500e-01
7.861247062683105469e-01
8.025331497192382812e-01
