6.347332000732421875e-01
6.289744377136230469e-01
6.262075901031494141e-01
6.268217563629150391e-01
7.073333263397216797e-01
6.319532394409179688e-01
6.308948993682861328e-01
6.318619251251220703e-01
6.407666206359863281e-01
6.318361759185791016e-01
6.303362846374511719e-01
6.293015480041503906e-01
6.416897773742675781e-01
6.390149593353271484e-01
6.354134082794189453e-01
6.388943195343017578e-01
7.144014835357666016e-01
6.347570419311523438e-01
6.359601020812988281e-01
6.267802715301513672e-01
6.261630058288574219e-01
6.220037937164306641e-01
6.308972835540771484e-01
6.279349327087402344e-01
6.331181526184082031e-01
6.251013278961181641e-01
6.209745407104492188e-01
6.359431743621826172e-01
6.253073215484619141e-01
6.363971233367919922e-01
6.284782886505126953e-01
6.249549388885498047e-01
6.265230178833007812e-01
6.381111145019531250e-01
6.271479129791259766e-01
7.018642425537109375e-01
6.296174526214599609e-01
6.279280185699462891e-01
6.263720989227294922e-01
6.253776550292968750e-01
6.263246536254882812e-01
6.169438362121582031e-01
6.350667476654052734e-01
6.357688903808593750e-01
6.431353092193603516e-01
6.363391876220703125e-01
6.379270553588867188e-01
7.133469581604003906e-01
6.268513202667236328e-01
6.335439682006835938e-01
6.302213668823242188e-01
6.363840103149414062e-01
6.382589340209960938e-01
6.326663494110107422e-01
6.331164836883544922e-01
6.356060504913330078e-01
6.364161968231201172e-01
6.353614330291748047e-01
6.424777507781982422e-01
6.361358165740966797e-01
6.297230720520019531e-01
6.312837600708007812e-01
6.369419097900390625e-01
6.402750015258789062e-01
6.333994865417480469e-01
6.380722522735595703e-01
7.171490192413330078e-01
6.388046741485595703e-01
6.389224529266357422e-01
6.405019760131835938e-01
6.406204700469970703e-01
6.373462677001953125e-01
6.648778915405273438e-01
6.409916877746582031e-01
6.403048038482666016e-01
6.436295509338378906e-01
6.303787231445312500e-01
6.363539695739746094e-01
6.373174190521240234e-01
6.356973648071289062e-01
6.359975337982177734e-01
6.371996402740478516e-01
6.350824832916259766e-01
6.359748840332031250e-01
6.340310573577880859e-01
6.394493579864501953e-01
6.397676467895507812e-01
6.346130371093750000e-01
6.326820850372314453e-01
7.188262939453125000e-01
6.351761817932128906e-01
6.401081085205078125e-01
6.416587829589843750e-01
6.290981769561767578e-01
6.342823505401611328e-01
6.405711174011230469e-01
6.477608680725097656e-01
6.273295879364013672e-01
6.302647590637207031e-01
6.394982337951660156e-01
6.379764080047607422e-01
6.309697628021240234e-01
6.228089332580566406e-01
6.455578804016113281e-01
6.481037139892578125e-01
6.531062126159667969e-01
6.285266876220703125e-01
6.404173374176025391e-01
6.326093673706054688e-01
6.379821300506591797e-01
6.220831871032714844e-01
6.322290897369384766e-01
6.553509235382080078e-01
6.180317401885986328e-01
6.201577186584472656e-01
6.434528827667236328e-01
6.231474876403808594e-01
6.220510005950927734e-01
6.175172328948974609e-01
6.426329612731933594e-01
6.470029354095458984e-01
6.354577541351318359e-01
6.544976234436035156e-01
6.410002708435058594e-01
6.412978172302246094e-01
6.461143493652343750e-01
6.332013607025146484e-01
6.514265537261962891e-01
6.503453254699707031e-01
6.300470829010009766e-01
6.345379352569580078e-01
6.625390052795410156e-01
6.340892314910888672e-01
6.443946361541748047e-01
6.439428329467773438e-01
6.356542110443115234e-01
6.359124183654785156e-01
6.405708789825439453e-01
6.363301277160644531e-01
6.374084949493408203e-01
6.433286666870117188e-01
6.200311183929443359e-01
6.361067295074462891e-01
6.222932338714599609e-01
6.217210292816162109e-01
6.207110881805419922e-01
6.225814819335937500e-01
6.243956089019775391e-01
6.368439197540283203e-01
6.166393756866455078e-01
6.312336921691894531e-01
6.373431682586669922e-01
6.265604496002197266e-01
7.145636081695556641e-01
6.398162841796875000e-01
6.338634490966796875e-01
6.336774826049804688e-01
6.989116668701171875e-01
6.308898925781250000e-01
6.304402351379394531e-01
6.365044116973876953e-01
6.352968215942382812e-01
6.344544887542724609e-01
6.323449611663818359e-01
6.365306377410888672e-01
7.359755039215087891e-01
6.347246170043945312e-01
6.377301216125488281e-01
6.359307765960693359e-01
6.402504444122314453e-01
6.306970119476318359e-01
6.351108551025390625e-01
6.433396339416503906e-01
6.334178447723388672e-01
6.347825527191162109e-01
6.289973258972167969e-01
6.481125354766845703e-01
7.132089138031005859e-01
6.350994110107421875e-01
6.429314613342285156e-01
6.284430027008056641e-01
6.340818405151367188e-01
6.462507247924804688e-01
6.400094032287597656e-01
6.447601318359375000e-01
6.443138122558593750e-01
6.529307365417480469e-01
6.465380191802978516e-01
6.373531818389892578e-01
6.628904342651367188e-01
7.236247062683105469e-01
6.375532150268554688e-01
6.376407146453857422e-01
6.350412368774414062e-01
6.652717590332031250e-01
6.372265815734863281e-01
6.355831623077392578e-01
6.527633666992187500e-01
6.378901004791259766e-01
6.417496204376220703e-01
