2.699632406234741211e+00
7.860457897186279297e-01
7.877454757690429688e-01
7.881951332092285156e-01
7.876517772674560547e-01
7.860100269317626953e-01
7.878086566925048828e-01
7.888710498809814453e-01
7.888097763061523438e-01
7.868599891662597656e-01
7.873749732971191406e-01
7.870826721191406250e-01
7.885215282440185547e-01
7.874312400817871094e-01
7.870659828186035156e-01
7.896564006805419922e-01
7.876267433166503906e-01
7.864882946014404297e-01
7.827193737030029297e-01
7.874810695648193359e-01
7.849152088165283203e-01
7.837121486663818359e-01
7.846479415893554688e-01
7.850155830383300781e-01
7.863063812255859375e-01
7.849767208099365234e-01
7.883379459381103516e-01
7.835140228271484375e-01
7.856361865997314453e-01
7.871890068054199219e-01
7.880282402038574219e-01
7.879762649536132812e-01
7.848894596099853516e-01
7.964527606964111328e-01
7.857570648193359375e-01
7.873668670654296875e-01
7.898120880126953125e-01
7.893028259277343750e-01
7.887945175170898438e-01
7.882912158966064453e-01
7.882225513458251953e-01
7.877459526062011719e-01
7.879204750061035156e-01
7.879822254180908203e-01
7.683136463165283203e-01
7.660114765167236328e-01
7.655458450317382812e-01
7.667179107666015625e-01
7.686557769775390625e-01
7.678823471069335938e-01
7.673320770263671875e-01
7.688457965850830078e-01
7.660443782806396484e-01
7.682981491088867188e-01
7.655193805694580078e-01
7.685525417327880859e-01
7.937629222869873047e-01
8.085174560546875000e-01
7.980494499206542969e-01
7.998189926147460938e-01
7.967610359191894531e-01
7.960681915283203125e-01
7.943832874298095703e-01
7.959218025207519531e-01
7.923510074615478516e-01
7.983524799346923828e-01
7.924356460571289062e-01
8.005197048187255859e-01
7.989561557769775391e-01
7.960844039916992188e-01
7.970476150512695312e-01
8.003268241882324219e-01
8.009977340698242188e-01
8.014039993286132812e-01
8.040428161621093750e-01
8.034267425537109375e-01
8.027670383453369141e-01
8.029811382293701172e-01
8.035800457000732422e-01
8.039097785949707031e-01
8.163177967071533203e-01
8.061723709106445312e-01
8.082208633422851562e-01
8.160066604614257812e-01
8.012166023254394531e-01
7.739748954772949219e-01
7.749452590942382812e-01
8.571505546569824219e-01
8.065972328186035156e-01
7.746143341064453125e-01
7.721130847930908203e-01
8.089604377746582031e-01
8.092839717864990234e-01
8.083283901214599609e-01
8.071622848510742188e-01
8.102781772613525391e-01
8.025164604187011719e-01
8.027803897857666016e-01
8.192145824432373047e-01
8.031213283538818359e-01
8.163135051727294922e-01
8.222770690917968750e-01
8.183631896972656250e-01
8.110206127166748047e-01
7.749409675598144531e-01
7.887895107269287109e-01
8.042345046997070312e-01
7.903492450714111328e-01
7.953321933746337891e-01
8.109085559844970703e-01
8.064894676208496094e-01
8.033821582794189453e-01
8.078174591064453125e-01
8.062098026275634766e-01
8.078939914703369141e-01
8.092215061187744141e-01
8.052952289581298828e-01
8.046412467956542969e-01
8.040447235107421875e-01
8.339068889617919922e-01
8.049302101135253906e-01
8.080494403839111328e-01
8.081905841827392578e-01
8.011000156402587891e-01
8.267464637756347656e-01
8.081529140472412109e-01
8.076679706573486328e-01
8.227653503417968750e-01
7.751581668853759766e-01
8.186473846435546875e-01
8.202807903289794922e-01
8.122022151947021484e-01
8.064236640930175781e-01
8.080933094024658203e-01
7.783842086791992188e-01
8.495075702667236328e-01
8.127052783966064453e-01
8.149883747100830078e-01
8.100526332855224609e-01
8.119101524353027344e-01
8.107049465179443359e-01
8.101134300231933594e-01
8.097591400146484375e-01
8.090591430664062500e-01
8.064365386962890625e-01
8.053555488586425781e-01
8.050925731658935547e-01
8.060908317565917969e-01
8.070204257965087891e-01
8.100795745849609375e-01
8.090200424194335938e-01
8.091475963592529297e-01
8.078668117523193359e-01
8.320214748382568359e-01
8.074502944946289062e-01
8.076784610748291016e-01
8.103773593902587891e-01
8.096001148223876953e-01
8.130495548248291016e-01
8.128573894500732422e-01
8.155732154846191406e-01
8.157184123992919922e-01
8.143637180328369141e-01
8.142881393432617188e-01
8.137691020965576172e-01
8.148186206817626953e-01
8.151614665985107422e-01
8.126490116119384766e-01
8.143293857574462891e-01
8.558547496795654297e-01
8.200454711914062500e-01
8.175263404846191406e-01
8.175454139709472656e-01
8.163497447967529297e-01
7.975993156433105469e-01
8.361070156097412109e-01
8.053290843963623047e-01
7.926990985870361328e-01
8.186349868774414062e-01
8.156573772430419922e-01
8.176701068878173828e-01
8.175475597381591797e-01
8.190524578094482422e-01
8.158078193664550781e-01
8.087499141693115234e-01
7.892081737518310547e-01
7.952959537506103516e-01
7.814893722534179688e-01
7.927746772766113281e-01
7.847299575805664062e-01
8.153965473175048828e-01
8.119797706604003906e-01
8.157444000244140625e-01
8.111805915832519531e-01
8.123185634613037109e-01
8.046667575836181641e-01
8.019843101501464844e-01
8.028638362884521484e-01
8.009285926818847656e-01
8.092267513275146484e-01
