1.950179815292358398e+00
4.414789676666259766e-01
4.341537952423095703e-01
4.301090240478515625e-01
4.295911788940429688e-01
4.317345619201660156e-01
4.304997920989990234e-01
4.317393302917480469e-01
4.304697513580322266e-01
4.325232505798339844e-01
4.309949874877929688e-01
4.318857192993164062e-01
4.330823421478271484e-01
4.309113025665283203e-01
4.326698780059814453e-01
4.347009658813476562e-01
4.344570636749267578e-01
4.336555004119873047e-01
4.356486797332763672e-01
4.338245391845703125e-01
4.346890449523925781e-01
4.355885982513427734e-01
4.362726211547851562e-01
4.369535446166992188e-01
4.379732608795166016e-01
4.391205310821533203e-01
4.434509277343750000e-01
4.417116641998291016e-01
4.597499370574951172e-01
4.456429481506347656e-01
4.397432804107666016e-01
4.414367675781250000e-01
4.412822723388671875e-01
4.385309219360351562e-01
4.416794776916503906e-01
4.397192001342773438e-01
4.402101039886474609e-01
4.430141448974609375e-01
4.407300949096679688e-01
4.409017562866210938e-01
4.398152828216552734e-01
4.416816234588623047e-01
4.401702880859375000e-01
4.413647651672363281e-01
4.434585571289062500e-01
4.406461715698242188e-01
4.408023357391357422e-01
4.410512447357177734e-01
4.407362937927246094e-01
4.434013366699218750e-01
4.429929256439208984e-01
4.417443275451660156e-01
4.433677196502685547e-01
4.414777755737304688e-01
4.434494972229003906e-01
4.421751499176025391e-01
4.411280155181884766e-01
4.451010227203369141e-01
4.424145221710205078e-01
4.418592453002929688e-01
4.419434070587158203e-01
4.422621726989746094e-01
4.433450698852539062e-01
4.425032138824462891e-01
4.424519538879394531e-01
4.434349536895751953e-01
4.423782825469970703e-01
4.450569152832031250e-01
4.443814754486083984e-01
4.437375068664550781e-01
4.439494609832763672e-01
4.430644512176513672e-01
4.415845870971679688e-01
4.411160945892333984e-01
4.419953823089599609e-01
4.402887821197509766e-01
4.400343894958496094e-01
4.401381015777587891e-01
4.413988590240478516e-01
4.388983249664306641e-01
4.391713142395019531e-01
4.426569938659667969e-01
4.399664402008056641e-01
4.384267330169677734e-01
4.409978389739990234e-01
4.401376247406005859e-01
4.422874450683593750e-01
4.426977634429931641e-01
4.409713745117187500e-01
4.415547847747802734e-01
4.468595981597900391e-01
4.425623416900634766e-01
4.430508613586425781e-01
4.435005187988281250e-01
4.450168609619140625e-01
4.434239864349365234e-01
4.436514377593994141e-01
4.387736320495605469e-01
4.397320747375488281e-01
4.400277137756347656e-01
4.410071372985839844e-01
4.410111904144287109e-01
4.415214061737060547e-01
4.389925003051757812e-01
4.408979415893554688e-01
4.409823417663574219e-01
4.417023658752441406e-01
4.434149265289306641e-01
4.419610500335693359e-01
4.414350986480712891e-01
4.422531127929687500e-01
4.402608871459960938e-01
4.421408176422119141e-01
4.399511814117431641e-01
4.408118724822998047e-01
4.439477920532226562e-01
4.478011131286621094e-01
4.400064945220947266e-01
4.415006637573242188e-01
4.434747695922851562e-01
4.454205036163330078e-01
4.426505565643310547e-01
4.426388740539550781e-01
4.451601505279541016e-01
4.439733028411865234e-01
4.450304508209228516e-01
4.460270404815673828e-01
4.406223297119140625e-01
4.426863193511962891e-01
4.442842006683349609e-01
4.434440135955810547e-01
4.425749778747558594e-01
4.433016777038574219e-01
4.437837600708007812e-01
4.434130191802978516e-01
4.443309307098388672e-01
4.462738037109375000e-01
4.481015205383300781e-01
4.457705020904541016e-01
4.463493824005126953e-01
4.467837810516357422e-01
4.462280273437500000e-01
4.474031925201416016e-01
4.485127925872802734e-01
4.468696117401123047e-01
4.466896057128906250e-01
4.465777873992919922e-01
4.496932029724121094e-01
4.480123519897460938e-01
4.503135681152343750e-01
4.492166042327880859e-01
4.469833374023437500e-01
4.472520351409912109e-01
4.479868412017822266e-01
4.499583244323730469e-01
4.489135742187500000e-01
4.470331668853759766e-01
4.500768184661865234e-01
4.493596553802490234e-01
4.469282627105712891e-01
4.481763839721679688e-01
4.474110603332519531e-01
4.462997913360595703e-01
4.485006332397460938e-01
4.485723972320556641e-01
4.490671157836914062e-01
4.505329132080078125e-01
4.512407779693603516e-01
4.498295783996582031e-01
4.534709453582763672e-01
4.473955631256103516e-01
4.496579170227050781e-01
4.516186714172363281e-01
4.490740299224853516e-01
4.519407749176025391e-01
4.490537643432617188e-01
4.463295936584472656e-01
4.490528106689453125e-01
4.561684131622314453e-01
4.685635566711425781e-01
4.437859058380126953e-01
4.451200962066650391e-01
4.485714435577392578e-01
4.464163780212402344e-01
4.451448917388916016e-01
4.445335865020751953e-01
4.467794895172119141e-01
4.455165863037109375e-01
4.427907466888427734e-01
4.467835426330566406e-01
4.497733116149902344e-01
4.537165164947509766e-01
4.513068199157714844e-01
4.546518325805664062e-01
4.502766132354736328e-01
4.517462253570556641e-01
4.518799781799316406e-01
4.534695148468017578e-01
4.515817165374755859e-01
4.532968997955322266e-01
