1.434106588363647461e+00
1.290643692016601562e+00
1.289025545120239258e+00
1.377182483673095703e+00
1.272831678390502930e+00
1.275343179702758789e+00
1.290167570114135742e+00
1.250691175460815430e+00
1.374593973159790039e+00
1.276188850402832031e+00
1.267271041870117188e+00
1.268419742584228516e+00
1.263901710510253906e+00
1.255464315414428711e+00
1.266224384307861328e+00
1.263353109359741211e+00
1.263070583343505859e+00
1.274825811386108398e+00
1.254365682601928711e+00
1.251596689224243164e+00
1.292860031127929688e+00
1.269111871719360352e+00
1.255086421966552734e+00
1.353827476501464844e+00
1.272433996200561523e+00
1.255179643630981445e+00
1.269573211669921875e+00
1.289599657058715820e+00
1.261693716049194336e+00
1.287405967712402344e+00
1.294604539871215820e+00
1.273653507232666016e+00
1.274453401565551758e+00
1.303046941757202148e+00
1.238056182861328125e+00
1.273071765899658203e+00
1.264193296432495117e+00
1.264956474304199219e+00
1.273543596267700195e+00
1.282725811004638672e+00
1.267489194869995117e+00
1.253579378128051758e+00
1.279385328292846680e+00
1.258715152740478516e+00
1.279104948043823242e+00
1.269043684005737305e+00
1.262885093688964844e+00
1.268378496170043945e+00
1.285760402679443359e+00
1.257623910903930664e+00
1.261992216110229492e+00
1.274718523025512695e+00
1.368343114852905273e+00
1.267765760421752930e+00
1.262973070144653320e+00
1.281426906585693359e+00
1.261920928955078125e+00
1.259826660156250000e+00
1.287117481231689453e+00
1.276696205139160156e+00
1.261521100997924805e+00
1.260037660598754883e+00
1.357781171798706055e+00
1.267265796661376953e+00
1.251872539520263672e+00
1.259609222412109375e+00
1.266858816146850586e+00
1.261166095733642578e+00
1.284186124801635742e+00
1.261019229888916016e+00
1.283925771713256836e+00
1.295603513717651367e+00
1.283860206604003906e+00
1.293646574020385742e+00
1.334043979644775391e+00
1.318780660629272461e+00
1.317778825759887695e+00
1.336232662200927734e+00
1.301378011703491211e+00
1.283872604370117188e+00
1.280147790908813477e+00
1.287637948989868164e+00
1.256536006927490234e+00
1.250650167465209961e+00
1.281865119934082031e+00
1.252182006835937500e+00
1.261565208435058594e+00
1.276618003845214844e+00
1.259657382965087891e+00
1.253162860870361328e+00
1.294902801513671875e+00
1.263396501541137695e+00
1.352606296539306641e+00
1.279410600662231445e+00
1.252247095108032227e+00
1.252542734146118164e+00
1.264399051666259766e+00
1.270024061203002930e+00
1.254983186721801758e+00
1.259453535079956055e+00
1.295260190963745117e+00
1.245560884475708008e+00
1.282002925872802734e+00
1.381623029708862305e+00
1.304210424423217773e+00
1.287873268127441406e+00
1.262493371963500977e+00
1.266052722930908203e+00
1.262375116348266602e+00
1.273021697998046875e+00
1.257854223251342773e+00
1.266943454742431641e+00
1.269744873046875000e+00
1.271951675415039062e+00
1.270609617233276367e+00
1.267696380615234375e+00
1.264612913131713867e+00
1.271637678146362305e+00
1.355467557907104492e+00
1.278043985366821289e+00
1.292595386505126953e+00
1.269122600555419922e+00
1.258968114852905273e+00
1.272028684616088867e+00
1.268143177032470703e+00
1.257959127426147461e+00
1.297696828842163086e+00
1.252626180648803711e+00
1.349708557128906250e+00
1.263465642929077148e+00
1.257413864135742188e+00
1.264528989791870117e+00
1.265006303787231445e+00
1.364385128021240234e+00
1.270932197570800781e+00
1.268950700759887695e+00
1.301286935806274414e+00
1.265928268432617188e+00
1.358521938323974609e+00
1.274799346923828125e+00
1.263849735260009766e+00
1.263566255569458008e+00
1.260301828384399414e+00
1.367825508117675781e+00
1.266566276550292969e+00
1.283454656600952148e+00
1.263767957687377930e+00
1.275994062423706055e+00
1.258575201034545898e+00
1.272490024566650391e+00
1.283865213394165039e+00
1.267068624496459961e+00
1.269520998001098633e+00
1.291550874710083008e+00
1.266910076141357422e+00
1.266322612762451172e+00
1.275314331054687500e+00
1.277523756027221680e+00
1.352017402648925781e+00
1.282593011856079102e+00
1.262730360031127930e+00
1.277897596359252930e+00
1.290237903594970703e+00
1.262706518173217773e+00
1.261874198913574219e+00
1.284992456436157227e+00
1.271303653717041016e+00
1.267169475555419922e+00
1.283111095428466797e+00
1.400842189788818359e+00
1.280155181884765625e+00
1.263359069824218750e+00
1.253705739974975586e+00
1.280379056930541992e+00
1.358970642089843750e+00
1.288075208663940430e+00
1.261502027511596680e+00
1.274749517440795898e+00
1.284510374069213867e+00
1.347734212875366211e+00
1.269952535629272461e+00
1.262759923934936523e+00
1.246229887008666992e+00
1.263831615447998047e+00
1.340436458587646484e+00
1.286640167236328125e+00
1.291738033294677734e+00
1.312851905822753906e+00
1.343889236450195312e+00
1.361816406250000000e+00
1.328282833099365234e+00
1.322978258132934570e+00
1.276737213134765625e+00
1.263298273086547852e+00
1.269835472106933594e+00
1.271756172180175781e+00
1.255832910537719727e+00
1.266591787338256836e+00
1.281854629516601562e+00
1.256369829177856445e+00
