1.943292140960693359e+00
4.354689121246337891e-01
4.368004798889160156e-01
4.376840591430664062e-01
4.360668659210205078e-01
4.399158954620361328e-01
4.368598461151123047e-01
4.364202022552490234e-01
4.364185333251953125e-01
4.365985393524169922e-01
4.370701313018798828e-01
4.371302127838134766e-01
4.370625019073486328e-01
4.384646415710449219e-01
4.379758834838867188e-01
4.387726783752441406e-01
4.374957084655761719e-01
4.391908645629882812e-01
4.372735023498535156e-01
4.383316040039062500e-01
4.401581287384033203e-01
4.382755756378173828e-01
4.392738342285156250e-01
4.423432350158691406e-01
4.396708011627197266e-01
4.420487880706787109e-01
4.510622024536132812e-01
4.424645900726318359e-01
4.462070465087890625e-01
4.449918270111083984e-01
4.471573829650878906e-01
5.379502773284912109e-01
5.385246276855468750e-01
5.394651889801025391e-01
5.374686717987060547e-01
5.384151935577392578e-01
4.457666873931884766e-01
4.455635547637939453e-01
4.446179866790771484e-01
4.430046081542968750e-01
4.461762905120849609e-01
4.448153972625732422e-01
4.455397129058837891e-01
4.447884559631347656e-01
4.457461833953857422e-01
4.440174102783203125e-01
4.468638896942138672e-01
4.480504989624023438e-01
4.486606121063232422e-01
4.477052688598632812e-01
4.451828002929687500e-01
4.457101821899414062e-01
4.490902423858642578e-01
4.462831020355224609e-01
4.470183849334716797e-01
4.492182731628417969e-01
4.491055011749267578e-01
4.501595497131347656e-01
4.514019489288330078e-01
4.517872333526611328e-01
4.504818916320800781e-01
4.526033401489257812e-01
4.506514072418212891e-01
4.475538730621337891e-01
4.489860534667968750e-01
4.506287574768066406e-01
4.517765045166015625e-01
4.526412487030029297e-01
4.517936706542968750e-01
4.501893520355224609e-01
4.484214782714843750e-01
4.499354362487792969e-01
4.471528530120849609e-01
5.348494052886962891e-01
4.964389801025390625e-01
4.468052387237548828e-01
4.439592361450195312e-01
4.477350711822509766e-01
4.465718269348144531e-01
4.475059509277343750e-01
4.484272003173828125e-01
4.486677646636962891e-01
4.472687244415283203e-01
4.508485794067382812e-01
4.452822208404541016e-01
4.449057579040527344e-01
4.488947391510009766e-01
4.445064067840576172e-01
4.455430507659912109e-01
4.927678108215332031e-01
4.477038383483886719e-01
4.485611915588378906e-01
4.498133659362792969e-01
4.491720199584960938e-01
4.473922252655029297e-01
5.370872020721435547e-01
4.461195468902587891e-01
4.464073181152343750e-01
4.493970870971679688e-01
4.458515644073486328e-01
4.452564716339111328e-01
5.402243137359619141e-01
5.389115810394287109e-01
5.378861427307128906e-01
5.388417243957519531e-01
5.377304553985595703e-01
4.925625324249267578e-01
4.465489387512207031e-01
4.450519084930419922e-01
4.453513622283935547e-01
4.454622268676757812e-01
4.442052841186523438e-01
4.435899257659912109e-01
4.456932544708251953e-01
4.448668956756591797e-01
4.459745883941650391e-01
4.452826976776123047e-01
4.462945461273193359e-01
4.432809352874755859e-01
4.936234951019287109e-01
5.404913425445556641e-01
5.372338294982910156e-01
4.918730258941650391e-01
4.494249820709228516e-01
4.468252658843994141e-01
4.469220638275146484e-01
5.391695499420166016e-01
5.391952991485595703e-01
4.466547966003417969e-01
4.464774131774902344e-01
4.449765682220458984e-01
4.471666812896728516e-01
4.456965923309326172e-01
4.464712142944335938e-01
4.474916458129882812e-01
5.391416549682617188e-01
5.405058860778808594e-01
5.386774539947509766e-01
4.448659420013427734e-01
4.459059238433837891e-01
4.456183910369873047e-01
4.459180831909179688e-01
4.496946334838867188e-01
4.960892200469970703e-01
4.468293190002441406e-01
4.474225044250488281e-01
4.493815898895263672e-01
4.488344192504882812e-01
4.499893188476562500e-01
4.491794109344482422e-01
4.507322311401367188e-01
4.505138397216796875e-01
4.508278369903564453e-01
4.517574310302734375e-01
4.513466358184814453e-01
4.532496929168701172e-01
4.523966312408447266e-01
4.551391601562500000e-01
4.523296356201171875e-01
4.531204700469970703e-01
4.549205303192138672e-01
4.542381763458251953e-01
5.476810932159423828e-01
5.478956699371337891e-01
5.469677448272705078e-01
4.513034820556640625e-01
4.521780014038085938e-01
4.532029628753662109e-01
4.534606933593750000e-01
4.530136585235595703e-01
5.468809604644775391e-01
4.534649848937988281e-01
4.541797637939453125e-01
4.543631076812744141e-01
4.523396492004394531e-01
4.533507823944091797e-01
4.535264968872070312e-01
4.550054073333740234e-01
4.686634540557861328e-01
4.742145538330078125e-01
4.474844932556152344e-01
4.480650424957275391e-01
4.966230392456054688e-01
5.393693447113037109e-01
5.422668457031250000e-01
5.441758632659912109e-01
5.412781238555908203e-01
4.959268569946289062e-01
4.508216381072998047e-01
4.500970840454101562e-01
4.551422595977783203e-01
4.555804729461669922e-01
4.569561481475830078e-01
4.602680206298828125e-01
4.584050178527832031e-01
4.578208923339843750e-01
4.582858085632324219e-01
4.556229114532470703e-01
4.566969871520996094e-01
4.571716785430908203e-01
