1.434092521667480469e+00
1.290645599365234375e+00
1.289028167724609375e+00
1.377182722091674805e+00
1.272831678390502930e+00
1.275340318679809570e+00
1.290165901184082031e+00
1.250690698623657227e+00
1.374604701995849609e+00
1.276189804077148438e+00
1.267269611358642578e+00
1.268419265747070312e+00
1.263902902603149414e+00
1.255461215972900391e+00
1.266224622726440430e+00
1.263350963592529297e+00
1.263070583343505859e+00
1.274824619293212891e+00
1.254368305206298828e+00
1.251595258712768555e+00
1.292858600616455078e+00
1.269108533859252930e+00
1.255086660385131836e+00
1.353819847106933594e+00
1.272439002990722656e+00
1.255179882049560547e+00
1.269573450088500977e+00
1.289598941802978516e+00
1.261697053909301758e+00
1.287407636642456055e+00
1.294606447219848633e+00
1.273658514022827148e+00
1.274457693099975586e+00
1.303057670593261719e+00
1.238055229187011719e+00
1.273069858551025391e+00
1.264193534851074219e+00
1.264956951141357422e+00
1.273539781570434570e+00
1.282721519470214844e+00
1.267485618591308594e+00
1.253577470779418945e+00
1.279382467269897461e+00
1.258714914321899414e+00
1.279101848602294922e+00
1.269042491912841797e+00
1.262880563735961914e+00
1.268374919891357422e+00
1.285760402679443359e+00
1.257623195648193359e+00
1.261990547180175781e+00
1.274722337722778320e+00
1.368340492248535156e+00
1.267764329910278320e+00
1.262974023818969727e+00
1.281427621841430664e+00
1.261916875839233398e+00
1.259826898574829102e+00
1.287119150161743164e+00
1.276699066162109375e+00
1.261520147323608398e+00
1.260035037994384766e+00
1.357780456542968750e+00
1.267264604568481445e+00
1.251868486404418945e+00
1.259613513946533203e+00
1.266862630844116211e+00
1.261166334152221680e+00
1.284187555313110352e+00
1.261018991470336914e+00
1.283925294876098633e+00
1.295605182647705078e+00
1.283858776092529297e+00
1.293645858764648438e+00
1.334046363830566406e+00
1.318777799606323242e+00
1.317776679992675781e+00
1.336225748062133789e+00
1.301373720169067383e+00
1.283870458602905273e+00
1.280143260955810547e+00
1.287639856338500977e+00
1.256535053253173828e+00
1.250650644302368164e+00
1.281863451004028320e+00
1.252181291580200195e+00
1.261566162109375000e+00
1.276616573333740234e+00
1.259661436080932617e+00
1.253162860870361328e+00
1.294897794723510742e+00
1.263395309448242188e+00
1.352604627609252930e+00
1.279410600662231445e+00
1.252240896224975586e+00
1.252535820007324219e+00
1.264398336410522461e+00
1.270025253295898438e+00
1.254981040954589844e+00
1.259453535079956055e+00
1.295271158218383789e+00
1.245558261871337891e+00
1.282008171081542969e+00
1.381623506546020508e+00
1.304215908050537109e+00
1.287876605987548828e+00
1.262495517730712891e+00
1.266047239303588867e+00
1.262369155883789062e+00
1.273018836975097656e+00
1.257850408554077148e+00
1.266941308975219727e+00
1.269740819931030273e+00
1.271948814392089844e+00
1.270606040954589844e+00
1.267695188522338867e+00
1.264613151550292969e+00
1.271632432937622070e+00
1.355459690093994141e+00
1.278047084808349609e+00
1.292599678039550781e+00
1.269125938415527344e+00
1.258964776992797852e+00
1.272030591964721680e+00
1.268138170242309570e+00
1.257955312728881836e+00
1.297700405120849609e+00
1.252626180648803711e+00
1.349707841873168945e+00
1.263461351394653320e+00
1.257416963577270508e+00
1.264529228210449219e+00
1.265007257461547852e+00
1.364390134811401367e+00
1.270937442779541016e+00
1.268953084945678711e+00
1.301292896270751953e+00
1.265921115875244141e+00
1.358516216278076172e+00
1.274795770645141602e+00
1.263848304748535156e+00
1.263565063476562500e+00
1.260303258895874023e+00
1.367823839187622070e+00
1.266564846038818359e+00
1.283458948135375977e+00
1.263767480850219727e+00
1.275992155075073242e+00
1.258573532104492188e+00
1.272488594055175781e+00
1.283868074417114258e+00
1.267062902450561523e+00
1.269520521163940430e+00
1.291549921035766602e+00
1.266911983489990234e+00
1.266321659088134766e+00
1.275316476821899414e+00
1.277528285980224609e+00
1.352017402648925781e+00
1.282593965530395508e+00
1.262729406356811523e+00
1.277904510498046875e+00
1.290241003036499023e+00
1.262706279754638672e+00
1.261873722076416016e+00
1.284989118576049805e+00
1.271306037902832031e+00
1.267167568206787109e+00
1.283111333847045898e+00
1.400849342346191406e+00
1.280158996582031250e+00
1.263360023498535156e+00
1.253703117370605469e+00
1.280377626419067383e+00
1.358974218368530273e+00
1.288074254989624023e+00
1.261504888534545898e+00
1.274748563766479492e+00
1.284507751464843750e+00
1.347738027572631836e+00
1.269954442977905273e+00
1.262757539749145508e+00
1.246231555938720703e+00
1.263830900192260742e+00
1.340441703796386719e+00
1.286645174026489258e+00
1.291741609573364258e+00
1.312854766845703125e+00
1.343892812728881836e+00
1.361813783645629883e+00
1.328281641006469727e+00
1.322978019714355469e+00
1.276736021041870117e+00
1.263296127319335938e+00
1.269832372665405273e+00
1.271757602691650391e+00
1.255831956863403320e+00
1.266589403152465820e+00
1.281854391098022461e+00
1.256366252899169922e+00
