1.434106111526489258e+00
1.290645837783813477e+00
1.289026737213134766e+00
1.377183198928833008e+00
1.272832393646240234e+00
1.275343418121337891e+00
1.290172338485717773e+00
1.250689268112182617e+00
1.374603509902954102e+00
1.276186943054199219e+00
1.267271041870117188e+00
1.268418550491333008e+00
1.263901948928833008e+00
1.255462169647216797e+00
1.266222476959228516e+00
1.263353109359741211e+00
1.263068914413452148e+00
1.274824380874633789e+00
1.254365682601928711e+00
1.251595735549926758e+00
1.292855978012084961e+00
1.269109487533569336e+00
1.255084514617919922e+00
1.353821039199829102e+00
1.272433280944824219e+00
1.255177974700927734e+00
1.269573688507080078e+00
1.289599180221557617e+00
1.261695623397827148e+00
1.287405490875244141e+00
1.294605255126953125e+00
1.273655891418457031e+00
1.274455070495605469e+00
1.303050994873046875e+00
1.238056182861328125e+00
1.273070812225341797e+00
1.264192819595336914e+00
1.264956474304199219e+00
1.273540973663330078e+00
1.282722234725952148e+00
1.267488241195678711e+00
1.253578662872314453e+00
1.279384136199951172e+00
1.258714914321899414e+00
1.279111862182617188e+00
1.269043445587158203e+00
1.262884140014648438e+00
1.268379688262939453e+00
1.285760879516601562e+00
1.257621765136718750e+00
1.261996984481811523e+00
1.274719715118408203e+00
1.368342399597167969e+00
1.267772674560546875e+00
1.262972593307495117e+00
1.281426668167114258e+00
1.261919021606445312e+00
1.259828090667724609e+00
1.287120580673217773e+00
1.276698112487792969e+00
1.261521816253662109e+00
1.260038375854492188e+00
1.357778310775756836e+00
1.267265319824218750e+00
1.251872777938842773e+00
1.259609460830688477e+00
1.266860008239746094e+00
1.261165380477905273e+00
1.284185171127319336e+00
1.261020183563232422e+00
1.283923864364624023e+00
1.295603275299072266e+00
1.283856630325317383e+00
1.293644905090332031e+00
1.334045886993408203e+00
1.318779468536376953e+00
1.317778110504150391e+00
1.336227655410766602e+00
1.301377534866333008e+00
1.283872604370117188e+00
1.280143499374389648e+00
1.287639141082763672e+00
1.256537437438964844e+00
1.250651359558105469e+00
1.281866788864135742e+00
1.252181291580200195e+00
1.261566400527954102e+00
1.276617527008056641e+00
1.259658098220825195e+00
1.253168344497680664e+00
1.294902324676513672e+00
1.263396739959716797e+00
1.352602005004882812e+00
1.279410839080810547e+00
1.252246856689453125e+00
1.252537965774536133e+00
1.264399528503417969e+00
1.270026206970214844e+00
1.254981994628906250e+00
1.259454965591430664e+00
1.295263767242431641e+00
1.245559930801391602e+00
1.282006025314331055e+00
1.381624698638916016e+00
1.304213523864746094e+00
1.287875413894653320e+00
1.262494564056396484e+00
1.266050338745117188e+00
1.262378931045532227e+00
1.273021221160888672e+00
1.257856130599975586e+00
1.266942501068115234e+00
1.269744157791137695e+00
1.271950483322143555e+00
1.270613193511962891e+00
1.267694711685180664e+00
1.264613151550292969e+00
1.271635055541992188e+00
1.355466127395629883e+00
1.278046607971191406e+00
1.292603492736816406e+00
1.269122362136840820e+00
1.258967399597167969e+00
1.272025585174560547e+00
1.268142461776733398e+00
1.257959365844726562e+00
1.297699451446533203e+00
1.252624511718750000e+00
1.349708318710327148e+00
1.263464927673339844e+00
1.257416009902954102e+00
1.264530181884765625e+00
1.265007972717285156e+00
1.364386081695556641e+00
1.270935535430908203e+00
1.268952369689941406e+00
1.301290512084960938e+00
1.265925168991088867e+00
1.358520269393920898e+00
1.274798154830932617e+00
1.263848543167114258e+00
1.263565778732299805e+00
1.260303735733032227e+00
1.367825508117675781e+00
1.266566991806030273e+00
1.283460140228271484e+00
1.263768911361694336e+00
1.275995016098022461e+00
1.258575916290283203e+00
1.272489547729492188e+00
1.283866405487060547e+00
1.267062664031982422e+00
1.269523620605468750e+00
1.291551589965820312e+00
1.266911983489990234e+00
1.266322851181030273e+00
1.275299072265625000e+00
1.277525901794433594e+00
1.352015972137451172e+00
1.282593727111816406e+00
1.262732505798339844e+00
1.277900218963623047e+00
1.290241479873657227e+00
1.262703657150268555e+00
1.261875391006469727e+00
1.284991502761840820e+00
1.271304607391357422e+00
1.267170906066894531e+00
1.283111333847045898e+00
1.400844573974609375e+00
1.280157566070556641e+00
1.263358831405639648e+00
1.253705263137817383e+00
1.280380725860595703e+00
1.358971834182739258e+00
1.288074016571044922e+00
1.261503696441650391e+00
1.274750471115112305e+00
1.284510374069213867e+00
1.347735166549682617e+00
1.269954204559326172e+00
1.262759685516357422e+00
1.246230602264404297e+00
1.263833284378051758e+00
1.340438127517700195e+00
1.286642074584960938e+00
1.291739702224731445e+00
1.312851428985595703e+00
1.343891620635986328e+00
1.361815452575683594e+00
1.328282833099365234e+00
1.322978258132934570e+00
1.276737213134765625e+00
1.263297319412231445e+00
1.269834280014038086e+00
1.271758556365966797e+00
1.255833387374877930e+00
1.266589164733886719e+00
1.281855583190917969e+00
1.256370306015014648e+00
