1.434112310409545898e+00
1.290635347366333008e+00
1.289015531539916992e+00
1.377175331115722656e+00
1.272823333740234375e+00
1.275323152542114258e+00
1.290162086486816406e+00
1.250679969787597656e+00
1.374597787857055664e+00
1.276168107986450195e+00
1.267274379730224609e+00
1.268413543701171875e+00
1.263889074325561523e+00
1.255447864532470703e+00
1.266233444213867188e+00
1.263335227966308594e+00
1.263061285018920898e+00
1.274814605712890625e+00
1.254339456558227539e+00
1.251574516296386719e+00
1.292837858200073242e+00
1.269094705581665039e+00
1.255054473876953125e+00
1.353819608688354492e+00
1.272416591644287109e+00
1.255172491073608398e+00
1.269558668136596680e+00
1.289594173431396484e+00
1.261697530746459961e+00
1.287388324737548828e+00
1.294579029083251953e+00
1.273640155792236328e+00
1.274439573287963867e+00
1.303014516830444336e+00
1.238047122955322266e+00
1.273071765899658203e+00
1.264193296432495117e+00
1.264950752258300781e+00
1.273528099060058594e+00
1.282681941986083984e+00
1.267457962036132812e+00
1.253566026687622070e+00
1.279378890991210938e+00
1.258684158325195312e+00
1.279079914093017578e+00
1.269038438796997070e+00
1.262860536575317383e+00
1.268356323242187500e+00
1.285737514495849609e+00
1.257626295089721680e+00
1.261975765228271484e+00
1.274711370468139648e+00
1.368335485458374023e+00
1.267750740051269531e+00
1.262964487075805664e+00
1.281405210494995117e+00
1.261911392211914062e+00
1.259793519973754883e+00
1.287086009979248047e+00
1.276676893234252930e+00
1.261520862579345703e+00
1.260030508041381836e+00
1.357780694961547852e+00
1.267252206802368164e+00
1.251858711242675781e+00
1.259589433670043945e+00
1.266842603683471680e+00
1.261156797409057617e+00
1.284162044525146484e+00
1.261004447937011719e+00
1.283928394317626953e+00
1.295588493347167969e+00
1.283873081207275391e+00
1.293645143508911133e+00
1.334032535552978516e+00
1.318777799606323242e+00
1.317758321762084961e+00
1.336213350296020508e+00
1.301358461380004883e+00
1.283849477767944336e+00
1.280149936676025391e+00
1.287627220153808594e+00
1.256521940231323242e+00
1.250638008117675781e+00
1.281858921051025391e+00
1.252192735671997070e+00
1.261556863784790039e+00
1.276616334915161133e+00
1.259653568267822266e+00
1.253162860870361328e+00
1.294887542724609375e+00
1.263381242752075195e+00
1.352609395980834961e+00
1.279413223266601562e+00
1.252222061157226562e+00
1.252528667449951172e+00
1.264398813247680664e+00
1.270014762878417969e+00
1.254963874816894531e+00
1.259445190429687500e+00
1.295256376266479492e+00
1.245540857315063477e+00
1.281993865966796875e+00
1.381598472595214844e+00
1.304214715957641602e+00
1.287870168685913086e+00
1.262476682662963867e+00
1.266028404235839844e+00
1.262335777282714844e+00
1.272998332977294922e+00
1.257829666137695312e+00
1.266935825347900391e+00
1.269714117050170898e+00
1.271915674209594727e+00
1.270601272583007812e+00
1.267688989639282227e+00
1.264593601226806641e+00
1.271615266799926758e+00
1.355449914932250977e+00
1.278015375137329102e+00
1.292589664459228516e+00
1.269118785858154297e+00
1.258961200714111328e+00
1.272019147872924805e+00
1.268120050430297852e+00
1.257948398590087891e+00
1.297669172286987305e+00
1.252608776092529297e+00
1.349707365036010742e+00
1.263445615768432617e+00
1.257397651672363281e+00
1.264524459838867188e+00
1.265006065368652344e+00
1.364362001419067383e+00
1.270911216735839844e+00
1.268928050994873047e+00
1.301264286041259766e+00
1.265898466110229492e+00
1.358513116836547852e+00
1.274804115295410156e+00
1.263841152191162109e+00
1.263533115386962891e+00
1.260278224945068359e+00
1.367804765701293945e+00
1.266549110412597656e+00
1.283428668975830078e+00
1.263757467269897461e+00
1.275982856750488281e+00
1.258565187454223633e+00
1.272478103637695312e+00
1.283853292465209961e+00
1.267070055007934570e+00
1.269512414932250977e+00
1.291556596755981445e+00
1.266885042190551758e+00
1.266319274902343750e+00
1.275305747985839844e+00
1.277511835098266602e+00
1.352040290832519531e+00
1.282597064971923828e+00
1.262714862823486328e+00
1.277868747711181641e+00
1.290214776992797852e+00
1.262687921524047852e+00
1.261873245239257812e+00
1.284979581832885742e+00
1.271302938461303711e+00
1.267151355743408203e+00
1.283123731613159180e+00
1.400823831558227539e+00
1.280134916305541992e+00
1.263346910476684570e+00
1.253711223602294922e+00
1.280369758605957031e+00
1.358982563018798828e+00
1.288050651550292969e+00
1.261493206024169922e+00
1.274736881256103516e+00
1.284501791000366211e+00
1.347726821899414062e+00
1.269940853118896484e+00
1.262739419937133789e+00
1.246235370635986328e+00
1.263835906982421875e+00
1.340437650680541992e+00
1.286632776260375977e+00
1.291734933853149414e+00
1.312832117080688477e+00
1.343860864639282227e+00
1.361794471740722656e+00
1.328261137008666992e+00
1.322959184646606445e+00
1.276712656021118164e+00
1.263290882110595703e+00
1.269826889038085938e+00
1.271742105484008789e+00
1.255821943283081055e+00
1.266593217849731445e+00
1.281840562820434570e+00
1.256350994110107422e+00
