1.434105396270751953e+00
1.290639877319335938e+00
1.289021492004394531e+00
1.377175569534301758e+00
1.272827625274658203e+00
1.275341987609863281e+00
1.290160655975341797e+00
1.250693559646606445e+00
1.374602556228637695e+00
1.276184797286987305e+00
1.267269134521484375e+00
1.268419504165649414e+00
1.263898849487304688e+00
1.255462646484375000e+00
1.266227006912231445e+00
1.263356685638427734e+00
1.263069868087768555e+00
1.274824380874633789e+00
1.254366159439086914e+00
1.251590967178344727e+00
1.292860984802246094e+00
1.269113540649414062e+00
1.255086660385131836e+00
1.353821754455566406e+00
1.272429466247558594e+00
1.255176544189453125e+00
1.269572019577026367e+00
1.289595603942871094e+00
1.261696338653564453e+00
1.287409305572509766e+00
1.294606924057006836e+00
1.273656606674194336e+00
1.274458885192871094e+00
1.303046941757202148e+00
1.238051891326904297e+00
1.273070812225341797e+00
1.264193534851074219e+00
1.264954566955566406e+00
1.273540735244750977e+00
1.282721996307373047e+00
1.267482519149780273e+00
1.253577232360839844e+00
1.279385328292846680e+00
1.258716583251953125e+00
1.279099941253662109e+00
1.269046783447265625e+00
1.262879610061645508e+00
1.268375873565673828e+00
1.285758972167968750e+00
1.257624149322509766e+00
1.261986017227172852e+00
1.274723529815673828e+00
1.368342876434326172e+00
1.267761468887329102e+00
1.262982606887817383e+00
1.281428813934326172e+00
1.261913299560546875e+00
1.259823799133300781e+00
1.287115097045898438e+00
1.276699066162109375e+00
1.261527776718139648e+00
1.260035991668701172e+00
1.357779026031494141e+00
1.267268657684326172e+00
1.251871109008789062e+00
1.259609460830688477e+00
1.266859531402587891e+00
1.261162519454956055e+00
1.284182786941528320e+00
1.261012315750122070e+00
1.283931493759155273e+00
1.295602560043334961e+00
1.283861398696899414e+00
1.293644666671752930e+00
1.334046125411987305e+00
1.318778514862060547e+00
1.317776679992675781e+00
1.336226224899291992e+00
1.301370859146118164e+00
1.283868551254272461e+00
1.280141115188598633e+00
1.287634611129760742e+00
1.256532907485961914e+00
1.250648498535156250e+00
1.281864166259765625e+00
1.252180576324462891e+00
1.261560440063476562e+00
1.276614189147949219e+00
1.259661674499511719e+00
1.253159761428833008e+00
1.294893503189086914e+00
1.263395547866821289e+00
1.352604389190673828e+00
1.279406785964965820e+00
1.252242326736450195e+00
1.252539396286010742e+00
1.264397144317626953e+00
1.270023107528686523e+00
1.254982709884643555e+00
1.259453773498535156e+00
1.295258760452270508e+00
1.245557546615600586e+00
1.282008409500122070e+00
1.381623506546020508e+00
1.304216384887695312e+00
1.287878513336181641e+00
1.262491703033447266e+00
1.266045331954956055e+00
1.262370824813842773e+00
1.273018121719360352e+00
1.257848978042602539e+00
1.266944408416748047e+00
1.269745826721191406e+00
1.271949052810668945e+00
1.270602703094482422e+00
1.267692089080810547e+00
1.264615297317504883e+00
1.271633625030517578e+00
1.355463266372680664e+00
1.278046846389770508e+00
1.292602062225341797e+00
1.269125938415527344e+00
1.258964538574218750e+00
1.272033691406250000e+00
1.268140316009521484e+00
1.257950067520141602e+00
1.297699928283691406e+00
1.252625942230224609e+00
1.349705219268798828e+00
1.263463258743286133e+00
1.257414579391479492e+00
1.264530420303344727e+00
1.265005350112915039e+00
1.364384889602661133e+00
1.270936250686645508e+00
1.268945455551147461e+00
1.301291942596435547e+00
1.265923023223876953e+00
1.358512401580810547e+00
1.274797201156616211e+00
1.263850212097167969e+00
1.263559341430664062e+00
1.260300397872924805e+00
1.367821693420410156e+00
1.266565322875976562e+00
1.283456802368164062e+00
1.263766288757324219e+00
1.275992155075073242e+00
1.258571386337280273e+00
1.272485971450805664e+00
1.283866643905639648e+00
1.267062664031982422e+00
1.269517898559570312e+00
1.291552066802978516e+00
1.266909122467041016e+00
1.266327857971191406e+00
1.275315761566162109e+00
1.277518749237060547e+00
1.352017164230346680e+00
1.282598495483398438e+00
1.262729167938232422e+00
1.277903318405151367e+00
1.290235519409179688e+00
1.262702465057373047e+00
1.261873722076416016e+00
1.284987449645996094e+00
1.271302938461303711e+00
1.267167806625366211e+00
1.283110857009887695e+00
1.400846719741821289e+00
1.280157089233398438e+00
1.263359069824218750e+00
1.253704786300659180e+00
1.280376911163330078e+00
1.358971595764160156e+00
1.288069486618041992e+00
1.261502027511596680e+00
1.274749517440795898e+00
1.284507036209106445e+00
1.347729682922363281e+00
1.269944906234741211e+00
1.262757062911987305e+00
1.246230363845825195e+00
1.263832092285156250e+00
1.340442657470703125e+00
1.286645412445068359e+00
1.291742801666259766e+00
1.312852144241333008e+00
1.343892097473144531e+00
1.361817598342895508e+00
1.328284502029418945e+00
1.322976112365722656e+00
1.276735305786132812e+00
1.263299942016601562e+00
1.269830703735351562e+00
1.271754741668701172e+00
1.255834817886352539e+00
1.266589879989624023e+00
1.281850814819335938e+00
1.256364822387695312e+00
