7.375376224517822266e-01
6.862690448760986328e-01
6.874721050262451172e-01
6.898837089538574219e-01
7.694265842437744141e-01
6.845045089721679688e-01
6.809501647949218750e-01
6.703431606292724609e-01
6.927142143249511719e-01
6.724524497985839844e-01
7.699918746948242188e-01
6.912188529968261719e-01
6.768457889556884766e-01
6.777107715606689453e-01
6.753246784210205078e-01
6.795496940612792969e-01
7.529115676879882812e-01
6.831927299499511719e-01
6.634385585784912109e-01
6.765217781066894531e-01
6.705968379974365234e-01
6.654245853424072266e-01
6.743087768554687500e-01
6.714277267456054688e-01
6.678085327148437500e-01
6.739513874053955078e-01
6.715104579925537109e-01
6.729648113250732422e-01
6.694808006286621094e-01
6.778719425201416016e-01
6.638131141662597656e-01
6.646595001220703125e-01
7.575428485870361328e-01
6.652243137359619141e-01
6.749637126922607422e-01
7.553460597991943359e-01
6.686885356903076172e-01
6.713356971740722656e-01
6.651453971862792969e-01
6.699259281158447266e-01
6.758913993835449219e-01
6.752512454986572266e-01
6.747164726257324219e-01
6.708447933197021484e-01
6.736466884613037109e-01
6.761863231658935547e-01
6.650240421295166016e-01
7.598545551300048828e-01
6.652102470397949219e-01
6.733882427215576172e-01
6.659092903137207031e-01
6.674630641937255859e-01
6.666872501373291016e-01
6.655619144439697266e-01
6.688084602355957031e-01
6.692233085632324219e-01
6.673319339752197266e-01
6.705465316772460938e-01
6.671631336212158203e-01
6.702709197998046875e-01
6.622307300567626953e-01
6.713333129882812500e-01
6.721372604370117188e-01
6.701176166534423828e-01
6.685786247253417969e-01
6.727502346038818359e-01
7.684259414672851562e-01
6.621489524841308594e-01
6.807270050048828125e-01
6.654849052429199219e-01
6.725094318389892578e-01
6.804244518280029297e-01
7.574224472045898438e-01
6.632871627807617188e-01
6.772470474243164062e-01
6.695628166198730469e-01
6.612915992736816406e-01
6.760516166687011719e-01
6.712672710418701172e-01
6.666402816772460938e-01
6.769719123840332031e-01
6.685655117034912109e-01
6.682536602020263672e-01
6.832656860351562500e-01
6.712765693664550781e-01
6.693758964538574219e-01
6.838290691375732422e-01
6.644768714904785156e-01
6.602783203125000000e-01
7.615344524383544922e-01
6.669309139251708984e-01
6.694099903106689453e-01
6.848561763763427734e-01
6.684391498565673828e-01
6.710004806518554688e-01
6.711738109588623047e-01
6.722834110260009766e-01
6.665356159210205078e-01
6.698670387268066406e-01
6.768026351928710938e-01
6.705238819122314453e-01
7.619314193725585938e-01
6.742410659790039062e-01
6.664047241210937500e-01
6.698234081268310547e-01
6.639664173126220703e-01
6.648797988891601562e-01
7.530889511108398438e-01
6.675806045532226562e-01
6.662962436676025391e-01
6.556091308593750000e-01
6.730771064758300781e-01
7.476415634155273438e-01
7.442061901092529297e-01
6.763026714324951172e-01
6.617462635040283203e-01
6.625599861145019531e-01
6.987535953521728516e-01
6.648170948028564453e-01
6.640312671661376953e-01
6.669623851776123047e-01
6.777875423431396484e-01
6.645946502685546875e-01
6.686024665832519531e-01
6.701581478118896484e-01
7.438995838165283203e-01
6.695961952209472656e-01
6.638972759246826172e-01
6.656370162963867188e-01
6.664111614227294922e-01
7.498638629913330078e-01
6.578273773193359375e-01
6.670482158660888672e-01
6.696918010711669922e-01
6.655721664428710938e-01
6.624085903167724609e-01
7.522783279418945312e-01
6.591610908508300781e-01
7.416024208068847656e-01
6.683578491210937500e-01
6.593711376190185547e-01
6.603620052337646484e-01
7.439315319061279297e-01
6.612315177917480469e-01
6.657042503356933594e-01
6.686069965362548828e-01
6.629462242126464844e-01
6.677870750427246094e-01
7.452683448791503906e-01
6.613218784332275391e-01
6.676089763641357422e-01
7.547960281372070312e-01
6.655862331390380859e-01
7.486486434936523438e-01
6.660931110382080078e-01
6.646468639373779297e-01
6.694304943084716797e-01
6.616334915161132812e-01
6.781754493713378906e-01
6.629514694213867188e-01
6.654217243194580078e-01
6.697208881378173828e-01
6.758849620819091797e-01
6.743299961090087891e-01
7.730200290679931641e-01
7.476131916046142578e-01
6.675140857696533203e-01
6.765835285186767578e-01
6.618151664733886719e-01
6.667506694793701172e-01
6.789877414703369141e-01
6.656098365783691406e-01
6.650459766387939453e-01
6.765019893646240234e-01
6.628036499023437500e-01
6.698009967803955078e-01
7.581269741058349609e-01
7.700054645538330078e-01
6.630702018737792969e-01
6.760652065277099609e-01
6.684322357177734375e-01
6.646697521209716797e-01
7.491943836212158203e-01
6.688981056213378906e-01
6.656353473663330078e-01
6.647708415985107422e-01
6.755065917968750000e-01
6.630902290344238281e-01
7.569906711578369141e-01
6.773061752319335938e-01
7.560408115386962891e-01
6.672692298889160156e-01
6.783466339111328125e-01
6.648452281951904297e-01
7.555549144744873047e-01
6.770217418670654297e-01
6.662664413452148438e-01
6.669657230377197266e-01
6.686885356903076172e-01
6.883609294891357422e-01
