2.748760700225830078e+00
1.128994226455688477e+00
1.134404182434082031e+00
1.126429557800292969e+00
1.125440120697021484e+00
1.128655672073364258e+00
1.131444215774536133e+00
1.131088256835937500e+00
1.131141901016235352e+00
1.123879909515380859e+00
1.127854108810424805e+00
1.127505302429199219e+00
1.129037380218505859e+00
1.130419492721557617e+00
1.129400968551635742e+00
1.130602121353149414e+00
1.126864194869995117e+00
1.139978408813476562e+00
1.133181333541870117e+00
1.129902362823486328e+00
1.125364780426025391e+00
1.126741647720336914e+00
1.129640817642211914e+00
1.132727622985839844e+00
1.130146503448486328e+00
1.134309291839599609e+00
1.135802745819091797e+00
1.117792844772338867e+00
1.117445230484008789e+00
1.117849111557006836e+00
1.114030599594116211e+00
1.115282297134399414e+00
1.119272232055664062e+00
1.121849536895751953e+00
1.157482862472534180e+00
1.136377334594726562e+00
1.133636713027954102e+00
1.132827758789062500e+00
1.133617162704467773e+00
1.133004426956176758e+00
1.133547067642211914e+00
1.130604982376098633e+00
1.131028652191162109e+00
1.132706165313720703e+00
1.133413076400756836e+00
1.130439996719360352e+00
1.135418415069580078e+00
1.135827302932739258e+00
1.138921022415161133e+00
1.139865398406982422e+00
1.137066364288330078e+00
1.140081882476806641e+00
1.142775535583496094e+00
1.137036323547363281e+00
1.137283802032470703e+00
1.135134696960449219e+00
1.141634225845336914e+00
1.142057180404663086e+00
1.136126279830932617e+00
1.141443014144897461e+00
1.142232656478881836e+00
1.142856359481811523e+00
1.138229131698608398e+00
1.142461538314819336e+00
1.139143705368041992e+00
1.139576196670532227e+00
1.138356447219848633e+00
1.140149354934692383e+00
1.150116443634033203e+00
1.141290664672851562e+00
1.139112710952758789e+00
1.137200355529785156e+00
1.143233537673950195e+00
1.141700029373168945e+00
1.139463901519775391e+00
1.142986059188842773e+00
1.148363590240478516e+00
1.145539522171020508e+00
1.147125244140625000e+00
1.142905235290527344e+00
1.144150972366333008e+00
1.143573045730590820e+00
1.146142244338989258e+00
1.145399808883666992e+00
1.141196727752685547e+00
1.144628763198852539e+00
1.148712635040283203e+00
1.145823955535888672e+00
1.146223068237304688e+00
1.144526004791259766e+00
1.140742301940917969e+00
1.141618251800537109e+00
1.143428564071655273e+00
1.148297786712646484e+00
1.151488542556762695e+00
1.147093772888183594e+00
1.145393371582031250e+00
1.144725799560546875e+00
1.145872592926025391e+00
1.142215728759765625e+00
1.146718502044677734e+00
1.146151304244995117e+00
1.143359422683715820e+00
1.135038852691650391e+00
1.133669853210449219e+00
1.132284164428710938e+00
1.133966207504272461e+00
1.132708787918090820e+00
1.133681774139404297e+00
1.131145715713500977e+00
1.134042024612426758e+00
1.134644269943237305e+00
1.135590553283691406e+00
1.128209114074707031e+00
1.129989385604858398e+00
1.136971712112426758e+00
1.170039415359497070e+00
1.175475358963012695e+00
1.146615266799926758e+00
1.167492628097534180e+00
1.140160560607910156e+00
1.130950450897216797e+00
1.131174087524414062e+00
1.136968374252319336e+00
1.135895490646362305e+00
1.138203859329223633e+00
1.137728929519653320e+00
1.137790679931640625e+00
1.139249086380004883e+00
1.130984306335449219e+00
1.133166551589965820e+00
1.139231920242309570e+00
1.133610248565673828e+00
1.136845827102661133e+00
1.135046482086181641e+00
1.136151075363159180e+00
1.134819269180297852e+00
1.129889488220214844e+00
1.135857582092285156e+00
1.137945652008056641e+00
1.137279748916625977e+00
1.133299589157104492e+00
1.132322311401367188e+00
1.136637687683105469e+00
1.149696826934814453e+00
1.131684541702270508e+00
1.128913640975952148e+00
1.132074117660522461e+00
1.137021064758300781e+00
1.143411636352539062e+00
1.139437675476074219e+00
1.137706518173217773e+00
1.134134292602539062e+00
1.135179042816162109e+00
1.134194850921630859e+00
1.140527963638305664e+00
1.140238523483276367e+00
1.135703086853027344e+00
1.136867523193359375e+00
1.138031959533691406e+00
1.139494657516479492e+00
1.136784076690673828e+00
1.183577060699462891e+00
1.143752336502075195e+00
1.151288986206054688e+00
1.142615079879760742e+00
1.130486965179443359e+00
1.128260374069213867e+00
1.130235671997070312e+00
1.141074180603027344e+00
1.150629520416259766e+00
1.139201879501342773e+00
1.136302232742309570e+00
1.132006883621215820e+00
1.134338140487670898e+00
1.130616903305053711e+00
1.128904104232788086e+00
1.135598659515380859e+00
1.128058433532714844e+00
1.133271455764770508e+00
1.134779691696166992e+00
1.123964309692382812e+00
1.121339082717895508e+00
1.122223138809204102e+00
1.130054235458374023e+00
1.127341985702514648e+00
1.128398656845092773e+00
1.133471965789794922e+00
1.131956577301025391e+00
1.129847049713134766e+00
1.132900953292846680e+00
1.131721973419189453e+00
1.133318424224853516e+00
1.139729022979736328e+00
1.139456987380981445e+00
1.133826017379760742e+00
1.133598327636718750e+00
1.135353803634643555e+00
1.136875867843627930e+00
1.151409626007080078e+00
