7.375578880310058594e-01
6.862666606903076172e-01
6.874802112579345703e-01
6.899077892303466797e-01
7.694339752197265625e-01
6.845149993896484375e-01
6.809554100036621094e-01
6.703526973724365234e-01
6.927170753479003906e-01
6.724612712860107422e-01
7.700009346008300781e-01
6.912288665771484375e-01
6.768488883972167969e-01
6.777179241180419922e-01
6.753349304199218750e-01
6.795544624328613281e-01
7.529180049896240234e-01
6.832015514373779297e-01
6.634433269500732422e-01
6.765305995941162109e-01
6.706027984619140625e-01
6.654314994812011719e-01
6.743171215057373047e-01
6.714332103729248047e-01
6.678159236907958984e-01
6.739633083343505859e-01
6.715223789215087891e-01
6.729695796966552734e-01
6.694850921630859375e-01
6.778745651245117188e-01
6.638181209564208984e-01
6.646640300750732422e-01
7.575714588165283203e-01
6.652288436889648438e-01
6.749737262725830078e-01
7.553434371948242188e-01
6.686947345733642578e-01
6.713407039642333984e-01
6.651577949523925781e-01
6.699397563934326172e-01
6.759054660797119141e-01
6.752660274505615234e-01
6.747221946716308594e-01
6.708512306213378906e-01
6.736671924591064453e-01
6.761901378631591797e-01
6.650383472442626953e-01
7.598595619201660156e-01
6.652193069458007812e-01
6.733899116516113281e-01
6.659152507781982422e-01
6.674723625183105469e-01
6.666998863220214844e-01
6.655704975128173828e-01
6.688187122344970703e-01
6.692287921905517578e-01
6.673381328582763672e-01
6.705570220947265625e-01
6.671860218048095703e-01
6.702747344970703125e-01
6.622438430786132812e-01
6.713371276855468750e-01
6.721410751342773438e-01
6.701264381408691406e-01
6.685900688171386719e-01
6.727552413940429688e-01
7.684299945831298828e-01
6.621553897857666016e-01
6.807301044464111328e-01
6.654946804046630859e-01
6.725153923034667969e-01
6.804323196411132812e-01
7.574543952941894531e-01
6.632943153381347656e-01
6.772520542144775391e-01
6.695919036865234375e-01
6.612975597381591797e-01
6.760571002960205078e-01
6.712529659271240234e-01
6.666469573974609375e-01
6.769773960113525391e-01
6.685721874237060547e-01
6.682634353637695312e-01
6.832776069641113281e-01
6.712813377380371094e-01
6.693859100341796875e-01
6.838366985321044922e-01
6.644830703735351562e-01
6.602859497070312500e-01
7.615444660186767578e-01
6.669344902038574219e-01
6.694200038909912109e-01
6.848661899566650391e-01
6.684448719024658203e-01
6.710126399993896484e-01
6.711821556091308594e-01
6.722879409790039062e-01
6.665472984313964844e-01
6.698806285858154297e-01
6.768081188201904297e-01
6.705334186553955078e-01
7.619342803955078125e-01
6.742465496063232422e-01
6.664137840270996094e-01
6.698338985443115234e-01
6.639716625213623047e-01
6.649119853973388672e-01
7.531032562255859375e-01
6.675848960876464844e-01
6.663022041320800781e-01
6.556165218353271484e-01
6.730818748474121094e-01
7.476477622985839844e-01
7.442209720611572266e-01
6.763086318969726562e-01
6.617579460144042969e-01
6.625661849975585938e-01
6.987602710723876953e-01
6.648221015930175781e-01
6.640381813049316406e-01
6.669709682464599609e-01
6.777889728546142578e-01
6.646058559417724609e-01
6.686093807220458984e-01
6.701648235321044922e-01
7.439010143280029297e-01
6.696040630340576172e-01
6.638998985290527344e-01
6.656663417816162109e-01
6.664268970489501953e-01
7.498760223388671875e-01
6.578299999237060547e-01
6.670527458190917969e-01
6.697008609771728516e-01
6.655993461608886719e-01
6.624152660369873047e-01
7.522857189178466797e-01
6.591696739196777344e-01
7.416064739227294922e-01
6.683635711669921875e-01
6.593837738037109375e-01
6.603693962097167969e-01
7.439508438110351562e-01
6.612377166748046875e-01
6.657111644744873047e-01
6.686129570007324219e-01
6.629517078399658203e-01
6.678009033203125000e-01
7.452828884124755859e-01
6.613259315490722656e-01
6.676204204559326172e-01
7.548010349273681641e-01
6.655917167663574219e-01
7.486779689788818359e-01
6.660988330841064453e-01
6.646571159362792969e-01
6.694359779357910156e-01
6.616377830505371094e-01
6.781804561614990234e-01
6.629850864410400391e-01
6.654286384582519531e-01
6.697301864624023438e-01
6.758947372436523438e-01
6.743385791778564453e-01
7.730312347412109375e-01
7.476215362548828125e-01
6.675205230712890625e-01
6.765882968902587891e-01
6.618230342864990234e-01
6.667571067810058594e-01
6.789944171905517578e-01
6.656129360198974609e-01
6.650547981262207031e-01
6.765069961547851562e-01
6.628129482269287109e-01
6.698105335235595703e-01
7.581348419189453125e-01
7.700138092041015625e-01
6.630752086639404297e-01
6.760697364807128906e-01
6.684377193450927734e-01
6.646797657012939453e-01
7.492003440856933594e-01
6.689066886901855469e-01
6.656394004821777344e-01
6.647753715515136719e-01
6.755204200744628906e-01
6.630952358245849609e-01
7.570004463195800781e-01
6.773099899291992188e-01
7.560632228851318359e-01
6.672735214233398438e-01
6.783516407012939453e-01
6.648483276367187500e-01
7.555680274963378906e-01
6.770284175872802734e-01
6.662919521331787109e-01
6.669690608978271484e-01
6.686987876892089844e-01
6.883633136749267578e-01
