2.731427431106567383e+00
1.143786430358886719e+00
1.143442630767822266e+00
1.144068717956542969e+00
1.143398046493530273e+00
1.149589061737060547e+00
1.147469282150268555e+00
1.141881227493286133e+00
1.142256498336791992e+00
1.142057180404663086e+00
1.142657041549682617e+00
1.145306587219238281e+00
1.152994871139526367e+00
1.151101350784301758e+00
1.149467706680297852e+00
1.149025201797485352e+00
1.149064540863037109e+00
1.147796630859375000e+00
1.149988889694213867e+00
1.152436017990112305e+00
1.150303363800048828e+00
1.154382228851318359e+00
1.151707649230957031e+00
1.151055097579956055e+00
1.149761915206909180e+00
1.158362388610839844e+00
1.157499313354492188e+00
1.142471313476562500e+00
1.141103267669677734e+00
1.140293121337890625e+00
1.139565467834472656e+00
1.139863014221191406e+00
1.139309644699096680e+00
1.142508029937744141e+00
1.186514377593994141e+00
1.157404422760009766e+00
1.157283067703247070e+00
1.155956029891967773e+00
1.154431104660034180e+00
1.154261112213134766e+00
1.158561468124389648e+00
1.162402629852294922e+00
1.161956787109375000e+00
1.155992746353149414e+00
1.153750896453857422e+00
1.154124021530151367e+00
1.154367208480834961e+00
1.157549381256103516e+00
1.159389495849609375e+00
1.159634351730346680e+00
1.163108587265014648e+00
1.160614728927612305e+00
1.158652305603027344e+00
1.155185699462890625e+00
1.163630723953247070e+00
1.167768478393554688e+00
1.160517930984497070e+00
1.159885406494140625e+00
1.165949344635009766e+00
1.166277170181274414e+00
1.162354707717895508e+00
1.161446332931518555e+00
1.167111396789550781e+00
1.167516946792602539e+00
1.166733503341674805e+00
1.168586730957031250e+00
1.166706085205078125e+00
1.165161132812500000e+00
1.166806221008300781e+00
1.166360378265380859e+00
1.163040876388549805e+00
1.166911602020263672e+00
1.167286872863769531e+00
1.166467189788818359e+00
1.168310880661010742e+00
1.167177200317382812e+00
1.166136741638183594e+00
1.169873714447021484e+00
1.168931484222412109e+00
1.171720981597900391e+00
1.172217607498168945e+00
1.170393943786621094e+00
1.169274330139160156e+00
1.171858549118041992e+00
1.167787075042724609e+00
1.167212724685668945e+00
1.170944690704345703e+00
1.170255422592163086e+00
1.170459508895874023e+00
1.172806978225708008e+00
1.167803525924682617e+00
1.168435096740722656e+00
1.169228792190551758e+00
1.172154664993286133e+00
1.171944379806518555e+00
1.172307491302490234e+00
1.170670747756958008e+00
1.171848297119140625e+00
1.172814607620239258e+00
1.171311616897583008e+00
1.184760332107543945e+00
1.167881965637207031e+00
1.171558141708374023e+00
1.155753374099731445e+00
1.152559041976928711e+00
1.153386592864990234e+00
1.152695655822753906e+00
1.152549505233764648e+00
1.154981613159179688e+00
1.160337209701538086e+00
1.161474943161010742e+00
1.160369157791137695e+00
1.156978607177734375e+00
1.154165983200073242e+00
1.150006771087646484e+00
1.159514665603637695e+00
1.189049482345581055e+00
1.199165344238281250e+00
1.173919916152954102e+00
1.191696405410766602e+00
1.162135839462280273e+00
1.159234523773193359e+00
1.171283483505249023e+00
1.154229640960693359e+00
1.158746719360351562e+00
1.159768342971801758e+00
1.160214900970458984e+00
1.156938791275024414e+00
1.157783269882202148e+00
1.160275936126708984e+00
1.158505678176879883e+00
1.160537242889404297e+00
1.160822868347167969e+00
1.161865949630737305e+00
1.166324377059936523e+00
1.167546987533569336e+00
1.162064313888549805e+00
1.181321620941162109e+00
1.158471584320068359e+00
1.161234617233276367e+00
1.158533096313476562e+00
1.160448074340820312e+00
1.162400007247924805e+00
1.172145605087280273e+00
1.159151077270507812e+00
1.158515930175781250e+00
1.157109022140502930e+00
1.160312891006469727e+00
1.169227838516235352e+00
1.159713029861450195e+00
1.165022373199462891e+00
1.161607027053833008e+00
1.162612676620483398e+00
1.158844947814941406e+00
1.157502651214599609e+00
1.163992881774902344e+00
1.175174951553344727e+00
1.163380146026611328e+00
1.169275999069213867e+00
1.157920837402343750e+00
1.162543535232543945e+00
1.161472320556640625e+00
1.213066101074218750e+00
1.177524805068969727e+00
1.175565719604492188e+00
1.164426326751708984e+00
1.159265041351318359e+00
1.161150693893432617e+00
1.165124654769897461e+00
1.160120725631713867e+00
1.167333602905273438e+00
1.184807538986206055e+00
1.165723562240600586e+00
1.183429718017578125e+00
1.159820795059204102e+00
1.159199476242065430e+00
1.165751457214355469e+00
1.175778150558471680e+00
1.164848089218139648e+00
1.166403293609619141e+00
1.162228107452392578e+00
1.164794683456420898e+00
1.159293651580810547e+00
1.159562587738037109e+00
1.164273023605346680e+00
1.159427642822265625e+00
1.178086519241333008e+00
1.167378425598144531e+00
1.163774490356445312e+00
1.164961099624633789e+00
1.174054861068725586e+00
1.169146060943603516e+00
1.174942970275878906e+00
1.175426483154296875e+00
1.174288511276245117e+00
1.182901859283447266e+00
1.167279243469238281e+00
1.161260843276977539e+00
1.171408176422119141e+00
1.201875209808349609e+00
