7.375679016113281250e-01
6.862716674804687500e-01
6.875038146972656250e-01
6.899237632751464844e-01
7.694327831268310547e-01
6.845257282257080078e-01
6.809787750244140625e-01
6.703622341156005859e-01
6.927225589752197266e-01
6.724526882171630859e-01
7.700302600860595703e-01
6.912105083465576172e-01
6.768448352813720703e-01
6.777167320251464844e-01
6.753504276275634766e-01
6.795454025268554688e-01
7.529244422912597656e-01
6.831905841827392578e-01
6.634361743927001953e-01
6.765198707580566406e-01
6.705813407897949219e-01
6.654305458068847656e-01
6.743330955505371094e-01
6.714398860931396484e-01
6.678044795989990234e-01
6.739699840545654297e-01
6.715400218963623047e-01
6.729643344879150391e-01
6.694731712341308594e-01
6.778771877288818359e-01
6.638169288635253906e-01
6.646847724914550781e-01
7.575812339782714844e-01
6.652438640594482422e-01
6.749863624572753906e-01
7.553317546844482422e-01
6.686997413635253906e-01
6.713538169860839844e-01
6.651632785797119141e-01
6.699569225311279297e-01
6.759037971496582031e-01
6.752798557281494141e-01
6.746895313262939453e-01
6.708550453186035156e-01
6.736855506896972656e-01
6.761536598205566406e-01
6.650562286376953125e-01
7.598516941070556641e-01
6.652345657348632812e-01
6.733973026275634766e-01
6.659045219421386719e-01
6.674840450286865234e-01
6.667165756225585938e-01
6.655712127685546875e-01
6.688280105590820312e-01
6.692211627960205078e-01
6.673414707183837891e-01
6.705651283264160156e-01
6.671853065490722656e-01
6.702983379364013672e-01
6.622543334960937500e-01
6.713356971740722656e-01
6.721537113189697266e-01
6.701354980468750000e-01
6.685802936553955078e-01
6.727716922760009766e-01
7.684180736541748047e-01
6.621489524841308594e-01
6.807439327239990234e-01
6.655015945434570312e-01
6.725037097930908203e-01
6.804254055023193359e-01
7.574567794799804688e-01
6.632878780364990234e-01
6.772437095642089844e-01
6.695969104766845703e-01
6.612906455993652344e-01
6.760525703430175781e-01
6.712405681610107422e-01
6.666603088378906250e-01
6.769790649414062500e-01
6.685585975646972656e-01
6.682770252227783203e-01
6.832678318023681641e-01
6.712930202484130859e-01
6.693983078002929688e-01
6.838314533233642578e-01
6.644747257232666016e-01
6.602642536163330078e-01
7.615494728088378906e-01
6.669375896453857422e-01
6.694023609161376953e-01
6.848697662353515625e-01
6.684660911560058594e-01
6.710402965545654297e-01
6.711859703063964844e-01
6.722869873046875000e-01
6.665165424346923828e-01
6.698877811431884766e-01
6.768031120300292969e-01
6.705482006072998047e-01
7.619216442108154297e-01
6.742343902587890625e-01
6.663944721221923828e-01
6.698384284973144531e-01
6.646671295166015625e-01
6.649227142333984375e-01
7.531089782714843750e-01
6.675968170166015625e-01
6.663110256195068359e-01
6.555984020233154297e-01
6.730735301971435547e-01
7.476451396942138672e-01
7.442255020141601562e-01
6.762979030609130859e-01
6.617698669433593750e-01
6.625719070434570312e-01
6.987638473510742188e-01
6.648280620574951172e-01
6.640512943267822266e-01
6.669809818267822266e-01
6.777985095977783203e-01
6.646015644073486328e-01
6.686098575592041016e-01
6.701614856719970703e-01
7.438869476318359375e-01
6.696121692657470703e-01
6.639008522033691406e-01
6.656782627105712891e-01
6.664323806762695312e-01
7.498719692230224609e-01
6.578342914581298828e-01
6.670532226562500000e-01
6.696937084197998047e-01
6.655874252319335938e-01
6.624195575714111328e-01
7.522802352905273438e-01
6.591925621032714844e-01
7.416026592254638672e-01
6.683557033538818359e-01
6.593887805938720703e-01
6.603581905364990234e-01
7.439596652984619141e-01
6.612451076507568359e-01
6.657025814056396484e-01
6.686158180236816406e-01
6.629538536071777344e-01
6.678028106689453125e-01
7.452788352966308594e-01
6.613292694091796875e-01
6.676402091979980469e-01
7.547993659973144531e-01
6.655976772308349609e-01
7.486865520477294922e-01
6.661009788513183594e-01
6.646564006805419922e-01
6.694421768188476562e-01
6.616308689117431641e-01
6.781766414642333984e-01
6.629779338836669922e-01
6.654188632965087891e-01
6.696999073028564453e-01
6.759083271026611328e-01
6.743309497833251953e-01
7.730350494384765625e-01
7.476246356964111328e-01
6.675138473510742188e-01
6.765770912170410156e-01
6.618237495422363281e-01
6.667685508728027344e-01
6.789808273315429688e-01
6.655981540679931641e-01
6.650383472442626953e-01
6.765050888061523438e-01
6.627995967864990234e-01
6.698236465454101562e-01
7.581455707550048828e-01
7.700188159942626953e-01
6.630656719207763672e-01
6.760606765747070312e-01
6.684494018554687500e-01
6.646883487701416016e-01
7.492210865020751953e-01
6.689100265502929688e-01
6.656343936920166016e-01
6.647713184356689453e-01
6.755101680755615234e-01
6.630852222442626953e-01
7.570121288299560547e-01
6.772923469543457031e-01
7.560589313507080078e-01
6.672697067260742188e-01
6.783392429351806641e-01
6.648449897766113281e-01
7.555756568908691406e-01
6.770217418670654297e-01
6.662926673889160156e-01
6.669528484344482422e-01
6.687130928039550781e-01
6.883747577667236328e-01
