7.375545501708984375e-01
6.862730979919433594e-01
6.874935626983642578e-01
6.899244785308837891e-01
7.694334983825683594e-01
6.845273971557617188e-01
6.809794902801513672e-01
6.703598499298095703e-01
6.927313804626464844e-01
6.724538803100585938e-01
7.700304985046386719e-01
6.912386417388916016e-01
6.768448352813720703e-01
6.777181625366210938e-01
6.753532886505126953e-01
6.795489788055419922e-01
7.529237270355224609e-01
6.831862926483154297e-01
6.634409427642822266e-01
6.765213012695312500e-01
6.705918312072753906e-01
6.654298305511474609e-01
6.743319034576416016e-01
6.714415550231933594e-01
6.678059101104736328e-01
6.739704608917236328e-01
6.715414524078369141e-01
6.729652881622314453e-01
6.694693565368652344e-01
6.778805255889892578e-01
6.638221740722656250e-01
6.646857261657714844e-01
7.575817108154296875e-01
6.652569770812988281e-01
6.749868392944335938e-01
7.553308010101318359e-01
6.686785221099853516e-01
6.713521480560302734e-01
6.651656627655029297e-01
6.699542999267578125e-01
6.759059429168701172e-01
6.752772331237792969e-01
6.747236251831054688e-01
6.708505153656005859e-01
6.736836433410644531e-01
6.761846542358398438e-01
6.650507450103759766e-01
7.598562240600585938e-01
6.652362346649169922e-01
6.733946800231933594e-01
6.659042835235595703e-01
6.674897670745849609e-01
6.667149066925048828e-01
6.655707359313964844e-01
6.688337326049804688e-01
6.692228317260742188e-01
6.673398017883300781e-01
6.705715656280517578e-01
6.671831607818603516e-01
6.702966690063476562e-01
6.622581481933593750e-01
6.713390350341796875e-01
6.721508502960205078e-01
6.701366901397705078e-01
6.685826778411865234e-01
6.727676391601562500e-01
7.684228420257568359e-01
6.621546745300292969e-01
6.807467937469482422e-01
6.655070781707763672e-01
6.725034713745117188e-01
6.804218292236328125e-01
7.574565410614013672e-01
6.632986068725585938e-01
6.772475242614746094e-01
6.695945262908935547e-01
6.612915992736816406e-01
6.760485172271728516e-01
6.712412834167480469e-01
6.666688919067382812e-01
6.769831180572509766e-01
6.685564517974853516e-01
6.682758331298828125e-01
6.832680702209472656e-01
6.712918281555175781e-01
6.694056987762451172e-01
6.838388442993164062e-01
6.644730567932128906e-01
6.602935791015625000e-01
7.615509033203125000e-01
6.669368743896484375e-01
6.694338321685791016e-01
6.848683357238769531e-01
6.684679985046386719e-01
6.710383892059326172e-01
6.711835861206054688e-01
6.722877025604248047e-01
6.665482521057128906e-01
6.698861122131347656e-01
6.768043041229248047e-01
6.705460548400878906e-01
7.619216442108154297e-01
6.742339134216308594e-01
6.664261817932128906e-01
6.698358058929443359e-01
6.646683216094970703e-01
6.649217605590820312e-01
7.531030178070068359e-01
6.675908565521240234e-01
6.663162708282470703e-01
6.555995941162109375e-01
6.730730533599853516e-01
7.476475238800048828e-01
7.442238330841064453e-01
6.763005256652832031e-01
6.617727279663085938e-01
6.625766754150390625e-01
6.987607479095458984e-01
6.648299694061279297e-01
6.640586853027343750e-01
6.669776439666748047e-01
6.778063774108886719e-01
6.646022796630859375e-01
6.686079502105712891e-01
6.701593399047851562e-01
7.438991069793701172e-01
6.695969104766845703e-01
6.638975143432617188e-01
6.656770706176757812e-01
6.664307117462158203e-01
7.498705387115478516e-01
6.578347682952880859e-01
6.670520305633544922e-01
6.696896553039550781e-01
6.656177043914794922e-01
6.624171733856201172e-01
7.522804737091064453e-01
6.591911315917968750e-01
7.416057586669921875e-01
6.683552265167236328e-01
6.593883037567138672e-01
6.603603363037109375e-01
7.439601421356201172e-01
6.612513065338134766e-01
6.657075881958007812e-01
6.686136722564697266e-01
6.629543304443359375e-01
6.678140163421630859e-01
7.452831268310546875e-01
6.613290309906005859e-01
6.676428318023681641e-01
7.547972202301025391e-01
6.655998229980468750e-01
7.486901283264160156e-01
6.660876274108886719e-01
6.646473407745361328e-01
6.694471836090087891e-01
6.616258621215820312e-01
6.781740188598632812e-01
6.629784107208251953e-01
6.654243469238281250e-01
6.697008609771728516e-01
6.759102344512939453e-01
6.743423938751220703e-01
7.730338573455810547e-01
7.476241588592529297e-01
6.675159931182861328e-01
6.765758991241455078e-01
6.618247032165527344e-01
6.667678356170654297e-01
6.789820194244384766e-01
6.656017303466796875e-01
6.650667190551757812e-01
6.765050888061523438e-01
6.628003120422363281e-01
6.698267459869384766e-01
7.581388950347900391e-01
7.700185775756835938e-01
6.630713939666748047e-01
6.760592460632324219e-01
6.684424877166748047e-01
6.646943092346191406e-01
7.492067813873291016e-01
6.689066886901855469e-01
6.656358242034912109e-01
6.647772789001464844e-01
6.755070686340332031e-01
6.630852222442626953e-01
7.570137977600097656e-01
6.772885322570800781e-01
7.560636997222900391e-01
6.672747135162353516e-01
6.783354282379150391e-01
6.648404598236083984e-01
7.555801868438720703e-01
6.770265102386474609e-01
6.662929058074951172e-01
6.669681072235107422e-01
6.687133312225341797e-01
6.883673667907714844e-01
