2.841756343841552734e+00
1.113435745239257812e+00
1.114715576171875000e+00
1.115322589874267578e+00
1.114731788635253906e+00
1.112590312957763672e+00
1.116590261459350586e+00
1.113304853439331055e+00
1.117216825485229492e+00
1.119164466857910156e+00
1.116042852401733398e+00
1.117129087448120117e+00
1.125852346420288086e+00
1.115350961685180664e+00
1.118950605392456055e+00
1.118107080459594727e+00
1.120260238647460938e+00
1.124136447906494141e+00
1.114655017852783203e+00
1.119323492050170898e+00
1.119384765625000000e+00
1.118652820587158203e+00
1.116666078567504883e+00
1.117209911346435547e+00
1.119085311889648438e+00
1.121389389038085938e+00
1.123142004013061523e+00
1.116535425186157227e+00
1.113927125930786133e+00
1.114175558090209961e+00
1.112840175628662109e+00
1.117920875549316406e+00
1.112457990646362305e+00
1.115403890609741211e+00
1.127196550369262695e+00
1.125059843063354492e+00
1.126485109329223633e+00
1.126509666442871094e+00
1.126127719879150391e+00
1.127004146575927734e+00
1.125866651535034180e+00
1.126194715499877930e+00
1.130412340164184570e+00
1.129727125167846680e+00
1.128153562545776367e+00
1.126654386520385742e+00
1.128466129302978516e+00
1.124922037124633789e+00
1.131399869918823242e+00
1.130236387252807617e+00
1.130911350250244141e+00
1.127546310424804688e+00
1.126497030258178711e+00
1.122694730758666992e+00
1.122706651687622070e+00
1.126178503036499023e+00
1.123843193054199219e+00
1.126291751861572266e+00
1.129757404327392578e+00
1.127900362014770508e+00
1.129841327667236328e+00
1.131221771240234375e+00
1.130977869033813477e+00
1.127303838729858398e+00
1.131263494491577148e+00
1.133075952529907227e+00
1.129817962646484375e+00
1.134719133377075195e+00
1.136016130447387695e+00
1.130429506301879883e+00
1.130207777023315430e+00
1.133114576339721680e+00
1.133237361907958984e+00
1.134179115295410156e+00
1.131553888320922852e+00
1.133800506591796875e+00
1.130893707275390625e+00
1.129541397094726562e+00
1.132459640502929688e+00
1.133420228958129883e+00
1.133204460144042969e+00
1.135683298110961914e+00
1.134311914443969727e+00
1.136039018630981445e+00
1.137312650680541992e+00
1.137268066406250000e+00
1.132184982299804688e+00
1.137441158294677734e+00
1.133737087249755859e+00
1.130645990371704102e+00
1.132152795791625977e+00
1.132841110229492188e+00
1.132885694503784180e+00
1.132982730865478516e+00
1.139158248901367188e+00
1.137493371963500977e+00
1.135636806488037109e+00
1.136783123016357422e+00
1.134353160858154297e+00
1.134859085083007812e+00
1.132981300354003906e+00
1.138355970382690430e+00
1.136031866073608398e+00
1.128582715988159180e+00
1.127999544143676758e+00
1.123060464859008789e+00
1.125088453292846680e+00
1.124735593795776367e+00
1.130590677261352539e+00
1.126872062683105469e+00
1.131316184997558594e+00
1.128718614578247070e+00
1.128151893615722656e+00
1.126996517181396484e+00
1.125788211822509766e+00
1.126096963882446289e+00
1.168637275695800781e+00
1.138447999954223633e+00
1.138241767883300781e+00
1.154159784317016602e+00
1.133842706680297852e+00
1.129900217056274414e+00
1.126043319702148438e+00
1.136297702789306641e+00
1.127326726913452148e+00
1.129514455795288086e+00
1.129063844680786133e+00
1.127444744110107422e+00
1.125522851943969727e+00
1.128661632537841797e+00
1.130261421203613281e+00
1.129362344741821289e+00
1.129133701324462891e+00
1.128947973251342773e+00
1.131678104400634766e+00
1.126656293869018555e+00
1.128274917602539062e+00
1.126262187957763672e+00
1.127479791641235352e+00
1.128335952758789062e+00
1.132509231567382812e+00
1.129608631134033203e+00
1.130396366119384766e+00
1.128783941268920898e+00
1.131027460098266602e+00
1.130975484848022461e+00
1.126009225845336914e+00
1.127870559692382812e+00
1.129195690155029297e+00
1.126905918121337891e+00
1.130117893218994141e+00
1.131197452545166016e+00
1.130037069320678711e+00
1.128747463226318359e+00
1.127929449081420898e+00
1.129090070724487305e+00
1.126479387283325195e+00
1.131390571594238281e+00
1.137756586074829102e+00
1.132431983947753906e+00
1.128640651702880859e+00
1.127840280532836914e+00
1.140344142913818359e+00
1.141661167144775391e+00
1.147189617156982422e+00
1.130073785781860352e+00
1.128336906433105469e+00
1.131352901458740234e+00
1.134709119796752930e+00
1.131509304046630859e+00
1.135610103607177734e+00
1.132386207580566406e+00
1.133952617645263672e+00
1.143438577651977539e+00
1.130065679550170898e+00
1.133870601654052734e+00
1.138681888580322266e+00
1.131872892379760742e+00
1.133435487747192383e+00
1.130617380142211914e+00
1.132401466369628906e+00
1.135291337966918945e+00
1.127899646759033203e+00
1.130648612976074219e+00
1.133242607116699219e+00
1.132706642150878906e+00
1.135891199111938477e+00
1.137691974639892578e+00
1.134463310241699219e+00
1.136332511901855469e+00
1.134883880615234375e+00
1.135800361633300781e+00
1.137333631515502930e+00
1.145037889480590820e+00
1.142460107803344727e+00
1.133703947067260742e+00
1.140547752380371094e+00
1.132767915725708008e+00
1.140794515609741211e+00
1.139991044998168945e+00
