2.163240909576416016e+00
4.490699768066406250e-01
4.800946712493896484e-01
4.527397155761718750e-01
4.492175579071044922e-01
4.797794818878173828e-01
4.515602588653564453e-01
4.538037776947021484e-01
4.614212512969970703e-01
4.555120468139648438e-01
4.516704082489013672e-01
4.786887168884277344e-01
4.528460502624511719e-01
4.538404941558837891e-01
5.183448791503906250e-01
4.527151584625244141e-01
4.553618431091308594e-01
4.580667018890380859e-01
4.481632709503173828e-01
4.592764377593994141e-01
4.608504772186279297e-01
4.513261318206787109e-01
4.924929141998291016e-01
4.616074562072753906e-01
4.677557945251464844e-01
4.626722335815429688e-01
4.561953544616699219e-01
4.574301242828369141e-01
4.613826274871826172e-01
4.586803913116455078e-01
4.581916332244873047e-01
4.622299671173095703e-01
4.591870307922363281e-01
4.588849544525146484e-01
4.638264179229736328e-01
4.600138664245605469e-01
4.625294208526611328e-01
4.656233787536621094e-01
4.594964981079101562e-01
4.605531692504882812e-01
4.648730754852294922e-01
4.642353057861328125e-01
4.617474079132080078e-01
4.647088050842285156e-01
4.604799747467041016e-01
4.635498523712158203e-01
5.076203346252441406e-01
4.622762203216552734e-01
4.530198574066162109e-01
4.786510467529296875e-01
4.607920646667480469e-01
4.551296234130859375e-01
4.920668601989746094e-01
4.626336097717285156e-01
4.527871608734130859e-01
4.916224479675292969e-01
4.582889080047607422e-01
4.592561721801757812e-01
4.986743927001953125e-01
4.592599868774414062e-01
4.561104774475097656e-01
4.897348880767822266e-01
4.533383846282958984e-01
4.580955505371093750e-01
4.648993015289306641e-01
4.578485488891601562e-01
4.609079360961914062e-01
4.637763500213623047e-01
4.600245952606201172e-01
4.602086544036865234e-01
4.884841442108154297e-01
4.597430229187011719e-01
4.568853378295898438e-01
4.861621856689453125e-01
4.652900695800781250e-01
4.565110206604003906e-01
4.882190227508544922e-01
4.665710926055908203e-01
4.576110839843750000e-01
4.962346553802490234e-01
4.639236927032470703e-01
4.871258735656738281e-01
4.963293075561523438e-01
4.634160995483398438e-01
4.515533447265625000e-01
4.902067184448242188e-01
4.603097438812255859e-01
4.608988761901855469e-01
4.965996742248535156e-01
4.585843086242675781e-01
4.592566490173339844e-01
4.739015102386474609e-01
4.628837108612060547e-01
4.630320072174072266e-01
4.802806377410888672e-01
4.640862941741943359e-01
4.666543006896972656e-01
4.719448089599609375e-01
4.656815528869628906e-01
4.643898010253906250e-01
4.700067043304443359e-01
4.679319858551025391e-01
4.586691856384277344e-01
4.692525863647460938e-01
4.634616374969482422e-01
4.650347232818603516e-01
4.680330753326416016e-01
4.623899459838867188e-01
4.605681896209716797e-01
4.607839584350585938e-01
4.609797000885009766e-01
4.634637832641601562e-01
4.629971981048583984e-01
4.587650299072265625e-01
4.567348957061767578e-01
4.613578319549560547e-01
4.608676433563232422e-01
4.579036235809326172e-01
4.599008560180664062e-01
4.574837684631347656e-01
4.640979766845703125e-01
4.691855907440185547e-01
4.644126892089843750e-01
4.655566215515136719e-01
4.659042358398437500e-01
4.643559455871582031e-01
4.649674892425537109e-01
4.650542736053466797e-01
4.685685634613037109e-01
4.671230316162109375e-01
4.607937335968017578e-01
4.633817672729492188e-01
4.624216556549072266e-01
4.599235057830810547e-01
4.708900451660156250e-01
4.677841663360595703e-01
4.691634178161621094e-01
4.716043472290039062e-01
4.691491127014160156e-01
4.690878391265869141e-01
4.744577407836914062e-01
4.702415466308593750e-01
4.687547683715820312e-01
4.743018150329589844e-01
4.669036865234375000e-01
4.647989273071289062e-01
4.720156192779541016e-01
4.704654216766357422e-01
4.677977561950683594e-01
4.743506908416748047e-01
4.684348106384277344e-01
4.700481891632080078e-01
4.732887744903564453e-01
4.684345722198486328e-01
4.742317199707031250e-01
4.726896286010742188e-01
4.720268249511718750e-01
4.720339775085449219e-01
4.699678421020507812e-01
4.751818180084228516e-01
4.693610668182373047e-01
4.697360992431640625e-01
4.697849750518798828e-01
4.672884941101074219e-01
4.684684276580810547e-01
4.707875251770019531e-01
4.677677154541015625e-01
4.687550067901611328e-01
4.715352058410644531e-01
4.669978618621826172e-01
4.682483673095703125e-01
4.723789691925048828e-01
4.681870937347412109e-01
4.671430587768554688e-01
4.738295078277587891e-01
4.715075492858886719e-01
4.641649723052978516e-01
4.989039897918701172e-01
4.641895294189453125e-01
4.634802341461181641e-01
4.945986270904541016e-01
4.640791416168212891e-01
4.661948680877685547e-01
5.050234794616699219e-01
4.619820117950439453e-01
4.630563259124755859e-01
5.115211009979248047e-01
4.630424976348876953e-01
4.692268371582031250e-01
5.141661167144775391e-01
4.633169174194335938e-01
4.680867195129394531e-01
4.908101558685302734e-01
4.640240669250488281e-01
4.668452739715576172e-01
4.902691841125488281e-01
4.641010761260986328e-01
4.656758308410644531e-01
5.134952068328857422e-01
4.642522335052490234e-01
