6.572215557098388672e-01
6.407494544982910156e-01
6.449289321899414062e-01
7.284302711486816406e-01
6.358957290649414062e-01
6.439397335052490234e-01
6.572539806365966797e-01
6.429016590118408203e-01
6.452724933624267578e-01
7.267975807189941406e-01
6.447453498840332031e-01
6.499037742614746094e-01
6.483695507049560547e-01
6.509952545166015625e-01
6.436932086944580078e-01
6.368939876556396484e-01
6.371707916259765625e-01
9.266159534454345703e-01
6.498472690582275391e-01
6.435744762420654297e-01
8.850758075714111328e-01
6.460576057434082031e-01
6.463215351104736328e-01
6.671035289764404297e-01
6.471364498138427734e-01
6.322445869445800781e-01
6.329672336578369141e-01
6.415417194366455078e-01
6.313569545745849609e-01
6.367619037628173828e-01
7.162010669708251953e-01
6.408171653747558594e-01
6.399815082550048828e-01
6.524059772491455078e-01
6.472887992858886719e-01
6.394546031951904297e-01
6.348514556884765625e-01
6.327037811279296875e-01
6.417531967163085938e-01
6.275112628936767578e-01
6.463413238525390625e-01
7.002351284027099609e-01
6.491515636444091797e-01
6.453363895416259766e-01
6.452243328094482422e-01
6.401739120483398438e-01
7.037341594696044922e-01
6.487064361572265625e-01
6.410012245178222656e-01
6.480052471160888672e-01
6.596114635467529297e-01
7.080752849578857422e-01
6.485214233398437500e-01
6.539959907531738281e-01
6.470465660095214844e-01
6.457455158233642578e-01
6.474189758300781250e-01
7.150101661682128906e-01
6.494786739349365234e-01
6.520361900329589844e-01
6.437866687774658203e-01
6.490101814270019531e-01
6.542465686798095703e-01
6.472659111022949219e-01
6.501879692077636719e-01
6.589260101318359375e-01
6.528129577636718750e-01
6.571865081787109375e-01
7.335333824157714844e-01
6.467535495758056641e-01
6.500082015991210938e-01
6.521961688995361328e-01
6.501584053039550781e-01
7.221040725708007812e-01
6.564946174621582031e-01
6.502258777618408203e-01
6.518242359161376953e-01
6.556823253631591797e-01
7.159466743469238281e-01
6.500082015991210938e-01
6.570985317230224609e-01
6.454434394836425781e-01
6.499016284942626953e-01
7.115089893341064453e-01
7.136707305908203125e-01
6.516880989074707031e-01
6.504921913146972656e-01
6.479482650756835938e-01
7.234609127044677734e-01
6.594469547271728516e-01
6.432096958160400391e-01
6.469681262969970703e-01
6.445384025573730469e-01
6.409251689910888672e-01
6.414773464202880859e-01
7.161211967468261719e-01
6.417801380157470703e-01
6.432497501373291016e-01
7.291224002838134766e-01
6.445717811584472656e-01
6.448929309844970703e-01
6.492307186126708984e-01
6.407828330993652344e-01
6.465878486633300781e-01
6.468336582183837891e-01
7.085857391357421875e-01
6.474688053131103516e-01
6.474618911743164062e-01
7.194514274597167969e-01
6.492006778717041016e-01
7.259712219238281250e-01
6.533660888671875000e-01
6.544499397277832031e-01
6.569557189941406250e-01
6.442475318908691406e-01
7.164180278778076172e-01
6.586775779724121094e-01
6.544849872589111328e-01
7.163994312286376953e-01
6.476643085479736328e-01
6.524360179901123047e-01
6.539168357849121094e-01
8.366403579711914062e-01
6.623067855834960938e-01
6.532599925994873047e-01
1.073987960815429688e+00
6.578981876373291016e-01
6.505331993103027344e-01
6.463420391082763672e-01
6.552231311798095703e-01
6.464850902557373047e-01
6.519360542297363281e-01
6.529345512390136719e-01
6.481699943542480469e-01
6.426830291748046875e-01
7.318911552429199219e-01
6.497139930725097656e-01
7.141020298004150391e-01
6.532108783721923828e-01
6.560597419738769531e-01
6.584246158599853516e-01
6.562392711639404297e-01
7.186374664306640625e-01
6.440622806549072266e-01
6.628127098083496094e-01
7.295124530792236328e-01
6.558375358581542969e-01
6.976432800292968750e-01
6.495580673217773438e-01
6.257336139678955078e-01
6.349008083343505859e-01
6.408276557922363281e-01
6.409018039703369141e-01
8.054399490356445312e-01
6.364777088165283203e-01
7.067162990570068359e-01
9.922277927398681641e-01
7.220749855041503906e-01
7.202205657958984375e-01
6.641759872436523438e-01
6.590623855590820312e-01
6.540987491607666016e-01
6.652574539184570312e-01
6.581103801727294922e-01
6.725432872772216797e-01
7.716491222381591797e-01
6.576561927795410156e-01
6.551039218902587891e-01
7.883627414703369141e-01
6.882534027099609375e-01
6.679568290710449219e-01
7.008316516876220703e-01
6.583805084228515625e-01
7.215301990509033203e-01
7.326185703277587891e-01
7.380633354187011719e-01
6.550593376159667969e-01
6.959593296051025391e-01
6.627593040466308594e-01
7.335860729217529297e-01
7.241494655609130859e-01
6.580500602722167969e-01
7.245829105377197266e-01
6.576557159423828125e-01
6.618158817291259766e-01
7.352135181427001953e-01
6.267442703247070312e-01
6.351773738861083984e-01
6.385891437530517578e-01
6.332039833068847656e-01
7.075908184051513672e-01
7.057466506958007812e-01
7.057907581329345703e-01
6.406896114349365234e-01
6.269063949584960938e-01
6.292896270751953125e-01
7.071237564086914062e-01
6.307206153869628906e-01
6.318631172180175781e-01
6.354963779449462891e-01
