2.161370515823364258e+00
2.781677246093750000e-01
2.818582057952880859e-01
2.766849994659423828e-01
2.774767875671386719e-01
2.784531116485595703e-01
2.797298431396484375e-01
2.793474197387695312e-01
2.773280143737792969e-01
2.780010700225830078e-01
2.797670364379882812e-01
2.790672779083251953e-01
2.790534496307373047e-01
2.779147624969482422e-01
2.785556316375732422e-01
2.682809829711914062e-01
2.751600742340087891e-01
2.777252197265625000e-01
2.685475349426269531e-01
2.940614223480224609e-01
2.801845073699951172e-01
2.796022891998291016e-01
2.831969261169433594e-01
2.801718711853027344e-01
2.789151668548583984e-01
3.088223934173583984e-01
2.798852920532226562e-01
2.737233638763427734e-01
2.990219593048095703e-01
2.793104648590087891e-01
2.726151943206787109e-01
3.080048561096191406e-01
2.792325019836425781e-01
2.724106311798095703e-01
2.986474037170410156e-01
2.804238796234130859e-01
2.793331146240234375e-01
3.128600120544433594e-01
2.779586315155029297e-01
2.787382602691650391e-01
3.060395717620849609e-01
3.072464466094970703e-01
2.818076610565185547e-01
2.849299907684326172e-01
2.804183959960937500e-01
2.820847034454345703e-01
2.870929241180419922e-01
2.800824642181396484e-01
2.855155467987060547e-01
2.832918167114257812e-01
2.815132141113281250e-01
2.816970348358154297e-01
2.868075370788574219e-01
2.831306457519531250e-01
2.836410999298095703e-01
2.848346233367919922e-01
2.836325168609619141e-01
2.825651168823242188e-01
2.828974723815917969e-01
2.833495140075683594e-01
2.828450202941894531e-01
2.848794460296630859e-01
2.820088863372802734e-01
2.807850837707519531e-01
2.822759151458740234e-01
2.820470333099365234e-01
2.807278633117675781e-01
2.838404178619384766e-01
2.828152179718017578e-01
2.830681800842285156e-01
2.869138717651367188e-01
2.812728881835937500e-01
2.811038494110107422e-01
2.850797176361083984e-01
2.808012962341308594e-01
2.821261882781982422e-01
2.851634025573730469e-01
2.783224582672119141e-01
2.803366184234619141e-01
2.833106517791748047e-01
2.812421321868896484e-01
2.782139778137207031e-01
2.831325531005859375e-01
2.840695381164550781e-01
2.829909324645996094e-01
2.831974029541015625e-01
2.807760238647460938e-01
2.808039188385009766e-01
2.811486721038818359e-01
2.821907997131347656e-01
2.819766998291015625e-01
2.843039035797119141e-01
2.839105129241943359e-01
2.849931716918945312e-01
2.855041027069091797e-01
2.836608886718750000e-01
2.850711345672607422e-01
2.874002456665039062e-01
2.834837436676025391e-01
2.848589420318603516e-01
2.900130748748779297e-01
2.859294414520263672e-01
2.851128578186035156e-01
2.906327247619628906e-01
2.865602970123291016e-01
2.852592468261718750e-01
2.901582717895507812e-01
2.864108085632324219e-01
2.859921455383300781e-01
2.886250019073486328e-01
2.856664657592773438e-01
2.858879566192626953e-01
2.912614345550537109e-01
2.871987819671630859e-01
2.865014076232910156e-01
2.898762226104736328e-01
2.878410816192626953e-01
2.870335578918457031e-01
2.951974868774414062e-01
2.892317771911621094e-01
2.900447845458984375e-01
2.954735755920410156e-01
2.870876789093017578e-01
2.873344421386718750e-01
2.922239303588867188e-01
2.865796089172363281e-01
2.864148616790771484e-01
2.876777648925781250e-01
2.901589870452880859e-01
2.866680622100830078e-01
2.881469726562500000e-01
2.897248268127441406e-01
2.874429225921630859e-01
2.841393947601318359e-01
2.870175838470458984e-01
2.849502563476562500e-01
2.839126586914062500e-01
2.871544361114501953e-01
2.857806682586669922e-01
2.830495834350585938e-01
2.927112579345703125e-01
2.890369892120361328e-01
2.872350215911865234e-01
2.923572063446044922e-01
2.905340194702148438e-01
2.876517772674560547e-01
2.915642261505126953e-01
2.877578735351562500e-01
2.843506336212158203e-01
3.219008445739746094e-01
2.819769382476806641e-01
2.734513282775878906e-01
3.301775455474853516e-01
2.928519248962402344e-01
2.729458808898925781e-01
2.947537899017333984e-01
2.823648452758789062e-01
2.761449813842773438e-01
3.303568363189697266e-01
2.807910442352294922e-01
2.808952331542968750e-01
2.832369804382324219e-01
2.811005115509033203e-01
2.818458080291748047e-01
2.834353446960449219e-01
2.817244529724121094e-01
2.781484127044677734e-01
2.804429531097412109e-01
2.813243865966796875e-01
2.833018302917480469e-01
2.797834873199462891e-01
2.803223133087158203e-01
2.798521518707275391e-01
2.815132141113281250e-01
2.824821472167968750e-01
2.808926105499267578e-01
2.796797752380371094e-01
2.822666168212890625e-01
2.793903350830078125e-01
2.800321578979492188e-01
2.804985046386718750e-01
2.799470424652099609e-01
2.826712131500244141e-01
2.848689556121826172e-01
2.825005054473876953e-01
2.817027568817138672e-01
2.848155498504638672e-01
2.738864421844482422e-01
2.819764614105224609e-01
2.845807075500488281e-01
2.762856483459472656e-01
2.791337966918945312e-01
2.834305763244628906e-01
2.760088443756103516e-01
2.800936698913574219e-01
2.864539623260498047e-01
2.792701721191406250e-01
2.760260105133056641e-01
2.950658798217773438e-01
2.753748893737792969e-01
