6.572146415710449219e-01
6.407454013824462891e-01
6.448926925659179688e-01
7.284233570098876953e-01
6.358966827392578125e-01
6.439301967620849609e-01
6.572546958923339844e-01
6.428914070129394531e-01
6.452662944793701172e-01
7.267918586730957031e-01
6.447346210479736328e-01
6.499030590057373047e-01
6.483623981475830078e-01
6.509869098663330078e-01
6.436798572540283203e-01
6.369068622589111328e-01
6.371624469757080078e-01
9.266021251678466797e-01
6.498360633850097656e-01
6.435623168945312500e-01
8.850657939910888672e-01
6.460502147674560547e-01
6.463129520416259766e-01
6.671042442321777344e-01
6.471316814422607422e-01
6.322386264801025391e-01
6.329643726348876953e-01
6.415374279022216797e-01
6.313500404357910156e-01
6.367552280426025391e-01
7.162110805511474609e-01
6.408135890960693359e-01
6.399743556976318359e-01
6.523995399475097656e-01
6.472880840301513672e-01
6.394495964050292969e-01
6.348662376403808594e-01
6.326973438262939453e-01
6.417498588562011719e-01
6.275084018707275391e-01
6.463351249694824219e-01
7.002360820770263672e-01
6.491570472717285156e-01
6.453149318695068359e-01
6.452198028564453125e-01
6.401627063751220703e-01
7.037277221679687500e-01
6.486976146697998047e-01
6.410057544708251953e-01
6.479952335357666016e-01
6.596040725708007812e-01
7.080678939819335938e-01
6.485154628753662109e-01
6.539738178253173828e-01
6.470456123352050781e-01
6.457374095916748047e-01
6.474118232727050781e-01
7.150044441223144531e-01
6.494572162628173828e-01
6.520481109619140625e-01
6.437792778015136719e-01
6.490042209625244141e-01
6.542441844940185547e-01
6.472599506378173828e-01
6.501805782318115234e-01
6.589229106903076172e-01
6.528074741363525391e-01
6.571841239929199219e-01
7.335238456726074219e-01
6.467490196228027344e-01
6.500046253204345703e-01
6.521906852722167969e-01
6.501531600952148438e-01
7.221052646636962891e-01
6.564991474151611328e-01
6.502268314361572266e-01
6.518270969390869141e-01
6.556863784790039062e-01
7.159500122070312500e-01
6.500062942504882812e-01
6.571109294891357422e-01
6.454620361328125000e-01
6.499061584472656250e-01
7.115030288696289062e-01
7.136614322662353516e-01
6.516830921173095703e-01
6.504945755004882812e-01
6.479389667510986328e-01
7.234525680541992188e-01
6.594452857971191406e-01
6.432070732116699219e-01
6.469676494598388672e-01
6.445298194885253906e-01
6.409211158752441406e-01
6.414687633514404297e-01
7.161128520965576172e-01
6.417748928070068359e-01
6.432411670684814453e-01
7.291176319122314453e-01
6.445667743682861328e-01
6.448817253112792969e-01
6.492233276367187500e-01
6.407833099365234375e-01
6.465787887573242188e-01
6.468276977539062500e-01
7.085812091827392578e-01
6.474664211273193359e-01
6.474549770355224609e-01
7.194509506225585938e-01
6.491916179656982422e-01
7.259657382965087891e-01
6.533622741699218750e-01
6.544528007507324219e-01
6.569485664367675781e-01
6.440420150756835938e-01
7.164051532745361328e-01
6.586740016937255859e-01
6.544818878173828125e-01
7.163884639739990234e-01
6.476528644561767578e-01
6.524324417114257812e-01
6.539125442504882812e-01
8.366353511810302734e-01
6.623182296752929688e-01
6.532537937164306641e-01
1.073990583419799805e+00
6.578969955444335938e-01
6.505331993103027344e-01
6.463525295257568359e-01
6.552145481109619141e-01
6.464798450469970703e-01
6.519317626953125000e-01
6.529312133789062500e-01
6.481769084930419922e-01
6.426885128021240234e-01
7.318952083587646484e-01
6.497154235839843750e-01
7.141060829162597656e-01
6.532154083251953125e-01
6.560530662536621094e-01
6.584174633026123047e-01
6.562299728393554688e-01
7.186362743377685547e-01
6.440646648406982422e-01
6.628055572509765625e-01
7.295060157775878906e-01
6.558318138122558594e-01
6.976506710052490234e-01
6.495671272277832031e-01
6.257176399230957031e-01
6.348946094512939453e-01
6.408231258392333984e-01
6.408960819244384766e-01
8.054325580596923828e-01
6.364784240722656250e-01
7.067153453826904297e-01
9.922196865081787109e-01
7.220714092254638672e-01
7.202179431915283203e-01
6.641938686370849609e-01
6.590645313262939453e-01
6.541059017181396484e-01
6.652634143829345703e-01
6.581294536590576172e-01
6.725380420684814453e-01
7.716667652130126953e-01
6.576623916625976562e-01
6.551063060760498047e-01
7.883734703063964844e-01
6.882450580596923828e-01
6.679604053497314453e-01
7.008459568023681641e-01
6.583831310272216797e-01
7.215352058410644531e-01
7.326247692108154297e-01
7.380700111389160156e-01
6.550633907318115234e-01
6.959741115570068359e-01
6.627616882324218750e-01
7.335813045501708984e-01
7.241570949554443359e-01
6.580481529235839844e-01
7.245814800262451172e-01
6.576581001281738281e-01
6.618232727050781250e-01
7.352099418640136719e-01
6.267368793487548828e-01
6.351699829101562500e-01
6.385796070098876953e-01
6.332094669342041016e-01
7.075793743133544922e-01
7.057385444641113281e-01
7.057709693908691406e-01
6.406867504119873047e-01
6.269059181213378906e-01
6.292848587036132812e-01
7.071185111999511719e-01
6.307156085968017578e-01
6.318545341491699219e-01
6.354944705963134766e-01
