2.124962329864501953e+00
3.999300003051757812e-01
4.244663715362548828e-01
3.999531269073486328e-01
4.234068393707275391e-01
4.234504699707031250e-01
3.993356227874755859e-01
3.980896472930908203e-01
4.330725669860839844e-01
3.980655670166015625e-01
4.043118953704833984e-01
4.249365329742431641e-01
3.989586830139160156e-01
4.025676250457763672e-01
4.068207740783691406e-01
4.103305339813232422e-01
4.109776020050048828e-01
4.119842052459716797e-01
4.111013412475585938e-01
4.210603237152099609e-01
4.054675102233886719e-01
3.947849273681640625e-01
4.224419593811035156e-01
4.078624248504638672e-01
3.976297378540039062e-01
4.241888523101806641e-01
4.125368595123291016e-01
4.114832878112792969e-01
4.149920940399169922e-01
4.126102924346923828e-01
4.112763404846191406e-01
4.154286384582519531e-01
4.117374420166015625e-01
4.118647575378417969e-01
4.155788421630859375e-01
4.138338565826416016e-01
4.116475582122802734e-01
4.175024032592773438e-01
4.127817153930664062e-01
4.147188663482666016e-01
4.164984226226806641e-01
4.356958866119384766e-01
4.010579586029052734e-01
4.290740489959716797e-01
4.091384410858154297e-01
3.981854915618896484e-01
4.282262325286865234e-01
4.107468128204345703e-01
4.031629562377929688e-01
4.466931819915771484e-01
4.081346988677978516e-01
4.021499156951904297e-01
4.452445507049560547e-01
4.053661823272705078e-01
4.078810214996337891e-01
4.475941658020019531e-01
4.024438858032226562e-01
4.039480686187744141e-01
4.402937889099121094e-01
4.182465076446533203e-01
4.040946960449218750e-01
4.581766128540039062e-01
4.040522575378417969e-01
4.157617092132568359e-01
4.205317497253417969e-01
4.160676002502441406e-01
4.154176712036132812e-01
4.197394847869873047e-01
4.161655902862548828e-01
4.107592105865478516e-01
4.518260955810546875e-01
4.164798259735107422e-01
4.144451618194580078e-01
4.196052551269531250e-01
4.169335365295410156e-01
4.161515235900878906e-01
4.178962707519531250e-01
4.086055755615234375e-01
4.083442687988281250e-01
4.127240180969238281e-01
4.083514213562011719e-01
4.080402851104736328e-01
4.166071414947509766e-01
4.246106147766113281e-01
3.977270126342773438e-01
4.174103736877441406e-01
4.179935455322265625e-01
4.178388118743896484e-01
4.204180240631103516e-01
4.194059371948242188e-01
4.168972969055175781e-01
4.725985527038574219e-01
4.080471992492675781e-01
4.061005115509033203e-01
4.546155929565429688e-01
4.089486598968505859e-01
4.000771045684814453e-01
4.414668083190917969e-01
4.115405082702636719e-01
4.177000522613525391e-01
4.318289756774902344e-01
4.112195968627929688e-01
3.995094299316406250e-01
4.455881118774414062e-01
4.111475944519042969e-01
4.031808376312255859e-01
4.427428245544433594e-01
4.135985374450683594e-01
4.027485847473144531e-01
4.269137382507324219e-01
4.127354621887207031e-01
4.177994728088378906e-01
4.229838848114013672e-01
4.181795120239257812e-01
4.157447814941406250e-01
4.211330413818359375e-01
4.183723926544189453e-01
4.149937629699707031e-01
4.216334819793701172e-01
4.182705879211425781e-01
4.203157424926757812e-01
4.215259552001953125e-01
4.177052974700927734e-01
4.166867733001708984e-01
4.180779457092285156e-01
4.162261486053466797e-01
4.156725406646728516e-01
4.152774810791015625e-01
4.172151088714599609e-01
4.175634384155273438e-01
4.152209758758544922e-01
4.203572273254394531e-01
4.140665531158447266e-01
4.085786342620849609e-01
4.166021347045898438e-01
4.120726585388183594e-01
4.102959632873535156e-01
4.122571945190429688e-01
4.098253250122070312e-01
4.155883789062500000e-01
4.221286773681640625e-01
4.155132770538330078e-01
4.168665409088134766e-01
4.180839061737060547e-01
4.180951118469238281e-01
4.165208339691162109e-01
4.220471382141113281e-01
4.124021530151367188e-01
4.160089492797851562e-01
4.282007217407226562e-01
4.199020862579345703e-01
4.215006828308105469e-01
4.306387901306152344e-01
4.278132915496826172e-01
4.226210117340087891e-01
4.275622367858886719e-01
4.233162403106689453e-01
4.223415851593017578e-01
4.154500961303710938e-01
4.162576198577880859e-01
4.146158695220947266e-01
4.157719612121582031e-01
4.150910377502441406e-01
4.132063388824462891e-01
4.158041477203369141e-01
4.154210090637207031e-01
4.131596088409423828e-01
4.142363071441650391e-01
4.177734851837158203e-01
4.137070178985595703e-01
4.127345085144042969e-01
4.174888134002685547e-01
4.141530990600585938e-01
4.145622253417968750e-01
4.170095920562744141e-01
4.155347347259521484e-01
4.140381813049316406e-01
4.202158451080322266e-01
4.170551300048828125e-01
4.148523807525634766e-01
4.170842170715332031e-01
4.131805896759033203e-01
4.169423580169677734e-01
4.153966903686523438e-01
4.117648601531982422e-01
4.130587577819824219e-01
4.184787273406982422e-01
4.219417572021484375e-01
4.231591224670410156e-01
4.238374233245849609e-01
4.213225841522216797e-01
4.237291812896728516e-01
4.240412712097167969e-01
4.244451522827148438e-01
4.222781658172607422e-01
4.255921840667724609e-01
4.221806526184082031e-01
4.228706359863281250e-01
4.239962100982666016e-01
4.228549003601074219e-01
