6.572103500366210938e-01
6.407437324523925781e-01
6.449124813079833984e-01
7.284090518951416016e-01
6.359016895294189453e-01
6.439275741577148438e-01
6.572558879852294922e-01
6.428973674774169922e-01
6.452550888061523438e-01
7.267849445343017578e-01
6.447393894195556641e-01
6.499047279357910156e-01
6.483597755432128906e-01
6.509904861450195312e-01
6.436913013458251953e-01
6.369104385375976562e-01
6.371583938598632812e-01
9.266161918640136719e-01
6.498405933380126953e-01
6.435689926147460938e-01
8.850574493408203125e-01
6.460447311401367188e-01
6.462967395782470703e-01
6.671030521392822266e-01
6.471202373504638672e-01
6.322355270385742188e-01
6.329727172851562500e-01
6.415436267852783203e-01
6.313526630401611328e-01
6.367623805999755859e-01
7.162120342254638672e-01
6.408355236053466797e-01
6.399903297424316406e-01
6.524100303649902344e-01
6.472873687744140625e-01
6.394612789154052734e-01
6.348731517791748047e-01
6.326830387115478516e-01
6.417634487152099609e-01
6.275010108947753906e-01
6.463313102722167969e-01
7.002158164978027344e-01
6.491501331329345703e-01
6.453189849853515625e-01
6.452012062072753906e-01
6.401605606079101562e-01
7.037103176116943359e-01
6.486868858337402344e-01
6.409921646118164062e-01
6.479966640472412109e-01
6.595916748046875000e-01
7.080509662628173828e-01
6.485211849212646484e-01
6.539764404296875000e-01
6.470441818237304688e-01
6.457448005676269531e-01
6.474149227142333984e-01
7.150089740753173828e-01
6.494603157043457031e-01
6.520311832427978516e-01
6.437642574310302734e-01
6.489820480346679688e-01
6.542320251464843750e-01
6.472604274749755859e-01
6.501770019531250000e-01
6.589105129241943359e-01
6.528079509735107422e-01
6.571691036224365234e-01
7.335102558135986328e-01
6.467552185058593750e-01
6.499652862548828125e-01
6.521759033203125000e-01
6.501317024230957031e-01
7.220857143402099609e-01
6.564879417419433594e-01
6.501913070678710938e-01
6.518175601959228516e-01
6.556806564331054688e-01
7.159314155578613281e-01
6.500124931335449219e-01
6.571037769317626953e-01
6.454415321350097656e-01
6.498994827270507812e-01
7.114872932434082031e-01
7.136652469635009766e-01
6.516828536987304688e-01
6.504552364349365234e-01
6.479272842407226562e-01
7.234337329864501953e-01
6.594421863555908203e-01
6.432054042816162109e-01
6.469452381134033203e-01
6.445386409759521484e-01
6.408977508544921875e-01
6.414649486541748047e-01
7.161164283752441406e-01
6.417822837829589844e-01
6.432309150695800781e-01
7.291166782379150391e-01
6.445524692535400391e-01
6.448936462402343750e-01
6.492047309875488281e-01
6.407730579376220703e-01
6.465587615966796875e-01
6.468105316162109375e-01
7.085866928100585938e-01
6.474564075469970703e-01
6.474292278289794922e-01
7.194442749023437500e-01
6.491818428039550781e-01
7.259459495544433594e-01
6.533596515655517578e-01
6.544394493103027344e-01
6.569449901580810547e-01
6.440286636352539062e-01
7.164084911346435547e-01
6.586737632751464844e-01
6.555855274200439453e-01
7.163729667663574219e-01
6.476511955261230469e-01
6.524202823638916016e-01
6.539134979248046875e-01
8.366088867187500000e-01
6.623079776763916016e-01
6.532368659973144531e-01
1.073950767517089844e+00
6.578977108001708984e-01
6.505193710327148438e-01
6.463344097137451172e-01
6.551842689514160156e-01
6.464803218841552734e-01
6.519329547882080078e-01
6.529161930084228516e-01
6.481699943542480469e-01
6.426830291748046875e-01
7.318863868713378906e-01
6.497089862823486328e-01
7.140822410583496094e-01
6.532077789306640625e-01
6.560437679290771484e-01
6.584010124206542969e-01
6.562187671661376953e-01
7.186157703399658203e-01
6.440567970275878906e-01
6.627960205078125000e-01
7.294967174530029297e-01
6.558203697204589844e-01
6.976442337036132812e-01
6.495702266693115234e-01
6.257336139678955078e-01
6.349015235900878906e-01
6.408269405364990234e-01
6.408991813659667969e-01
8.054203987121582031e-01
6.364793777465820312e-01
7.067244052886962891e-01
9.922196865081787109e-01
7.220582962036132812e-01
7.201986312866210938e-01
6.641836166381835938e-01
6.590583324432373047e-01
6.541013717651367188e-01
6.652734279632568359e-01
6.581277847290039062e-01
6.725344657897949219e-01
7.716665267944335938e-01
6.576569080352783203e-01
6.551039218902587891e-01
7.883617877960205078e-01
6.882407665252685547e-01
6.679522991180419922e-01
7.008318901062011719e-01
6.583778858184814453e-01
7.215209007263183594e-01
7.326228618621826172e-01
7.380671501159667969e-01
6.550574302673339844e-01
6.959609985351562500e-01
6.627476215362548828e-01
7.335622310638427734e-01
7.241375446319580078e-01
6.580495834350585938e-01
7.245628833770751953e-01
6.576414108276367188e-01
6.618170738220214844e-01
7.351841926574707031e-01
6.267464160919189453e-01
6.351866722106933594e-01
6.385724544525146484e-01
6.332247257232666016e-01
7.075741291046142578e-01
7.057452201843261719e-01
7.057881355285644531e-01
6.406972408294677734e-01
6.269068717956542969e-01
6.292989253997802734e-01
7.071018218994140625e-01
6.307146549224853516e-01
6.318569183349609375e-01
6.355161666870117188e-01
