2.333684206008911133e+00
4.921798706054687500e-01
4.981656074523925781e-01
4.910550117492675781e-01
5.005207061767578125e-01
4.981148242950439453e-01
4.938263893127441406e-01
4.933583736419677734e-01
4.957981109619140625e-01
4.963169097900390625e-01
4.952607154846191406e-01
4.986217021942138672e-01
4.958174228668212891e-01
4.960932731628417969e-01
4.978992938995361328e-01
4.972422122955322266e-01
4.982271194458007812e-01
4.988083839416503906e-01
4.977164268493652344e-01
5.000143051147460938e-01
4.979465007781982422e-01
4.977407455444335938e-01
5.008897781372070312e-01
5.017502307891845703e-01
4.982292652130126953e-01
5.030519962310791016e-01
5.026106834411621094e-01
4.992728233337402344e-01
5.038361549377441406e-01
5.016713142395019531e-01
5.006771087646484375e-01
5.038619041442871094e-01
5.015590190887451172e-01
4.996798038482666016e-01
5.053281784057617188e-01
5.012364387512207031e-01
5.020489692687988281e-01
5.058834552764892578e-01
5.003614425659179688e-01
4.989612102508544922e-01
5.071113109588623047e-01
4.987869262695312500e-01
4.991965293884277344e-01
5.048539638519287109e-01
5.008127689361572266e-01
4.972560405731201172e-01
5.027785301208496094e-01
5.002536773681640625e-01
5.029647350311279297e-01
5.055882930755615234e-01
5.003032684326171875e-01
5.010454654693603516e-01
5.056102275848388672e-01
4.998481273651123047e-01
5.010201930999755859e-01
5.073926448822021484e-01
5.016045570373535156e-01
4.988777637481689453e-01
5.051653385162353516e-01
5.058825016021728516e-01
5.002148151397705078e-01
5.040540695190429688e-01
5.046508312225341797e-01
4.946587085723876953e-01
5.500752925872802734e-01
4.961800575256347656e-01
4.866230487823486328e-01
5.507948398590087891e-01
4.958360195159912109e-01
5.055556297302246094e-01
5.139951705932617188e-01
4.998695850372314453e-01
4.886350631713867188e-01
5.368559360504150391e-01
5.009484291076660156e-01
4.889080524444580078e-01
5.691123008728027344e-01
5.032737255096435547e-01
5.012259483337402344e-01
5.094225406646728516e-01
5.024335384368896484e-01
5.017523765563964844e-01
5.120139122009277344e-01
5.213682651519775391e-01
5.017614364624023438e-01
5.431783199310302734e-01
4.945700168609619141e-01
4.873929023742675781e-01
5.541198253631591797e-01
4.995772838592529297e-01
4.926345348358154297e-01
5.206370353698730469e-01
5.042066574096679688e-01
5.032351016998291016e-01
5.101203918457031250e-01
5.043048858642578125e-01
5.042567253112792969e-01
5.113692283630371094e-01
5.330481529235839844e-01
4.915080070495605469e-01
5.148701667785644531e-01
5.033688545227050781e-01
5.069611072540283203e-01
5.120308399200439453e-01
5.013749599456787109e-01
5.027863979339599609e-01
5.107600688934326172e-01
5.052435398101806641e-01
5.020442008972167969e-01
5.115687847137451172e-01
5.440964698791503906e-01
4.986774921417236328e-01
5.427436828613281250e-01
5.053663253784179688e-01
4.920945167541503906e-01
5.415344238281250000e-01
5.083019733428955078e-01
4.914000034332275391e-01
5.172934532165527344e-01
5.133478641510009766e-01
5.132071971893310547e-01
5.163028240203857422e-01
5.253090858459472656e-01
4.960224628448486328e-01
5.097274780273437500e-01
5.054287910461425781e-01
4.963257312774658203e-01
4.944412708282470703e-01
5.066828727722167969e-01
5.035703182220458984e-01
4.920649528503417969e-01
5.323157310485839844e-01
4.974877834320068359e-01
5.074486732482910156e-01
5.073668956756591797e-01
5.018229484558105469e-01
5.021896362304687500e-01
5.097389221191406250e-01
5.043635368347167969e-01
5.280551910400390625e-01
5.379960536956787109e-01
5.090405941009521484e-01
4.946928024291992188e-01
5.652444362640380859e-01
5.112473964691162109e-01
4.916610717773437500e-01
5.463514328002929688e-01
5.131239891052246094e-01
5.048282146453857422e-01
5.098688602447509766e-01
5.083801746368408203e-01
5.083136558532714844e-01
5.119364261627197266e-01
5.059483051300048828e-01
5.074145793914794922e-01
5.076124668121337891e-01
5.055339336395263672e-01
5.073421001434326172e-01
5.051891803741455078e-01
5.127015113830566406e-01
5.019237995147705078e-01
5.058789253234863281e-01
5.048854351043701172e-01
5.062592029571533203e-01
5.031132698059082031e-01
5.025670528411865234e-01
5.034291744232177734e-01
5.059185028076171875e-01
5.063545703887939453e-01
5.022039413452148438e-01
5.076618194580078125e-01
5.049662590026855469e-01
5.044119358062744141e-01
5.042383670806884766e-01
5.051600933074951172e-01
5.041861534118652344e-01
5.056245326995849609e-01
5.045924186706542969e-01
5.051662921905517578e-01
5.050888061523437500e-01
5.049376487731933594e-01
5.050628185272216797e-01
5.111949443817138672e-01
5.067930221557617188e-01
5.058360099792480469e-01
5.057194232940673828e-01
5.064294338226318359e-01
5.061843395233154297e-01
5.062980651855468750e-01
5.084729194641113281e-01
5.080738067626953125e-01
5.054326057434082031e-01
5.081486701965332031e-01
5.075426101684570312e-01
5.065951347351074219e-01
5.097699165344238281e-01
5.054111480712890625e-01
5.082721710205078125e-01
5.080113410949707031e-01
5.080673694610595703e-01
