6.572272777557373047e-01
6.407611370086669922e-01
6.449270248413085938e-01
7.284376621246337891e-01
6.359150409698486328e-01
6.439452171325683594e-01
6.572678089141845703e-01
6.429069042205810547e-01
6.452713012695312500e-01
7.268006801605224609e-01
6.447534561157226562e-01
6.499147415161132812e-01
6.483721733093261719e-01
6.510019302368164062e-01
6.437032222747802734e-01
6.369240283966064453e-01
6.371793746948242188e-01
9.266314506530761719e-01
6.498525142669677734e-01
6.435801982879638672e-01
8.850762844085693359e-01
6.460671424865722656e-01
6.463110446929931641e-01
6.671159267425537109e-01
6.471359729766845703e-01
6.322543621063232422e-01
6.329808235168457031e-01
6.415636539459228516e-01
6.313652992248535156e-01
6.367721557617187500e-01
7.162265777587890625e-01
6.408522129058837891e-01
6.400113105773925781e-01
6.524255275726318359e-01
6.472995281219482422e-01
6.394765377044677734e-01
6.348862648010253906e-01
6.327147483825683594e-01
6.417772769927978516e-01
6.275136470794677734e-01
6.463494300842285156e-01
7.002296447753906250e-01
6.491677761077880859e-01
6.453309059143066406e-01
6.452171802520751953e-01
6.401767730712890625e-01
7.037267684936523438e-01
6.487011909484863281e-01
6.410059928894042969e-01
6.480100154876708984e-01
6.596057415008544922e-01
7.080659866333007812e-01
6.485338211059570312e-01
6.539950370788574219e-01
6.470637321472167969e-01
6.457548141479492188e-01
6.474277973175048828e-01
7.150201797485351562e-01
6.494717597961425781e-01
6.520500183105468750e-01
6.437778472900390625e-01
6.490035057067871094e-01
6.542429924011230469e-01
6.472730636596679688e-01
6.501884460449218750e-01
6.589248180389404297e-01
6.528296470642089844e-01
6.571819782257080078e-01
7.335243225097656250e-01
6.467695236206054688e-01
6.500010490417480469e-01
6.521904468536376953e-01
6.501498222351074219e-01
7.220978736877441406e-01
6.565024852752685547e-01
6.502203941345214844e-01
6.518399715423583984e-01
6.556940078735351562e-01
7.159454822540283203e-01
6.500244140625000000e-01
6.571171283721923828e-01
6.454567909240722656e-01
6.499128341674804688e-01
7.115085124969482422e-01
7.136790752410888672e-01
6.516959667205810547e-01
6.504940986633300781e-01
6.479554176330566406e-01
7.234485149383544922e-01
6.594545841217041016e-01
6.432156562805175781e-01
6.469814777374267578e-01
6.445488929748535156e-01
6.409173011779785156e-01
6.414766311645507812e-01
7.161307334899902344e-01
6.417996883392333984e-01
6.432464122772216797e-01
7.291297912597656250e-01
6.445686817169189453e-01
6.449043750762939453e-01
6.492235660552978516e-01
6.407854557037353516e-01
6.465842723846435547e-01
6.468281745910644531e-01
7.085952758789062500e-01
6.474704742431640625e-01
6.474561691284179688e-01
7.194499969482421875e-01
6.491949558258056641e-01
7.259531021118164062e-01
6.533732414245605469e-01
6.544437408447265625e-01
6.569604873657226562e-01
6.440451145172119141e-01
7.164180278778076172e-01
6.586880683898925781e-01
6.556031703948974609e-01
7.163953781127929688e-01
6.476640701293945312e-01
6.524319648742675781e-01
6.539239883422851562e-01
8.366236686706542969e-01
6.623234748840332031e-01
6.532564163208007812e-01
1.073978900909423828e+00
6.579096317291259766e-01
6.505334377288818359e-01
6.463558673858642578e-01
6.552047729492187500e-01
6.464898586273193359e-01
6.519429683685302734e-01
6.529312133789062500e-01
6.481826305389404297e-01
6.426999568939208984e-01
7.318978309631347656e-01
6.497209072113037109e-01
7.140991687774658203e-01
6.532225608825683594e-01
6.560547351837158203e-01
6.584210395812988281e-01
6.562285423278808594e-01
7.186276912689208984e-01
6.440701484680175781e-01
6.627938747406005859e-01
7.295119762420654297e-01
6.558346748352050781e-01
6.976523399353027344e-01
6.495816707611083984e-01
6.257498264312744141e-01
6.349160671234130859e-01
6.408400535583496094e-01
6.409096717834472656e-01
8.054325580596923828e-01
6.365020275115966797e-01
7.067418098449707031e-01
9.922370910644531250e-01
7.220695018768310547e-01
7.202107906341552734e-01
6.642003059387207031e-01
6.590719223022460938e-01
6.541090011596679688e-01
6.652870178222656250e-01
6.581370830535888672e-01
6.725411415100097656e-01
7.716717720031738281e-01
6.576669216156005859e-01
6.551127433776855469e-01
7.883813381195068359e-01
6.882476806640625000e-01
6.679599285125732422e-01
7.008481025695800781e-01
6.583893299102783203e-01
7.215323448181152344e-01
7.326395511627197266e-01
7.380778789520263672e-01
6.550691127777099609e-01
6.959755420684814453e-01
6.627736091613769531e-01
7.335796356201171875e-01
7.241494655609130859e-01
6.580579280853271484e-01
7.245752811431884766e-01
6.576535701751708984e-01
6.618340015411376953e-01
7.352070808410644531e-01
6.267554759979248047e-01
6.352026462554931641e-01
6.385970115661621094e-01
6.332376003265380859e-01
7.075922489166259766e-01
7.057483196258544922e-01
7.058031558990478516e-01
6.407096385955810547e-01
6.269245147705078125e-01
6.293134689331054688e-01
7.071213722229003906e-01
6.307287216186523438e-01
6.318883895874023438e-01
6.355290412902832031e-01
