4.437680482864379883e+00
1.773990869522094727e+00
1.743307113647460938e+00
1.748490571975708008e+00
1.752853631973266602e+00
1.748570203781127930e+00
1.738254308700561523e+00
1.749119043350219727e+00
1.760823488235473633e+00
1.748798608779907227e+00
1.742476224899291992e+00
1.750284910202026367e+00
1.743216276168823242e+00
1.738930702209472656e+00
1.751950740814208984e+00
1.750005960464477539e+00
1.746334791183471680e+00
1.746869802474975586e+00
1.748245477676391602e+00
1.747314691543579102e+00
1.759035110473632812e+00
1.758082628250122070e+00
1.758669853210449219e+00
1.753345012664794922e+00
1.754602909088134766e+00
1.771063804626464844e+00
1.764570474624633789e+00
1.767813205718994141e+00
1.763443231582641602e+00
1.771217584609985352e+00
1.778081655502319336e+00
1.770390272140502930e+00
1.775233983993530273e+00
1.769489049911499023e+00
1.772269487380981445e+00
1.770104408264160156e+00
1.776923656463623047e+00
1.779272556304931641e+00
1.777639150619506836e+00
1.778585910797119141e+00
1.780034303665161133e+00
1.774398803710937500e+00
1.786209821701049805e+00
1.781399965286254883e+00
1.774130582809448242e+00
1.782064914703369141e+00
1.775015592575073242e+00
1.768955230712890625e+00
1.772902965545654297e+00
1.772233724594116211e+00
1.776373863220214844e+00
1.771938562393188477e+00
1.867473125457763672e+00
1.792658567428588867e+00
1.775415897369384766e+00
1.777165412902832031e+00
1.780583381652832031e+00
1.780032873153686523e+00
1.783009290695190430e+00
1.779098033905029297e+00
1.769866943359375000e+00
1.779577255249023438e+00
1.849305868148803711e+00
1.840689659118652344e+00
1.827373504638671875e+00
1.831067800521850586e+00
1.830614805221557617e+00
1.827680826187133789e+00
1.820883274078369141e+00
1.830436944961547852e+00
1.829741239547729492e+00
1.827013492584228516e+00
1.833575963973999023e+00
1.825885057449340820e+00
1.839952945709228516e+00
1.822961568832397461e+00
1.823554754257202148e+00
1.851183891296386719e+00
1.827040910720825195e+00
1.844870090484619141e+00
1.815891981124877930e+00
1.838603258132934570e+00
1.838787317276000977e+00
1.843886375427246094e+00
1.824271917343139648e+00
1.843126535415649414e+00
1.829488039016723633e+00
1.841994285583496094e+00
1.840716123580932617e+00
1.854493856430053711e+00
1.848210096359252930e+00
1.881302833557128906e+00
1.780811309814453125e+00
1.780088901519775391e+00
1.779921054840087891e+00
1.783012628555297852e+00
1.785773515701293945e+00
1.779925823211669922e+00
1.787788391113281250e+00
1.784745216369628906e+00
1.784594297409057617e+00
1.786420822143554688e+00
1.792542219161987305e+00
1.783694982528686523e+00
1.789281845092773438e+00
1.792874813079833984e+00
1.797953844070434570e+00
1.791574478149414062e+00
1.797450780868530273e+00
1.790914535522460938e+00
1.800741195678710938e+00
1.801833629608154297e+00
1.799068689346313477e+00
1.802227020263671875e+00
1.803161144256591797e+00
1.801490068435668945e+00
1.813842296600341797e+00
1.810910224914550781e+00
1.808645963668823242e+00
1.805390357971191406e+00
1.797768354415893555e+00
1.784387350082397461e+00
1.783928871154785156e+00
1.788696050643920898e+00
1.798232555389404297e+00
1.792783737182617188e+00
1.785366058349609375e+00
1.791004657745361328e+00
1.788199901580810547e+00
1.803173542022705078e+00
1.802258729934692383e+00
1.801816701889038086e+00
1.798541307449340820e+00
1.806880712509155273e+00
1.804953098297119141e+00
1.810711622238159180e+00
1.809777259826660156e+00
1.806004762649536133e+00
1.807691812515258789e+00
1.809538364410400391e+00
1.804730176925659180e+00
1.808218479156494141e+00
1.807148933410644531e+00
1.798738479614257812e+00
1.791326284408569336e+00
1.793185949325561523e+00
1.793261051177978516e+00
1.794551134109497070e+00
1.815770626068115234e+00
1.802643299102783203e+00
1.807782173156738281e+00
1.800871133804321289e+00
1.793592214584350586e+00
1.796380519866943359e+00
1.866100788116455078e+00
1.812051773071289062e+00
1.801065921783447266e+00
1.801380634307861328e+00
1.805142164230346680e+00
1.804171800613403320e+00
1.800905466079711914e+00
1.804127454757690430e+00
1.804870128631591797e+00
1.802495956420898438e+00
1.800962448120117188e+00
1.810609340667724609e+00
1.804594516754150391e+00
1.828444004058837891e+00
1.797576904296875000e+00
1.789637088775634766e+00
1.800017595291137695e+00
1.805588483810424805e+00
1.801007509231567383e+00
1.803600549697875977e+00
1.805126190185546875e+00
1.796582221984863281e+00
1.805125951766967773e+00
1.818912029266357422e+00
1.802583217620849609e+00
1.804718017578125000e+00
1.807915925979614258e+00
1.807152509689331055e+00
1.806406974792480469e+00
1.806537151336669922e+00
1.799978733062744141e+00
1.797682762145996094e+00
1.813144207000732422e+00
1.815205812454223633e+00
1.814417839050292969e+00
1.853225708007812500e+00
1.811319589614868164e+00
1.803784132003784180e+00
1.806511163711547852e+00
1.810921430587768555e+00
1.814079284667968750e+00
1.805935144424438477e+00
1.818787574768066406e+00
1.797094106674194336e+00
1.804494380950927734e+00
1.802380800247192383e+00
