1.915252208709716797e-01
1.899597644805908203e-01
1.890144348144531250e-01
1.961421966552734375e-01
1.881821155548095703e-01
1.862492561340332031e-01
1.949465274810791016e-01
1.918280124664306641e-01
1.882607936859130859e-01
1.902606487274169922e-01
1.893703937530517578e-01
1.930413246154785156e-01
2.703340053558349609e-01
1.743350028991699219e-01
2.060041427612304688e-01
1.937310695648193359e-01
1.894712448120117188e-01
1.919953823089599609e-01
1.919150352478027344e-01
1.910021305084228516e-01
1.737809181213378906e-01
1.883363723754882812e-01
1.936519145965576172e-01
1.721892356872558594e-01
1.875638961791992188e-01
1.906061172485351562e-01
1.883361339569091797e-01
1.908557415008544922e-01
1.939430236816406250e-01
1.897456645965576172e-01
1.868371963500976562e-01
1.751782894134521484e-01
1.884617805480957031e-01
1.906380653381347656e-01
1.896555423736572266e-01
1.898601055145263672e-01
1.916646957397460938e-01
1.883742809295654297e-01
1.905517578125000000e-01
1.910164356231689453e-01
1.935617923736572266e-01
1.934764385223388672e-01
1.916227340698242188e-01
1.939902305603027344e-01
1.898837089538574219e-01
1.874029636383056641e-01
1.757450103759765625e-01
1.938195228576660156e-01
1.894538402557373047e-01
1.916153430938720703e-01
1.911604404449462891e-01
1.767752170562744141e-01
1.894752979278564453e-01
1.888356208801269531e-01
1.908571720123291016e-01
1.911418437957763672e-01
1.885864734649658203e-01
1.919457912445068359e-01
1.877734661102294922e-01
1.904509067535400391e-01
1.913573741912841797e-01
1.767494678497314453e-01
1.882898807525634766e-01
1.897289752960205078e-01
1.887056827545166016e-01
1.940205097198486328e-01
1.924903392791748047e-01
1.926617622375488281e-01
1.780936717987060547e-01
1.901664733886718750e-01
1.906085014343261719e-01
1.880288124084472656e-01
1.908943653106689453e-01
1.936719417572021484e-01
1.963822841644287109e-01
1.926877498626708984e-01
1.909465789794921875e-01
2.736482620239257812e-01
1.753756999969482422e-01
1.960561275482177734e-01
1.911456584930419922e-01
1.910562515258789062e-01
2.018640041351318359e-01
1.901583671569824219e-01
1.875627040863037109e-01
1.892447471618652344e-01
1.904249191284179688e-01
1.867930889129638672e-01
1.913547515869140625e-01
1.947753429412841797e-01
1.919760704040527344e-01
1.953847408294677734e-01
1.914939880371093750e-01
1.900417804718017578e-01
1.904819011688232422e-01
1.925935745239257812e-01
1.902930736541748047e-01
1.885931491851806641e-01
1.921067237854003906e-01
1.891300678253173828e-01
1.922581195831298828e-01
1.930606365203857422e-01
1.891763210296630859e-01
1.933071613311767578e-01
1.900727748870849609e-01
1.899497509002685547e-01
1.901807785034179688e-01
1.911680698394775391e-01
1.937658786773681641e-01
1.941626071929931641e-01
1.921799182891845703e-01
1.931207180023193359e-01
1.914215087890625000e-01
1.915581226348876953e-01
1.894953250885009766e-01
1.913895606994628906e-01
1.902914047241210938e-01
1.906735897064208984e-01
1.901662349700927734e-01
1.901819705963134766e-01
1.921489238739013672e-01
1.946449279785156250e-01
1.759176254272460938e-01
1.946475505828857422e-01
1.944735050201416016e-01
1.927335262298583984e-01
1.924045085906982422e-01
1.913247108459472656e-01
1.744952201843261719e-01
1.912438869476318359e-01
1.902525424957275391e-01
1.915335655212402344e-01
1.929721832275390625e-01
1.942288875579833984e-01
1.937317848205566406e-01
1.761960983276367188e-01
1.914312839508056641e-01
1.766583919525146484e-01
1.897428035736083984e-01
1.943621635437011719e-01
1.928498744964599609e-01
1.757278442382812500e-01
1.922881603240966797e-01
1.939179897308349609e-01
1.926708221435546875e-01
1.933012008666992188e-01
1.915500164031982422e-01
1.886904239654541016e-01
1.918270587921142578e-01
1.913719177246093750e-01
1.750657558441162109e-01
1.915216445922851562e-01
1.932380199432373047e-01
1.933133602142333984e-01
1.946046352386474609e-01
1.896593570709228516e-01
1.881637573242187500e-01
1.910028457641601562e-01
1.884429454803466797e-01
1.913108825683593750e-01
1.925258636474609375e-01
1.910450458526611328e-01
1.919715404510498047e-01
1.898210048675537109e-01
1.894941329956054688e-01
1.894075870513916016e-01
1.897888183593750000e-01
1.882681846618652344e-01
1.914048194885253906e-01
1.916871070861816406e-01
1.923842430114746094e-01
1.905844211578369141e-01
1.896069049835205078e-01
1.893010139465332031e-01
1.916220188140869141e-01
1.916079521179199219e-01
1.900036334991455078e-01
1.916737556457519531e-01
1.889324188232421875e-01
1.901984214782714844e-01
1.930158138275146484e-01
1.928904056549072266e-01
1.746287345886230469e-01
1.928603649139404297e-01
1.935093402862548828e-01
1.759517192840576172e-01
1.928472518920898438e-01
1.925616264343261719e-01
2.081425189971923828e-01
1.933126449584960938e-01
1.899333000183105469e-01
1.914486885070800781e-01
1.811959743499755859e-01
1.917562484741210938e-01
1.915435791015625000e-01
1.950569152832031250e-01
1.914379596710205078e-01
1.931972503662109375e-01
1.919331550598144531e-01
1.869153976440429688e-01
