4.465896844863891602e+00
1.812707424163818359e+00
1.803288698196411133e+00
1.805418252944946289e+00
1.798546791076660156e+00
1.807578802108764648e+00
1.811424255371093750e+00
1.805888414382934570e+00
1.811635494232177734e+00
1.805067777633666992e+00
1.815491676330566406e+00
1.808744907379150391e+00
1.813522577285766602e+00
1.815574169158935547e+00
1.821045637130737305e+00
1.819755315780639648e+00
1.826362848281860352e+00
1.820994138717651367e+00
1.823505878448486328e+00
1.822146654129028320e+00
1.825338602066040039e+00
1.831714153289794922e+00
1.834827423095703125e+00
1.834221363067626953e+00
1.838312149047851562e+00
1.833900690078735352e+00
1.840502262115478516e+00
1.836639165878295898e+00
1.842970132827758789e+00
1.847926139831542969e+00
1.839299678802490234e+00
1.836596727371215820e+00
1.842790365219116211e+00
1.843750000000000000e+00
1.845409154891967773e+00
1.835608005523681641e+00
1.846363544464111328e+00
1.838776826858520508e+00
1.847324609756469727e+00
1.850861310958862305e+00
1.842766284942626953e+00
1.854207038879394531e+00
1.847889661788940430e+00
1.854784250259399414e+00
1.844604253768920898e+00
1.848392724990844727e+00
1.857456922531127930e+00
1.850845336914062500e+00
1.847749948501586914e+00
1.849761247634887695e+00
1.855493307113647461e+00
1.856307983398437500e+00
1.853878974914550781e+00
1.848471403121948242e+00
1.855068683624267578e+00
1.855098724365234375e+00
1.856316566467285156e+00
1.857339143753051758e+00
1.854858875274658203e+00
1.858266115188598633e+00
1.858044624328613281e+00
1.855081558227539062e+00
1.860692501068115234e+00
1.866488456726074219e+00
1.857305288314819336e+00
1.857611656188964844e+00
1.858957767486572266e+00
1.850702762603759766e+00
1.858086585998535156e+00
1.859680414199829102e+00
1.859020233154296875e+00
1.858921289443969727e+00
1.855755567550659180e+00
1.851417779922485352e+00
1.868960857391357422e+00
1.861642837524414062e+00
1.861241579055786133e+00
1.857604503631591797e+00
1.867377281188964844e+00
1.862337112426757812e+00
1.863450050354003906e+00
1.862957000732421875e+00
1.853832960128784180e+00
1.860157966613769531e+00
1.861112356185913086e+00
1.860008239746093750e+00
1.864464759826660156e+00
1.872150421142578125e+00
1.869900465011596680e+00
1.867630481719970703e+00
1.867078542709350586e+00
1.858237504959106445e+00
1.864461898803710938e+00
1.859894514083862305e+00
1.862684726715087891e+00
1.862260818481445312e+00
1.855266571044921875e+00
1.867686510086059570e+00
1.867144107818603516e+00
1.860255479812622070e+00
1.871183395385742188e+00
1.851717710494995117e+00
1.869942188262939453e+00
1.860569715499877930e+00
1.864992380142211914e+00
1.875257253646850586e+00
1.859027147293090820e+00
1.862277746200561523e+00
1.868840456008911133e+00
1.857943296432495117e+00
1.857437849044799805e+00
1.866383075714111328e+00
1.867638826370239258e+00
1.866169691085815430e+00
1.854953765869140625e+00
1.864333152770996094e+00
1.851706981658935547e+00
1.857885122299194336e+00
1.869023561477661133e+00
1.868810653686523438e+00
1.866015672683715820e+00
1.867865085601806641e+00
1.877046823501586914e+00
1.867027282714843750e+00
1.869851827621459961e+00
1.868402481079101562e+00
1.867472648620605469e+00
1.864999055862426758e+00
1.862143278121948242e+00
1.872823476791381836e+00
1.863271713256835938e+00
1.869047164916992188e+00
1.867135047912597656e+00
1.868749856948852539e+00
1.867507934570312500e+00
1.868571281433105469e+00
1.873787403106689453e+00
1.868696451187133789e+00
1.864437341690063477e+00
1.871354103088378906e+00
1.879644155502319336e+00
1.873795032501220703e+00
1.859380245208740234e+00
1.873156309127807617e+00
1.860090970993041992e+00
1.871671438217163086e+00
1.875427484512329102e+00
1.863520622253417969e+00
1.885647058486938477e+00
1.865926027297973633e+00
1.855802297592163086e+00
1.869368314743041992e+00
1.871728658676147461e+00
1.871640443801879883e+00
1.866233587265014648e+00
1.869555711746215820e+00
1.874581098556518555e+00
1.868043899536132812e+00
1.872596979141235352e+00
1.869143724441528320e+00
1.871584177017211914e+00
1.867967844009399414e+00
1.868985652923583984e+00
1.870202779769897461e+00
1.867564678192138672e+00
1.867866039276123047e+00
1.867460250854492188e+00
1.867028474807739258e+00
1.867418050765991211e+00
1.863463401794433594e+00
1.863981962203979492e+00
1.862950563430786133e+00
1.860927820205688477e+00
1.864596366882324219e+00
1.872164249420166016e+00
1.871403694152832031e+00
1.880549907684326172e+00
1.864632606506347656e+00
1.874924659729003906e+00
1.866540193557739258e+00
1.870469808578491211e+00
1.869279861450195312e+00
1.874093532562255859e+00
1.871064424514770508e+00
1.866911888122558594e+00
1.869286060333251953e+00
1.871096372604370117e+00
1.870326519012451172e+00
1.870995283126831055e+00
1.872910976409912109e+00
1.872842550277709961e+00
1.865758419036865234e+00
1.870958805084228516e+00
1.868132352828979492e+00
1.865340471267700195e+00
1.872677326202392578e+00
1.861382961273193359e+00
1.867636442184448242e+00
1.877199411392211914e+00
1.870885372161865234e+00
