2.457075595855712891e+00
7.978539466857910156e-01
8.030459880828857422e-01
8.015179634094238281e-01
8.032133579254150391e-01
8.021035194396972656e-01
8.030374050140380859e-01
8.021681308746337891e-01
8.064887523651123047e-01
8.043665885925292969e-01
8.065683841705322266e-01
8.084313869476318359e-01
8.071610927581787109e-01
8.052508831024169922e-01
8.084001541137695312e-01
8.082842826843261719e-01
8.090543746948242188e-01
8.080427646636962891e-01
8.101933002471923828e-01
8.115403652191162109e-01
8.098418712615966797e-01
8.106081485748291016e-01
8.170692920684814453e-01
8.125920295715332031e-01
8.139808177947998047e-01
8.110594749450683594e-01
8.120043277740478516e-01
8.202168941497802734e-01
8.110172748565673828e-01
8.251147270202636719e-01
8.132536411285400391e-01
8.153510093688964844e-01
8.150675296783447266e-01
8.148732185363769531e-01
8.166906833648681641e-01
8.156514167785644531e-01
8.131570816040039062e-01
8.214650154113769531e-01
8.132393360137939453e-01
8.225820064544677734e-01
8.234052658081054688e-01
8.213770389556884766e-01
8.191101551055908203e-01
8.245944976806640625e-01
8.238303661346435547e-01
8.232235908508300781e-01
8.248705863952636719e-01
8.282597064971923828e-01
8.285100460052490234e-01
8.262145519256591797e-01
8.258004188537597656e-01
8.212802410125732422e-01
8.201181888580322266e-01
8.270769119262695312e-01
8.245563507080078125e-01
8.294394016265869141e-01
8.298265933990478516e-01
8.261632919311523438e-01
8.290328979492187500e-01
8.323154449462890625e-01
8.298304080963134766e-01
8.303995132446289062e-01
8.375210762023925781e-01
8.337101936340332031e-01
8.351860046386718750e-01
8.343815803527832031e-01
8.346014022827148438e-01
8.319661617279052734e-01
8.341779708862304688e-01
8.352437019348144531e-01
8.322784900665283203e-01
8.311400413513183594e-01
8.291521072387695312e-01
8.333473205566406250e-01
8.279871940612792969e-01
8.301680088043212891e-01
8.298137187957763672e-01
8.314225673675537109e-01
8.281323909759521484e-01
8.330068588256835938e-01
8.371891975402832031e-01
8.346562385559082031e-01
8.326604366302490234e-01
8.301036357879638672e-01
8.281340599060058594e-01
8.297436237335205078e-01
8.437790870666503906e-01
8.295814990997314453e-01
8.353955745697021484e-01
8.332831859588623047e-01
8.352985382080078125e-01
8.373205661773681641e-01
8.316679000854492188e-01
8.320217132568359375e-01
8.350234031677246094e-01
8.320679664611816406e-01
8.312127590179443359e-01
8.302881717681884766e-01
8.332266807556152344e-01
8.312616348266601562e-01
8.356611728668212891e-01
8.370218276977539062e-01
8.300378322601318359e-01
8.339684009552001953e-01
8.305854797363281250e-01
8.291311264038085938e-01
8.300580978393554688e-01
8.376958370208740234e-01
8.377211093902587891e-01
8.369746208190917969e-01
8.346250057220458984e-01
8.342165946960449219e-01
8.338534832000732422e-01
8.348677158355712891e-01
8.343214988708496094e-01
8.376836776733398438e-01
8.344638347625732422e-01
8.343226909637451172e-01
8.355224132537841797e-01
8.356859683990478516e-01
8.396668434143066406e-01
8.382294178009033203e-01
8.373477458953857422e-01
8.381059169769287109e-01
8.372526168823242188e-01
8.417675495147705078e-01
8.371586799621582031e-01
8.337702751159667969e-01
8.445637226104736328e-01
8.406379222869873047e-01
8.405437469482421875e-01
8.391127586364746094e-01
8.706994056701660156e-01
8.377742767333984375e-01
8.416707515716552734e-01
8.367543220520019531e-01
8.370954990386962891e-01
8.413257598876953125e-01
8.401484489440917969e-01
8.370742797851562500e-01
8.359985351562500000e-01
8.469586372375488281e-01
8.412206172943115234e-01
8.442888259887695312e-01
8.376779556274414062e-01
8.436527252197265625e-01
8.427858352661132812e-01
8.461618423461914062e-01
8.418998718261718750e-01
8.446323871612548828e-01
8.439710140228271484e-01
8.544590473175048828e-01
8.412678241729736328e-01
8.404128551483154297e-01
8.424189090728759766e-01
8.444836139678955078e-01
8.369126319885253906e-01
8.393306732177734375e-01
8.450746536254882812e-01
8.430588245391845703e-01
8.408305644989013672e-01
8.427865505218505859e-01
8.434283733367919922e-01
8.434851169586181641e-01
8.402273654937744141e-01
8.412494659423828125e-01
8.422646522521972656e-01
8.418903350830078125e-01
8.400793075561523438e-01
8.424627780914306641e-01
8.393785953521728516e-01
8.440496921539306641e-01
8.466980457305908203e-01
8.416223526000976562e-01
8.449501991271972656e-01
8.471281528472900391e-01
8.495886325836181641e-01
8.450353145599365234e-01
8.473272323608398438e-01
8.459985256195068359e-01
8.407387733459472656e-01
8.418407440185546875e-01
8.441019058227539062e-01
8.405811786651611328e-01
8.434822559356689453e-01
8.460257053375244141e-01
8.453674316406250000e-01
8.400850296020507812e-01
8.437278270721435547e-01
8.401005268096923828e-01
8.466203212738037109e-01
8.433117866516113281e-01
8.430917263031005859e-01
8.434987068176269531e-01
8.449275493621826172e-01
8.417487144470214844e-01
8.426797389984130859e-01
8.409345149993896484e-01
8.437514305114746094e-01
8.414087295532226562e-01
