2.597621679306030273e+00
9.545733928680419922e-01
9.528701305389404297e-01
9.567401409149169922e-01
9.585223197937011719e-01
9.551515579223632812e-01
9.606952667236328125e-01
9.590940475463867188e-01
9.604804515838623047e-01
9.586164951324462891e-01
9.593222141265869141e-01
9.596993923187255859e-01
9.647600650787353516e-01
9.589278697967529297e-01
9.596958160400390625e-01
9.591133594512939453e-01
9.614338874816894531e-01
9.606535434722900391e-01
9.612116813659667969e-01
9.658620357513427734e-01
9.615619182586669922e-01
9.639809131622314453e-01
9.670560359954833984e-01
9.658555984497070312e-01
9.629027843475341797e-01
9.636681079864501953e-01
9.657454490661621094e-01
9.712643623352050781e-01
9.641172885894775391e-01
9.843037128448486328e-01
9.650995731353759766e-01
9.676511287689208984e-01
9.718210697174072266e-01
9.699087142944335938e-01
9.744503498077392578e-01
9.730796813964843750e-01
9.721722602844238281e-01
9.768114089965820312e-01
9.711816310882568359e-01
9.794690608978271484e-01
9.823670387268066406e-01
9.781961441040039062e-01
9.788684844970703125e-01
9.801552295684814453e-01
9.847905635833740234e-01
9.819250106811523438e-01
9.844691753387451172e-01
9.826455116271972656e-01
9.895122051239013672e-01
9.813060760498046875e-01
9.857306480407714844e-01
9.801344871520996094e-01
9.792966842651367188e-01
9.862120151519775391e-01
9.840757846832275391e-01
9.864356517791748047e-01
9.824380874633789062e-01
9.844763278961181641e-01
9.809522628784179688e-01
9.792795181274414062e-01
9.834508895874023438e-01
9.837651252746582031e-01
9.767532348632812500e-01
9.798493385314941406e-01
9.836645126342773438e-01
9.852337837219238281e-01
9.788393974304199219e-01
9.832775592803955078e-01
9.857356548309326172e-01
9.909746646881103516e-01
9.883859157562255859e-01
9.911293983459472656e-01
9.886753559112548828e-01
9.905848503112792969e-01
9.893739223480224609e-01
9.897613525390625000e-01
9.917352199554443359e-01
9.942328929901123047e-01
9.960618019104003906e-01
9.911224842071533203e-01
9.893105030059814453e-01
9.923968315124511719e-01
9.896445274353027344e-01
9.921598434448242188e-01
9.914510250091552734e-01
9.886105060577392578e-01
9.922480583190917969e-01
9.922058582305908203e-01
9.942879676818847656e-01
9.921648502349853516e-01
9.950921535491943359e-01
9.980094432830810547e-01
9.909498691558837891e-01
9.903030395507812500e-01
9.951789379119873047e-01
9.940197467803955078e-01
9.930939674377441406e-01
9.911482334136962891e-01
9.922745227813720703e-01
9.927651882171630859e-01
9.933922290802001953e-01
1.001222372055053711e+00
9.956293106079101562e-01
9.947812557220458984e-01
9.932985305786132812e-01
9.951250553131103516e-01
9.922256469726562500e-01
9.952335357666015625e-01
9.975001811981201172e-01
9.951837062835693359e-01
9.966447353363037109e-01
9.922301769256591797e-01
9.969730377197265625e-01
9.950492382049560547e-01
9.951753616333007812e-01
9.969711303710937500e-01
9.947948455810546875e-01
9.930465221405029297e-01
9.940114021301269531e-01
9.948794841766357422e-01
9.932856559753417969e-01
9.965982437133789062e-01
9.936935901641845703e-01
9.958348274230957031e-01
9.958672523498535156e-01
9.993607997894287109e-01
9.906294345855712891e-01
9.936201572418212891e-01
9.975976943969726562e-01
9.969010353088378906e-01
9.969687461853027344e-01
9.955856800079345703e-01
1.003287553787231445e+00
9.963812828063964844e-01
9.952921867370605469e-01
9.933340549468994141e-01
9.961347579956054688e-01
9.913594722747802734e-01
9.944293498992919922e-01
9.948039054870605469e-01
9.935445785522460938e-01
9.954664707183837891e-01
9.937200546264648438e-01
9.997539520263671875e-01
9.925246238708496094e-01
9.965856075286865234e-01
9.963793754577636719e-01
9.939823150634765625e-01
9.906220436096191406e-01
9.928534030914306641e-01
9.935216903686523438e-01
9.975545406341552734e-01
9.953415393829345703e-01
9.918837547302246094e-01
9.968972206115722656e-01
9.954657554626464844e-01
9.897401332855224609e-01
9.933528900146484375e-01
9.940497875213623047e-01
9.947750568389892578e-01
9.898917675018310547e-01
9.901599884033203125e-01
9.911518096923828125e-01
9.921431541442871094e-01
9.961526393890380859e-01
9.928512573242187500e-01
9.932506084442138672e-01
9.946594238281250000e-01
1.000934600830078125e+00
9.959175586700439453e-01
9.974634647369384766e-01
1.002207517623901367e+00
9.971301555633544922e-01
9.923903942108154297e-01
9.955344200134277344e-01
9.937751293182373047e-01
9.969360828399658203e-01
9.959743022918701172e-01
9.980835914611816406e-01
9.935064315795898438e-01
9.971964359283447266e-01
9.920816421508789062e-01
9.930899143218994141e-01
9.945664405822753906e-01
9.980995655059814453e-01
9.983899593353271484e-01
9.971556663513183594e-01
9.953930377960205078e-01
9.969563484191894531e-01
9.933722019195556641e-01
9.969546794891357422e-01
9.935479164123535156e-01
9.990882873535156250e-01
9.950599670410156250e-01
9.945819377899169922e-01
9.985249042510986328e-01
9.939098358154296875e-01
9.927203655242919922e-01
9.964861869812011719e-01
9.943130016326904297e-01
