2.528553009033203125e-01
2.542743682861328125e-01
2.498502731323242188e-01
2.443666458129882812e-01
2.477052211761474609e-01
2.490923404693603516e-01
2.424399852752685547e-01
2.495422363281250000e-01
2.464363574981689453e-01
2.464218139648437500e-01
2.459888458251953125e-01
2.461972236633300781e-01
2.439813613891601562e-01
2.460675239562988281e-01
2.482182979583740234e-01
2.502412796020507812e-01
2.490482330322265625e-01
2.457334995269775391e-01
2.555191516876220703e-01
2.456865310668945312e-01
2.475602626800537109e-01
2.462031841278076172e-01
2.522814273834228516e-01
2.483575344085693359e-01
2.443337440490722656e-01
2.458267211914062500e-01
2.473232746124267578e-01
2.455987930297851562e-01
2.477965354919433594e-01
2.509698867797851562e-01
2.474284172058105469e-01
2.493171691894531250e-01
2.521109580993652344e-01
2.478077411651611328e-01
2.489056587219238281e-01
2.483904361724853516e-01
2.458267211914062500e-01
2.466623783111572266e-01
2.420384883880615234e-01
2.430727481842041016e-01
2.471680641174316406e-01
2.468242645263671875e-01
2.503540515899658203e-01
2.482140064239501953e-01
2.465431690216064453e-01
2.473943233489990234e-01
2.452619075775146484e-01
2.463097572326660156e-01
2.460927963256835938e-01
2.498917579650878906e-01
2.443380355834960938e-01
2.469544410705566406e-01
2.454979419708251953e-01
2.471747398376464844e-01
2.475595474243164062e-01
2.454040050506591797e-01
2.463254928588867188e-01
2.499990463256835938e-01
2.445204257965087891e-01
2.477490901947021484e-01
2.447993755340576172e-01
2.488317489624023438e-01
2.452254295349121094e-01
2.472064495086669922e-01
2.483859062194824219e-01
2.513630390167236328e-01
2.477900981903076172e-01
2.487781047821044922e-01
2.475821971893310547e-01
2.494299411773681641e-01
2.511637210845947266e-01
2.476155757904052734e-01
2.493052482604980469e-01
2.473204135894775391e-01
2.506279945373535156e-01
2.543349266052246094e-01
2.465889453887939453e-01
2.463405132293701172e-01
2.494156360626220703e-01
2.484478950500488281e-01
2.505705356597900391e-01
2.476882934570312500e-01
2.521185874938964844e-01
2.453818321228027344e-01
2.474994659423828125e-01
2.473032474517822266e-01
2.487037181854248047e-01
2.508473396301269531e-01
2.476217746734619141e-01
2.478835582733154297e-01
2.477216720581054688e-01
2.396140098571777344e-01
2.460980415344238281e-01
2.471995353698730469e-01
2.464976310729980469e-01
2.495961189270019531e-01
2.491400241851806641e-01
2.509386539459228516e-01
2.460622787475585938e-01
2.489037513732910156e-01
2.509868144989013672e-01
2.483849525451660156e-01
2.464215755462646484e-01
2.473621368408203125e-01
2.485582828521728516e-01
2.477631568908691406e-01
2.465548515319824219e-01
2.470843791961669922e-01
2.520005702972412109e-01
2.527110576629638672e-01
3.217151165008544922e-01
2.448754310607910156e-01
2.528975009918212891e-01
2.519729137420654297e-01
2.477934360504150391e-01
2.483808994293212891e-01
2.539556026458740234e-01
3.324947357177734375e-01
2.514967918395996094e-01
2.480354309082031250e-01
2.497889995574951172e-01
2.556819915771484375e-01
2.509927749633789062e-01
2.495896816253662109e-01
2.523360252380371094e-01
2.522077560424804688e-01
3.289089202880859375e-01
2.508356571197509766e-01
2.460343837738037109e-01
2.511830329895019531e-01
2.550716400146484375e-01
2.497951984405517578e-01
2.549457550048828125e-01
3.222832679748535156e-01
2.515461444854736328e-01
2.524363994598388672e-01
2.586455345153808594e-01
2.529168128967285156e-01
2.494540214538574219e-01
2.535910606384277344e-01
2.567939758300781250e-01
2.511911392211914062e-01
2.507858276367187500e-01
2.508502006530761719e-01
2.491388320922851562e-01
2.442259788513183594e-01
2.504651546478271484e-01
2.536647319793701172e-01
2.509880065917968750e-01
2.515277862548828125e-01
2.468683719635009766e-01
2.489309310913085938e-01
2.545895576477050781e-01
2.502038478851318359e-01
2.488942146301269531e-01
3.243865966796875000e-01
2.567369937896728516e-01
2.507886886596679688e-01
2.484192848205566406e-01
2.462842464447021484e-01
2.542262077331542969e-01
2.475285530090332031e-01
2.484390735626220703e-01
2.529435157775878906e-01
3.121438026428222656e-01
2.531449794769287109e-01
2.509322166442871094e-01
2.510185241699218750e-01
2.528426647186279297e-01
2.479207515716552734e-01
2.514100074768066406e-01
2.522265911102294922e-01
2.512521743774414062e-01
2.480032444000244141e-01
2.533764839172363281e-01
2.505874633789062500e-01
2.485909461975097656e-01
2.491855621337890625e-01
2.510435581207275391e-01
2.497107982635498047e-01
2.461013793945312500e-01
2.472984790802001953e-01
2.538552284240722656e-01
2.519314289093017578e-01
2.507522106170654297e-01
2.493994235992431641e-01
2.500989437103271484e-01
3.281652927398681641e-01
2.475767135620117188e-01
2.492671012878417969e-01
2.497086524963378906e-01
2.482900619506835938e-01
2.455739974975585938e-01
2.454917430877685547e-01
2.487010955810546875e-01
2.488350868225097656e-01
2.491421699523925781e-01
2.459545135498046875e-01
2.502846717834472656e-01
2.443935871124267578e-01
