9.882531166076660156e-01
9.757592678070068359e-01
9.789071083068847656e-01
1.036563634872436523e+00
9.655363559722900391e-01
9.619050025939941406e-01
9.584395885467529297e-01
9.640700817108154297e-01
1.035374641418457031e+00
9.867737293243408203e-01
9.706685543060302734e-01
9.782598018646240234e-01
9.666235446929931641e-01
9.656157493591308594e-01
9.538962841033935547e-01
9.543671607971191406e-01
9.650466442108154297e-01
9.749548435211181641e-01
1.239477157592773438e+00
1.493128299713134766e+00
1.773379087448120117e+00
1.873606443405151367e+00
1.433362722396850586e+00
1.218709707260131836e+00
9.667754173278808594e-01
9.649503231048583984e-01
9.824340343475341797e-01
9.977817535400390625e-01
1.024586200714111328e+00
9.691708087921142578e-01
9.822399616241455078e-01
9.826202392578125000e-01
9.687497615814208984e-01
1.003102064132690430e+00
9.685590267181396484e-01
9.882490634918212891e-01
9.798078536987304688e-01
9.697504043579101562e-01
9.830176830291748047e-01
9.310095310211181641e-01
9.398860931396484375e-01
9.418392181396484375e-01
9.477782249450683594e-01
9.648144245147705078e-01
1.035826921463012695e+00
1.394543647766113281e+00
1.832267761230468750e+00
1.848558902740478516e+00
1.678268909454345703e+00
1.316873550415039062e+00
9.796113967895507812e-01
9.731717109680175781e-01
1.073367118835449219e+00
9.918115139007568359e-01
9.641909599304199219e-01
9.691438674926757812e-01
9.403173923492431641e-01
9.663710594177246094e-01
9.950227737426757812e-01
9.920961856842041016e-01
9.853985309600830078e-01
1.127116918563842773e+00
1.041975498199462891e+00
9.863951206207275391e-01
9.738442897796630859e-01
1.008522033691406250e+00
9.522688388824462891e-01
9.521379470825195312e-01
9.818844795227050781e-01
9.596161842346191406e-01
1.123200416564941406e+00
1.513486385345458984e+00
1.815768480300903320e+00
1.872661113739013672e+00
1.706909179687500000e+00
1.172009468078613281e+00
9.433219432830810547e-01
9.521117210388183594e-01
9.919493198394775391e-01
9.499478340148925781e-01
9.571652412414550781e-01
9.910185337066650391e-01
9.622421264648437500e-01
1.003862857818603516e+00
9.668903350830078125e-01
9.653120040893554688e-01
1.027580261230468750e+00
9.888424873352050781e-01
9.950556755065917969e-01
9.848515987396240234e-01
9.904735088348388672e-01
9.968407154083251953e-01
1.045439958572387695e+00
1.188177108764648438e+00
1.556353330612182617e+00
1.735893249511718750e+00
1.285878896713256836e+00
9.578578472137451172e-01
9.496078491210937500e-01
9.945065975189208984e-01
9.739508628845214844e-01
9.727907180786132812e-01
9.792459011077880859e-01
1.058685064315795898e+00
9.771628379821777344e-01
9.848330020904541016e-01
9.758341312408447266e-01
9.490811824798583984e-01
9.615046977996826172e-01
1.061709880828857422e+00
1.006033658981323242e+00
1.030874490737915039e+00
1.021976470947265625e+00
1.025680303573608398e+00
1.206239938735961914e+00
1.771257877349853516e+00
1.962088584899902344e+00
1.870897769927978516e+00
1.198957204818725586e+00
1.012849569320678711e+00
9.867963790893554688e-01
9.887311458587646484e-01
1.003448963165283203e+00
9.974856376647949219e-01
1.057693004608154297e+00
1.012679576873779297e+00
1.017643690109252930e+00
1.005010366439819336e+00
1.118627548217773438e+00
1.021783113479614258e+00
1.024486064910888672e+00
1.020637273788452148e+00
1.005849123001098633e+00
1.129398822784423828e+00
1.275006055831909180e+00
1.549315452575683594e+00
1.733102083206176758e+00
1.813349962234497070e+00
1.719797611236572266e+00
1.576783657073974609e+00
1.723791122436523438e+00
1.781377792358398438e+00
1.715601205825805664e+00
1.623354911804199219e+00
1.193727493286132812e+00
9.816143512725830078e-01
9.827411174774169922e-01
9.892497062683105469e-01
9.839005470275878906e-01
9.788436889648437500e-01
9.865808486938476562e-01
9.876613616943359375e-01
9.845454692840576172e-01
9.790089130401611328e-01
9.940803050994873047e-01
9.955487251281738281e-01
1.002294778823852539e+00
9.796028137207031250e-01
1.064315795898437500e+00
9.848566055297851562e-01
9.886553287506103516e-01
9.844481945037841797e-01
9.852566719055175781e-01
9.930655956268310547e-01
9.878971576690673828e-01
9.786679744720458984e-01
9.852137565612792969e-01
9.860539436340332031e-01
9.856448173522949219e-01
1.073116302490234375e+00
9.813568592071533203e-01
9.937953948974609375e-01
9.911975860595703125e-01
9.874172210693359375e-01
1.269956588745117188e+00
1.321004629135131836e+00
1.412785053253173828e+00
1.674633979797363281e+00
1.750751972198486328e+00
1.829926490783691406e+00
1.793165445327758789e+00
1.844046592712402344e+00
1.713932514190673828e+00
1.255836963653564453e+00
1.068361282348632812e+00
9.809422492980957031e-01
9.909584522247314453e-01
9.879326820373535156e-01
9.819865226745605469e-01
9.810576438903808594e-01
9.884042739868164062e-01
9.812884330749511719e-01
9.829092025756835938e-01
9.804604053497314453e-01
1.008273124694824219e+00
9.894523620605468750e-01
9.872961044311523438e-01
9.787850379943847656e-01
9.823327064514160156e-01
9.828567504882812500e-01
