2.080569505691528320e+00
4.159650802612304688e-01
4.170186519622802734e-01
4.197146892547607422e-01
4.180009365081787109e-01
4.193444252014160156e-01
4.216873645782470703e-01
4.188897609710693359e-01
4.207553863525390625e-01
4.198970794677734375e-01
4.216778278350830078e-01
4.232249259948730469e-01
4.241936206817626953e-01
4.218485355377197266e-01
4.243702888488769531e-01
4.263079166412353516e-01
4.231986999511718750e-01
4.222157001495361328e-01
4.219896793365478516e-01
4.217829704284667969e-01
4.216172695159912109e-01
4.406394958496093750e-01
4.278903007507324219e-01
4.363963603973388672e-01
4.348452091217041016e-01
4.326446056365966797e-01
4.328589439392089844e-01
4.360349178314208984e-01
4.369213581085205078e-01
4.355804920196533203e-01
4.341199398040771484e-01
4.350547790527343750e-01
4.351196289062500000e-01
4.361517429351806641e-01
4.463930130004882812e-01
4.534142017364501953e-01
4.593486785888671875e-01
4.664278030395507812e-01
4.649968147277832031e-01
4.675428867340087891e-01
4.648518562316894531e-01
4.663779735565185547e-01
4.719202518463134766e-01
4.625766277313232422e-01
4.600536823272705078e-01
4.582784175872802734e-01
4.424588680267333984e-01
4.424519538879394531e-01
4.443299770355224609e-01
4.394860267639160156e-01
4.346561431884765625e-01
4.377186298370361328e-01
4.378311634063720703e-01
4.400897026062011719e-01
4.378864765167236328e-01
4.360511302947998047e-01
4.360504150390625000e-01
4.433939456939697266e-01
4.384236335754394531e-01
4.374351501464843750e-01
4.390912055969238281e-01
4.483587741851806641e-01
4.603238105773925781e-01
4.718301296234130859e-01
4.619231224060058594e-01
4.963555335998535156e-01
4.287900924682617188e-01
4.291241168975830078e-01
4.292969703674316406e-01
4.730269908905029297e-01
4.526717662811279297e-01
4.745533466339111328e-01
4.312036037445068359e-01
4.257457256317138672e-01
4.266786575317382812e-01
4.266676902770996094e-01
4.293692111968994141e-01
4.271917343139648438e-01
4.282703399658203125e-01
4.284272193908691406e-01
4.272818565368652344e-01
4.275162220001220703e-01
4.284121990203857422e-01
4.295837879180908203e-01
4.296500682830810547e-01
4.304282665252685547e-01
4.299654960632324219e-01
4.307880401611328125e-01
4.310400485992431641e-01
4.298698902130126953e-01
4.306244850158691406e-01
4.320247173309326172e-01
4.305007457733154297e-01
4.298286437988281250e-01
4.290556907653808594e-01
4.291794300079345703e-01
4.292690753936767578e-01
4.344239234924316406e-01
4.284479618072509766e-01
4.296596050262451172e-01
4.295935630798339844e-01
4.299309253692626953e-01
4.285800457000732422e-01
4.310157299041748047e-01
4.297966957092285156e-01
4.311873912811279297e-01
4.304587841033935547e-01
4.326350688934326172e-01
4.908101558685302734e-01
4.886674880981445312e-01
4.865446090698242188e-01
4.789979457855224609e-01
4.826967716217041016e-01
4.819974899291992188e-01
4.684584140777587891e-01
4.654691219329833984e-01
4.587357044219970703e-01
4.534749984741210938e-01
4.558587074279785156e-01
4.528055191040039062e-01
4.537928104400634766e-01
4.558115005493164062e-01
4.564995765686035156e-01
4.671833515167236328e-01
5.068836212158203125e-01
4.740762710571289062e-01
4.588677883148193359e-01
4.591050148010253906e-01
4.670193195343017578e-01
4.802834987640380859e-01
4.856109619140625000e-01
4.909124374389648438e-01
4.897332191467285156e-01
4.850051403045654297e-01
4.844641685485839844e-01
4.829843044281005859e-01
4.746680259704589844e-01
4.856076240539550781e-01
4.815046787261962891e-01
4.416875839233398438e-01
4.399638175964355469e-01
4.397730827331542969e-01
4.400236606597900391e-01
4.401230812072753906e-01
4.415748119354248047e-01
4.392445087432861328e-01
4.408285617828369141e-01
4.417381286621093750e-01
4.410488605499267578e-01
4.434473514556884766e-01
4.414093494415283203e-01
4.407787322998046875e-01
4.419839382171630859e-01
4.398217201232910156e-01
4.428644180297851562e-01
4.413192272186279297e-01
4.533414840698242188e-01
4.409253597259521484e-01
4.415073394775390625e-01
4.422121047973632812e-01
4.427781105041503906e-01
4.435489177703857422e-01
4.456567764282226562e-01
4.443936347961425781e-01
4.448368549346923828e-01
4.453496932983398438e-01
4.444680213928222656e-01
4.439077377319335938e-01
4.442408084869384766e-01
4.448316097259521484e-01
4.438591003417968750e-01
4.427504539489746094e-01
4.432587623596191406e-01
4.469850063323974609e-01
4.424297809600830078e-01
4.426174163818359375e-01
4.415314197540283203e-01
4.416747093200683594e-01
4.435832500457763672e-01
4.414038658142089844e-01
4.420273303985595703e-01
4.428100585937500000e-01
4.422948360443115234e-01
4.409935474395751953e-01
4.470684528350830078e-01
4.421174526214599609e-01
4.435191154479980469e-01
4.418561458587646484e-01
4.440982341766357422e-01
4.422245025634765625e-01
4.467191696166992188e-01
4.418547153472900391e-01
4.433562755584716797e-01
4.419906139373779297e-01
4.427065849304199219e-01
4.425957202911376953e-01
4.433221817016601562e-01
4.420437812805175781e-01
4.425301551818847656e-01
4.424691200256347656e-01
