9.882483482360839844e-01
9.757409095764160156e-01
9.788906574249267578e-01
1.036551475524902344e+00
9.655067920684814453e-01
9.618957042694091797e-01
9.584355354309082031e-01
9.640696048736572266e-01
1.035375356674194336e+00
9.867742061614990234e-01
9.706678390502929688e-01
9.782476425170898438e-01
9.666228294372558594e-01
9.656031131744384766e-01
9.538936614990234375e-01
9.543581008911132812e-01
9.650356769561767578e-01
9.749507904052734375e-01
1.239457130432128906e+00
1.493122816085815430e+00
1.773366928100585938e+00
1.873600482940673828e+00
1.433339595794677734e+00
1.218680620193481445e+00
9.667735099792480469e-01
9.649429321289062500e-01
9.824321269989013672e-01
9.904909133911132812e-01
1.024592638015747070e+00
9.691541194915771484e-01
9.822268486022949219e-01
9.826107025146484375e-01
9.687511920928955078e-01
1.003086566925048828e+00
9.685411453247070312e-01
9.882450103759765625e-01
9.797964096069335938e-01
9.697427749633789062e-01
9.646713733673095703e-01
9.309866428375244141e-01
9.398958683013916016e-01
9.418029785156250000e-01
9.477572441101074219e-01
9.648339748382568359e-01
1.035805463790893555e+00
1.394543886184692383e+00
1.832259178161621094e+00
1.848542690277099609e+00
1.678239345550537109e+00
1.316856384277343750e+00
9.796266555786132812e-01
9.731795787811279297e-01
1.073380708694458008e+00
9.918038845062255859e-01
9.641897678375244141e-01
9.691381454467773438e-01
9.403083324432373047e-01
9.663600921630859375e-01
9.950146675109863281e-01
9.920654296875000000e-01
9.853892326354980469e-01
1.127120494842529297e+00
1.041985511779785156e+00
9.863889217376708984e-01
9.738509654998779297e-01
9.844751358032226562e-01
9.522833824157714844e-01
9.521393775939941406e-01
9.818823337554931641e-01
9.596188068389892578e-01
1.123201847076416016e+00
1.513479232788085938e+00
1.815764188766479492e+00
1.872635841369628906e+00
1.699446201324462891e+00
1.171975851058959961e+00
9.433324337005615234e-01
9.520766735076904297e-01
9.919414520263671875e-01
9.499378204345703125e-01
9.571502208709716797e-01
9.910032749176025391e-01
9.510414600372314453e-01
9.929442405700683594e-01
9.669055938720703125e-01
9.652991294860839844e-01
1.027567863464355469e+00
9.888365268707275391e-01
9.950375556945800781e-01
9.848396778106689453e-01
9.904725551605224609e-01
9.968340396881103516e-01
1.045409679412841797e+00
1.188133239746093750e+00
1.556326866149902344e+00
1.735873460769653320e+00
1.285883903503417969e+00
9.578502178192138672e-01
9.495978355407714844e-01
9.780726432800292969e-01
9.739344120025634766e-01
9.727697372436523438e-01
9.792346954345703125e-01
1.058678388595581055e+00
9.771656990051269531e-01
9.848215579986572266e-01
9.758269786834716797e-01
9.490780830383300781e-01
9.615054130554199219e-01
1.061710834503173828e+00
1.006021738052368164e+00
1.030856370925903320e+00
1.021979331970214844e+00
1.025690317153930664e+00
1.206237316131591797e+00
1.771246910095214844e+00
1.962049484252929688e+00
1.870864629745483398e+00
1.198955774307250977e+00
1.012850284576416016e+00
9.867918491363525391e-01
9.887351989746093750e-01
1.003459215164184570e+00
1.021522045135498047e+00
1.057696342468261719e+00
1.012670040130615234e+00
1.017633199691772461e+00
1.005009651184082031e+00
1.118618488311767578e+00
1.021780967712402344e+00
1.024498701095581055e+00
1.020639896392822266e+00
1.005831956863403320e+00
1.129382848739624023e+00
1.274994850158691406e+00
1.549334049224853516e+00
1.733083248138427734e+00
1.813310623168945312e+00
1.719754219055175781e+00
1.576781988143920898e+00
1.723784685134887695e+00
1.781356334686279297e+00
1.715620517730712891e+00
1.623369693756103516e+00
1.193741559982299805e+00
9.816167354583740234e-01
9.827480316162109375e-01
9.892425537109375000e-01
9.838888645172119141e-01
9.788336753845214844e-01
9.865732192993164062e-01
9.876613616943359375e-01
9.845376014709472656e-01
9.790112972259521484e-01
9.940741062164306641e-01
9.955561161041259766e-01
1.002273797988891602e+00
9.795837402343750000e-01
1.064313888549804688e+00
9.848618507385253906e-01
9.886445999145507812e-01
9.844307899475097656e-01
9.852559566497802734e-01
9.930458068847656250e-01
9.878847599029541016e-01
9.786531925201416016e-01
9.852044582366943359e-01
9.860548973083496094e-01
9.856362342834472656e-01
1.073098897933959961e+00
9.813466072082519531e-01
9.937965869903564453e-01
9.911892414093017578e-01
9.874083995819091797e-01
1.269925117492675781e+00
1.320994377136230469e+00
1.412785053253173828e+00
1.674606561660766602e+00
1.750747203826904297e+00
1.829923629760742188e+00
1.793164730072021484e+00
1.844078302383422852e+00
1.713894844055175781e+00
1.255844831466674805e+00
1.068355560302734375e+00
9.809265136718750000e-01
9.909555912017822266e-01
9.879250526428222656e-01
9.819767475128173828e-01
9.810440540313720703e-01
9.883913993835449219e-01
9.813041687011718750e-01
9.828977584838867188e-01
9.804646968841552734e-01
1.008262157440185547e+00
9.894444942474365234e-01
9.872984886169433594e-01
9.787843227386474609e-01
9.823241233825683594e-01
9.828419685363769531e-01
