2.232389211654663086e+00
4.135067462921142578e-01
4.136989116668701172e-01
4.130628108978271484e-01
4.143452644348144531e-01
4.141428470611572266e-01
4.161274433135986328e-01
4.175636768341064453e-01
4.139995574951171875e-01
4.210155010223388672e-01
4.163029193878173828e-01
4.172377586364746094e-01
4.147851467132568359e-01
4.171879291534423828e-01
4.164302349090576172e-01
4.206540584564208984e-01
4.177260398864746094e-01
4.203944206237792969e-01
4.218049049377441406e-01
4.213569164276123047e-01
4.228508472442626953e-01
4.157979488372802734e-01
4.368760585784912109e-01
4.312486648559570312e-01
4.258532524108886719e-01
4.210999011993408203e-01
4.253938198089599609e-01
4.255557060241699219e-01
4.236531257629394531e-01
4.241638183593750000e-01
4.257349967956542969e-01
4.258267879486083984e-01
4.248363971710205078e-01
4.254670143127441406e-01
4.652092456817626953e-01
4.440269470214843750e-01
4.483604431152343750e-01
4.534823894500732422e-01
4.518213272094726562e-01
4.579930305480957031e-01
4.515488147735595703e-01
4.504280090332031250e-01
4.572031497955322266e-01
4.592342376708984375e-01
4.615559577941894531e-01
4.370212554931640625e-01
4.268770217895507812e-01
4.337866306304931641e-01
4.271516799926757812e-01
4.354245662689208984e-01
4.231052398681640625e-01
4.241998195648193359e-01
4.280867576599121094e-01
4.475860595703125000e-01
4.296319484710693359e-01
4.275190830230712891e-01
4.295377731323242188e-01
4.275052547454833984e-01
4.298343658447265625e-01
4.302110671997070312e-01
4.334809780120849609e-01
4.440367221832275391e-01
4.542412757873535156e-01
4.530556201934814453e-01
4.581599235534667969e-01
4.533843994140625000e-01
4.335815906524658203e-01
4.329943656921386719e-01
4.346749782562255859e-01
4.314079284667968750e-01
4.236619472503662109e-01
4.234702587127685547e-01
4.228508472442626953e-01
4.244928359985351562e-01
4.228227138519287109e-01
4.454402923583984375e-01
4.313871860504150391e-01
4.369096755981445312e-01
4.343230724334716797e-01
4.393541812896728516e-01
4.344472885131835938e-01
4.369609355926513672e-01
4.313340187072753906e-01
4.439907073974609375e-01
4.412751197814941406e-01
4.326560497283935547e-01
4.380869865417480469e-01
4.312090873718261719e-01
4.211893081665039062e-01
4.625196456909179688e-01
4.625718593597412109e-01
4.593245983123779297e-01
4.561755657196044922e-01
4.475979804992675781e-01
4.363536834716796875e-01
4.396758079528808594e-01
4.302513599395751953e-01
4.289839267730712891e-01
4.308817386627197266e-01
4.286389350891113281e-01
4.338104724884033203e-01
4.317836761474609375e-01
4.316248893737792969e-01
4.320819377899169922e-01
4.331214427947998047e-01
4.332053661346435547e-01
4.453697204589843750e-01
4.586164951324462891e-01
4.644193649291992188e-01
5.832633972167968750e-01
4.407973289489746094e-01
4.728157520294189453e-01
4.891788959503173828e-01
4.867091178894042969e-01
5.070836544036865234e-01
4.526789188385009766e-01
4.450726509094238281e-01
4.457504749298095703e-01
4.437472820281982422e-01
4.428908824920654297e-01
4.477844238281250000e-01
4.528126716613769531e-01
4.465270042419433594e-01
4.455814361572265625e-01
4.694025516510009766e-01
4.915287494659423828e-01
4.477312564849853516e-01
4.533340930938720703e-01
5.385262966156005859e-01
5.155482292175292969e-01
5.096087455749511719e-01
5.314178466796875000e-01
4.749925136566162109e-01
4.704446792602539062e-01
4.687504768371582031e-01
4.769601821899414062e-01
4.756798744201660156e-01
4.689903259277343750e-01
4.768536090850830078e-01
4.443283081054687500e-01
4.343442916870117188e-01
4.334700107574462891e-01
4.357788562774658203e-01
4.357304573059082031e-01
4.372346401214599609e-01
4.384312629699707031e-01
4.389615058898925781e-01
4.380364418029785156e-01
4.421954154968261719e-01
4.391694068908691406e-01
4.371595382690429688e-01
4.372930526733398438e-01
4.373881816864013672e-01
4.405729770660400391e-01
4.368610382080078125e-01
4.399034976959228516e-01
4.435331821441650391e-01
4.386730194091796875e-01
4.395544528961181641e-01
4.377672672271728516e-01
4.442436695098876953e-01
4.447925090789794922e-01
4.446208477020263672e-01
4.453947544097900391e-01
4.449419975280761719e-01
4.454963207244873047e-01
4.445984363555908203e-01
4.436967372894287109e-01
4.456710815429687500e-01
4.452431201934814453e-01
4.681463241577148438e-01
4.449236392974853516e-01
4.445128440856933594e-01
4.426295757293701172e-01
4.389772415161132812e-01
4.401109218597412109e-01
4.385445117950439453e-01
4.373314380645751953e-01
4.368145465850830078e-01
4.380176067352294922e-01
4.398114681243896484e-01
4.370720386505126953e-01
4.389081001281738281e-01
4.497764110565185547e-01
4.447336196899414062e-01
4.424624443054199219e-01
4.383692741394042969e-01
4.398052692413330078e-01
4.446358680725097656e-01
4.380872249603271484e-01
4.418275356292724609e-01
4.378900527954101562e-01
4.406452178955078125e-01
4.412829875946044922e-01
4.435651302337646484e-01
4.414961338043212891e-01
4.437882900238037109e-01
4.441006183624267578e-01
4.409513473510742188e-01
4.401037693023681641e-01
