9.882533550262451172e-01
9.757590293884277344e-01
9.789037704467773438e-01
1.036566019058227539e+00
9.655404090881347656e-01
9.619030952453613281e-01
9.584453105926513672e-01
9.640712738037109375e-01
1.035375356674194336e+00
9.867746829986572266e-01
9.706685543060302734e-01
9.782586097717285156e-01
9.666242599487304688e-01
9.656150341033935547e-01
9.538931846618652344e-01
9.543712139129638672e-01
9.650495052337646484e-01
9.749557971954345703e-01
1.239472627639770508e+00
1.493123292922973633e+00
1.773372411727905273e+00
1.873606443405151367e+00
1.433341503143310547e+00
1.218692302703857422e+00
9.667806625366210938e-01
9.649498462677001953e-01
9.824285507202148438e-01
9.977865219116210938e-01
1.024588823318481445e+00
9.691665172576904297e-01
9.822397232055664062e-01
9.826159477233886719e-01
9.687504768371582031e-01
1.003098249435424805e+00
9.685599803924560547e-01
9.882497787475585938e-01
9.798092842102050781e-01
9.697501659393310547e-01
9.830191135406494141e-01
9.310071468353271484e-01
9.398891925811767578e-01
9.418277740478515625e-01
9.477789402008056641e-01
9.648110866546630859e-01
1.035827636718750000e+00
1.394551038742065430e+00
1.832264423370361328e+00
1.848563432693481445e+00
1.678265333175659180e+00
1.316870689392089844e+00
9.796125888824462891e-01
9.731700420379638672e-01
1.073361873626708984e+00
9.918124675750732422e-01
9.641909599304199219e-01
9.691424369812011719e-01
9.403192996978759766e-01
9.663743972778320312e-01
9.950253963470458984e-01
9.920964241027832031e-01
9.853982925415039062e-01
1.127114772796630859e+00
1.041975498199462891e+00
9.863927364349365234e-01
9.738457202911376953e-01
1.008518695831298828e+00
9.522631168365478516e-01
9.521343708038330078e-01
9.818797111511230469e-01
9.596168994903564453e-01
1.123210191726684570e+00
1.513477802276611328e+00
1.815758943557739258e+00
1.872659921646118164e+00
1.706912517547607422e+00
1.172000646591186523e+00
9.433231353759765625e-01
9.521045684814453125e-01
9.919514656066894531e-01
9.499468803405761719e-01
9.571609497070312500e-01
9.910168647766113281e-01
9.622430801391601562e-01
1.003863573074340820e+00
9.668912887573242188e-01
9.653072357177734375e-01
1.027576208114624023e+00
9.888417720794677734e-01
9.950568675994873047e-01
9.848539829254150391e-01
9.904732704162597656e-01
9.968411922454833984e-01
1.045440673828125000e+00
1.188160896301269531e+00
1.556349992752075195e+00
1.735884666442871094e+00
1.285885334014892578e+00
9.578573703765869141e-01
9.496068954467773438e-01
9.945094585418701172e-01
9.739530086517333984e-01
9.727883338928222656e-01
9.792478084564208984e-01
1.058684825897216797e+00
9.771618843078613281e-01
9.848351478576660156e-01
9.758377075195312500e-01
9.490809440612792969e-01
9.615044593811035156e-01
1.061707019805908203e+00
1.006031513214111328e+00
1.030872344970703125e+00
1.021977901458740234e+00
1.025685548782348633e+00
1.206258296966552734e+00
1.771276950836181641e+00
1.962090015411376953e+00
1.870882272720336914e+00
1.198959112167358398e+00
1.012844085693359375e+00
9.868004322052001953e-01
9.887292385101318359e-01
1.003454446792602539e+00
1.021523714065551758e+00
1.057687282562255859e+00
1.012680530548095703e+00
1.017640113830566406e+00
1.005012989044189453e+00
1.118622303009033203e+00
1.021777629852294922e+00
1.024492263793945312e+00
1.020639896392822266e+00
1.005853652954101562e+00
1.129396438598632812e+00
1.275008440017700195e+00
1.549337148666381836e+00
1.733103752136230469e+00
1.813342332839965820e+00
1.719793796539306641e+00
1.576780319213867188e+00
1.723782539367675781e+00
1.781372785568237305e+00
1.715595722198486328e+00
1.623355388641357422e+00
1.193728685379028320e+00
9.816145896911621094e-01
9.827449321746826172e-01
9.892499446868896484e-01
9.839036464691162109e-01
9.788436889648437500e-01
9.865818023681640625e-01
9.876606464385986328e-01
9.845473766326904297e-01
9.790072441101074219e-01
9.940807819366455078e-01
9.955506324768066406e-01
1.002295255661010742e+00
9.796018600463867188e-01
1.064321756362915039e+00
9.848566055297851562e-01
9.886550903320312500e-01
9.844553470611572266e-01
9.852619171142578125e-01
9.930646419525146484e-01
9.878990650177001953e-01
9.786717891693115234e-01
9.852163791656494141e-01
9.860503673553466797e-01
9.856460094451904297e-01
1.073117971420288086e+00
9.813580513000488281e-01
9.937953948974609375e-01
9.912009239196777344e-01
9.874184131622314453e-01
1.269960880279541016e+00
1.321007966995239258e+00
1.412786006927490234e+00
1.674627542495727539e+00
1.750748634338378906e+00
1.829918384552001953e+00
1.793164730072021484e+00
1.844067096710205078e+00
1.713921785354614258e+00
1.255840539932250977e+00
1.068362236022949219e+00
9.809486865997314453e-01
9.909656047821044922e-01
9.879312515258789062e-01
9.819860458374023438e-01
9.810593128204345703e-01
9.884073734283447266e-01
9.812870025634765625e-01
9.829113483428955078e-01
9.804596900939941406e-01
1.008266210556030273e+00
9.894518852233886719e-01
9.872977733612060547e-01
9.787898063659667969e-01
9.823346138000488281e-01
9.828596115112304688e-01
