2.123029470443725586e+00
4.012668132781982422e-01
3.993995189666748047e-01
4.384939670562744141e-01
4.220418930053710938e-01
4.248020648956298828e-01
4.276120662689208984e-01
4.267277717590332031e-01
4.311490058898925781e-01
4.377369880676269531e-01
4.452242851257324219e-01
4.432790279388427734e-01
4.465711116790771484e-01
4.416990280151367188e-01
4.406409263610839844e-01
4.507985115051269531e-01
4.442205429077148438e-01
4.553534984588623047e-01
4.428479671478271484e-01
4.389896392822265625e-01
4.266312122344970703e-01
4.146323204040527344e-01
4.161353111267089844e-01
4.131965637207031250e-01
4.133722782135009766e-01
4.102318286895751953e-01
4.110493659973144531e-01
4.125027656555175781e-01
4.114544391632080078e-01
4.119603633880615234e-01
4.121363162994384766e-01
4.135365486145019531e-01
4.135222434997558594e-01
4.138507843017578125e-01
4.225127696990966797e-01
4.307613372802734375e-01
4.355657100677490234e-01
4.386289119720458984e-01
4.383790493011474609e-01
4.450922012329101562e-01
4.402263164520263672e-01
4.395928382873535156e-01
4.457471370697021484e-01
4.391260147094726562e-01
4.368135929107666016e-01
4.335508346557617188e-01
4.200222492218017578e-01
4.183409214019775391e-01
4.199540615081787109e-01
4.154007434844970703e-01
4.135289192199707031e-01
4.167253971099853516e-01
4.153757095336914062e-01
4.177055358886718750e-01
4.159023761749267578e-01
4.159913063049316406e-01
4.136781692504882812e-01
4.133684635162353516e-01
4.148445129394531250e-01
4.145567417144775391e-01
4.148550033569335938e-01
4.362156391143798828e-01
4.357695579528808594e-01
4.468858242034912109e-01
4.389517307281494141e-01
4.469187259674072266e-01
4.423227310180664062e-01
4.513592720031738281e-01
4.511303901672363281e-01
4.449946880340576172e-01
4.298686981201171875e-01
4.325327873229980469e-01
4.357535839080810547e-01
4.338121414184570312e-01
4.314155578613281250e-01
4.310946464538574219e-01
4.296123981475830078e-01
4.341638088226318359e-01
4.294862747192382812e-01
4.313387870788574219e-01
4.310059547424316406e-01
4.280674457550048828e-01
4.289808273315429688e-01
4.382970333099365234e-01
4.451448917388916016e-01
4.497516155242919922e-01
4.476861953735351562e-01
4.544267654418945312e-01
4.501771926879882812e-01
4.504973888397216797e-01
4.510655403137207031e-01
4.497947692871093750e-01
4.519398212432861328e-01
4.452590942382812500e-01
4.405429363250732422e-01
4.311313629150390625e-01
4.293494224548339844e-01
4.257729053497314453e-01
4.224877357482910156e-01
4.232242107391357422e-01
4.252097606658935547e-01
4.251391887664794922e-01
4.301483631134033203e-01
4.269425868988037109e-01
4.241530895233154297e-01
4.300594329833984375e-01
4.368669986724853516e-01
4.491174221038818359e-01
4.451055526733398438e-01
5.657222270965576172e-01
4.539544582366943359e-01
4.857709407806396484e-01
4.777641296386718750e-01
4.979653358459472656e-01
5.103664398193359375e-01
5.169818401336669922e-01
4.999406337738037109e-01
4.766170978546142578e-01
4.714543819427490234e-01
4.823079109191894531e-01
5.319225788116455078e-01
5.018973350524902344e-01
5.142867565155029297e-01
5.423426628112792969e-01
5.230195522308349609e-01
5.244307518005371094e-01
5.150163173675537109e-01
5.226540565490722656e-01
5.510442256927490234e-01
5.071897506713867188e-01
5.152471065521240234e-01
5.235292911529541016e-01
5.365121364593505859e-01
4.919350147247314453e-01
4.863779544830322266e-01
4.569451808929443359e-01
4.479699134826660156e-01
4.542503356933593750e-01
4.512460231781005859e-01
4.434049129486083984e-01
4.419038295745849609e-01
4.317226409912109375e-01
4.284486770629882812e-01
4.291074275970458984e-01
4.294013977050781250e-01
4.327971935272216797e-01
4.358472824096679688e-01
4.320058822631835938e-01
4.318318367004394531e-01
4.299924373626708984e-01
4.321365356445312500e-01
4.311127662658691406e-01
4.305346012115478516e-01
4.314076900482177734e-01
4.347212314605712891e-01
4.322574138641357422e-01
4.350547790527343750e-01
4.311070442199707031e-01
4.323704242706298828e-01
4.326879978179931641e-01
4.642660617828369141e-01
4.768989086151123047e-01
5.034947395324707031e-01
5.142753124237060547e-01
5.032238960266113281e-01
5.071291923522949219e-01
5.072448253631591797e-01
5.346596240997314453e-01
5.120182037353515625e-01
5.128655433654785156e-01
5.131978988647460938e-01
5.188145637512207031e-01
5.074999332427978516e-01
5.378468036651611328e-01
4.879848957061767578e-01
4.735081195831298828e-01
4.445517063140869141e-01
4.512939453125000000e-01
4.414236545562744141e-01
4.266898632049560547e-01
4.470112323760986328e-01
4.427669048309326172e-01
4.414713382720947266e-01
4.295933246612548828e-01
4.339606761932373047e-01
4.340512752532958984e-01
4.312570095062255859e-01
4.320819377899169922e-01
4.340343475341796875e-01
4.327392578125000000e-01
4.329426288604736328e-01
4.293394088745117188e-01
4.310126304626464844e-01
4.315648078918457031e-01
4.355614185333251953e-01
4.371888637542724609e-01
4.307038784027099609e-01
4.346494674682617188e-01
4.331696033477783203e-01
4.336326122283935547e-01
