2.240920066833496094e+00
4.212131500244140625e-01
4.130995273590087891e-01
4.129595756530761719e-01
4.139993190765380859e-01
4.151082038879394531e-01
4.176137447357177734e-01
4.179215431213378906e-01
4.274184703826904297e-01
4.373905658721923828e-01
4.416480064392089844e-01
4.496455192565917969e-01
4.394748210906982422e-01
4.409167766571044922e-01
4.387004375457763672e-01
4.551761150360107422e-01
4.399321079254150391e-01
4.472951889038085938e-01
4.622020721435546875e-01
4.354462623596191406e-01
4.242069721221923828e-01
4.202361106872558594e-01
4.214189052581787109e-01
4.208645820617675781e-01
4.201414585113525391e-01
4.190530776977539062e-01
4.218122959136962891e-01
4.230830669403076172e-01
4.210891723632812500e-01
4.572105407714843750e-01
4.336655139923095703e-01
4.226067066192626953e-01
4.211151599884033203e-01
4.245011806488037109e-01
4.304039478302001953e-01
4.415905475616455078e-01
4.466583728790283203e-01
4.488918781280517578e-01
4.503064155578613281e-01
4.245362281799316406e-01
4.137599468231201172e-01
4.129993915557861328e-01
4.133043289184570312e-01
4.198293685913085938e-01
4.282212257385253906e-01
4.187865257263183594e-01
4.169681072235107422e-01
4.157614707946777344e-01
4.751374721527099609e-01
4.222242832183837891e-01
4.252731800079345703e-01
4.266030788421630859e-01
4.389386177062988281e-01
4.238784313201904297e-01
4.180018901824951172e-01
4.180369377136230469e-01
4.190332889556884766e-01
4.256300926208496094e-01
4.310646057128906250e-01
4.303882122039794922e-01
4.346570968627929688e-01
4.422893524169921875e-01
4.541485309600830078e-01
4.568455219268798828e-01
4.535157680511474609e-01
4.461612701416015625e-01
4.461843967437744141e-01
4.477553367614746094e-01
4.480016231536865234e-01
4.538598060607910156e-01
4.395811557769775391e-01
4.337866306304931641e-01
4.238827228546142578e-01
4.229123592376708984e-01
4.206328392028808594e-01
4.312469959259033203e-01
4.225759506225585938e-01
4.131233692169189453e-01
4.146018028259277344e-01
4.239909648895263672e-01
4.146995544433593750e-01
4.148733615875244141e-01
4.149317741394042969e-01
4.159977436065673828e-01
4.269912242889404297e-01
5.297751426696777344e-01
4.415695667266845703e-01
4.936871528625488281e-01
4.490756988525390625e-01
4.588348865509033203e-01
4.626383781433105469e-01
4.586627483367919922e-01
4.643404483795166016e-01
4.464547634124755859e-01
4.327354431152343750e-01
4.327852725982666016e-01
4.257116317749023438e-01
4.229166507720947266e-01
4.255526065826416016e-01
4.231722354888916016e-01
4.309811592102050781e-01
4.281892776489257812e-01
4.306397438049316406e-01
4.293868541717529297e-01
4.463522434234619141e-01
4.458801746368408203e-01
4.179294109344482422e-01
4.694447517395019531e-01
4.221999645233154297e-01
5.512065887451171875e-01
4.665632247924804688e-01
4.669117927551269531e-01
4.786870479583740234e-01
4.665472507476806641e-01
4.687948226928710938e-01
4.493610858917236328e-01
4.470369815826416016e-01
4.426307678222656250e-01
4.437279701232910156e-01
4.401655197143554688e-01
4.428880214691162109e-01
4.499874114990234375e-01
4.423570632934570312e-01
4.444439411163330078e-01
4.473807811737060547e-01
4.522302150726318359e-01
4.521460533142089844e-01
4.529902935028076172e-01
4.688162803649902344e-01
4.759185314178466797e-01
4.778203964233398438e-01
4.779822826385498047e-01
4.730119705200195312e-01
4.710888862609863281e-01
4.740362167358398438e-01
4.841904640197753906e-01
4.820277690887451172e-01
4.792525768280029297e-01
4.860661029815673828e-01
4.380455017089843750e-01
4.396896362304687500e-01
4.434833526611328125e-01
4.407739639282226562e-01
4.389512538909912109e-01
4.378254413604736328e-01
4.336719512939453125e-01
4.358499050140380859e-01
4.380028247833251953e-01
4.401748180389404297e-01
4.371888637542724609e-01
4.385735988616943359e-01
4.389369487762451172e-01
4.378993511199951172e-01
4.352180957794189453e-01
4.373397827148437500e-01
4.342250823974609375e-01
4.355285167694091797e-01
4.361121654510498047e-01
4.374237060546875000e-01
4.402596950531005859e-01
4.369642734527587891e-01
4.357385635375976562e-01
4.389882087707519531e-01
4.404957294464111328e-01
4.400904178619384766e-01
4.405500888824462891e-01
4.387643337249755859e-01
4.424629211425781250e-01
4.406349658966064453e-01
4.400765895843505859e-01
4.397537708282470703e-01
4.418480396270751953e-01
4.443333148956298828e-01
4.461231231689453125e-01
4.449801445007324219e-01
4.428403377532958984e-01
4.430575370788574219e-01
4.408314228057861328e-01
4.417495727539062500e-01
4.405872821807861328e-01
4.408247470855712891e-01
4.421722888946533203e-01
4.393043518066406250e-01
4.371249675750732422e-01
4.371061325073242188e-01
4.487428665161132812e-01
4.396641254425048828e-01
4.396827220916748047e-01
4.443161487579345703e-01
4.404225349426269531e-01
4.372394084930419922e-01
4.366760253906250000e-01
4.380118846893310547e-01
4.372670650482177734e-01
4.365041255950927734e-01
4.388670921325683594e-01
4.365899562835693359e-01
4.366414546966552734e-01
4.404547214508056641e-01
4.399490356445312500e-01
