9.882535934448242188e-01
9.757614135742187500e-01
9.788918495178222656e-01
1.036554813385009766e+00
9.655091762542724609e-01
9.618978500366210938e-01
9.584484100341796875e-01
9.640741348266601562e-01
1.035376548767089844e+00
9.867761135101318359e-01
9.706704616546630859e-01
9.782562255859375000e-01
9.666261672973632812e-01
9.656045436859130859e-01
9.538953304290771484e-01
9.543540477752685547e-01
9.650392532348632812e-01
9.749572277069091797e-01
1.239464998245239258e+00
1.493128776550292969e+00
1.773379325866699219e+00
1.873586654663085938e+00
1.433335304260253906e+00
1.218668460845947266e+00
9.667708873748779297e-01
9.649388790130615234e-01
9.824311733245849609e-01
9.977738857269287109e-01
1.024586200714111328e+00
9.691541194915771484e-01
9.822311401367187500e-01
9.826173782348632812e-01
9.687502384185791016e-01
1.003084897994995117e+00
9.685416221618652344e-01
9.882497787475585938e-01
9.797959327697753906e-01
9.697391986846923828e-01
9.830033779144287109e-01
9.309966564178466797e-01
9.398972988128662109e-01
9.418096542358398438e-01
9.477596282958984375e-01
9.648272991180419922e-01
1.035810232162475586e+00
1.394555091857910156e+00
1.832272291183471680e+00
1.848557472229003906e+00
1.678242683410644531e+00
1.316855907440185547e+00
9.796261787414550781e-01
9.684593677520751953e-01
1.073376655578613281e+00
9.918038845062255859e-01
9.641942977905273438e-01
9.691433906555175781e-01
9.403076171875000000e-01
9.663586616516113281e-01
9.950146675109863281e-01
9.920690059661865234e-01
9.853873252868652344e-01
1.125070571899414062e+00
1.041986942291259766e+00
9.863893985748291016e-01
9.738481044769287109e-01
1.008520603179931641e+00
9.522790908813476562e-01
9.521391391754150391e-01
9.818809032440185547e-01
9.596204757690429688e-01
1.123203277587890625e+00
1.513490200042724609e+00
1.815769433975219727e+00
1.872643232345581055e+00
1.706901788711547852e+00
1.170651197433471680e+00
9.433350563049316406e-01
9.520752429962158203e-01
9.919388294219970703e-01
9.499387741088867188e-01
9.571473598480224609e-01
9.909977912902832031e-01
9.622232913970947266e-01
9.929671287536621094e-01
9.669046401977539062e-01
9.652965068817138672e-01
1.027570486068725586e+00
9.888424873352050781e-01
9.950475692749023438e-01
9.848418235778808594e-01
9.904737472534179688e-01
9.968335628509521484e-01
1.045409440994262695e+00
1.188148260116577148e+00
1.556338310241699219e+00
1.735874891281127930e+00
1.285884857177734375e+00
9.578502178192138672e-01
9.495999813079833984e-01
9.910833835601806641e-01
9.739305973052978516e-01
9.727697372436523438e-01
9.792330265045166016e-01
1.058674573898315430e+00
9.771628379821777344e-01
9.848217964172363281e-01
9.758214950561523438e-01
9.490809440612792969e-01
9.615063667297363281e-01
1.061717748641967773e+00
1.006020784378051758e+00
1.030859231948852539e+00
1.021979331970214844e+00
1.025689840316772461e+00
1.206247329711914062e+00
1.771251440048217773e+00
1.962054967880249023e+00
1.870868682861328125e+00
1.198946475982666016e+00
1.012850284576416016e+00
9.867923259735107422e-01
9.887340068817138672e-01
1.003458023071289062e+00
1.021524429321289062e+00
1.048654794692993164e+00
1.012673377990722656e+00
1.017633438110351562e+00
1.005010128021240234e+00
1.118626356124877930e+00
1.021784305572509766e+00
1.024498462677001953e+00
1.020641565322875977e+00
1.005839824676513672e+00
1.129378557205200195e+00
1.274997711181640625e+00
1.549326419830322266e+00
1.733081340789794922e+00
1.813309669494628906e+00
1.719750881195068359e+00
1.576777935028076172e+00
1.723777294158935547e+00
1.781350374221801758e+00
1.715622901916503906e+00
1.623367547988891602e+00
1.193745613098144531e+00
9.816143512725830078e-01
9.827487468719482422e-01
9.892404079437255859e-01
9.838838577270507812e-01
9.788336753845214844e-01
9.865703582763671875e-01
9.876618385314941406e-01
9.845347404479980469e-01
9.790098667144775391e-01
9.940710067749023438e-01
9.955530166625976562e-01
1.002269983291625977e+00
9.795830249786376953e-01
1.064311265945434570e+00
9.848566055297851562e-01
9.886445999145507812e-01
9.844334125518798828e-01
9.852519035339355469e-01
9.930524826049804688e-01
9.878907203674316406e-01
9.786522388458251953e-01
9.852066040039062500e-01
9.860556125640869141e-01
9.856383800506591797e-01
1.073099851608276367e+00
9.813458919525146484e-01
9.937984943389892578e-01
9.911882877349853516e-01
9.874076843261718750e-01
1.269916772842407227e+00
1.320996522903442383e+00
1.412780523300170898e+00
1.674606561660766602e+00
1.750743150711059570e+00
1.829918146133422852e+00
1.793158292770385742e+00
1.844081640243530273e+00
1.713886976242065430e+00
1.255847215652465820e+00
1.068350553512573242e+00
9.809274673461914062e-01
9.909546375274658203e-01
9.879224300384521484e-01
9.819762706756591797e-01
9.810442924499511719e-01
9.883921146392822266e-01
9.813041687011718750e-01
9.828994274139404297e-01
9.804611206054687500e-01
1.008264064788818359e+00
9.894399642944335938e-01
9.872977733612060547e-01
9.787766933441162109e-01
9.823226928710937500e-01
9.828398227691650391e-01
