2.275221824645996094e+00
4.274272918701171875e-01
4.266695976257324219e-01
4.276306629180908203e-01
4.271190166473388672e-01
4.290215969085693359e-01
4.351894855499267578e-01
4.282491207122802734e-01
4.304456710815429688e-01
4.300427436828613281e-01
4.312479496002197266e-01
4.326231479644775391e-01
4.311280250549316406e-01
4.314432144165039062e-01
4.310200214385986328e-01
4.325835704803466797e-01
4.320182800292968750e-01
4.312102794647216797e-01
4.935383796691894531e-01
4.298677444458007812e-01
4.601256847381591797e-01
4.404540061950683594e-01
4.400238990783691406e-01
4.475173950195312500e-01
4.383490085601806641e-01
4.388594627380371094e-01
4.386758804321289062e-01
4.398958683013916016e-01
4.393606185913085938e-01
4.377586841583251953e-01
4.427752494812011719e-01
4.414677619934082031e-01
4.396972656250000000e-01
4.414107799530029297e-01
4.383556842803955078e-01
4.563546180725097656e-01
4.623639583587646484e-01
4.656722545623779297e-01
4.635844230651855469e-01
4.974410533905029297e-01
4.652404785156250000e-01
4.680321216583251953e-01
4.695351123809814453e-01
4.607298374176025391e-01
4.359207153320312500e-01
4.318621158599853516e-01
4.306423664093017578e-01
4.315850734710693359e-01
4.521489143371582031e-01
4.422271251678466797e-01
4.303929805755615234e-01
4.320368766784667969e-01
4.330692291259765625e-01
4.348943233489990234e-01
4.311158657073974609e-01
4.336040019989013672e-01
4.322032928466796875e-01
4.592697620391845703e-01
4.487414360046386719e-01
4.199132919311523438e-01
4.234330654144287109e-01
4.284722805023193359e-01
4.401953220367431641e-01
4.707591533660888672e-01
4.687998294830322266e-01
4.550945758819580078e-01
4.562344551086425781e-01
4.574513435363769531e-01
4.592988491058349609e-01
4.661118984222412109e-01
4.407742023468017578e-01
4.362893104553222656e-01
4.341826438903808594e-01
4.344062805175781250e-01
4.342210292816162109e-01
4.430968761444091797e-01
4.440257549285888672e-01
4.450984001159667969e-01
4.454843997955322266e-01
4.484128952026367188e-01
4.480655193328857422e-01
4.469954967498779297e-01
4.448149204254150391e-01
4.560129642486572266e-01
4.501860141754150391e-01
4.731140136718750000e-01
4.627966880798339844e-01
4.521610736846923828e-01
4.649431705474853516e-01
4.314539432525634766e-01
4.270882606506347656e-01
4.267885684967041016e-01
4.294364452362060547e-01
4.379758834838867188e-01
4.358346462249755859e-01
4.355819225311279297e-01
4.381382465362548828e-01
4.369330406188964844e-01
4.362413883209228516e-01
4.358417987823486328e-01
4.580812454223632812e-01
4.488120079040527344e-01
4.461832046508789062e-01
4.476590156555175781e-01
4.439857006072998047e-01
4.465332031250000000e-01
4.525489807128906250e-01
4.791221618652343750e-01
4.789505004882812500e-01
4.865188598632812500e-01
4.801640510559082031e-01
4.806613922119140625e-01
4.935381412506103516e-01
4.816753864288330078e-01
4.775946140289306641e-01
4.568469524383544922e-01
4.571270942687988281e-01
4.585900306701660156e-01
4.544367790222167969e-01
4.566383361816406250e-01
4.576764106750488281e-01
4.652311801910400391e-01
4.597063064575195312e-01
4.591305255889892578e-01
4.607138633728027344e-01
5.573184490203857422e-01
4.941949844360351562e-01
5.353515148162841797e-01
5.569345951080322266e-01
5.266973972320556641e-01
5.229418277740478516e-01
5.414900779724121094e-01
5.302581787109375000e-01
4.938049316406250000e-01
4.906618595123291016e-01
4.605710506439208984e-01
4.781675338745117188e-01
4.548602104187011719e-01
4.577152729034423828e-01
4.533939361572265625e-01
4.563775062561035156e-01
4.566335678100585938e-01
4.332573413848876953e-01
4.315609931945800781e-01
4.328629970550537109e-01
4.342060089111328125e-01
4.327614307403564453e-01
4.307284355163574219e-01
4.347081184387207031e-01
4.353437423706054688e-01
4.377772808074951172e-01
4.383928775787353516e-01
4.301362037658691406e-01
4.352304935455322266e-01
4.345850944519042969e-01
4.313714504241943359e-01
4.304113388061523438e-01
4.337689876556396484e-01
4.311385154724121094e-01
4.293360710144042969e-01
4.614286422729492188e-01
4.790153503417968750e-01
4.918079376220703125e-01
5.088105201721191406e-01
5.236806869506835938e-01
5.161604881286621094e-01
5.139269828796386719e-01
5.115528106689453125e-01
5.029761791229248047e-01
5.279433727264404297e-01
5.523343086242675781e-01
5.113580226898193359e-01
5.065493583679199219e-01
5.341839790344238281e-01
4.808094501495361328e-01
4.642186164855957031e-01
4.561002254486083984e-01
4.518103599548339844e-01
4.469149112701416016e-01
4.414198398590087891e-01
4.377005100250244141e-01
4.290735721588134766e-01
4.260466098785400391e-01
4.320690631866455078e-01
4.359674453735351562e-01
4.324934482574462891e-01
4.354591369628906250e-01
4.351186752319335938e-01
4.335958957672119141e-01
4.315252304077148438e-01
4.365096092224121094e-01
4.333076477050781250e-01
4.348406791687011719e-01
4.346432685852050781e-01
4.400050640106201172e-01
4.359645843505859375e-01
4.359092712402343750e-01
4.356429576873779297e-01
4.398531913757324219e-01
4.395093917846679688e-01
