9.882495403289794922e-01
9.757568836212158203e-01
9.789040088653564453e-01
1.036562442779541016e+00
9.655344486236572266e-01
9.619033336639404297e-01
9.584400653839111328e-01
9.640693664550781250e-01
1.035375595092773438e+00
9.867737293243408203e-01
9.706699848175048828e-01
9.782590866088867188e-01
9.666216373443603516e-01
9.656169414520263672e-01
9.538950920104980469e-01
9.543669223785400391e-01
9.650464057922363281e-01
9.749529361724853516e-01
1.239464521408081055e+00
1.493123292922973633e+00
1.773364305496215820e+00
1.873608350753784180e+00
1.433351039886474609e+00
1.218705654144287109e+00
9.667737483978271484e-01
9.649507999420166016e-01
9.824326038360595703e-01
9.977817535400390625e-01
1.024585723876953125e+00
9.691703319549560547e-01
9.822394847869873047e-01
9.826161861419677734e-01
9.687476158142089844e-01
1.003103971481323242e+00
9.685592651367187500e-01
9.882514476776123047e-01
9.798045158386230469e-01
9.697508811950683594e-01
9.830183982849121094e-01
9.310114383697509766e-01
9.398853778839111328e-01
9.418408870697021484e-01
9.477798938751220703e-01
9.648160934448242188e-01
1.035827398300170898e+00
1.394541740417480469e+00
1.832269430160522461e+00
1.848564147949218750e+00
1.678270101547241211e+00
1.316883802413940430e+00
9.796118736267089844e-01
9.731690883636474609e-01
1.073367118835449219e+00
9.918086528778076172e-01
9.641919136047363281e-01
9.691474437713623047e-01
9.403169155120849609e-01
9.663703441619873047e-01
9.950244426727294922e-01
9.920952320098876953e-01
9.853971004486083984e-01
1.127117633819580078e+00
1.041975975036621094e+00
9.863944053649902344e-01
9.738457202911376953e-01
1.008522272109985352e+00
9.522707462310791016e-01
9.521384239196777344e-01
9.818818569183349609e-01
9.596214294433593750e-01
1.123208999633789062e+00
1.513488531112670898e+00
1.815765619277954102e+00
1.872659921646118164e+00
1.706910610198974609e+00
1.172006130218505859e+00
9.433197975158691406e-01
9.521117210388183594e-01
9.919514656066894531e-01
9.499461650848388672e-01
9.571671485900878906e-01
9.910199642181396484e-01
9.622433185577392578e-01
1.003859043121337891e+00
9.668939113616943359e-01
9.653122425079345703e-01
1.027580738067626953e+00
9.888453483581542969e-01
9.950568675994873047e-01
9.848518371582031250e-01
9.904749393463134766e-01
9.968426227569580078e-01
1.045441389083862305e+00
1.188176870346069336e+00
1.556352138519287109e+00
1.735890150070190430e+00
1.285880327224731445e+00
9.578588008880615234e-01
9.496095180511474609e-01
9.945085048675537109e-01
9.739542007446289062e-01
9.727933406829833984e-01
9.792478084564208984e-01
1.058687686920166016e+00
9.771654605865478516e-01
9.848337173461914062e-01
9.758334159851074219e-01
9.490821361541748047e-01
9.615035057067871094e-01
1.061710596084594727e+00
1.006036758422851562e+00
1.030866861343383789e+00
1.021975278854370117e+00
1.025678634643554688e+00
1.206250905990600586e+00
1.771269321441650391e+00
1.962097406387329102e+00
1.870891094207763672e+00
1.198955535888671875e+00
1.012846946716308594e+00
9.867959022521972656e-01
9.887304306030273438e-01
1.003452062606811523e+00
1.010423421859741211e+00
1.057687997817993164e+00
1.012681484222412109e+00
1.017639398574829102e+00
1.005011081695556641e+00
1.118623971939086914e+00
1.021778106689453125e+00
1.024487733840942383e+00
1.020641326904296875e+00
1.005853176116943359e+00
1.129395961761474609e+00
1.275005578994750977e+00
1.549307346343994141e+00
1.733094930648803711e+00
1.813337087631225586e+00
1.719795703887939453e+00
1.576777935028076172e+00
1.723786592483520508e+00
1.781376600265502930e+00
1.715620756149291992e+00
1.623356580734252930e+00
1.193727254867553711e+00
9.816162586212158203e-01
9.827437400817871094e-01
9.892492294311523438e-01
9.839036464691162109e-01
9.788432121276855469e-01
9.865827560424804688e-01
9.876611232757568359e-01
9.845466613769531250e-01
9.790108203887939453e-01
9.940774440765380859e-01
9.955484867095947266e-01
1.002295255661010742e+00
9.796028137207031250e-01
1.064313650131225586e+00
9.848568439483642578e-01
9.886543750762939453e-01
9.844479560852050781e-01
9.852571487426757812e-01
9.930646419525146484e-01
9.878995418548583984e-01
9.786708354949951172e-01
9.852147102355957031e-01
9.860541820526123047e-01
9.856462478637695312e-01
1.073120832443237305e+00
9.813642501831054688e-01
9.937958717346191406e-01
9.911966323852539062e-01
9.874169826507568359e-01
1.269944667816162109e+00
1.321003675460815430e+00
1.412777662277221680e+00
1.674628496170043945e+00
1.750749349594116211e+00
1.829920291900634766e+00
1.793163776397705078e+00
1.844046592712402344e+00
1.713918447494506836e+00
1.255842685699462891e+00
1.068361043930053711e+00
9.809434413909912109e-01
9.909598827362060547e-01
9.879338741302490234e-01
9.819867610931396484e-01
9.810633659362792969e-01
9.884040355682373047e-01
9.812903404235839844e-01
9.829089641571044922e-01
9.804611206054687500e-01
1.008275508880615234e+00
9.894526004791259766e-01
9.872970581054687500e-01
9.787862300872802734e-01
9.823327064514160156e-01
9.828591346740722656e-01
