9.882466793060302734e-01
9.757423400878906250e-01
9.788906574249267578e-01
1.036552190780639648e+00
9.655055999755859375e-01
9.618952274322509766e-01
9.584343433380126953e-01
9.640574455261230469e-01
1.035375118255615234e+00
9.867744445800781250e-01
9.706685543060302734e-01
9.782524108886718750e-01
9.666244983673095703e-01
9.656021595001220703e-01
9.538950920104980469e-01
9.543581008911132812e-01
9.650361537933349609e-01
9.749400615692138672e-01
1.239451646804809570e+00
1.493116140365600586e+00
1.773361444473266602e+00
1.873606681823730469e+00
1.433334112167358398e+00
1.218665361404418945e+00
9.667694568634033203e-01
9.649379253387451172e-01
9.824311733245849609e-01
9.904708862304687500e-01
1.024592638015747070e+00
9.691500663757324219e-01
9.822282791137695312e-01
9.826157093048095703e-01
9.687523841857910156e-01
1.003087043762207031e+00
9.685378074645996094e-01
9.882507324218750000e-01
9.797971248626708984e-01
9.697389602661132812e-01
9.646575450897216797e-01
9.309945106506347656e-01
9.398934841156005859e-01
9.418022632598876953e-01
9.477577209472656250e-01
9.648303985595703125e-01
1.035805702209472656e+00
1.394547939300537109e+00
1.832271099090576172e+00
1.848543882369995117e+00
1.678237676620483398e+00
1.316851377487182617e+00
9.796257019042968750e-01
9.731769561767578125e-01
1.073381900787353516e+00
9.918029308319091797e-01
9.641928672790527344e-01
9.691410064697265625e-01
9.403076171875000000e-01
9.663562774658203125e-01
9.950125217437744141e-01
9.920678138732910156e-01
9.853851795196533203e-01
1.127121925354003906e+00
1.041989564895629883e+00
9.863817691802978516e-01
9.738535881042480469e-01
9.975121021270751953e-01
9.522895812988281250e-01
9.521400928497314453e-01
9.818830490112304688e-01
9.596183300018310547e-01
1.123195648193359375e+00
1.513478755950927734e+00
1.815761804580688477e+00
1.872633457183837891e+00
1.699446201324462891e+00
1.171973943710327148e+00
9.433314800262451172e-01
9.520754814147949219e-01
9.919364452362060547e-01
9.499349594116210938e-01
9.571511745452880859e-01
9.909937381744384766e-01
9.510288238525390625e-01
9.929611682891845703e-01
9.668984413146972656e-01
9.652936458587646484e-01
1.027566194534301758e+00
9.888353347778320312e-01
9.950392246246337891e-01
9.848401546478271484e-01
9.904749393463134766e-01
9.968307018280029297e-01
1.045411825180053711e+00
1.188143730163574219e+00
1.556330442428588867e+00
1.735867977142333984e+00
1.285883903503417969e+00
9.578528404235839844e-01
9.496014118194580078e-01
9.780488014221191406e-01
9.739294052124023438e-01
9.727678298950195312e-01
9.792318344116210938e-01
1.058674812316894531e+00
9.771614074707031250e-01
9.848208427429199219e-01
9.758207798004150391e-01
9.490768909454345703e-01
9.615082740783691406e-01
1.061705112457275391e+00
1.006020307540893555e+00
1.030858278274536133e+00
1.021982669830322266e+00
1.025685310363769531e+00
1.206254482269287109e+00
1.771255493164062500e+00
1.962059736251831055e+00
1.870872259140014648e+00
1.198942899703979492e+00
1.012853860855102539e+00
9.867939949035644531e-01
9.887318611145019531e-01
1.003462553024291992e+00
1.021527051925659180e+00
1.057700634002685547e+00
1.012671232223510742e+00
1.017633914947509766e+00
1.005006551742553711e+00
1.118623495101928711e+00
1.021783828735351562e+00
1.024497270584106445e+00
1.020637750625610352e+00
1.005829572677612305e+00
1.129379272460937500e+00
1.274993658065795898e+00
1.549332857131958008e+00
1.733084678649902344e+00
1.813310623168945312e+00
1.719756364822387695e+00
1.576781034469604492e+00
1.723780155181884766e+00
1.781353712081909180e+00
1.715617418289184570e+00
1.623368024826049805e+00
1.193742990493774414e+00
9.816167354583740234e-01
9.827477931976318359e-01
9.892377853393554688e-01
9.838845729827880859e-01
9.788322448730468750e-01
9.865701198577880859e-01
9.876625537872314453e-01
9.845342636108398438e-01
9.790096282958984375e-01
9.940693378448486328e-01
9.955544471740722656e-01
1.002271413803100586e+00
9.795820713043212891e-01
1.064312458038330078e+00
9.848573207855224609e-01
9.886417388916015625e-01
9.844288825988769531e-01
9.852547645568847656e-01
9.930455684661865234e-01
9.878838062286376953e-01
9.786520004272460938e-01
9.852082729339599609e-01
9.860541820526123047e-01
9.856340885162353516e-01
1.073096752166748047e+00
9.813442230224609375e-01
9.937965869903564453e-01
9.911849498748779297e-01
9.874043464660644531e-01
1.269922971725463867e+00
1.320993423461914062e+00
1.412781000137329102e+00
1.674604415893554688e+00
1.750750541687011719e+00
1.829922676086425781e+00
1.793162107467651367e+00
1.844075202941894531e+00
1.713891744613647461e+00
1.255846023559570312e+00
1.068352699279785156e+00
9.809250831604003906e-01
9.909522533416748047e-01
9.879243373870849609e-01
9.819741249084472656e-01
9.810419082641601562e-01
9.883899688720703125e-01
9.813053607940673828e-01
9.828987121582031250e-01
9.804625511169433594e-01
1.008261919021606445e+00
9.894392490386962891e-01
9.872970581054687500e-01
9.787831306457519531e-01
9.823217391967773438e-01
9.828372001647949219e-01
