2.165148258209228516e+00
4.312241077423095703e-01
4.123640060424804688e-01
4.128792285919189453e-01
4.132378101348876953e-01
4.148168563842773438e-01
4.178571701049804688e-01
4.161772727966308594e-01
4.264655113220214844e-01
4.371848106384277344e-01
4.411346912384033203e-01
4.465019702911376953e-01
4.357628822326660156e-01
4.405274391174316406e-01
4.376354217529296875e-01
4.467573165893554688e-01
4.359564781188964844e-01
4.463238716125488281e-01
4.620306491851806641e-01
4.307651519775390625e-01
4.298954010009765625e-01
4.198410511016845703e-01
4.553012847900390625e-01
4.177765846252441406e-01
4.082963466644287109e-01
4.085996150970458984e-01
4.143998622894287109e-01
4.081599712371826172e-01
4.095721244812011719e-01
4.259567260742187500e-01
4.159967899322509766e-01
4.086928367614746094e-01
4.090118408203125000e-01
4.102158546447753906e-01
4.229273796081542969e-01
4.145638942718505859e-01
4.121167659759521484e-01
4.131469726562500000e-01
4.134180545806884766e-01
4.549832344055175781e-01
4.459652900695800781e-01
4.477531909942626953e-01
4.531233310699462891e-01
4.547791481018066406e-01
4.610486030578613281e-01
4.327018260955810547e-01
4.229640960693359375e-01
4.283137321472167969e-01
4.244315624237060547e-01
4.339005947113037109e-01
4.183869361877441406e-01
4.190680980682373047e-01
4.211726188659667969e-01
4.225385189056396484e-01
4.225523471832275391e-01
4.208323955535888672e-01
4.186275005340576172e-01
4.149599075317382812e-01
4.858741760253906250e-01
4.308297634124755859e-01
4.282486438751220703e-01
4.396591186523437500e-01
4.672863483428955078e-01
4.559612274169921875e-01
4.128663539886474609e-01
4.230699539184570312e-01
4.285733699798583984e-01
4.269559383392333984e-01
4.244785308837890625e-01
4.893162250518798828e-01
4.530699253082275391e-01
4.319796562194824219e-01
4.225010871887207031e-01
4.210224151611328125e-01
4.194974899291992188e-01
4.381000995635986328e-01
4.231133460998535156e-01
4.262590408325195312e-01
4.252076148986816406e-01
4.427261352539062500e-01
4.257562160491943359e-01
4.429724216461181641e-01
4.245004653930664062e-01
4.374055862426757812e-01
4.370059967041015625e-01
4.619755744934082031e-01
4.499919414520263672e-01
4.580328464508056641e-01
4.501533508300781250e-01
4.556269645690917969e-01
4.594755172729492188e-01
4.530026912689208984e-01
4.559338092803955078e-01
4.206662178039550781e-01
4.200012683868408203e-01
4.197821617126464844e-01
4.181306362152099609e-01
4.188222885131835938e-01
4.184434413909912109e-01
4.207718372344970703e-01
4.287416934967041016e-01
4.158167839050292969e-01
4.157283306121826172e-01
4.159047603607177734e-01
4.161801338195800781e-01
4.164290428161621094e-01
4.371469020843505859e-01
4.543287754058837891e-01
4.711532592773437500e-01
4.675312042236328125e-01
4.642705917358398438e-01
4.601852893829345703e-01
4.746305942535400391e-01
4.614119529724121094e-01
4.620189666748046875e-01
5.081970691680908203e-01
4.920973777770996094e-01
4.651904106140136719e-01
4.622943401336669922e-01
4.884996414184570312e-01
5.258090496063232422e-01
5.309731960296630859e-01
5.053026676177978516e-01
5.291969776153564453e-01
5.298767089843750000e-01
4.943442344665527344e-01
4.429810047149658203e-01
4.459547996520996094e-01
4.616036415100097656e-01
4.615628719329833984e-01
4.887323379516601562e-01
4.750649929046630859e-01
4.643208980560302734e-01
4.626467227935791016e-01
4.633035659790039062e-01
4.819726943969726562e-01
4.702200889587402344e-01
4.644372463226318359e-01
4.720847606658935547e-01
4.307036399841308594e-01
4.282398223876953125e-01
4.268186092376708984e-01
4.263682365417480469e-01
4.270298480987548828e-01
4.312691688537597656e-01
4.319338798522949219e-01
4.295208454132080078e-01
4.265947341918945312e-01
4.286322593688964844e-01
4.249889850616455078e-01
4.273424148559570312e-01
4.293651580810546875e-01
4.275751113891601562e-01
4.284121990203857422e-01
4.284172058105468750e-01
4.278585910797119141e-01
4.275748729705810547e-01
4.301121234893798828e-01
4.326744079589843750e-01
4.274206161499023438e-01
4.307589530944824219e-01
4.272749423980712891e-01
4.308276176452636719e-01
4.300301074981689453e-01
4.301040172576904297e-01
4.302182197570800781e-01
4.301347732543945312e-01
4.291183948516845703e-01
4.279885292053222656e-01
4.306919574737548828e-01
4.308681488037109375e-01
4.301459789276123047e-01
4.302499294281005859e-01
4.294459819793701172e-01
4.295964241027832031e-01
4.279949665069580078e-01
4.282357692718505859e-01
4.276401996612548828e-01
4.287507534027099609e-01
4.276444911956787109e-01
4.266195297241210938e-01
4.262630939483642578e-01
4.268786907196044922e-01
4.308757781982421875e-01
4.277782440185546875e-01
4.375894069671630859e-01
4.290280342102050781e-01
4.295890331268310547e-01
4.285838603973388672e-01
4.263060092926025391e-01
4.264218807220458984e-01
4.290335178375244141e-01
4.302380084991455078e-01
4.264831542968750000e-01
4.298598766326904297e-01
4.266972541809082031e-01
4.287843704223632812e-01
4.275507926940917969e-01
4.384183883666992188e-01
4.306545257568359375e-01
