7.818994522094726562e-01
7.738380432128906250e-01
7.748484611511230469e-01
7.673180103302001953e-01
8.479342460632324219e-01
7.978415489196777344e-01
7.979567050933837891e-01
7.702388763427734375e-01
7.823336124420166016e-01
7.568905353546142578e-01
7.901232242584228516e-01
7.772803306579589844e-01
7.919678688049316406e-01
7.579317092895507812e-01
7.520234584808349609e-01
7.609345912933349609e-01
8.605847358703613281e-01
7.715744972229003906e-01
7.842073440551757812e-01
7.757153511047363281e-01
7.541470527648925781e-01
7.731938362121582031e-01
7.638845443725585938e-01
7.588047981262207031e-01
7.580039501190185547e-01
7.623438835144042969e-01
7.858736515045166016e-01
7.895462512969970703e-01
7.871880531311035156e-01
7.511889934539794922e-01
7.893922328948974609e-01
7.813665866851806641e-01
7.678444385528564453e-01
7.683308124542236328e-01
7.604274749755859375e-01
8.254756927490234375e-01
7.582728862762451172e-01
7.608067989349365234e-01
7.737469673156738281e-01
8.031220436096191406e-01
7.797248363494873047e-01
7.748677730560302734e-01
7.634069919586181641e-01
7.941241264343261719e-01
7.880535125732421875e-01
7.664818763732910156e-01
7.838604450225830078e-01
8.424060344696044922e-01
7.789969444274902344e-01
7.707822322845458984e-01
7.849936485290527344e-01
7.259943485260009766e-01
7.476963996887207031e-01
7.455685138702392578e-01
7.478306293487548828e-01
7.593212127685546875e-01
7.484028339385986328e-01
7.452073097229003906e-01
7.462084293365478516e-01
7.864248752593994141e-01
7.275705337524414062e-01
7.236371040344238281e-01
7.557625770568847656e-01
7.484011650085449219e-01
8.021149635314941406e-01
7.806613445281982422e-01
8.428964614868164062e-01
7.624316215515136719e-01
7.453258037567138672e-01
7.571213245391845703e-01
7.870309352874755859e-01
7.394948005676269531e-01
7.555336952209472656e-01
7.550463676452636719e-01
7.860643863677978516e-01
7.586135864257812500e-01
7.663862705230712891e-01
7.895841598510742188e-01
7.699131965637207031e-01
7.923967838287353516e-01
7.568497657775878906e-01
7.911369800567626953e-01
7.431130409240722656e-01
7.552244663238525391e-01
7.539422512054443359e-01
7.798759937286376953e-01
7.712504863739013672e-01
7.531554698944091797e-01
7.315940856933593750e-01
8.342075347900390625e-01
7.736897468566894531e-01
7.810764312744140625e-01
7.655286788940429688e-01
7.747821807861328125e-01
7.581162452697753906e-01
7.462832927703857422e-01
7.501816749572753906e-01
8.068044185638427734e-01
7.489583492279052734e-01
7.787642478942871094e-01
7.600440979003906250e-01
7.636780738830566406e-01
7.663996219635009766e-01
7.532010078430175781e-01
7.667622566223144531e-01
7.762038707733154297e-01
8.071715831756591797e-01
7.409155368804931641e-01
7.528131008148193359e-01
7.429840564727783203e-01
7.763402462005615234e-01
7.962653636932373047e-01
7.564575672149658203e-01
7.594957351684570312e-01
7.500226497650146484e-01
7.625756263732910156e-01
7.389962673187255859e-01
7.810599803924560547e-01
7.621879577636718750e-01
7.334232330322265625e-01
7.991528511047363281e-01
7.877175807952880859e-01
7.803883552551269531e-01
7.591602802276611328e-01
7.613821029663085938e-01
7.880864143371582031e-01
7.593224048614501953e-01
7.903602123260498047e-01
7.833306789398193359e-01
7.732744216918945312e-01
7.628726959228515625e-01
7.367229461669921875e-01
7.627296447753906250e-01
7.508175373077392578e-01
7.447745800018310547e-01
7.868080139160156250e-01
7.432670593261718750e-01
7.504580020904541016e-01
7.817580699920654297e-01
7.568686008453369141e-01
7.567980289459228516e-01
7.811024188995361328e-01
7.984037399291992188e-01
7.861053943634033203e-01
7.928268909454345703e-01
8.241469860076904297e-01
7.520444393157958984e-01
8.431522846221923828e-01
7.548682689666748047e-01
8.055155277252197266e-01
7.951350212097167969e-01
7.965974807739257812e-01
7.901055812835693359e-01
8.660719394683837891e-01
7.680206298828125000e-01
7.483453750610351562e-01
8.124895095825195312e-01
7.429656982421875000e-01
7.436652183532714844e-01
7.542281150817871094e-01
7.306015491485595703e-01
7.502036094665527344e-01
7.876901626586914062e-01
7.409732341766357422e-01
7.742638587951660156e-01
8.772110939025878906e-01
7.742760181427001953e-01
7.571778297424316406e-01
7.504642009735107422e-01
7.878098487854003906e-01
7.714397907257080078e-01
7.772159576416015625e-01
7.493698596954345703e-01
7.490015029907226562e-01
7.607283592224121094e-01
7.560403347015380859e-01
7.714555263519287109e-01
9.043345451354980469e-01
7.793340682983398438e-01
7.820975780487060547e-01
7.722263336181640625e-01
7.918469905853271484e-01
7.867550849914550781e-01
7.913901805877685547e-01
8.029296398162841797e-01
7.679159641265869141e-01
7.779703140258789062e-01
7.961344718933105469e-01
7.941291332244873047e-01
7.781746387481689453e-01
8.865387439727783203e-01
7.469992637634277344e-01
7.408008575439453125e-01
7.326157093048095703e-01
7.749845981597900391e-01
7.769603729248046875e-01
7.602417469024658203e-01
7.647805213928222656e-01
7.420914173126220703e-01
7.416012287139892578e-01
