2.795902967453002930e+00
8.663539886474609375e-01
7.673606872558593750e-01
7.642290592193603516e-01
7.643401622772216797e-01
7.627956867218017578e-01
7.654981613159179688e-01
7.584495544433593750e-01
7.491440773010253906e-01
7.484908103942871094e-01
7.589397430419921875e-01
7.601816654205322266e-01
7.493510246276855469e-01
7.622110843658447266e-01
7.747640609741210938e-01
7.442016601562500000e-01
7.585761547088623047e-01
8.518249988555908203e-01
7.528281211853027344e-01
7.584581375122070312e-01
7.531211376190185547e-01
7.833209037780761719e-01
7.558250427246093750e-01
7.504189014434814453e-01
7.554514408111572266e-01
7.674162387847900391e-01
7.544052600860595703e-01
7.574372291564941406e-01
7.666583061218261719e-01
7.623288631439208984e-01
7.911248207092285156e-01
7.684466838836669922e-01
7.971012592315673828e-01
7.910873889923095703e-01
7.755365371704101562e-01
7.636823654174804688e-01
7.494106292724609375e-01
7.695517539978027344e-01
7.543261051177978516e-01
7.730572223663330078e-01
7.897720336914062500e-01
8.440937995910644531e-01
7.473492622375488281e-01
7.581100463867187500e-01
8.065469264984130859e-01
8.291330337524414062e-01
7.865231037139892578e-01
7.515332698822021484e-01
7.454547882080078125e-01
8.843951225280761719e-01
7.862796783447265625e-01
7.706532478332519531e-01
7.791650295257568359e-01
8.648734092712402344e-01
7.590644359588623047e-01
7.572426795959472656e-01
7.599680423736572266e-01
7.595794200897216797e-01
7.566909790039062500e-01
7.621071338653564453e-01
7.651357650756835938e-01
7.769911289215087891e-01
7.657711505889892578e-01
7.564756870269775391e-01
7.566223144531250000e-01
7.586066722869873047e-01
7.668294906616210938e-01
7.909357547760009766e-01
7.842757701873779297e-01
7.807219028472900391e-01
7.817542552947998047e-01
7.758028507232666016e-01
7.751393318176269531e-01
7.591853141784667969e-01
8.908395767211914062e-01
7.823841571807861328e-01
7.874388694763183594e-01
7.871463298797607422e-01
7.863488197326660156e-01
7.650930881500244141e-01
7.532303333282470703e-01
7.777500152587890625e-01
7.850327491760253906e-01
7.981488704681396484e-01
7.995142936706542969e-01
7.915923595428466797e-01
8.006021976470947266e-01
7.763152122497558594e-01
7.704064846038818359e-01
7.700436115264892578e-01
7.730240821838378906e-01
7.613394260406494141e-01
7.914900779724121094e-01
7.859497070312500000e-01
7.876713275909423828e-01
8.201682567596435547e-01
7.723023891448974609e-01
7.637541294097900391e-01
7.903981208801269531e-01
7.860243320465087891e-01
8.643269538879394531e-01
8.097784519195556641e-01
7.903935909271240234e-01
8.044817447662353516e-01
8.272244930267333984e-01
8.247816562652587891e-01
8.259162902832031250e-01
8.523364067077636719e-01
7.972681522369384766e-01
8.449230194091796875e-01
7.899925708770751953e-01
7.732975482940673828e-01
8.164360523223876953e-01
8.400506973266601562e-01
7.889904975891113281e-01
7.868921756744384766e-01
7.835645675659179688e-01
7.799525260925292969e-01
7.874524593353271484e-01
7.778670787811279297e-01
7.827610969543457031e-01
7.766773700714111328e-01
7.846608161926269531e-01
7.813606262207031250e-01
7.811188697814941406e-01
7.774021625518798828e-01
7.736818790435791016e-01
7.859861850738525391e-01
7.965915203094482422e-01
8.027069568634033203e-01
7.847485542297363281e-01
7.855553627014160156e-01
8.575713634490966797e-01
7.810101509094238281e-01
8.666224479675292969e-01
7.766616344451904297e-01
8.213427066802978516e-01
8.338558673858642578e-01
8.003802299499511719e-01
8.124709129333496094e-01
7.665262222290039062e-01
7.674598693847656250e-01
7.565817832946777344e-01
7.621731758117675781e-01
7.943534851074218750e-01
7.898676395416259766e-01
7.691915035247802734e-01
7.907731533050537109e-01
7.915699481964111328e-01
7.790174484252929688e-01
7.826867103576660156e-01
7.882964611053466797e-01
7.871303558349609375e-01
7.988290786743164062e-01
7.740471363067626953e-01
8.088698387145996094e-01
7.776827812194824219e-01
7.743036746978759766e-01
7.938544750213623047e-01
7.832183837890625000e-01
7.687451839447021484e-01
7.760951519012451172e-01
7.758386135101318359e-01
7.892830371856689453e-01
7.934045791625976562e-01
7.921631336212158203e-01
7.916007041931152344e-01
7.922368049621582031e-01
8.021569252014160156e-01
7.999608516693115234e-01
7.999925613403320312e-01
7.952423095703125000e-01
7.944040298461914062e-01
8.307638168334960938e-01
8.026115894317626953e-01
8.061337471008300781e-01
7.954757213592529297e-01
7.970578670501708984e-01
8.015196323394775391e-01
7.907226085662841797e-01
8.884038925170898438e-01
7.679059505462646484e-01
8.327233791351318359e-01
8.153054714202880859e-01
8.576526641845703125e-01
8.372769355773925781e-01
7.869057655334472656e-01
7.796235084533691406e-01
7.776434421539306641e-01
7.865064144134521484e-01
7.788307666778564453e-01
7.825455665588378906e-01
7.825713157653808594e-01
7.853507995605468750e-01
7.830462455749511719e-01
7.921507358551025391e-01
7.711234092712402344e-01
8.230528831481933594e-01
7.947068214416503906e-01
7.651200294494628906e-01
