2.345795154571533203e+00
7.458612918853759766e-01
7.469823360443115234e-01
7.478775978088378906e-01
7.483811378479003906e-01
7.481515407562255859e-01
7.480781078338623047e-01
7.465395927429199219e-01
7.460026741027832031e-01
7.490625381469726562e-01
7.519567012786865234e-01
7.475550174713134766e-01
7.485263347625732422e-01
7.492785453796386719e-01
7.483580112457275391e-01
7.497370243072509766e-01
7.498004436492919922e-01
7.503750324249267578e-01
7.521016597747802734e-01
7.511634826660156250e-01
7.525432109832763672e-01
7.515797615051269531e-01
7.503628730773925781e-01
7.523262500762939453e-01
7.492642402648925781e-01
7.490224838256835938e-01
7.530717849731445312e-01
7.532598972320556641e-01
7.524275779724121094e-01
7.505044937133789062e-01
7.620625495910644531e-01
7.543077468872070312e-01
7.520077228546142578e-01
7.512373924255371094e-01
7.539985179901123047e-01
7.531342506408691406e-01
7.514429092407226562e-01
7.514832019805908203e-01
7.540476322174072266e-01
7.536768913269042969e-01
7.531299591064453125e-01
7.552793025970458984e-01
7.561526298522949219e-01
7.552752494812011719e-01
7.579455375671386719e-01
7.580735683441162109e-01
7.625365257263183594e-01
7.574059963226318359e-01
7.553303241729736328e-01
7.652547359466552734e-01
7.573835849761962891e-01
7.577683925628662109e-01
7.563645839691162109e-01
7.563853263854980469e-01
7.558791637420654297e-01
7.580311298370361328e-01
7.577147483825683594e-01
7.581815719604492188e-01
7.571396827697753906e-01
7.650628089904785156e-01
7.552931308746337891e-01
7.782340049743652344e-01
7.615702152252197266e-01
7.595245838165283203e-01
7.657988071441650391e-01
7.671227455139160156e-01
7.615132331848144531e-01
7.605631351470947266e-01
7.611031532287597656e-01
7.621383666992187500e-01
7.603425979614257812e-01
7.623438835144042969e-01
7.628552913665771484e-01
7.611579895019531250e-01
7.608237266540527344e-01
7.593939304351806641e-01
7.700691223144531250e-01
7.616975307464599609e-01
7.610268592834472656e-01
7.650976181030273438e-01
7.613160610198974609e-01
7.630786895751953125e-01
7.641315460205078125e-01
7.646281719207763672e-01
7.620966434478759766e-01
7.610752582550048828e-01
7.612140178680419922e-01
7.630920410156250000e-01
7.633471488952636719e-01
7.649650573730468750e-01
7.629559040069580078e-01
7.649922370910644531e-01
7.610321044921875000e-01
7.683460712432861328e-01
7.663128376007080078e-01
7.665247917175292969e-01
7.632679939270019531e-01
7.634091377258300781e-01
7.601311206817626953e-01
7.629199028015136719e-01
7.713663578033447266e-01
7.656652927398681641e-01
7.638580799102783203e-01
7.649447917938232422e-01
7.659759521484375000e-01
7.618949413299560547e-01
7.659242153167724609e-01
7.620995044708251953e-01
7.642118930816650391e-01
7.612214088439941406e-01
7.667753696441650391e-01
7.632486820220947266e-01
7.657365798950195312e-01
7.621018886566162109e-01
7.649977207183837891e-01
7.647736072540283203e-01
7.630505561828613281e-01
7.641365528106689453e-01
7.646539211273193359e-01
7.663986682891845703e-01
7.640743255615234375e-01
7.649424076080322266e-01
7.626016139984130859e-01
7.654254436492919922e-01
7.633426189422607422e-01
7.696437835693359375e-01
7.653021812438964844e-01
7.664906978607177734e-01
7.638993263244628906e-01
7.665777206420898438e-01
7.660303115844726562e-01
7.669031620025634766e-01
7.684862613677978516e-01
7.634582519531250000e-01
7.653381824493408203e-01
7.657520771026611328e-01
7.658538818359375000e-01
7.663118839263916016e-01
7.641077041625976562e-01
7.792437076568603516e-01
7.647504806518554688e-01
7.656860351562500000e-01
7.670333385467529297e-01
7.700312137603759766e-01
7.665784358978271484e-01
7.671113014221191406e-01
7.643208503723144531e-01
7.672309875488281250e-01
7.646155357360839844e-01
7.661817073822021484e-01
7.664580345153808594e-01
7.659130096435546875e-01
7.681255340576171875e-01
7.684118747711181641e-01
7.665765285491943359e-01
7.744326591491699219e-01
7.672908306121826172e-01
7.694470882415771484e-01
7.663745880126953125e-01
7.674305438995361328e-01
7.689654827117919922e-01
7.657201290130615234e-01
7.678785324096679688e-01
7.679960727691650391e-01
7.758593559265136719e-01
7.655363082885742188e-01
7.696552276611328125e-01
7.672145366668701172e-01
7.675580978393554688e-01
7.677142620086669922e-01
7.685136795043945312e-01
7.664129734039306641e-01
7.732689380645751953e-01
7.716224193572998047e-01
7.675135135650634766e-01
7.681143283843994141e-01
7.694988250732421875e-01
7.788791656494140625e-01
7.677061557769775391e-01
7.671370506286621094e-01
7.681913375854492188e-01
7.697389125823974609e-01
7.684705257415771484e-01
7.687578201293945312e-01
7.696075439453125000e-01
7.682876586914062500e-01
7.710747718811035156e-01
7.725708484649658203e-01
7.759547233581542969e-01
7.681381702423095703e-01
7.700791358947753906e-01
7.722010612487792969e-01
7.686777114868164062e-01
7.847487926483154297e-01
7.721080780029296875e-01
7.709383964538574219e-01
7.731616497039794922e-01
7.697536945343017578e-01
7.683231830596923828e-01
7.683868408203125000e-01
