2.664212942123413086e+00
9.686541557312011719e-01
7.400021553039550781e-01
7.379574775695800781e-01
7.380509376525878906e-01
8.093495368957519531e-01
7.398869991302490234e-01
7.386906147003173828e-01
7.486920356750488281e-01
7.502527236938476562e-01
7.485473155975341797e-01
7.616419792175292969e-01
7.480852603912353516e-01
7.489171028137207031e-01
7.562012672424316406e-01
7.582983970642089844e-01
7.761700153350830078e-01
8.385393619537353516e-01
7.455384731292724609e-01
8.022778034210205078e-01
7.454278469085693359e-01
8.821933269500732422e-01
7.598185539245605469e-01
7.556285858154296875e-01
7.743606567382812500e-01
7.609424591064453125e-01
7.497062683105468750e-01
7.473223209381103516e-01
7.444741725921630859e-01
7.611005306243896484e-01
7.630903720855712891e-01
7.492508888244628906e-01
7.519962787628173828e-01
7.869203090667724609e-01
7.857084274291992188e-01
7.724585533142089844e-01
7.706410884857177734e-01
7.690680027008056641e-01
7.731142044067382812e-01
7.678697109222412109e-01
7.673904895782470703e-01
7.688801288604736328e-01
7.692124843597412109e-01
7.688946723937988281e-01
7.685656547546386719e-01
7.885029315948486328e-01
7.658205032348632812e-01
7.692718505859375000e-01
7.729022502899169922e-01
8.757665157318115234e-01
7.634088993072509766e-01
7.974512577056884766e-01
7.806119918823242188e-01
7.704689502716064453e-01
7.732980251312255859e-01
7.724308967590332031e-01
7.742741107940673828e-01
7.746949195861816406e-01
7.761697769165039062e-01
7.725064754486083984e-01
7.797884941101074219e-01
7.776229381561279297e-01
7.859315872192382812e-01
7.750732898712158203e-01
7.631530761718750000e-01
7.679357528686523438e-01
7.870597839355468750e-01
8.264112472534179688e-01
7.942080497741699219e-01
7.737274169921875000e-01
7.606091499328613281e-01
8.143920898437500000e-01
7.789239883422851562e-01
7.619376182556152344e-01
8.628990650177001953e-01
7.642526626586914062e-01
7.686393260955810547e-01
7.774343490600585938e-01
7.907106876373291016e-01
7.688210010528564453e-01
7.726814746856689453e-01
7.729935646057128906e-01
7.774608135223388672e-01
7.886800765991210938e-01
7.911367416381835938e-01
7.830595970153808594e-01
7.764220237731933594e-01
7.821977138519287109e-01
7.791254520416259766e-01
7.781815528869628906e-01
7.818284034729003906e-01
7.813899517059326172e-01
7.809996604919433594e-01
7.766065597534179688e-01
7.838466167449951172e-01
7.731149196624755859e-01
7.849433422088623047e-01
7.836139202117919922e-01
7.828476428985595703e-01
7.859816551208496094e-01
7.930011749267578125e-01
7.820665836334228516e-01
7.571134567260742188e-01
8.035073280334472656e-01
8.388514518737792969e-01
9.257357120513916016e-01
8.337943553924560547e-01
8.432705402374267578e-01
7.793407440185546875e-01
7.822284698486328125e-01
7.814712524414062500e-01
7.966246604919433594e-01
7.933835983276367188e-01
7.738914489746093750e-01
7.703826427459716797e-01
7.759399414062500000e-01
7.717053890228271484e-01
7.690896987915039062e-01
8.419129848480224609e-01
7.910718917846679688e-01
7.820942401885986328e-01
7.696146965026855469e-01
7.732853889465332031e-01
7.701687812805175781e-01
7.767865657806396484e-01
7.722966670989990234e-01
7.958304882049560547e-01
7.872009277343750000e-01
8.224043846130371094e-01
7.615654468536376953e-01
7.664787769317626953e-01
8.990299701690673828e-01
7.849655151367187500e-01
7.686812877655029297e-01
7.965660095214843750e-01
8.137986660003662109e-01
8.452467918395996094e-01
7.838399410247802734e-01
7.781805992126464844e-01
7.792899608612060547e-01
7.812683582305908203e-01
7.819316387176513672e-01
7.821397781372070312e-01
7.910790443420410156e-01
7.911481857299804688e-01
8.451347351074218750e-01
8.063826560974121094e-01
7.922067642211914062e-01
7.685821056365966797e-01
7.671155929565429688e-01
8.436970710754394531e-01
7.712883949279785156e-01
7.748126983642578125e-01
8.399775028228759766e-01
7.795999050140380859e-01
8.591432571411132812e-01
8.037757873535156250e-01
7.687287330627441406e-01
7.909991741180419922e-01
7.854990959167480469e-01
8.074066638946533203e-01
7.791016101837158203e-01
8.067305088043212891e-01
7.854957580566406250e-01
7.793815135955810547e-01
7.790720462799072266e-01
7.789199352264404297e-01
7.803432941436767578e-01
7.917258739471435547e-01
7.948246002197265625e-01
7.908098697662353516e-01
7.869784832000732422e-01
7.840158939361572266e-01
7.846229076385498047e-01
7.916829586029052734e-01
7.920026779174804688e-01
7.843656539916992188e-01
8.101933002471923828e-01
7.646722793579101562e-01
7.672331333160400391e-01
8.473379611968994141e-01
7.984342575073242188e-01
7.820808887481689453e-01
7.652344703674316406e-01
7.682964801788330078e-01
8.254504203796386719e-01
7.748847007751464844e-01
7.760007381439208984e-01
7.767241001129150391e-01
7.858500480651855469e-01
7.780876159667968750e-01
8.630352020263671875e-01
7.727272510528564453e-01
7.889473438262939453e-01
7.880156040191650391e-01
7.803204059600830078e-01
7.803995609283447266e-01
7.896924018859863281e-01
7.844104766845703125e-01
7.808518409729003906e-01
