7.818961143493652344e-01
7.738485336303710938e-01
7.748553752899169922e-01
7.673056125640869141e-01
8.479337692260742188e-01
7.978439331054687500e-01
7.979388236999511719e-01
7.702240943908691406e-01
7.823293209075927734e-01
7.851779460906982422e-01
7.901082038879394531e-01
7.772839069366455078e-01
7.919683456420898438e-01
7.836873531341552734e-01
7.781703472137451172e-01
7.609245777130126953e-01
8.605837821960449219e-01
7.715675830841064453e-01
8.035037517547607422e-01
7.757058143615722656e-01
7.807075977325439453e-01
7.731883525848388672e-01
7.638726234436035156e-01
7.588024139404296875e-01
7.579905986785888672e-01
7.623198032379150391e-01
7.858655452728271484e-01
7.910571098327636719e-01
7.871797084808349609e-01
7.511911392211914062e-01
7.790050506591796875e-01
7.836709022521972656e-01
7.842049598693847656e-01
7.683291435241699219e-01
7.604296207427978516e-01
8.254728317260742188e-01
7.805533409118652344e-01
7.608139514923095703e-01
7.772555351257324219e-01
8.031275272369384766e-01
7.797183990478515625e-01
7.748675346374511719e-01
7.633984088897705078e-01
7.941210269927978516e-01
7.880508899688720703e-01
7.664806842803955078e-01
7.838551998138427734e-01
8.424072265625000000e-01
7.789947986602783203e-01
7.814269065856933594e-01
7.834749221801757812e-01
7.260057926177978516e-01
7.476804256439208984e-01
7.455937862396240234e-01
7.478299140930175781e-01
7.593200206756591797e-01
7.484118938446044922e-01
7.452130317687988281e-01
7.462089061737060547e-01
7.864320278167724609e-01
7.275829315185546875e-01
7.236371040344238281e-01
7.557456493377685547e-01
7.484033107757568359e-01
8.021082878112792969e-01
8.022587299346923828e-01
8.429024219512939453e-01
7.624521255493164062e-01
7.453134059906005859e-01
7.571160793304443359e-01
7.870252132415771484e-01
7.668890953063964844e-01
7.555241584777832031e-01
7.666854858398437500e-01
7.860641479492187500e-01
7.586128711700439453e-01
7.663767337799072266e-01
7.771849632263183594e-01
7.699067592620849609e-01
7.923791408538818359e-01
7.568540573120117188e-01
7.911236286163330078e-01
7.431135177612304688e-01
7.552127838134765625e-01
7.539339065551757812e-01
7.798471450805664062e-01
7.712390422821044922e-01
7.795829772949218750e-01
7.315855026245117188e-01
8.341996669769287109e-01
7.736711502075195312e-01
7.810759544372558594e-01
7.655293941497802734e-01
7.747831344604492188e-01
7.581131458282470703e-01
7.462799549102783203e-01
7.702357769012451172e-01
8.067965507507324219e-01
7.489533424377441406e-01
7.787466049194335938e-01
7.600347995758056641e-01
7.636682987213134766e-01
7.663860321044921875e-01
7.531871795654296875e-01
7.667541503906250000e-01
7.762184143066406250e-01
8.210082054138183594e-01
7.409231662750244141e-01
7.528262138366699219e-01
7.429823875427246094e-01
7.763257026672363281e-01
7.962644100189208984e-01
7.564640045166015625e-01
7.594821453094482422e-01
7.500207424163818359e-01
7.625730037689208984e-01
7.389700412750244141e-01
7.810583114624023438e-01
7.621777057647705078e-01
7.334148883819580078e-01
7.991333007812500000e-01
7.877137660980224609e-01
7.804043292999267578e-01
7.591664791107177734e-01
7.613792419433593750e-01
7.880759239196777344e-01
7.593009471893310547e-01
7.965803146362304688e-01
7.833535671234130859e-01
7.732598781585693359e-01
7.811827659606933594e-01
7.367267608642578125e-01
7.627303600311279297e-01
7.748982906341552734e-01
7.447717189788818359e-01
7.868156433105468750e-01
7.377851009368896484e-01
7.504620552062988281e-01
7.817559242248535156e-01
7.568659782409667969e-01
7.568042278289794922e-01
7.811236381530761719e-01
7.984116077423095703e-01
7.861216068267822266e-01
7.928440570831298828e-01
8.262798786163330078e-01
7.520451545715332031e-01
8.431339263916015625e-01
7.548646926879882812e-01
8.055164813995361328e-01
7.951271533966064453e-01
7.965908050537109375e-01
7.901175022125244141e-01
8.660583496093750000e-01
7.680180072784423828e-01
7.596797943115234375e-01
8.198194503784179688e-01
7.429728507995605469e-01
7.436728477478027344e-01
7.542145252227783203e-01
7.305891513824462891e-01
7.501895427703857422e-01
7.876770496368408203e-01
7.409665584564208984e-01
7.945930957794189453e-01
8.771898746490478516e-01
7.742567062377929688e-01
7.571690082550048828e-01
7.504537105560302734e-01
7.878069877624511719e-01
7.714381217956542969e-01
7.772057056427001953e-01
7.493503093719482422e-01
7.489995956420898438e-01
7.607188224792480469e-01
7.560243606567382812e-01
7.714526653289794922e-01
9.160814285278320312e-01
7.793431282043457031e-01
7.820837497711181641e-01
7.722139358520507812e-01
7.918403148651123047e-01
7.867565155029296875e-01
7.913951873779296875e-01
8.029205799102783203e-01
7.679190635681152344e-01
7.656152248382568359e-01
7.961258888244628906e-01
7.941286563873291016e-01
7.781713008880615234e-01
8.865497112274169922e-01
7.469890117645263672e-01
7.407920360565185547e-01
7.154903411865234375e-01
7.749814987182617188e-01
7.769596576690673828e-01
7.628452777862548828e-01
7.647757530212402344e-01
7.420840263366699219e-01
7.415909767150878906e-01
