2.732556104660034180e+00
7.600388526916503906e-01
7.592899799346923828e-01
7.564752101898193359e-01
7.561578750610351562e-01
7.516160011291503906e-01
7.536098957061767578e-01
7.813260555267333984e-01
7.629289627075195312e-01
7.482781410217285156e-01
7.549903392791748047e-01
7.633979320526123047e-01
7.874853610992431641e-01
8.101022243499755859e-01
7.605323791503906250e-01
7.598624229431152344e-01
7.561216354370117188e-01
8.136374950408935547e-01
7.590548992156982422e-01
7.649557590484619141e-01
7.675955295562744141e-01
8.968725204467773438e-01
7.877781391143798828e-01
7.810885906219482422e-01
7.692594528198242188e-01
8.338363170623779297e-01
7.860419750213623047e-01
8.003568649291992188e-01
7.680122852325439453e-01
7.657923698425292969e-01
8.313562870025634766e-01
7.675104141235351562e-01
7.576413154602050781e-01
7.665290832519531250e-01
8.164877891540527344e-01
7.706227302551269531e-01
7.723345756530761719e-01
7.968513965606689453e-01
7.655482292175292969e-01
7.570059299468994141e-01
7.549567222595214844e-01
7.659544944763183594e-01
7.597699165344238281e-01
7.576944828033447266e-01
8.018586635589599609e-01
8.213722705841064453e-01
7.663345336914062500e-01
7.775087356567382812e-01
7.740697860717773438e-01
7.928154468536376953e-01
8.138849735260009766e-01
7.775430679321289062e-01
7.673268318176269531e-01
7.690310478210449219e-01
7.664341926574707031e-01
7.667858600616455078e-01
7.676644325256347656e-01
7.665648460388183594e-01
7.650983333587646484e-01
7.664225101470947266e-01
7.746627330780029297e-01
7.829122543334960938e-01
7.765648365020751953e-01
7.806775569915771484e-01
7.696092128753662109e-01
7.699286937713623047e-01
7.672317028045654297e-01
7.670812606811523438e-01
7.705159187316894531e-01
7.673268318176269531e-01
7.852442264556884766e-01
7.825188636779785156e-01
8.242359161376953125e-01
7.712931632995605469e-01
7.723584175109863281e-01
7.712078094482421875e-01
7.686152458190917969e-01
7.987520694732666016e-01
7.944316864013671875e-01
7.735185623168945312e-01
7.763638496398925781e-01
7.940385341644287109e-01
7.702507972717285156e-01
7.936327457427978516e-01
7.824587821960449219e-01
7.768735885620117188e-01
8.181173801422119141e-01
7.904620170593261719e-01
7.643675804138183594e-01
8.273127079010009766e-01
7.829213142395019531e-01
7.844638824462890625e-01
7.707698345184326172e-01
7.683253288269042969e-01
7.691481113433837891e-01
8.426609039306640625e-01
8.330328464508056641e-01
7.773818969726562500e-01
8.083796501159667969e-01
8.593738079071044922e-01
7.743971347808837891e-01
7.797801494598388672e-01
7.896735668182373047e-01
7.793049812316894531e-01
8.022177219390869141e-01
7.780661582946777344e-01
7.790613174438476562e-01
7.824733257293701172e-01
7.987875938415527344e-01
7.970418930053710938e-01
7.738604545593261719e-01
7.786986827850341797e-01
8.554940223693847656e-01
8.523042201995849609e-01
8.534748554229736328e-01
7.853026390075683594e-01
7.827825546264648438e-01
7.750313282012939453e-01
9.531273841857910156e-01
8.260352611541748047e-01
8.256840705871582031e-01
7.710642814636230469e-01
7.783858776092529297e-01
7.763245105743408203e-01
7.755746841430664062e-01
7.723484039306640625e-01
8.749277591705322266e-01
8.667206764221191406e-01
8.625540733337402344e-01
8.338024616241455078e-01
7.848024368286132812e-01
7.762522697448730469e-01
8.096756935119628906e-01
7.977881431579589844e-01
8.938686847686767578e-01
7.762877941131591797e-01
7.783827781677246094e-01
7.815289497375488281e-01
7.780718803405761719e-01
7.807478904724121094e-01
7.752664089202880859e-01
7.778348922729492188e-01
7.765166759490966797e-01
7.753970623016357422e-01
7.771167755126953125e-01
7.822530269622802734e-01
7.770841121673583984e-01
8.070397377014160156e-01
8.713235855102539062e-01
8.107752799987792969e-01
7.873871326446533203e-01
7.657871246337890625e-01
7.677543163299560547e-01
7.728245258331298828e-01
7.715373039245605469e-01
7.862648963928222656e-01
7.794981002807617188e-01
8.167288303375244141e-01
8.104474544525146484e-01
7.811517715454101562e-01
7.809259891510009766e-01
7.809791564941406250e-01
7.827579975128173828e-01
7.911508083343505859e-01
7.844333648681640625e-01
7.712218761444091797e-01
7.903640270233154297e-01
7.772440910339355469e-01
7.802507877349853516e-01
8.614590167999267578e-01
7.889583110809326172e-01
7.786917686462402344e-01
7.706313133239746094e-01
8.115797042846679688e-01
7.923600673675537109e-01
7.916691303253173828e-01
7.834317684173583984e-01
7.852973937988281250e-01
7.851772308349609375e-01
7.789230346679687500e-01
8.427875041961669922e-01
7.778246402740478516e-01
7.827694416046142578e-01
7.805583477020263672e-01
7.992622852325439453e-01
7.802088260650634766e-01
8.187744617462158203e-01
7.992000579833984375e-01
7.699418067932128906e-01
7.886457443237304688e-01
8.302452564239501953e-01
7.966632843017578125e-01
7.750883102416992188e-01
8.208017349243164062e-01
7.792103290557861328e-01
8.613905906677246094e-01
7.728948593139648438e-01
7.856378555297851562e-01
7.729141712188720703e-01
8.186523914337158203e-01
