2.494641065597534180e+00
7.582058906555175781e-01
7.505338191986083984e-01
7.505247592926025391e-01
7.504572868347167969e-01
7.586586475372314453e-01
7.497866153717041016e-01
7.507300376892089844e-01
7.552580833435058594e-01
7.495536804199218750e-01
7.591466903686523438e-01
7.985208034515380859e-01
7.536597251892089844e-01
7.892453670501708984e-01
8.162031173706054688e-01
7.963504791259765625e-01
7.799336910247802734e-01
7.710597515106201172e-01
7.583231925964355469e-01
7.617335319519042969e-01
7.928390502929687500e-01
8.307876586914062500e-01
7.672672271728515625e-01
7.590696811676025391e-01
8.144493103027343750e-01
7.603259086608886719e-01
7.530643939971923828e-01
7.828495502471923828e-01
7.872896194458007812e-01
7.916765213012695312e-01
8.100986480712890625e-01
7.653782367706298828e-01
7.617411613464355469e-01
7.921602725982666016e-01
7.549993991851806641e-01
7.578690052032470703e-01
7.773051261901855469e-01
7.807676792144775391e-01
7.715094089508056641e-01
7.702543735504150391e-01
7.759635448455810547e-01
7.893068790435791016e-01
7.645297050476074219e-01
7.613928318023681641e-01
7.888517379760742188e-01
7.660045623779296875e-01
7.647457122802734375e-01
7.745296955108642578e-01
7.655918598175048828e-01
7.959887981414794922e-01
7.885694503784179688e-01
7.862875461578369141e-01
7.824249267578125000e-01
7.720396518707275391e-01
7.653627395629882812e-01
7.750809192657470703e-01
8.160998821258544922e-01
7.881340980529785156e-01
8.061716556549072266e-01
7.999279499053955078e-01
7.818508148193359375e-01
8.038840293884277344e-01
8.312575817108154297e-01
7.736318111419677734e-01
7.761726379394531250e-01
7.972235679626464844e-01
8.924360275268554688e-01
7.675602436065673828e-01
8.749792575836181641e-01
7.725358009338378906e-01
7.690029144287109375e-01
8.237805366516113281e-01
7.934174537658691406e-01
7.786781787872314453e-01
7.612419128417968750e-01
7.730071544647216797e-01
7.989547252655029297e-01
7.991099357604980469e-01
7.621111869812011719e-01
7.748720645904541016e-01
7.646021842956542969e-01
8.068187236785888672e-01
7.797193527221679688e-01
7.662734985351562500e-01
7.692308425903320312e-01
7.679541110992431641e-01
7.743570804595947266e-01
7.621891498565673828e-01
8.211851119995117188e-01
7.813577651977539062e-01
7.646934986114501953e-01
7.751011848449707031e-01
8.810341358184814453e-01
7.856242656707763672e-01
7.896447181701660156e-01
8.358929157257080078e-01
7.651307582855224609e-01
7.801120281219482422e-01
7.971010208129882812e-01
8.338773250579833984e-01
8.063509464263916016e-01
8.242845535278320312e-01
7.960083484649658203e-01
7.904834747314453125e-01
8.247747421264648438e-01
7.908980846405029297e-01
7.983198165893554688e-01
7.910151481628417969e-01
7.992916107177734375e-01
7.881748676300048828e-01
7.979443073272705078e-01
7.712190151214599609e-01
8.165488243103027344e-01
7.772388458251953125e-01
7.753880023956298828e-01
7.664194107055664062e-01
7.998273372650146484e-01
7.951233386993408203e-01
8.667418956756591797e-01
7.994234561920166016e-01
7.897169589996337891e-01
8.100535869598388672e-01
7.853925228118896484e-01
7.704069614410400391e-01
7.653892040252685547e-01
7.703993320465087891e-01
8.076570034027099609e-01
8.028910160064697266e-01
7.927153110504150391e-01
7.971477508544921875e-01
7.846307754516601562e-01
8.710899353027343750e-01
7.889022827148437500e-01
7.816255092620849609e-01
8.159956932067871094e-01
7.997188568115234375e-01
7.798748016357421875e-01
7.864363193511962891e-01
7.797458171844482422e-01
7.882668972015380859e-01
8.037092685699462891e-01
7.849230766296386719e-01
7.662703990936279297e-01
7.681777477264404297e-01
7.882537841796875000e-01
8.406374454498291016e-01
7.870490550994873047e-01
7.662875652313232422e-01
7.939853668212890625e-01
7.847948074340820312e-01
7.811775207519531250e-01
7.785499095916748047e-01
7.808148860931396484e-01
7.817311286926269531e-01
7.831463813781738281e-01
7.977147102355957031e-01
7.945773601531982422e-01
7.939226627349853516e-01
7.947187423706054688e-01
7.907731533050537109e-01
7.828147411346435547e-01
7.842044830322265625e-01
7.834510803222656250e-01
7.786300182342529297e-01
7.837233543395996094e-01
7.835543155670166016e-01
7.788796424865722656e-01
7.933037281036376953e-01
7.730569839477539062e-01
7.809591293334960938e-01
7.746040821075439453e-01
7.994544506072998047e-01
8.061661720275878906e-01
8.109257221221923828e-01
7.744059562683105469e-01
7.749953269958496094e-01
8.059694766998291016e-01
8.103778362274169922e-01
8.012247085571289062e-01
7.844924926757812500e-01
7.788703441619873047e-01
7.830922603607177734e-01
7.804639339447021484e-01
7.836959362030029297e-01
7.822353839874267578e-01
7.877931594848632812e-01
7.912259101867675781e-01
7.918877601623535156e-01
7.904551029205322266e-01
7.931051254272460938e-01
7.910726070404052734e-01
7.879617214202880859e-01
7.784383296966552734e-01
7.811491489410400391e-01
8.306348323822021484e-01
8.454563617706298828e-01
8.264629840850830078e-01
7.857637405395507812e-01
7.876119613647460938e-01
7.988734245300292969e-01
