7.818884849548339844e-01
7.738382816314697266e-01
7.748456001281738281e-01
7.672941684722900391e-01
8.479275703430175781e-01
7.978079319000244141e-01
7.979307174682617188e-01
7.702229022979736328e-01
7.823238372802734375e-01
7.851734161376953125e-01
7.901043891906738281e-01
7.772793769836425781e-01
7.919573783874511719e-01
7.836792469024658203e-01
7.781639099121093750e-01
7.609138488769531250e-01
8.605732917785644531e-01
7.715620994567871094e-01
8.034944534301757812e-01
7.756950855255126953e-01
7.806851863861083984e-01
7.731807231903076172e-01
7.638697624206542969e-01
7.587959766387939453e-01
7.579820156097412109e-01
7.623102664947509766e-01
7.858567237854003906e-01
7.910468578338623047e-01
7.871673107147216797e-01
7.511823177337646484e-01
7.893917560577392578e-01
7.836503982543945312e-01
7.841966152191162109e-01
7.683203220367431641e-01
7.604193687438964844e-01
8.254649639129638672e-01
7.805478572845458984e-01
7.608058452606201172e-01
7.772481441497802734e-01
8.031206130981445312e-01
7.797064781188964844e-01
7.748565673828125000e-01
7.633922100067138672e-01
7.941143512725830078e-01
7.880346775054931641e-01
7.664735317230224609e-01
7.838490009307861328e-01
8.423976898193359375e-01
7.789833545684814453e-01
7.814178466796875000e-01
7.849950790405273438e-01
7.259976863861083984e-01
7.476749420166015625e-01
7.455856800079345703e-01
7.478172779083251953e-01
7.593104839324951172e-01
7.483968734741210938e-01
7.452049255371093750e-01
7.462003231048583984e-01
7.864227294921875000e-01
7.275714874267578125e-01
7.236280441284179688e-01
7.557315826416015625e-01
7.483897209167480469e-01
8.021008968353271484e-01
8.022511005401611328e-01
8.428921699523925781e-01
7.624340057373046875e-01
7.453055381774902344e-01
7.571120262145996094e-01
7.870140075683593750e-01
7.668809890747070312e-01
7.555148601531982422e-01
7.666795253753662109e-01
7.860474586486816406e-01
7.586016654968261719e-01
7.663705348968505859e-01
7.895765304565429688e-01
7.698931694030761719e-01
7.923710346221923828e-01
7.568461894989013672e-01
7.911162376403808594e-01
7.431137561798095703e-01
7.552089691162109375e-01
7.539310455322265625e-01
7.798361778259277344e-01
7.712321281433105469e-01
7.795767784118652344e-01
7.315702438354492188e-01
8.341896533966064453e-01
7.736608982086181641e-01
7.810668945312500000e-01
7.655253410339355469e-01
7.747764587402343750e-01
7.581019401550292969e-01
7.462759017944335938e-01
7.702295780181884766e-01
8.067944049835205078e-01
7.489292621612548828e-01
7.787377834320068359e-01
7.600328922271728516e-01
7.636582851409912109e-01
7.663781642913818359e-01
7.531776428222656250e-01
7.667450904846191406e-01
7.599020004272460938e-01
8.209981918334960938e-01
7.409145832061767578e-01
7.528140544891357422e-01
7.429723739624023438e-01
7.763180732727050781e-01
7.962553501129150391e-01
7.564542293548583984e-01
7.594759464263916016e-01
7.500171661376953125e-01
7.625620365142822266e-01
7.389609813690185547e-01
7.810461521148681641e-01
7.621672153472900391e-01
7.334046363830566406e-01
7.991189956665039062e-01
7.877118587493896484e-01
7.803940773010253906e-01
7.591559886932373047e-01
7.613689899444580078e-01
7.880706787109375000e-01
7.592840194702148438e-01
7.965719699859619141e-01
7.833476066589355469e-01
7.732510566711425781e-01
7.811696529388427734e-01
7.367174625396728516e-01
7.627100944519042969e-01
7.748868465423583984e-01
7.447612285614013672e-01
7.868063449859619141e-01
7.377777099609375000e-01
7.504496574401855469e-01
7.817451953887939453e-01
7.568540573120117188e-01
7.423202991485595703e-01
7.811183929443359375e-01
7.984061241149902344e-01
7.861139774322509766e-01
7.928285598754882812e-01
8.262705802917480469e-01
7.520344257354736328e-01
8.431236743927001953e-01
7.548642158508300781e-01
8.055064678192138672e-01
7.951250076293945312e-01
7.965826988220214844e-01
7.901062965393066406e-01
8.660521507263183594e-01
7.680087089538574219e-01
7.596707344055175781e-01
8.198096752166748047e-01
7.429635524749755859e-01
7.436630725860595703e-01
7.542121410369873047e-01
7.305853366851806641e-01
7.501862049102783203e-01
7.876739501953125000e-01
7.409591674804687500e-01
7.945911884307861328e-01
8.771800994873046875e-01
7.742531299591064453e-01
7.571675777435302734e-01
7.504508495330810547e-01
7.878010272979736328e-01
7.714293003082275391e-01
7.771975994110107422e-01
7.493395805358886719e-01
7.489964962005615234e-01
7.607154846191406250e-01
7.560219764709472656e-01
7.714457511901855469e-01
9.160702228546142578e-01
7.793364524841308594e-01
7.820746898651123047e-01
7.722060680389404297e-01
7.854874134063720703e-01
7.867491245269775391e-01
7.913725376129150391e-01
8.029139041900634766e-01
7.679073810577392578e-01
7.779600620269775391e-01
7.893846035003662109e-01
7.906641960144042969e-01
7.781622409820556641e-01
8.865375518798828125e-01
7.469804286956787109e-01
7.407820224761962891e-01
7.326059341430664062e-01
7.749719619750976562e-01
7.769491672515869141e-01
7.628347873687744141e-01
7.647602558135986328e-01
7.420737743377685547e-01
7.415804862976074219e-01
