2.730587244033813477e+00
7.580943107604980469e-01
7.581350803375244141e-01
7.548937797546386719e-01
7.604384422302246094e-01
7.621676921844482422e-01
7.626385688781738281e-01
7.690804004669189453e-01
7.925217151641845703e-01
7.612073421478271484e-01
7.664890289306640625e-01
7.647571563720703125e-01
7.668037414550781250e-01
7.635540962219238281e-01
7.672901153564453125e-01
7.858915328979492188e-01
7.806611061096191406e-01
7.698080539703369141e-01
7.623794078826904297e-01
7.926394939422607422e-01
8.759670257568359375e-01
8.093762397766113281e-01
7.610721588134765625e-01
7.523529529571533203e-01
7.602999210357666016e-01
7.615249156951904297e-01
8.332262039184570312e-01
7.680337429046630859e-01
7.655382156372070312e-01
7.682776451110839844e-01
8.511633872985839844e-01
7.690606117248535156e-01
7.690401077270507812e-01
7.680323123931884766e-01
7.706618309020996094e-01
7.730975151062011719e-01
7.728009223937988281e-01
7.701601982116699219e-01
7.719104290008544922e-01
7.725508213043212891e-01
7.712931632995605469e-01
7.730047702789306641e-01
7.723138332366943359e-01
7.729668617248535156e-01
7.808723449707031250e-01
7.723431587219238281e-01
7.739384174346923828e-01
7.720088958740234375e-01
7.731866836547851562e-01
7.716190814971923828e-01
7.734305858612060547e-01
7.700912952423095703e-01
7.936007976531982422e-01
7.673113346099853516e-01
7.671136856079101562e-01
7.790782451629638672e-01
7.693698406219482422e-01
7.875843048095703125e-01
7.901806831359863281e-01
7.912831306457519531e-01
7.830977439880371094e-01
8.417849540710449219e-01
8.771796226501464844e-01
7.704052925109863281e-01
7.764065265655517578e-01
8.189582824707031250e-01
7.676427364349365234e-01
7.883679866790771484e-01
7.779641151428222656e-01
7.769989967346191406e-01
7.756640911102294922e-01
7.734608650207519531e-01
7.732439041137695312e-01
7.687704563140869141e-01
7.928752899169921875e-01
7.771384716033935547e-01
8.028919696807861328e-01
8.615696430206298828e-01
8.003633022308349609e-01
7.920274734497070312e-01
7.809705734252929688e-01
7.789082527160644531e-01
7.748782634735107422e-01
7.633018493652343750e-01
7.672197818756103516e-01
7.708363533020019531e-01
7.878520488739013672e-01
7.803902626037597656e-01
8.083620071411132812e-01
7.956457138061523438e-01
7.863571643829345703e-01
7.862329483032226562e-01
8.260636329650878906e-01
7.992091178894042969e-01
7.710168361663818359e-01
8.850922584533691406e-01
7.756047248840332031e-01
8.246805667877197266e-01
8.172445297241210938e-01
8.644926548004150391e-01
8.250727653503417969e-01
8.560986518859863281e-01
7.767202854156494141e-01
7.844111919403076172e-01
8.967974185943603516e-01
8.136644363403320312e-01
7.914254665374755859e-01
7.818875312805175781e-01
7.727372646331787109e-01
7.916135787963867188e-01
7.792382240295410156e-01
7.836465835571289062e-01
7.948756217956542969e-01
7.817420959472656250e-01
7.824435234069824219e-01
7.735643386840820312e-01
8.068363666534423828e-01
8.032534122467041016e-01
7.920277118682861328e-01
7.777276039123535156e-01
8.225266933441162109e-01
7.847049236297607422e-01
7.842638492584228516e-01
7.853121757507324219e-01
7.858605384826660156e-01
7.837734222412109375e-01
7.879199981689453125e-01
7.865662574768066406e-01
7.987394332885742188e-01
7.829263210296630859e-01
8.836007118225097656e-01
9.296543598175048828e-01
8.377425670623779297e-01
8.192288875579833984e-01
8.109605312347412109e-01
8.476116657257080078e-01
8.702750205993652344e-01
8.271439075469970703e-01
8.645429611206054688e-01
7.946066856384277344e-01
7.873229980468750000e-01
7.881228923797607422e-01
7.847480773925781250e-01
7.810719013214111328e-01
7.935004234313964844e-01
8.049440383911132812e-01
8.508260250091552734e-01
7.825498580932617188e-01
8.070218563079833984e-01
7.949872016906738281e-01
7.724359035491943359e-01
7.745432853698730469e-01
7.774553298950195312e-01
7.828905582427978516e-01
7.835216522216796875e-01
8.850059509277343750e-01
7.816395759582519531e-01
8.448739051818847656e-01
7.735397815704345703e-01
7.727696895599365234e-01
7.717990875244140625e-01
7.925043106079101562e-01
7.807295322418212891e-01
7.739124298095703125e-01
7.762227058410644531e-01
7.804703712463378906e-01
7.773458957672119141e-01
8.056092262268066406e-01
7.708768844604492188e-01
7.709779739379882812e-01
7.921555042266845703e-01
7.723538875579833984e-01
7.881386280059814453e-01
7.839341163635253906e-01
7.826964855194091797e-01
7.724411487579345703e-01
7.952773571014404297e-01
8.044810295104980469e-01
8.183705806732177734e-01
8.319613933563232422e-01
7.768583297729492188e-01
7.715594768524169922e-01
7.820060253143310547e-01
7.732253074645996094e-01
7.925498485565185547e-01
7.835779190063476562e-01
7.862977981567382812e-01
8.407785892486572266e-01
8.371636867523193359e-01
7.825646400451660156e-01
7.875950336456298828e-01
7.796373367309570312e-01
7.824423313140869141e-01
8.144769668579101562e-01
8.162987232208251953e-01
8.125624656677246094e-01
8.864660263061523438e-01
7.798109054565429688e-01
7.871060371398925781e-01
8.143179416656494141e-01
