7.819013595581054688e-01
7.738356590270996094e-01
7.748470306396484375e-01
7.673172950744628906e-01
8.479340076446533203e-01
7.978405952453613281e-01
7.979547977447509766e-01
7.702341079711914062e-01
7.823326587677001953e-01
7.568850517272949219e-01
7.901210784912109375e-01
7.772789001464843750e-01
7.919673919677734375e-01
7.709639072418212891e-01
7.520012855529785156e-01
7.609319686889648438e-01
8.605868816375732422e-01
7.715737819671630859e-01
7.842154502868652344e-01
7.757120132446289062e-01
7.541542053222656250e-01
7.731935977935791016e-01
7.638816833496093750e-01
7.588043212890625000e-01
7.580003738403320312e-01
7.623414993286132812e-01
7.858726978302001953e-01
7.895555496215820312e-01
7.871880531311035156e-01
7.511885166168212891e-01
7.893922328948974609e-01
7.813787460327148438e-01
7.678487300872802734e-01
7.683274745941162109e-01
7.604265213012695312e-01
8.254745006561279297e-01
7.582273483276367188e-01
7.608067989349365234e-01
7.737596035003662109e-01
8.031184673309326172e-01
7.797265052795410156e-01
7.748663425445556641e-01
7.634005546569824219e-01
7.941226959228515625e-01
7.880525588989257812e-01
7.664837837219238281e-01
7.838537693023681641e-01
8.424065113067626953e-01
7.789986133575439453e-01
7.707581520080566406e-01
7.849931716918945312e-01
7.259964942932128906e-01
7.476956844329833984e-01
7.455673217773437500e-01
7.478287220001220703e-01
7.593219280242919922e-01
7.484016418457031250e-01
7.452042102813720703e-01
7.462074756622314453e-01
7.864167690277099609e-01
7.275691032409667969e-01
7.236349582672119141e-01
7.557651996612548828e-01
7.483932971954345703e-01
8.021099567413330078e-01
7.806644439697265625e-01
8.428959846496582031e-01
7.624313831329345703e-01
7.453236579895019531e-01
7.571213245391845703e-01
7.870368957519531250e-01
7.395052909851074219e-01
7.555320262908935547e-01
7.550497055053710938e-01
7.860639095306396484e-01
7.586121559143066406e-01
7.663857936859130859e-01
7.895913124084472656e-01
7.699124813079833984e-01
7.923901081085205078e-01
7.568473815917968750e-01
7.911357879638671875e-01
7.431137561798095703e-01
7.552220821380615234e-01
7.539396286010742188e-01
7.798755168914794922e-01
7.712500095367431641e-01
7.531421184539794922e-01
7.315928936004638672e-01
8.342068195343017578e-01
7.736871242523193359e-01
7.810733318328857422e-01
7.655296325683593750e-01
7.747809886932373047e-01
7.581155300140380859e-01
7.462832927703857422e-01
7.501649856567382812e-01
8.068041801452636719e-01
7.489576339721679688e-01
7.787666320800781250e-01
7.600421905517578125e-01
7.636744976043701172e-01
7.663934230804443359e-01
7.532067298889160156e-01
7.667596340179443359e-01
7.762012481689453125e-01
8.071620464324951172e-01
7.409179210662841797e-01
7.528135776519775391e-01
7.429842948913574219e-01
7.763388156890869141e-01
7.962677478790283203e-01
7.564558982849121094e-01
7.594964504241943359e-01
7.500226497650146484e-01
7.625777721405029297e-01
7.389993667602539062e-01
7.810580730438232422e-01
7.621853351593017578e-01
7.334253787994384766e-01
7.991495132446289062e-01
7.877171039581298828e-01
7.803876399993896484e-01
7.591619491577148438e-01
7.613832950592041016e-01
7.880876064300537109e-01
7.593188285827636719e-01
7.903583049774169922e-01
7.833366394042968750e-01
7.732686996459960938e-01
7.628705501556396484e-01
7.367224693298339844e-01
7.627270221710205078e-01
7.508125305175781250e-01
7.447738647460937500e-01
7.868065834045410156e-01
7.432963848114013672e-01
7.504560947418212891e-01
7.817599773406982422e-01
7.568666934967041016e-01
7.567961215972900391e-01
7.811017036437988281e-01
7.984039783477783203e-01
7.861106395721435547e-01
7.928307056427001953e-01
8.241419792175292969e-01
7.520430088043212891e-01
8.431518077850341797e-01
7.548675537109375000e-01
8.055138587951660156e-01
7.951331138610839844e-01
7.965960502624511719e-01
7.901089191436767578e-01
8.660709857940673828e-01
7.680199146270751953e-01
7.483129501342773438e-01
8.124678134918212891e-01
7.429745197296142578e-01
7.436695098876953125e-01
7.542207241058349609e-01
7.305970191955566406e-01
7.501995563507080078e-01
7.876892089843750000e-01
7.409703731536865234e-01
7.742569446563720703e-01
8.772060871124267578e-01
7.742738723754882812e-01
7.571775913238525391e-01
7.504651546478271484e-01
7.878119945526123047e-01
7.714383602142333984e-01
7.772147655487060547e-01
7.493693828582763672e-01
7.490003108978271484e-01
7.607262134552001953e-01
7.560374736785888672e-01
7.714560031890869141e-01
9.043951034545898438e-01
7.793269157409667969e-01
7.821006774902343750e-01
7.722227573394775391e-01
7.918472290039062500e-01
7.867572307586669922e-01
7.913882732391357422e-01
8.029282093048095703e-01
7.679145336151123047e-01
7.779760360717773438e-01
7.961354255676269531e-01
7.941296100616455078e-01
7.781760692596435547e-01
8.865361213684082031e-01
7.469985485076904297e-01
7.407970428466796875e-01
7.326085567474365234e-01
7.749843597412109375e-01
7.769582271575927734e-01
7.602493762969970703e-01
7.647805213928222656e-01
7.420883178710937500e-01
7.415978908538818359e-01
