7.819170951843261719e-01
7.738480567932128906e-01
7.748541831970214844e-01
7.673044204711914062e-01
8.479354381561279297e-01
7.978410720825195312e-01
7.979407310485839844e-01
7.702288627624511719e-01
7.823290824890136719e-01
7.851755619049072266e-01
7.901086807250976562e-01
7.772839069366455078e-01
7.919690608978271484e-01
7.836866378784179688e-01
7.781665325164794922e-01
7.609286308288574219e-01
8.605844974517822266e-01
7.715754508972167969e-01
8.034987449645996094e-01
7.757050991058349609e-01
7.807044982910156250e-01
7.731835842132568359e-01
7.638731002807617188e-01
7.588026523590087891e-01
7.579903602600097656e-01
7.623193264007568359e-01
7.858684062957763672e-01
7.910535335540771484e-01
7.871801853179931641e-01
7.511887550354003906e-01
7.893998622894287109e-01
7.836725711822509766e-01
7.842090129852294922e-01
7.683274745941162109e-01
7.604298591613769531e-01
8.254733085632324219e-01
7.805547714233398438e-01
7.608153820037841797e-01
7.772548198699951172e-01
8.031237125396728516e-01
7.797191143035888672e-01
7.748670578002929688e-01
7.634015083312988281e-01
7.941210269927978516e-01
7.880473136901855469e-01
7.664833068847656250e-01
7.838566303253173828e-01
8.424065113067626953e-01
7.789940834045410156e-01
7.814254760742187500e-01
7.850077152252197266e-01
7.260036468505859375e-01
7.476818561553955078e-01
7.455873489379882812e-01
7.478318214416503906e-01
7.593159675598144531e-01
7.484111785888671875e-01
7.452104091644287109e-01
7.462162971496582031e-01
7.864341735839843750e-01
7.275817394256591797e-01
7.236368656158447266e-01
7.557473182678222656e-01
7.484011650085449219e-01
7.859358787536621094e-01
8.022632598876953125e-01
8.429012298583984375e-01
7.459015846252441406e-01
7.453129291534423828e-01
7.571165561676025391e-01
7.757458686828613281e-01
7.668867111206054688e-01
7.555305957794189453e-01
7.666864395141601562e-01
7.860651016235351562e-01
7.585997581481933594e-01
7.663795948028564453e-01
7.895984649658203125e-01
7.699031829833984375e-01
7.901372909545898438e-01
7.568566799163818359e-01
7.911276817321777344e-01
7.431132793426513672e-01
7.552111148834228516e-01
7.539305686950683594e-01
7.798578739166259766e-01
7.712473869323730469e-01
7.795805931091308594e-01
7.315874099731445312e-01
8.342006206512451172e-01
7.736701965332031250e-01
7.810785770416259766e-01
7.655348777770996094e-01
7.747840881347656250e-01
7.581098079681396484e-01
7.462875843048095703e-01
7.702338695526123047e-01
8.067951202392578125e-01
7.489573955535888672e-01
7.787451744079589844e-01
7.600317001342773438e-01
7.636728286743164062e-01
7.663879394531250000e-01
7.531893253326416016e-01
7.667579650878906250e-01
7.762250900268554688e-01
8.210067749023437500e-01
7.409260272979736328e-01
7.528197765350341797e-01
7.429816722869873047e-01
7.763252258300781250e-01
7.962610721588134766e-01
7.564640045166015625e-01
7.431671619415283203e-01
7.305331230163574219e-01
7.625722885131835938e-01
7.389731407165527344e-01
7.639331817626953125e-01
7.621750831604003906e-01
7.334141731262207031e-01
7.958462238311767578e-01
7.877182960510253906e-01
7.804081439971923828e-01
7.591636180877685547e-01
7.613778114318847656e-01
7.880761623382568359e-01
7.592971324920654297e-01
7.965784072875976562e-01
7.833547592163085938e-01
7.732610702514648438e-01
7.811822891235351562e-01
7.367231845855712891e-01
7.627296447753906250e-01
7.748963832855224609e-01
7.447698116302490234e-01
7.868158817291259766e-01
7.377936840057373047e-01
7.504570484161376953e-01
7.817547321319580078e-01
7.568633556365966797e-01
7.568042278289794922e-01
7.811222076416015625e-01
7.984130382537841797e-01
7.861249446868896484e-01
7.928409576416015625e-01
8.262777328491210938e-01
7.520465850830078125e-01
8.268949985504150391e-01
7.548644542694091797e-01
8.055131435394287109e-01
7.951321601867675781e-01
7.965912818908691406e-01
7.901170253753662109e-01
8.660624027252197266e-01
7.680215835571289062e-01
7.596793174743652344e-01
8.198206424713134766e-01
7.429721355438232422e-01
7.436797618865966797e-01
7.542138099670410156e-01
7.305850982666015625e-01
7.501943111419677734e-01
7.876801490783691406e-01
7.409625053405761719e-01
7.945890426635742188e-01
8.771889209747314453e-01
7.742612361907958984e-01
7.571702003479003906e-01
7.504508495330810547e-01
7.878069877624511719e-01
7.714357376098632812e-01
7.772052288055419922e-01
7.493491172790527344e-01
7.490017414093017578e-01
7.607157230377197266e-01
7.560234069824218750e-01
7.714505195617675781e-01
9.160811901092529297e-01
7.793412208557128906e-01
7.820832729339599609e-01
7.722146511077880859e-01
7.918379306793212891e-01
7.867550849914550781e-01
7.913858890533447266e-01
8.029203414916992188e-01
7.679185867309570312e-01
7.779695987701416016e-01
7.961256504058837891e-01
7.941255569458007812e-01
7.781741619110107422e-01
8.777270317077636719e-01
7.469890117645263672e-01
7.407877445220947266e-01
7.326083183288574219e-01
7.749814987182617188e-01
7.769587039947509766e-01
7.628464698791503906e-01
7.647778987884521484e-01
7.420833110809326172e-01
7.415935993194580078e-01
