6.584372520446777344e-01
6.313018798828125000e-01
6.346082687377929688e-01
6.228380203247070312e-01
6.930513381958007812e-01
6.282639503479003906e-01
6.189110279083251953e-01
6.332645416259765625e-01
6.275162696838378906e-01
6.213755607604980469e-01
6.730580329895019531e-01
6.303350925445556641e-01
6.335561275482177734e-01
6.307113170623779297e-01
6.333684921264648438e-01
6.379175186157226562e-01
7.032861709594726562e-01
6.301934719085693359e-01
6.321327686309814453e-01
6.259477138519287109e-01
6.376481056213378906e-01
6.313138008117675781e-01
6.382901668548583984e-01
6.157407760620117188e-01
6.232166290283203125e-01
6.346826553344726562e-01
6.305379867553710938e-01
6.995432376861572266e-01
6.363165378570556641e-01
6.420917510986328125e-01
6.415638923645019531e-01
6.369204521179199219e-01
7.140645980834960938e-01
6.438927650451660156e-01
6.317658424377441406e-01
7.000138759613037109e-01
6.373538970947265625e-01
6.339821815490722656e-01
6.902279853820800781e-01
6.347377300262451172e-01
6.345579624176025391e-01
6.323227882385253906e-01
6.360273361206054688e-01
6.336481571197509766e-01
6.215584278106689453e-01
6.211245059967041016e-01
6.222729682922363281e-01
7.079043388366699219e-01
6.389493942260742188e-01
6.338522434234619141e-01
6.973586082458496094e-01
6.373322010040283203e-01
6.329376697540283203e-01
6.366686820983886719e-01
6.345252990722656250e-01
6.338043212890625000e-01
6.300735473632812500e-01
6.369309425354003906e-01
6.941010951995849609e-01
6.310987472534179688e-01
6.370990276336669922e-01
6.358728408813476562e-01
6.331763267517089844e-01
6.340708732604980469e-01
6.361711025238037109e-01
6.223294734954833984e-01
6.973266601562500000e-01
6.341075897216796875e-01
6.330997943878173828e-01
6.287376880645751953e-01
6.301460266113281250e-01
6.523611545562744141e-01
6.251142024993896484e-01
6.778073310852050781e-01
6.179909706115722656e-01
6.181249618530273438e-01
6.171100139617919922e-01
6.255238056182861328e-01
6.343681812286376953e-01
6.239221096038818359e-01
6.313695907592773438e-01
7.047922611236572266e-01
6.264650821685791016e-01
6.922791004180908203e-01
6.294550895690917969e-01
6.287126541137695312e-01
6.236767768859863281e-01
6.316423416137695312e-01
6.354582309722900391e-01
7.050688266754150391e-01
6.352319717407226562e-01
6.356322765350341797e-01
6.321244239807128906e-01
6.356253623962402344e-01
6.414754390716552734e-01
6.333711147308349609e-01
6.349241733551025391e-01
6.379015445709228516e-01
6.802320480346679688e-01
6.316292285919189453e-01
6.352608203887939453e-01
7.096464633941650391e-01
6.326344013214111328e-01
6.339113712310791016e-01
6.250121593475341797e-01
6.259016990661621094e-01
6.242733001708984375e-01
6.337871551513671875e-01
6.303544044494628906e-01
7.018182277679443359e-01
6.298325061798095703e-01
6.292483806610107422e-01
6.961109638214111328e-01
6.321218013763427734e-01
6.255106925964355469e-01
6.224362850189208984e-01
6.269650459289550781e-01
6.360383033752441406e-01
6.305387020111083984e-01
6.411175727844238281e-01
6.410682201385498047e-01
6.343767642974853516e-01
6.434743404388427734e-01
6.321742534637451172e-01
6.851129531860351562e-01
7.009241580963134766e-01
6.288294792175292969e-01
6.308450698852539062e-01
6.962976455688476562e-01
6.284630298614501953e-01
6.915349960327148438e-01
6.250948905944824219e-01
6.287062168121337891e-01
6.325993537902832031e-01
6.309783458709716797e-01
7.035162448883056641e-01
6.282041072845458984e-01
6.321754455566406250e-01
7.035982608795166016e-01
6.268577575683593750e-01
6.930608749389648438e-01
6.294188499450683594e-01
6.332316398620605469e-01
6.373500823974609375e-01
6.296136379241943359e-01
6.268415451049804688e-01
6.298136711120605469e-01
6.323170661926269531e-01
7.022292613983154297e-01
6.292333602905273438e-01
6.347074508666992188e-01
7.061889171600341797e-01
7.002866268157958984e-01
7.100782394409179688e-01
6.436147689819335938e-01
6.356132030487060547e-01
6.330373287200927734e-01
6.353740692138671875e-01
6.303241252899169922e-01
7.074432373046875000e-01
6.809475421905517578e-01
6.438069343566894531e-01
6.366412639617919922e-01
6.384973526000976562e-01
7.016139030456542969e-01
7.096028327941894531e-01
6.712596416473388672e-01
6.390898227691650391e-01
6.342105865478515625e-01
6.303138732910156250e-01
6.393265724182128906e-01
6.967849731445312500e-01
6.391828060150146484e-01
6.414580345153808594e-01
6.934926509857177734e-01
7.006604671478271484e-01
6.236684322357177734e-01
6.964662075042724609e-01
6.407334804534912109e-01
6.269762516021728516e-01
6.252949237823486328e-01
6.342799663543701172e-01
7.027785778045654297e-01
6.984591484069824219e-01
6.795601844787597656e-01
6.165945529937744141e-01
6.397776603698730469e-01
6.448366641998291016e-01
6.282200813293457031e-01
6.851191520690917969e-01
7.173972129821777344e-01
6.279788017272949219e-01
6.391127109527587891e-01
6.360485553741455078e-01
6.323695182800292969e-01
6.366615295410156250e-01
6.350066661834716797e-01
6.273186206817626953e-01
6.305990219116210938e-01
6.390502452850341797e-01
