6.584305763244628906e-01
6.313002109527587891e-01
6.346116065979003906e-01
6.228365898132324219e-01
6.930487155914306641e-01
6.282651424407958984e-01
6.189088821411132812e-01
6.332600116729736328e-01
6.275124549865722656e-01
6.213736534118652344e-01
6.730563640594482422e-01
6.303288936614990234e-01
6.335544586181640625e-01
6.307058334350585938e-01
6.333699226379394531e-01
6.379148960113525391e-01
7.032835483551025391e-01
6.301910877227783203e-01
6.321289539337158203e-01
6.259465217590332031e-01
6.376488208770751953e-01
6.313107013702392578e-01
6.382849216461181641e-01
6.157350540161132812e-01
6.232125759124755859e-01
6.346781253814697266e-01
6.305341720581054688e-01
6.995420455932617188e-01
6.363158226013183594e-01
6.420872211456298828e-01
6.415641307830810547e-01
6.369209289550781250e-01
7.140562534332275391e-01
6.438920497894287109e-01
6.317665576934814453e-01
7.000107765197753906e-01
6.373527050018310547e-01
6.339733600616455078e-01
6.902225017547607422e-01
6.347348690032958984e-01
6.345667839050292969e-01
6.323251724243164062e-01
6.360197067260742188e-01
6.336374282836914062e-01
6.215536594390869141e-01
6.211166381835937500e-01
6.222734451293945312e-01
7.079014778137207031e-01
6.389479637145996094e-01
6.338531970977783203e-01
6.973626613616943359e-01
6.373305320739746094e-01
6.329348087310791016e-01
6.366703510284423828e-01
6.345255374908447266e-01
6.338033676147460938e-01
6.300573348999023438e-01
6.369323730468750000e-01
6.940925121307373047e-01
6.310932636260986328e-01
6.370956897735595703e-01
6.358680725097656250e-01
6.331737041473388672e-01
6.340715885162353516e-01
6.361682415008544922e-01
6.223275661468505859e-01
6.973261833190917969e-01
6.341066360473632812e-01
6.330902576446533203e-01
6.287348270416259766e-01
6.301479339599609375e-01
6.523602008819580078e-01
6.251127719879150391e-01
6.777977943420410156e-01
6.179938316345214844e-01
6.181237697601318359e-01
6.171069145202636719e-01
6.255264282226562500e-01
6.343610286712646484e-01
6.239144802093505859e-01
6.313686370849609375e-01
7.047872543334960938e-01
6.264617443084716797e-01
6.922767162322998047e-01
6.294529438018798828e-01
6.287105083465576172e-01
6.236701011657714844e-01
6.316416263580322266e-01
6.354515552520751953e-01
7.050609588623046875e-01
6.352236270904541016e-01
6.356308460235595703e-01
6.321241855621337891e-01
6.356303691864013672e-01
6.414809226989746094e-01
6.333711147308349609e-01
6.349158287048339844e-01
6.379060745239257812e-01
6.802275180816650391e-01
6.316280364990234375e-01
6.352529525756835938e-01
7.096445560455322266e-01
6.326274871826171875e-01
6.338872909545898438e-01
6.250073909759521484e-01
6.259040832519531250e-01
6.242640018463134766e-01
6.337878704071044922e-01
6.303501129150390625e-01
7.018196582794189453e-01
6.298182010650634766e-01
6.292443275451660156e-01
6.960999965667724609e-01
6.321141719818115234e-01
6.255068778991699219e-01
6.224300861358642578e-01
6.269593238830566406e-01
6.360430717468261719e-01
6.305325031280517578e-01
6.411104202270507812e-01
6.410670280456542969e-01
6.343708038330078125e-01
6.434681415557861328e-01
6.321625709533691406e-01
6.851065158843994141e-01
7.009243965148925781e-01
6.288356781005859375e-01
6.308486461639404297e-01
6.962912082672119141e-01
6.284580230712890625e-01
6.915321350097656250e-01
6.250867843627929688e-01
6.286952495574951172e-01
6.325964927673339844e-01
6.309711933135986328e-01
7.035088539123535156e-01
6.282024383544921875e-01
6.321780681610107422e-01
7.036020755767822266e-01
6.268556118011474609e-01
6.930572986602783203e-01
6.294140815734863281e-01
6.332252025604248047e-01
6.373460292816162109e-01
6.296117305755615234e-01
6.268334388732910156e-01
6.298077106475830078e-01
6.323232650756835938e-01
7.022294998168945312e-01
6.292357444763183594e-01
6.347155570983886719e-01
7.061882019042968750e-01
7.002773284912109375e-01
7.100694179534912109e-01
6.436154842376708984e-01
6.356120109558105469e-01
6.330406665802001953e-01
6.353678703308105469e-01
6.303234100341796875e-01
7.074439525604248047e-01
6.809411048889160156e-01
6.437997817993164062e-01
6.366317272186279297e-01
6.384985446929931641e-01
7.016088962554931641e-01
7.095949649810791016e-01
6.712474822998046875e-01
6.390891075134277344e-01
6.342031955718994141e-01
6.303071975708007812e-01
6.393246650695800781e-01
6.967816352844238281e-01
6.391761302947998047e-01
6.414542198181152344e-01
6.934869289398193359e-01
7.006616592407226562e-01
6.236641407012939453e-01
6.964693069458007812e-01
6.407320499420166016e-01
6.269705295562744141e-01
6.252958774566650391e-01
6.342778205871582031e-01
7.027740478515625000e-01
6.984510421752929688e-01
6.795513629913330078e-01
6.165864467620849609e-01
6.397647857666015625e-01
6.448316574096679688e-01
6.282138824462890625e-01
6.851146221160888672e-01
7.173953056335449219e-01
6.279776096343994141e-01
6.391038894653320312e-01
6.360447406768798828e-01
6.323595046997070312e-01
6.366515159606933594e-01
6.349987983703613281e-01
6.273133754730224609e-01
6.305918693542480469e-01
6.390490531921386719e-01
