2.643896102905273438e+00
8.007366657257080078e-01
8.011064529418945312e-01
7.889850139617919922e-01
7.811226844787597656e-01
7.829809188842773438e-01
7.805457115173339844e-01
7.908921241760253906e-01
8.092498779296875000e-01
7.990956306457519531e-01
7.969689369201660156e-01
7.979931831359863281e-01
7.973144054412841797e-01
7.968301773071289062e-01
8.080313205718994141e-01
7.979388236999511719e-01
7.970232963562011719e-01
7.976584434509277344e-01
8.020465373992919922e-01
7.950060367584228516e-01
7.817878723144531250e-01
8.094816207885742188e-01
7.998645305633544922e-01
8.047018051147460938e-01
8.109676837921142578e-01
8.123083114624023438e-01
8.027534484863281250e-01
8.024466037750244141e-01
8.020987510681152344e-01
8.037505149841308594e-01
8.036532402038574219e-01
8.044788837432861328e-01
8.032569885253906250e-01
8.061063289642333984e-01
8.014097213745117188e-01
8.046023845672607422e-01
8.036413192749023438e-01
8.032939434051513672e-01
8.034641742706298828e-01
8.059439659118652344e-01
8.045983314514160156e-01
8.054406642913818359e-01
8.063676357269287109e-01
8.093132972717285156e-01
8.048713207244873047e-01
8.058977127075195312e-01
8.070175647735595703e-01
8.065280914306640625e-01
8.064651489257812500e-01
8.080728054046630859e-01
8.074641227722167969e-01
8.071231842041015625e-01
8.104197978973388672e-01
8.091804981231689453e-01
8.077313899993896484e-01
8.092956542968750000e-01
8.097734451293945312e-01
8.091375827789306641e-01
8.101115226745605469e-01
8.100795745849609375e-01
8.097198009490966797e-01
8.102607727050781250e-01
8.112957477569580078e-01
8.117587566375732422e-01
8.129565715789794922e-01
8.397417068481445312e-01
8.404638767242431641e-01
7.879476547241210938e-01
7.889337539672851562e-01
7.899475097656250000e-01
7.882101535797119141e-01
7.886619567871093750e-01
8.150525093078613281e-01
8.139553070068359375e-01
8.123629093170166016e-01
8.134381771087646484e-01
8.149220943450927734e-01
8.128535747528076172e-01
8.138346672058105469e-01
8.165373802185058594e-01
7.984445095062255859e-01
7.895357608795166016e-01
7.915976047515869141e-01
7.942750453948974609e-01
7.918694019317626953e-01
7.914364337921142578e-01
7.943816184997558594e-01
7.910833358764648438e-01
7.915396690368652344e-01
8.328750133514404297e-01
8.148314952850341797e-01
8.151435852050781250e-01
8.159928321838378906e-01
8.199100494384765625e-01
8.209629058837890625e-01
8.225317001342773438e-01
8.153133392333984375e-01
8.160257339477539062e-01
8.154942989349365234e-01
8.170394897460937500e-01
8.169739246368408203e-01
8.168790340423583984e-01
8.167896270751953125e-01
8.176555633544921875e-01
8.209769725799560547e-01
8.231019973754882812e-01
8.253884315490722656e-01
8.220038414001464844e-01
8.235542774200439453e-01
8.244175910949707031e-01
8.223774433135986328e-01
8.240332603454589844e-01
8.251459598541259766e-01
8.245162963867187500e-01
8.244447708129882812e-01
8.248555660247802734e-01
8.251187801361083984e-01
8.237390518188476562e-01
8.233063220977783203e-01
8.191723823547363281e-01
8.192632198333740234e-01
8.167886734008789062e-01
8.199961185455322266e-01
8.191378116607666016e-01
8.238344192504882812e-01
8.239245414733886719e-01
8.249099254608154297e-01
8.224873542785644531e-01
8.241162300109863281e-01
8.258538246154785156e-01
8.230218887329101562e-01
8.236441612243652344e-01
8.778789043426513672e-01
8.241755962371826172e-01
8.237786293029785156e-01
7.992522716522216797e-01
7.951004505157470703e-01
8.554842472076416016e-01
8.250756263732910156e-01
8.256688117980957031e-01
8.242499828338623047e-01
8.251307010650634766e-01
8.241279125213623047e-01
8.246219158172607422e-01
8.241779804229736328e-01
8.257834911346435547e-01
8.256053924560546875e-01
8.255054950714111328e-01
8.194267749786376953e-01
8.234233856201171875e-01
8.191030025482177734e-01
8.190646171569824219e-01
8.198702335357666016e-01
8.184843063354492188e-01
8.257358074188232422e-01
8.234996795654296875e-01
8.227250576019287109e-01
8.241531848907470703e-01
8.230772018432617188e-01
8.231465816497802734e-01
8.184361457824707031e-01
8.214354515075683594e-01
8.216719627380371094e-01
8.331973552703857422e-01
8.212883472442626953e-01
8.222668170928955078e-01
8.202850818634033203e-01
8.210396766662597656e-01
8.207955360412597656e-01
8.218872547149658203e-01
8.210740089416503906e-01
8.204119205474853516e-01
8.249211311340332031e-01
8.212542533874511719e-01
8.223876953125000000e-01
8.235545158386230469e-01
8.239221572875976562e-01
8.234150409698486328e-01
8.245797157287597656e-01
8.235955238342285156e-01
8.334946632385253906e-01
8.290627002716064453e-01
8.220102787017822266e-01
8.225090503692626953e-01
8.205687999725341797e-01
8.210594654083251953e-01
8.219523429870605469e-01
8.215229511260986328e-01
8.253750801086425781e-01
8.403987884521484375e-01
7.986521720886230469e-01
8.169436454772949219e-01
8.279328346252441406e-01
8.223547935485839844e-01
8.220627307891845703e-01
8.219428062438964844e-01
8.239424228668212891e-01
8.270659446716308594e-01
8.273742198944091797e-01
8.250553607940673828e-01
