6.584270000457763672e-01
6.312842369079589844e-01
6.346004009246826172e-01
6.228256225585937500e-01
6.930403709411621094e-01
6.282424926757812500e-01
6.188986301422119141e-01
6.332397460937500000e-01
6.275200843811035156e-01
6.213588714599609375e-01
6.730451583862304688e-01
6.303353309631347656e-01
6.335425376892089844e-01
6.307101249694824219e-01
6.333756446838378906e-01
6.379101276397705078e-01
7.032797336578369141e-01
6.301918029785156250e-01
6.321122646331787109e-01
6.259448528289794922e-01
6.376581192016601562e-01
6.313190460205078125e-01
6.382787227630615234e-01
6.157186031341552734e-01
6.232006549835205078e-01
6.346673965454101562e-01
6.305310726165771484e-01
6.995413303375244141e-01
6.363098621368408203e-01
6.420929431915283203e-01
6.415591239929199219e-01
6.369054317474365234e-01
7.140488624572753906e-01
6.439065933227539062e-01
6.317558288574218750e-01
7.000160217285156250e-01
6.373605728149414062e-01
6.339907646179199219e-01
6.902146339416503906e-01
6.347393989562988281e-01
6.345636844635009766e-01
6.323306560516357422e-01
6.360785961151123047e-01
6.336526870727539062e-01
6.215453147888183594e-01
6.211049556732177734e-01
6.222586631774902344e-01
7.078800201416015625e-01
6.389520168304443359e-01
6.338570117950439453e-01
6.973564624786376953e-01
6.373324394226074219e-01
6.329355239868164062e-01
6.366534233093261719e-01
6.345291137695312500e-01
6.338088512420654297e-01
6.300618648529052734e-01
6.369311809539794922e-01
6.940937042236328125e-01
6.311106681823730469e-01
6.370906829833984375e-01
6.358754634857177734e-01
6.331782341003417969e-01
6.340501308441162109e-01
6.361603736877441406e-01
6.223189830780029297e-01
6.972990036010742188e-01
6.340987682342529297e-01
6.330895423889160156e-01
6.287145614624023438e-01
6.301407814025878906e-01
6.523537635803222656e-01
6.250958442687988281e-01
6.712775230407714844e-01
6.179854869842529297e-01
6.181170940399169922e-01
6.170859336853027344e-01
6.255216598510742188e-01
6.343519687652587891e-01
6.239101886749267578e-01
6.313526630401611328e-01
7.047853469848632812e-01
6.264526844024658203e-01
6.922576427459716797e-01
6.294565200805664062e-01
6.287040710449218750e-01
6.236779689788818359e-01
6.316444873809814453e-01
6.354491710662841797e-01
7.050759792327880859e-01
6.352097988128662109e-01
6.356246471405029297e-01
6.321127414703369141e-01
6.356277465820312500e-01
6.414768695831298828e-01
6.333665847778320312e-01
6.349120140075683594e-01
6.379060745239257812e-01
6.802275180816650391e-01
6.316330432891845703e-01
6.352529525756835938e-01
7.096402645111083984e-01
6.326444149017333984e-01
6.338953971862792969e-01
6.250162124633789062e-01
6.258847713470458984e-01
6.242625713348388672e-01
6.337735652923583984e-01
6.303267478942871094e-01
7.018103599548339844e-01
6.298182010650634766e-01
6.292483806610107422e-01
6.960980892181396484e-01
6.321089267730712891e-01
6.255102157592773438e-01
6.224341392517089844e-01
6.269497871398925781e-01
6.360335350036621094e-01
6.305358409881591797e-01
6.411194801330566406e-01
6.410527229309082031e-01
6.343798637390136719e-01
6.434803009033203125e-01
6.321513652801513672e-01
6.851000785827636719e-01
7.009174823760986328e-01
6.288332939147949219e-01
6.308426856994628906e-01
6.962916851043701172e-01
6.284606456756591797e-01
6.915183067321777344e-01
6.250572204589843750e-01
6.287100315093994141e-01
6.325898170471191406e-01
6.309680938720703125e-01
7.035157680511474609e-01
6.281926631927490234e-01
6.321635246276855469e-01
7.035920619964599609e-01
6.268494129180908203e-01
6.930389404296875000e-01
6.294083595275878906e-01
6.332240104675292969e-01
6.373181343078613281e-01
6.296024322509765625e-01
6.268355846405029297e-01
6.298072338104248047e-01
6.323137283325195312e-01
7.022275924682617188e-01
6.292200088500976562e-01
6.347095966339111328e-01
7.061843872070312500e-01
7.002489566802978516e-01
7.100720405578613281e-01
6.436028480529785156e-01
6.355984210968017578e-01
6.330296993255615234e-01
6.353702545166015625e-01
6.303148269653320312e-01
7.074389457702636719e-01
6.809382438659667969e-01
6.438148021697998047e-01
6.366384029388427734e-01
6.384913921356201172e-01
7.016007900238037109e-01
7.096045017242431641e-01
6.712372303009033203e-01
6.390864849090576172e-01
6.342043876647949219e-01
6.302983760833740234e-01
6.393141746520996094e-01
6.967849731445312500e-01
6.391816139221191406e-01
6.414537429809570312e-01
6.934869289398193359e-01
7.006435394287109375e-01
6.236593723297119141e-01
6.964609622955322266e-01
6.407320499420166016e-01
6.269659996032714844e-01
6.252806186676025391e-01
6.342768669128417969e-01
7.027869224548339844e-01
6.984419822692871094e-01
6.795401573181152344e-01
6.165742874145507812e-01
6.397681236267089844e-01
6.448402404785156250e-01
6.282153129577636719e-01
6.850976943969726562e-01
7.173783779144287109e-01
6.279709339141845703e-01
6.391029357910156250e-01
6.360363960266113281e-01
6.323621273040771484e-01
6.366610527038574219e-01
6.350090503692626953e-01
6.273076534271240234e-01
6.305973529815673828e-01
6.390502452850341797e-01
