2.846327066421508789e+00
9.878010749816894531e-01
9.882104396820068359e-01
9.856321811676025391e-01
9.860067367553710938e-01
9.857945442199707031e-01
9.874932765960693359e-01
9.934594631195068359e-01
9.879086017608642578e-01
9.877810478210449219e-01
1.002002716064453125e+00
9.596624374389648438e-01
9.555301666259765625e-01
9.571318626403808594e-01
9.581725597381591797e-01
9.572415351867675781e-01
9.579300880432128906e-01
9.597749710083007812e-01
9.590783119201660156e-01
9.937915802001953125e-01
9.916474819183349609e-01
9.696061611175537109e-01
9.597754478454589844e-01
9.615948200225830078e-01
1.043843269348144531e+00
9.953842163085937500e-01
9.969937801361083984e-01
9.978687763214111328e-01
9.962701797485351562e-01
9.975976943969726562e-01
1.006457567214965820e+00
9.966738224029541016e-01
1.024158954620361328e+00
9.985976219177246094e-01
9.976022243499755859e-01
9.995260238647460938e-01
9.723114967346191406e-01
9.642302989959716797e-01
9.645738601684570312e-01
9.655735492706298828e-01
9.671328067779541016e-01
9.660139083862304688e-01
9.664032459259033203e-01
9.859905242919921875e-01
9.681501388549804688e-01
1.009523630142211914e+00
1.001217842102050781e+00
1.003042459487915039e+00
9.764571189880371094e-01
9.682030677795410156e-01
9.688992500305175781e-01
9.659068584442138672e-01
9.656281471252441406e-01
9.874298572540283203e-01
9.681019783020019531e-01
9.674556255340576172e-01
9.695336818695068359e-01
9.687764644622802734e-01
9.682495594024658203e-01
9.689848423004150391e-01
9.720313549041748047e-01
9.683623313903808594e-01
9.688525199890136719e-01
9.701485633850097656e-01
9.937491416931152344e-01
1.026478528976440430e+00
1.006312847137451172e+00
1.007070779800415039e+00
1.007372856140136719e+00
1.007859230041503906e+00
1.009865522384643555e+00
1.006484508514404297e+00
1.009557962417602539e+00
1.010123729705810547e+00
1.007113218307495117e+00
1.008902788162231445e+00
1.009262323379516602e+00
1.009570121765136719e+00
1.007552146911621094e+00
1.010053873062133789e+00
1.006238222122192383e+00
1.009944200515747070e+00
1.009068012237548828e+00
1.011131048202514648e+00
1.012059926986694336e+00
1.009281635284423828e+00
1.011037826538085938e+00
1.010438919067382812e+00
1.011132240295410156e+00
9.954764842987060547e-01
9.773306846618652344e-01
9.751172065734863281e-01
9.771559238433837891e-01
1.036527156829833984e+00
1.010960340499877930e+00
1.010236978530883789e+00
1.030159235000610352e+00
9.780507087707519531e-01
9.800238609313964844e-01
9.765374660491943359e-01
9.789874553680419922e-01
9.775528907775878906e-01
9.798703193664550781e-01
9.793612957000732422e-01
1.031186342239379883e+00
1.013262987136840820e+00
1.027573347091674805e+00
1.011771440505981445e+00
1.011541604995727539e+00
1.016891956329345703e+00
1.014537572860717773e+00
1.012284278869628906e+00
1.016189336776733398e+00
1.015229701995849609e+00
1.011945962905883789e+00
1.034443855285644531e+00
1.012517929077148438e+00
1.016326427459716797e+00
1.015582323074340820e+00
9.956033229827880859e-01
9.783322811126708984e-01
9.779586791992187500e-01
9.823751449584960938e-01
9.882194995880126953e-01
1.058871030807495117e+00
1.018418788909912109e+00
1.017798662185668945e+00
1.018493175506591797e+00
1.014868736267089844e+00
1.016140937805175781e+00
1.019538879394531250e+00
1.017075061798095703e+00
1.014848947525024414e+00
1.018363952636718750e+00
1.018452167510986328e+00
1.016938924789428711e+00
1.015836715698242188e+00
1.038568496704101562e+00
1.015975952148437500e+00
1.018875360488891602e+00
1.019514560699462891e+00
1.017156600952148438e+00
1.018806934356689453e+00
1.016530275344848633e+00
1.024317026138305664e+00
1.015596866607666016e+00
1.016360282897949219e+00
1.018197536468505859e+00
1.015166044235229492e+00
1.015523672103881836e+00
1.018345832824707031e+00
1.015980005264282227e+00
1.016940593719482422e+00
1.016390323638916016e+00
1.039186477661132812e+00
1.017741441726684570e+00
1.024591922760009766e+00
1.019269227981567383e+00
1.018789291381835938e+00
1.018975973129272461e+00
9.949169158935546875e-01
9.833116531372070312e-01
9.828755855560302734e-01
1.062579393386840820e+00
9.987852573394775391e-01
9.940066337585449219e-01
9.940676689147949219e-01
9.840483665466308594e-01
9.818439483642578125e-01
9.832959175109863281e-01
1.014392375946044922e+00
9.825382232666015625e-01
9.901151657104492188e-01
9.947788715362548828e-01
1.011458873748779297e+00
1.019067049026489258e+00
1.035521268844604492e+00
1.020476579666137695e+00
1.020370006561279297e+00
9.937028884887695312e-01
1.028517484664916992e+00
1.010409116744995117e+00
9.846715927124023438e-01
9.867043495178222656e-01
9.869406223297119141e-01
9.992022514343261719e-01
1.059599399566650391e+00
9.985446929931640625e-01
1.009555578231811523e+00
1.036706924438476562e+00
1.021051645278930664e+00
1.019535779953002930e+00
1.021146059036254883e+00
9.864311218261718750e-01
9.959528446197509766e-01
9.857256412506103516e-01
9.862482547760009766e-01
1.042557954788208008e+00
1.023522615432739258e+00
1.000380754470825195e+00
