6.584584712982177734e-01
6.312959194183349609e-01
6.346130371093750000e-01
6.228470802307128906e-01
6.930534839630126953e-01
6.282582283020019531e-01
6.189107894897460938e-01
6.332638263702392578e-01
6.275348663330078125e-01
6.213717460632324219e-01
6.730570793151855469e-01
6.303398609161376953e-01
6.335549354553222656e-01
6.307170391082763672e-01
6.333768367767333984e-01
6.379137039184570312e-01
7.032859325408935547e-01
6.302030086517333984e-01
6.321189403533935547e-01
6.259615421295166016e-01
6.376707553863525391e-01
6.313247680664062500e-01
6.382858753204345703e-01
6.157424449920654297e-01
6.232204437255859375e-01
6.346762180328369141e-01
6.305372714996337891e-01
6.995511054992675781e-01
6.363110542297363281e-01
6.420967578887939453e-01
6.415674686431884766e-01
6.369168758392333984e-01
7.140619754791259766e-01
6.439146995544433594e-01
6.317622661590576172e-01
7.000229358673095703e-01
6.373710632324218750e-01
6.339986324310302734e-01
6.902256011962890625e-01
6.347384452819824219e-01
6.345729827880859375e-01
6.323423385620117188e-01
6.360414028167724609e-01
6.336622238159179688e-01
6.215608119964599609e-01
6.211237907409667969e-01
6.222760677337646484e-01
7.079019546508789062e-01
6.389594078063964844e-01
6.338629722595214844e-01
6.973567008972167969e-01
6.373429298400878906e-01
6.329452991485595703e-01
6.366608142852783203e-01
6.345343589782714844e-01
6.338164806365966797e-01
6.300806999206542969e-01
6.369419097900390625e-01
6.940989494323730469e-01
6.311180591583251953e-01
6.371018886566162109e-01
6.358828544616699219e-01
6.331915855407714844e-01
6.340677738189697266e-01
6.361672878265380859e-01
6.223294734954833984e-01
6.973209381103515625e-01
6.341040134429931641e-01
6.330952644348144531e-01
6.287252902984619141e-01
6.301598548889160156e-01
6.523582935333251953e-01
6.251101493835449219e-01
6.778049468994140625e-01
6.179959774017333984e-01
6.181275844573974609e-01
6.170942783355712891e-01
6.255335807800292969e-01
6.343452930450439453e-01
6.239137649536132812e-01
6.313796043395996094e-01
7.047953605651855469e-01
6.264629364013671875e-01
6.922729015350341797e-01
6.294691562652587891e-01
6.287109851837158203e-01
6.236872673034667969e-01
6.316597461700439453e-01
6.354537010192871094e-01
7.050788402557373047e-01
6.352343559265136719e-01
6.356320381164550781e-01
6.321170330047607422e-01
6.356399059295654297e-01
6.414844989776611328e-01
6.333727836608886719e-01
6.349160671234130859e-01
6.379191875457763672e-01
6.802330017089843750e-01
6.316258907318115234e-01
6.352725028991699219e-01
7.096524238586425781e-01
6.326518058776855469e-01
6.339182853698730469e-01
6.250264644622802734e-01
6.258964538574218750e-01
6.242721080780029297e-01
6.337859630584716797e-01
6.303389072418212891e-01
7.018177509307861328e-01
6.298449039459228516e-01
6.292614936828613281e-01
6.961057186126708984e-01
6.321227550506591797e-01
6.255214214324951172e-01
6.224460601806640625e-01
6.269636154174804688e-01
6.360411643981933594e-01
6.305460929870605469e-01
6.411271095275878906e-01
6.410706043243408203e-01
6.343832015991210938e-01
6.434893608093261719e-01
6.321876049041748047e-01
6.851038932800292969e-01
7.009272575378417969e-01
6.288440227508544922e-01
6.308362483978271484e-01
6.962928771972656250e-01
6.284751892089843750e-01
6.915249824523925781e-01
6.250715255737304688e-01
6.287205219268798828e-01
6.326146125793457031e-01
6.309728622436523438e-01
7.035336494445800781e-01
6.282134056091308594e-01
6.321783065795898438e-01
7.035880088806152344e-01
6.268665790557861328e-01
6.930425167083740234e-01
6.294207572937011719e-01
6.332392692565917969e-01
6.373360157012939453e-01
6.296117305755615234e-01
6.268455982208251953e-01
6.298229694366455078e-01
6.323201656341552734e-01
7.022409439086914062e-01
6.292331218719482422e-01
6.347091197967529297e-01
7.061846256256103516e-01
7.002565860748291016e-01
7.100868225097656250e-01
6.435947418212890625e-01
6.356122493743896484e-01
6.330394744873046875e-01
6.353740692138671875e-01
6.303212642669677734e-01
7.074525356292724609e-01
6.809368133544921875e-01
6.438179016113281250e-01
6.366500854492187500e-01
6.384980678558349609e-01
7.016072273254394531e-01
7.096140384674072266e-01
6.712455749511718750e-01
6.391012668609619141e-01
6.342234611511230469e-01
6.303052902221679688e-01
6.393284797668457031e-01
6.967959403991699219e-01
6.391921043395996094e-01
6.414556503295898438e-01
6.934998035430908203e-01
7.006587982177734375e-01
6.236665248870849609e-01
6.964750289916992188e-01
6.407446861267089844e-01
6.269857883453369141e-01
6.252987384796142578e-01
6.342921257019042969e-01
7.027964591979980469e-01
6.984488964080810547e-01
6.795458793640136719e-01
6.165893077850341797e-01
6.397757530212402344e-01
6.448450088500976562e-01
6.282305717468261719e-01
6.851112842559814453e-01
7.173924446105957031e-01
6.279733180999755859e-01
6.391229629516601562e-01
6.360535621643066406e-01
6.323759555816650391e-01
6.366689205169677734e-01
6.350166797637939453e-01
6.273207664489746094e-01
6.306111812591552734e-01
6.390585899353027344e-01
