1.508818387985229492e+00
1.416358709335327148e+00
1.402754306793212891e+00
1.355558395385742188e+00
1.270923614501953125e+00
1.288192987442016602e+00
1.260560512542724609e+00
1.274407386779785156e+00
1.346636295318603516e+00
1.261178016662597656e+00
1.284294366836547852e+00
1.252988576889038086e+00
1.257990360260009766e+00
1.281131029129028320e+00
1.253973245620727539e+00
1.251687049865722656e+00
1.280983924865722656e+00
1.253702640533447266e+00
1.254821062088012695e+00
1.267180919647216797e+00
1.272893190383911133e+00
1.254109859466552734e+00
1.265981674194335938e+00
1.364853858947753906e+00
1.250001907348632812e+00
1.254907131195068359e+00
1.248685598373413086e+00
1.262591600418090820e+00
1.249755859375000000e+00
1.249871253967285156e+00
1.255727052688598633e+00
1.248196840286254883e+00
1.247853994369506836e+00
1.243670940399169922e+00
1.251722335815429688e+00
1.260927915573120117e+00
1.250943899154663086e+00
1.250882863998413086e+00
1.271034955978393555e+00
1.254948854446411133e+00
1.248329877853393555e+00
1.264029264450073242e+00
1.281981468200683594e+00
1.265454530715942383e+00
1.250683307647705078e+00
1.286334276199340820e+00
1.256770372390747070e+00
1.256685495376586914e+00
1.277807712554931641e+00
1.265900611877441406e+00
1.252662181854248047e+00
1.265812397003173828e+00
1.372848033905029297e+00
1.252675056457519531e+00
1.254262685775756836e+00
1.237725496292114258e+00
1.255992412567138672e+00
1.263333559036254883e+00
1.257273674011230469e+00
1.261001586914062500e+00
1.259181022644042969e+00
1.257517814636230469e+00
1.346777915954589844e+00
1.259351253509521484e+00
1.265511035919189453e+00
1.273367404937744141e+00
1.256817579269409180e+00
1.245335817337036133e+00
1.257004022598266602e+00
1.255403518676757812e+00
1.253982305526733398e+00
1.256807804107666016e+00
1.265346527099609375e+00
1.248192310333251953e+00
1.237551927566528320e+00
1.258929967880249023e+00
1.254240274429321289e+00
1.237454891204833984e+00
1.256123542785644531e+00
1.265799045562744141e+00
1.242828607559204102e+00
1.254799604415893555e+00
1.268967151641845703e+00
1.249267578125000000e+00
1.250196695327758789e+00
1.248740434646606445e+00
1.255225896835327148e+00
1.246017456054687500e+00
1.255758047103881836e+00
1.267595767974853516e+00
1.239886760711669922e+00
1.237735509872436523e+00
1.336409330368041992e+00
1.254073619842529297e+00
1.249749660491943359e+00
1.248562574386596680e+00
1.263096094131469727e+00
1.250000000000000000e+00
1.248272895812988281e+00
1.261050939559936523e+00
1.247239589691162109e+00
1.246638059616088867e+00
1.264719486236572266e+00
1.355118274688720703e+00
1.262633085250854492e+00
1.265130281448364258e+00
1.285570621490478516e+00
1.264228820800781250e+00
1.258353471755981445e+00
1.271135091781616211e+00
1.259659051895141602e+00
1.253101348876953125e+00
1.266168594360351562e+00
1.261473894119262695e+00
1.253754854202270508e+00
1.253566026687622070e+00
1.259109497070312500e+00
1.246235132217407227e+00
1.350560426712036133e+00
1.259469270706176758e+00
1.249632120132446289e+00
1.257359981536865234e+00
1.263439178466796875e+00
1.240182638168334961e+00
1.252492666244506836e+00
1.255946874618530273e+00
1.256613731384277344e+00
1.250657320022583008e+00
1.346255064010620117e+00
1.248474359512329102e+00
1.253354787826538086e+00
1.261722326278686523e+00
1.255552530288696289e+00
1.355630874633789062e+00
1.250134229660034180e+00
1.256731033325195312e+00
1.241138696670532227e+00
1.254235029220581055e+00
1.346981525421142578e+00
1.237182617187500000e+00
1.271265506744384766e+00
1.263429403305053711e+00
1.266496896743774414e+00
1.352603435516357422e+00
1.268809080123901367e+00
1.277241945266723633e+00
1.278266668319702148e+00
1.294823646545410156e+00
1.306772947311401367e+00
1.284418344497680664e+00
1.292208433151245117e+00
1.316461801528930664e+00
1.313913106918334961e+00
1.334146022796630859e+00
1.350429058074951172e+00
1.338425874710083008e+00
1.342926740646362305e+00
1.351174354553222656e+00
1.442787170410156250e+00
1.337776899337768555e+00
1.347020149230957031e+00
1.333172559738159180e+00
1.320580244064331055e+00
1.313549280166625977e+00
1.311364650726318359e+00
1.301770448684692383e+00
1.302331209182739258e+00
1.292305469512939453e+00
1.248803377151489258e+00
1.350497007369995117e+00
1.250003337860107422e+00
1.259564399719238281e+00
1.255661010742187500e+00
1.250640630722045898e+00
1.351329565048217773e+00
1.249529361724853516e+00
1.248867034912109375e+00
1.237829208374023438e+00
1.248166561126708984e+00
1.350538492202758789e+00
1.246170759201049805e+00
1.249731779098510742e+00
1.247921466827392578e+00
1.247884511947631836e+00
1.327933311462402344e+00
1.249597072601318359e+00
1.250601053237915039e+00
1.250579595565795898e+00
1.252933979034423828e+00
1.245754957199096680e+00
1.253506660461425781e+00
1.248828411102294922e+00
1.245747804641723633e+00
1.258561611175537109e+00
1.249727010726928711e+00
1.240002632141113281e+00
1.243433952331542969e+00
1.240504980087280273e+00
1.238970279693603516e+00
1.240106582641601562e+00
