1.508819103240966797e+00
1.416364908218383789e+00
1.402739048004150391e+00
1.355558633804321289e+00
1.270924329757690430e+00
1.288196802139282227e+00
1.260561466217041016e+00
1.274405956268310547e+00
1.346640586853027344e+00
1.261178016662597656e+00
1.284297466278076172e+00
1.252994775772094727e+00
1.257991075515747070e+00
1.281131505966186523e+00
1.253975629806518555e+00
1.251683473587036133e+00
1.280983209609985352e+00
1.253713846206665039e+00
1.254829168319702148e+00
1.267183542251586914e+00
1.272893905639648438e+00
1.254111766815185547e+00
1.265979528427124023e+00
1.364854335784912109e+00
1.249997854232788086e+00
1.254905700683593750e+00
1.248687505722045898e+00
1.262590169906616211e+00
1.249760150909423828e+00
1.249874114990234375e+00
1.255728483200073242e+00
1.248199224472045898e+00
1.247856616973876953e+00
1.243678331375122070e+00
1.251721858978271484e+00
1.260931491851806641e+00
1.250946998596191406e+00
1.250883340835571289e+00
1.271036863327026367e+00
1.254961490631103516e+00
1.248334407806396484e+00
1.264030694961547852e+00
1.281980991363525391e+00
1.265455007553100586e+00
1.250677824020385742e+00
1.286334276199340820e+00
1.256771087646484375e+00
1.256688594818115234e+00
1.277804613113403320e+00
1.265901803970336914e+00
1.252665996551513672e+00
1.265813589096069336e+00
1.372847080230712891e+00
1.252682209014892578e+00
1.254263877868652344e+00
1.237723350524902344e+00
1.255991458892822266e+00
1.263338088989257812e+00
1.257271051406860352e+00
1.261004209518432617e+00
1.259183883666992188e+00
1.257516384124755859e+00
1.346781492233276367e+00
1.259351491928100586e+00
1.265506029129028320e+00
1.273367404937744141e+00
1.256825447082519531e+00
1.245335817337036133e+00
1.257008552551269531e+00
1.255408287048339844e+00
1.253981828689575195e+00
1.256819009780883789e+00
1.265346288681030273e+00
1.248215198516845703e+00
1.237551927566528320e+00
1.258931398391723633e+00
1.254251480102539062e+00
1.237456083297729492e+00
1.256125926971435547e+00
1.265794515609741211e+00
1.242831707000732422e+00
1.254800796508789062e+00
1.268960475921630859e+00
1.249269723892211914e+00
1.250197649002075195e+00
1.248736143112182617e+00
1.255223035812377930e+00
1.246019601821899414e+00
1.255754232406616211e+00
1.267601728439331055e+00
1.239891767501831055e+00
1.237740516662597656e+00
1.336415052413940430e+00
1.254081249237060547e+00
1.249750375747680664e+00
1.248572349548339844e+00
1.263101577758789062e+00
1.249998569488525391e+00
1.248368263244628906e+00
1.261046409606933594e+00
1.247239828109741211e+00
1.246636390686035156e+00
1.264722108840942383e+00
1.355118989944458008e+00
1.262640714645385742e+00
1.265215873718261719e+00
1.285577297210693359e+00
1.264230728149414062e+00
1.258356571197509766e+00
1.271126985549926758e+00
1.259657621383666992e+00
1.253103494644165039e+00
1.266170024871826172e+00
1.261474370956420898e+00
1.253756046295166016e+00
1.253567457199096680e+00
1.259113550186157227e+00
1.246239900588989258e+00
1.350561857223510742e+00
1.259472608566284180e+00
1.249638319015502930e+00
1.257362365722656250e+00
1.263449668884277344e+00
1.240185260772705078e+00
1.252484321594238281e+00
1.255942344665527344e+00
1.256624937057495117e+00
1.250654458999633789e+00
1.346256494522094727e+00
1.248465538024902344e+00
1.253350257873535156e+00
1.261722326278686523e+00
1.255547523498535156e+00
1.355629682540893555e+00
1.250134706497192383e+00
1.256730318069458008e+00
1.241144895553588867e+00
1.254233598709106445e+00
1.346981525421142578e+00
1.237190723419189453e+00
1.271264314651489258e+00
1.263427257537841797e+00
1.266500711441040039e+00
1.352605104446411133e+00
1.268820524215698242e+00
1.277241945266723633e+00
1.278270006179809570e+00
1.294820070266723633e+00
1.306774139404296875e+00
1.284422636032104492e+00
1.292211055755615234e+00
1.316464900970458984e+00
1.313911676406860352e+00
1.334146976470947266e+00
1.350430727005004883e+00
1.338436365127563477e+00
1.342934131622314453e+00
1.351178884506225586e+00
1.442793130874633789e+00
1.337774753570556641e+00
1.347024917602539062e+00
1.333172798156738281e+00
1.320587158203125000e+00
1.313552618026733398e+00
1.311367273330688477e+00
1.301777362823486328e+00
1.302340507507324219e+00
1.292303323745727539e+00
1.248809337615966797e+00
1.350497484207153320e+00
1.250007390975952148e+00
1.259557485580444336e+00
1.255665302276611328e+00
1.250643730163574219e+00
1.351331949234008789e+00
1.249533176422119141e+00
1.248868465423583984e+00
1.237830400466918945e+00
1.248165130615234375e+00
1.350537538528442383e+00
1.246172428131103516e+00
1.249731302261352539e+00
1.247922420501708984e+00
1.247889518737792969e+00
1.327933311462402344e+00
1.249598503112792969e+00
1.250610589981079102e+00
1.250584363937377930e+00
1.252935171127319336e+00
1.245757579803466797e+00
1.253510236740112305e+00
1.248833894729614258e+00
1.245750427246093750e+00
1.258566617965698242e+00
1.249725580215454102e+00
1.240004301071166992e+00
1.243437767028808594e+00
1.240504503250122070e+00
1.238978624343872070e+00
1.240116357803344727e+00
