2.135869026184082031e+00
4.797410964965820312e-01
4.601616859436035156e-01
4.170103073120117188e-01
4.177966117858886719e-01
4.189679622650146484e-01
4.180443286895751953e-01
4.192428588867187500e-01
4.202351570129394531e-01
4.141793251037597656e-01
4.141926765441894531e-01
4.178409576416015625e-01
4.154450893402099609e-01
4.184658527374267578e-01
4.188826084136962891e-01
4.159984588623046875e-01
4.161875247955322266e-01
4.200327396392822266e-01
4.183571338653564453e-01
4.175865650177001953e-01
4.171066284179687500e-01
4.180059432983398438e-01
4.169888496398925781e-01
4.169728755950927734e-01
4.184961318969726562e-01
4.158825874328613281e-01
4.171464443206787109e-01
4.178409576416015625e-01
4.178385734558105469e-01
4.185020923614501953e-01
4.208099842071533203e-01
4.188268184661865234e-01
4.182896614074707031e-01
4.177563190460205078e-01
4.179644584655761719e-01
4.167239665985107422e-01
4.169244766235351562e-01
4.172756671905517578e-01
4.177708625793457031e-01
4.180834293365478516e-01
4.214019775390625000e-01
4.205825328826904297e-01
4.181489944458007812e-01
4.200956821441650391e-01
4.182183742523193359e-01
4.198443889617919922e-01
4.194834232330322266e-01
4.169499874114990234e-01
4.196431636810302734e-01
4.193699359893798828e-01
4.197139739990234375e-01
4.196126461029052734e-01
4.202861785888671875e-01
4.195506572723388672e-01
4.240100383758544922e-01
4.202063083648681641e-01
4.230897426605224609e-01
4.231173992156982422e-01
4.212946891784667969e-01
4.218213558197021484e-01
4.229381084442138672e-01
4.259865283966064453e-01
4.228286743164062500e-01
4.221854209899902344e-01
4.219295978546142578e-01
4.237561225891113281e-01
4.213325977325439453e-01
4.228107929229736328e-01
4.217817783355712891e-01
4.238631725311279297e-01
4.222879409790039062e-01
4.252376556396484375e-01
4.222059249877929688e-01
4.232139587402343750e-01
4.225873947143554688e-01
4.228696823120117188e-01
4.230403900146484375e-01
4.217464923858642578e-01
4.223453998565673828e-01
4.267477989196777344e-01
4.247479438781738281e-01
4.258313179016113281e-01
4.272930622100830078e-01
4.264848232269287109e-01
4.263103008270263672e-01
4.271631240844726562e-01
4.270486831665039062e-01
4.274892807006835938e-01
4.273953437805175781e-01
4.264049530029296875e-01
4.258842468261718750e-01
4.268040657043457031e-01
4.274802207946777344e-01
4.262642860412597656e-01
4.273986816406250000e-01
4.240732192993164062e-01
4.260179996490478516e-01
4.261879920959472656e-01
4.273216724395751953e-01
4.268326759338378906e-01
4.266583919525146484e-01
4.266085624694824219e-01
4.261267185211181641e-01
4.262452125549316406e-01
4.283649921417236328e-01
4.289164543151855469e-01
4.336647987365722656e-01
4.349157810211181641e-01
4.280416965484619141e-01
4.258854389190673828e-01
4.311625957489013672e-01
4.294042587280273438e-01
4.284729957580566406e-01
4.263591766357421875e-01
4.253962039947509766e-01
4.276072978973388672e-01
4.270334243774414062e-01
4.236156940460205078e-01
4.265930652618408203e-01
4.246120452880859375e-01
4.254751205444335938e-01
4.269623756408691406e-01
4.292087554931640625e-01
4.307138919830322266e-01
4.310328960418701172e-01
4.324755668640136719e-01
4.295430183410644531e-01
4.279325008392333984e-01
4.314351081848144531e-01
4.312765598297119141e-01
4.298870563507080078e-01
4.318089485168457031e-01
4.274277687072753906e-01
4.268784523010253906e-01
4.268698692321777344e-01
4.266834259033203125e-01
4.288980960845947266e-01
4.280149936676025391e-01
4.306914806365966797e-01
4.300448894500732422e-01
4.286060333251953125e-01
4.306216239929199219e-01
4.308199882507324219e-01
4.278120994567871094e-01
4.299423694610595703e-01
4.279789924621582031e-01
4.290933609008789062e-01
4.300081729888916016e-01
4.274103641510009766e-01
4.287261962890625000e-01
4.299321174621582031e-01
4.287285804748535156e-01
4.304149150848388672e-01
4.308292865753173828e-01
4.302258491516113281e-01
4.304511547088623047e-01
4.324576854705810547e-01
4.325017929077148438e-01
4.273023605346679688e-01
4.303390979766845703e-01
4.317286014556884766e-01
4.312415122985839844e-01
4.317903518676757812e-01
4.314198493957519531e-01
4.311461448669433594e-01
4.338645935058593750e-01
4.357805252075195312e-01
4.330000877380371094e-01
4.358482360839843750e-01
4.388773441314697266e-01
4.353103637695312500e-01
4.360616207122802734e-01
4.350619316101074219e-01
4.377312660217285156e-01
4.276914596557617188e-01
4.234058856964111328e-01
4.260835647583007812e-01
4.237403869628906250e-01
4.239158630371093750e-01
4.244656562805175781e-01
4.232823848724365234e-01
4.241154193878173828e-01
4.248788356781005859e-01
4.243049621582031250e-01
4.226756095886230469e-01
4.251732826232910156e-01
4.208431243896484375e-01
4.213688373565673828e-01
4.229066371917724609e-01
4.213733673095703125e-01
4.229226112365722656e-01
4.256272315979003906e-01
4.244720935821533203e-01
4.238815307617187500e-01
4.240448474884033203e-01
4.258310794830322266e-01
4.239487648010253906e-01
4.247233867645263672e-01
4.235856533050537109e-01
4.248092174530029297e-01
