1.508810758590698242e+00
1.416352987289428711e+00
1.402750492095947266e+00
1.355572462081909180e+00
1.270952701568603516e+00
1.288206100463867188e+00
1.260556936264038086e+00
1.274414539337158203e+00
1.346657752990722656e+00
1.261164665222167969e+00
1.284311294555664062e+00
1.252993345260620117e+00
1.257987737655639648e+00
1.281154632568359375e+00
1.254002332687377930e+00
1.251706123352050781e+00
1.281002283096313477e+00
1.253699779510498047e+00
1.254837751388549805e+00
1.267180681228637695e+00
1.272866725921630859e+00
1.254119157791137695e+00
1.265986442565917969e+00
1.364853143692016602e+00
1.250016689300537109e+00
1.254909753799438477e+00
1.248697042465209961e+00
1.262590408325195312e+00
1.249780893325805664e+00
1.249873161315917969e+00
1.255757331848144531e+00
1.248198747634887695e+00
1.247852802276611328e+00
1.243685483932495117e+00
1.251723766326904297e+00
1.260914325714111328e+00
1.250931978225708008e+00
1.250888109207153320e+00
1.271057367324829102e+00
1.254947662353515625e+00
1.248341083526611328e+00
1.264048337936401367e+00
1.281975269317626953e+00
1.265472650527954102e+00
1.250664949417114258e+00
1.286341428756713867e+00
1.256772518157958984e+00
1.256700038909912109e+00
1.277814626693725586e+00
1.265909194946289062e+00
1.252655982971191406e+00
1.265811920166015625e+00
1.372865915298461914e+00
1.252700805664062500e+00
1.254272937774658203e+00
1.237750768661499023e+00
1.255994081497192383e+00
1.263346910476684570e+00
1.257309675216674805e+00
1.261006832122802734e+00
1.259192228317260742e+00
1.257516384124755859e+00
1.346800088882446289e+00
1.259361028671264648e+00
1.265519857406616211e+00
1.273376703262329102e+00
1.256821155548095703e+00
1.245349407196044922e+00
1.257018089294433594e+00
1.255404233932495117e+00
1.253994703292846680e+00
1.256814002990722656e+00
1.265350103378295898e+00
1.248210668563842773e+00
1.237571716308593750e+00
1.258948087692260742e+00
1.254268646240234375e+00
1.237462282180786133e+00
1.256133079528808594e+00
1.265804529190063477e+00
1.242840528488159180e+00
1.254827260971069336e+00
1.268949985504150391e+00
1.249269247055053711e+00
1.250203371047973633e+00
1.248734712600708008e+00
1.255245923995971680e+00
1.246006011962890625e+00
1.255774736404418945e+00
1.267590522766113281e+00
1.239903211593627930e+00
1.237749338150024414e+00
1.336424589157104492e+00
1.254069566726684570e+00
1.249756813049316406e+00
1.248567104339599609e+00
1.263107538223266602e+00
1.250016689300537109e+00
1.248394727706909180e+00
1.261050224304199219e+00
1.247261285781860352e+00
1.246639966964721680e+00
1.264729738235473633e+00
1.355113983154296875e+00
1.262648344039916992e+00
1.265141248703002930e+00
1.285572767257690430e+00
1.264247894287109375e+00
1.258351087570190430e+00
1.271105527877807617e+00
1.259672164916992188e+00
1.253113508224487305e+00
1.266187667846679688e+00
1.261486768722534180e+00
1.253763675689697266e+00
1.253578662872314453e+00
1.259151220321655273e+00
1.246244430541992188e+00
1.350572347640991211e+00
1.259487867355346680e+00
1.249638795852661133e+00
1.257354497909545898e+00
1.263516187667846680e+00
1.240209817886352539e+00
1.252489328384399414e+00
1.255954027175903320e+00
1.256613731384277344e+00
1.250652074813842773e+00
1.346282958984375000e+00
1.248457670211791992e+00
1.253349304199218750e+00
1.261718273162841797e+00
1.255563020706176758e+00
1.355634927749633789e+00
1.250143766403198242e+00
1.256731748580932617e+00
1.241135597229003906e+00
1.254235744476318359e+00
1.347006320953369141e+00
1.237196207046508789e+00
1.271247386932373047e+00
1.263436794281005859e+00
1.266497373580932617e+00
1.352590799331665039e+00
1.268831491470336914e+00
1.277242660522460938e+00
1.278258323669433594e+00
1.294822216033935547e+00
1.306807041168212891e+00
1.284435272216796875e+00
1.292253494262695312e+00
1.316472530364990234e+00
1.313923120498657227e+00
1.334150552749633789e+00
1.350452184677124023e+00
1.338427543640136719e+00
1.342920780181884766e+00
1.351205587387084961e+00
1.442802190780639648e+00
1.337772369384765625e+00
1.347030162811279297e+00
1.333212614059448242e+00
1.320584535598754883e+00
1.313584089279174805e+00
1.311367988586425781e+00
1.301787853240966797e+00
1.302378416061401367e+00
1.292316436767578125e+00
1.248808622360229492e+00
1.350533485412597656e+00
1.250028371810913086e+00
1.259539604187011719e+00
1.255689382553100586e+00
1.250665187835693359e+00
1.351319551467895508e+00
1.249554157257080078e+00
1.248883485794067383e+00
1.237848043441772461e+00
1.248164653778076172e+00
1.350545883178710938e+00
1.246180534362792969e+00
1.249736309051513672e+00
1.247928142547607422e+00
1.247898578643798828e+00
1.327935934066772461e+00
1.249636411666870117e+00
1.250606775283813477e+00
1.250569581985473633e+00
1.252943754196166992e+00
1.245781660079956055e+00
1.253512144088745117e+00
1.248828649520874023e+00
1.245767831802368164e+00
1.258575439453125000e+00
1.249728202819824219e+00
1.240039825439453125e+00
1.243453741073608398e+00
1.240506172180175781e+00
1.238966703414916992e+00
1.240128755569458008e+00
