2.064845323562622070e+00
4.464905261993408203e-01
4.468653202056884766e-01
4.165761470794677734e-01
4.153006076812744141e-01
4.183261394500732422e-01
4.173672199249267578e-01
4.184112548828125000e-01
4.172222614288330078e-01
4.165303707122802734e-01
4.201307296752929688e-01
4.183068275451660156e-01
4.188656806945800781e-01
4.196619987487792969e-01
4.174184799194335938e-01
4.191863536834716797e-01
4.206094741821289062e-01
4.195601940155029297e-01
4.198720455169677734e-01
4.202108383178710938e-01
4.213595390319824219e-01
4.201102256774902344e-01
4.205980300903320312e-01
4.207360744476318359e-01
4.202136993408203125e-01
4.200546741485595703e-01
4.197199344635009766e-01
4.200611114501953125e-01
4.200918674468994141e-01
4.193913936614990234e-01
4.194440841674804688e-01
4.182806015014648438e-01
4.204893112182617188e-01
4.213290214538574219e-01
4.205858707427978516e-01
4.194042682647705078e-01
4.207057952880859375e-01
4.204449653625488281e-01
4.196627140045166016e-01
4.200267791748046875e-01
4.196712970733642578e-01
4.237041473388671875e-01
4.247598648071289062e-01
4.225018024444580078e-01
4.230000972747802734e-01
4.216132164001464844e-01
4.226183891296386719e-01
4.205605983734130859e-01
4.236841201782226562e-01
4.218864440917968750e-01
4.208612442016601562e-01
4.223639965057373047e-01
4.229378700256347656e-01
4.210634231567382812e-01
4.231777191162109375e-01
4.237096309661865234e-01
4.216892719268798828e-01
4.217586517333984375e-01
4.234561920166015625e-01
4.230704307556152344e-01
4.229269027709960938e-01
4.236488342285156250e-01
4.235458374023437500e-01
4.230523109436035156e-01
4.238498210906982422e-01
4.241428375244140625e-01
4.228188991546630859e-01
4.233312606811523438e-01
4.232912063598632812e-01
4.227573871612548828e-01
4.259636402130126953e-01
4.280660152435302734e-01
4.273967742919921875e-01
4.263427257537841797e-01
4.244978427886962891e-01
4.260280132293701172e-01
4.251449108123779297e-01
4.273848533630371094e-01
4.283668994903564453e-01
4.266459941864013672e-01
4.257781505584716797e-01
4.282908439636230469e-01
4.281504154205322266e-01
4.272508621215820312e-01
4.282612800598144531e-01
4.301953315734863281e-01
4.287073612213134766e-01
4.295837879180908203e-01
4.294810295104980469e-01
4.286437034606933594e-01
4.289596080780029297e-01
4.287259578704833984e-01
4.289014339447021484e-01
4.288043975830078125e-01
4.278779029846191406e-01
4.275736808776855469e-01
4.265561103820800781e-01
4.306671619415283203e-01
4.273619651794433594e-01
4.284646511077880859e-01
4.273307323455810547e-01
4.271445274353027344e-01
4.261097908020019531e-01
4.265074729919433594e-01
4.285137653350830078e-01
4.291188716888427734e-01
4.309968948364257812e-01
4.354267120361328125e-01
4.286940097808837891e-01
4.278380870819091797e-01
4.275648593902587891e-01
4.291920661926269531e-01
4.285297393798828125e-01
4.275753498077392578e-01
4.318141937255859375e-01
4.271211624145507812e-01
4.273099899291992188e-01
4.298965930938720703e-01
4.269158840179443359e-01
4.270033836364746094e-01
4.283311367034912109e-01
4.266924858093261719e-01
4.277718067169189453e-01
4.298810958862304688e-01
4.269642829895019531e-01
4.301428794860839844e-01
4.285118579864501953e-01
4.294559955596923828e-01
4.309380054473876953e-01
4.303894042968750000e-01
4.283831119537353516e-01
4.273710250854492188e-01
4.299712181091308594e-01
4.319171905517578125e-01
4.287774562835693359e-01
4.294660091400146484e-01
4.291789531707763672e-01
4.303400516510009766e-01
4.288573265075683594e-01
4.321525096893310547e-01
4.331312179565429688e-01
4.336307048797607422e-01
4.335055351257324219e-01
4.345936775207519531e-01
4.313430786132812500e-01
4.352130889892578125e-01
4.300768375396728516e-01
4.291956424713134766e-01
4.302878379821777344e-01
4.310035705566406250e-01
4.298081398010253906e-01
4.321429729461669922e-01
4.331316947937011719e-01
4.291589260101318359e-01
4.285454750061035156e-01
4.297301769256591797e-01
4.325311183929443359e-01
4.331130981445312500e-01
4.318833351135253906e-01
4.384162425994873047e-01
4.327344894409179688e-01
4.353237152099609375e-01
4.361810684204101562e-01
4.353404045104980469e-01
4.348495006561279297e-01
4.349777698516845703e-01
4.373652935028076172e-01
4.374065399169921875e-01
4.386796951293945312e-01
4.421355724334716797e-01
4.420797824859619141e-01
4.404032230377197266e-01
4.405541419982910156e-01
4.409177303314208984e-01
4.240083694458007812e-01
4.243557453155517578e-01
4.239463806152343750e-01
4.260771274566650391e-01
4.249694347381591797e-01
4.240572452545166016e-01
4.231142997741699219e-01
4.221856594085693359e-01
4.240446090698242188e-01
4.233589172363281250e-01
4.223384857177734375e-01
4.243581295013427734e-01
4.261107444763183594e-01
4.274508953094482422e-01
4.273934364318847656e-01
4.288947582244873047e-01
4.242641925811767578e-01
4.225964546203613281e-01
4.245200157165527344e-01
4.233944416046142578e-01
4.232037067413330078e-01
4.229478836059570312e-01
4.248571395874023438e-01
4.238996505737304688e-01
4.233436584472656250e-01
4.246430397033691406e-01
