2.184790611267089844e+00
4.563148021697998047e-01
4.585268497467041016e-01
4.163477420806884766e-01
4.140851497650146484e-01
4.185068607330322266e-01
4.163978099822998047e-01
4.164695739746093750e-01
4.159932136535644531e-01
4.179265499114990234e-01
4.185924530029296875e-01
4.206471443176269531e-01
4.198372364044189453e-01
4.216773509979248047e-01
4.205696582794189453e-01
4.199371337890625000e-01
4.195914268493652344e-01
4.213914871215820312e-01
4.193503856658935547e-01
4.193882942199707031e-01
4.236593246459960938e-01
4.223325252532958984e-01
4.204106330871582031e-01
4.204838275909423828e-01
4.204938411712646484e-01
4.198489189147949219e-01
4.203960895538330078e-01
4.247417449951171875e-01
4.204561710357666016e-01
4.189207553863525391e-01
4.188830852508544922e-01
4.243519306182861328e-01
4.233603477478027344e-01
4.235773086547851562e-01
4.263648986816406250e-01
4.203557968139648438e-01
4.205899238586425781e-01
4.215850830078125000e-01
4.205567836761474609e-01
4.209880828857421875e-01
4.257068634033203125e-01
4.195628166198730469e-01
4.185984134674072266e-01
4.191844463348388672e-01
4.179575443267822266e-01
4.176354408264160156e-01
4.189062118530273438e-01
4.196665287017822266e-01
4.189803600311279297e-01
4.221169948577880859e-01
4.201507568359375000e-01
4.177248477935791016e-01
4.198598861694335938e-01
4.200520515441894531e-01
4.192862510681152344e-01
4.196403026580810547e-01
4.228692054748535156e-01
4.202768802642822266e-01
4.191572666168212891e-01
4.195210933685302734e-01
4.207789897918701172e-01
4.208054542541503906e-01
4.201703071594238281e-01
4.249074459075927734e-01
4.218161106109619141e-01
4.211363792419433594e-01
4.225790500640869141e-01
4.207539558410644531e-01
4.213175773620605469e-01
4.224979877471923828e-01
4.254403114318847656e-01
4.235873222351074219e-01
4.232993125915527344e-01
4.253337383270263672e-01
4.237453937530517578e-01
4.244222640991210938e-01
4.273271560668945312e-01
4.273848533630371094e-01
4.266996383666992188e-01
4.288914203643798828e-01
4.274485111236572266e-01
4.284181594848632812e-01
4.301648139953613281e-01
4.253172874450683594e-01
4.249143600463867188e-01
4.255747795104980469e-01
4.304966926574707031e-01
4.270792007446289062e-01
4.258465766906738281e-01
4.279825687408447266e-01
4.257357120513916016e-01
4.267413616180419922e-01
4.289762973785400391e-01
4.258267879486083984e-01
4.274055957794189453e-01
4.311151504516601562e-01
4.275486469268798828e-01
4.267871379852294922e-01
4.286799430847167969e-01
4.280760288238525391e-01
4.269959926605224609e-01
4.277904033660888672e-01
4.281680583953857422e-01
4.271502494812011719e-01
4.306693077087402344e-01
4.300494194030761719e-01
4.320807456970214844e-01
4.358584880828857422e-01
4.283621311187744141e-01
4.270224571228027344e-01
4.332458972930908203e-01
4.300310611724853516e-01
4.273581504821777344e-01
4.312245845794677734e-01
4.316127300262451172e-01
4.325470924377441406e-01
4.289488792419433594e-01
4.296796321868896484e-01
4.292564392089843750e-01
4.280703067779541016e-01
4.273633956909179688e-01
4.338979721069335938e-01
4.286701679229736328e-01
4.273078441619873047e-01
4.268491268157958984e-01
4.280736446380615234e-01
4.268093109130859375e-01
4.278347492218017578e-01
4.278235435485839844e-01
4.278078079223632812e-01
4.287974834442138672e-01
4.275629520416259766e-01
4.277212619781494141e-01
4.284472465515136719e-01
4.283652305603027344e-01
4.266042709350585938e-01
4.267663955688476562e-01
4.281728267669677734e-01
4.288403987884521484e-01
4.269168376922607422e-01
4.271619319915771484e-01
4.274299144744873047e-01
4.275512695312500000e-01
4.322054386138916016e-01
4.343657493591308594e-01
4.321689605712890625e-01
4.329340457916259766e-01
4.294679164886474609e-01
4.264833927154541016e-01
4.278554916381835938e-01
4.289083480834960938e-01
4.270732402801513672e-01
4.276461601257324219e-01
4.280009269714355469e-01
4.273192882537841797e-01
4.272940158843994141e-01
4.305045604705810547e-01
4.302630424499511719e-01
4.336636066436767578e-01
4.381992816925048828e-01
4.385955333709716797e-01
4.411311149597167969e-01
4.379365444183349609e-01
4.381816387176513672e-01
4.370114803314208984e-01
4.388532638549804688e-01
4.410552978515625000e-01
4.384460449218750000e-01
4.417610168457031250e-01
4.441695213317871094e-01
4.416632652282714844e-01
4.382715225219726562e-01
4.388201236724853516e-01
4.436845779418945312e-01
4.229164123535156250e-01
4.223074913024902344e-01
4.223620891571044922e-01
4.216246604919433594e-01
4.215345382690429688e-01
4.219450950622558594e-01
4.222145080566406250e-01
4.212238788604736328e-01
4.207696914672851562e-01
4.220571517944335938e-01
4.213068485260009766e-01
4.219579696655273438e-01
4.234180450439453125e-01
4.246861934661865234e-01
4.239153861999511719e-01
4.225702285766601562e-01
4.209012985229492188e-01
4.210262298583984375e-01
4.211359024047851562e-01
4.232466220855712891e-01
4.215598106384277344e-01
4.235765933990478516e-01
4.233279228210449219e-01
4.210762977600097656e-01
4.204251766204833984e-01
4.221398830413818359e-01
