1.508811950683593750e+00
1.416354179382324219e+00
1.402742147445678711e+00
1.355570077896118164e+00
1.270951509475708008e+00
1.288202285766601562e+00
1.260558605194091797e+00
1.274415731430053711e+00
1.346650838851928711e+00
1.261166572570800781e+00
1.284306526184082031e+00
1.252992153167724609e+00
1.257987737655639648e+00
1.281160354614257812e+00
1.253997564315795898e+00
1.251708269119262695e+00
1.281002759933471680e+00
1.253695487976074219e+00
1.254840135574340820e+00
1.267197370529174805e+00
1.272868394851684570e+00
1.254120111465454102e+00
1.265987396240234375e+00
1.364852905273437500e+00
1.250009536743164062e+00
1.254907846450805664e+00
1.248692274093627930e+00
1.262585163116455078e+00
1.249776840209960938e+00
1.249871730804443359e+00
1.255753755569458008e+00
1.248196363449096680e+00
1.247852563858032227e+00
1.243681907653808594e+00
1.251721382141113281e+00
1.260913133621215820e+00
1.250931739807128906e+00
1.250883579254150391e+00
1.271069049835205078e+00
1.254944562911987305e+00
1.248340845108032227e+00
1.264050483703613281e+00
1.281974792480468750e+00
1.265472888946533203e+00
1.250664472579956055e+00
1.286333084106445312e+00
1.256770610809326172e+00
1.256689310073852539e+00
1.277813673019409180e+00
1.265908718109130859e+00
1.252654314041137695e+00
1.265806674957275391e+00
1.372868537902832031e+00
1.252692461013793945e+00
1.254265546798706055e+00
1.237749338150024414e+00
1.255991935729980469e+00
1.263349771499633789e+00
1.257308006286621094e+00
1.261008501052856445e+00
1.259183883666992188e+00
1.257514476776123047e+00
1.346797943115234375e+00
1.259356021881103516e+00
1.265514612197875977e+00
1.273373603820800781e+00
1.256824016571044922e+00
1.245342731475830078e+00
1.257018566131591797e+00
1.255403518676757812e+00
1.253989458084106445e+00
1.256814718246459961e+00
1.265352964401245117e+00
1.248201131820678711e+00
1.237570285797119141e+00
1.258939027786254883e+00
1.254247665405273438e+00
1.237459182739257812e+00
1.256131649017333984e+00
1.265799760818481445e+00
1.242832183837890625e+00
1.254819869995117188e+00
1.268951416015625000e+00
1.249264240264892578e+00
1.250202894210815430e+00
1.248735904693603516e+00
1.255245447158813477e+00
1.246008872985839844e+00
1.255769491195678711e+00
1.267588138580322266e+00
1.239895343780517578e+00
1.237748146057128906e+00
1.336424350738525391e+00
1.254065275192260742e+00
1.249754428863525391e+00
1.248564243316650391e+00
1.263100385665893555e+00
1.250017404556274414e+00
1.248384237289428711e+00
1.261045217514038086e+00
1.247261047363281250e+00
1.246641159057617188e+00
1.264724731445312500e+00
1.355112075805664062e+00
1.262645244598388672e+00
1.265153408050537109e+00
1.285571575164794922e+00
1.264242410659790039e+00
1.258347272872924805e+00
1.271103382110595703e+00
1.259668350219726562e+00
1.253105163574218750e+00
1.266180038452148438e+00
1.261486530303955078e+00
1.253759384155273438e+00
1.253574609756469727e+00
1.259145498275756836e+00
1.246245145797729492e+00
1.350568771362304688e+00
1.259486436843872070e+00
1.249630451202392578e+00
1.257354736328125000e+00
1.263460159301757812e+00
1.240207910537719727e+00
1.252489805221557617e+00
1.255949020385742188e+00
1.256614208221435547e+00
1.250649452209472656e+00
1.346279621124267578e+00
1.248456716537475586e+00
1.253350257873535156e+00
1.261711835861206055e+00
1.255559444427490234e+00
1.355628490447998047e+00
1.250146150588989258e+00
1.256730556488037109e+00
1.241132020950317383e+00
1.254238128662109375e+00
1.347002029418945312e+00
1.237195968627929688e+00
1.271244287490844727e+00
1.263435840606689453e+00
1.266494989395141602e+00
1.352591037750244141e+00
1.268833398818969727e+00
1.277238368988037109e+00
1.278262376785278320e+00
1.294822931289672852e+00
1.306809425354003906e+00
1.284433364868164062e+00
1.292250156402587891e+00
1.316471815109252930e+00
1.313903093338012695e+00
1.334151744842529297e+00
1.350449562072753906e+00
1.338434696197509766e+00
1.342924356460571289e+00
1.351195573806762695e+00
1.442804098129272461e+00
1.337769985198974609e+00
1.347033500671386719e+00
1.333204269409179688e+00
1.320583343505859375e+00
1.313583612442016602e+00
1.311366081237792969e+00
1.301788806915283203e+00
1.302371025085449219e+00
1.292315244674682617e+00
1.248803853988647461e+00
1.350527048110961914e+00
1.250021934509277344e+00
1.259536504745483398e+00
1.255686044692993164e+00
1.250658512115478516e+00
1.351318120956420898e+00
1.249551534652709961e+00
1.248871803283691406e+00
1.237843990325927734e+00
1.248162746429443359e+00
1.350546598434448242e+00
1.246177673339843750e+00
1.249736547470092773e+00
1.247929096221923828e+00
1.247894287109375000e+00
1.327931880950927734e+00
1.249636888504028320e+00
1.250607490539550781e+00
1.250568389892578125e+00
1.252943754196166992e+00
1.245776891708374023e+00
1.253510236740112305e+00
1.248825550079345703e+00
1.245764017105102539e+00
1.258556842803955078e+00
1.249728441238403320e+00
1.240032911300659180e+00
1.243448257446289062e+00
1.240502595901489258e+00
1.238970994949340820e+00
1.240128278732299805e+00
