2.120662689208984375e+00
4.692270755767822266e-01
4.490230083465576172e-01
4.209289550781250000e-01
4.169292449951171875e-01
4.186351299285888672e-01
4.177002906799316406e-01
4.213182926177978516e-01
4.198563098907470703e-01
4.207632541656494141e-01
4.213814735412597656e-01
4.203910827636718750e-01
4.206373691558837891e-01
4.217731952667236328e-01
4.227023124694824219e-01
4.221210479736328125e-01
4.242298603057861328e-01
4.237868785858154297e-01
4.230666160583496094e-01
4.247527122497558594e-01
4.250128269195556641e-01
4.248754978179931641e-01
4.248940944671630859e-01
4.208669662475585938e-01
4.199335575103759766e-01
4.212021827697753906e-01
4.207139015197753906e-01
4.222536087036132812e-01
4.226851463317871094e-01
4.201185703277587891e-01
4.226858615875244141e-01
4.220807552337646484e-01
4.212429523468017578e-01
4.210672378540039062e-01
4.217736721038818359e-01
4.211902618408203125e-01
4.217269420623779297e-01
4.233031272888183594e-01
4.248168468475341797e-01
4.251115322113037109e-01
4.238469600677490234e-01
4.232509136199951172e-01
4.221446514129638672e-01
4.234116077423095703e-01
4.282557964324951172e-01
4.262478351593017578e-01
4.250230789184570312e-01
4.267439842224121094e-01
4.269061088562011719e-01
4.259724617004394531e-01
4.265820980072021484e-01
4.281303882598876953e-01
4.266400337219238281e-01
4.253675937652587891e-01
4.278464317321777344e-01
4.265394210815429688e-01
4.267175197601318359e-01
4.269123077392578125e-01
4.284117221832275391e-01
4.273872375488281250e-01
4.281761646270751953e-01
4.282050132751464844e-01
4.269688129425048828e-01
4.247283935546875000e-01
4.251148700714111328e-01
4.237735271453857422e-01
4.257512092590332031e-01
4.251208305358886719e-01
4.268405437469482422e-01
4.288725852966308594e-01
4.241535663604736328e-01
4.259223937988281250e-01
4.254202842712402344e-01
4.261169433593750000e-01
4.275434017181396484e-01
4.271404743194580078e-01
4.277303218841552734e-01
4.271578788757324219e-01
4.269363880157470703e-01
4.282858371734619141e-01
4.276115894317626953e-01
4.278535842895507812e-01
4.269857406616210938e-01
4.287254810333251953e-01
4.261085987091064453e-01
4.278028011322021484e-01
4.269773960113525391e-01
4.276306629180908203e-01
4.261641502380371094e-01
4.265792369842529297e-01
4.259731769561767578e-01
4.275159835815429688e-01
4.281241893768310547e-01
4.301674365997314453e-01
4.286656379699707031e-01
4.282157421112060547e-01
4.263989925384521484e-01
4.284307956695556641e-01
4.275128841400146484e-01
4.302117824554443359e-01
4.270148277282714844e-01
4.302453994750976562e-01
4.319553375244140625e-01
4.306571483612060547e-01
4.314248561859130859e-01
4.327900409698486328e-01
4.360134601593017578e-01
4.407761096954345703e-01
4.317073822021484375e-01
4.299240112304687500e-01
4.280970096588134766e-01
4.290466308593750000e-01
4.293386936187744141e-01
4.267992973327636719e-01
4.298341274261474609e-01
4.295516014099121094e-01
4.296960830688476562e-01
4.304113388061523438e-01
4.313204288482666016e-01
4.278278350830078125e-01
4.302041530609130859e-01
4.329137802124023438e-01
4.326114654541015625e-01
4.306333065032958984e-01
4.332013130187988281e-01
4.348256587982177734e-01
4.316959381103515625e-01
4.328732490539550781e-01
4.337944984436035156e-01
4.331474304199218750e-01
4.328820705413818359e-01
4.328503608703613281e-01
4.336667060852050781e-01
4.357805252075195312e-01
4.335572719573974609e-01
4.317626953125000000e-01
4.320206642150878906e-01
4.310283660888671875e-01
4.323537349700927734e-01
4.307827949523925781e-01
4.303476810455322266e-01
4.328258037567138672e-01
4.335188865661621094e-01
4.342288970947265625e-01
4.306545257568359375e-01
4.334208965301513672e-01
4.335741996765136719e-01
4.340322017669677734e-01
4.349064826965332031e-01
4.336590766906738281e-01
4.324822425842285156e-01
4.350962638854980469e-01
4.366166591644287109e-01
4.334537982940673828e-01
4.326987266540527344e-01
4.347362518310546875e-01
4.367156028747558594e-01
4.366600513458251953e-01
4.353911876678466797e-01
4.401926994323730469e-01
4.368774890899658203e-01
4.371452331542968750e-01
4.390630722045898438e-01
4.370243549346923828e-01
4.362890720367431641e-01
4.368083477020263672e-01
4.396436214447021484e-01
4.425330162048339844e-01
4.406213760375976562e-01
4.433228969573974609e-01
4.423608779907226562e-01
4.427680969238281250e-01
4.430739879608154297e-01
4.429008960723876953e-01
4.270946979522705078e-01
4.258553981781005859e-01
4.264163970947265625e-01
4.246747493743896484e-01
4.241511821746826172e-01
4.248161315917968750e-01
4.260103702545166016e-01
4.245133399963378906e-01
4.240183830261230469e-01
4.253177642822265625e-01
4.246661663055419922e-01
4.240643978118896484e-01
4.230291843414306641e-01
4.251024723052978516e-01
4.227702617645263672e-01
4.231784343719482422e-01
4.257481098175048828e-01
4.256834983825683594e-01
4.247941970825195312e-01
4.252507686614990234e-01
4.258027076721191406e-01
4.262001514434814453e-01
4.249475002288818359e-01
4.251146316528320312e-01
4.243993759155273438e-01
4.237482547760009766e-01
