2.402167320251464844e-01
2.359788417816162109e-01
2.331740856170654297e-01
2.315011024475097656e-01
2.230508327484130859e-01
2.258887290954589844e-01
2.330029010772705078e-01
2.356889247894287109e-01
2.327866554260253906e-01
2.336280345916748047e-01
2.326307296752929688e-01
3.195965290069580078e-01
3.049705028533935547e-01
2.358646392822265625e-01
2.348453998565673828e-01
2.335679531097412109e-01
2.724246978759765625e-01
2.335433959960937500e-01
2.328386306762695312e-01
2.350630760192871094e-01
2.355961799621582031e-01
2.343103885650634766e-01
2.315261363983154297e-01
2.345809936523437500e-01
2.319099903106689453e-01
2.343268394470214844e-01
2.321939468383789062e-01
2.307770252227783203e-01
2.351357936859130859e-01
2.312388420104980469e-01
2.328624725341796875e-01
2.289676666259765625e-01
2.551286220550537109e-01
2.347891330718994141e-01
2.282388210296630859e-01
2.342722415924072266e-01
2.327201366424560547e-01
2.326436042785644531e-01
2.296555042266845703e-01
2.395861148834228516e-01
2.284076213836669922e-01
2.323210239410400391e-01
2.350652217864990234e-01
2.352526187896728516e-01
2.327299118041992188e-01
2.309653759002685547e-01
2.484233379364013672e-01
2.341816425323486328e-01
2.881264686584472656e-01
2.252247333526611328e-01
2.346479892730712891e-01
2.347486019134521484e-01
2.350809574127197266e-01
2.498810291290283203e-01
2.282245159149169922e-01
3.021125793457031250e-01
2.316219806671142578e-01
2.323079109191894531e-01
2.627987861633300781e-01
2.491960525512695312e-01
2.398235797882080078e-01
2.317862510681152344e-01
2.309830188751220703e-01
2.253217697143554688e-01
2.276983261108398438e-01
2.253179550170898438e-01
2.336723804473876953e-01
2.344629764556884766e-01
2.279841899871826172e-01
2.328896522521972656e-01
2.373840808868408203e-01
2.284219264984130859e-01
2.467091083526611328e-01
2.290797233581542969e-01
2.650136947631835938e-01
2.339477539062500000e-01
2.354578971862792969e-01
3.569386005401611328e-01
2.330157756805419922e-01
2.347154617309570312e-01
2.330911159515380859e-01
2.347810268402099609e-01
3.399512767791748047e-01
2.344455718994140625e-01
2.368192672729492188e-01
2.737207412719726562e-01
2.335896492004394531e-01
2.384405136108398438e-01
2.330555915832519531e-01
2.383339405059814453e-01
2.379338741302490234e-01
2.339682579040527344e-01
2.260637283325195312e-01
2.357611656188964844e-01
2.462522983551025391e-01
2.437448501586914062e-01
2.714972496032714844e-01
2.343771457672119141e-01
3.402633666992187500e-01
2.350587844848632812e-01
2.330596446990966797e-01
2.288398742675781250e-01
2.571985721588134766e-01
2.356123924255371094e-01
2.902007102966308594e-01
2.338657379150390625e-01
2.352664470672607422e-01
2.315840721130371094e-01
2.351534366607666016e-01
2.376828193664550781e-01
2.342238426208496094e-01
2.340195178985595703e-01
2.348771095275878906e-01
2.334074974060058594e-01
3.789458274841308594e-01
2.631301879882812500e-01
2.318000793457031250e-01
2.322242259979248047e-01
2.419080734252929688e-01
2.365820407867431641e-01
2.364108562469482422e-01
2.372348308563232422e-01
2.289586067199707031e-01
2.386159896850585938e-01
2.361490726470947266e-01
3.461685180664062500e-01
2.355952262878417969e-01
2.377288341522216797e-01
2.281935214996337891e-01
2.328305244445800781e-01
2.970085144042968750e-01
2.331957817077636719e-01
2.262649536132812500e-01
2.346351146697998047e-01
2.350139617919921875e-01
2.341704368591308594e-01
2.344610691070556641e-01
2.352662086486816406e-01
2.336347103118896484e-01
2.269129753112792969e-01
2.357177734375000000e-01
2.367370128631591797e-01
2.348432540893554688e-01
2.512450218200683594e-01
2.345206737518310547e-01
2.430405616760253906e-01
2.376832962036132812e-01
2.288033962249755859e-01
2.363700866699218750e-01
2.534344196319580078e-01
2.812716960906982422e-01
2.381846904754638672e-01
2.821564674377441406e-01
2.287604808807373047e-01
2.353134155273437500e-01
2.335350513458251953e-01
2.340912818908691406e-01
2.376387119293212891e-01
3.092808723449707031e-01
2.326173782348632812e-01
2.510526180267333984e-01
2.382559776306152344e-01
2.932100296020507812e-01
2.512416839599609375e-01
2.361805438995361328e-01
2.367143630981445312e-01
2.289881706237792969e-01
2.552695274353027344e-01
2.365014553070068359e-01
2.960011959075927734e-01
2.434418201446533203e-01
2.373371124267578125e-01
2.371025085449218750e-01
2.379357814788818359e-01
2.358126640319824219e-01
2.353608608245849609e-01
2.328827381134033203e-01
2.264928817749023438e-01
2.349882125854492188e-01
2.433242797851562500e-01
2.338662147521972656e-01
2.356038093566894531e-01
2.356233596801757812e-01
2.348878383636474609e-01
2.350103855133056641e-01
2.302618026733398438e-01
2.363600730895996094e-01
2.343530654907226562e-01
2.339043617248535156e-01
2.267379760742187500e-01
2.339754104614257812e-01
2.350382804870605469e-01
2.323503494262695312e-01
2.366154193878173828e-01
2.336888313293457031e-01
2.337157726287841797e-01
2.313137054443359375e-01
2.351820468902587891e-01
2.274150848388671875e-01
2.362382411956787109e-01
