2.402079105377197266e-01
2.359781265258789062e-01
2.331755161285400391e-01
2.314989566802978516e-01
2.230477333068847656e-01
2.258861064910888672e-01
2.330043315887451172e-01
2.356936931610107422e-01
2.327861785888671875e-01
2.336328029632568359e-01
2.326319217681884766e-01
3.195917606353759766e-01
3.049681186676025391e-01
2.358505725860595703e-01
2.348530292510986328e-01
2.335684299468994141e-01
2.724266052246093750e-01
2.335426807403564453e-01
2.328362464904785156e-01
2.350597381591796875e-01
2.355954647064208984e-01
2.342994213104248047e-01
2.315273284912109375e-01
2.345819473266601562e-01
2.319068908691406250e-01
2.343356609344482422e-01
2.321953773498535156e-01
2.307748794555664062e-01
2.351386547088623047e-01
2.312443256378173828e-01
2.328574657440185547e-01
2.289731502532958984e-01
2.551226615905761719e-01
2.347912788391113281e-01
2.282431125640869141e-01
2.342712879180908203e-01
2.327065467834472656e-01
2.326545715332031250e-01
2.296602725982666016e-01
2.395889759063720703e-01
2.284114360809326172e-01
2.323222160339355469e-01
2.350628376007080078e-01
2.352526187896728516e-01
2.327244281768798828e-01
2.309808731079101562e-01
2.484326362609863281e-01
2.341833114624023438e-01
2.881243228912353516e-01
2.252259254455566406e-01
2.346413135528564453e-01
2.347385883331298828e-01
2.350790500640869141e-01
2.498803138732910156e-01
2.282063961029052734e-01
3.021078109741210938e-01
2.316265106201171875e-01
2.323069572448730469e-01
2.627999782562255859e-01
2.491862773895263672e-01
2.398247718811035156e-01
2.317881584167480469e-01
2.309839725494384766e-01
2.253217697143554688e-01
2.276957035064697266e-01
2.253170013427734375e-01
2.336683273315429688e-01
2.344529628753662109e-01
2.279858589172363281e-01
2.328891754150390625e-01
2.373809814453125000e-01
2.284221649169921875e-01
2.467083930969238281e-01
2.290680408477783203e-01
2.775671482086181641e-01
2.339415550231933594e-01
2.354381084442138672e-01
3.569355010986328125e-01
2.330193519592285156e-01
2.347135543823242188e-01
2.330908775329589844e-01
2.347812652587890625e-01
3.314516544342041016e-01
2.344450950622558594e-01
2.368197441101074219e-01
2.737305164337158203e-01
2.335863113403320312e-01
2.384407520294189453e-01
2.330448627471923828e-01
2.383372783660888672e-01
2.379369735717773438e-01
2.339670658111572266e-01
2.260670661926269531e-01
2.357623577117919922e-01
2.456777095794677734e-01
2.437434196472167969e-01
2.715017795562744141e-01
2.343738079071044922e-01
3.402566909790039062e-01
2.350516319274902344e-01
2.330529689788818359e-01
2.288384437561035156e-01
2.571933269500732422e-01
2.356097698211669922e-01
2.901985645294189453e-01
2.338612079620361328e-01
2.352590560913085938e-01
2.315802574157714844e-01
2.351477146148681641e-01
2.266523838043212891e-01
2.342176437377929688e-01
2.340242862701416016e-01
2.348847389221191406e-01
2.333991527557373047e-01
3.629968166351318359e-01
2.631287574768066406e-01
2.305176258087158203e-01
2.322239875793457031e-01
2.419271469116210938e-01
2.365891933441162109e-01
2.364048957824707031e-01
2.372403144836425781e-01
2.289538383483886719e-01
2.252376079559326172e-01
2.361505031585693359e-01
3.563013076782226562e-01
2.355873584747314453e-01
2.377226352691650391e-01
2.281918525695800781e-01
2.328355312347412109e-01
2.763772010803222656e-01
2.331905364990234375e-01
2.262639999389648438e-01
2.346365451812744141e-01
2.350091934204101562e-01
2.341694831848144531e-01
2.344598770141601562e-01
2.352621555328369141e-01
2.336266040802001953e-01
2.269120216369628906e-01
2.357087135314941406e-01
2.367379665374755859e-01
2.348449230194091797e-01
2.512342929840087891e-01
2.345244884490966797e-01
2.430446147918701172e-01
2.376868724822998047e-01
2.288024425506591797e-01
2.363700866699218750e-01
2.534165382385253906e-01
2.812805175781250000e-01
2.381823062896728516e-01
2.779672145843505859e-01
2.287623882293701172e-01
2.353169918060302734e-01
2.335410118103027344e-01
2.340898513793945312e-01
2.376360893249511719e-01
3.092799186706542969e-01
2.326209545135498047e-01
2.510480880737304688e-01
2.382583618164062500e-01
2.932085990905761719e-01
2.512516975402832031e-01
2.361800670623779297e-01
2.446870803833007812e-01
2.289838790893554688e-01
2.552559375762939453e-01
2.365016937255859375e-01
2.960038185119628906e-01
2.434439659118652344e-01
2.373321056365966797e-01
2.371053695678710938e-01
2.379224300384521484e-01
2.358171939849853516e-01
2.353603839874267578e-01
2.328796386718750000e-01
2.264897823333740234e-01
2.350008487701416016e-01
2.433269023895263672e-01
2.338712215423583984e-01
2.356028556823730469e-01
2.356212139129638672e-01
2.348859310150146484e-01
2.350170612335205078e-01
2.302644252777099609e-01
2.363641262054443359e-01
2.343525886535644531e-01
2.338900566101074219e-01
2.267291545867919922e-01
2.339770793914794922e-01
2.350361347198486328e-01
2.323493957519531250e-01
2.280957698822021484e-01
2.336778640747070312e-01
2.337148189544677734e-01
2.313086986541748047e-01
2.351670265197753906e-01
2.274088859558105469e-01
2.362415790557861328e-01
