5.410553216934204102e+00
1.794843196868896484e+00
1.795137166976928711e+00
1.798061132431030273e+00
1.808214187622070312e+00
1.794885396957397461e+00
1.953122854232788086e+00
1.933823108673095703e+00
1.914023876190185547e+00
1.926374673843383789e+00
1.877489805221557617e+00
1.804200172424316406e+00
1.808364391326904297e+00
1.904546737670898438e+00
1.847672462463378906e+00
1.943242549896240234e+00
1.892153263092041016e+00
1.938447952270507812e+00
1.887839555740356445e+00
1.903264999389648438e+00
1.893636226654052734e+00
1.875338554382324219e+00
1.875051498413085938e+00
1.875740051269531250e+00
1.915418386459350586e+00
1.896721363067626953e+00
1.916737318038940430e+00
1.904348134994506836e+00
1.987533807754516602e+00
1.935903072357177734e+00
1.923405408859252930e+00
1.907873630523681641e+00
1.916571855545043945e+00
2.079483032226562500e+00
1.912997484207153320e+00
1.913504362106323242e+00
1.908131361007690430e+00
1.909699916839599609e+00
1.918979883193969727e+00
1.921333551406860352e+00
1.938737392425537109e+00
1.926201343536376953e+00
1.919417381286621094e+00
1.906283617019653320e+00
1.924870014190673828e+00
1.937520027160644531e+00
1.932696580886840820e+00
1.924691438674926758e+00
1.990619182586669922e+00
1.951588153839111328e+00
1.923400878906250000e+00
1.913611650466918945e+00
1.919213533401489258e+00
1.931704282760620117e+00
1.883335113525390625e+00
1.853168487548828125e+00
2.008562564849853516e+00
1.929536104202270508e+00
1.940866947174072266e+00
1.950256824493408203e+00
1.951212882995605469e+00
1.933340311050415039e+00
2.011508703231811523e+00
1.907632827758789062e+00
1.925421714782714844e+00
1.856770753860473633e+00
1.862728834152221680e+00
1.877384185791015625e+00
1.854734182357788086e+00
1.854717731475830078e+00
1.876909732818603516e+00
1.902825832366943359e+00
1.853760480880737305e+00
1.844912528991699219e+00
1.843250751495361328e+00
1.864315032958984375e+00
1.896462917327880859e+00
1.864854812622070312e+00
2.038822174072265625e+00
1.983007192611694336e+00
1.987748622894287109e+00
2.024614810943603516e+00
2.010640382766723633e+00
1.966188669204711914e+00
1.931676626205444336e+00
1.944400548934936523e+00
2.068602085113525391e+00
1.929903268814086914e+00
1.960527658462524414e+00
1.947247743606567383e+00
1.940352201461791992e+00
1.974828720092773438e+00
1.926877975463867188e+00
1.848160505294799805e+00
1.864967584609985352e+00
1.930282831192016602e+00
1.948142290115356445e+00
1.985794544219970703e+00
1.981593847274780273e+00
1.903927564620971680e+00
1.933217048645019531e+00
1.970946311950683594e+00
1.902653455734252930e+00
2.157104730606079102e+00
1.853468179702758789e+00
2.015118360519409180e+00
1.937796115875244141e+00
1.994696617126464844e+00
1.945930480957031250e+00
1.951070547103881836e+00
1.897620916366577148e+00
2.047520160675048828e+00
1.966377496719360352e+00
1.949609041213989258e+00
2.187530994415283203e+00
1.938332319259643555e+00
1.930659294128417969e+00
1.862622261047363281e+00
1.907914876937866211e+00
1.959179878234863281e+00
1.963999271392822266e+00
1.921540021896362305e+00
1.908297300338745117e+00
1.872021913528442383e+00
1.956732511520385742e+00
1.867347240447998047e+00
1.929586648941040039e+00
1.947803497314453125e+00
1.867386817932128906e+00
1.936350822448730469e+00
1.979004383087158203e+00
2.051153898239135742e+00
1.921579360961914062e+00
2.012466192245483398e+00
2.015950441360473633e+00
1.941339969635009766e+00
1.951349973678588867e+00
1.945727109909057617e+00
1.935596942901611328e+00
1.873727083206176758e+00
1.866540670394897461e+00
1.928196191787719727e+00
1.962402582168579102e+00
1.973457098007202148e+00
1.921513795852661133e+00
1.939387083053588867e+00
1.982422590255737305e+00
1.931359767913818359e+00
1.934505701065063477e+00
1.959886550903320312e+00
1.974878787994384766e+00
1.980375051498413086e+00
1.958708763122558594e+00
1.993425607681274414e+00
1.898538112640380859e+00
1.895644903182983398e+00
1.936362266540527344e+00
2.198330402374267578e+00
1.883709907531738281e+00
2.000584602355957031e+00
1.945950746536254883e+00
2.042231321334838867e+00
1.936372041702270508e+00
1.953886270523071289e+00
1.952996253967285156e+00
1.946724414825439453e+00
1.892761945724487305e+00
1.869994878768920898e+00
2.056208372116088867e+00
1.914794921875000000e+00
1.934584617614746094e+00
1.930515766143798828e+00
1.935111522674560547e+00
1.952014446258544922e+00
2.009027957916259766e+00
1.932946681976318359e+00
1.952516794204711914e+00
1.918835163116455078e+00
1.915495157241821289e+00
1.942956447601318359e+00
1.950070381164550781e+00
1.951495885848999023e+00
1.938038110733032227e+00
1.942542076110839844e+00
1.989537239074707031e+00
2.015443563461303711e+00
1.927932500839233398e+00
1.931499004364013672e+00
1.939166069030761719e+00
1.927617073059082031e+00
1.931923866271972656e+00
1.869970798492431641e+00
1.872639894485473633e+00
1.906008720397949219e+00
1.876018047332763672e+00
1.874494075775146484e+00
1.888175249099731445e+00
1.901868343353271484e+00
1.905543327331542969e+00
1.981862783432006836e+00
