2.124118804931640625e-01
2.127118110656738281e-01
2.086007595062255859e-01
2.096490859985351562e-01
2.102615833282470703e-01
1.955282688140869141e-01
2.144677639007568359e-01
2.099630832672119141e-01
2.081756591796875000e-01
2.101459503173828125e-01
2.102079391479492188e-01
2.104191780090332031e-01
2.897469997406005859e-01
2.116434574127197266e-01
2.112300395965576172e-01
2.095985412597656250e-01
2.012569904327392578e-01
2.114448547363281250e-01
2.090365886688232422e-01
2.101030349731445312e-01
2.121882438659667969e-01
2.121884822845458984e-01
2.101609706878662109e-01
2.086768150329589844e-01
2.070505619049072266e-01
2.069184780120849609e-01
2.096896171569824219e-01
2.115011215209960938e-01
2.118577957153320312e-01
2.093880176544189453e-01
2.110154628753662109e-01
2.098178863525390625e-01
2.101931571960449219e-01
2.040922641754150391e-01
2.094225883483886719e-01
2.045886516571044922e-01
2.112519741058349609e-01
2.044599056243896484e-01
2.036259174346923828e-01
2.114171981811523438e-01
2.464284896850585938e-01
2.118515968322753906e-01
2.072758674621582031e-01
2.109975814819335938e-01
2.118711471557617188e-01
2.109856605529785156e-01
2.468395233154296875e-01
2.011141777038574219e-01
2.100858688354492188e-01
2.098851203918457031e-01
2.113132476806640625e-01
2.116739749908447266e-01
2.118768692016601562e-01
2.103297710418701172e-01
2.107696533203125000e-01
2.096405029296875000e-01
2.088537216186523438e-01
2.092084884643554688e-01
2.090194225311279297e-01
2.106416225433349609e-01
2.109596729278564453e-01
2.023382186889648438e-01
2.017555236816406250e-01
2.089612483978271484e-01
2.078611850738525391e-01
2.098450660705566406e-01
2.102298736572265625e-01
2.130477428436279297e-01
2.095124721527099609e-01
2.098886966705322266e-01
2.008552551269531250e-01
2.079358100891113281e-01
2.094612121582031250e-01
2.081761360168457031e-01
2.096114158630371094e-01
2.076551914215087891e-01
2.087109088897705078e-01
2.952415943145751953e-01
2.104842662811279297e-01
2.120683193206787109e-01
2.113754749298095703e-01
2.108712196350097656e-01
2.115068435668945312e-01
2.071006298065185547e-01
2.096073627471923828e-01
2.088925838470458984e-01
2.081391811370849609e-01
2.070400714874267578e-01
2.093071937561035156e-01
2.077744007110595703e-01
2.075667381286621094e-01
2.078471183776855469e-01
2.091410160064697266e-01
2.094964981079101562e-01
1.991987228393554688e-01
2.012929916381835938e-01
2.416853904724121094e-01
2.091441154479980469e-01
2.109773159027099609e-01
2.091469764709472656e-01
2.081384658813476562e-01
2.068099975585937500e-01
2.094125747680664062e-01
2.101931571960449219e-01
2.127244472503662109e-01
2.111573219299316406e-01
2.088394165039062500e-01
2.115540504455566406e-01
2.098879814147949219e-01
2.090418338775634766e-01
1.980929374694824219e-01
2.006056308746337891e-01
1.994609832763671875e-01
2.003340721130371094e-01
2.019579410552978516e-01
2.006590366363525391e-01
2.009444236755371094e-01
2.110688686370849609e-01
2.406926155090332031e-01
2.096536159515380859e-01
2.035403251647949219e-01
2.003250122070312500e-01
2.114660739898681641e-01
2.119386196136474609e-01
2.022647857666015625e-01
2.128069400787353516e-01
2.120780944824218750e-01
2.102799415588378906e-01
2.088978290557861328e-01
2.129206657409667969e-01
2.158877849578857422e-01
2.130804061889648438e-01
2.116150856018066406e-01
2.153663635253906250e-01
2.097840309143066406e-01
2.099602222442626953e-01
2.097475528717041016e-01
2.107787132263183594e-01
2.165400981903076172e-01
2.157945632934570312e-01
2.099995613098144531e-01
2.116122245788574219e-01
2.091836929321289062e-01
2.087872028350830078e-01
2.100501060485839844e-01
2.082905769348144531e-01
2.087550163269042969e-01
2.119028568267822266e-01
2.089803218841552734e-01
2.094156742095947266e-01
2.117757797241210938e-01
2.107100486755371094e-01
2.087302207946777344e-01
2.104008197784423828e-01
2.104704380035400391e-01
2.090084552764892578e-01
2.112052440643310547e-01
2.105748653411865234e-01
2.103593349456787109e-01
2.115485668182373047e-01
2.123723030090332031e-01
2.120401859283447266e-01
2.132804393768310547e-01
2.094998359680175781e-01
2.095909118652343750e-01
2.125704288482666016e-01
2.086641788482666016e-01
2.096691131591796875e-01
2.096102237701416016e-01
2.116816043853759766e-01
2.132430076599121094e-01
2.127606868743896484e-01
2.117629051208496094e-01
2.129724025726318359e-01
2.106397151947021484e-01
2.104556560516357422e-01
2.108509540557861328e-01
2.116756439208984375e-01
2.112712860107421875e-01
2.101986408233642578e-01
2.310438156127929688e-01
2.122185230255126953e-01
2.129876613616943359e-01
2.119278907775878906e-01
2.114892005920410156e-01
2.147536277770996094e-01
2.101538181304931641e-01
2.350535392761230469e-01
2.126789093017578125e-01
2.118222713470458984e-01
2.106344699859619141e-01
2.089428901672363281e-01
2.046265602111816406e-01
2.017688751220703125e-01
2.129688262939453125e-01
2.100365161895751953e-01
2.110416889190673828e-01
2.110180854797363281e-01
2.110819816589355469e-01
2.108845710754394531e-01
