4.554785728454589844e+00
1.811535358428955078e+00
1.811722278594970703e+00
1.808720111846923828e+00
1.807981967926025391e+00
1.766917467117309570e+00
1.755061626434326172e+00
1.835267782211303711e+00
1.809134483337402344e+00
1.821110010147094727e+00
1.821701049804687500e+00
1.819859743118286133e+00
1.822136640548706055e+00
1.822748184204101562e+00
1.821438550949096680e+00
1.820511817932128906e+00
1.878814697265625000e+00
1.849920988082885742e+00
1.828673362731933594e+00
1.863636732101440430e+00
1.832714557647705078e+00
1.854049921035766602e+00
1.862948656082153320e+00
1.830268383026123047e+00
1.767375946044921875e+00
1.810486555099487305e+00
1.767880439758300781e+00
1.817289352416992188e+00
1.819369077682495117e+00
1.852751493453979492e+00
1.841337442398071289e+00
1.835191965103149414e+00
1.880647659301757812e+00
1.840722799301147461e+00
1.824235200881958008e+00
1.924406290054321289e+00
1.801723480224609375e+00
1.930500030517578125e+00
1.851784706115722656e+00
1.853758096694946289e+00
1.869539022445678711e+00
1.865185260772705078e+00
1.849409818649291992e+00
1.880238533020019531e+00
1.832870244979858398e+00
1.799068927764892578e+00
1.850180387496948242e+00
1.851598024368286133e+00
1.859224081039428711e+00
1.861207246780395508e+00
1.842371463775634766e+00
1.847457408905029297e+00
1.840268135070800781e+00
1.861441373825073242e+00
1.876932382583618164e+00
1.877605915069580078e+00
1.846404790878295898e+00
1.847285270690917969e+00
1.805366754531860352e+00
1.816023111343383789e+00
1.932325839996337891e+00
1.859189271926879883e+00
1.893575668334960938e+00
1.874262332916259766e+00
1.894548654556274414e+00
1.789958477020263672e+00
1.787985086441040039e+00
1.868519067764282227e+00
1.837693214416503906e+00
1.836445808410644531e+00
1.930695056915283203e+00
1.874440670013427734e+00
1.818671941757202148e+00
1.851046323776245117e+00
1.871394395828247070e+00
1.807038545608520508e+00
1.804109334945678711e+00
1.805490493774414062e+00
1.913675069808959961e+00
1.840235948562622070e+00
1.848473072052001953e+00
1.844469785690307617e+00
1.859045982360839844e+00
1.862288713455200195e+00
1.860318422317504883e+00
1.815450906753540039e+00
1.914627790451049805e+00
1.869184255599975586e+00
1.905657052993774414e+00
1.841206312179565430e+00
1.798906564712524414e+00
1.791115760803222656e+00
1.864698171615600586e+00
1.813641309738159180e+00
1.943295001983642578e+00
1.867851495742797852e+00
1.870638132095336914e+00
1.870796680450439453e+00
1.887299537658691406e+00
1.860193729400634766e+00
1.825988531112670898e+00
1.811566829681396484e+00
1.835068225860595703e+00
1.934813976287841797e+00
1.887246131896972656e+00
1.886050939559936523e+00
1.845555305480957031e+00
1.844077587127685547e+00
1.888400316238403320e+00
1.848391771316528320e+00
1.871241807937622070e+00
1.878003835678100586e+00
1.874289035797119141e+00
1.870798349380493164e+00
1.880163431167602539e+00
1.868440628051757812e+00
1.899878501892089844e+00
1.916172981262207031e+00
1.863037347793579102e+00
1.889895439147949219e+00
1.877034902572631836e+00
1.869645595550537109e+00
1.875895738601684570e+00
1.869472503662109375e+00
1.867502212524414062e+00
1.898365497589111328e+00
1.849397659301757812e+00
1.885768890380859375e+00
1.810322523117065430e+00
2.017449378967285156e+00
1.868129014968872070e+00
1.845541000366210938e+00
1.864772558212280273e+00
1.860685586929321289e+00
1.957125425338745117e+00
1.819683790206909180e+00
1.809606552124023438e+00
1.890315771102905273e+00
1.865698575973510742e+00
1.850462675094604492e+00
1.830012321472167969e+00
1.820536375045776367e+00
1.896863698959350586e+00
1.821834087371826172e+00
1.817659378051757812e+00
1.829062223434448242e+00
1.824408531188964844e+00
1.812842130661010742e+00
1.822029113769531250e+00
1.822195768356323242e+00
1.839352607727050781e+00
1.823164224624633789e+00
1.826544046401977539e+00
1.806728839874267578e+00
1.887673139572143555e+00
1.880270242691040039e+00
1.886296272277832031e+00
1.811449766159057617e+00
1.811250686645507812e+00
1.872173547744750977e+00
1.874056816101074219e+00
1.905321836471557617e+00
1.869493961334228516e+00
1.880020856857299805e+00
1.893630743026733398e+00
1.889548540115356445e+00
1.849816560745239258e+00
1.982814788818359375e+00
1.975841283798217773e+00
1.928474664688110352e+00
1.857483148574829102e+00
1.908609867095947266e+00
1.877529859542846680e+00
1.889576435089111328e+00
1.856983900070190430e+00
1.882673978805541992e+00
1.898448705673217773e+00
1.896825551986694336e+00
1.877820968627929688e+00
1.876841068267822266e+00
1.877520084381103516e+00
1.910276889801025391e+00
1.875958204269409180e+00
1.852028608322143555e+00
1.872146606445312500e+00
1.869334697723388672e+00
1.848220825195312500e+00
1.874326229095458984e+00
1.880631923675537109e+00
1.903782606124877930e+00
1.835900068283081055e+00
1.878575801849365234e+00
1.863922834396362305e+00
1.877359151840209961e+00
1.856279611587524414e+00
1.853919982910156250e+00
1.886185646057128906e+00
1.873286485671997070e+00
1.912352800369262695e+00
1.879851579666137695e+00
