2.228369474411010742e+00
3.180685043334960938e-01
3.167421817779541016e-01
3.150808811187744141e-01
3.167366981506347656e-01
3.169353008270263672e-01
3.135483264923095703e-01
3.176219463348388672e-01
3.143758773803710938e-01
3.183457851409912109e-01
3.147337436676025391e-01
3.112270832061767578e-01
3.262691497802734375e-01
3.559348583221435547e-01
3.115921020507812500e-01
3.499610424041748047e-01
3.172864913940429688e-01
3.191473484039306641e-01
3.202211856842041016e-01
3.196103572845458984e-01
3.184108734130859375e-01
3.156638145446777344e-01
3.201420307159423828e-01
3.183999061584472656e-01
3.169791698455810547e-01
3.470838069915771484e-01
3.195414543151855469e-01
3.168671131134033203e-01
3.142573833465576172e-01
3.349003791809082031e-01
3.180441856384277344e-01
3.126876354217529297e-01
3.141264915466308594e-01
3.205013275146484375e-01
3.240654468536376953e-01
3.215668201446533203e-01
3.218996524810791016e-01
3.206496238708496094e-01
3.218920230865478516e-01
3.173787593841552734e-01
3.150594234466552734e-01
3.163998126983642578e-01
3.251414299011230469e-01
3.471398353576660156e-01
3.253469467163085938e-01
3.180494308471679688e-01
3.177905082702636719e-01
3.167879581451416016e-01
3.202378749847412109e-01
3.167009353637695312e-01
3.183290958404541016e-01
3.162887096405029297e-01
3.186359405517578125e-01
3.144505023956298828e-01
3.132762908935546875e-01
3.151464462280273438e-01
3.166723251342773438e-01
3.139169216156005859e-01
3.235783576965332031e-01
3.417685031890869141e-01
3.517630100250244141e-01
3.510215282440185547e-01
3.373785018920898438e-01
3.184623718261718750e-01
3.186910152435302734e-01
3.181774616241455078e-01
3.206872940063476562e-01
3.168699741363525391e-01
3.182413578033447266e-01
3.204517364501953125e-01
3.233153820037841797e-01
3.229968547821044922e-01
3.166775703430175781e-01
3.169004917144775391e-01
3.374357223510742188e-01
3.313241004943847656e-01
3.442380428314208984e-01
3.424756526947021484e-01
3.503835201263427734e-01
3.317110538482666016e-01
3.166577816009521484e-01
3.177378177642822266e-01
3.158822059631347656e-01
3.146748542785644531e-01
3.178868293762207031e-01
3.167872428894042969e-01
3.182935714721679688e-01
3.146352767944335938e-01
3.337485790252685547e-01
3.153100013732910156e-01
3.152170181274414062e-01
3.967623710632324219e-01
3.149352073669433594e-01
3.192257881164550781e-01
3.209979534149169922e-01
3.235585689544677734e-01
3.251430988311767578e-01
3.244705200195312500e-01
3.198194503784179688e-01
3.199272155761718750e-01
3.190667629241943359e-01
3.176021575927734375e-01
3.200743198394775391e-01
3.167870044708251953e-01
3.232684135437011719e-01
3.185360431671142578e-01
3.206913471221923828e-01
3.216862678527832031e-01
3.290932178497314453e-01
3.193645477294921875e-01
3.369588851928710938e-01
3.552503585815429688e-01
3.529772758483886719e-01
3.453705310821533203e-01
3.538370132446289062e-01
3.312828540802001953e-01
3.282806873321533203e-01
3.282363414764404297e-01
3.276512622833251953e-01
3.325152397155761719e-01
3.284397125244140625e-01
3.312156200408935547e-01
3.285124301910400391e-01
3.269822597503662109e-01
3.367207050323486328e-01
3.684380054473876953e-01
3.499839305877685547e-01
3.953392505645751953e-01
3.649768829345703125e-01
3.419084548950195312e-01
3.285572528839111328e-01
3.266408443450927734e-01
3.279700279235839844e-01
3.254268169403076172e-01
3.279271125793457031e-01
3.277578353881835938e-01
3.273768424987792969e-01
3.267383575439453125e-01
3.258645534515380859e-01
3.294336795806884766e-01
3.314309120178222656e-01
3.518404960632324219e-01
3.610298633575439453e-01
3.468368053436279297e-01
3.534934520721435547e-01
3.586256504058837891e-01
3.471179008483886719e-01
3.264677524566650391e-01
3.292050361633300781e-01
3.302912712097167969e-01
3.238112926483154297e-01
3.276112079620361328e-01
3.308570384979248047e-01
3.287456035614013672e-01
3.342487812042236328e-01
3.459246158599853516e-01
3.478231430053710938e-01
3.532228469848632812e-01
3.610594272613525391e-01
3.531265258789062500e-01
3.434631824493408203e-01
3.274006843566894531e-01
3.276717662811279297e-01
3.305237293243408203e-01
3.407702445983886719e-01
3.228693008422851562e-01
3.629474639892578125e-01
3.188126087188720703e-01
3.217713832855224609e-01
3.229613304138183594e-01
3.338768482208251953e-01
3.509778976440429688e-01
3.310139179229736328e-01
3.267662525177001953e-01
3.300457000732421875e-01
3.285531997680664062e-01
3.392179012298583984e-01
3.296902179718017578e-01
3.304922580718994141e-01
3.306913375854492188e-01
3.312902450561523438e-01
3.294949531555175781e-01
3.292431831359863281e-01
3.314661979675292969e-01
3.288564682006835938e-01
3.294227123260498047e-01
3.279638290405273438e-01
3.365905284881591797e-01
3.282437324523925781e-01
3.280982971191406250e-01
3.256986141204833984e-01
3.255391120910644531e-01
3.236317634582519531e-01
3.586120605468750000e-01
3.253331184387207031e-01
3.242866992950439453e-01
3.232135772705078125e-01
3.200941085815429688e-01
3.214643001556396484e-01
3.215188980102539062e-01
