2.041489124298095703e+00
1.778948307037353516e-01
1.726837158203125000e-01
1.726837158203125000e-01
1.724934577941894531e-01
1.738033294677734375e-01
1.741209030151367188e-01
1.765825748443603516e-01
1.792356967926025391e-01
1.783487796783447266e-01
1.749377250671386719e-01
1.757118701934814453e-01
1.760437488555908203e-01
1.749043464660644531e-01
1.752882003784179688e-01
1.741206645965576172e-01
1.814172267913818359e-01
1.905210018157958984e-01
2.050175666809082031e-01
2.035095691680908203e-01
1.825461387634277344e-01
1.707596778869628906e-01
1.715254783630371094e-01
1.735670566558837891e-01
1.726634502410888672e-01
1.765983104705810547e-01
1.759431362152099609e-01
1.759493350982666016e-01
1.696021556854248047e-01
1.884253025054931641e-01
1.772742271423339844e-01
1.693947315216064453e-01
1.727995872497558594e-01
1.730449199676513672e-01
1.808207035064697266e-01
1.757352352142333984e-01
1.947562694549560547e-01
2.039005756378173828e-01
2.009756565093994141e-01
1.870028972625732422e-01
1.732456684112548828e-01
1.731104850769042969e-01
1.738896369934082031e-01
1.732280254364013672e-01
1.724576950073242188e-01
1.733334064483642578e-01
1.719598770141601562e-01
1.716408729553222656e-01
1.744623184204101562e-01
1.721651554107666016e-01
1.705150604248046875e-01
1.719903945922851562e-01
1.722221374511718750e-01
1.755557060241699219e-01
1.758785247802734375e-01
1.743652820587158203e-01
1.737191677093505859e-01
1.719105243682861328e-01
1.742632389068603516e-01
1.727979183197021484e-01
1.926000118255615234e-01
2.068784236907958984e-01
2.003607749938964844e-01
1.747913360595703125e-01
1.729178428649902344e-01
1.761169433593750000e-01
1.735482215881347656e-01
1.722903251647949219e-01
1.732718944549560547e-01
1.758301258087158203e-01
1.796605587005615234e-01
1.802725791931152344e-01
1.739850044250488281e-01
1.744945049285888672e-01
1.761114597320556641e-01
1.857595443725585938e-01
1.807768344879150391e-01
1.887903213500976562e-01
1.890804767608642578e-01
1.852545738220214844e-01
1.770186424255371094e-01
1.871917247772216797e-01
1.789615154266357422e-01
1.783626079559326172e-01
1.823222637176513672e-01
1.803088188171386719e-01
1.802310943603515625e-01
1.794683933258056641e-01
1.775114536285400391e-01
1.788930892944335938e-01
1.770224571228027344e-01
1.834268569946289062e-01
1.780776977539062500e-01
1.769094467163085938e-01
1.760857105255126953e-01
1.796381473541259766e-01
1.865684986114501953e-01
2.061896324157714844e-01
1.866540908813476562e-01
1.918053627014160156e-01
1.789281368255615234e-01
1.806161403656005859e-01
1.822476387023925781e-01
1.775863170623779297e-01
1.749045848846435547e-01
1.797564029693603516e-01
1.762905120849609375e-01
1.780722141265869141e-01
1.748912334442138672e-01
1.752059459686279297e-01
1.753997802734375000e-01
1.768033504486083984e-01
1.814551353454589844e-01
1.832456588745117188e-01
1.856760978698730469e-01
1.775834560394287109e-01
1.785645484924316406e-01
1.772999763488769531e-01
1.756358146667480469e-01
1.776566505432128906e-01
1.859104633331298828e-01
1.818957328796386719e-01
1.813373565673828125e-01
1.775586605072021484e-01
1.814224720001220703e-01
1.783623695373535156e-01
1.796951293945312500e-01
1.835074424743652344e-01
1.910779476165771484e-01
1.822445392608642578e-01
1.780793666839599609e-01
1.783394813537597656e-01
1.779429912567138672e-01
1.792724132537841797e-01
1.804013252258300781e-01
1.798686981201171875e-01
1.806330680847167969e-01
1.773078441619873047e-01
1.785733699798583984e-01
1.801073551177978516e-01
1.764061450958251953e-01
1.777269840240478516e-01
1.755020618438720703e-01
1.798930168151855469e-01
1.869046688079833984e-01
1.845369338989257812e-01
1.844155788421630859e-01
1.816389560699462891e-01
1.754446029663085938e-01
1.837899684906005859e-01
1.795768737792968750e-01
1.732306480407714844e-01
1.790466308593750000e-01
1.766812801361083984e-01
1.857573986053466797e-01
1.845245361328125000e-01
1.813299655914306641e-01
1.826961040496826172e-01
1.913869380950927734e-01
1.870839595794677734e-01
1.836633682250976562e-01
1.798229217529296875e-01
1.791760921478271484e-01
1.788678169250488281e-01
1.756434440612792969e-01
1.783127784729003906e-01
1.783912181854248047e-01
1.764495372772216797e-01
1.794915199279785156e-01
1.756570339202880859e-01
1.767942905426025391e-01
1.774439811706542969e-01
1.800200939178466797e-01
1.926255226135253906e-01
1.849040985107421875e-01
1.911005973815917969e-01
1.830332279205322266e-01
1.850953102111816406e-01
1.806435585021972656e-01
1.845300197601318359e-01
1.862003803253173828e-01
1.866850852966308594e-01
1.874976158142089844e-01
1.879425048828125000e-01
1.880767345428466797e-01
2.087967395782470703e-01
2.117362022399902344e-01
2.066006660461425781e-01
2.019650936126708984e-01
2.078750133514404297e-01
1.974077224731445312e-01
1.935219764709472656e-01
1.958742141723632812e-01
1.976068019866943359e-01
1.880044937133789062e-01
1.982321739196777344e-01
1.838438510894775391e-01
1.802384853363037109e-01
1.800336837768554688e-01
1.813771724700927734e-01
