1.238894939422607422e+00
1.255877017974853516e+00
1.255635261535644531e+00
1.328128099441528320e+00
1.252859830856323242e+00
1.258188486099243164e+00
1.261205196380615234e+00
1.263506174087524414e+00
1.321547508239746094e+00
1.261234998703002930e+00
1.260116577148437500e+00
1.309549331665039062e+00
1.352136373519897461e+00
1.358638286590576172e+00
1.344935655593872070e+00
1.348509073257446289e+00
1.304711580276489258e+00
1.291514635086059570e+00
1.291625499725341797e+00
1.217754602432250977e+00
1.197203397750854492e+00
1.211979866027832031e+00
1.216295719146728516e+00
1.266889572143554688e+00
1.210494279861450195e+00
1.218803167343139648e+00
1.215820312500000000e+00
1.225990056991577148e+00
1.223149061203002930e+00
1.306833982467651367e+00
1.887367248535156250e+00
1.246837377548217773e+00
1.266539573669433594e+00
1.244752645492553711e+00
1.258255004882812500e+00
1.261612892150878906e+00
1.265697479248046875e+00
1.256814956665039062e+00
1.251893758773803711e+00
1.251154661178588867e+00
1.251360177993774414e+00
1.261654853820800781e+00
1.302429437637329102e+00
1.327262163162231445e+00
1.359656095504760742e+00
1.352425813674926758e+00
1.362606763839721680e+00
1.428748846054077148e+00
1.413576364517211914e+00
1.433552265167236328e+00
1.389365196228027344e+00
1.333209991455078125e+00
1.342176675796508789e+00
1.297465085983276367e+00
1.373493194580078125e+00
1.481644153594970703e+00
1.974285840988159180e+00
1.385920286178588867e+00
1.625420570373535156e+00
1.637710809707641602e+00
1.293205738067626953e+00
1.280449628829956055e+00
1.311815500259399414e+00
1.330069780349731445e+00
1.252140760421752930e+00
1.263657331466674805e+00
1.251010417938232422e+00
1.253887414932250977e+00
1.333785057067871094e+00
1.438189268112182617e+00
1.758726358413696289e+00
1.870606899261474609e+00
1.265191555023193359e+00
1.339151382446289062e+00
1.251023769378662109e+00
1.253348588943481445e+00
1.235700368881225586e+00
1.299843311309814453e+00
1.295351505279541016e+00
1.261432170867919922e+00
1.238097429275512695e+00
1.249479293823242188e+00
1.334297657012939453e+00
1.299282312393188477e+00
1.265797615051269531e+00
1.267333745956420898e+00
1.276272058486938477e+00
1.294165372848510742e+00
1.363291978836059570e+00
1.416452884674072266e+00
1.779985666275024414e+00
1.754699468612670898e+00
1.382315158843994141e+00
1.389001607894897461e+00
1.424559593200683594e+00
1.335209846496582031e+00
1.351490497589111328e+00
1.386008977890014648e+00
1.355036020278930664e+00
1.398790597915649414e+00
1.511115074157714844e+00
1.508714914321899414e+00
1.661870241165161133e+00
1.686309814453125000e+00
1.908814191818237305e+00
1.474542856216430664e+00
1.295687198638916016e+00
1.313155174255371094e+00
1.292322158813476562e+00
1.285854816436767578e+00
1.294566631317138672e+00
1.275784730911254883e+00
1.298633337020874023e+00
1.310627460479736328e+00
1.292902946472167969e+00
1.311527729034423828e+00
1.272125959396362305e+00
1.296107292175292969e+00
1.401773214340209961e+00
1.279048681259155273e+00
1.331063270568847656e+00
1.632920503616333008e+00
1.964549064636230469e+00
1.505852937698364258e+00
1.363304376602172852e+00
1.277087450027465820e+00
1.282976627349853516e+00
1.293407201766967773e+00
1.377179861068725586e+00
1.324004650115966797e+00
1.282610416412353516e+00
1.281387090682983398e+00
1.281145095825195312e+00
1.357980251312255859e+00
1.308239698410034180e+00
1.290432691574096680e+00
1.286526441574096680e+00
1.428247213363647461e+00
1.790821552276611328e+00
1.864461421966552734e+00
1.356043577194213867e+00
1.332840681076049805e+00
1.319590091705322266e+00
1.454274654388427734e+00
1.332579851150512695e+00
1.401233673095703125e+00
1.519176959991455078e+00
1.566468954086303711e+00
1.697900772094726562e+00
1.550950050354003906e+00
1.325582504272460938e+00
1.376052141189575195e+00
1.460745811462402344e+00
1.839133501052856445e+00
1.413998126983642578e+00
1.310631752014160156e+00
1.242396116256713867e+00
1.243930101394653320e+00
1.292982816696166992e+00
1.253803014755249023e+00
1.242973327636718750e+00
1.249812364578247070e+00
1.243077278137207031e+00
1.298627376556396484e+00
1.333918571472167969e+00
1.499772548675537109e+00
1.820740699768066406e+00
1.855180263519287109e+00
1.419105529785156250e+00
1.296550273895263672e+00
1.256424188613891602e+00
1.237583398818969727e+00
1.248340606689453125e+00
1.239985704421997070e+00
1.304512262344360352e+00
1.265590429306030273e+00
1.242015361785888672e+00
1.237207174301147461e+00
1.245321750640869141e+00
1.318268537521362305e+00
1.271340370178222656e+00
1.242426156997680664e+00
1.243033885955810547e+00
1.252459526062011719e+00
1.356817245483398438e+00
1.354942083358764648e+00
1.283662796020507812e+00
1.275877952575683594e+00
1.279433965682983398e+00
1.276326656341552734e+00
1.283037424087524414e+00
1.289660215377807617e+00
1.274618148803710938e+00
1.281980514526367188e+00
1.281892061233520508e+00
1.344802379608154297e+00
1.303879022598266602e+00
1.381203889846801758e+00
1.288702249526977539e+00
1.280093669891357422e+00
