2.254620075225830078e+00
4.097847938537597656e-01
4.090087413787841797e-01
4.082739353179931641e-01
4.116971492767333984e-01
4.123942852020263672e-01
4.091739654541015625e-01
4.117395877838134766e-01
4.100861549377441406e-01
4.131319522857666016e-01
4.096326828002929688e-01
4.061567783355712891e-01
4.283368587493896484e-01
4.109115600585937500e-01
4.099760055541992188e-01
4.301702976226806641e-01
4.142496585845947266e-01
4.152779579162597656e-01
4.161615371704101562e-01
4.152467250823974609e-01
4.137511253356933594e-01
4.092283248901367188e-01
4.132866859436035156e-01
4.129440784454345703e-01
4.114589691162109375e-01
4.185404777526855469e-01
4.120941162109375000e-01
4.097101688385009766e-01
4.099025726318359375e-01
4.245235919952392578e-01
4.128654003143310547e-01
4.089798927307128906e-01
4.127745628356933594e-01
4.161765575408935547e-01
4.194238185882568359e-01
4.166903495788574219e-01
4.157376289367675781e-01
4.150428771972656250e-01
4.162268638610839844e-01
4.115548133850097656e-01
4.102463722229003906e-01
4.106996059417724609e-01
4.113032817840576172e-01
4.009244441986083984e-01
4.005815982818603516e-01
4.005234241485595703e-01
4.015991687774658203e-01
4.003849029541015625e-01
4.011912345886230469e-01
3.999752998352050781e-01
3.989171981811523438e-01
4.002857208251953125e-01
4.466433525085449219e-01
4.080622196197509766e-01
4.033751487731933594e-01
4.103660583496093750e-01
4.056878089904785156e-01
4.061281681060791016e-01
4.140052795410156250e-01
4.077963829040527344e-01
4.131624698638916016e-01
4.111423492431640625e-01
4.303987026214599609e-01
4.082221984863281250e-01
4.084155559539794922e-01
4.119257926940917969e-01
4.099500179290771484e-01
4.085755348205566406e-01
4.096255302429199219e-01
4.081609249114990234e-01
4.109973907470703125e-01
4.091889858245849609e-01
4.087247848510742188e-01
4.111750125885009766e-01
4.128921031951904297e-01
4.116141796112060547e-01
4.122977256774902344e-01
4.097831249237060547e-01
4.116075038909912109e-01
4.199976921081542969e-01
4.074008464813232422e-01
4.082341194152832031e-01
4.062683582305908203e-01
4.170796871185302734e-01
4.076342582702636719e-01
4.080493450164794922e-01
4.070084095001220703e-01
4.046590328216552734e-01
4.043715000152587891e-01
4.075188636779785156e-01
4.037065505981445312e-01
4.213192462921142578e-01
4.052352905273437500e-01
4.099609851837158203e-01
4.088492393493652344e-01
4.113407135009765625e-01
4.113209247589111328e-01
4.113352298736572266e-01
4.156939983367919922e-01
4.199128150939941406e-01
4.075074195861816406e-01
4.064497947692871094e-01
4.128494262695312500e-01
4.056019783020019531e-01
4.103384017944335938e-01
4.077148437500000000e-01
4.124858379364013672e-01
4.108958244323730469e-01
4.355704784393310547e-01
4.134273529052734375e-01
4.140405654907226562e-01
4.134650230407714844e-01
4.143693447113037109e-01
4.152650833129882812e-01
4.158341884613037109e-01
4.130744934082031250e-01
4.127779006958007812e-01
4.304327964782714844e-01
4.119930267333984375e-01
4.137210845947265625e-01
4.138181209564208984e-01
4.126486778259277344e-01
4.117963314056396484e-01
4.083819389343261719e-01
4.120016098022460938e-01
4.134428501129150391e-01
4.142179489135742188e-01
4.180202484130859375e-01
4.150998592376708984e-01
4.108946323394775391e-01
4.096643924713134766e-01
4.068517684936523438e-01
4.094831943511962891e-01
4.080312252044677734e-01
4.103684425354003906e-01
4.117393493652343750e-01
4.092018604278564453e-01
4.077689647674560547e-01
4.074699878692626953e-01
4.104247093200683594e-01
4.128661155700683594e-01
4.139523506164550781e-01
4.213674068450927734e-01
4.127686023712158203e-01
4.138424396514892578e-01
4.159913063049316406e-01
4.126436710357666016e-01
4.227869510650634766e-01
4.112186431884765625e-01
4.246919155120849609e-01
4.067969322204589844e-01
4.111304283142089844e-01
4.131698608398437500e-01
4.133312702178955078e-01
4.128110408782958984e-01
4.202148914337158203e-01
4.156031608581542969e-01
4.213621616363525391e-01
4.166448116302490234e-01
4.150569438934326172e-01
4.112589359283447266e-01
4.094696044921875000e-01
4.140110015869140625e-01
4.090325832366943359e-01
4.099318981170654297e-01
4.100408554077148438e-01
4.362380504608154297e-01
4.106669425964355469e-01
4.165797233581542969e-01
4.198093414306640625e-01
4.262893199920654297e-01
4.355828762054443359e-01
4.303648471832275391e-01
4.208745956420898438e-01
4.282557964324951172e-01
4.255440235137939453e-01
4.429900646209716797e-01
4.455764293670654297e-01
4.241833686828613281e-01
4.221670627593994141e-01
4.218389987945556641e-01
4.224579334259033203e-01
4.295382499694824219e-01
4.236867427825927734e-01
4.248411655426025391e-01
4.238708019256591797e-01
4.283807277679443359e-01
4.337253570556640625e-01
4.225995540618896484e-01
4.269444942474365234e-01
4.164054393768310547e-01
4.303801059722900391e-01
4.152216911315917969e-01
4.163773059844970703e-01
4.153816699981689453e-01
4.180219173431396484e-01
4.143047332763671875e-01
4.242463111877441406e-01
4.134745597839355469e-01
4.130473136901855469e-01
