2.309346675872802734e+00
4.699292182922363281e-01
4.566054344177246094e-01
4.627969264984130859e-01
4.602391719818115234e-01
4.604642391204833984e-01
4.624214172363281250e-01
4.621007442474365234e-01
4.643311500549316406e-01
4.631750583648681641e-01
4.560112953186035156e-01
4.853622913360595703e-01
4.585337638854980469e-01
4.548978805541992188e-01
4.618999958038330078e-01
4.619445800781250000e-01
4.647779464721679688e-01
4.629192352294921875e-01
4.607627391815185547e-01
4.654710292816162109e-01
4.705948829650878906e-01
4.570953845977783203e-01
4.592406749725341797e-01
4.626500606536865234e-01
4.579312801361083984e-01
4.683525562286376953e-01
4.676139354705810547e-01
4.531400203704833984e-01
4.530766010284423828e-01
4.607260227203369141e-01
4.655034542083740234e-01
4.582459926605224609e-01
4.630737304687500000e-01
4.650797843933105469e-01
4.666588306427001953e-01
4.675390720367431641e-01
4.647138118743896484e-01
4.710679054260253906e-01
4.597108364105224609e-01
4.718792438507080078e-01
4.601552486419677734e-01
4.575407505035400391e-01
4.658985137939453125e-01
4.546754360198974609e-01
4.555587768554687500e-01
4.540359973907470703e-01
4.542245864868164062e-01
4.508454799652099609e-01
4.606294631958007812e-01
4.600400924682617188e-01
4.516448974609375000e-01
4.517354965209960938e-01
4.627454280853271484e-01
4.564719200134277344e-01
4.557819366455078125e-01
4.679820537567138672e-01
4.608764648437500000e-01
4.641427993774414062e-01
4.626266956329345703e-01
4.664018154144287109e-01
4.699127674102783203e-01
4.711666107177734375e-01
4.835567474365234375e-01
4.682054519653320312e-01
4.655196666717529297e-01
4.686052799224853516e-01
4.806945323944091797e-01
4.694552421569824219e-01
4.732336997985839844e-01
4.631376266479492188e-01
4.718515872955322266e-01
4.627621173858642578e-01
4.675774574279785156e-01
4.706246852874755859e-01
4.775888919830322266e-01
4.824140071868896484e-01
4.624240398406982422e-01
4.605798721313476562e-01
4.676382541656494141e-01
4.647336006164550781e-01
4.548099040985107422e-01
4.653420448303222656e-01
4.557876586914062500e-01
4.724841117858886719e-01
4.568736553192138672e-01
4.573256969451904297e-01
4.583270549774169922e-01
4.574992656707763672e-01
4.565970897674560547e-01
4.569606781005859375e-01
4.545235633850097656e-01
4.639325141906738281e-01
4.712362289428710938e-01
5.012102127075195312e-01
4.922063350677490234e-01
4.860291481018066406e-01
4.875698089599609375e-01
4.802134037017822266e-01
4.797637462615966797e-01
4.582569599151611328e-01
4.564352035522460938e-01
4.578897953033447266e-01
4.558587074279785156e-01
4.520082473754882812e-01
4.523384571075439453e-01
4.639492034912109375e-01
4.806299209594726562e-01
4.812202453613281250e-01
4.589905738830566406e-01
4.551730155944824219e-01
4.588835239410400391e-01
4.706492424011230469e-01
4.656827449798583984e-01
4.688284397125244141e-01
4.676854610443115234e-01
4.648838043212890625e-01
4.645519256591796875e-01
4.911081790924072266e-01
4.713187217712402344e-01
4.598197937011718750e-01
4.628815650939941406e-01
4.785556793212890625e-01
4.654138088226318359e-01
4.555010795593261719e-01
4.598114490509033203e-01
4.616982936859130859e-01
4.604821205139160156e-01
4.760749340057373047e-01
4.807579517364501953e-01
4.736146926879882812e-01
4.587211608886718750e-01
4.540295600891113281e-01
4.589407444000244141e-01
4.534311294555664062e-01
4.534389972686767578e-01
4.540050029754638672e-01
4.664249420166015625e-01
4.577662944793701172e-01
4.530451297760009766e-01
4.524459838867187500e-01
4.594311714172363281e-01
4.677243232727050781e-01
4.644517898559570312e-01
4.627733230590820312e-01
4.668755531311035156e-01
4.640502929687500000e-01
4.604303836822509766e-01
4.563601016998291016e-01
4.577910900115966797e-01
4.528534412384033203e-01
4.529371261596679688e-01
4.668560028076171875e-01
4.614996910095214844e-01
4.598023891448974609e-01
4.777600765228271484e-01
4.696466922760009766e-01
4.735243320465087891e-01
4.872412681579589844e-01
4.643626213073730469e-01
4.609920978546142578e-01
4.611930847167968750e-01
4.602639675140380859e-01
4.634423255920410156e-01
4.539432525634765625e-01
4.602892398834228516e-01
4.567861557006835938e-01
4.557013511657714844e-01
4.575605392456054688e-01
4.617207050323486328e-01
4.630365371704101562e-01
4.676935672760009766e-01
4.664485454559326172e-01
4.691195487976074219e-01
4.709284305572509766e-01
4.666600227355957031e-01
4.925138950347900391e-01
4.738519191741943359e-01
4.690411090850830078e-01
4.683799743652343750e-01
4.673705101013183594e-01
4.679453372955322266e-01
4.672081470489501953e-01
4.662108421325683594e-01
4.658615589141845703e-01
4.612805843353271484e-01
4.665427207946777344e-01
4.748444557189941406e-01
4.660956859588623047e-01
4.664726257324218750e-01
4.678604602813720703e-01
4.676499366760253906e-01
5.250184535980224609e-01
4.642310142517089844e-01
4.649031162261962891e-01
4.758176803588867188e-01
4.658217430114746094e-01
4.818904399871826172e-01
4.633593559265136719e-01
4.779186248779296875e-01
4.612741470336914062e-01
