1.238890409469604492e+00
1.255884170532226562e+00
1.255657911300659180e+00
1.328124046325683594e+00
1.252862453460693359e+00
1.258189439773559570e+00
1.261204004287719727e+00
1.263504266738891602e+00
1.321549415588378906e+00
1.261232614517211914e+00
1.260114431381225586e+00
1.307266473770141602e+00
1.342664480209350586e+00
1.358633518218994141e+00
1.344926118850708008e+00
1.348530530929565430e+00
1.304704427719116211e+00
1.291506528854370117e+00
1.291617631912231445e+00
1.217758893966674805e+00
1.197199583053588867e+00
1.211975574493408203e+00
1.216291427612304688e+00
1.266883850097656250e+00
1.210489034652709961e+00
1.218793392181396484e+00
1.215819835662841797e+00
1.225982666015625000e+00
1.223143815994262695e+00
1.306825399398803711e+00
1.887361288070678711e+00
1.246833562850952148e+00
1.266535043716430664e+00
1.244749784469604492e+00
1.258249044418334961e+00
1.261605501174926758e+00
1.265685796737670898e+00
1.256809949874877930e+00
1.251883029937744141e+00
1.251150131225585938e+00
1.251342773437500000e+00
1.261675834655761719e+00
1.302425384521484375e+00
1.327249526977539062e+00
1.359645128250122070e+00
1.352419137954711914e+00
1.362592220306396484e+00
1.428739070892333984e+00
1.413571119308471680e+00
1.433544635772705078e+00
1.389359712600708008e+00
1.333200216293334961e+00
1.342168331146240234e+00
1.297460556030273438e+00
1.373489618301391602e+00
1.481642961502075195e+00
1.974264621734619141e+00
1.385920047760009766e+00
1.625415802001953125e+00
1.637706518173217773e+00
1.293207883834838867e+00
1.280448675155639648e+00
1.311815023422241211e+00
1.330057621002197266e+00
1.252138853073120117e+00
1.263658523559570312e+00
1.251008987426757812e+00
1.253887653350830078e+00
1.333783864974975586e+00
1.438182353973388672e+00
1.758719921112060547e+00
1.870595455169677734e+00
1.265175342559814453e+00
1.339139699935913086e+00
1.251023292541503906e+00
1.253347873687744141e+00
1.235678911209106445e+00
1.299841642379760742e+00
1.295347690582275391e+00
1.261429548263549805e+00
1.238078594207763672e+00
1.249475717544555664e+00
1.334291934967041016e+00
1.299278736114501953e+00
1.265800237655639648e+00
1.267339468002319336e+00
1.276272773742675781e+00
1.294173002243041992e+00
1.363282680511474609e+00
1.416458129882812500e+00
1.779994726181030273e+00
1.754697322845458984e+00
1.382314920425415039e+00
1.389007329940795898e+00
1.424557447433471680e+00
1.335204362869262695e+00
1.351481914520263672e+00
1.386003971099853516e+00
1.355026483535766602e+00
1.398782491683959961e+00
1.511111736297607422e+00
1.508712053298950195e+00
1.661864280700683594e+00
1.686301708221435547e+00
1.908814668655395508e+00
1.474542379379272461e+00
1.295685052871704102e+00
1.313155412673950195e+00
1.292318582534790039e+00
1.285851001739501953e+00
1.294560670852661133e+00
1.275770664215087891e+00
1.298624277114868164e+00
1.310622692108154297e+00
1.292895078659057617e+00
1.311518669128417969e+00
1.272116899490356445e+00
1.296115875244140625e+00
1.401761770248413086e+00
1.279029369354248047e+00
1.331052064895629883e+00
1.632920742034912109e+00
1.964537143707275391e+00
1.505842924118041992e+00
1.363298177719116211e+00
1.277075529098510742e+00
1.282977104187011719e+00
1.293394088745117188e+00
1.377176761627197266e+00
1.323997497558593750e+00
1.282603263854980469e+00
1.281377077102661133e+00
1.281137228012084961e+00
1.357970237731933594e+00
1.308237314224243164e+00
1.290417909622192383e+00
1.286522388458251953e+00
1.428244352340698242e+00
1.790807008743286133e+00
1.864446878433227539e+00
1.356035947799682617e+00
1.332834720611572266e+00
1.319580554962158203e+00
1.454263210296630859e+00
1.332572221755981445e+00
1.401217937469482422e+00
1.519168376922607422e+00
1.566461563110351562e+00
1.697892189025878906e+00
1.550943374633789062e+00
1.325578451156616211e+00
1.376053333282470703e+00
1.460740566253662109e+00
1.839105844497680664e+00
1.413986921310424805e+00
1.310624599456787109e+00
1.242384672164916992e+00
1.243922472000122070e+00
1.292977809906005859e+00
1.253803014755249023e+00
1.242965936660766602e+00
1.249799013137817383e+00
1.243068218231201172e+00
1.298618555068969727e+00
1.333925247192382812e+00
1.499776363372802734e+00
1.820737361907958984e+00
1.855184078216552734e+00
1.419106483459472656e+00
1.296548843383789062e+00
1.256424188613891602e+00
1.237585067749023438e+00
1.248338222503662109e+00
1.239984750747680664e+00
1.304513692855834961e+00
1.265588283538818359e+00
1.242015838623046875e+00
1.237205505371093750e+00
1.245321989059448242e+00
1.318265438079833984e+00
1.271341562271118164e+00
1.242423295974731445e+00
1.243033885955810547e+00
1.252459764480590820e+00
1.356819868087768555e+00
1.354947566986083984e+00
1.283656120300292969e+00
1.275874614715576172e+00
1.279435634613037109e+00
1.276323795318603516e+00
1.283037185668945312e+00
1.289662122726440430e+00
1.274617910385131836e+00
1.281987190246582031e+00
1.281892776489257812e+00
1.344802618026733398e+00
1.303879022598266602e+00
1.381205320358276367e+00
1.288701534271240234e+00
1.280096054077148438e+00
