1.238886117935180664e+00
1.255887508392333984e+00
1.255618810653686523e+00
1.328127622604370117e+00
1.252867937088012695e+00
1.258196353912353516e+00
1.261211395263671875e+00
1.263517618179321289e+00
1.321554899215698242e+00
1.261234283447265625e+00
1.260124921798706055e+00
1.309539318084716797e+00
1.352116823196411133e+00
1.358619213104248047e+00
1.344943284988403320e+00
1.348541021347045898e+00
1.304718971252441406e+00
1.291517019271850586e+00
1.291631698608398438e+00
1.217761754989624023e+00
1.197213411331176758e+00
1.211989879608154297e+00
1.216276884078979492e+00
1.266888380050659180e+00
1.210472106933593750e+00
1.218806028366088867e+00
1.215822696685791016e+00
1.225992918014526367e+00
1.223150491714477539e+00
1.306834936141967773e+00
1.887346982955932617e+00
1.246822834014892578e+00
1.266517877578735352e+00
1.244726896286010742e+00
1.258231639862060547e+00
1.261595010757446289e+00
1.265683174133300781e+00
1.256793975830078125e+00
1.251872301101684570e+00
1.251137018203735352e+00
1.251338243484497070e+00
1.261659383773803711e+00
1.302412748336791992e+00
1.327236652374267578e+00
1.359624147415161133e+00
1.352402925491333008e+00
1.362577438354492188e+00
1.428717136383056641e+00
1.413551568984985352e+00
1.433548688888549805e+00
1.389363050460815430e+00
1.333202123641967773e+00
1.342161655426025391e+00
1.297460079193115234e+00
1.373473882675170898e+00
1.481636524200439453e+00
1.974263906478881836e+00
1.385921239852905273e+00
1.625408649444580078e+00
1.637697219848632812e+00
1.293200016021728516e+00
1.280459880828857422e+00
1.311823844909667969e+00
1.330070972442626953e+00
1.252138137817382812e+00
1.263665199279785156e+00
1.251018762588500977e+00
1.253874301910400391e+00
1.333781003952026367e+00
1.438198328018188477e+00
1.758712530136108398e+00
1.870582580566406250e+00
1.265189886093139648e+00
1.339165210723876953e+00
1.251022577285766602e+00
1.253355264663696289e+00
1.235706090927124023e+00
1.299847364425659180e+00
1.295354127883911133e+00
1.261420488357543945e+00
1.238100528717041016e+00
1.249488592147827148e+00
1.334290981292724609e+00
1.299292087554931641e+00
1.265787601470947266e+00
1.267327785491943359e+00
1.276259899139404297e+00
1.294191837310791016e+00
1.363291025161743164e+00
1.416458129882812500e+00
1.779987335205078125e+00
1.754679918289184570e+00
1.382298707962036133e+00
1.388996124267578125e+00
1.424549102783203125e+00
1.335185766220092773e+00
1.351488590240478516e+00
1.385994672775268555e+00
1.355017662048339844e+00
1.398789644241333008e+00
1.511115550994873047e+00
1.508694410324096680e+00
1.661870956420898438e+00
1.686319828033447266e+00
1.908788681030273438e+00
1.474530935287475586e+00
1.295686483383178711e+00
1.313147544860839844e+00
1.292303562164306641e+00
1.285845994949340820e+00
1.294553995132446289e+00
1.275767803192138672e+00
1.298647880554199219e+00
1.310619354248046875e+00
1.292900085449218750e+00
1.311516523361206055e+00
1.272109031677246094e+00
1.296118259429931641e+00
1.401762485504150391e+00
1.279032468795776367e+00
1.331044912338256836e+00
1.632917642593383789e+00
1.964520931243896484e+00
1.505835533142089844e+00
1.363286972045898438e+00
1.277070522308349609e+00
1.282975912094116211e+00
1.293403387069702148e+00
1.377159357070922852e+00
1.324011325836181641e+00
1.282593727111816406e+00
1.281366348266601562e+00
1.281132936477661133e+00
1.357970237731933594e+00
1.308229684829711914e+00
1.290408372879028320e+00
1.286504030227661133e+00
1.428241252899169922e+00
1.790802240371704102e+00
1.864433050155639648e+00
1.356050491333007812e+00
1.332825899124145508e+00
1.319571018218994141e+00
1.454263448715209961e+00
1.332563161849975586e+00
1.401235342025756836e+00
1.519160032272338867e+00
1.566448926925659180e+00
1.697886943817138672e+00
1.550929307937622070e+00
1.325582981109619141e+00
1.376055955886840820e+00
1.460732698440551758e+00
1.839112043380737305e+00
1.413995981216430664e+00
1.310636758804321289e+00
1.242399692535400391e+00
1.243933200836181641e+00
1.292982578277587891e+00
1.253788948059082031e+00
1.242976427078247070e+00
1.249817132949829102e+00
1.243073701858520508e+00
1.298634529113769531e+00
1.333903074264526367e+00
1.499782800674438477e+00
1.820736646652221680e+00
1.855269432067871094e+00
1.419117450714111328e+00
1.296567678451538086e+00
1.256419897079467773e+00
1.237588167190551758e+00
1.248346090316772461e+00
1.239984989166259766e+00
1.304526805877685547e+00
1.265584707260131836e+00
1.242025136947631836e+00
1.237203359603881836e+00
1.245307207107543945e+00
1.318253755569458008e+00
1.271322250366210938e+00
1.242428779602050781e+00
1.243012666702270508e+00
1.252465963363647461e+00
1.356834411621093750e+00
1.354936122894287109e+00
1.283658027648925781e+00
1.275878906250000000e+00
1.279437065124511719e+00
1.276331424713134766e+00
1.283045053482055664e+00
1.289653301239013672e+00
1.274605751037597656e+00
1.281981706619262695e+00
1.281903982162475586e+00
1.344793319702148438e+00
1.303875446319580078e+00
1.381205558776855469e+00
1.288702011108398438e+00
1.280084848403930664e+00
