2.370543718338012695e+00
5.902059078216552734e-01
5.570664405822753906e-01
5.507109165191650391e-01
5.694167613983154297e-01
5.518169403076171875e-01
5.768849849700927734e-01
5.661399364471435547e-01
5.602345466613769531e-01
5.561108589172363281e-01
5.598807334899902344e-01
5.784654617309570312e-01
5.525102615356445312e-01
5.461955070495605469e-01
5.634186267852783203e-01
5.500040054321289062e-01
5.564024448394775391e-01
5.519511699676513672e-01
5.667502880096435547e-01
5.821945667266845703e-01
5.608136653900146484e-01
5.491249561309814453e-01
5.553748607635498047e-01
5.536417961120605469e-01
5.528998374938964844e-01
5.531113147735595703e-01
5.533328056335449219e-01
5.485095977783203125e-01
5.384476184844970703e-01
5.641295909881591797e-01
5.546476840972900391e-01
5.785655975341796875e-01
5.888450145721435547e-01
5.935678482055664062e-01
6.046409606933593750e-01
5.756433010101318359e-01
5.803935527801513672e-01
5.739641189575195312e-01
5.697669982910156250e-01
5.627880096435546875e-01
5.451879501342773438e-01
5.483782291412353516e-01
5.473442077636718750e-01
5.484139919281005859e-01
5.470950603485107422e-01
5.528888702392578125e-01
5.496625900268554688e-01
5.456016063690185547e-01
5.528600215911865234e-01
5.534079074859619141e-01
5.467324256896972656e-01
5.492823123931884766e-01
5.742647647857666016e-01
5.682039260864257812e-01
5.660490989685058594e-01
5.515561103820800781e-01
5.551559925079345703e-01
5.580747127532958984e-01
5.771825313568115234e-01
5.702350139617919922e-01
5.684466361999511719e-01
5.789153575897216797e-01
5.845899581909179688e-01
5.669193267822265625e-01
5.678560733795166016e-01
5.618472099304199219e-01
5.637803077697753906e-01
5.805356502532958984e-01
5.980780124664306641e-01
5.607919692993164062e-01
5.630195140838623047e-01
5.676112174987792969e-01
5.652027130126953125e-01
5.737900733947753906e-01
5.802125930786132812e-01
5.632159709930419922e-01
5.575368404388427734e-01
5.569558143615722656e-01
5.572421550750732422e-01
5.592486858367919922e-01
5.610401630401611328e-01
5.526254177093505859e-01
5.465984344482421875e-01
5.465993881225585938e-01
5.553593635559082031e-01
5.466945171356201172e-01
5.484259128570556641e-01
5.484318733215332031e-01
5.434510707855224609e-01
5.461685657501220703e-01
5.460264682769775391e-01
5.615170001983642578e-01
5.476703643798828125e-01
5.543997287750244141e-01
5.492641925811767578e-01
5.753715038299560547e-01
5.534570217132568359e-01
5.738039016723632812e-01
5.522656440734863281e-01
5.517599582672119141e-01
5.417838096618652344e-01
5.449683666229248047e-01
5.574133396148681641e-01
5.434594154357910156e-01
5.417585372924804688e-01
5.500247478485107422e-01
5.536875724792480469e-01
5.468065738677978516e-01
5.599613189697265625e-01
5.481212139129638672e-01
5.553009510040283203e-01
5.647020339965820312e-01
5.652725696563720703e-01
5.698783397674560547e-01
5.634388923645019531e-01
5.691092014312744141e-01
5.581789016723632812e-01
5.529747009277343750e-01
5.709183216094970703e-01
5.545809268951416016e-01
5.760664939880371094e-01
5.649394989013671875e-01
6.063449382781982422e-01
5.550303459167480469e-01
5.597157478332519531e-01
5.582904815673828125e-01
5.588982105255126953e-01
5.612123012542724609e-01
5.705566406250000000e-01
5.800831317901611328e-01
5.640604496002197266e-01
5.498790740966796875e-01
5.567607879638671875e-01
5.506658554077148438e-01
5.518062114715576172e-01
5.523190498352050781e-01
5.590684413909912109e-01
5.457482337951660156e-01
5.477983951568603516e-01
5.611109733581542969e-01
5.558459758758544922e-01
5.695767402648925781e-01
5.566153526306152344e-01
5.983035564422607422e-01
5.620586872100830078e-01
5.648503303527832031e-01
5.569343566894531250e-01
5.530796051025390625e-01
5.612015724182128906e-01
5.522656440734863281e-01
5.446064472198486328e-01
5.785837173461914062e-01
5.572397708892822266e-01
5.671482086181640625e-01
5.784368515014648438e-01
5.766818523406982422e-01
5.735011100769042969e-01
5.710492134094238281e-01
5.737416744232177734e-01
5.548937320709228516e-01
5.537240505218505859e-01
5.684018135070800781e-01
5.554435253143310547e-01
5.503907203674316406e-01
5.564229488372802734e-01
5.560069084167480469e-01
5.537679195404052734e-01
5.821304321289062500e-01
5.563991069793701172e-01
5.565512180328369141e-01
5.595965385437011719e-01
5.623066425323486328e-01
5.738618373870849609e-01
5.675933361053466797e-01
5.686190128326416016e-01
5.794308185577392578e-01
5.647885799407958984e-01
5.616302490234375000e-01
5.602304935455322266e-01
5.635082721710205078e-01
5.613987445831298828e-01
5.584826469421386719e-01
5.568811893463134766e-01
5.748465061187744141e-01
5.606439113616943359e-01
5.730085372924804688e-01
5.643584728240966797e-01
5.753600597381591797e-01
5.639894008636474609e-01
5.665664672851562500e-01
5.577189922332763672e-01
6.256091594696044922e-01
5.832910537719726562e-01
5.539860725402832031e-01
5.936110019683837891e-01
5.570538043975830078e-01
5.990772247314453125e-01
5.615561008453369141e-01
5.709161758422851562e-01
5.550632476806640625e-01
