1.238891601562500000e+00
1.255884408950805664e+00
1.255658626556396484e+00
1.328140735626220703e+00
1.252851963043212891e+00
1.258193492889404297e+00
1.261218309402465820e+00
1.263520240783691406e+00
1.321551561355590820e+00
1.261253833770751953e+00
1.260124683380126953e+00
1.309559345245361328e+00
1.352140903472900391e+00
1.358644723892211914e+00
1.344942569732666016e+00
1.348545789718627930e+00
1.304720878601074219e+00
1.291521549224853516e+00
1.291635513305664062e+00
1.217770338058471680e+00
1.197214841842651367e+00
1.211989879608154297e+00
1.216305732727050781e+00
1.266898632049560547e+00
1.210502862930297852e+00
1.218811750411987305e+00
1.215832233428955078e+00
1.226000785827636719e+00
1.223160266876220703e+00
1.306847572326660156e+00
1.887387990951538086e+00
1.246846675872802734e+00
1.266546964645385742e+00
1.244762659072875977e+00
1.258264780044555664e+00
1.261619806289672852e+00
1.265707254409790039e+00
1.256825685501098633e+00
1.251906156539916992e+00
1.251163959503173828e+00
1.251368284225463867e+00
1.261691808700561523e+00
1.302436590194702148e+00
1.327269554138183594e+00
1.359667539596557617e+00
1.352438688278198242e+00
1.362615108489990234e+00
1.428760290145874023e+00
1.413588762283325195e+00
1.433558225631713867e+00
1.389367103576660156e+00
1.333211421966552734e+00
1.342189311981201172e+00
1.297472238540649414e+00
1.373501062393188477e+00
1.481650829315185547e+00
1.974292039871215820e+00
1.385927677154541016e+00
1.625425577163696289e+00
1.637723684310913086e+00
1.293210029602050781e+00
1.280455350875854492e+00
1.311822175979614258e+00
1.330075025558471680e+00
1.252150058746337891e+00
1.263893842697143555e+00
1.251020193099975586e+00
1.253896713256835938e+00
1.333792209625244141e+00
1.438195943832397461e+00
1.758735418319702148e+00
1.870613336563110352e+00
1.265202760696411133e+00
1.339157581329345703e+00
1.251031160354614258e+00
1.253357648849487305e+00
1.235715627670288086e+00
1.299847841262817383e+00
1.295357704162597656e+00
1.261439323425292969e+00
1.238106250762939453e+00
1.249483585357666016e+00
1.334313392639160156e+00
1.299291610717773438e+00
1.265824317932128906e+00
1.267343282699584961e+00
1.276281595230102539e+00
1.294196844100952148e+00
1.363297224044799805e+00
1.416460752487182617e+00
1.780003547668457031e+00
1.754708051681518555e+00
1.382329225540161133e+00
1.389010429382324219e+00
1.424568653106689453e+00
1.335216999053955078e+00
1.351498842239379883e+00
1.386015653610229492e+00
1.355042457580566406e+00
1.398797988891601562e+00
1.511118173599243164e+00
1.508717060089111328e+00
1.661889314651489258e+00
1.686317920684814453e+00
1.908828258514404297e+00
1.474549531936645508e+00
1.295680046081542969e+00
1.313152551651000977e+00
1.292338371276855469e+00
1.285864353179931641e+00
1.294575214385986328e+00
1.275789737701416016e+00
1.298635482788085938e+00
1.310639619827270508e+00
1.292902231216430664e+00
1.311534166336059570e+00
1.272131204605102539e+00
1.296129941940307617e+00
1.401780366897583008e+00
1.279058218002319336e+00
1.331073999404907227e+00
1.632925987243652344e+00
1.964551925659179688e+00
1.505856990814208984e+00
1.363311529159545898e+00
1.277096509933471680e+00
1.282986164093017578e+00
1.293414354324340820e+00
1.377189397811889648e+00
1.324010133743286133e+00
1.282622098922729492e+00
1.281394243240356445e+00
1.281161308288574219e+00
1.357986450195312500e+00
1.308242797851562500e+00
1.290442943572998047e+00
1.286540269851684570e+00
1.428250074386596680e+00
1.790829420089721680e+00
1.864452362060546875e+00
1.356052160263061523e+00
1.332854270935058594e+00
1.319599628448486328e+00
1.454282999038696289e+00
1.332573413848876953e+00
1.401243448257446289e+00
1.519188165664672852e+00
1.566474676132202148e+00
1.697911977767944336e+00
1.550959348678588867e+00
1.325590610504150391e+00
1.376066684722900391e+00
1.460758447647094727e+00
1.839140415191650391e+00
1.413978338241577148e+00
1.310642242431640625e+00
1.242407321929931641e+00
1.243934869766235352e+00
1.292990207672119141e+00
1.253812551498413086e+00
1.242981195449829102e+00
1.249819040298461914e+00
1.243078470230102539e+00
1.298636913299560547e+00
1.333932638168334961e+00
1.499777317047119141e+00
1.820745706558227539e+00
1.855178356170654297e+00
1.419115066528320312e+00
1.296552419662475586e+00
1.256426095962524414e+00
1.237592220306396484e+00
1.248349428176879883e+00
1.239995241165161133e+00
1.304524660110473633e+00
1.265589237213134766e+00
1.242025613784790039e+00
1.237216711044311523e+00
1.245328426361083984e+00
1.318274021148681641e+00
1.271344900131225586e+00
1.242433071136474609e+00
1.242908954620361328e+00
1.252466440200805664e+00
1.356821775436401367e+00
1.354948997497558594e+00
1.283665657043457031e+00
1.275884151458740234e+00
1.279438972473144531e+00
1.276338815689086914e+00
1.283045768737792969e+00
1.289664745330810547e+00
1.274623155593872070e+00
1.281989336013793945e+00
1.281897306442260742e+00
1.344803571701049805e+00
1.303882122039794922e+00
1.381210327148437500e+00
1.288706779479980469e+00
1.280098676681518555e+00
