2.273247241973876953e+00
5.199611186981201172e-01
5.182247161865234375e-01
5.218389034271240234e-01
5.242450237274169922e-01
5.221490859985351562e-01
5.230536460876464844e-01
5.219786167144775391e-01
5.284807682037353516e-01
5.141069889068603516e-01
5.234630107879638672e-01
5.236349105834960938e-01
5.331690311431884766e-01
5.042824745178222656e-01
4.908678531646728516e-01
5.054287910461425781e-01
4.953308105468750000e-01
4.981491565704345703e-01
4.975531101226806641e-01
4.985616207122802734e-01
4.979188442230224609e-01
4.936108589172363281e-01
4.993827342987060547e-01
4.946067333221435547e-01
4.930026531219482422e-01
4.968366622924804688e-01
4.949612617492675781e-01
4.914526939392089844e-01
4.901804924011230469e-01
5.061724185943603516e-01
4.950089454650878906e-01
4.902825355529785156e-01
4.938390254974365234e-01
5.001723766326904297e-01
4.992263317108154297e-01
4.967308044433593750e-01
4.975543022155761719e-01
4.998652935028076172e-01
4.970202445983886719e-01
4.919054508209228516e-01
4.908387660980224609e-01
4.923605918884277344e-01
4.960665702819824219e-01
5.014598369598388672e-01
5.092804431915283203e-01
4.963049888610839844e-01
4.948823451995849609e-01
4.972734451293945312e-01
4.977624416351318359e-01
4.970595836639404297e-01
5.177478790283203125e-01
5.244524478912353516e-01
5.029826164245605469e-01
5.105257034301757812e-01
4.933674335479736328e-01
5.072808265686035156e-01
4.937813282012939453e-01
5.305495262145996094e-01
5.198876857757568359e-01
5.160439014434814453e-01
5.069155693054199219e-01
5.047821998596191406e-01
5.142693519592285156e-01
4.994254112243652344e-01
4.989001750946044922e-01
5.022435188293457031e-01
5.000319480895996094e-01
5.459408760070800781e-01
5.106353759765625000e-01
4.992051124572753906e-01
5.009167194366455078e-01
5.178167819976806641e-01
5.025269985198974609e-01
5.147185325622558594e-01
5.184783935546875000e-01
5.032219886779785156e-01
5.005798339843750000e-01
5.025024414062500000e-01
5.042695999145507812e-01
5.102965831756591797e-01
4.976463317871093750e-01
5.007123947143554688e-01
5.197722911834716797e-01
5.610134601593017578e-01
5.038883686065673828e-01
5.142538547515869141e-01
4.980077743530273438e-01
5.018210411071777344e-01
5.528926849365234375e-01
5.021135807037353516e-01
4.998650550842285156e-01
5.401492118835449219e-01
5.373148918151855469e-01
5.309376716613769531e-01
5.166301727294921875e-01
5.288789272308349609e-01
5.225107669830322266e-01
5.226569175720214844e-01
5.224521160125732422e-01
5.070378780364990234e-01
5.018174648284912109e-01
5.004773139953613281e-01
5.054731369018554688e-01
5.025396347045898438e-01
5.008239746093750000e-01
5.299010276794433594e-01
5.402462482452392578e-01
5.313439369201660156e-01
5.218441486358642578e-01
5.081090927124023438e-01
5.380346775054931641e-01
5.423786640167236328e-01
5.348427295684814453e-01
5.337381362915039062e-01
5.402081012725830078e-01
5.086972713470458984e-01
5.140757560729980469e-01
5.142881870269775391e-01
5.121588706970214844e-01
5.138123035430908203e-01
5.127542018890380859e-01
5.125970840454101562e-01
5.073807239532470703e-01
5.301899909973144531e-01
5.653848648071289062e-01
5.489368438720703125e-01
5.373697280883789062e-01
5.322074890136718750e-01
5.451321601867675781e-01
5.197079181671142578e-01
5.074284076690673828e-01
5.073339939117431641e-01
5.084476470947265625e-01
5.066323280334472656e-01
5.056192874908447266e-01
5.102121829986572266e-01
5.046749114990234375e-01
5.076429843902587891e-01
5.076472759246826172e-01
5.216903686523437500e-01
5.440938472747802734e-01
5.440745353698730469e-01
5.467634201049804688e-01
5.228679180145263672e-01
5.327656269073486328e-01
5.398066043853759766e-01
5.317761898040771484e-01
5.068607330322265625e-01
5.046789646148681641e-01
5.118346214294433594e-01
5.077252388000488281e-01
5.121457576751708984e-01
5.081200599670410156e-01
5.106563568115234375e-01
5.458042621612548828e-01
5.499227046966552734e-01
5.337696075439453125e-01
5.300967693328857422e-01
5.403320789337158203e-01
5.305860042572021484e-01
5.212543010711669922e-01
5.071935653686523438e-01
5.095629692077636719e-01
5.098385810852050781e-01
5.133547782897949219e-01
5.014336109161376953e-01
5.055229663848876953e-01
5.022587776184082031e-01
5.357058048248291016e-01
5.403792858123779297e-01
5.347950458526611328e-01
5.385570526123046875e-01
5.274527072906494141e-01
5.173280239105224609e-01
5.294671058654785156e-01
5.356788635253906250e-01
5.323896408081054688e-01
5.400927066802978516e-01
5.367672443389892578e-01
5.281724929809570312e-01
5.406210422515869141e-01
5.367009639739990234e-01
5.369842052459716797e-01
5.443549156188964844e-01
5.351660251617431641e-01
5.286226272583007812e-01
5.534965991973876953e-01
5.304751396179199219e-01
5.341496467590332031e-01
5.384912490844726562e-01
5.178520679473876953e-01
5.212180614471435547e-01
5.176887512207031250e-01
5.217263698577880859e-01
5.108551979064941406e-01
5.200681686401367188e-01
5.063867568969726562e-01
5.045893192291259766e-01
5.044627189636230469e-01
5.030987262725830078e-01
