1.975691318511962891e-01
1.967172622680664062e-01
1.970698833465576172e-01
1.952552795410156250e-01
1.932175159454345703e-01
1.925885677337646484e-01
1.929883956909179688e-01
1.927833557128906250e-01
1.925077438354492188e-01
1.921703815460205078e-01
1.905822753906250000e-01
1.929094791412353516e-01
2.688162326812744141e-01
1.939091682434082031e-01
1.937232017517089844e-01
1.931073665618896484e-01
1.917364597320556641e-01
1.933734416961669922e-01
1.989398002624511719e-01
1.735813617706298828e-01
1.768052577972412109e-01
1.938152313232421875e-01
2.061204910278320312e-01
1.963059902191162109e-01
1.955788135528564453e-01
1.927669048309326172e-01
1.949851512908935547e-01
1.988956928253173828e-01
1.916213035583496094e-01
1.948447227478027344e-01
1.992361545562744141e-01
1.953074932098388672e-01
1.956605911254882812e-01
1.972835063934326172e-01
1.939485073089599609e-01
1.955873966217041016e-01
1.943702697753906250e-01
1.968054771423339844e-01
2.005662918090820312e-01
1.947040557861328125e-01
2.380743026733398438e-01
1.960504055023193359e-01
2.044382095336914062e-01
2.000548839569091797e-01
1.781644821166992188e-01
1.972653865814208984e-01
1.969034671783447266e-01
1.962327957153320312e-01
2.010052204132080078e-01
1.995384693145751953e-01
1.965405941009521484e-01
1.960923671722412109e-01
1.987867355346679688e-01
1.942882537841796875e-01
1.968352794647216797e-01
1.927127838134765625e-01
1.960947513580322266e-01
1.973352432250976562e-01
1.960880756378173828e-01
1.954267024993896484e-01
1.940681934356689453e-01
1.940438747406005859e-01
1.941440105438232422e-01
2.006993293762207031e-01
1.958642005920410156e-01
1.940178871154785156e-01
1.978192329406738281e-01
1.945555210113525391e-01
1.939759254455566406e-01
1.929345130920410156e-01
1.944046020507812500e-01
1.927146911621093750e-01
1.947748661041259766e-01
1.941134929656982422e-01
1.958680152893066406e-01
1.955025196075439453e-01
1.949596405029296875e-01
2.734153270721435547e-01
1.999096870422363281e-01
1.949143409729003906e-01
1.947395801544189453e-01
1.937034130096435547e-01
1.947710514068603516e-01
1.939377784729003906e-01
1.996383666992187500e-01
1.940400600433349609e-01
1.947617530822753906e-01
1.950616836547851562e-01
1.934728622436523438e-01
1.902978420257568359e-01
1.930720806121826172e-01
1.920258998870849609e-01
1.924569606781005859e-01
1.969563961029052734e-01
1.924448013305664062e-01
1.930582523345947266e-01
1.942467689514160156e-01
1.938877105712890625e-01
1.938979625701904297e-01
1.951899528503417969e-01
1.942756175994873047e-01
1.997032165527343750e-01
1.957824230194091797e-01
1.949582099914550781e-01
1.952056884765625000e-01
1.931512355804443359e-01
1.952910423278808594e-01
1.944708824157714844e-01
1.958615779876708984e-01
1.982953548431396484e-01
1.948256492614746094e-01
1.956758499145507812e-01
1.985411643981933594e-01
1.946353912353515625e-01
2.791526317596435547e-01
2.025740146636962891e-01
1.958911418914794922e-01
2.041950225830078125e-01
1.965575218200683594e-01
1.953976154327392578e-01
1.798412799835205078e-01
2.060325145721435547e-01
1.951436996459960938e-01
1.967923641204833984e-01
2.003326416015625000e-01
1.971783638000488281e-01
1.976180076599121094e-01
2.061243057250976562e-01
2.054517269134521484e-01
1.948871612548828125e-01
2.107791900634765625e-01
2.021477222442626953e-01
1.965897083282470703e-01
2.063179016113281250e-01
1.949484348297119141e-01
1.971573829650878906e-01
1.971077919006347656e-01
1.974172592163085938e-01
2.017581462860107422e-01
1.977376937866210938e-01
1.997284889221191406e-01
1.978425979614257812e-01
1.965992450714111328e-01
2.043731212615966797e-01
1.975035667419433594e-01
1.988613605499267578e-01
2.082881927490234375e-01
1.988475322723388672e-01
1.951668262481689453e-01
1.953222751617431641e-01
1.969273090362548828e-01
1.966407299041748047e-01
2.033724784851074219e-01
1.982979774475097656e-01
1.954796314239501953e-01
1.972639560699462891e-01
1.972191333770751953e-01
1.978549957275390625e-01
2.070798873901367188e-01
1.975610256195068359e-01
1.960084438323974609e-01
1.933658123016357422e-01
1.968233585357666016e-01
2.021787166595458984e-01
1.986401081085205078e-01
1.948945522308349609e-01
1.967527866363525391e-01
1.963729858398437500e-01
1.983830928802490234e-01
1.952798366546630859e-01
1.947181224822998047e-01
2.029147148132324219e-01
2.006101608276367188e-01
1.952970027923583984e-01
1.955835819244384766e-01
2.077772617340087891e-01
2.041254043579101562e-01
1.945314407348632812e-01
1.949727535247802734e-01
1.928794384002685547e-01
1.941623687744140625e-01
1.930327415466308594e-01
1.984615325927734375e-01
1.947901248931884766e-01
1.963493824005126953e-01
1.926581859588623047e-01
1.945650577545166016e-01
1.952676773071289062e-01
1.940910816192626953e-01
1.951823234558105469e-01
1.946401596069335938e-01
1.996884346008300781e-01
1.970877647399902344e-01
1.945397853851318359e-01
1.941828727722167969e-01
1.961290836334228516e-01
1.918277740478515625e-01
2.084414958953857422e-01
2.008187770843505859e-01
1.949932575225830078e-01
