3.336576938629150391e+00
1.800470590591430664e+00
1.801560163497924805e+00
1.804005861282348633e+00
1.805586814880371094e+00
1.802053928375244141e+00
1.804095506668090820e+00
1.804988145828247070e+00
1.807474136352539062e+00
1.806949138641357422e+00
1.809189558029174805e+00
1.811903715133666992e+00
1.812385082244873047e+00
1.811903953552246094e+00
1.817145824432373047e+00
1.813951015472412109e+00
1.816023588180541992e+00
1.819681882858276367e+00
1.819900512695312500e+00
1.820423841476440430e+00
1.823534488677978516e+00
1.822807073593139648e+00
1.824356317520141602e+00
1.827826261520385742e+00
1.827558994293212891e+00
1.827113389968872070e+00
1.826599359512329102e+00
1.835397005081176758e+00
1.848231077194213867e+00
1.834123373031616211e+00
1.836777687072753906e+00
1.887169837951660156e+00
1.835084676742553711e+00
1.842742919921875000e+00
1.838711261749267578e+00
1.841694116592407227e+00
1.844711780548095703e+00
1.838052511215209961e+00
1.842072248458862305e+00
1.889189004898071289e+00
1.840751647949218750e+00
1.859869718551635742e+00
1.862863779067993164e+00
1.866851091384887695e+00
1.841451883316040039e+00
1.845487594604492188e+00
1.842009305953979492e+00
1.843306779861450195e+00
1.844963550567626953e+00
1.842127799987792969e+00
1.846082210540771484e+00
1.847093105316162109e+00
1.848367452621459961e+00
1.858611583709716797e+00
1.849734544754028320e+00
1.846943140029907227e+00
1.846213817596435547e+00
1.851158618927001953e+00
1.847896814346313477e+00
1.849483013153076172e+00
1.850522756576538086e+00
1.868818283081054688e+00
1.847788333892822266e+00
1.853133678436279297e+00
1.849198579788208008e+00
1.849067449569702148e+00
1.858203411102294922e+00
1.851941585540771484e+00
1.853587388992309570e+00
1.857332706451416016e+00
1.851390361785888672e+00
1.852994918823242188e+00
1.855823040008544922e+00
1.852890968322753906e+00
1.854624032974243164e+00
1.854621410369873047e+00
1.857446432113647461e+00
1.853970050811767578e+00
1.860947608947753906e+00
1.857494592666625977e+00
1.864008665084838867e+00
1.858759880065917969e+00
1.857261180877685547e+00
1.856354236602783203e+00
1.857731103897094727e+00
1.878032684326171875e+00
1.856194496154785156e+00
1.861356019973754883e+00
1.857100725173950195e+00
1.857182979583740234e+00
1.860509157180786133e+00
1.861774444580078125e+00
1.857936620712280273e+00
1.862431764602661133e+00
1.858784675598144531e+00
1.862432718276977539e+00
1.860614061355590820e+00
1.888589382171630859e+00
1.858434915542602539e+00
1.861710548400878906e+00
1.858733177185058594e+00
1.859476566314697266e+00
1.868001937866210938e+00
1.862485170364379883e+00
1.861027956008911133e+00
1.864575624465942383e+00
1.861022710800170898e+00
1.862023115158081055e+00
1.871468305587768555e+00
1.881327867507934570e+00
1.863484382629394531e+00
1.867177009582519531e+00
1.864045381546020508e+00
1.864845275878906250e+00
1.908651590347290039e+00
1.866792440414428711e+00
1.868549585342407227e+00
1.869130849838256836e+00
1.868076801300048828e+00
1.873330354690551758e+00
1.864938259124755859e+00
1.899157285690307617e+00
1.875669956207275391e+00
1.868873596191406250e+00
1.864160299301147461e+00
1.869494199752807617e+00
1.869717359542846680e+00
1.864336013793945312e+00
1.863647460937500000e+00
1.866876363754272461e+00
1.873151302337646484e+00
1.862993001937866211e+00
1.865318298339843750e+00
1.867848634719848633e+00
1.863557577133178711e+00
1.870297908782958984e+00
1.885565757751464844e+00
1.865594863891601562e+00
1.867811441421508789e+00
1.866001129150390625e+00
1.864863157272338867e+00
1.867379665374755859e+00
1.865365266799926758e+00
1.866466045379638672e+00
1.869573831558227539e+00
1.866821765899658203e+00
1.867142438888549805e+00
1.892611742019653320e+00
1.865274906158447266e+00
1.865821361541748047e+00
1.875257492065429688e+00
1.864125251770019531e+00
1.863879919052124023e+00
1.870478153228759766e+00
1.867453813552856445e+00
1.870496034622192383e+00
1.875276088714599609e+00
1.867890119552612305e+00
1.886620044708251953e+00
1.880224227905273438e+00
1.866261482238769531e+00
1.891865253448486328e+00
1.868298292160034180e+00
1.870505809783935547e+00
1.901490211486816406e+00
1.870020389556884766e+00
1.869438409805297852e+00
1.879754543304443359e+00
1.870079517364501953e+00
1.865444183349609375e+00
1.867804527282714844e+00
1.866318225860595703e+00
1.888658046722412109e+00
1.869256496429443359e+00
1.869846105575561523e+00
1.865945339202880859e+00
1.887704849243164062e+00
1.867463827133178711e+00
1.870773792266845703e+00
1.872588634490966797e+00
1.869081974029541016e+00
1.866771221160888672e+00
1.870589017868041992e+00
1.868729829788208008e+00
1.866680145263671875e+00
1.868759155273437500e+00
1.884787321090698242e+00
1.874996423721313477e+00
1.870571374893188477e+00
2.011009216308593750e+00
1.867615938186645508e+00
1.888564586639404297e+00
1.869155645370483398e+00
1.870127439498901367e+00
1.871359109878540039e+00
1.867445707321166992e+00
1.868420839309692383e+00
1.874377012252807617e+00
1.870715141296386719e+00
1.869542121887207031e+00
