1.975729465484619141e-01
1.967241764068603516e-01
1.970777511596679688e-01
1.955332756042480469e-01
1.932175159454345703e-01
1.925942897796630859e-01
1.930108070373535156e-01
1.927907466888427734e-01
1.925187110900878906e-01
1.921789646148681641e-01
1.905930042266845703e-01
1.929178237915039062e-01
2.688279151916503906e-01
1.939091682434082031e-01
1.937305927276611328e-01
1.931128501892089844e-01
1.917490959167480469e-01
1.933832168579101562e-01
1.989338397979736328e-01
1.735825538635253906e-01
1.768128871917724609e-01
1.938159465789794922e-01
2.061214447021484375e-01
1.963005065917968750e-01
1.955814361572265625e-01
1.927669048309326172e-01
1.949844360351562500e-01
1.988961696624755859e-01
1.916229724884033203e-01
1.948442459106445312e-01
1.992220878601074219e-01
1.953067779541015625e-01
1.956603527069091797e-01
1.972897052764892578e-01
1.939556598663330078e-01
1.955873966217041016e-01
1.943707466125488281e-01
1.968078613281250000e-01
2.005686759948730469e-01
1.946914196014404297e-01
2.380759716033935547e-01
1.960451602935791016e-01
2.044231891632080078e-01
2.000563144683837891e-01
1.781682968139648438e-01
1.972656250000000000e-01
1.969041824340820312e-01
1.962344646453857422e-01
2.010049819946289062e-01
1.995379924774169922e-01
1.965417861938476562e-01
1.960918903350830078e-01
1.987848281860351562e-01
1.942906379699707031e-01
1.968357563018798828e-01
1.927111148834228516e-01
1.960966587066650391e-01
1.973361968994140625e-01
1.960875988006591797e-01
1.954288482666015625e-01
1.940686702728271484e-01
1.940429210662841797e-01
1.941456794738769531e-01
2.006998062133789062e-01
1.958723068237304688e-01
1.940219402313232422e-01
1.978194713592529297e-01
1.945588588714599609e-01
1.939764022827148438e-01
1.929342746734619141e-01
1.944119930267333984e-01
1.927173137664794922e-01
1.947796344757080078e-01
1.941170692443847656e-01
1.958694458007812500e-01
1.955118179321289062e-01
1.949582099914550781e-01
2.734229564666748047e-01
1.999099254608154297e-01
1.949126720428466797e-01
1.947400569915771484e-01
1.937053203582763672e-01
1.947674751281738281e-01
1.939465999603271484e-01
1.996400356292724609e-01
1.940462589263916016e-01
1.947634220123291016e-01
1.950628757476806641e-01
1.934916973114013672e-01
1.902968883514404297e-01
1.930723190307617188e-01
1.920258998870849609e-01
1.924655437469482422e-01
1.969578266143798828e-01
1.924388408660888672e-01
1.930692195892333984e-01
1.945161819458007812e-01
1.938903331756591797e-01
1.939072608947753906e-01
1.951920986175537109e-01
1.942796707153320312e-01
1.997034549713134766e-01
1.957910060882568359e-01
1.949586868286132812e-01
1.952147483825683594e-01
1.931540966033935547e-01
1.952981948852539062e-01
1.944780349731445312e-01
1.958642005920410156e-01
1.983029842376708984e-01
1.948266029357910156e-01
1.956784725189208984e-01
1.985402107238769531e-01
1.946370601654052734e-01
2.791545391082763672e-01
2.025735378265380859e-01
1.958916187286376953e-01
2.041950225830078125e-01
1.965534687042236328e-01
1.953988075256347656e-01
1.798431873321533203e-01
2.060320377349853516e-01
1.951451301574707031e-01
1.967949867248535156e-01
2.003319263458251953e-01
1.971795558929443359e-01
1.976203918457031250e-01
2.061245441436767578e-01
2.054531574249267578e-01
1.948857307434082031e-01
2.107794284820556641e-01
2.021491527557373047e-01
1.965920925140380859e-01
2.063179016113281250e-01
1.949501037597656250e-01
1.971595287322998047e-01
1.971216201782226562e-01
1.974248886108398438e-01
2.017657756805419922e-01
1.977345943450927734e-01
1.997282505035400391e-01
1.978430747985839844e-01
1.966056823730468750e-01
2.043740749359130859e-01
1.975059509277343750e-01
1.988613605499267578e-01
2.082889080047607422e-01
1.988506317138671875e-01
1.951661109924316406e-01
1.953222751617431641e-01
1.969289779663085938e-01
1.966409683227539062e-01
2.033815383911132812e-01
1.983036994934082031e-01
1.954822540283203125e-01
1.972718238830566406e-01
1.972205638885498047e-01
1.978623867034912109e-01
2.070801258087158203e-01
1.975679397583007812e-01
1.960117816925048828e-01
1.933720111846923828e-01
1.968290805816650391e-01
2.021775245666503906e-01
1.986415386199951172e-01
1.948957443237304688e-01
1.967530250549316406e-01
1.963748931884765625e-01
1.983847618103027344e-01
1.952803134918212891e-01
1.947193145751953125e-01
2.029182910919189453e-01
2.006123065948486328e-01
1.952981948852539062e-01
1.955857276916503906e-01
2.077775001525878906e-01
2.041292190551757812e-01
1.945335865020751953e-01
1.949725151062011719e-01
1.928803920745849609e-01
1.941630840301513672e-01
1.930327415466308594e-01
1.984620094299316406e-01
1.947901248931884766e-01
1.963553428649902344e-01
1.926600933074951172e-01
1.945743560791015625e-01
1.952731609344482422e-01
1.940922737121582031e-01
1.951863765716552734e-01
1.946406364440917969e-01
1.996960639953613281e-01
1.970870494842529297e-01
1.945471763610839844e-01
1.941835880279541016e-01
1.961264610290527344e-01
1.918268203735351562e-01
2.084417343139648438e-01
2.008187770843505859e-01
1.949939727783203125e-01
