3.408110618591308594e+00
1.853889703750610352e+00
1.849294900894165039e+00
1.859318494796752930e+00
1.860398769378662109e+00
1.856792688369750977e+00
1.856055498123168945e+00
1.867971658706665039e+00
1.865829706192016602e+00
1.870015382766723633e+00
1.866799354553222656e+00
1.871895313262939453e+00
1.868578433990478516e+00
1.869680643081665039e+00
1.870249509811401367e+00
1.873454332351684570e+00
1.872658491134643555e+00
1.851646184921264648e+00
1.887547969818115234e+00
1.866655349731445312e+00
1.859203338623046875e+00
1.859886646270751953e+00
1.861386299133300781e+00
1.860114336013793945e+00
1.864689111709594727e+00
1.863891124725341797e+00
1.859044075012207031e+00
1.887046813964843750e+00
1.877171516418457031e+00
1.874824523925781250e+00
1.887303352355957031e+00
1.900210618972778320e+00
1.897659063339233398e+00
1.891239643096923828e+00
1.888940572738647461e+00
1.886699199676513672e+00
1.893431901931762695e+00
1.889528751373291016e+00
1.880699157714843750e+00
1.879284381866455078e+00
1.879053592681884766e+00
1.878230571746826172e+00
1.938871383666992188e+00
1.898505449295043945e+00
1.864352226257324219e+00
1.861453056335449219e+00
1.910671234130859375e+00
1.881435155868530273e+00
1.887069940567016602e+00
1.884730339050292969e+00
1.887811183929443359e+00
1.886656761169433594e+00
1.883206129074096680e+00
1.885420322418212891e+00
1.884181976318359375e+00
1.867370843887329102e+00
1.883330583572387695e+00
1.884890794754028320e+00
1.885106801986694336e+00
1.868483066558837891e+00
1.870080709457397461e+00
1.876731157302856445e+00
1.868969917297363281e+00
1.894680976867675781e+00
1.893090486526489258e+00
1.889357328414916992e+00
1.888344049453735352e+00
1.891495466232299805e+00
1.890770435333251953e+00
1.893066644668579102e+00
1.893253803253173828e+00
1.897081613540649414e+00
1.875024557113647461e+00
1.902028560638427734e+00
1.891820192337036133e+00
1.892799377441406250e+00
1.892557859420776367e+00
1.893162012100219727e+00
1.894036293029785156e+00
1.886134624481201172e+00
1.875188827514648438e+00
1.877549648284912109e+00
1.885417938232421875e+00
1.880676269531250000e+00
1.877967357635498047e+00
1.877375364303588867e+00
1.906433343887329102e+00
1.890689849853515625e+00
1.899824857711791992e+00
1.896805763244628906e+00
1.895673513412475586e+00
1.889652013778686523e+00
1.876479864120483398e+00
1.887134790420532227e+00
1.896409273147583008e+00
1.898476600646972656e+00
1.909912109375000000e+00
1.897572994232177734e+00
1.900054454803466797e+00
1.899558067321777344e+00
1.899989128112792969e+00
1.900821447372436523e+00
1.911854982376098633e+00
1.928627967834472656e+00
1.889403343200683594e+00
1.883752107620239258e+00
1.887996912002563477e+00
1.880856275558471680e+00
1.883803844451904297e+00
1.893707752227783203e+00
1.885056495666503906e+00
1.887055635452270508e+00
1.889292955398559570e+00
1.887080669403076172e+00
1.888104915618896484e+00
1.890531301498413086e+00
1.887807846069335938e+00
1.933097362518310547e+00
1.907550811767578125e+00
1.893840551376342773e+00
1.888916969299316406e+00
1.887713909149169922e+00
1.887061834335327148e+00
1.889353036880493164e+00
1.891186237335205078e+00
1.886638402938842773e+00
1.888497591018676758e+00
1.916517257690429688e+00
1.889864683151245117e+00
1.892041444778442383e+00
1.891525745391845703e+00
1.901953458786010742e+00
1.902269363403320312e+00
1.894201040267944336e+00
1.889304399490356445e+00
1.891578435897827148e+00
1.901701450347900391e+00
1.897618055343627930e+00
1.910742998123168945e+00
1.920925617218017578e+00
1.921564102172851562e+00
1.914939880371093750e+00
1.909154653549194336e+00
1.896347284317016602e+00
1.895660400390625000e+00
1.901782989501953125e+00
1.898349523544311523e+00
1.923351287841796875e+00
1.903318166732788086e+00
1.896075725555419922e+00
1.897617816925048828e+00
1.902857303619384766e+00
1.921252965927124023e+00
1.921025037765502930e+00
1.920670270919799805e+00
1.913218259811401367e+00
1.920155763626098633e+00
1.911807537078857422e+00
1.919458150863647461e+00
1.915391206741333008e+00
1.921369075775146484e+00
1.917173862457275391e+00
1.908646583557128906e+00
1.942313432693481445e+00
1.930116176605224609e+00
1.891378402709960938e+00
1.888104438781738281e+00
1.893282651901245117e+00
1.889832258224487305e+00
1.889188766479492188e+00
1.885633468627929688e+00
1.889268159866333008e+00
1.889914274215698242e+00
1.888484716415405273e+00
1.891489744186401367e+00
1.888355493545532227e+00
1.904102563858032227e+00
1.893897294998168945e+00
1.890410900115966797e+00
1.886757373809814453e+00
1.887269020080566406e+00
1.886994123458862305e+00
1.885804414749145508e+00
1.897545576095581055e+00
1.895135164260864258e+00
1.896060705184936523e+00
1.897017002105712891e+00
1.907214403152465820e+00
1.911528587341308594e+00
1.922881126403808594e+00
1.913352966308593750e+00
1.909070730209350586e+00
1.902919769287109375e+00
1.898570299148559570e+00
1.886859655380249023e+00
1.916484117507934570e+00
1.891776323318481445e+00
1.892742633819580078e+00
1.906670570373535156e+00
1.896142005920410156e+00
