1.975562572479248047e-01
1.967186927795410156e-01
1.970627307891845703e-01
1.952502727508544922e-01
1.932115554809570312e-01
1.925837993621826172e-01
1.929898262023925781e-01
1.927828788757324219e-01
1.925010681152343750e-01
1.921732425689697266e-01
1.905810832977294922e-01
1.929099559783935547e-01
2.688198089599609375e-01
1.939170360565185547e-01
1.937243938446044922e-01
1.931059360504150391e-01
1.917359828948974609e-01
1.933720111846923828e-01
1.989419460296630859e-01
1.735842227935791016e-01
1.768050193786621094e-01
1.938152313232421875e-01
2.061266899108886719e-01
1.963047981262207031e-01
1.955819129943847656e-01
1.927773952484130859e-01
1.949715614318847656e-01
1.988918781280517578e-01
1.916224956512451172e-01
1.948509216308593750e-01
1.992549896240234375e-01
1.953208446502685547e-01
1.956539154052734375e-01
1.972875595092773438e-01
1.939508914947509766e-01
1.955788135528564453e-01
1.943724155426025391e-01
1.968183517456054688e-01
2.005689144134521484e-01
1.947109699249267578e-01
2.345616817474365234e-01
1.960604190826416016e-01
2.044458389282226562e-01
2.000658512115478516e-01
1.781744956970214844e-01
1.972737312316894531e-01
1.969089508056640625e-01
1.962530612945556641e-01
2.010161876678466797e-01
1.995437145233154297e-01
1.965494155883789062e-01
1.961088180541992188e-01
1.987924575805664062e-01
1.943008899688720703e-01
1.968352794647216797e-01
1.927199363708496094e-01
1.961174011230468750e-01
1.973452568054199219e-01
1.960949897766113281e-01
1.954386234283447266e-01
1.940677165985107422e-01
1.940448284149169922e-01
1.941337585449218750e-01
2.007021903991699219e-01
1.958677768707275391e-01
1.940190792083740234e-01
1.978209018707275391e-01
1.945557594299316406e-01
1.939775943756103516e-01
1.929361820220947266e-01
1.944069862365722656e-01
1.927187442779541016e-01
1.947739124298095703e-01
1.941154003143310547e-01
1.958699226379394531e-01
1.954920291900634766e-01
1.949579715728759766e-01
2.734155654907226562e-01
1.999022960662841797e-01
1.949160099029541016e-01
1.947386264801025391e-01
1.937048435211181641e-01
1.947724819183349609e-01
1.939404010772705078e-01
1.996412277221679688e-01
1.940402984619140625e-01
1.947660446166992188e-01
1.950604915618896484e-01
1.934735774993896484e-01
1.902952194213867188e-01
1.930677890777587891e-01
1.920287609100341797e-01
1.924560070037841797e-01
1.969511508941650391e-01
1.924464702606201172e-01
1.930577754974365234e-01
1.942484378814697266e-01
1.938886642456054688e-01
1.938993930816650391e-01
1.951928138732910156e-01
1.942739486694335938e-01
1.997022628784179688e-01
1.957833766937255859e-01
1.949596405029296875e-01
1.952052116394042969e-01
1.931478977203369141e-01
1.952846050262451172e-01
1.944727897644042969e-01
1.958692073822021484e-01
1.982934474945068359e-01
1.948285102844238281e-01
1.956768035888671875e-01
1.985399723052978516e-01
1.946370601654052734e-01
2.791547775268554688e-01
2.025845050811767578e-01
1.959002017974853516e-01
2.041981220245361328e-01
1.965582370758056641e-01
1.954076290130615234e-01
1.798610687255859375e-01
2.060403823852539062e-01
1.951544284820556641e-01
1.968011856079101562e-01
2.003312110900878906e-01
1.971771717071533203e-01
1.976289749145507812e-01
2.061367034912109375e-01
2.054548263549804688e-01
1.948821544647216797e-01
2.107901573181152344e-01
2.021574974060058594e-01
1.965935230255126953e-01
2.063190937042236328e-01
1.949484348297119141e-01
1.971600055694580078e-01
1.971025466918945312e-01
1.974172592163085938e-01
2.017493247985839844e-01
1.977567672729492188e-01
1.997396945953369141e-01
1.978414058685302734e-01
1.965975761413574219e-01
2.043826580047607422e-01
1.975145339965820312e-01
1.988685131072998047e-01
2.082922458648681641e-01
1.988437175750732422e-01
1.951770782470703125e-01
1.953289508819580078e-01
1.969208717346191406e-01
1.966409683227539062e-01
2.033710479736328125e-01
1.982882022857666016e-01
1.954791545867919922e-01
1.972634792327880859e-01
1.972157955169677734e-01
1.978518962860107422e-01
2.070891857147216797e-01
1.975557804107666016e-01
1.960122585296630859e-01
1.933670043945312500e-01
1.968209743499755859e-01
2.021877765655517578e-01
1.986413002014160156e-01
1.948847770690917969e-01
1.967546939849853516e-01
1.963694095611572266e-01
1.983802318572998047e-01
1.952831745147705078e-01
1.947262287139892578e-01
2.029244899749755859e-01
2.006168365478515625e-01
1.953001022338867188e-01
1.955740451812744141e-01
2.077748775482177734e-01
2.041280269622802734e-01
1.945283412933349609e-01
1.949720382690429688e-01
1.928882598876953125e-01
1.941590309143066406e-01
1.930418014526367188e-01
1.984810829162597656e-01
1.947796344757080078e-01
1.963486671447753906e-01
1.926600933074951172e-01
1.945576667785644531e-01
1.952683925628662109e-01
1.940917968750000000e-01
1.951847076416015625e-01
1.946523189544677734e-01
1.996893882751464844e-01
1.970798969268798828e-01
1.945395469665527344e-01
1.941945552825927734e-01
1.961264610290527344e-01
1.918249130249023438e-01
2.084412574768066406e-01
2.008256912231445312e-01
1.949863433837890625e-01
