7.479431629180908203e-01
7.079138755798339844e-01
7.329404354095458984e-01
7.862124443054199219e-01
6.939468383789062500e-01
7.035982608795166016e-01
7.050626277923583984e-01
6.946954727172851562e-01
7.092909812927246094e-01
8.008713722229003906e-01
6.841623783111572266e-01
6.885144710540771484e-01
6.911125183105468750e-01
6.892700195312500000e-01
6.850061416625976562e-01
7.274000644683837891e-01
6.923513412475585938e-01
6.941788196563720703e-01
7.059745788574218750e-01
6.956598758697509766e-01
6.864871978759765625e-01
6.998896598815917969e-01
7.049174308776855469e-01
6.933608055114746094e-01
7.311611175537109375e-01
6.940486431121826172e-01
6.935439109802246094e-01
6.975119113922119141e-01
6.878097057342529297e-01
6.927599906921386719e-01
7.827057838439941406e-01
6.948373317718505859e-01
6.946117877960205078e-01
7.276301383972167969e-01
6.853442192077636719e-01
6.974155902862548828e-01
6.913616657257080078e-01
6.873574256896972656e-01
6.926243305206298828e-01
6.849412918090820312e-01
7.004408836364746094e-01
6.914856433868408203e-01
7.217507362365722656e-01
6.883544921875000000e-01
6.902706623077392578e-01
6.928155422210693359e-01
6.922028064727783203e-01
6.892476081848144531e-01
6.864593029022216797e-01
6.926057338714599609e-01
6.927344799041748047e-01
7.012739181518554688e-01
6.962537765502929688e-01
6.847603321075439453e-01
6.926510334014892578e-01
6.877813339233398438e-01
6.876153945922851562e-01
7.898740768432617188e-01
6.961686611175537109e-01
6.896865367889404297e-01
7.056994438171386719e-01
6.884975433349609375e-01
6.922857761383056641e-01
6.949839591979980469e-01
6.859457492828369141e-01
6.955316066741943359e-01
6.964740753173828125e-01
6.925439834594726562e-01
7.924160957336425781e-01
7.023551464080810547e-01
6.866154670715332031e-01
6.918387413024902344e-01
6.920166015625000000e-01
6.861317157745361328e-01
6.954467296600341797e-01
6.998558044433593750e-01
6.939597129821777344e-01
6.848280429840087891e-01
8.142564296722412109e-01
6.909904479980468750e-01
6.972923278808593750e-01
6.830608844757080078e-01
6.918025016784667969e-01
6.867160797119140625e-01
6.947305202484130859e-01
6.932761669158935547e-01
6.893103122711181641e-01
7.275393009185791016e-01
7.815186977386474609e-01
6.957972049713134766e-01
6.892950534820556641e-01
6.919007301330566406e-01
6.865108013153076172e-01
6.925568580627441406e-01
6.850547790527343750e-01
6.891839504241943359e-01
7.108676433563232422e-01
6.940839290618896484e-01
7.837414741516113281e-01
6.852843761444091797e-01
6.948196887969970703e-01
7.003352642059326172e-01
6.978094577789306641e-01
6.865468025207519531e-01
7.175576686859130859e-01
7.262284755706787109e-01
6.927661895751953125e-01
6.884584426879882812e-01
7.847821712493896484e-01
6.915013790130615234e-01
6.954751014709472656e-01
6.822977066040039062e-01
6.890344619750976562e-01
6.928956508636474609e-01
6.946864128112792969e-01
6.941699981689453125e-01
6.876082420349121094e-01
7.122814655303955078e-01
7.834053039550781250e-01
6.976547241210937500e-01
6.895518302917480469e-01
6.949725151062011719e-01
7.305870056152343750e-01
6.972641944885253906e-01
6.878027915954589844e-01
6.876568794250488281e-01
6.867995262145996094e-01
7.165167331695556641e-01
7.923669815063476562e-01
6.930055618286132812e-01
6.944489479064941406e-01
6.911163330078125000e-01
6.985571384429931641e-01
6.931509971618652344e-01
7.005760669708251953e-01
6.919236183166503906e-01
6.937217712402343750e-01
6.928460597991943359e-01
6.952643394470214844e-01
6.888139247894287109e-01
6.901571750640869141e-01
6.911165714263916016e-01
6.882069110870361328e-01
6.946802139282226562e-01
6.972734928131103516e-01
6.912739276885986328e-01
6.820158958435058594e-01
6.956858634948730469e-01
6.905062198638916016e-01
6.968600749969482422e-01
6.874961853027343750e-01
7.249443531036376953e-01
6.949281692504882812e-01
6.999392509460449219e-01
6.925747394561767578e-01
7.817232608795166016e-01
7.223324775695800781e-01
6.926722526550292969e-01
6.934194564819335938e-01
6.912627220153808594e-01
6.924207210540771484e-01
6.950552463531494141e-01
7.014360427856445312e-01
6.887416839599609375e-01
6.871306896209716797e-01
6.939947605133056641e-01
6.942338943481445312e-01
7.908511161804199219e-01
6.821200847625732422e-01
6.889293193817138672e-01
6.942412853240966797e-01
6.944591999053955078e-01
6.910474300384521484e-01
6.924664974212646484e-01
6.918809413909912109e-01
6.979367733001708984e-01
6.983847618103027344e-01
6.932997703552246094e-01
6.839435100555419922e-01
6.952538490295410156e-01
6.936678886413574219e-01
6.897804737091064453e-01
6.963093280792236328e-01
6.926708221435546875e-01
7.867684364318847656e-01
7.233419418334960938e-01
6.986763477325439453e-01
6.920647621154785156e-01
6.808972358703613281e-01
7.910690307617187500e-01
7.146100997924804688e-01
6.904449462890625000e-01
6.910378932952880859e-01
6.955974102020263672e-01
6.860778331756591797e-01
7.880191802978515625e-01
6.902828216552734375e-01
6.924917697906494141e-01
6.927502155303955078e-01
6.890637874603271484e-01
