2.038388252258300781e+00
3.936631679534912109e-01
3.889496326446533203e-01
3.830208778381347656e-01
3.871707916259765625e-01
3.962235450744628906e-01
3.943126201629638672e-01
3.889136314392089844e-01
3.871774673461914062e-01
3.905324935913085938e-01
3.961989879608154297e-01
3.911111354827880859e-01
3.892650604248046875e-01
3.863751888275146484e-01
3.988649845123291016e-01
3.946604728698730469e-01
3.896574974060058594e-01
3.880074024200439453e-01
3.936572074890136719e-01
4.026267528533935547e-01
3.942446708679199219e-01
3.876514434814453125e-01
3.909883499145507812e-01
3.971927165985107422e-01
3.969733715057373047e-01
3.899636268615722656e-01
3.886811733245849609e-01
3.966686725616455078e-01
4.016308784484863281e-01
3.943419456481933594e-01
3.885352611541748047e-01
3.907594680786132812e-01
4.015202522277832031e-01
3.963928222656250000e-01
3.917810916900634766e-01
3.919599056243896484e-01
3.967959880828857422e-01
4.016408920288085938e-01
3.934688568115234375e-01
3.898673057556152344e-01
3.882534503936767578e-01
4.038672447204589844e-01
3.952383995056152344e-01
3.899176120758056641e-01
3.892202377319335938e-01
3.989229202270507812e-01
3.994855880737304688e-01
3.961329460144042969e-01
3.869538307189941406e-01
3.901371955871582031e-01
4.054098129272460938e-01
3.961372375488281250e-01
3.898720741271972656e-01
3.910386562347412109e-01
4.008445739746093750e-01
4.001255035400390625e-01
3.911268711090087891e-01
3.871612548828125000e-01
3.907620906829833984e-01
4.091758728027343750e-01
3.943297863006591797e-01
3.904907703399658203e-01
3.920876979827880859e-01
4.011344909667968750e-01
4.010026454925537109e-01
3.928370475769042969e-01
3.896701335906982422e-01
3.933508396148681641e-01
4.032819271087646484e-01
3.968780040740966797e-01
3.922543525695800781e-01
3.912122249603271484e-01
4.024589061737060547e-01
4.029157161712646484e-01
3.936038017272949219e-01
3.919832706451416016e-01
3.928055763244628906e-01
4.032216072082519531e-01
3.951902389526367188e-01
3.925583362579345703e-01
3.939127922058105469e-01
3.983840942382812500e-01
4.032316207885742188e-01
3.989500999450683594e-01
3.912587165832519531e-01
3.918471336364746094e-01
4.027144908905029297e-01
3.986792564392089844e-01
3.957364559173583984e-01
3.919122219085693359e-01
3.962352275848388672e-01
4.022870063781738281e-01
3.972444534301757812e-01
3.914396762847900391e-01
3.924882411956787109e-01
4.031999111175537109e-01
4.006462097167968750e-01
3.940668106079101562e-01
3.915708065032958984e-01
3.933250904083251953e-01
4.051330089569091797e-01
3.989057540893554688e-01
3.971605300903320312e-01
3.965132236480712891e-01
4.111797809600830078e-01
4.167423248291015625e-01
4.034397602081298828e-01
3.957111835479736328e-01
3.961334228515625000e-01
3.923346996307373047e-01
3.931379318237304688e-01
4.055781364440917969e-01
3.979396820068359375e-01
3.949036598205566406e-01
3.923866748809814453e-01
3.958373069763183594e-01
4.027316570281982422e-01
3.980922698974609375e-01
3.967487812042236328e-01
3.936691284179687500e-01
3.953771591186523438e-01
4.063374996185302734e-01
3.985385894775390625e-01
3.971395492553710938e-01
3.965733051300048828e-01
3.969559669494628906e-01
4.062724113464355469e-01
4.005377292633056641e-01
3.963131904602050781e-01
3.971295356750488281e-01
4.007251262664794922e-01
4.065721035003662109e-01
4.013292789459228516e-01
3.962109088897705078e-01
4.022495746612548828e-01
4.099156856536865234e-01
4.091174602508544922e-01
3.989911079406738281e-01
3.973402976989746094e-01
3.969588279724121094e-01
4.082727432250976562e-01
4.069321155548095703e-01
3.991062641143798828e-01
3.939905166625976562e-01
3.977022171020507812e-01
4.075262546539306641e-01
3.998568058013916016e-01
3.959589004516601562e-01
3.951938152313232422e-01
3.983886241912841797e-01
4.105596542358398438e-01
4.038271903991699219e-01
3.980271816253662109e-01
3.982183933258056641e-01
3.974108695983886719e-01
4.075479507446289062e-01
4.013600349426269531e-01
3.960866928100585938e-01
3.987374305725097656e-01
4.002926349639892578e-01
4.086124897003173828e-01
4.014232158660888672e-01
3.987126350402832031e-01
3.981235027313232422e-01
4.063920974731445312e-01
4.095931053161621094e-01
3.997662067413330078e-01
3.979172706604003906e-01
3.987860679626464844e-01
4.056606292724609375e-01
4.086852073669433594e-01
4.054148197174072266e-01
3.979802131652832031e-01
3.979384899139404297e-01
4.066827297210693359e-01
4.035754203796386719e-01
4.025261402130126953e-01
3.982987403869628906e-01
3.998305797576904297e-01
4.072999954223632812e-01
4.023413658142089844e-01
4.014368057250976562e-01
3.968393802642822266e-01
3.975512981414794922e-01
4.122154712677001953e-01
4.030783176422119141e-01
4.004752635955810547e-01
3.982830047607421875e-01
3.983325958251953125e-01
4.118878841400146484e-01
4.024381637573242188e-01
3.964798450469970703e-01
3.969643115997314453e-01
4.048383235931396484e-01
4.091508388519287109e-01
4.038460254669189453e-01
3.980069160461425781e-01
3.998374938964843750e-01
4.066517353057861328e-01
4.072272777557373047e-01
