7.479488849639892578e-01
7.079243659973144531e-01
7.329475879669189453e-01
7.862157821655273438e-01
6.939532756805419922e-01
7.036049365997314453e-01
7.050659656524658203e-01
6.947040557861328125e-01
7.092969417572021484e-01
8.008747100830078125e-01
6.841695308685302734e-01
6.885201930999755859e-01
6.911191940307617188e-01
6.892776489257812500e-01
6.850202083587646484e-01
7.274043560028076172e-01
6.923632621765136719e-01
6.941876411437988281e-01
7.059905529022216797e-01
6.956663131713867188e-01
6.864948272705078125e-01
6.999070644378662109e-01
7.049324512481689453e-01
6.933681964874267578e-01
7.311694622039794922e-01
6.940546035766601562e-01
6.935474872589111328e-01
6.975224018096923828e-01
6.878201961517333984e-01
6.927683353424072266e-01
7.827167510986328125e-01
6.948468685150146484e-01
6.946187019348144531e-01
7.276349067687988281e-01
6.853508949279785156e-01
6.974272727966308594e-01
6.913721561431884766e-01
6.873669624328613281e-01
6.926345825195312500e-01
6.849482059478759766e-01
7.004489898681640625e-01
6.914975643157958984e-01
7.217659950256347656e-01
6.883609294891357422e-01
6.902823448181152344e-01
6.928224563598632812e-01
6.922121047973632812e-01
6.892497539520263672e-01
6.864686012268066406e-01
6.926128864288330078e-01
6.927425861358642578e-01
7.012827396392822266e-01
6.962761878967285156e-01
6.847698688507080078e-01
6.926572322845458984e-01
6.877841949462890625e-01
6.876204013824462891e-01
7.898793220520019531e-01
6.961772441864013672e-01
6.896970272064208984e-01
7.057042121887207031e-01
6.885066032409667969e-01
6.922941207885742188e-01
6.949937343597412109e-01
6.859545707702636719e-01
6.955344676971435547e-01
6.964831352233886719e-01
6.925506591796875000e-01
7.924230098724365234e-01
7.023649215698242188e-01
6.866269111633300781e-01
6.918487548828125000e-01
6.920208930969238281e-01
6.861414909362792969e-01
6.954522132873535156e-01
6.998598575592041016e-01
6.939656734466552734e-01
6.848320960998535156e-01
8.142602443695068359e-01
6.909990310668945312e-01
6.973011493682861328e-01
6.830656528472900391e-01
6.918065547943115234e-01
6.867198944091796875e-01
6.947405338287353516e-01
6.932804584503173828e-01
6.893186569213867188e-01
7.275443077087402344e-01
7.815213203430175781e-01
6.958069801330566406e-01
6.893045902252197266e-01
6.919062137603759766e-01
6.865165233612060547e-01
6.925613880157470703e-01
6.850628852844238281e-01
6.891903877258300781e-01
7.108767032623291016e-01
6.940920352935791016e-01
7.837409973144531250e-01
6.852934360504150391e-01
6.948287487030029297e-01
7.003414630889892578e-01
6.978187561035156250e-01
6.865563392639160156e-01
7.175686359405517578e-01
7.262344360351562500e-01
6.927742958068847656e-01
6.884739398956298828e-01
7.847905158996582031e-01
6.915113925933837891e-01
6.954851150512695312e-01
6.823053359985351562e-01
6.890482902526855469e-01
6.928966045379638672e-01
6.946964263916015625e-01
6.941733360290527344e-01
6.876146793365478516e-01
7.122898101806640625e-01
7.834110260009765625e-01
6.976931095123291016e-01
6.895611286163330078e-01
6.949777603149414062e-01
7.305920124053955078e-01
6.972701549530029297e-01
6.878101825714111328e-01
6.876649856567382812e-01
6.868097782135009766e-01
7.165260314941406250e-01
7.923834323883056641e-01
6.930139064788818359e-01
6.944582462310791016e-01
6.911211013793945312e-01
6.985650062561035156e-01
6.931595802307128906e-01
7.005841732025146484e-01
6.919291019439697266e-01
6.937193870544433594e-01
6.928546428680419922e-01
6.952693462371826172e-01
6.888210773468017578e-01
6.901643276214599609e-01
6.911237239837646484e-01
6.882116794586181641e-01
6.946880817413330078e-01
6.972811222076416016e-01
6.912846565246582031e-01
6.820225715637207031e-01
6.956887245178222656e-01
6.905145645141601562e-01
6.968715190887451172e-01
6.875069141387939453e-01
7.249522209167480469e-01
6.949367523193359375e-01
6.999492645263671875e-01
6.925811767578125000e-01
7.817289829254150391e-01
7.223401069641113281e-01
6.926820278167724609e-01
6.934242248535156250e-01
6.912708282470703125e-01
6.924273967742919922e-01
6.950640678405761719e-01
7.014424800872802734e-01
6.887478828430175781e-01
6.871328353881835938e-01
6.940045356750488281e-01
6.942389011383056641e-01
7.908625602722167969e-01
6.821279525756835938e-01
6.889338493347167969e-01
6.942460536956787109e-01
6.944656372070312500e-01
6.910567283630371094e-01
6.924753189086914062e-01
6.918883323669433594e-01
6.979434490203857422e-01
6.983945369720458984e-01
6.933081150054931641e-01
6.839516162872314453e-01
6.952645778656005859e-01
6.936776638031005859e-01
6.897916793823242188e-01
6.963176727294921875e-01
6.926822662353515625e-01
7.867755889892578125e-01
7.233524322509765625e-01
6.986885070800781250e-01
6.920719146728515625e-01
6.809074878692626953e-01
7.910780906677246094e-01
7.146174907684326172e-01
6.904554367065429688e-01
6.910464763641357422e-01
6.956040859222412109e-01
6.860821247100830078e-01
7.880289554595947266e-01
6.902954578399658203e-01
6.924993991851806641e-01
6.927843093872070312e-01
6.890697479248046875e-01
