1.990953683853149414e+00
3.927524089813232422e-01
3.889706134796142578e-01
3.831791877746582031e-01
3.865575790405273438e-01
3.923537731170654297e-01
3.902423381805419922e-01
3.853085041046142578e-01
3.849849700927734375e-01
3.858873844146728516e-01
3.953373432159423828e-01
3.894317150115966797e-01
3.870325088500976562e-01
3.869524002075195312e-01
3.945059776306152344e-01
3.894069194793701172e-01
3.878581523895263672e-01
3.879551887512207031e-01
3.922286033630371094e-01
3.985483646392822266e-01
3.907604217529296875e-01
3.842318058013916016e-01
3.889462947845458984e-01
3.969247341156005859e-01
3.917284011840820312e-01
3.890666961669921875e-01
3.884305953979492188e-01
3.945863246917724609e-01
3.996703624725341797e-01
3.913283348083496094e-01
3.862977027893066406e-01
3.905522823333740234e-01
3.966183662414550781e-01
3.940060138702392578e-01
3.888430595397949219e-01
3.863346576690673828e-01
3.923647403717041016e-01
3.996365070343017578e-01
3.904380798339843750e-01
3.867216110229492188e-01
3.896749019622802734e-01
3.970723152160644531e-01
3.950884342193603516e-01
3.890650272369384766e-01
3.907144069671630859e-01
3.979310989379882812e-01
3.999614715576171875e-01
3.935341835021972656e-01
3.878450393676757812e-01
3.902804851531982422e-01
4.012777805328369141e-01
3.942975997924804688e-01
3.897762298583984375e-01
3.897006511688232422e-01
4.004507064819335938e-01
3.980555534362792969e-01
3.913948535919189453e-01
3.896198272705078125e-01
3.895173072814941406e-01
3.984799385070800781e-01
3.936402797698974609e-01
3.909575939178466797e-01
3.913700580596923828e-01
3.997592926025390625e-01
3.977777957916259766e-01
3.911573886871337891e-01
3.881735801696777344e-01
3.903200626373291016e-01
3.986589908599853516e-01
3.933117389678955078e-01
3.911101818084716797e-01
3.933463096618652344e-01
4.004344940185546875e-01
3.999979496002197266e-01
3.947987556457519531e-01
3.906466960906982422e-01
3.915927410125732422e-01
3.989043235778808594e-01
3.953607082366943359e-01
3.932433128356933594e-01
3.912146091461181641e-01
3.961362838745117188e-01
4.008641242980957031e-01
3.933634757995605469e-01
3.913328647613525391e-01
3.919456005096435547e-01
3.998887538909912109e-01
3.969550132751464844e-01
3.930544853210449219e-01
3.950529098510742188e-01
3.969435691833496094e-01
4.013812541961669922e-01
3.966257572174072266e-01
3.927686214447021484e-01
3.948743343353271484e-01
4.011685848236083984e-01
3.974347114562988281e-01
3.948402404785156250e-01
3.921725749969482422e-01
3.923263549804687500e-01
4.057319164276123047e-01
3.962650299072265625e-01
3.946566581726074219e-01
4.029159545898437500e-01
4.013917446136474609e-01
4.104704856872558594e-01
4.038264751434326172e-01
3.965563774108886719e-01
3.955426216125488281e-01
3.923702239990234375e-01
3.941028118133544922e-01
4.036390781402587891e-01
3.979690074920654297e-01
3.957524299621582031e-01
3.946926593780517578e-01
3.968248367309570312e-01
4.051809310913085938e-01
3.964099884033203125e-01
3.967037200927734375e-01
3.945703506469726562e-01
3.952910900115966797e-01
4.037880897521972656e-01
3.979711532592773438e-01
3.957827091217041016e-01
3.930201530456542969e-01
3.935315608978271484e-01
4.035847187042236328e-01
3.984694480895996094e-01
3.939805030822753906e-01
3.930227756500244141e-01
4.040756225585937500e-01
4.079995155334472656e-01
4.042754173278808594e-01
3.968288898468017578e-01
4.116609096527099609e-01
4.090340137481689453e-01
4.094865322113037109e-01
3.997323513031005859e-01
3.970360755920410156e-01
3.976528644561767578e-01
4.051542282104492188e-01
4.038519859313964844e-01
3.988041877746582031e-01
3.948345184326171875e-01
4.048650264739990234e-01
4.036400318145751953e-01
3.984122276306152344e-01
3.984885215759277344e-01
4.035208225250244141e-01
3.977978229522705078e-01
4.090549945831298828e-01
4.010882377624511719e-01
3.964762687683105469e-01
4.012167453765869141e-01
3.987693786621093750e-01
4.049251079559326172e-01
3.984749317169189453e-01
3.979194164276123047e-01
4.034771919250488281e-01
4.026477336883544922e-01
4.067716598510742188e-01
4.066333770751953125e-01
3.965215682983398438e-01
3.985831737518310547e-01
4.036645889282226562e-01
4.058499336242675781e-01
4.008419513702392578e-01
3.956158161163330078e-01
3.990516662597656250e-01
4.047300815582275391e-01
4.036626815795898438e-01
4.009940624237060547e-01
3.955831527709960938e-01
3.980743885040283203e-01
4.045932292938232422e-01
4.006748199462890625e-01
3.985588550567626953e-01
3.956458568572998047e-01
3.982424736022949219e-01
4.041287899017333984e-01
4.016723632812500000e-01
3.977410793304443359e-01
3.962049484252929688e-01
3.968222141265869141e-01
4.060640335083007812e-01
4.008002281188964844e-01
3.966724872589111328e-01
3.968100547790527344e-01
3.980197906494140625e-01
4.068422317504882812e-01
4.026288986206054688e-01
3.953042030334472656e-01
3.973429203033447266e-01
4.025752544403076172e-01
4.088292121887207031e-01
4.002065658569335938e-01
3.968989849090576172e-01
3.981649875640869141e-01
4.053349494934082031e-01
4.062767028808593750e-01
