1.975262641906738281e+00
3.905797004699707031e-01
3.880908489227294922e-01
3.832933902740478516e-01
3.869893550872802734e-01
3.936095237731933594e-01
3.918929100036621094e-01
3.892443180084228516e-01
3.861320018768310547e-01
3.867828845977783203e-01
3.987154960632324219e-01
3.893148899078369141e-01
3.854885101318359375e-01
3.858084678649902344e-01
3.976185321807861328e-01
3.933429718017578125e-01
3.868176937103271484e-01
3.871362209320068359e-01
3.912200927734375000e-01
3.985395431518554688e-01
3.937149047851562500e-01
3.876521587371826172e-01
3.867607116699218750e-01
3.967659473419189453e-01
3.945767879486083984e-01
3.896214962005615234e-01
3.887686729431152344e-01
3.942744731903076172e-01
4.030489921569824219e-01
3.933849334716796875e-01
3.862264156341552734e-01
3.894379138946533203e-01
4.016172885894775391e-01
3.909082412719726562e-01
3.898341655731201172e-01
3.906197547912597656e-01
3.935351371765136719e-01
4.026379585266113281e-01
3.928847312927246094e-01
3.892772197723388672e-01
3.885478973388671875e-01
3.978743553161621094e-01
3.908131122589111328e-01
3.878898620605468750e-01
3.884501457214355469e-01
3.974974155426025391e-01
3.997611999511718750e-01
3.939008712768554688e-01
3.846490383148193359e-01
3.868105411529541016e-01
4.039151668548583984e-01
3.933470249176025391e-01
3.889074325561523438e-01
3.889956474304199219e-01
3.957827091217041016e-01
3.995521068572998047e-01
3.931186199188232422e-01
3.884007930755615234e-01
3.909039497375488281e-01
4.050476551055908203e-01
3.963310718536376953e-01
3.890185356140136719e-01
3.890802860260009766e-01
4.001121520996093750e-01
3.983948230743408203e-01
3.901906013488769531e-01
3.905277252197265625e-01
3.903930187225341797e-01
4.058632850646972656e-01
3.939840793609619141e-01
3.937735557556152344e-01
3.882484436035156250e-01
4.015974998474121094e-01
4.032554626464843750e-01
3.925485610961914062e-01
3.902437686920166016e-01
3.911044597625732422e-01
4.078407287597656250e-01
3.939158916473388672e-01
3.935704231262207031e-01
3.940582275390625000e-01
3.957850933074951172e-01
4.009904861450195312e-01
3.935496807098388672e-01
3.884408473968505859e-01
3.907754421234130859e-01
4.003901481628417969e-01
3.979175090789794922e-01
3.922071456909179688e-01
3.923997879028320312e-01
3.959846496582031250e-01
4.012408256530761719e-01
3.969368934631347656e-01
3.894917964935302734e-01
3.963296413421630859e-01
4.015917778015136719e-01
3.983626365661621094e-01
3.923137187957763672e-01
3.905484676361083984e-01
3.915331363677978516e-01
4.080996513366699219e-01
3.959901332855224609e-01
3.932044506072998047e-01
3.942344188690185547e-01
4.072859287261962891e-01
4.112048149108886719e-01
4.028313159942626953e-01
3.976593017578125000e-01
3.954122066497802734e-01
3.887014389038085938e-01
3.890476226806640625e-01
4.047424793243408203e-01
3.974096775054931641e-01
3.920116424560546875e-01
3.902540206909179688e-01
3.936729431152343750e-01
4.003808498382568359e-01
3.951933383941650391e-01
3.938844203948974609e-01
3.905873298645019531e-01
3.930096626281738281e-01
4.039027690887451172e-01
3.979368209838867188e-01
3.949434757232666016e-01
3.945007324218750000e-01
3.918385505676269531e-01
4.035177230834960938e-01
3.967862129211425781e-01
3.942964076995849609e-01
3.962438106536865234e-01
3.990907669067382812e-01
4.056916236877441406e-01
4.015934467315673828e-01
3.927702903747558594e-01
4.007942676544189453e-01
4.074592590332031250e-01
4.051380157470703125e-01
3.971545696258544922e-01
3.949356079101562500e-01
3.950912952423095703e-01
4.030349254608154297e-01
4.051103591918945312e-01
3.958222866058349609e-01
3.946115970611572266e-01
3.947739601135253906e-01
4.016475677490234375e-01
4.016609191894531250e-01
3.974690437316894531e-01
3.939323425292968750e-01
3.949062824249267578e-01
4.070940017700195312e-01
4.027004241943359375e-01
3.938312530517578125e-01
3.929650783538818359e-01
3.949089050292968750e-01
4.060065746307373047e-01
4.053025245666503906e-01
3.962774276733398438e-01
3.935804367065429688e-01
3.987717628479003906e-01
4.071483612060546875e-01
3.994591236114501953e-01
3.939673900604248047e-01
3.956737518310546875e-01
4.033780097961425781e-01
4.068796634674072266e-01
3.971984386444091797e-01
3.986253738403320312e-01
3.986494541168212891e-01
4.053678512573242188e-01
4.073724746704101562e-01
4.030394554138183594e-01
3.985915184020996094e-01
3.980259895324707031e-01
4.042818546295166016e-01
4.000048637390136719e-01
4.034526348114013672e-01
3.962297439575195312e-01
3.985915184020996094e-01
4.022271633148193359e-01
4.002356529235839844e-01
3.997907638549804688e-01
3.936789035797119141e-01
3.963325023651123047e-01
4.083230495452880859e-01
4.009959697723388672e-01
3.961336612701416016e-01
3.961637020111083984e-01
3.965542316436767578e-01
4.102947711944580078e-01
3.991994857788085938e-01
3.963582515716552734e-01
3.943541049957275391e-01
4.031753540039062500e-01
4.066140651702880859e-01
4.057238101959228516e-01
3.968362808227539062e-01
3.972253799438476562e-01
4.057972431182861328e-01
4.072055816650390625e-01
