2.059196472167968750e+00
3.854467868804931641e-01
3.829915523529052734e-01
3.824465274810791016e-01
3.854930400848388672e-01
3.881318569183349609e-01
3.924610614776611328e-01
3.848321437835693359e-01
3.843190670013427734e-01
3.916642665863037109e-01
3.889911174774169922e-01
3.880388736724853516e-01
3.864524364471435547e-01
3.848748207092285156e-01
3.926014900207519531e-01
3.909213542938232422e-01
3.870828151702880859e-01
3.824563026428222656e-01
3.879857063293457031e-01
3.900120258331298828e-01
3.878035545349121094e-01
3.852739334106445312e-01
3.857884407043457031e-01
3.901493549346923828e-01
3.870825767517089844e-01
3.860557079315185547e-01
3.841173648834228516e-01
3.904070854187011719e-01
3.902940750122070312e-01
3.873128890991210938e-01
3.841638565063476562e-01
3.862299919128417969e-01
3.904409408569335938e-01
3.889648914337158203e-01
3.870220184326171875e-01
3.858790397644042969e-01
3.906652927398681641e-01
3.931891918182373047e-01
3.885211944580078125e-01
3.871810436248779297e-01
3.876445293426513672e-01
4.001891613006591797e-01
3.888671398162841797e-01
3.862347602844238281e-01
3.851759433746337891e-01
3.927340507507324219e-01
3.940744400024414062e-01
3.889915943145751953e-01
3.866872787475585938e-01
3.869702816009521484e-01
3.928852081298828125e-01
3.890120983123779297e-01
3.870351314544677734e-01
3.857495784759521484e-01
3.932733535766601562e-01
3.946337699890136719e-01
3.877277374267578125e-01
3.874349594116210938e-01
3.879420757293701172e-01
3.939478397369384766e-01
3.887820243835449219e-01
3.874599933624267578e-01
3.849732875823974609e-01
3.931815624237060547e-01
3.939597606658935547e-01
3.903462886810302734e-01
3.865025043487548828e-01
3.869998455047607422e-01
3.923506736755371094e-01
3.898801803588867188e-01
3.876528739929199219e-01
3.861100673675537109e-01
3.941681385040283203e-01
3.940970897674560547e-01
3.914597034454345703e-01
3.891105651855468750e-01
3.886935710906982422e-01
3.949925899505615234e-01
3.910975456237792969e-01
3.883106708526611328e-01
3.866484165191650391e-01
3.923165798187255859e-01
3.970458507537841797e-01
3.924610614776611328e-01
3.879652023315429688e-01
3.868136405944824219e-01
3.941359519958496094e-01
3.922643661499023438e-01
3.887243270874023438e-01
3.870449066162109375e-01
3.916862010955810547e-01
3.976783752441406250e-01
3.935606479644775391e-01
3.899066448211669922e-01
3.915245532989501953e-01
3.987784385681152344e-01
3.954801559448242188e-01
3.915700912475585938e-01
3.894364833831787109e-01
3.927741050720214844e-01
3.946540355682373047e-01
3.938195705413818359e-01
4.035680294036865234e-01
3.910713195800781250e-01
3.993380069732666016e-01
4.089891910552978516e-01
3.973855972290039062e-01
3.980488777160644531e-01
3.921849727630615234e-01
3.888049125671386719e-01
3.907506465911865234e-01
3.961732387542724609e-01
3.965907096862792969e-01
3.924019336700439453e-01
3.908603191375732422e-01
3.920137882232666016e-01
3.967216014862060547e-01
3.944466114044189453e-01
3.935985565185546875e-01
3.904993534088134766e-01
3.892636299133300781e-01
4.042894840240478516e-01
3.941488265991210938e-01
3.905825614929199219e-01
3.903436660766601562e-01
3.922147750854492188e-01
3.954768180847167969e-01
3.921282291412353516e-01
3.940846920013427734e-01
4.017517566680908203e-01
3.957941532135009766e-01
4.012031555175781250e-01
3.995492458343505859e-01
3.944725990295410156e-01
4.004409313201904297e-01
4.113636016845703125e-01
3.987793922424316406e-01
3.943424224853515625e-01
3.926732540130615234e-01
3.910865783691406250e-01
3.972361087799072266e-01
3.997452259063720703e-01
3.948247432708740234e-01
4.055848121643066406e-01
3.940579891204833984e-01
4.003548622131347656e-01
3.982660770416259766e-01
3.934950828552246094e-01
4.065980911254882812e-01
3.927450180053710938e-01
3.984694480895996094e-01
3.967306613922119141e-01
3.936581611633300781e-01
3.966588973999023438e-01
3.931272029876708984e-01
3.983826637268066406e-01
3.940370082855224609e-01
3.942298889160156250e-01
3.950724601745605469e-01
3.956282138824462891e-01
4.013516902923583984e-01
4.042201042175292969e-01
3.929874897003173828e-01
4.155406951904296875e-01
4.029161930084228516e-01
4.018177986145019531e-01
3.971621990203857422e-01
3.935494422912597656e-01
3.925724029541015625e-01
3.982820510864257812e-01
4.034457206726074219e-01
4.034702777862548828e-01
3.926572799682617188e-01
3.939270973205566406e-01
3.980066776275634766e-01
4.034531116485595703e-01
3.949701786041259766e-01
3.923764228820800781e-01
3.925840854644775391e-01
3.973677158355712891e-01
3.979675769805908203e-01
3.958628177642822266e-01
3.932166099548339844e-01
3.982486724853515625e-01
3.974778652191162109e-01
3.927798271179199219e-01
3.927152156829833984e-01
3.919880390167236328e-01
4.010462760925292969e-01
3.998799324035644531e-01
3.954873085021972656e-01
4.026563167572021484e-01
3.919532299041748047e-01
3.965358734130859375e-01
4.203319549560546875e-01
3.953187465667724609e-01
3.943803310394287109e-01
3.928856849670410156e-01
3.989160060882568359e-01
4.002754688262939453e-01
