1.250137329101562500e+00
1.266542196273803711e+00
1.264581441879272461e+00
1.345625162124633789e+00
1.266402244567871094e+00
1.263526201248168945e+00
1.258952379226684570e+00
1.271194219589233398e+00
1.335471868515014648e+00
1.266317605972290039e+00
1.265579700469970703e+00
1.266690015792846680e+00
1.268184661865234375e+00
1.279483318328857422e+00
1.268729448318481445e+00
1.265009641647338867e+00
1.280288219451904297e+00
1.267356395721435547e+00
1.308275461196899414e+00
1.308219432830810547e+00
1.336145401000976562e+00
1.409717082977294922e+00
1.463997125625610352e+00
1.686562776565551758e+00
1.641642808914184570e+00
1.714419364929199219e+00
1.780770301818847656e+00
1.814634799957275391e+00
1.869291305541992188e+00
1.925010681152343750e+00
1.633609533309936523e+00
1.641308784484863281e+00
1.270588159561157227e+00
1.266461849212646484e+00
1.289429187774658203e+00
1.288428306579589844e+00
1.276089429855346680e+00
1.285667419433593750e+00
1.276409149169921875e+00
1.278633832931518555e+00
1.281947135925292969e+00
1.298310279846191406e+00
1.269719123840332031e+00
1.281111240386962891e+00
1.292738199234008789e+00
1.287862539291381836e+00
1.273199081420898438e+00
1.291524171829223633e+00
1.287589788436889648e+00
1.279532194137573242e+00
1.307731866836547852e+00
1.313247680664062500e+00
1.383889436721801758e+00
1.315170526504516602e+00
1.299380779266357422e+00
1.311229944229125977e+00
1.306323766708374023e+00
1.257020711898803711e+00
1.231002092361450195e+00
1.241191387176513672e+00
1.232213258743286133e+00
1.268998861312866211e+00
1.358475923538208008e+00
1.323246955871582031e+00
1.326749086380004883e+00
1.379036426544189453e+00
1.369666099548339844e+00
1.384462118148803711e+00
1.383121967315673828e+00
1.386280775070190430e+00
1.355856657028198242e+00
1.344293832778930664e+00
1.342299461364746094e+00
1.336490154266357422e+00
1.321871042251586914e+00
1.295206785202026367e+00
1.292292833328247070e+00
1.298102140426635742e+00
1.266355514526367188e+00
1.264111042022705078e+00
1.275537490844726562e+00
1.269403934478759766e+00
1.277158021926879883e+00
1.272879123687744141e+00
1.262437582015991211e+00
1.273716211318969727e+00
1.257140874862670898e+00
1.273265600204467773e+00
1.236899614334106445e+00
1.265901803970336914e+00
1.268469572067260742e+00
1.297070980072021484e+00
1.295098781585693359e+00
1.299229860305786133e+00
1.293248653411865234e+00
1.277509927749633789e+00
1.298406124114990234e+00
1.285882711410522461e+00
1.289406538009643555e+00
1.287095785140991211e+00
1.223318338394165039e+00
1.250180721282958984e+00
1.285164117813110352e+00
1.350170612335205078e+00
1.287412643432617188e+00
1.277494192123413086e+00
1.281032085418701172e+00
1.288667917251586914e+00
1.286447286605834961e+00
1.296190977096557617e+00
1.292754411697387695e+00
1.301970243453979492e+00
1.286553144454956055e+00
1.282807111740112305e+00
1.287942886352539062e+00
1.290535211563110352e+00
1.289760589599609375e+00
1.274590969085693359e+00
1.354508399963378906e+00
1.291554689407348633e+00
1.290709495544433594e+00
1.274595499038696289e+00
1.355503559112548828e+00
1.423361778259277344e+00
1.467318534851074219e+00
1.550736665725708008e+00
1.637455940246582031e+00
1.643179655075073242e+00
1.858012676239013672e+00
1.891901493072509766e+00
1.938565492630004883e+00
1.811474084854125977e+00
1.586219310760498047e+00
1.359319686889648438e+00
1.253069400787353516e+00
1.257910251617431641e+00
1.265694856643676758e+00
1.242053270339965820e+00
1.308286666870117188e+00
1.242756605148315430e+00
1.241136074066162109e+00
1.235084056854248047e+00
1.239199876785278320e+00
1.331933975219726562e+00
1.226714372634887695e+00
1.220769643783569336e+00
1.233072280883789062e+00
1.219525814056396484e+00
1.222136974334716797e+00
1.223747968673706055e+00
1.202052354812622070e+00
1.221863746643066406e+00
1.226043701171875000e+00
1.232064247131347656e+00
1.253110408782958984e+00
1.225260019302368164e+00
1.256718397140502930e+00
1.252330064773559570e+00
1.338779926300048828e+00
1.261436700820922852e+00
1.253829717636108398e+00
1.244065523147583008e+00
1.252347946166992188e+00
1.300548553466796875e+00
1.455100059509277344e+00
1.520995140075683594e+00
1.635090827941894531e+00
1.769641637802124023e+00
1.932813405990600586e+00
1.375333070755004883e+00
1.369910478591918945e+00
1.289795875549316406e+00
1.289844751358032227e+00
1.294721603393554688e+00
1.365701913833618164e+00
1.291213750839233398e+00
1.277156114578247070e+00
1.239146232604980469e+00
1.227823734283447266e+00
1.310763835906982422e+00
1.234602212905883789e+00
1.242691278457641602e+00
1.231330633163452148e+00
1.243272781372070312e+00
1.320226669311523438e+00
1.459017276763916016e+00
1.724021434783935547e+00
1.982034206390380859e+00
1.658634901046752930e+00
1.245347976684570312e+00
1.246460437774658203e+00
1.248160123825073242e+00
1.254763126373291016e+00
1.257962465286254883e+00
1.239626407623291016e+00
1.246999979019165039e+00
1.247522592544555664e+00
1.254501104354858398e+00
1.245751619338989258e+00
1.260172128677368164e+00
