2.801955223083496094e+00
4.421489238739013672e-01
4.383625984191894531e-01
4.415867328643798828e-01
4.483945369720458984e-01
4.418754577636718750e-01
4.380347728729248047e-01
4.387614727020263672e-01
4.379868507385253906e-01
4.356515407562255859e-01
4.403021335601806641e-01
4.429390430450439453e-01
4.331915378570556641e-01
4.751267433166503906e-01
4.423682689666748047e-01
4.427189826965332031e-01
4.388823509216308594e-01
4.414153099060058594e-01
4.370265007019042969e-01
4.384739398956298828e-01
4.425640106201171875e-01
4.415445327758789062e-01
4.379968643188476562e-01
4.497671127319335938e-01
4.515049457550048828e-01
4.400103092193603516e-01
4.404871463775634766e-01
4.324316978454589844e-01
4.345390796661376953e-01
4.424037933349609375e-01
4.503762722015380859e-01
4.476335048675537109e-01
4.774961471557617188e-01
5.000801086425781250e-01
5.154135227203369141e-01
5.030255317687988281e-01
4.956352710723876953e-01
4.948792457580566406e-01
4.443299770355224609e-01
4.543359279632568359e-01
4.508976936340332031e-01
4.558246135711669922e-01
4.554276466369628906e-01
4.465732574462890625e-01
4.409430027008056641e-01
4.391875267028808594e-01
4.345779418945312500e-01
4.380419254302978516e-01
4.443128108978271484e-01
4.449744224548339844e-01
4.388723373413085938e-01
4.395260810852050781e-01
4.438259601593017578e-01
4.397530555725097656e-01
4.429512023925781250e-01
4.420971870422363281e-01
4.453380107879638672e-01
4.468715190887451172e-01
4.460694789886474609e-01
4.493718147277832031e-01
4.478995800018310547e-01
4.461309909820556641e-01
4.489388465881347656e-01
4.439291954040527344e-01
4.453997611999511719e-01
4.455482959747314453e-01
4.456467628479003906e-01
4.613428115844726562e-01
4.508080482482910156e-01
5.031118392944335938e-01
5.065670013427734375e-01
5.041253566741943359e-01
4.481902122497558594e-01
4.476144313812255859e-01
4.586880207061767578e-01
4.501647949218750000e-01
4.560191631317138672e-01
4.484045505523681641e-01
4.490876197814941406e-01
4.423160552978515625e-01
4.419214725494384766e-01
4.415047168731689453e-01
4.491825103759765625e-01
4.393041133880615234e-01
4.399833679199218750e-01
4.611191749572753906e-01
4.423224925994873047e-01
4.425184726715087891e-01
4.449465274810791016e-01
4.416620731353759766e-01
4.445562362670898438e-01
4.470834732055664062e-01
4.437108039855957031e-01
4.468393325805664062e-01
4.494256973266601562e-01
4.575867652893066406e-01
4.592576026916503906e-01
4.592039585113525391e-01
4.587657451629638672e-01
4.569418430328369141e-01
4.605004787445068359e-01
4.544231891632080078e-01
4.585378170013427734e-01
4.583079814910888672e-01
4.542090892791748047e-01
4.515035152435302734e-01
4.480304718017578125e-01
4.549956321716308594e-01
4.501111507415771484e-01
4.463784694671630859e-01
4.446313381195068359e-01
4.391856193542480469e-01
4.509541988372802734e-01
4.539577960968017578e-01
4.464821815490722656e-01
4.474527835845947266e-01
4.628586769104003906e-01
4.679622650146484375e-01
4.456992149353027344e-01
4.469633102416992188e-01
4.677047729492187500e-01
4.494290351867675781e-01
4.534959793090820312e-01
4.498286247253417969e-01
4.339184761047363281e-01
4.329874515533447266e-01
4.288501739501953125e-01
4.275207519531250000e-01
4.296576976776123047e-01
4.282741546630859375e-01
4.287919998168945312e-01
4.282903671264648438e-01
4.341042041778564453e-01
4.313912391662597656e-01
4.333422183990478516e-01
4.343922138214111328e-01
4.346222877502441406e-01
4.336557388305664062e-01
4.342393875122070312e-01
4.330081939697265625e-01
4.357471466064453125e-01
4.386637210845947266e-01
4.339606761932373047e-01
4.352872371673583984e-01
4.359526634216308594e-01
4.329104423522949219e-01
4.338262081146240234e-01
4.301505088806152344e-01
4.315414428710937500e-01
4.296936988830566406e-01
4.290781021118164062e-01
4.541430473327636719e-01
4.322011470794677734e-01
4.303195476531982422e-01
4.296350479125976562e-01
4.306633472442626953e-01
4.312081336975097656e-01
4.269018173217773438e-01
4.321899414062500000e-01
4.378247261047363281e-01
4.262292385101318359e-01
4.313971996307373047e-01
4.267003536224365234e-01
4.344840049743652344e-01
4.265642166137695312e-01
4.295818805694580078e-01
4.358906745910644531e-01
4.264516830444335938e-01
4.265501499176025391e-01
4.449505805969238281e-01
4.327676296234130859e-01
4.347062110900878906e-01
4.376852512359619141e-01
4.358179569244384766e-01
4.348866939544677734e-01
4.374141693115234375e-01
4.386806488037109375e-01
4.301373958587646484e-01
4.298968315124511719e-01
4.371345043182373047e-01
4.329280853271484375e-01
4.301702976226806641e-01
4.294776916503906250e-01
4.300663471221923828e-01
4.324526786804199219e-01
4.294910430908203125e-01
4.299981594085693359e-01
4.472281932830810547e-01
4.318091869354248047e-01
4.326436519622802734e-01
4.341228008270263672e-01
4.351720809936523438e-01
4.512679576873779297e-01
4.483964443206787109e-01
4.366443157196044922e-01
4.357264041900634766e-01
4.356772899627685547e-01
4.332058429718017578e-01
4.311964511871337891e-01
4.337320327758789062e-01
