2.788213014602661133e+00
4.334330558776855469e-01
4.355113506317138672e-01
4.331195354461669922e-01
4.349765777587890625e-01
4.332418441772460938e-01
4.393882751464843750e-01
4.409909248352050781e-01
4.362504482269287109e-01
4.375698566436767578e-01
4.347398281097412109e-01
4.384365081787109375e-01
4.676234722137451172e-01
4.310462474822998047e-01
4.427599906921386719e-01
4.424986839294433594e-01
4.334666728973388672e-01
4.304528236389160156e-01
4.315085411071777344e-01
4.615764617919921875e-01
4.432704448699951172e-01
4.476392269134521484e-01
4.403536319732666016e-01
4.378092288970947266e-01
4.391191005706787109e-01
4.312331676483154297e-01
4.414513111114501953e-01
4.373071193695068359e-01
4.406075477600097656e-01
4.269723892211914062e-01
4.294385910034179688e-01
4.287426471710205078e-01
4.375238418579101562e-01
4.322571754455566406e-01
4.464299678802490234e-01
4.338524341583251953e-01
4.374485015869140625e-01
4.340744018554687500e-01
4.466857910156250000e-01
4.353866577148437500e-01
4.405951499938964844e-01
4.393112659454345703e-01
4.369027614593505859e-01
4.315562248229980469e-01
4.382021427154541016e-01
4.291944503784179688e-01
4.475858211517333984e-01
4.333319664001464844e-01
4.321124553680419922e-01
4.291422367095947266e-01
4.367458820343017578e-01
4.433145523071289062e-01
4.368398189544677734e-01
4.505910873413085938e-01
4.391281604766845703e-01
4.321026802062988281e-01
4.437313079833984375e-01
4.412982463836669922e-01
4.548039436340332031e-01
4.518113136291503906e-01
4.461956024169921875e-01
4.418146610260009766e-01
4.556093215942382812e-01
4.404075145721435547e-01
4.372146129608154297e-01
4.481813907623291016e-01
4.458909034729003906e-01
4.584391117095947266e-01
4.431631565093994141e-01
4.414851665496826172e-01
4.443159103393554688e-01
4.452674388885498047e-01
4.491479396820068359e-01
4.455127716064453125e-01
4.646015167236328125e-01
4.605627059936523438e-01
4.538583755493164062e-01
4.537808895111083984e-01
4.495172500610351562e-01
4.382457733154296875e-01
4.368355274200439453e-01
4.358499050140380859e-01
4.384107589721679688e-01
4.347047805786132812e-01
4.291336536407470703e-01
4.255537986755371094e-01
4.280965328216552734e-01
4.281344413757324219e-01
4.331061840057373047e-01
4.294872283935546875e-01
4.363093376159667969e-01
4.481720924377441406e-01
4.457082748413085938e-01
4.545171260833740234e-01
4.366769790649414062e-01
4.395363330841064453e-01
4.461236000061035156e-01
4.415736198425292969e-01
4.439940452575683594e-01
4.523942470550537109e-01
4.517941474914550781e-01
4.588482379913330078e-01
4.628272056579589844e-01
4.593958854675292969e-01
4.440629482269287109e-01
4.516367912292480469e-01
4.402611255645751953e-01
4.393749237060546875e-01
4.412994384765625000e-01
4.421675205230712891e-01
4.421093463897705078e-01
4.428210258483886719e-01
4.521825313568115234e-01
4.435806274414062500e-01
4.549856185913085938e-01
4.426517486572265625e-01
4.601855278015136719e-01
4.412467479705810547e-01
4.466850757598876953e-01
4.542603492736816406e-01
4.468595981597900391e-01
4.428749084472656250e-01
4.379444122314453125e-01
4.522047042846679688e-01
4.188420772552490234e-01
4.184532165527343750e-01
4.159462451934814453e-01
4.164714813232421875e-01
4.179246425628662109e-01
4.168281555175781250e-01
4.165582656860351562e-01
4.172983169555664062e-01
4.172275066375732422e-01
4.199204444885253906e-01
4.211566448211669922e-01
4.222531318664550781e-01
4.235756397247314453e-01
4.259102344512939453e-01
4.278750419616699219e-01
4.211218357086181641e-01
4.284515380859375000e-01
4.229969978332519531e-01
4.208276271820068359e-01
4.225895404815673828e-01
4.219532012939453125e-01
4.226114749908447266e-01
4.184832572937011719e-01
4.290423393249511719e-01
4.184656143188476562e-01
4.184904098510742188e-01
4.188170433044433594e-01
4.161176681518554688e-01
4.181776046752929688e-01
4.170444011688232422e-01
4.215598106384277344e-01
4.291405677795410156e-01
4.261314868927001953e-01
4.264497756958007812e-01
4.258298873901367188e-01
4.253294467926025391e-01
4.228007793426513672e-01
4.221942424774169922e-01
4.235823154449462891e-01
4.218688011169433594e-01
4.289388656616210938e-01
4.247786998748779297e-01
4.323651790618896484e-01
4.316899776458740234e-01
4.320416450500488281e-01
4.300131797790527344e-01
4.394273757934570312e-01
4.326827526092529297e-01
4.327814579010009766e-01
4.300656318664550781e-01
4.316878318786621094e-01
4.280493259429931641e-01
4.273900985717773438e-01
4.284777641296386719e-01
4.314200878143310547e-01
4.272227287292480469e-01
4.307947158813476562e-01
4.289653301239013672e-01
4.283740520477294922e-01
4.235441684722900391e-01
4.305498600006103516e-01
4.269943237304687500e-01
4.265782833099365234e-01
4.361290931701660156e-01
4.312632083892822266e-01
4.338221549987792969e-01
4.293200969696044922e-01
4.303622245788574219e-01
4.292345046997070312e-01
4.274063110351562500e-01
4.275479316711425781e-01
4.291238784790039062e-01
4.269626140594482422e-01
4.227483272552490234e-01
4.233555793762207031e-01
4.444715976715087891e-01
