2.565738201141357422e+00
4.537649154663085938e-01
4.562859535217285156e-01
4.551167488098144531e-01
4.552254676818847656e-01
4.554705619812011719e-01
4.553868770599365234e-01
4.597802162170410156e-01
4.623093605041503906e-01
4.566924571990966797e-01
4.548463821411132812e-01
4.589643478393554688e-01
4.557857513427734375e-01
4.584896564483642578e-01
4.595663547515869141e-01
4.587070941925048828e-01
4.562556743621826172e-01
4.577920436859130859e-01
4.602792263031005859e-01
4.513981342315673828e-01
4.443397521972656250e-01
4.521317481994628906e-01
4.433197975158691406e-01
4.424724578857421875e-01
4.572596549987792969e-01
4.449214935302734375e-01
4.475030899047851562e-01
4.469804763793945312e-01
4.362454414367675781e-01
4.480931758880615234e-01
4.539129734039306641e-01
4.553163051605224609e-01
4.581599235534667969e-01
4.585330486297607422e-01
4.649791717529296875e-01
4.633934497833251953e-01
4.620311260223388672e-01
4.609174728393554688e-01
4.648873805999755859e-01
4.665133953094482422e-01
4.644002914428710938e-01
4.663667678833007812e-01
4.599905014038085938e-01
4.582619667053222656e-01
4.597177505493164062e-01
4.692997932434082031e-01
4.615089893341064453e-01
4.554104804992675781e-01
4.535453319549560547e-01
4.530885219573974609e-01
4.572730064392089844e-01
4.472842216491699219e-01
4.486873149871826172e-01
4.466915130615234375e-01
4.477863311767578125e-01
4.490172863006591797e-01
4.640345573425292969e-01
4.659216403961181641e-01
4.635577201843261719e-01
4.751377105712890625e-01
4.661343097686767578e-01
4.698092937469482422e-01
4.824609756469726562e-01
4.776413440704345703e-01
4.717965126037597656e-01
4.715092182159423828e-01
4.751217365264892578e-01
4.761607646942138672e-01
4.805076122283935547e-01
4.789912700653076172e-01
4.797379970550537109e-01
4.718813896179199219e-01
4.828677177429199219e-01
4.818186759948730469e-01
4.849679470062255859e-01
4.827578067779541016e-01
4.743733406066894531e-01
4.729988574981689453e-01
4.693729877471923828e-01
4.568068981170654297e-01
4.590501785278320312e-01
4.652063846588134766e-01
4.605517387390136719e-01
4.581787586212158203e-01
4.504418373107910156e-01
4.482309818267822266e-01
4.513969421386718750e-01
4.518241882324218750e-01
4.524323940277099609e-01
4.528520107269287109e-01
4.665727615356445312e-01
4.496998786926269531e-01
4.528977870941162109e-01
4.646129608154296875e-01
4.692690372467041016e-01
4.692544937133789062e-01
4.709992408752441406e-01
4.702038764953613281e-01
4.773709774017333984e-01
4.757931232452392578e-01
4.772059917449951172e-01
4.900217056274414062e-01
4.868266582489013672e-01
4.712471961975097656e-01
4.675023555755615234e-01
4.669053554534912109e-01
4.784977436065673828e-01
4.667105674743652344e-01
4.654130935668945312e-01
4.628794193267822266e-01
4.642429351806640625e-01
4.666087627410888672e-01
4.720880985260009766e-01
4.697799682617187500e-01
4.696705341339111328e-01
4.637966156005859375e-01
4.714710712432861328e-01
4.667460918426513672e-01
4.720215797424316406e-01
4.711897373199462891e-01
4.671473503112792969e-01
4.675307273864746094e-01
4.711542129516601562e-01
4.631450176239013672e-01
4.471132755279541016e-01
4.420845508575439453e-01
4.450097084045410156e-01
4.452910423278808594e-01
4.420382976531982422e-01
4.400603771209716797e-01
4.409310817718505859e-01
4.441630840301513672e-01
4.439654350280761719e-01
4.498879909515380859e-01
4.490580558776855469e-01
4.504032135009765625e-01
4.501037597656250000e-01
4.504249095916748047e-01
4.509460926055908203e-01
4.505572319030761719e-01
4.494364261627197266e-01
4.503381252288818359e-01
4.485898017883300781e-01
4.507346153259277344e-01
4.512529373168945312e-01
4.526324272155761719e-01
4.474971294403076172e-01
4.463818073272705078e-01
4.462182521820068359e-01
4.456543922424316406e-01
4.457099437713623047e-01
4.456615447998046875e-01
4.465785026550292969e-01
4.470756053924560547e-01
4.413354396820068359e-01
4.378786087036132812e-01
4.364478588104248047e-01
4.374613761901855469e-01
4.399611949920654297e-01
4.402856826782226562e-01
4.365825653076171875e-01
4.397399425506591797e-01
4.345154762268066406e-01
4.414570331573486328e-01
4.337658882141113281e-01
4.341671466827392578e-01
4.431548118591308594e-01
4.359085559844970703e-01
4.336853027343750000e-01
4.427313804626464844e-01
4.964363574981689453e-01
4.615283012390136719e-01
4.659430980682373047e-01
4.684312343597412109e-01
4.525198936462402344e-01
4.651694297790527344e-01
4.548726081848144531e-01
4.689161777496337891e-01
4.361155033111572266e-01
4.341530799865722656e-01
4.349625110626220703e-01
4.335675239562988281e-01
4.338138103485107422e-01
4.371149539947509766e-01
4.349637031555175781e-01
4.321103096008300781e-01
4.329469203948974609e-01
4.386982917785644531e-01
4.456691741943359375e-01
4.762992858886718750e-01
4.640054702758789062e-01
4.684832096099853516e-01
4.725546836853027344e-01
4.696331024169921875e-01
4.647793769836425781e-01
4.674839973449707031e-01
4.646689891815185547e-01
4.451837539672851562e-01
4.403474330902099609e-01
4.410147666931152344e-01
