2.732667207717895508e+00
4.526789188385009766e-01
4.499099254608154297e-01
4.498698711395263672e-01
4.515535831451416016e-01
4.540529251098632812e-01
4.427659511566162109e-01
4.453256130218505859e-01
4.406719207763671875e-01
4.487788677215576172e-01
4.433903694152832031e-01
4.455821514129638672e-01
4.518983364105224609e-01
4.491577148437500000e-01
4.490737915039062500e-01
4.547829627990722656e-01
4.437031745910644531e-01
4.388113021850585938e-01
4.493434429168701172e-01
4.431519508361816406e-01
4.653887748718261719e-01
4.437043666839599609e-01
4.423177242279052734e-01
4.632360935211181641e-01
4.416503906250000000e-01
4.398624897003173828e-01
4.570944309234619141e-01
4.423298835754394531e-01
4.375965595245361328e-01
4.388215541839599609e-01
4.445602893829345703e-01
4.427573680877685547e-01
4.481861591339111328e-01
4.495470523834228516e-01
4.514584541320800781e-01
4.535286426544189453e-01
4.531586170196533203e-01
4.546732902526855469e-01
4.624006748199462891e-01
4.692990779876708984e-01
4.648563861846923828e-01
4.557797908782958984e-01
4.598751068115234375e-01
4.488391876220703125e-01
4.425201416015625000e-01
4.458479881286621094e-01
4.427762031555175781e-01
4.392809867858886719e-01
4.850668907165527344e-01
4.606215953826904297e-01
4.502108097076416016e-01
4.522879123687744141e-01
4.512426853179931641e-01
4.471495151519775391e-01
4.522030353546142578e-01
4.551208019256591797e-01
4.556632041931152344e-01
4.588654041290283203e-01
4.519388675689697266e-01
4.566216468811035156e-01
4.531979560852050781e-01
4.531016349792480469e-01
4.545400142669677734e-01
4.545488357543945312e-01
4.573657512664794922e-01
4.522299766540527344e-01
4.789850711822509766e-01
4.672431945800781250e-01
4.706470966339111328e-01
4.583268165588378906e-01
4.606735706329345703e-01
4.857761859893798828e-01
5.131030082702636719e-01
5.134043693542480469e-01
5.103082656860351562e-01
5.027291774749755859e-01
4.861624240875244141e-01
4.789714813232421875e-01
4.948301315307617188e-01
4.561867713928222656e-01
4.394931793212890625e-01
4.405202865600585938e-01
4.389762878417968750e-01
4.396057128906250000e-01
4.391338825225830078e-01
4.441101551055908203e-01
4.455597400665283203e-01
4.408960342407226562e-01
4.568977355957031250e-01
4.642548561096191406e-01
4.424216747283935547e-01
4.738435745239257812e-01
4.546039104461669922e-01
4.592175483703613281e-01
4.642236232757568359e-01
4.753935337066650391e-01
4.692840576171875000e-01
4.716496467590332031e-01
4.740126132965087891e-01
4.695127010345458984e-01
4.705438613891601562e-01
4.665777683258056641e-01
4.710121154785156250e-01
4.683592319488525391e-01
4.638581275939941406e-01
4.604475498199462891e-01
4.548234939575195312e-01
4.698052406311035156e-01
4.609086513519287109e-01
4.639847278594970703e-01
4.515297412872314453e-01
4.510097503662109375e-01
4.668517112731933594e-01
4.576191902160644531e-01
4.625766277313232422e-01
4.587292671203613281e-01
4.594352245330810547e-01
4.607489109039306641e-01
4.540774822235107422e-01
4.535646438598632812e-01
4.615800380706787109e-01
4.562997817993164062e-01
4.562084674835205078e-01
4.537832736968994141e-01
4.389634132385253906e-01
4.343650341033935547e-01
4.343512058258056641e-01
4.341061115264892578e-01
4.330503940582275391e-01
4.355907440185546875e-01
4.345457553863525391e-01
4.350423812866210938e-01
4.625394344329833984e-01
4.711909294128417969e-01
4.929964542388916016e-01
4.918081760406494141e-01
4.754292964935302734e-01
4.759461879730224609e-01
4.468784332275390625e-01
4.510951042175292969e-01
4.472756385803222656e-01
4.489738941192626953e-01
4.432699680328369141e-01
4.471080303192138672e-01
4.445877075195312500e-01
4.459884166717529297e-01
4.387271404266357422e-01
4.399077892303466797e-01
4.366474151611328125e-01
4.385538101196289062e-01
4.358003139495849609e-01
4.436101913452148438e-01
4.421405792236328125e-01
4.442217350006103516e-01
4.493830204010009766e-01
4.475259780883789062e-01
4.412767887115478516e-01
4.366984367370605469e-01
4.354238510131835938e-01
4.372375011444091797e-01
4.375190734863281250e-01
4.354879856109619141e-01
4.351050853729248047e-01
4.357860088348388672e-01
4.366228580474853516e-01
4.370651245117187500e-01
4.350864887237548828e-01
4.392871856689453125e-01
4.364717006683349609e-01
4.400324821472167969e-01
4.689693450927734375e-01
4.799771308898925781e-01
4.787228107452392578e-01
4.964668750762939453e-01
4.718079566955566406e-01
4.973900318145751953e-01
4.693126678466796875e-01
4.304738044738769531e-01
4.283497333526611328e-01
4.257423877716064453e-01
4.288716316223144531e-01
4.299240112304687500e-01
4.280040264129638672e-01
4.349994659423828125e-01
4.276640415191650391e-01
4.355466365814208984e-01
4.289889335632324219e-01
4.265859127044677734e-01
4.409821033477783203e-01
4.824743270874023438e-01
4.817664623260498047e-01
4.925842285156250000e-01
4.790229797363281250e-01
4.920835494995117188e-01
5.065231323242187500e-01
4.868350028991699219e-01
4.384737014770507812e-01
4.350414276123046875e-01
4.402396678924560547e-01
4.449737071990966797e-01
