2.749824523925781250e+00
4.339864253997802734e-01
4.339473247528076172e-01
4.286441802978515625e-01
4.306006431579589844e-01
4.292590618133544922e-01
4.356689453125000000e-01
4.368505477905273438e-01
4.322605133056640625e-01
4.314572811126708984e-01
4.334905147552490234e-01
4.333460330963134766e-01
4.463915824890136719e-01
4.524435997009277344e-01
4.327104091644287109e-01
4.369647502899169922e-01
4.485688209533691406e-01
4.330289363861083984e-01
4.443116188049316406e-01
4.494540691375732422e-01
4.390323162078857422e-01
4.557878971099853516e-01
4.354722499847412109e-01
4.443640708923339844e-01
4.345226287841796875e-01
4.365830421447753906e-01
4.524006843566894531e-01
4.337561130523681641e-01
4.329221248626708984e-01
4.262201786041259766e-01
4.315202236175537109e-01
4.263031482696533203e-01
4.414470195770263672e-01
4.346029758453369141e-01
4.425432682037353516e-01
4.348220825195312500e-01
4.342896938323974609e-01
4.352982044219970703e-01
4.393131732940673828e-01
4.405856132507324219e-01
4.377574920654296875e-01
4.472649097442626953e-01
4.370322227478027344e-01
4.347734451293945312e-01
4.303691387176513672e-01
4.356892108917236328e-01
4.426815509796142578e-01
4.348332881927490234e-01
4.394989013671875000e-01
4.381644725799560547e-01
4.357535839080810547e-01
4.386560916900634766e-01
4.386787414550781250e-01
4.371898174285888672e-01
4.339809417724609375e-01
4.380414485931396484e-01
4.420444965362548828e-01
4.437065124511718750e-01
4.396679401397705078e-01
4.450376033782958984e-01
4.491622447967529297e-01
4.544794559478759766e-01
4.634928703308105469e-01
4.606482982635498047e-01
4.541618824005126953e-01
4.630932807922363281e-01
4.593560695648193359e-01
4.589278697967529297e-01
4.624624252319335938e-01
4.651591777801513672e-01
4.550170898437500000e-01
4.523484706878662109e-01
4.719421863555908203e-01
4.605431556701660156e-01
4.472010135650634766e-01
4.424884319305419922e-01
4.417212009429931641e-01
4.423291683197021484e-01
4.451816082000732422e-01
4.345552921295166016e-01
4.324347972869873047e-01
4.311423301696777344e-01
4.296717643737792969e-01
4.316430091857910156e-01
4.382169246673583984e-01
4.377963542938232422e-01
4.371438026428222656e-01
4.432644844055175781e-01
4.459629058837890625e-01
4.412286281585693359e-01
4.384901523590087891e-01
4.399898052215576172e-01
4.606764316558837891e-01
4.514658451080322266e-01
4.481849670410156250e-01
4.610192775726318359e-01
4.591369628906250000e-01
4.743599891662597656e-01
4.745552539825439453e-01
4.741842746734619141e-01
4.656984806060791016e-01
4.546570777893066406e-01
4.552567005157470703e-01
4.516189098358154297e-01
4.452559947967529297e-01
4.530839920043945312e-01
4.442021846771240234e-01
4.467957019805908203e-01
4.397056102752685547e-01
4.423158168792724609e-01
4.405484199523925781e-01
4.475555419921875000e-01
4.505319595336914062e-01
4.445290565490722656e-01
4.414901733398437500e-01
4.416160583496093750e-01
4.529855251312255859e-01
4.452693462371826172e-01
4.431989192962646484e-01
4.468805789947509766e-01
4.429292678833007812e-01
4.451708793640136719e-01
4.410736560821533203e-01
4.574139118194580078e-01
4.188745021820068359e-01
4.133043289184570312e-01
4.168393611907958984e-01
4.123289585113525391e-01
4.165349006652832031e-01
4.132256507873535156e-01
4.178583621978759766e-01
4.207799434661865234e-01
4.286739826202392578e-01
4.381933212280273438e-01
4.537692070007324219e-01
4.476859569549560547e-01
4.574816226959228516e-01
4.383218288421630859e-01
4.488034248352050781e-01
4.475679397583007812e-01
4.514894485473632812e-01
4.521579742431640625e-01
4.490602016448974609e-01
4.469780921936035156e-01
4.480786323547363281e-01
4.429512023925781250e-01
4.354727268218994141e-01
4.187445640563964844e-01
4.221222400665283203e-01
4.209518432617187500e-01
4.204096794128417969e-01
4.177303314208984375e-01
4.182324409484863281e-01
4.189448356628417969e-01
4.166173934936523438e-01
4.154641628265380859e-01
4.199082851409912109e-01
4.171221256256103516e-01
4.174799919128417969e-01
4.181561470031738281e-01
4.160037040710449219e-01
4.185733795166015625e-01
4.123880863189697266e-01
4.223184585571289062e-01
4.252953529357910156e-01
4.215266704559326172e-01
4.350333213806152344e-01
4.235830307006835938e-01
4.253180027008056641e-01
4.235045909881591797e-01
4.262809753417968750e-01
4.282360076904296875e-01
4.279720783233642578e-01
4.262120723724365234e-01
4.246339797973632812e-01
4.251959323883056641e-01
4.231040477752685547e-01
4.238295555114746094e-01
4.238886833190917969e-01
4.222400188446044922e-01
4.220063686370849609e-01
4.219920635223388672e-01
4.220411777496337891e-01
4.233300685882568359e-01
4.216692447662353516e-01
4.237847328186035156e-01
4.235200881958007812e-01
4.226617813110351562e-01
4.259946346282958984e-01
4.291629791259765625e-01
4.311838150024414062e-01
4.628882408142089844e-01
4.521620273590087891e-01
4.491424560546875000e-01
4.443452358245849609e-01
4.490234851837158203e-01
4.449436664581298828e-01
4.206819534301757812e-01
4.165751934051513672e-01
4.201893806457519531e-01
