2.732283115386962891e+00
4.397132396697998047e-01
4.405081272125244141e-01
4.396512508392333984e-01
4.402348995208740234e-01
4.460721015930175781e-01
4.396798610687255859e-01
4.416050910949707031e-01
4.383192062377929688e-01
4.368867874145507812e-01
4.423158168792724609e-01
4.396557807922363281e-01
4.393708705902099609e-01
4.405903816223144531e-01
4.468934535980224609e-01
4.431357383728027344e-01
4.383876323699951172e-01
4.421913623809814453e-01
4.385278224945068359e-01
4.390790462493896484e-01
4.454209804534912109e-01
4.613883495330810547e-01
4.378659725189208984e-01
4.430484771728515625e-01
4.658808708190917969e-01
4.610872268676757812e-01
4.355447292327880859e-01
4.347701072692871094e-01
4.403431415557861328e-01
4.391438961029052734e-01
4.383375644683837891e-01
4.357910156250000000e-01
4.419963359832763672e-01
4.462447166442871094e-01
4.446194171905517578e-01
4.471850395202636719e-01
4.499251842498779297e-01
4.462125301361083984e-01
4.430115222930908203e-01
4.523932933807373047e-01
4.528689384460449219e-01
4.484858512878417969e-01
4.713585376739501953e-01
4.423775672912597656e-01
4.348046779632568359e-01
4.373230934143066406e-01
4.346654415130615234e-01
4.447681903839111328e-01
4.435973167419433594e-01
4.478399753570556641e-01
4.452285766601562500e-01
4.492743015289306641e-01
4.422581195831298828e-01
4.419984817504882812e-01
4.458565711975097656e-01
4.437377452850341797e-01
4.461033344268798828e-01
4.664919376373291016e-01
4.825663566589355469e-01
5.088617801666259766e-01
4.965331554412841797e-01
4.632515907287597656e-01
4.957108497619628906e-01
4.849526882171630859e-01
5.128967761993408203e-01
4.829967021942138672e-01
5.321710109710693359e-01
5.165901184082031250e-01
4.886620044708251953e-01
4.598538875579833984e-01
4.524383544921875000e-01
4.481422901153564453e-01
4.498329162597656250e-01
4.492332935333251953e-01
4.527244567871093750e-01
4.508340358734130859e-01
4.527266025543212891e-01
4.464182853698730469e-01
4.551188945770263672e-01
4.436204433441162109e-01
4.416356086730957031e-01
4.485931396484375000e-01
4.420313835144042969e-01
4.401075839996337891e-01
4.414370059967041016e-01
4.598524570465087891e-01
4.453096389770507812e-01
4.405536651611328125e-01
4.449040889739990234e-01
4.418284893035888672e-01
4.422419071197509766e-01
4.650561809539794922e-01
4.496459960937500000e-01
4.625494480133056641e-01
4.514839649200439453e-01
4.550871849060058594e-01
4.692094326019287109e-01
4.557204246520996094e-01
4.601678848266601562e-01
4.542391300201416016e-01
4.616465568542480469e-01
4.544703960418701172e-01
4.587986469268798828e-01
4.540867805480957031e-01
4.541745185852050781e-01
4.556894302368164062e-01
4.465372562408447266e-01
4.600675106048583984e-01
4.500989913940429688e-01
4.516501426696777344e-01
4.443259239196777344e-01
4.543557167053222656e-01
4.540958404541015625e-01
4.518260955810546875e-01
4.529945850372314453e-01
4.444429874420166016e-01
4.548237323760986328e-01
4.410901069641113281e-01
4.397125244140625000e-01
4.433219432830810547e-01
4.445881843566894531e-01
4.493947029113769531e-01
4.727709293365478516e-01
4.569530487060546875e-01
4.355366230010986328e-01
4.240186214447021484e-01
4.328014850616455078e-01
4.250874519348144531e-01
4.305546283721923828e-01
4.310736656188964844e-01
4.283895492553710938e-01
4.325637817382812500e-01
4.415731430053710938e-01
4.327964782714843750e-01
4.342129230499267578e-01
4.349308013916015625e-01
4.362704753875732422e-01
4.348776340484619141e-01
4.349849224090576172e-01
4.350960254669189453e-01
4.370620250701904297e-01
4.373922348022460938e-01
4.359235763549804688e-01
4.367880821228027344e-01
4.356806278228759766e-01
4.354372024536132812e-01
4.335949420928955078e-01
4.321236610412597656e-01
4.306612014770507812e-01
4.307761192321777344e-01
4.288125038146972656e-01
5.028901100158691406e-01
4.320929050445556641e-01
4.318320751190185547e-01
4.306058883666992188e-01
4.305825233459472656e-01
4.321439266204833984e-01
4.393436908721923828e-01
4.284112453460693359e-01
4.302611351013183594e-01
4.290969371795654297e-01
4.292149543762207031e-01
4.306797981262207031e-01
4.291143417358398438e-01
4.282305240631103516e-01
4.320757389068603516e-01
4.297459125518798828e-01
4.333803653717041016e-01
4.516644477844238281e-01
4.353797435760498047e-01
4.348363876342773438e-01
4.350252151489257812e-01
4.359831809997558594e-01
4.358446598052978516e-01
4.366958141326904297e-01
4.379096031188964844e-01
4.355826377868652344e-01
4.319458007812500000e-01
4.318754673004150391e-01
4.350600242614746094e-01
4.305398464202880859e-01
4.310908317565917969e-01
4.304008483886718750e-01
4.315192699432373047e-01
4.304320812225341797e-01
4.309828281402587891e-01
4.313428401947021484e-01
4.305155277252197266e-01
4.332399368286132812e-01
4.352791309356689453e-01
4.359734058380126953e-01
4.368739128112792969e-01
4.485578536987304688e-01
4.361763000488281250e-01
4.382867813110351562e-01
4.366846084594726562e-01
4.735314846038818359e-01
4.343087673187255859e-01
4.413537979125976562e-01
4.361579418182373047e-01
