2.142480850219726562e+00
3.632051944732666016e-01
3.690319061279296875e-01
3.627874851226806641e-01
3.625009059906005859e-01
3.653218746185302734e-01
3.662390708923339844e-01
3.607635498046875000e-01
3.636460304260253906e-01
3.601682186126708984e-01
3.546447753906250000e-01
3.489573001861572266e-01
3.493850231170654297e-01
3.488347530364990234e-01
3.367481231689453125e-01
3.352952003479003906e-01
3.373796939849853516e-01
3.383407592773437500e-01
3.402419090270996094e-01
3.335978984832763672e-01
3.542044162750244141e-01
3.312060832977294922e-01
3.392417430877685547e-01
3.635213375091552734e-01
3.616991043090820312e-01
3.599944114685058594e-01
3.355083465576171875e-01
3.407542705535888672e-01
3.364093303680419922e-01
3.400478363037109375e-01
3.405351638793945312e-01
3.469071388244628906e-01
3.362643718719482422e-01
3.569226264953613281e-01
3.607084751129150391e-01
3.603866100311279297e-01
3.652684688568115234e-01
3.371121883392333984e-01
3.411393165588378906e-01
3.373129367828369141e-01
3.352208137512207031e-01
3.355169296264648438e-01
3.347034454345703125e-01
3.329184055328369141e-01
3.351867198944091797e-01
3.425991535186767578e-01
3.489785194396972656e-01
3.482825756072998047e-01
3.682789802551269531e-01
3.707191944122314453e-01
3.693547248840332031e-01
3.448915481567382812e-01
3.415138721466064453e-01
3.443067073822021484e-01
3.432750701904296875e-01
3.357727527618408203e-01
3.402349948883056641e-01
3.426387310028076172e-01
3.592126369476318359e-01
3.628726005554199219e-01
3.724324703216552734e-01
3.372650146484375000e-01
3.340444564819335938e-01
3.413310050964355469e-01
3.426299095153808594e-01
3.401801586151123047e-01
3.551783561706542969e-01
3.519091606140136719e-01
3.575844764709472656e-01
3.772726058959960938e-01
3.688361644744873047e-01
3.665354251861572266e-01
3.540248870849609375e-01
3.387587070465087891e-01
3.426983356475830078e-01
3.415443897247314453e-01
3.404519557952880859e-01
3.414437770843505859e-01
3.392267227172851562e-01
3.361852169036865234e-01
3.409183025360107422e-01
3.621063232421875000e-01
3.604996204376220703e-01
3.727874755859375000e-01
3.484702110290527344e-01
3.395557403564453125e-01
3.388767242431640625e-01
3.461821079254150391e-01
3.440594673156738281e-01
3.480839729309082031e-01
3.408250808715820312e-01
3.611819744110107422e-01
3.624951839447021484e-01
3.641476631164550781e-01
3.606357574462890625e-01
3.419218063354492188e-01
3.424129486083984375e-01
3.552865982055664062e-01
3.440194129943847656e-01
3.477208614349365234e-01
3.459172248840332031e-01
3.492207527160644531e-01
3.494653701782226562e-01
3.486366271972656250e-01
3.399090766906738281e-01
3.428919315338134766e-01
3.651723861694335938e-01
3.590743541717529297e-01
3.670732975006103516e-01
3.678393363952636719e-01
3.451392650604248047e-01
3.473510742187500000e-01
3.476486206054687500e-01
3.455052375793457031e-01
3.431141376495361328e-01
3.431446552276611328e-01
3.512849807739257812e-01
3.633270263671875000e-01
3.815121650695800781e-01
3.544712066650390625e-01
3.472428321838378906e-01
3.435816764831542969e-01
3.438956737518310547e-01
3.421056270599365234e-01
3.405215740203857422e-01
3.409790992736816406e-01
3.438436985015869141e-01
3.395984172821044922e-01
3.674614429473876953e-01
3.694748878479003906e-01
3.602690696716308594e-01
3.476541042327880859e-01
3.553721904754638672e-01
3.500924110412597656e-01
3.529772758483886719e-01
3.516366481781005859e-01
3.486678600311279297e-01
3.501954078674316406e-01
3.540434837341308594e-01
3.524947166442871094e-01
3.539631366729736328e-01
3.504199981689453125e-01
3.459844589233398438e-01
3.447856903076171875e-01
3.461649417877197266e-01
3.503232002258300781e-01
3.521189689636230469e-01
3.540751934051513672e-01
3.526124954223632812e-01
3.543972969055175781e-01
3.618309497833251953e-01
3.545007705688476562e-01
3.487429618835449219e-01
3.501076698303222656e-01
3.483171463012695312e-01
3.494608402252197266e-01
3.466382026672363281e-01
3.546922206878662109e-01
3.575859069824218750e-01
3.599340915679931641e-01
3.582973480224609375e-01
3.867859840393066406e-01
3.442189693450927734e-01
3.498771190643310547e-01
3.473150730133056641e-01
3.489837646484375000e-01
3.484814167022705078e-01
3.478653430938720703e-01
3.494038581848144531e-01
3.462650775909423828e-01
3.471548557281494141e-01
3.482034206390380859e-01
3.495564460754394531e-01
3.501529693603515625e-01
3.559324741363525391e-01
3.518698215484619141e-01
3.521978855133056641e-01
3.558661937713623047e-01
3.510313034057617188e-01
3.544764518737792969e-01
3.500232696533203125e-01
3.510308265686035156e-01
3.508410453796386719e-01
3.532457351684570312e-01
3.440554141998291016e-01
3.462390899658203125e-01
3.436644077301025391e-01
3.455071449279785156e-01
3.463461399078369141e-01
3.432288169860839844e-01
3.441612720489501953e-01
3.444614410400390625e-01
3.534629344940185547e-01
3.427619934082031250e-01
3.464536666870117188e-01
3.476996421813964844e-01
3.500745296478271484e-01
3.600308895111083984e-01
3.523557186126708984e-01
3.551063537597656250e-01
