1.246781110763549805e+00
1.232597112655639648e+00
1.238333463668823242e+00
1.288961172103881836e+00
1.222988367080688477e+00
1.237346887588500977e+00
1.233443975448608398e+00
1.251148223876953125e+00
1.316324949264526367e+00
1.234614133834838867e+00
1.272476196289062500e+00
1.296042442321777344e+00
1.281879901885986328e+00
1.278146743774414062e+00
1.283010959625244141e+00
1.278585672378540039e+00
1.276125431060791016e+00
1.275552749633789062e+00
1.328084707260131836e+00
1.223087310791015625e+00
1.455376148223876953e+00
1.457389593124389648e+00
1.365901708602905273e+00
1.501901388168334961e+00
1.647202730178833008e+00
1.318568229675292969e+00
1.302445650100708008e+00
1.305604457855224609e+00
1.300903081893920898e+00
1.298091650009155273e+00
1.690277814865112305e+00
1.633771181106567383e+00
1.302684545516967773e+00
1.298757791519165039e+00
1.294017553329467773e+00
1.307754516601562500e+00
1.295495510101318359e+00
1.344916820526123047e+00
1.296059846878051758e+00
1.320650100708007812e+00
1.369221925735473633e+00
1.660876512527465820e+00
2.075340032577514648e+00
1.776571512222290039e+00
1.325210332870483398e+00
1.291052341461181641e+00
1.313337802886962891e+00
1.295715332031250000e+00
1.313116788864135742e+00
1.297944307327270508e+00
1.304039239883422852e+00
1.312581539154052734e+00
1.384278059005737305e+00
1.315531492233276367e+00
1.308226108551025391e+00
1.885188341140747070e+00
1.294522523880004883e+00
1.305614709854125977e+00
1.367599725723266602e+00
1.322523832321166992e+00
1.539947986602783203e+00
1.588695049285888672e+00
1.382781744003295898e+00
1.401272535324096680e+00
1.288051843643188477e+00
1.381543636322021484e+00
1.794847011566162109e+00
1.252410411834716797e+00
1.317680120468139648e+00
1.245620727539062500e+00
1.244770288467407227e+00
1.237982511520385742e+00
1.247880458831787109e+00
1.316028118133544922e+00
1.253618478775024414e+00
1.251528739929199219e+00
1.261148214340209961e+00
1.255007266998291016e+00
1.671395778656005859e+00
1.698247432708740234e+00
1.279544353485107422e+00
1.411938190460205078e+00
1.695720434188842773e+00
1.347175359725952148e+00
1.243842601776123047e+00
1.243139743804931641e+00
1.258394956588745117e+00
1.245287895202636719e+00
1.494834661483764648e+00
1.808256626129150391e+00
1.248503923416137695e+00
1.258995532989501953e+00
1.270889520645141602e+00
1.322186470031738281e+00
1.285547018051147461e+00
1.283708572387695312e+00
1.317118406295776367e+00
1.277336359024047852e+00
1.295429706573486328e+00
1.343708753585815430e+00
1.302081108093261719e+00
1.307340860366821289e+00
1.429194211959838867e+00
1.573155641555786133e+00
1.717632293701171875e+00
1.622817277908325195e+00
1.431455373764038086e+00
1.268267869949340820e+00
1.321306943893432617e+00
1.286000967025756836e+00
1.275203466415405273e+00
1.265292644500732422e+00
1.271387815475463867e+00
1.474406719207763672e+00
1.756705522537231445e+00
1.263787269592285156e+00
1.299027204513549805e+00
1.276782512664794922e+00
1.372740983963012695e+00
1.277370214462280273e+00
1.288576841354370117e+00
1.268179655075073242e+00
1.330802679061889648e+00
1.699424266815185547e+00
2.171620607376098633e+00
1.479854345321655273e+00
1.357234001159667969e+00
1.346391677856445312e+00
1.397938489913940430e+00
1.340971708297729492e+00
1.298638343811035156e+00
1.258228778839111328e+00
1.307583570480346680e+00
1.360822439193725586e+00
1.305458784103393555e+00
1.686249971389770508e+00
1.595128774642944336e+00
1.250682115554809570e+00
1.374389171600341797e+00
1.365792274475097656e+00
1.306909084320068359e+00
1.313232183456420898e+00
1.253739595413208008e+00
1.287779808044433594e+00
1.302383422851562500e+00
1.331055164337158203e+00
1.847277402877807617e+00
1.243773698806762695e+00
1.313571214675903320e+00
1.296082019805908203e+00
1.244958400726318359e+00
1.239894151687622070e+00
1.247448682785034180e+00
1.282662630081176758e+00
1.501422643661499023e+00
1.449504137039184570e+00
1.755541086196899414e+00
1.503551006317138672e+00
1.298950195312500000e+00
1.347602605819702148e+00
1.268149852752685547e+00
1.262990474700927734e+00
1.282143354415893555e+00
1.260840654373168945e+00
1.331729412078857422e+00
1.275628328323364258e+00
1.284519433975219727e+00
1.282938003540039062e+00
1.322935819625854492e+00
1.787547111511230469e+00
1.949167251586914062e+00
1.460657119750976562e+00
1.272685527801513672e+00
1.270997524261474609e+00
1.332292079925537109e+00
1.273678064346313477e+00
1.277099847793579102e+00
1.278624534606933594e+00
1.272563934326171875e+00
1.270296573638916016e+00
1.320085287094116211e+00
1.276731729507446289e+00
1.278378009796142578e+00
1.279933214187622070e+00
1.295383214950561523e+00
1.329967975616455078e+00
1.261145353317260742e+00
1.289445877075195312e+00
1.289008140563964844e+00
1.288151979446411133e+00
1.338907241821289062e+00
1.631876945495605469e+00
1.954667806625366211e+00
1.508924245834350586e+00
1.271935939788818359e+00
1.267575979232788086e+00
1.249013900756835938e+00
1.305838584899902344e+00
1.294067382812500000e+00
1.294204950332641602e+00
