1.246784448623657227e+00
1.232604026794433594e+00
1.238291263580322266e+00
1.288971424102783203e+00
1.222987413406372070e+00
1.237362384796142578e+00
1.233443260192871094e+00
1.251163482666015625e+00
1.316325664520263672e+00
1.234634160995483398e+00
1.272482872009277344e+00
1.296048402786254883e+00
1.281890869140625000e+00
1.278154134750366211e+00
1.283004283905029297e+00
1.278592109680175781e+00
1.276139259338378906e+00
1.275562047958374023e+00
1.328097820281982422e+00
1.223111867904663086e+00
1.455359220504760742e+00
1.457402229309082031e+00
1.365901708602905273e+00
1.501915454864501953e+00
1.647218704223632812e+00
1.318566322326660156e+00
1.302458047866821289e+00
1.305630207061767578e+00
1.300922870635986328e+00
1.298100948333740234e+00
1.690271854400634766e+00
1.633780956268310547e+00
1.302700519561767578e+00
1.298763990402221680e+00
1.294035434722900391e+00
1.307769536972045898e+00
1.295499086380004883e+00
1.344924211502075195e+00
1.296094179153442383e+00
1.320653676986694336e+00
1.369243144989013672e+00
1.660872936248779297e+00
2.075350999832153320e+00
1.776572465896606445e+00
1.325239181518554688e+00
1.291064977645874023e+00
1.313340425491333008e+00
1.295748710632324219e+00
1.313131332397460938e+00
1.297945976257324219e+00
1.304062128067016602e+00
1.312619924545288086e+00
1.384294986724853516e+00
1.315539598464965820e+00
1.308253765106201172e+00
1.885195016860961914e+00
1.294540643692016602e+00
1.305635929107666016e+00
1.367609977722167969e+00
1.322504758834838867e+00
1.539965152740478516e+00
1.588709831237792969e+00
1.382809400558471680e+00
1.401278018951416016e+00
1.288033962249755859e+00
1.381538391113281250e+00
1.794852018356323242e+00
1.252406358718872070e+00
1.317684173583984375e+00
1.245633602142333984e+00
1.244775772094726562e+00
1.237987756729125977e+00
1.247903823852539062e+00
1.316015481948852539e+00
1.253636360168457031e+00
1.251551389694213867e+00
1.261169910430908203e+00
1.255008459091186523e+00
1.671413660049438477e+00
1.698251485824584961e+00
1.279569149017333984e+00
1.411955118179321289e+00
1.695744276046752930e+00
1.347174882888793945e+00
1.243863105773925781e+00
1.243163347244262695e+00
1.258418083190917969e+00
1.245313405990600586e+00
1.494836568832397461e+00
1.808264493942260742e+00
1.248517513275146484e+00
1.258998394012451172e+00
1.270914554595947266e+00
1.322208642959594727e+00
1.285553216934204102e+00
1.283725261688232422e+00
1.317112922668457031e+00
1.277343273162841797e+00
1.295431375503540039e+00
1.343699216842651367e+00
1.302086830139160156e+00
1.307344913482666016e+00
1.429187536239624023e+00
1.573170900344848633e+00
1.717650413513183594e+00
1.622843742370605469e+00
1.431463718414306641e+00
1.268280744552612305e+00
1.321318149566650391e+00
1.286005258560180664e+00
1.275204181671142578e+00
1.265302896499633789e+00
1.271404743194580078e+00
1.474419116973876953e+00
1.756702184677124023e+00
1.263804197311401367e+00
1.299046516418457031e+00
1.276792049407958984e+00
1.372759580612182617e+00
1.277376651763916016e+00
1.288575887680053711e+00
1.268198013305664062e+00
1.330815792083740234e+00
1.699447870254516602e+00
2.171653509140014648e+00
1.479872465133666992e+00
1.357263088226318359e+00
1.346404552459716797e+00
1.397939205169677734e+00
1.340991258621215820e+00
1.298645257949829102e+00
1.258215665817260742e+00
1.307583808898925781e+00
1.360836505889892578e+00
1.305463552474975586e+00
1.686261653900146484e+00
1.595126152038574219e+00
1.250698804855346680e+00
1.374404191970825195e+00
1.365786790847778320e+00
1.306909084320068359e+00
1.313232421875000000e+00
1.253739356994628906e+00
1.287796258926391602e+00
1.302393674850463867e+00
1.331052303314208984e+00
1.847276687622070312e+00
1.243771314620971680e+00
1.313569307327270508e+00
1.296073913574218750e+00
1.244953632354736328e+00
1.239897489547729492e+00
1.247454166412353516e+00
1.282657384872436523e+00
1.501412153244018555e+00
1.449517250061035156e+00
1.755558490753173828e+00
1.503556728363037109e+00
1.298962116241455078e+00
1.350439071655273438e+00
1.268138170242309570e+00
1.262984037399291992e+00
1.282145261764526367e+00
1.260828733444213867e+00
1.331730842590332031e+00
1.275611877441406250e+00
1.284509658813476562e+00
1.282926559448242188e+00
1.322950124740600586e+00
1.787541627883911133e+00
1.949199199676513672e+00
1.460664033889770508e+00
1.272685050964355469e+00
1.270981788635253906e+00
1.332281589508056641e+00
1.273674011230468750e+00
1.277107000350952148e+00
1.278626680374145508e+00
1.272555112838745117e+00
1.270303010940551758e+00
1.320080041885375977e+00
1.276730537414550781e+00
1.278378486633300781e+00
1.279936313629150391e+00
1.295365095138549805e+00
1.329970121383666992e+00
1.261145353317260742e+00
1.289448976516723633e+00
1.289012193679809570e+00
1.288147211074829102e+00
1.338912487030029297e+00
1.631904840469360352e+00
1.954702138900756836e+00
1.508922100067138672e+00
1.271951436996459961e+00
1.267592906951904297e+00
1.249026298522949219e+00
1.305864095687866211e+00
1.294088840484619141e+00
1.294218778610229492e+00
