1.246778011322021484e+00
1.232596635818481445e+00
1.238321065902709961e+00
1.288959264755249023e+00
1.222985506057739258e+00
1.237344503402709961e+00
1.233439922332763672e+00
1.251148939132690430e+00
1.316310882568359375e+00
1.234611749649047852e+00
1.272471427917480469e+00
1.296031236648559570e+00
1.281874418258666992e+00
1.278141736984252930e+00
1.282982826232910156e+00
1.278580188751220703e+00
1.276124238967895508e+00
1.275552988052368164e+00
1.328076362609863281e+00
1.223086833953857422e+00
1.455371141433715820e+00
1.457381963729858398e+00
1.365898847579956055e+00
1.501892566680908203e+00
1.647197008132934570e+00
1.318551063537597656e+00
1.302446126937866211e+00
1.305603981018066406e+00
1.300904273986816406e+00
1.298084497451782227e+00
1.690275192260742188e+00
1.633764505386352539e+00
1.302681207656860352e+00
1.298758268356323242e+00
1.294008731842041016e+00
1.307749748229980469e+00
1.295494079589843750e+00
1.344917058944702148e+00
1.296059370040893555e+00
1.320649623870849609e+00
1.369218826293945312e+00
1.660878181457519531e+00
2.075342893600463867e+00
1.776562213897705078e+00
1.325198411941528320e+00
1.291048526763916016e+00
1.313333272933959961e+00
1.295703887939453125e+00
1.313117980957031250e+00
1.297943353652954102e+00
1.304042339324951172e+00
1.312577486038208008e+00
1.384275674819946289e+00
1.315525770187377930e+00
1.308221101760864258e+00
1.885180711746215820e+00
1.294519186019897461e+00
1.305634021759033203e+00
1.367595911026000977e+00
1.322520732879638672e+00
1.539942264556884766e+00
1.588690757751464844e+00
1.382776021957397461e+00
1.401270866394042969e+00
1.288009881973266602e+00
1.381546497344970703e+00
1.794834136962890625e+00
1.252405166625976562e+00
1.317672967910766602e+00
1.245611667633056641e+00
1.244752168655395508e+00
1.237980604171752930e+00
1.247874259948730469e+00
1.316025495529174805e+00
1.253611564636230469e+00
1.251521825790405273e+00
1.261143445968627930e+00
1.255004882812500000e+00
1.671408176422119141e+00
1.698237419128417969e+00
1.279537439346313477e+00
1.411932468414306641e+00
1.695709705352783203e+00
1.347168445587158203e+00
1.243835449218750000e+00
1.243135929107666016e+00
1.258391857147216797e+00
1.245279788970947266e+00
1.494820594787597656e+00
1.808239936828613281e+00
1.248498916625976562e+00
1.258979320526123047e+00
1.270855188369750977e+00
1.322180032730102539e+00
1.285553932189941406e+00
1.283711910247802734e+00
1.317113161087036133e+00
1.277334690093994141e+00
1.295421123504638672e+00
1.343707084655761719e+00
1.302068948745727539e+00
1.307337999343872070e+00
1.429192781448364258e+00
1.573154211044311523e+00
1.717623233795166016e+00
1.622816085815429688e+00
1.431450366973876953e+00
1.268256902694702148e+00
1.321306228637695312e+00
1.285998106002807617e+00
1.275200366973876953e+00
1.265297412872314453e+00
1.271388769149780273e+00
1.474403381347656250e+00
1.756702423095703125e+00
1.263790130615234375e+00
1.299025774002075195e+00
1.276783227920532227e+00
1.372736454010009766e+00
1.277368307113647461e+00
1.288574934005737305e+00
1.268177986145019531e+00
1.330797433853149414e+00
1.699423789978027344e+00
2.171615123748779297e+00
1.479852437973022461e+00
1.357227563858032227e+00
1.346392393112182617e+00
1.397941827774047852e+00
1.340972423553466797e+00
1.298633575439453125e+00
1.258224487304687500e+00
1.307580947875976562e+00
1.360818147659301758e+00
1.305456876754760742e+00
1.686249017715454102e+00
1.595124483108520508e+00
1.250680685043334961e+00
1.374389648437500000e+00
1.365788698196411133e+00
1.306904554367065430e+00
1.313220500946044922e+00
1.253738641738891602e+00
1.287772655487060547e+00
1.302377462387084961e+00
1.331049203872680664e+00
1.847277879714965820e+00
1.243770122528076172e+00
1.313563823699951172e+00
1.296072721481323242e+00
1.244955539703369141e+00
1.239893198013305664e+00
1.247446060180664062e+00
1.282657623291015625e+00
1.501417875289916992e+00
1.449494600296020508e+00
1.755538463592529297e+00
1.503550291061401367e+00
1.298948287963867188e+00
1.347602128982543945e+00
1.268148899078369141e+00
1.262984991073608398e+00
1.282149314880371094e+00
1.260839223861694336e+00
1.331729412078857422e+00
1.275630712509155273e+00
1.284521102905273438e+00
1.282934665679931641e+00
1.322935581207275391e+00
1.787539005279541016e+00
1.949167966842651367e+00
1.460664033889770508e+00
1.272686719894409180e+00
1.270998239517211914e+00
1.332289457321166992e+00
1.273678541183471680e+00
1.277101993560791016e+00
1.278627395629882812e+00
1.272560834884643555e+00
1.270301342010498047e+00
1.320081472396850586e+00
1.276731252670288086e+00
1.278378963470458984e+00
1.279934167861938477e+00
1.295384883880615234e+00
1.329967021942138672e+00
1.261141538619995117e+00
1.289447546005249023e+00
1.289009571075439453e+00
1.288162708282470703e+00
1.338909149169921875e+00
1.631879568099975586e+00
1.954667806625366211e+00
1.508923768997192383e+00
1.271940231323242188e+00
1.267574548721313477e+00
1.249013185501098633e+00
1.305849313735961914e+00
1.294070005416870117e+00
1.294206142425537109e+00
