1.246785402297973633e+00
1.232603311538696289e+00
1.238345623016357422e+00
1.288968086242675781e+00
1.222994327545166016e+00
1.237353086471557617e+00
1.233457326889038086e+00
1.251152753829956055e+00
1.316330194473266602e+00
1.234619140625000000e+00
1.272484540939331055e+00
1.296048641204833984e+00
1.281885623931884766e+00
1.278153181076049805e+00
1.283016920089721680e+00
1.278591156005859375e+00
1.276133537292480469e+00
1.275560140609741211e+00
1.328091144561767578e+00
1.223100423812866211e+00
1.455383777618408203e+00
1.457389354705810547e+00
1.365906238555908203e+00
1.501904726028442383e+00
1.647209405899047852e+00
1.318575382232666016e+00
1.302449703216552734e+00
1.305608272552490234e+00
1.300908088684082031e+00
1.298098325729370117e+00
1.690281391143798828e+00
1.633777141571044922e+00
1.302686214447021484e+00
1.298771142959594727e+00
1.294019699096679688e+00
1.307761669158935547e+00
1.295503854751586914e+00
1.344923257827758789e+00
1.296064138412475586e+00
1.320654869079589844e+00
1.369225502014160156e+00
1.660891771316528320e+00
2.075350999832153320e+00
1.776577949523925781e+00
1.325219392776489258e+00
1.291055679321289062e+00
1.313346385955810547e+00
1.295719385147094727e+00
1.313121080398559570e+00
1.297950744628906250e+00
1.304044961929321289e+00
1.312586307525634766e+00
1.384284019470214844e+00
1.315537691116333008e+00
1.308230161666870117e+00
1.885192394256591797e+00
1.294527530670166016e+00
1.305645704269409180e+00
1.367606639862060547e+00
1.322531700134277344e+00
1.539952039718627930e+00
1.588703155517578125e+00
1.382786273956298828e+00
1.401282787322998047e+00
1.288055181503295898e+00
1.381569623947143555e+00
1.794856071472167969e+00
1.252417325973510742e+00
1.317688465118408203e+00
1.245629549026489258e+00
1.244770526885986328e+00
1.237989664077758789e+00
1.247887611389160156e+00
1.316035032272338867e+00
1.253625392913818359e+00
1.251536369323730469e+00
1.261156320571899414e+00
1.255016326904296875e+00
1.671402454376220703e+00
1.698254108428955078e+00
1.279551267623901367e+00
1.411946058273315430e+00
1.695728540420532227e+00
1.347179412841796875e+00
1.243850708007812500e+00
1.243146657943725586e+00
1.258402347564697266e+00
1.245297431945800781e+00
1.494833707809448242e+00
1.808264493942260742e+00
1.248511075973510742e+00
1.258995771408081055e+00
1.270898103713989258e+00
1.322195291519165039e+00
1.285558700561523438e+00
1.283718824386596680e+00
1.317123413085937500e+00
1.277340888977050781e+00
1.295433044433593750e+00
1.343714475631713867e+00
1.302087306976318359e+00
1.307348966598510742e+00
1.429208517074584961e+00
1.573161602020263672e+00
1.717636585235595703e+00
1.622825622558593750e+00
1.431463003158569336e+00
1.268275737762451172e+00
1.321314811706542969e+00
1.286009788513183594e+00
1.275209426879882812e+00
1.265298843383789062e+00
1.271396398544311523e+00
1.474414348602294922e+00
1.756709337234497070e+00
1.263796329498291016e+00
1.299035310745239258e+00
1.276790618896484375e+00
1.372746706008911133e+00
1.277377605438232422e+00
1.288582801818847656e+00
1.268187761306762695e+00
1.330810546875000000e+00
1.699437379837036133e+00
2.171626091003417969e+00
1.479863405227661133e+00
1.357238531112670898e+00
1.346398115158081055e+00
1.397948265075683594e+00
1.340982198715209961e+00
1.298647165298461914e+00
1.258234262466430664e+00
1.307591199874877930e+00
1.360831499099731445e+00
1.305468082427978516e+00
1.686259269714355469e+00
1.595139503479003906e+00
1.250692129135131836e+00
1.374399662017822266e+00
1.365800619125366211e+00
1.306917667388916016e+00
1.313240289688110352e+00
1.253747940063476562e+00
1.287786960601806641e+00
1.302391529083251953e+00
1.331061601638793945e+00
1.847285985946655273e+00
1.243779897689819336e+00
1.313576459884643555e+00
1.296088933944702148e+00
1.244965314865112305e+00
1.239903926849365234e+00
1.247457265853881836e+00
1.282669067382812500e+00
1.501427173614501953e+00
1.449506282806396484e+00
1.755546092987060547e+00
1.503555536270141602e+00
1.298953056335449219e+00
1.347606182098388672e+00
1.268152713775634766e+00
1.262994289398193359e+00
1.282148599624633789e+00
1.260852098464965820e+00
1.331732511520385742e+00
1.275634288787841797e+00
1.284524202346801758e+00
1.282941579818725586e+00
1.322940826416015625e+00
1.787545204162597656e+00
1.949169397354125977e+00
1.460660457611083984e+00
1.272687196731567383e+00
1.271000862121582031e+00
1.332296848297119141e+00
1.273684024810791016e+00
1.277105569839477539e+00
1.278629064559936523e+00
1.272567033767700195e+00
1.270301580429077148e+00
1.320089340209960938e+00
1.276735782623291016e+00
1.278380155563354492e+00
1.279936313629150391e+00
1.295387268066406250e+00
1.329974412918090820e+00
1.261145830154418945e+00
1.289451122283935547e+00
1.289020299911499023e+00
1.288157701492309570e+00
1.338911294937133789e+00
1.631884574890136719e+00
1.954670906066894531e+00
1.508926868438720703e+00
1.271943569183349609e+00
1.267584800720214844e+00
1.249021768569946289e+00
1.305859804153442383e+00
1.294079780578613281e+00
1.294215679168701172e+00
