2.515802145004272461e+00
6.126179695129394531e-01
6.068527698516845703e-01
6.112275123596191406e-01
6.196839809417724609e-01
6.179952621459960938e-01
6.183631420135498047e-01
6.167006492614746094e-01
6.169128417968750000e-01
6.131384372711181641e-01
6.143476963043212891e-01
6.042187213897705078e-01
6.003508567810058594e-01
5.998611450195312500e-01
5.873510837554931641e-01
5.893776416778564453e-01
5.870761871337890625e-01
5.884153842926025391e-01
5.868058204650878906e-01
5.717992782592773438e-01
6.109805107116699219e-01
6.194083690643310547e-01
6.078677177429199219e-01
6.023397445678710938e-01
6.120645999908447266e-01
6.166651248931884766e-01
5.944838523864746094e-01
5.916450023651123047e-01
5.885965824127197266e-01
5.941660404205322266e-01
5.896735191345214844e-01
6.253919601440429688e-01
6.185107231140136719e-01
6.215198040008544922e-01
5.999045372009277344e-01
6.206731796264648438e-01
6.210160255432128906e-01
5.862069129943847656e-01
5.879569053649902344e-01
5.855243206024169922e-01
5.874822139739990234e-01
5.910718441009521484e-01
5.952429771423339844e-01
6.020011901855468750e-01
6.338417530059814453e-01
6.281349658966064453e-01
6.224935054779052734e-01
6.244096755981445312e-01
6.201949119567871094e-01
6.274442672729492188e-01
6.305994987487792969e-01
6.026813983917236328e-01
5.987071990966796875e-01
5.963125228881835938e-01
5.975973606109619141e-01
5.998044013977050781e-01
6.325113773345947266e-01
6.273527145385742188e-01
6.203453540802001953e-01
6.080245971679687500e-01
6.233692169189453125e-01
5.978438854217529297e-01
6.002678871154785156e-01
6.025257110595703125e-01
5.981557369232177734e-01
6.046693325042724609e-01
6.041803359985351562e-01
6.315650939941406250e-01
6.123046875000000000e-01
6.105608940124511719e-01
6.092159748077392578e-01
6.083240509033203125e-01
6.024034023284912109e-01
6.124107837677001953e-01
6.046404838562011719e-01
5.984606742858886719e-01
6.176118850708007812e-01
5.992016792297363281e-01
6.046643257141113281e-01
5.994017124176025391e-01
6.021113395690917969e-01
6.001801490783691406e-01
5.996472835540771484e-01
6.130836009979248047e-01
6.117489337921142578e-01
6.077256202697753906e-01
6.110084056854248047e-01
6.012241840362548828e-01
5.988709926605224609e-01
6.092836856842041016e-01
6.197173595428466797e-01
6.204843521118164062e-01
6.012630462646484375e-01
6.159243583679199219e-01
6.008436679840087891e-01
6.105012893676757812e-01
5.977094173431396484e-01
6.030809879302978516e-01
6.002061367034912109e-01
5.969924926757812500e-01
5.921170711517333984e-01
6.185588836669921875e-01
6.017448902130126953e-01
5.930714607238769531e-01
6.147656440734863281e-01
6.383960247039794922e-01
6.440281867980957031e-01
6.208486557006835938e-01
6.283957958221435547e-01
6.280779838562011719e-01
6.048626899719238281e-01
6.016764640808105469e-01
5.984249114990234375e-01
6.081926822662353516e-01
6.281542778015136719e-01
6.308140754699707031e-01
6.225044727325439453e-01
6.245062351226806641e-01
6.242163181304931641e-01
6.121621131896972656e-01
5.974628925323486328e-01
5.952036380767822266e-01
5.942735671997070312e-01
5.994894504547119141e-01
6.019847393035888672e-01
6.304211616516113281e-01
6.051418781280517578e-01
6.319978237152099609e-01
6.294264793395996094e-01
6.295580863952636719e-01
6.347019672393798828e-01
6.143414974212646484e-01
6.083250045776367188e-01
6.141080856323242188e-01
6.136245727539062500e-01
6.108477115631103516e-01
6.001186370849609375e-01
6.122314929962158203e-01
6.118803024291992188e-01
6.026315689086914062e-01
6.085758209228515625e-01
6.077826023101806641e-01
5.938596725463867188e-01
5.895507335662841797e-01
6.087424755096435547e-01
5.996150970458984375e-01
6.133282184600830078e-01
6.215078830718994141e-01
6.171295642852783203e-01
6.152153015136718750e-01
6.096591949462890625e-01
6.284248828887939453e-01
6.069586277008056641e-01
6.053454875946044922e-01
5.952911376953125000e-01
6.118547916412353516e-01
6.161632537841796875e-01
6.460547447204589844e-01
6.410079002380371094e-01
6.346855163574218750e-01
6.366012096405029297e-01
6.207129955291748047e-01
6.013727188110351562e-01
6.097497940063476562e-01
6.004040241241455078e-01
6.009998321533203125e-01
5.979959964752197266e-01
6.001641750335693359e-01
6.052830219268798828e-01
6.058971881866455078e-01
6.003592014312744141e-01
6.448571681976318359e-01
6.304948329925537109e-01
6.338284015655517578e-01
6.354925632476806641e-01
6.326971054077148438e-01
6.236524581909179688e-01
6.242287158966064453e-01
6.254949569702148438e-01
6.322302818298339844e-01
6.323304176330566406e-01
6.309764385223388672e-01
6.283223628997802734e-01
6.123111248016357422e-01
6.026203632354736328e-01
6.017844676971435547e-01
6.030943393707275391e-01
6.011612415313720703e-01
5.959391593933105469e-01
6.002242565155029297e-01
5.995585918426513672e-01
5.966105461120605469e-01
6.063485145568847656e-01
6.271839141845703125e-01
6.386590003967285156e-01
6.099038124084472656e-01
6.031355857849121094e-01
6.107254028320312500e-01
6.137709617614746094e-01
6.299974918365478516e-01
