2.410105466842651367e+00
4.285423755645751953e-01
4.366023540496826172e-01
4.473659992218017578e-01
4.311015605926513672e-01
4.608578681945800781e-01
4.281864166259765625e-01
4.481813907623291016e-01
4.300734996795654297e-01
4.408729076385498047e-01
4.327557086944580078e-01
4.360525608062744141e-01
4.468381404876708984e-01
4.378631114959716797e-01
4.280185699462890625e-01
4.273421764373779297e-01
4.270355701446533203e-01
4.329736232757568359e-01
4.231617450714111328e-01
4.109361171722412109e-01
4.543354511260986328e-01
4.275608062744140625e-01
4.300498962402343750e-01
4.473488330841064453e-01
4.363429546356201172e-01
4.528434276580810547e-01
4.374072551727294922e-01
4.428453445434570312e-01
4.337811470031738281e-01
4.382748603820800781e-01
4.398615360260009766e-01
4.471092224121093750e-01
4.407351016998291016e-01
4.357094764709472656e-01
4.380981922149658203e-01
4.370498657226562500e-01
4.328153133392333984e-01
4.335873126983642578e-01
4.732143878936767578e-01
4.301080703735351562e-01
4.274525642395019531e-01
4.307560920715332031e-01
4.360556602478027344e-01
4.287016391754150391e-01
4.505798816680908203e-01
4.408180713653564453e-01
4.283716678619384766e-01
4.322278499603271484e-01
4.391798973083496094e-01
4.398272037506103516e-01
4.378111362457275391e-01
4.386482238769531250e-01
4.342849254608154297e-01
4.541859626770019531e-01
4.335417747497558594e-01
4.273903369903564453e-01
4.447002410888671875e-01
4.378318786621093750e-01
4.472301006317138672e-01
4.400525093078613281e-01
4.587309360504150391e-01
4.471635818481445312e-01
4.394178390502929688e-01
4.311203956604003906e-01
4.370243549346923828e-01
5.159986019134521484e-01
4.430716037750244141e-01
4.733903408050537109e-01
4.554719924926757812e-01
4.443874359130859375e-01
4.403200149536132812e-01
4.410054683685302734e-01
4.285979270935058594e-01
4.249379634857177734e-01
4.360229969024658203e-01
4.288573265075683594e-01
4.455683231353759766e-01
4.262502193450927734e-01
4.249174594879150391e-01
4.282035827636718750e-01
4.347758293151855469e-01
4.364647865295410156e-01
4.449152946472167969e-01
4.394888877868652344e-01
4.338912963867187500e-01
4.397628307342529297e-01
4.437649250030517578e-01
4.326033592224121094e-01
4.322752952575683594e-01
4.351923465728759766e-01
4.425086975097656250e-01
4.595599174499511719e-01
4.416689872741699219e-01
4.482843875885009766e-01
4.487166404724121094e-01
4.492759704589843750e-01
4.302308559417724609e-01
4.414551258087158203e-01
4.294991493225097656e-01
4.217004776000976562e-01
4.211719036102294922e-01
4.213349819183349609e-01
4.304466247558593750e-01
4.193487167358398438e-01
4.176197052001953125e-01
4.318850040435791016e-01
4.704685211181640625e-01
4.435224533081054688e-01
4.716756343841552734e-01
4.612076282501220703e-01
4.318852424621582031e-01
4.301307201385498047e-01
4.268038272857666016e-01
4.313840866088867188e-01
4.323008060455322266e-01
4.493718147277832031e-01
4.605433940887451172e-01
4.587481021881103516e-01
4.634888172149658203e-01
4.485344886779785156e-01
4.285061359405517578e-01
4.226720333099365234e-01
4.242515563964843750e-01
4.243304729461669922e-01
4.323155879974365234e-01
4.236066341400146484e-01
4.346911907196044922e-01
4.443321228027343750e-01
4.606044292449951172e-01
4.603066444396972656e-01
4.661951065063476562e-01
4.431200027465820312e-01
4.382016658782958984e-01
4.378654956817626953e-01
4.323806762695312500e-01
4.329869747161865234e-01
4.265778064727783203e-01
4.586660861968994141e-01
4.692227840423583984e-01
4.522719383239746094e-01
4.648811817169189453e-01
4.430797100067138672e-01
4.243946075439453125e-01
4.249866008758544922e-01
4.535293579101562500e-01
4.388844966888427734e-01
4.407470226287841797e-01
4.406869411468505859e-01
4.720306396484375000e-01
4.734652042388916016e-01
4.721980094909667969e-01
4.679484367370605469e-01
4.313385486602783203e-01
4.314095973968505859e-01
4.301869869232177734e-01
4.324440956115722656e-01
4.336977005004882812e-01
4.333362579345703125e-01
4.642243385314941406e-01
4.617564678192138672e-01
4.456255435943603516e-01
4.423477649688720703e-01
4.481372833251953125e-01
4.354307651519775391e-01
4.616155624389648438e-01
4.405014514923095703e-01
4.441504478454589844e-01
4.549028873443603516e-01
4.396021366119384766e-01
4.351382255554199219e-01
4.358234405517578125e-01
4.353375434875488281e-01
4.406054019927978516e-01
4.398329257965087891e-01
4.415326118469238281e-01
4.427547454833984375e-01
4.490747451782226562e-01
4.460775852203369141e-01
4.466199874877929688e-01
4.625854492187500000e-01
4.449002742767333984e-01
4.420483112335205078e-01
4.480118751525878906e-01
4.403064250946044922e-01
4.577431678771972656e-01
4.380724430084228516e-01
4.464273452758789062e-01
4.550025463104248047e-01
4.351334571838378906e-01
4.609878063201904297e-01
4.448819160461425781e-01
4.396498203277587891e-01
4.689192771911621094e-01
4.358618259429931641e-01
4.662973880767822266e-01
4.562044143676757812e-01
4.473571777343750000e-01
4.889788627624511719e-01
4.718029499053955078e-01
4.742748737335205078e-01
