2.006139755249023438e-01
2.022826671600341797e-01
1.977481842041015625e-01
1.947474479675292969e-01
1.981174945831298828e-01
1.964423656463623047e-01
1.957626342773437500e-01
2.207019329071044922e-01
1.927218437194824219e-01
1.975321769714355469e-01
1.949348449707031250e-01
1.937258243560791016e-01
2.686674594879150391e-01
1.955626010894775391e-01
1.940534114837646484e-01
1.976161003112792969e-01
1.939265727996826172e-01
1.962921619415283203e-01
1.981644630432128906e-01
1.944282054901123047e-01
1.968374252319335938e-01
1.982378959655761719e-01
1.944470405578613281e-01
1.956522464752197266e-01
1.995573043823242188e-01
1.941645145416259766e-01
1.966753005981445312e-01
1.946775913238525391e-01
2.010862827301025391e-01
1.973543167114257812e-01
1.930978298187255859e-01
2.210319042205810547e-01
1.967761516571044922e-01
1.971125602722167969e-01
1.917989253997802734e-01
1.990010738372802734e-01
1.964955329895019531e-01
1.962304115295410156e-01
1.963655948638916016e-01
1.975054740905761719e-01
1.957943439483642578e-01
1.970391273498535156e-01
1.966509819030761719e-01
1.958227157592773438e-01
1.966216564178466797e-01
1.989059448242187500e-01
1.990151405334472656e-01
1.957104206085205078e-01
1.978034973144531250e-01
1.987564563751220703e-01
1.975469589233398438e-01
1.981780529022216797e-01
1.977891921997070312e-01
1.981036663055419922e-01
1.983134746551513672e-01
1.956346035003662109e-01
1.944737434387207031e-01
1.994991302490234375e-01
1.985564231872558594e-01
1.999211311340332031e-01
2.037084102630615234e-01
1.994805335998535156e-01
1.962807178497314453e-01
1.988742351531982422e-01
1.978354454040527344e-01
1.961040496826171875e-01
2.078700065612792969e-01
1.979353427886962891e-01
1.915998458862304688e-01
1.974918842315673828e-01
1.888303756713867188e-01
1.939971446990966797e-01
1.979837417602539062e-01
1.937792301177978516e-01
1.953666210174560547e-01
1.952373981475830078e-01
1.980500221252441406e-01
2.755460739135742188e-01
1.954617500305175781e-01
2.705597877502441406e-01
2.103493213653564453e-01
1.907031536102294922e-01
1.992824077606201172e-01
1.917235851287841797e-01
1.926097869873046875e-01
1.959443092346191406e-01
1.945207118988037109e-01
1.934607028961181641e-01
1.952486038208007812e-01
1.924474239349365234e-01
1.943929195404052734e-01
1.960909366607666016e-01
1.936550140380859375e-01
1.969125270843505859e-01
1.954398155212402344e-01
1.924049854278564453e-01
2.013628482818603516e-01
1.938214302062988281e-01
1.916918754577636719e-01
2.105650901794433594e-01
1.926090717315673828e-01
1.968185901641845703e-01
1.947870254516601562e-01
1.926929950714111328e-01
1.990458965301513672e-01
1.915247440338134766e-01
1.736781597137451172e-01
1.943836212158203125e-01
1.924164295196533203e-01
1.947534084320068359e-01
1.954929828643798828e-01
1.906032562255859375e-01
2.203185558319091797e-01
1.915357112884521484e-01
1.918852329254150391e-01
1.960468292236328125e-01
1.914951801300048828e-01
1.939659118652343750e-01
1.982004642486572266e-01
1.928822994232177734e-01
2.080030441284179688e-01
1.958181858062744141e-01
1.952886581420898438e-01
1.961092948913574219e-01
1.940641403198242188e-01
1.761081218719482422e-01
1.964263916015625000e-01
1.950275897979736328e-01
1.951150894165039062e-01
1.972787380218505859e-01
1.921348571777343750e-01
1.930749416351318359e-01
1.938626766204833984e-01
1.919295787811279297e-01
1.945083141326904297e-01
1.954746246337890625e-01
1.958625316619873047e-01
1.978404521942138672e-01
2.005038261413574219e-01
1.929433345794677734e-01
1.918148994445800781e-01
1.909120082855224609e-01
1.996734142303466797e-01
2.022473812103271484e-01
1.940784454345703125e-01
1.764705181121826172e-01
2.692351341247558594e-01
1.944377422332763672e-01
1.970624923706054688e-01
2.050168514251708984e-01
2.004570960998535156e-01
1.926429271697998047e-01
1.942040920257568359e-01
1.817402839660644531e-01
1.753401756286621094e-01
1.926274299621582031e-01
1.915690898895263672e-01
1.928637027740478516e-01
1.957049369812011719e-01
1.742367744445800781e-01
1.968493461608886719e-01
1.918692588806152344e-01
1.917648315429687500e-01
1.941490173339843750e-01
1.924488544464111328e-01
1.940505504608154297e-01
2.019851207733154297e-01
1.920447349548339844e-01
1.755678653717041016e-01
1.913137435913085938e-01
1.994431018829345703e-01
1.758151054382324219e-01
1.974067687988281250e-01
1.919488906860351562e-01
1.933553218841552734e-01
2.016491889953613281e-01
1.967015266418457031e-01
2.015945911407470703e-01
1.962599754333496094e-01
1.963405609130859375e-01
1.982400417327880859e-01
1.786563396453857422e-01
1.976819038391113281e-01
1.995918750762939453e-01
1.993987560272216797e-01
2.001895904541015625e-01
1.958982944488525391e-01
2.811810970306396484e-01
1.978840827941894531e-01
1.961793899536132812e-01
1.958582401275634766e-01
1.979696750640869141e-01
1.956748962402343750e-01
1.994788646697998047e-01
2.181973457336425781e-01
1.960375308990478516e-01
1.978738307952880859e-01
1.965079307556152344e-01
1.946964263916015625e-01
1.995933055877685547e-01
