2.790125846862792969e+00
1.208368539810180664e+00
1.205471515655517578e+00
1.211475133895874023e+00
1.211434364318847656e+00
1.208278894424438477e+00
1.207249641418457031e+00
1.204127788543701172e+00
1.206863403320312500e+00
1.216234445571899414e+00
1.214471340179443359e+00
1.203406810760498047e+00
1.210382223129272461e+00
1.211472749710083008e+00
1.218183755874633789e+00
1.211189508438110352e+00
1.218875408172607422e+00
1.211609840393066406e+00
1.225913047790527344e+00
1.216633081436157227e+00
1.212572813034057617e+00
1.219251632690429688e+00
1.216969966888427734e+00
1.220993757247924805e+00
1.219036579132080078e+00
1.220701694488525391e+00
1.219052791595458984e+00
1.222212076187133789e+00
1.220480680465698242e+00
1.232445478439331055e+00
1.226215839385986328e+00
1.227843284606933594e+00
1.222748041152954102e+00
1.224613666534423828e+00
1.222508907318115234e+00
1.227618455886840820e+00
1.230710744857788086e+00
1.232174396514892578e+00
1.232555866241455078e+00
1.232914686203002930e+00
1.229375600814819336e+00
1.238858461380004883e+00
1.232599735260009766e+00
1.230658292770385742e+00
1.227836608886718750e+00
1.233881950378417969e+00
1.235335350036621094e+00
1.232990026473999023e+00
1.233535766601562500e+00
1.229332685470581055e+00
1.233572721481323242e+00
1.236182451248168945e+00
1.236471891403198242e+00
1.237976789474487305e+00
1.241461992263793945e+00
1.239806175231933594e+00
1.232597827911376953e+00
1.244943857192993164e+00
1.231729507446289062e+00
1.230672597885131836e+00
1.233148097991943359e+00
1.227034330368041992e+00
1.228203296661376953e+00
1.229116916656494141e+00
1.230300664901733398e+00
1.222882986068725586e+00
1.246118783950805664e+00
1.232798576354980469e+00
1.240735769271850586e+00
1.230376482009887695e+00
1.248072624206542969e+00
1.228754997253417969e+00
1.235451221466064453e+00
1.260058164596557617e+00
1.243969678878784180e+00
1.224429130554199219e+00
1.235622644424438477e+00
1.224067449569702148e+00
1.227678298950195312e+00
1.223462581634521484e+00
1.227963924407958984e+00
1.240894556045532227e+00
1.238135099411010742e+00
1.241581201553344727e+00
1.245002031326293945e+00
1.242144823074340820e+00
1.239054918289184570e+00
1.233353853225708008e+00
1.233278036117553711e+00
1.237710714340209961e+00
1.233916044235229492e+00
1.236062526702880859e+00
1.235551595687866211e+00
1.243802309036254883e+00
1.240271806716918945e+00
1.241820812225341797e+00
1.234108686447143555e+00
1.245657920837402344e+00
1.237867355346679688e+00
1.247241020202636719e+00
1.255124092102050781e+00
1.247057676315307617e+00
1.250246286392211914e+00
1.240888595581054688e+00
1.246309041976928711e+00
1.243094921112060547e+00
1.244174003601074219e+00
1.242251396179199219e+00
1.238090038299560547e+00
1.237241983413696289e+00
1.242033958435058594e+00
1.240528821945190430e+00
1.248230934143066406e+00
1.245925903320312500e+00
1.239651441574096680e+00
1.257878065109252930e+00
1.239016771316528320e+00
1.242566347122192383e+00
1.245308160781860352e+00
1.252258062362670898e+00
1.248630285263061523e+00
1.245093822479248047e+00
1.240233182907104492e+00
1.245800256729125977e+00
1.247012138366699219e+00
1.241410970687866211e+00
1.246499776840209961e+00
1.246029615402221680e+00
1.245536565780639648e+00
1.245207071304321289e+00
1.254593849182128906e+00
1.240209341049194336e+00
1.248836517333984375e+00
1.246241092681884766e+00
1.242214918136596680e+00
1.249011278152465820e+00
1.253277540206909180e+00
1.254255533218383789e+00
1.262973546981811523e+00
1.252888917922973633e+00
1.252050638198852539e+00
1.257943868637084961e+00
1.265444755554199219e+00
1.257537841796875000e+00
1.248465538024902344e+00
1.249936103820800781e+00
1.245209932327270508e+00
1.253301620483398438e+00
1.248044013977050781e+00
1.241943359375000000e+00
1.239719629287719727e+00
1.247967243194580078e+00
1.254183292388916016e+00
1.248282432556152344e+00
1.251008987426757812e+00
1.258865833282470703e+00
1.253000497817993164e+00
1.256870269775390625e+00
1.249921798706054688e+00
1.271449089050292969e+00
1.255859613418579102e+00
1.266569137573242188e+00
1.256213665008544922e+00
1.268489360809326172e+00
1.246628284454345703e+00
1.266564846038818359e+00
1.259108543395996094e+00
1.250981807708740234e+00
1.246539592742919922e+00
1.257021665573120117e+00
1.239965915679931641e+00
1.245511293411254883e+00
1.242048501968383789e+00
1.241812705993652344e+00
1.244506835937500000e+00
1.245732307434082031e+00
1.248134136199951172e+00
1.244227170944213867e+00
1.245490789413452148e+00
1.237014055252075195e+00
1.257613420486450195e+00
1.245173454284667969e+00
1.246402263641357422e+00
1.252347230911254883e+00
1.252190351486206055e+00
1.251126289367675781e+00
1.248550176620483398e+00
1.249729633331298828e+00
1.248349189758300781e+00
1.243750810623168945e+00
1.246973752975463867e+00
1.252351045608520508e+00
1.248492479324340820e+00
1.247961759567260742e+00
1.247809648513793945e+00
1.241814851760864258e+00
1.248470544815063477e+00
1.249724864959716797e+00
1.256962060928344727e+00
1.243052244186401367e+00
