2.006084918975830078e-01
2.022914886474609375e-01
1.977400779724121094e-01
1.947422027587890625e-01
1.981184482574462891e-01
1.964654922485351562e-01
1.957564353942871094e-01
2.207157611846923828e-01
1.927273273468017578e-01
1.975531578063964844e-01
1.949424743652343750e-01
1.937305927276611328e-01
2.686753273010253906e-01
1.955723762512207031e-01
1.940584182739257812e-01
1.976203918457031250e-01
1.939344406127929688e-01
1.962957382202148438e-01
1.981737613677978516e-01
1.944310665130615234e-01
1.968371868133544922e-01
1.982402801513671875e-01
1.944508552551269531e-01
1.956703662872314453e-01
1.995725631713867188e-01
1.941685676574707031e-01
1.966807842254638672e-01
1.946828365325927734e-01
2.010898590087890625e-01
1.973459720611572266e-01
1.930992603302001953e-01
2.210454940795898438e-01
1.967995166778564453e-01
1.971142292022705078e-01
1.918141841888427734e-01
1.989955902099609375e-01
1.965203285217285156e-01
1.962373256683349609e-01
1.963717937469482422e-01
1.975085735321044922e-01
1.958022117614746094e-01
1.970503330230712891e-01
1.966633796691894531e-01
1.958136558532714844e-01
1.966228485107421875e-01
1.989247798919677734e-01
1.990144252777099609e-01
1.957139968872070312e-01
1.978127956390380859e-01
1.987602710723876953e-01
1.975507736206054688e-01
1.981832981109619141e-01
1.978034973144531250e-01
1.981184482574462891e-01
1.983168125152587891e-01
1.956403255462646484e-01
1.944859027862548828e-01
1.994895935058593750e-01
1.985573768615722656e-01
1.999285221099853516e-01
2.037136554718017578e-01
1.994879245758056641e-01
1.962754726409912109e-01
1.988792419433593750e-01
1.978590488433837891e-01
1.961021423339843750e-01
2.078812122344970703e-01
1.979544162750244141e-01
1.915948390960693359e-01
1.974999904632568359e-01
1.888339519500732422e-01
1.940009593963623047e-01
1.979970932006835938e-01
1.937832832336425781e-01
1.953663825988769531e-01
1.952412128448486328e-01
1.980526447296142578e-01
2.755596637725830078e-01
1.954762935638427734e-01
2.705383300781250000e-01
2.103610038757324219e-01
1.907231807708740234e-01
1.992769241333007812e-01
1.917669773101806641e-01
1.926226615905761719e-01
1.959545612335205078e-01
1.945281028747558594e-01
1.934764385223388672e-01
1.952559947967529297e-01
1.924524307250976562e-01
1.943910121917724609e-01
1.961174011230468750e-01
1.936607360839843750e-01
1.969213485717773438e-01
1.954488754272460938e-01
1.924095153808593750e-01
2.013714313507080078e-01
1.938226222991943359e-01
1.916980743408203125e-01
2.105782032012939453e-01
1.926133632659912109e-01
1.968119144439697266e-01
1.947944164276123047e-01
1.926970481872558594e-01
1.990652084350585938e-01
1.915340423583984375e-01
1.736750602722167969e-01
1.943943500518798828e-01
1.924223899841308594e-01
1.947486400604248047e-01
1.954984664916992188e-01
1.906037330627441406e-01
2.203228473663330078e-01
1.915450096130371094e-01
1.918888092041015625e-01
1.960344314575195312e-01
1.915001869201660156e-01
1.939706802368164062e-01
1.982324123382568359e-01
1.928868293762207031e-01
2.079985141754150391e-01
1.958224773406982422e-01
1.952936649322509766e-01
1.961061954498291016e-01
1.940681934356689453e-01
1.761119365692138672e-01
1.964545249938964844e-01
1.950359344482421875e-01
1.951239109039306641e-01
1.972899436950683594e-01
1.921453475952148438e-01
1.930932998657226562e-01
1.938595771789550781e-01
1.919460296630859375e-01
1.945416927337646484e-01
1.954858303070068359e-01
1.958739757537841797e-01
1.978576183319091797e-01
2.005143165588378906e-01
1.929585933685302734e-01
1.918127536773681641e-01
1.909160614013671875e-01
1.996796131134033203e-01
2.022511959075927734e-01
1.940896511077880859e-01
1.764805316925048828e-01
2.692339420318603516e-01
1.944794654846191406e-01
1.970720291137695312e-01
2.050197124481201172e-01
2.004754543304443359e-01
1.926546096801757812e-01
1.942262649536132812e-01
1.817374229431152344e-01
1.753511428833007812e-01
1.926460266113281250e-01
1.915836334228515625e-01
1.928758621215820312e-01
1.957104206085205078e-01
1.742434501647949219e-01
1.968584060668945312e-01
1.918776035308837891e-01
1.917700767517089844e-01
1.941938400268554688e-01
1.924519538879394531e-01
1.940679550170898438e-01
2.020020484924316406e-01
1.920475959777832031e-01
1.755664348602294922e-01
1.913113594055175781e-01
1.994519233703613281e-01
1.758301258087158203e-01
1.974236965179443359e-01
1.919646263122558594e-01
1.933648586273193359e-01
2.016401290893554688e-01
1.967461109161376953e-01
2.015938758850097656e-01
1.962668895721435547e-01
1.963577270507812500e-01
1.982326507568359375e-01
1.786658763885498047e-01
1.976938247680664062e-01
1.996171474456787109e-01
1.994221210479736328e-01
2.001943588256835938e-01
1.959080696105957031e-01
2.811903953552246094e-01
1.978783607482910156e-01
1.962101459503173828e-01
1.958706378936767578e-01
1.979780197143554688e-01
1.956830024719238281e-01
1.994903087615966797e-01
2.182044982910156250e-01
1.960453987121582031e-01
1.978673934936523438e-01
1.965274810791015625e-01
1.946992874145507812e-01
1.995925903320312500e-01
