5.317118167877197266e-01
5.253453254699707031e-01
5.216481685638427734e-01
5.717368125915527344e-01
5.972990989685058594e-01
6.201982498168945312e-01
5.083413124084472656e-01
6.950898170471191406e-01
5.042388439178466797e-01
7.045509815216064453e-01
5.069403648376464844e-01
8.042211532592773438e-01
4.961564540863037109e-01
7.642092704772949219e-01
5.088181495666503906e-01
7.887263298034667969e-01
6.048259735107421875e-01
6.665167808532714844e-01
5.185134410858154297e-01
5.234923362731933594e-01
5.175311565399169922e-01
5.086271762847900391e-01
5.249326229095458984e-01
5.268690586090087891e-01
5.152420997619628906e-01
5.054614543914794922e-01
5.121870040893554688e-01
5.093159675598144531e-01
5.103032588958740234e-01
5.036499500274658203e-01
5.081973075866699219e-01
5.105421543121337891e-01
5.028393268585205078e-01
5.096390247344970703e-01
5.089738368988037109e-01
6.144092082977294922e-01
6.290683746337890625e-01
5.239126682281494141e-01
9.336042404174804688e-01
5.378305912017822266e-01
6.322329044342041016e-01
5.287637710571289062e-01
5.302839279174804688e-01
5.150969028472900391e-01
5.354208946228027344e-01
5.232369899749755859e-01
5.314369201660156250e-01
6.120133399963378906e-01
5.234737396240234375e-01
5.274519920349121094e-01
5.191271305084228516e-01
5.216469764709472656e-01
5.307581424713134766e-01
5.229933261871337891e-01
5.148403644561767578e-01
5.216553211212158203e-01
5.250914096832275391e-01
5.275104045867919922e-01
5.271263122558593750e-01
5.257203578948974609e-01
5.118358135223388672e-01
5.133249759674072266e-01
5.291137695312500000e-01
5.070400238037109375e-01
5.265817642211914062e-01
5.097012519836425781e-01
5.878782272338867188e-01
5.106351375579833984e-01
5.143148899078369141e-01
5.095672607421875000e-01
5.083560943603515625e-01
4.988818168640136719e-01
5.122375488281250000e-01
9.370877742767333984e-01
5.154466629028320312e-01
7.883107662200927734e-01
5.212256908416748047e-01
5.325915813446044922e-01
5.318872928619384766e-01
5.798244476318359375e-01
5.312495231628417969e-01
6.935715675354003906e-01
5.312862396240234375e-01
6.361949443817138672e-01
5.284039974212646484e-01
5.837881565093994141e-01
5.250558853149414062e-01
6.207363605499267578e-01
5.326902866363525391e-01
8.137214183807373047e-01
5.283315181732177734e-01
7.042405605316162109e-01
5.360467433929443359e-01
7.989630699157714844e-01
5.216012001037597656e-01
7.753925323486328125e-01
5.237181186676025391e-01
5.201444625854492188e-01
5.256264209747314453e-01
5.197958946228027344e-01
5.187931060791015625e-01
5.292208194732666016e-01
5.281953811645507812e-01
5.277309417724609375e-01
5.338900089263916016e-01
5.259168148040771484e-01
5.438532829284667969e-01
5.315089225769042969e-01
5.225296020507812500e-01
5.223214626312255859e-01
5.172719955444335938e-01
6.715376377105712891e-01
5.020861625671386719e-01
4.924371242523193359e-01
4.981591701507568359e-01
4.996855258941650391e-01
4.992015361785888672e-01
5.006203651428222656e-01
5.161912441253662109e-01
5.137441158294677734e-01
5.122423171997070312e-01
5.198800563812255859e-01
5.163624286651611328e-01
5.176458358764648438e-01
5.141975879669189453e-01
5.138936042785644531e-01
5.127348899841308594e-01
5.170431137084960938e-01
5.176587104797363281e-01
5.159399509429931641e-01
5.145480632781982422e-01
5.095579624176025391e-01
5.119075775146484375e-01
5.092930793762207031e-01
4.985268115997314453e-01
5.075075626373291016e-01
5.097200870513916016e-01
5.171663761138916016e-01
5.099928379058837891e-01
5.072472095489501953e-01
5.090198516845703125e-01
5.108089447021484375e-01
5.089087486267089844e-01
5.086023807525634766e-01
5.162241458892822266e-01
5.021390914916992188e-01
5.094635486602783203e-01
5.103199481964111328e-01
5.182898044586181641e-01
5.036380290985107422e-01
5.067751407623291016e-01
5.128509998321533203e-01
5.081117153167724609e-01
5.885665416717529297e-01
5.137078762054443359e-01
5.165517330169677734e-01
5.161001682281494141e-01
5.146787166595458984e-01
5.180642604827880859e-01
5.139572620391845703e-01
5.150363445281982422e-01
5.187525749206542969e-01
5.167987346649169922e-01
5.165863037109375000e-01
5.105252265930175781e-01
6.056942939758300781e-01
5.241534709930419922e-01
5.130939483642578125e-01
5.163269042968750000e-01
5.160837173461914062e-01
5.407900810241699219e-01
5.136089324951171875e-01
5.128734111785888672e-01
5.230090618133544922e-01
5.324015617370605469e-01
5.151417255401611328e-01
5.150403976440429688e-01
5.976145267486572266e-01
5.115740299224853516e-01
5.171933174133300781e-01
5.179383754730224609e-01
5.165266990661621094e-01
5.204806327819824219e-01
5.148301124572753906e-01
5.139000415802001953e-01
5.172123908996582031e-01
5.202736854553222656e-01
5.142207145690917969e-01
5.162215232849121094e-01
5.193300247192382812e-01
5.996136665344238281e-01
4.904146194458007812e-01
5.021984577178955078e-01
5.170745849609375000e-01
5.028347969055175781e-01
5.172588825225830078e-01
5.201706886291503906e-01
5.176320075988769531e-01
5.145165920257568359e-01
4.983887672424316406e-01
