5.316982269287109375e-01
5.253396034240722656e-01
5.216376781463623047e-01
5.717244148254394531e-01
5.972943305969238281e-01
6.201863288879394531e-01
5.083355903625488281e-01
6.950790882110595703e-01
5.042340755462646484e-01
7.045431137084960938e-01
5.069339275360107422e-01
8.042166233062744141e-01
4.961481094360351562e-01
7.641961574554443359e-01
5.088119506835937500e-01
7.887165546417236328e-01
6.048204898834228516e-01
6.665072441101074219e-01
5.185086727142333984e-01
5.234842300415039062e-01
5.175247192382812500e-01
5.086104869842529297e-01
5.249221324920654297e-01
5.268580913543701172e-01
5.152184963226318359e-01
5.054569244384765625e-01
5.121793746948242188e-01
5.093028545379638672e-01
5.102901458740234375e-01
5.036392211914062500e-01
5.081880092620849609e-01
5.105333328247070312e-01
5.028409957885742188e-01
5.096309185028076172e-01
5.089652538299560547e-01
6.143972873687744141e-01
6.290681362152099609e-01
5.239000320434570312e-01
9.336087703704833984e-01
5.378139019012451172e-01
6.322495937347412109e-01
5.287523269653320312e-01
5.302772521972656250e-01
5.150837898254394531e-01
5.354115962982177734e-01
5.232257843017578125e-01
5.314352512359619141e-01
6.120088100433349609e-01
5.234651565551757812e-01
5.274519920349121094e-01
5.191099643707275391e-01
5.216419696807861328e-01
5.307462215423583984e-01
5.229921340942382812e-01
5.148324966430664062e-01
5.216467380523681641e-01
5.250790119171142578e-01
5.465478897094726562e-01
5.271153450012207031e-01
5.257093906402587891e-01
5.118331909179687500e-01
5.133142471313476562e-01
5.291008949279785156e-01
5.070383548736572266e-01
5.265717506408691406e-01
5.096929073333740234e-01
5.878791809082031250e-01
5.106408596038818359e-01
5.143060684204101562e-01
5.095555782318115234e-01
5.083522796630859375e-01
4.988739490509033203e-01
5.122311115264892578e-01
9.370534420013427734e-01
5.154392719268798828e-01
7.882993221282958984e-01
5.212073326110839844e-01
5.325815677642822266e-01
5.318810939788818359e-01
5.798161029815673828e-01
5.312397480010986328e-01
6.935782432556152344e-01
5.312819480895996094e-01
6.361958980560302734e-01
5.283973217010498047e-01
5.838015079498291016e-01
5.250508785247802734e-01
6.207416057586669922e-01
5.326898097991943359e-01
8.137173652648925781e-01
5.283234119415283203e-01
7.042353153228759766e-01
5.360324382781982422e-01
7.989654541015625000e-01
5.215930938720703125e-01
7.753851413726806641e-01
5.237061977386474609e-01
5.201385021209716797e-01
5.256192684173583984e-01
5.197818279266357422e-01
5.187816619873046875e-01
5.292115211486816406e-01
5.281846523284912109e-01
5.277175903320312500e-01
5.338907241821289062e-01
5.259101390838623047e-01
5.438332557678222656e-01
5.315008163452148438e-01
5.225262641906738281e-01
5.223073959350585938e-01
5.172643661499023438e-01
6.715202331542968750e-01
5.020828247070312500e-01
4.924304485321044922e-01
4.981520175933837891e-01
4.996762275695800781e-01
4.991931915283203125e-01
5.006086826324462891e-01
5.161788463592529297e-01
5.137388706207275391e-01
5.122315883636474609e-01
5.198695659637451172e-01
5.163547992706298828e-01
5.176355838775634766e-01
5.141844749450683594e-01
5.138847827911376953e-01
5.127284526824951172e-01
5.170347690582275391e-01
5.176501274108886719e-01
5.159294605255126953e-01
5.145425796508789062e-01
5.095467567443847656e-01
5.118923187255859375e-01
5.092825889587402344e-01
4.985203742980957031e-01
5.074954032897949219e-01
5.097074508666992188e-01
5.171589851379394531e-01
5.099828243255615234e-01
5.072355270385742188e-01
5.090122222900390625e-01
5.108103752136230469e-01
5.088975429534912109e-01
5.085904598236083984e-01
5.162241458892822266e-01
5.021297931671142578e-01
5.094513893127441406e-01
5.103063583374023438e-01
5.182797908782958984e-01
5.036311149597167969e-01
5.067644119262695312e-01
5.128438472747802734e-01
5.080997943878173828e-01
5.885543823242187500e-01
5.136983394622802734e-01
5.165464878082275391e-01
5.160908699035644531e-01
5.146670341491699219e-01
5.180635452270507812e-01
5.139467716217041016e-01
5.150289535522460938e-01
5.187439918518066406e-01
5.167872905731201172e-01
5.165772438049316406e-01
5.105178356170654297e-01
6.056818962097167969e-01
5.241439342498779297e-01
5.130844116210937500e-01
5.163214206695556641e-01
5.160703659057617188e-01
5.375082492828369141e-01
5.136020183563232422e-01
5.128638744354248047e-01
5.229949951171875000e-01
5.347061157226562500e-01
5.151286125183105469e-01
5.150294303894042969e-01
5.976052284240722656e-01
5.115573406219482422e-01
5.171813964843750000e-01
5.179271697998046875e-01
5.165166854858398438e-01
5.204629898071289062e-01
5.148208141326904297e-01
5.138876438140869141e-01
5.172028541564941406e-01
5.202510356903076172e-01
5.142083168029785156e-01
5.162105560302734375e-01
5.193209648132324219e-01
5.996015071868896484e-01
4.904046058654785156e-01
5.021867752075195312e-01
5.170402526855468750e-01
5.028219223022460938e-01
5.172467231750488281e-01
5.201594829559326172e-01
5.176174640655517578e-01
5.145077705383300781e-01
4.983766078948974609e-01
