5.316951274871826172e-01
5.253472328186035156e-01
5.216493606567382812e-01
5.717339515686035156e-01
5.973052978515625000e-01
6.201958656311035156e-01
5.083410739898681641e-01
6.950800418853759766e-01
5.042431354522705078e-01
7.045474052429199219e-01
5.069410800933837891e-01
8.042235374450683594e-01
4.961628913879394531e-01
7.642025947570800781e-01
5.088195800781250000e-01
7.887177467346191406e-01
6.048209667205810547e-01
6.665260791778564453e-01
5.185194015502929688e-01
5.234932899475097656e-01
5.175328254699707031e-01
5.086231231689453125e-01
5.249280929565429688e-01
5.268645286560058594e-01
5.152428150177001953e-01
5.054666996002197266e-01
5.121908187866210938e-01
5.093123912811279297e-01
5.103051662445068359e-01
5.036470890045166016e-01
5.081970691680908203e-01
5.105447769165039062e-01
5.028450489044189453e-01
5.096342563629150391e-01
5.089738368988037109e-01
6.144154071807861328e-01
6.290762424468994141e-01
5.239090919494628906e-01
9.336199760437011719e-01
5.378303527832031250e-01
6.322419643402099609e-01
5.287644863128662109e-01
5.302886962890625000e-01
5.150918960571289062e-01
5.354206562042236328e-01
5.232326984405517578e-01
5.314450263977050781e-01
6.120152473449707031e-01
5.234718322753906250e-01
5.274608135223388672e-01
5.191237926483154297e-01
5.216517448425292969e-01
5.307588577270507812e-01
5.229997634887695312e-01
5.148415565490722656e-01
5.216538906097412109e-01
5.250885486602783203e-01
5.465559959411621094e-01
5.271253585815429688e-01
5.257184505462646484e-01
5.118420124053955078e-01
5.133228302001953125e-01
5.291109085083007812e-01
5.070438385009765625e-01
5.265827178955078125e-01
5.097017288208007812e-01
5.878889560699462891e-01
5.106444358825683594e-01
5.143175125122070312e-01
5.095629692077636719e-01
5.083596706390380859e-01
4.988808631896972656e-01
5.122380256652832031e-01
9.370648860931396484e-01
5.154466629028320312e-01
7.883176803588867188e-01
5.212323665618896484e-01
5.325846672058105469e-01
5.318858623504638672e-01
5.798175334930419922e-01
5.312411785125732422e-01
6.935827732086181641e-01
5.312864780426025391e-01
6.362268924713134766e-01
5.284037590026855469e-01
5.837953090667724609e-01
5.250544548034667969e-01
6.207556724548339844e-01
5.326950550079345703e-01
8.137311935424804688e-01
5.283343791961669922e-01
7.042446136474609375e-01
5.360455513000488281e-01
7.989723682403564453e-01
5.215978622436523438e-01
7.753889560699462891e-01
5.237157344818115234e-01
5.201423168182373047e-01
5.256257057189941406e-01
5.197970867156982422e-01
5.187900066375732422e-01
5.292158126831054688e-01
5.281879901885986328e-01
5.277259349822998047e-01
5.338943004608154297e-01
5.259125232696533203e-01
5.438585281372070312e-01
5.315067768096923828e-01
5.225303173065185547e-01
5.223109722137451172e-01
5.172729492187500000e-01
6.715474128723144531e-01
5.020880699157714844e-01
4.924356937408447266e-01
4.981596469879150391e-01
4.996845722198486328e-01
4.992015361785888672e-01
5.006170272827148438e-01
5.161893367767333984e-01
5.137419700622558594e-01
5.122399330139160156e-01
5.198755264282226562e-01
5.163607597351074219e-01
5.176441669464111328e-01
5.141928195953369141e-01
5.138916969299316406e-01
5.127348899841308594e-01
5.170404911041259766e-01
5.176565647125244141e-01
5.159363746643066406e-01
5.145525932312011719e-01
5.095548629760742188e-01
5.119140148162841797e-01
5.092921257019042969e-01
4.985277652740478516e-01
5.075054168701171875e-01
5.097165107727050781e-01
5.171663761138916016e-01
5.099914073944091797e-01
5.072498321533203125e-01
5.090210437774658203e-01
5.108098983764648438e-01
5.089054107666015625e-01
5.085980892181396484e-01
5.162305831909179688e-01
5.021378993988037109e-01
5.094597339630126953e-01
5.103139877319335938e-01
5.182867050170898438e-01
5.036385059356689453e-01
5.067729949951171875e-01
5.128483772277832031e-01
5.081069469451904297e-01
5.885651111602783203e-01
5.137054920196533203e-01
5.165500640869140625e-01
5.160975456237792969e-01
5.146784782409667969e-01
5.180687904357910156e-01
5.139529705047607422e-01
5.150325298309326172e-01
5.187518596649169922e-01
5.167977809906005859e-01
5.165841579437255859e-01
5.105245113372802734e-01
6.056921482086181641e-01
5.241544246673583984e-01
5.130934715270996094e-01
5.163252353668212891e-01
5.160841941833496094e-01
5.407867431640625000e-01
5.136065483093261719e-01
5.128755569458007812e-01
5.230081081390380859e-01
5.347151756286621094e-01
5.151357650756835938e-01
5.150377750396728516e-01
5.976150035858154297e-01
5.115644931793212891e-01
5.171856880187988281e-01
5.179347991943359375e-01
5.165188312530517578e-01
5.204737186431884766e-01
5.148277282714843750e-01
5.138938426971435547e-01
5.172128677368164062e-01
5.202755928039550781e-01
5.142185688018798828e-01
5.162196159362792969e-01
5.193250179290771484e-01
5.996122360229492188e-01
4.904088973999023438e-01
5.021929740905761719e-01
5.170741081237792969e-01
5.028307437896728516e-01
5.172553062438964844e-01
5.201680660247802734e-01
5.176281929016113281e-01
5.145170688629150391e-01
4.983928203582763672e-01
