5.316810607910156250e-01
5.253565311431884766e-01
5.216355323791503906e-01
5.717077255249023438e-01
5.972893238067626953e-01
6.201381683349609375e-01
5.083057880401611328e-01
6.950533390045166016e-01
5.042052268981933594e-01
7.045185565948486328e-01
5.068933963775634766e-01
8.041996955871582031e-01
4.961318969726562500e-01
7.641646862030029297e-01
5.088064670562744141e-01
7.886893749237060547e-01
6.048204898834228516e-01
6.665158271789550781e-01
5.185048580169677734e-01
5.234777927398681641e-01
5.175125598907470703e-01
5.086178779602050781e-01
5.249280929565429688e-01
5.268661975860595703e-01
5.152256488800048828e-01
5.054504871368408203e-01
5.121767520904541016e-01
5.092909336090087891e-01
5.102784633636474609e-01
5.036399364471435547e-01
5.081806182861328125e-01
5.105156898498535156e-01
5.028262138366699219e-01
5.096197128295898438e-01
5.089471340179443359e-01
6.143803596496582031e-01
6.400458812713623047e-01
5.238914489746093750e-01
9.336280822753906250e-01
5.378079414367675781e-01
6.322503089904785156e-01
5.287363529205322266e-01
5.302734375000000000e-01
5.150842666625976562e-01
5.353858470916748047e-01
5.232329368591308594e-01
5.314278602600097656e-01
6.119971275329589844e-01
5.234725475311279297e-01
5.274600982666015625e-01
5.191221237182617188e-01
5.215392112731933594e-01
5.307269096374511719e-01
5.230004787445068359e-01
5.148186683654785156e-01
5.216379165649414062e-01
5.250897407531738281e-01
5.492782592773437500e-01
5.270946025848388672e-01
5.257041454315185547e-01
5.118477344512939453e-01
5.133221149444580078e-01
5.290846824645996094e-01
5.070431232452392578e-01
5.265605449676513672e-01
5.096609592437744141e-01
5.878696441650390625e-01
5.106492042541503906e-01
5.142891407012939453e-01
5.095322132110595703e-01
5.083556175231933594e-01
4.988772869110107422e-01
5.122182369232177734e-01
9.370770454406738281e-01
5.154488086700439453e-01
7.883079051971435547e-01
5.212178230285644531e-01
5.325856208801269531e-01
5.318655967712402344e-01
5.798048973083496094e-01
5.312275886535644531e-01
6.935839653015136719e-01
5.314033031463623047e-01
6.362285614013671875e-01
5.284025669097900391e-01
5.837981700897216797e-01
5.250537395477294922e-01
6.207458972930908203e-01
5.326912403106689453e-01
8.137319087982177734e-01
5.283269882202148438e-01
7.042410373687744141e-01
5.360460281372070312e-01
7.989728450775146484e-01
5.215950012207031250e-01
7.753980159759521484e-01
5.237030982971191406e-01
5.201427936553955078e-01
5.256061553955078125e-01
5.197980403900146484e-01
5.187697410583496094e-01
5.292160511016845703e-01
5.281724929809570312e-01
5.277149677276611328e-01
5.338935852050781250e-01
5.259113311767578125e-01
5.438296794891357422e-01
5.315034389495849609e-01
5.225315093994140625e-01
5.223033428192138672e-01
5.172770023345947266e-01
6.482994556427001953e-01
5.020895004272460938e-01
4.924418926239013672e-01
4.981606006622314453e-01
4.996788501739501953e-01
4.991993904113769531e-01
5.005874633789062500e-01
5.161724090576171875e-01
5.137395858764648438e-01
5.122191905975341797e-01
5.198438167572021484e-01
5.163550376892089844e-01
5.176396369934082031e-01
5.141818523406982422e-01
5.138764381408691406e-01
5.127294063568115234e-01
5.170180797576904297e-01
5.176365375518798828e-01
5.159361362457275391e-01
5.145509243011474609e-01
5.095248222351074219e-01
5.118775367736816406e-01
5.092806816101074219e-01
4.985272884368896484e-01
5.074696540832519531e-01
5.096995830535888672e-01
5.171656608581542969e-01
5.099599361419677734e-01
5.072426795959472656e-01
5.090143680572509766e-01
5.108003616333007812e-01
5.088694095611572266e-01
5.085771083831787109e-01
5.162289142608642578e-01
5.021312236785888672e-01
5.094590187072753906e-01
5.103118419647216797e-01
5.182995796203613281e-01
5.036356449127197266e-01
5.067722797393798828e-01
5.128443241119384766e-01
5.080859661102294922e-01
5.885674953460693359e-01
5.137002468109130859e-01
5.165324211120605469e-01
5.160858631134033203e-01
5.146749019622802734e-01
5.180511474609375000e-01
5.139341354370117188e-01
5.150263309478759766e-01
5.187511444091796875e-01
5.167667865753173828e-01
5.165605545043945312e-01
5.105175971984863281e-01
6.056904792785644531e-01
5.241229534149169922e-01
5.130567550659179688e-01
5.163211822509765625e-01
5.160677433013916016e-01
5.407648086547851562e-01
5.136086940765380859e-01
5.128452777862548828e-01
5.229754447937011719e-01
5.346777439117431641e-01
5.151286125183105469e-01
5.150246620178222656e-01
5.975866317749023438e-01
5.115599632263183594e-01
5.171818733215332031e-01
5.179164409637451172e-01
5.165004730224609375e-01
5.204637050628662109e-01
5.148160457611083984e-01
5.138766765594482422e-01
5.172035694122314453e-01
5.202453136444091797e-01
5.141799449920654297e-01
5.161890983581542969e-01
5.193240642547607422e-01
5.995857715606689453e-01
4.903929233551025391e-01
5.021889209747314453e-01
5.170712471008300781e-01
5.027935504913330078e-01
5.172145366668701172e-01
5.201621055603027344e-01
5.176241397857666016e-01
5.144846439361572266e-01
4.983832836151123047e-01
