5.316998958587646484e-01
5.253407955169677734e-01
5.216362476348876953e-01
5.717248916625976562e-01
5.972974300384521484e-01
6.201946735382080078e-01
5.083336830139160156e-01
6.950788497924804688e-01
5.042335987091064453e-01
7.045433521270751953e-01
5.069344043731689453e-01
8.042206764221191406e-01
4.961471557617187500e-01
7.641861438751220703e-01
5.088109970092773438e-01
7.887156009674072266e-01
6.048240661621093750e-01
6.665108203887939453e-01
5.185146331787109375e-01
5.234880447387695312e-01
5.175042152404785156e-01
5.086114406585693359e-01
5.249242782592773438e-01
5.268607139587402344e-01
5.152268409729003906e-01
5.054593086242675781e-01
5.121808052062988281e-01
5.092878341674804688e-01
5.102968215942382812e-01
5.036425590515136719e-01
5.081889629364013672e-01
5.105350017547607422e-01
5.028407573699951172e-01
5.096299648284912109e-01
5.089476108551025391e-01
6.144044399261474609e-01
6.160242557525634766e-01
5.239017009735107422e-01
9.336116313934326172e-01
5.378222465515136719e-01
6.322517395019531250e-01
5.287280082702636719e-01
5.302770137786865234e-01
5.150845050811767578e-01
5.354101657867431641e-01
5.232276916503906250e-01
5.314416885375976562e-01
6.120083332061767578e-01
5.234532356262207031e-01
5.274562835693359375e-01
5.191159248352050781e-01
5.216438770294189453e-01
5.307459831237792969e-01
5.229966640472412109e-01
5.148386955261230469e-01
5.216367244720458984e-01
5.250830650329589844e-01
5.465490818023681641e-01
5.271153450012207031e-01
5.257079601287841797e-01
5.118355751037597656e-01
5.133163928985595703e-01
5.290858745574951172e-01
5.070397853851318359e-01
5.265736579895019531e-01
5.096907615661621094e-01
5.878782272338867188e-01
5.106410980224609375e-01
5.143103599548339844e-01
5.095396041870117188e-01
5.083529949188232422e-01
4.988763332366943359e-01
5.122325420379638672e-01
9.370627403259277344e-01
5.154440402984619141e-01
7.883002758026123047e-01
5.212078094482421875e-01
5.325791835784912109e-01
5.318768024444580078e-01
5.798132419586181641e-01
5.312361717224121094e-01
6.935765743255615234e-01
5.312786102294921875e-01
6.362082958221435547e-01
5.283968448638916016e-01
5.837910175323486328e-01
5.250496864318847656e-01
6.207480430603027344e-01
5.326898097991943359e-01
8.137192726135253906e-01
5.283238887786865234e-01
7.042350769042968750e-01
5.360398292541503906e-01
7.989637851715087891e-01
5.215916633605957031e-01
7.753913402557373047e-01
5.237078666687011719e-01
5.201368331909179688e-01
5.256223678588867188e-01
5.197949409484863281e-01
5.187828540802001953e-01
5.292086601257324219e-01
5.281846523284912109e-01
5.277187824249267578e-01
5.338864326477050781e-01
5.259087085723876953e-01
5.438499450683593750e-01
5.315010547637939453e-01
5.225245952606201172e-01
5.223050117492675781e-01
5.172622203826904297e-01
6.715202331542968750e-01
5.020844936370849609e-01
4.924306869506835938e-01
4.981517791748046875e-01
4.996757507324218750e-01
4.991919994354248047e-01
5.006077289581298828e-01
5.161767005920410156e-01
5.137345790863037109e-01
5.122294425964355469e-01
5.198662281036376953e-01
5.163512229919433594e-01
5.176358222961425781e-01
5.141839981079101562e-01
5.138819217681884766e-01
5.127272605895996094e-01
5.170331001281738281e-01
5.176508426666259766e-01
5.159275531768798828e-01
5.145404338836669922e-01
5.095479488372802734e-01
5.118873119354248047e-01
5.092840194702148438e-01
4.985241889953613281e-01
5.074944496154785156e-01
5.097045898437500000e-01
5.171568393707275391e-01
5.099806785583496094e-01
5.072309970855712891e-01
5.090136528015136719e-01
5.108029842376708984e-01
5.088980197906494141e-01
5.085875988006591797e-01
5.162277221679687500e-01
5.021338462829589844e-01
5.094516277313232422e-01
5.103070735931396484e-01
5.182790756225585938e-01
5.036334991455078125e-01
5.067639350891113281e-01
5.128426551818847656e-01
5.080986022949218750e-01
5.885553359985351562e-01
5.136976242065429688e-01
5.165457725524902344e-01
5.160896778106689453e-01
5.146675109863281250e-01
5.180613994598388672e-01
5.139453411102294922e-01
5.150263309478759766e-01
5.187444686889648438e-01
5.167875289916992188e-01
5.165767669677734375e-01
5.105164051055908203e-01
6.056821346282958984e-01
5.241429805755615234e-01
5.130894184112548828e-01
5.163199901580810547e-01
5.160739421844482422e-01
5.375094413757324219e-01
5.135991573333740234e-01
5.128619670867919922e-01
5.229957103729248047e-01
5.347056388854980469e-01
5.151278972625732422e-01
5.150299072265625000e-01
5.976076126098632812e-01
5.115571022033691406e-01
5.171790122985839844e-01
5.179269313812255859e-01
5.165193080902099609e-01
5.204665660858154297e-01
5.148217678070068359e-01
5.138871669769287109e-01
5.172033309936523438e-01
5.202672481536865234e-01
5.142102241516113281e-01
5.162112712860107422e-01
5.193214416503906250e-01
5.996034145355224609e-01
4.904046058654785156e-01
5.021874904632568359e-01
5.170614719390869141e-01
5.028214454650878906e-01
5.172541141510009766e-01
5.201625823974609375e-01
5.176172256469726562e-01
5.145075321197509766e-01
4.983797073364257812e-01
