2.573527097702026367e+00
7.685956954956054688e-01
8.004348278045654297e-01
7.711002826690673828e-01
8.004837036132812500e-01
7.653419971466064453e-01
7.817344665527343750e-01
7.632811069488525391e-01
7.800381183624267578e-01
7.690587043762207031e-01
7.868962287902832031e-01
7.616479396820068359e-01
7.960875034332275391e-01
7.652902603149414062e-01
7.889738082885742188e-01
7.664067745208740234e-01
7.773118019104003906e-01
7.799997329711914062e-01
8.085398674011230469e-01
7.792780399322509766e-01
7.791919708251953125e-01
7.979080677032470703e-01
7.761070728302001953e-01
8.090777397155761719e-01
7.756762504577636719e-01
7.800197601318359375e-01
7.666831016540527344e-01
7.885193824768066406e-01
7.697880268096923828e-01
7.954292297363281250e-01
7.679953575134277344e-01
8.031127452850341797e-01
7.678110599517822266e-01
7.920827865600585938e-01
7.700240612030029297e-01
7.966763973236083984e-01
7.741737365722656250e-01
7.688348293304443359e-01
7.667884826660156250e-01
7.802677154541015625e-01
8.093178272247314453e-01
8.407692909240722656e-01
8.189463615417480469e-01
8.049273490905761719e-01
7.808496952056884766e-01
7.917251586914062500e-01
7.916958332061767578e-01
7.856800556182861328e-01
8.056559562683105469e-01
7.859022617340087891e-01
8.028242588043212891e-01
7.829349040985107422e-01
8.043489456176757812e-01
7.837145328521728516e-01
8.229961395263671875e-01
7.857210636138916016e-01
8.068101406097412109e-01
7.830219268798828125e-01
8.051500320434570312e-01
7.839875221252441406e-01
8.053123950958251953e-01
7.754971981048583984e-01
7.985720634460449219e-01
7.768480777740478516e-01
7.947640419006347656e-01
7.789552211761474609e-01
8.071918487548828125e-01
7.756116390228271484e-01
8.075134754180908203e-01
7.790346145629882812e-01
7.992005348205566406e-01
7.791028022766113281e-01
8.190314769744873047e-01
7.879233360290527344e-01
8.213376998901367188e-01
8.141546249389648438e-01
7.987732887268066406e-01
7.809104919433593750e-01
7.807018756866455078e-01
7.850728034973144531e-01
7.799649238586425781e-01
7.813482284545898438e-01
7.802233695983886719e-01
7.768652439117431641e-01
7.809278964996337891e-01
7.778861522674560547e-01
7.815361022949218750e-01
7.855224609375000000e-01
7.793688774108886719e-01
7.875044345855712891e-01
7.830054759979248047e-01
7.837481498718261719e-01
7.791557312011718750e-01
7.846837043762207031e-01
7.820270061492919922e-01
7.825770378112792969e-01
7.824578285217285156e-01
7.835555076599121094e-01
7.787759304046630859e-01
7.845437526702880859e-01
7.774183750152587891e-01
7.799437046051025391e-01
7.808303833007812500e-01
7.986650466918945312e-01
7.793488502502441406e-01
7.870655059814453125e-01
7.780842781066894531e-01
7.811107635498046875e-01
7.837660312652587891e-01
8.277511596679687500e-01
7.829885482788085938e-01
8.013715744018554688e-01
7.870931625366210938e-01
7.775151729583740234e-01
7.773566246032714844e-01
7.777512073516845703e-01
7.761883735656738281e-01
7.773401737213134766e-01
7.773020267486572266e-01
7.880961894989013672e-01
7.764122486114501953e-01
7.740125656127929688e-01
7.770962715148925781e-01
7.766921520233154297e-01
7.746334075927734375e-01
7.797338962554931641e-01
7.815525531768798828e-01
7.762787342071533203e-01
7.769427299499511719e-01
7.759542465209960938e-01
7.770678997039794922e-01
7.826347351074218750e-01
7.847511768341064453e-01
7.829167842864990234e-01
8.051259517669677734e-01
7.830018997192382812e-01
7.843317985534667969e-01
7.844259738922119141e-01
8.005771636962890625e-01
7.832021713256835938e-01
7.844760417938232422e-01
7.828338146209716797e-01
7.843141555786132812e-01
7.846980094909667969e-01
7.832970619201660156e-01
7.848768234252929688e-01
7.846314907073974609e-01
7.836594581604003906e-01
7.830600738525390625e-01
7.848441600799560547e-01
7.857894897460937500e-01
7.843971252441406250e-01
7.852935791015625000e-01
7.860801219940185547e-01
7.832272052764892578e-01
7.970488071441650391e-01
7.779538631439208984e-01
7.842731475830078125e-01
7.880880832672119141e-01
7.789678573608398438e-01
7.783586978912353516e-01
7.786736488342285156e-01
7.771880626678466797e-01
7.914228439331054688e-01
7.805552482604980469e-01
7.793948650360107422e-01
7.768864631652832031e-01
7.797496318817138672e-01
7.852315902709960938e-01
7.790381908416748047e-01
7.775595188140869141e-01
7.948639392852783203e-01
7.777340412139892578e-01
7.791464328765869141e-01
7.814760208129882812e-01
7.847964763641357422e-01
7.795836925506591797e-01
7.786052227020263672e-01
7.900793552398681641e-01
7.820949554443359375e-01
7.813072204589843750e-01
7.804925441741943359e-01
7.936828136444091797e-01
7.798337936401367188e-01
7.833874225616455078e-01
7.832651138305664062e-01
7.898330688476562500e-01
7.910208702087402344e-01
7.854411602020263672e-01
7.801198959350585938e-01
7.793695926666259766e-01
8.303425312042236328e-01
7.909121513366699219e-01
7.868423461914062500e-01
7.862997055053710938e-01
7.856504917144775391e-01
7.871298789978027344e-01
7.866163253784179688e-01
7.852563858032226562e-01
7.871549129486083984e-01
