2.754447698593139648e+00
1.104984283447265625e+00
1.100574731826782227e+00
1.100349187850952148e+00
1.099392414093017578e+00
1.100072622299194336e+00
1.100125312805175781e+00
1.114576816558837891e+00
1.098370313644409180e+00
1.100848436355590820e+00
1.099254131317138672e+00
1.098419666290283203e+00
1.097897052764892578e+00
1.101027011871337891e+00
1.104440927505493164e+00
1.103242397308349609e+00
1.101232528686523438e+00
1.102537870407104492e+00
1.102694511413574219e+00
1.105416536331176758e+00
1.104820251464843750e+00
1.103976249694824219e+00
1.103640556335449219e+00
1.161682605743408203e+00
1.138447284698486328e+00
1.137469768524169922e+00
1.140801906585693359e+00
1.141580104827880859e+00
1.140262365341186523e+00
1.144449710845947266e+00
1.141790390014648438e+00
1.139674901962280273e+00
1.137516260147094727e+00
1.137733459472656250e+00
1.136184692382812500e+00
1.141627311706542969e+00
1.143905162811279297e+00
1.140650749206542969e+00
1.137549638748168945e+00
1.134603023529052734e+00
1.135084390640258789e+00
1.133607625961303711e+00
1.129069805145263672e+00
1.133503437042236328e+00
1.132518291473388672e+00
1.131349563598632812e+00
1.132300138473510742e+00
1.128116607666015625e+00
1.127719640731811523e+00
1.136703252792358398e+00
1.140559434890747070e+00
1.132566213607788086e+00
1.133394718170166016e+00
1.134676456451416016e+00
1.129270315170288086e+00
1.129036903381347656e+00
1.127532243728637695e+00
1.131121158599853516e+00
1.135162353515625000e+00
1.138488054275512695e+00
1.132619619369506836e+00
1.133407831192016602e+00
1.130311250686645508e+00
1.132074594497680664e+00
1.136446952819824219e+00
1.136268615722656250e+00
1.139752626419067383e+00
1.137951135635375977e+00
1.137114524841308594e+00
1.141607522964477539e+00
1.142627716064453125e+00
1.132739543914794922e+00
1.138589859008789062e+00
1.143254995346069336e+00
1.140403747558593750e+00
1.140521049499511719e+00
1.136615514755249023e+00
1.139307260513305664e+00
1.141792297363281250e+00
1.136627912521362305e+00
1.133599996566772461e+00
1.152163028717041016e+00
1.140322923660278320e+00
1.146039485931396484e+00
1.146522521972656250e+00
1.141503095626831055e+00
1.142321586608886719e+00
1.140908002853393555e+00
1.138299226760864258e+00
1.141385793685913086e+00
1.143318891525268555e+00
1.142426490783691406e+00
1.139389514923095703e+00
1.139734268188476562e+00
1.154831409454345703e+00
1.141641616821289062e+00
1.147849321365356445e+00
1.146637201309204102e+00
1.154998540878295898e+00
1.151956796646118164e+00
1.148051977157592773e+00
1.160537958145141602e+00
1.156021595001220703e+00
1.175815343856811523e+00
1.167966127395629883e+00
1.156530141830444336e+00
1.164249897003173828e+00
1.160935401916503906e+00
1.163185834884643555e+00
1.165559053421020508e+00
1.160577535629272461e+00
1.156472206115722656e+00
1.156540393829345703e+00
1.158906221389770508e+00
1.161873579025268555e+00
1.162382125854492188e+00
1.160003900527954102e+00
1.175526618957519531e+00
1.156300067901611328e+00
1.161350488662719727e+00
1.155787229537963867e+00
1.163634538650512695e+00
1.157196521759033203e+00
1.156512022018432617e+00
1.159986972808837891e+00
1.158379554748535156e+00
1.159234762191772461e+00
1.152810335159301758e+00
1.156360626220703125e+00
1.157086849212646484e+00
1.163182020187377930e+00
1.160939455032348633e+00
1.158169269561767578e+00
1.163000345230102539e+00
1.164909362792968750e+00
1.158980607986450195e+00
1.162420511245727539e+00
1.169527292251586914e+00
1.152441740036010742e+00
1.152844190597534180e+00
1.157070875167846680e+00
1.156748533248901367e+00
1.155500650405883789e+00
1.154534339904785156e+00
1.147076606750488281e+00
1.152290582656860352e+00
1.147613286972045898e+00
1.154558658599853516e+00
1.145340204238891602e+00
1.145102739334106445e+00
1.147574186325073242e+00
1.172913074493408203e+00
1.153211832046508789e+00
1.153214931488037109e+00
1.144091129302978516e+00
1.144341468811035156e+00
1.142543077468872070e+00
1.144864320755004883e+00
1.153219699859619141e+00
1.143702268600463867e+00
1.139222860336303711e+00
1.139130115509033203e+00
1.141627073287963867e+00
1.144330501556396484e+00
1.155464649200439453e+00
1.142868518829345703e+00
1.155997991561889648e+00
1.150418519973754883e+00
1.145615339279174805e+00
1.156474113464355469e+00
1.144616365432739258e+00
1.139732360839843750e+00
1.145455360412597656e+00
1.139595270156860352e+00
1.137473106384277344e+00
1.140446662902832031e+00
1.144385337829589844e+00
1.144953966140747070e+00
1.141399145126342773e+00
1.141207218170166016e+00
1.139818191528320312e+00
1.141490221023559570e+00
1.142624616622924805e+00
1.167623996734619141e+00
1.147368192672729492e+00
1.136502504348754883e+00
1.137171268463134766e+00
1.141948461532592773e+00
1.151094913482666016e+00
1.138891220092773438e+00
1.144048213958740234e+00
1.153637170791625977e+00
1.152871847152709961e+00
1.145404338836669922e+00
1.150659799575805664e+00
1.147427797317504883e+00
1.141284704208374023e+00
1.162168502807617188e+00
1.141038894653320312e+00
1.144155502319335938e+00
