7.353925704956054688e-01
6.925246715545654297e-01
6.773750782012939453e-01
6.827349662780761719e-01
7.605388164520263672e-01
6.759963035583496094e-01
6.782779693603515625e-01
6.695268154144287109e-01
6.658575534820556641e-01
6.857819557189941406e-01
7.570304870605468750e-01
6.737644672393798828e-01
6.725656986236572266e-01
6.746187210083007812e-01
6.651210784912109375e-01
6.614205837249755859e-01
7.238321304321289062e-01
6.682052612304687500e-01
6.574635505676269531e-01
6.712481975555419922e-01
6.653974056243896484e-01
6.623466014862060547e-01
6.716289520263671875e-01
6.849727630615234375e-01
7.200512886047363281e-01
7.185916900634765625e-01
6.692981719970703125e-01
6.681010723114013672e-01
6.713385581970214844e-01
6.666789054870605469e-01
6.650829315185546875e-01
6.712293624877929688e-01
7.511961460113525391e-01
6.634688377380371094e-01
6.887698173522949219e-01
7.547578811645507812e-01
6.625754833221435547e-01
6.781828403472900391e-01
7.561902999877929688e-01
6.682815551757812500e-01
6.744275093078613281e-01
6.741285324096679688e-01
6.719272136688232422e-01
6.716094017028808594e-01
6.652305126190185547e-01
6.680994033813476562e-01
6.686763763427734375e-01
7.319209575653076172e-01
6.708719730377197266e-01
6.645033359527587891e-01
7.606861591339111328e-01
6.723954677581787109e-01
6.598551273345947266e-01
6.745080947875976562e-01
6.739904880523681641e-01
6.579568386077880859e-01
6.748876571655273438e-01
6.675891876220703125e-01
6.632864475250244141e-01
6.688389778137207031e-01
6.710593700408935547e-01
6.575405597686767578e-01
6.795330047607421875e-01
6.703090667724609375e-01
6.605558395385742188e-01
6.720380783081054688e-01
7.400927543640136719e-01
6.610639095306396484e-01
6.656987667083740234e-01
6.671545505523681641e-01
6.569573879241943359e-01
6.653530597686767578e-01
6.749536991119384766e-01
6.667509078979492188e-01
6.652619838714599609e-01
6.708459854125976562e-01
6.704053878784179688e-01
6.649258136749267578e-01
6.736106872558593750e-01
6.679775714874267578e-01
6.698231697082519531e-01
6.698698997497558594e-01
6.708557605743408203e-01
7.436795234680175781e-01
6.748442649841308594e-01
6.723756790161132812e-01
6.613705158233642578e-01
6.724562644958496094e-01
6.733527183532714844e-01
7.455589771270751953e-01
6.704833507537841797e-01
6.705427169799804688e-01
6.642444133758544922e-01
6.805596351623535156e-01
6.913876533508300781e-01
6.853787899017333984e-01
6.951935291290283203e-01
7.079522609710693359e-01
7.028837203979492188e-01
7.029156684875488281e-01
7.207944393157958984e-01
7.083601951599121094e-01
7.254197597503662109e-01
7.139344215393066406e-01
7.114882469177246094e-01
7.052164077758789062e-01
7.060418128967285156e-01
6.823415756225585938e-01
6.609785556793212891e-01
6.756763458251953125e-01
6.690740585327148438e-01
6.583998203277587891e-01
6.758060455322265625e-01
6.681773662567138672e-01
6.652417182922363281e-01
6.782186031341552734e-01
6.687879562377929688e-01
6.688528060913085938e-01
6.719253063201904297e-01
6.677136421203613281e-01
6.646962165832519531e-01
6.659469604492187500e-01
6.688694953918457031e-01
6.759040355682373047e-01
7.587478160858154297e-01
6.710507869720458984e-01
6.708552837371826172e-01
6.677949428558349609e-01
6.742150783538818359e-01
6.648924350738525391e-01
7.610273361206054688e-01
6.717920303344726562e-01
6.675190925598144531e-01
6.654970645904541016e-01
6.742885112762451172e-01
6.688578128814697266e-01
6.656179428100585938e-01
6.690187454223632812e-01
6.695165634155273438e-01
6.601915359497070312e-01
6.731462478637695312e-01
6.698594093322753906e-01
6.645734310150146484e-01
6.726121902465820312e-01
6.741399765014648438e-01
6.668565273284912109e-01
6.726465225219726562e-01
6.688420772552490234e-01
7.355439662933349609e-01
6.706442832946777344e-01
6.710569858551025391e-01
6.654751300811767578e-01
6.718716621398925781e-01
7.521541118621826172e-01
6.666831970214843750e-01
6.710038185119628906e-01
6.763083934783935547e-01
6.700718402862548828e-01
6.681585311889648438e-01
6.717722415924072266e-01
7.581927776336669922e-01
6.679856777191162109e-01
6.750750541687011719e-01
6.679234504699707031e-01
6.692695617675781250e-01
7.420513629913330078e-01
7.606418132781982422e-01
6.712307929992675781e-01
6.704289913177490234e-01
6.699278354644775391e-01
6.676275730133056641e-01
6.704025268554687500e-01
6.707665920257568359e-01
6.603975296020507812e-01
6.727983951568603516e-01
6.724140644073486328e-01
6.690015792846679688e-01
7.420642375946044922e-01
7.635021209716796875e-01
6.667516231536865234e-01
6.743266582489013672e-01
6.705710887908935547e-01
6.673347949981689453e-01
7.577054500579833984e-01
7.575623989105224609e-01
6.695442199707031250e-01
6.634154319763183594e-01
6.750726699829101562e-01
6.677701473236083984e-01
7.558805942535400391e-01
7.095379829406738281e-01
6.688902378082275391e-01
6.606223583221435547e-01
6.706898212432861328e-01
6.657388210296630859e-01
6.601817607879638672e-01
6.826219558715820312e-01
6.700365543365478516e-01
6.562900543212890625e-01
6.666843891143798828e-01
