2.695756912231445312e+00
1.096847295761108398e+00
1.099091768264770508e+00
1.097376823425292969e+00
1.100998878479003906e+00
1.099192142486572266e+00
1.099203586578369141e+00
1.100316762924194336e+00
1.101508855819702148e+00
1.101764917373657227e+00
1.101126670837402344e+00
1.101752281188964844e+00
1.101343393325805664e+00
1.102330684661865234e+00
1.099928855895996094e+00
1.101127147674560547e+00
1.102293014526367188e+00
1.102590322494506836e+00
1.104632139205932617e+00
1.104160785675048828e+00
1.103322744369506836e+00
1.103773832321166992e+00
1.105725288391113281e+00
1.142509222030639648e+00
1.123827695846557617e+00
1.120924711227416992e+00
1.133015632629394531e+00
1.138929128646850586e+00
1.144172668457031250e+00
1.143345117568969727e+00
1.142861366271972656e+00
1.149885177612304688e+00
1.146980524063110352e+00
1.148924827575683594e+00
1.149145603179931641e+00
1.148007869720458984e+00
1.144938230514526367e+00
1.142545700073242188e+00
1.139860630035400391e+00
1.136881828308105469e+00
1.132354259490966797e+00
1.135866880416870117e+00
1.129743576049804688e+00
1.131430387496948242e+00
1.126777410507202148e+00
1.127138853073120117e+00
1.127801179885864258e+00
1.131164073944091797e+00
1.129064559936523438e+00
1.134321212768554688e+00
1.132239341735839844e+00
1.141890287399291992e+00
1.155459880828857422e+00
1.132332563400268555e+00
1.131268978118896484e+00
1.129979372024536133e+00
1.134730577468872070e+00
1.131592273712158203e+00
1.133457899093627930e+00
1.130480289459228516e+00
1.143949270248413086e+00
1.131965398788452148e+00
1.133159637451171875e+00
1.129619121551513672e+00
1.131600856781005859e+00
1.128534793853759766e+00
1.132430553436279297e+00
1.131810903549194336e+00
1.136794805526733398e+00
1.134455680847167969e+00
1.132884025573730469e+00
1.131846427917480469e+00
1.134641885757446289e+00
1.131944656372070312e+00
1.134363412857055664e+00
1.135993003845214844e+00
1.134511470794677734e+00
1.135551214218139648e+00
1.135032653808593750e+00
1.135596275329589844e+00
1.135572671890258789e+00
1.138651132583618164e+00
1.134790182113647461e+00
1.132088422775268555e+00
1.132948875427246094e+00
1.136052846908569336e+00
1.134279966354370117e+00
1.138296842575073242e+00
1.135024309158325195e+00
1.138943672180175781e+00
1.137157201766967773e+00
1.138878583908081055e+00
1.137538909912109375e+00
1.140158891677856445e+00
1.135842561721801758e+00
1.141817569732666016e+00
1.141454696655273438e+00
1.141283988952636719e+00
1.142353296279907227e+00
1.142392635345458984e+00
1.140583992004394531e+00
1.137387514114379883e+00
1.139184951782226562e+00
1.142440080642700195e+00
1.142444372177124023e+00
1.136161088943481445e+00
1.138408660888671875e+00
1.138714790344238281e+00
1.142325401306152344e+00
1.150616645812988281e+00
1.144598960876464844e+00
1.151389360427856445e+00
1.151826143264770508e+00
1.161050081253051758e+00
1.156657218933105469e+00
1.158342838287353516e+00
1.155303478240966797e+00
1.159257173538208008e+00
1.158920049667358398e+00
1.162223577499389648e+00
1.159762859344482422e+00
1.167057752609252930e+00
1.164883613586425781e+00
1.166183948516845703e+00
1.176225423812866211e+00
1.160566568374633789e+00
1.164307117462158203e+00
1.165242671966552734e+00
1.165110588073730469e+00
1.170794486999511719e+00
1.159966945648193359e+00
1.160975694656372070e+00
1.163226127624511719e+00
1.160279273986816406e+00
1.163386583328247070e+00
1.158998250961303711e+00
1.161896944046020508e+00
1.161348819732666016e+00
1.170888662338256836e+00
1.158084869384765625e+00
1.163130760192871094e+00
1.158364772796630859e+00
1.158193349838256836e+00
1.154779672622680664e+00
1.151937723159790039e+00
1.153129100799560547e+00
1.150438785552978516e+00
1.148914337158203125e+00
1.151071548461914062e+00
1.144276618957519531e+00
1.146389245986938477e+00
1.143287181854248047e+00
1.141463756561279297e+00
1.144768953323364258e+00
1.138296365737915039e+00
1.138668298721313477e+00
1.137256860733032227e+00
1.137317657470703125e+00
1.141408443450927734e+00
1.138932704925537109e+00
1.138637065887451172e+00
1.137639284133911133e+00
1.137278795242309570e+00
1.142443895339965820e+00
1.141022205352783203e+00
1.141632795333862305e+00
1.141439676284790039e+00
1.138367652893066406e+00
1.143585920333862305e+00
1.140359163284301758e+00
1.143249988555908203e+00
1.143492221832275391e+00
1.139541625976562500e+00
1.143544673919677734e+00
1.140422582626342773e+00
1.136617898941040039e+00
1.138216495513916016e+00
1.137733221054077148e+00
1.136545658111572266e+00
1.138533353805541992e+00
1.142182826995849609e+00
1.144737243652343750e+00
1.140285491943359375e+00
1.148109674453735352e+00
1.142028808593750000e+00
1.145291566848754883e+00
1.140704393386840820e+00
1.137049913406372070e+00
1.139105081558227539e+00
1.139928102493286133e+00
1.141844987869262695e+00
1.141626119613647461e+00
1.158978939056396484e+00
1.139812469482421875e+00
1.141035556793212891e+00
1.140239477157592773e+00
1.140453815460205078e+00
1.141597509384155273e+00
1.138453722000122070e+00
1.142222404479980469e+00
