7.354159355163574219e-01
6.925148963928222656e-01
6.773824691772460938e-01
6.827385425567626953e-01
7.605752944946289062e-01
6.760022640228271484e-01
6.783015727996826172e-01
6.695320606231689453e-01
6.658756732940673828e-01
6.858043670654296875e-01
7.570400238037109375e-01
6.737823486328125000e-01
6.725749969482421875e-01
6.746299266815185547e-01
6.651191711425781250e-01
6.614534854888916016e-01
7.238268852233886719e-01
6.682028770446777344e-01
6.574697494506835938e-01
6.712522506713867188e-01
6.654036045074462891e-01
6.623480319976806641e-01
6.716315746307373047e-01
6.850042343139648438e-01
7.200517654418945312e-01
7.186074256896972656e-01
6.693136692047119141e-01
6.681008338928222656e-01
6.713423728942871094e-01
6.666929721832275391e-01
6.650991439819335938e-01
6.712627410888671875e-01
7.511970996856689453e-01
6.634740829467773438e-01
6.887619495391845703e-01
7.547626495361328125e-01
6.625986099243164062e-01
6.781916618347167969e-01
7.561960220336914062e-01
6.683025360107421875e-01
6.744422912597656250e-01
6.741259098052978516e-01
6.719343662261962891e-01
6.716246604919433594e-01
6.652369499206542969e-01
6.681156158447265625e-01
6.686882972717285156e-01
7.319247722625732422e-01
6.708889007568359375e-01
6.645147800445556641e-01
7.606854438781738281e-01
6.724069118499755859e-01
6.598503589630126953e-01
6.745321750640869141e-01
6.739947795867919922e-01
6.579751968383789062e-01
6.748695373535156250e-01
6.675977706909179688e-01
6.632859706878662109e-01
6.688385009765625000e-01
6.710598468780517578e-01
6.575472354888916016e-01
6.795432567596435547e-01
6.703245639801025391e-01
6.605436801910400391e-01
6.720359325408935547e-01
7.400867938995361328e-01
6.610915660858154297e-01
6.657037734985351562e-01
6.671555042266845703e-01
6.569788455963134766e-01
6.653642654418945312e-01
6.749589443206787109e-01
6.667499542236328125e-01
6.653416156768798828e-01
6.708524227142333984e-01
6.704218387603759766e-01
6.649277210235595703e-01
6.736164093017578125e-01
6.679878234863281250e-01
6.698238849639892578e-01
6.698744297027587891e-01
6.708667278289794922e-01
7.436959743499755859e-01
6.748573780059814453e-01
6.724004745483398438e-01
6.613767147064208984e-01
6.724300384521484375e-01
6.733679771423339844e-01
7.455816268920898438e-01
6.704874038696289062e-01
6.705639362335205078e-01
6.642475128173828125e-01
6.805708408355712891e-01
6.913828849792480469e-01
6.853747367858886719e-01
6.951916217803955078e-01
7.079677581787109375e-01
7.028820514678955078e-01
7.029206752777099609e-01
7.207939624786376953e-01
7.083599567413330078e-01
7.254242897033691406e-01
7.139067649841308594e-01
7.114770412445068359e-01
7.052128314971923828e-01
7.060565948486328125e-01
6.823427677154541016e-01
6.609969139099121094e-01
6.756649017333984375e-01
6.690897941589355469e-01
6.583993434906005859e-01
6.758015155792236328e-01
6.681981086730957031e-01
6.652357578277587891e-01
6.782140731811523438e-01
6.688060760498046875e-01
6.688482761383056641e-01
6.719393730163574219e-01
6.677110195159912109e-01
6.646919250488281250e-01
6.659634113311767578e-01
6.688737869262695312e-01
6.759018898010253906e-01
7.587482929229736328e-01
6.710720062255859375e-01
6.708788871765136719e-01
6.678051948547363281e-01
6.742339134216308594e-01
6.649036407470703125e-01
7.610342502593994141e-01
6.717803478240966797e-01
6.675262451171875000e-01
6.655037403106689453e-01
6.742880344390869141e-01
6.688599586486816406e-01
6.656136512756347656e-01
6.690082550048828125e-01
6.695342063903808594e-01
6.602087020874023438e-01
6.731579303741455078e-01
6.698777675628662109e-01
6.645708084106445312e-01
6.726310253143310547e-01
6.741487979888916016e-01
6.668486595153808594e-01
6.726448535919189453e-01
6.688497066497802734e-01
7.355551719665527344e-01
6.706368923187255859e-01
6.710789203643798828e-01
6.654720306396484375e-01
6.719048023223876953e-01
7.521603107452392578e-01
6.666846275329589844e-01
6.710133552551269531e-01
6.763157844543457031e-01
6.700925827026367188e-01
6.681454181671142578e-01
6.717903614044189453e-01
7.581889629364013672e-01
6.679918766021728516e-01
6.750998497009277344e-01
6.679222583770751953e-01
6.692667007446289062e-01
7.420406341552734375e-01
7.606449127197265625e-01
6.712348461151123047e-01
6.704344749450683594e-01
6.699347496032714844e-01
6.676442623138427734e-01
6.703984737396240234e-01
6.707694530487060547e-01
6.603908538818359375e-01
6.727964878082275391e-01
6.723940372467041016e-01
6.690051555633544922e-01
7.420878410339355469e-01
7.635331153869628906e-01
6.667523384094238281e-01
6.743340492248535156e-01
6.705825328826904297e-01
6.673290729522705078e-01
7.577047348022460938e-01
7.575843334197998047e-01
6.695470809936523438e-01
6.634192466735839844e-01
6.750903129577636719e-01
6.677553653717041016e-01
7.558624744415283203e-01
7.095217704772949219e-01
6.688857078552246094e-01
6.606318950653076172e-01
6.706812381744384766e-01
6.657428741455078125e-01
6.602003574371337891e-01
6.826348304748535156e-01
6.700072288513183594e-01
6.562993526458740234e-01
6.666741371154785156e-01
