2.774476528167724609e+00
1.100447416305541992e+00
1.098876476287841797e+00
1.101101160049438477e+00
1.097110986709594727e+00
1.102905988693237305e+00
1.105261325836181641e+00
1.106946706771850586e+00
1.103387832641601562e+00
1.106415987014770508e+00
1.104419469833374023e+00
1.107632637023925781e+00
1.106915473937988281e+00
1.108696222305297852e+00
1.102624416351318359e+00
1.102534770965576172e+00
1.104212999343872070e+00
1.103352308273315430e+00
1.107422351837158203e+00
1.107937812805175781e+00
1.113343954086303711e+00
1.107983112335205078e+00
1.109807252883911133e+00
1.165955305099487305e+00
1.146335124969482422e+00
1.140212774276733398e+00
1.153562784194946289e+00
1.148168802261352539e+00
1.148862361907958984e+00
1.150848627090454102e+00
1.146354436874389648e+00
1.145146131515502930e+00
1.144201517105102539e+00
1.146274805068969727e+00
1.143291711807250977e+00
1.144188404083251953e+00
1.150174140930175781e+00
1.144615650177001953e+00
1.140933513641357422e+00
1.137635946273803711e+00
1.137943744659423828e+00
1.142053365707397461e+00
1.139044046401977539e+00
1.136904954910278320e+00
1.135051250457763672e+00
1.133480072021484375e+00
1.131970882415771484e+00
1.133720159530639648e+00
1.138725042343139648e+00
1.139520168304443359e+00
1.138840675354003906e+00
1.140008449554443359e+00
1.139199018478393555e+00
1.136209726333618164e+00
1.144828081130981445e+00
1.135943174362182617e+00
1.131825208663940430e+00
1.135285615921020508e+00
1.138506889343261719e+00
1.136261463165283203e+00
1.139757394790649414e+00
1.136695623397827148e+00
1.133933544158935547e+00
1.135783433914184570e+00
1.146605253219604492e+00
1.140200376510620117e+00
1.140464544296264648e+00
1.142658472061157227e+00
1.137831926345825195e+00
1.140595197677612305e+00
1.144320487976074219e+00
1.136963367462158203e+00
1.140154361724853516e+00
1.144582271575927734e+00
1.140779972076416016e+00
1.142754554748535156e+00
1.143663406372070312e+00
1.146966934204101562e+00
1.144299983978271484e+00
1.145916223526000977e+00
1.146118640899658203e+00
1.145763635635375977e+00
1.150023221969604492e+00
1.151644229888916016e+00
1.150062084197998047e+00
1.146911621093750000e+00
1.149318933486938477e+00
1.147212028503417969e+00
1.151120424270629883e+00
1.153367519378662109e+00
1.149795770645141602e+00
1.145788431167602539e+00
1.147303819656372070e+00
1.147314071655273438e+00
1.149504423141479492e+00
1.144654512405395508e+00
1.148848295211791992e+00
1.152648448944091797e+00
1.151850700378417969e+00
1.161301851272583008e+00
1.156455755233764648e+00
1.164377212524414062e+00
1.159160614013671875e+00
1.167423963546752930e+00
1.167116880416870117e+00
1.164981603622436523e+00
1.163367033004760742e+00
1.166122436523437500e+00
1.165207147598266602e+00
1.167336940765380859e+00
1.166820526123046875e+00
1.163426637649536133e+00
1.168526172637939453e+00
1.166615009307861328e+00
1.171962738037109375e+00
1.170336723327636719e+00
1.163815736770629883e+00
1.168582916259765625e+00
1.160680294036865234e+00
1.162293195724487305e+00
1.160051345825195312e+00
1.162878990173339844e+00
1.160970449447631836e+00
1.163554430007934570e+00
1.163908243179321289e+00
1.160637140274047852e+00
1.159729242324829102e+00
1.157292127609252930e+00
1.162311792373657227e+00
1.163232803344726562e+00
1.164409875869750977e+00
1.163556337356567383e+00
1.165859937667846680e+00
1.165238618850708008e+00
1.166385889053344727e+00
1.163733720779418945e+00
1.165177106857299805e+00
1.164974927902221680e+00
1.162167787551879883e+00
1.161535024642944336e+00
1.168074607849121094e+00
1.159676790237426758e+00
1.161842346191406250e+00
1.163318157196044922e+00
1.154719591140747070e+00
1.164222955703735352e+00
1.151514053344726562e+00
1.153238773345947266e+00
1.154480695724487305e+00
1.148435831069946289e+00
1.149490356445312500e+00
1.167780637741088867e+00
1.153373956680297852e+00
1.147643804550170898e+00
1.146494626998901367e+00
1.159167051315307617e+00
1.145697832107543945e+00
1.158123254776000977e+00
1.159934282302856445e+00
1.151186943054199219e+00
1.147339344024658203e+00
1.146256685256958008e+00
1.152111053466796875e+00
1.148179054260253906e+00
1.147790908813476562e+00
1.146238803863525391e+00
1.148583173751831055e+00
1.146553754806518555e+00
1.148862600326538086e+00
1.152487754821777344e+00
1.148506879806518555e+00
1.150866270065307617e+00
1.166332960128784180e+00
1.152838945388793945e+00
1.144451856613159180e+00
1.145593404769897461e+00
1.146744251251220703e+00
1.143748998641967773e+00
1.149396181106567383e+00
1.147993326187133789e+00
1.144101381301879883e+00
1.146310329437255859e+00
1.149740934371948242e+00
1.171262264251708984e+00
1.145092248916625977e+00
1.146792650222778320e+00
1.146781206130981445e+00
1.144364833831787109e+00
1.158476591110229492e+00
1.145840883255004883e+00
1.158494710922241211e+00
1.149102926254272461e+00
1.150181293487548828e+00
1.154600858688354492e+00
1.150183200836181641e+00
1.149133682250976562e+00
1.149749279022216797e+00
1.164664983749389648e+00
1.144610166549682617e+00
1.151365995407104492e+00
