3.399299383163452148e+00
1.870395421981811523e+00
1.873858690261840820e+00
1.844108581542968750e+00
1.816093921661376953e+00
1.818879127502441406e+00
1.820229530334472656e+00
1.818678379058837891e+00
1.821989297866821289e+00
1.821916103363037109e+00
1.849299192428588867e+00
1.820150136947631836e+00
1.822657346725463867e+00
1.829350948333740234e+00
1.866921901702880859e+00
1.841372013092041016e+00
1.846896886825561523e+00
1.845125675201416016e+00
1.891527175903320312e+00
1.830960273742675781e+00
1.836355209350585938e+00
1.835449695587158203e+00
1.836639881134033203e+00
1.837811470031738281e+00
1.837129354476928711e+00
1.838298559188842773e+00
1.841271162033081055e+00
1.840790510177612305e+00
1.840449094772338867e+00
1.844881534576416016e+00
1.846376657485961914e+00
1.847226858139038086e+00
1.852332592010498047e+00
1.845045328140258789e+00
1.847367048263549805e+00
1.845963954925537109e+00
1.848317146301269531e+00
1.844869852066040039e+00
1.846139907836914062e+00
1.847356319427490234e+00
1.847648382186889648e+00
1.847959518432617188e+00
1.850027799606323242e+00
1.851159572601318359e+00
1.851132631301879883e+00
1.851401567459106445e+00
1.851273059844970703e+00
1.849422216415405273e+00
1.850202560424804688e+00
1.849447965621948242e+00
1.850638866424560547e+00
1.852512836456298828e+00
1.864136695861816406e+00
1.880401849746704102e+00
1.879186868667602539e+00
1.880313873291015625e+00
1.884836673736572266e+00
1.876268148422241211e+00
1.873941421508789062e+00
1.886455059051513672e+00
1.915451288223266602e+00
1.856726169586181641e+00
1.858902215957641602e+00
1.856811523437500000e+00
1.864230394363403320e+00
1.862132787704467773e+00
1.861134290695190430e+00
1.861631393432617188e+00
1.861876726150512695e+00
1.861587285995483398e+00
1.863094091415405273e+00
1.864410400390625000e+00
1.859324455261230469e+00
1.859161615371704102e+00
1.864164352416992188e+00
1.863761663436889648e+00
1.864132404327392578e+00
1.860699653625488281e+00
1.868382453918457031e+00
1.865681409835815430e+00
1.862817049026489258e+00
1.870048046112060547e+00
1.864217042922973633e+00
1.865516901016235352e+00
1.880681037902832031e+00
1.868882656097412109e+00
1.901237726211547852e+00
1.864943742752075195e+00
1.871333122253417969e+00
1.870412111282348633e+00
1.866167545318603516e+00
1.869323968887329102e+00
1.871499776840209961e+00
1.898594379425048828e+00
1.866895437240600586e+00
1.872539043426513672e+00
1.868179798126220703e+00
1.878447532653808594e+00
1.888469219207763672e+00
1.885385036468505859e+00
1.880134820938110352e+00
1.883961915969848633e+00
1.883133649826049805e+00
1.877975702285766602e+00
1.887571096420288086e+00
1.882309436798095703e+00
1.885221481323242188e+00
1.888211488723754883e+00
1.882168769836425781e+00
1.882680416107177734e+00
1.880582332611083984e+00
1.889888286590576172e+00
1.887166738510131836e+00
1.894068479537963867e+00
1.878694295883178711e+00
1.915486335754394531e+00
1.879195213317871094e+00
1.874196767807006836e+00
1.876775503158569336e+00
1.876629590988159180e+00
1.876570940017700195e+00
1.871820926666259766e+00
1.880780220031738281e+00
1.874881982803344727e+00
1.878522634506225586e+00
1.882277250289916992e+00
1.880665540695190430e+00
1.877737998962402344e+00
1.877600193023681641e+00
1.923578500747680664e+00
1.892129182815551758e+00
1.890882968902587891e+00
1.888498306274414062e+00
1.889268398284912109e+00
1.889709949493408203e+00
1.893033981323242188e+00
1.898036241531372070e+00
1.896474838256835938e+00
1.887214899063110352e+00
1.889053344726562500e+00
1.890735626220703125e+00
1.890835762023925781e+00
1.893940687179565430e+00
1.894931793212890625e+00
1.892319917678833008e+00
1.886016845703125000e+00
1.888035297393798828e+00
1.886122465133666992e+00
1.887062788009643555e+00
1.891676425933837891e+00
1.890268564224243164e+00
1.889176130294799805e+00
1.889271020889282227e+00
1.890620946884155273e+00
1.891680240631103516e+00
1.889086008071899414e+00
1.890695333480834961e+00
1.890436410903930664e+00
1.896486520767211914e+00
1.895098447799682617e+00
1.894168376922607422e+00
1.887707471847534180e+00
1.889020681381225586e+00
1.889603853225708008e+00
1.893128633499145508e+00
1.891365289688110352e+00
1.907270669937133789e+00
1.902809143066406250e+00
1.902378797531127930e+00
1.896309137344360352e+00
1.902054786682128906e+00
1.899890899658203125e+00
1.929514408111572266e+00
1.893397808074951172e+00
1.895714759826660156e+00
1.918468713760375977e+00
1.950561285018920898e+00
1.905432224273681641e+00
1.905719280242919922e+00
1.904087543487548828e+00
1.921159982681274414e+00
1.917502641677856445e+00
1.895464897155761719e+00
1.898818016052246094e+00
1.897969961166381836e+00
1.898793458938598633e+00
1.898829460144042969e+00
1.902711153030395508e+00
1.903591156005859375e+00
1.896803140640258789e+00
1.895117044448852539e+00
1.926664113998413086e+00
1.892574787139892578e+00
1.902065753936767578e+00
1.902705430984497070e+00
1.906237840652465820e+00
1.902279376983642578e+00
1.905749082565307617e+00
1.906230688095092773e+00
1.904855489730834961e+00
