3.443579912185668945e+00
1.898966550827026367e+00
1.903525352478027344e+00
1.897878885269165039e+00
1.905504465103149414e+00
1.906994581222534180e+00
1.906122446060180664e+00
1.906517505645751953e+00
1.910437822341918945e+00
1.915205717086791992e+00
1.911367893218994141e+00
1.911850929260253906e+00
1.916932821273803711e+00
1.915848016738891602e+00
1.921347141265869141e+00
1.921015977859497070e+00
1.920578002929687500e+00
1.922944784164428711e+00
1.927176952362060547e+00
1.926433086395263672e+00
1.925440788269042969e+00
1.926218509674072266e+00
1.929482698440551758e+00
1.929188251495361328e+00
1.929462432861328125e+00
1.928430318832397461e+00
1.938829898834228516e+00
1.935041904449462891e+00
1.937047958374023438e+00
1.937566041946411133e+00
1.943009853363037109e+00
1.941120862960815430e+00
1.944151878356933594e+00
1.941961765289306641e+00
1.942189216613769531e+00
1.943485498428344727e+00
1.949199914932250977e+00
1.943870067596435547e+00
1.942098617553710938e+00
1.947225570678710938e+00
1.950368404388427734e+00
1.950179815292358398e+00
1.948118448257446289e+00
1.958730220794677734e+00
1.947105884552001953e+00
1.950369596481323242e+00
1.949911117553710938e+00
1.951670885086059570e+00
1.950027942657470703e+00
1.949288129806518555e+00
1.952788829803466797e+00
1.951591253280639648e+00
1.951912403106689453e+00
1.950231313705444336e+00
1.951344251632690430e+00
1.953310728073120117e+00
1.953257560729980469e+00
1.950114011764526367e+00
1.956380128860473633e+00
1.978194236755371094e+00
1.961886167526245117e+00
1.954992771148681641e+00
1.956811189651489258e+00
1.949224710464477539e+00
1.955237627029418945e+00
1.949033498764038086e+00
1.949374437332153320e+00
1.952695846557617188e+00
1.952564954757690430e+00
1.951467752456665039e+00
1.952828407287597656e+00
1.950108289718627930e+00
1.953803777694702148e+00
1.954656600952148438e+00
1.954687118530273438e+00
1.950038671493530273e+00
1.954452753067016602e+00
1.958588600158691406e+00
1.951081037521362305e+00
1.957211732864379883e+00
1.956465721130371094e+00
1.955892562866210938e+00
1.954228878021240234e+00
1.960874557495117188e+00
1.947386741638183594e+00
1.955935001373291016e+00
1.956948041915893555e+00
1.953279256820678711e+00
1.957788944244384766e+00
1.956740140914916992e+00
1.957252740859985352e+00
1.953383445739746094e+00
1.961794137954711914e+00
1.951269865036010742e+00
1.952776432037353516e+00
1.961257219314575195e+00
1.959220170974731445e+00
1.957759380340576172e+00
1.952224016189575195e+00
1.956467390060424805e+00
1.961924314498901367e+00
1.956278324127197266e+00
1.962314367294311523e+00
1.961320638656616211e+00
1.960222721099853516e+00
1.961184740066528320e+00
1.959982633590698242e+00
1.962567806243896484e+00
1.959949493408203125e+00
1.962188243865966797e+00
1.961587905883789062e+00
1.958064317703247070e+00
1.959367275238037109e+00
1.959861516952514648e+00
1.957503318786621094e+00
1.959034919738769531e+00
1.961052656173706055e+00
1.964399099349975586e+00
1.961333513259887695e+00
1.957740783691406250e+00
1.973068952560424805e+00
1.969732046127319336e+00
1.958494901657104492e+00
1.956704616546630859e+00
1.957176923751831055e+00
1.959479570388793945e+00
1.961294889450073242e+00
1.955156326293945312e+00
1.953447103500366211e+00
1.957716941833496094e+00
1.957274913787841797e+00
1.956820726394653320e+00
1.956155061721801758e+00
1.951479911804199219e+00
1.954478025436401367e+00
1.955264329910278320e+00
1.956243038177490234e+00
1.966305732727050781e+00
1.955358743667602539e+00
1.958745002746582031e+00
1.959835290908813477e+00
1.961265325546264648e+00
1.956748485565185547e+00
1.959784030914306641e+00
1.958326339721679688e+00
1.959914922714233398e+00
1.958613634109497070e+00
1.958371162414550781e+00
1.958279609680175781e+00
1.961265802383422852e+00
1.959889173507690430e+00
1.955251693725585938e+00
1.959714174270629883e+00
1.949360609054565430e+00
1.945448875427246094e+00
1.939172267913818359e+00
1.943285703659057617e+00
1.941995382308959961e+00
1.936624765396118164e+00
1.937491416931152344e+00
1.939724683761596680e+00
1.942081451416015625e+00
1.938963890075683594e+00
1.940338850021362305e+00
1.932217121124267578e+00
1.934114694595336914e+00
1.941616773605346680e+00
1.936234235763549805e+00
1.938816308975219727e+00
1.929695606231689453e+00
1.937970638275146484e+00
1.939929962158203125e+00
1.938994407653808594e+00
1.935336351394653320e+00
1.939897298812866211e+00
1.943606615066528320e+00
1.938330650329589844e+00
1.939789533615112305e+00
1.938550949096679688e+00
1.935917854309082031e+00
1.956732034683227539e+00
1.954302072525024414e+00
1.934971094131469727e+00
1.939762115478515625e+00
1.937038183212280273e+00
1.946061372756958008e+00
1.938260793685913086e+00
1.938143253326416016e+00
1.940857887268066406e+00
1.932057857513427734e+00
1.936533927917480469e+00
1.935518980026245117e+00
1.940474510192871094e+00
1.940918684005737305e+00
1.934019565582275391e+00
1.940103530883789062e+00
1.942734479904174805e+00
1.946108341217041016e+00
1.940171957015991211e+00
1.938770771026611328e+00
