1.954313755035400391e+00
4.336538314819335938e-01
4.168665409088134766e-01
4.311699867248535156e-01
4.166018962860107422e-01
4.165127277374267578e-01
4.227590560913085938e-01
4.178800582885742188e-01
4.228429794311523438e-01
4.189891815185546875e-01
4.216668605804443359e-01
4.227128028869628906e-01
4.187245368957519531e-01
4.244408607482910156e-01
4.222726821899414062e-01
4.212431907653808594e-01
4.234631061553955078e-01
4.200556278228759766e-01
4.481265544891357422e-01
4.786262512207031250e-01
4.517681598663330078e-01
4.584424495697021484e-01
4.530944824218750000e-01
4.591114521026611328e-01
4.649579524993896484e-01
4.541399478912353516e-01
4.671266078948974609e-01
4.539799690246582031e-01
4.510965347290039062e-01
4.588627815246582031e-01
4.605062007904052734e-01
4.666860103607177734e-01
4.603450298309326172e-01
4.527761936187744141e-01
4.593651294708251953e-01
4.564929008483886719e-01
4.503476619720458984e-01
4.571490287780761719e-01
4.537882804870605469e-01
4.561254978179931641e-01
4.633269309997558594e-01
4.619324207305908203e-01
4.553098678588867188e-01
4.576880931854248047e-01
4.517943859100341797e-01
4.584734439849853516e-01
4.515228271484375000e-01
4.582729339599609375e-01
4.580030441284179688e-01
4.532814025878906250e-01
4.601325988769531250e-01
4.623630046844482422e-01
4.522573947906494141e-01
4.579095840454101562e-01
4.592545032501220703e-01
4.566650390625000000e-01
4.609172344207763672e-01
4.540455341339111328e-01
4.547357559204101562e-01
4.628272056579589844e-01
4.540324211120605469e-01
4.571514129638671875e-01
4.549691677093505859e-01
4.542360305786132812e-01
4.613978862762451172e-01
4.537949562072753906e-01
4.590430259704589844e-01
4.663653373718261719e-01
4.518494606018066406e-01
4.645178318023681641e-01
4.543094635009765625e-01
4.605047702789306641e-01
4.609506130218505859e-01
4.544804096221923828e-01
4.693031311035156250e-01
4.695904254913330078e-01
4.594583511352539062e-01
4.648592472076416016e-01
4.609551429748535156e-01
4.619133472442626953e-01
4.651496410369873047e-01
4.574680328369140625e-01
4.647417068481445312e-01
4.664859771728515625e-01
4.578363895416259766e-01
4.685583114624023438e-01
4.664428234100341797e-01
4.624762535095214844e-01
4.705190658569335938e-01
4.658343791961669922e-01
4.689552783966064453e-01
4.777464866638183594e-01
4.696390628814697266e-01
4.723224639892578125e-01
4.674994945526123047e-01
4.624946117401123047e-01
4.712491035461425781e-01
4.662747383117675781e-01
4.745807647705078125e-01
4.821727275848388672e-01
4.678025245666503906e-01
4.758009910583496094e-01
4.781899452209472656e-01
4.729387760162353516e-01
4.767265319824218750e-01
4.730129241943359375e-01
4.756934642791748047e-01
4.724426269531250000e-01
4.681990146636962891e-01
4.760868549346923828e-01
4.795446395874023438e-01
4.712221622467041016e-01
4.773578643798828125e-01
4.736483097076416016e-01
4.684722423553466797e-01
4.718761444091796875e-01
4.693727493286132812e-01
4.599423408508300781e-01
4.756298065185546875e-01
4.741852283477783203e-01
4.683682918548583984e-01
4.665226936340332031e-01
4.664156436920166016e-01
4.678018093109130859e-01
4.704375267028808594e-01
4.681653976440429688e-01
4.708507061004638672e-01
4.715628623962402344e-01
4.700605869293212891e-01
4.636335372924804688e-01
4.681286811828613281e-01
4.709184169769287109e-01
4.665241241455078125e-01
4.781620502471923828e-01
4.677467346191406250e-01
4.620711803436279297e-01
4.758839607238769531e-01
4.855625629425048828e-01
4.574646949768066406e-01
4.572927951812744141e-01
4.591915607452392578e-01
4.587533473968505859e-01
4.887940883636474609e-01
4.675879478454589844e-01
4.647674560546875000e-01
4.684658050537109375e-01
4.830489158630371094e-01
4.592599868774414062e-01
4.582817554473876953e-01
4.816100597381591797e-01
4.565768241882324219e-01
4.531269073486328125e-01
4.581151008605957031e-01
4.592986106872558594e-01
4.499533176422119141e-01
4.536662101745605469e-01
4.520013332366943359e-01
4.605238437652587891e-01
4.550771713256835938e-01
4.553942680358886719e-01
4.594023227691650391e-01
4.573335647583007812e-01
4.644155502319335938e-01
4.533207416534423828e-01
4.548659324645996094e-01
4.618513584136962891e-01
4.543550014495849609e-01
4.628603458404541016e-01
4.587707519531250000e-01
4.564807415008544922e-01
4.580945968627929688e-01
4.580130577087402344e-01
4.566788673400878906e-01
4.565770626068115234e-01
4.596898555755615234e-01
4.567086696624755859e-01
4.603774547576904297e-01
4.630773067474365234e-01
4.571840763092041016e-01
4.569115638732910156e-01
4.577572345733642578e-01
4.604983329772949219e-01
4.578933715820312500e-01
4.570004940032958984e-01
4.600234031677246094e-01
4.588093757629394531e-01
4.585790634155273438e-01
4.513568878173828125e-01
4.513237476348876953e-01
4.570400714874267578e-01
4.546566009521484375e-01
4.729082584381103516e-01
4.782106876373291016e-01
4.597914218902587891e-01
4.589738845825195312e-01
4.609363079071044922e-01
4.584403038024902344e-01
4.615395069122314453e-01
4.636113643646240234e-01
4.596550464630126953e-01
