1.978282213211059570e+00
4.334375858306884766e-01
4.214744567871093750e-01
4.279239177703857422e-01
4.217905998229980469e-01
4.271333217620849609e-01
4.260556697845458984e-01
4.224576950073242188e-01
4.294433593750000000e-01
4.221749305725097656e-01
4.274415969848632812e-01
4.290492534637451172e-01
4.246313571929931641e-01
4.281122684478759766e-01
4.244515895843505859e-01
4.297521114349365234e-01
4.280252456665039062e-01
4.267318248748779297e-01
4.538023471832275391e-01
4.694874286651611328e-01
4.526357650756835938e-01
4.606378078460693359e-01
4.512660503387451172e-01
4.579999446868896484e-01
4.568355083465576172e-01
4.496183395385742188e-01
4.523596763610839844e-01
4.510796070098876953e-01
4.503021240234375000e-01
4.531097412109375000e-01
4.527919292449951172e-01
4.560470581054687500e-01
4.561352729797363281e-01
4.534149169921875000e-01
4.572215080261230469e-01
4.582996368408203125e-01
4.546070098876953125e-01
4.572303295135498047e-01
4.525113105773925781e-01
4.591391086578369141e-01
4.567039012908935547e-01
4.530565738677978516e-01
4.559657573699951172e-01
4.516823291778564453e-01
4.517424106597900391e-01
4.553973674774169922e-01
4.520497322082519531e-01
4.555671215057373047e-01
4.544935226440429688e-01
4.549269676208496094e-01
4.596767425537109375e-01
4.590613842010498047e-01
4.524641036987304688e-01
4.582810401916503906e-01
4.548139572143554688e-01
4.528584480285644531e-01
4.635469913482666016e-01
4.584746360778808594e-01
4.557774066925048828e-01
4.556188583374023438e-01
4.553651809692382812e-01
4.575586318969726562e-01
4.569525718688964844e-01
4.520308971405029297e-01
4.591741561889648438e-01
4.649267196655273438e-01
4.588994979858398438e-01
4.582579135894775391e-01
4.563820362091064453e-01
4.600615501403808594e-01
4.552714824676513672e-01
4.611058235168457031e-01
4.573652744293212891e-01
4.532461166381835938e-01
4.643557071685791016e-01
4.628748893737792969e-01
4.562747478485107422e-01
4.636924266815185547e-01
4.568774700164794922e-01
4.617125988006591797e-01
4.584879875183105469e-01
4.592566490173339844e-01
4.631192684173583984e-01
4.607884883880615234e-01
4.573624134063720703e-01
4.620876312255859375e-01
4.583518505096435547e-01
4.681475162506103516e-01
4.677481651306152344e-01
4.648270606994628906e-01
4.656028747558593750e-01
4.683432579040527344e-01
4.631073474884033203e-01
4.708402156829833984e-01
4.643194675445556641e-01
4.654021263122558594e-01
4.734880924224853516e-01
4.634819030761718750e-01
4.686343669891357422e-01
4.707956314086914062e-01
4.634721279144287109e-01
4.708786010742187500e-01
4.695894718170166016e-01
4.681224822998046875e-01
4.681830406188964844e-01
4.673867225646972656e-01
4.701230525970458984e-01
4.726562500000000000e-01
4.686126708984375000e-01
4.767351150512695312e-01
4.718837738037109375e-01
4.662294387817382812e-01
4.727315902709960938e-01
4.659090042114257812e-01
4.670352935791015625e-01
4.718587398529052734e-01
4.641594886779785156e-01
4.664373397827148438e-01
4.687159061431884766e-01
4.683520793914794922e-01
4.661152362823486328e-01
4.653937816619873047e-01
4.664239883422851562e-01
4.635562896728515625e-01
4.662721157073974609e-01
4.672789573669433594e-01
4.658081531524658203e-01
4.643049240112304688e-01
4.675250053405761719e-01
4.725317955017089844e-01
4.652540683746337891e-01
4.669935703277587891e-01
4.695782661437988281e-01
4.662609100341796875e-01
4.665060043334960938e-01
4.638400077819824219e-01
4.578921794891357422e-01
4.575927257537841797e-01
4.583017826080322266e-01
4.586830139160156250e-01
4.590940475463867188e-01
4.587976932525634766e-01
4.634501934051513672e-01
4.665596485137939453e-01
4.647021293640136719e-01
4.617078304290771484e-01
4.598190784454345703e-01
4.587824344635009766e-01
4.583191871643066406e-01
4.760730266571044922e-01
4.616179466247558594e-01
4.575190544128417969e-01
4.587640762329101562e-01
4.580101966857910156e-01
4.569869041442871094e-01
4.585034847259521484e-01
4.626867771148681641e-01
4.574329853057861328e-01
4.596576690673828125e-01
4.633364677429199219e-01
4.604520797729492188e-01
4.580609798431396484e-01
4.604208469390869141e-01
4.597156047821044922e-01
4.602322578430175781e-01
4.598476886749267578e-01
4.649698734283447266e-01
4.582870006561279297e-01
4.575679302215576172e-01
4.599206447601318359e-01
4.598248004913330078e-01
4.608764648437500000e-01
4.584887027740478516e-01
4.624443054199218750e-01
4.611184597015380859e-01
4.619584083557128906e-01
4.625329971313476562e-01
4.613931179046630859e-01
4.614548683166503906e-01
4.612684249877929688e-01
4.615063667297363281e-01
4.594333171844482422e-01
4.593341350555419922e-01
4.605140686035156250e-01
4.602046012878417969e-01
4.593191146850585938e-01
4.615368843078613281e-01
4.601786136627197266e-01
4.572303295135498047e-01
4.572889804840087891e-01
4.581680297851562500e-01
4.611344337463378906e-01
4.754955768585205078e-01
4.610681533813476562e-01
4.573388099670410156e-01
4.591920375823974609e-01
4.627959728240966797e-01
4.618558883666992188e-01
4.597673416137695312e-01
4.671735763549804688e-01
