1.875586748123168945e+00
4.186120033264160156e-01
4.163393974304199219e-01
4.200682640075683594e-01
4.155321121215820312e-01
4.175775051116943359e-01
4.216423034667968750e-01
4.201505184173583984e-01
4.229128360748291016e-01
4.195940494537353516e-01
4.197831153869628906e-01
4.251918792724609375e-01
4.197750091552734375e-01
4.230518341064453125e-01
4.220125675201416016e-01
4.226114749908447266e-01
4.282186031341552734e-01
4.227583408355712891e-01
4.539632797241210938e-01
4.830443859100341797e-01
4.529535770416259766e-01
4.616014957427978516e-01
4.725668430328369141e-01
4.583413600921630859e-01
4.617819786071777344e-01
4.522166252136230469e-01
4.580428600311279297e-01
4.515020847320556641e-01
4.527361392974853516e-01
4.590079784393310547e-01
4.534256458282470703e-01
4.574382305145263672e-01
4.616241455078125000e-01
4.509196281433105469e-01
4.564476013183593750e-01
4.576690196990966797e-01
4.494118690490722656e-01
4.578909873962402344e-01
4.567956924438476562e-01
4.565975666046142578e-01
4.656686782836914062e-01
4.545884132385253906e-01
4.574201107025146484e-01
4.572420120239257812e-01
4.532308578491210938e-01
4.610025882720947266e-01
4.533951282501220703e-01
4.592876434326171875e-01
4.562613964080810547e-01
4.506907463073730469e-01
4.581062793731689453e-01
4.584650993347167969e-01
4.511404037475585938e-01
4.582371711730957031e-01
4.542469978332519531e-01
4.530861377716064453e-01
4.593894481658935547e-01
4.519503116607666016e-01
4.553716182708740234e-01
4.605770111083984375e-01
4.522035121917724609e-01
4.583995342254638672e-01
4.573543071746826172e-01
4.694199562072753906e-01
4.739460945129394531e-01
4.566338062286376953e-01
4.599075317382812500e-01
4.659078121185302734e-01
4.556169509887695312e-01
4.630820751190185547e-01
4.565331935882568359e-01
4.592199325561523438e-01
4.585883617401123047e-01
4.544181823730468750e-01
4.635107517242431641e-01
4.711492061614990234e-01
4.608206748962402344e-01
4.656794071197509766e-01
4.622855186462402344e-01
4.611530303955078125e-01
4.727783203125000000e-01
4.580304622650146484e-01
4.674117565155029297e-01
4.627056121826171875e-01
4.541511535644531250e-01
4.635214805603027344e-01
4.656364917755126953e-01
4.627873897552490234e-01
4.696428775787353516e-01
4.646694660186767578e-01
4.695374965667724609e-01
4.775147438049316406e-01
4.660847187042236328e-01
4.732260704040527344e-01
4.689192771911621094e-01
4.645216464996337891e-01
4.735319614410400391e-01
4.687807559967041016e-01
4.745247364044189453e-01
4.783093929290771484e-01
4.816954135894775391e-01
4.784026145935058594e-01
4.780607223510742188e-01
4.727313518524169922e-01
4.752576351165771484e-01
4.718976020812988281e-01
4.773132801055908203e-01
4.730334281921386719e-01
4.676563739776611328e-01
4.778456687927246094e-01
4.801325798034667969e-01
4.712686538696289062e-01
4.789347648620605469e-01
4.752120971679687500e-01
4.689490795135498047e-01
4.742040634155273438e-01
4.678957462310791016e-01
4.591672420501708984e-01
4.758841991424560547e-01
4.739787578582763672e-01
4.673173427581787109e-01
4.644923210144042969e-01
4.650883674621582031e-01
4.681355953216552734e-01
4.690251350402832031e-01
4.680688381195068359e-01
4.739542007446289062e-01
4.819152355194091797e-01
4.661428928375244141e-01
4.625961780548095703e-01
4.658651351928710938e-01
4.727346897125244141e-01
4.689288139343261719e-01
4.698338508605957031e-01
4.703528881072998047e-01
4.646825790405273438e-01
4.658675193786621094e-01
4.629740715026855469e-01
4.578020572662353516e-01
4.750540256500244141e-01
4.609286785125732422e-01
4.721889495849609375e-01
4.613442420959472656e-01
4.765195846557617188e-01
4.642112255096435547e-01
4.658539295196533203e-01
4.660081863403320312e-01
4.564690589904785156e-01
4.590587615966796875e-01
4.543385505676269531e-01
4.574258327484130859e-01
4.548351764678955078e-01
4.588229656219482422e-01
4.639019966125488281e-01
4.543032646179199219e-01
4.580047130584716797e-01
4.590134620666503906e-01
4.584572315216064453e-01
4.545078277587890625e-01
4.517061710357666016e-01
4.615509510040283203e-01
4.564104080200195312e-01
4.663779735565185547e-01
4.531273841857910156e-01
4.531712532043457031e-01
4.583716392517089844e-01
4.516334533691406250e-01
4.609591960906982422e-01
4.556207656860351562e-01
4.521007537841796875e-01
4.542970657348632812e-01
4.582998752593994141e-01
4.538524150848388672e-01
4.573447704315185547e-01
4.691154956817626953e-01
4.549891948699951172e-01
4.556274414062500000e-01
4.617464542388916016e-01
4.564244747161865234e-01
4.543263912200927734e-01
4.547948837280273438e-01
4.558672904968261719e-01
4.559509754180908203e-01
4.542887210845947266e-01
4.551601409912109375e-01
4.554636478424072266e-01
4.542090892791748047e-01
4.548354148864746094e-01
4.555330276489257812e-01
4.580218791961669922e-01
4.549612998962402344e-01
4.586250782012939453e-01
4.584968090057373047e-01
4.626226425170898438e-01
4.536569118499755859e-01
4.586496353149414062e-01
4.522883892059326172e-01
4.535601139068603516e-01
4.607715606689453125e-01
4.555442333221435547e-01
