1.364963293075561523e+00
1.287175416946411133e+00
1.253183364868164062e+00
1.333939313888549805e+00
1.256030797958374023e+00
1.274924993515014648e+00
1.277944803237915039e+00
1.238570213317871094e+00
1.326045989990234375e+00
1.240203857421875000e+00
1.263451099395751953e+00
1.256938219070434570e+00
1.234621047973632812e+00
1.254884958267211914e+00
1.244612693786621094e+00
1.246922731399536133e+00
1.238134384155273438e+00
1.252056121826171875e+00
1.246754169464111328e+00
1.294560670852661133e+00
1.358582735061645508e+00
1.277252435684204102e+00
1.326726675033569336e+00
1.454672813415527344e+00
1.284636735916137695e+00
1.305534124374389648e+00
1.279230117797851562e+00
1.297568559646606445e+00
1.404736995697021484e+00
1.349508762359619141e+00
1.302271366119384766e+00
1.337429761886596680e+00
1.295559644699096680e+00
1.354498386383056641e+00
1.275491714477539062e+00
1.328238487243652344e+00
1.415272951126098633e+00
1.358107328414916992e+00
1.282875537872314453e+00
1.326498508453369141e+00
1.355927228927612305e+00
1.360287427902221680e+00
1.349032402038574219e+00
1.350768804550170898e+00
1.416995525360107422e+00
1.330312013626098633e+00
1.355089187622070312e+00
1.289693355560302734e+00
1.342890024185180664e+00
1.358085393905639648e+00
1.292407989501953125e+00
1.275728940963745117e+00
1.501825809478759766e+00
1.346013545989990234e+00
1.276623010635375977e+00
1.351851940155029297e+00
1.297964096069335938e+00
1.336460113525390625e+00
1.342905044555664062e+00
1.311244726181030273e+00
1.337156295776367188e+00
1.330977439880371094e+00
1.410804033279418945e+00
1.490610122680664062e+00
1.331040143966674805e+00
1.429845094680786133e+00
1.450361251831054688e+00
1.385659217834472656e+00
1.523972749710083008e+00
1.373062372207641602e+00
1.443764448165893555e+00
1.486199378967285156e+00
1.372988462448120117e+00
1.386072158813476562e+00
1.383643150329589844e+00
1.366545438766479492e+00
1.411804914474487305e+00
1.393303394317626953e+00
1.365748167037963867e+00
1.504712104797363281e+00
1.457470178604125977e+00
1.356333732604980469e+00
1.358911991119384766e+00
1.401385068893432617e+00
1.421869754791259766e+00
1.421333312988281250e+00
1.375422716140747070e+00
1.514065980911254883e+00
1.337752103805541992e+00
1.351842880249023438e+00
1.344578981399536133e+00
1.337847948074340820e+00
1.466503143310546875e+00
1.302946805953979492e+00
1.297261714935302734e+00
1.361072778701782227e+00
1.288544416427612305e+00
1.297354459762573242e+00
1.309500217437744141e+00
1.363595724105834961e+00
1.293450117111206055e+00
1.351874351501464844e+00
1.349258184432983398e+00
1.447280406951904297e+00
1.322473764419555664e+00
1.291060924530029297e+00
1.290307998657226562e+00
1.377710819244384766e+00
1.344810724258422852e+00
1.278754472732543945e+00
1.327997446060180664e+00
1.380831241607666016e+00
1.289222002029418945e+00
1.297077655792236328e+00
1.345221996307373047e+00
1.310425281524658203e+00
1.236657381057739258e+00
1.290577173233032227e+00
1.552264213562011719e+00
1.353459119796752930e+00
1.342728614807128906e+00
1.406558752059936523e+00
1.421841621398925781e+00
1.405248165130615234e+00
1.427850008010864258e+00
1.458130836486816406e+00
1.468233823776245117e+00
1.435767650604248047e+00
1.515831947326660156e+00
1.411119937896728516e+00
1.468319654464721680e+00
1.448223590850830078e+00
1.410514116287231445e+00
1.485422134399414062e+00
1.440029621124267578e+00
1.466860771179199219e+00
1.432557582855224609e+00
1.427313566207885742e+00
1.594067096710205078e+00
1.446315765380859375e+00
1.385258197784423828e+00
1.461089611053466797e+00
1.424014091491699219e+00
1.522155761718750000e+00
1.499519109725952148e+00
1.472277164459228516e+00
1.423565387725830078e+00
1.436782598495483398e+00
1.429151773452758789e+00
1.369727849960327148e+00
1.457352876663208008e+00
1.372462987899780273e+00
1.380447149276733398e+00
1.456401348114013672e+00
1.418620586395263672e+00
1.431869029998779297e+00
1.383883237838745117e+00
1.379602909088134766e+00
1.491277694702148438e+00
1.359680175781250000e+00
1.378068923950195312e+00
1.448436498641967773e+00
1.427681446075439453e+00
1.470834016799926758e+00
1.452761888504028320e+00
1.453738689422607422e+00
1.530556917190551758e+00
1.506936311721801758e+00
1.435342788696289062e+00
1.528383016586303711e+00
1.422576427459716797e+00
1.390946626663208008e+00
1.361037731170654297e+00
1.368283748626708984e+00
1.566606521606445312e+00
1.381175518035888672e+00
1.391055822372436523e+00
1.324534177780151367e+00
1.360261678695678711e+00
1.438673973083496094e+00
1.291248798370361328e+00
1.272665262222290039e+00
1.326181173324584961e+00
1.366350889205932617e+00
1.390556335449218750e+00
1.337945699691772461e+00
1.299892663955688477e+00
1.293287277221679688e+00
1.332577705383300781e+00
1.356520891189575195e+00
1.347894191741943359e+00
1.333197832107543945e+00
1.321585655212402344e+00
1.341478109359741211e+00
1.284024953842163086e+00
1.275657176971435547e+00
1.343723297119140625e+00
1.287833452224731445e+00
1.334335327148437500e+00
1.347062826156616211e+00
