1.893414974212646484e+00
4.206385612487792969e-01
4.182007312774658203e-01
4.246380329132080078e-01
4.233574867248535156e-01
4.232006072998046875e-01
4.263374805450439453e-01
4.205844402313232422e-01
4.261748790740966797e-01
4.214122295379638672e-01
4.252383708953857422e-01
4.272613525390625000e-01
4.218640327453613281e-01
4.256653785705566406e-01
4.236602783203125000e-01
4.258110523223876953e-01
4.275367259979248047e-01
4.239478111267089844e-01
4.537158012390136719e-01
4.825389385223388672e-01
4.573693275451660156e-01
4.653565883636474609e-01
4.612920284271240234e-01
4.631216526031494141e-01
4.645135402679443359e-01
4.572379589080810547e-01
4.614365100860595703e-01
4.583621025085449219e-01
4.568512439727783203e-01
4.616174697875976562e-01
4.605634212493896484e-01
4.619078636169433594e-01
4.673573970794677734e-01
4.598133563995361328e-01
4.616127014160156250e-01
4.612238407135009766e-01
4.564054012298583984e-01
4.612202644348144531e-01
4.622120857238769531e-01
4.630846977233886719e-01
4.685580730438232422e-01
4.556596279144287109e-01
4.600925445556640625e-01
4.650950431823730469e-01
4.554123878479003906e-01
4.644117355346679688e-01
4.591357707977294922e-01
4.601700305938720703e-01
4.607288837432861328e-01
4.660115242004394531e-01
4.642803668975830078e-01
4.638419151306152344e-01
4.559211730957031250e-01
4.620859622955322266e-01
4.592564105987548828e-01
4.586403369903564453e-01
4.651842117309570312e-01
4.592037200927734375e-01
4.648747444152832031e-01
4.662191867828369141e-01
4.585528373718261719e-01
4.622049331665039062e-01
4.609670639038085938e-01
4.587540626525878906e-01
4.657785892486572266e-01
4.607262611389160156e-01
4.637007713317871094e-01
4.695591926574707031e-01
4.655482769012451172e-01
4.669790267944335938e-01
4.578948020935058594e-01
4.653224945068359375e-01
4.609684944152832031e-01
4.604029655456542969e-01
4.686720371246337891e-01
4.754652976989746094e-01
4.653174877166748047e-01
4.693896770477294922e-01
4.684023857116699219e-01
4.666922092437744141e-01
4.690554141998291016e-01
4.627685546875000000e-01
4.665682315826416016e-01
4.676783084869384766e-01
4.603686332702636719e-01
4.708199501037597656e-01
4.692449569702148438e-01
4.667239189147949219e-01
4.749815464019775391e-01
4.680581092834472656e-01
4.732346534729003906e-01
4.815957546234130859e-01
4.706728458404541016e-01
4.757530689239501953e-01
4.698958396911621094e-01
4.691927433013916016e-01
4.770932197570800781e-01
4.712903499603271484e-01
4.807057380676269531e-01
4.816887378692626953e-01
4.714500904083251953e-01
4.773397445678710938e-01
4.856965541839599609e-01
4.734919071197509766e-01
4.806714057922363281e-01
4.755487442016601562e-01
4.776742458343505859e-01
4.779136180877685547e-01
4.707658290863037109e-01
4.807054996490478516e-01
4.842159748077392578e-01
4.839663505554199219e-01
4.818141460418701172e-01
4.781353473663330078e-01
4.751937389373779297e-01
4.780254364013671875e-01
4.693210124969482422e-01
4.637525081634521484e-01
4.792273044586181641e-01
4.749922752380371094e-01
4.710252285003662109e-01
4.710130691528320312e-01
4.691843986511230469e-01
4.690892696380615234e-01
4.727933406829833984e-01
4.690895080566406250e-01
4.750399589538574219e-01
4.752106666564941406e-01
4.755456447601318359e-01
4.696853160858154297e-01
4.753057956695556641e-01
4.805240631103515625e-01
4.702391624450683594e-01
4.721319675445556641e-01
4.864587783813476562e-01
4.656493663787841797e-01
4.667642116546630859e-01
4.638373851776123047e-01
4.609580039978027344e-01
4.645895957946777344e-01
4.699423313140869141e-01
4.657480716705322266e-01
4.643003940582275391e-01
4.839143753051757812e-01
4.694783687591552734e-01
4.693176746368408203e-01
4.716041088104248047e-01
4.643239974975585938e-01
4.626019001007080078e-01
4.590888023376464844e-01
4.674565792083740234e-01
4.597663879394531250e-01
4.639713764190673828e-01
4.665131568908691406e-01
4.603490829467773438e-01
4.607312679290771484e-01
4.586455821990966797e-01
4.622824192047119141e-01
4.584453105926513672e-01
4.567127227783203125e-01
4.636445045471191406e-01
4.748008251190185547e-01
4.651081562042236328e-01
4.587929248809814453e-01
4.613573551177978516e-01
4.659857749938964844e-01
4.590916633605957031e-01
4.695832729339599609e-01
4.622290134429931641e-01
4.605436325073242188e-01
4.630539417266845703e-01
4.642074108123779297e-01
4.622383117675781250e-01
4.622354507446289062e-01
4.649472236633300781e-01
4.614608287811279297e-01
4.644339084625244141e-01
4.680635929107666016e-01
4.629914760589599609e-01
4.620563983917236328e-01
4.616992473602294922e-01
4.632375240325927734e-01
4.586105346679687500e-01
4.595532417297363281e-01
4.604172706604003906e-01
4.607024192810058594e-01
4.602766036987304688e-01
4.614794254302978516e-01
4.781789779663085938e-01
4.870023727416992188e-01
4.592163562774658203e-01
4.655661582946777344e-01
4.652018547058105469e-01
4.622850418090820312e-01
4.633009433746337891e-01
4.654376506805419922e-01
4.717743396759033203e-01
4.701473712921142578e-01
4.679179191589355469e-01
4.615161418914794922e-01
