1.954852104187011719e+00
4.291911125183105469e-01
4.171116352081298828e-01
4.226710796356201172e-01
4.192512035369873047e-01
4.212374687194824219e-01
4.246249198913574219e-01
4.199759960174560547e-01
4.253289699554443359e-01
4.205548763275146484e-01
4.251596927642822266e-01
4.275758266448974609e-01
4.199073314666748047e-01
4.266202449798583984e-01
4.226698875427246094e-01
4.240267276763916016e-01
4.260425567626953125e-01
4.234921932220458984e-01
4.507369995117187500e-01
4.932813644409179688e-01
4.701848030090332031e-01
4.621839523315429688e-01
4.581003189086914062e-01
4.618630409240722656e-01
4.672579765319824219e-01
4.549348354339599609e-01
4.617946147918701172e-01
4.552721977233886719e-01
4.538302421569824219e-01
4.602417945861816406e-01
4.601128101348876953e-01
4.600865840911865234e-01
4.644978046417236328e-01
4.550807476043701172e-01
4.572074413299560547e-01
4.586102962493896484e-01
4.529354572296142578e-01
4.600901603698730469e-01
4.571640491485595703e-01
4.595685005187988281e-01
4.641575813293457031e-01
4.542696475982666016e-01
4.585635662078857422e-01
4.600768089294433594e-01
4.522538185119628906e-01
4.603133201599121094e-01
4.533381462097167969e-01
4.604480266571044922e-01
4.605877399444580078e-01
4.548251628875732422e-01
4.634330272674560547e-01
4.634156227111816406e-01
4.551186561584472656e-01
4.603264331817626953e-01
4.590237140655517578e-01
4.580464363098144531e-01
4.627742767333984375e-01
4.576256275177001953e-01
4.595406055450439453e-01
4.631006717681884766e-01
4.568827152252197266e-01
4.610977172851562500e-01
4.571697711944580078e-01
4.567129611968994141e-01
4.655530452728271484e-01
4.589061737060546875e-01
4.621558189392089844e-01
4.682760238647460938e-01
4.524719715118408203e-01
4.662735462188720703e-01
4.562332630157470703e-01
4.633703231811523438e-01
4.582459926605224609e-01
4.581634998321533203e-01
4.690208435058593750e-01
4.709961414337158203e-01
4.633989334106445312e-01
4.689176082611083984e-01
4.657135009765625000e-01
4.651987552642822266e-01
4.687218666076660156e-01
4.634044170379638672e-01
4.696471691131591797e-01
4.669260978698730469e-01
4.600758552551269531e-01
4.696183204650878906e-01
4.777014255523681641e-01
4.710195064544677734e-01
4.745454788208007812e-01
4.669187068939208984e-01
4.722845554351806641e-01
4.824631214141845703e-01
4.794154167175292969e-01
4.738190174102783203e-01
4.690454006195068359e-01
4.702150821685791016e-01
4.747781753540039062e-01
4.701364040374755859e-01
4.767649173736572266e-01
4.874615669250488281e-01
4.717822074890136719e-01
4.792714118957519531e-01
4.787392616271972656e-01
4.719159603118896484e-01
4.755017757415771484e-01
4.740893840789794922e-01
4.760849475860595703e-01
4.745368957519531250e-01
4.713873863220214844e-01
4.795601367950439453e-01
4.823985099792480469e-01
4.728722572326660156e-01
4.812488555908203125e-01
4.762170314788818359e-01
4.720337390899658203e-01
4.777112007141113281e-01
4.706828594207763672e-01
4.674267768859863281e-01
4.807839393615722656e-01
4.753923416137695312e-01
4.724421501159667969e-01
4.694395065307617188e-01
4.728224277496337891e-01
4.714818000793457031e-01
4.747552871704101562e-01
4.714331626892089844e-01
4.736230373382568359e-01
4.753937721252441406e-01
4.715757369995117188e-01
4.705269336700439453e-01
4.865057468414306641e-01
4.838635921478271484e-01
4.695820808410644531e-01
4.694936275482177734e-01
4.700706005096435547e-01
4.654726982116699219e-01
4.834508895874023438e-01
4.765894412994384766e-01
4.639778137207031250e-01
4.649829864501953125e-01
4.633159637451171875e-01
4.614782333374023438e-01
4.645557403564453125e-01
4.744367599487304688e-01
4.690647125244140625e-01
4.674108028411865234e-01
4.679365158081054688e-01
4.618058204650878906e-01
4.614820480346679688e-01
4.617629051208496094e-01
4.624643325805664062e-01
4.598531723022460938e-01
4.676704406738281250e-01
4.706833362579345703e-01
4.702327251434326172e-01
4.624245166778564453e-01
4.617156982421875000e-01
4.652793407440185547e-01
4.632234573364257812e-01
4.605438709259033203e-01
4.603829383850097656e-01
4.565119743347167969e-01
4.611592292785644531e-01
4.549820423126220703e-01
4.552648067474365234e-01
4.606521129608154297e-01
4.536161422729492188e-01
4.623234272003173828e-01
4.579930305480957031e-01
4.562118053436279297e-01
4.575133323669433594e-01
4.591753482818603516e-01
4.577622413635253906e-01
4.578900337219238281e-01
4.592568874359130859e-01
4.557442665100097656e-01
4.589791297912597656e-01
4.631574153900146484e-01
4.587714672088623047e-01
4.565243721008300781e-01
4.586703777313232422e-01
4.587326049804687500e-01
4.635727405548095703e-01
4.633870124816894531e-01
4.668269157409667969e-01
4.647283554077148438e-01
4.648556709289550781e-01
4.625329971313476562e-01
4.612939357757568359e-01
4.673132896423339844e-01
4.654796123504638672e-01
4.670803546905517578e-01
4.669568538665771484e-01
4.677100181579589844e-01
4.652621746063232422e-01
4.668359756469726562e-01
4.644360542297363281e-01
4.671571254730224609e-01
4.687058925628662109e-01
4.639282226562500000e-01
