1.364952087402343750e+00
1.287180662155151367e+00
1.253158330917358398e+00
1.333941459655761719e+00
1.256026983261108398e+00
1.274916172027587891e+00
1.277905941009521484e+00
1.238559722900390625e+00
1.326047420501708984e+00
1.240183830261230469e+00
1.263452768325805664e+00
1.256922483444213867e+00
1.234621286392211914e+00
1.254855155944824219e+00
1.244604825973510742e+00
1.246924161911010742e+00
1.238134384155273438e+00
1.252044200897216797e+00
1.246742010116577148e+00
1.294547080993652344e+00
1.358567714691162109e+00
1.277273178100585938e+00
1.326731681823730469e+00
1.454676151275634766e+00
1.284625768661499023e+00
1.305525779724121094e+00
1.279235839843750000e+00
1.297562122344970703e+00
1.404727935791015625e+00
1.349498987197875977e+00
1.302256345748901367e+00
1.337419033050537109e+00
1.295540094375610352e+00
1.354459762573242188e+00
1.275468111038208008e+00
1.328223705291748047e+00
1.415262699127197266e+00
1.358102321624755859e+00
1.282853126525878906e+00
1.326507091522216797e+00
1.355901002883911133e+00
1.360275745391845703e+00
1.349022626876831055e+00
1.350775003433227539e+00
1.416998386383056641e+00
1.330300092697143555e+00
1.355080127716064453e+00
1.289678812026977539e+00
1.342895507812500000e+00
1.358079910278320312e+00
1.292411565780639648e+00
1.275713205337524414e+00
1.501837730407714844e+00
1.346032619476318359e+00
1.276638269424438477e+00
1.351867914199829102e+00
1.297969579696655273e+00
1.336460828781127930e+00
1.342912673950195312e+00
1.311243057250976562e+00
1.337162256240844727e+00
1.330981254577636719e+00
1.410802125930786133e+00
1.490600824356079102e+00
1.331039667129516602e+00
1.429827213287353516e+00
1.450354099273681641e+00
1.385669231414794922e+00
1.524003505706787109e+00
1.373070001602172852e+00
1.443764448165893555e+00
1.486231327056884766e+00
1.372990131378173828e+00
1.386089563369750977e+00
1.383634090423583984e+00
1.366540431976318359e+00
1.411804199218750000e+00
1.393309354782104492e+00
1.365756750106811523e+00
1.504734039306640625e+00
1.457471847534179688e+00
1.356355428695678711e+00
1.358910560607910156e+00
1.401383161544799805e+00
1.421858072280883789e+00
1.421321153640747070e+00
1.375424623489379883e+00
1.514086723327636719e+00
1.337726354598999023e+00
1.351850032806396484e+00
1.344570398330688477e+00
1.337874174118041992e+00
1.466485261917114258e+00
1.302946805953979492e+00
1.297243833541870117e+00
1.361073017120361328e+00
1.288556098937988281e+00
1.297379016876220703e+00
1.309500694274902344e+00
1.363574266433715820e+00
1.293442487716674805e+00
1.351855039596557617e+00
1.349243879318237305e+00
1.447276115417480469e+00
1.322467565536499023e+00
1.291062831878662109e+00
1.290305614471435547e+00
1.377725839614868164e+00
1.344788074493408203e+00
1.278755664825439453e+00
1.327987432479858398e+00
1.380815267562866211e+00
1.289218187332153320e+00
1.297089338302612305e+00
1.345229148864746094e+00
1.310393095016479492e+00
1.236664533615112305e+00
1.290576219558715820e+00
1.552258491516113281e+00
1.353453397750854492e+00
1.342746019363403320e+00
1.406545400619506836e+00
1.421838045120239258e+00
1.405236005783081055e+00
1.427827358245849609e+00
1.458135843276977539e+00
1.468215703964233398e+00
1.435773849487304688e+00
1.515820741653442383e+00
1.411121606826782227e+00
1.468328475952148438e+00
1.448222160339355469e+00
1.410498380661010742e+00
1.485403776168823242e+00
1.440036058425903320e+00
1.466888904571533203e+00
1.432553529739379883e+00
1.427320957183837891e+00
1.594038486480712891e+00
1.446305513381958008e+00
1.385246515274047852e+00
1.461066484451293945e+00
1.424036979675292969e+00
1.522158384323120117e+00
1.499509096145629883e+00
1.472261905670166016e+00
1.423564195632934570e+00
1.436779022216796875e+00
1.429153203964233398e+00
1.369728803634643555e+00
1.457350730895996094e+00
1.372454881668090820e+00
1.380444765090942383e+00
1.456388950347900391e+00
1.418614864349365234e+00
1.431852102279663086e+00
1.383887529373168945e+00
1.379613876342773438e+00
1.491278409957885742e+00
1.359666347503662109e+00
1.378068447113037109e+00
1.448426723480224609e+00
1.427659988403320312e+00
1.470833063125610352e+00
1.452740669250488281e+00
1.453742027282714844e+00
1.530560016632080078e+00
1.506930112838745117e+00
1.435354948043823242e+00
1.528383493423461914e+00
1.422555923461914062e+00
1.390933036804199219e+00
1.361021280288696289e+00
1.368292570114135742e+00
1.566621065139770508e+00
1.381172657012939453e+00
1.391037940979003906e+00
1.324533700942993164e+00
1.360253334045410156e+00
1.438680410385131836e+00
1.291249752044677734e+00
1.272644758224487305e+00
1.326194047927856445e+00
1.366345643997192383e+00
1.390542030334472656e+00
1.337950468063354492e+00
1.299889564514160156e+00
1.293265819549560547e+00
1.332582235336303711e+00
1.356495141983032227e+00
1.347898006439208984e+00
1.333196163177490234e+00
1.321563482284545898e+00
1.341475725173950195e+00
1.283999443054199219e+00
1.275637865066528320e+00
1.343719959259033203e+00
1.287821531295776367e+00
1.334341049194335938e+00
1.347067594528198242e+00
