1.963665485382080078e+00
4.297120571136474609e-01
4.192104339599609375e-01
4.256434440612792969e-01
4.233193397521972656e-01
4.213440418243408203e-01
4.235160350799560547e-01
4.186463356018066406e-01
4.242892265319824219e-01
4.197027683258056641e-01
4.227707386016845703e-01
4.252712726593017578e-01
4.201331138610839844e-01
4.249680042266845703e-01
4.220838546752929688e-01
4.230079650878906250e-01
4.249136447906494141e-01
4.235432147979736328e-01
4.512910842895507812e-01
4.803566932678222656e-01
4.538600444793701172e-01
4.614427089691162109e-01
4.559917449951171875e-01
4.636783599853515625e-01
4.662556648254394531e-01
4.566082954406738281e-01
4.614596366882324219e-01
4.576523303985595703e-01
4.557816982269287109e-01
4.611568450927734375e-01
4.585013389587402344e-01
4.626860618591308594e-01
4.654347896575927734e-01
4.565320014953613281e-01
4.621319770812988281e-01
4.722874164581298828e-01
4.543454647064208984e-01
4.607651233673095703e-01
4.587171077728271484e-01
4.595673084259033203e-01
4.617624282836914062e-01
4.567553997039794922e-01
4.598610401153564453e-01
4.732391834259033203e-01
4.559247493743896484e-01
4.650352001190185547e-01
4.590172767639160156e-01
4.578146934509277344e-01
4.632971286773681641e-01
4.592645168304443359e-01
4.642219543457031250e-01
4.646000862121582031e-01
4.581520557403564453e-01
4.640581607818603516e-01
4.599447250366210938e-01
4.588832855224609375e-01
4.654588699340820312e-01
4.579689502716064453e-01
4.624462127685546875e-01
4.633936882019042969e-01
4.583487510681152344e-01
4.611399173736572266e-01
4.558172225952148438e-01
4.563038349151611328e-01
4.639530181884765625e-01
4.568109512329101562e-01
4.603781700134277344e-01
4.674043655395507812e-01
4.550888538360595703e-01
4.696867465972900391e-01
4.613330364227294922e-01
4.604394435882568359e-01
4.594266414642333984e-01
4.628214836120605469e-01
4.704911708831787109e-01
4.743535518646240234e-01
4.646639823913574219e-01
4.719750881195068359e-01
4.663245677947998047e-01
4.638798236846923828e-01
4.671633243560791016e-01
4.593477249145507812e-01
4.827942848205566406e-01
4.728157520294189453e-01
4.631011486053466797e-01
4.718229770660400391e-01
4.738142490386962891e-01
4.688746929168701172e-01
4.754078388214111328e-01
4.700601100921630859e-01
4.733710289001464844e-01
4.831166267395019531e-01
4.740569591522216797e-01
4.782843589782714844e-01
4.709634780883789062e-01
4.721684455871582031e-01
4.791717529296875000e-01
4.735455513000488281e-01
4.810168743133544922e-01
4.848079681396484375e-01
4.737181663513183594e-01
4.820749759674072266e-01
4.798483848571777344e-01
4.731881618499755859e-01
4.801084995269775391e-01
4.743206501007080078e-01
4.780230522155761719e-01
4.760282039642333984e-01
4.732282161712646484e-01
4.825601577758789062e-01
4.884519577026367188e-01
4.766213893890380859e-01
4.774329662322998047e-01
4.807624816894531250e-01
4.730620384216308594e-01
4.807920455932617188e-01
4.726049900054931641e-01
4.608614444732666016e-01
4.771835803985595703e-01
4.767186641693115234e-01
4.705636501312255859e-01
4.677257537841796875e-01
4.674253463745117188e-01
4.691135883331298828e-01
4.691469669342041016e-01
4.682288169860839844e-01
4.707584381103515625e-01
4.715387821197509766e-01
4.704735279083251953e-01
4.697172641754150391e-01
4.696624279022216797e-01
4.754109382629394531e-01
4.669296741485595703e-01
4.672977924346923828e-01
4.686474800109863281e-01
4.613206386566162109e-01
4.625222682952880859e-01
4.606173038482666016e-01
4.618983268737792969e-01
4.583654403686523438e-01
4.611532688140869141e-01
4.620504379272460938e-01
4.672007560729980469e-01
4.698786735534667969e-01
4.664163589477539062e-01
4.682385921478271484e-01
4.649226665496826172e-01
4.610760211944580078e-01
4.577274322509765625e-01
4.566712379455566406e-01
4.602005481719970703e-01
4.555747509002685547e-01
4.586622714996337891e-01
4.640815258026123047e-01
4.544014930725097656e-01
4.566569328308105469e-01
4.546704292297363281e-01
4.612512588500976562e-01
4.549739360809326172e-01
4.525117874145507812e-01
4.723081588745117188e-01
4.573831558227539062e-01
4.607264995574951172e-01
4.571683406829833984e-01
4.539067745208740234e-01
4.651236534118652344e-01
4.543893337249755859e-01
4.637660980224609375e-01
4.557785987854003906e-01
4.539921283721923828e-01
4.587445259094238281e-01
4.594807624816894531e-01
4.579267501831054688e-01
4.599463939666748047e-01
4.573674201965332031e-01
4.566860198974609375e-01
4.588129520416259766e-01
4.625172615051269531e-01
4.592542648315429688e-01
4.562172889709472656e-01
4.566340446472167969e-01
4.578619003295898438e-01
4.532234668731689453e-01
4.583065509796142578e-01
4.572525024414062500e-01
4.591970443725585938e-01
4.565522670745849609e-01
4.650676250457763672e-01
4.549262523651123047e-01
4.630796909332275391e-01
4.612302780151367188e-01
4.576544761657714844e-01
4.602587223052978516e-01
4.557561874389648438e-01
4.549825191497802734e-01
4.586560726165771484e-01
4.555132389068603516e-01
4.566378593444824219e-01
4.586477279663085938e-01
4.550046920776367188e-01
