2.284348726272583008e+00
4.242451190948486328e-01
4.313657283782958984e-01
4.256796836853027344e-01
4.339535236358642578e-01
4.287581443786621094e-01
4.427256584167480469e-01
4.290468692779541016e-01
4.289228916168212891e-01
4.316191673278808594e-01
4.295370578765869141e-01
4.397239685058593750e-01
4.383790493011474609e-01
4.367716312408447266e-01
4.428186416625976562e-01
4.398593902587890625e-01
4.458909034729003906e-01
4.306807518005371094e-01
4.690101146697998047e-01
4.421463012695312500e-01
4.427495002746582031e-01
4.436101913452148438e-01
4.465904235839843750e-01
4.504835605621337891e-01
4.404666423797607422e-01
4.387586116790771484e-01
4.465765953063964844e-01
4.509847164154052734e-01
4.504926204681396484e-01
4.423832893371582031e-01
4.526288509368896484e-01
4.640419483184814453e-01
4.512434005737304688e-01
4.441006183624267578e-01
4.454245567321777344e-01
4.409515857696533203e-01
4.495627880096435547e-01
4.546771049499511719e-01
4.406349658966064453e-01
4.449272155761718750e-01
4.421808719635009766e-01
4.440240859985351562e-01
4.592866897583007812e-01
4.460268020629882812e-01
4.465494155883789062e-01
4.438114166259765625e-01
4.409976005554199219e-01
4.508085250854492188e-01
4.464402198791503906e-01
4.418103694915771484e-01
4.528746604919433594e-01
4.446470737457275391e-01
4.432547092437744141e-01
4.430499076843261719e-01
4.593389034271240234e-01
4.271354675292968750e-01
4.263291358947753906e-01
4.300289154052734375e-01
4.504234790802001953e-01
4.466073513031005859e-01
4.375631809234619141e-01
4.389448165893554688e-01
4.283497333526611328e-01
4.379057884216308594e-01
4.331049919128417969e-01
4.294135570526123047e-01
4.229435920715332031e-01
4.308531284332275391e-01
4.289476871490478516e-01
4.345417022705078125e-01
4.398341178894042969e-01
4.425299167633056641e-01
4.349842071533203125e-01
4.431085586547851562e-01
4.500374794006347656e-01
4.530222415924072266e-01
4.539606571197509766e-01
4.696068763732910156e-01
4.793746471405029297e-01
4.705750942230224609e-01
4.758009910583496094e-01
4.779314994812011719e-01
4.686052799224853516e-01
4.769704341888427734e-01
4.653897285461425781e-01
5.213799476623535156e-01
4.615948200225830078e-01
4.712798595428466797e-01
4.723997116088867188e-01
4.486548900604248047e-01
4.518866539001464844e-01
4.436135292053222656e-01
4.360315799713134766e-01
4.325137138366699219e-01
4.293770790100097656e-01
4.327156543731689453e-01
4.381504058837890625e-01
4.631974697113037109e-01
4.448854923248291016e-01
4.327306747436523438e-01
4.376087188720703125e-01
4.366579055786132812e-01
4.338138103485107422e-01
4.427947998046875000e-01
4.384539127349853516e-01
4.462802410125732422e-01
4.503433704376220703e-01
4.541912078857421875e-01
4.536712169647216797e-01
4.516820907592773438e-01
4.561951160430908203e-01
4.662735462188720703e-01
4.637370109558105469e-01
4.641010761260986328e-01
4.633338451385498047e-01
4.728655815124511719e-01
4.574601650238037109e-01
4.537792205810546875e-01
4.500801563262939453e-01
4.432339668273925781e-01
4.499285221099853516e-01
4.541201591491699219e-01
4.519262313842773438e-01
4.559144973754882812e-01
4.390268325805664062e-01
4.490942955017089844e-01
5.163426399230957031e-01
4.609928131103515625e-01
4.510939121246337891e-01
4.635903835296630859e-01
4.501347541809082031e-01
4.399034976959228516e-01
4.450263977050781250e-01
4.373948574066162109e-01
4.444940090179443359e-01
4.396364688873291016e-01
4.386661052703857422e-01
4.396793842315673828e-01
4.373717308044433594e-01
4.340753555297851562e-01
4.454250335693359375e-01
4.466590881347656250e-01
4.518823623657226562e-01
4.485418796539306641e-01
4.469337463378906250e-01
4.590983390808105469e-01
4.480249881744384766e-01
4.552500247955322266e-01
4.493188858032226562e-01
4.529757499694824219e-01
4.488749504089355469e-01
4.534344673156738281e-01
4.441969394683837891e-01
4.560930728912353516e-01
4.443340301513671875e-01
4.486918449401855469e-01
4.487848281860351562e-01
4.519627094268798828e-01
4.453098773956298828e-01
4.408469200134277344e-01
4.412808418273925781e-01
4.936311244964599609e-01
4.396431446075439453e-01
4.928574562072753906e-01
4.471726417541503906e-01
4.452588558197021484e-01
4.491508007049560547e-01
4.538605213165283203e-01
4.474940299987792969e-01
4.433336257934570312e-01
4.457991123199462891e-01
4.539446830749511719e-01
4.423425197601318359e-01
4.650106430053710938e-01
4.462234973907470703e-01
4.401192665100097656e-01
4.619917869567871094e-01
4.627950191497802734e-01
4.773063659667968750e-01
5.131046772003173828e-01
4.832735061645507812e-01
4.737832546234130859e-01
4.573445320129394531e-01
4.457356929779052734e-01
4.376025199890136719e-01
4.474318027496337891e-01
4.407060146331787109e-01
4.380025863647460938e-01
4.412584304809570312e-01
4.307892322540283203e-01
4.384515285491943359e-01
4.399268627166748047e-01
4.349286556243896484e-01
4.442436695098876953e-01
4.621746540069580078e-01
4.399788379669189453e-01
4.404773712158203125e-01
4.323565959930419922e-01
4.326808452606201172e-01
4.337079524993896484e-01
