1.376276493072509766e+00
1.368807792663574219e+00
1.383484840393066406e+00
1.454081773757934570e+00
1.373398303985595703e+00
1.411822319030761719e+00
1.389528512954711914e+00
1.396495819091796875e+00
1.452032804489135742e+00
1.352726221084594727e+00
1.342082262039184570e+00
1.327385663986206055e+00
1.313291549682617188e+00
1.324505805969238281e+00
1.409511327743530273e+00
1.455970048904418945e+00
1.515210866928100586e+00
1.603054761886596680e+00
1.778526306152343750e+00
1.841137886047363281e+00
1.490374326705932617e+00
1.377179384231567383e+00
1.282543182373046875e+00
1.343402147293090820e+00
1.258406162261962891e+00
1.337076425552368164e+00
1.263353824615478516e+00
1.284224748611450195e+00
1.269109010696411133e+00
1.271799325942993164e+00
1.280997037887573242e+00
1.281754255294799805e+00
1.268003463745117188e+00
1.271677970886230469e+00
1.268070936203002930e+00
1.277710914611816406e+00
1.267696142196655273e+00
1.273327350616455078e+00
1.267991065979003906e+00
1.277034282684326172e+00
1.300911664962768555e+00
1.393795251846313477e+00
1.390312194824218750e+00
1.391106605529785156e+00
1.381297349929809570e+00
1.403464317321777344e+00
1.382477045059204102e+00
1.396726846694946289e+00
1.365291595458984375e+00
1.380819797515869141e+00
1.333258390426635742e+00
1.332800865173339844e+00
1.390478849411010742e+00
1.376070022583007812e+00
1.379342079162597656e+00
1.403553962707519531e+00
1.394670963287353516e+00
1.394716978073120117e+00
1.374393224716186523e+00
1.370789766311645508e+00
1.379815340042114258e+00
1.401006937026977539e+00
1.488408803939819336e+00
1.591746807098388672e+00
1.675992488861083984e+00
1.758688926696777344e+00
1.731882810592651367e+00
1.732914924621582031e+00
1.773171663284301758e+00
1.785132884979248047e+00
1.851180553436279297e+00
1.872200250625610352e+00
1.867453336715698242e+00
1.835033178329467773e+00
1.574597358703613281e+00
1.348119735717773438e+00
1.295367479324340820e+00
1.281469821929931641e+00
1.282576084136962891e+00
1.298726558685302734e+00
1.282402276992797852e+00
1.286290645599365234e+00
1.285980701446533203e+00
1.287083148956298828e+00
1.257319450378417969e+00
1.263934373855590820e+00
1.266679048538208008e+00
1.259465456008911133e+00
1.278493881225585938e+00
1.303929328918457031e+00
1.592146158218383789e+00
1.945750236511230469e+00
1.939077138900756836e+00
1.984766244888305664e+00
1.725347995758056641e+00
1.510588645935058594e+00
1.350260734558105469e+00
1.265123605728149414e+00
1.288617849349975586e+00
1.293359518051147461e+00
1.285343170166015625e+00
1.286034822463989258e+00
1.285098075866699219e+00
1.369853496551513672e+00
1.277487993240356445e+00
1.252874135971069336e+00
1.242189884185791016e+00
1.251307010650634766e+00
1.251141071319580078e+00
1.223355293273925781e+00
1.227375984191894531e+00
1.236604452133178711e+00
1.233662843704223633e+00
1.271723508834838867e+00
1.263751268386840820e+00
1.261002779006958008e+00
1.272500276565551758e+00
1.263708591461181641e+00
1.338260173797607422e+00
1.258536338806152344e+00
1.258608818054199219e+00
1.266012430191040039e+00
1.262108802795410156e+00
1.252826213836669922e+00
1.260549545288085938e+00
1.347331285476684570e+00
1.225033283233642578e+00
1.291288375854492188e+00
1.352829933166503906e+00
1.248358964920043945e+00
1.288708209991455078e+00
1.285320520401000977e+00
1.302615404129028320e+00
1.368819236755371094e+00
1.307216644287109375e+00
1.415365695953369141e+00
1.521620035171508789e+00
1.556519269943237305e+00
2.102497816085815430e+00
1.879803895950317383e+00
1.714516878128051758e+00
1.537178039550781250e+00
1.416616678237915039e+00
1.410113096237182617e+00
1.355805397033691406e+00
1.372217655181884766e+00
1.404236793518066406e+00
1.406521320343017578e+00
1.422228097915649414e+00
1.373407363891601562e+00
1.371213912963867188e+00
1.366721391677856445e+00
1.353807449340820312e+00
1.296573162078857422e+00
1.243872404098510742e+00
1.233861446380615234e+00
1.237211704254150391e+00
1.310296058654785156e+00
1.359375000000000000e+00
1.289765834808349609e+00
1.285661458969116211e+00
1.290231943130493164e+00
1.286580085754394531e+00
1.284687757492065430e+00
1.278460264205932617e+00
1.300702333450317383e+00
1.290842056274414062e+00
1.292639970779418945e+00
1.287123441696166992e+00
1.594637393951416016e+00
1.711917161941528320e+00
1.875606536865234375e+00
1.235999107360839844e+00
1.481966733932495117e+00
2.005360126495361328e+00
1.725474834442138672e+00
1.307141780853271484e+00
1.283947706222534180e+00
1.294417142868041992e+00
1.323787450790405273e+00
1.253186702728271484e+00
1.255993843078613281e+00
1.251400232315063477e+00
1.255697250366210938e+00
1.335752725601196289e+00
1.254070758819580078e+00
1.276049852371215820e+00
1.259612083435058594e+00
1.274913787841796875e+00
1.269560098648071289e+00
1.279680967330932617e+00
1.283404350280761719e+00
1.289680957794189453e+00
1.287541866302490234e+00
1.254837036132812500e+00
1.273401975631713867e+00
1.256671905517578125e+00
1.281885385513305664e+00
1.267172574996948242e+00
1.263236522674560547e+00
