1.376268625259399414e+00
1.368807315826416016e+00
1.383494138717651367e+00
1.454081773757934570e+00
1.373398303985595703e+00
1.411822795867919922e+00
1.389529705047607422e+00
1.396489620208740234e+00
1.452032804489135742e+00
1.352725505828857422e+00
1.342086791992187500e+00
1.327385663986206055e+00
1.313294887542724609e+00
1.324503898620605469e+00
1.409514188766479492e+00
1.455967187881469727e+00
1.517998456954956055e+00
1.603073596954345703e+00
1.778524875640869141e+00
1.841136693954467773e+00
1.490380287170410156e+00
1.377177000045776367e+00
1.282546043395996094e+00
1.343410491943359375e+00
1.258412599563598633e+00
1.337074041366577148e+00
1.263354301452636719e+00
1.284229516983032227e+00
1.269113063812255859e+00
1.271797418594360352e+00
1.280995845794677734e+00
1.281752824783325195e+00
1.268003225326538086e+00
1.271677494049072266e+00
1.268071174621582031e+00
1.277714729309082031e+00
1.267696380615234375e+00
1.273327350616455078e+00
1.267995119094848633e+00
1.277034282684326172e+00
1.300911188125610352e+00
1.393791437149047852e+00
1.390309810638427734e+00
1.391110658645629883e+00
1.393975973129272461e+00
1.403464078903198242e+00
1.382480621337890625e+00
1.396727085113525391e+00
1.365294218063354492e+00
1.380817174911499023e+00
1.333264589309692383e+00
1.332800388336181641e+00
1.390476226806640625e+00
1.376070976257324219e+00
1.379340410232543945e+00
1.403551578521728516e+00
1.394676923751831055e+00
1.394728422164916992e+00
1.374394893646240234e+00
1.370794296264648438e+00
1.379823923110961914e+00
1.401006460189819336e+00
1.488412141799926758e+00
1.591757535934448242e+00
1.676026821136474609e+00
1.758698940277099609e+00
1.750023841857910156e+00
1.732915163040161133e+00
1.773168325424194336e+00
1.785128831863403320e+00
1.851178884506225586e+00
1.872204542160034180e+00
1.867452859878540039e+00
1.835035324096679688e+00
1.574593305587768555e+00
1.348124980926513672e+00
1.295370101928710938e+00
1.281471729278564453e+00
1.282576560974121094e+00
1.298723459243774414e+00
1.282402992248535156e+00
1.286290645599365234e+00
1.285980463027954102e+00
1.287083148956298828e+00
1.259314775466918945e+00
1.263934135437011719e+00
1.266677141189575195e+00
1.259465694427490234e+00
1.278494358062744141e+00
1.303924798965454102e+00
1.592133522033691406e+00
1.945770978927612305e+00
1.939074993133544922e+00
1.984765291213989258e+00
1.725347995758056641e+00
1.510580778121948242e+00
1.350260734558105469e+00
1.265126228332519531e+00
1.288611173629760742e+00
1.293359518051147461e+00
1.285341024398803711e+00
1.286035776138305664e+00
1.285097837448120117e+00
1.369853496551513672e+00
1.277492284774780273e+00
1.252874612808227539e+00
1.242189645767211914e+00
1.251307249069213867e+00
1.251141548156738281e+00
1.223354816436767578e+00
1.227375030517578125e+00
1.236604928970336914e+00
1.233665227890014648e+00
1.271724224090576172e+00
1.263749122619628906e+00
1.260998487472534180e+00
1.272500514984130859e+00
1.263713836669921875e+00
1.338259458541870117e+00
1.258534908294677734e+00
1.258605003356933594e+00
1.266014099121093750e+00
1.262107610702514648e+00
1.252828598022460938e+00
1.260550737380981445e+00
1.347326040267944336e+00
1.225031137466430664e+00
1.291289806365966797e+00
1.352822780609130859e+00
1.248362302780151367e+00
1.288708686828613281e+00
1.285323858261108398e+00
1.302608251571655273e+00
1.368822574615478516e+00
1.307215213775634766e+00
1.415364027023315430e+00
1.521626472473144531e+00
1.556519269943237305e+00
2.102490901947021484e+00
1.879803657531738281e+00
1.714518547058105469e+00
1.537175893783569336e+00
1.416612863540649414e+00
1.410112142562866211e+00
1.355803489685058594e+00
1.372216224670410156e+00
1.404237031936645508e+00
1.406522035598754883e+00
1.422219991683959961e+00
1.373412370681762695e+00
1.371216297149658203e+00
1.366721391677856445e+00
1.353808403015136719e+00
1.296576023101806641e+00
1.243870019912719727e+00
1.233861446380615234e+00
1.237210035324096680e+00
1.310296058654785156e+00
1.359374761581420898e+00
1.289762973785400391e+00
1.285658359527587891e+00
1.290226459503173828e+00
1.286585807800292969e+00
1.284685134887695312e+00
1.277914285659790039e+00
1.300703287124633789e+00
1.290840387344360352e+00
1.292641401290893555e+00
1.287124872207641602e+00
1.594649076461791992e+00
1.711917161941528320e+00
1.875612258911132812e+00
1.236000299453735352e+00
1.481967449188232422e+00
2.005366086959838867e+00
1.725474834442138672e+00
1.307148218154907227e+00
1.283943414688110352e+00
1.294417381286621094e+00
1.323781967163085938e+00
1.253184318542480469e+00
1.255996465682983398e+00
1.251400947570800781e+00
1.255693197250366211e+00
1.335751295089721680e+00
1.254073381423950195e+00
1.276051282882690430e+00
1.259616613388061523e+00
1.274910688400268555e+00
1.269557476043701172e+00
1.279680252075195312e+00
1.283396720886230469e+00
1.289680957794189453e+00
1.287538766860961914e+00
1.254839897155761719e+00
1.273401975631713867e+00
1.256672143936157227e+00
1.281888008117675781e+00
1.267178773880004883e+00
1.263233661651611328e+00
