2.547260046005249023e+00
4.322021007537841797e-01
4.381353855133056641e-01
4.274284839630126953e-01
4.361112117767333984e-01
4.330921173095703125e-01
4.409582614898681641e-01
4.341285228729248047e-01
4.345135688781738281e-01
4.340138435363769531e-01
4.336068630218505859e-01
4.338049888610839844e-01
4.355931282043457031e-01
4.348409175872802734e-01
4.405422210693359375e-01
4.412391185760498047e-01
4.392466545104980469e-01
4.751880168914794922e-01
4.332962036132812500e-01
4.562149047851562500e-01
4.786825180053710938e-01
4.854514598846435547e-01
4.770262241363525391e-01
5.080597400665283203e-01
4.953887462615966797e-01
4.833006858825683594e-01
5.029380321502685547e-01
5.006711483001708984e-01
4.918649196624755859e-01
4.476006031036376953e-01
4.490945339202880859e-01
4.527764320373535156e-01
4.534134864807128906e-01
4.482870101928710938e-01
4.473657608032226562e-01
4.455955028533935547e-01
4.491593837738037109e-01
4.480223655700683594e-01
4.510905742645263672e-01
4.734539985656738281e-01
4.416663646697998047e-01
4.438855648040771484e-01
4.442951679229736328e-01
4.476299285888671875e-01
4.468450546264648438e-01
4.454398155212402344e-01
5.017404556274414062e-01
5.109589099884033203e-01
4.933297634124755859e-01
4.580521583557128906e-01
4.464826583862304688e-01
4.462549686431884766e-01
4.396378993988037109e-01
4.501888751983642578e-01
4.367449283599853516e-01
4.364657402038574219e-01
4.342882633209228516e-01
4.452540874481201172e-01
4.407296180725097656e-01
4.297404289245605469e-01
4.325785636901855469e-01
4.293310642242431641e-01
4.341340065002441406e-01
4.981219768524169922e-01
4.282145500183105469e-01
4.411356449127197266e-01
4.373419284820556641e-01
4.529635906219482422e-01
4.394478797912597656e-01
4.387121200561523438e-01
4.436404705047607422e-01
4.404723644256591797e-01
4.384343624114990234e-01
4.424481391906738281e-01
4.439980983734130859e-01
4.523024559020996094e-01
4.527597427368164062e-01
4.511673450469970703e-01
4.505298137664794922e-01
4.611520767211914062e-01
4.515388011932373047e-01
4.515120983123779297e-01
4.524590969085693359e-01
4.556541442871093750e-01
4.528422355651855469e-01
4.544200897216796875e-01
4.543297290802001953e-01
4.528779983520507812e-01
5.055198669433593750e-01
4.885816574096679688e-01
4.658808708190917969e-01
4.472014904022216797e-01
4.310588836669921875e-01
4.607646465301513672e-01
4.443306922912597656e-01
4.623892307281494141e-01
4.367239475250244141e-01
4.394893646240234375e-01
4.392559528350830078e-01
4.414775371551513672e-01
4.391458034515380859e-01
4.420652389526367188e-01
4.374794960021972656e-01
4.397435188293457031e-01
4.456448554992675781e-01
4.605967998504638672e-01
4.556620121002197266e-01
4.523777961730957031e-01
4.520611763000488281e-01
4.542119503021240234e-01
4.514715671539306641e-01
4.532206058502197266e-01
4.566438198089599609e-01
4.585497379302978516e-01
4.609234333038330078e-01
4.533183574676513672e-01
4.571616649627685547e-01
4.505612850189208984e-01
4.463968276977539062e-01
4.480531215667724609e-01
4.484293460845947266e-01
4.484786987304687500e-01
4.503226280212402344e-01
4.708354473114013672e-01
4.333999156951904297e-01
4.490826129913330078e-01
4.528720378875732422e-01
4.488561153411865234e-01
4.595391750335693359e-01
4.488415718078613281e-01
4.413597583770751953e-01
4.466693401336669922e-01
4.369690418243408203e-01
4.368371963500976562e-01
4.479916095733642578e-01
4.460003376007080078e-01
4.400291442871093750e-01
4.559133052825927734e-01
4.494597911834716797e-01
4.502239227294921875e-01
4.656488895416259766e-01
4.695136547088623047e-01
4.494533538818359375e-01
4.626078605651855469e-01
4.596691131591796875e-01
4.631896018981933594e-01
4.498186111450195312e-01
4.552271366119384766e-01
4.615604877471923828e-01
4.572422504425048828e-01
4.680514335632324219e-01
4.688222408294677734e-01
4.648077487945556641e-01
4.594573974609375000e-01
4.434130191802978516e-01
4.531750679016113281e-01
4.589688777923583984e-01
4.579951763153076172e-01
4.529109001159667969e-01
4.553444385528564453e-01
4.528412818908691406e-01
4.542777538299560547e-01
4.530568122863769531e-01
4.452233314514160156e-01
4.556138515472412109e-01
4.517121315002441406e-01
4.512269496917724609e-01
4.525606632232666016e-01
4.550750255584716797e-01
4.782142639160156250e-01
4.515359401702880859e-01
4.538826942443847656e-01
4.392087459564208984e-01
4.455416202545166016e-01
4.626851081848144531e-01
4.558558464050292969e-01
4.635357856750488281e-01
4.610428810119628906e-01
4.637382030487060547e-01
4.656448364257812500e-01
4.652459621429443359e-01
4.668707847595214844e-01
4.551551342010498047e-01
4.532318115234375000e-01
4.477744102478027344e-01
4.491231441497802734e-01
4.528162479400634766e-01
4.404978752136230469e-01
4.638922214508056641e-01
4.433019161224365234e-01
4.490232467651367188e-01
4.521677494049072266e-01
4.580218791961669922e-01
4.558875560760498047e-01
4.501802921295166016e-01
4.357054233551025391e-01
4.361732006072998047e-01
4.362037181854248047e-01
4.411184787750244141e-01
4.551036357879638672e-01
