2.395371437072753906e+00
4.356968402862548828e-01
4.398572444915771484e-01
4.361140727996826172e-01
4.443216323852539062e-01
4.336063861846923828e-01
4.455478191375732422e-01
4.300522804260253906e-01
4.324338436126708984e-01
4.313406944274902344e-01
4.299759864807128906e-01
4.307229518890380859e-01
4.348847866058349609e-01
4.352810382843017578e-01
4.302768707275390625e-01
4.397325515747070312e-01
4.403226375579833984e-01
4.333584308624267578e-01
4.405095577239990234e-01
4.472339153289794922e-01
4.582600593566894531e-01
4.556663036346435547e-01
4.634068012237548828e-01
4.726955890655517578e-01
4.802122116088867188e-01
4.796183109283447266e-01
4.585921764373779297e-01
4.578824043273925781e-01
4.807927608489990234e-01
4.697794914245605469e-01
4.700489044189453125e-01
4.691820144653320312e-01
4.727730751037597656e-01
4.675326347351074219e-01
4.702460765838623047e-01
4.650719165802001953e-01
4.677915573120117188e-01
4.694938659667968750e-01
4.683027267456054688e-01
4.695847034454345703e-01
4.672200679779052734e-01
4.590075016021728516e-01
4.675900936126708984e-01
4.683289527893066406e-01
4.595429897308349609e-01
4.591038227081298828e-01
4.692749977111816406e-01
4.631245136260986328e-01
4.657716751098632812e-01
4.639539718627929688e-01
4.559941291809082031e-01
4.544777870178222656e-01
4.460353851318359375e-01
4.465115070343017578e-01
4.433410167694091797e-01
4.365963935852050781e-01
4.384882450103759766e-01
4.494326114654541016e-01
4.546544551849365234e-01
4.413301944732666016e-01
4.377896785736083984e-01
4.366288185119628906e-01
4.384980201721191406e-01
4.416851997375488281e-01
4.504427909851074219e-01
4.363293647766113281e-01
4.352157115936279297e-01
4.461674690246582031e-01
4.535505771636962891e-01
4.428493976593017578e-01
4.481177330017089844e-01
4.490168094635009766e-01
4.520363807678222656e-01
4.470672607421875000e-01
4.531867504119873047e-01
4.551508426666259766e-01
4.611845016479492188e-01
4.555652141571044922e-01
4.586479663848876953e-01
4.569931030273437500e-01
4.585540294647216797e-01
4.562571048736572266e-01
4.589676856994628906e-01
4.607090950012207031e-01
4.561433792114257812e-01
4.823682308197021484e-01
4.717454910278320312e-01
4.784989356994628906e-01
4.858803749084472656e-01
4.574184417724609375e-01
4.653913974761962891e-01
4.448535442352294922e-01
4.401314258575439453e-01
4.642763137817382812e-01
4.353687763214111328e-01
4.413325786590576172e-01
4.380712509155273438e-01
4.419746398925781250e-01
4.386017322540283203e-01
4.393391609191894531e-01
4.458649158477783203e-01
4.368734359741210938e-01
4.428222179412841797e-01
4.436585903167724609e-01
4.397213459014892578e-01
4.549982547760009766e-01
4.617602825164794922e-01
4.613506793975830078e-01
4.616563320159912109e-01
4.639916419982910156e-01
4.632296562194824219e-01
4.841582775115966797e-01
4.699392318725585938e-01
4.747362136840820312e-01
4.598445892333984375e-01
4.605240821838378906e-01
4.670224189758300781e-01
4.532380104064941406e-01
4.518637657165527344e-01
4.461686611175537109e-01
4.457027912139892578e-01
4.524703025817871094e-01
4.513339996337890625e-01
4.491755962371826172e-01
4.282281398773193359e-01
4.357316493988037109e-01
4.795036315917968750e-01
4.749889373779296875e-01
4.420003890991210938e-01
4.390199184417724609e-01
4.617686271667480469e-01
4.422509670257568359e-01
4.466342926025390625e-01
4.411399364471435547e-01
4.449329376220703125e-01
4.414610862731933594e-01
4.352364540100097656e-01
4.529185295104980469e-01
4.397993087768554688e-01
4.320192337036132812e-01
4.546408653259277344e-01
4.585981369018554688e-01
4.547762870788574219e-01
4.526216983795166016e-01
4.535875320434570312e-01
4.510984420776367188e-01
4.555163383483886719e-01
4.562191963195800781e-01
4.567558765411376953e-01
4.913439750671386719e-01
4.868602752685546875e-01
4.869744777679443359e-01
4.799945354461669922e-01
4.663095474243164062e-01
4.548625946044921875e-01
4.574279785156250000e-01
4.601683616638183594e-01
4.508156776428222656e-01
4.453668594360351562e-01
4.444117546081542969e-01
4.442296028137207031e-01
4.485683441162109375e-01
4.416909217834472656e-01
4.613318443298339844e-01
4.519095420837402344e-01
4.465398788452148438e-01
4.462397098541259766e-01
4.466245174407958984e-01
4.500551223754882812e-01
4.537470340728759766e-01
4.706065654754638672e-01
4.900991916656494141e-01
4.283933639526367188e-01
4.556860923767089844e-01
4.486224651336669922e-01
4.447512626647949219e-01
4.481961727142333984e-01
4.448659420013427734e-01
4.580819606781005859e-01
4.766297340393066406e-01
4.819571971893310547e-01
4.789876937866210938e-01
4.627161026000976562e-01
4.512109756469726562e-01
4.460444450378417969e-01
4.464509487152099609e-01
4.441845417022705078e-01
4.496574401855468750e-01
4.562053680419921875e-01
4.428753852844238281e-01
4.452970027923583984e-01
4.565641880035400391e-01
4.428310394287109375e-01
4.516820907592773438e-01
4.555897712707519531e-01
4.495108127593994141e-01
4.534175395965576172e-01
4.499785900115966797e-01
4.511997699737548828e-01
4.606487751007080078e-01
