1.376275539398193359e+00
1.368806600570678711e+00
1.383491277694702148e+00
1.454080343246459961e+00
1.373398065567016602e+00
1.411822557449340820e+00
1.389533281326293945e+00
1.396492004394531250e+00
1.452034235000610352e+00
1.352729558944702148e+00
1.342082977294921875e+00
1.327385663986206055e+00
1.313291311264038086e+00
1.324507951736450195e+00
1.409511089324951172e+00
1.455968379974365234e+00
1.517994642257690430e+00
1.603056669235229492e+00
1.778526306152343750e+00
1.841135740280151367e+00
1.490371942520141602e+00
1.377179384231567383e+00
1.282544374465942383e+00
1.343401193618774414e+00
1.258406162261962891e+00
1.337076902389526367e+00
1.263350725173950195e+00
1.284224748611450195e+00
1.269111633300781250e+00
1.271799802780151367e+00
1.280996322631835938e+00
1.281755924224853516e+00
1.268007040023803711e+00
1.271676540374755859e+00
1.268070936203002930e+00
1.277710437774658203e+00
1.267700910568237305e+00
1.273328304290771484e+00
1.267988681793212891e+00
1.277032852172851562e+00
1.300907850265502930e+00
1.393794059753417969e+00
1.390311241149902344e+00
1.391106128692626953e+00
1.381296396255493164e+00
1.403460025787353516e+00
1.382482290267944336e+00
1.396727085113525391e+00
1.365296363830566406e+00
1.380815029144287109e+00
1.333258152008056641e+00
1.332796573638916016e+00
1.390475034713745117e+00
1.376069307327270508e+00
1.379337310791015625e+00
1.403554201126098633e+00
1.394670486450195312e+00
1.394719362258911133e+00
1.374392747879028320e+00
1.370790004730224609e+00
1.379815816879272461e+00
1.401006937026977539e+00
1.488409519195556641e+00
1.591745615005493164e+00
1.675992727279663086e+00
1.758692741394042969e+00
1.731879711151123047e+00
1.732913494110107422e+00
1.773169755935668945e+00
1.785131216049194336e+00
1.851180315017700195e+00
1.872197628021240234e+00
1.867453098297119141e+00
1.835034608840942383e+00
1.574597358703613281e+00
1.348119497299194336e+00
1.295367479324340820e+00
1.281470537185668945e+00
1.282574892044067383e+00
1.298724174499511719e+00
1.282403707504272461e+00
1.286288738250732422e+00
1.285978555679321289e+00
1.287081480026245117e+00
1.257317066192626953e+00
1.263934850692749023e+00
1.266678810119628906e+00
1.259464263916015625e+00
1.278493881225585938e+00
1.303929328918457031e+00
1.592145204544067383e+00
1.945747852325439453e+00
1.935426473617553711e+00
1.976521492004394531e+00
1.725362062454223633e+00
1.510587215423583984e+00
1.350262165069580078e+00
1.265123605728149414e+00
1.288612365722656250e+00
1.293358325958251953e+00
1.285343647003173828e+00
1.286031961441040039e+00
1.285096883773803711e+00
1.369852781295776367e+00
1.277487993240356445e+00
1.252872943878173828e+00
1.242188215255737305e+00
1.251304864883422852e+00
1.251137256622314453e+00
1.223359107971191406e+00
1.227377653121948242e+00
1.236610412597656250e+00
1.233664035797119141e+00
1.271722793579101562e+00
1.263750314712524414e+00
1.260997772216796875e+00
1.272500514984130859e+00
1.263711214065551758e+00
1.338260173797607422e+00
1.258532285690307617e+00
1.258606910705566406e+00
1.266012668609619141e+00
1.262104034423828125e+00
1.252829551696777344e+00
1.260550737380981445e+00
1.347331285476684570e+00
1.225021362304687500e+00
1.291288375854492188e+00
1.352828741073608398e+00
1.248358249664306641e+00
1.288707017898559570e+00
1.285320997238159180e+00
1.302615404129028320e+00
1.368819236755371094e+00
1.307220935821533203e+00
1.415364503860473633e+00
1.521619081497192383e+00
1.556519269943237305e+00
2.102498292922973633e+00
1.879802227020263672e+00
1.714518070220947266e+00
1.537176847457885742e+00
1.416615724563598633e+00
1.410116672515869141e+00
1.355806589126586914e+00
1.372222661972045898e+00
1.404236793518066406e+00
1.406520843505859375e+00
1.422227382659912109e+00
1.373405218124389648e+00
1.371213674545288086e+00
1.366721153259277344e+00
1.353805780410766602e+00
1.296574592590332031e+00
1.240581989288330078e+00
1.233860731124877930e+00
1.237209558486938477e+00
1.310298442840576172e+00
1.359378814697265625e+00
1.289764165878295898e+00
1.285660743713378906e+00
1.290229558944702148e+00
1.286580562591552734e+00
1.284685611724853516e+00
1.278457880020141602e+00
1.290364265441894531e+00
1.290840625762939453e+00
1.292644500732421875e+00
1.287124156951904297e+00
1.594634532928466797e+00
1.711921930313110352e+00
1.875615596771240234e+00
1.235998630523681641e+00
1.481973648071289062e+00
2.005372524261474609e+00
1.725472450256347656e+00
1.307149648666381836e+00
1.283941984176635742e+00
1.294416904449462891e+00
1.323785066604614258e+00
1.253197908401489258e+00
1.256006479263305664e+00
1.251399993896484375e+00
1.255693435668945312e+00
1.335752487182617188e+00
1.254073381423950195e+00
1.276048183441162109e+00
1.259612083435058594e+00
1.274910926818847656e+00
1.269560337066650391e+00
1.279681205749511719e+00
1.283393383026123047e+00
1.289683341979980469e+00
1.287537574768066406e+00
1.254837989807128906e+00
1.273402929306030273e+00
1.256673336029052734e+00
1.281881570816040039e+00
1.267173051834106445e+00
1.263234853744506836e+00
