1.509531497955322266e+00
1.218938827514648438e-02
1.050019264221191406e-02
1.044774055480957031e-02
1.053261756896972656e-02
1.041865348815917969e-02
1.062750816345214844e-02
1.043152809143066406e-02
1.047563552856445312e-02
1.044583320617675781e-02
1.040029525756835938e-02
1.036667823791503906e-02
1.051926612854003906e-02
1.040816307067871094e-02
1.035094261169433594e-02
1.048588752746582031e-02
1.051712036132812500e-02
1.044392585754394531e-02
1.048946380615234375e-02
1.042604446411132812e-02
1.112532615661621094e-02
1.039409637451171875e-02
1.040983200073242188e-02
1.038527488708496094e-02
1.107215881347656250e-02
1.046180725097656250e-02
1.042795181274414062e-02
1.040697097778320312e-02
1.045894622802734375e-02
1.042461395263671875e-02
1.083278656005859375e-02
1.090741157531738281e-02
1.092910766601562500e-02
1.034498214721679688e-02
1.023817062377929688e-02
1.069855690002441406e-02
1.033616065979003906e-02
1.003789901733398438e-02
1.021122932434082031e-02
1.024913787841796875e-02
1.019096374511718750e-02
1.108860969543457031e-02
1.056694984436035156e-02
1.006722450256347656e-02
1.014900207519531250e-02
9.826421737670898438e-03
1.102089881896972656e-02
1.018476486206054688e-02
1.015424728393554688e-02
