2.574557304382324219e+00
2.220902681350708008e+00
1.921220421791076660e+00
1.835992693901062012e+00
1.847886085510253906e+00
1.770925164222717285e+00
1.704994440078735352e+00
1.731000661849975586e+00
1.559837341308593750e+00
1.737613081932067871e+00
1.753771543502807617e+00
1.617008447647094727e+00
1.538522958755493164e+00
1.337704658508300781e+00
1.395454764366149902e+00
1.465862154960632324e+00
1.399178981781005859e+00
1.384313702583312988e+00
1.262399077415466309e+00
1.293114066123962402e+00
1.268861532211303711e+00
1.277179837226867676e+00
1.393628239631652832e+00
1.170874238014221191e+00
1.425227642059326172e+00
1.090017199516296387e+00
1.182307124137878418e+00
1.136551022529602051e+00
1.198922753334045410e+00
1.152893900871276855e+00
1.559992194175720215e+00
1.311636328697204590e+00
1.264618992805480957e+00
1.296715974807739258e+00
1.248281359672546387e+00
1.331725120544433594e+00
1.302188634872436523e+00
1.248019576072692871e+00
1.176987767219543457e+00
1.267937421798706055e+00
1.252932906150817871e+00
1.210819721221923828e+00
1.112587809562683105e+00
1.116393804550170898e+00
1.392129659652709961e+00
1.212333798408508301e+00
1.236775994300842285e+00
1.160391688346862793e+00
1.101180911064147949e+00
