1.468519210815429688e+00
1.241183280944824219e-02
1.047301292419433594e-02
1.057267189025878906e-02
1.048898696899414062e-02
1.052403450012207031e-02
1.063132286071777344e-02
1.057338714599609375e-02
1.051712036132812500e-02
1.060342788696289062e-02
1.046252250671386719e-02
1.054477691650390625e-02
1.048970222473144531e-02
1.061201095581054688e-02
1.079082489013671875e-02
1.057720184326171875e-02
1.046800613403320312e-02
1.052594184875488281e-02
1.043915748596191406e-02
1.062583923339843750e-02
1.062941551208496094e-02
1.062035560607910156e-02
1.050949096679687500e-02
1.047635078430175781e-02
1.051950454711914062e-02
1.066756248474121094e-02
1.053857803344726562e-02
1.054739952087402344e-02
1.130318641662597656e-02
1.045441627502441406e-02
1.047229766845703125e-02
1.045703887939453125e-02
1.051902770996093750e-02
1.041126251220703125e-02
1.033592224121093750e-02
1.026225090026855469e-02
1.026940345764160156e-02
1.077055931091308594e-02
1.039004325866699219e-02
1.032781600952148438e-02
1.012873649597167969e-02
9.814500808715820312e-03
9.765625000000000000e-03
9.837865829467773438e-03
1.105952262878417969e-02
1.200819015502929688e-02
1.169061660766601562e-02
1.193666458129882812e-02
