2.351182937622070312e+00
2.126776695251464844e+00
2.279321908950805664e+00
1.861636757850646973e+00
1.953661918640136719e+00
1.937933087348937988e+00
2.200585365295410156e+00
1.848081588745117188e+00
1.949160695075988770e+00
1.861574411392211914e+00
1.704879164695739746e+00
1.779940724372863770e+00
1.841596007347106934e+00
1.609974980354309082e+00
1.681301712989807129e+00
1.685601592063903809e+00
1.808479547500610352e+00
1.913049221038818359e+00
1.558040738105773926e+00
1.771384239196777344e+00
1.573983788490295410e+00
1.559481859207153320e+00
1.712738633155822754e+00
1.678433656692504883e+00
1.652597069740295410e+00
1.562721371650695801e+00
1.428566455841064453e+00
1.742148995399475098e+00
1.712961792945861816e+00
1.620894432067871094e+00
1.551928758621215820e+00
1.671318054199218750e+00
