1.015625000000000000e-01
2.968750000000000000e-01
3.359375000000000000e-01
2.343750000000000000e-01
2.734375000000000000e-01
3.125000000000000000e-01
2.812500000000000000e-01
3.203125000000000000e-01
3.046875000000000000e-01
2.812500000000000000e-01
2.890625000000000000e-01
4.062500000000000000e-01
3.359375000000000000e-01
3.437500000000000000e-01
4.218750000000000000e-01
3.203125000000000000e-01
4.453125000000000000e-01
4.375000000000000000e-01
4.218750000000000000e-01
4.062500000000000000e-01
4.140625000000000000e-01
3.515625000000000000e-01
3.671875000000000000e-01
4.062500000000000000e-01
3.984375000000000000e-01
3.750000000000000000e-01
4.062500000000000000e-01
4.609375000000000000e-01
4.531250000000000000e-01
4.140625000000000000e-01
3.437500000000000000e-01
4.687500000000000000e-01
4.453125000000000000e-01
4.375000000000000000e-01
4.687500000000000000e-01
