1.556787967681884766e+00
1.191115379333496094e-02
1.026749610900878906e-02
1.033949851989746094e-02
1.027703285217285156e-02
1.035547256469726562e-02
1.024818420410156250e-02
1.023507118225097656e-02
1.031255722045898438e-02
1.036119461059570312e-02
1.024198532104492188e-02
1.021385192871093750e-02
1.023793220520019531e-02
1.263403892517089844e-02
1.017308235168457031e-02
1.028418540954589844e-02
1.016306877136230469e-02
1.017379760742187500e-02
1.018905639648437500e-02
1.030135154724121094e-02
1.043391227722167969e-02
1.037573814392089844e-02
1.027488708496093750e-02
1.021909713745117188e-02
1.023840904235839844e-02
1.039814949035644531e-02
1.036310195922851562e-02
1.026988029479980469e-02
1.028513908386230469e-02
1.023530960083007812e-02
1.025366783142089844e-02
1.026630401611328125e-02
1.022481918334960938e-02
1.021170616149902344e-02
1.012897491455078125e-02
1.006007194519042969e-02
1.005673408508300781e-02
1.009654998779296875e-02
1.023030281066894531e-02
