1.015625000000000000e-01
4.296875000000000000e-01
5.390625000000000000e-01
6.015625000000000000e-01
6.640625000000000000e-01
6.640625000000000000e-01
6.640625000000000000e-01
6.406250000000000000e-01
6.562500000000000000e-01
6.875000000000000000e-01
6.640625000000000000e-01
6.484375000000000000e-01
6.640625000000000000e-01
6.562500000000000000e-01
6.875000000000000000e-01
5.390625000000000000e-01
7.187500000000000000e-01
7.031250000000000000e-01
6.796875000000000000e-01
5.937500000000000000e-01
6.796875000000000000e-01
6.015625000000000000e-01
7.031250000000000000e-01
7.421875000000000000e-01
7.343750000000000000e-01
