1.914577484130859375e-01
1.950972080230712891e-01
1.922781467437744141e-01
1.904845237731933594e-01
1.901569366455078125e-01
1.867213249206542969e-01
1.887035369873046875e-01
1.871395111083984375e-01
1.947557926177978516e-01
1.933846473693847656e-01
1.862592697143554688e-01
1.912274360656738281e-01
2.670354843139648438e-01
1.897885799407958984e-01
1.944627761840820312e-01
1.903777122497558594e-01
1.904120445251464844e-01
1.786050796508789062e-01
1.906583309173583984e-01
1.879701614379882812e-01
1.913125514984130859e-01
1.874024868011474609e-01
1.872339248657226562e-01
1.917665004730224609e-01
1.884844303131103516e-01
1.875121593475341797e-01
1.963324546813964844e-01
1.891851425170898438e-01
1.902987957000732422e-01
1.950805187225341797e-01
1.893546581268310547e-01
1.889014244079589844e-01
1.904430389404296875e-01
1.904780864715576172e-01
1.888558864593505859e-01
1.889088153839111328e-01
1.897716522216796875e-01
1.889193058013916016e-01
1.894650459289550781e-01
1.895172595977783203e-01
1.902539730072021484e-01
1.889989376068115234e-01
1.910960674285888672e-01
1.908862590789794922e-01
1.912775039672851562e-01
1.883366107940673828e-01
1.894052028656005859e-01
1.912727355957031250e-01
1.918671131134033203e-01
1.876409053802490234e-01
1.881921291351318359e-01
1.914207935333251953e-01
1.902720928192138672e-01
1.927926540374755859e-01
1.936573982238769531e-01
1.912448406219482422e-01
1.921582221984863281e-01
1.931324005126953125e-01
1.907849311828613281e-01
1.914427280426025391e-01
1.906201839447021484e-01
1.894311904907226562e-01
1.907439231872558594e-01
1.927552223205566406e-01
1.898512840270996094e-01
1.896662712097167969e-01
1.903014183044433594e-01
1.893513202667236328e-01
1.881561279296875000e-01
1.919839382171630859e-01
1.882598400115966797e-01
1.865367889404296875e-01
1.899447441101074219e-01
1.874396800994873047e-01
1.869916915893554688e-01
1.915907859802246094e-01
1.870346069335937500e-01
2.681519985198974609e-01
1.904149055480957031e-01
1.939206123352050781e-01
1.913273334503173828e-01
1.932573318481445312e-01
1.904716491699218750e-01
1.887981891632080078e-01
1.918060779571533203e-01
1.897342205047607422e-01
1.893827915191650391e-01
1.894838809967041016e-01
1.917006969451904297e-01
1.915309429168701172e-01
1.908266544342041016e-01
1.886191368103027344e-01
1.875302791595458984e-01
1.916832923889160156e-01
1.884913444519042969e-01
1.879048347473144531e-01
1.901454925537109375e-01
1.895170211791992188e-01
1.915409564971923828e-01
1.917173862457275391e-01
1.917803287506103516e-01
1.913151741027832031e-01
1.917767524719238281e-01
1.917562484741210938e-01
1.891748905181884766e-01
1.913206577301025391e-01
1.903045177459716797e-01
1.899104118347167969e-01
1.902780532836914062e-01
1.902482509613037109e-01
1.888372898101806641e-01
1.913514137268066406e-01
1.884903907775878906e-01
1.896908283233642578e-01
1.903364658355712891e-01
1.892395019531250000e-01
1.894435882568359375e-01
1.920368671417236328e-01
1.894931793212890625e-01
1.895062923431396484e-01
1.921617984771728516e-01
1.914637088775634766e-01
1.940159797668457031e-01
1.915071010589599609e-01
1.915521621704101562e-01
1.924779415130615234e-01
1.933112144470214844e-01
1.894571781158447266e-01
1.885762214660644531e-01
1.896131038665771484e-01
1.893799304962158203e-01
1.896543502807617188e-01
1.899333000183105469e-01
1.887955665588378906e-01
1.734735965728759766e-01
1.919176578521728516e-01
1.892728805541992188e-01
1.727008819580078125e-01
1.907982826232910156e-01
1.885306835174560547e-01
1.890790462493896484e-01
1.894178390502929688e-01
1.879925727844238281e-01
1.888995170593261719e-01
1.896574497222900391e-01
1.872684955596923828e-01
1.894571781158447266e-01
1.873185634613037109e-01
1.879389286041259766e-01
1.927835941314697266e-01
1.942358016967773438e-01
1.904709339141845703e-01
1.897926330566406250e-01
1.884751319885253906e-01
1.902582645416259766e-01
1.954286098480224609e-01
1.878800392150878906e-01
1.877043247222900391e-01
1.882586479187011719e-01
1.887402534484863281e-01
1.859936714172363281e-01
1.888582706451416016e-01
1.876482963562011719e-01
1.883039474487304688e-01
1.881434917449951172e-01
1.888530254364013672e-01
1.875815391540527344e-01
1.897947788238525391e-01
1.867692470550537109e-01
1.871960163116455078e-01
1.741883754730224609e-01
1.883511543273925781e-01
1.875309944152832031e-01
1.893432140350341797e-01
1.873285770416259766e-01
1.879441738128662109e-01
1.890535354614257812e-01
1.875340938568115234e-01
1.877322196960449219e-01
1.883585453033447266e-01
1.868145465850830078e-01
1.861345767974853516e-01
1.913845539093017578e-01
1.737456321716308594e-01
1.871538162231445312e-01
1.909639835357666016e-01
1.888594627380371094e-01
1.898863315582275391e-01
1.906144618988037109e-01
1.893193721771240234e-01
1.908383369445800781e-01
1.884346008300781250e-01
1.901524066925048828e-01
1.895902156829833984e-01
1.879723072052001953e-01
1.905951499938964844e-01
1.898212432861328125e-01
1.897125244140625000e-01
1.889383792877197266e-01
1.901869773864746094e-01
