3.422809839248657227e+00
1.865382432937622070e+00
1.964868783950805664e+00
1.875259399414062500e+00
1.867315292358398438e+00
1.868859052658081055e+00
1.870281219482421875e+00
1.862366914749145508e+00
1.857321500778198242e+00
1.866981983184814453e+00
1.866031169891357422e+00
1.867995977401733398e+00
1.871023893356323242e+00
1.866011381149291992e+00
1.863911390304565430e+00
1.864889144897460938e+00
1.866366386413574219e+00
1.866931676864624023e+00
1.870221614837646484e+00
1.865627765655517578e+00
1.870612382888793945e+00
1.872539043426513672e+00
1.869313716888427734e+00
1.874715805053710938e+00
1.873501062393188477e+00
1.875975131988525391e+00
1.884095430374145508e+00
1.880370855331420898e+00
1.875739812850952148e+00
1.883149623870849609e+00
1.880768537521362305e+00
1.882946014404296875e+00
1.890358924865722656e+00
1.888591289520263672e+00
1.887058496475219727e+00
1.881841182708740234e+00
1.884644269943237305e+00
1.886580944061279297e+00
1.890295982360839844e+00
1.892194271087646484e+00
1.888819217681884766e+00
1.895724296569824219e+00
1.888425588607788086e+00
1.883876323699951172e+00
1.899758815765380859e+00
1.898801803588867188e+00
1.897299766540527344e+00
1.898939132690429688e+00
1.905557394027709961e+00
1.904521703720092773e+00
1.900830984115600586e+00
1.900565624237060547e+00
1.896713972091674805e+00
1.898062467575073242e+00
1.900861024856567383e+00
1.897172689437866211e+00
1.905669689178466797e+00
1.900783777236938477e+00
1.902172327041625977e+00
1.900844097137451172e+00
1.903221368789672852e+00
1.903642177581787109e+00
1.901511192321777344e+00
1.907327175140380859e+00
1.898348569869995117e+00
1.901646375656127930e+00
1.901895284652709961e+00
1.900018453598022461e+00
1.903108119964599609e+00
1.916161060333251953e+00
1.896771430969238281e+00
1.900654792785644531e+00
1.901506185531616211e+00
1.898858785629272461e+00
1.901286125183105469e+00
1.912626743316650391e+00
1.903630256652832031e+00
1.908544778823852539e+00
1.906342744827270508e+00
1.907797813415527344e+00
1.907166004180908203e+00
1.916686296463012695e+00
1.898419141769409180e+00
1.908302068710327148e+00
1.905449867248535156e+00
1.901630163192749023e+00
1.911149263381958008e+00
1.897547721862792969e+00
1.903406143188476562e+00
1.904982089996337891e+00
1.908357143402099609e+00
1.906293869018554688e+00
1.898349761962890625e+00
1.906247854232788086e+00
1.908316850662231445e+00
1.902718544006347656e+00
1.906640052795410156e+00
1.912982702255249023e+00
1.909730434417724609e+00
1.903425931930541992e+00
1.913437366485595703e+00
1.909747123718261719e+00
1.904432773590087891e+00
1.913784980773925781e+00
1.916940689086914062e+00
1.916524887084960938e+00
1.900361299514770508e+00
1.895461082458496094e+00
1.901157140731811523e+00
1.901924371719360352e+00
1.901121616363525391e+00
1.903004646301269531e+00
1.901323080062866211e+00
1.911436080932617188e+00
1.909358263015747070e+00
1.900429010391235352e+00
1.909011363983154297e+00
1.903257846832275391e+00
1.898718595504760742e+00
1.904689788818359375e+00
1.905708312988281250e+00
1.899397611618041992e+00
1.901447772979736328e+00
1.899926424026489258e+00
1.902704715728759766e+00
1.905030250549316406e+00
1.912661314010620117e+00
1.889085769653320312e+00
1.889429330825805664e+00
1.919586420059204102e+00
1.906172037124633789e+00
1.898910045623779297e+00
1.907587528228759766e+00
1.900145292282104492e+00
1.905640840530395508e+00
1.896667242050170898e+00
1.892750740051269531e+00
1.897627115249633789e+00
1.908757686614990234e+00
1.899550676345825195e+00
1.899558782577514648e+00
1.896326065063476562e+00
1.909523248672485352e+00
1.894510984420776367e+00
1.902591466903686523e+00
1.904599189758300781e+00
1.894394159317016602e+00
1.896241903305053711e+00
1.900374412536621094e+00
1.904613018035888672e+00
1.902579069137573242e+00
1.898737192153930664e+00
1.900784492492675781e+00
1.894155502319335938e+00
1.895549058914184570e+00
1.905412435531616211e+00
1.905678033828735352e+00
1.904844999313354492e+00
1.893220663070678711e+00
1.902507305145263672e+00
1.906090259552001953e+00
1.904444694519042969e+00
1.902543544769287109e+00
1.896443128585815430e+00
1.902814865112304688e+00
1.900187969207763672e+00
1.905689001083374023e+00
1.908380985260009766e+00
1.907312870025634766e+00
1.905819892883300781e+00
1.910248756408691406e+00
1.896515846252441406e+00
1.895791292190551758e+00
1.906491041183471680e+00
1.900339841842651367e+00
1.895270586013793945e+00
1.902389764785766602e+00
1.909351110458374023e+00
1.907129287719726562e+00
1.905906200408935547e+00
1.901164770126342773e+00
1.906370878219604492e+00
1.903358936309814453e+00
1.901059865951538086e+00
1.896141290664672852e+00
1.903663396835327148e+00
1.904432296752929688e+00
1.900024414062500000e+00
1.900756597518920898e+00
1.903717517852783203e+00
1.898695945739746094e+00
1.904416561126708984e+00
1.906955242156982422e+00
1.907118797302246094e+00
1.904697179794311523e+00
1.916016101837158203e+00
1.911079883575439453e+00
1.899981260299682617e+00
1.912901878356933594e+00
1.904465198516845703e+00
