3.349199771881103516e+00
1.840543508529663086e+00
1.839097738265991211e+00
1.835940361022949219e+00
1.832681417465209961e+00
1.829481840133666992e+00
1.834614038467407227e+00
1.838147401809692383e+00
1.842317342758178711e+00
1.805765628814697266e+00
1.790698528289794922e+00
1.788974046707153320e+00
1.821293354034423828e+00
1.807081222534179688e+00
1.806731939315795898e+00
1.811216354370117188e+00
1.800883769989013672e+00
1.805736303329467773e+00
1.792857170104980469e+00
1.799564838409423828e+00
1.795287847518920898e+00
1.793308019638061523e+00
1.801957607269287109e+00
1.799804210662841797e+00
1.813451528549194336e+00
1.820284843444824219e+00
1.814025402069091797e+00
1.901556015014648438e+00
1.859030008316040039e+00
1.855437755584716797e+00
1.859027385711669922e+00
1.869273662567138672e+00
1.862999677658081055e+00
1.857489585876464844e+00
1.864078044891357422e+00
1.859898805618286133e+00
1.868331432342529297e+00
1.863821029663085938e+00
1.837088346481323242e+00
1.846539258956909180e+00
1.867823123931884766e+00
1.876324892044067383e+00
1.868419170379638672e+00
1.935231447219848633e+00
1.875628948211669922e+00
1.875025033950805664e+00
1.867916584014892578e+00
1.884021520614624023e+00
1.883882045745849609e+00
1.889237880706787109e+00
1.878520011901855469e+00
1.859645128250122070e+00
1.875558137893676758e+00
1.875691652297973633e+00
1.875712871551513672e+00
1.870010852813720703e+00
1.873687028884887695e+00
1.876775026321411133e+00
1.879599094390869141e+00
1.877833604812622070e+00
1.880806207656860352e+00
1.882376909255981445e+00
1.875961065292358398e+00
1.880770683288574219e+00
1.881556510925292969e+00
1.875175714492797852e+00
1.881827354431152344e+00
1.876910924911499023e+00
1.891807794570922852e+00
1.878129482269287109e+00
1.898591756820678711e+00
1.993147611618041992e+00
1.880155801773071289e+00
1.886490106582641602e+00
1.869284152984619141e+00
1.846908569335937500e+00
1.853424549102783203e+00
1.842150688171386719e+00
1.837847471237182617e+00
1.839472770690917969e+00
1.832081556320190430e+00
1.822200059890747070e+00
1.825459003448486328e+00
1.829396724700927734e+00
1.835438489913940430e+00
1.834847450256347656e+00
1.837380647659301758e+00
2.103579044342041016e+00
1.897670269012451172e+00
1.890159368515014648e+00
1.890607118606567383e+00
1.881696462631225586e+00
1.905076026916503906e+00
1.885036945343017578e+00
1.898641109466552734e+00
1.876251935958862305e+00
1.885782241821289062e+00
1.882401227951049805e+00
1.893232822418212891e+00
1.877002239227294922e+00
1.876886606216430664e+00
1.883517742156982422e+00
1.871083974838256836e+00
1.889049530029296875e+00
1.902996301651000977e+00
1.901608228683471680e+00
1.900738716125488281e+00
1.882969617843627930e+00
1.905143260955810547e+00
1.881710052490234375e+00
1.906595230102539062e+00
1.839969158172607422e+00
1.836415767669677734e+00
1.836064338684082031e+00
1.850655078887939453e+00
1.846400976181030273e+00
1.846590518951416016e+00
1.902573823928833008e+00
1.895177602767944336e+00
1.883118867874145508e+00
1.887070655822753906e+00
1.895337581634521484e+00
1.888366460800170898e+00
1.883470058441162109e+00
1.887521982192993164e+00
1.886554479598999023e+00
1.885596990585327148e+00
1.886541604995727539e+00
1.877710342407226562e+00
1.874279975891113281e+00
1.871793746948242188e+00
1.847019433975219727e+00
1.848537445068359375e+00
1.849457025527954102e+00
1.834044456481933594e+00
1.837381124496459961e+00
1.839907646179199219e+00
1.840988159179687500e+00
1.845649719238281250e+00
1.852885246276855469e+00
1.850596904754638672e+00
1.853998899459838867e+00
1.845654726028442383e+00
1.836281299591064453e+00
1.851384639739990234e+00
1.848166942596435547e+00
1.853437900543212891e+00
1.856223821640014648e+00
1.845796823501586914e+00
1.867806196212768555e+00
1.831808805465698242e+00
1.840032339096069336e+00
1.835432529449462891e+00
1.832893371582031250e+00
1.840353727340698242e+00
1.842602729797363281e+00
1.851188421249389648e+00
1.849657535552978516e+00
1.842905759811401367e+00
1.848231077194213867e+00
1.853496313095092773e+00
1.842635631561279297e+00
1.840115547180175781e+00
1.840923786163330078e+00
1.845862865447998047e+00
1.849926233291625977e+00
1.849604368209838867e+00
1.850605487823486328e+00
1.849074602127075195e+00
1.846874713897705078e+00
1.845395803451538086e+00
1.849054574966430664e+00
1.838191509246826172e+00
1.845920801162719727e+00
1.850465536117553711e+00
1.840167045593261719e+00
1.839193582534790039e+00
1.848384380340576172e+00
1.859277963638305664e+00
1.863088846206665039e+00
1.865204334259033203e+00
1.847320318222045898e+00
1.847762823104858398e+00
1.856090068817138672e+00
1.847671031951904297e+00
1.850020647048950195e+00
1.858917713165283203e+00
1.841683864593505859e+00
1.850590705871582031e+00
1.848062992095947266e+00
1.880672454833984375e+00
1.855685472488403320e+00
1.896996974945068359e+00
1.887303352355957031e+00
1.885983228683471680e+00
1.883291244506835938e+00
1.886494636535644531e+00
1.874810934066772461e+00
1.865286588668823242e+00
1.855165958404541016e+00
