1.914436817169189453e-01
1.950757503509521484e-01
1.922829151153564453e-01
1.904742717742919922e-01
1.901540756225585938e-01
1.867194175720214844e-01
1.887118816375732422e-01
1.871304512023925781e-01
1.947538852691650391e-01
1.933820247650146484e-01
1.862587928771972656e-01
1.912219524383544922e-01
2.670335769653320312e-01
1.897788047790527344e-01
1.944692134857177734e-01
1.903631687164306641e-01
1.904079914093017578e-01
1.786003112792968750e-01
1.906564235687255859e-01
1.879682540893554688e-01
1.913187503814697266e-01
1.874010562896728516e-01
1.872260570526123047e-01
1.917669773101806641e-01
1.884763240814208984e-01
1.875064373016357422e-01
1.963365077972412109e-01
1.891784667968750000e-01
1.903007030487060547e-01
1.950829029083251953e-01
1.893694400787353516e-01
1.889002323150634766e-01
1.904332637786865234e-01
1.904711723327636719e-01
1.888554096221923828e-01
1.889064311981201172e-01
1.897699832916259766e-01
1.889238357543945312e-01
1.894638538360595703e-01
1.895105838775634766e-01
1.902506351470947266e-01
1.889963150024414062e-01
1.910884380340576172e-01
1.908831596374511719e-01
1.912763118743896484e-01
1.883502006530761719e-01
1.893966197967529297e-01
1.912651062011718750e-01
1.918652057647705078e-01
1.876480579376220703e-01
1.881916522979736328e-01
1.914341449737548828e-01
1.902616024017333984e-01
1.927924156188964844e-01
1.936411857604980469e-01
1.912426948547363281e-01
1.921501159667968750e-01
1.931240558624267578e-01
1.907849311828613281e-01
1.914343833923339844e-01
1.906068325042724609e-01
1.894280910491943359e-01
1.907441616058349609e-01
1.927649974822998047e-01
1.898493766784667969e-01
1.896660327911376953e-01
1.903011798858642578e-01
1.893484592437744141e-01
1.881532669067382812e-01
1.919920444488525391e-01
1.882591247558593750e-01
1.865239143371582031e-01
1.899549961090087891e-01
1.874380111694335938e-01
1.869959831237792969e-01
1.915841102600097656e-01
1.870229244232177734e-01
2.681567668914794922e-01
1.904127597808837891e-01
1.939160823822021484e-01
1.913199424743652344e-01
1.932651996612548828e-01
1.904757022857666016e-01
1.887984275817871094e-01
1.917951107025146484e-01
1.897296905517578125e-01
1.893799304962158203e-01
1.894912719726562500e-01
1.916980743408203125e-01
1.915369033813476562e-01
1.908252239227294922e-01
1.886205673217773438e-01
1.875288486480712891e-01
1.916790008544921875e-01
1.884844303131103516e-01
1.879043579101562500e-01
1.901540756225585938e-01
1.895170211791992188e-01
1.915409564971923828e-01
1.917169094085693359e-01
1.917693614959716797e-01
1.913142204284667969e-01
1.917836666107177734e-01
1.917524337768554688e-01
1.891818046569824219e-01
1.913256645202636719e-01
1.902906894683837891e-01
1.899073123931884766e-01
1.902778148651123047e-01
1.902503967285156250e-01
1.888408660888671875e-01
1.913440227508544922e-01
1.884891986846923828e-01
1.896891593933105469e-01
1.903288364410400391e-01
1.892354488372802734e-01
1.894361972808837891e-01
1.920349597930908203e-01
1.894931793212890625e-01
1.895046234130859375e-01
1.921617984771728516e-01
1.914551258087158203e-01
1.940240859985351562e-01
1.915154457092285156e-01
1.915524005889892578e-01
1.924779415130615234e-01
1.933069229125976562e-01
1.894562244415283203e-01
1.885740756988525391e-01
1.896145343780517578e-01
1.893725395202636719e-01
1.896524429321289062e-01
1.899330615997314453e-01
1.888000965118408203e-01
1.734795570373535156e-01
1.919279098510742188e-01
1.892712116241455078e-01
1.727085113525390625e-01
1.907980442047119141e-01
1.885302066802978516e-01
1.890935897827148438e-01
1.894099712371826172e-01
1.879909038543701172e-01
1.889100074768066406e-01
1.896536350250244141e-01
1.872704029083251953e-01
1.894671916961669922e-01
1.873261928558349609e-01
1.879425048828125000e-01
1.928007602691650391e-01
1.942362785339355469e-01
1.904702186584472656e-01
1.897881031036376953e-01
1.884725093841552734e-01
1.902561187744140625e-01
1.954326629638671875e-01
1.878778934478759766e-01
1.877028942108154297e-01
1.882653236389160156e-01
1.887397766113281250e-01
1.859917640686035156e-01
1.888713836669921875e-01
1.876471042633056641e-01
1.883025169372558594e-01
1.881506443023681641e-01
1.888539791107177734e-01
1.875810623168945312e-01
1.898300647735595703e-01
1.867704391479492188e-01
1.871945858001708984e-01
1.742112636566162109e-01
1.883513927459716797e-01
1.875355243682861328e-01
1.893429756164550781e-01
1.873154640197753906e-01
1.879439353942871094e-01
1.890552043914794922e-01
1.875312328338623047e-01
1.877322196960449219e-01
1.883738040924072266e-01
1.868140697479248047e-01
1.861321926116943359e-01
1.913979053497314453e-01
1.737453937530517578e-01
1.871502399444580078e-01
1.909625530242919922e-01
1.888508796691894531e-01
1.898834705352783203e-01
1.906063556671142578e-01
1.893234252929687500e-01
1.908361911773681641e-01
1.884329319000244141e-01
1.901454925537109375e-01
1.895842552185058594e-01
1.879723072052001953e-01
1.905980110168457031e-01
1.898295879364013672e-01
1.897139549255371094e-01
1.889450550079345703e-01
1.902039051055908203e-01
