3.005211591720581055e+00
3.778839111328125000e-01
3.751657009124755859e-01
3.787770271301269531e-01
4.123737812042236328e-01
4.508059024810791016e-01
4.146404266357421875e-01
3.758356571197509766e-01
3.930346965789794922e-01
3.795166015625000000e-01
4.191226959228515625e-01
3.804404735565185547e-01
3.795404434204101562e-01
3.787345886230468750e-01
3.801226615905761719e-01
3.807742595672607422e-01
3.819906711578369141e-01
3.793475627899169922e-01
3.800916671752929688e-01
3.786926269531250000e-01
4.240086078643798828e-01
3.793020248413085938e-01
3.779237270355224609e-01
3.853256702423095703e-01
3.771879673004150391e-01
3.798646926879882812e-01
3.801958560943603516e-01
3.807823657989501953e-01
3.779394626617431641e-01
3.771276473999023438e-01
3.912875652313232422e-01
3.798105716705322266e-01
3.808097839355468750e-01
3.788781166076660156e-01
3.763995170593261719e-01
3.762156963348388672e-01
3.788487911224365234e-01
3.766133785247802734e-01
3.800899982452392578e-01
3.780946731567382812e-01
4.130818843841552734e-01
3.793241977691650391e-01
3.770387172698974609e-01
3.802855014801025391e-01
3.805110454559326172e-01
3.807356357574462891e-01
3.812754154205322266e-01
4.545524120330810547e-01
4.543251991271972656e-01
3.789019584655761719e-01
3.786211013793945312e-01
3.788881301879882812e-01
3.781614303588867188e-01
3.771989345550537109e-01
3.802130222320556641e-01
3.813714981079101562e-01
3.798902034759521484e-01
3.796901702880859375e-01
3.791873455047607422e-01
3.783416748046875000e-01
3.805673122406005859e-01
3.804395198822021484e-01
4.051187038421630859e-01
3.813323974609375000e-01
3.778734207153320312e-01
3.792700767517089844e-01
3.782608509063720703e-01
3.825037479400634766e-01
4.045188426971435547e-01
4.168038368225097656e-01
3.808894157409667969e-01
3.782739639282226562e-01
3.812303543090820312e-01
3.831460475921630859e-01
3.825101852416992188e-01
4.198346138000488281e-01
3.826856613159179688e-01
3.795762062072753906e-01
3.851473331451416016e-01
3.811080455780029297e-01
3.811283111572265625e-01
4.083628654479980469e-01
3.836257457733154297e-01
3.826727867126464844e-01
3.833780288696289062e-01
3.817634582519531250e-01
3.835864067077636719e-01
3.829565048217773438e-01
3.814208507537841797e-01
3.862395286560058594e-01
3.922514915466308594e-01
3.818306922912597656e-01
3.959469795227050781e-01
3.842222690582275391e-01
3.820011615753173828e-01
4.185619354248046875e-01
3.836240768432617188e-01
3.844296932220458984e-01
3.823509216308593750e-01
3.828670978546142578e-01
3.814251422882080078e-01
3.820614814758300781e-01
4.226810932159423828e-01
3.805422782897949219e-01
3.825082778930664062e-01
3.925306797027587891e-01
4.222025871276855469e-01
3.797113895416259766e-01
3.802235126495361328e-01
3.796555995941162109e-01
3.818037509918212891e-01
3.814117908477783203e-01
3.784880638122558594e-01
3.812968730926513672e-01
3.822495937347412109e-01
3.799347877502441406e-01
3.838343620300292969e-01
4.069795608520507812e-01
4.423279762268066406e-01
3.832778930664062500e-01
4.407877922058105469e-01
3.774285316467285156e-01
3.818094730377197266e-01
3.915863037109375000e-01
3.792686462402343750e-01
3.789577484130859375e-01
3.790855407714843750e-01
3.792893886566162109e-01
3.812193870544433594e-01
3.782668113708496094e-01
3.792040348052978516e-01
3.809576034545898438e-01
3.826451301574707031e-01
3.898160457611083984e-01
3.784615993499755859e-01
4.143993854522705078e-01
3.879921436309814453e-01
4.181432723999023438e-01
3.813023567199707031e-01
3.818387985229492188e-01
4.126005172729492188e-01
3.803060054779052734e-01
3.883655071258544922e-01
3.786873817443847656e-01
3.818154335021972656e-01
3.803036212921142578e-01
3.883998394012451172e-01
3.797543048858642578e-01
4.218850135803222656e-01
3.809878826141357422e-01
3.821122646331787109e-01
4.159932136535644531e-01
3.875215053558349609e-01
3.813796043395996094e-01
3.833177089691162109e-01
3.798103332519531250e-01
3.832178115844726562e-01
3.856265544891357422e-01
3.785700798034667969e-01
3.823177814483642578e-01
3.794379234313964844e-01
3.799774646759033203e-01
3.835923671722412109e-01
3.808920383453369141e-01
3.841729164123535156e-01
3.832368850708007812e-01
3.902707099914550781e-01
3.833122253417968750e-01
4.186267852783203125e-01
3.805437088012695312e-01
4.157609939575195312e-01
3.804371356964111328e-01
3.802509307861328125e-01
3.810989856719970703e-01
3.913607597351074219e-01
3.821716308593750000e-01
3.815553188323974609e-01
3.821630477905273438e-01
3.811295032501220703e-01
3.802309036254882812e-01
3.808898925781250000e-01
3.821649551391601562e-01
4.115262031555175781e-01
3.820219039916992188e-01
3.941950798034667969e-01
4.121189117431640625e-01
3.804922103881835938e-01
4.172639846801757812e-01
3.819775581359863281e-01
3.787930011749267578e-01
3.777675628662109375e-01
3.829905986785888672e-01
3.815054893493652344e-01
3.814923763275146484e-01
3.823215961456298828e-01
3.793497085571289062e-01
3.786120414733886719e-01
3.796579837799072266e-01
3.817570209503173828e-01
3.868126869201660156e-01
