2.967160463333129883e+00
3.714597225189208984e-01
3.714430332183837891e-01
3.760178089141845703e-01
3.726370334625244141e-01
3.748302459716796875e-01
3.735222816467285156e-01
3.738064765930175781e-01
3.773603439331054688e-01
3.768763542175292969e-01
3.743987083435058594e-01
3.744542598724365234e-01
3.761856555938720703e-01
3.767745494842529297e-01
3.776106834411621094e-01
3.783719539642333984e-01
3.768067359924316406e-01
3.860681056976318359e-01
3.758060932159423828e-01
3.841364383697509766e-01
3.770482540130615234e-01
3.768143653869628906e-01
3.760051727294921875e-01
3.759896755218505859e-01
3.764116764068603516e-01
3.755385875701904297e-01
3.762035369873046875e-01
3.775353431701660156e-01
3.771524429321289062e-01
3.772006034851074219e-01
3.749978542327880859e-01
3.785943984985351562e-01
3.761391639709472656e-01
4.533183574676513672e-01
3.791260719299316406e-01
3.772168159484863281e-01
3.751411437988281250e-01
3.782622814178466797e-01
3.748228549957275391e-01
4.139270782470703125e-01
3.773696422576904297e-01
3.782064914703369141e-01
3.767290115356445312e-01
4.170997142791748047e-01
3.774988651275634766e-01
3.784902095794677734e-01
3.733069896697998047e-01
3.752057552337646484e-01
3.777306079864501953e-01
3.755795955657958984e-01
3.788290023803710938e-01
3.771250247955322266e-01
3.750526905059814453e-01
3.785901069641113281e-01
3.808977603912353516e-01
3.839201927185058594e-01
4.181671142578125000e-01
4.162185192108154297e-01
3.851349353790283203e-01
3.777074813842773438e-01
4.196741580963134766e-01
4.161746501922607422e-01
3.842740058898925781e-01
4.202737808227539062e-01
3.779771327972412109e-01
3.795175552368164062e-01
3.785903453826904297e-01
4.542486667633056641e-01
3.867597579956054688e-01
3.785352706909179688e-01
3.798763751983642578e-01
3.791196346282958984e-01
4.201047420501708984e-01
3.803565502166748047e-01
3.805382251739501953e-01
4.263932704925537109e-01
4.182398319244384766e-01
3.799712657928466797e-01
3.805088996887207031e-01
4.129436016082763672e-01
3.807411193847656250e-01
3.799424171447753906e-01
3.814697265625000000e-01
3.849260807037353516e-01
3.799877166748046875e-01
3.822035789489746094e-01
3.817949295043945312e-01
3.810594081878662109e-01
3.793661594390869141e-01
3.816313743591308594e-01
3.801300525665283203e-01
3.868250846862792969e-01
4.265379905700683594e-01
3.783991336822509766e-01
3.813354969024658203e-01
3.816134929656982422e-01
3.835437297821044922e-01
3.817989826202392578e-01
3.938477039337158203e-01
3.802866935729980469e-01
3.832738399505615234e-01
4.203388690948486328e-01
4.132008552551269531e-01
3.828055858612060547e-01
3.799638748168945312e-01
3.822093009948730469e-01
3.814358711242675781e-01
3.806467056274414062e-01
3.811266422271728516e-01
4.189157485961914062e-01
3.857619762420654297e-01
3.827419281005859375e-01
3.836479187011718750e-01
3.811419010162353516e-01
3.830046653747558594e-01
3.844263553619384766e-01
3.807215690612792969e-01
3.842067718505859375e-01
3.798756599426269531e-01
3.807144165039062500e-01
3.840401172637939453e-01
3.810615539550781250e-01
4.027988910675048828e-01
3.835370540618896484e-01
3.830106258392333984e-01
3.803951740264892578e-01
3.839771747589111328e-01
3.829753398895263672e-01
3.886203765869140625e-01
3.812477588653564453e-01
3.804848194122314453e-01
3.809370994567871094e-01
3.832850456237792969e-01
3.837778568267822266e-01
3.862555027008056641e-01
3.886513710021972656e-01
3.819634914398193359e-01
3.840260505676269531e-01
3.818817138671875000e-01
3.846769332885742188e-01
4.196872711181640625e-01
3.826045989990234375e-01
3.829057216644287109e-01
3.820569515228271484e-01
4.233953952789306641e-01
3.802866935729980469e-01
3.813276290893554688e-01
3.901519775390625000e-01
3.915326595306396484e-01
3.929018974304199219e-01
3.826389312744140625e-01
3.838558197021484375e-01
3.837356567382812500e-01
4.251787662506103516e-01
3.820431232452392578e-01
4.221427440643310547e-01
3.821868896484375000e-01
3.848915100097656250e-01
3.850460052490234375e-01
4.211986064910888672e-01
3.852643966674804688e-01
3.853383064270019531e-01
3.853728771209716797e-01
3.851020336151123047e-01
4.191834926605224609e-01
3.972606658935546875e-01
3.863224983215332031e-01
3.907549381256103516e-01
4.184632301330566406e-01
3.880915641784667969e-01
4.215064048767089844e-01
4.237968921661376953e-01
3.825864791870117188e-01
3.796434402465820312e-01
4.126887321472167969e-01
4.012205600738525391e-01
3.818864822387695312e-01
3.810367584228515625e-01
3.867075443267822266e-01
4.213151931762695312e-01
3.872489929199218750e-01
3.839240074157714844e-01
3.818283081054687500e-01
3.822350502014160156e-01
3.852577209472656250e-01
3.834054470062255859e-01
3.899688720703125000e-01
3.834261894226074219e-01
3.828611373901367188e-01
3.855276107788085938e-01
3.840289115905761719e-01
3.799431324005126953e-01
3.922374248504638672e-01
3.835384845733642578e-01
3.953034877777099609e-01
3.827040195465087891e-01
3.832178115844726562e-01
4.156079292297363281e-01
3.825445175170898438e-01
3.843011856079101562e-01
