2.972143411636352539e+00
3.734040260314941406e-01
3.727831840515136719e-01
3.763802051544189453e-01
3.765921592712402344e-01
3.734693527221679688e-01
3.783612251281738281e-01
3.750748634338378906e-01
3.761286735534667969e-01
3.760514259338378906e-01
3.775241374969482422e-01
3.759891986846923828e-01
3.760254383087158203e-01
3.770494461059570312e-01
3.803725242614746094e-01
3.756878376007080078e-01
3.747045993804931641e-01
3.795590400695800781e-01
3.761978149414062500e-01
3.749072551727294922e-01
3.754436969757080078e-01
4.235477447509765625e-01
3.787968158721923828e-01
3.760991096496582031e-01
4.113948345184326172e-01
3.819782733917236328e-01
3.881962299346923828e-01
3.783679008483886719e-01
3.758797645568847656e-01
3.753449916839599609e-01
3.781311511993408203e-01
3.750042915344238281e-01
3.779954910278320312e-01
3.761963844299316406e-01
3.765859603881835938e-01
3.801734447479248047e-01
3.791997432708740234e-01
3.761358261108398438e-01
3.787994384765625000e-01
3.773908615112304688e-01
3.922107219696044922e-01
4.148354530334472656e-01
3.771948814392089844e-01
3.776624202728271484e-01
3.901047706604003906e-01
4.489004611968994141e-01
4.065203666687011719e-01
3.775596618652343750e-01
3.785624504089355469e-01
3.799791336059570312e-01
3.779006004333496094e-01
3.780343532562255859e-01
4.177346229553222656e-01
3.794488906860351562e-01
3.790357112884521484e-01
3.776190280914306641e-01
3.841447830200195312e-01
3.775410652160644531e-01
3.768064975738525391e-01
3.778989315032958984e-01
3.767740726470947266e-01
3.781361579895019531e-01
3.817143440246582031e-01
4.130756855010986328e-01
4.150075912475585938e-01
3.825223445892333984e-01
3.808014392852783203e-01
3.796863555908203125e-01
3.781409263610839844e-01
3.774085044860839844e-01
3.895194530487060547e-01
3.791079521179199219e-01
3.789761066436767578e-01
3.861510753631591797e-01
3.882827758789062500e-01
3.812482357025146484e-01
3.791234493255615234e-01
3.916909694671630859e-01
4.107160568237304688e-01
3.800742626190185547e-01
4.048018455505371094e-01
3.886873722076416016e-01
3.783383369445800781e-01
3.787591457366943359e-01
4.162640571594238281e-01
3.816297054290771484e-01
3.814766407012939453e-01
4.161877632141113281e-01
3.818666934967041016e-01
3.814544677734375000e-01
3.811790943145751953e-01
3.816795349121093750e-01
3.816535472869873047e-01
3.819727897644042969e-01
3.811025619506835938e-01
3.825316429138183594e-01
3.818213939666748047e-01
3.971507549285888672e-01
4.179513454437255859e-01
3.833696842193603516e-01
3.799386024475097656e-01
3.797855377197265625e-01
3.813831806182861328e-01
3.929853439331054688e-01
4.180452823638916016e-01
3.851416110992431641e-01
3.836908340454101562e-01
3.820323944091796875e-01
4.198226928710937500e-01
4.125168323516845703e-01
3.794698715209960938e-01
3.835082054138183594e-01
3.805363178253173828e-01
3.804197311401367188e-01
3.888261318206787109e-01
3.973023891448974609e-01
4.440324306488037109e-01
3.953385353088378906e-01
3.812298774719238281e-01
3.830931186676025391e-01
4.061670303344726562e-01
4.188480377197265625e-01
3.934273719787597656e-01
3.871977329254150391e-01
4.275736808776855469e-01
4.424328804016113281e-01
3.844561576843261719e-01
3.899636268615722656e-01
3.827514648437500000e-01
3.856713771820068359e-01
3.952252864837646484e-01
3.839385509490966797e-01
3.832893371582031250e-01
3.835003376007080078e-01
4.096944332122802734e-01
3.863990306854248047e-01
4.258387088775634766e-01
3.844363689422607422e-01
3.908543586730957031e-01
3.967549800872802734e-01
3.827369213104248047e-01
4.226305484771728516e-01
3.812351226806640625e-01
3.829712867736816406e-01
3.841600418090820312e-01
3.855090141296386719e-01
3.978915214538574219e-01
3.874144554138183594e-01
3.840994834899902344e-01
3.863716125488281250e-01
3.835036754608154297e-01
3.837132453918457031e-01
3.852250576019287109e-01
3.852016925811767578e-01
3.834457397460937500e-01
3.812880516052246094e-01
3.819241523742675781e-01
3.860552310943603516e-01
3.851797580718994141e-01
3.869471549987792969e-01
3.838801383972167969e-01
4.574270248413085938e-01
4.307031631469726562e-01
4.071748256683349609e-01
3.826832771301269531e-01
3.830931186676025391e-01
4.192054271697998047e-01
4.160742759704589844e-01
3.971807956695556641e-01
3.839051723480224609e-01
3.935797214508056641e-01
3.956627845764160156e-01
3.902189731597900391e-01
4.558506011962890625e-01
3.837780952453613281e-01
3.842220306396484375e-01
3.873074054718017578e-01
4.190859794616699219e-01
4.199311733245849609e-01
4.169795513153076172e-01
3.843786716461181641e-01
3.863010406494140625e-01
3.943417072296142578e-01
3.874964714050292969e-01
3.866214752197265625e-01
3.902776241302490234e-01
3.873836994171142578e-01
3.846440315246582031e-01
3.838229179382324219e-01
3.878598213195800781e-01
3.827610015869140625e-01
3.824093341827392578e-01
4.561357498168945312e-01
4.329676628112792969e-01
4.217696189880371094e-01
4.561517238616943359e-01
3.837339878082275391e-01
3.877501487731933594e-01
4.017968177795410156e-01
3.847844600677490234e-01
