7.580523490905761719e-01
7.139196395874023438e-01
6.889612674713134766e-01
7.911269664764404297e-01
6.996669769287109375e-01
7.055654525756835938e-01
7.073876857757568359e-01
6.923966407775878906e-01
7.072870731353759766e-01
7.998023033142089844e-01
6.863932609558105469e-01
6.957294940948486328e-01
6.968538761138916016e-01
6.974756717681884766e-01
6.958315372467041016e-01
6.836338043212890625e-01
6.884593963623046875e-01
7.012565135955810547e-01
6.846961975097656250e-01
6.875207424163818359e-01
6.903996467590332031e-01
6.985297203063964844e-01
6.949298381805419922e-01
6.890063285827636719e-01
6.972436904907226562e-01
6.885774135589599609e-01
7.058398723602294922e-01
6.921572685241699219e-01
6.825127601623535156e-01
6.952044963836669922e-01
7.784342765808105469e-01
6.957252025604248047e-01
6.912746429443359375e-01
6.849770545959472656e-01
6.860067844390869141e-01
6.990051269531250000e-01
6.982998847961425781e-01
6.875026226043701172e-01
7.008388042449951172e-01
6.981480121612548828e-01
7.054848670959472656e-01
6.994736194610595703e-01
6.960327625274658203e-01
6.836252212524414062e-01
7.034642696380615234e-01
7.018952369689941406e-01
6.955723762512207031e-01
6.935541629791259766e-01
6.925702095031738281e-01
6.976444721221923828e-01
6.953947544097900391e-01
6.906006336212158203e-01
6.876471042633056641e-01
7.001903057098388672e-01
6.957428455352783203e-01
6.974492073059082031e-01
6.914696693420410156e-01
7.975189685821533203e-01
6.951010227203369141e-01
7.073824405670166016e-01
6.934499740600585938e-01
6.982707977294921875e-01
7.020082473754882812e-01
6.927270889282226562e-01
6.924467086791992188e-01
6.878781318664550781e-01
7.006254196166992188e-01
7.022206783294677734e-01
7.924089431762695312e-01
7.003610134124755859e-01
7.043116092681884766e-01
7.062120437622070312e-01
6.962795257568359375e-01
7.035071849822998047e-01
6.977710723876953125e-01
7.081573009490966797e-01
7.019848823547363281e-01
7.001452445983886719e-01
7.761406898498535156e-01
7.070267200469970703e-01
7.024405002593994141e-01
6.963663101196289062e-01
6.936113834381103516e-01
6.938352584838867188e-01
6.949541568756103516e-01
6.907105445861816406e-01
6.974003314971923828e-01
6.896779537200927734e-01
7.835249900817871094e-01
7.031328678131103516e-01
6.873910427093505859e-01
7.108879089355468750e-01
6.951253414154052734e-01
6.963047981262207031e-01
6.897377967834472656e-01
6.939508914947509766e-01
7.097778320312500000e-01
6.926937103271484375e-01
7.788796424865722656e-01
6.947660446166992188e-01
7.027578353881835938e-01
7.042655944824218750e-01
6.935708522796630859e-01
6.891872882843017578e-01
6.970591545104980469e-01
6.893479824066162109e-01
7.094519138336181641e-01
7.002911567687988281e-01
7.850160598754882812e-01
7.086853981018066406e-01
6.966614723205566406e-01
6.851017475128173828e-01
7.002165317535400391e-01
7.118813991546630859e-01
7.051393985748291016e-01
7.005374431610107422e-01
6.918077468872070312e-01
6.982047557830810547e-01
7.879514694213867188e-01
7.049789428710937500e-01
6.915733814239501953e-01
6.877815723419189453e-01
7.092621326446533203e-01
7.013545036315917969e-01
6.940083503723144531e-01
6.900322437286376953e-01
6.979057788848876953e-01
6.993145942687988281e-01
7.903149127960205078e-01
7.013547420501708984e-01
6.957888603210449219e-01
6.898233890533447266e-01
6.981146335601806641e-01
6.948890686035156250e-01
6.864752769470214844e-01
6.946403980255126953e-01
7.017903327941894531e-01
6.960341930389404297e-01
6.932890415191650391e-01
6.982498168945312500e-01
6.892955303192138672e-01
7.068951129913330078e-01
6.967401504516601562e-01
6.939306259155273438e-01
6.925482749938964844e-01
7.009272575378417969e-01
6.884832382202148438e-01
6.979699134826660156e-01
6.953523159027099609e-01
6.941938400268554688e-01
6.884138584136962891e-01
7.053246498107910156e-01
6.969127655029296875e-01
6.949374675750732422e-01
7.013075351715087891e-01
7.901086807250976562e-01
7.112319469451904297e-01
6.980955600738525391e-01
7.003202438354492188e-01
6.965074539184570312e-01
6.863753795623779297e-01
6.993212699890136719e-01
6.937606334686279297e-01
7.001683712005615234e-01
6.902637481689453125e-01
6.963338851928710938e-01
6.878321170806884766e-01
8.005394935607910156e-01
6.937644481658935547e-01
6.941423416137695312e-01
7.106237411499023438e-01
7.015392780303955078e-01
6.916282176971435547e-01
6.986882686614990234e-01
7.026624679565429688e-01
6.970031261444091797e-01
6.936330795288085938e-01
6.902048587799072266e-01
6.857645511627197266e-01
7.001078128814697266e-01
7.023363113403320312e-01
6.966700553894042969e-01
7.067098617553710938e-01
7.002058029174804688e-01
7.835037708282470703e-01
6.881926059722900391e-01
6.940822601318359375e-01
7.113382816314697266e-01
6.905720233917236328e-01
7.948317527770996094e-01
6.932191848754882812e-01
6.968889236450195312e-01
6.967790126800537109e-01
7.005221843719482422e-01
6.949841976165771484e-01
7.855174541473388672e-01
7.021632194519042969e-01
7.039742469787597656e-01
7.017209529876708984e-01
7.011766433715820312e-01
