3.017757654190063477e+00
4.441754817962646484e-01
3.741357326507568359e-01
3.765926361083984375e-01
4.100575447082519531e-01
3.746371269226074219e-01
3.817100524902343750e-01
4.057428836822509766e-01
3.769304752349853516e-01
3.746247291564941406e-01
4.139738082885742188e-01
4.472351074218750000e-01
4.138281345367431641e-01
3.775625228881835938e-01
3.818063735961914062e-01
3.771934509277343750e-01
3.851633071899414062e-01
3.820168972015380859e-01
3.822648525238037109e-01
3.782298564910888672e-01
3.770647048950195312e-01
3.781266212463378906e-01
4.503161907196044922e-01
4.071950912475585938e-01
3.782079219818115234e-01
3.799991607666015625e-01
3.778464794158935547e-01
3.805971145629882812e-01
4.048857688903808594e-01
3.754727840423583984e-01
4.044547080993652344e-01
3.728065490722656250e-01
3.759858608245849609e-01
3.760223388671875000e-01
4.117994308471679688e-01
3.747415542602539062e-01
3.766617774963378906e-01
3.769667148590087891e-01
3.759195804595947266e-01
3.883309364318847656e-01
3.759555816650390625e-01
3.759920597076416016e-01
3.762803077697753906e-01
3.759231567382812500e-01
4.084885120391845703e-01
3.765602111816406250e-01
3.780210018157958984e-01
3.747606277465820312e-01
3.757929801940917969e-01
3.764469623565673828e-01
3.745119571685791016e-01
3.911595344543457031e-01
3.764338493347167969e-01
4.352853298187255859e-01
3.790874481201171875e-01
4.062457084655761719e-01
3.791320323944091797e-01
3.750784397125244141e-01
3.779342174530029297e-01
3.761970996856689453e-01
3.781425952911376953e-01
3.770747184753417969e-01
4.064009189605712891e-01
3.783586025238037109e-01
3.776276111602783203e-01
3.897666931152343750e-01
4.066205024719238281e-01
3.779661655426025391e-01
3.768620491027832031e-01
3.759689331054687500e-01
3.797349929809570312e-01
3.769104480743408203e-01
3.884246349334716797e-01
4.101026058197021484e-01
4.057192802429199219e-01
3.787906169891357422e-01
3.777394294738769531e-01
3.826520442962646484e-01
3.814773559570312500e-01
3.769536018371582031e-01
3.774218559265136719e-01
3.838083744049072266e-01
3.783886432647705078e-01
3.782958984375000000e-01
3.793058395385742188e-01
3.759829998016357422e-01
4.224064350128173828e-01
3.801975250244140625e-01
3.842880725860595703e-01
4.498059749603271484e-01
4.216585159301757812e-01
3.799650669097900391e-01
3.812842369079589844e-01
3.794584274291992188e-01
3.789460659027099609e-01
3.787841796875000000e-01
4.523801803588867188e-01
4.114565849304199219e-01
3.782370090484619141e-01
3.786671161651611328e-01
3.805468082427978516e-01
3.790729045867919922e-01
3.783185482025146484e-01
3.795893192291259766e-01
3.830630779266357422e-01
3.786509037017822266e-01
3.757076263427734375e-01
3.790335655212402344e-01
3.798139095306396484e-01
3.933055400848388672e-01
3.780274391174316406e-01
4.119002819061279297e-01
3.796474933624267578e-01
4.100246429443359375e-01
4.090020656585693359e-01
3.769893646240234375e-01
3.810427188873291016e-01
3.807864189147949219e-01
3.772854804992675781e-01
4.156777858734130859e-01
3.776957988739013672e-01
3.787174224853515625e-01
3.801338672637939453e-01
3.782439231872558594e-01
3.791196346282958984e-01
3.797802925109863281e-01
3.949422836303710938e-01
3.792927265167236328e-01
3.802938461303710938e-01
3.791842460632324219e-01
3.795914649963378906e-01
3.818018436431884766e-01
3.800323009490966797e-01
3.794009685516357422e-01
3.898668289184570312e-01
3.864347934722900391e-01
3.822793960571289062e-01
3.823704719543457031e-01
3.797676563262939453e-01
3.824896812438964844e-01
3.940322399139404297e-01
3.906984329223632812e-01
3.798053264617919922e-01
3.773214817047119141e-01
3.856225013732910156e-01
3.822810649871826172e-01
3.913569450378417969e-01
3.778142929077148438e-01
3.798675537109375000e-01
3.790397644042968750e-01
3.805365562438964844e-01
3.760778903961181641e-01
4.111223220825195312e-01
3.832139968872070312e-01
3.808376789093017578e-01
3.916745185852050781e-01
4.541981220245361328e-01
4.117317199707031250e-01
3.783881664276123047e-01
3.810598850250244141e-01
3.792824745178222656e-01
3.798112869262695312e-01
4.035062789916992188e-01
3.801567554473876953e-01
3.816761970520019531e-01
3.835268020629882812e-01
3.783500194549560547e-01
3.809661865234375000e-01
3.801712989807128906e-01
4.133090972900390625e-01
3.810706138610839844e-01
3.798937797546386719e-01
3.938298225402832031e-01
3.829779624938964844e-01
4.181995391845703125e-01
4.133925437927246094e-01
4.142711162567138672e-01
3.835890293121337891e-01
3.890259265899658203e-01
3.827559947967529297e-01
3.828461170196533203e-01
4.238033294677734375e-01
3.936526775360107422e-01
4.106836318969726562e-01
3.803241252899169922e-01
3.805010318756103516e-01
3.810346126556396484e-01
4.123263359069824219e-01
3.872771263122558594e-01
3.814265727996826172e-01
3.926045894622802734e-01
3.835141658782958984e-01
3.846137523651123047e-01
3.809957504272460938e-01
3.824954032897949219e-01
3.823378086090087891e-01
3.827524185180664062e-01
3.801689147949218750e-01
3.812861442565917969e-01
3.824565410614013672e-01
