2.983475446701049805e+00
3.761994838714599609e-01
4.063253402709960938e-01
3.819558620452880859e-01
3.789947032928466797e-01
3.798477649688720703e-01
3.804330825805664062e-01
3.821601867675781250e-01
4.153816699981689453e-01
3.794732093811035156e-01
3.871395587921142578e-01
3.823711872100830078e-01
4.102818965911865234e-01
3.883090019226074219e-01
3.809349536895751953e-01
4.543490409851074219e-01
4.174563884735107422e-01
3.847954273223876953e-01
4.562723636627197266e-01
3.812627792358398438e-01
3.814427852630615234e-01
3.852260112762451172e-01
3.832845687866210938e-01
3.854250907897949219e-01
3.835005760192871094e-01
4.187781810760498047e-01
4.167439937591552734e-01
3.819100856781005859e-01
4.098887443542480469e-01
3.987481594085693359e-01
3.810670375823974609e-01
3.821980953216552734e-01
4.596459865570068359e-01
3.814649581909179688e-01
4.255843162536621094e-01
3.820862770080566406e-01
4.198341369628906250e-01
3.805243968963623047e-01
3.852446079254150391e-01
4.228904247283935547e-01
3.830661773681640625e-01
3.849742412567138672e-01
3.825180530548095703e-01
3.810384273529052734e-01
3.833668231964111328e-01
3.843793869018554688e-01
3.850357532501220703e-01
3.852491378784179688e-01
3.837270736694335938e-01
3.850920200347900391e-01
3.844735622406005859e-01
3.854026794433593750e-01
3.859591484069824219e-01
3.830513954162597656e-01
4.205756187438964844e-01
3.853528499603271484e-01
3.819768428802490234e-01
3.907933235168457031e-01
3.836371898651123047e-01
3.970808982849121094e-01
4.211313724517822266e-01
3.882622718811035156e-01
3.842036724090576172e-01
3.819363117218017578e-01
3.842310905456542969e-01
3.823220729827880859e-01
3.838779926300048828e-01
3.834440708160400391e-01
3.841631412506103516e-01
3.883898258209228516e-01
3.859488964080810547e-01
4.596059322357177734e-01
4.244294166564941406e-01
3.837308883666992188e-01
4.148879051208496094e-01
3.823931217193603516e-01
3.855683803558349609e-01
3.866035938262939453e-01
3.874545097351074219e-01
3.858647346496582031e-01
3.949956893920898438e-01
3.852190971374511719e-01
3.846175670623779297e-01
3.866760730743408203e-01
4.188771247863769531e-01
3.849306106567382812e-01
3.838162422180175781e-01
3.857755661010742188e-01
3.857712745666503906e-01
3.847608566284179688e-01
3.893747329711914062e-01
3.874378204345703125e-01
3.850216865539550781e-01
3.866195678710937500e-01
3.863646984100341797e-01
3.860402107238769531e-01
3.870854377746582031e-01
4.247319698333740234e-01
4.267926216125488281e-01
3.860063552856445312e-01
3.875911235809326172e-01
3.862390518188476562e-01
3.873901367187500000e-01
4.633235931396484375e-01
4.161415100097656250e-01
4.211101531982421875e-01
4.260878562927246094e-01
3.889334201812744141e-01
3.971600532531738281e-01
3.868668079376220703e-01
3.869974613189697266e-01
3.879222869873046875e-01
4.247374534606933594e-01
3.873703479766845703e-01
4.218769073486328125e-01
4.640774726867675781e-01
3.902263641357421875e-01
3.841304779052734375e-01
3.868610858917236328e-01
3.900930881500244141e-01
3.881478309631347656e-01
3.883936405181884766e-01
3.930840492248535156e-01
4.651498794555664062e-01
3.891024589538574219e-01
3.864500522613525391e-01
4.222347736358642578e-01
4.172620773315429688e-01
4.247994422912597656e-01
3.895504474639892578e-01
4.314167499542236328e-01
3.888211250305175781e-01
3.884804248809814453e-01
3.879537582397460938e-01
3.910205364227294922e-01
3.984217643737792969e-01
4.268052577972412109e-01
3.917019367218017578e-01
3.893711566925048828e-01
4.289493560791015625e-01
3.883438110351562500e-01
4.183681011199951172e-01
3.877995014190673828e-01
3.898367881774902344e-01
4.196927547454833984e-01
3.891208171844482422e-01
3.901119232177734375e-01
3.895759582519531250e-01
3.878991603851318359e-01
3.891687393188476562e-01
4.258222579956054688e-01
3.908648490905761719e-01
4.263701438903808594e-01
4.385919570922851562e-01
3.878831863403320312e-01
3.903675079345703125e-01
3.907418251037597656e-01
4.255619049072265625e-01
3.909056186676025391e-01
3.866684436798095703e-01
3.891644477844238281e-01
3.923389911651611328e-01
3.883790969848632812e-01
3.873488903045654297e-01
3.877303600311279297e-01
3.878173828125000000e-01
3.910205364227294922e-01
3.919541835784912109e-01
3.875226974487304688e-01
3.905596733093261719e-01
3.941025733947753906e-01
3.897476196289062500e-01
3.914434909820556641e-01
3.884885311126708984e-01
3.906667232513427734e-01
4.020566940307617188e-01
4.123065471649169922e-01
3.900678157806396484e-01
4.221184253692626953e-01
3.963365554809570312e-01
4.344639778137207031e-01
3.861548900604248047e-01
4.205608367919921875e-01
4.279654026031494141e-01
3.908982276916503906e-01
3.895151615142822266e-01
4.295473098754882812e-01
3.924665451049804688e-01
3.880250453948974609e-01
4.693019390106201172e-01
3.891339302062988281e-01
3.920300006866455078e-01
3.907952308654785156e-01
4.204027652740478516e-01
3.892567157745361328e-01
3.917100429534912109e-01
3.896265029907226562e-01
4.273836612701416016e-01
4.274704456329345703e-01
3.875522613525390625e-01
