7.580542564392089844e-01
7.139174938201904297e-01
6.889603137969970703e-01
7.911307811737060547e-01
6.996674537658691406e-01
7.055644989013671875e-01
7.073845863342285156e-01
6.923937797546386719e-01
7.072873115539550781e-01
7.998051643371582031e-01
6.863906383514404297e-01
6.957275867462158203e-01
6.968526840209960938e-01
6.974761486053466797e-01
6.958298683166503906e-01
6.836314201354980469e-01
6.884589195251464844e-01
7.012586593627929688e-01
6.846976280212402344e-01
6.875216960906982422e-01
6.904020309448242188e-01
6.985285282135009766e-01
6.949322223663330078e-01
6.890091896057128906e-01
6.972451210021972656e-01
6.885797977447509766e-01
7.058391571044921875e-01
6.921560764312744141e-01
6.825132369995117188e-01
6.952061653137207031e-01
7.784142494201660156e-01
6.956980228424072266e-01
6.912753582000732422e-01
6.849765777587890625e-01
6.860034465789794922e-01
6.990053653717041016e-01
6.982970237731933594e-01
6.875023841857910156e-01
7.008388042449951172e-01
6.981489658355712891e-01
7.054829597473144531e-01
6.994709968566894531e-01
6.960291862487792969e-01
6.836245059967041016e-01
7.034645080566406250e-01
7.018940448760986328e-01
6.955661773681640625e-01
6.935565471649169922e-01
6.925694942474365234e-01
6.976432800292968750e-01
6.953918933868408203e-01
6.906018257141113281e-01
6.876456737518310547e-01
7.001893520355224609e-01
6.957447528839111328e-01
6.974484920501708984e-01
6.914653778076171875e-01
7.975161075592041016e-01
6.950998306274414062e-01
7.073817253112792969e-01
6.934499740600585938e-01
6.982710361480712891e-01
7.020070552825927734e-01
6.927292346954345703e-01
6.924493312835693359e-01
6.878783702850341797e-01
7.006230354309082031e-01
7.022209167480468750e-01
7.924053668975830078e-01
7.003602981567382812e-01
7.043113708496093750e-01
7.062098979949951172e-01
6.962785720825195312e-01
7.035083770751953125e-01
6.977734565734863281e-01
7.081539630889892578e-01
7.019822597503662109e-01
7.001476287841796875e-01
7.761394977569580078e-01
7.070286273956298828e-01
7.024395465850830078e-01
6.963663101196289062e-01
6.936082839965820312e-01
6.938385963439941406e-01
6.949515342712402344e-01
6.907086372375488281e-01
6.974027156829833984e-01
6.896784305572509766e-01
7.835292816162109375e-01
7.031323909759521484e-01
6.873898506164550781e-01
7.108879089355468750e-01
6.951279640197753906e-01
6.963033676147460938e-01
6.897339820861816406e-01
6.939465999603271484e-01
7.097749710083007812e-01
6.926949024200439453e-01
7.788727283477783203e-01
6.947698593139648438e-01
7.027599811553955078e-01
7.042629718780517578e-01
6.935741901397705078e-01
6.891860961914062500e-01
6.970617771148681641e-01
6.893494129180908203e-01
7.094519138336181641e-01
7.002923488616943359e-01
7.850170135498046875e-01
7.086853981018066406e-01
6.966609954833984375e-01
6.851024627685546875e-01
7.002205848693847656e-01
7.118825912475585938e-01
7.051422595977783203e-01
7.005338668823242188e-01
6.918084621429443359e-01
6.982066631317138672e-01
7.879528999328613281e-01
7.049756050109863281e-01
6.915705204010009766e-01
6.877818107604980469e-01
7.092652320861816406e-01
7.013580799102783203e-01
6.940071582794189453e-01
6.900336742401123047e-01
6.979072093963623047e-01
6.993155479431152344e-01
7.903110980987548828e-01
7.013547420501708984e-01
6.957921981811523438e-01
6.898248195648193359e-01
6.981115341186523438e-01
6.948871612548828125e-01
6.864788532257080078e-01
6.946411132812500000e-01
7.017891407012939453e-01
6.960375308990478516e-01
6.932890415191650391e-01
6.982531547546386719e-01
6.892952919006347656e-01
7.068936824798583984e-01
6.967375278472900391e-01
6.939311027526855469e-01
6.925489902496337891e-01
7.009291648864746094e-01
6.884849071502685547e-01
6.979708671569824219e-01
6.953549385070800781e-01
6.941947937011718750e-01
6.884119510650634766e-01
7.053275108337402344e-01
6.969132423400878906e-01
6.949360370635986328e-01
7.013099193572998047e-01
7.901110649108886719e-01
7.112340927124023438e-01
6.980936527252197266e-01
7.003221511840820312e-01
6.965048313140869141e-01
6.863760948181152344e-01
6.993222236633300781e-01
6.937620639801025391e-01
7.001638412475585938e-01
6.902658939361572266e-01
6.963346004486083984e-01
6.878299713134765625e-01
8.005385398864746094e-01
6.937630176544189453e-01
6.941452026367187500e-01
7.106208801269531250e-01
7.015399932861328125e-01
6.916272640228271484e-01
6.986923217773437500e-01
7.026655673980712891e-01
6.970062255859375000e-01
6.936354637145996094e-01
6.902027130126953125e-01
6.857674121856689453e-01
7.001051902770996094e-01
7.023367881774902344e-01
6.966698169708251953e-01
7.067134380340576172e-01
7.002089023590087891e-01
7.835052013397216797e-01
6.881918907165527344e-01
6.940822601318359375e-01
7.113368511199951172e-01
6.905710697174072266e-01
7.948322296142578125e-01
6.932160854339599609e-01
6.968877315521240234e-01
6.967775821685791016e-01
7.005212306976318359e-01
6.949799060821533203e-01
7.855172157287597656e-01
7.021672725677490234e-01
7.039790153503417969e-01
7.017185688018798828e-01
7.011733055114746094e-01
