2.791496753692626953e+00
1.093991518020629883e+00
1.103091001510620117e+00
1.101035356521606445e+00
1.099278688430786133e+00
1.098011493682861328e+00
1.113263607025146484e+00
1.099201440811157227e+00
1.118354082107543945e+00
1.102654457092285156e+00
1.097162485122680664e+00
1.097788095474243164e+00
1.103997945785522461e+00
1.106712579727172852e+00
1.108367443084716797e+00
1.107054948806762695e+00
1.108141660690307617e+00
1.109121322631835938e+00
1.105281829833984375e+00
1.101955890655517578e+00
1.101722240447998047e+00
1.099997043609619141e+00
1.121292591094970703e+00
1.104279279708862305e+00
1.106006622314453125e+00
1.107615470886230469e+00
1.102913856506347656e+00
1.100529909133911133e+00
1.108848571777343750e+00
1.101993560791015625e+00
1.103688240051269531e+00
1.110074758529663086e+00
1.111795663833618164e+00
1.109704017639160156e+00
1.115878582000732422e+00
1.110141754150390625e+00
1.108503580093383789e+00
1.107815504074096680e+00
1.102874040603637695e+00
1.103776454925537109e+00
1.109097003936767578e+00
1.103455305099487305e+00
1.108643054962158203e+00
1.106085777282714844e+00
1.109288930892944336e+00
1.109274864196777344e+00
1.109939336776733398e+00
1.111796140670776367e+00
1.111605644226074219e+00
1.117639780044555664e+00
1.116826772689819336e+00
1.111596345901489258e+00
1.112775087356567383e+00
1.116585254669189453e+00
1.114848375320434570e+00
1.112806081771850586e+00
1.114376783370971680e+00
1.112107992172241211e+00
1.113315582275390625e+00
1.113529443740844727e+00
1.111373424530029297e+00
1.113898754119873047e+00
1.114677667617797852e+00
1.116130352020263672e+00
1.115776777267456055e+00
1.115762948989868164e+00
1.116373538970947266e+00
1.123952388763427734e+00
1.115380048751831055e+00
1.118949890136718750e+00
1.116445779800415039e+00
1.115602016448974609e+00
1.118282318115234375e+00
1.116672277450561523e+00
1.116137981414794922e+00
1.118303537368774414e+00
1.119833230972290039e+00
1.119272232055664062e+00
1.119540452957153320e+00
1.116227388381958008e+00
1.115159749984741211e+00
1.117067813873291016e+00
1.125224351882934570e+00
1.120346307754516602e+00
1.117791414260864258e+00
1.117501497268676758e+00
1.118512392044067383e+00
1.117923736572265625e+00
1.120362758636474609e+00
1.116529941558837891e+00
1.115172624588012695e+00
1.114967107772827148e+00
1.116121292114257812e+00
1.116149902343750000e+00
1.120320320129394531e+00
1.119886636734008789e+00
1.118711471557617188e+00
1.119974851608276367e+00
1.119036674499511719e+00
1.120127916336059570e+00
1.121881484985351562e+00
1.120997905731201172e+00
1.119516611099243164e+00
1.123804569244384766e+00
1.121007680892944336e+00
1.121850967407226562e+00
1.122234582901000977e+00
1.122438430786132812e+00
1.120272636413574219e+00
1.122896194458007812e+00
1.119758844375610352e+00
1.118122339248657227e+00
1.120544195175170898e+00
1.119291305541992188e+00
1.118604660034179688e+00
1.119352579116821289e+00
1.118138551712036133e+00
1.118571281433105469e+00
1.118448257446289062e+00
1.118725299835205078e+00
1.118257284164428711e+00
1.118416547775268555e+00
1.121101856231689453e+00
1.121139526367187500e+00
1.120101928710937500e+00
1.121237516403198242e+00
1.121045351028442383e+00
1.121005058288574219e+00
1.118936061859130859e+00
1.117366313934326172e+00
1.117743492126464844e+00
1.118950843811035156e+00
1.118617057800292969e+00
1.117202758789062500e+00
1.118216991424560547e+00
1.119484901428222656e+00
1.120850086212158203e+00
1.120441436767578125e+00
1.127737522125244141e+00
1.127491950988769531e+00
1.131149291992187500e+00
1.128781318664550781e+00
1.124882936477661133e+00
1.125197410583496094e+00
1.124466180801391602e+00
1.124327182769775391e+00
1.119366884231567383e+00
1.119700670242309570e+00
1.121492862701416016e+00
1.128354787826538086e+00
1.125739097595214844e+00
1.134921789169311523e+00
1.137351036071777344e+00
1.124144792556762695e+00
1.119488954544067383e+00
1.121176004409790039e+00
1.122978210449218750e+00
1.123223543167114258e+00
1.120114326477050781e+00
1.125171422958374023e+00
1.130872249603271484e+00
1.128243923187255859e+00
1.129449367523193359e+00
1.127454519271850586e+00
1.130021810531616211e+00
1.138785839080810547e+00
1.128239154815673828e+00
1.121678829193115234e+00
1.125771522521972656e+00
1.123359441757202148e+00
1.119045734405517578e+00
1.122584342956542969e+00
1.125500679016113281e+00
1.134724378585815430e+00
1.144457817077636719e+00
1.123114347457885742e+00
1.130959510803222656e+00
1.126284599304199219e+00
1.125645399093627930e+00
1.123405694961547852e+00
1.121019840240478516e+00
1.128604650497436523e+00
1.132526159286499023e+00
1.118216753005981445e+00
1.121127843856811523e+00
1.124717473983764648e+00
1.129807949066162109e+00
1.124750852584838867e+00
1.122770071029663086e+00
1.125072717666625977e+00
1.135111093521118164e+00
1.124011754989624023e+00
1.130735874176025391e+00
1.120890617370605469e+00
1.136655092239379883e+00
1.132245779037475586e+00
1.123662948608398438e+00
1.131912469863891602e+00
1.123035669326782227e+00
1.121405363082885742e+00
