7.371635437011718750e-01
6.921935081481933594e-01
6.785500049591064453e-01
6.795611381530761719e-01
7.660090923309326172e-01
6.699512004852294922e-01
6.908888816833496094e-01
6.751413345336914062e-01
6.800334453582763672e-01
6.760165691375732422e-01
6.638836860656738281e-01
6.744542121887207031e-01
6.655304431915283203e-01
6.846864223480224609e-01
6.645510196685791016e-01
6.749968528747558594e-01
7.673966884613037109e-01
6.628432273864746094e-01
6.701140403747558594e-01
6.695711612701416016e-01
6.650435924530029297e-01
6.593599319458007812e-01
6.745755672454833984e-01
6.705389022827148438e-01
6.675944328308105469e-01
6.734833717346191406e-01
6.749010086059570312e-01
6.569416522979736328e-01
6.734983921051025391e-01
6.560409069061279297e-01
6.618390083312988281e-01
6.776697635650634766e-01
6.653242111206054688e-01
6.676301956176757812e-01
6.700842380523681641e-01
7.620396614074707031e-01
6.733148097991943359e-01
6.729238033294677734e-01
6.647536754608154297e-01
6.587998867034912109e-01
6.605446338653564453e-01
6.764121055603027344e-01
6.724305152893066406e-01
6.722402572631835938e-01
6.663720607757568359e-01
6.571285724639892578e-01
6.704297065734863281e-01
7.561998367309570312e-01
6.818940639495849609e-01
6.681158542633056641e-01
6.686854362487792969e-01
6.838078498840332031e-01
6.698610782623291016e-01
6.706459522247314453e-01
6.787376403808593750e-01
6.644902229309082031e-01
6.712088584899902344e-01
6.787006855010986328e-01
6.696653366088867188e-01
6.721212863922119141e-01
6.704480648040771484e-01
6.645238399505615234e-01
6.665217876434326172e-01
6.796503067016601562e-01
6.638491153717041016e-01
6.712279319763183594e-01
7.581341266632080078e-01
6.623528003692626953e-01
6.666173934936523438e-01
6.669168472290039062e-01
6.772243976593017578e-01
6.709754467010498047e-01
6.684722900390625000e-01
6.619145870208740234e-01
6.637239456176757812e-01
6.666483879089355469e-01
6.836347579956054688e-01
6.724374294281005859e-01
6.656126976013183594e-01
6.828656196594238281e-01
6.651222705841064453e-01
6.721615791320800781e-01
6.733019351959228516e-01
6.721274852752685547e-01
6.701388359069824219e-01
6.860082149505615234e-01
6.743197441101074219e-01
6.658387184143066406e-01
6.867084503173828125e-01
7.602071762084960938e-01
6.717240810394287109e-01
6.641924381256103516e-01
6.721594333648681641e-01
6.657550334930419922e-01
6.658186912536621094e-01
6.855978965759277344e-01
6.727626323699951172e-01
6.660420894622802734e-01
6.741950511932373047e-01
6.719541549682617188e-01
6.732113361358642578e-01
6.777698993682861328e-01
6.713371276855468750e-01
6.717693805694580078e-01
6.865305900573730469e-01
6.708800792694091797e-01
6.626067161560058594e-01
6.681642532348632812e-01
6.817240715026855469e-01
6.659297943115234375e-01
6.812098026275634766e-01
6.741554737091064453e-01
6.654114723205566406e-01
6.690728664398193359e-01
6.774802207946777344e-01
6.742599010467529297e-01
6.655504703521728516e-01
6.788868904113769531e-01
6.734020709991455078e-01
6.739923954010009766e-01
6.674292087554931641e-01
6.692907810211181641e-01
6.673057079315185547e-01
6.838121414184570312e-01
6.771147251129150391e-01
6.632025241851806641e-01
6.681323051452636719e-01
6.678359508514404297e-01
6.653821468353271484e-01
6.697909832000732422e-01
6.620693206787109375e-01
6.742746829986572266e-01
6.693487167358398438e-01
6.648375988006591797e-01
6.727480888366699219e-01
6.668646335601806641e-01
6.782445907592773438e-01
6.656141281127929688e-01
6.685497760772705078e-01
6.673452854156494141e-01
6.726014614105224609e-01
6.737809181213378906e-01
6.808185577392578125e-01
6.695466041564941406e-01
6.674158573150634766e-01
6.659271717071533203e-01
6.759946346282958984e-01
6.630887985229492188e-01
6.748399734497070312e-01
6.632947921752929688e-01
6.647963523864746094e-01
6.691644191741943359e-01
6.628746986389160156e-01
7.575421333312988281e-01
6.676509380340576172e-01
6.769189834594726562e-01
6.724972724914550781e-01
6.700220108032226562e-01
6.762063503265380859e-01
6.674735546112060547e-01
6.714940071105957031e-01
6.624808311462402344e-01
6.706938743591308594e-01
6.671228408813476562e-01
6.618099212646484375e-01
7.484712600708007812e-01
6.641895771026611328e-01
6.767160892486572266e-01
6.726715564727783203e-01
6.625208854675292969e-01
6.855897903442382812e-01
6.836757659912109375e-01
6.685516834259033203e-01
6.914455890655517578e-01
6.735670566558837891e-01
6.680204868316650391e-01
6.696949005126953125e-01
7.712457180023193359e-01
6.741778850555419922e-01
6.864233016967773438e-01
6.627933979034423828e-01
6.729838848114013672e-01
6.935479640960693359e-01
6.730682849884033203e-01
6.754105091094970703e-01
6.632118225097656250e-01
6.770255565643310547e-01
6.720027923583984375e-01
6.653254032135009766e-01
6.758346557617187500e-01
7.654352188110351562e-01
6.693172454833984375e-01
6.726856231689453125e-01
6.716623306274414062e-01
6.625859737396240234e-01
6.764907836914062500e-01
6.730735301971435547e-01
6.675081253051757812e-01
6.842725276947021484e-01
6.681098937988281250e-01
