7.371830940246582031e-01
6.922013759613037109e-01
6.785519123077392578e-01
6.795675754547119141e-01
7.660129070281982422e-01
6.699440479278564453e-01
6.909017562866210938e-01
6.751432418823242188e-01
6.800248622894287109e-01
6.760091781616210938e-01
6.638915538787841797e-01
6.744670867919921875e-01
6.655180454254150391e-01
6.846828460693359375e-01
6.645472049713134766e-01
6.749980449676513672e-01
7.674150466918945312e-01
6.628363132476806641e-01
6.700973510742187500e-01
6.695737838745117188e-01
6.650159358978271484e-01
6.593575477600097656e-01
6.745676994323730469e-01
6.705284118652343750e-01
6.675996780395507812e-01
6.734817028045654297e-01
6.749215126037597656e-01
6.569213867187500000e-01
6.735141277313232422e-01
6.560413837432861328e-01
6.618363857269287109e-01
6.776702404022216797e-01
6.653249263763427734e-01
6.676237583160400391e-01
6.700959205627441406e-01
7.620580196380615234e-01
6.733064651489257812e-01
6.728990077972412109e-01
6.647541522979736328e-01
6.587929725646972656e-01
6.605491638183593750e-01
6.764156818389892578e-01
6.724326610565185547e-01
6.722490787506103516e-01
6.663630008697509766e-01
6.571519374847412109e-01
6.704146862030029297e-01
7.561860084533691406e-01
6.819062232971191406e-01
6.681277751922607422e-01
6.686446666717529297e-01
6.838335990905761719e-01
6.698772907257080078e-01
6.706426143646240234e-01
6.787450313568115234e-01
6.644954681396484375e-01
6.712007522583007812e-01
6.786797046661376953e-01
6.696789264678955078e-01
6.721184253692626953e-01
6.704540252685546875e-01
6.645374298095703125e-01
6.665287017822265625e-01
6.796495914459228516e-01
6.638629436492919922e-01
6.712336540222167969e-01
7.581233978271484375e-01
6.623456478118896484e-01
6.666166782379150391e-01
6.669232845306396484e-01
6.772446632385253906e-01
6.709780693054199219e-01
6.684880256652832031e-01
6.619298458099365234e-01
6.637282371520996094e-01
6.666338443756103516e-01
6.836373805999755859e-01
6.724421977996826172e-01
6.655905246734619141e-01
6.828830242156982422e-01
6.651246547698974609e-01
6.721501350402832031e-01
6.732854843139648438e-01
6.721584796905517578e-01
6.701233386993408203e-01
6.860187053680419922e-01
6.742904186248779297e-01
6.658360958099365234e-01
6.867060661315917969e-01
7.601945400238037109e-01
6.717171669006347656e-01
6.641905307769775391e-01
6.721723079681396484e-01
6.657581329345703125e-01
6.658205986022949219e-01
6.856153011322021484e-01
6.727852821350097656e-01
6.660487651824951172e-01
6.742103099822998047e-01
6.719558238983154297e-01
6.732029914855957031e-01
6.777505874633789062e-01
6.713395118713378906e-01
6.717636585235595703e-01
6.865439414978027344e-01
6.708762645721435547e-01
6.626067161560058594e-01
6.681628227233886719e-01
6.817388534545898438e-01
6.659295558929443359e-01
6.812169551849365234e-01
6.741302013397216797e-01
6.654157638549804688e-01
6.690754890441894531e-01
6.774880886077880859e-01
6.742610931396484375e-01
6.655538082122802734e-01
6.789054870605468750e-01
6.734058856964111328e-01
6.739881038665771484e-01
6.674249172210693359e-01
6.693000793457031250e-01
6.673290729522705078e-01
6.838271617889404297e-01
6.771142482757568359e-01
6.632053852081298828e-01
6.681268215179443359e-01
6.678376197814941406e-01
6.653754711151123047e-01
6.698045730590820312e-01
6.620604991912841797e-01
6.742811203002929688e-01
6.693515777587890625e-01
6.648390293121337891e-01
6.727645397186279297e-01
6.668610572814941406e-01
6.782572269439697266e-01
6.656181812286376953e-01
6.685566902160644531e-01
6.673555374145507812e-01
6.725983619689941406e-01
6.737778186798095703e-01
6.808359622955322266e-01
6.695499420166015625e-01
6.673889160156250000e-01
6.659138202667236328e-01
6.759991645812988281e-01
6.630806922912597656e-01
6.748530864715576172e-01
6.632850170135498047e-01
6.647987365722656250e-01
6.691691875457763672e-01
6.628739833831787109e-01
7.575559616088867188e-01
6.676425933837890625e-01
6.769356727600097656e-01
6.725032329559326172e-01
6.700224876403808594e-01
6.762213706970214844e-01
6.675040721893310547e-01
6.715021133422851562e-01
6.624987125396728516e-01
6.706707477569580078e-01
6.671133041381835938e-01
6.617951393127441406e-01
7.484869956970214844e-01
6.641974449157714844e-01
6.767306327819824219e-01
6.726694107055664062e-01
6.625294685363769531e-01
6.855762004852294922e-01
6.836767196655273438e-01
6.685447692871093750e-01
6.914803981781005859e-01
6.735646724700927734e-01
6.679918766021728516e-01
6.696860790252685547e-01
7.712638378143310547e-01
6.741750240325927734e-01
6.864256858825683594e-01
6.627633571624755859e-01
6.729869842529296875e-01
6.935567855834960938e-01
6.730806827545166016e-01
6.754086017608642578e-01
6.632194519042968750e-01
6.770417690277099609e-01
6.720211505889892578e-01
6.653301715850830078e-01
6.758346557617187500e-01
7.654256820678710938e-01
6.693158149719238281e-01
6.726987361907958984e-01
6.716589927673339844e-01
6.625790596008300781e-01
6.764984130859375000e-01
6.730582714080810547e-01
6.675240993499755859e-01
6.842906475067138672e-01
6.681096553802490234e-01
