7.371752262115478516e-01
6.922066211700439453e-01
6.785566806793212891e-01
6.795659065246582031e-01
7.660186290740966797e-01
6.699581146240234375e-01
6.908984184265136719e-01
6.751468181610107422e-01
6.800343990325927734e-01
6.760222911834716797e-01
6.638846397399902344e-01
6.744596958160400391e-01
6.655333042144775391e-01
6.846849918365478516e-01
6.645555496215820312e-01
6.750056743621826172e-01
7.674171924591064453e-01
6.628484725952148438e-01
6.701195240020751953e-01
6.695747375488281250e-01
6.650512218475341797e-01
6.593642234802246094e-01
6.745784282684326172e-01
6.705448627471923828e-01
6.676032543182373047e-01
6.734881401062011719e-01
6.749048233032226562e-01
6.569488048553466797e-01
6.735036373138427734e-01
6.560466289520263672e-01
6.618452072143554688e-01
6.776821613311767578e-01
6.653292179107666016e-01
6.676373481750488281e-01
6.700892448425292969e-01
7.620449066162109375e-01
6.733217239379882812e-01
6.729297637939453125e-01
6.647574901580810547e-01
6.588070392608642578e-01
6.605546474456787109e-01
6.764192581176757812e-01
6.724338531494140625e-01
6.722638607025146484e-01
6.663768291473388672e-01
6.571362018585205078e-01
6.704344749450683594e-01
7.562103271484375000e-01
6.819007396697998047e-01
6.681215763092041016e-01
6.686892509460449219e-01
6.838159561157226562e-01
6.698665618896484375e-01
6.706504821777343750e-01
6.787414550781250000e-01
6.644980907440185547e-01
6.712124347686767578e-01
6.787085533142089844e-01
6.696720123291015625e-01
6.721308231353759766e-01
6.704523563385009766e-01
6.645295619964599609e-01
6.665334701538085938e-01
6.796536445617675781e-01
6.638524532318115234e-01
6.712381839752197266e-01
7.581505775451660156e-01
6.623580455780029297e-01
6.666224002838134766e-01
6.669218540191650391e-01
6.772460937500000000e-01
6.709833145141601562e-01
6.684784889221191406e-01
6.619331836700439453e-01
6.637139320373535156e-01
6.666548252105712891e-01
6.836404800415039062e-01
6.724481582641601562e-01
6.656186580657958984e-01
6.828746795654296875e-01
6.651253700256347656e-01
6.721708774566650391e-01
6.733098030090332031e-01
6.721513271331787109e-01
6.701440811157226562e-01
6.860120296478271484e-01
6.743247509002685547e-01
6.658446788787841797e-01
6.867227554321289062e-01
7.602124214172363281e-01
6.717262268066406250e-01
6.642062664031982422e-01
6.721673011779785156e-01
6.657609939575195312e-01
6.658234596252441406e-01
6.856033802032470703e-01
6.727776527404785156e-01
6.660466194152832031e-01
6.742019653320312500e-01
6.719620227813720703e-01
6.732225418090820312e-01
6.777770519256591797e-01
6.713516712188720703e-01
6.717774868011474609e-01
6.865389347076416016e-01
6.708784103393554688e-01
6.626098155975341797e-01
6.681711673736572266e-01
6.817421913146972656e-01
6.659321784973144531e-01
6.812229156494140625e-01
6.741626262664794922e-01
6.654214859008789062e-01
6.690776348114013672e-01
6.774878501892089844e-01
6.742632389068603516e-01
6.655557155609130859e-01
6.788949966430664062e-01
6.734094619750976562e-01
6.740086078643798828e-01
6.674377918243408203e-01
6.693143844604492188e-01
6.673071384429931641e-01
6.838188171386718750e-01
6.771163940429687500e-01
6.632075309753417969e-01
6.681373119354248047e-01
6.678388118743896484e-01
6.653852462768554688e-01
6.697962284088134766e-01
6.620757579803466797e-01
6.742777824401855469e-01
6.693553924560546875e-01
6.648411750793457031e-01
6.727786064147949219e-01
6.668684482574462891e-01
6.782538890838623047e-01
6.656203269958496094e-01
6.685562133789062500e-01
6.673521995544433594e-01
6.725962162017822266e-01
6.737906932830810547e-01
6.808247566223144531e-01
6.695520877838134766e-01
6.674244403839111328e-01
6.659371852874755859e-01
6.759979724884033203e-01
6.630952358245849609e-01
6.748428344726562500e-01
6.633031368255615234e-01
6.647994518280029297e-01
6.691756248474121094e-01
6.628775596618652344e-01
7.575547695159912109e-01
6.676561832427978516e-01
6.769273281097412109e-01
6.725032329559326172e-01
6.700267791748046875e-01
6.762113571166992188e-01
6.674973964691162109e-01
6.714985370635986328e-01
6.624925136566162109e-01
6.706941127777099609e-01
6.671290397644042969e-01
6.618154048919677734e-01
7.484774589538574219e-01
6.642000675201416016e-01
6.767213344573974609e-01
6.726739406585693359e-01
6.625275611877441406e-01
6.855955123901367188e-01
6.836829185485839844e-01
6.685581207275390625e-01
6.914477348327636719e-01
6.735739707946777344e-01
6.680285930633544922e-01
6.696994304656982422e-01
7.712502479553222656e-01
6.741919517517089844e-01
6.864297389984130859e-01
6.628005504608154297e-01
6.729919910430908203e-01
6.935520172119140625e-01
6.730735301971435547e-01
6.754136085510253906e-01
6.632266044616699219e-01
6.770279407501220703e-01
6.720349788665771484e-01
6.653294563293457031e-01
6.758413314819335938e-01
7.654402256011962891e-01
6.693234443664550781e-01
6.726894378662109375e-01
6.716716289520263672e-01
6.625881195068359375e-01
6.764922142028808594e-01
6.730825901031494141e-01
6.675117015838623047e-01
6.842777729034423828e-01
6.681113243103027344e-01
