7.371759414672851562e-01
6.922056674957275391e-01
6.785509586334228516e-01
6.795687675476074219e-01
7.660176753997802734e-01
6.699454784393310547e-01
6.909022331237792969e-01
6.751337051391601562e-01
6.800234317779541016e-01
6.760189533233642578e-01
6.638913154602050781e-01
6.744689941406250000e-01
6.655149459838867188e-01
6.846830844879150391e-01
6.645495891571044922e-01
6.749978065490722656e-01
7.674145698547363281e-01
6.628324985504150391e-01
6.700968742370605469e-01
6.695747375488281250e-01
6.650159358978271484e-01
6.593523025512695312e-01
6.745634078979492188e-01
6.705300807952880859e-01
6.675984859466552734e-01
6.734833717346191406e-01
6.749138832092285156e-01
6.569254398345947266e-01
6.735124588012695312e-01
6.560423374176025391e-01
6.618354320526123047e-01
6.776719093322753906e-01
6.653082370758056641e-01
6.676220893859863281e-01
6.700952053070068359e-01
7.620611190795898438e-01
6.733062267303466797e-01
6.728973388671875000e-01
6.647546291351318359e-01
6.587929725646972656e-01
6.605508327484130859e-01
6.764166355133056641e-01
6.724328994750976562e-01
6.722500324249267578e-01
6.663620471954345703e-01
6.571478843688964844e-01
6.704170703887939453e-01
7.561817169189453125e-01
6.819074153900146484e-01
6.681275367736816406e-01
6.686472892761230469e-01
6.838252544403076172e-01
6.698791980743408203e-01
6.706390380859375000e-01
6.787388324737548828e-01
6.644945144653320312e-01
6.712007522583007812e-01
6.786770820617675781e-01
6.696798801422119141e-01
6.721210479736328125e-01
6.704559326171875000e-01
6.645364761352539062e-01
6.665282249450683594e-01
6.796548366546630859e-01
6.638607978820800781e-01
6.712350845336914062e-01
7.581219673156738281e-01
6.623473167419433594e-01
6.666176319122314453e-01
6.669232845306396484e-01
6.772427558898925781e-01
6.709814071655273438e-01
6.684868335723876953e-01
6.619305610656738281e-01
6.637277603149414062e-01
6.666343212127685547e-01
6.836392879486083984e-01
6.724452972412109375e-01
6.655886173248291016e-01
6.828846931457519531e-01
6.651241779327392578e-01
6.721527576446533203e-01
6.732823848724365234e-01
6.721589565277099609e-01
6.701240539550781250e-01
6.860189437866210938e-01
6.742925643920898438e-01
6.658360958099365234e-01
6.867146492004394531e-01
7.601931095123291016e-01
6.717205047607421875e-01
6.641921997070312500e-01
6.721723079681396484e-01
6.657588481903076172e-01
6.658205986022949219e-01
6.856193542480468750e-01
6.727852821350097656e-01
6.660466194152832031e-01
6.742095947265625000e-01
6.719582080841064453e-01
6.732065677642822266e-01
6.777422428131103516e-01
6.713376045227050781e-01
6.717660427093505859e-01
6.865463256835937500e-01
6.708750724792480469e-01
6.626069545745849609e-01
6.681704521179199219e-01
6.817383766174316406e-01
6.659302711486816406e-01
6.812191009521484375e-01
6.741328239440917969e-01
6.654150485992431641e-01
6.690771579742431641e-01
6.774909496307373047e-01
6.742606163024902344e-01
6.655533313751220703e-01
6.789078712463378906e-01
6.734058856964111328e-01
6.739914417266845703e-01
6.674063205718994141e-01
6.693000793457031250e-01
6.673254966735839844e-01
6.838274002075195312e-01
6.771144866943359375e-01
6.632091999053955078e-01
6.681406497955322266e-01
6.678366661071777344e-01
6.653797626495361328e-01
6.698038578033447266e-01
6.620607376098632812e-01
6.742808818817138672e-01
6.693556308746337891e-01
6.648433208465576172e-01
6.727616786956787109e-01
6.668612957000732422e-01
6.782402992248535156e-01
6.656179428100585938e-01
6.685540676116943359e-01
6.673562526702880859e-01
6.725950241088867188e-01
6.737811565399169922e-01
6.808326244354248047e-01
6.695506572723388672e-01
6.673896312713623047e-01
6.659307479858398438e-01
6.759958267211914062e-01
6.630828380584716797e-01
6.748483180999755859e-01
6.632885932922363281e-01
6.647994518280029297e-01
6.691720485687255859e-01
6.628756523132324219e-01
7.575569152832031250e-01
6.676425933837890625e-01
6.769340038299560547e-01
6.725056171417236328e-01
6.700234413146972656e-01
6.762180328369140625e-01
6.675035953521728516e-01
6.715033054351806641e-01
6.624784469604492188e-01
6.706693172454833984e-01
6.671116352081298828e-01
6.617994308471679688e-01
7.484862804412841797e-01
6.641983985900878906e-01
6.767253875732421875e-01
6.726715564727783203e-01
6.625294685363769531e-01
6.855974197387695312e-01
6.836764812469482422e-01
6.685459613800048828e-01
6.914775371551513672e-01
6.735639572143554688e-01
6.679961681365966797e-01
6.696982383728027344e-01
7.712616920471191406e-01
6.741802692413330078e-01
6.864278316497802734e-01
6.627466678619384766e-01
6.729900836944580078e-01
6.935596466064453125e-01
6.730880737304687500e-01
6.754109859466552734e-01
6.632211208343505859e-01
6.770403385162353516e-01
6.720225811004638672e-01
6.653308868408203125e-01
6.758306026458740234e-01
7.654225826263427734e-01
6.693186759948730469e-01
6.726965904235839844e-01
6.716563701629638672e-01
6.625840663909912109e-01
6.764976978302001953e-01
6.730592250823974609e-01
6.675240993499755859e-01
6.842925548553466797e-01
6.681082248687744141e-01
