2.732863426208496094e+00
1.119466781616210938e+00
1.225678443908691406e+00
1.231944084167480469e+00
1.229296684265136719e+00
1.114926099777221680e+00
1.232284069061279297e+00
1.113112926483154297e+00
1.119862556457519531e+00
1.233776330947875977e+00
1.231630563735961914e+00
1.116701841354370117e+00
1.118408441543579102e+00
1.119843959808349609e+00
1.120909690856933594e+00
1.120713233947753906e+00
1.122271060943603516e+00
1.123203992843627930e+00
1.120694160461425781e+00
1.275897979736328125e+00
1.120036602020263672e+00
1.122140169143676758e+00
1.123828887939453125e+00
1.275520324707031250e+00
1.120156288146972656e+00
1.351385116577148438e+00
1.121743679046630859e+00
1.352321624755859375e+00
1.117835044860839844e+00
1.122613668441772461e+00
1.119370698928833008e+00
1.353205919265747070e+00
1.123369216918945312e+00
1.122691869735717773e+00
1.354362249374389648e+00
1.124300241470336914e+00
1.354274272918701172e+00
1.128559827804565430e+00
1.128828048706054688e+00
1.129197359085083008e+00
1.239177703857421875e+00
1.129477739334106445e+00
1.123282909393310547e+00
1.124610662460327148e+00
1.128424882888793945e+00
1.207599163055419922e+00
1.362982511520385742e+00
1.131588935852050781e+00
1.360625267028808594e+00
1.128859043121337891e+00
1.244021415710449219e+00
1.138166189193725586e+00
1.132175922393798828e+00
1.130548715591430664e+00
1.245842933654785156e+00
1.129829645156860352e+00
1.130420684814453125e+00
1.129596710205078125e+00
1.290377616882324219e+00
1.127831697463989258e+00
1.131333351135253906e+00
1.135247230529785156e+00
1.364640235900878906e+00
1.130295753479003906e+00
1.292690753936767578e+00
1.366509199142456055e+00
1.134831666946411133e+00
1.131494045257568359e+00
1.248148441314697266e+00
1.135808706283569336e+00
1.140325069427490234e+00
1.137912988662719727e+00
1.134224653244018555e+00
1.132594823837280273e+00
1.131905317306518555e+00
1.133285760879516602e+00
1.370119810104370117e+00
1.135519742965698242e+00
1.137562036514282227e+00
1.367382526397705078e+00
1.134072780609130859e+00
1.296242475509643555e+00
1.185002088546752930e+00
1.138056278228759766e+00
1.133679151535034180e+00
1.253371000289916992e+00
1.138468027114868164e+00
1.250979661941528320e+00
1.371594667434692383e+00
1.137144327163696289e+00
1.294395923614501953e+00
1.136035442352294922e+00
1.136336088180541992e+00
1.141242742538452148e+00
1.136756420135498047e+00
1.256646871566772461e+00
1.137841463088989258e+00
1.141198158264160156e+00
1.141941547393798828e+00
1.363730907440185547e+00
1.205458402633666992e+00
1.140511989593505859e+00
1.374477386474609375e+00
1.372188329696655273e+00
1.137489080429077148e+00
1.138255119323730469e+00
1.139520168304443359e+00
1.139624118804931641e+00
1.140444517135620117e+00
1.138613700866699219e+00
1.138796806335449219e+00
1.139679908752441406e+00
1.142327070236206055e+00
1.299552679061889648e+00
1.256759881973266602e+00
1.183851480484008789e+00
1.139844417572021484e+00
1.143093347549438477e+00
1.141508340835571289e+00
1.139312028884887695e+00
1.257728099822998047e+00
1.141551256179809570e+00
1.375546693801879883e+00
1.373056888580322266e+00
1.184897422790527344e+00
1.135474681854248047e+00
1.138210296630859375e+00
1.136062622070312500e+00
1.138864040374755859e+00
1.141113519668579102e+00
1.140646219253540039e+00
1.142327070236206055e+00
1.140867233276367188e+00
1.143070459365844727e+00
1.140173435211181641e+00
1.306907653808593750e+00
1.145456314086914062e+00
1.144070386886596680e+00
1.140251636505126953e+00
1.145298004150390625e+00
1.141179323196411133e+00
1.301219463348388672e+00
1.142562389373779297e+00
1.301579713821411133e+00
1.256981134414672852e+00
1.180758476257324219e+00
1.144835948944091797e+00
1.145513296127319336e+00
1.143533706665039062e+00
1.309460163116455078e+00
1.256970643997192383e+00
1.265702486038208008e+00
1.144981622695922852e+00
1.140329837799072266e+00
1.377786397933959961e+00
1.258298873901367188e+00
1.379293680191040039e+00
1.142883300781250000e+00
1.196133613586425781e+00
1.378511905670166016e+00
1.258207798004150391e+00
1.379119634628295898e+00
1.146346330642700195e+00
1.306542396545410156e+00
1.304499626159667969e+00
1.221429347991943359e+00
1.143333196640014648e+00
1.143106698989868164e+00
1.379196166992187500e+00
1.144883871078491211e+00
1.187150239944458008e+00
1.152062416076660156e+00
1.225906610488891602e+00
1.141177892684936523e+00
1.194355010986328125e+00
1.259922742843627930e+00
1.379184007644653320e+00
1.302881717681884766e+00
1.379646301269531250e+00
1.143467903137207031e+00
1.143230915069580078e+00
1.143150091171264648e+00
1.144066572189331055e+00
1.146866798400878906e+00
1.262049436569213867e+00
1.222141742706298828e+00
1.153303384780883789e+00
1.318651199340820312e+00
1.141131877899169922e+00
1.142964839935302734e+00
1.307760715484619141e+00
1.143046617507934570e+00
1.260461568832397461e+00
1.306530952453613281e+00
1.270821809768676758e+00
1.144355297088623047e+00
1.306755065917968750e+00
1.142624855041503906e+00
1.332517623901367188e+00
1.146816730499267578e+00
