7.371747493743896484e-01
6.921963691711425781e-01
6.785566806793212891e-01
6.795673370361328125e-01
7.660143375396728516e-01
6.699581146240234375e-01
6.908988952636718750e-01
6.751480102539062500e-01
6.800363063812255859e-01
6.760208606719970703e-01
6.638872623443603516e-01
6.744618415832519531e-01
6.655313968658447266e-01
6.846840381622314453e-01
6.645541191101074219e-01
6.750018596649169922e-01
7.674143314361572266e-01
6.628484725952148438e-01
6.701211929321289062e-01
6.695716381072998047e-01
6.650490760803222656e-01
6.593656539916992188e-01
6.745784282684326172e-01
6.705451011657714844e-01
6.676015853881835938e-01
6.734859943389892578e-01
6.749076843261718750e-01
6.569488048553466797e-01
6.735024452209472656e-01
6.560466289520263672e-01
6.618461608886718750e-01
6.776721477508544922e-01
6.653306484222412109e-01
6.676309108734130859e-01
6.700892448425292969e-01
7.620441913604736328e-01
6.733214855194091797e-01
6.729288101196289062e-01
6.647567749023437500e-01
6.588082313537597656e-01
6.605534553527832031e-01
6.764185428619384766e-01
6.724355220794677734e-01
6.722636222839355469e-01
6.663782596588134766e-01
6.571378707885742188e-01
6.704339981079101562e-01
7.562105655670166016e-01
6.819019317626953125e-01
6.681210994720458984e-01
6.686871051788330078e-01
6.838164329528808594e-01
6.698677539825439453e-01
6.706507205963134766e-01
6.787366867065429688e-01
6.644983291625976562e-01
6.712145805358886719e-01
6.787068843841552734e-01
6.696717739105224609e-01
6.721303462982177734e-01
6.704568862915039062e-01
6.645328998565673828e-01
6.665272712707519531e-01
6.796543598175048828e-01
6.638562679290771484e-01
6.712334156036376953e-01
7.581460475921630859e-01
6.623578071594238281e-01
6.666219234466552734e-01
6.669197082519531250e-01
6.772468090057373047e-01
6.709825992584228516e-01
6.684763431549072266e-01
6.619386672973632812e-01
6.637275218963623047e-01
6.666541099548339844e-01
6.836383342742919922e-01
6.724448204040527344e-01
6.656188964843750000e-01
6.828732490539550781e-01
6.651263236999511719e-01
6.721704006195068359e-01
6.732950210571289062e-01
6.721513271331787109e-01
6.701395511627197266e-01
6.860091686248779297e-01
6.743233203887939453e-01
6.658449172973632812e-01
6.867213249206542969e-01
7.602124214172363281e-01
6.717257499694824219e-01
6.642036437988281250e-01
6.721677780151367188e-01
6.657598018646240234e-01
6.658251285552978516e-01
6.856033802032470703e-01
6.727797985076904297e-01
6.660461425781250000e-01
6.742010116577148438e-01
6.719598770141601562e-01
6.732168197631835938e-01
6.777727603912353516e-01
6.713511943817138672e-01
6.717727184295654297e-01
6.865379810333251953e-01
6.708776950836181641e-01
6.626081466674804688e-01
6.681694984436035156e-01
6.817398071289062500e-01
6.659314632415771484e-01
6.812188625335693359e-01
6.741611957550048828e-01
6.654195785522460938e-01
6.690797805786132812e-01
6.774871349334716797e-01
6.742620468139648438e-01
6.655564308166503906e-01
6.788952350616455078e-01
6.734070777893066406e-01
6.740043163299560547e-01
6.674365997314453125e-01
6.693167686462402344e-01
6.673080921173095703e-01
6.838138103485107422e-01
6.771163940429687500e-01
6.632070541381835938e-01
6.681349277496337891e-01
6.678385734558105469e-01
6.653847694396972656e-01
6.697945594787597656e-01
6.620755195617675781e-01
6.742775440216064453e-01
6.693527698516845703e-01
6.648395061492919922e-01
6.727774143218994141e-01
6.668674945831298828e-01
6.782555580139160156e-01
6.656203269958496094e-01
6.685540676116943359e-01
6.673502922058105469e-01
6.726121902465820312e-01
6.737875938415527344e-01
6.808233261108398438e-01
6.695516109466552734e-01
6.674199104309082031e-01
6.659340858459472656e-01
6.759991645812988281e-01
6.630940437316894531e-01
6.748423576354980469e-01
6.633017063140869141e-01
6.647992134094238281e-01
6.691732406616210938e-01
6.628768444061279297e-01
7.575538158416748047e-01
6.676564216613769531e-01
6.769285202026367188e-01
6.725013256072998047e-01
6.700236797332763672e-01
6.762156486511230469e-01
6.674985885620117188e-01
6.714973449707031250e-01
6.624896526336669922e-01
6.706955432891845703e-01
6.671285629272460938e-01
6.618089675903320312e-01
7.484772205352783203e-01
6.642003059387207031e-01
6.767206192016601562e-01
6.726722717285156250e-01
6.625289916992187500e-01
6.855967044830322266e-01
6.836757659912109375e-01
6.685583591461181641e-01
6.914474964141845703e-01
6.735696792602539062e-01
6.680269241333007812e-01
6.697027683258056641e-01
7.712526321411132812e-01
6.741869449615478516e-01
6.864283084869384766e-01
6.627979278564453125e-01
6.729884147644042969e-01
6.935505867004394531e-01
6.730723381042480469e-01
6.754148006439208984e-01
6.632249355316162109e-01
6.770279407501220703e-01
6.720366477966308594e-01
6.653311252593994141e-01
6.758384704589843750e-01
7.654414176940917969e-01
6.693243980407714844e-01
6.726877689361572266e-01
6.716706752777099609e-01
6.625869274139404297e-01
6.764924526214599609e-01
6.730821132659912109e-01
6.675131320953369141e-01
6.842811107635498047e-01
6.681077480316162109e-01
