2.816851139068603516e+00
1.115637063980102539e+00
1.172267436981201172e+00
1.210238933563232422e+00
1.115437507629394531e+00
1.172042846679687500e+00
1.211030006408691406e+00
1.185580968856811523e+00
1.209330320358276367e+00
1.121541738510131836e+00
1.122446298599243164e+00
1.122549533843994141e+00
1.118807554244995117e+00
1.126441717147827148e+00
1.121915817260742188e+00
1.122432231903076172e+00
1.122758388519287109e+00
1.122336626052856445e+00
1.122712850570678711e+00
1.121752738952636719e+00
1.124074935913085938e+00
1.122751712799072266e+00
1.124372720718383789e+00
1.123117685317993164e+00
1.124454498291015625e+00
1.182982921600341797e+00
1.217290639877319336e+00
1.125291824340820312e+00
1.129463672637939453e+00
1.128479719161987305e+00
1.126568317413330078e+00
1.125561475753784180e+00
1.129019498825073242e+00
1.127884864807128906e+00
1.130209207534790039e+00
1.129162073135375977e+00
1.125605583190917969e+00
1.127688169479370117e+00
1.133282184600830078e+00
1.126568555831909180e+00
1.131011724472045898e+00
1.193815708160400391e+00
1.365539073944091797e+00
1.364773511886596680e+00
1.365678310394287109e+00
1.254622459411621094e+00
1.133324146270751953e+00
1.133305788040161133e+00
1.134176969528198242e+00
1.130984544754028320e+00
1.135713577270507812e+00
1.133421182632446289e+00
1.133445262908935547e+00
1.278920888900756836e+00
1.284741640090942383e+00
1.367889642715454102e+00
1.251936912536621094e+00
1.134351730346679688e+00
1.135586500167846680e+00
1.132894277572631836e+00
1.201313972473144531e+00
1.227667331695556641e+00
1.192493438720703125e+00
1.228110074996948242e+00
1.137614488601684570e+00
1.135644435882568359e+00
1.138486623764038086e+00
1.140547037124633789e+00
1.213743209838867188e+00
1.368311166763305664e+00
1.373095989227294922e+00
1.227830410003662109e+00
1.168036937713623047e+00
1.141933917999267578e+00
1.136944293975830078e+00
1.134739398956298828e+00
1.134142637252807617e+00
1.187612056732177734e+00
1.136911630630493164e+00
1.136222124099731445e+00
1.141625404357910156e+00
1.137913227081298828e+00
1.255851745605468750e+00
1.230557918548583984e+00
1.139732837677001953e+00
1.136103630065917969e+00
1.138712882995605469e+00
1.145274162292480469e+00
1.141095399856567383e+00
1.139440298080444336e+00
1.136427164077758789e+00
1.140084028244018555e+00
1.140321731567382812e+00
1.202696323394775391e+00
1.374968051910400391e+00
1.233977794647216797e+00
1.144425153732299805e+00
1.140031814575195312e+00
1.231744766235351562e+00
1.149802207946777344e+00
1.143143892288208008e+00
1.141604900360107422e+00
1.143834590911865234e+00
1.141716718673706055e+00
1.140734434127807617e+00
1.145980119705200195e+00
1.140738964080810547e+00
1.138546466827392578e+00
1.375097751617431641e+00
1.375904083251953125e+00
1.317839384078979492e+00
1.142387866973876953e+00
1.139478445053100586e+00
1.253685712814331055e+00
1.243137121200561523e+00
1.140324354171752930e+00
1.200278997421264648e+00
1.319365024566650391e+00
1.138593196868896484e+00
1.140517473220825195e+00
1.139292001724243164e+00
1.138050556182861328e+00
1.140763044357299805e+00
1.139913320541381836e+00
1.257907629013061523e+00
1.292833328247070312e+00
1.141874790191650391e+00
1.145709276199340820e+00
1.144180536270141602e+00
1.142230510711669922e+00
1.151139974594116211e+00
1.141623735427856445e+00
1.141902685165405273e+00
1.144400835037231445e+00
1.146341323852539062e+00
1.141245126724243164e+00
1.140526533126831055e+00
1.204742670059204102e+00
1.381327629089355469e+00
1.274400234222412109e+00
1.140596866607666016e+00
1.140177249908447266e+00
1.139582157135009766e+00
1.203362226486206055e+00
1.237355947494506836e+00
1.235605001449584961e+00
1.144738435745239258e+00
1.145989656448364258e+00
1.144744634628295898e+00
1.142474174499511719e+00
1.143820762634277344e+00
1.146646499633789062e+00
1.148030996322631836e+00
1.142697095870971680e+00
1.142038106918334961e+00
1.147099494934082031e+00
1.142100334167480469e+00
1.197012186050415039e+00
1.239301443099975586e+00
1.142010211944580078e+00
1.143781900405883789e+00
1.143382787704467773e+00
1.268664836883544922e+00
1.198801517486572266e+00
1.143505334854125977e+00
1.147861242294311523e+00
1.143318414688110352e+00
1.148400306701660156e+00
1.147811651229858398e+00
1.145927667617797852e+00
1.142769813537597656e+00
1.293622016906738281e+00
1.323282003402709961e+00
1.327128887176513672e+00
1.140907526016235352e+00
1.155935764312744141e+00
1.142957448959350586e+00
1.144907474517822266e+00
1.139906167984008789e+00
1.144135713577270508e+00
1.139661073684692383e+00
1.171571731567382812e+00
1.140770673751831055e+00
1.152780771255493164e+00
1.142025232315063477e+00
1.141737699508666992e+00
1.202711820602416992e+00
1.156453132629394531e+00
1.147966146469116211e+00
1.143349170684814453e+00
1.260992765426635742e+00
1.381101608276367188e+00
1.239773511886596680e+00
1.148808240890502930e+00
1.145043611526489258e+00
1.159114122390747070e+00
1.158566951751708984e+00
1.142788171768188477e+00
1.147191047668457031e+00
1.146635770797729492e+00
