1.246015787124633789e+00
1.252928256988525391e+00
1.257566452026367188e+00
1.359500646591186523e+00
1.383904695510864258e+00
1.400849103927612305e+00
1.480149269104003906e+00
1.528225898742675781e+00
1.724278688430786133e+00
1.759883880615234375e+00
1.444543361663818359e+00
1.234100818634033203e+00
1.224181890487670898e+00
1.240496873855590820e+00
1.232661008834838867e+00
1.234253168106079102e+00
1.227949142456054688e+00
1.236788511276245117e+00
1.235651731491088867e+00
1.228657245635986328e+00
1.240938901901245117e+00
1.235503911972045898e+00
1.228672027587890625e+00
1.304280757904052734e+00
1.233182430267333984e+00
1.240221977233886719e+00
1.243337869644165039e+00
1.232329130172729492e+00
1.237532615661621094e+00
1.259479761123657227e+00
1.275823831558227539e+00
1.263027906417846680e+00
1.261598110198974609e+00
1.262301683425903320e+00
1.268090724945068359e+00
1.265825271606445312e+00
1.274916648864746094e+00
1.325039386749267578e+00
1.259907722473144531e+00
1.249089002609252930e+00
1.442794561386108398e+00
1.248207330703735352e+00
1.247824192047119141e+00
1.257846832275390625e+00
1.331998348236083984e+00
1.427434921264648438e+00
1.535816431045532227e+00
1.553448915481567383e+00
1.615233659744262695e+00
1.667756795883178711e+00
1.618988037109375000e+00
1.372524738311767578e+00
1.370978593826293945e+00
1.276374101638793945e+00
1.285324573516845703e+00
1.293926715850830078e+00
1.278987169265747070e+00
1.278797864913940430e+00
1.283652305603027344e+00
1.235325574874877930e+00
1.280604600906372070e+00
1.234604597091674805e+00
1.367089509963989258e+00
1.290392160415649414e+00
1.287936687469482422e+00
1.285077095031738281e+00
1.291302204132080078e+00
1.284660577774047852e+00
1.287765264511108398e+00
1.276790380477905273e+00
1.280788898468017578e+00
1.285592079162597656e+00
1.284119606018066406e+00
1.276434898376464844e+00
1.287996292114257812e+00
1.262452363967895508e+00
1.266388654708862305e+00
1.259506940841674805e+00
1.256092071533203125e+00
1.261360883712768555e+00
1.264433383941650391e+00
1.260426521301269531e+00
1.255493879318237305e+00
1.260704278945922852e+00
1.268048524856567383e+00
1.256457090377807617e+00
1.258538961410522461e+00
1.253154277801513672e+00
1.264238357543945312e+00
1.252389669418334961e+00
1.253362655639648438e+00
1.258921384811401367e+00
1.338200330734252930e+00
1.257855892181396484e+00
1.260426044464111328e+00
1.282074689865112305e+00
1.263383388519287109e+00
1.265463113784790039e+00
1.259023904800415039e+00
1.264368534088134766e+00
1.262378692626953125e+00
1.261841058731079102e+00
1.260083436965942383e+00
1.339488744735717773e+00
1.260633230209350586e+00
1.272514820098876953e+00
1.258874416351318359e+00
1.259777545928955078e+00
1.252340316772460938e+00
1.260107040405273438e+00
1.260327816009521484e+00
1.256103515625000000e+00
1.258791446685791016e+00
1.255916595458984375e+00
1.261991024017333984e+00
1.263202905654907227e+00
1.265859127044677734e+00
1.262125253677368164e+00
1.331090211868286133e+00
1.262242317199707031e+00
1.258560180664062500e+00
1.261935710906982422e+00
1.259119749069213867e+00
1.266381502151489258e+00
1.257696866989135742e+00
1.256431341171264648e+00
1.260178804397583008e+00
1.267274618148803711e+00
1.344906091690063477e+00
1.269073963165283203e+00
1.260303020477294922e+00
1.251299142837524414e+00
1.251625061035156250e+00
1.327297925949096680e+00
1.264734268188476562e+00
1.251363754272460938e+00
1.249685049057006836e+00
1.252573490142822266e+00
1.328407526016235352e+00
1.252446413040161133e+00
1.248378038406372070e+00
1.252588033676147461e+00
1.259160518646240234e+00
1.325403451919555664e+00
1.268767356872558594e+00
1.253917455673217773e+00
1.246079444885253906e+00
1.243487834930419922e+00
1.230239629745483398e+00
1.243174552917480469e+00
1.247136354446411133e+00
1.239708662033081055e+00
1.239953041076660156e+00
1.236288070678710938e+00
1.251285552978515625e+00
1.248627185821533203e+00
1.239038228988647461e+00
1.240668296813964844e+00
1.320636749267578125e+00
1.248584270477294922e+00
1.250035524368286133e+00
1.254938125610351562e+00
1.246389389038085938e+00
1.255388021469116211e+00
1.250245571136474609e+00
1.242977619171142578e+00
1.241183757781982422e+00
1.248253822326660156e+00
1.245444536209106445e+00
1.316901206970214844e+00
1.238758325576782227e+00
1.250736713409423828e+00
1.248587608337402344e+00
1.249978542327880859e+00
1.331420898437500000e+00
1.252311468124389648e+00
1.248435497283935547e+00
1.250113248825073242e+00
1.207780599594116211e+00
1.302514314651489258e+00
1.238475561141967773e+00
1.253615856170654297e+00
1.235650300979614258e+00
1.224825382232666016e+00
1.288732767105102539e+00
1.219099283218383789e+00
1.223888158798217773e+00
1.233431577682495117e+00
1.212684392929077148e+00
1.216689348220825195e+00
1.215873479843139648e+00
1.233248710632324219e+00
1.216404438018798828e+00
1.217288494110107422e+00
1.223219394683837891e+00
1.224719047546386719e+00
1.203452348709106445e+00
1.218487739562988281e+00
1.221175670623779297e+00
1.223506212234497070e+00
