1.246019601821899414e+00
1.252905130386352539e+00
1.257560253143310547e+00
1.359482288360595703e+00
1.383900403976440430e+00
1.400823831558227539e+00
1.480136632919311523e+00
1.528217315673828125e+00
1.724281549453735352e+00
1.759868383407592773e+00
1.444550037384033203e+00
1.234098434448242188e+00
1.224178075790405273e+00
1.240494012832641602e+00
1.232660055160522461e+00
1.234248161315917969e+00
1.227951526641845703e+00
1.236794233322143555e+00
1.235647201538085938e+00
1.228655576705932617e+00
1.240936994552612305e+00
1.235492706298828125e+00
1.228666305541992188e+00
1.304285526275634766e+00
1.233170986175537109e+00
1.240217685699462891e+00
1.243335008621215820e+00
1.232319355010986328e+00
1.237522125244140625e+00
1.259485721588134766e+00
1.275798797607421875e+00
1.263019561767578125e+00
1.261586189270019531e+00
1.262297153472900391e+00
1.268092155456542969e+00
1.265818834304809570e+00
1.274900197982788086e+00
1.325042009353637695e+00
1.259910106658935547e+00
1.249095678329467773e+00
1.445760488510131836e+00
1.248194217681884766e+00
1.247789144515991211e+00
1.257856845855712891e+00
1.331990480422973633e+00
1.427413225173950195e+00
1.537264585494995117e+00
1.553412914276123047e+00
1.615203857421875000e+00
1.658564090728759766e+00
1.618950128555297852e+00
1.372535467147827148e+00
1.365020513534545898e+00
1.276376008987426758e+00
1.285307645797729492e+00
1.293922424316406250e+00
1.278987169265747070e+00
1.278801918029785156e+00
1.283641576766967773e+00
1.235317468643188477e+00
1.280597686767578125e+00
1.234584569931030273e+00
1.367091417312622070e+00
1.290389537811279297e+00
1.287936925888061523e+00
1.285062789916992188e+00
1.291302919387817383e+00
1.284652709960937500e+00
1.287761926651000977e+00
1.276783943176269531e+00
1.280790805816650391e+00
1.285584688186645508e+00
1.284119129180908203e+00
1.276435375213623047e+00
1.287990331649780273e+00
1.262453317642211914e+00
1.266382694244384766e+00
1.259490013122558594e+00
1.256079673767089844e+00
1.261356592178344727e+00
1.264425277709960938e+00
1.260427951812744141e+00
1.255498647689819336e+00
1.260701179504394531e+00
1.268043279647827148e+00
1.256459236145019531e+00
1.258546829223632812e+00
1.253155946731567383e+00
1.264240503311157227e+00
1.252394437789916992e+00
1.253364801406860352e+00
1.258907079696655273e+00
1.338193416595458984e+00
1.257840633392333984e+00
1.260433197021484375e+00
1.282067298889160156e+00
1.263378381729125977e+00
1.265454053878784180e+00
1.259007692337036133e+00
1.264352083206176758e+00
1.262367248535156250e+00
1.261832714080810547e+00
1.260082721710205078e+00
1.339491605758666992e+00
1.260636091232299805e+00
1.272518634796142578e+00
1.258867502212524414e+00
1.259773254394531250e+00
1.252320051193237305e+00
1.260107755661010742e+00
1.260314941406250000e+00
1.256097316741943359e+00
1.258765220642089844e+00
1.255923032760620117e+00
1.261986255645751953e+00
1.263189792633056641e+00
1.265828371047973633e+00
1.262115478515625000e+00
1.331089258193969727e+00
1.262219905853271484e+00
1.258545160293579102e+00
1.261938571929931641e+00
1.259115695953369141e+00
1.266363143920898438e+00
1.257688045501708984e+00
1.256438255310058594e+00
1.260173082351684570e+00
1.267248630523681641e+00
1.344897270202636719e+00
1.269058704376220703e+00
1.260293483734130859e+00
1.251287698745727539e+00
1.251612663269042969e+00
1.327270984649658203e+00
1.264729499816894531e+00
1.251356124877929688e+00
1.249686002731323242e+00
1.252565145492553711e+00
1.328384637832641602e+00
1.252448558807373047e+00
1.248379707336425781e+00
1.252576828002929688e+00
1.259166717529296875e+00
1.325388431549072266e+00
1.268760681152343750e+00
1.253902196884155273e+00
1.246083259582519531e+00
1.243494033813476562e+00
1.230244874954223633e+00
1.243174552917480469e+00
1.247141361236572266e+00
1.239697933197021484e+00
1.239941120147705078e+00
1.236285686492919922e+00
1.251291751861572266e+00
1.248622417449951172e+00
1.239041805267333984e+00
1.240671634674072266e+00
1.320639371871948242e+00
1.248587846755981445e+00
1.250023365020751953e+00
1.254928588867187500e+00
1.246391296386718750e+00
1.255379199981689453e+00
1.250227928161621094e+00
1.242966890335083008e+00
1.241171121597290039e+00
1.248248577117919922e+00
1.245438575744628906e+00
1.316905260086059570e+00
1.238754987716674805e+00
1.250739097595214844e+00
1.248583078384399414e+00
1.249975919723510742e+00
1.331413745880126953e+00
1.252311706542968750e+00
1.248423576354980469e+00
1.250113248825073242e+00
1.207786083221435547e+00
1.302509546279907227e+00
1.238469600677490234e+00
1.253598928451538086e+00
1.235631465911865234e+00
1.224800348281860352e+00
1.288723468780517578e+00
1.219084262847900391e+00
1.223870515823364258e+00
1.233414649963378906e+00
1.212675571441650391e+00
1.216680049896240234e+00
1.215862512588500977e+00
1.233235597610473633e+00
1.216397523880004883e+00
1.217267513275146484e+00
1.223209857940673828e+00
1.224695444107055664e+00
1.203442335128784180e+00
1.218479156494140625e+00
1.221160411834716797e+00
1.223495244979858398e+00
