2.211167812347412109e+00
4.101889133453369141e-01
4.069461822509765625e-01
4.080290794372558594e-01
4.086854457855224609e-01
4.089179039001464844e-01
4.110810756683349609e-01
4.095745086669921875e-01
4.104211330413818359e-01
4.116961956024169922e-01
4.132709503173828125e-01
4.146575927734375000e-01
4.146399497985839844e-01
4.182410240173339844e-01
4.218299388885498047e-01
4.165101051330566406e-01
4.170928001403808594e-01
4.175093173980712891e-01
4.164569377899169922e-01
4.168407917022705078e-01
4.204909801483154297e-01
4.175631999969482422e-01
4.169065952301025391e-01
4.166264533996582031e-01
4.177799224853515625e-01
4.191119670867919922e-01
4.178690910339355469e-01
4.169287681579589844e-01
4.155232906341552734e-01
4.161953926086425781e-01
4.153380393981933594e-01
4.129328727722167969e-01
4.133555889129638672e-01
4.140796661376953125e-01
4.129235744476318359e-01
4.121778011322021484e-01
4.125058650970458984e-01
4.225521087646484375e-01
4.250817298889160156e-01
4.266915321350097656e-01
4.274764060974121094e-01
4.264142513275146484e-01
4.250915050506591797e-01
4.244160652160644531e-01
4.266500473022460938e-01
4.270346164703369141e-01
4.266836643218994141e-01
4.262161254882812500e-01
4.297757148742675781e-01
4.295339584350585938e-01
4.315848350524902344e-01
4.482767581939697266e-01
4.465253353118896484e-01
4.462342262268066406e-01
4.512817859649658203e-01
4.442219734191894531e-01
4.419858455657958984e-01
4.587094783782958984e-01
4.484057426452636719e-01
4.479370117187500000e-01
4.505269527435302734e-01
4.541540145874023438e-01
4.452204704284667969e-01
4.476013183593750000e-01
4.333903789520263672e-01
4.283695220947265625e-01
4.177665710449218750e-01
4.176383018493652344e-01
4.163689613342285156e-01
4.214830398559570312e-01
4.172778129577636719e-01
4.161746501922607422e-01
4.159393310546875000e-01
4.214062690734863281e-01
4.192898273468017578e-01
4.261760711669921875e-01
4.097211360931396484e-01
4.115564823150634766e-01
4.113643169403076172e-01
4.107472896575927734e-01
4.091882705688476562e-01
4.287734031677246094e-01
4.120440483093261719e-01
4.116852283477783203e-01
4.131968021392822266e-01
4.149627685546875000e-01
4.149000644683837891e-01
4.116137027740478516e-01
4.136381149291992188e-01
4.224166870117187500e-01
4.139134883880615234e-01
4.184067249298095703e-01
4.149212837219238281e-01
4.325625896453857422e-01
4.145822525024414062e-01
4.123063087463378906e-01
4.118232727050781250e-01
4.130680561065673828e-01
4.126923084259033203e-01
4.211740493774414062e-01
4.182775020599365234e-01
4.203450679779052734e-01
4.200296401977539062e-01
4.199738502502441406e-01
4.170627593994140625e-01
4.189882278442382812e-01
4.199247360229492188e-01
4.199187755584716797e-01
4.171087741851806641e-01
4.169082641601562500e-01
4.186730384826660156e-01
4.167096614837646484e-01
4.135987758636474609e-01
4.132382869720458984e-01
4.152650833129882812e-01
4.132590293884277344e-01
4.140157699584960938e-01
4.138889312744140625e-01
4.141581058502197266e-01
4.140417575836181641e-01
4.136686325073242188e-01
4.146461486816406250e-01
4.137923717498779297e-01
4.135828018188476562e-01
4.141821861267089844e-01
4.151570796966552734e-01
4.136922359466552734e-01
4.134423732757568359e-01
4.206330776214599609e-01
4.170422554016113281e-01
4.168365001678466797e-01
4.142711162567138672e-01
4.180469512939453125e-01
4.194889068603515625e-01
4.157764911651611328e-01
4.171917438507080078e-01
4.197647571563720703e-01
4.174706935882568359e-01
4.155986309051513672e-01
4.277415275573730469e-01
4.146564006805419922e-01
4.173545837402343750e-01
4.156031608581542969e-01
4.162223339080810547e-01
4.153144359588623047e-01
4.172739982604980469e-01
4.171013832092285156e-01
4.247422218322753906e-01
4.248311519622802734e-01
4.246692657470703125e-01
4.226529598236083984e-01
4.242715835571289062e-01
4.233055114746093750e-01
4.247176647186279297e-01
5.164041519165039062e-01
4.219796657562255859e-01
4.235744476318359375e-01
4.258713722229003906e-01
4.243257045745849609e-01
4.223875999450683594e-01
4.220404624938964844e-01
4.203362464904785156e-01
4.191153049468994141e-01
4.184801578521728516e-01
4.190769195556640625e-01
4.202778339385986328e-01
4.279124736785888672e-01
4.183120727539062500e-01
4.289186000823974609e-01
4.208433628082275391e-01
4.198663234710693359e-01
4.193649291992187500e-01
4.184098243713378906e-01
4.218323230743408203e-01
4.210083484649658203e-01
4.210245609283447266e-01
4.439077377319335938e-01
4.214310646057128906e-01
4.208991527557373047e-01
4.227082729339599609e-01
4.263627529144287109e-01
4.379796981811523438e-01
4.208490848541259766e-01
4.388523101806640625e-01
4.311983585357666016e-01
4.319703578948974609e-01
4.304955005645751953e-01
4.291892051696777344e-01
4.350483417510986328e-01
4.322526454925537109e-01
4.344494342803955078e-01
4.310529232025146484e-01
4.314770698547363281e-01
4.305467605590820312e-01
4.332089424133300781e-01
4.285006523132324219e-01
4.309284687042236328e-01
4.327583312988281250e-01
4.308090209960937500e-01
4.322164058685302734e-01
