1.246019363403320312e+00
1.252929687500000000e+00
1.257568597793579102e+00
1.359488964080810547e+00
1.383907556533813477e+00
1.400843858718872070e+00
1.480154991149902344e+00
1.528219938278198242e+00
1.724272966384887695e+00
1.759877681732177734e+00
1.444540023803710938e+00
1.234097957611083984e+00
1.224182844161987305e+00
1.240498304367065430e+00
1.232655048370361328e+00
1.234241962432861328e+00
1.227948427200317383e+00
1.236788272857666016e+00
1.235651016235351562e+00
1.228657960891723633e+00
1.240933179855346680e+00
1.235503911972045898e+00
1.228669166564941406e+00
1.304281711578369141e+00
1.233181238174438477e+00
1.240223646163940430e+00
1.243338346481323242e+00
1.232331275939941406e+00
1.237533807754516602e+00
1.259480714797973633e+00
1.275824785232543945e+00
1.263030290603637695e+00
1.261595726013183594e+00
1.262292146682739258e+00
1.268085002899169922e+00
1.265825510025024414e+00
1.274914264678955078e+00
1.325035333633422852e+00
1.259902715682983398e+00
1.249085426330566406e+00
1.445780038833618164e+00
1.248204231262207031e+00
1.247823953628540039e+00
1.257848024368286133e+00
1.332001209259033203e+00
1.427435159683227539e+00
1.537271022796630859e+00
1.553453207015991211e+00
1.615235805511474609e+00
1.667759895324707031e+00
1.618983507156372070e+00
1.372533559799194336e+00
1.370980024337768555e+00
1.276370525360107422e+00
1.285323143005371094e+00
1.293931484222412109e+00
1.278985023498535156e+00
1.278800725936889648e+00
1.283651590347290039e+00
1.235333681106567383e+00
1.280604362487792969e+00
1.234605312347412109e+00
1.367087125778198242e+00
1.290396451950073242e+00
1.287933111190795898e+00
1.285077095031738281e+00
1.291300296783447266e+00
1.284661531448364258e+00
1.287768840789794922e+00
1.276790618896484375e+00
1.280785799026489258e+00
1.285594463348388672e+00
1.284117221832275391e+00
1.276432991027832031e+00
1.288002252578735352e+00
1.262456178665161133e+00
1.266390800476074219e+00
1.259503841400146484e+00
1.256091833114624023e+00
1.261362791061401367e+00
1.264430522918701172e+00
1.260424137115478516e+00
1.255491495132446289e+00
1.260701894760131836e+00
1.268046617507934570e+00
1.256455421447753906e+00
1.258541822433471680e+00
1.253152370452880859e+00
1.264234066009521484e+00
1.252388000488281250e+00
1.253360033035278320e+00
1.258922576904296875e+00
1.338199138641357422e+00
1.257853269577026367e+00
1.260424613952636719e+00
1.282071590423583984e+00
1.263380289077758789e+00
1.265459299087524414e+00
1.259024143218994141e+00
1.264367103576660156e+00
1.262378215789794922e+00
1.261839866638183594e+00
1.260084152221679688e+00
1.339488267898559570e+00
1.260631084442138672e+00
1.272513628005981445e+00
1.258876562118530273e+00
1.259775400161743164e+00
1.252341985702514648e+00
1.260104894638061523e+00
1.260329246520996094e+00
1.256106138229370117e+00
1.258788824081420898e+00
1.255915641784667969e+00
1.261992692947387695e+00
1.263199806213378906e+00
1.265855789184570312e+00
1.262128591537475586e+00
1.331095218658447266e+00
1.262242317199707031e+00
1.258555173873901367e+00
1.261933565139770508e+00
1.259121179580688477e+00
1.266378641128540039e+00
1.257694482803344727e+00
1.256432533264160156e+00
1.260177850723266602e+00
1.267271518707275391e+00
1.344904899597167969e+00
1.269075393676757812e+00
1.260304212570190430e+00
1.251295089721679688e+00
1.251633405685424805e+00
1.327297925949096680e+00
1.264732837677001953e+00
1.251363277435302734e+00
1.249681472778320312e+00
1.252576589584350586e+00
1.328406333923339844e+00
1.252443313598632812e+00
1.248375654220581055e+00
1.252587795257568359e+00
1.259162902832031250e+00
1.325402498245239258e+00
1.268766880035400391e+00
1.253922224044799805e+00
1.246078491210937500e+00
1.243488073348999023e+00
1.230239629745483398e+00
1.243170022964477539e+00
1.247136592864990234e+00
1.239705562591552734e+00
1.239950656890869141e+00
1.236291885375976562e+00
1.251288175582885742e+00
1.248629331588745117e+00
1.239038705825805664e+00
1.240667819976806641e+00
1.320635795593261719e+00
1.248588085174560547e+00
1.250033140182495117e+00
1.254938840866088867e+00
1.246388435363769531e+00
1.255386829376220703e+00
1.250245332717895508e+00
1.242979526519775391e+00
1.241185426712036133e+00
1.248255252838134766e+00
1.245434522628784180e+00
1.316900730133056641e+00
1.238751411437988281e+00
1.250734567642211914e+00
1.248594284057617188e+00
1.249981164932250977e+00
1.331420660018920898e+00
1.252310276031494141e+00
1.248434305191040039e+00
1.250107526779174805e+00
1.207779884338378906e+00
1.302513599395751953e+00
1.238482236862182617e+00
1.253613710403442383e+00
1.235651969909667969e+00
1.224821329116821289e+00
1.288730859756469727e+00
1.219099760055541992e+00
1.223886013031005859e+00
1.233427524566650391e+00
1.212682008743286133e+00
1.216686487197875977e+00
1.215869426727294922e+00
1.233244895935058594e+00
1.216402292251586914e+00
1.217288017272949219e+00
1.223216533660888672e+00
1.224718093872070312e+00
1.203450918197631836e+00
1.218486547470092773e+00
1.221172809600830078e+00
1.223503589630126953e+00
