2.231059551239013672e+00
4.093787670135498047e-01
4.073796272277832031e-01
4.082441329956054688e-01
4.082980155944824219e-01
4.092621803283691406e-01
4.109706878662109375e-01
4.101893901824951172e-01
4.210772514343261719e-01
4.239223003387451172e-01
4.357132911682128906e-01
4.536411762237548828e-01
4.467771053314208984e-01
4.569985866546630859e-01
4.476807117462158203e-01
4.424593448638916016e-01
4.510071277618408203e-01
4.530632495880126953e-01
4.486126899719238281e-01
4.504649639129638672e-01
4.609718322753906250e-01
4.446501731872558594e-01
4.491455554962158203e-01
4.514741897583007812e-01
4.534652233123779297e-01
4.580338001251220703e-01
4.502091407775878906e-01
4.565188884735107422e-01
4.446086883544921875e-01
4.391014575958251953e-01
4.162304401397705078e-01
4.123718738555908203e-01
4.131460189819335938e-01
4.129290580749511719e-01
4.226951599121093750e-01
4.182090759277343750e-01
4.183988571166992188e-01
4.240438938140869141e-01
4.168007373809814453e-01
4.220268726348876953e-01
4.223935604095458984e-01
4.200589656829833984e-01
4.232461452484130859e-01
4.188296794891357422e-01
4.191308021545410156e-01
4.198234081268310547e-01
4.195475578308105469e-01
4.148600101470947266e-01
4.144558906555175781e-01
4.138209819793701172e-01
4.134738445281982422e-01
4.169356822967529297e-01
4.282960891723632812e-01
4.296586513519287109e-01
4.315094947814941406e-01
4.286997318267822266e-01
4.281790256500244141e-01
4.320404529571533203e-01
4.303772449493408203e-01
4.311444759368896484e-01
4.217574596405029297e-01
4.212584495544433594e-01
4.214701652526855469e-01
4.388504028320312500e-01
4.243872165679931641e-01
4.263906478881835938e-01
4.259736537933349609e-01
4.251205921173095703e-01
4.198424816131591797e-01
4.242966175079345703e-01
4.228644371032714844e-01
4.264411926269531250e-01
4.241654872894287109e-01
4.251532554626464844e-01
4.240114688873291016e-01
4.269008636474609375e-01
4.236836433410644531e-01
4.256458282470703125e-01
4.278550148010253906e-01
4.230082035064697266e-01
4.211709499359130859e-01
4.665563106536865234e-01
4.272098541259765625e-01
4.248201847076416016e-01
4.253394603729248047e-01
4.249262809753417969e-01
4.225697517395019531e-01
4.243211746215820312e-01
4.249243736267089844e-01
4.674036502838134766e-01
4.222056865692138672e-01
4.256203174591064453e-01
4.223062992095947266e-01
4.201660156250000000e-01
4.218587875366210938e-01
4.211757183074951172e-01
4.208858013153076172e-01
4.201393127441406250e-01
4.193813800811767578e-01
4.219117164611816406e-01
4.206221103668212891e-01
4.194254875183105469e-01
4.216794967651367188e-01
4.221372604370117188e-01
4.214677810668945312e-01
4.224944114685058594e-01
4.217920303344726562e-01
4.243142604827880859e-01
4.219498634338378906e-01
4.222524166107177734e-01
4.227676391601562500e-01
4.265067577362060547e-01
4.219303131103515625e-01
4.269213676452636719e-01
4.199702739715576172e-01
4.202656745910644531e-01
4.186420440673828125e-01
4.209492206573486328e-01
4.216065406799316406e-01
4.225478172302246094e-01
4.235963821411132812e-01
4.210538864135742188e-01
4.235391616821289062e-01
4.256670475006103516e-01
4.259696006774902344e-01
4.250347614288330078e-01
4.233725070953369141e-01
4.241774082183837891e-01
4.267241954803466797e-01
4.267005920410156250e-01
4.268603324890136719e-01
4.252252578735351562e-01
4.278533458709716797e-01
4.275565147399902344e-01
4.260756969451904297e-01
4.271442890167236328e-01
4.262955188751220703e-01
4.259421825408935547e-01
4.251906871795654297e-01
4.252104759216308594e-01
4.253778457641601562e-01
4.244916439056396484e-01
4.240331649780273438e-01
4.248969554901123047e-01
4.235055446624755859e-01
4.235043525695800781e-01
4.197914600372314453e-01
4.214997291564941406e-01
4.204785823822021484e-01
4.220798015594482422e-01
4.202399253845214844e-01
4.211583137512207031e-01
4.227163791656494141e-01
4.217250347137451172e-01
4.210469722747802734e-01
4.214365482330322266e-01
4.223892688751220703e-01
4.218382835388183594e-01
4.236133098602294922e-01
4.218294620513916016e-01
4.223451614379882812e-01
4.273438453674316406e-01
4.263756275177001953e-01
4.243733882904052734e-01
4.254245758056640625e-01
4.326689243316650391e-01
4.489171504974365234e-01
4.325883388519287109e-01
4.319951534271240234e-01
4.311819076538085938e-01
4.320905208587646484e-01
4.319577217102050781e-01
4.319519996643066406e-01
4.298233985900878906e-01
4.325010776519775391e-01
4.313163757324218750e-01
4.321832656860351562e-01
4.390277862548828125e-01
4.251616001129150391e-01
4.302771091461181641e-01
4.270699024200439453e-01
4.334027767181396484e-01
4.208056926727294922e-01
4.319796562194824219e-01
4.339237213134765625e-01
4.326331615447998047e-01
4.327569007873535156e-01
4.333615303039550781e-01
4.332680702209472656e-01
4.317362308502197266e-01
4.303686618804931641e-01
4.304158687591552734e-01
4.321875572204589844e-01
4.320769309997558594e-01
4.300642013549804688e-01
4.325699806213378906e-01
4.306161403656005859e-01
4.326159954071044922e-01
4.307334423065185547e-01
4.333055019378662109e-01
