2.262415885925292969e+00
4.250574111938476562e-01
4.254214763641357422e-01
4.256215095520019531e-01
4.256074428558349609e-01
4.236333370208740234e-01
4.286594390869140625e-01
4.261043071746826172e-01
4.258604049682617188e-01
4.262051582336425781e-01
4.272286891937255859e-01
4.311926364898681641e-01
4.316458702087402344e-01
4.298613071441650391e-01
4.327216148376464844e-01
4.308512210845947266e-01
4.353616237640380859e-01
4.306306838989257812e-01
4.331891536712646484e-01
4.293913841247558594e-01
4.283142089843750000e-01
4.334256649017333984e-01
4.316697120666503906e-01
4.298300743103027344e-01
4.321177005767822266e-01
4.326236248016357422e-01
4.332485198974609375e-01
4.310698509216308594e-01
4.310255050659179688e-01
4.278852939605712891e-01
4.282891750335693359e-01
4.274539947509765625e-01
4.296350479125976562e-01
4.270126819610595703e-01
4.280705451965332031e-01
4.250996112823486328e-01
4.272015094757080078e-01
4.284248352050781250e-01
4.305846691131591797e-01
4.297912120819091797e-01
4.319927692413330078e-01
4.300494194030761719e-01
4.309687614440917969e-01
4.277040958404541016e-01
4.298098087310791016e-01
4.372103214263916016e-01
4.331476688385009766e-01
4.296617507934570312e-01
4.322595596313476562e-01
4.304974079132080078e-01
4.375422000885009766e-01
4.584541320800781250e-01
4.628834724426269531e-01
4.368975162506103516e-01
4.368476867675781250e-01
4.376397132873535156e-01
4.374475479125976562e-01
4.365918636322021484e-01
4.389524459838867188e-01
4.380588531494140625e-01
4.368693828582763672e-01
4.351887702941894531e-01
4.373624324798583984e-01
4.511451721191406250e-01
4.498934745788574219e-01
4.361848831176757812e-01
4.294376373291015625e-01
4.309966564178466797e-01
4.336993694305419922e-01
4.317023754119873047e-01
4.342029094696044922e-01
4.350540637969970703e-01
4.326641559600830078e-01
4.322898387908935547e-01
4.354264736175537109e-01
4.346032142639160156e-01
4.283394813537597656e-01
4.300091266632080078e-01
4.266653060913085938e-01
4.276468753814697266e-01
4.277248382568359375e-01
4.404051303863525391e-01
4.261775016784667969e-01
4.254662990570068359e-01
4.273309707641601562e-01
4.296724796295166016e-01
5.239269733428955078e-01
4.356093406677246094e-01
4.328000545501708984e-01
4.334793090820312500e-01
4.328987598419189453e-01
4.345417022705078125e-01
4.345326423645019531e-01
4.352998733520507812e-01
4.347374439239501953e-01
4.337167739868164062e-01
4.325652122497558594e-01
4.351356029510498047e-01
4.326837062835693359e-01
4.340972900390625000e-01
4.369542598724365234e-01
4.352202415466308594e-01
4.316780567169189453e-01
4.321720600128173828e-01
4.354221820831298828e-01
4.347088336944580078e-01
4.331605434417724609e-01
4.349884986877441406e-01
4.322612285614013672e-01
4.326038360595703125e-01
4.288697242736816406e-01
4.340162277221679688e-01
4.363241195678710938e-01
4.329173564910888672e-01
4.710788726806640625e-01
4.294054508209228516e-01
4.243385791778564453e-01
4.283757209777832031e-01
4.270389080047607422e-01
4.248452186584472656e-01
4.250559806823730469e-01
4.240345954895019531e-01
4.233670234680175781e-01
4.228005409240722656e-01
4.200155735015869141e-01
4.205303192138671875e-01
4.185109138488769531e-01
4.185717105865478516e-01
4.553318023681640625e-01
4.543647766113281250e-01
4.203867912292480469e-01
4.687647819519042969e-01
4.290361404418945312e-01
4.266014099121093750e-01
4.277451038360595703e-01
4.289500713348388672e-01
4.296703338623046875e-01
4.289734363555908203e-01
4.292790889739990234e-01
4.271821975708007812e-01
4.276435375213623047e-01
4.272203445434570312e-01
4.290287494659423828e-01
4.276485443115234375e-01
4.283809661865234375e-01
4.272389411926269531e-01
4.328334331512451172e-01
4.351248741149902344e-01
4.348959922790527344e-01
4.344809055328369141e-01
4.343214035034179688e-01
4.351916313171386719e-01
4.339308738708496094e-01
4.333934783935546875e-01
4.360756874084472656e-01
4.346387386322021484e-01
4.354445934295654297e-01
4.349339008331298828e-01
4.364786148071289062e-01
4.239757061004638672e-01
4.205975532531738281e-01
4.220101833343505859e-01
4.236252307891845703e-01
4.232153892517089844e-01
4.222686290740966797e-01
4.418044090270996094e-01
4.356193542480468750e-01
4.330685138702392578e-01
4.330453872680664062e-01
4.333057403564453125e-01
4.348948001861572266e-01
4.244081974029541016e-01
4.355881214141845703e-01
4.344799518585205078e-01
4.340662956237792969e-01
4.341127872467041016e-01
4.364578723907470703e-01
4.358308315277099609e-01
4.343769550323486328e-01
5.800676345825195312e-01
4.313943386077880859e-01
4.347958564758300781e-01
4.353742599487304688e-01
4.347333908081054688e-01
4.348526000976562500e-01
4.325578212738037109e-01
4.362442493438720703e-01
4.339089393615722656e-01
4.520027637481689453e-01
4.374845027923583984e-01
4.374401569366455078e-01
4.352860450744628906e-01
4.358417987823486328e-01
4.355778694152832031e-01
4.360983371734619141e-01
4.346594810485839844e-01
4.347672462463378906e-01
4.324877262115478516e-01
4.328756332397460938e-01
4.379768371582031250e-01
