2.245529890060424805e+00
4.293286800384521484e-01
4.291994571685791016e-01
4.324457645416259766e-01
4.313249588012695312e-01
4.271836280822753906e-01
4.377939701080322266e-01
4.281747341156005859e-01
4.357166290283203125e-01
4.282977581024169922e-01
4.445321559906005859e-01
4.593901634216308594e-01
4.644091129302978516e-01
4.566395282745361328e-01
4.523897171020507812e-01
4.520022869110107422e-01
4.538059234619140625e-01
4.470665454864501953e-01
4.595322608947753906e-01
4.540252685546875000e-01
4.557991027832031250e-01
4.602625370025634766e-01
4.619667530059814453e-01
4.547231197357177734e-01
4.602746963500976562e-01
4.623384475708007812e-01
4.673330783843994141e-01
4.557135105133056641e-01
4.491715431213378906e-01
4.453635215759277344e-01
4.339411258697509766e-01
4.340658187866210938e-01
4.328730106353759766e-01
4.326050281524658203e-01
4.428882598876953125e-01
4.335036277770996094e-01
4.363832473754882812e-01
4.323189258575439453e-01
4.469888210296630859e-01
4.312250614166259766e-01
4.336981773376464844e-01
4.313619136810302734e-01
4.309308528900146484e-01
4.322073459625244141e-01
4.446086883544921875e-01
4.357702732086181641e-01
4.363441467285156250e-01
4.299437999725341797e-01
4.333648681640625000e-01
4.346730709075927734e-01
4.373443126678466797e-01
4.493176937103271484e-01
4.470214843750000000e-01
4.424638748168945312e-01
4.387631416320800781e-01
4.395940303802490234e-01
4.412977695465087891e-01
4.389679431915283203e-01
4.386899471282958984e-01
4.407241344451904297e-01
4.387698173522949219e-01
4.427604675292968750e-01
4.419059753417968750e-01
4.410331249237060547e-01
4.403703212738037109e-01
4.371321201324462891e-01
4.399254322052001953e-01
4.376053810119628906e-01
4.362883567810058594e-01
4.392867088317871094e-01
4.404335021972656250e-01
4.396128654479980469e-01
4.386878013610839844e-01
4.375374317169189453e-01
4.409091472625732422e-01
4.385380744934082031e-01
4.375269412994384766e-01
4.366481304168701172e-01
4.364774227142333984e-01
4.377875328063964844e-01
4.371917247772216797e-01
4.367573261260986328e-01
4.366476535797119141e-01
4.371283054351806641e-01
4.380731582641601562e-01
4.346888065338134766e-01
4.427983760833740234e-01
4.334123134613037109e-01
4.362118244171142578e-01
4.341859817504882812e-01
4.344296455383300781e-01
4.348816871643066406e-01
4.356248378753662109e-01
4.335162639617919922e-01
4.343216419219970703e-01
4.360821247100830078e-01
4.370148181915283203e-01
4.363739490509033203e-01
4.369103908538818359e-01
4.384706020355224609e-01
4.380366802215576172e-01
4.368402957916259766e-01
4.437415599822998047e-01
4.392888545989990234e-01
4.421834945678710938e-01
4.366927146911621094e-01
4.365413188934326172e-01
4.397761821746826172e-01
4.400353431701660156e-01
4.403872489929199219e-01
4.425818920135498047e-01
4.364619255065917969e-01
4.377334117889404297e-01
4.369661808013916016e-01
4.463412761688232422e-01
4.418301582336425781e-01
4.420213699340820312e-01
4.422843456268310547e-01
4.432222843170166016e-01
4.435398578643798828e-01
4.420738220214843750e-01
4.432182312011718750e-01
4.417963027954101562e-01
4.438822269439697266e-01
4.432189464569091797e-01
4.447636604309082031e-01
4.428882598876953125e-01
4.459979534149169922e-01
4.416055679321289062e-01
4.453010559082031250e-01
4.439744949340820312e-01
4.390549659729003906e-01
4.297630786895751953e-01
4.313170909881591797e-01
4.306013584136962891e-01
4.292616844177246094e-01
4.298090934753417969e-01
4.305140972137451172e-01
4.305605888366699219e-01
4.312348365783691406e-01
4.317719936370849609e-01
4.314963817596435547e-01
4.306232929229736328e-01
4.318385124206542969e-01
4.313731193542480469e-01
4.322199821472167969e-01
4.377150535583496094e-01
4.361724853515625000e-01
4.406929016113281250e-01
4.340822696685791016e-01
4.333624839782714844e-01
4.320840835571289062e-01
4.328300952911376953e-01
4.337916374206542969e-01
4.346697330474853516e-01
4.349265098571777344e-01
4.348630905151367188e-01
4.342043399810791016e-01
4.347097873687744141e-01
4.440069198608398438e-01
4.446127414703369141e-01
4.454586505889892578e-01
4.452719688415527344e-01
4.458947181701660156e-01
4.444780349731445312e-01
4.353137016296386719e-01
4.331018924713134766e-01
4.320681095123291016e-01
4.344341754913330078e-01
4.344425201416015625e-01
4.342772960662841797e-01
4.451978206634521484e-01
4.478237628936767578e-01
4.344391822814941406e-01
4.320664405822753906e-01
4.313349723815917969e-01
4.438829421997070312e-01
4.341146945953369141e-01
4.331004619598388672e-01
4.420278072357177734e-01
4.412574768066406250e-01
4.422662258148193359e-01
4.405989646911621094e-01
4.399869441986083984e-01
4.408235549926757812e-01
4.459557533264160156e-01
4.393494129180908203e-01
4.410762786865234375e-01
4.367959499359130859e-01
4.346594810485839844e-01
4.335548877716064453e-01
4.328649044036865234e-01
4.320571422576904297e-01
4.349358081817626953e-01
4.320061206817626953e-01
4.331772327423095703e-01
4.324903488159179688e-01
4.346208572387695312e-01
4.343359470367431641e-01
4.454243183135986328e-01
