1.441560029983520508e+00
1.364292621612548828e+00
1.351343393325805664e+00
1.445439815521240234e+00
1.390604972839355469e+00
1.357187271118164062e+00
1.383669614791870117e+00
1.362432241439819336e+00
1.469164371490478516e+00
1.338278532028198242e+00
1.319720268249511719e+00
1.310489892959594727e+00
1.269170522689819336e+00
1.270276069641113281e+00
1.268268108367919922e+00
1.261662483215332031e+00
1.260658979415893555e+00
1.264897823333740234e+00
1.246405124664306641e+00
1.260025739669799805e+00
1.270110130310058594e+00
1.247177600860595703e+00
1.258023262023925781e+00
1.353433609008789062e+00
1.265921831130981445e+00
1.254124879837036133e+00
1.255713462829589844e+00
1.274016857147216797e+00
1.255319356918334961e+00
1.257047653198242188e+00
1.261160612106323242e+00
1.253608703613281250e+00
1.250244379043579102e+00
1.278385400772094727e+00
1.267724037170410156e+00
1.269965410232543945e+00
1.269075632095336914e+00
1.272420167922973633e+00
1.266871452331542969e+00
1.247846603393554688e+00
1.252987623214721680e+00
1.255794048309326172e+00
1.276771545410156250e+00
1.250058412551879883e+00
1.267468690872192383e+00
1.274285793304443359e+00
1.248677968978881836e+00
1.251709461212158203e+00
1.273056268692016602e+00
1.257898807525634766e+00
1.254096269607543945e+00
1.258595943450927734e+00
1.369651556015014648e+00
1.240128755569458008e+00
1.265677928924560547e+00
1.279261589050292969e+00
1.271606445312500000e+00
1.262779712677001953e+00
1.294072628021240234e+00
1.279223680496215820e+00
1.263213634490966797e+00
1.281799316406250000e+00
1.351742506027221680e+00
1.260797977447509766e+00
1.258603096008300781e+00
1.245237588882446289e+00
1.255927562713623047e+00
1.267545223236083984e+00
1.275092363357543945e+00
1.280102491378784180e+00
1.279189825057983398e+00
1.311861276626586914e+00
1.315944433212280273e+00
1.320083618164062500e+00
1.340967416763305664e+00
1.356019258499145508e+00
1.352529764175415039e+00
1.336084604263305664e+00
1.325394868850708008e+00
1.330606937408447266e+00
1.343935728073120117e+00
1.313661336898803711e+00
1.292546987533569336e+00
1.288918256759643555e+00
1.239622354507446289e+00
1.267013311386108398e+00
1.254355430603027344e+00
1.243217706680297852e+00
1.240245342254638672e+00
1.261151552200317383e+00
1.250381708145141602e+00
1.241878271102905273e+00
1.352102994918823242e+00
1.256443738937377930e+00
1.250118970870971680e+00
1.254569053649902344e+00
1.275183200836181641e+00
1.272599935531616211e+00
1.261234760284423828e+00
1.276036024093627930e+00
1.247717142105102539e+00
1.266984224319458008e+00
1.293445348739624023e+00
1.343297958374023438e+00
1.240308761596679688e+00
1.275570869445800781e+00
1.250634193420410156e+00
1.256270885467529297e+00
1.275212287902832031e+00
1.249166965484619141e+00
1.278776407241821289e+00
1.272353649139404297e+00
1.267069101333618164e+00
1.246216773986816406e+00
1.263294219970703125e+00
1.273244857788085938e+00
1.246738910675048828e+00
1.259044170379638672e+00
1.359779119491577148e+00
1.254872322082519531e+00
1.261438131332397461e+00
1.267197608947753906e+00
1.249866724014282227e+00
1.248228311538696289e+00
1.272629261016845703e+00
1.254799365997314453e+00
1.251301765441894531e+00
1.272249698638916016e+00
1.390048742294311523e+00
1.271934032440185547e+00
1.271890401840209961e+00
1.271076679229736328e+00
1.252244949340820312e+00
1.346935272216796875e+00
1.265363454818725586e+00
1.255323648452758789e+00
1.270488739013671875e+00
1.263427257537841797e+00
1.359927177429199219e+00
1.287425994873046875e+00
1.329555511474609375e+00
1.330550193786621094e+00
1.332007169723510742e+00
1.507620573043823242e+00
1.341709136962890625e+00
1.348219871520996094e+00
1.381967544555664062e+00
1.332882642745971680e+00
1.301498889923095703e+00
1.321281433105468750e+00
1.295825004577636719e+00
1.252657175064086914e+00
1.279117822647094727e+00
1.254949092864990234e+00
1.266976833343505859e+00
1.265170574188232422e+00
1.258646726608276367e+00
1.257765054702758789e+00
1.355773925781250000e+00
1.259058475494384766e+00
1.260636806488037109e+00
1.268434524536132812e+00
1.258183717727661133e+00
1.251362562179565430e+00
1.274519920349121094e+00
1.261617660522460938e+00
1.264515638351440430e+00
1.263603210449218750e+00
1.277852296829223633e+00
1.353147268295288086e+00
1.248841285705566406e+00
1.263118028640747070e+00
1.259260654449462891e+00
1.269779682159423828e+00
1.378617048263549805e+00
1.275976896286010742e+00
1.287973165512084961e+00
1.268965721130371094e+00
1.279178380966186523e+00
1.435720682144165039e+00
1.330286979675292969e+00
1.361730098724365234e+00
1.379762887954711914e+00
1.333360433578491211e+00
1.391758680343627930e+00
1.263684511184692383e+00
1.288507699966430664e+00
1.257339954376220703e+00
1.263839721679687500e+00
1.285529375076293945e+00
1.258176565170288086e+00
1.260078907012939453e+00
1.273734807968139648e+00
1.257546901702880859e+00
1.272707462310791016e+00
1.256009340286254883e+00
1.256234169006347656e+00
1.277176141738891602e+00
1.272143602371215820e+00
1.264416217803955078e+00
