1.441558122634887695e+00
1.364300727844238281e+00
1.351341485977172852e+00
1.445439577102661133e+00
1.390642404556274414e+00
1.357196331024169922e+00
1.383704185485839844e+00
1.362456083297729492e+00
1.469183683395385742e+00
1.338290452957153320e+00
1.319741487503051758e+00
1.310506105422973633e+00
1.269198656082153320e+00
1.270286083221435547e+00
1.268283843994140625e+00
1.261672258377075195e+00
1.260661125183105469e+00
1.264938354492187500e+00
1.246428728103637695e+00
1.260052204132080078e+00
1.270125627517700195e+00
1.247166872024536133e+00
1.258028984069824219e+00
1.353461027145385742e+00
1.265926837921142578e+00
1.254123687744140625e+00
1.255727291107177734e+00
1.274022102355957031e+00
1.255325078964233398e+00
1.257063150405883789e+00
1.261153697967529297e+00
1.253621339797973633e+00
1.250245571136474609e+00
1.278397560119628906e+00
1.267750501632690430e+00
1.269974470138549805e+00
1.269053697586059570e+00
1.272439479827880859e+00
1.266883611679077148e+00
1.247870206832885742e+00
1.252992153167724609e+00
1.255801200866699219e+00
1.276736736297607422e+00
1.250056028366088867e+00
1.267483711242675781e+00
1.274267673492431641e+00
1.248686075210571289e+00
1.251721382141113281e+00
1.273041725158691406e+00
1.257915973663330078e+00
1.254098653793334961e+00
1.258611679077148438e+00
1.369657516479492188e+00
1.240135669708251953e+00
1.265703439712524414e+00
1.279280424118041992e+00
1.271632432937622070e+00
1.262789487838745117e+00
1.294094085693359375e+00
1.279251813888549805e+00
1.263233423233032227e+00
1.281822204589843750e+00
1.351768493652343750e+00
1.260821342468261719e+00
1.258607864379882812e+00
1.245222806930541992e+00
1.255939722061157227e+00
1.267575025558471680e+00
1.275123834609985352e+00
1.280123949050903320e+00
1.279210090637207031e+00
1.311874389648437500e+00
1.315965175628662109e+00
1.320092916488647461e+00
1.340981960296630859e+00
1.356048345565795898e+00
1.352531671524047852e+00
1.336099386215209961e+00
1.325410127639770508e+00
1.330607175827026367e+00
1.343948841094970703e+00
1.313686370849609375e+00
1.292553663253784180e+00
1.288951873779296875e+00
1.239644050598144531e+00
1.267027854919433594e+00
1.254374027252197266e+00
1.243226766586303711e+00
1.240256786346435547e+00
1.261171340942382812e+00
1.250376939773559570e+00
1.241902589797973633e+00
1.352121353149414062e+00
1.256476402282714844e+00
1.250142097473144531e+00
1.254583358764648438e+00
1.275210380554199219e+00
1.272619962692260742e+00
1.261252880096435547e+00
1.276035785675048828e+00
1.247736454010009766e+00
1.267001867294311523e+00
1.293472766876220703e+00
1.343313455581665039e+00
1.240328788757324219e+00
1.275604724884033203e+00
1.250655651092529297e+00
1.256268739700317383e+00
1.275233507156372070e+00
1.249189138412475586e+00
1.278800725936889648e+00
1.272389650344848633e+00
1.267062425613403320e+00
1.246217489242553711e+00
1.263306617736816406e+00
1.273253440856933594e+00
1.246758699417114258e+00
1.259052515029907227e+00
1.359795570373535156e+00
1.254884719848632812e+00
1.261449813842773438e+00
1.267253160476684570e+00
1.249881267547607422e+00
1.248239517211914062e+00
1.272656679153442383e+00
1.254820346832275391e+00
1.251318454742431641e+00
1.272253274917602539e+00
1.390068054199218750e+00
1.271946191787719727e+00
1.271921396255493164e+00
1.271098375320434570e+00
1.252248287200927734e+00
1.346958160400390625e+00
1.265376567840576172e+00
1.255342960357666016e+00
1.270488262176513672e+00
1.263446569442749023e+00
1.359938383102416992e+00
1.287432193756103516e+00
1.329568862915039062e+00
1.330577850341796875e+00
1.332018375396728516e+00
1.507643222808837891e+00
1.341710567474365234e+00
1.348241806030273438e+00
1.381999969482421875e+00
1.332909107208251953e+00
1.301513910293579102e+00
1.321290493011474609e+00
1.295826435089111328e+00
1.252669095993041992e+00
1.279133081436157227e+00
1.254990577697753906e+00
1.266989231109619141e+00
1.265187025070190430e+00
1.258643865585327148e+00
1.257781505584716797e+00
1.355792045593261719e+00
1.259069442749023438e+00
1.260651111602783203e+00
1.268444538116455078e+00
1.258196830749511719e+00
1.251388072967529297e+00
1.274528741836547852e+00
1.261637687683105469e+00
1.264516592025756836e+00
1.263615608215332031e+00
1.277857303619384766e+00
1.353139638900756836e+00
1.248864889144897461e+00
1.263130903244018555e+00
1.259274244308471680e+00
1.269812107086181641e+00
1.378634452819824219e+00
1.276008605957031250e+00
1.287992477416992188e+00
1.268991470336914062e+00
1.279201030731201172e+00
1.435745000839233398e+00
1.330305337905883789e+00
1.361757516860961914e+00
1.379782676696777344e+00
1.333381414413452148e+00
1.391765356063842773e+00
1.263707637786865234e+00
1.288511753082275391e+00
1.257364034652709961e+00
1.263856649398803711e+00
1.285530090332031250e+00
1.258202314376831055e+00
1.260099649429321289e+00
1.273750066757202148e+00
1.257567882537841797e+00
1.272742271423339844e+00
1.256021261215209961e+00
1.256236791610717773e+00
1.277191162109375000e+00
1.272172927856445312e+00
1.264436483383178711e+00
