1.441556692123413086e+00
1.364289283752441406e+00
1.351345539093017578e+00
1.445445775985717773e+00
1.390601634979248047e+00
1.357183218002319336e+00
1.383671522140502930e+00
1.362429618835449219e+00
1.469162940979003906e+00
1.338282346725463867e+00
1.319720745086669922e+00
1.310481548309326172e+00
1.269168853759765625e+00
1.270278453826904297e+00
1.268268823623657227e+00
1.261664152145385742e+00
1.260658025741577148e+00
1.264901638031005859e+00
1.246404647827148438e+00
1.260028600692749023e+00
1.270113706588745117e+00
1.247176647186279297e+00
1.258028268814086914e+00
1.353433847427368164e+00
1.265920639038085938e+00
1.254127502441406250e+00
1.255710363388061523e+00
1.274030685424804688e+00
1.255318641662597656e+00
1.257049560546875000e+00
1.261164188385009766e+00
1.253611326217651367e+00
1.250246047973632812e+00
1.278385877609252930e+00
1.267724275588989258e+00
1.269963979721069336e+00
1.269078254699707031e+00
1.272431135177612305e+00
1.266875267028808594e+00
1.247839450836181641e+00
1.252986669540405273e+00
1.255795478820800781e+00
1.276772260665893555e+00
1.250057220458984375e+00
1.267468929290771484e+00
1.274283647537231445e+00
1.248674154281616211e+00
1.251711368560791016e+00
1.273061037063598633e+00
1.257898330688476562e+00
1.254097938537597656e+00
1.258598566055297852e+00
1.369654178619384766e+00
1.240125417709350586e+00
1.265679836273193359e+00
1.279263973236083984e+00
1.271608352661132812e+00
1.262779712677001953e+00
1.294081926345825195e+00
1.279220104217529297e+00
1.263213872909545898e+00
1.281801462173461914e+00
1.351757526397705078e+00
1.260797500610351562e+00
1.258600711822509766e+00
1.245228528976440430e+00
1.255927801132202148e+00
1.267544984817504883e+00
1.275092840194702148e+00
1.280102968215942383e+00
1.279195308685302734e+00
1.311861753463745117e+00
1.315945386886596680e+00
1.320081472396850586e+00
1.340975284576416016e+00
1.356016397476196289e+00
1.352536916732788086e+00
1.336086750030517578e+00
1.325394392013549805e+00
1.330605506896972656e+00
1.343933343887329102e+00
1.313662528991699219e+00
1.292544603347778320e+00
1.288918256759643555e+00
1.239624500274658203e+00
1.267016649246215820e+00
1.254354715347290039e+00
1.243221044540405273e+00
1.240244626998901367e+00
1.261149406433105469e+00
1.250388622283935547e+00
1.241886377334594727e+00
1.352097988128662109e+00
1.256443977355957031e+00
1.250120401382446289e+00
1.254572391510009766e+00
1.275182723999023438e+00
1.272596120834350586e+00
1.261238336563110352e+00
1.276031255722045898e+00
1.247718334197998047e+00
1.266990661621093750e+00
1.293446540832519531e+00
1.343297719955444336e+00
1.240308761596679688e+00
1.275570631027221680e+00
1.250636577606201172e+00
1.256270408630371094e+00
1.275212049484252930e+00
1.249167203903198242e+00
1.278774738311767578e+00
1.272355556488037109e+00
1.267069339752197266e+00
1.246219873428344727e+00
1.263294458389282227e+00
1.273248195648193359e+00
1.246739149093627930e+00
1.259043931961059570e+00
1.359781026840209961e+00
1.254874706268310547e+00
1.261440277099609375e+00
1.267199516296386719e+00
1.249863862991333008e+00
1.248230457305908203e+00
1.272630929946899414e+00
1.254808664321899414e+00
1.251297712326049805e+00
1.272260427474975586e+00
1.390045642852783203e+00
1.271936178207397461e+00
1.271893739700317383e+00
1.271080255508422852e+00
1.252247571945190430e+00
1.346934080123901367e+00
1.265361785888671875e+00
1.255326986312866211e+00
1.270494937896728516e+00
1.263426542282104492e+00
1.359924554824829102e+00
1.287425518035888672e+00
1.329564571380615234e+00
1.330546379089355469e+00
1.332004547119140625e+00
1.507621765136718750e+00
1.341707706451416016e+00
1.348219633102416992e+00
1.381962299346923828e+00
1.332885503768920898e+00
1.301501035690307617e+00
1.321281671524047852e+00
1.295830488204956055e+00
1.252660751342773438e+00
1.279118537902832031e+00
1.254947900772094727e+00
1.266969680786132812e+00
1.265177249908447266e+00
1.258648872375488281e+00
1.257770776748657227e+00
1.355769634246826172e+00
1.259059429168701172e+00
1.260634183883666992e+00
1.268436908721923828e+00
1.258185863494873047e+00
1.251362800598144531e+00
1.274521112442016602e+00
1.261620283126831055e+00
1.264519929885864258e+00
1.263607501983642578e+00
1.277850389480590820e+00
1.353146553039550781e+00
1.248850822448730469e+00
1.263118028640747070e+00
1.259263515472412109e+00
1.269784212112426758e+00
1.378619432449340820e+00
1.275976419448852539e+00
1.287977457046508789e+00
1.268969535827636719e+00
1.279175758361816406e+00
1.435718536376953125e+00
1.330282449722290039e+00
1.361730337142944336e+00
1.379763364791870117e+00
1.333363771438598633e+00
1.391759395599365234e+00
1.263683080673217773e+00
1.288508653640747070e+00
1.257343053817749023e+00
1.263839244842529297e+00
1.285521745681762695e+00
1.258178234100341797e+00
1.260078191757202148e+00
1.273737668991088867e+00
1.257547378540039062e+00
1.272707700729370117e+00
1.256003618240356445e+00
1.256237506866455078e+00
1.277180433273315430e+00
1.272155523300170898e+00
1.264414310455322266e+00
