1.900800943374633789e+00
4.315438270568847656e-01
4.335722923278808594e-01
4.348623752593994141e-01
4.386267662048339844e-01
4.384586811065673828e-01
4.421098232269287109e-01
4.452478885650634766e-01
4.408597946166992188e-01
4.419136047363281250e-01
4.431943893432617188e-01
4.439709186553955078e-01
4.465897083282470703e-01
4.476795196533203125e-01
4.495310783386230469e-01
4.450101852416992188e-01
4.457812309265136719e-01
4.483945369720458984e-01
4.486713409423828125e-01
4.481847286224365234e-01
4.486296176910400391e-01
4.492280483245849609e-01
4.464676380157470703e-01
4.470446109771728516e-01
4.487938880920410156e-01
4.492108821868896484e-01
4.489316940307617188e-01
4.490649700164794922e-01
4.473242759704589844e-01
4.482834339141845703e-01
4.495689868927001953e-01
4.531874656677246094e-01
4.498043060302734375e-01
4.510946273803710938e-01
4.484350681304931641e-01
4.470489025115966797e-01
4.455943107604980469e-01
4.417860507965087891e-01
4.418332576751708984e-01
4.395959377288818359e-01
4.439017772674560547e-01
4.396677017211914062e-01
4.401969909667968750e-01
4.360289573669433594e-01
4.389951229095458984e-01
4.392011165618896484e-01
4.385681152343750000e-01
4.411723613739013672e-01
4.389190673828125000e-01
4.390504360198974609e-01
4.387674331665039062e-01
4.402430057525634766e-01
4.403960704803466797e-01
4.401798248291015625e-01
4.467482566833496094e-01
4.583556652069091797e-01
4.481723308563232422e-01
4.405679702758789062e-01
4.407007694244384766e-01
4.422600269317626953e-01
4.416785240173339844e-01
4.427559375762939453e-01
4.427649974822998047e-01
4.405314922332763672e-01
4.410140514373779297e-01
4.401817321777343750e-01
4.422605037689208984e-01
4.426989555358886719e-01
4.414746761322021484e-01
4.411780834197998047e-01
4.381995201110839844e-01
4.399144649505615234e-01
4.403796195983886719e-01
4.436998367309570312e-01
4.402234554290771484e-01
4.450097084045410156e-01
4.418182373046875000e-01
4.451909065246582031e-01
4.523470401763916016e-01
4.447467327117919922e-01
4.496369361877441406e-01
4.485681056976318359e-01
4.510092735290527344e-01
4.540569782257080078e-01
4.545671939849853516e-01
4.538791179656982422e-01
4.523997306823730469e-01
4.566833972930908203e-01
4.568045139312744141e-01
4.554128646850585938e-01
4.552807807922363281e-01
4.551963806152343750e-01
4.544460773468017578e-01
4.570891857147216797e-01
4.543249607086181641e-01
4.528083801269531250e-01
4.573762416839599609e-01
4.542686939239501953e-01
4.526622295379638672e-01
4.588050842285156250e-01
4.520435333251953125e-01
4.538702964782714844e-01
4.531164169311523438e-01
4.526944160461425781e-01
4.520008563995361328e-01
4.517996311187744141e-01
4.509954452514648438e-01
4.488162994384765625e-01
4.475142955780029297e-01
4.458160400390625000e-01
4.473958015441894531e-01
4.459674358367919922e-01
4.441962242126464844e-01
4.453485012054443359e-01
4.430997371673583984e-01
4.451606273651123047e-01
4.452526569366455078e-01
4.468250274658203125e-01
4.469163417816162109e-01
4.442849159240722656e-01
4.439117908477783203e-01
4.461734294891357422e-01
4.431004524230957031e-01
4.436705112457275391e-01
4.444077014923095703e-01
4.459080696105957031e-01
4.438104629516601562e-01
4.467146396636962891e-01
4.429047107696533203e-01
4.439749717712402344e-01
4.443619251251220703e-01
4.441728591918945312e-01
4.464967250823974609e-01
4.426074028015136719e-01
4.476721286773681641e-01
4.451148509979248047e-01
4.481208324432373047e-01
4.461448192596435547e-01
4.442911148071289062e-01
4.466488361358642578e-01
4.485168457031250000e-01
4.447696208953857422e-01
4.454653263092041016e-01
4.449861049652099609e-01
4.501175880432128906e-01
4.476127624511718750e-01
4.542832374572753906e-01
4.497015476226806641e-01
4.533143043518066406e-01
4.505636692047119141e-01
4.498853683471679688e-01
4.519102573394775391e-01
4.520399570465087891e-01
4.555847644805908203e-01
4.550313949584960938e-01
4.537625312805175781e-01
4.532043933868408203e-01
4.537250995635986328e-01
4.531044960021972656e-01
4.538009166717529297e-01
4.541251659393310547e-01
4.526112079620361328e-01
4.544081687927246094e-01
4.547178745269775391e-01
4.476401805877685547e-01
4.549634456634521484e-01
4.550621509552001953e-01
4.535889625549316406e-01
4.556732177734375000e-01
4.549992084503173828e-01
4.561564922332763672e-01
4.539310932159423828e-01
4.567537307739257812e-01
4.510157108306884766e-01
4.521830081939697266e-01
4.607505798339843750e-01
4.584035873413085938e-01
4.456152915954589844e-01
4.471454620361328125e-01
4.466135501861572266e-01
4.476292133331298828e-01
4.481098651885986328e-01
4.477894306182861328e-01
4.515621662139892578e-01
4.540159702301025391e-01
4.546549320220947266e-01
4.518609046936035156e-01
4.524772167205810547e-01
4.511687755584716797e-01
4.530158042907714844e-01
4.543306827545166016e-01
4.485340118408203125e-01
4.514498710632324219e-01
4.505889415740966797e-01
4.534051418304443359e-01
4.518625736236572266e-01
4.539072513580322266e-01
4.509019851684570312e-01
4.508392810821533203e-01
4.487798213958740234e-01
