1.441557645797729492e+00
1.364305257797241211e+00
1.351344823837280273e+00
1.445443153381347656e+00
1.390638828277587891e+00
1.357190132141113281e+00
1.383707046508789062e+00
1.362456798553466797e+00
1.469180583953857422e+00
1.338288545608520508e+00
1.319742679595947266e+00
1.310510873794555664e+00
1.269198894500732422e+00
1.270285129547119141e+00
1.268281936645507812e+00
1.261672735214233398e+00
1.260661125183105469e+00
1.264939308166503906e+00
1.246429681777954102e+00
1.260053396224975586e+00
1.270123004913330078e+00
1.247168779373168945e+00
1.258025884628295898e+00
1.353459596633911133e+00
1.265923738479614258e+00
1.254124164581298828e+00
1.255727529525756836e+00
1.274019718170166016e+00
1.255324840545654297e+00
1.257068634033203125e+00
1.261152267456054688e+00
1.253619670867919922e+00
1.250241756439208984e+00
1.278394699096679688e+00
1.267749547958374023e+00
1.269973754882812500e+00
1.269055604934692383e+00
1.272436857223510742e+00
1.266882896423339844e+00
1.247868776321411133e+00
1.252992391586303711e+00
1.255805015563964844e+00
1.276739835739135742e+00
1.250057458877563477e+00
1.267481327056884766e+00
1.274270534515380859e+00
1.248685359954833984e+00
1.251719951629638672e+00
1.273045539855957031e+00
1.257917881011962891e+00
1.254101514816284180e+00
1.258614540100097656e+00
1.369660377502441406e+00
1.240133047103881836e+00
1.265695571899414062e+00
1.279284477233886719e+00
1.271631717681884766e+00
1.262789011001586914e+00
1.294095516204833984e+00
1.279250860214233398e+00
1.263234376907348633e+00
1.281828165054321289e+00
1.351768016815185547e+00
1.260821819305419922e+00
1.258607864379882812e+00
1.245222091674804688e+00
1.255939483642578125e+00
1.267575740814208984e+00
1.275125026702880859e+00
1.280123472213745117e+00
1.279206514358520508e+00
1.311873435974121094e+00
1.315964460372924805e+00
1.320089101791381836e+00
1.340984582901000977e+00
1.356047391891479492e+00
1.352529287338256836e+00
1.336107015609741211e+00
1.325412511825561523e+00
1.330606222152709961e+00
1.343953847885131836e+00
1.313687086105346680e+00
1.292550802230834961e+00
1.288954973220825195e+00
1.239642858505249023e+00
1.267026901245117188e+00
1.254370927810668945e+00
1.243224620819091797e+00
1.240252971649169922e+00
1.261169195175170898e+00
1.250375509262084961e+00
1.241899728775024414e+00
1.352124691009521484e+00
1.256479024887084961e+00
1.250144481658935547e+00
1.254583597183227539e+00
1.275217771530151367e+00
1.272619962692260742e+00
1.261250257492065430e+00
1.276028156280517578e+00
1.247735023498535156e+00
1.267000198364257812e+00
1.293478012084960938e+00
1.343314409255981445e+00
1.240328550338745117e+00
1.275595903396606445e+00
1.250656127929687500e+00
1.256267309188842773e+00
1.275233030319213867e+00
1.249191999435424805e+00
1.278798580169677734e+00
1.272390127182006836e+00
1.267065048217773438e+00
1.246213197708129883e+00
1.263307809829711914e+00
1.273256301879882812e+00
1.246757984161376953e+00
1.259049415588378906e+00
1.359796285629272461e+00
1.254884719848632812e+00
1.261447191238403320e+00
1.267255783081054688e+00
1.249881267547607422e+00
1.248238563537597656e+00
1.272648334503173828e+00
1.254816770553588867e+00
1.251318931579589844e+00
1.272254467010498047e+00
1.390065670013427734e+00
1.271944761276245117e+00
1.271914243698120117e+00
1.271095275878906250e+00
1.252246141433715820e+00
1.346959352493286133e+00
1.265374660491943359e+00
1.255344152450561523e+00
1.270487070083618164e+00
1.263449192047119141e+00
1.359939575195312500e+00
1.287429332733154297e+00
1.329572916030883789e+00
1.330577850341796875e+00
1.332016229629516602e+00
1.507638931274414062e+00
1.341710567474365234e+00
1.348242759704589844e+00
1.381991386413574219e+00
1.332911968231201172e+00
1.301530838012695312e+00
1.321288585662841797e+00
1.295825958251953125e+00
1.252667427062988281e+00
1.279124975204467773e+00
1.254973888397216797e+00
1.266988039016723633e+00
1.265186071395874023e+00
1.258644819259643555e+00
1.257780313491821289e+00
1.355789899826049805e+00
1.259066343307495117e+00
1.260649681091308594e+00
1.268441915512084961e+00
1.258200645446777344e+00
1.251390218734741211e+00
1.274518251419067383e+00
1.261627197265625000e+00
1.264514684677124023e+00
1.263615608215332031e+00
1.277856111526489258e+00
1.353135347366333008e+00
1.248862504959106445e+00
1.263126373291015625e+00
1.259271383285522461e+00
1.269815683364868164e+00
1.378634214401245117e+00
1.276002407073974609e+00
1.287989139556884766e+00
1.268982648849487305e+00
1.279198169708251953e+00
1.435742616653442383e+00
1.330308675765991211e+00
1.361757755279541016e+00
1.379779338836669922e+00
1.333384752273559570e+00
1.391762256622314453e+00
1.263707160949707031e+00
1.288516759872436523e+00
1.257365226745605469e+00
1.263856410980224609e+00
1.285529851913452148e+00
1.258196830749511719e+00
1.260098218917846680e+00
1.273746490478515625e+00
1.257568120956420898e+00
1.272736549377441406e+00
1.256023406982421875e+00
1.256233453750610352e+00
1.277197837829589844e+00
1.272166252136230469e+00
1.264438390731811523e+00
