1.441562414169311523e+00
1.364295959472656250e+00
1.351330041885375977e+00
1.445444583892822266e+00
1.390604257583618164e+00
1.357185125350952148e+00
1.383669376373291016e+00
1.362429380416870117e+00
1.469162940979003906e+00
1.338279247283935547e+00
1.319716215133666992e+00
1.310486316680908203e+00
1.269167900085449219e+00
1.270275831222534180e+00
1.268273591995239258e+00
1.261665105819702148e+00
1.260655879974365234e+00
1.264912605285644531e+00
1.246405601501464844e+00
1.260026454925537109e+00
1.270111560821533203e+00
1.247178077697753906e+00
1.258029460906982422e+00
1.353435277938842773e+00
1.265920877456665039e+00
1.254127264022827148e+00
1.255711555480957031e+00
1.274030208587646484e+00
1.255320787429809570e+00
1.257048130035400391e+00
1.261161327362060547e+00
1.253612041473388672e+00
1.250246286392211914e+00
1.278386592864990234e+00
1.267723560333251953e+00
1.269962787628173828e+00
1.269076347351074219e+00
1.272426366806030273e+00
1.266876935958862305e+00
1.247836589813232422e+00
1.252985477447509766e+00
1.255798578262329102e+00
1.276767730712890625e+00
1.250054121017456055e+00
1.267471551895141602e+00
1.274284601211547852e+00
1.248677015304565430e+00
1.251710414886474609e+00
1.273062229156494141e+00
1.257896423339843750e+00
1.254096508026123047e+00
1.258599281311035156e+00
1.369658708572387695e+00
1.240123033523559570e+00
1.265681266784667969e+00
1.279263973236083984e+00
1.271601915359497070e+00
1.262781143188476562e+00
1.294081211090087891e+00
1.279220342636108398e+00
1.263211488723754883e+00
1.281801223754882812e+00
1.351755380630493164e+00
1.260794878005981445e+00
1.258600473403930664e+00
1.245231151580810547e+00
1.255926609039306641e+00
1.267543554306030273e+00
1.275089025497436523e+00
1.280101537704467773e+00
1.279191732406616211e+00
1.311859846115112305e+00
1.315945625305175781e+00
1.320079565048217773e+00
1.340975284576416016e+00
1.356016874313354492e+00
1.352533102035522461e+00
1.336087942123413086e+00
1.325394153594970703e+00
1.330605983734130859e+00
1.343937158584594727e+00
1.313662767410278320e+00
1.292542934417724609e+00
1.288918018341064453e+00
1.239624023437500000e+00
1.267016887664794922e+00
1.254356622695922852e+00
1.243224382400512695e+00
1.240246295928955078e+00
1.261149883270263672e+00
1.250395059585571289e+00
1.241886377334594727e+00
1.352097988128662109e+00
1.256450891494750977e+00
1.250123023986816406e+00
1.254570245742797852e+00
1.275183916091918945e+00
1.272597551345825195e+00
1.261237144470214844e+00
1.276030778884887695e+00
1.247714519500732422e+00
1.266987085342407227e+00
1.293444395065307617e+00
1.343297243118286133e+00
1.240310668945312500e+00
1.275573253631591797e+00
1.250639677047729492e+00
1.256273031234741211e+00
1.275213479995727539e+00
1.249168872833251953e+00
1.278774738311767578e+00
1.272352695465087891e+00
1.267069101333618164e+00
1.246219396591186523e+00
1.263296842575073242e+00
1.273250341415405273e+00
1.246742248535156250e+00
1.259046792984008789e+00
1.359780550003051758e+00
1.254873037338256836e+00
1.261439323425292969e+00
1.267199039459228516e+00
1.249869585037231445e+00
1.248229503631591797e+00
1.272629022598266602e+00
1.254809856414794922e+00
1.251300334930419922e+00
1.272258996963500977e+00
1.390047788619995117e+00
1.271933078765869141e+00
1.271895647048950195e+00
1.271078109741210938e+00
1.252253532409667969e+00
1.346933364868164062e+00
1.265359640121459961e+00
1.255326986312866211e+00
1.270505666732788086e+00
1.263422966003417969e+00
1.359925508499145508e+00
1.287427902221679688e+00
1.329562187194824219e+00
1.330547094345092773e+00
1.332004547119140625e+00
1.507619142532348633e+00
1.341706037521362305e+00
1.348222732543945312e+00
1.381963491439819336e+00
1.332886695861816406e+00
1.301498889923095703e+00
1.321278333663940430e+00
1.295830249786376953e+00
1.252657651901245117e+00
1.279117822647094727e+00
1.254949331283569336e+00
1.266968488693237305e+00
1.265177011489868164e+00
1.258647203445434570e+00
1.257769346237182617e+00
1.355769395828247070e+00
1.259063005447387695e+00
1.260631561279296875e+00
1.268436193466186523e+00
1.258187294006347656e+00
1.251360177993774414e+00
1.274521589279174805e+00
1.261624336242675781e+00
1.264520168304443359e+00
1.263609886169433594e+00
1.277850389480590820e+00
1.353147745132446289e+00
1.248852491378784180e+00
1.263117074966430664e+00
1.259263515472412109e+00
1.269784450531005859e+00
1.378620624542236328e+00
1.275979280471801758e+00
1.287976026535034180e+00
1.268971920013427734e+00
1.279176235198974609e+00
1.435716629028320312e+00
1.330283403396606445e+00
1.361727237701416016e+00
1.379763364791870117e+00
1.333371162414550781e+00
1.391760349273681641e+00
1.263684749603271484e+00
1.288512706756591797e+00
1.257345914840698242e+00
1.263839960098266602e+00
1.285524606704711914e+00
1.258179903030395508e+00
1.260079860687255859e+00
1.273738145828247070e+00
1.257548332214355469e+00
1.272706508636474609e+00
1.256005287170410156e+00
1.256238937377929688e+00
1.277177333831787109e+00
1.272154092788696289e+00
1.264413833618164062e+00
