1.441560029983520508e+00
1.364308595657348633e+00
1.351352930068969727e+00
1.445442676544189453e+00
1.390642404556274414e+00
1.357191324234008789e+00
1.383700609207153320e+00
1.362456560134887695e+00
1.469165802001953125e+00
1.338285446166992188e+00
1.319737911224365234e+00
1.310511112213134766e+00
1.269198179244995117e+00
1.270281791687011719e+00
1.268284082412719727e+00
1.261674880981445312e+00
1.260659456253051758e+00
1.264937639236450195e+00
1.246429681777954102e+00
1.260054111480712891e+00
1.270120382308959961e+00
1.247169017791748047e+00
1.258027315139770508e+00
1.353461265563964844e+00
1.265924692153930664e+00
1.254122734069824219e+00
1.255728244781494141e+00
1.274019241333007812e+00
1.255326986312866211e+00
1.257070302963256836e+00
1.261148214340209961e+00
1.253621101379394531e+00
1.250241756439208984e+00
1.278392553329467773e+00
1.267746686935424805e+00
1.269971847534179688e+00
1.269050121307373047e+00
1.272432088851928711e+00
1.266885042190551758e+00
1.247867345809936523e+00
1.252990007400512695e+00
1.255805492401123047e+00
1.276734352111816406e+00
1.250054359436035156e+00
1.267483711242675781e+00
1.274272441864013672e+00
1.248688220977783203e+00
1.251719236373901367e+00
1.273046731948852539e+00
1.257916927337646484e+00
1.254101753234863281e+00
1.258617639541625977e+00
1.369662761688232422e+00
1.240130901336669922e+00
1.265698432922363281e+00
1.279282808303833008e+00
1.271626949310302734e+00
1.262785673141479492e+00
1.294090032577514648e+00
1.279250144958496094e+00
1.263229608535766602e+00
1.281821489334106445e+00
1.351762056350708008e+00
1.260821342468261719e+00
1.258610725402832031e+00
1.245225667953491211e+00
1.255936384201049805e+00
1.267574310302734375e+00
1.275123834609985352e+00
1.280120849609375000e+00
1.279204607009887695e+00
1.311869382858276367e+00
1.315964460372924805e+00
1.320086240768432617e+00
1.340985298156738281e+00
1.356046915054321289e+00
1.352530717849731445e+00
1.336104631423950195e+00
1.325410842895507812e+00
1.330607414245605469e+00
1.343954086303710938e+00
1.313684940338134766e+00
1.292546272277832031e+00
1.288952112197875977e+00
1.239643573760986328e+00
1.267024755477905273e+00
1.254371166229248047e+00
1.243226051330566406e+00
1.240252971649169922e+00
1.261171102523803711e+00
1.250377893447875977e+00
1.241902112960815430e+00
1.352123975753784180e+00
1.256480216979980469e+00
1.250143289566040039e+00
1.254580259323120117e+00
1.275211095809936523e+00
1.272618532180786133e+00
1.261244773864746094e+00
1.276027917861938477e+00
1.247733592987060547e+00
1.266995906829833984e+00
1.293468475341796875e+00
1.343315601348876953e+00
1.240332841873168945e+00
1.275600671768188477e+00
1.250658035278320312e+00
1.256270408630371094e+00
1.275238037109375000e+00
1.249195575714111328e+00
1.278795719146728516e+00
1.272387981414794922e+00
1.267065763473510742e+00
1.246213674545288086e+00
1.263309240341186523e+00
1.273259878158569336e+00
1.246757507324218750e+00
1.259051799774169922e+00
1.359795570373535156e+00
1.254883050918579102e+00
1.261448860168457031e+00
1.267254352569580078e+00
1.249884128570556641e+00
1.248239278793334961e+00
1.272650003433227539e+00
1.254820585250854492e+00
1.251321554183959961e+00
1.272253751754760742e+00
1.390063047409057617e+00
1.271941423416137695e+00
1.271915674209594727e+00
1.271093606948852539e+00
1.252245426177978516e+00
1.346959114074707031e+00
1.265372037887573242e+00
1.255342483520507812e+00
1.270487546920776367e+00
1.263444662094116211e+00
1.359937667846679688e+00
1.287431001663208008e+00
1.329569101333618164e+00
1.330576181411743164e+00
1.332012891769409180e+00
1.507635116577148438e+00
1.341709613800048828e+00
1.348241090774536133e+00
1.381989479064941406e+00
1.332911968231201172e+00
1.301525592803955078e+00
1.321289539337158203e+00
1.295825481414794922e+00
1.252664327621459961e+00
1.279126405715942383e+00
1.254978656768798828e+00
1.266986608505249023e+00
1.265186786651611328e+00
1.258645057678222656e+00
1.257777690887451172e+00
1.355785846710205078e+00
1.259065389633178711e+00
1.260649442672729492e+00
1.268444299697875977e+00
1.258202791213989258e+00
1.251386880874633789e+00
1.274518966674804688e+00
1.261627674102783203e+00
1.264516115188598633e+00
1.263620615005493164e+00
1.277858495712280273e+00
1.353136539459228516e+00
1.248864173889160156e+00
1.263127088546752930e+00
1.259273052215576172e+00
1.269811153411865234e+00
1.378638029098510742e+00
1.275999784469604492e+00
1.287984609603881836e+00
1.268984317779541016e+00
1.279197692871093750e+00
1.435739517211914062e+00
1.330309391021728516e+00
1.361755609512329102e+00
1.379778623580932617e+00
1.333388328552246094e+00
1.391763687133789062e+00
1.263706922531127930e+00
1.288518905639648438e+00
1.257368087768554688e+00
1.263854503631591797e+00
1.285531520843505859e+00
1.258198022842407227e+00
1.260098934173583984e+00
1.273747205734252930e+00
1.257568836212158203e+00
1.272735118865966797e+00
1.256026744842529297e+00
1.256234407424926758e+00
1.277189731597900391e+00
1.272161960601806641e+00
1.264439821243286133e+00
