2.017066240310668945e+00
4.298014640808105469e-01
4.322919845581054688e-01
4.324383735656738281e-01
4.344475269317626953e-01
4.332549571990966797e-01
4.367196559906005859e-01
5.271897315979003906e-01
5.314068794250488281e-01
5.348424911499023438e-01
5.337982177734375000e-01
5.375833511352539062e-01
5.367085933685302734e-01
5.399615764617919922e-01
4.445509910583496094e-01
4.427051544189453125e-01
4.447846412658691406e-01
4.440186023712158203e-01
4.434893131256103516e-01
4.447286128997802734e-01
4.423851966857910156e-01
4.459187984466552734e-01
4.440739154815673828e-01
4.449973106384277344e-01
4.457075595855712891e-01
4.445521831512451172e-01
4.422802925109863281e-01
4.447464942932128906e-01
4.426202774047851562e-01
4.435579776763916016e-01
4.463691711425781250e-01
4.430058002471923828e-01
4.430952072143554688e-01
4.409286975860595703e-01
4.894497394561767578e-01
5.352592468261718750e-01
5.324804782867431641e-01
5.320358276367187500e-01
4.853551387786865234e-01
4.373698234558105469e-01
4.380505084991455078e-01
4.337987899780273438e-01
4.355762004852294922e-01
4.345135688781738281e-01
4.355437755584716797e-01
4.343650341033935547e-01
4.333310127258300781e-01
4.323575496673583984e-01
4.348061084747314453e-01
4.341773986816406250e-01
4.351224899291992188e-01
4.335415363311767578e-01
4.382803440093994141e-01
4.379439353942871094e-01
4.383866786956787109e-01
4.406306743621826172e-01
5.293655395507812500e-01
5.281090736389160156e-01
5.276536941528320312e-01
5.291254520416259766e-01
5.280354022979736328e-01
5.275340080261230469e-01
5.292086601257324219e-01
5.271673202514648438e-01
5.268864631652832031e-01
4.427115917205810547e-01
4.409382343292236328e-01
5.287625789642333984e-01
5.275399684906005859e-01
5.282447338104248047e-01
5.280740261077880859e-01
5.294649600982666016e-01
5.313041210174560547e-01
5.327215194702148438e-01
5.313804149627685547e-01
5.295138359069824219e-01
5.348675251007080078e-01
4.447793960571289062e-01
4.423477649688720703e-01
4.465293884277343750e-01
4.486742019653320312e-01
4.940707683563232422e-01
5.420815944671630859e-01
5.420420169830322266e-01
5.467457771301269531e-01
4.511475563049316406e-01
4.511673450469970703e-01
4.509484767913818359e-01
4.516665935516357422e-01
4.508039951324462891e-01
4.523892402648925781e-01
4.481251239776611328e-01
4.507234096527099609e-01
4.501953125000000000e-01
4.524230957031250000e-01
4.506909847259521484e-01
4.528431892395019531e-01
4.951479434967041016e-01
5.453298091888427734e-01
4.496684074401855469e-01
4.513194561004638672e-01
4.940767288208007812e-01
5.456933975219726562e-01
5.467042922973632812e-01
4.500694274902343750e-01
4.491260051727294922e-01
4.476966857910156250e-01
4.476566314697265625e-01
4.455783367156982422e-01
4.447190761566162109e-01
4.864184856414794922e-01
5.323045253753662109e-01
5.317220687866210938e-01
4.396579265594482422e-01
4.389283657073974609e-01
4.400491714477539062e-01
4.396984577178955078e-01
4.429647922515869141e-01
4.419927597045898438e-01
4.424633979797363281e-01
4.410901069641113281e-01
4.404799938201904297e-01
4.427886009216308594e-01
4.394702911376953125e-01
4.424104690551757812e-01
4.406621456146240234e-01
4.390079975128173828e-01
4.416203498840332031e-01
4.885680675506591797e-01
5.328047275543212891e-01
5.317418575286865234e-01
4.424829483032226562e-01
4.419779777526855469e-01
4.417057037353515625e-01
4.440922737121582031e-01
4.429988861083984375e-01
4.442396163940429688e-01
4.437861442565917969e-01
4.468178749084472656e-01
4.436213970184326172e-01
4.469463825225830078e-01
5.366063117980957031e-01
5.344600677490234375e-01
5.352039337158203125e-01
4.892919063568115234e-01
4.451398849487304688e-01
4.494066238403320312e-01
5.453121662139892578e-01
4.530975818634033203e-01
4.516015052795410156e-01
4.516055583953857422e-01
4.543101787567138672e-01
4.560558795928955078e-01
4.528017044067382812e-01
4.531993865966796875e-01
4.607858657836914062e-01
4.546487331390380859e-01
4.528274536132812500e-01
4.551961421966552734e-01
4.546782970428466797e-01
4.528343677520751953e-01
4.567396640777587891e-01
4.521946907043457031e-01
4.541134834289550781e-01
4.543435573577880859e-01
4.508442878723144531e-01
4.522697925567626953e-01
4.539496898651123047e-01
4.570035934448242188e-01
4.571759700775146484e-01
4.544646739959716797e-01
4.526035785675048828e-01
4.552400112152099609e-01
4.530122280120849609e-01
4.502916336059570312e-01
4.617781639099121094e-01
5.542821884155273438e-01
5.343461036682128906e-01
4.903199672698974609e-01
5.361032485961914062e-01
5.399398803710937500e-01
5.350010395050048828e-01
5.413823127746582031e-01
5.452024936676025391e-01
4.524235725402832031e-01
4.560434818267822266e-01
4.535293579101562500e-01
4.571907520294189453e-01
4.561817646026611328e-01
4.569590091705322266e-01
4.543948173522949219e-01
4.522249698638916016e-01
4.992523193359375000e-01
4.512665271759033203e-01
4.538631439208984375e-01
4.503872394561767578e-01
4.517776966094970703e-01
4.519793987274169922e-01
4.508249759674072266e-01
4.498424530029296875e-01
