1.441559314727783203e+00
1.364290237426757812e+00
1.351340770721435547e+00
1.445444822311401367e+00
1.390605926513671875e+00
1.357185840606689453e+00
1.383667945861816406e+00
1.362433671951293945e+00
1.469163179397583008e+00
1.338284254074096680e+00
1.319719076156616211e+00
1.310479164123535156e+00
1.269168138504028320e+00
1.270279884338378906e+00
1.268265008926391602e+00
1.261663436889648438e+00
1.260659694671630859e+00
1.264899015426635742e+00
1.246405601501464844e+00
1.260024309158325195e+00
1.270113945007324219e+00
1.247177600860595703e+00
1.258028984069824219e+00
1.353433609008789062e+00
1.265921115875244141e+00
1.254128456115722656e+00
1.255712747573852539e+00
1.274027347564697266e+00
1.255319833755493164e+00
1.257045507431030273e+00
1.261158466339111328e+00
1.253607034683227539e+00
1.250243425369262695e+00
1.278385400772094727e+00
1.267724275588989258e+00
1.269965410232543945e+00
1.269071102142333984e+00
1.272418737411499023e+00
1.266870498657226562e+00
1.247843027114868164e+00
1.252987146377563477e+00
1.255793333053588867e+00
1.276763439178466797e+00
1.250056743621826172e+00
1.267467975616455078e+00
1.274278879165649414e+00
1.248676538467407227e+00
1.251710176467895508e+00
1.273062229156494141e+00
1.257898569107055664e+00
1.254097938537597656e+00
1.258594751358032227e+00
1.369650602340698242e+00
1.240127801895141602e+00
1.265677690505981445e+00
1.279259920120239258e+00
1.271606922149658203e+00
1.262780427932739258e+00
1.294085502624511719e+00
1.279223680496215820e+00
1.263214111328125000e+00
1.281797885894775391e+00
1.351742029190063477e+00
1.260798931121826172e+00
1.258604764938354492e+00
1.245243310928344727e+00
1.255926847457885742e+00
1.267543554306030273e+00
1.275092840194702148e+00
1.280102729797363281e+00
1.279197216033935547e+00
1.311865091323852539e+00
1.315945863723754883e+00
1.320083141326904297e+00
1.340975284576416016e+00
1.356015443801879883e+00
1.352533817291259766e+00
1.336083889007568359e+00
1.325397729873657227e+00
1.330606460571289062e+00
1.343927383422851562e+00
1.313661575317382812e+00
1.292547225952148438e+00
1.288917541503906250e+00
1.239623308181762695e+00
1.267014503479003906e+00
1.254355192184448242e+00
1.243237257003784180e+00
1.240246534347534180e+00
1.261150121688842773e+00
1.250387907028198242e+00
1.241867065429687500e+00
1.352098941802978516e+00
1.256443023681640625e+00
1.250119686126708984e+00
1.254571437835693359e+00
1.275182247161865234e+00
1.272598981857299805e+00
1.261232137680053711e+00
1.276029825210571289e+00
1.247717618942260742e+00
1.266981601715087891e+00
1.293446779251098633e+00
1.343295335769653320e+00
1.240307569503784180e+00
1.275570154190063477e+00
1.250633478164672852e+00
1.256270647048950195e+00
1.275210618972778320e+00
1.249166250228881836e+00
1.278776168823242188e+00
1.272354364395141602e+00
1.267068386077880859e+00
1.246219396591186523e+00
1.263293743133544922e+00
1.273247241973876953e+00
1.246737957000732422e+00
1.259043931961059570e+00
1.359776258468627930e+00
1.254871845245361328e+00
1.261442661285400391e+00
1.267204761505126953e+00
1.249864101409912109e+00
1.248232126235961914e+00
1.272619247436523438e+00
1.254798889160156250e+00
1.251301288604736328e+00
1.272253274917602539e+00
1.390048265457153320e+00
1.271937608718872070e+00
1.271896123886108398e+00
1.271083354949951172e+00
1.252244949340820312e+00
1.346932411193847656e+00
1.265363693237304688e+00
1.255325794219970703e+00
1.270489454269409180e+00
1.263427019119262695e+00
1.359927415847778320e+00
1.287425756454467773e+00
1.329555988311767578e+00
1.330549716949462891e+00
1.332006931304931641e+00
1.507620096206665039e+00
1.341708660125732422e+00
1.348216533660888672e+00
1.381966829299926758e+00
1.332883834838867188e+00
1.301500558853149414e+00
1.321280002593994141e+00
1.295828819274902344e+00
1.252656459808349609e+00
1.279116868972778320e+00
1.254948854446411133e+00
1.266970396041870117e+00
1.265171051025390625e+00
1.258649110794067383e+00
1.257765531539916992e+00
1.355770826339721680e+00
1.259058475494384766e+00
1.260639429092407227e+00
1.268434286117553711e+00
1.258183956146240234e+00
1.251360654830932617e+00
1.274519205093383789e+00
1.261618137359619141e+00
1.264520645141601562e+00
1.263603448867797852e+00
1.277851819992065430e+00
1.353147983551025391e+00
1.248847484588623047e+00
1.263117551803588867e+00
1.259263992309570312e+00
1.269778251647949219e+00
1.378615856170654297e+00
1.275976181030273438e+00
1.287978887557983398e+00
1.268965721130371094e+00
1.279176950454711914e+00
1.435720920562744141e+00
1.330284357070922852e+00
1.361729145050048828e+00
1.379762649536132812e+00
1.333361148834228516e+00
1.391759634017944336e+00
1.263685464859008789e+00
1.288507699966430664e+00
1.257340908050537109e+00
1.263840198516845703e+00
1.285522222518920898e+00
1.258182287216186523e+00
1.260078191757202148e+00
1.273733615875244141e+00
1.257544517517089844e+00
1.272706985473632812e+00
1.256003618240356445e+00
1.256236553192138672e+00
1.277179241180419922e+00
1.272152900695800781e+00
1.264415264129638672e+00
