1.956121683120727539e+00
4.287650585174560547e-01
4.296717643737792969e-01
4.299275875091552734e-01
4.324233531951904297e-01
4.329514503479003906e-01
4.381673336029052734e-01
4.382939338684082031e-01
4.356188774108886719e-01
4.352760314941406250e-01
4.371001720428466797e-01
4.394481182098388672e-01
4.406399726867675781e-01
4.385676383972167969e-01
4.595310688018798828e-01
4.421632289886474609e-01
4.410588741302490234e-01
4.425599575042724609e-01
4.403054714202880859e-01
4.464237689971923828e-01
4.461538791656494141e-01
4.434809684753417969e-01
4.419224262237548828e-01
4.440963268280029297e-01
4.423060417175292969e-01
4.438142776489257812e-01
4.432194232940673828e-01
4.433510303497314453e-01
4.419112205505371094e-01
4.429047107696533203e-01
4.433646202087402344e-01
4.430565834045410156e-01
4.411816596984863281e-01
4.425156116485595703e-01
4.435706138610839844e-01
4.419233798980712891e-01
4.407539367675781250e-01
4.426648616790771484e-01
4.369068145751953125e-01
4.361279010772705078e-01
4.383556842803955078e-01
4.372959136962890625e-01
4.351930618286132812e-01
4.348504543304443359e-01
4.356541633605957031e-01
4.388003349304199219e-01
4.371387958526611328e-01
4.350132942199707031e-01
4.340670108795166016e-01
4.387705326080322266e-01
4.353384971618652344e-01
4.356114864349365234e-01
4.365270137786865234e-01
4.370374679565429688e-01
4.420926570892333984e-01
4.501836299896240234e-01
4.421098232269287109e-01
4.351968765258789062e-01
4.368863105773925781e-01
4.369561672210693359e-01
4.379158020019531250e-01
4.366242885589599609e-01
4.387164115905761719e-01
4.359917640686035156e-01
4.346485137939453125e-01
4.367744922637939453e-01
4.368782043457031250e-01
4.362785816192626953e-01
4.364049434661865234e-01
4.377846717834472656e-01
4.372594356536865234e-01
4.380483627319335938e-01
4.389803409576416016e-01
4.387488365173339844e-01
4.396128654479980469e-01
4.427492618560791016e-01
4.393990039825439453e-01
4.426987171173095703e-01
4.450683593750000000e-01
4.447326660156250000e-01
4.458706378936767578e-01
4.494614601135253906e-01
4.442093372344970703e-01
4.443018436431884766e-01
4.475667476654052734e-01
4.456496238708496094e-01
4.491388797760009766e-01
4.553687572479248047e-01
4.470705986022949219e-01
4.471836090087890625e-01
4.468450546264648438e-01
4.500069618225097656e-01
4.479119777679443359e-01
4.473702907562255859e-01
4.456503391265869141e-01
4.461977481842041016e-01
4.457917213439941406e-01
4.442226886749267578e-01
4.468171596527099609e-01
4.473102092742919922e-01
4.503815174102783203e-01
4.502229690551757812e-01
4.457945823669433594e-01
4.453122615814208984e-01
4.428412914276123047e-01
4.454488754272460938e-01
4.441823959350585938e-01
4.415016174316406250e-01
4.407134056091308594e-01
4.399824142456054688e-01
4.377381801605224609e-01
4.373335838317871094e-01
4.373164176940917969e-01
4.390857219696044922e-01
4.384374618530273438e-01
4.401292800903320312e-01
4.373521804809570312e-01
4.404101371765136719e-01
4.398739337921142578e-01
4.398653507232666016e-01
4.406378269195556641e-01
4.422569274902343750e-01
4.421842098236083984e-01
4.408631324768066406e-01
4.427387714385986328e-01
4.417510032653808594e-01
4.393880367279052734e-01
4.433465003967285156e-01
4.411280155181884766e-01
4.412777423858642578e-01
4.401416778564453125e-01
4.426960945129394531e-01
4.406177997589111328e-01
4.409306049346923828e-01
4.411323070526123047e-01
4.400486946105957031e-01
4.430162906646728516e-01
4.419031143188476562e-01
4.413969516754150391e-01
4.418499469757080078e-01
4.454588890075683594e-01
4.413778781890869141e-01
4.425530433654785156e-01
4.439561367034912109e-01
4.461798667907714844e-01
4.450109004974365234e-01
4.522233009338378906e-01
4.481363296508789062e-01
4.487562179565429688e-01
4.519448280334472656e-01
4.494671821594238281e-01
4.500665664672851562e-01
4.473929405212402344e-01
4.512627124786376953e-01
4.518597126007080078e-01
4.517261981964111328e-01
4.474160671234130859e-01
4.518868923187255859e-01
4.493463039398193359e-01
4.506423473358154297e-01
4.485654830932617188e-01
4.483351707458496094e-01
4.486231803894042969e-01
4.512104988098144531e-01
4.467401504516601562e-01
4.495172500610351562e-01
4.489977359771728516e-01
4.481110572814941406e-01
4.501042366027832031e-01
4.489359855651855469e-01
4.512495994567871094e-01
4.490561485290527344e-01
4.507677555084228516e-01
4.498791694641113281e-01
4.478700160980224609e-01
4.554283618927001953e-01
4.517297744750976562e-01
4.465959072113037109e-01
4.444928169250488281e-01
4.452166557312011719e-01
4.447317123413085938e-01
4.438302516937255859e-01
4.465208053588867188e-01
4.527866840362548828e-01
4.526453018188476562e-01
4.532544612884521484e-01
4.534533023834228516e-01
4.547574520111083984e-01
4.523799419403076172e-01
4.487962722778320312e-01
4.530441761016845703e-01
4.466283321380615234e-01
4.479467868804931641e-01
4.473483562469482422e-01
4.530630111694335938e-01
4.494988918304443359e-01
4.521472454071044922e-01
4.478950500488281250e-01
4.478142261505126953e-01
4.459831714630126953e-01
