1.441556692123413086e+00
1.364298582077026367e+00
1.351340055465698242e+00
1.445435285568237305e+00
1.390641689300537109e+00
1.357201814651489258e+00
1.383704423904418945e+00
1.362454652786254883e+00
1.469183206558227539e+00
1.338289499282836914e+00
1.319742441177368164e+00
1.310504674911499023e+00
1.269198894500732422e+00
1.270287036895751953e+00
1.268281698226928711e+00
1.261671543121337891e+00
1.260661840438842773e+00
1.264938354492187500e+00
1.246429920196533203e+00
1.260052204132080078e+00
1.270126104354858398e+00
1.247166633605957031e+00
1.258027791976928711e+00
1.353461265563964844e+00
1.265925168991088867e+00
1.254123449325561523e+00
1.255728244781494141e+00
1.274021387100219727e+00
1.255321741104125977e+00
1.257063150405883789e+00
1.261156082153320312e+00
1.253616571426391602e+00
1.250243425369262695e+00
1.278397560119628906e+00
1.267749309539794922e+00
1.269974946975708008e+00
1.269053220748901367e+00
1.272438764572143555e+00
1.266877889633178711e+00
1.247870683670043945e+00
1.252993345260620117e+00
1.255801200866699219e+00
1.276736974716186523e+00
1.250057220458984375e+00
1.267479896545410156e+00
1.274266481399536133e+00
1.248686790466308594e+00
1.251717567443847656e+00
1.273044109344482422e+00
1.257916450500488281e+00
1.254101276397705078e+00
1.258611679077148438e+00
1.369660615921020508e+00
1.240134954452514648e+00
1.265697956085205078e+00
1.279277324676513672e+00
1.271632432937622070e+00
1.262789726257324219e+00
1.294097661972045898e+00
1.279251575469970703e+00
1.263234138488769531e+00
1.281821966171264648e+00
1.351769447326660156e+00
1.260820627212524414e+00
1.258608102798461914e+00
1.245222806930541992e+00
1.255939960479736328e+00
1.267575502395629883e+00
1.275123596191406250e+00
1.280121564865112305e+00
1.279209613800048828e+00
1.311882495880126953e+00
1.315964460372924805e+00
1.320095062255859375e+00
1.340982198715209961e+00
1.356050491333007812e+00
1.352531671524047852e+00
1.336104631423950195e+00
1.325411796569824219e+00
1.330608367919921875e+00
1.343955993652343750e+00
1.313686370849609375e+00
1.292553186416625977e+00
1.288949966430664062e+00
1.239645242691040039e+00
1.267028331756591797e+00
1.254372596740722656e+00
1.243226766586303711e+00
1.240255355834960938e+00
1.261170864105224609e+00
1.250375986099243164e+00
1.241901636123657227e+00
1.352123498916625977e+00
1.256475448608398438e+00
1.250142812728881836e+00
1.254583597183227539e+00
1.275209665298461914e+00
1.272620439529418945e+00
1.261254549026489258e+00
1.276032686233520508e+00
1.247735261917114258e+00
1.267000913619995117e+00
1.293471813201904297e+00
1.343313694000244141e+00
1.240327596664428711e+00
1.275601387023925781e+00
1.250656843185424805e+00
1.256266832351684570e+00
1.275232076644897461e+00
1.249190330505371094e+00
1.278800010681152344e+00
1.272392988204956055e+00
1.267058372497558594e+00
1.246213197708129883e+00
1.263307809829711914e+00
1.273253202438354492e+00
1.246759891510009766e+00
1.259047031402587891e+00
1.359792947769165039e+00
1.254885673522949219e+00
1.261450052261352539e+00
1.267253398895263672e+00
1.249881267547607422e+00
1.248237609863281250e+00
1.272652149200439453e+00
1.254818677902221680e+00
1.251318693161010742e+00
1.272250890731811523e+00
1.390067815780639648e+00
1.271946430206298828e+00
1.271911144256591797e+00
1.271098613739013672e+00
1.252245187759399414e+00
1.346958875656127930e+00
1.265375137329101562e+00
1.255343437194824219e+00
1.270487070083618164e+00
1.263445615768432617e+00
1.359937191009521484e+00
1.287428140640258789e+00
1.329569339752197266e+00
1.330579042434692383e+00
1.332018136978149414e+00
1.507642984390258789e+00
1.341710567474365234e+00
1.348243713378906250e+00
1.381995439529418945e+00
1.332906007766723633e+00
1.301513910293579102e+00
1.321289062500000000e+00
1.295824050903320312e+00
1.252667427062988281e+00
1.279129743576049805e+00
1.254996299743652344e+00
1.266989707946777344e+00
1.265186071395874023e+00
1.258643388748168945e+00
1.257781982421875000e+00
1.355792045593261719e+00
1.259073734283447266e+00
1.260650634765625000e+00
1.268444061279296875e+00
1.258194684982299805e+00
1.251389265060424805e+00
1.274519443511962891e+00
1.261643171310424805e+00
1.264513492584228516e+00
1.263613462448120117e+00
1.277854919433593750e+00
1.353138685226440430e+00
1.248866081237792969e+00
1.263134479522705078e+00
1.259274244308471680e+00
1.269812583923339844e+00
1.378633499145507812e+00
1.276009559631347656e+00
1.287991762161254883e+00
1.268995046615600586e+00
1.279201269149780273e+00
1.435745716094970703e+00
1.330304861068725586e+00
1.361757993698120117e+00
1.379782438278198242e+00
1.333382606506347656e+00
1.391764879226684570e+00
1.263705730438232422e+00
1.288510560989379883e+00
1.257362842559814453e+00
1.263856410980224609e+00
1.285529851913452148e+00
1.258202314376831055e+00
1.260100126266479492e+00
1.273743867874145508e+00
1.257565975189208984e+00
1.272739410400390625e+00
1.256023168563842773e+00
1.256231546401977539e+00
1.277192831039428711e+00
1.272168874740600586e+00
1.264415979385375977e+00
