3.439562320709228516e+00
1.846646070480346680e+00
1.851758718490600586e+00
1.854748249053955078e+00
1.854207992553710938e+00
1.849780321121215820e+00
1.850175619125366211e+00
1.859256029129028320e+00
1.856543302536010742e+00
1.851832389831542969e+00
1.856143236160278320e+00
1.864839553833007812e+00
1.880650043487548828e+00
1.886777639389038086e+00
1.879393577575683594e+00
1.888000965118408203e+00
1.888834238052368164e+00
1.889396905899047852e+00
1.907661676406860352e+00
1.900294303894042969e+00
1.877937793731689453e+00
1.877555608749389648e+00
1.893456459045410156e+00
1.894966602325439453e+00
1.899874210357666016e+00
1.901860475540161133e+00
1.903924703598022461e+00
1.898053884506225586e+00
1.885611772537231445e+00
1.902638673782348633e+00
1.905813932418823242e+00
1.910366773605346680e+00
1.908177852630615234e+00
1.882548093795776367e+00
1.880985021591186523e+00
1.884797096252441406e+00
1.887036561965942383e+00
1.885679960250854492e+00
1.886049270629882812e+00
1.887406587600708008e+00
1.887518882751464844e+00
1.889666318893432617e+00
1.890517950057983398e+00
1.915761470794677734e+00
1.912333488464355469e+00
1.893878698348999023e+00
1.913000106811523438e+00
1.901263713836669922e+00
1.897403240203857422e+00
1.915390014648437500e+00
1.903583765029907227e+00
1.899644613265991211e+00
1.897341251373291016e+00
1.898053169250488281e+00
1.923821687698364258e+00
1.914454698562622070e+00
1.899730443954467773e+00
1.901275157928466797e+00
1.897365093231201172e+00
1.901199817657470703e+00
1.901666402816772461e+00
1.898646354675292969e+00
1.904498100280761719e+00
1.900754451751708984e+00
1.903868198394775391e+00
1.910019159317016602e+00
1.926026105880737305e+00
1.925861835479736328e+00
1.927171468734741211e+00
1.927066087722778320e+00
1.915853738784790039e+00
1.903126716613769531e+00
1.905386209487915039e+00
1.901668071746826172e+00
1.907975912094116211e+00
1.903198003768920898e+00
1.905940294265747070e+00
1.925933837890625000e+00
1.910290241241455078e+00
1.906716823577880859e+00
1.902042865753173828e+00
1.910590887069702148e+00
1.904870033264160156e+00
1.905287027359008789e+00
1.909620761871337891e+00
1.906657457351684570e+00
1.908173561096191406e+00
1.906656265258789062e+00
1.904968976974487305e+00
1.903519392013549805e+00
1.907837629318237305e+00
1.914614915847778320e+00
1.905255794525146484e+00
1.921415328979492188e+00
1.923285007476806641e+00
1.906488418579101562e+00
1.910352945327758789e+00
1.922058820724487305e+00
1.906347751617431641e+00
1.917570829391479492e+00
1.909105539321899414e+00
1.918857812881469727e+00
1.912645101547241211e+00
1.916020154953002930e+00
1.915000915527343750e+00
1.914849281311035156e+00
1.904822111129760742e+00
1.904557466506958008e+00
1.906908750534057617e+00
1.906680583953857422e+00
1.903310298919677734e+00
1.911610364913940430e+00
1.904650211334228516e+00
1.907306671142578125e+00
1.908386707305908203e+00
1.903388500213623047e+00
1.908773422241210938e+00
1.909422874450683594e+00
1.913528680801391602e+00
1.910542249679565430e+00
1.934317111968994141e+00
1.937280654907226562e+00
1.915303468704223633e+00
1.914276361465454102e+00
1.911452770233154297e+00
1.909106492996215820e+00
1.915609836578369141e+00
1.943390130996704102e+00
1.935465335845947266e+00
1.919254302978515625e+00
1.915995121002197266e+00
1.921090602874755859e+00
1.919185400009155273e+00
1.917215108871459961e+00
1.933660268783569336e+00
1.944516420364379883e+00
1.918967723846435547e+00
1.920081853866577148e+00
1.922790527343750000e+00
1.941492557525634766e+00
1.919298648834228516e+00
1.916147470474243164e+00
1.912724733352661133e+00
1.915159463882446289e+00
1.926106691360473633e+00
1.935918092727661133e+00
1.934838056564331055e+00
1.941826343536376953e+00
1.948155641555786133e+00
1.918888807296752930e+00
1.911596298217773438e+00
1.910937309265136719e+00
1.914941549301147461e+00
1.914824008941650391e+00
1.911664962768554688e+00
1.919359207153320312e+00
1.913601398468017578e+00
1.915451049804687500e+00
1.914412975311279297e+00
1.943552255630493164e+00
1.913017272949218750e+00
1.919477939605712891e+00
1.917657852172851562e+00
1.918643712997436523e+00
1.934673786163330078e+00
1.935178518295288086e+00
1.934953212738037109e+00
1.936601877212524414e+00
1.936196327209472656e+00
1.924675941467285156e+00
1.928437232971191406e+00
1.925922870635986328e+00
1.917688131332397461e+00
1.931918859481811523e+00
1.925521373748779297e+00
1.925083637237548828e+00
1.930902004241943359e+00
1.921097755432128906e+00
1.947844028472900391e+00
1.946625947952270508e+00
1.944156169891357422e+00
1.942169666290283203e+00
1.945079803466796875e+00
1.954385042190551758e+00
1.934562444686889648e+00
1.938981056213378906e+00
1.920941829681396484e+00
1.929966211318969727e+00
1.927074432373046875e+00
1.914571523666381836e+00
1.921418905258178711e+00
1.919849395751953125e+00
1.921026468276977539e+00
1.919064998626708984e+00
1.922185659408569336e+00
1.919080495834350586e+00
1.923085451126098633e+00
1.919196128845214844e+00
1.918321132659912109e+00
1.924761295318603516e+00
