3.358131170272827148e+00
1.828305244445800781e+00
1.825123786926269531e+00
1.828503131866455078e+00
1.829511165618896484e+00
1.832948207855224609e+00
1.834472894668579102e+00
1.827426910400390625e+00
1.835655450820922852e+00
1.836539983749389648e+00
1.836578369140625000e+00
1.840298652648925781e+00
1.835119724273681641e+00
1.840256452560424805e+00
1.846059560775756836e+00
1.843750238418579102e+00
1.843875169754028320e+00
1.844029903411865234e+00
1.842778444290161133e+00
1.846805572509765625e+00
1.856893539428710938e+00
1.856818199157714844e+00
1.855557441711425781e+00
1.853210687637329102e+00
1.854505062103271484e+00
1.865192174911499023e+00
1.857313632965087891e+00
1.857505798339843750e+00
1.882598400115966797e+00
1.872090578079223633e+00
1.868712425231933594e+00
1.857605695724487305e+00
1.858218669891357422e+00
1.856798648834228516e+00
1.856598854064941406e+00
1.862697124481201172e+00
1.859787464141845703e+00
1.854962348937988281e+00
1.858442544937133789e+00
1.857404232025146484e+00
1.859433889389038086e+00
1.863729953765869141e+00
1.862811088562011719e+00
1.859203815460205078e+00
1.862053632736206055e+00
1.862292051315307617e+00
1.864257812500000000e+00
1.863220214843750000e+00
1.861414194107055664e+00
1.861668109893798828e+00
1.863550424575805664e+00
1.864093303680419922e+00
1.868097782135009766e+00
1.871234893798828125e+00
1.882512092590332031e+00
1.880650281906127930e+00
1.876019716262817383e+00
1.878729343414306641e+00
1.899897336959838867e+00
1.876920700073242188e+00
1.872768878936767578e+00
1.876423358917236328e+00
1.876765251159667969e+00
1.880348920822143555e+00
1.882620811462402344e+00
1.888304948806762695e+00
1.886242389678955078e+00
1.874933242797851562e+00
1.872320175170898438e+00
1.875461816787719727e+00
1.875150918960571289e+00
1.873206138610839844e+00
1.875512123107910156e+00
1.885977029800415039e+00
1.882841348648071289e+00
1.880507707595825195e+00
1.882119417190551758e+00
1.884519100189208984e+00
1.888314247131347656e+00
1.886920690536499023e+00
1.897071599960327148e+00
1.889448404312133789e+00
1.897083520889282227e+00
1.879662513732910156e+00
1.879866361618041992e+00
1.883070945739746094e+00
1.880884647369384766e+00
1.878593444824218750e+00
1.883228063583374023e+00
1.884474992752075195e+00
1.879374742507934570e+00
1.879543066024780273e+00
1.878724098205566406e+00
1.880906343460083008e+00
1.880123376846313477e+00
1.891690969467163086e+00
1.896222114562988281e+00
1.897660017013549805e+00
1.897696018218994141e+00
1.893000841140747070e+00
1.892354965209960938e+00
1.888426542282104492e+00
1.894954919815063477e+00
1.897865533828735352e+00
1.884192943572998047e+00
1.893665790557861328e+00
1.894970655441284180e+00
1.890126943588256836e+00
1.905910968780517578e+00
1.886244535446166992e+00
1.886412382125854492e+00
1.889906883239746094e+00
1.887215614318847656e+00
1.890400409698486328e+00
1.891187429428100586e+00
1.885841131210327148e+00
1.887132406234741211e+00
1.890205621719360352e+00
1.888124704360961914e+00
1.887620449066162109e+00
1.890503883361816406e+00
1.888611316680908203e+00
1.893677234649658203e+00
1.936772346496582031e+00
1.887240171432495117e+00
1.886912584304809570e+00
1.890997886657714844e+00
1.888117790222167969e+00
1.889116287231445312e+00
1.888193368911743164e+00
1.889155626296997070e+00
1.900515794754028320e+00
1.885326147079467773e+00
1.887859106063842773e+00
1.888109922409057617e+00
1.886093378067016602e+00
1.884231328964233398e+00
1.888201236724853516e+00
1.892763376235961914e+00
1.895687103271484375e+00
1.893651723861694336e+00
1.894668340682983398e+00
1.894286155700683594e+00
1.894541025161743164e+00
1.893270492553710938e+00
1.885955333709716797e+00
1.889233589172363281e+00
1.899776935577392578e+00
1.889172077178955078e+00
1.890925884246826172e+00
1.885314226150512695e+00
1.887071847915649414e+00
1.889490842819213867e+00
1.886946439743041992e+00
1.890662670135498047e+00
1.891185045242309570e+00
1.888658046722412109e+00
1.899847984313964844e+00
1.899821281433105469e+00
1.904165983200073242e+00
1.887442350387573242e+00
1.891345977783203125e+00
1.892382621765136719e+00
1.892396926879882812e+00
1.900287151336669922e+00
1.895237207412719727e+00
1.901731252670288086e+00
1.898692846298217773e+00
1.892574071884155273e+00
1.893506765365600586e+00
1.913177728652954102e+00
1.945410251617431641e+00
1.895663976669311523e+00
1.915580272674560547e+00
1.892213344573974609e+00
1.891612052917480469e+00
1.894876718521118164e+00
1.888834953308105469e+00
1.897309780120849609e+00
1.895979404449462891e+00
1.892678260803222656e+00
1.893987655639648438e+00
1.892018795013427734e+00
1.888363122940063477e+00
1.890561342239379883e+00
1.889117002487182617e+00
1.887418985366821289e+00
1.887810945510864258e+00
1.886869907379150391e+00
1.895777702331542969e+00
1.916446208953857422e+00
1.888354063034057617e+00
1.887952804565429688e+00
1.886703729629516602e+00
1.887341976165771484e+00
1.888972043991088867e+00
1.921117305755615234e+00
1.888742923736572266e+00
1.886767387390136719e+00
1.889965534210205078e+00
