3.624150514602661133e+00
9.058499336242675781e-01
9.026672840118408203e-01
9.217295646667480469e-01
9.201223850250244141e-01
9.136278629302978516e-01
9.116432666778564453e-01
9.094302654266357422e-01
9.123804569244384766e-01
9.242074489593505859e-01
9.196004867553710938e-01
9.180195331573486328e-01
9.173753261566162109e-01
9.320394992828369141e-01
9.312841892242431641e-01
9.295465946197509766e-01
9.381289482116699219e-01
9.223775863647460938e-01
9.354178905487060547e-01
9.335780143737792969e-01
9.450871944427490234e-01
9.405474662780761719e-01
9.317712783813476562e-01
9.412217140197753906e-01
9.219732284545898438e-01
9.443240165710449219e-01
9.233865737915039062e-01
9.293348789215087891e-01
9.469988346099853516e-01
9.391498565673828125e-01
9.457426071166992188e-01
9.384021759033203125e-01
9.482526779174804688e-01
9.449408054351806641e-01
9.404299259185791016e-01
9.320666790008544922e-01
9.475426673889160156e-01
9.446916580200195312e-01
9.410884380340576172e-01
9.312632083892822266e-01
9.413962364196777344e-01
9.498682022094726562e-01
9.465949535369873047e-01
9.436740875244140625e-01
9.464628696441650391e-01
9.483947753906250000e-01
9.480161666870117188e-01
9.544453620910644531e-01
9.540829658508300781e-01
9.562289714813232422e-01
9.590835571289062500e-01
9.566082954406738281e-01
9.433984756469726562e-01
9.457921981811523438e-01
9.447181224822998047e-01
9.441239833831787109e-01
9.444131851196289062e-01
9.461922645568847656e-01
9.501414299011230469e-01
9.468550682067871094e-01
9.503080844879150391e-01
9.425277709960937500e-01
9.405179023742675781e-01
9.487524032592773438e-01
9.484367370605468750e-01
9.503138065338134766e-01
9.463424682617187500e-01
9.453852176666259766e-01
9.540476799011230469e-01
9.422049522399902344e-01
9.434332847595214844e-01
9.471077919006347656e-01
9.498441219329833984e-01
9.440171718597412109e-01
9.428443908691406250e-01
9.537918567657470703e-01
9.500732421875000000e-01
9.580349922180175781e-01
9.447474479675292969e-01
9.426281452178955078e-01
9.609463214874267578e-01
9.539797306060791016e-01
9.452629089355468750e-01
9.511327743530273438e-01
9.511528015136718750e-01
9.463152885437011719e-01
9.442410469055175781e-01
9.454269409179687500e-01
9.530866146087646484e-01
9.433035850524902344e-01
9.481682777404785156e-01
9.497945308685302734e-01
9.424955844879150391e-01
9.563770294189453125e-01
9.452610015869140625e-01
9.380035400390625000e-01
9.454562664031982422e-01
9.434511661529541016e-01
9.445948600769042969e-01
9.592125415802001953e-01
9.425032138824462891e-01
9.427847862243652344e-01
9.441335201263427734e-01
9.429829120635986328e-01
9.422833919525146484e-01
9.436466693878173828e-01
9.450964927673339844e-01
9.421672821044921875e-01
9.431266784667968750e-01
9.466993808746337891e-01
9.611551761627197266e-01
9.477226734161376953e-01
9.566135406494140625e-01
9.459087848663330078e-01
9.425671100616455078e-01
9.594831466674804688e-01
9.527254104614257812e-01
9.518144130706787109e-01
9.561829566955566406e-01
9.457130432128906250e-01
9.487290382385253906e-01
9.585876464843750000e-01
9.470777511596679688e-01
9.442541599273681641e-01
9.608426094055175781e-01
9.465811252593994141e-01
9.578349590301513672e-01
9.595127105712890625e-01
9.522075653076171875e-01
9.561581611633300781e-01
9.488179683685302734e-01
9.619443416595458984e-01
9.572038650512695312e-01
9.498515129089355469e-01
9.555931091308593750e-01
9.436578750610351562e-01
9.555971622467041016e-01
9.562821388244628906e-01
9.529469013214111328e-01
9.541509151458740234e-01
9.590957164764404297e-01
9.479341506958007812e-01
9.592583179473876953e-01
9.499814510345458984e-01
9.560842514038085938e-01
9.569635391235351562e-01
9.631872177124023438e-01
9.619724750518798828e-01
9.498891830444335938e-01
9.583842754364013672e-01
9.630827903747558594e-01
9.594974517822265625e-01
9.352862834930419922e-01
9.533884525299072266e-01
9.599564075469970703e-01
9.525427818298339844e-01
9.636173248291015625e-01
9.566791057586669922e-01
9.501295089721679688e-01
9.616029262542724609e-01
9.468777179718017578e-01
9.579603672027587891e-01
9.589402675628662109e-01
9.593725204467773438e-01
9.552168846130371094e-01
9.445638656616210938e-01
9.601597785949707031e-01
9.538145065307617188e-01
9.594867229461669922e-01
9.514701366424560547e-01
9.619259834289550781e-01
9.359824657440185547e-01
9.524571895599365234e-01
9.392845630645751953e-01
9.643652439117431641e-01
9.387805461883544922e-01
9.676520824432373047e-01
9.618024826049804688e-01
9.552547931671142578e-01
9.637322425842285156e-01
9.565877914428710938e-01
9.636645317077636719e-01
9.619152545928955078e-01
9.536185264587402344e-01
9.622745513916015625e-01
9.552505016326904297e-01
9.658780097961425781e-01
9.522919654846191406e-01
9.632580280303955078e-01
9.613623619079589844e-01
9.490001201629638672e-01
9.559831619262695312e-01
9.546875953674316406e-01
9.445598125457763672e-01
9.543895721435546875e-01
9.521627426147460938e-01
9.586727619171142578e-01
9.562902450561523438e-01
9.508340358734130859e-01
9.520344734191894531e-01
