2.569561004638671875e-01
2.478039264678955078e-01
2.449612617492675781e-01
2.455439567565917969e-01
2.438352108001708984e-01
2.356436252593994141e-01
2.447235584259033203e-01
2.373430728912353516e-01
2.377173900604248047e-01
2.445425987243652344e-01
2.450864315032958984e-01
2.465169429779052734e-01
2.447896003723144531e-01
2.488429546356201172e-01
2.482619285583496094e-01
2.457332611083984375e-01
2.483794689178466797e-01
2.484502792358398438e-01
2.494509220123291016e-01
2.466120719909667969e-01
2.473943233489990234e-01
2.514317035675048828e-01
2.439036369323730469e-01
2.521185874938964844e-01
2.474100589752197266e-01
2.509689331054687500e-01
2.488210201263427734e-01
2.494270801544189453e-01
2.453515529632568359e-01
2.515752315521240234e-01
2.512087821960449219e-01
2.489390373229980469e-01
2.505772113800048828e-01
2.487323284149169922e-01
2.518923282623291016e-01
2.465972900390625000e-01
2.520921230316162109e-01
2.391214370727539062e-01
2.505517005920410156e-01
2.403662204742431641e-01
2.515442371368408203e-01
2.497503757476806641e-01
2.503578662872314453e-01
2.500870227813720703e-01
2.484247684478759766e-01
2.530899047851562500e-01
2.486250400543212891e-01
2.488865852355957031e-01
2.373747825622558594e-01
2.481815814971923828e-01
2.497487068176269531e-01
2.406749725341796875e-01
2.498853206634521484e-01
2.476410865783691406e-01
2.422473430633544922e-01
2.501711845397949219e-01
2.491717338562011719e-01
2.501473426818847656e-01
2.546243667602539062e-01
2.433402538299560547e-01
2.515294551849365234e-01
2.480688095092773438e-01
2.509613037109375000e-01
2.558732032775878906e-01
2.522132396697998047e-01
2.466568946838378906e-01
2.451713085174560547e-01
2.446200847625732422e-01
2.506418228149414062e-01
2.487826347351074219e-01
2.495720386505126953e-01
2.500915527343750000e-01
2.508795261383056641e-01
2.504115104675292969e-01
2.481651306152343750e-01
2.512016296386718750e-01
2.525372505187988281e-01
2.540261745452880859e-01
2.482738494873046875e-01
2.544801235198974609e-01
2.518651485443115234e-01
2.490930557250976562e-01
2.525143623352050781e-01
2.503175735473632812e-01
2.519123554229736328e-01
2.481522560119628906e-01
2.487018108367919922e-01
2.475886344909667969e-01
2.382996082305908203e-01
2.497062683105468750e-01
2.522072792053222656e-01
2.489511966705322266e-01
2.477860450744628906e-01
2.492537498474121094e-01
2.479345798492431641e-01
2.506237030029296875e-01
2.512638568878173828e-01
2.524387836456298828e-01
2.511386871337890625e-01
2.470650672912597656e-01
2.490777969360351562e-01
2.476859092712402344e-01
2.514688968658447266e-01
2.537693977355957031e-01
2.493367195129394531e-01
2.517366409301757812e-01
2.512805461883544922e-01
2.499215602874755859e-01
2.521753311157226562e-01
2.459318637847900391e-01
3.388848304748535156e-01
2.463774681091308594e-01
2.519965171813964844e-01
2.496235370635986328e-01
2.500557899475097656e-01
2.474064826965332031e-01
2.498829364776611328e-01
3.361372947692871094e-01
2.490861415863037109e-01
2.517135143280029297e-01
2.423341274261474609e-01
2.483556270599365234e-01
2.499234676361083984e-01
2.515397071838378906e-01
2.493202686309814453e-01
2.499420642852783203e-01
2.510588169097900391e-01
2.507979869842529297e-01
2.484512329101562500e-01
2.475740909576416016e-01
2.519924640655517578e-01
2.496230602264404297e-01
2.477793693542480469e-01
2.456803321838378906e-01
2.514088153839111328e-01
2.504110336303710938e-01
2.493782043457031250e-01
2.476284503936767578e-01
2.477567195892333984e-01
2.515070438385009766e-01
2.492408752441406250e-01
2.466549873352050781e-01
2.500791549682617188e-01
2.535758018493652344e-01
2.473793029785156250e-01
2.505884170532226562e-01
2.487843036651611328e-01
2.476158142089843750e-01
2.468986511230468750e-01
2.469649314880371094e-01
2.520258426666259766e-01
2.467730045318603516e-01
2.459192276000976562e-01
2.465522289276123047e-01
2.482869625091552734e-01
3.362767696380615234e-01
2.486996650695800781e-01
2.485594749450683594e-01
2.498323917388916016e-01
2.459392547607421875e-01
2.502546310424804688e-01
2.499554157257080078e-01
2.469587326049804688e-01
2.477860450744628906e-01
2.484757900238037109e-01
2.499244213104248047e-01
2.604930400848388672e-01
2.453637123107910156e-01
2.469663619995117188e-01
3.365578651428222656e-01
2.468526363372802734e-01
2.468802928924560547e-01
2.462842464447021484e-01
2.465283870697021484e-01
2.456862926483154297e-01
2.463579177856445312e-01
2.505831718444824219e-01
2.467343807220458984e-01
2.460350990295410156e-01
2.478606700897216797e-01
2.520606517791748047e-01
2.473459243774414062e-01
2.473120689392089844e-01
2.472751140594482422e-01
2.498390674591064453e-01
2.498304843902587891e-01
2.453405857086181641e-01
2.462043762207031250e-01
2.519397735595703125e-01
2.487063407897949219e-01
2.444300651550292969e-01
2.484798431396484375e-01
2.520496845245361328e-01
2.510850429534912109e-01
2.466850280761718750e-01
2.472181320190429688e-01
2.515749931335449219e-01
2.534332275390625000e-01
2.484395503997802734e-01
2.487096786499023438e-01
