7.525925636291503906e-01
7.131240367889404297e-01
6.990835666656494141e-01
8.035619258880615234e-01
7.080950736999511719e-01
7.026481628417968750e-01
7.091612815856933594e-01
7.073838710784912109e-01
7.038888931274414062e-01
7.910051345825195312e-01
7.128806114196777344e-01
6.920726299285888672e-01
7.212402820587158203e-01
7.040224075317382812e-01
6.958148479461669922e-01
6.847803592681884766e-01
6.949174404144287109e-01
6.981718540191650391e-01
6.984260082244873047e-01
6.886744499206542969e-01
6.946921348571777344e-01
6.967170238494873047e-01
6.959836483001708984e-01
7.056038379669189453e-01
6.990864276885986328e-01
6.984665393829345703e-01
6.955289840698242188e-01
7.000391483306884766e-01
6.877751350402832031e-01
6.923816204071044922e-01
7.815473079681396484e-01
7.005288600921630859e-01
6.953792572021484375e-01
6.946783065795898438e-01
6.940548419952392578e-01
6.960260868072509766e-01
6.952726840972900391e-01
6.958825588226318359e-01
6.962599754333496094e-01
6.961965560913085938e-01
6.934909820556640625e-01
7.133829593658447266e-01
6.983170509338378906e-01
6.999647617340087891e-01
7.043499946594238281e-01
6.964936256408691406e-01
7.126634120941162109e-01
6.887323856353759766e-01
6.943166255950927734e-01
7.009818553924560547e-01
7.007305622100830078e-01
7.027456760406494141e-01
6.988050937652587891e-01
6.955220699310302734e-01
6.975803375244140625e-01
6.952652931213378906e-01
6.928064823150634766e-01
7.862720489501953125e-01
6.999883651733398438e-01
6.953766345977783203e-01
7.022845745086669922e-01
6.903774738311767578e-01
7.154757976531982422e-01
6.932208538055419922e-01
6.893458366394042969e-01
7.019946575164794922e-01
6.968879699707031250e-01
6.974351406097412109e-01
7.897331714630126953e-01
6.986272335052490234e-01
6.960105895996093750e-01
6.980190277099609375e-01
7.021200656890869141e-01
6.920914649963378906e-01
7.002825736999511719e-01
7.050106525421142578e-01
7.039794921875000000e-01
7.024500370025634766e-01
7.983670234680175781e-01
7.031998634338378906e-01
6.959493160247802734e-01
6.970341205596923828e-01
6.879167556762695312e-01
6.968595981597900391e-01
6.915957927703857422e-01
6.909139156341552734e-01
7.011566162109375000e-01
7.101330757141113281e-01
8.002431392669677734e-01
6.935749053955078125e-01
6.878440380096435547e-01
6.988501548767089844e-01
7.033927440643310547e-01
6.959829330444335938e-01
6.983282566070556641e-01
7.143602371215820312e-01
6.970055103302001953e-01
7.000575065612792969e-01
7.882401943206787109e-01
6.995029449462890625e-01
6.973364353179931641e-01
6.977775096893310547e-01
6.920902729034423828e-01
6.975679397583007812e-01
6.941986083984375000e-01
7.044787406921386719e-01
6.987514495849609375e-01
6.940286159515380859e-01
7.837553024291992188e-01
6.952905654907226562e-01
7.014927864074707031e-01
6.946713924407958984e-01
6.909859180450439453e-01
6.950945854187011719e-01
7.083268165588378906e-01
6.912910938262939453e-01
6.916847229003906250e-01
6.917667388916015625e-01
7.916660308837890625e-01
6.976549625396728516e-01
7.000317573547363281e-01
6.947076320648193359e-01
6.984314918518066406e-01
7.074224948883056641e-01
7.011170387268066406e-01
6.930778026580810547e-01
7.039630413055419922e-01
7.005541324615478516e-01
7.864189147949218750e-01
6.940281391143798828e-01
6.931133270263671875e-01
6.969077587127685547e-01
7.024471759796142578e-01
6.978173255920410156e-01
6.944484710693359375e-01
6.927669048309326172e-01
7.005822658538818359e-01
6.924304962158203125e-01
6.963458061218261719e-01
7.022907733917236328e-01
6.941666603088378906e-01
6.995785236358642578e-01
6.984102725982666016e-01
7.025868892669677734e-01
7.095060348510742188e-01
7.075181007385253906e-01
6.936736106872558594e-01
7.026152610778808594e-01
7.013206481933593750e-01
7.052474021911621094e-01
6.903007030487060547e-01
6.997082233428955078e-01
6.912145614624023438e-01
7.027759552001953125e-01
6.954061985015869141e-01
8.005170822143554688e-01
7.016324996948242188e-01
7.019910812377929688e-01
7.121737003326416016e-01
6.971442699432373047e-01
7.010040283203125000e-01
6.935009956359863281e-01
6.974363327026367188e-01
6.939513683319091797e-01
6.933360099792480469e-01
7.026047706604003906e-01
7.037189006805419922e-01
8.045988082885742188e-01
6.922903060913085938e-01
6.931638717651367188e-01
7.001137733459472656e-01
7.058286666870117188e-01
6.962170600891113281e-01
6.940464973449707031e-01
6.900417804718017578e-01
6.993393898010253906e-01
6.961615085601806641e-01
7.075541019439697266e-01
7.035489082336425781e-01
7.070920467376708984e-01
7.022321224212646484e-01
6.940844058990478516e-01
6.981358528137207031e-01
7.035171985626220703e-01
8.108067512512207031e-01
6.944496631622314453e-01
6.922872066497802734e-01
7.032055854797363281e-01
7.053802013397216797e-01
7.930767536163330078e-01
6.969270706176757812e-01
6.921336650848388672e-01
7.137591838836669922e-01
7.072198390960693359e-01
7.081534862518310547e-01
7.859811782836914062e-01
6.955494880676269531e-01
6.974658966064453125e-01
6.979935169219970703e-01
6.989426612854003906e-01
