7.526004314422607422e-01
7.131273746490478516e-01
6.990737915039062500e-01
8.035655021667480469e-01
7.080965042114257812e-01
7.026348114013671875e-01
7.091588973999023438e-01
7.074041366577148438e-01
7.038991451263427734e-01
7.909870147705078125e-01
7.128953933715820312e-01
6.920590400695800781e-01
7.212491035461425781e-01
7.040009498596191406e-01
6.958246231079101562e-01
6.847636699676513672e-01
6.949326992034912109e-01
6.981530189514160156e-01
6.984286308288574219e-01
6.886746883392333984e-01
6.946773529052734375e-01
6.967215538024902344e-01
6.960089206695556641e-01
7.055995464324951172e-01
6.991004943847656250e-01
6.984560489654541016e-01
6.955139636993408203e-01
7.000319957733154297e-01
6.877713203430175781e-01
6.923768520355224609e-01
7.815341949462890625e-01
7.005352973937988281e-01
6.953921318054199219e-01
6.946830749511718750e-01
6.940681934356689453e-01
6.960210800170898438e-01
6.952536106109619141e-01
6.958899497985839844e-01
6.962475776672363281e-01
6.962072849273681641e-01
6.934669017791748047e-01
7.133960723876953125e-01
6.983263492584228516e-01
6.999750137329101562e-01
7.043545246124267578e-01
6.965055465698242188e-01
7.126731872558593750e-01
6.887331008911132812e-01
6.943287849426269531e-01
7.009644508361816406e-01
7.007384300231933594e-01
7.027480602264404297e-01
6.988167762756347656e-01
6.955111026763916016e-01
6.975872516632080078e-01
6.952707767486572266e-01
6.928062438964843750e-01
7.862577438354492188e-01
6.999809741973876953e-01
6.953706741333007812e-01
7.023019790649414062e-01
6.903867721557617188e-01
7.154800891876220703e-01
6.932251453399658203e-01
6.893391609191894531e-01
7.019894123077392578e-01
6.968688964843750000e-01
6.974213123321533203e-01
7.897298336029052734e-01
6.986312866210937500e-01
6.959848403930664062e-01
6.980032920837402344e-01
7.021176815032958984e-01
6.920959949493408203e-01
7.002871036529541016e-01
7.049915790557861328e-01
7.039806842803955078e-01
7.024645805358886719e-01
7.983810901641845703e-01
7.032043933868408203e-01
6.959502696990966797e-01
6.970400810241699219e-01
6.879150867462158203e-01
6.968491077423095703e-01
6.916074752807617188e-01
6.909110546112060547e-01
7.011666297912597656e-01
7.101411819458007812e-01
8.002128601074218750e-01
6.935641765594482422e-01
6.878380775451660156e-01
6.988437175750732422e-01
7.033789157867431641e-01
6.959600448608398438e-01
6.983447074890136719e-01
7.143666744232177734e-01
6.970047950744628906e-01
7.000725269317626953e-01
7.882530689239501953e-01
6.995077133178710938e-01
6.973371505737304688e-01
6.977708339691162109e-01
6.920871734619140625e-01
6.975564956665039062e-01
6.941962242126464844e-01
7.044849395751953125e-01
6.987342834472656250e-01
6.940128803253173828e-01
7.837295532226562500e-01
6.952896118164062500e-01
7.014958858489990234e-01
6.946828365325927734e-01
6.909985542297363281e-01
6.950893402099609375e-01
7.083299160003662109e-01
6.913082599639892578e-01
6.916937828063964844e-01
6.917839050292968750e-01
7.916715145111083984e-01
6.976406574249267578e-01
7.000229358673095703e-01
6.947164535522460938e-01
6.984291076660156250e-01
7.074081897735595703e-01
7.011198997497558594e-01
6.930623054504394531e-01
7.039742469787597656e-01
7.005589008331298828e-01
7.864248752593994141e-01
6.940193176269531250e-01
6.931030750274658203e-01
6.968843936920166016e-01
7.024376392364501953e-01
6.978249549865722656e-01
6.944565773010253906e-01
6.927690505981445312e-01
7.005810737609863281e-01
6.924531459808349609e-01
6.963517665863037109e-01
7.022941112518310547e-01
6.941802501678466797e-01
6.995601654052734375e-01
6.984071731567382812e-01
7.025985717773437500e-01
7.094969749450683594e-01
7.075135707855224609e-01
6.936671733856201172e-01
7.025845050811767578e-01
7.013123035430908203e-01
7.052621841430664062e-01
6.902949810028076172e-01
6.997036933898925781e-01
6.912190914154052734e-01
7.027456760406494141e-01
6.954071521759033203e-01
8.005199432373046875e-01
7.016391754150390625e-01
7.019853591918945312e-01
7.121701240539550781e-01
6.971368789672851562e-01
7.010047435760498047e-01
6.934950351715087891e-01
6.974382400512695312e-01
6.939651966094970703e-01
6.933372020721435547e-01
7.025895118713378906e-01
7.037239074707031250e-01
8.045938014984130859e-01
6.922731399536132812e-01
6.931698322296142578e-01
7.001080513000488281e-01
7.058379650115966797e-01
6.962280273437500000e-01
6.940159797668457031e-01
6.900532245635986328e-01
6.993331909179687500e-01
6.961698532104492188e-01
7.075600624084472656e-01
7.035415172576904297e-01
7.070803642272949219e-01
7.022044658660888672e-01
6.940870285034179688e-01
6.981325149536132812e-01
7.035284042358398438e-01
8.108086585998535156e-01
6.944367885589599609e-01
6.922841072082519531e-01
7.031991481781005859e-01
7.053663730621337891e-01
7.930810451507568359e-01
6.969120502471923828e-01
6.921422481536865234e-01
7.137634754180908203e-01
7.072227001190185547e-01
7.081596851348876953e-01
7.859992980957031250e-01
6.955533027648925781e-01
6.974678039550781250e-01
6.979992389678955078e-01
6.989498138427734375e-01
