7.525970935821533203e-01
7.131259441375732422e-01
6.990816593170166016e-01
8.035640716552734375e-01
7.080986499786376953e-01
7.026486396789550781e-01
7.091605663299560547e-01
7.074017524719238281e-01
7.038948535919189453e-01
7.910048961639404297e-01
7.128827571868896484e-01
6.920747756958007812e-01
7.212407588958740234e-01
7.040226459503173828e-01
6.958203315734863281e-01
6.847860813140869141e-01
6.949164867401123047e-01
6.981720924377441406e-01
6.984281539916992188e-01
6.886849403381347656e-01
6.946952342987060547e-01
6.967186927795410156e-01
6.959836483001708984e-01
7.055978775024414062e-01
6.990962028503417969e-01
6.984651088714599609e-01
6.955292224884033203e-01
7.000403404235839844e-01
6.877765655517578125e-01
6.923830509185791016e-01
7.815442085266113281e-01
7.005295753479003906e-01
6.953804492950439453e-01
6.946761608123779297e-01
6.940536499023437500e-01
6.960244178771972656e-01
6.952733993530273438e-01
6.958804130554199219e-01
6.962614059448242188e-01
6.961944103240966797e-01
6.934902667999267578e-01
7.133851051330566406e-01
6.983160972595214844e-01
6.999635696411132812e-01
7.043483257293701172e-01
6.964945793151855469e-01
7.126712799072265625e-01
6.887345314025878906e-01
6.943178176879882812e-01
7.009837627410888672e-01
7.007317543029785156e-01
7.027423381805419922e-01
6.988141536712646484e-01
6.955223083496093750e-01
6.975798606872558594e-01
6.952652931213378906e-01
6.928048133850097656e-01
7.862710952758789062e-01
6.999959945678710938e-01
6.953754425048828125e-01
7.023000717163085938e-01
6.903777122497558594e-01
7.154722213745117188e-01
6.932170391082763672e-01
6.893417835235595703e-01
7.019960880279541016e-01
6.968851089477539062e-01
6.974375247955322266e-01
7.897326946258544922e-01
6.986246109008789062e-01
6.960117816925048828e-01
6.980180740356445312e-01
7.021203041076660156e-01
6.920888423919677734e-01
7.002837657928466797e-01
7.050087451934814453e-01
7.039813995361328125e-01
7.024505138397216797e-01
7.983672618865966797e-01
7.032046318054199219e-01
6.959507465362548828e-01
6.970334053039550781e-01
6.879196166992187500e-01
6.968622207641601562e-01
6.915960311889648438e-01
6.909189224243164062e-01
7.011528015136718750e-01
7.101340293884277344e-01
8.002455234527587891e-01
6.935777664184570312e-01
6.878461837768554688e-01
6.988503932952880859e-01
7.033960819244384766e-01
6.959848403930664062e-01
6.983346939086914062e-01
7.143621444702148438e-01
6.970040798187255859e-01
7.000670433044433594e-01
7.882404327392578125e-01
6.995024681091308594e-01
6.973345279693603516e-01
6.977796554565429688e-01
6.920912265777587891e-01
6.975667476654052734e-01
6.941978931427001953e-01
7.044789791107177734e-01
6.987533569335937500e-01
6.940248012542724609e-01
7.837529182434082031e-01
6.952869892120361328e-01
7.014935016632080078e-01
6.946799755096435547e-01
6.909847259521484375e-01
6.950941085815429688e-01
7.083239555358886719e-01
6.913027763366699219e-01
6.916844844818115234e-01
6.917657852172851562e-01
7.916634082794189453e-01
6.976571083068847656e-01
7.000319957733154297e-01
6.947057247161865234e-01
6.984324455261230469e-01
7.074208259582519531e-01
7.011141777038574219e-01
6.930785179138183594e-01
7.039611339569091797e-01
7.005577087402343750e-01
7.864179611206054688e-01
6.940317153930664062e-01
6.931128501892089844e-01
6.969048976898193359e-01
7.024459838867187500e-01
6.978199481964111328e-01
6.944489479064941406e-01
6.927633285522460938e-01
7.005803585052490234e-01
6.924297809600830078e-01
6.963448524475097656e-01
7.022898197174072266e-01
6.941661834716796875e-01
6.995787620544433594e-01
6.984093189239501953e-01
7.025883197784423828e-01
7.095041275024414062e-01
7.075183391571044922e-01
6.936714649200439453e-01
7.026152610778808594e-01
7.013123035430908203e-01
7.052607536315917969e-01
6.903042793273925781e-01
6.997096538543701172e-01
6.912145614624023438e-01
7.027776241302490234e-01
6.954057216644287109e-01
8.005204200744628906e-01
7.016320228576660156e-01
7.019879817962646484e-01
7.121734619140625000e-01
6.971437931060791016e-01
7.010118961334228516e-01
6.934998035430908203e-01
6.974344253540039062e-01
6.939606666564941406e-01
6.933324337005615234e-01
7.026052474975585938e-01
7.037229537963867188e-01
8.045973777770996094e-01
6.922891139984130859e-01
6.931607723236083984e-01
7.001173496246337891e-01
7.058351039886474609e-01
6.962206363677978516e-01
6.940488815307617188e-01
6.900448799133300781e-01
6.993389129638671875e-01
6.961622238159179688e-01
7.075512409210205078e-01
7.035510540008544922e-01
7.070906162261962891e-01
7.022354602813720703e-01
6.940879821777343750e-01
6.981356143951416016e-01
7.035171985626220703e-01
8.108096122741699219e-01
6.944520473480224609e-01
6.922874450683593750e-01
7.032043933868408203e-01
7.053785324096679688e-01
7.930781841278076172e-01
6.969313621520996094e-01
6.921329498291015625e-01
7.137627601623535156e-01
7.072212696075439453e-01
7.081534862518310547e-01
7.859787940979003906e-01
6.955547332763671875e-01
6.974654197692871094e-01
6.979947090148925781e-01
6.989476680755615234e-01
