2.053497552871704102e+00
3.739233016967773438e-01
3.776786327362060547e-01
3.767654895782470703e-01
3.780882358551025391e-01
3.759648799896240234e-01
3.805019855499267578e-01
3.796992301940917969e-01
3.766753673553466797e-01
3.883082866668701172e-01
4.192056655883789062e-01
3.780448436737060547e-01
4.187896251678466797e-01
3.784027099609375000e-01
4.205322265625000000e-01
4.171214103698730469e-01
4.190716743469238281e-01
3.957223892211914062e-01
3.840401172637939453e-01
3.835830688476562500e-01
3.817248344421386719e-01
3.820123672485351562e-01
3.847949504852294922e-01
3.805503845214843750e-01
3.807137012481689453e-01
4.187829494476318359e-01
3.845078945159912109e-01
3.821480274200439453e-01
3.808188438415527344e-01
3.817927837371826172e-01
3.804657459259033203e-01
3.841025829315185547e-01
3.817856311798095703e-01
4.216449260711669922e-01
3.829762935638427734e-01
3.812711238861083984e-01
3.806569576263427734e-01
4.210596084594726562e-01
3.841214179992675781e-01
3.854615688323974609e-01
3.789954185485839844e-01
3.850057125091552734e-01
3.825597763061523438e-01
4.186425209045410156e-01
3.830988407135009766e-01
3.851010799407958984e-01
3.812127113342285156e-01
4.223172664642333984e-01
3.818967342376708984e-01
4.218339920043945312e-01
4.218709468841552734e-01
3.837585449218750000e-01
4.205050468444824219e-01
3.848040103912353516e-01
3.833014965057373047e-01
4.194481372833251953e-01
3.867580890655517578e-01
3.868544101715087891e-01
3.958840370178222656e-01
3.871297836303710938e-01
3.837223052978515625e-01
4.212682247161865234e-01
3.843302726745605469e-01
3.860456943511962891e-01
3.846814632415771484e-01
4.197959899902343750e-01
4.224755764007568359e-01
3.855507373809814453e-01
4.515085220336914062e-01
3.928515911102294922e-01
4.228773117065429688e-01
3.840675354003906250e-01
4.232306480407714844e-01
3.911798000335693359e-01
4.219789505004882812e-01
4.234888553619384766e-01
4.255814552307128906e-01
3.872113227844238281e-01
3.858318328857421875e-01
4.613182544708251953e-01
3.848290443420410156e-01
3.885951042175292969e-01
4.246780872344970703e-01
4.237933158874511719e-01
3.874514102935791016e-01
4.620683193206787109e-01
3.837716579437255859e-01
3.853478431701660156e-01
3.866577148437500000e-01
4.002220630645751953e-01
4.281547069549560547e-01
3.860051631927490234e-01
3.852417469024658203e-01
4.259040355682373047e-01
4.375820159912109375e-01
3.855659961700439453e-01
3.920469284057617188e-01
3.897233009338378906e-01
3.896145820617675781e-01
3.919820785522460938e-01
3.895497322082519531e-01
4.347124099731445312e-01
3.885166645050048828e-01
3.845801353454589844e-01
3.870718479156494141e-01
3.952798843383789062e-01
3.911674022674560547e-01
3.897671699523925781e-01
3.859717845916748047e-01
4.603774547576904297e-01
4.610855579376220703e-01
3.839495182037353516e-01
3.896758556365966797e-01
4.134852886199951172e-01
4.113054275512695312e-01
3.942008018493652344e-01
3.832652568817138672e-01
3.856499195098876953e-01
3.844985961914062500e-01
3.889541625976562500e-01
3.845312595367431641e-01
3.843698501586914062e-01
3.833665847778320312e-01
3.841514587402343750e-01
3.832666873931884766e-01
3.861041069030761719e-01
4.241330623626708984e-01
3.893318176269531250e-01
3.866686820983886719e-01
3.955619335174560547e-01
3.843719959259033203e-01
3.832943439483642578e-01
3.836147785186767578e-01
3.842122554779052734e-01
3.882396221160888672e-01
3.824992179870605469e-01
3.836026191711425781e-01
3.829376697540283203e-01
3.827135562896728516e-01
3.844797611236572266e-01
3.849840164184570312e-01
3.872592449188232422e-01
3.858950138092041016e-01
3.895723819732666016e-01
3.848063945770263672e-01
3.846576213836669922e-01
3.912210464477539062e-01
4.590191841125488281e-01
4.194290637969970703e-01
4.142177104949951172e-01
3.854799270629882812e-01
3.838660717010498047e-01
3.840122222900390625e-01
4.581844806671142578e-01
3.896436691284179688e-01
3.833923339843750000e-01
3.856325149536132812e-01
3.928165435791015625e-01
3.840990066528320312e-01
3.856215476989746094e-01
3.829450607299804688e-01
3.943302631378173828e-01
4.216494560241699219e-01
3.843753337860107422e-01
3.865354061126708984e-01
3.855264186859130859e-01
3.841345310211181641e-01
4.229066371917724609e-01
4.208049774169921875e-01
4.571835994720458984e-01
4.284596443176269531e-01
3.841691017150878906e-01
3.853352069854736328e-01
3.830833435058593750e-01
4.234116077423095703e-01
3.850147724151611328e-01
4.196467399597167969e-01
3.820753097534179688e-01
3.821504116058349609e-01
3.908452987670898438e-01
3.969664573669433594e-01
4.263105392456054688e-01
4.233491420745849609e-01
3.995480537414550781e-01
3.866951465606689453e-01
3.871805667877197266e-01
3.980033397674560547e-01
3.860728740692138672e-01
3.958652019500732422e-01
3.861901760101318359e-01
3.850045204162597656e-01
3.991472721099853516e-01
4.250946044921875000e-01
3.860926628112792969e-01
3.855292797088623047e-01
3.851637840270996094e-01
4.315199851989746094e-01
3.936572074890136719e-01
3.825626373291015625e-01
4.218468666076660156e-01
