2.027194976806640625e+00
4.456529617309570312e-01
3.705699443817138672e-01
3.745090961456298828e-01
3.764171600341796875e-01
3.749279975891113281e-01
3.765046596527099609e-01
3.781645298004150391e-01
3.764340877532958984e-01
3.763539791107177734e-01
3.753206729888916016e-01
4.113647937774658203e-01
4.040164947509765625e-01
4.507634639739990234e-01
3.755495548248291016e-01
3.762278556823730469e-01
4.150187969207763672e-01
3.765919208526611328e-01
3.745446205139160156e-01
3.776187896728515625e-01
4.053332805633544922e-01
3.777906894683837891e-01
4.133548736572265625e-01
4.502871036529541016e-01
3.777143955230712891e-01
3.759109973907470703e-01
3.766121864318847656e-01
3.791470527648925781e-01
3.760643005371093750e-01
3.754792213439941406e-01
4.225602149963378906e-01
3.792080879211425781e-01
3.792521953582763672e-01
3.794007301330566406e-01
3.789730072021484375e-01
4.176802635192871094e-01
4.531130790710449219e-01
3.769555091857910156e-01
4.136898517608642578e-01
3.788189888000488281e-01
4.529488086700439453e-01
3.783183097839355469e-01
3.858320713043212891e-01
3.789482116699218750e-01
3.790533542633056641e-01
3.769156932830810547e-01
3.788952827453613281e-01
3.742151260375976562e-01
3.811316490173339844e-01
3.798706531524658203e-01
3.794498443603515625e-01
3.819108009338378906e-01
3.794388771057128906e-01
3.767850399017333984e-01
4.084854125976562500e-01
3.781900405883789062e-01
3.776719570159912109e-01
3.750936985015869141e-01
3.773081302642822266e-01
3.774542808532714844e-01
3.786728382110595703e-01
4.095232486724853516e-01
3.775489330291748047e-01
4.183661937713623047e-01
3.795166015625000000e-01
3.792746067047119141e-01
4.092869758605957031e-01
3.792099952697753906e-01
3.797471523284912109e-01
3.795282840728759766e-01
3.804953098297119141e-01
3.825984001159667969e-01
3.814260959625244141e-01
3.821051120758056641e-01
3.802943229675292969e-01
3.814251422882080078e-01
3.846521377563476562e-01
3.820579051971435547e-01
3.880667686462402344e-01
3.807654380798339844e-01
3.803250789642333984e-01
3.827307224273681641e-01
3.807621002197265625e-01
3.799803256988525391e-01
4.189291000366210938e-01
3.820753097534179688e-01
3.828976154327392578e-01
3.825664520263671875e-01
3.844838142395019531e-01
3.796012401580810547e-01
3.794536590576171875e-01
3.816132545471191406e-01
4.201118946075439453e-01
3.796401023864746094e-01
3.816442489624023438e-01
3.817057609558105469e-01
4.175236225128173828e-01
3.803715705871582031e-01
3.813719749450683594e-01
3.832075595855712891e-01
3.827936649322509766e-01
3.861823081970214844e-01
4.182176589965820312e-01
3.823416233062744141e-01
3.836314678192138672e-01
3.798139095306396484e-01
3.820912837982177734e-01
3.841509819030761719e-01
3.819777965545654297e-01
3.821570873260498047e-01
3.840014934539794922e-01
3.905470371246337891e-01
3.810589313507080078e-01
3.853902816772460938e-01
3.818533420562744141e-01
3.817837238311767578e-01
4.104242324829101562e-01
3.807513713836669922e-01
3.850269317626953125e-01
3.987464904785156250e-01
3.841876983642578125e-01
3.929822444915771484e-01
3.825550079345703125e-01
3.829653263092041016e-01
4.582493305206298828e-01
3.839511871337890625e-01
4.200019836425781250e-01
4.666786193847656250e-01
3.825032711029052734e-01
4.141499996185302734e-01
3.820149898529052734e-01
3.835706710815429688e-01
3.834350109100341797e-01
3.845086097717285156e-01
3.823330402374267578e-01
3.835446834564208984e-01
3.910367488861083984e-01
3.898699283599853516e-01
3.836855888366699219e-01
3.865568637847900391e-01
3.844418525695800781e-01
3.858311176300048828e-01
4.138245582580566406e-01
3.859269618988037109e-01
3.827834129333496094e-01
4.243795871734619141e-01
3.832399845123291016e-01
3.830082416534423828e-01
3.824634552001953125e-01
3.923017978668212891e-01
3.858664035797119141e-01
3.855984210968017578e-01
3.848407268524169922e-01
3.836050033569335938e-01
3.824470043182373047e-01
3.853521347045898438e-01
3.833222389221191406e-01
3.840353488922119141e-01
3.829329013824462891e-01
3.870193958282470703e-01
3.859617710113525391e-01
3.851706981658935547e-01
4.202883243560791016e-01
3.855688571929931641e-01
4.164021015167236328e-01
3.881454467773437500e-01
3.863182067871093750e-01
3.843529224395751953e-01
4.223966598510742188e-01
3.843588829040527344e-01
3.872506618499755859e-01
3.873753547668457031e-01
3.847589492797851562e-01
3.869259357452392578e-01
3.874278068542480469e-01
3.860342502593994141e-01
3.871572017669677734e-01
3.888857364654541016e-01
4.216122627258300781e-01
3.877971172332763672e-01
3.874676227569580078e-01
3.845272064208984375e-01
3.827455043792724609e-01
3.822791576385498047e-01
3.838067054748535156e-01
3.837385177612304688e-01
3.928995132446289062e-01
3.844215869903564453e-01
4.144394397735595703e-01
3.886983394622802734e-01
4.220232963562011719e-01
4.118480682373046875e-01
3.826766014099121094e-01
3.860688209533691406e-01
4.123525619506835938e-01
4.222257137298583984e-01
3.902773857116699219e-01
4.220364093780517578e-01
3.880376815795898438e-01
3.906157016754150391e-01
