2.091878175735473633e+00
3.774731159210205078e-01
3.760607242584228516e-01
3.789789676666259766e-01
3.794715404510498047e-01
3.761334419250488281e-01
3.792996406555175781e-01
3.805208206176757812e-01
3.810880184173583984e-01
3.821301460266113281e-01
3.803577423095703125e-01
3.851168155670166016e-01
3.821058273315429688e-01
3.798961639404296875e-01
3.867964744567871094e-01
3.835237026214599609e-01
3.839180469512939453e-01
3.835422992706298828e-01
3.821837902069091797e-01
3.846621513366699219e-01
3.964743614196777344e-01
4.125154018402099609e-01
3.859710693359375000e-01
3.830475807189941406e-01
3.815858364105224609e-01
3.814015388488769531e-01
3.797881603240966797e-01
3.843803405761718750e-01
3.886108398437500000e-01
3.808376789093017578e-01
3.805367946624755859e-01
3.804686069488525391e-01
3.844647407531738281e-01
3.903477191925048828e-01
3.845129013061523438e-01
3.825345039367675781e-01
3.900749683380126953e-01
3.822731971740722656e-01
3.831131458282470703e-01
3.913064002990722656e-01
3.876883983612060547e-01
3.858797550201416016e-01
4.065089225769042969e-01
3.823461532592773438e-01
3.858623504638671875e-01
3.831355571746826172e-01
3.839988708496093750e-01
3.953619003295898438e-01
3.822607994079589844e-01
3.893022537231445312e-01
3.855605125427246094e-01
3.840036392211914062e-01
3.845038414001464844e-01
3.838310241699218750e-01
3.849365711212158203e-01
3.863131999969482422e-01
3.882510662078857422e-01
3.826084136962890625e-01
3.867578506469726562e-01
4.210367202758789062e-01
4.449675083160400391e-01
3.835573196411132812e-01
3.825597763061523438e-01
3.849301338195800781e-01
3.853027820587158203e-01
3.843412399291992188e-01
3.845133781433105469e-01
4.216938018798828125e-01
3.854601383209228516e-01
3.843550682067871094e-01
3.847489356994628906e-01
3.851623535156250000e-01
4.253776073455810547e-01
4.213154315948486328e-01
3.864731788635253906e-01
4.205706119537353516e-01
3.901741504669189453e-01
3.875627517700195312e-01
3.848450183868408203e-01
3.928472995758056641e-01
3.850853443145751953e-01
3.886132240295410156e-01
3.881740570068359375e-01
4.030959606170654297e-01
4.184739589691162109e-01
3.898706436157226562e-01
3.873932361602783203e-01
3.864393234252929688e-01
3.852221965789794922e-01
3.919198513031005859e-01
4.004232883453369141e-01
3.861846923828125000e-01
3.890442848205566406e-01
3.909680843353271484e-01
3.885109424591064453e-01
3.879351615905761719e-01
3.841102123260498047e-01
3.886253833770751953e-01
3.891296386718750000e-01
3.867521286010742188e-01
3.864183425903320312e-01
4.018299579620361328e-01
4.175844192504882812e-01
3.937354087829589844e-01
4.207355976104736328e-01
4.243655204772949219e-01
4.327116012573242188e-01
3.925352096557617188e-01
4.250690937042236328e-01
3.863894939422607422e-01
3.848199844360351562e-01
3.907513618469238281e-01
3.872537612915039062e-01
3.869926929473876953e-01
4.239871501922607422e-01
3.899486064910888672e-01
3.874495029449462891e-01
3.883776664733886719e-01
3.857018947601318359e-01
3.868613243103027344e-01
3.895337581634521484e-01
3.917725086212158203e-01
3.886516094207763672e-01
3.883166313171386719e-01
3.930261135101318359e-01
3.870410919189453125e-01
3.884415626525878906e-01
3.903613090515136719e-01
4.251039028167724609e-01
3.933277130126953125e-01
3.874301910400390625e-01
3.873393535614013672e-01
3.881206512451171875e-01
3.983676433563232422e-01
3.897385597229003906e-01
4.244074821472167969e-01
3.936271667480468750e-01
3.924634456634521484e-01
4.147152900695800781e-01
3.874773979187011719e-01
3.910293579101562500e-01
3.877382278442382812e-01
4.028859138488769531e-01
4.239883422851562500e-01
3.886032104492187500e-01
3.902423381805419922e-01
4.263825416564941406e-01
3.884198665618896484e-01
3.869438171386718750e-01
3.896472454071044922e-01
4.316105842590332031e-01
3.919870853424072266e-01
3.881180286407470703e-01
3.864033222198486328e-01
3.918805122375488281e-01
3.914182186126708984e-01
3.871057033538818359e-01
4.028775691986083984e-01
4.618499279022216797e-01
4.724533557891845703e-01
4.630300998687744141e-01
4.490635395050048828e-01
3.999245166778564453e-01
3.900923728942871094e-01
3.933498859405517578e-01
4.030349254608154297e-01
3.939342498779296875e-01
4.184312820434570312e-01
3.895685672760009766e-01
3.909244537353515625e-01
3.887076377868652344e-01
4.282894134521484375e-01
3.914051055908203125e-01
3.928899765014648438e-01
4.040188789367675781e-01
3.878264427185058594e-01
3.914783000946044922e-01
3.874948024749755859e-01
3.879289627075195312e-01
3.887267112731933594e-01
3.891377449035644531e-01
3.904790878295898438e-01
4.238283634185791016e-01
4.235253334045410156e-01
3.917949199676513672e-01
3.948175907135009766e-01
3.970119953155517578e-01
3.883132934570312500e-01
4.039952754974365234e-01
4.282593727111816406e-01
3.931431770324707031e-01
3.932700157165527344e-01
4.088628292083740234e-01
3.919022083282470703e-01
3.950462341308593750e-01
3.939971923828125000e-01
4.132647514343261719e-01
3.895587921142578125e-01
3.919510841369628906e-01
3.918449878692626953e-01
