1.222556829452514648e+00
1.227674961090087891e+00
1.226905345916748047e+00
1.337701559066772461e+00
1.261030197143554688e+00
1.251644849777221680e+00
1.260614156723022461e+00
1.262151241302490234e+00
1.299520254135131836e+00
1.232492208480834961e+00
1.223315715789794922e+00
1.230991125106811523e+00
1.265764951705932617e+00
1.594108819961547852e+00
1.731850862503051758e+00
1.419884681701660156e+00
1.263767242431640625e+00
1.263603210449218750e+00
1.273018360137939453e+00
1.248918533325195312e+00
1.294812917709350586e+00
1.473205089569091797e+00
1.521071672439575195e+00
1.653232336044311523e+00
1.599917650222778320e+00
1.509514570236206055e+00
1.517157077789306641e+00
1.508153915405273438e+00
1.476311445236206055e+00
1.615345716476440430e+00
1.561726808547973633e+00
1.525891065597534180e+00
1.471468210220336914e+00
1.592590808868408203e+00
1.563483238220214844e+00
1.502312660217285156e+00
1.472852706909179688e+00
1.490761041641235352e+00
1.471841096878051758e+00
1.541315793991088867e+00
1.550611019134521484e+00
1.646032571792602539e+00
1.613334894180297852e+00
1.604272603988647461e+00
1.575346708297729492e+00
1.523842096328735352e+00
1.499601364135742188e+00
1.553235769271850586e+00
1.745766639709472656e+00
1.805748939514160156e+00
1.703807353973388672e+00
1.659931659698486328e+00
1.792481899261474609e+00
1.754335165023803711e+00
1.602069377899169922e+00
1.495781898498535156e+00
1.500403642654418945e+00
1.520119428634643555e+00
1.431020736694335938e+00
1.532623052597045898e+00
1.492158651351928711e+00
1.541066169738769531e+00
1.667763233184814453e+00
1.601222515106201172e+00
1.683485746383666992e+00
1.701515436172485352e+00
1.674914360046386719e+00
1.648251771926879883e+00
1.607004880905151367e+00
1.678378105163574219e+00
1.249899625778198242e+00
1.381671905517578125e+00
1.298307895660400391e+00
1.344047069549560547e+00
1.661750555038452148e+00
1.681778192520141602e+00
1.344334125518798828e+00
1.290769815444946289e+00
1.272727727890014648e+00
1.252458810806274414e+00
1.301587104797363281e+00
1.313552141189575195e+00
1.313083171844482422e+00
1.275443315505981445e+00
1.290101766586303711e+00
1.272988319396972656e+00
1.280102491378784180e+00
1.292769908905029297e+00
1.282554626464843750e+00
1.292961597442626953e+00
1.294367790222167969e+00
1.300397634506225586e+00
1.518933296203613281e+00
1.892298460006713867e+00
1.923669338226318359e+00
1.590188741683959961e+00
1.466863155364990234e+00
1.517488002777099609e+00
2.034749984741210938e+00
2.021695852279663086e+00
1.451606512069702148e+00
1.327265024185180664e+00
1.265026330947875977e+00
1.335319757461547852e+00
1.246969938278198242e+00
1.259459972381591797e+00
1.261376619338989258e+00
1.262960672378540039e+00
1.256791830062866211e+00
1.259413003921508789e+00
1.261075973510742188e+00
1.272700548171997070e+00
1.262485027313232422e+00
1.381091594696044922e+00
1.544071197509765625e+00
1.331077337265014648e+00
1.271496772766113281e+00
1.258057355880737305e+00
1.330930709838867188e+00
1.253597497940063477e+00
1.302476882934570312e+00
1.258503198623657227e+00
1.257373571395874023e+00
1.269177436828613281e+00
1.268571376800537109e+00
1.277669429779052734e+00
1.495698213577270508e+00
1.737385749816894531e+00
2.043437719345092773e+00
1.984502315521240234e+00
1.539083242416381836e+00
1.249992609024047852e+00
1.254380464553833008e+00
1.364268779754638672e+00
1.255004167556762695e+00
1.319558382034301758e+00
1.653200626373291016e+00
1.343651294708251953e+00
1.416325569152832031e+00
1.313771724700927734e+00
1.298124313354492188e+00
1.269290924072265625e+00
1.254128694534301758e+00
1.349788665771484375e+00
1.265190124511718750e+00
1.264680147171020508e+00
1.267589569091796875e+00
1.258531808853149414e+00
1.270736932754516602e+00
1.257052421569824219e+00
1.268729925155639648e+00
1.274205207824707031e+00
1.371204614639282227e+00
1.537502765655517578e+00
1.702278375625610352e+00
1.875212669372558594e+00
1.998925685882568359e+00
1.905749082565307617e+00
1.835633993148803711e+00
1.682313919067382812e+00
1.815078496932983398e+00
1.457581281661987305e+00
1.283760070800781250e+00
1.259053945541381836e+00
1.277674913406372070e+00
1.270975112915039062e+00
1.271445751190185547e+00
1.252294778823852539e+00
1.279735565185546875e+00
1.333435297012329102e+00
1.262794733047485352e+00
1.265794754028320312e+00
1.273148536682128906e+00
1.305587768554687500e+00
1.386984348297119141e+00
1.324813127517700195e+00
1.314494848251342773e+00
1.298674821853637695e+00
1.332043886184692383e+00
1.616634130477905273e+00
1.893666744232177734e+00
1.595252990722656250e+00
1.667221069335937500e+00
1.771488189697265625e+00
2.104686498641967773e+00
1.269695997238159180e+00
1.270681858062744141e+00
1.266938686370849609e+00
1.257736682891845703e+00
1.270763397216796875e+00
1.302945137023925781e+00
1.310318231582641602e+00
1.320799827575683594e+00
1.291207790374755859e+00
1.265495300292968750e+00
1.290539741516113281e+00
1.278512716293334961e+00
1.273713588714599609e+00
1.277539968490600586e+00
1.329841613769531250e+00
