2.418606996536254883e+00
4.481794834136962891e-01
4.204256534576416016e-01
4.201576709747314453e-01
4.233152866363525391e-01
4.249362945556640625e-01
4.280464649200439453e-01
4.265716075897216797e-01
4.269754886627197266e-01
4.249651432037353516e-01
4.276592731475830078e-01
4.215600490570068359e-01
4.295599460601806641e-01
4.151136875152587891e-01
4.417629241943359375e-01
4.165117740631103516e-01
4.170467853546142578e-01
4.160912036895751953e-01
4.207894802093505859e-01
4.268634319305419922e-01
4.194552898406982422e-01
4.178490638732910156e-01
4.267234802246093750e-01
4.638998508453369141e-01
4.243838787078857422e-01
4.243369102478027344e-01
4.215433597564697266e-01
4.235606193542480469e-01
4.319622516632080078e-01
4.250540733337402344e-01
4.268946647644042969e-01
4.244499206542968750e-01
4.301879405975341797e-01
4.331161975860595703e-01
4.533200263977050781e-01
4.297671318054199219e-01
4.299156665802001953e-01
4.276072978973388672e-01
4.285914897918701172e-01
4.306802749633789062e-01
4.319009780883789062e-01
4.409751892089843750e-01
4.382233619689941406e-01
4.294579029083251953e-01
4.394190311431884766e-01
4.308624267578125000e-01
4.358015060424804688e-01
4.323086738586425781e-01
4.285326004028320312e-01
4.403433799743652344e-01
4.325900077819824219e-01
4.394094944000244141e-01
4.271006584167480469e-01
4.305679798126220703e-01
4.285588264465332031e-01
4.295275211334228516e-01
4.293518066406250000e-01
4.285087585449218750e-01
4.368488788604736328e-01
4.446020126342773438e-01
4.388616085052490234e-01
4.423193931579589844e-01
4.472334384918212891e-01
4.313747882843017578e-01
4.320285320281982422e-01
4.333949089050292969e-01
4.442014694213867188e-01
4.410939216613769531e-01
4.359810352325439453e-01
4.367742538452148438e-01
4.320087432861328125e-01
4.490976333618164062e-01
4.471714496612548828e-01
4.470336437225341797e-01
4.893109798431396484e-01
4.523065090179443359e-01
4.371984004974365234e-01
4.540319442749023438e-01
4.422290325164794922e-01
4.374539852142333984e-01
4.292984008789062500e-01
4.300677776336669922e-01
4.328143596649169922e-01
4.323086738586425781e-01
4.835796356201171875e-01
4.444859027862548828e-01
4.477839469909667969e-01
4.417915344238281250e-01
4.396100044250488281e-01
4.445557594299316406e-01
4.429731369018554688e-01
4.421944618225097656e-01
4.504141807556152344e-01
4.392938613891601562e-01
4.316318035125732422e-01
4.272475242614746094e-01
4.314839839935302734e-01
4.328689575195312500e-01
4.294953346252441406e-01
4.437422752380371094e-01
4.354696273803710938e-01
4.430947303771972656e-01
4.421281814575195312e-01
4.992604255676269531e-01
4.755077362060546875e-01
4.797289371490478516e-01
4.841539859771728516e-01
4.714822769165039062e-01
4.772865772247314453e-01
4.921746253967285156e-01
4.752583503723144531e-01
4.813506603240966797e-01
4.724812507629394531e-01
4.682836532592773438e-01
4.588787555694580078e-01
4.240932464599609375e-01
4.538555145263671875e-01
4.390413761138916016e-01
4.860305786132812500e-01
4.670829772949218750e-01
4.373424053192138672e-01
4.342498779296875000e-01
4.372680187225341797e-01
4.393334388732910156e-01
4.290983676910400391e-01
4.348378181457519531e-01
4.307396411895751953e-01
4.686269760131835938e-01
4.385144710540771484e-01
4.602012634277343750e-01
4.419817924499511719e-01
4.481265544891357422e-01
4.463741779327392578e-01
4.460237026214599609e-01
4.934062957763671875e-01
4.763176441192626953e-01
4.846158027648925781e-01
4.907903671264648438e-01
4.488961696624755859e-01
4.585216045379638672e-01
4.371564388275146484e-01
4.373145103454589844e-01
4.286301136016845703e-01
4.247298240661621094e-01
4.262337684631347656e-01
4.266924858093261719e-01
4.295487403869628906e-01
4.360072612762451172e-01
4.386396408081054688e-01
4.277591705322265625e-01
4.340534210205078125e-01
4.504985809326171875e-01
4.354815483093261719e-01
4.284005165100097656e-01
4.426333904266357422e-01
4.362056255340576172e-01
4.377439022064208984e-01
4.597506523132324219e-01
4.781219959259033203e-01
4.441359043121337891e-01
4.644715785980224609e-01
4.521391391754150391e-01
4.850358963012695312e-01
4.765830039978027344e-01
4.601743221282958984e-01
4.502880573272705078e-01
4.454433917999267578e-01
4.444229602813720703e-01
4.472296237945556641e-01
4.469361305236816406e-01
4.468154907226562500e-01
4.424684047698974609e-01
4.441039562225341797e-01
4.505026340484619141e-01
4.731743335723876953e-01
4.371750354766845703e-01
4.377474784851074219e-01
4.361851215362548828e-01
4.361727237701416016e-01
4.447336196899414062e-01
4.367618560791015625e-01
4.341039657592773438e-01
4.333479404449462891e-01
4.373228549957275391e-01
4.348483085632324219e-01
4.405319690704345703e-01
4.412529468536376953e-01
4.463334083557128906e-01
4.444408416748046875e-01
4.928464889526367188e-01
4.659266471862792969e-01
4.900565147399902344e-01
4.499709606170654297e-01
4.473335742950439453e-01
4.452559947967529297e-01
4.558134078979492188e-01
4.486591815948486328e-01
4.410185813903808594e-01
4.332857131958007812e-01
4.441308975219726562e-01
