2.430699586868286133e+00
4.254469871520996094e-01
4.200513362884521484e-01
4.176456928253173828e-01
4.218597412109375000e-01
4.214229583740234375e-01
4.256498813629150391e-01
4.240326881408691406e-01
4.241929054260253906e-01
4.229109287261962891e-01
4.243292808532714844e-01
4.253392219543457031e-01
4.248445034027099609e-01
4.184384346008300781e-01
4.236259460449218750e-01
4.203169345855712891e-01
4.201619625091552734e-01
4.193890094757080078e-01
4.237465858459472656e-01
4.240293502807617188e-01
4.205703735351562500e-01
4.207968711853027344e-01
4.299287796020507812e-01
4.762983322143554688e-01
4.218943119049072266e-01
4.223940372467041016e-01
4.203493595123291016e-01
4.229233264923095703e-01
4.855401515960693359e-01
4.219741821289062500e-01
4.202311038970947266e-01
4.221220016479492188e-01
4.330182075500488281e-01
4.623548984527587891e-01
4.209816455841064453e-01
4.865283966064453125e-01
4.335644245147705078e-01
4.255416393280029297e-01
4.274594783782958984e-01
4.329447746276855469e-01
4.332640171051025391e-01
4.519672393798828125e-01
4.301617145538330078e-01
4.285418987274169922e-01
4.255597591400146484e-01
4.279282093048095703e-01
4.286465644836425781e-01
4.297175407409667969e-01
4.270935058593750000e-01
4.314942359924316406e-01
4.272770881652832031e-01
4.328005313873291016e-01
4.260501861572265625e-01
4.223823547363281250e-01
4.276876449584960938e-01
4.275345802307128906e-01
4.310905933380126953e-01
4.228591918945312500e-01
4.402830600738525391e-01
4.282886981964111328e-01
4.291334152221679688e-01
4.324266910552978516e-01
4.287002086639404297e-01
4.280238151550292969e-01
4.267592430114746094e-01
4.269781112670898438e-01
4.386990070343017578e-01
4.294795989990234375e-01
4.282531738281250000e-01
4.628736972808837891e-01
4.414954185485839844e-01
4.344449043273925781e-01
4.347355365753173828e-01
4.370174407958984375e-01
4.339456558227539062e-01
4.922726154327392578e-01
4.933376312255859375e-01
4.355595111846923828e-01
4.345018863677978516e-01
4.332644939422607422e-01
4.313793182373046875e-01
4.256756305694580078e-01
4.281883239746093750e-01
4.293293952941894531e-01
4.527792930603027344e-01
4.372155666351318359e-01
4.355242252349853516e-01
4.349567890167236328e-01
4.332993030548095703e-01
4.373397827148437500e-01
4.352064132690429688e-01
4.369940757751464844e-01
4.331569671630859375e-01
4.337751865386962891e-01
4.358255863189697266e-01
4.829723834991455078e-01
4.299778938293457031e-01
4.347460269927978516e-01
4.277408123016357422e-01
4.302504062652587891e-01
4.326696395874023438e-01
4.367659091949462891e-01
4.879181385040283203e-01
4.458384513854980469e-01
4.378077983856201172e-01
4.374845027923583984e-01
4.355709552764892578e-01
4.390888214111328125e-01
4.412555694580078125e-01
4.404132366180419922e-01
4.420869350433349609e-01
4.417910575866699219e-01
4.400382041931152344e-01
4.357280731201171875e-01
4.339478015899658203e-01
4.308948516845703125e-01
4.298357963562011719e-01
4.338572025299072266e-01
4.426386356353759766e-01
4.374246597290039062e-01
4.392764568328857422e-01
4.335441589355468750e-01
4.335389137268066406e-01
4.320955276489257812e-01
4.310998916625976562e-01
4.347865581512451172e-01
4.352636337280273438e-01
4.476392269134521484e-01
4.347388744354248047e-01
4.313333034515380859e-01
4.366714954376220703e-01
4.415733814239501953e-01
4.396712779998779297e-01
4.373745918273925781e-01
4.384696483612060547e-01
4.379758834838867188e-01
4.371335506439208984e-01
4.377815723419189453e-01
4.421794414520263672e-01
4.889831542968750000e-01
4.622428417205810547e-01
4.280002117156982422e-01
4.330585002899169922e-01
4.327809810638427734e-01
4.297504425048828125e-01
4.308643341064453125e-01
4.337136745452880859e-01
4.342508316040039062e-01
4.352130889892578125e-01
4.321575164794921875e-01
4.359457492828369141e-01
4.413866996765136719e-01
4.809718132019042969e-01
4.324450492858886719e-01
4.462471008300781250e-01
4.294977188110351562e-01
4.294807910919189453e-01
4.501562118530273438e-01
4.371569156646728516e-01
4.336545467376708984e-01
4.332156181335449219e-01
4.336266517639160156e-01
4.365758895874023438e-01
4.379818439483642578e-01
4.394950866699218750e-01
4.405345916748046875e-01
4.367759227752685547e-01
4.375619888305664062e-01
4.394009113311767578e-01
4.375574588775634766e-01
4.384357929229736328e-01
4.373199939727783203e-01
4.367771148681640625e-01
4.349360466003417969e-01
4.563760757446289062e-01
4.345550537109375000e-01
4.374465942382812500e-01
4.299981594085693359e-01
4.323890209197998047e-01
4.542529582977294922e-01
4.812588691711425781e-01
4.618759155273437500e-01
4.388422966003417969e-01
4.321930408477783203e-01
4.309647083282470703e-01
4.354956150054931641e-01
4.360260963439941406e-01
4.383699893951416016e-01
4.400446414947509766e-01
4.421377182006835938e-01
4.401416778564453125e-01
4.394648075103759766e-01
4.893877506256103516e-01
4.446525573730468750e-01
4.427468776702880859e-01
4.395558834075927734e-01
4.393794536590576172e-01
4.360680580139160156e-01
4.361002445220947266e-01
4.374871253967285156e-01
