2.489919662475585938e+00
4.323074817657470703e-01
4.414978027343750000e-01
4.745299816131591797e-01
4.366078376770019531e-01
4.467751979827880859e-01
4.485611915588378906e-01
4.510822296142578125e-01
4.698233604431152344e-01
4.418785572052001953e-01
4.396128654479980469e-01
4.605891704559326172e-01
4.681427478790283203e-01
4.393081665039062500e-01
4.362988471984863281e-01
4.413285255432128906e-01
4.400913715362548828e-01
4.369785785675048828e-01
4.379944801330566406e-01
4.396791458129882812e-01
4.445428848266601562e-01
4.413461685180664062e-01
4.544289112091064453e-01
4.440732002258300781e-01
4.496958255767822266e-01
4.537744522094726562e-01
4.410471916198730469e-01
4.440639019012451172e-01
4.652922153472900391e-01
4.922926425933837891e-01
4.360234737396240234e-01
4.394357204437255859e-01
4.372677803039550781e-01
4.587652683258056641e-01
4.512813091278076172e-01
4.537966251373291016e-01
4.418416023254394531e-01
4.392707347869873047e-01
4.404287338256835938e-01
5.161900520324707031e-01
4.430286884307861328e-01
4.422740936279296875e-01
4.475636482238769531e-01
4.436681270599365234e-01
4.731488227844238281e-01
4.572188854217529297e-01
4.467256069183349609e-01
4.567155838012695312e-01
4.460420608520507812e-01
4.451551437377929688e-01
4.261429309844970703e-01
4.858472347259521484e-01
4.430661201477050781e-01
4.396226406097412109e-01
4.814331531524658203e-01
4.393672943115234375e-01
4.389131069183349609e-01
4.377095699310302734e-01
4.440984725952148438e-01
4.468362331390380859e-01
5.061080455780029297e-01
4.563241004943847656e-01
4.745376110076904297e-01
4.625914096832275391e-01
4.599816799163818359e-01
4.506227970123291016e-01
4.490442276000976562e-01
4.674537181854248047e-01
4.832966327667236328e-01
4.805178642272949219e-01
4.526011943817138672e-01
4.511964321136474609e-01
4.514451026916503906e-01
5.349910259246826172e-01
4.690041542053222656e-01
4.535968303680419922e-01
4.478514194488525391e-01
5.304648876190185547e-01
5.125985145568847656e-01
4.906485080718994141e-01
4.500393867492675781e-01
4.453642368316650391e-01
4.445729255676269531e-01
4.481093883514404297e-01
4.499988555908203125e-01
4.509809017181396484e-01
4.499266147613525391e-01
4.507579803466796875e-01
4.477541446685791016e-01
5.089910030364990234e-01
4.495689868927001953e-01
4.557843208312988281e-01
4.456768035888671875e-01
4.459252357482910156e-01
4.475500583648681641e-01
4.466383457183837891e-01
4.437091350555419922e-01
4.433112144470214844e-01
4.464693069458007812e-01
4.436607360839843750e-01
5.250840187072753906e-01
4.970817565917968750e-01
4.778261184692382812e-01
4.506931304931640625e-01
4.686918258666992188e-01
4.579637050628662109e-01
4.643554687500000000e-01
4.577183723449707031e-01
4.971771240234375000e-01
4.685504436492919922e-01
4.617543220520019531e-01
4.632606506347656250e-01
4.583394527435302734e-01
4.575781822204589844e-01
4.623506069183349609e-01
4.450852870941162109e-01
4.471707344055175781e-01
4.475235939025878906e-01
4.559772014617919922e-01
4.630517959594726562e-01
4.553406238555908203e-01
4.466593265533447266e-01
5.309729576110839844e-01
4.527008533477783203e-01
4.475276470184326172e-01
4.504756927490234375e-01
4.521784782409667969e-01
5.509898662567138672e-01
4.584136009216308594e-01
4.820430278778076172e-01
4.835584163665771484e-01
5.078673362731933594e-01
4.734144210815429688e-01
4.604334831237792969e-01
4.577755928039550781e-01
4.828448295593261719e-01
4.597945213317871094e-01
4.702391624450683594e-01
5.103721618652343750e-01
4.837961196899414062e-01
4.844424724578857422e-01
5.031561851501464844e-01
4.565153121948242188e-01
4.469771385192871094e-01
4.496221542358398438e-01
4.943165779113769531e-01
4.505383968353271484e-01
4.529085159301757812e-01
4.574656486511230469e-01
4.600265026092529297e-01
4.571037292480468750e-01
4.545853137969970703e-01
4.595141410827636719e-01
4.687807559967041016e-01
4.564924240112304688e-01
4.607322216033935547e-01
4.550383090972900391e-01
4.531569480895996094e-01
4.514222145080566406e-01
5.329442024230957031e-01
5.231971740722656250e-01
5.518808364868164062e-01
5.194194316864013672e-01
5.137817859649658203e-01
5.291302204132080078e-01
4.521040916442871094e-01
4.553046226501464844e-01
4.568567276000976562e-01
4.976089000701904297e-01
4.677093029022216797e-01
4.556148052215576172e-01
4.546825885772705078e-01
4.571180343627929688e-01
4.549381732940673828e-01
4.519662857055664062e-01
4.648716449737548828e-01
4.522328376770019531e-01
4.550349712371826172e-01
4.550161361694335938e-01
4.489514827728271484e-01
4.532167911529541016e-01
4.557037353515625000e-01
4.648945331573486328e-01
4.453666210174560547e-01
4.446983337402343750e-01
4.779357910156250000e-01
4.595150947570800781e-01
4.577755928039550781e-01
4.572484493255615234e-01
4.568357467651367188e-01
4.631896018981933594e-01
4.583704471588134766e-01
4.582040309906005859e-01
4.554166793823242188e-01
4.602770805358886719e-01
4.588897228240966797e-01
4.567930698394775391e-01
4.877502918243408203e-01
4.587180614471435547e-01
4.678051471710205078e-01
