1.222553253173828125e+00
1.227678775787353516e+00
1.226912260055541992e+00
1.337694883346557617e+00
1.261027336120605469e+00
1.251641511917114258e+00
1.260609388351440430e+00
1.262147665023803711e+00
1.299517869949340820e+00
1.232499837875366211e+00
1.223310232162475586e+00
1.230990648269653320e+00
1.265763282775878906e+00
1.594107389450073242e+00
1.731851100921630859e+00
1.419845581054687500e+00
1.263767957687377930e+00
1.263603925704956055e+00
1.273021697998046875e+00
1.248917102813720703e+00
1.294792175292968750e+00
1.473210334777832031e+00
1.521068811416625977e+00
1.653214454650878906e+00
1.599906444549560547e+00
1.509509086608886719e+00
1.517149209976196289e+00
1.508154153823852539e+00
1.469696521759033203e+00
1.615324258804321289e+00
1.561719894409179688e+00
1.525895118713378906e+00
1.471466302871704102e+00
1.592579364776611328e+00
1.563471555709838867e+00
1.502307891845703125e+00
1.472833871841430664e+00
1.490746498107910156e+00
1.471833944320678711e+00
1.541313409805297852e+00
1.550635099411010742e+00
1.646036148071289062e+00
1.594554662704467773e+00
1.604269027709960938e+00
1.575342655181884766e+00
1.530869483947753906e+00
1.499602317810058594e+00
1.553226947784423828e+00
1.745766401290893555e+00
1.805738210678100586e+00
1.703780412673950195e+00
1.659910440444946289e+00
1.792470932006835938e+00
1.754319906234741211e+00
1.602053403854370117e+00
1.495773553848266602e+00
1.500396251678466797e+00
1.520106554031372070e+00
1.431014537811279297e+00
1.532625436782836914e+00
1.492161035537719727e+00
1.541043996810913086e+00
1.667750597000122070e+00
1.601215600967407227e+00
1.683463096618652344e+00
1.699407815933227539e+00
1.674901962280273438e+00
1.648245096206665039e+00
1.607000827789306641e+00
1.682735443115234375e+00
1.249896526336669922e+00
1.381675243377685547e+00
1.298300504684448242e+00
1.343984365463256836e+00
1.661751747131347656e+00
1.681784152984619141e+00
1.344335794448852539e+00
1.290778636932373047e+00
1.272731304168701172e+00
1.252459287643432617e+00
1.302946805953979492e+00
1.313562631607055664e+00
1.313085794448852539e+00
1.275440931320190430e+00
1.290107727050781250e+00
1.272986650466918945e+00
1.280099868774414062e+00
1.292768955230712891e+00
1.282553434371948242e+00
1.292966365814208984e+00
1.294383525848388672e+00
1.300404548645019531e+00
1.518935203552246094e+00
1.892282247543334961e+00
1.923666477203369141e+00
1.590175390243530273e+00
1.466866254806518555e+00
1.521907329559326172e+00
2.034751892089843750e+00
2.021694183349609375e+00
1.451607942581176758e+00
1.327267885208129883e+00
1.265032052993774414e+00
1.335320949554443359e+00
1.246970653533935547e+00
1.259448766708374023e+00
1.261384248733520508e+00
1.262951374053955078e+00
1.256797075271606445e+00
1.259414196014404297e+00
1.261079788208007812e+00
1.272703170776367188e+00
1.262486696243286133e+00
1.381091356277465820e+00
1.544072151184082031e+00
1.331078290939331055e+00
1.271503686904907227e+00
1.258059740066528320e+00
1.330930471420288086e+00
1.253598213195800781e+00
1.307606220245361328e+00
1.255776882171630859e+00
1.257372856140136719e+00
1.269173145294189453e+00
1.268563985824584961e+00
1.277650833129882812e+00
1.495689868927001953e+00
1.737367153167724609e+00
2.044689178466796875e+00
1.984496355056762695e+00
1.539082050323486328e+00
1.249987125396728516e+00
1.254367589950561523e+00
1.364274263381958008e+00
1.255014181137084961e+00
1.319540739059448242e+00
1.653200149536132812e+00
1.343650817871093750e+00
1.416329860687255859e+00
1.320322036743164062e+00
1.298124313354492188e+00
1.269294261932373047e+00
1.254134178161621094e+00
1.349788188934326172e+00
1.265192985534667969e+00
1.264671087265014648e+00
1.267585992813110352e+00
1.258530616760253906e+00
1.270742654800415039e+00
1.257051229476928711e+00
1.268733739852905273e+00
1.274206161499023438e+00
1.371197462081909180e+00
1.537494659423828125e+00
1.702270030975341797e+00
1.875205755233764648e+00
1.998936653137207031e+00
1.905749320983886719e+00
1.844041824340820312e+00
1.682329654693603516e+00
1.815078496932983398e+00
1.457584381103515625e+00
1.283761024475097656e+00
1.259049654006958008e+00
1.277680873870849609e+00
1.270976543426513672e+00
1.271444797515869141e+00
1.252296686172485352e+00
1.279736518859863281e+00
1.333437919616699219e+00
1.262795448303222656e+00
1.265801429748535156e+00
1.273140668869018555e+00
1.305588483810424805e+00
1.386997938156127930e+00
1.324813365936279297e+00
1.314500331878662109e+00
1.298678398132324219e+00
1.332027912139892578e+00
1.616654634475708008e+00
1.893833637237548828e+00
1.595250129699707031e+00
1.667230367660522461e+00
1.771483659744262695e+00
2.104682445526123047e+00
1.269697189331054688e+00
1.270693778991699219e+00
1.266957044601440430e+00
1.268748283386230469e+00
1.270759105682373047e+00
1.302949428558349609e+00
1.310313224792480469e+00
1.320796251296997070e+00
1.291217803955078125e+00
1.265499830245971680e+00
1.290546417236328125e+00
1.278520107269287109e+00
1.273709297180175781e+00
1.277538537979125977e+00
1.329844236373901367e+00
