1.222547769546508789e+00
1.227668046951293945e+00
1.226903438568115234e+00
1.337711095809936523e+00
1.261039972305297852e+00
1.251661777496337891e+00
1.260604858398437500e+00
1.262161970138549805e+00
1.299522876739501953e+00
1.232488393783569336e+00
1.223317861557006836e+00
1.230987548828125000e+00
1.265774011611938477e+00
1.594117403030395508e+00
1.731846570968627930e+00
1.419859170913696289e+00
1.263753414154052734e+00
1.263594150543212891e+00
1.273012399673461914e+00
1.248924016952514648e+00
1.294807434082031250e+00
1.473214387893676758e+00
1.521074056625366211e+00
1.653237581253051758e+00
1.599907875061035156e+00
1.509504556655883789e+00
1.517153739929199219e+00
1.508175134658813477e+00
1.476315021514892578e+00
1.615326642990112305e+00
1.561743259429931641e+00
1.525894641876220703e+00
1.471444368362426758e+00
1.592581748962402344e+00
1.563480854034423828e+00
1.502320766448974609e+00
1.472834348678588867e+00
1.490767955780029297e+00
1.471824645996093750e+00
1.541315555572509766e+00
1.550618886947631836e+00
1.646027088165283203e+00
1.613339662551879883e+00
1.604271411895751953e+00
1.575344324111938477e+00
1.530889511108398438e+00
1.499598026275634766e+00
1.553225994110107422e+00
1.745771646499633789e+00
1.805750370025634766e+00
1.703812599182128906e+00
1.659924507141113281e+00
1.792472600936889648e+00
1.754317522048950195e+00
1.602043628692626953e+00
1.495768070220947266e+00
1.500400781631469727e+00
1.520105361938476562e+00
1.431007146835327148e+00
1.532638311386108398e+00
1.492159366607666016e+00
1.541061878204345703e+00
1.667768716812133789e+00
1.601237773895263672e+00
1.683469057083129883e+00
1.701529502868652344e+00
1.674918889999389648e+00
1.648269653320312500e+00
1.607015848159790039e+00
1.682734727859497070e+00
1.249904870986938477e+00
1.381669044494628906e+00
1.298315525054931641e+00
1.344001770019531250e+00
1.661752700805664062e+00
1.681792259216308594e+00
1.344341754913330078e+00
1.290803670883178711e+00
1.272728443145751953e+00
1.252474784851074219e+00
1.302961826324462891e+00
1.313554286956787109e+00
1.313092231750488281e+00
1.275445699691772461e+00
1.290138959884643555e+00
1.272995233535766602e+00
1.280130386352539062e+00
1.292781114578247070e+00
1.282576322555541992e+00
1.292985916137695312e+00
1.294380426406860352e+00
1.300408840179443359e+00
1.518946170806884766e+00
1.892303466796875000e+00
1.923699378967285156e+00
1.590178251266479492e+00
1.466879844665527344e+00
1.517497777938842773e+00
2.034774303436279297e+00
2.021725177764892578e+00
1.451657772064208984e+00
1.327269554138183594e+00
1.265027999877929688e+00
1.335330486297607422e+00
1.246982336044311523e+00
1.259447336196899414e+00
1.261375427246093750e+00
1.262957096099853516e+00
1.256806612014770508e+00
1.259420633316040039e+00
1.261090278625488281e+00
1.272718906402587891e+00
1.262514829635620117e+00
1.381083488464355469e+00
1.544079065322875977e+00
1.331076622009277344e+00
1.271499156951904297e+00
1.258075714111328125e+00
1.330919981002807617e+00
1.253625869750976562e+00
1.307622671127319336e+00
1.258500099182128906e+00
1.257398366928100586e+00
1.269198179244995117e+00
1.268578052520751953e+00
1.277656555175781250e+00
1.495704412460327148e+00
1.737372875213623047e+00
2.044691324234008789e+00
1.984532594680786133e+00
1.539134740829467773e+00
1.250010967254638672e+00
1.254402399063110352e+00
1.364265918731689453e+00
1.255013704299926758e+00
1.319535970687866211e+00
1.653231620788574219e+00
1.343670129776000977e+00
1.416346073150634766e+00
1.320343732833862305e+00
1.298134803771972656e+00
1.269302845001220703e+00
1.254128217697143555e+00
1.349801778793334961e+00
1.265191078186035156e+00
1.264680147171020508e+00
1.267611980438232422e+00
1.258563041687011719e+00
1.270755529403686523e+00
1.257050037384033203e+00
1.268759250640869141e+00
1.274216651916503906e+00
1.371198177337646484e+00
1.537492513656616211e+00
1.702268123626708984e+00
1.875243186950683594e+00
1.998935222625732422e+00
1.905756235122680664e+00
1.844070196151733398e+00
1.682329177856445312e+00
1.815093755722045898e+00
1.457594156265258789e+00
1.283776521682739258e+00
1.259064674377441406e+00
1.277693510055541992e+00
1.270989894866943359e+00
1.271450757980346680e+00
1.252298831939697266e+00
1.279768943786621094e+00
1.333443164825439453e+00
1.262824773788452148e+00
1.265807151794433594e+00
1.273145914077758789e+00
1.305598974227905273e+00
1.387009382247924805e+00
1.324819564819335938e+00
1.314515590667724609e+00
1.298694849014282227e+00
1.332051992416381836e+00
1.616626501083374023e+00
1.893860578536987305e+00
1.595281839370727539e+00
1.667219400405883789e+00
1.771465539932250977e+00
2.104700326919555664e+00
1.269697904586791992e+00
1.270690917968750000e+00
1.266941308975219727e+00
1.268766641616821289e+00
1.270769119262695312e+00
1.302935838699340820e+00
1.310323238372802734e+00
1.320793628692626953e+00
1.291228294372558594e+00
1.265503168106079102e+00
1.290549993515014648e+00
1.278526067733764648e+00
1.273715257644653320e+00
1.277539491653442383e+00
1.329849958419799805e+00
