2.453315019607543945e+00
4.367895126342773438e-01
4.419176578521728516e-01
4.393723011016845703e-01
4.412064552307128906e-01
4.445991516113281250e-01
4.468846321105957031e-01
4.470767974853515625e-01
4.460644721984863281e-01
4.437839984893798828e-01
4.450550079345703125e-01
4.426589012145996094e-01
4.435975551605224609e-01
4.383127689361572266e-01
4.427442550659179688e-01
4.390902519226074219e-01
4.394237995147705078e-01
4.389674663543701172e-01
4.415481090545654297e-01
4.422917366027832031e-01
4.399154186248779297e-01
4.398088455200195312e-01
4.456410408020019531e-01
4.565563201904296875e-01
4.417562484741210938e-01
4.439296722412109375e-01
4.425663948059082031e-01
4.450330734252929688e-01
4.614176750183105469e-01
4.406778812408447266e-01
4.397971630096435547e-01
4.400238990783691406e-01
4.411687850952148438e-01
4.596500396728515625e-01
4.414720535278320312e-01
5.179696083068847656e-01
4.432001113891601562e-01
4.434630870819091797e-01
4.451081752777099609e-01
4.480123519897460938e-01
4.453487396240234375e-01
4.440257549285888672e-01
4.493405818939208984e-01
4.471395015716552734e-01
4.472272396087646484e-01
4.649336338043212891e-01
4.473316669464111328e-01
4.470658302307128906e-01
4.478042125701904297e-01
4.500319957733154297e-01
4.440681934356689453e-01
4.537761211395263672e-01
4.434795379638671875e-01
4.418036937713623047e-01
4.449989795684814453e-01
4.421207904815673828e-01
4.437408447265625000e-01
4.419257640838623047e-01
4.487483501434326172e-01
4.313631057739257812e-01
4.280793666839599609e-01
4.307622909545898438e-01
4.607820510864257812e-01
4.471032619476318359e-01
4.488353729248046875e-01
4.535624980926513672e-01
4.403042793273925781e-01
4.246509075164794922e-01
4.361224174499511719e-01
4.533007144927978516e-01
4.437193870544433594e-01
4.494729042053222656e-01
4.547154903411865234e-01
4.860472679138183594e-01
4.548907279968261719e-01
4.527726173400878906e-01
4.572083950042724609e-01
4.528903961181640625e-01
4.573137760162353516e-01
4.556884765625000000e-01
4.486200809478759766e-01
4.492762088775634766e-01
4.487802982330322266e-01
4.490284919738769531e-01
4.749481678009033203e-01
4.240312576293945312e-01
4.258148670196533203e-01
4.257879257202148438e-01
4.231023788452148438e-01
4.321208000183105469e-01
4.285733699798583984e-01
4.336824417114257812e-01
4.247658252716064453e-01
4.286742210388183594e-01
4.487707614898681641e-01
4.453513622283935547e-01
4.492723941802978516e-01
4.499397277832031250e-01
4.497523307800292969e-01
4.533920288085937500e-01
4.544711112976074219e-01
4.687299728393554688e-01
4.566307067871093750e-01
4.631297588348388672e-01
4.567985534667968750e-01
4.590926170349121094e-01
4.548380374908447266e-01
4.603142738342285156e-01
4.591970443725585938e-01
4.614720344543457031e-01
4.587981700897216797e-01
4.598300457000732422e-01
4.594242572784423828e-01
4.542207717895507812e-01
4.491662979125976562e-01
4.439015388488769531e-01
4.815711975097656250e-01
4.517605304718017578e-01
4.509098529815673828e-01
4.786031246185302734e-01
4.566607475280761719e-01
4.504861831665039062e-01
4.534800052642822266e-01
4.490098953247070312e-01
4.477143287658691406e-01
4.497847557067871094e-01
4.522252082824707031e-01
4.630117416381835938e-01
4.521381855010986328e-01
4.479339122772216797e-01
4.647078514099121094e-01
4.582808017730712891e-01
4.579544067382812500e-01
4.554891586303710938e-01
4.564244747161865234e-01
4.541497230529785156e-01
4.567482471466064453e-01
4.571075439453125000e-01
4.712519645690917969e-01
4.578902721405029297e-01
4.522879123687744141e-01
4.474010467529296875e-01
4.488949775695800781e-01
4.481384754180908203e-01
4.451677799224853516e-01
4.487977027893066406e-01
4.493062496185302734e-01
4.519820213317871094e-01
4.532518386840820312e-01
4.522669315338134766e-01
4.511818885803222656e-01
4.532377719879150391e-01
4.539768695831298828e-01
4.559237957000732422e-01
4.592523574829101562e-01
4.467654228210449219e-01
4.465806484222412109e-01
4.524793624877929688e-01
4.668254852294921875e-01
4.501547813415527344e-01
4.499306678771972656e-01
4.484014511108398438e-01
4.529774188995361328e-01
4.559714794158935547e-01
4.676206111907958984e-01
5.438656806945800781e-01
4.583816528320312500e-01
4.616098403930664062e-01
4.612445831298828125e-01
4.583346843719482422e-01
4.586548805236816406e-01
4.595439434051513672e-01
4.558436870574951172e-01
4.544363021850585938e-01
4.532301425933837891e-01
4.496481418609619141e-01
4.489042758941650391e-01
4.543690681457519531e-01
4.484345912933349609e-01
4.547500610351562500e-01
4.747323989868164062e-01
4.506773948669433594e-01
4.478282928466796875e-01
4.506473541259765625e-01
4.447109699249267578e-01
4.536621570587158203e-01
4.538598060607910156e-01
4.537301063537597656e-01
4.567661285400390625e-01
4.635350704193115234e-01
4.616141319274902344e-01
4.763729572296142578e-01
4.598631858825683594e-01
4.615986347198486328e-01
4.670491218566894531e-01
4.633338451385498047e-01
4.636664390563964844e-01
4.547886848449707031e-01
4.531247615814208984e-01
4.535748958587646484e-01
