1.222545385360717773e+00
1.227677583694458008e+00
1.226912975311279297e+00
1.337703704833984375e+00
1.261035919189453125e+00
1.251646041870117188e+00
1.260624408721923828e+00
1.262146949768066406e+00
1.299515724182128906e+00
1.232497453689575195e+00
1.223312616348266602e+00
1.230987787246704102e+00
1.265763044357299805e+00
1.594109296798706055e+00
1.731848239898681641e+00
1.419852256774902344e+00
1.263773202896118164e+00
1.263607263565063477e+00
1.273015499114990234e+00
1.248919725418090820e+00
1.294813632965087891e+00
1.473202943801879883e+00
1.521073341369628906e+00
1.653227090835571289e+00
1.599917173385620117e+00
1.509514808654785156e+00
1.517157077789306641e+00
1.508147716522216797e+00
1.476305961608886719e+00
1.615353345870971680e+00
1.561718940734863281e+00
1.525889396667480469e+00
1.471470832824707031e+00
1.592587232589721680e+00
1.563482522964477539e+00
1.502310037612915039e+00
1.472846746444702148e+00
1.490745544433593750e+00
1.471836805343627930e+00
1.541335582733154297e+00
1.550605535507202148e+00
1.646033525466918945e+00
1.613358974456787109e+00
1.604271888732910156e+00
1.575348377227783203e+00
1.523821830749511719e+00
1.499604701995849609e+00
1.553235769271850586e+00
1.745759010314941406e+00
1.805743217468261719e+00
1.703806638717651367e+00
1.659930467605590820e+00
1.792485713958740234e+00
1.754341602325439453e+00
1.602055788040161133e+00
1.495771408081054688e+00
1.500390529632568359e+00
1.520104646682739258e+00
1.431010961532592773e+00
1.532619714736938477e+00
1.492155790328979492e+00
1.541066646575927734e+00
1.667763710021972656e+00
1.601225614547729492e+00
1.683491230010986328e+00
1.701512575149536133e+00
1.674909114837646484e+00
1.648253202438354492e+00
1.607005596160888672e+00
1.678381919860839844e+00
1.249901056289672852e+00
1.381678104400634766e+00
1.298307180404663086e+00
1.344045639038085938e+00
1.661770582199096680e+00
1.681777954101562500e+00
1.344336271286010742e+00
1.290771484375000000e+00
1.272724866867065430e+00
1.252459287643432617e+00
1.301577091217041016e+00
1.313553571701049805e+00
1.313087940216064453e+00
1.275440454483032227e+00
1.290097951889038086e+00
1.272984504699707031e+00
1.280101776123046875e+00
1.292769670486450195e+00
1.282553434371948242e+00
1.292960405349731445e+00
1.294373273849487305e+00
1.300402641296386719e+00
1.518932342529296875e+00
1.892289400100708008e+00
1.923666954040527344e+00
1.590178251266479492e+00
1.466864585876464844e+00
1.517482042312622070e+00
2.034745454788208008e+00
2.021694421768188477e+00
1.451607942581176758e+00
1.327268123626708984e+00
1.265029430389404297e+00
1.335315704345703125e+00
1.246974468231201172e+00
1.259460210800170898e+00
1.261383056640625000e+00
1.262958526611328125e+00
1.256797552108764648e+00
1.259414434432983398e+00
1.261080503463745117e+00
1.272703409194946289e+00
1.262484788894653320e+00
1.381098031997680664e+00
1.544075965881347656e+00
1.331081151962280273e+00
1.271501064300537109e+00
1.258058786392211914e+00
1.330929756164550781e+00
1.253597974777221680e+00
1.302466392517089844e+00
1.258502483367919922e+00
1.257374048233032227e+00
1.269177675247192383e+00
1.268576145172119141e+00
1.277659893035888672e+00
1.495697975158691406e+00
1.737391710281372070e+00
2.043430328369140625e+00
1.984501123428344727e+00
1.539081335067749023e+00
1.249990463256835938e+00
1.254377126693725586e+00
1.364270687103271484e+00
1.255012273788452148e+00
1.319562196731567383e+00
1.653200387954711914e+00
1.343652009963989258e+00
1.416325330734252930e+00
1.313773393630981445e+00
1.298121690750122070e+00
1.269284009933471680e+00
1.254129648208618164e+00
1.349792957305908203e+00
1.265189886093139648e+00
1.264681100845336914e+00
1.267589092254638672e+00
1.258531093597412109e+00
1.270736455917358398e+00
1.257052659988403320e+00
1.268732070922851562e+00
1.274203777313232422e+00
1.371202230453491211e+00
1.537496328353881836e+00
1.702270269393920898e+00
1.875205039978027344e+00
1.998928308486938477e+00
1.905749082565307617e+00
1.835626125335693359e+00
1.682327985763549805e+00
1.815077781677246094e+00
1.457582473754882812e+00
1.283761024475097656e+00
1.259054660797119141e+00
1.277678966522216797e+00
1.270978212356567383e+00
1.271445751190185547e+00
1.252293586730957031e+00
1.279737710952758789e+00
1.333430767059326172e+00
1.262794733047485352e+00
1.265794992446899414e+00
1.273144245147705078e+00
1.305589199066162109e+00
1.386985301971435547e+00
1.324812173843383789e+00
1.314493417739868164e+00
1.298676252365112305e+00
1.332047939300537109e+00
1.616629362106323242e+00
1.893665552139282227e+00
1.595253944396972656e+00
1.667236328125000000e+00
1.771495819091796875e+00
2.104685306549072266e+00
1.269697189331054688e+00
1.270688533782958984e+00
1.266938447952270508e+00
1.257735729217529297e+00
1.270762443542480469e+00
1.302949428558349609e+00
1.310313940048217773e+00
1.320794820785522461e+00
1.291213989257812500e+00
1.265498399734497070e+00
1.290540218353271484e+00
1.278515815734863281e+00
1.273713588714599609e+00
1.277537107467651367e+00
1.329846382141113281e+00
