2.465661048889160156e+00
4.461917877197265625e-01
4.481391906738281250e-01
4.479253292083740234e-01
4.473831653594970703e-01
4.531815052032470703e-01
4.541060924530029297e-01
4.521818161010742188e-01
4.502234458923339844e-01
4.578282833099365234e-01
4.554674625396728516e-01
4.691245555877685547e-01
4.564774036407470703e-01
4.548172950744628906e-01
4.498038291931152344e-01
4.564311504364013672e-01
4.581263065338134766e-01
4.512290954589843750e-01
4.531085491180419922e-01
4.529280662536621094e-01
4.541246891021728516e-01
4.544787406921386719e-01
4.586718082427978516e-01
4.538569450378417969e-01
4.554975032806396484e-01
4.581387042999267578e-01
4.511740207672119141e-01
4.547140598297119141e-01
4.570515155792236328e-01
4.623022079467773438e-01
4.510836601257324219e-01
4.580690860748291016e-01
4.603981971740722656e-01
4.613997936248779297e-01
4.544811248779296875e-01
4.493584632873535156e-01
4.562890529632568359e-01
4.479391574859619141e-01
4.516620635986328125e-01
4.642479419708251953e-01
4.502654075622558594e-01
4.657452106475830078e-01
4.687259197235107422e-01
4.790782928466796875e-01
4.707789421081542969e-01
4.576790332794189453e-01
4.621698856353759766e-01
4.613590240478515625e-01
4.633693695068359375e-01
4.645497798919677734e-01
4.300146102905273438e-01
4.693427085876464844e-01
4.526660442352294922e-01
4.639902114868164062e-01
4.580514430999755859e-01
4.510204792022705078e-01
4.531857967376708984e-01
4.586515426635742188e-01
4.596550464630126953e-01
4.648218154907226562e-01
4.709007740020751953e-01
4.610154628753662109e-01
4.716331958770751953e-01
4.635636806488037109e-01
4.650938510894775391e-01
4.618346691131591797e-01
4.632077217102050781e-01
4.571073055267333984e-01
4.559044837951660156e-01
4.827792644500732422e-01
4.530262947082519531e-01
4.741516113281250000e-01
4.687407016754150391e-01
4.679443836212158203e-01
5.064914226531982422e-01
5.067822933197021484e-01
5.075516700744628906e-01
4.692504405975341797e-01
4.655632972717285156e-01
4.540920257568359375e-01
4.487154483795166016e-01
4.424209594726562500e-01
4.449746608734130859e-01
4.440028667449951172e-01
4.558343887329101562e-01
4.616441726684570312e-01
4.612195491790771484e-01
4.622950553894042969e-01
4.562056064605712891e-01
4.805991649627685547e-01
4.602789878845214844e-01
4.528307914733886719e-01
4.606702327728271484e-01
4.678525924682617188e-01
4.749267101287841797e-01
4.501171112060546875e-01
4.501960277557373047e-01
4.488022327423095703e-01
4.503397941589355469e-01
4.496169090270996094e-01
4.567437171936035156e-01
4.574227333068847656e-01
4.688034057617187500e-01
4.653809070587158203e-01
5.284819602966308594e-01
4.906904697418212891e-01
4.790403842926025391e-01
5.152072906494140625e-01
4.979193210601806641e-01
4.683392047882080078e-01
4.727001190185546875e-01
4.757609367370605469e-01
4.896008968353271484e-01
4.676275253295898438e-01
4.618260860443115234e-01
4.416396617889404297e-01
4.485223293304443359e-01
4.753315448760986328e-01
4.691448211669921875e-01
4.686918258666992188e-01
4.584705829620361328e-01
4.601242542266845703e-01
4.593629837036132812e-01
4.687199592590332031e-01
4.650239944458007812e-01
4.628102779388427734e-01
4.611015319824218750e-01
4.597785472869873047e-01
4.595015048980712891e-01
5.243926048278808594e-01
4.576616287231445312e-01
4.810702800750732422e-01
5.139589309692382812e-01
4.635109901428222656e-01
4.647674560546875000e-01
4.654772281646728516e-01
4.706490039825439453e-01
4.630169868469238281e-01
4.573340415954589844e-01
4.635174274444580078e-01
4.701881408691406250e-01
4.577169418334960938e-01
4.572761058807373047e-01
4.537441730499267578e-01
4.573807716369628906e-01
4.500544071197509766e-01
4.537479877471923828e-01
4.530825614929199219e-01
4.620056152343750000e-01
4.604158401489257812e-01
4.578478336334228516e-01
4.616901874542236328e-01
4.704599380493164062e-01
4.640200138092041016e-01
4.572265148162841797e-01
4.596166610717773438e-01
4.560286998748779297e-01
4.703834056854248047e-01
4.611282348632812500e-01
4.686694145202636719e-01
4.662601947784423828e-01
4.615032672882080078e-01
4.680130481719970703e-01
4.624435901641845703e-01
4.808495044708251953e-01
5.540857315063476562e-01
4.619879722595214844e-01
4.604582786560058594e-01
4.618988037109375000e-01
4.575619697570800781e-01
4.619920253753662109e-01
4.643423557281494141e-01
4.601318836212158203e-01
4.762003421783447266e-01
4.561328887939453125e-01
4.644074440002441406e-01
4.564759731292724609e-01
4.626336097717285156e-01
4.812994003295898438e-01
4.630279541015625000e-01
4.545309543609619141e-01
4.546115398406982422e-01
4.661664962768554688e-01
4.471528530120849609e-01
4.505560398101806641e-01
6.062211990356445312e-01
5.109648704528808594e-01
5.254769325256347656e-01
5.082719326019287109e-01
4.738845825195312500e-01
4.666647911071777344e-01
4.653327465057373047e-01
4.686872959136962891e-01
4.636635780334472656e-01
5.258488655090332031e-01
5.028965473175048828e-01
4.857256412506103516e-01
4.958496093750000000e-01
4.692625999450683594e-01
4.626228809356689453e-01
