2.565056324005126953e+00
9.061839580535888672e-01
9.101035594940185547e-01
9.085173606872558594e-01
9.099345207214355469e-01
9.119994640350341797e-01
9.146816730499267578e-01
9.180912971496582031e-01
9.152224063873291016e-01
9.192817211151123047e-01
9.140226840972900391e-01
9.132876396179199219e-01
9.151628017425537109e-01
9.136848449707031250e-01
9.150378704071044922e-01
9.149672985076904297e-01
9.356248378753662109e-01
9.234437942504882812e-01
9.222300052642822266e-01
9.280149936676025391e-01
9.255979061126708984e-01
9.256827831268310547e-01
9.226427078247070312e-01
9.292314052581787109e-01
9.242048263549804688e-01
9.223475456237792969e-01
9.223854541778564453e-01
9.259214401245117188e-01
9.269933700561523438e-01
9.246454238891601562e-01
9.194128513336181641e-01
9.195435047149658203e-01
9.260997772216796875e-01
9.248485565185546875e-01
9.249675273895263672e-01
9.284968376159667969e-01
9.271657466888427734e-01
9.278898239135742188e-01
9.281144142150878906e-01
9.370288848876953125e-01
9.352517127990722656e-01
9.407169818878173828e-01
9.406645298004150391e-01
9.412531852722167969e-01
9.451475143432617188e-01
9.423515796661376953e-01
9.564623832702636719e-01
9.444293975830078125e-01
9.420280456542968750e-01
9.405152797698974609e-01
9.402174949645996094e-01
9.432365894317626953e-01
9.422183036804199219e-01
9.418580532073974609e-01
9.404094219207763672e-01
9.322123527526855469e-01
9.358210563659667969e-01
9.335196018218994141e-01
9.324572086334228516e-01
9.353523254394531250e-01
9.345660209655761719e-01
9.314281940460205078e-01
9.349644184112548828e-01
9.409646987915039062e-01
9.324908256530761719e-01
9.419460296630859375e-01
9.318933486938476562e-01
9.339222908020019531e-01
9.301841259002685547e-01
9.311101436614990234e-01
9.319179058074951172e-01
9.378397464752197266e-01
9.347896575927734375e-01
9.425022602081298828e-01
9.353342056274414062e-01
9.309287071228027344e-01
9.330840110778808594e-01
9.283931255340576172e-01
9.325051307678222656e-01
9.353096485137939453e-01
9.348311424255371094e-01
9.347782135009765625e-01
9.356396198272705078e-01
9.357116222381591797e-01
9.389903545379638672e-01
9.364147186279296875e-01
9.402420520782470703e-01
9.387819766998291016e-01
9.360148906707763672e-01
9.418139457702636719e-01
9.317398071289062500e-01
9.353792667388916016e-01
9.361386299133300781e-01
9.343335628509521484e-01
9.323391914367675781e-01
9.374809265136718750e-01
9.403338432312011719e-01
9.423894882202148438e-01
9.389033317565917969e-01
9.428486824035644531e-01
9.371731281280517578e-01
9.323236942291259766e-01
9.355561733245849609e-01
9.395840167999267578e-01
9.390537738800048828e-01
9.371516704559326172e-01
9.437677860260009766e-01
9.420821666717529297e-01
9.349424839019775391e-01
9.252643585205078125e-01
9.306659698486328125e-01
9.280421733856201172e-01
9.321889877319335938e-01
9.301860332489013672e-01
9.350645542144775391e-01
9.387755393981933594e-01
9.385306835174560547e-01
9.417629241943359375e-01
9.452016353607177734e-01
9.467911720275878906e-01
9.453310966491699219e-01
9.427680969238281250e-01
9.379703998565673828e-01
9.389410018920898438e-01
9.392621517181396484e-01
9.377915859222412109e-01
9.425017833709716797e-01
9.425804615020751953e-01
9.434235095977783203e-01
9.348969459533691406e-01
9.432370662689208984e-01
9.423346519470214844e-01
9.367337226867675781e-01
9.370908737182617188e-01
9.381940364837646484e-01
9.471979141235351562e-01
9.432325363159179688e-01
9.453914165496826172e-01
9.455742835998535156e-01
9.458639621734619141e-01
9.445891380310058594e-01
9.416871070861816406e-01
9.460089206695556641e-01
9.523224830627441406e-01
9.452042579650878906e-01
9.458727836608886719e-01
9.453940391540527344e-01
9.472398757934570312e-01
9.454450607299804688e-01
9.556615352630615234e-01
9.524466991424560547e-01
9.500858783721923828e-01
9.435408115386962891e-01
9.472768306732177734e-01
9.486820697784423828e-01
9.481277465820312500e-01
9.400951862335205078e-01
9.544460773468017578e-01
9.457001686096191406e-01
9.469089508056640625e-01
9.502022266387939453e-01
9.492280483245849609e-01
9.447081089019775391e-01
9.499690532684326172e-01
9.482057094573974609e-01
9.434797763824462891e-01
9.457411766052246094e-01
9.488797187805175781e-01
9.480006694793701172e-01
9.455387592315673828e-01
9.475071430206298828e-01
9.463059902191162109e-01
9.409286975860595703e-01
9.468586444854736328e-01
9.468865394592285156e-01
9.512395858764648438e-01
9.534087181091308594e-01
9.512038230895996094e-01
9.529531002044677734e-01
9.530873298645019531e-01
9.471130371093750000e-01
9.428529739379882812e-01
9.440894126892089844e-01
9.435896873474121094e-01
9.407374858856201172e-01
9.430344104766845703e-01
9.401686191558837891e-01
9.449102878570556641e-01
9.425654411315917969e-01
9.437582492828369141e-01
9.459688663482666016e-01
9.460513591766357422e-01
9.447157382965087891e-01
9.485046863555908203e-01
9.498069286346435547e-01
9.437260627746582031e-01
9.405121803283691406e-01
9.494600296020507812e-01
9.376668930053710938e-01
9.492461681365966797e-01
