2.576954603195190430e+00
9.145028591156005859e-01
9.141170978546142578e-01
9.189548492431640625e-01
9.185647964477539062e-01
9.236760139465332031e-01
9.261856079101562500e-01
9.295077323913574219e-01
9.259891510009765625e-01
9.486353397369384766e-01
9.227242469787597656e-01
9.274823665618896484e-01
9.284567832946777344e-01
9.291059970855712891e-01
9.251065254211425781e-01
9.282367229461669922e-01
9.316847324371337891e-01
9.156181812286376953e-01
9.238843917846679688e-01
9.229471683502197266e-01
9.289555549621582031e-01
9.315869808197021484e-01
9.415349960327148438e-01
9.293179512023925781e-01
9.274799823760986328e-01
9.302117824554443359e-01
9.290430545806884766e-01
9.280874729156494141e-01
9.335272312164306641e-01
9.355919361114501953e-01
9.311676025390625000e-01
9.312293529510498047e-01
9.300251007080078125e-01
9.351627826690673828e-01
9.345316886901855469e-01
9.329631328582763672e-01
9.314982891082763672e-01
9.322583675384521484e-01
9.318640232086181641e-01
9.277935028076171875e-01
9.283702373504638672e-01
9.378442764282226562e-01
9.401946067810058594e-01
9.337046146392822266e-01
9.358446598052978516e-01
9.344518184661865234e-01
9.421029090881347656e-01
9.385144710540771484e-01
9.370872974395751953e-01
9.366171360015869141e-01
9.318888187408447266e-01
9.390187263488769531e-01
9.385592937469482422e-01
9.336545467376708984e-01
9.405150413513183594e-01
9.464020729064941406e-01
9.414644241333007812e-01
9.429981708526611328e-01
9.427745342254638672e-01
9.410235881805419922e-01
9.393265247344970703e-01
9.403159618377685547e-01
9.465272426605224609e-01
9.722297191619873047e-01
9.407784938812255859e-01
9.369146823883056641e-01
9.403820037841796875e-01
9.359552860260009766e-01
9.493839740753173828e-01
9.423565864562988281e-01
9.452133178710937500e-01
9.437675476074218750e-01
9.431235790252685547e-01
9.424409866333007812e-01
9.484267234802246094e-01
9.469101428985595703e-01
9.486148357391357422e-01
9.481105804443359375e-01
9.482722282409667969e-01
9.493615627288818359e-01
9.467000961303710938e-01
9.491903781890869141e-01
9.528799057006835938e-01
9.491806030273437500e-01
9.497938156127929688e-01
9.531171321868896484e-01
9.512324333190917969e-01
9.464938640594482422e-01
9.551019668579101562e-01
9.659593105316162109e-01
9.497330188751220703e-01
9.515056610107421875e-01
9.485411643981933594e-01
9.494984149932861328e-01
9.496486186981201172e-01
9.464454650878906250e-01
9.413857460021972656e-01
9.432985782623291016e-01
9.519813060760498047e-01
9.487621784210205078e-01
9.493682384490966797e-01
9.463410377502441406e-01
9.486961364746093750e-01
9.480834007263183594e-01
9.479653835296630859e-01
9.465453624725341797e-01
9.492876529693603516e-01
9.451630115509033203e-01
9.497859477996826172e-01
9.473078250885009766e-01
9.517846107482910156e-01
9.510455131530761719e-01
9.584989547729492188e-01
9.572505950927734375e-01
9.531583786010742188e-01
9.612066745758056641e-01
9.507701396942138672e-01
9.553723335266113281e-01
9.441857337951660156e-01
9.496300220489501953e-01
9.465599060058593750e-01
9.473094940185546875e-01
9.527685642242431641e-01
9.529738426208496094e-01
9.513309001922607422e-01
9.516153335571289062e-01
9.496119022369384766e-01
9.556329250335693359e-01
9.458496570587158203e-01
9.440331459045410156e-01
9.509146213531494141e-01
9.497666358947753906e-01
9.512164592742919922e-01
9.471569061279296875e-01
9.477951526641845703e-01
9.484724998474121094e-01
9.482986927032470703e-01
9.400742053985595703e-01
9.471147060394287109e-01
9.405992031097412109e-01
9.473824501037597656e-01
9.394969940185546875e-01
9.478123188018798828e-01
9.480261802673339844e-01
9.432990550994873047e-01
9.408476352691650391e-01
9.451372623443603516e-01
9.478130340576171875e-01
9.527411460876464844e-01
9.563121795654296875e-01
9.488127231597900391e-01
9.458343982696533203e-01
9.483356475830078125e-01
9.429922103881835938e-01
9.470362663269042969e-01
9.487762451171875000e-01
9.399633407592773438e-01
9.460632801055908203e-01
9.448678493499755859e-01
9.467875957489013672e-01
9.490492343902587891e-01
9.485211372375488281e-01
9.452049732208251953e-01
9.449284076690673828e-01
9.436831474304199219e-01
9.484362602233886719e-01
9.480273723602294922e-01
9.475817680358886719e-01
9.473817348480224609e-01
9.481670856475830078e-01
9.481775760650634766e-01
9.440770149230957031e-01
9.438729286193847656e-01
9.493675231933593750e-01
9.410660266876220703e-01
9.459266662597656250e-01
9.553337097167968750e-01
9.525542259216308594e-01
9.470314979553222656e-01
9.525461196899414062e-01
9.471492767333984375e-01
9.491729736328125000e-01
9.435837268829345703e-01
9.482526779174804688e-01
9.444646835327148438e-01
9.493327140808105469e-01
9.431369304656982422e-01
9.497478008270263672e-01
9.427180290222167969e-01
9.491786956787109375e-01
9.497036933898925781e-01
9.448087215423583984e-01
9.462416172027587891e-01
9.478809833526611328e-01
9.464468955993652344e-01
9.417998790740966797e-01
9.461293220520019531e-01
9.500346183776855469e-01
9.437673091888427734e-01
9.425029754638671875e-01
