2.579758167266845703e-01
2.513525485992431641e-01
2.478628158569335938e-01
2.454390525817871094e-01
2.468769550323486328e-01
2.464389801025390625e-01
2.437193393707275391e-01
2.465026378631591797e-01
2.431309223175048828e-01
2.461936473846435547e-01
2.550613880157470703e-01
2.492351531982421875e-01
2.489321231842041016e-01
2.480611801147460938e-01
2.467923164367675781e-01
2.477250099182128906e-01
2.536382675170898438e-01
2.481110095977783203e-01
2.458283901214599609e-01
2.352015972137451172e-01
2.439036369323730469e-01
2.493004798889160156e-01
2.471113204956054688e-01
2.474889755249023438e-01
2.426743507385253906e-01
2.459046840667724609e-01
2.505681514739990234e-01
2.444202899932861328e-01
2.453746795654296875e-01
2.459259033203125000e-01
2.456717491149902344e-01
2.489228248596191406e-01
2.362673282623291016e-01
2.479889392852783203e-01
2.468657493591308594e-01
2.349684238433837891e-01
2.349703311920166016e-01
2.440898418426513672e-01
2.429511547088623047e-01
2.463843822479248047e-01
2.435710430145263672e-01
2.433760166168212891e-01
2.342684268951416016e-01
2.478196620941162109e-01
2.378063201904296875e-01
2.452464103698730469e-01
2.452416419982910156e-01
2.399084568023681641e-01
2.448480129241943359e-01
2.348625659942626953e-01
2.473688125610351562e-01
2.453584671020507812e-01
2.478535175323486328e-01
2.458262443542480469e-01
2.462038993835449219e-01
2.483890056610107422e-01
2.506008148193359375e-01
2.450444698333740234e-01
2.483220100402832031e-01
2.481162548065185547e-01
2.511584758758544922e-01
2.467191219329833984e-01
2.463009357452392578e-01
2.495040893554687500e-01
2.483446598052978516e-01
2.510082721710205078e-01
2.464389801025390625e-01
2.485711574554443359e-01
2.484979629516601562e-01
2.484490871429443359e-01
2.519733905792236328e-01
2.442846298217773438e-01
2.468440532684326172e-01
2.501220703125000000e-01
2.466280460357666016e-01
2.467632293701171875e-01
2.514128684997558594e-01
2.494227886199951172e-01
2.524266242980957031e-01
2.437126636505126953e-01
2.431557178497314453e-01
2.481882572174072266e-01
2.471537590026855469e-01
2.378072738647460938e-01
2.466895580291748047e-01
2.480726242065429688e-01
2.470936775207519531e-01
2.491378784179687500e-01
2.452313899993896484e-01
2.485547065734863281e-01
2.478480339050292969e-01
2.472379207611083984e-01
2.441425323486328125e-01
2.507407665252685547e-01
2.483406066894531250e-01
2.513399124145507812e-01
2.440047264099121094e-01
2.475652694702148438e-01
2.484557628631591797e-01
2.507436275482177734e-01
2.447283267974853516e-01
2.472653388977050781e-01
2.513291835784912109e-01
2.518877983093261719e-01
2.469356060028076172e-01
2.442905902862548828e-01
2.378585338592529297e-01
2.510864734649658203e-01
2.477824687957763672e-01
2.463765144348144531e-01
3.371183872222900391e-01
2.505848407745361328e-01
2.471776008605957031e-01
2.455205917358398438e-01
2.525582313537597656e-01
2.502961158752441406e-01
2.516083717346191406e-01
3.300504684448242188e-01
2.487084865570068359e-01
2.487831115722656250e-01
2.469959259033203125e-01
2.475576400756835938e-01
2.466197013854980469e-01
2.471065521240234375e-01
2.499625682830810547e-01
2.491717338562011719e-01
2.476472854614257812e-01
2.494831085205078125e-01
2.499485015869140625e-01
2.473983764648437500e-01
2.465736865997314453e-01
2.525048255920410156e-01
2.492036819458007812e-01
2.490448951721191406e-01
2.458143234252929688e-01
2.508249282836914062e-01
2.476370334625244141e-01
2.503800392150878906e-01
2.449088096618652344e-01
2.455713748931884766e-01
2.484290599822998047e-01
2.507369518280029297e-01
2.495324611663818359e-01
2.481806278228759766e-01
2.479786872863769531e-01
2.495038509368896484e-01
2.492554187774658203e-01
2.460112571716308594e-01
2.479300498962402344e-01
2.502119541168212891e-01
2.472393512725830078e-01
2.469129562377929688e-01
2.485873699188232422e-01
2.510993480682373047e-01
2.483918666839599609e-01
3.336956501007080078e-01
2.467565536499023438e-01
2.391927242279052734e-01
2.484717369079589844e-01
2.472293376922607422e-01
2.494907379150390625e-01
2.472779750823974609e-01
2.471792697906494141e-01
2.449591159820556641e-01
2.484085559844970703e-01
2.483866214752197266e-01
2.457554340362548828e-01
2.444531917572021484e-01
2.457990646362304688e-01
3.392271995544433594e-01
2.511112689971923828e-01
2.457520961761474609e-01
2.453632354736328125e-01
2.497086524963378906e-01
2.477355003356933594e-01
2.461397647857666016e-01
2.440495491027832031e-01
2.495419979095458984e-01
2.481241226196289062e-01
2.458779811859130859e-01
2.469968795776367188e-01
2.495553493499755859e-01
2.466611862182617188e-01
2.434833049774169922e-01
2.447686195373535156e-01
2.461023330688476562e-01
2.455663681030273438e-01
2.437729835510253906e-01
2.452821731567382812e-01
2.485971450805664062e-01
2.487642765045166016e-01
2.444064617156982422e-01
2.445366382598876953e-01
2.476756572723388672e-01
2.471535205841064453e-01
2.527074813842773438e-01
2.447953224182128906e-01
2.474792003631591797e-01
2.473182678222656250e-01
2.493150234222412109e-01
