2.523815870285034180e+00
4.525785446166992188e-01
4.530673027038574219e-01
4.553592205047607422e-01
4.530253410339355469e-01
4.507019519805908203e-01
4.540362358093261719e-01
4.432144165039062500e-01
4.656465053558349609e-01
4.341957569122314453e-01
4.277882575988769531e-01
4.336225986480712891e-01
4.256896972656250000e-01
4.273710250854492188e-01
4.305212497711181641e-01
4.252357482910156250e-01
4.294829368591308594e-01
4.323794841766357422e-01
4.330735206604003906e-01
4.328932762145996094e-01
4.361016750335693359e-01
4.453186988830566406e-01
4.486565589904785156e-01
4.545471668243408203e-01
4.176805019378662109e-01
4.465911388397216797e-01
4.534099102020263672e-01
4.514033794403076172e-01
4.559829235076904297e-01
4.608886241912841797e-01
4.626920223236083984e-01
4.710946083068847656e-01
5.229046344757080078e-01
5.195248126983642578e-01
5.447502136230468750e-01
5.282225608825683594e-01
5.431122779846191406e-01
5.197842121124267578e-01
5.252676010131835938e-01
5.560829639434814453e-01
5.608799457550048828e-01
5.160546302795410156e-01
5.086851119995117188e-01
5.190050601959228516e-01
5.155117511749267578e-01
5.460143089294433594e-01
5.094680786132812500e-01
5.136017799377441406e-01
5.419795513153076172e-01
5.314993858337402344e-01
5.387327671051025391e-01
5.219130516052246094e-01
5.159525871276855469e-01
4.363014698028564453e-01
4.405589103698730469e-01
4.366509914398193359e-01
4.378638267517089844e-01
4.462013244628906250e-01
4.379541873931884766e-01
4.341740608215332031e-01
4.511966705322265625e-01
4.317121505737304688e-01
4.363515377044677734e-01
4.291021823883056641e-01
4.323370456695556641e-01
4.370834827423095703e-01
4.277472496032714844e-01
4.295907020568847656e-01
4.312667846679687500e-01
4.443733692169189453e-01
4.289553165435791016e-01
4.333872795104980469e-01
4.300267696380615234e-01
4.226899147033691406e-01
4.283740520477294922e-01
4.360623359680175781e-01
4.355015754699707031e-01
4.392750263214111328e-01
4.508717060089111328e-01
4.596917629241943359e-01
4.663157463073730469e-01
4.796423912048339844e-01
4.837117195129394531e-01
4.729495048522949219e-01
4.700238704681396484e-01
5.247855186462402344e-01
5.649681091308593750e-01
5.280418395996093750e-01
5.339698791503906250e-01
4.895381927490234375e-01
4.801099300384521484e-01
4.523270130157470703e-01
4.378540515899658203e-01
4.403786659240722656e-01
4.370007514953613281e-01
4.388680458068847656e-01
4.381103515625000000e-01
4.467103481292724609e-01
4.445648193359375000e-01
4.501435756683349609e-01
4.435043334960937500e-01
4.448919296264648438e-01
4.528193473815917969e-01
4.489090442657470703e-01
4.456548690795898438e-01
4.517812728881835938e-01
4.564027786254882812e-01
4.360668659210205078e-01
4.333488941192626953e-01
4.359087944030761719e-01
4.406378269195556641e-01
4.357998371124267578e-01
4.425518512725830078e-01
4.405431747436523438e-01
4.373540878295898438e-01
4.461445808410644531e-01
4.394676685333251953e-01
4.444966316223144531e-01
4.355809688568115234e-01
4.454479217529296875e-01
4.416081905364990234e-01
4.441893100738525391e-01
4.426226615905761719e-01
4.812393188476562500e-01
4.687187671661376953e-01
4.711024761199951172e-01
4.705762863159179688e-01
4.696018695831298828e-01
4.635708332061767578e-01
4.668784141540527344e-01
4.664242267608642578e-01
4.618411064147949219e-01
4.425067901611328125e-01
4.389090538024902344e-01
4.381189346313476562e-01
4.652147293090820312e-01
4.464235305786132812e-01
4.420981407165527344e-01
4.407958984375000000e-01
4.433577060699462891e-01
4.624855518341064453e-01
4.368927478790283203e-01
4.379472732543945312e-01
4.498820304870605469e-01
4.486727714538574219e-01
4.650475978851318359e-01
4.577102661132812500e-01
4.612612724304199219e-01
4.726915359497070312e-01
4.429128170013427734e-01
4.414575099945068359e-01
4.315168857574462891e-01
5.496854782104492188e-01
4.673013687133789062e-01
4.762158393859863281e-01
4.697425365447998047e-01
4.597132205963134766e-01
4.730644226074218750e-01
4.596142768859863281e-01
4.610452651977539062e-01
4.570264816284179688e-01
4.526872634887695312e-01
4.537389278411865234e-01
4.425005912780761719e-01
4.378945827484130859e-01
4.374396800994873047e-01
4.417135715484619141e-01
4.333426952362060547e-01
4.435274600982666016e-01
4.465916156768798828e-01
4.370195865631103516e-01
4.409596920013427734e-01
4.394900798797607422e-01
4.410343170166015625e-01
4.344756603240966797e-01
4.402630329132080078e-01
4.425840377807617188e-01
4.397256374359130859e-01
4.387383460998535156e-01
4.371407032012939453e-01
4.447722434997558594e-01
4.527494907379150391e-01
4.606075286865234375e-01
4.564142227172851562e-01
4.659328460693359375e-01
4.607408046722412109e-01
4.662361145019531250e-01
4.600987434387207031e-01
4.583556652069091797e-01
4.726269245147705078e-01
4.544439315795898438e-01
4.650983810424804688e-01
4.653174877166748047e-01
4.614932537078857422e-01
4.602971076965332031e-01
4.572794437408447266e-01
4.706103801727294922e-01
5.015618801116943359e-01
4.773788452148437500e-01
4.419336318969726562e-01
