2.608345270156860352e+00
4.200625419616699219e-01
4.200587272644042969e-01
4.263067245483398438e-01
4.531853199005126953e-01
4.499053955078125000e-01
4.497599601745605469e-01
4.541654586791992188e-01
4.521408081054687500e-01
4.290533065795898438e-01
4.187910556793212891e-01
4.121968746185302734e-01
4.222838878631591797e-01
4.178433418273925781e-01
4.346106052398681641e-01
4.159207344055175781e-01
4.137554168701171875e-01
4.209890365600585938e-01
4.192965030670166016e-01
4.219131469726562500e-01
4.293053150177001953e-01
4.785697460174560547e-01
4.985840320587158203e-01
5.051031112670898438e-01
4.051916599273681641e-01
4.547584056854248047e-01
4.962642192840576172e-01
5.039045810699462891e-01
4.917669296264648438e-01
4.441430568695068359e-01
4.564354419708251953e-01
4.632391929626464844e-01
5.337595939636230469e-01
5.081541538238525391e-01
4.968061447143554688e-01
4.513006210327148438e-01
4.546904563903808594e-01
4.871644973754882812e-01
4.581556320190429688e-01
4.503886699676513672e-01
4.689764976501464844e-01
4.526216983795166016e-01
4.484159946441650391e-01
4.707179069519042969e-01
4.506635665893554688e-01
4.514625072479248047e-01
4.528687000274658203e-01
4.169633388519287109e-01
4.205651283264160156e-01
4.184753894805908203e-01
4.211156368255615234e-01
4.216887950897216797e-01
4.292166233062744141e-01
4.242048263549804688e-01
4.209780693054199219e-01
4.286611080169677734e-01
4.230363368988037109e-01
4.239842891693115234e-01
4.210097789764404297e-01
4.203238487243652344e-01
4.196300506591796875e-01
4.161171913146972656e-01
4.196598529815673828e-01
4.159634113311767578e-01
4.146380424499511719e-01
4.196884632110595703e-01
4.205379486083984375e-01
4.166283607482910156e-01
4.137656688690185547e-01
4.163355827331542969e-01
4.229536056518554688e-01
4.153974056243896484e-01
4.170727729797363281e-01
4.173130989074707031e-01
4.164042472839355469e-01
4.172382354736328125e-01
4.161379337310791016e-01
4.181663990020751953e-01
4.811418056488037109e-01
4.831585884094238281e-01
4.974761009216308594e-01
5.522048473358154297e-01
5.359106063842773438e-01
5.210471153259277344e-01
5.344824790954589844e-01
5.378997325897216797e-01
5.105853080749511719e-01
5.194768905639648438e-01
4.790115356445312500e-01
4.729833602905273438e-01
4.381883144378662109e-01
4.350426197052001953e-01
4.134573936462402344e-01
4.120185375213623047e-01
4.145984649658203125e-01
4.261426925659179688e-01
4.224858283996582031e-01
4.218649864196777344e-01
4.174132347106933594e-01
4.200203418731689453e-01
4.207966327667236328e-01
4.221746921539306641e-01
4.270393848419189453e-01
4.325511455535888672e-01
4.270179271697998047e-01
4.225196838378906250e-01
4.248695373535156250e-01
4.227466583251953125e-01
4.240281581878662109e-01
4.284174442291259766e-01
4.230456352233886719e-01
4.284949302673339844e-01
4.247531890869140625e-01
4.225842952728271484e-01
4.269533157348632812e-01
5.119230747222900391e-01
4.188129901885986328e-01
4.353811740875244141e-01
4.200875759124755859e-01
4.353785514831542969e-01
4.430067539215087891e-01
4.101545810699462891e-01
4.233851432800292969e-01
4.289805889129638672e-01
4.737281799316406250e-01
5.021567344665527344e-01
4.282982349395751953e-01
4.303021430969238281e-01
4.337782859802246094e-01
4.294145107269287109e-01
4.271986484527587891e-01
4.219686985015869141e-01
4.273257255554199219e-01
4.216868877410888672e-01
4.195642471313476562e-01
4.211275577545166016e-01
4.187631607055664062e-01
4.212601184844970703e-01
4.194910526275634766e-01
4.305574893951416016e-01
4.241485595703125000e-01
4.300160408020019531e-01
4.232835769653320312e-01
4.571676254272460938e-01
4.331817626953125000e-01
4.340715408325195312e-01
4.294619560241699219e-01
4.297165870666503906e-01
4.307703971862792969e-01
4.289629459381103516e-01
4.476118087768554688e-01
4.403419494628906250e-01
4.857513904571533203e-01
4.329168796539306641e-01
4.339520931243896484e-01
4.354672431945800781e-01
4.367983341217041016e-01
5.122377872467041016e-01
5.012938976287841797e-01
4.315054416656494141e-01
4.292161464691162109e-01
4.310607910156250000e-01
4.297428131103515625e-01
4.275770187377929688e-01
4.204251766204833984e-01
4.187583923339843750e-01
4.221119880676269531e-01
4.227862358093261719e-01
4.221112728118896484e-01
4.189043045043945312e-01
4.230065345764160156e-01
4.238047599792480469e-01
4.261159896850585938e-01
4.226360321044921875e-01
4.280402660369873047e-01
4.268012046813964844e-01
4.316732883453369141e-01
4.260621070861816406e-01
4.224843978881835938e-01
4.767155647277832031e-01
4.273066520690917969e-01
4.317018985748291016e-01
4.377636909484863281e-01
4.345288276672363281e-01
4.385678768157958984e-01
4.334588050842285156e-01
4.347107410430908203e-01
4.397807121276855469e-01
4.316966533660888672e-01
4.322545528411865234e-01
4.360640048980712891e-01
4.344053268432617188e-01
4.962484836578369141e-01
5.328078269958496094e-01
5.008296966552734375e-01
5.090837478637695312e-01
4.784929752349853516e-01
4.468305110931396484e-01
4.256198406219482422e-01
4.289491176605224609e-01
