1.025683879852294922e+00
1.018592357635498047e+00
1.014819383621215820e+00
1.083049297332763672e+00
1.029289960861206055e+00
1.013750076293945312e+00
1.017694950103759766e+00
1.227216243743896484e+00
1.705340385437011719e+00
1.836187601089477539e+00
1.785948038101196289e+00
1.318914175033569336e+00
1.026449441909790039e+00
1.018172264099121094e+00
1.014623165130615234e+00
1.005328178405761719e+00
1.024542570114135742e+00
1.020239114761352539e+00
1.019233942031860352e+00
9.734148979187011719e-01
9.884104728698730469e-01
9.891188144683837891e-01
1.008511066436767578e+00
1.048686981201171875e+00
9.599351882934570312e-01
1.726375102996826172e+00
1.025796175003051758e+00
1.026171445846557617e+00
1.029273033142089844e+00
9.539840221405029297e-01
9.719595909118652344e-01
9.566867351531982422e-01
9.918823242187500000e-01
1.007702112197875977e+00
1.002501010894775391e+00
9.882473945617675781e-01
1.130053997039794922e+00
1.310946464538574219e+00
1.308501720428466797e+00
1.172916650772094727e+00
1.488844156265258789e+00
1.525567054748535156e+00
1.632141351699829102e+00
1.722795963287353516e+00
1.806835651397705078e+00
1.368523836135864258e+00
1.072643756866455078e+00
9.924857616424560547e-01
9.829514026641845703e-01
9.782199859619140625e-01
9.997885227203369141e-01
9.833312034606933594e-01
1.077763557434082031e+00
9.585247039794921875e-01
1.013969182968139648e+00
1.004822015762329102e+00
1.001262664794921875e+00
9.824867248535156250e-01
1.071935415267944336e+00
1.336922407150268555e+00
1.556465387344360352e+00
1.701226711273193359e+00
1.576486110687255859e+00
1.789423704147338867e+00
1.758620262145996094e+00
1.799912452697753906e+00
1.569911479949951172e+00
1.343182325363159180e+00
9.889323711395263672e-01
9.865114688873291016e-01
9.968006610870361328e-01
9.916477203369140625e-01
9.845223426818847656e-01
9.886596202850341797e-01
9.883952140808105469e-01
9.937567710876464844e-01
9.871630668640136719e-01
9.648933410644531250e-01
9.790658950805664062e-01
9.867496490478515625e-01
9.760115146636962891e-01
9.937806129455566406e-01
1.085826396942138672e+00
9.714586734771728516e-01
9.871084690093994141e-01
1.003166198730468750e+00
9.958672523498535156e-01
9.878382682800292969e-01
1.184673070907592773e+00
1.349263906478881836e+00
1.518382310867309570e+00
1.829423904418945312e+00
2.040530681610107422e+00
2.049803733825683594e+00
1.937359571456909180e+00
1.899076461791992188e+00
1.870084047317504883e+00
1.854331254959106445e+00
1.680773973464965820e+00
1.714104890823364258e+00
1.417466640472412109e+00
1.133145570755004883e+00
9.942510128021240234e-01
9.952328205108642578e-01
9.908866882324218750e-01
9.952504634857177734e-01
9.984536170959472656e-01
9.898669719696044922e-01
1.069458484649658203e+00
1.004608631134033203e+00
9.870347976684570312e-01
1.004013538360595703e+00
1.096612691879272461e+00
1.591469049453735352e+00
1.761875152587890625e+00
1.833990097045898438e+00
1.826945066452026367e+00
1.763313055038452148e+00
2.297700643539428711e+00
2.036457538604736328e+00
2.076006889343261719e+00
2.097186565399169922e+00
2.175485372543334961e+00
2.224833488464355469e+00
1.869194746017456055e+00
1.918916702270507812e+00
1.908186674118041992e+00
1.949158430099487305e+00
2.032885789871215820e+00
1.910351991653442383e+00
1.763910531997680664e+00
1.686402082443237305e+00
1.590471744537353516e+00
1.655176401138305664e+00
1.513475418090820312e+00
1.264704942703247070e+00
1.342803001403808594e+00
1.012493133544921875e+00
1.074592113494873047e+00
1.076638460159301758e+00
1.013156175613403320e+00
9.909834861755371094e-01
1.010051250457763672e+00
1.027158260345458984e+00
1.051913976669311523e+00
9.885189533233642578e-01
9.858009815216064453e-01
1.007697343826293945e+00
1.095440626144409180e+00
1.061079740524291992e+00
1.045784950256347656e+00
9.964475631713867188e-01
1.076022624969482422e+00
1.017387390136718750e+00
1.010348320007324219e+00
1.016147851943969727e+00
9.912657737731933594e-01
9.874048233032226562e-01
1.028047561645507812e+00
1.047901153564453125e+00
9.739170074462890625e-01
1.232578039169311523e+00
1.423132181167602539e+00
1.557692527770996094e+00
1.820804119110107422e+00
1.673443794250488281e+00
1.495207309722900391e+00
1.353479862213134766e+00
1.047920465469360352e+00
1.062239885330200195e+00
9.937331676483154297e-01
1.009211540222167969e+00
9.948320388793945312e-01
1.004484891891479492e+00
1.041963577270507812e+00
9.681546688079833984e-01
9.704525470733642578e-01
9.764392375946044922e-01
9.843440055847167969e-01
1.019035816192626953e+00
1.070952653884887695e+00
9.523406028747558594e-01
9.694163799285888672e-01
9.918489456176757812e-01
1.017139911651611328e+00
1.085785150527954102e+00
1.008068799972534180e+00
1.015190124511718750e+00
1.014529943466186523e+00
1.000092744827270508e+00
1.001971006393432617e+00
9.959042072296142578e-01
9.922406673431396484e-01
9.914252758026123047e-01
9.798018932342529297e-01
1.065796613693237305e+00
1.115432739257812500e+00
1.535003423690795898e+00
1.773296594619750977e+00
1.743809938430786133e+00
