1.025686740875244141e+00
1.018597126007080078e+00
1.014842987060546875e+00
1.083051204681396484e+00
1.029307126998901367e+00
1.013747453689575195e+00
1.017687320709228516e+00
1.227217674255371094e+00
1.705332040786743164e+00
1.836179018020629883e+00
1.785938024520874023e+00
1.318922042846679688e+00
1.026470899581909180e+00
1.018157482147216797e+00
1.014642238616943359e+00
1.005342483520507812e+00
1.024569988250732422e+00
1.020226240158081055e+00
1.019264459609985352e+00
9.734010696411132812e-01
9.884152412414550781e-01
9.891095161437988281e-01
1.008502960205078125e+00
1.048691034317016602e+00
9.599306583404541016e-01
1.726379394531250000e+00
1.025807619094848633e+00
1.026184558868408203e+00
1.029286146163940430e+00
9.539959430694580078e-01
9.719557762145996094e-01
9.566800594329833984e-01
9.918787479400634766e-01
1.007695436477661133e+00
1.000212907791137695e+00
9.882357120513916016e-01
1.130031108856201172e+00
1.310918092727661133e+00
1.308489322662353516e+00
1.172930240631103516e+00
1.488823652267456055e+00
1.525544881820678711e+00
1.632102727890014648e+00
1.722794055938720703e+00
1.806857109069824219e+00
1.368486404418945312e+00
1.072621345520019531e+00
9.924669265747070312e-01
9.829349517822265625e-01
9.782047271728515625e-01
9.998090267181396484e-01
9.833455085754394531e-01
1.077749729156494141e+00
9.585244655609130859e-01
1.013991117477416992e+00
1.004845857620239258e+00
1.001269340515136719e+00
9.824831485748291016e-01
1.072019577026367188e+00
1.336944818496704102e+00
1.556468486785888672e+00
1.701290369033813477e+00
1.576537609100341797e+00
1.789429426193237305e+00
1.758623123168945312e+00
1.799923658370971680e+00
1.569918870925903320e+00
1.343213319778442383e+00
9.889504909515380859e-01
9.865055084228515625e-01
9.968032836914062500e-01
9.916360378265380859e-01
9.845092296600341797e-01
9.886460304260253906e-01
9.883832931518554688e-01
9.937469959259033203e-01
9.871742725372314453e-01
9.648954868316650391e-01
9.790620803833007812e-01
9.867591857910156250e-01
9.760193824768066406e-01
9.937903881072998047e-01
1.085829257965087891e+00
9.714677333831787109e-01
9.870975017547607422e-01
1.003166198730468750e+00
9.958722591400146484e-01
9.878416061401367188e-01
1.184659481048583984e+00
1.349262237548828125e+00
1.518384933471679688e+00
1.829385042190551758e+00
2.040515899658203125e+00
2.049805641174316406e+00
1.937378406524658203e+00
1.899077892303466797e+00
1.870105981826782227e+00
1.854299545288085938e+00
1.680763244628906250e+00
1.714091062545776367e+00
1.417443752288818359e+00
1.133120059967041016e+00
9.942681789398193359e-01
9.952077865600585938e-01
9.908790588378906250e-01
9.952723979949951172e-01
9.984648227691650391e-01
9.898793697357177734e-01
1.069481611251831055e+00
1.004626750946044922e+00
9.870107173919677734e-01
1.004026889801025391e+00
1.096646785736083984e+00
1.591481685638427734e+00
1.761870145797729492e+00
1.833986282348632812e+00
1.826969861984252930e+00
1.763277292251586914e+00
2.297700643539428711e+00
2.036437273025512695e+00
2.075983285903930664e+00
2.097160100936889648e+00
2.175501585006713867e+00
2.224816083908081055e+00
1.869184732437133789e+00
1.918887138366699219e+00
1.908176422119140625e+00
1.949139118194580078e+00
2.032912254333496094e+00
1.910372018814086914e+00
1.763909101486206055e+00
1.686410188674926758e+00
1.590492725372314453e+00
1.655169486999511719e+00
1.513481616973876953e+00
1.264709711074829102e+00
1.342831850051879883e+00
1.012491226196289062e+00
1.074585437774658203e+00
1.076637744903564453e+00
1.013139247894287109e+00
9.909720420837402344e-01
1.010028600692749023e+00
1.027136564254760742e+00
1.051909923553466797e+00
9.885072708129882812e-01
9.857995510101318359e-01
1.007701635360717773e+00
1.095421791076660156e+00
1.061113595962524414e+00
1.045767068862915039e+00
9.964377880096435547e-01
1.076003551483154297e+00
1.017382860183715820e+00
1.010352849960327148e+00
1.016149997711181641e+00
9.912717342376708984e-01
9.874131679534912109e-01
1.028052330017089844e+00
1.047893285751342773e+00
9.739198684692382812e-01
1.232566595077514648e+00
1.423141479492187500e+00
1.557694911956787109e+00
1.820812702178955078e+00
1.673422813415527344e+00
1.495197772979736328e+00
1.353458642959594727e+00
1.047913551330566406e+00
1.062245130538940430e+00
9.937214851379394531e-01
1.009207248687744141e+00
9.948434829711914062e-01
1.004472255706787109e+00
1.041947603225708008e+00
9.681551456451416016e-01
9.704611301422119141e-01
9.764378070831298828e-01
9.843482971191406250e-01
1.019032001495361328e+00
1.070960521697998047e+00
9.523324966430664062e-01
9.694128036499023438e-01
9.918432235717773438e-01
1.017155170440673828e+00
1.085775375366210938e+00
1.007927894592285156e+00
1.015184879302978516e+00
1.014522314071655273e+00
1.000073909759521484e+00
1.001963853836059570e+00
9.959113597869873047e-01
9.922616481781005859e-01
9.914336204528808594e-01
9.797968864440917969e-01
1.065801143646240234e+00
1.115426540374755859e+00
1.535004615783691406e+00
1.773267030715942383e+00
1.743763208389282227e+00
