1.025678157806396484e+00
1.018594980239868164e+00
1.014816045761108398e+00
1.083035945892333984e+00
1.029281377792358398e+00
1.013746976852416992e+00
1.017676115036010742e+00
1.227205276489257812e+00
1.705332279205322266e+00
1.836186170578002930e+00
1.785943508148193359e+00
1.318898677825927734e+00
1.026441097259521484e+00
1.018171072006225586e+00
1.014614820480346680e+00
1.005325794219970703e+00
1.024529695510864258e+00
1.020237445831298828e+00
1.019232273101806641e+00
9.734063148498535156e-01
9.884014129638671875e-01
9.891147613525390625e-01
1.008504629135131836e+00
1.048681497573852539e+00
9.599258899688720703e-01
1.726364374160766602e+00
1.025779008865356445e+00
1.026176214218139648e+00
1.029272794723510742e+00
9.539792537689208984e-01
9.719491004943847656e-01
9.566791057586669922e-01
9.918813705444335938e-01
1.007700681686401367e+00
1.002496480941772461e+00
9.882416725158691406e-01
1.130049705505371094e+00
1.310941696166992188e+00
1.308493852615356445e+00
1.172933101654052734e+00
1.488844156265258789e+00
1.525567531585693359e+00
1.632145643234252930e+00
1.722801208496093750e+00
1.806839942932128906e+00
1.368514776229858398e+00
1.072634935379028320e+00
9.924771785736083984e-01
9.829499721527099609e-01
9.782073497772216797e-01
9.997773170471191406e-01
9.833216667175292969e-01
1.077751159667968750e+00
9.585151672363281250e-01
1.013963460922241211e+00
1.004810333251953125e+00
1.001244068145751953e+00
9.824814796447753906e-01
1.071934223175048828e+00
1.336912155151367188e+00
1.556453227996826172e+00
1.701196432113647461e+00
1.576466560363769531e+00
1.789418220520019531e+00
1.758612632751464844e+00
1.799916505813598633e+00
1.569905519485473633e+00
1.343169212341308594e+00
9.889175891876220703e-01
9.865045547485351562e-01
9.967956542968750000e-01
9.916422367095947266e-01
9.845118522644042969e-01
9.886574745178222656e-01
9.883937835693359375e-01
9.937484264373779297e-01
9.871561527252197266e-01
9.648866653442382812e-01
9.790658950805664062e-01
9.867427349090576172e-01
9.760081768035888672e-01
9.937624931335449219e-01
1.085831880569458008e+00
9.714553356170654297e-01
9.871058464050292969e-01
1.003164052963256836e+00
9.958631992340087891e-01
9.878365993499755859e-01
1.184658288955688477e+00
1.349256515502929688e+00
1.518377304077148438e+00
1.829404115676879883e+00
2.040510416030883789e+00
2.049783945083618164e+00
1.937344074249267578e+00
1.899074077606201172e+00
1.870068073272705078e+00
1.854324817657470703e+00
1.680771350860595703e+00
1.714100360870361328e+00
1.417470216751098633e+00
1.133145809173583984e+00
9.942526817321777344e-01
9.952275753021240234e-01
9.908838272094726562e-01
9.952466487884521484e-01
9.984405040740966797e-01
9.898571968078613281e-01
1.069446802139282227e+00
1.004603862762451172e+00
9.870157241821289062e-01
1.003997325897216797e+00
1.096583604812622070e+00
1.591454029083251953e+00
1.761862039566040039e+00
1.833974599838256836e+00
1.826929569244384766e+00
1.763302326202392578e+00
2.297700881958007812e+00
2.036442995071411133e+00
2.075987577438354492e+00
2.097175359725952148e+00
2.175470352172851562e+00
2.224830389022827148e+00
1.869189023971557617e+00
1.918904542922973633e+00
1.908182382583618164e+00
1.949151039123535156e+00
2.032866716384887695e+00
1.910350561141967773e+00
1.763901472091674805e+00
1.686394214630126953e+00
1.590462207794189453e+00
1.655169725418090820e+00
1.513461112976074219e+00
1.264698982238769531e+00
1.342792272567749023e+00
1.012485980987548828e+00
1.074588060379028320e+00
1.076632738113403320e+00
1.013153791427612305e+00
9.909741878509521484e-01
1.010043382644653320e+00
1.027152061462402344e+00
1.051913022994995117e+00
9.885118007659912109e-01
9.857926368713378906e-01
1.007691144943237305e+00
1.095435380935668945e+00
1.061074018478393555e+00
1.045784473419189453e+00
9.964435100555419922e-01
1.076023578643798828e+00
1.017387390136718750e+00
1.010338068008422852e+00
1.016143321990966797e+00
9.912559986114501953e-01
9.873998165130615234e-01
1.028037548065185547e+00
1.047893762588500977e+00
9.739058017730712891e-01
1.232577323913574219e+00
1.423115015029907227e+00
1.557678222656250000e+00
1.820796728134155273e+00
1.673427343368530273e+00
1.495190143585205078e+00
1.353464603424072266e+00
1.047906398773193359e+00
1.062237739562988281e+00
9.937264919281005859e-01
1.009199857711791992e+00
9.948246479034423828e-01
1.004478931427001953e+00
1.041958093643188477e+00
9.681396484375000000e-01
9.704456329345703125e-01
9.764263629913330078e-01
9.843354225158691406e-01
1.019030809402465820e+00
1.070949554443359375e+00
9.523370265960693359e-01
9.694066047668457031e-01
9.918382167816162109e-01
1.017133712768554688e+00
1.085781574249267578e+00
1.007906198501586914e+00
1.015179157257080078e+00
1.014523267745971680e+00
1.000091314315795898e+00
1.001960754394531250e+00
9.958915710449218750e-01
9.922294616699218750e-01
9.914188385009765625e-01
9.797923564910888672e-01
1.065791845321655273e+00
1.115426540374755859e+00
1.535004377365112305e+00
1.773287057876586914e+00
1.743796825408935547e+00
