1.025684118270874023e+00
1.018595457077026367e+00
1.014834165573120117e+00
1.083051204681396484e+00
1.029300451278686523e+00
1.013741731643676758e+00
1.017683267593383789e+00
1.227192401885986328e+00
1.705316781997680664e+00
1.836168766021728516e+00
1.785934209823608398e+00
1.318917751312255859e+00
1.026479005813598633e+00
1.018151998519897461e+00
1.014636516571044922e+00
1.005339384078979492e+00
1.024564027786254883e+00
1.020222425460815430e+00
1.019261837005615234e+00
9.733941555023193359e-01
9.884085655212402344e-01
9.891052246093750000e-01
1.008502006530761719e+00
1.048689842224121094e+00
9.599223136901855469e-01
1.726377964019775391e+00
1.025804519653320312e+00
1.026181936264038086e+00
1.029287576675415039e+00
9.539945125579833984e-01
9.719576835632324219e-01
9.566805362701416016e-01
9.918751716613769531e-01
1.007693290710449219e+00
1.000209331512451172e+00
9.882347583770751953e-01
1.130040884017944336e+00
1.310918092727661133e+00
1.308486938476562500e+00
1.172928333282470703e+00
1.488832950592041016e+00
1.525554418563842773e+00
1.632119894027709961e+00
1.722802877426147461e+00
1.806846380233764648e+00
1.368481397628784180e+00
1.072614908218383789e+00
9.924683570861816406e-01
9.829332828521728516e-01
9.782040119171142578e-01
9.998090267181396484e-01
9.833419322967529297e-01
1.077743530273437500e+00
9.585216045379638672e-01
1.013986587524414062e+00
1.004840135574340820e+00
1.001270532608032227e+00
9.824829101562500000e-01
1.072018623352050781e+00
1.336935997009277344e+00
1.556465387344360352e+00
1.701280593872070312e+00
1.576536417007446289e+00
1.789428949356079102e+00
1.758624553680419922e+00
1.799920320510864258e+00
1.569917440414428711e+00
1.343213081359863281e+00
9.889454841613769531e-01
9.865005016326904297e-01
9.967975616455078125e-01
9.916279315948486328e-01
9.845085144042968750e-01
9.886441230773925781e-01
9.883818626403808594e-01
9.937462806701660156e-01
9.871699810028076172e-01
9.648928642272949219e-01
9.790592193603515625e-01
9.867582321166992188e-01
9.760117530822753906e-01
9.937877655029296875e-01
1.085826873779296875e+00
9.714660644531250000e-01
9.870984554290771484e-01
1.003165483474731445e+00
9.958665370941162109e-01
9.878332614898681641e-01
1.184657335281372070e+00
1.349256992340087891e+00
1.518372535705566406e+00
1.829403162002563477e+00
2.040512800216674805e+00
2.049795627593994141e+00
1.937375068664550781e+00
1.899071216583251953e+00
1.870103597640991211e+00
1.854302406311035156e+00
1.680758476257324219e+00
1.714091300964355469e+00
1.417444467544555664e+00
1.133116006851196289e+00
9.942631721496582031e-01
9.952039718627929688e-01
9.908745288848876953e-01
9.952673912048339844e-01
9.984612464904785156e-01
9.898777008056640625e-01
1.069479703903198242e+00
1.004621267318725586e+00
9.870266914367675781e-01
1.004026651382446289e+00
1.096647024154663086e+00
1.591480016708374023e+00
1.761871099472045898e+00
1.833978652954101562e+00
1.826970100402832031e+00
1.763262033462524414e+00
2.297700405120849609e+00
2.036436557769775391e+00
2.075985670089721680e+00
2.097153186798095703e+00
2.175493955612182617e+00
2.224818229675292969e+00
1.869186401367187500e+00
1.918888568878173828e+00
1.908183813095092773e+00
1.949140071868896484e+00
2.032889127731323242e+00
1.910365819931030273e+00
1.763903856277465820e+00
1.686403751373291016e+00
1.590486526489257812e+00
1.655164480209350586e+00
1.513475894927978516e+00
1.264712810516357422e+00
1.342827081680297852e+00
1.012487888336181641e+00
1.074582815170288086e+00
1.076636314392089844e+00
1.013137817382812500e+00
9.909660816192626953e-01
1.010028839111328125e+00
1.027137517929077148e+00
1.051903009414672852e+00
9.885041713714599609e-01
9.857947826385498047e-01
1.007703304290771484e+00
1.095423221588134766e+00
1.061106204986572266e+00
1.045770883560180664e+00
9.964344501495361328e-01
1.076004028320312500e+00
1.017378330230712891e+00
1.010346651077270508e+00
1.016148805618286133e+00
9.912672042846679688e-01
9.874069690704345703e-01
1.028047323226928711e+00
1.047889471054077148e+00
9.739153385162353516e-01
1.232565164566040039e+00
1.423137903213500977e+00
1.557701587677001953e+00
1.820813894271850586e+00
1.673434734344482422e+00
1.495211839675903320e+00
1.353448390960693359e+00
1.047906398773193359e+00
1.062241315841674805e+00
9.937186241149902344e-01
1.009203672409057617e+00
9.948413372039794922e-01
1.004469394683837891e+00
1.041947126388549805e+00
9.681529998779296875e-01
9.704585075378417969e-01
9.764406681060791016e-01
9.843490123748779297e-01
1.019027709960937500e+00
1.070956945419311523e+00
9.523282051086425781e-01
9.694099426269531250e-01
9.918375015258789062e-01
1.017153501510620117e+00
1.085772991180419922e+00
1.007921218872070312e+00
1.015177011489868164e+00
1.014520406723022461e+00
1.000072717666625977e+00
1.001962900161743164e+00
9.959197044372558594e-01
9.922547340393066406e-01
9.914307594299316406e-01
9.797956943511962891e-01
1.065792798995971680e+00
1.115437746047973633e+00
1.535000324249267578e+00
1.773268938064575195e+00
1.743764638900756836e+00
