1.529341459274291992e+00
1.425456762313842773e+00
1.401277303695678711e+00
1.438660383224487305e+00
1.331284999847412109e+00
1.339722156524658203e+00
1.372304677963256836e+00
1.341073036193847656e+00
1.454646110534667969e+00
1.332381486892700195e+00
1.368063211441040039e+00
1.328383207321166992e+00
1.440857887268066406e+00
1.480968475341796875e+00
1.441524982452392578e+00
1.474409341812133789e+00
1.466818094253540039e+00
1.376434803009033203e+00
1.346080541610717773e+00
1.356805801391601562e+00
1.424171209335327148e+00
1.380875349044799805e+00
1.416187524795532227e+00
1.524852514266967773e+00
1.282943964004516602e+00
1.459074258804321289e+00
1.325776815414428711e+00
1.379090309143066406e+00
1.318997383117675781e+00
1.271265029907226562e+00
1.260601043701171875e+00
1.278736352920532227e+00
1.253465414047241211e+00
1.253383159637451172e+00
1.273453474044799805e+00
1.257610321044921875e+00
1.248368740081787109e+00
1.271289348602294922e+00
1.269431829452514648e+00
1.254428386688232422e+00
1.259741783142089844e+00
1.272411823272705078e+00
1.249345779418945312e+00
1.255621910095214844e+00
1.274679183959960938e+00
1.248070001602172852e+00
1.251079797744750977e+00
1.267822504043579102e+00
1.265896797180175781e+00
1.244824171066284180e+00
1.279927253723144531e+00
1.260913610458374023e+00
1.344917535781860352e+00
1.265745162963867188e+00
1.263701677322387695e+00
1.261977910995483398e+00
1.264125585556030273e+00
1.284828662872314453e+00
1.267944097518920898e+00
1.251441001892089844e+00
1.274427175521850586e+00
1.259849548339843750e+00
1.344481229782104492e+00
1.268494844436645508e+00
1.261831521987915039e+00
1.248457431793212891e+00
1.256512641906738281e+00
1.274006128311157227e+00
1.256712436676025391e+00
1.249205350875854492e+00
1.282525539398193359e+00
1.255983114242553711e+00
1.248329877853393555e+00
1.263741731643676758e+00
1.273143768310546875e+00
1.252235412597656250e+00
1.248181104660034180e+00
1.279475688934326172e+00
1.246894598007202148e+00
1.254258155822753906e+00
1.277994155883789062e+00
1.254906654357910156e+00
1.263751745223999023e+00
1.275413751602172852e+00
1.264898300170898438e+00
1.256676197052001953e+00
1.273295879364013672e+00
1.258386611938476562e+00
1.253831863403320312e+00
1.264818429946899414e+00
1.268723964691162109e+00
1.254161357879638672e+00
1.338913679122924805e+00
1.275652885437011719e+00
1.255075454711914062e+00
1.253630161285400391e+00
1.272188663482666016e+00
1.254691123962402344e+00
1.266072273254394531e+00
1.247473001480102539e+00
1.280230760574340820e+00
1.249246835708618164e+00
1.248904705047607422e+00
1.346708059310913086e+00
1.267501354217529297e+00
1.263244867324829102e+00
1.260350704193115234e+00
1.275692462921142578e+00
1.262789011001586914e+00
1.253550529479980469e+00
1.259263038635253906e+00
1.259391307830810547e+00
1.261209726333618164e+00
1.249663114547729492e+00
1.280455112457275391e+00
1.265718460083007812e+00
1.257954359054565430e+00
1.266747951507568359e+00
1.367146730422973633e+00
1.258916139602661133e+00
1.265125989913940430e+00
1.272935390472412109e+00
1.258093595504760742e+00
1.265529632568359375e+00
1.277653932571411133e+00
1.259839057922363281e+00
1.252361536026000977e+00
1.256369113922119141e+00
1.357218503952026367e+00
1.249895572662353516e+00
1.268911838531494141e+00
1.276492834091186523e+00
1.271943092346191406e+00
1.357811212539672852e+00
1.272993087768554688e+00
1.264667034149169922e+00
1.258711338043212891e+00
1.252763271331787109e+00
1.370553970336914062e+00
1.260683536529541016e+00
1.254544973373413086e+00
1.273343801498413086e+00
1.260237932205200195e+00
1.353871345520019531e+00
1.249373912811279297e+00
1.282959699630737305e+00
1.270257949829101562e+00
1.253809690475463867e+00
1.258342981338500977e+00
1.266633510589599609e+00
1.248228073120117188e+00
1.276280879974365234e+00
1.269793987274169922e+00
1.246922492980957031e+00
1.261340618133544922e+00
1.272436618804931641e+00
1.254673719406127930e+00
1.260185241699218750e+00
1.371937990188598633e+00
1.259245872497558594e+00
1.255879640579223633e+00
1.272594928741455078e+00
1.265539646148681641e+00
1.250719785690307617e+00
1.282216787338256836e+00
1.258276462554931641e+00
1.251541137695312500e+00
1.287188291549682617e+00
1.304797649383544922e+00
1.389490365982055664e+00
1.294476747512817383e+00
1.328417539596557617e+00
1.312940120697021484e+00
1.315837383270263672e+00
1.449104785919189453e+00
1.348841667175292969e+00
1.342281103134155273e+00
1.350719213485717773e+00
1.365578651428222656e+00
1.463212490081787109e+00
1.357874393463134766e+00
1.355035066604614258e+00
1.329039573669433594e+00
1.320054769515991211e+00
1.433506250381469727e+00
1.305063962936401367e+00
1.298803567886352539e+00
1.295824050903320312e+00
1.314112186431884766e+00
1.288068294525146484e+00
1.277249097824096680e+00
1.275517225265502930e+00
1.271811485290527344e+00
1.264108180999755859e+00
1.259826421737670898e+00
1.268007040023803711e+00
1.253450870513916016e+00
1.254993915557861328e+00
1.267232894897460938e+00
1.257620334625244141e+00
