1.529333353042602539e+00
1.425457000732421875e+00
1.401275396347045898e+00
1.438573598861694336e+00
1.331294775009155273e+00
1.339748859405517578e+00
1.372305870056152344e+00
1.341084957122802734e+00
1.454653739929199219e+00
1.332380294799804688e+00
1.368067741394042969e+00
1.328385829925537109e+00
1.440872669219970703e+00
1.480967044830322266e+00
1.441535949707031250e+00
1.474421739578247070e+00
1.466809034347534180e+00
1.376451015472412109e+00
1.346092462539672852e+00
1.356858015060424805e+00
1.424172163009643555e+00
1.380875587463378906e+00
1.416195392608642578e+00
1.524844169616699219e+00
1.282951593399047852e+00
1.459079742431640625e+00
1.325786113739013672e+00
1.379093408584594727e+00
1.318998575210571289e+00
1.271265983581542969e+00
1.260608196258544922e+00
1.278750658035278320e+00
1.253476619720458984e+00
1.253396272659301758e+00
1.273468494415283203e+00
1.257617950439453125e+00
1.248378753662109375e+00
1.271289587020874023e+00
1.269437551498413086e+00
1.254439830780029297e+00
1.259759664535522461e+00
1.272420644760131836e+00
1.249349594116210938e+00
1.255637884140014648e+00
1.274683952331542969e+00
1.248080492019653320e+00
1.251089334487915039e+00
1.267834901809692383e+00
1.265895605087280273e+00
1.244838953018188477e+00
1.279927730560302734e+00
1.260928153991699219e+00
1.344926357269287109e+00
1.265764713287353516e+00
1.263705968856811523e+00
1.261970758438110352e+00
1.264125108718872070e+00
1.284832239151000977e+00
1.267947435379028320e+00
1.251463174819946289e+00
1.274436712265014648e+00
1.259858131408691406e+00
1.344473123550415039e+00
1.268503904342651367e+00
1.261840105056762695e+00
1.248463869094848633e+00
1.256522893905639648e+00
1.274013996124267578e+00
1.256722927093505859e+00
1.249210596084594727e+00
1.282531023025512695e+00
1.255979537963867188e+00
1.248351573944091797e+00
1.263747930526733398e+00
1.273156166076660156e+00
1.252238273620605469e+00
1.248192787170410156e+00
1.279485464096069336e+00
1.246888160705566406e+00
1.254276752471923828e+00
1.277979135513305664e+00
1.254908084869384766e+00
1.263749837875366211e+00
1.275412559509277344e+00
1.264907598495483398e+00
1.256689786911010742e+00
1.273298978805541992e+00
1.258404254913330078e+00
1.253851652145385742e+00
1.264814615249633789e+00
1.268723487854003906e+00
1.254171133041381836e+00
1.338923931121826172e+00
1.275653600692749023e+00
1.255078792572021484e+00
1.253643751144409180e+00
1.272189378738403320e+00
1.254689455032348633e+00
1.266064167022705078e+00
1.247486591339111328e+00
1.280238628387451172e+00
1.249245166778564453e+00
1.248932838439941406e+00
1.346729755401611328e+00
1.267503738403320312e+00
1.263277769088745117e+00
1.260364055633544922e+00
1.275698423385620117e+00
1.262777090072631836e+00
1.253549098968505859e+00
1.259286880493164062e+00
1.259406089782714844e+00
1.261212110519409180e+00
1.249673128128051758e+00
1.280459642410278320e+00
1.265732526779174805e+00
1.257954835891723633e+00
1.266754388809204102e+00
1.367164134979248047e+00
1.258917808532714844e+00
1.265141010284423828e+00
1.272926568984985352e+00
1.258083820343017578e+00
1.265535593032836914e+00
1.277666807174682617e+00
1.259856224060058594e+00
1.252382993698120117e+00
1.256373882293701172e+00
1.357230424880981445e+00
1.249895811080932617e+00
1.268911838531494141e+00
1.276511669158935547e+00
1.271964550018310547e+00
1.357823848724365234e+00
1.272992134094238281e+00
1.264693260192871094e+00
1.258704900741577148e+00
1.252777576446533203e+00
1.370560884475708008e+00
1.260692358016967773e+00
1.254546642303466797e+00
1.273335218429565430e+00
1.260261058807373047e+00
1.353888511657714844e+00
1.249391555786132812e+00
1.282952785491943359e+00
1.270264148712158203e+00
1.253828287124633789e+00
1.258350610733032227e+00
1.266629934310913086e+00
1.248225927352905273e+00
1.276288509368896484e+00
1.269812345504760742e+00
1.246950387954711914e+00
1.261353731155395508e+00
1.272433757781982422e+00
1.254683017730712891e+00
1.260204315185546875e+00
1.371950387954711914e+00
1.259257078170776367e+00
1.255880355834960938e+00
1.272595643997192383e+00
1.265549421310424805e+00
1.250733613967895508e+00
1.282224655151367188e+00
1.258295297622680664e+00
1.251576185226440430e+00
1.287201166152954102e+00
1.304814577102661133e+00
1.389500617980957031e+00
1.294491291046142578e+00
1.328410148620605469e+00
1.312956571578979492e+00
1.315845966339111328e+00
1.449110269546508789e+00
1.348849296569824219e+00
1.342272520065307617e+00
1.350720882415771484e+00
1.365576505661010742e+00
1.463226795196533203e+00
1.357880115509033203e+00
1.355039834976196289e+00
1.329042196273803711e+00
1.320054054260253906e+00
1.433501720428466797e+00
1.305072069168090820e+00
1.298793077468872070e+00
1.295824766159057617e+00
1.314122438430786133e+00
1.288069009780883789e+00
1.277259349822998047e+00
1.275526285171508789e+00
1.271811008453369141e+00
1.264118432998657227e+00
1.259815216064453125e+00
1.268007278442382812e+00
1.253455638885498047e+00
1.255020380020141602e+00
1.267251968383789062e+00
1.257630825042724609e+00
