2.149835109710693359e+00
4.540922641754150391e-01
4.545879364013671875e-01
4.570312500000000000e-01
4.556446075439453125e-01
4.586482048034667969e-01
4.611868858337402344e-01
4.616067409515380859e-01
4.622991085052490234e-01
4.648385047912597656e-01
4.658620357513427734e-01
4.658274650573730469e-01
4.634866714477539062e-01
4.597458839416503906e-01
4.615218639373779297e-01
4.570693969726562500e-01
4.573297500610351562e-01
4.588799476623535156e-01
4.587230682373046875e-01
4.566824436187744141e-01
4.567587375640869141e-01
4.535179138183593750e-01
4.544582366943359375e-01
4.548828601837158203e-01
4.494731426239013672e-01
4.672520160675048828e-01
4.634995460510253906e-01
4.596402645111083984e-01
4.554805755615234375e-01
4.315545558929443359e-01
4.296467304229736328e-01
4.293527603149414062e-01
4.294409751892089844e-01
4.306409358978271484e-01
4.296910762786865234e-01
4.294576644897460938e-01
4.313588142395019531e-01
4.303607940673828125e-01
4.301369190216064453e-01
4.321227073669433594e-01
4.296593666076660156e-01
4.299800395965576172e-01
4.314930438995361328e-01
4.292223453521728516e-01
4.303717613220214844e-01
4.301204681396484375e-01
4.320862293243408203e-01
4.315848350524902344e-01
4.310441017150878906e-01
4.314007759094238281e-01
4.326901435852050781e-01
4.321725368499755859e-01
4.331529140472412109e-01
4.331889152526855469e-01
4.330885410308837891e-01
4.332993030548095703e-01
4.325404167175292969e-01
4.365770816802978516e-01
4.347503185272216797e-01
4.354195594787597656e-01
4.365279674530029297e-01
4.354617595672607422e-01
4.354784488677978516e-01
4.377446174621582031e-01
4.366168975830078125e-01
4.345817565917968750e-01
4.341990947723388672e-01
4.360513687133789062e-01
4.347140789031982422e-01
4.356498718261718750e-01
4.370355606079101562e-01
4.388172626495361328e-01
4.374594688415527344e-01
4.366192817687988281e-01
4.390890598297119141e-01
4.393458366394042969e-01
4.368727207183837891e-01
4.391217231750488281e-01
4.372079372406005859e-01
4.379248619079589844e-01
4.398908615112304688e-01
4.389352798461914062e-01
4.381015300750732422e-01
4.389021396636962891e-01
4.402210712432861328e-01
4.369888305664062500e-01
4.364345073699951172e-01
4.387726783752441406e-01
4.381165504455566406e-01
4.386568069458007812e-01
4.377501010894775391e-01
4.382872581481933594e-01
4.372172355651855469e-01
4.357872009277343750e-01
4.389812946319580078e-01
4.399425983428955078e-01
4.376299381256103516e-01
4.391357898712158203e-01
4.381635189056396484e-01
4.389798641204833984e-01
4.411520957946777344e-01
4.416980743408203125e-01
4.404463768005371094e-01
4.404549598693847656e-01
4.423551559448242188e-01
4.413039684295654297e-01
4.402375221252441406e-01
4.398410320281982422e-01
4.387297630310058594e-01
4.394431114196777344e-01
4.391179084777832031e-01
4.409415721893310547e-01
4.384307861328125000e-01
4.395401477813720703e-01
4.383444786071777344e-01
4.392194747924804688e-01
4.412825107574462891e-01
4.381318092346191406e-01
4.390559196472167969e-01
4.393954277038574219e-01
4.406960010528564453e-01
4.402341842651367188e-01
4.403438568115234375e-01
4.383058547973632812e-01
4.410791397094726562e-01
4.405808448791503906e-01
4.399094581604003906e-01
4.402554035186767578e-01
4.427890777587890625e-01
4.427125453948974609e-01
4.426662921905517578e-01
4.404816627502441406e-01
4.458198547363281250e-01
4.483530521392822266e-01
4.412679672241210938e-01
4.402649402618408203e-01
4.418859481811523438e-01
4.395184516906738281e-01
4.417505264282226562e-01
4.428300857543945312e-01
4.415390491485595703e-01
4.421014785766601562e-01
4.385263919830322266e-01
4.399094581604003906e-01
4.373183250427246094e-01
4.417009353637695312e-01
4.429385662078857422e-01
4.392735958099365234e-01
4.426865577697753906e-01
4.436767101287841797e-01
4.408869743347167969e-01
4.448845386505126953e-01
4.435386657714843750e-01
4.426217079162597656e-01
4.415020942687988281e-01
4.428102970123291016e-01
4.382555484771728516e-01
4.413969516754150391e-01
4.430682659149169922e-01
4.422917366027832031e-01
4.417581558227539062e-01
4.417955875396728516e-01
4.437458515167236328e-01
4.421021938323974609e-01
4.427759647369384766e-01
4.437985420227050781e-01
4.405713081359863281e-01
4.430549144744873047e-01
4.423310756683349609e-01
4.448249340057373047e-01
4.406893253326416016e-01
4.430351257324218750e-01
4.441287517547607422e-01
4.408288002014160156e-01
4.397172927856445312e-01
4.355504512786865234e-01
4.372465610504150391e-01
4.375030994415283203e-01
4.368984699249267578e-01
4.362111091613769531e-01
4.336283206939697266e-01
4.319949150085449219e-01
4.354329109191894531e-01
4.347345829010009766e-01
4.341592788696289062e-01
4.348742961883544922e-01
4.345526695251464844e-01
4.372618198394775391e-01
4.349405765533447266e-01
4.347071647644042969e-01
4.336986541748046875e-01
4.349238872528076172e-01
4.358832836151123047e-01
4.355194568634033203e-01
4.355747699737548828e-01
4.336116313934326172e-01
4.350318908691406250e-01
4.357860088348388672e-01
4.347071647644042969e-01
4.340682029724121094e-01
