1.529340744018554688e+00
1.425464630126953125e+00
1.401256561279296875e+00
1.438575029373168945e+00
1.331286430358886719e+00
1.339726924896240234e+00
1.372302293777465820e+00
1.341079235076904297e+00
1.454643964767456055e+00
1.332383155822753906e+00
1.368064403533935547e+00
1.328388452529907227e+00
1.440860033035278320e+00
1.480955839157104492e+00
1.441531658172607422e+00
1.474412441253662109e+00
1.466816663742065430e+00
1.376424312591552734e+00
1.346084117889404297e+00
1.356810808181762695e+00
1.424180507659912109e+00
1.380882740020751953e+00
1.416191577911376953e+00
1.524859428405761719e+00
1.282950162887573242e+00
1.459104537963867188e+00
1.325780391693115234e+00
1.379087686538696289e+00
1.319004297256469727e+00
1.271268129348754883e+00
1.260600805282592773e+00
1.278737306594848633e+00
1.253469705581665039e+00
1.253389835357666016e+00
1.273457050323486328e+00
1.257615327835083008e+00
1.248367071151733398e+00
1.271287202835083008e+00
1.269433021545410156e+00
1.254430055618286133e+00
1.259744167327880859e+00
1.272414445877075195e+00
1.249350547790527344e+00
1.255628585815429688e+00
1.274685144424438477e+00
1.248071193695068359e+00
1.251084804534912109e+00
1.267820358276367188e+00
1.265902757644653320e+00
1.244827270507812500e+00
1.279933214187622070e+00
1.260919094085693359e+00
1.344917774200439453e+00
1.265747308731079102e+00
1.263705253601074219e+00
1.261978149414062500e+00
1.264130592346191406e+00
1.284833669662475586e+00
1.267949581146240234e+00
1.251438379287719727e+00
1.274429798126220703e+00
1.259853363037109375e+00
1.344482898712158203e+00
1.268493652343750000e+00
1.261842966079711914e+00
1.248465776443481445e+00
1.256517410278320312e+00
1.274007320404052734e+00
1.256721496582031250e+00
1.249218463897705078e+00
1.282532691955566406e+00
1.255991935729980469e+00
1.248334407806396484e+00
1.263746023178100586e+00
1.273149251937866211e+00
1.252235412597656250e+00
1.248186111450195312e+00
1.279489278793334961e+00
1.246892690658569336e+00
1.254261970520019531e+00
1.277989625930786133e+00
1.254907369613647461e+00
1.263752698898315430e+00
1.275415658950805664e+00
1.264902114868164062e+00
1.256682157516479492e+00
1.273291826248168945e+00
1.258391141891479492e+00
1.253836631774902344e+00
1.264824628829956055e+00
1.268726348876953125e+00
1.254163503646850586e+00
1.338915824890136719e+00
1.275655508041381836e+00
1.255075454711914062e+00
1.253642559051513672e+00
1.272189617156982422e+00
1.254693269729614258e+00
1.266071796417236328e+00
1.247484922409057617e+00
1.280231237411499023e+00
1.249247074127197266e+00
1.248908996582031250e+00
1.346708297729492188e+00
1.267502069473266602e+00
1.263233661651611328e+00
1.260354280471801758e+00
1.275698423385620117e+00
1.262789964675903320e+00
1.253552436828613281e+00
1.259264707565307617e+00
1.259395837783813477e+00
1.261218547821044922e+00
1.249666690826416016e+00
1.280458450317382812e+00
1.265718698501586914e+00
1.257955789566040039e+00
1.266750335693359375e+00
1.367154598236083984e+00
1.258922338485717773e+00
1.265128612518310547e+00
1.272933483123779297e+00
1.258090734481811523e+00
1.265531539916992188e+00
1.277657747268676758e+00
1.259839773178100586e+00
1.252362012863159180e+00
1.256375551223754883e+00
1.357224941253662109e+00
1.249900102615356445e+00
1.268914699554443359e+00
1.276501893997192383e+00
1.271947383880615234e+00
1.357814788818359375e+00
1.272993803024291992e+00
1.264668703079223633e+00
1.258709907531738281e+00
1.252766370773315430e+00
1.370561599731445312e+00
1.260687351226806641e+00
1.254549980163574219e+00
1.273340463638305664e+00
1.260245084762573242e+00
1.353875637054443359e+00
1.249373912811279297e+00
1.282960653305053711e+00
1.270259141921997070e+00
1.253812789916992188e+00
1.258344411849975586e+00
1.266633510589599609e+00
1.248227119445800781e+00
1.276279211044311523e+00
1.269796848297119141e+00
1.246923208236694336e+00
1.261350870132446289e+00
1.272436141967773438e+00
1.254674911499023438e+00
1.260199546813964844e+00
1.371947288513183594e+00
1.259247541427612305e+00
1.255880832672119141e+00
1.272612571716308594e+00
1.265542745590209961e+00
1.250724315643310547e+00
1.282217979431152344e+00
1.258279323577880859e+00
1.251544952392578125e+00
1.287202119827270508e+00
1.304804563522338867e+00
1.389492988586425781e+00
1.294478178024291992e+00
1.328430891036987305e+00
1.312947750091552734e+00
1.315847158432006836e+00
1.449107646942138672e+00
1.348851442337036133e+00
1.342281103134155273e+00
1.350723266601562500e+00
1.365583181381225586e+00
1.463221788406372070e+00
1.357878923416137695e+00
1.355033397674560547e+00
1.329042911529541016e+00
1.320060253143310547e+00
1.433506965637207031e+00
1.305071115493774414e+00
1.298810958862304688e+00
1.295830249786376953e+00
1.314114570617675781e+00
1.288075208663940430e+00
1.277252197265625000e+00
1.275521039962768555e+00
1.271816015243530273e+00
1.264110803604125977e+00
1.259824991226196289e+00
1.268007993698120117e+00
1.253457784652709961e+00
1.254996061325073242e+00
1.267237663269042969e+00
1.257625102996826172e+00
