2.213818550109863281e+00
4.831688404083251953e-01
4.668455123901367188e-01
4.741199016571044922e-01
4.701588153839111328e-01
4.723935127258300781e-01
4.707279205322265625e-01
4.745249748229980469e-01
4.739549160003662109e-01
4.733312129974365234e-01
4.731051921844482422e-01
4.697973728179931641e-01
4.656236171722412109e-01
4.679136276245117188e-01
4.683980941772460938e-01
4.629135131835937500e-01
4.582154750823974609e-01
4.641704559326171875e-01
4.587912559509277344e-01
4.640891551971435547e-01
4.637856483459472656e-01
4.585139751434326172e-01
4.582397937774658203e-01
4.576981067657470703e-01
4.519622325897216797e-01
4.748723506927490234e-01
4.665341377258300781e-01
4.643807411193847656e-01
4.623515605926513672e-01
4.282565116882324219e-01
4.272251129150390625e-01
4.270637035369873047e-01
4.308803081512451172e-01
4.288973808288574219e-01
4.300990104675292969e-01
4.279925823211669922e-01
4.297666549682617188e-01
4.267802238464355469e-01
4.258985519409179688e-01
4.254739284515380859e-01
4.252500534057617188e-01
4.248802661895751953e-01
4.242348670959472656e-01
4.254372119903564453e-01
4.257984161376953125e-01
4.250047206878662109e-01
4.269282817840576172e-01
4.256739616394042969e-01
4.261395931243896484e-01
4.275569915771484375e-01
4.270691871643066406e-01
4.316813945770263672e-01
4.282174110412597656e-01
4.276580810546875000e-01
4.285180568695068359e-01
4.279086589813232422e-01
4.293205738067626953e-01
4.277527332305908203e-01
4.308114051818847656e-01
4.284043312072753906e-01
4.306774139404296875e-01
4.309182167053222656e-01
4.284188747406005859e-01
4.286189079284667969e-01
4.288482666015625000e-01
4.292728900909423828e-01
4.311189651489257812e-01
4.288008213043212891e-01
4.309365749359130859e-01
4.300761222839355469e-01
4.368679523468017578e-01
4.314458370208740234e-01
4.305846691131591797e-01
4.319980144500732422e-01
4.317085742950439453e-01
4.311304092407226562e-01
4.307281970977783203e-01
4.326941967010498047e-01
4.337215423583984375e-01
4.336681365966796875e-01
4.322729110717773438e-01
4.335491657257080078e-01
4.346978664398193359e-01
4.336791038513183594e-01
4.303658008575439453e-01
4.305446147918701172e-01
4.307348728179931641e-01
4.297854900360107422e-01
4.352958202362060547e-01
4.329602718353271484e-01
4.316732883453369141e-01
4.338381290435791016e-01
4.322535991668701172e-01
4.369165897369384766e-01
4.338788986206054688e-01
4.356107711791992188e-01
4.328203201293945312e-01
4.339857101440429688e-01
4.364647865295410156e-01
4.330739974975585938e-01
4.354765415191650391e-01
4.337377548217773438e-01
4.328536987304687500e-01
4.331486225128173828e-01
4.344964027404785156e-01
4.347879886627197266e-01
4.363722801208496094e-01
4.351694583892822266e-01
4.358525276184082031e-01
4.384717941284179688e-01
4.347991943359375000e-01
4.337182044982910156e-01
4.337341785430908203e-01
4.331233501434326172e-01
4.332244396209716797e-01
4.339175224304199219e-01
4.346153736114501953e-01
4.359552860260009766e-01
4.353227615356445312e-01
4.342694282531738281e-01
4.361627101898193359e-01
4.355001449584960938e-01
4.365019798278808594e-01
4.349560737609863281e-01
4.370512962341308594e-01
4.342396259307861328e-01
4.348390102386474609e-01
4.328043460845947266e-01
4.358475208282470703e-01
4.363176822662353516e-01
4.405426979064941406e-01
4.388062953948974609e-01
4.412465095520019531e-01
4.403669834136962891e-01
4.367351531982421875e-01
4.344220161437988281e-01
4.358754158020019531e-01
4.366478919982910156e-01
4.347529411315917969e-01
4.352335929870605469e-01
4.334053993225097656e-01
4.358322620391845703e-01
4.369387626647949219e-01
4.347891807556152344e-01
4.347627162933349609e-01
4.326829910278320312e-01
4.317483901977539062e-01
4.334568977355957031e-01
4.309544563293457031e-01
4.331691265106201172e-01
4.318726062774658203e-01
4.317538738250732422e-01
4.334220886230468750e-01
4.316370487213134766e-01
4.328374862670898438e-01
4.295926094055175781e-01
4.324755668640136719e-01
4.273612499237060547e-01
4.294865131378173828e-01
4.292542934417724609e-01
4.305102825164794922e-01
4.324390888214111328e-01
4.304635524749755859e-01
4.323978424072265625e-01
4.292304515838623047e-01
4.290201663970947266e-01
4.298217296600341797e-01
4.284543991088867188e-01
4.274961948394775391e-01
4.279813766479492188e-01
4.273238182067871094e-01
4.267525672912597656e-01
4.281599521636962891e-01
4.274013042449951172e-01
4.265007972717285156e-01
4.262778759002685547e-01
4.248983860015869141e-01
4.241948127746582031e-01
4.232320785522460938e-01
4.213213920593261719e-01
4.203996658325195312e-01
4.213218688964843750e-01
4.231560230255126953e-01
4.213254451751708984e-01
4.214990139007568359e-01
4.211483001708984375e-01
4.221005439758300781e-01
4.208970069885253906e-01
4.200191497802734375e-01
4.195580482482910156e-01
4.202301502227783203e-01
4.202506542205810547e-01
4.194359779357910156e-01
4.205598831176757812e-01
4.187252521514892578e-01
4.199938774108886719e-01
4.189240932464599609e-01
4.204666614532470703e-01
4.227776527404785156e-01
4.209613800048828125e-01
