2.079494476318359375e+00
4.627869129180908203e-01
4.599773883819580078e-01
4.678251743316650391e-01
4.639983177185058594e-01
4.686117172241210938e-01
4.694457054138183594e-01
4.703428745269775391e-01
4.703366756439208984e-01
4.715759754180908203e-01
4.760015010833740234e-01
4.695594310760498047e-01
4.703071117401123047e-01
4.658982753753662109e-01
4.681091308593750000e-01
4.661490917205810547e-01
4.613170623779296875e-01
4.637019634246826172e-01
4.633128643035888672e-01
4.591977596282958984e-01
4.611978530883789062e-01
4.577097892761230469e-01
4.590265750885009766e-01
4.602537155151367188e-01
4.568927288055419922e-01
4.738562107086181641e-01
4.695363044738769531e-01
4.659061431884765625e-01
4.644520282745361328e-01
4.386272430419921875e-01
4.371502399444580078e-01
4.364972114562988281e-01
4.368901252746582031e-01
4.354374408721923828e-01
4.376571178436279297e-01
4.362115859985351562e-01
4.359054565429687500e-01
4.375045299530029297e-01
4.374728202819824219e-01
4.376387596130371094e-01
4.362030029296875000e-01
4.371275901794433594e-01
4.362628459930419922e-01
4.349379539489746094e-01
4.363090991973876953e-01
4.380812644958496094e-01
4.384658336639404297e-01
4.362192153930664062e-01
4.379272460937500000e-01
4.384319782257080078e-01
4.370012283325195312e-01
4.390277862548828125e-01
4.403789043426513672e-01
4.383306503295898438e-01
4.413490295410156250e-01
4.401283264160156250e-01
4.384915828704833984e-01
4.383373260498046875e-01
4.398312568664550781e-01
4.397919178009033203e-01
4.383273124694824219e-01
4.395122528076171875e-01
4.394779205322265625e-01
4.400894641876220703e-01
4.394423961639404297e-01
4.413115978240966797e-01
4.364128112792968750e-01
4.428942203521728516e-01
4.430248737335205078e-01
4.455571174621582031e-01
4.409067630767822266e-01
4.413712024688720703e-01
4.434883594512939453e-01
4.406995773315429688e-01
4.419684410095214844e-01
4.458875656127929688e-01
4.387345314025878906e-01
4.389166831970214844e-01
4.388456344604492188e-01
4.390165805816650391e-01
4.391233921051025391e-01
4.395251274108886719e-01
4.401886463165283203e-01
4.395074844360351562e-01
4.398419857025146484e-01
4.439291954040527344e-01
4.415645599365234375e-01
4.427685737609863281e-01
4.428622722625732422e-01
4.434888362884521484e-01
4.438176155090332031e-01
4.427125453948974609e-01
4.434249401092529297e-01
4.421744346618652344e-01
4.450793266296386719e-01
4.430623054504394531e-01
4.427828788757324219e-01
4.435250759124755859e-01
4.446859359741210938e-01
4.447970390319824219e-01
4.447758197784423828e-01
4.450142383575439453e-01
4.434859752655029297e-01
4.430792331695556641e-01
4.409620761871337891e-01
4.436068534851074219e-01
4.412231445312500000e-01
4.424843788146972656e-01
4.414451122283935547e-01
4.436092376708984375e-01
4.397711753845214844e-01
4.412186145782470703e-01
4.414434432983398438e-01
4.412796497344970703e-01
4.396295547485351562e-01
4.451701641082763672e-01
4.454524517059326172e-01
4.436249732971191406e-01
4.440870285034179688e-01
4.465196132659912109e-01
4.475755691528320312e-01
4.443840980529785156e-01
4.442811012268066406e-01
4.432435035705566406e-01
4.448673725128173828e-01
4.436736106872558594e-01
4.412899017333984375e-01
4.430756568908691406e-01
4.437122344970703125e-01
4.428653717041015625e-01
4.473974704742431641e-01
4.453709125518798828e-01
4.474050998687744141e-01
4.549453258514404297e-01
4.451029300689697266e-01
4.453239440917968750e-01
4.492356777191162109e-01
4.464266300201416016e-01
4.465866088867187500e-01
4.480149745941162109e-01
4.476447105407714844e-01
4.470689296722412109e-01
4.439702033996582031e-01
4.444899559020996094e-01
4.420039653778076172e-01
4.428136348724365234e-01
4.447333812713623047e-01
4.450180530548095703e-01
4.501688480377197266e-01
4.462249279022216797e-01
4.450466632843017578e-01
4.512178897857666016e-01
4.496455192565917969e-01
4.490072727203369141e-01
4.474771022796630859e-01
4.484024047851562500e-01
4.436502456665039062e-01
4.495003223419189453e-01
4.488623142242431641e-01
4.474062919616699219e-01
4.490487575531005859e-01
4.463222026824951172e-01
4.472982883453369141e-01
4.473721981048583984e-01
4.456112384796142578e-01
4.479808807373046875e-01
4.447944164276123047e-01
4.448318481445312500e-01
4.440617561340332031e-01
4.439110755920410156e-01
4.416480064392089844e-01
4.442288875579833984e-01
4.446976184844970703e-01
4.424104690551757812e-01
4.460082054138183594e-01
4.428231716156005859e-01
4.421057701110839844e-01
4.414982795715332031e-01
4.396843910217285156e-01
4.407763481140136719e-01
4.358501434326171875e-01
4.372799396514892578e-01
4.423856735229492188e-01
4.370090961456298828e-01
4.385333061218261719e-01
4.362525939941406250e-01
4.376647472381591797e-01
4.375014305114746094e-01
4.370009899139404297e-01
4.363517761230468750e-01
4.366252422332763672e-01
4.364418983459472656e-01
4.375386238098144531e-01
4.363031387329101562e-01
4.378471374511718750e-01
4.359970092773437500e-01
4.373369216918945312e-01
4.374949932098388672e-01
4.367184638977050781e-01
4.364216327667236328e-01
