2.193307638168334961e+00
4.567523002624511719e-01
4.587247371673583984e-01
4.604141712188720703e-01
4.593474864959716797e-01
4.620940685272216797e-01
4.644169807434082031e-01
4.686815738677978516e-01
4.679036140441894531e-01
4.643611907958984375e-01
4.674091339111328125e-01
4.652428627014160156e-01
4.634628295898437500e-01
4.604148864746093750e-01
4.617967605590820312e-01
4.561543464660644531e-01
4.587862491607666016e-01
4.612786769866943359e-01
4.589054584503173828e-01
4.574248790740966797e-01
4.562463760375976562e-01
4.561889171600341797e-01
4.543478488922119141e-01
4.521596431732177734e-01
4.527859687805175781e-01
4.633469581604003906e-01
4.607830047607421875e-01
4.608664512634277344e-01
4.562199115753173828e-01
4.311389923095703125e-01
4.341044425964355469e-01
4.302873611450195312e-01
4.301118850708007812e-01
4.300212860107421875e-01
4.324331283569335938e-01
4.298965930938720703e-01
4.302954673767089844e-01
4.316468238830566406e-01
4.329521656036376953e-01
4.315669536590576172e-01
4.309620857238769531e-01
4.323015213012695312e-01
4.301273822784423828e-01
4.295661449432373047e-01
4.310460090637207031e-01
4.307794570922851562e-01
4.310235977172851562e-01
4.316031932830810547e-01
4.318211078643798828e-01
4.317071437835693359e-01
4.317839145660400391e-01
4.331607818603515625e-01
4.327850341796875000e-01
4.325737953186035156e-01
4.328110218048095703e-01
4.343607425689697266e-01
4.328174591064453125e-01
4.354839324951171875e-01
4.345877170562744141e-01
4.337954521179199219e-01
4.346468448638916016e-01
4.365105628967285156e-01
4.356505870819091797e-01
4.357287883758544922e-01
4.355826377868652344e-01
4.365100860595703125e-01
4.362134933471679688e-01
4.381942749023437500e-01
4.372367858886718750e-01
4.351327419281005859e-01
4.375553131103515625e-01
4.388575553894042969e-01
4.365518093109130859e-01
4.357149600982666016e-01
4.378137588500976562e-01
4.376435279846191406e-01
4.371302127838134766e-01
4.389233589172363281e-01
4.379184246063232422e-01
4.388430118560791016e-01
4.379456043243408203e-01
4.398019313812255859e-01
4.382975101470947266e-01
4.407768249511718750e-01
4.435002803802490234e-01
4.360675811767578125e-01
4.388694763183593750e-01
4.376394748687744141e-01
4.369568824768066406e-01
4.396338462829589844e-01
4.395880699157714844e-01
4.393231868743896484e-01
4.367232322692871094e-01
4.379000663757324219e-01
4.390511512756347656e-01
4.399225711822509766e-01
4.382627010345458984e-01
4.376826286315917969e-01
4.395666122436523438e-01
4.386861324310302734e-01
4.378390312194824219e-01
4.395420551300048828e-01
4.374730587005615234e-01
4.395263195037841797e-01
4.420454502105712891e-01
4.380996227264404297e-01
4.389896392822265625e-01
4.395060539245605469e-01
4.388039112091064453e-01
4.401354789733886719e-01
4.407227039337158203e-01
4.437668323516845703e-01
4.397208690643310547e-01
4.412496089935302734e-01
4.421272277832031250e-01
4.395577907562255859e-01
4.408619403839111328e-01
4.403998851776123047e-01
4.384262561798095703e-01
4.403977394104003906e-01
4.393649101257324219e-01
4.399397373199462891e-01
4.427020549774169922e-01
4.397504329681396484e-01
4.437587261199951172e-01
4.438490867614746094e-01
4.425692558288574219e-01
4.430649280548095703e-01
4.452526569366455078e-01
4.457685947418212891e-01
4.510972499847412109e-01
4.417905807495117188e-01
4.450552463531494141e-01
4.508855342864990234e-01
4.410655498504638672e-01
4.414801597595214844e-01
4.426450729370117188e-01
4.402716159820556641e-01
4.413137435913085938e-01
4.438419342041015625e-01
4.424126148223876953e-01
4.461650848388671875e-01
4.432220458984375000e-01
4.448909759521484375e-01
4.426114559173583984e-01
4.453599452972412109e-01
4.443314075469970703e-01
4.384610652923583984e-01
4.443087577819824219e-01
4.414210319519042969e-01
4.403696060180664062e-01
4.460422992706298828e-01
4.430046081542968750e-01
4.448018074035644531e-01
4.444448947906494141e-01
4.441547393798828125e-01
4.429390430450439453e-01
4.436962604522705078e-01
4.454522132873535156e-01
4.459552764892578125e-01
4.398262500762939453e-01
4.463183879852294922e-01
4.455227851867675781e-01
4.463376998901367188e-01
4.468400478363037109e-01
4.482064247131347656e-01
4.429068565368652344e-01
4.423766136169433594e-01
4.388926029205322266e-01
4.416117668151855469e-01
4.405419826507568359e-01
4.418606758117675781e-01
4.431960582733154297e-01
4.420917034149169922e-01
4.427509307861328125e-01
4.376761913299560547e-01
4.362847805023193359e-01
4.380605220794677734e-01
4.372131824493408203e-01
4.350531101226806641e-01
4.336006641387939453e-01
4.337418079376220703e-01
4.364771842956542969e-01
4.348683357238769531e-01
4.368627071380615234e-01
4.372167587280273438e-01
4.357392787933349609e-01
4.381401538848876953e-01
4.367952346801757812e-01
4.346084594726562500e-01
4.339437484741210938e-01
4.379265308380126953e-01
4.356946945190429688e-01
4.355022907257080078e-01
4.377458095550537109e-01
4.342005252838134766e-01
4.367425441741943359e-01
4.382123947143554688e-01
4.353506565093994141e-01
4.348855018615722656e-01
