1.529333114624023438e+00
1.425456523895263672e+00
1.401275873184204102e+00
1.438577651977539062e+00
1.331298589706420898e+00
1.339746713638305664e+00
1.372303247451782227e+00
1.341084241867065430e+00
1.454653501510620117e+00
1.332378864288330078e+00
1.368067026138305664e+00
1.328383922576904297e+00
1.440871477127075195e+00
1.480964183807373047e+00
1.441535234451293945e+00
1.474420785903930664e+00
1.466802120208740234e+00
1.376450538635253906e+00
1.346097469329833984e+00
1.356844186782836914e+00
1.424171447753906250e+00
1.380875110626220703e+00
1.416193485260009766e+00
1.524842023849487305e+00
1.282952308654785156e+00
1.459075927734375000e+00
1.325786113739013672e+00
1.379092454910278320e+00
1.318995237350463867e+00
1.271264553070068359e+00
1.260606050491333008e+00
1.278748035430908203e+00
1.253474950790405273e+00
1.253394365310668945e+00
1.273466110229492188e+00
1.257617712020874023e+00
1.248377561569213867e+00
1.271288156509399414e+00
1.269438028335571289e+00
1.254436254501342773e+00
1.259759426116943359e+00
1.272418498992919922e+00
1.249348402023315430e+00
1.255637645721435547e+00
1.274682521820068359e+00
1.248078346252441406e+00
1.251087427139282227e+00
1.267841339111328125e+00
1.265892982482910156e+00
1.244837522506713867e+00
1.279925823211669922e+00
1.260927438735961914e+00
1.344926595687866211e+00
1.265763521194458008e+00
1.263705492019653320e+00
1.261969089508056641e+00
1.264125347137451172e+00
1.284829854965209961e+00
1.267946481704711914e+00
1.251462459564208984e+00
1.274436712265014648e+00
1.259857416152954102e+00
1.344472646713256836e+00
1.268503665924072266e+00
1.261838197708129883e+00
1.248463153839111328e+00
1.256523609161376953e+00
1.274012327194213867e+00
1.256722211837768555e+00
1.249212026596069336e+00
1.282532453536987305e+00
1.255978584289550781e+00
1.248349905014038086e+00
1.263749599456787109e+00
1.273153781890869141e+00
1.252238035202026367e+00
1.248193025588989258e+00
1.279483795166015625e+00
1.246887445449829102e+00
1.254275798797607422e+00
1.277978181838989258e+00
1.254906177520751953e+00
1.263748168945312500e+00
1.275413274765014648e+00
1.264907360076904297e+00
1.256690263748168945e+00
1.273298025131225586e+00
1.258401632308959961e+00
1.253851890563964844e+00
1.264812707901000977e+00
1.268726110458374023e+00
1.254175901412963867e+00
1.338922977447509766e+00
1.275651454925537109e+00
1.255073308944702148e+00
1.253643512725830078e+00
1.272186756134033203e+00
1.254694223403930664e+00
1.266062974929809570e+00
1.247485160827636719e+00
1.280237436294555664e+00
1.249243736267089844e+00
1.248931407928466797e+00
1.346726655960083008e+00
1.267498970031738281e+00
1.263276100158691406e+00
1.260362386703491211e+00
1.275702476501464844e+00
1.262775659561157227e+00
1.253548145294189453e+00
1.259285449981689453e+00
1.259399175643920898e+00
1.261208772659301758e+00
1.249669790267944336e+00
1.280458450317382812e+00
1.265736818313598633e+00
1.257955074310302734e+00
1.266755580902099609e+00
1.367166042327880859e+00
1.258916378021240234e+00
1.265139341354370117e+00
1.272916078567504883e+00
1.258081436157226562e+00
1.265535831451416016e+00
1.277664899826049805e+00
1.259854793548583984e+00
1.252382755279541016e+00
1.256377935409545898e+00
1.357228994369506836e+00
1.249893903732299805e+00
1.268910646438598633e+00
1.276510477066040039e+00
1.271964550018310547e+00
1.357823610305786133e+00
1.272990942001342773e+00
1.264691352844238281e+00
1.258703470230102539e+00
1.252774953842163086e+00
1.370557785034179688e+00
1.260692358016967773e+00
1.254547119140625000e+00
1.273334741592407227e+00
1.260260343551635742e+00
1.353887796401977539e+00
1.249390125274658203e+00
1.282949924468994141e+00
1.270263910293579102e+00
1.253825902938842773e+00
1.258347749710083008e+00
1.266627073287963867e+00
1.248225450515747070e+00
1.276286602020263672e+00
1.269812107086181641e+00
1.246949672698974609e+00
1.261351823806762695e+00
1.272437334060668945e+00
1.254682064056396484e+00
1.260203361511230469e+00
1.371949911117553711e+00
1.259254932403564453e+00
1.255878448486328125e+00
1.272603273391723633e+00
1.265548229217529297e+00
1.250731945037841797e+00
1.282225131988525391e+00
1.258294343948364258e+00
1.251574516296386719e+00
1.287203788757324219e+00
1.304806709289550781e+00
1.389500617980957031e+00
1.294490098953247070e+00
1.328406810760498047e+00
1.312948703765869141e+00
1.315844774246215820e+00
1.449108600616455078e+00
1.348848581314086914e+00
1.342277526855468750e+00
1.350719213485717773e+00
1.365549802780151367e+00
1.463225603103637695e+00
1.357879400253295898e+00
1.355038166046142578e+00
1.329038619995117188e+00
1.320052623748779297e+00
1.433507442474365234e+00
1.305070400238037109e+00
1.298802614212036133e+00
1.295824289321899414e+00
1.314119815826416016e+00
1.288069009780883789e+00
1.277258157730102539e+00
1.275525569915771484e+00
1.271816253662109375e+00
1.264117479324340820e+00
1.259813547134399414e+00
1.268005847930908203e+00
1.253454446792602539e+00
1.255019187927246094e+00
1.267250061035156250e+00
1.257631778717041016e+00
