2.216394424438476562e+00
4.754657745361328125e-01
4.550614356994628906e-01
4.573149681091308594e-01
4.543979167938232422e-01
4.549839496612548828e-01
4.592502117156982422e-01
4.610295295715332031e-01
4.605679512023925781e-01
4.614388942718505859e-01
4.638946056365966797e-01
4.630441665649414062e-01
4.630739688873291016e-01
4.584739208221435547e-01
4.553759098052978516e-01
4.570534229278564453e-01
4.538803100585937500e-01
4.540023803710937500e-01
4.543719291687011719e-01
4.521522521972656250e-01
4.527893066406250000e-01
4.509177207946777344e-01
4.537322521209716797e-01
4.512124061584472656e-01
4.471247196197509766e-01
4.624857902526855469e-01
4.565289020538330078e-01
4.538972377777099609e-01
4.554660320281982422e-01
4.297909736633300781e-01
4.272315502166748047e-01
4.268953800201416016e-01
4.265329837799072266e-01
4.259581565856933594e-01
4.262259006500244141e-01
4.270033836364746094e-01
4.261734485626220703e-01
4.263308048248291016e-01
4.275310039520263672e-01
4.264740943908691406e-01
4.261870384216308594e-01
4.273641109466552734e-01
4.253547191619873047e-01
4.252586364746093750e-01
4.274063110351562500e-01
4.267950057983398438e-01
4.279158115386962891e-01
4.280056953430175781e-01
4.283843040466308594e-01
4.280543327331542969e-01
4.267864227294921875e-01
4.294416904449462891e-01
4.288341999053955078e-01
4.275693893432617188e-01
4.324491024017333984e-01
4.296455383300781250e-01
4.303019046783447266e-01
4.311618804931640625e-01
4.294903278350830078e-01
4.299190044403076172e-01
4.288737773895263672e-01
4.305741786956787109e-01
4.303717613220214844e-01
4.301183223724365234e-01
4.312548637390136719e-01
4.333045482635498047e-01
4.347133636474609375e-01
4.330987930297851562e-01
4.312050342559814453e-01
4.325373172760009766e-01
4.317870140075683594e-01
4.335551261901855469e-01
4.319317340850830078e-01
4.307870864868164062e-01
4.355592727661132812e-01
4.322180747985839844e-01
4.313964843750000000e-01
4.323959350585937500e-01
4.311614036560058594e-01
4.315474033355712891e-01
4.341881275177001953e-01
4.325778484344482422e-01
4.315240383148193359e-01
4.332017898559570312e-01
4.332327842712402344e-01
4.342143535614013672e-01
4.327542781829833984e-01
4.344236850738525391e-01
4.346802234649658203e-01
4.346890449523925781e-01
4.350359439849853516e-01
4.323487281799316406e-01
4.330325126647949219e-01
4.345304965972900391e-01
4.341711997985839844e-01
4.376149177551269531e-01
4.350013732910156250e-01
4.354338645935058594e-01
4.357783794403076172e-01
4.367439746856689453e-01
4.331676959991455078e-01
4.346339702606201172e-01
4.364123344421386719e-01
4.373476505279541016e-01
4.385197162628173828e-01
4.363369941711425781e-01
4.376463890075683594e-01
4.375805854797363281e-01
4.367120265960693359e-01
4.365916252136230469e-01
4.383428096771240234e-01
4.426338672637939453e-01
4.383063316345214844e-01
4.399266242980957031e-01
4.358808994293212891e-01
4.384269714355468750e-01
4.369490146636962891e-01
4.351029396057128906e-01
4.369113445281982422e-01
4.363787174224853516e-01
4.367086887359619141e-01
4.371485710144042969e-01
4.368805885314941406e-01
4.348320960998535156e-01
4.380128383636474609e-01
4.365565776824951172e-01
4.364783763885498047e-01
4.359679222106933594e-01
4.383339881896972656e-01
4.364192485809326172e-01
4.391322135925292969e-01
4.367175102233886719e-01
4.383375644683837891e-01
4.441511631011962891e-01
4.360334873199462891e-01
4.380733966827392578e-01
4.376561641693115234e-01
4.369401931762695312e-01
4.382989406585693359e-01
4.406383037567138672e-01
4.378988742828369141e-01
4.397387504577636719e-01
4.372675418853759766e-01
4.361162185668945312e-01
4.360196590423583984e-01
4.382195472717285156e-01
4.368991851806640625e-01
4.342317581176757812e-01
4.393875598907470703e-01
4.415438175201416016e-01
4.363012313842773438e-01
4.395363330841064453e-01
4.404420852661132812e-01
4.392209053039550781e-01
4.385938644409179688e-01
4.408175945281982422e-01
4.383478164672851562e-01
4.402260780334472656e-01
4.405977725982666016e-01
4.397337436676025391e-01
4.385921955108642578e-01
4.385976791381835938e-01
4.418141841888427734e-01
4.402835369110107422e-01
4.412055015563964844e-01
4.407362937927246094e-01
4.366304874420166016e-01
4.377257823944091797e-01
4.380335807800292969e-01
4.373402595520019531e-01
4.356479644775390625e-01
4.363212585449218750e-01
4.356119632720947266e-01
4.352133274078369141e-01
4.374477863311767578e-01
4.340407848358154297e-01
4.329695701599121094e-01
4.346582889556884766e-01
4.347374439239501953e-01
4.296958446502685547e-01
4.310407638549804688e-01
4.287977218627929688e-01
4.327752590179443359e-01
4.302740097045898438e-01
4.310338497161865234e-01
4.312710762023925781e-01
4.299252033233642578e-01
4.314851760864257812e-01
4.318232536315917969e-01
4.310872554779052734e-01
4.299399852752685547e-01
4.313275814056396484e-01
4.345233440399169922e-01
4.306049346923828125e-01
4.318168163299560547e-01
4.314064979553222656e-01
4.314126968383789062e-01
4.312412738800048828e-01
4.306747913360595703e-01
4.312505722045898438e-01
