7.369444370269775391e-01
6.999878883361816406e-01
6.868340969085693359e-01
6.864490509033203125e-01
7.747783660888671875e-01
6.885557174682617188e-01
6.845090389251708984e-01
6.907427310943603516e-01
6.763584613800048828e-01
6.815130710601806641e-01
7.559230327606201172e-01
6.848380565643310547e-01
6.670536994934082031e-01
6.838612556457519531e-01
6.821837425231933594e-01
6.831486225128173828e-01
7.668559551239013672e-01
6.853127479553222656e-01
6.790044307708740234e-01
6.790332794189453125e-01
6.880650520324707031e-01
6.811881065368652344e-01
6.699149608612060547e-01
6.752078533172607422e-01
6.899487972259521484e-01
6.795728206634521484e-01
6.735599040985107422e-01
6.840596199035644531e-01
6.716914176940917969e-01
6.758882999420166016e-01
6.845786571502685547e-01
6.806120872497558594e-01
7.638006210327148438e-01
6.734795570373535156e-01
6.881234645843505859e-01
7.632145881652832031e-01
6.702063083648681641e-01
6.766827106475830078e-01
7.688980102539062500e-01
6.719255447387695312e-01
6.743335723876953125e-01
6.849150657653808594e-01
6.750760078430175781e-01
6.729161739349365234e-01
7.553284168243408203e-01
6.798079013824462891e-01
6.772487163543701172e-01
7.721729278564453125e-01
6.805531978607177734e-01
6.754629611968994141e-01
7.632932662963867188e-01
6.745598316192626953e-01
6.822910308837890625e-01
6.841144561767578125e-01
6.741175651550292969e-01
6.816830635070800781e-01
6.818230152130126953e-01
6.756911277770996094e-01
7.660229206085205078e-01
6.811573505401611328e-01
6.776752471923828125e-01
6.735072135925292969e-01
6.815741062164306641e-01
6.854045391082763672e-01
6.763989925384521484e-01
6.794500350952148438e-01
7.685101032257080078e-01
7.541625499725341797e-01
6.773996353149414062e-01
6.699187755584716797e-01
6.812996864318847656e-01
6.744844913482666016e-01
6.857545375823974609e-01
6.832630634307861328e-01
6.826775074005126953e-01
6.790359020233154297e-01
6.724798679351806641e-01
6.706941127777099609e-01
6.802709102630615234e-01
6.689627170562744141e-01
6.823186874389648438e-01
7.576427459716796875e-01
6.714112758636474609e-01
7.668139934539794922e-01
7.371072769165039062e-01
6.842467784881591797e-01
6.686689853668212891e-01
6.733283996582031250e-01
6.875138282775878906e-01
7.625200748443603516e-01
7.460694313049316406e-01
6.883354187011718750e-01
6.840312480926513672e-01
6.835877895355224609e-01
6.831219196319580078e-01
6.884067058563232422e-01
6.731586456298828125e-01
6.808514595031738281e-01
7.314016819000244141e-01
6.730329990386962891e-01
6.710433959960937500e-01
7.581217288970947266e-01
7.536246776580810547e-01
6.797344684600830078e-01
6.783034801483154297e-01
6.901795864105224609e-01
6.840531826019287109e-01
6.679983139038085938e-01
6.835885047912597656e-01
7.584714889526367188e-01
6.775891780853271484e-01
6.793773174285888672e-01
7.553575038909912109e-01
6.743249893188476562e-01
6.783049106597900391e-01
6.823027133941650391e-01
6.752090454101562500e-01
6.613543033599853516e-01
6.766614913940429688e-01
7.579991817474365234e-01
6.840515136718750000e-01
6.753060817718505859e-01
6.860315799713134766e-01
6.749382019042968750e-01
7.669429779052734375e-01
7.637639045715332031e-01
6.882753372192382812e-01
6.691639423370361328e-01
7.549231052398681641e-01
6.779034137725830078e-01
7.633535861968994141e-01
7.513837814331054688e-01
6.860098838806152344e-01
6.834335327148437500e-01
6.732544898986816406e-01
6.705141067504882812e-01
6.786026954650878906e-01
6.728594303131103516e-01
7.466523647308349609e-01
6.860027313232421875e-01
7.548117637634277344e-01
6.807639598846435547e-01
6.868691444396972656e-01
7.099263668060302734e-01
6.808328628540039062e-01
6.769695281982421875e-01
6.801114082336425781e-01
6.731796264648437500e-01
7.857642173767089844e-01
6.795477867126464844e-01
6.748161315917968750e-01
7.701444625854492188e-01
7.716443538665771484e-01
7.558469772338867188e-01
6.896274089813232422e-01
6.857867240905761719e-01
7.219359874725341797e-01
6.808319091796875000e-01
6.773891448974609375e-01
6.867153644561767578e-01
7.624778747558593750e-01
6.777162551879882812e-01
6.899929046630859375e-01
7.425601482391357422e-01
7.639410495758056641e-01
7.778139114379882812e-01
7.617065906524658203e-01
6.730387210845947266e-01
6.787140369415283203e-01
7.412996292114257812e-01
6.733977794647216797e-01
6.772332191467285156e-01
6.952855587005615234e-01
6.758065223693847656e-01
6.764497756958007812e-01
7.265467643737792969e-01
6.830670833587646484e-01
7.635095119476318359e-01
7.676837444305419922e-01
6.816136837005615234e-01
6.756815910339355469e-01
6.807098388671875000e-01
7.484233379364013672e-01
7.774145603179931641e-01
7.653520107269287109e-01
6.878757476806640625e-01
6.864583492279052734e-01
6.796708106994628906e-01
6.718785762786865234e-01
7.676196098327636719e-01
7.736449241638183594e-01
6.864504814147949219e-01
6.809029579162597656e-01
7.619256973266601562e-01
6.758408546447753906e-01
7.196412086486816406e-01
6.838519573211669922e-01
6.765551567077636719e-01
6.739118099212646484e-01
6.782908439636230469e-01
