7.369861602783203125e-01
7.000184059143066406e-01
6.868340969085693359e-01
6.864547729492187500e-01
7.747855186462402344e-01
6.885499954223632812e-01
6.845295429229736328e-01
6.907582283020019531e-01
6.763687133789062500e-01
6.815166473388671875e-01
7.559359073638916016e-01
6.848282814025878906e-01
6.670572757720947266e-01
6.838738918304443359e-01
6.821682453155517578e-01
6.831383705139160156e-01
7.668695449829101562e-01
6.853404045104980469e-01
6.790142059326171875e-01
6.790482997894287109e-01
6.880779266357421875e-01
6.811912059783935547e-01
6.699099540710449219e-01
6.752173900604248047e-01
6.899404525756835938e-01
6.795721054077148438e-01
6.735560894012451172e-01
6.840786933898925781e-01
6.716885566711425781e-01
6.758813858032226562e-01
6.845972537994384766e-01
6.806044578552246094e-01
7.638213634490966797e-01
6.734964847564697266e-01
6.881291866302490234e-01
7.632174491882324219e-01
6.702189445495605469e-01
6.766750812530517578e-01
7.689073085784912109e-01
6.719281673431396484e-01
6.743438243865966797e-01
6.849277019500732422e-01
6.750833988189697266e-01
6.729309558868408203e-01
7.553403377532958984e-01
6.798124313354492188e-01
6.772649288177490234e-01
7.721760272979736328e-01
6.805508136749267578e-01
6.754875183105468750e-01
7.633068561553955078e-01
6.745619773864746094e-01
6.822922229766845703e-01
6.841285228729248047e-01
6.741232872009277344e-01
6.816830635070800781e-01
6.818246841430664062e-01
6.756842136383056641e-01
7.660100460052490234e-01
6.811614036560058594e-01
6.776814460754394531e-01
6.735143661499023438e-01
6.815798282623291016e-01
6.854023933410644531e-01
6.764132976531982422e-01
6.794703006744384766e-01
7.685127258300781250e-01
7.541747093200683594e-01
6.774091720581054688e-01
6.699366569519042969e-01
6.813149452209472656e-01
6.744821071624755859e-01
6.857440471649169922e-01
6.832716464996337891e-01
6.826832294464111328e-01
6.790339946746826172e-01
6.725013256072998047e-01
6.707036495208740234e-01
6.802647113800048828e-01
6.689786911010742188e-01
6.823272705078125000e-01
7.576386928558349609e-01
6.714046001434326172e-01
7.668366432189941406e-01
7.370986938476562500e-01
6.842594146728515625e-01
6.686770915985107422e-01
6.733379364013671875e-01
6.875400543212890625e-01
7.625360488891601562e-01
7.460734844207763672e-01
6.883528232574462891e-01
6.840353012084960938e-01
6.836082935333251953e-01
6.831238269805908203e-01
6.884431838989257812e-01
6.731750965118408203e-01
6.808528900146484375e-01
7.314131259918212891e-01
6.730539798736572266e-01
6.710464954376220703e-01
7.581260204315185547e-01
7.536301612854003906e-01
6.797752380371093750e-01
6.783056259155273438e-01
6.901946067810058594e-01
6.840658187866210938e-01
6.680066585540771484e-01
6.836133003234863281e-01
7.584750652313232422e-01
6.775856018066406250e-01
6.793906688690185547e-01
7.553684711456298828e-01
6.743357181549072266e-01
6.783089637756347656e-01
6.823098659515380859e-01
6.752095222473144531e-01
6.613514423370361328e-01
6.766769886016845703e-01
7.580115795135498047e-01
6.840646266937255859e-01
6.753079891204833984e-01
6.860291957855224609e-01
6.749448776245117188e-01
7.669441699981689453e-01
7.637808322906494141e-01
6.882796287536621094e-01
6.691772937774658203e-01
7.549099922180175781e-01
6.779007911682128906e-01
7.633740901947021484e-01
7.513506412506103516e-01
6.860151290893554688e-01
6.834313869476318359e-01
6.732537746429443359e-01
6.705181598663330078e-01
6.786241531372070312e-01
6.728668212890625000e-01
7.466795444488525391e-01
6.860125064849853516e-01
7.548151016235351562e-01
6.807701587677001953e-01
6.868643760681152344e-01
7.099297046661376953e-01
6.808390617370605469e-01
6.769843101501464844e-01
6.801211833953857422e-01
6.731841564178466797e-01
7.857861518859863281e-01
6.795604228973388672e-01
6.748316287994384766e-01
7.701363563537597656e-01
7.716500759124755859e-01
7.558479309082031250e-01
6.896338462829589844e-01
6.857929229736328125e-01
7.219347953796386719e-01
6.808350086212158203e-01
6.773900985717773438e-01
6.867063045501708984e-01
7.624750137329101562e-01
6.777184009552001953e-01
6.899778842926025391e-01
7.425575256347656250e-01
7.639424800872802734e-01
7.778141498565673828e-01
7.617177963256835938e-01
6.730265617370605469e-01
6.787481307983398438e-01
7.412979602813720703e-01
6.734161376953125000e-01
6.772735118865966797e-01
6.952896118164062500e-01
6.757967472076416016e-01
6.764693260192871094e-01
7.265560626983642578e-01
6.830711364746093750e-01
7.635164260864257812e-01
7.676963806152343750e-01
6.816272735595703125e-01
6.756925582885742188e-01
6.806995868682861328e-01
7.484345436096191406e-01
7.774286270141601562e-01
7.653603553771972656e-01
6.878798007965087891e-01
6.864774227142333984e-01
6.796665191650390625e-01
6.718957424163818359e-01
7.676382064819335938e-01
7.736525535583496094e-01
6.864640712738037109e-01
6.809062957763671875e-01
7.619202136993408203e-01
6.758565902709960938e-01
7.196590900421142578e-01
6.838669776916503906e-01
6.765563488006591797e-01
6.739375591278076172e-01
6.782813072204589844e-01
