3.006641626358032227e+00
1.316915750503540039e+00
1.347915649414062500e+00
1.359998464584350586e+00
1.324511766433715820e+00
1.300242662429809570e+00
1.306934595108032227e+00
1.301680803298950195e+00
1.296270847320556641e+00
1.294064521789550781e+00
1.393141984939575195e+00
1.396260738372802734e+00
1.513413190841674805e+00
1.516345024108886719e+00
1.515373229980468750e+00
1.308239221572875977e+00
1.331367254257202148e+00
1.392053842544555664e+00
1.300977468490600586e+00
1.302991867065429688e+00
1.432871580123901367e+00
1.377997636795043945e+00
1.308178424835205078e+00
1.308779478073120117e+00
1.308083772659301758e+00
1.309492588043212891e+00
1.362354755401611328e+00
1.400660991668701172e+00
1.305423259735107422e+00
1.305413961410522461e+00
1.312270641326904297e+00
1.442811250686645508e+00
1.398782253265380859e+00
1.304221868515014648e+00
1.308856010437011719e+00
1.313004255294799805e+00
1.308613300323486328e+00
1.305222272872924805e+00
1.310166835784912109e+00
1.307739496231079102e+00
1.310258626937866211e+00
1.316172838211059570e+00
1.314362287521362305e+00
1.316998720169067383e+00
1.446969985961914062e+00
1.457893133163452148e+00
1.320497751235961914e+00
1.320836544036865234e+00
1.320699930191040039e+00
1.321675777435302734e+00
1.337946653366088867e+00
1.313390731811523438e+00
1.309026241302490234e+00
1.317604780197143555e+00
1.400703668594360352e+00
1.522951602935791016e+00
1.403616428375244141e+00
1.313428163528442383e+00
1.311414718627929688e+00
1.317937374114990234e+00
1.322874069213867188e+00
1.353073835372924805e+00
1.415762662887573242e+00
1.401449680328369141e+00
1.319489240646362305e+00
1.326147317886352539e+00
1.365417242050170898e+00
1.402600526809692383e+00
1.318825960159301758e+00
1.311416625976562500e+00
1.317678451538085938e+00
1.403558254241943359e+00
1.334195613861083984e+00
1.354395866394042969e+00
1.539886236190795898e+00
1.404926061630249023e+00
1.317805767059326172e+00
1.325740575790405273e+00
1.313905239105224609e+00
1.325826406478881836e+00
1.361060857772827148e+00
1.321947813034057617e+00
1.325272321701049805e+00
1.330570697784423828e+00
1.327642202377319336e+00
1.356195688247680664e+00
1.538534641265869141e+00
1.437186479568481445e+00
1.412376880645751953e+00
1.325837612152099609e+00
1.313772916793823242e+00
1.313321828842163086e+00
1.312278747558593750e+00
1.312633991241455078e+00
1.314302921295166016e+00
1.318739891052246094e+00
1.312185525894165039e+00
1.317773818969726562e+00
1.309636592864990234e+00
1.324142217636108398e+00
1.311638355255126953e+00
1.310989856719970703e+00
1.312198638916015625e+00
1.313572883605957031e+00
1.306985616683959961e+00
1.309166431427001953e+00
1.379543066024780273e+00
1.387726545333862305e+00
1.354507684707641602e+00
1.398818016052246094e+00
1.310817718505859375e+00
1.311390161514282227e+00
1.383126497268676758e+00
1.395190238952636719e+00
1.311582326889038086e+00
1.311570405960083008e+00
1.322160243988037109e+00
1.323622226715087891e+00
1.367227077484130859e+00
1.311886310577392578e+00
1.347294569015502930e+00
1.378792047500610352e+00
1.357275962829589844e+00
1.393940210342407227e+00
1.367218494415283203e+00
1.325335979461669922e+00
1.360351800918579102e+00
1.324317455291748047e+00
1.320392370223999023e+00
1.319344997406005859e+00
1.308690786361694336e+00
1.328027725219726562e+00
1.484081029891967773e+00
1.408883094787597656e+00
1.307460546493530273e+00
1.327633619308471680e+00
1.314760446548461914e+00
1.318563938140869141e+00
1.322268247604370117e+00
1.320068359375000000e+00
1.309538841247558594e+00
1.316409826278686523e+00
1.321530580520629883e+00
1.394354104995727539e+00
1.370651483535766602e+00
1.382279396057128906e+00
1.330429315567016602e+00
1.309641122817993164e+00
1.357814311981201172e+00
1.310114383697509766e+00
1.316310167312622070e+00
1.327480554580688477e+00
1.325352907180786133e+00
1.320297002792358398e+00
1.322463750839233398e+00
1.314244508743286133e+00
1.324225187301635742e+00
1.333253622055053711e+00
1.312474489212036133e+00
1.314997434616088867e+00
1.320190191268920898e+00
1.383608818054199219e+00
1.318145275115966797e+00
1.323372125625610352e+00
1.337026357650756836e+00
1.316366910934448242e+00
1.376425504684448242e+00
1.326633214950561523e+00
1.306432962417602539e+00
1.322395801544189453e+00
1.312475442886352539e+00
1.356589317321777344e+00
1.313769578933715820e+00
1.313835382461547852e+00
1.335800409317016602e+00
1.312520980834960938e+00
1.311362981796264648e+00
1.309160470962524414e+00
1.314438581466674805e+00
1.312098026275634766e+00
1.319888353347778320e+00
1.349799394607543945e+00
1.405925989151000977e+00
1.421690702438354492e+00
1.313858032226562500e+00
1.317900896072387695e+00
1.322288036346435547e+00
1.339632749557495117e+00
1.362788915634155273e+00
1.412588834762573242e+00
1.368963003158569336e+00
1.322260856628417969e+00
1.367657661437988281e+00
1.480678796768188477e+00
1.312286376953125000e+00
1.354162931442260742e+00
1.313497066497802734e+00
1.318153619766235352e+00
1.384627580642700195e+00
1.384166955947875977e+00
