3.106168985366821289e+00
1.368094921112060547e+00
1.292167901992797852e+00
1.268976926803588867e+00
1.351507902145385742e+00
1.362183570861816406e+00
1.268418073654174805e+00
1.268225193023681641e+00
1.273692607879638672e+00
1.270469188690185547e+00
1.270872354507446289e+00
1.408584356307983398e+00
1.272686958312988281e+00
1.278219699859619141e+00
1.278526782989501953e+00
1.274612188339233398e+00
1.274751424789428711e+00
1.270702123641967773e+00
1.271831274032592773e+00
1.275499343872070312e+00
1.277548313140869141e+00
1.274464607238769531e+00
1.277112483978271484e+00
1.279010534286499023e+00
1.276763677597045898e+00
1.278158426284790039e+00
1.302197217941284180e+00
1.282423496246337891e+00
1.287934303283691406e+00
1.399769544601440430e+00
1.275756120681762695e+00
1.275681734085083008e+00
1.338830709457397461e+00
1.283969879150390625e+00
1.279458045959472656e+00
1.274366855621337891e+00
1.278408765792846680e+00
1.301959753036499023e+00
1.381126403808593750e+00
1.278774023056030273e+00
1.277099132537841797e+00
1.279794931411743164e+00
1.290324211120605469e+00
1.288136243820190430e+00
1.282548427581787109e+00
1.328469991683959961e+00
1.379366636276245117e+00
1.281797170639038086e+00
1.277691841125488281e+00
1.317905902862548828e+00
1.285903692245483398e+00
1.291082859039306641e+00
1.289680719375610352e+00
1.286931276321411133e+00
1.287715673446655273e+00
1.290343761444091797e+00
1.289537906646728516e+00
1.288247823715209961e+00
1.289297103881835938e+00
1.290451288223266602e+00
1.297373771667480469e+00
1.287063837051391602e+00
1.288005590438842773e+00
1.335547685623168945e+00
1.293093204498291016e+00
1.364556074142456055e+00
1.292804956436157227e+00
1.300764322280883789e+00
1.293909072875976562e+00
1.297485351562500000e+00
1.301894903182983398e+00
1.294576168060302734e+00
1.419180631637573242e+00
1.385613679885864258e+00
1.286823749542236328e+00
1.289477825164794922e+00
1.295259714126586914e+00
1.294875144958496094e+00
1.289111375808715820e+00
1.297795534133911133e+00
1.296778440475463867e+00
1.303172349929809570e+00
1.294903993606567383e+00
1.301105260848999023e+00
1.457403898239135742e+00
1.296252012252807617e+00
1.292395353317260742e+00
1.293979406356811523e+00
1.302848815917968750e+00
1.339519500732421875e+00
1.416072845458984375e+00
1.289690732955932617e+00
1.295002222061157227e+00
1.302155017852783203e+00
1.392687797546386719e+00
1.294964075088500977e+00
1.292572975158691406e+00
1.301328420639038086e+00
1.300198793411254883e+00
1.332804441452026367e+00
1.297413587570190430e+00
1.296936750411987305e+00
1.292255640029907227e+00
1.314386844635009766e+00
1.295974969863891602e+00
1.364045381546020508e+00
1.298290014266967773e+00
1.297725677490234375e+00
1.319058656692504883e+00
1.290750741958618164e+00
1.293499708175659180e+00
1.303301572799682617e+00
1.303792953491210938e+00
1.302664756774902344e+00
1.301144361495971680e+00
1.292264223098754883e+00
1.299822092056274414e+00
1.394475460052490234e+00
1.305030822753906250e+00
1.372779607772827148e+00
1.326288938522338867e+00
1.298616886138916016e+00
1.296301603317260742e+00
1.299549818038940430e+00
1.310902118682861328e+00
1.297696113586425781e+00
1.358400821685791016e+00
1.303516864776611328e+00
1.296462297439575195e+00
1.343832731246948242e+00
1.295455217361450195e+00
1.371921777725219727e+00
1.301632642745971680e+00
1.320301294326782227e+00
1.395252943038940430e+00
1.399946212768554688e+00
1.321109294891357422e+00
1.296355962753295898e+00
1.331270217895507812e+00
1.303154706954956055e+00
1.297767639160156250e+00
1.320260524749755859e+00
1.315486192703247070e+00
1.308337211608886719e+00
1.361543655395507812e+00
1.299881458282470703e+00
1.301595449447631836e+00
1.300751447677612305e+00
1.306782722473144531e+00
1.330595254898071289e+00
1.400438785552978516e+00
1.306533336639404297e+00
1.400413274765014648e+00
1.338412046432495117e+00
1.301306486129760742e+00
1.307042360305786133e+00
1.301090717315673828e+00
1.302584409713745117e+00
1.296742916107177734e+00
1.301671028137207031e+00
1.304790973663330078e+00
1.305220365524291992e+00
1.414085626602172852e+00
1.321658134460449219e+00
1.305132389068603516e+00
1.307958364486694336e+00
1.301062107086181641e+00
1.300536870956420898e+00
1.314709186553955078e+00
1.296600103378295898e+00
1.302412986755371094e+00
1.311959505081176758e+00
1.295989036560058594e+00
1.375463247299194336e+00
1.312332868576049805e+00
1.299938440322875977e+00
1.306467771530151367e+00
1.298362016677856445e+00
1.297604084014892578e+00
1.296033620834350586e+00
1.349486351013183594e+00
1.315652608871459961e+00
1.301864147186279297e+00
1.302240133285522461e+00
1.386221170425415039e+00
1.304224729537963867e+00
1.298821687698364258e+00
1.302975416183471680e+00
1.301800727844238281e+00
1.348553180694580078e+00
1.335729598999023438e+00
1.306677818298339844e+00
1.309104204177856445e+00
1.325848102569580078e+00
1.309319019317626953e+00
1.306464910507202148e+00
1.306027650833129883e+00
1.321241378784179688e+00
1.313469409942626953e+00
1.303899049758911133e+00
