7.369644641876220703e-01
7.000136375427246094e-01
6.868312358856201172e-01
6.864519119262695312e-01
7.747755050659179688e-01
6.885435581207275391e-01
6.845247745513916016e-01
6.907753944396972656e-01
6.763689517974853516e-01
6.815156936645507812e-01
7.559332847595214844e-01
6.848208904266357422e-01
6.670479774475097656e-01
6.838669776916503906e-01
6.821691989898681641e-01
6.831321716308593750e-01
7.668535709381103516e-01
6.853311061859130859e-01
6.790130138397216797e-01
6.790435314178466797e-01
6.880693435668945312e-01
6.811892986297607422e-01
6.699049472808837891e-01
6.752111911773681641e-01
6.899325847625732422e-01
6.795690059661865234e-01
6.735529899597167969e-01
6.840763092041015625e-01
6.716833114624023438e-01
6.758761405944824219e-01
6.845943927764892578e-01
6.805996894836425781e-01
7.638168334960937500e-01
6.734960079193115234e-01
6.881263256072998047e-01
7.632164955139160156e-01
6.702151298522949219e-01
6.766753196716308594e-01
7.689046859741210938e-01
6.719245910644531250e-01
6.743452548980712891e-01
6.849255561828613281e-01
6.750798225402832031e-01
6.729242801666259766e-01
7.553341388702392578e-01
6.798098087310791016e-01
6.772630214691162109e-01
7.721769809722900391e-01
6.805453300476074219e-01
6.754848957061767578e-01
7.633018493652343750e-01
6.745562553405761719e-01
6.822881698608398438e-01
6.841242313385009766e-01
6.741151809692382812e-01
6.816823482513427734e-01
6.818232536315917969e-01
6.756825447082519531e-01
7.660045623779296875e-01
6.811566352844238281e-01
6.776862144470214844e-01
6.735115051269531250e-01
6.815745830535888672e-01
6.854057312011718750e-01
6.764035224914550781e-01
6.794655323028564453e-01
7.685129642486572266e-01
7.541706562042236328e-01
6.774024963378906250e-01
6.699283123016357422e-01
6.813204288482666016e-01
6.744797229766845703e-01
6.857409477233886719e-01
6.832604408264160156e-01
6.826727390289306641e-01
6.790313720703125000e-01
6.724984645843505859e-01
6.706926822662353516e-01
6.802594661712646484e-01
6.689772605895996094e-01
6.822986602783203125e-01
7.576317787170410156e-01
6.713969707489013672e-01
7.668304443359375000e-01
7.370977401733398438e-01
6.842532157897949219e-01
6.686718463897705078e-01
6.733365058898925781e-01
6.875343322753906250e-01
7.625305652618408203e-01
7.460715770721435547e-01
6.883473396301269531e-01
6.840300559997558594e-01
6.836078166961669922e-01
6.831212043762207031e-01
6.884357929229736328e-01
6.731710433959960938e-01
6.808485984802246094e-01
7.314057350158691406e-01
6.730477809906005859e-01
6.710472106933593750e-01
7.581286430358886719e-01
7.536244392395019531e-01
6.797728538513183594e-01
6.783051490783691406e-01
6.901915073394775391e-01
6.840615272521972656e-01
6.679961681365966797e-01
6.836099624633789062e-01
7.584652900695800781e-01
6.775765419006347656e-01
6.793899536132812500e-01
7.553591728210449219e-01
6.743106842041015625e-01
6.783082485198974609e-01
6.823062896728515625e-01
6.752119064331054688e-01
6.613435745239257812e-01
6.766703128814697266e-01
7.580063343048095703e-01
6.840522289276123047e-01
6.753025054931640625e-01
6.860287189483642578e-01
6.749184131622314453e-01
7.669389247894287109e-01
7.637767791748046875e-01
6.882758140563964844e-01
6.691722869873046875e-01
7.549006938934326172e-01
6.778962612152099609e-01
7.633664608001708984e-01
7.513501644134521484e-01
6.860144138336181641e-01
6.834304332733154297e-01
6.732521057128906250e-01
6.705133914947509766e-01
6.786227226257324219e-01
6.728637218475341797e-01
7.466754913330078125e-01
6.860132217407226562e-01
7.548103332519531250e-01
6.807706356048583984e-01
6.868600845336914062e-01
7.098953723907470703e-01
6.808376312255859375e-01
6.769845485687255859e-01
6.801180839538574219e-01
6.731796264648437500e-01
7.857868671417236328e-01
6.795430183410644531e-01
6.748242378234863281e-01
7.701334953308105469e-01
7.716431617736816406e-01
7.558207511901855469e-01
6.896326541900634766e-01
6.857874393463134766e-01
7.219312191009521484e-01
6.808342933654785156e-01
6.773912906646728516e-01
6.866989135742187500e-01
7.624645233154296875e-01
6.777174472808837891e-01
6.899750232696533203e-01
7.425334453582763672e-01
7.639427185058593750e-01
7.778024673461914062e-01
7.617170810699462891e-01
6.730222702026367188e-01
6.787421703338623047e-01
7.413003444671630859e-01
6.734097003936767578e-01
6.772649288177490234e-01
6.952867507934570312e-01
6.757864952087402344e-01
6.764636039733886719e-01
7.265512943267822266e-01
6.830675601959228516e-01
7.635099887847900391e-01
7.676877975463867188e-01
6.816239356994628906e-01
6.756904125213623047e-01
6.806943416595458984e-01
7.484328746795654297e-01
7.774198055267333984e-01
7.653620243072509766e-01
6.878781318664550781e-01
6.864426136016845703e-01
6.796603202819824219e-01
6.718995571136474609e-01
7.676320075988769531e-01
7.736442089080810547e-01
6.864590644836425781e-01
6.808972358703613281e-01
7.619080543518066406e-01
6.758449077606201172e-01
7.196524143218994141e-01
6.838397979736328125e-01
6.765475273132324219e-01
6.739296913146972656e-01
6.782774925231933594e-01
