7.369749546051025391e-01
7.000246047973632812e-01
6.868290901184082031e-01
6.864573955535888672e-01
7.747762203216552734e-01
6.885430812835693359e-01
6.845242977142333984e-01
6.907808780670166016e-01
6.763691902160644531e-01
6.815166473388671875e-01
7.559318542480468750e-01
6.848220825195312500e-01
6.670534610748291016e-01
6.838631629943847656e-01
6.821684837341308594e-01
6.831378936767578125e-01
7.668423652648925781e-01
6.853353977203369141e-01
6.790132522583007812e-01
6.790482997894287109e-01
6.880755424499511719e-01
6.811909675598144531e-01
6.699042320251464844e-01
6.752111911773681641e-01
6.899344921112060547e-01
6.795704364776611328e-01
6.735541820526123047e-01
6.840758323669433594e-01
6.716859340667724609e-01
6.758787631988525391e-01
6.845910549163818359e-01
6.806008815765380859e-01
7.638175487518310547e-01
6.734974384307861328e-01
6.881325244903564453e-01
7.632126808166503906e-01
6.702187061309814453e-01
6.766755580902099609e-01
7.689073085784912109e-01
6.719288825988769531e-01
6.743433475494384766e-01
6.849281787872314453e-01
6.750783920288085938e-01
6.729218959808349609e-01
7.553372383117675781e-01
6.798107624053955078e-01
6.772575378417968750e-01
7.721760272979736328e-01
6.805503368377685547e-01
6.754856109619140625e-01
7.633049488067626953e-01
6.745603084564208984e-01
6.822896003723144531e-01
6.840972900390625000e-01
6.741187572479248047e-01
6.816835403442382812e-01
6.818230152130126953e-01
6.756823062896728516e-01
7.660105228424072266e-01
6.811590194702148438e-01
6.776747703552246094e-01
6.735150814056396484e-01
6.815781593322753906e-01
6.854093074798583984e-01
6.764085292816162109e-01
6.794698238372802734e-01
7.685110569000244141e-01
7.541680335998535156e-01
6.774051189422607422e-01
6.699264049530029297e-01
6.813187599182128906e-01
6.744837760925292969e-01
6.857433319091796875e-01
6.832637786865234375e-01
6.826760768890380859e-01
6.790351867675781250e-01
6.724956035614013672e-01
6.707060337066650391e-01
6.802628040313720703e-01
6.689724922180175781e-01
6.823284626007080078e-01
7.576358318328857422e-01
6.714012622833251953e-01
7.668335437774658203e-01
7.370970249176025391e-01
6.842546463012695312e-01
6.686699390411376953e-01
6.733412742614746094e-01
6.875350475311279297e-01
7.625293731689453125e-01
7.460708618164062500e-01
6.883487701416015625e-01
6.840314865112304688e-01
6.836051940917968750e-01
6.831228733062744141e-01
6.884350776672363281e-01
6.731686592102050781e-01
6.808447837829589844e-01
7.314078807830810547e-01
6.730461120605468750e-01
6.710467338562011719e-01
7.581295967102050781e-01
7.536263465881347656e-01
6.797389984130859375e-01
6.783101558685302734e-01
6.901926994323730469e-01
6.840605735778808594e-01
6.679980754852294922e-01
6.836106777191162109e-01
7.584760189056396484e-01
6.775779724121093750e-01
6.793875694274902344e-01
7.553641796112060547e-01
6.743090152740478516e-01
6.783087253570556641e-01
6.823112964630126953e-01
6.752121448516845703e-01
6.613383293151855469e-01
6.766748428344726562e-01
7.580103874206542969e-01
6.840488910675048828e-01
6.753032207489013672e-01
6.860291957855224609e-01
6.749145984649658203e-01
7.669434547424316406e-01
7.637801170349121094e-01
6.882786750793457031e-01
6.691784858703613281e-01
7.549033164978027344e-01
6.778993606567382812e-01
7.633662223815917969e-01
7.513504028320312500e-01
6.860156059265136719e-01
6.834044456481933594e-01
6.732528209686279297e-01
6.705172061920166016e-01
6.786196231842041016e-01
6.728641986846923828e-01
7.466776371002197266e-01
6.860120296478271484e-01
7.548058032989501953e-01
6.807668209075927734e-01
6.868588924407958984e-01
7.099208831787109375e-01
6.808419227600097656e-01
6.769840717315673828e-01
6.801228523254394531e-01
6.731853485107421875e-01
7.857890129089355469e-01
6.795482635498046875e-01
6.747996807098388672e-01
7.701363563537597656e-01
7.716460227966308594e-01
7.558407783508300781e-01
6.896340847015380859e-01
6.857903003692626953e-01
7.219285964965820312e-01
6.808333396911621094e-01
6.773886680603027344e-01
6.867079734802246094e-01
7.624387741088867188e-01
6.777153015136718750e-01
6.899788379669189453e-01
7.425558567047119141e-01
7.639431953430175781e-01
7.778117656707763672e-01
7.617127895355224609e-01
6.730229854583740234e-01
6.787471771240234375e-01
7.413012981414794922e-01
6.734108924865722656e-01
6.772651672363281250e-01
6.952860355377197266e-01
6.757841110229492188e-01
6.764652729034423828e-01
7.265553474426269531e-01
6.830651760101318359e-01
7.635142803192138672e-01
7.676928043365478516e-01
6.816282272338867188e-01
6.756844520568847656e-01
6.806972026824951172e-01
7.484309673309326172e-01
7.774238586425781250e-01
7.653636932373046875e-01
6.878786087036132812e-01
6.864688396453857422e-01
6.796646118164062500e-01
6.718969345092773438e-01
7.676312923431396484e-01
7.736518383026123047e-01
6.864640712738037109e-01
6.809046268463134766e-01
7.619202136993408203e-01
6.758434772491455078e-01
7.196581363677978516e-01
6.838648319244384766e-01
6.765496730804443359e-01
6.739332675933837891e-01
6.782746315002441406e-01
