1.482820510864257812e+00
1.401945829391479492e+00
1.346829891204833984e+00
1.437569856643676758e+00
1.386303186416625977e+00
1.357346057891845703e+00
1.335988998413085938e+00
1.373805761337280273e+00
1.395767450332641602e+00
1.341739177703857422e+00
1.363925933837890625e+00
1.355388641357421875e+00
1.308185100555419922e+00
1.294496059417724609e+00
1.286703824996948242e+00
1.322939634323120117e+00
1.351062059402465820e+00
1.373334646224975586e+00
1.389941215515136719e+00
1.428547859191894531e+00
1.480924367904663086e+00
1.444833755493164062e+00
1.416518926620483398e+00
1.495155811309814453e+00
1.310796499252319336e+00
1.345538616180419922e+00
1.348908424377441406e+00
1.354974031448364258e+00
1.345564842224121094e+00
1.346321105957031250e+00
1.343026638031005859e+00
1.288871526718139648e+00
1.289532661437988281e+00
1.292279958724975586e+00
1.351936101913452148e+00
1.377254247665405273e+00
1.341702461242675781e+00
1.402683973312377930e+00
1.407884359359741211e+00
1.340100765228271484e+00
1.438753604888916016e+00
1.461122035980224609e+00
1.443514108657836914e+00
1.380756855010986328e+00
1.434439182281494141e+00
1.395042657852172852e+00
1.431262254714965820e+00
1.452271461486816406e+00
1.396410703659057617e+00
1.349916219711303711e+00
1.357036352157592773e+00
1.420728921890258789e+00
1.395485162734985352e+00
1.302315711975097656e+00
1.310430526733398438e+00
1.279635429382324219e+00
1.299131870269775391e+00
1.355130195617675781e+00
1.277699708938598633e+00
1.339372158050537109e+00
1.363623380661010742e+00
1.347298145294189453e+00
1.427496194839477539e+00
1.353096485137939453e+00
1.409344434738159180e+00
1.442033052444458008e+00
1.447654247283935547e+00
1.484334707260131836e+00
1.355993747711181641e+00
1.328404903411865234e+00
1.295157432556152344e+00
1.337849855422973633e+00
1.283021450042724609e+00
1.278875827789306641e+00
1.285125255584716797e+00
1.282357692718505859e+00
1.276817321777343750e+00
1.301258325576782227e+00
1.337965965270996094e+00
1.292625188827514648e+00
1.292564630508422852e+00
1.294488430023193359e+00
1.302598476409912109e+00
1.283612728118896484e+00
1.313961982727050781e+00
1.301296472549438477e+00
1.285180330276489258e+00
1.309048652648925781e+00
1.270293235778808594e+00
1.303915262222290039e+00
1.284276008605957031e+00
1.357682943344116211e+00
1.411441326141357422e+00
1.288387775421142578e+00
1.318538665771484375e+00
1.303572177886962891e+00
1.323530673980712891e+00
1.331071615219116211e+00
1.301942825317382812e+00
1.293346643447875977e+00
1.390157938003540039e+00
1.250910282135009766e+00
1.472893238067626953e+00
1.464602470397949219e+00
1.347341537475585938e+00
1.291754007339477539e+00
1.369566917419433594e+00
1.305016756057739258e+00
1.352006673812866211e+00
1.386345148086547852e+00
1.379590749740600586e+00
1.324184179306030273e+00
1.303365707397460938e+00
1.365634679794311523e+00
1.287651538848876953e+00
1.296764135360717773e+00
1.296876430511474609e+00
1.354585647583007812e+00
1.462138414382934570e+00
1.356462955474853516e+00
1.351591110229492188e+00
1.300166845321655273e+00
1.313972234725952148e+00
1.351668596267700195e+00
1.351037740707397461e+00
1.403909683227539062e+00
1.321694374084472656e+00
1.321248054504394531e+00
1.439913988113403320e+00
1.323215007781982422e+00
1.281070232391357422e+00
1.347331047058105469e+00
1.332195758819580078e+00
1.477525234222412109e+00
1.366608381271362305e+00
1.297644376754760742e+00
1.388574838638305664e+00
1.372407197952270508e+00
1.451424121856689453e+00
1.364663839340209961e+00
1.295710086822509766e+00
1.289676427841186523e+00
1.321805715560913086e+00
1.471323251724243164e+00
1.331253051757812500e+00
1.390722513198852539e+00
1.293418407440185547e+00
1.309419870376586914e+00
1.463035583496093750e+00
1.312377214431762695e+00
1.329687356948852539e+00
1.389555215835571289e+00
1.329156160354614258e+00
1.335839748382568359e+00
1.350099086761474609e+00
1.393040418624877930e+00
1.443935394287109375e+00
1.430351018905639648e+00
1.506091117858886719e+00
1.417567968368530273e+00
1.436576843261718750e+00
1.384372472763061523e+00
1.450705051422119141e+00
1.480500221252441406e+00
1.451351404190063477e+00
1.460851669311523438e+00
1.464423418045043945e+00
1.482558012008666992e+00
1.399790287017822266e+00
1.579222202301025391e+00
1.386102676391601562e+00
1.473688602447509766e+00
1.411997556686401367e+00
1.449255943298339844e+00
1.506786584854125977e+00
1.463638067245483398e+00
1.422718286514282227e+00
1.378006935119628906e+00
1.426856279373168945e+00
1.513778209686279297e+00
1.338731765747070312e+00
1.335725069046020508e+00
1.406152248382568359e+00
1.278373003005981445e+00
1.410884141921997070e+00
1.386946439743041992e+00
1.320632934570312500e+00
1.311734437942504883e+00
1.297011852264404297e+00
1.283033847808837891e+00
1.350833892822265625e+00
1.316577911376953125e+00
1.344919204711914062e+00
1.280618190765380859e+00
1.287896394729614258e+00
1.285691261291503906e+00
1.329946041107177734e+00
1.349025487899780273e+00
1.299531936645507812e+00
1.304502964019775391e+00
