1.482810974121093750e+00
1.401939392089843750e+00
1.346841096878051758e+00
1.437555074691772461e+00
1.386285066604614258e+00
1.357339382171630859e+00
1.335994005203247070e+00
1.373795032501220703e+00
1.395753860473632812e+00
1.341737985610961914e+00
1.363924503326416016e+00
1.355384349822998047e+00
1.308165550231933594e+00
1.294482707977294922e+00
1.286692619323730469e+00
1.322930097579956055e+00
1.351046800613403320e+00
1.373314142227172852e+00
1.389912605285644531e+00
1.428546905517578125e+00
1.480935811996459961e+00
1.444856405258178711e+00
1.416506290435791016e+00
1.495141506195068359e+00
1.310790538787841797e+00
1.345519065856933594e+00
1.348889112472534180e+00
1.354996681213378906e+00
1.345567464828491211e+00
1.346326589584350586e+00
1.343025445938110352e+00
1.288863897323608398e+00
1.289535999298095703e+00
1.292255878448486328e+00
1.351937055587768555e+00
1.377260208129882812e+00
1.341691732406616211e+00
1.402684688568115234e+00
1.407891511917114258e+00
1.340093135833740234e+00
1.438757419586181641e+00
1.461111307144165039e+00
1.443525075912475586e+00
1.380751609802246094e+00
1.434421539306640625e+00
1.395044565200805664e+00
1.431266307830810547e+00
1.452231645584106445e+00
1.396410465240478516e+00
1.349906921386718750e+00
1.357030630111694336e+00
1.420722007751464844e+00
1.395484209060668945e+00
1.302314519882202148e+00
1.310412645339965820e+00
1.279646396636962891e+00
1.299116849899291992e+00
1.355134248733520508e+00
1.277701377868652344e+00
1.339360475540161133e+00
1.363627910614013672e+00
1.347295522689819336e+00
1.427474498748779297e+00
1.353085994720458984e+00
1.409334659576416016e+00
1.442035675048828125e+00
1.447664260864257812e+00
1.484330654144287109e+00
1.355981111526489258e+00
1.328392505645751953e+00
1.295174121856689453e+00
1.337870121002197266e+00
1.283021211624145508e+00
1.278875589370727539e+00
1.285132408142089844e+00
1.282331705093383789e+00
1.276802301406860352e+00
1.301249980926513672e+00
1.337948322296142578e+00
1.292613029479980469e+00
1.292551279067993164e+00
1.294505357742309570e+00
1.302569389343261719e+00
1.283609628677368164e+00
1.313955783843994141e+00
1.301280736923217773e+00
1.285177230834960938e+00
1.309056043624877930e+00
1.270257234573364258e+00
1.303896427154541016e+00
1.284268379211425781e+00
1.357684612274169922e+00
1.411434412002563477e+00
1.288386344909667969e+00
1.318529605865478516e+00
1.303545713424682617e+00
1.323527812957763672e+00
1.331079721450805664e+00
1.301932334899902344e+00
1.293328046798706055e+00
1.390158176422119141e+00
1.250893115997314453e+00
1.472875833511352539e+00
1.464590549468994141e+00
1.347326755523681641e+00
1.291749477386474609e+00
1.369542837142944336e+00
1.305030107498168945e+00
1.352010965347290039e+00
1.386327266693115234e+00
1.379591703414916992e+00
1.324185371398925781e+00
1.303371429443359375e+00
1.365624904632568359e+00
1.287623167037963867e+00
1.296752452850341797e+00
1.296873807907104492e+00
1.354561328887939453e+00
1.462125301361083984e+00
1.356455326080322266e+00
1.351590156555175781e+00
1.300151586532592773e+00
1.313956022262573242e+00
1.351652860641479492e+00
1.351014375686645508e+00
1.403897285461425781e+00
1.321679115295410156e+00
1.321248054504394531e+00
1.439896345138549805e+00
1.323195219039916992e+00
1.281071424484252930e+00
1.347324132919311523e+00
1.332190275192260742e+00
1.477509498596191406e+00
1.366608142852783203e+00
1.297644853591918945e+00
1.388569355010986328e+00
1.372425079345703125e+00
1.451395273208618164e+00
1.364639997482299805e+00
1.295691728591918945e+00
1.289647817611694336e+00
1.321793556213378906e+00
1.471326112747192383e+00
1.331238508224487305e+00
1.390717267990112305e+00
1.293418645858764648e+00
1.309401035308837891e+00
1.463054180145263672e+00
1.312371492385864258e+00
1.329648256301879883e+00
1.389550209045410156e+00
1.329159021377563477e+00
1.338814496994018555e+00
1.350119352340698242e+00
1.393025159835815430e+00
1.443923711776733398e+00
1.430350780487060547e+00
1.506063938140869141e+00
1.417583942413330078e+00
1.436586380004882812e+00
1.384329795837402344e+00
1.450708866119384766e+00
1.480495691299438477e+00
1.451311826705932617e+00
1.460849761962890625e+00
1.464436292648315430e+00
1.482558965682983398e+00
1.399779796600341797e+00
1.579227209091186523e+00
1.386086225509643555e+00
1.473674774169921875e+00
1.411988496780395508e+00
1.449261665344238281e+00
1.506801605224609375e+00
1.463625431060791016e+00
1.422713756561279297e+00
1.377970933914184570e+00
1.426840543746948242e+00
1.513786554336547852e+00
1.338716745376586914e+00
1.335720777511596680e+00
1.406155824661254883e+00
1.278356790542602539e+00
1.410861253738403320e+00
1.386926174163818359e+00
1.320631265640258789e+00
1.311755180358886719e+00
1.296985387802124023e+00
1.283006191253662109e+00
1.350834131240844727e+00
1.316593170166015625e+00
1.344913959503173828e+00
1.280615568161010742e+00
1.287894487380981445e+00
1.285683393478393555e+00
1.329920530319213867e+00
1.349036455154418945e+00
1.299512624740600586e+00
1.304473161697387695e+00
