3.413733720779418945e+00
1.885888576507568359e+00
1.881607532501220703e+00
1.881277561187744141e+00
1.888587474822998047e+00
1.886787176132202148e+00
1.887523651123046875e+00
1.889568328857421875e+00
1.883720874786376953e+00
1.892850160598754883e+00
1.896233797073364258e+00
1.898080825805664062e+00
1.892752170562744141e+00
1.896370887756347656e+00
1.895569562911987305e+00
1.912534236907958984e+00
1.902153730392456055e+00
1.900366067886352539e+00
1.903870344161987305e+00
1.908041715621948242e+00
1.912621021270751953e+00
1.912986993789672852e+00
1.910272121429443359e+00
1.921443462371826172e+00
1.924589157104492188e+00
1.922736406326293945e+00
1.919614076614379883e+00
1.923357963562011719e+00
1.924425840377807617e+00
1.925164699554443359e+00
1.925812482833862305e+00
1.923974752426147461e+00
1.924595594406127930e+00
1.927314758300781250e+00
1.925163745880126953e+00
1.933237791061401367e+00
1.932948589324951172e+00
1.933031320571899414e+00
1.938820362091064453e+00
1.935210227966308594e+00
1.940330505371093750e+00
1.958978414535522461e+00
1.941167593002319336e+00
1.930580139160156250e+00
1.934172391891479492e+00
1.937684535980224609e+00
1.939913272857666016e+00
1.936093091964721680e+00
1.936686515808105469e+00
1.936634063720703125e+00
1.939800500869750977e+00
1.937867641448974609e+00
1.935668468475341797e+00
1.937979936599731445e+00
1.943011760711669922e+00
1.937188863754272461e+00
1.939170360565185547e+00
1.942278861999511719e+00
1.942428588867187500e+00
1.945751428604125977e+00
1.946994066238403320e+00
1.941580533981323242e+00
1.941683292388916016e+00
1.940408945083618164e+00
1.943078994750976562e+00
1.939170122146606445e+00
1.940813779830932617e+00
1.940468072891235352e+00
1.943253040313720703e+00
1.944450855255126953e+00
1.947327375411987305e+00
1.946273088455200195e+00
1.941465616226196289e+00
1.947014570236206055e+00
1.941581249237060547e+00
1.944839715957641602e+00
1.938204765319824219e+00
1.940338611602783203e+00
1.940602540969848633e+00
1.945852279663085938e+00
1.939512252807617188e+00
1.942962646484375000e+00
1.948217153549194336e+00
1.947698831558227539e+00
1.949826240539550781e+00
1.942672014236450195e+00
1.947241544723510742e+00
1.951003789901733398e+00
1.949904441833496094e+00
1.941490888595581055e+00
1.951333522796630859e+00
1.943902254104614258e+00
1.946709394454956055e+00
1.941624879837036133e+00
1.945693254470825195e+00
1.947045564651489258e+00
1.946806907653808594e+00
1.948161125183105469e+00
1.946763515472412109e+00
1.953579902648925781e+00
1.946852684020996094e+00
1.962192058563232422e+00
1.964586257934570312e+00
1.955004692077636719e+00
1.941444158554077148e+00
1.946935653686523438e+00
1.943054914474487305e+00
1.946529865264892578e+00
1.948322534561157227e+00
1.945645332336425781e+00
1.942720651626586914e+00
1.950758934020996094e+00
1.947259426116943359e+00
1.941720485687255859e+00
1.947042942047119141e+00
1.945510864257812500e+00
1.941879749298095703e+00
1.953657388687133789e+00
1.951383352279663086e+00
1.948027610778808594e+00
1.980651378631591797e+00
1.956634998321533203e+00
1.951308012008666992e+00
1.952209472656250000e+00
1.951241016387939453e+00
1.953052282333374023e+00
1.958675384521484375e+00
1.951055765151977539e+00
1.951150417327880859e+00
1.952118635177612305e+00
1.953521728515625000e+00
1.950040340423583984e+00
1.953117847442626953e+00
1.957907676696777344e+00
1.953380584716796875e+00
1.951785564422607422e+00
1.946794271469116211e+00
1.957650661468505859e+00
1.951920747756958008e+00
1.958505392074584961e+00
1.947907686233520508e+00
1.948447942733764648e+00
1.952033758163452148e+00
1.951858758926391602e+00
1.946208238601684570e+00
1.946909427642822266e+00
1.944818735122680664e+00
1.947170019149780273e+00
1.950466156005859375e+00
1.948451042175292969e+00
1.948047399520874023e+00
1.948751688003540039e+00
1.946151494979858398e+00
1.943651676177978516e+00
1.954126119613647461e+00
1.949906826019287109e+00
1.952885389328002930e+00
1.951249361038208008e+00
1.950751066207885742e+00
1.946343660354614258e+00
1.948328495025634766e+00
1.955723762512207031e+00
1.965367555618286133e+00
1.940667390823364258e+00
1.941208600997924805e+00
1.938112735748291016e+00
1.932999849319458008e+00
1.935986995697021484e+00
1.941308736801147461e+00
1.941386938095092773e+00
1.952305793762207031e+00
1.954699516296386719e+00
1.955064296722412109e+00
1.950270891189575195e+00
1.954338550567626953e+00
1.954675197601318359e+00
1.958305597305297852e+00
1.951689481735229492e+00
1.948647499084472656e+00
1.958069801330566406e+00
1.949823379516601562e+00
1.950724601745605469e+00
1.948383569717407227e+00
1.958031892776489258e+00
1.953470706939697266e+00
1.942842721939086914e+00
1.948405981063842773e+00
1.954075813293457031e+00
1.953338861465454102e+00
1.956409692764282227e+00
1.963314056396484375e+00
1.956454992294311523e+00
1.955972909927368164e+00
1.964582204818725586e+00
1.964624166488647461e+00
1.950559854507446289e+00
1.953814983367919922e+00
1.951558113098144531e+00
1.956983566284179688e+00
1.957281112670898438e+00
