1.928110122680664062e-01
1.919815540313720703e-01
1.885402202606201172e-01
1.892499923706054688e-01
1.899960041046142578e-01
1.896705627441406250e-01
1.899788379669189453e-01
1.875679492950439453e-01
1.901118755340576172e-01
1.867887973785400391e-01
1.873166561126708984e-01
1.888539791107177734e-01
2.643153667449951172e-01
1.854135990142822266e-01
1.756012439727783203e-01
1.920168399810791016e-01
1.881692409515380859e-01
1.898908615112304688e-01
1.876215934753417969e-01
1.887557506561279297e-01
1.762027740478515625e-01
1.920573711395263672e-01
1.865534782409667969e-01
1.870126724243164062e-01
1.874005794525146484e-01
1.859524250030517578e-01
1.881349086761474609e-01
1.877183914184570312e-01
1.870653629302978516e-01
1.894898414611816406e-01
1.882793903350830078e-01
2.135329246520996094e-01
1.893601417541503906e-01
1.881208419799804688e-01
1.874866485595703125e-01
1.886775493621826172e-01
1.891682147979736328e-01
1.880037784576416016e-01
1.889283657073974609e-01
1.887357234954833984e-01
1.899347305297851562e-01
1.922078132629394531e-01
1.908552646636962891e-01
1.914801597595214844e-01
1.931581497192382812e-01
1.885738372802734375e-01
1.869814395904541016e-01
1.966435909271240234e-01
1.906368732452392578e-01
1.909406185150146484e-01
1.918377876281738281e-01
1.913890838623046875e-01
1.904194355010986328e-01
1.934165954589843750e-01
1.927223205566406250e-01
1.922166347503662109e-01
1.929438114166259766e-01
1.911208629608154297e-01
1.902611255645751953e-01
1.928813457489013672e-01
1.911280155181884766e-01
1.888034343719482422e-01
1.920149326324462891e-01
1.904432773590087891e-01
1.910746097564697266e-01
1.932971477508544922e-01
1.916959285736083984e-01
1.904871463775634766e-01
1.908276081085205078e-01
1.906034946441650391e-01
1.908926963806152344e-01
1.907811164855957031e-01
1.900770664215087891e-01
1.904218196868896484e-01
1.943423748016357422e-01
1.911222934722900391e-01
1.894941329956054688e-01
2.681553363800048828e-01
1.904873847961425781e-01
1.922950744628906250e-01
1.923241615295410156e-01
1.889069080352783203e-01
1.921911239624023438e-01
1.937403678894042969e-01
1.876292228698730469e-01
1.911489963531494141e-01
1.917302608489990234e-01
2.203629016876220703e-01
1.902258396148681641e-01
1.911768913269042969e-01
1.898822784423828125e-01
1.935267448425292969e-01
1.909394264221191406e-01
1.909577846527099609e-01
1.911239624023437500e-01
1.908335685729980469e-01
1.908159255981445312e-01
1.910111904144287109e-01
1.933093070983886719e-01
1.920785903930664062e-01
1.934001445770263672e-01
1.938204765319824219e-01
1.927852630615234375e-01
1.945645809173583984e-01
1.936635971069335938e-01
2.223541736602783203e-01
1.906602382659912109e-01
1.905944347381591797e-01
1.899104118347167969e-01
1.911647319793701172e-01
1.903605461120605469e-01
1.910822391510009766e-01
1.906297206878662109e-01
1.911087036132812500e-01
2.691066265106201172e-01
1.936471462249755859e-01
1.917805671691894531e-01
1.909728050231933594e-01
1.921176910400390625e-01
1.920914649963378906e-01
1.935632228851318359e-01
1.953692436218261719e-01
1.902964115142822266e-01
1.923749446868896484e-01
1.930601596832275391e-01
1.924741268157958984e-01
1.947307586669921875e-01
1.920747756958007812e-01
1.914670467376708984e-01
1.907162666320800781e-01
1.927876472473144531e-01
1.912777423858642578e-01
1.887288093566894531e-01
1.977446079254150391e-01
1.920554637908935547e-01
1.952145099639892578e-01
1.935563087463378906e-01
1.927137374877929688e-01
1.955761909484863281e-01
1.936814785003662109e-01
1.929304599761962891e-01
2.142405509948730469e-01
1.945924758911132812e-01
1.933372020721435547e-01
1.896667480468750000e-01
1.944572925567626953e-01
1.914925575256347656e-01
1.880242824554443359e-01
1.946837902069091797e-01
1.908140182495117188e-01
1.932535171508789062e-01
1.786673069000244141e-01
1.903738975524902344e-01
1.962335109710693359e-01
1.927363872528076172e-01
1.911420822143554688e-01
1.951289176940917969e-01
1.937906742095947266e-01
1.963305473327636719e-01
2.210712432861328125e-01
1.893427371978759766e-01
1.900458335876464844e-01
1.977903842926025391e-01
1.910672187805175781e-01
1.906583309173583984e-01
1.930890083312988281e-01
1.912720203399658203e-01
1.878278255462646484e-01
1.909232139587402344e-01
1.924035549163818359e-01
1.906945705413818359e-01
1.948235034942626953e-01
1.959102153778076172e-01
1.910595893859863281e-01
1.951169967651367188e-01
1.909241676330566406e-01
1.912164688110351562e-01
1.925539970397949219e-01
1.907105445861816406e-01
1.891961097717285156e-01
1.935796737670898438e-01
1.944684982299804688e-01
1.912436485290527344e-01
1.924724578857421875e-01
1.938586235046386719e-01
1.927020549774169922e-01
1.764965057373046875e-01
1.930193901062011719e-01
1.906301975250244141e-01
1.962146759033203125e-01
1.905388832092285156e-01
1.889348030090332031e-01
1.946902275085449219e-01
1.921403408050537109e-01
1.937134265899658203e-01
1.934542655944824219e-01
1.929399967193603516e-01
1.915051937103271484e-01
1.932380199432373047e-01
1.923584938049316406e-01
