2.219227313995361328e+00
4.334323406219482422e-01
4.369127750396728516e-01
4.640333652496337891e-01
4.441409111022949219e-01
4.393255710601806641e-01
4.504089355468750000e-01
4.372045993804931641e-01
4.635620117187500000e-01
4.412832260131835938e-01
4.423353672027587891e-01
4.456815719604492188e-01
4.468715190887451172e-01
4.418818950653076172e-01
4.441292285919189453e-01
4.458792209625244141e-01
4.558200836181640625e-01
4.557878971099853516e-01
4.682667255401611328e-01
4.454421997070312500e-01
4.417581558227539062e-01
4.446866512298583984e-01
4.402587413787841797e-01
4.393954277038574219e-01
4.384341239929199219e-01
4.366631507873535156e-01
4.405527114868164062e-01
4.424436092376708984e-01
4.387798309326171875e-01
4.381186962127685547e-01
4.405415058135986328e-01
4.378223419189453125e-01
4.412791728973388672e-01
4.427707195281982422e-01
4.417121410369873047e-01
4.424400329589843750e-01
4.442653656005859375e-01
4.690716266632080078e-01
4.426608085632324219e-01
4.419524669647216797e-01
4.420187473297119141e-01
4.474418163299560547e-01
4.442737102508544922e-01
4.911854267120361328e-01
4.861688613891601562e-01
4.481797218322753906e-01
4.363806247711181641e-01
4.585909843444824219e-01
4.449524879455566406e-01
4.457793235778808594e-01
4.619872570037841797e-01
4.440059661865234375e-01
4.436912536621093750e-01
4.859421253204345703e-01
5.061562061309814453e-01
4.433474540710449219e-01
4.459276199340820312e-01
5.011703968048095703e-01
4.483244419097900391e-01
4.513537883758544922e-01
4.628849029541015625e-01
4.504721164703369141e-01
4.504599571228027344e-01
4.537401199340820312e-01
4.629774093627929688e-01
4.745147228240966797e-01
4.956779479980468750e-01
5.040566921234130859e-01
4.519903659820556641e-01
5.240612030029296875e-01
4.541211128234863281e-01
5.029933452606201172e-01
5.556449890136718750e-01
4.573447704315185547e-01
4.611232280731201172e-01
4.327764511108398438e-01
4.521760940551757812e-01
4.837439060211181641e-01
5.250425338745117188e-01
4.551222324371337891e-01
4.524426460266113281e-01
4.525253772735595703e-01
4.512062072753906250e-01
4.826323986053466797e-01
4.521136283874511719e-01
4.823110103607177734e-01
4.550530910491943359e-01
4.628286361694335938e-01
4.556334018707275391e-01
4.519002437591552734e-01
4.475359916687011719e-01
4.519176483154296875e-01
4.457104206085205078e-01
4.505469799041748047e-01
4.506909847259521484e-01
4.538764953613281250e-01
4.517872333526611328e-01
4.635274410247802734e-01
4.815895557403564453e-01
4.539074897766113281e-01
4.521691799163818359e-01
4.597420692443847656e-01
4.509124755859375000e-01
4.523937702178955078e-01
4.742858409881591797e-01
4.558908939361572266e-01
4.574866294860839844e-01
4.908430576324462891e-01
4.563641548156738281e-01
4.570527076721191406e-01
4.793736934661865234e-01
4.581468105316162109e-01
4.588632583618164062e-01
4.787483215332031250e-01
4.642305374145507812e-01
4.562644958496093750e-01
4.600117206573486328e-01
4.477856159210205078e-01
4.530141353607177734e-01
4.482629299163818359e-01
4.707961082458496094e-01
4.526011943817138672e-01
4.641289710998535156e-01
4.548757076263427734e-01
4.635434150695800781e-01
4.562499523162841797e-01
4.557714462280273438e-01
4.573147296905517578e-01
4.546887874603271484e-01
4.734904766082763672e-01
4.713642597198486328e-01
4.584798812866210938e-01
4.631032943725585938e-01
4.521558284759521484e-01
4.578125476837158203e-01
4.553771018981933594e-01
4.748463630676269531e-01
4.637358188629150391e-01
4.717111587524414062e-01
4.567942619323730469e-01
4.559822082519531250e-01
4.685122966766357422e-01
5.168662071228027344e-01
5.037260055541992188e-01
5.183849334716796875e-01
5.368022918701171875e-01
4.646086692810058594e-01
4.522974491119384766e-01
4.470808506011962891e-01
4.518508911132812500e-01
4.475722312927246094e-01
4.530470371246337891e-01
4.478621482849121094e-01
4.488580226898193359e-01
4.478366374969482422e-01
4.540660381317138672e-01
4.528000354766845703e-01
4.667820930480957031e-01
4.538762569427490234e-01
4.540948867797851562e-01
4.549860954284667969e-01
4.587836265563964844e-01
4.875786304473876953e-01
4.770326614379882812e-01
4.574329853057861328e-01
4.604337215423583984e-01
4.560441970825195312e-01
4.632418155670166016e-01
4.554932117462158203e-01
4.520635604858398438e-01
4.605348110198974609e-01
4.751319885253906250e-01
4.565453529357910156e-01
4.565775394439697266e-01
4.546687602996826172e-01
4.634130001068115234e-01
4.548332691192626953e-01
4.673421382904052734e-01
4.565951824188232422e-01
4.579117298126220703e-01
5.094456672668457031e-01
4.582238197326660156e-01
4.605081081390380859e-01
4.564173221588134766e-01
4.623117446899414062e-01
4.579572677612304688e-01
4.584553241729736328e-01
4.582328796386718750e-01
4.606184959411621094e-01
4.626984596252441406e-01
4.599561691284179688e-01
4.658985137939453125e-01
4.596047401428222656e-01
5.762188434600830078e-01
4.626553058624267578e-01
4.568469524383544922e-01
4.578139781951904297e-01
4.508824348449707031e-01
4.478089809417724609e-01
4.472002983093261719e-01
