2.361793518066406250e+00
4.335334300994873047e-01
4.433727264404296875e-01
4.595496654510498047e-01
4.304988384246826172e-01
4.293417930603027344e-01
4.359292984008789062e-01
4.897131919860839844e-01
4.406874179840087891e-01
4.413297176361083984e-01
4.338955879211425781e-01
4.331707954406738281e-01
4.402601718902587891e-01
4.412302970886230469e-01
4.396476745605468750e-01
4.532411098480224609e-01
4.400551319122314453e-01
4.400711059570312500e-01
4.419023990631103516e-01
4.393589496612548828e-01
4.477269649505615234e-01
4.416670799255371094e-01
4.371206760406494141e-01
4.352436065673828125e-01
4.337351322174072266e-01
4.361348152160644531e-01
4.356613159179687500e-01
4.368088245391845703e-01
4.359076023101806641e-01
4.361541271209716797e-01
4.372909069061279297e-01
4.339537620544433594e-01
4.387562274932861328e-01
4.400143623352050781e-01
4.399523735046386719e-01
4.410727024078369141e-01
4.387445449829101562e-01
4.446144104003906250e-01
4.372513294219970703e-01
4.393622875213623047e-01
4.401729106903076172e-01
4.619710445404052734e-01
4.365692138671875000e-01
4.778711795806884766e-01
4.391038417816162109e-01
4.436101913452148438e-01
4.265670776367187500e-01
4.533619880676269531e-01
4.819450378417968750e-01
4.355685710906982422e-01
4.450228214263916016e-01
4.471211433410644531e-01
4.333324432373046875e-01
4.837515354156494141e-01
4.721074104309082031e-01
4.377830028533935547e-01
4.491217136383056641e-01
4.427428245544433594e-01
4.772267341613769531e-01
4.563341140747070312e-01
4.410221576690673828e-01
4.603769779205322266e-01
4.434351921081542969e-01
4.460749626159667969e-01
5.142145156860351562e-01
5.098271369934082031e-01
4.462959766387939453e-01
4.449131488800048828e-01
4.466404914855957031e-01
4.700396060943603516e-01
4.479618072509765625e-01
4.507479667663574219e-01
4.491920471191406250e-01
4.537763595581054688e-01
4.494421482086181641e-01
4.278984069824218750e-01
4.478666782379150391e-01
4.487471580505371094e-01
5.000398159027099609e-01
5.021193027496337891e-01
4.471566677093505859e-01
4.671466350555419922e-01
4.455287456512451172e-01
4.495961666107177734e-01
4.469368457794189453e-01
4.454517364501953125e-01
4.457805156707763672e-01
4.459893703460693359e-01
4.508128166198730469e-01
4.436697959899902344e-01
4.409708976745605469e-01
4.859271049499511719e-01
4.424128532409667969e-01
4.667844772338867188e-01
4.445195198059082031e-01
4.720523357391357422e-01
4.518108367919921875e-01
4.718725681304931641e-01
4.399256706237792969e-01
4.447834491729736328e-01
4.467284679412841797e-01
4.598050117492675781e-01
4.447851181030273438e-01
4.460952281951904297e-01
4.529707431793212891e-01
4.502432346343994141e-01
4.512164592742919922e-01
4.474112987518310547e-01
4.495294094085693359e-01
4.524905681610107422e-01
4.820377826690673828e-01
4.515650272369384766e-01
4.509549140930175781e-01
4.571073055267333984e-01
4.509382247924804688e-01
4.451525211334228516e-01
4.480030536651611328e-01
4.455056190490722656e-01
4.479846954345703125e-01
5.010890960693359375e-01
4.449157714843750000e-01
4.505536556243896484e-01
4.492220878601074219e-01
4.505248069763183594e-01
4.475178718566894531e-01
4.499690532684326172e-01
4.477386474609375000e-01
4.514520168304443359e-01
4.475977420806884766e-01
4.462256431579589844e-01
4.477243423461914062e-01
4.486930370330810547e-01
4.486727714538574219e-01
4.627349376678466797e-01
4.587643146514892578e-01
4.474003314971923828e-01
4.538161754608154297e-01
4.555957317352294922e-01
4.531588554382324219e-01
4.662160873413085938e-01
4.734079837799072266e-01
4.914929866790771484e-01
4.478695392608642578e-01
4.630627632141113281e-01
4.485723972320556641e-01
4.574737548828125000e-01
5.076010227203369141e-01
4.512450695037841797e-01
4.438638687133789062e-01
4.472868442535400391e-01
4.431495666503906250e-01
4.461576938629150391e-01
4.472224712371826172e-01
4.443562030792236328e-01
4.433012008666992188e-01
4.444139003753662109e-01
4.428067207336425781e-01
4.638149738311767578e-01
4.414522647857666016e-01
4.646644592285156250e-01
5.138723850250244141e-01
4.511017799377441406e-01
4.765231609344482422e-01
4.525997638702392578e-01
4.534704685211181641e-01
4.530408382415771484e-01
4.506006240844726562e-01
4.851012229919433594e-01
4.610273838043212891e-01
4.400265216827392578e-01
4.907333850860595703e-01
4.492349624633789062e-01
4.640057086944580078e-01
4.509358406066894531e-01
4.495491981506347656e-01
4.553320407867431641e-01
4.497964382171630859e-01
4.489026069641113281e-01
4.494714736938476562e-01
4.505519866943359375e-01
4.580476284027099609e-01
4.502484798431396484e-01
4.508891105651855469e-01
4.496562480926513672e-01
4.508247375488281250e-01
4.547669887542724609e-01
4.581198692321777344e-01
5.177996158599853516e-01
4.891960620880126953e-01
4.629189968109130859e-01
4.812037944793701172e-01
4.507086277008056641e-01
4.554934501647949219e-01
4.700520038604736328e-01
4.546694755554199219e-01
4.518771171569824219e-01
4.520518779754638672e-01
4.487578868865966797e-01
4.423084259033203125e-01
4.431622028350830078e-01
