1.577481985092163086e+00
1.669466257095336914e+00
1.542180299758911133e+00
1.455259561538696289e+00
1.323371887207031250e+00
1.324662923812866211e+00
1.322249650955200195e+00
1.299075841903686523e+00
1.397370100021362305e+00
1.315124750137329102e+00
1.338404417037963867e+00
1.341086864471435547e+00
1.316153049468994141e+00
1.281883955001831055e+00
1.329180955886840820e+00
1.320203304290771484e+00
1.282790422439575195e+00
1.290291547775268555e+00
1.296842098236083984e+00
1.307505846023559570e+00
1.308905363082885742e+00
1.340326547622680664e+00
1.698604822158813477e+00
1.863176107406616211e+00
1.659924268722534180e+00
1.460754156112670898e+00
1.344112396240234375e+00
1.336899042129516602e+00
1.331225633621215820e+00
1.301902770996093750e+00
1.313726663589477539e+00
1.320920705795288086e+00
1.321704149246215820e+00
1.372570753097534180e+00
1.488062620162963867e+00
1.538192272186279297e+00
1.512773275375366211e+00
1.596913814544677734e+00
1.574660539627075195e+00
1.569219589233398438e+00
1.598764896392822266e+00
1.530291557312011719e+00
1.574082851409912109e+00
1.571780681610107422e+00
1.570978641510009766e+00
1.536004781723022461e+00
1.469866514205932617e+00
1.516288280487060547e+00
1.630551338195800781e+00
1.597836494445800781e+00
1.459279537200927734e+00
1.525343894958496094e+00
1.734612941741943359e+00
1.696349143981933594e+00
1.619171619415283203e+00
1.528431177139282227e+00
1.849931716918945312e+00
1.724653482437133789e+00
1.892116785049438477e+00
2.010972499847412109e+00
2.176420688629150391e+00
1.957370758056640625e+00
1.428652048110961914e+00
1.263772964477539062e+00
1.232585906982421875e+00
1.268163442611694336e+00
1.270497083663940430e+00
1.284162282943725586e+00
1.266409397125244141e+00
1.275806427001953125e+00
1.261379718780517578e+00
1.255082368850708008e+00
1.264887571334838867e+00
1.286029815673828125e+00
1.270419359207153320e+00
1.293743133544921875e+00
1.736756563186645508e+00
1.274485349655151367e+00
1.298365592956542969e+00
1.284453868865966797e+00
1.293253183364868164e+00
1.268280506134033203e+00
1.269883394241333008e+00
1.257535696029663086e+00
1.300418615341186523e+00
1.304048538208007812e+00
1.330594778060913086e+00
1.281226873397827148e+00
1.266424179077148438e+00
1.302792072296142578e+00
1.315392255783081055e+00
1.428770303726196289e+00
1.801456689834594727e+00
1.892740964889526367e+00
1.861613750457763672e+00
2.105834245681762695e+00
1.994212150573730469e+00
2.027301073074340820e+00
1.992825508117675781e+00
2.024163484573364258e+00
2.109659433364868164e+00
1.898089170455932617e+00
1.876847982406616211e+00
1.801983594894409180e+00
1.579554557800292969e+00
1.675646305084228516e+00
1.651391983032226562e+00
1.324581861495971680e+00
1.255106449127197266e+00
1.339304208755493164e+00
1.328516244888305664e+00
1.280427932739257812e+00
1.319748401641845703e+00
1.311925888061523438e+00
1.302225828170776367e+00
1.298363685607910156e+00
1.273573637008666992e+00
1.273233175277709961e+00
1.363694667816162109e+00
1.277940273284912109e+00
1.251189231872558594e+00
1.311874628067016602e+00
1.284011840820312500e+00
1.322331666946411133e+00
1.317049741744995117e+00
1.299279212951660156e+00
1.301428794860839844e+00
1.282073020935058594e+00
1.358730316162109375e+00
1.282025098800659180e+00
1.358461380004882812e+00
1.502709388732910156e+00
1.620450496673583984e+00
1.812936544418334961e+00
1.852154970169067383e+00
1.826180696487426758e+00
1.350910425186157227e+00
1.332128763198852539e+00
1.379566192626953125e+00
1.396710634231567383e+00
1.444183588027954102e+00
1.461714267730712891e+00
1.605767250061035156e+00
1.790382146835327148e+00
1.633139371871948242e+00
1.615665912628173828e+00
1.651447772979736328e+00
1.720461606979370117e+00
1.719609737396240234e+00
1.659120798110961914e+00
1.595852136611938477e+00
1.363428354263305664e+00
1.328838348388671875e+00
1.268390178680419922e+00
1.271646738052368164e+00
1.494193077087402344e+00
1.651892185211181641e+00
1.774382114410400391e+00
2.087164163589477539e+00
1.802956342697143555e+00
1.345226049423217773e+00
1.308034420013427734e+00
1.330474376678466797e+00
1.317295312881469727e+00
1.270239353179931641e+00
1.286200046539306641e+00
1.292478084564208984e+00
1.293351888656616211e+00
1.298131704330444336e+00
1.356294393539428711e+00
1.292373418807983398e+00
1.301499128341674805e+00
1.277981996536254883e+00
1.268645286560058594e+00
1.418059587478637695e+00
1.308750867843627930e+00
1.274820327758789062e+00
1.286423683166503906e+00
1.293335914611816406e+00
1.347127914428710938e+00
1.277328014373779297e+00
1.368930101394653320e+00
1.559099197387695312e+00
1.609437942504882812e+00
1.916060447692871094e+00
1.963758945465087891e+00
1.374239206314086914e+00
1.315817594528198242e+00
1.332433462142944336e+00
1.405916690826416016e+00
1.372956752777099609e+00
1.614862918853759766e+00
1.379050254821777344e+00
1.496194124221801758e+00
1.610864639282226562e+00
1.668471336364746094e+00
1.578284740447998047e+00
1.592358827590942383e+00
1.466390132904052734e+00
1.331511735916137695e+00
