1.577459335327148438e+00
1.669468641281127930e+00
1.542138814926147461e+00
1.455215215682983398e+00
1.323347568511962891e+00
1.324636220932006836e+00
1.322200775146484375e+00
1.299057483673095703e+00
1.397337675094604492e+00
1.315128326416015625e+00
1.338388681411743164e+00
1.341056823730468750e+00
1.316148996353149414e+00
1.281865835189819336e+00
1.329169750213623047e+00
1.320173263549804688e+00
1.282795906066894531e+00
1.290286302566528320e+00
1.296815872192382812e+00
1.307477951049804688e+00
1.308901071548461914e+00
1.340321779251098633e+00
1.698609828948974609e+00
1.863141775131225586e+00
1.659908771514892578e+00
1.460720777511596680e+00
1.344105720520019531e+00
1.336897850036621094e+00
1.331233739852905273e+00
1.301901817321777344e+00
1.313698530197143555e+00
1.320895433425903320e+00
1.321672439575195312e+00
1.372572660446166992e+00
1.488016366958618164e+00
1.538193225860595703e+00
1.512752056121826172e+00
1.596899032592773438e+00
1.574647188186645508e+00
1.575492858886718750e+00
1.598764181137084961e+00
1.530294656753540039e+00
1.574092626571655273e+00
1.571792602539062500e+00
1.570992708206176758e+00
1.536001443862915039e+00
1.469844818115234375e+00
1.516281127929687500e+00
1.630544662475585938e+00
1.597836256027221680e+00
1.459232330322265625e+00
1.525332689285278320e+00
1.734588384628295898e+00
1.696383714675903320e+00
1.615237236022949219e+00
1.528441667556762695e+00
1.840049028396606445e+00
1.724646091461181641e+00
1.892097711563110352e+00
2.010969161987304688e+00
2.176400184631347656e+00
1.957384824752807617e+00
1.428650856018066406e+00
1.263772726058959961e+00
1.232581138610839844e+00
1.268158197402954102e+00
1.270479679107666016e+00
1.282041072845458984e+00
1.266407728195190430e+00
1.275805950164794922e+00
1.261375904083251953e+00
1.255062818527221680e+00
1.264893054962158203e+00
1.286026239395141602e+00
1.270420789718627930e+00
1.293731212615966797e+00
1.736749887466430664e+00
1.274469137191772461e+00
1.298358678817749023e+00
1.284444093704223633e+00
1.293238401412963867e+00
1.268277645111083984e+00
1.269877672195434570e+00
1.257527828216552734e+00
1.300387620925903320e+00
1.304027795791625977e+00
1.330586433410644531e+00
1.281197071075439453e+00
1.266420125961303711e+00
1.302776813507080078e+00
1.315385580062866211e+00
1.428764104843139648e+00
1.801442861557006836e+00
1.886485576629638672e+00
1.861621379852294922e+00
2.105809450149536133e+00
1.987886428833007812e+00
2.027276992797851562e+00
1.992812156677246094e+00
2.024141073226928711e+00
2.109618663787841797e+00
1.898069620132446289e+00
1.876863718032836914e+00
1.801975727081298828e+00
1.579547166824340820e+00
1.675652027130126953e+00
1.651377916336059570e+00
1.324571132659912109e+00
1.255100011825561523e+00
1.339311599731445312e+00
1.328523159027099609e+00
1.280419349670410156e+00
1.299305438995361328e+00
1.311910390853881836e+00
1.302209615707397461e+00
1.298341751098632812e+00
1.273568630218505859e+00
1.273238182067871094e+00
1.353145122528076172e+00
1.277943372726440430e+00
1.251177310943603516e+00
1.311879873275756836e+00
1.284011840820312500e+00
1.322318315505981445e+00
1.317037105560302734e+00
1.299274444580078125e+00
1.301418781280517578e+00
1.282049894332885742e+00
1.358698606491088867e+00
1.282030105590820312e+00
1.358470916748046875e+00
1.502715110778808594e+00
1.620459079742431641e+00
1.792420387268066406e+00
1.852156162261962891e+00
1.826177358627319336e+00
1.350898265838623047e+00
1.332136154174804688e+00
1.379544973373413086e+00
1.396706819534301758e+00
1.444159507751464844e+00
1.461692094802856445e+00
1.605731248855590820e+00
1.790354013442993164e+00
1.633126735687255859e+00
1.615667819976806641e+00
1.651429891586303711e+00
1.720431566238403320e+00
1.719606637954711914e+00
1.659087657928466797e+00
1.595833778381347656e+00
1.363423585891723633e+00
1.328809976577758789e+00
1.268367052078247070e+00
1.271620512008666992e+00
1.494180917739868164e+00
1.651863336563110352e+00
1.774376630783081055e+00
2.087160587310791016e+00
1.802934408187866211e+00
1.345204114913940430e+00
1.308007955551147461e+00
1.330464363098144531e+00
1.317299842834472656e+00
1.270244121551513672e+00
1.286203622817993164e+00
1.292454719543457031e+00
1.293322801589965820e+00
1.298105955123901367e+00
1.356273174285888672e+00
1.292357683181762695e+00
1.301513671875000000e+00
1.277975797653198242e+00
1.268648147583007812e+00
1.418044805526733398e+00
1.308743000030517578e+00
1.274806261062622070e+00
1.286413431167602539e+00
1.293317317962646484e+00
1.347121000289916992e+00
1.277312040328979492e+00
1.368904113769531250e+00
1.559107303619384766e+00
1.609443902969360352e+00
1.916054487228393555e+00
1.963768482208251953e+00
1.374176740646362305e+00
1.315797090530395508e+00
1.332426309585571289e+00
1.405912637710571289e+00
1.372935533523559570e+00
1.614858388900756836e+00
1.379055261611938477e+00
1.496164560317993164e+00
1.610855102539062500e+00
1.668466806411743164e+00
1.578279018402099609e+00
1.592346191406250000e+00
1.466388225555419922e+00
1.331503629684448242e+00
