1.280769109725952148e+00
1.258092880249023438e+00
1.261516809463500977e+00
1.332385301589965820e+00
1.264098882675170898e+00
1.260553359985351562e+00
1.285714149475097656e+00
1.281763315200805664e+00
1.345544576644897461e+00
1.277803659439086914e+00
1.365098237991333008e+00
1.609910249710083008e+00
1.298745870590209961e+00
1.246141433715820312e+00
1.251070499420166016e+00
1.255486965179443359e+00
1.266007661819458008e+00
1.258073568344116211e+00
1.262875318527221680e+00
1.276014328002929688e+00
1.365305900573730469e+00
1.420356750488281250e+00
1.513169288635253906e+00
1.757696866989135742e+00
1.605124473571777344e+00
1.606129884719848633e+00
1.825465440750122070e+00
1.835134029388427734e+00
1.572102785110473633e+00
1.539672851562500000e+00
1.644700288772583008e+00
1.747298717498779297e+00
1.681896209716796875e+00
1.589569568634033203e+00
1.499145984649658203e+00
1.549420356750488281e+00
1.521927595138549805e+00
1.632026195526123047e+00
1.587326288223266602e+00
1.551799535751342773e+00
1.523493528366088867e+00
1.582723617553710938e+00
1.614738464355468750e+00
1.534805774688720703e+00
1.540493965148925781e+00
1.499796390533447266e+00
1.535937309265136719e+00
1.536092519760131836e+00
1.586906671524047852e+00
1.729640722274780273e+00
1.894140243530273438e+00
1.580657005310058594e+00
1.481755733489990234e+00
1.548020124435424805e+00
1.553156614303588867e+00
1.575772047042846680e+00
1.698206186294555664e+00
1.713518142700195312e+00
1.653576374053955078e+00
1.647661924362182617e+00
1.604750156402587891e+00
1.533575534820556641e+00
1.622578382492065430e+00
1.538794279098510742e+00
1.514702320098876953e+00
1.244690895080566406e+00
1.507063627243041992e+00
1.215740442276000977e+00
1.227565526962280273e+00
1.236246109008789062e+00
1.249563455581665039e+00
1.240265369415283203e+00
1.236642360687255859e+00
1.233118057250976562e+00
1.250578641891479492e+00
1.275666236877441406e+00
1.269853353500366211e+00
1.268227815628051758e+00
1.258285284042358398e+00
1.231418848037719727e+00
1.219610452651977539e+00
1.209287405014038086e+00
1.213973999023437500e+00
1.226277589797973633e+00
1.231906414031982422e+00
1.471343517303466797e+00
1.639782905578613281e+00
1.802508354187011719e+00
1.899902105331420898e+00
1.505409479141235352e+00
1.252607822418212891e+00
1.239441394805908203e+00
1.323151588439941406e+00
1.243901968002319336e+00
1.237345457077026367e+00
1.255118370056152344e+00
1.248704671859741211e+00
1.247837781906127930e+00
1.245976448059082031e+00
1.262638330459594727e+00
1.254530906677246094e+00
1.248592853546142578e+00
1.234713554382324219e+00
1.327678442001342773e+00
1.236951112747192383e+00
1.250105619430541992e+00
1.231810569763183594e+00
1.248548507690429688e+00
1.256649971008300781e+00
1.205621719360351562e+00
1.399074077606201172e+00
1.667735576629638672e+00
1.716349840164184570e+00
1.936503171920776367e+00
1.688875198364257812e+00
1.263941526412963867e+00
1.244941711425781250e+00
1.244572877883911133e+00
1.319311618804931641e+00
1.247562646865844727e+00
1.242255687713623047e+00
1.245410919189453125e+00
1.245017766952514648e+00
1.254892826080322266e+00
1.276234626770019531e+00
1.251047611236572266e+00
1.214620828628540039e+00
1.234513044357299805e+00
1.364120721817016602e+00
1.245616197586059570e+00
1.248376607894897461e+00
1.238789796829223633e+00
1.243323802947998047e+00
1.321839332580566406e+00
1.228217840194702148e+00
1.504984855651855469e+00
1.689803600311279297e+00
1.770115852355957031e+00
2.126442909240722656e+00
1.607620477676391602e+00
1.247355461120605469e+00
1.283523797988891602e+00
1.263482809066772461e+00
1.346574068069458008e+00
1.245803117752075195e+00
1.236675739288330078e+00
1.262613058090209961e+00
1.244472265243530273e+00
1.271439552307128906e+00
1.274302721023559570e+00
1.256843328475952148e+00
1.238831520080566406e+00
1.262484550476074219e+00
1.263795852661132812e+00
1.247282505035400391e+00
1.258349657058715820e+00
1.260004758834838867e+00
1.491352796554565430e+00
1.860743284225463867e+00
1.708133935928344727e+00
1.265435934066772461e+00
1.267060041427612305e+00
1.275130033493041992e+00
1.233217954635620117e+00
1.252199172973632812e+00
1.240758419036865234e+00
1.241782665252685547e+00
1.242718219757080078e+00
1.245196342468261719e+00
1.329692363739013672e+00
1.266161441802978516e+00
1.303074836730957031e+00
1.259046554565429688e+00
1.271178483963012695e+00
1.369606494903564453e+00
1.265204668045043945e+00
1.265773296356201172e+00
1.605451107025146484e+00
1.782128095626831055e+00
2.136300802230834961e+00
1.557633161544799805e+00
1.262872219085693359e+00
1.285244941711425781e+00
1.289422750473022461e+00
1.405428171157836914e+00
1.279446363449096680e+00
1.314004182815551758e+00
1.291824817657470703e+00
1.272909164428710938e+00
1.265216112136840820e+00
1.262576103210449219e+00
1.252945184707641602e+00
1.253602504730224609e+00
1.265370130538940430e+00
1.246529340744018555e+00
1.257406234741210938e+00
1.252222061157226562e+00
1.254098176956176758e+00
1.258710861206054688e+00
1.265435218811035156e+00
