2.545376300811767578e+00
4.649088382720947266e-01
4.468328952789306641e-01
4.489519596099853516e-01
4.506306648254394531e-01
4.537780284881591797e-01
4.525506496429443359e-01
4.498233795166015625e-01
4.515130519866943359e-01
4.566864967346191406e-01
4.496073722839355469e-01
4.574491977691650391e-01
4.600231647491455078e-01
4.443488121032714844e-01
4.452149868011474609e-01
4.456334114074707031e-01
4.476790428161621094e-01
4.514851570129394531e-01
4.516916275024414062e-01
4.574904441833496094e-01
4.543023109436035156e-01
4.494338035583496094e-01
4.541971683502197266e-01
4.587452411651611328e-01
4.724020957946777344e-01
4.824957847595214844e-01
4.574975967407226562e-01
4.855201244354248047e-01
4.403440952301025391e-01
4.379949569702148438e-01
4.443438053131103516e-01
4.534287452697753906e-01
4.685494899749755859e-01
4.446139335632324219e-01
4.677634239196777344e-01
4.530768394470214844e-01
4.525415897369384766e-01
4.521925449371337891e-01
4.566123485565185547e-01
4.546546936035156250e-01
4.708306789398193359e-01
5.138363838195800781e-01
4.590163230895996094e-01
4.602732658386230469e-01
4.625098705291748047e-01
4.562230110168457031e-01
4.590916633605957031e-01
4.620604515075683594e-01
4.566078186035156250e-01
4.501714706420898438e-01
4.498081207275390625e-01
4.493181705474853516e-01
4.511847496032714844e-01
4.534778594970703125e-01
4.478342533111572266e-01
4.608867168426513672e-01
4.588456153869628906e-01
4.647552967071533203e-01
4.753303527832031250e-01
4.603273868560791016e-01
4.394075870513916016e-01
4.406259059906005859e-01
4.491217136383056641e-01
4.830954074859619141e-01
4.412708282470703125e-01
4.527482986450195312e-01
4.528086185455322266e-01
4.743890762329101562e-01
4.839708805084228516e-01
4.962892532348632812e-01
4.451267719268798828e-01
4.512217044830322266e-01
4.505171775817871094e-01
4.460270404815673828e-01
4.473187923431396484e-01
4.410386085510253906e-01
4.375083446502685547e-01
4.394805431365966797e-01
4.444692134857177734e-01
4.379501342773437500e-01
4.297826290130615234e-01
4.265205860137939453e-01
4.316587448120117188e-01
4.345517158508300781e-01
4.273586273193359375e-01
4.366683959960937500e-01
4.426319599151611328e-01
4.423036575317382812e-01
4.422266483306884766e-01
4.497971534729003906e-01
4.486572742462158203e-01
4.499156475067138672e-01
4.582297801971435547e-01
4.509117603302001953e-01
4.582481384277343750e-01
4.483089447021484375e-01
4.446871280670166016e-01
4.446520805358886719e-01
4.505209922790527344e-01
4.481780529022216797e-01
4.421324729919433594e-01
4.424421787261962891e-01
4.380364418029785156e-01
4.371325969696044922e-01
4.430801868438720703e-01
4.419400691986083984e-01
4.366858005523681641e-01
4.375817775726318359e-01
4.434516429901123047e-01
4.330039024353027344e-01
4.694175720214843750e-01
4.408965110778808594e-01
4.426970481872558594e-01
4.330251216888427734e-01
4.408071041107177734e-01
4.578421115875244141e-01
4.760260581970214844e-01
5.157849788665771484e-01
4.800887107849121094e-01
4.521269798278808594e-01
4.498276710510253906e-01
4.480767250061035156e-01
4.465436935424804688e-01
4.514505863189697266e-01
4.492580890655517578e-01
4.457125663757324219e-01
4.526679515838623047e-01
4.349730014801025391e-01
4.465801715850830078e-01
4.447169303894042969e-01
4.426298141479492188e-01
4.514966011047363281e-01
4.477095603942871094e-01
4.481470584869384766e-01
4.459180831909179688e-01
4.421479701995849609e-01
4.410293102264404297e-01
4.461545944213867188e-01
4.435498714447021484e-01
4.859769344329833984e-01
4.531781673431396484e-01
4.709107875823974609e-01
4.520111083984375000e-01
4.564766883850097656e-01
4.528996944427490234e-01
5.043385028839111328e-01
4.796218872070312500e-01
4.494843482971191406e-01
4.452669620513916016e-01
4.471004009246826172e-01
4.496707916259765625e-01
4.441480636596679688e-01
4.431195259094238281e-01
4.613695144653320312e-01
4.428417682647705078e-01
4.395520687103271484e-01
4.592559337615966797e-01
4.509699344635009766e-01
4.449083805084228516e-01
4.485864639282226562e-01
5.030367374420166016e-01
4.764006137847900391e-01
4.530272483825683594e-01
4.575777053833007812e-01
4.570229053497314453e-01
4.553036689758300781e-01
4.547591209411621094e-01
4.519557952880859375e-01
4.543015956878662109e-01
4.501535892486572266e-01
4.489448070526123047e-01
4.491832256317138672e-01
4.748764038085937500e-01
4.638226032257080078e-01
4.459209442138671875e-01
4.681546688079833984e-01
4.555692672729492188e-01
4.587478637695312500e-01
4.547040462493896484e-01
4.542167186737060547e-01
4.559435844421386719e-01
4.581825733184814453e-01
4.760515689849853516e-01
4.694843292236328125e-01
5.361061096191406250e-01
5.036125183105468750e-01
5.590813159942626953e-01
4.614911079406738281e-01
4.597516059875488281e-01
4.584021568298339844e-01
4.558112621307373047e-01
4.512147903442382812e-01
4.551243782043457031e-01
4.536795616149902344e-01
4.584434032440185547e-01
4.555649757385253906e-01
4.773912429809570312e-01
4.521455764770507812e-01
4.456689357757568359e-01
5.071175098419189453e-01
