2.461942434310913086e+00
4.303467273712158203e-01
4.184432029724121094e-01
4.176263809204101562e-01
4.205200672149658203e-01
4.192483425140380859e-01
4.220466613769531250e-01
4.215528964996337891e-01
4.412863254547119141e-01
4.211885929107666016e-01
4.190711975097656250e-01
4.188718795776367188e-01
4.186468124389648438e-01
4.177818298339843750e-01
4.764373302459716797e-01
4.192700386047363281e-01
4.204471111297607422e-01
4.447000026702880859e-01
4.239668846130371094e-01
4.243140220642089844e-01
4.373276233673095703e-01
4.214584827423095703e-01
4.225149154663085938e-01
4.509384632110595703e-01
4.321343898773193359e-01
4.240987300872802734e-01
4.278500080108642578e-01
4.201526641845703125e-01
4.237167835235595703e-01
4.213752746582031250e-01
4.295306205749511719e-01
4.194676876068115234e-01
4.265103340148925781e-01
4.220917224884033203e-01
4.220159053802490234e-01
4.219973087310791016e-01
4.281513690948486328e-01
4.228026866912841797e-01
4.217712879180908203e-01
4.231109619140625000e-01
4.250781536102294922e-01
4.285726547241210938e-01
4.259147644042968750e-01
4.485120773315429688e-01
4.294819831848144531e-01
4.261474609375000000e-01
4.276311397552490234e-01
4.257707595825195312e-01
4.231040477752685547e-01
4.225223064422607422e-01
4.202067852020263672e-01
4.239473342895507812e-01
4.230158329010009766e-01
4.232707023620605469e-01
4.224381446838378906e-01
4.253418445587158203e-01
4.260861873626708984e-01
4.235055446624755859e-01
4.220423698425292969e-01
4.273924827575683594e-01
4.226107597351074219e-01
4.205327033996582031e-01
4.216151237487792969e-01
4.203310012817382812e-01
4.199516773223876953e-01
4.371249675750732422e-01
4.258491992950439453e-01
4.300627708435058594e-01
4.294481277465820312e-01
4.309723377227783203e-01
4.312996864318847656e-01
4.346683025360107422e-01
4.357366561889648438e-01
4.263439178466796875e-01
4.285349845886230469e-01
4.224767684936523438e-01
4.166417121887207031e-01
4.158475399017333984e-01
4.235959053039550781e-01
4.217488765716552734e-01
4.248890876770019531e-01
4.226086139678955078e-01
4.238116741180419922e-01
4.208068847656250000e-01
4.228289127349853516e-01
4.291198253631591797e-01
4.196894168853759766e-01
4.163141250610351562e-01
4.488072395324707031e-01
4.258546829223632812e-01
4.290924072265625000e-01
4.285178184509277344e-01
4.308094978332519531e-01
4.290599822998046875e-01
4.379873275756835938e-01
4.320645332336425781e-01
4.823849201202392578e-01
4.806756973266601562e-01
4.710259437561035156e-01
4.262754917144775391e-01
4.269266128540039062e-01
4.215412139892578125e-01
4.235537052154541016e-01
4.221582412719726562e-01
4.260275363922119141e-01
4.204337596893310547e-01
4.207625389099121094e-01
4.232213497161865234e-01
4.250109195709228516e-01
4.275066852569580078e-01
4.247612953186035156e-01
4.250850677490234375e-01
4.299681186676025391e-01
4.259114265441894531e-01
4.288465976715087891e-01
4.291627407073974609e-01
4.327235221862792969e-01
4.372739791870117188e-01
4.378035068511962891e-01
4.360015392303466797e-01
4.360547065734863281e-01
4.376399517059326172e-01
4.346709251403808594e-01
4.379978179931640625e-01
4.332292079925537109e-01
4.302353858947753906e-01
4.305999279022216797e-01
4.270205497741699219e-01
4.279749393463134766e-01
4.289176464080810547e-01
4.290330410003662109e-01
4.279651641845703125e-01
4.259195327758789062e-01
4.298193454742431641e-01
4.310464859008789062e-01
4.273560047149658203e-01
4.258909225463867188e-01
4.296286106109619141e-01
4.287774562835693359e-01
4.293107986450195312e-01
4.309718608856201172e-01
4.334235191345214844e-01
4.319651126861572266e-01
4.350061416625976562e-01
4.390239715576171875e-01
4.408853054046630859e-01
4.387164115905761719e-01
4.375512599945068359e-01
4.188485145568847656e-01
4.239420890808105469e-01
4.242520332336425781e-01
4.347145557403564453e-01
4.266169071197509766e-01
4.272630214691162109e-01
4.239583015441894531e-01
4.283480644226074219e-01
4.192731380462646484e-01
4.216969013214111328e-01
4.253921508789062500e-01
4.425020217895507812e-01
4.736504554748535156e-01
4.858772754669189453e-01
4.760940074920654297e-01
4.783673286437988281e-01
4.378201961517333984e-01
4.309763908386230469e-01
4.288282394409179688e-01
4.323263168334960938e-01
4.286601543426513672e-01
4.242908954620361328e-01
4.250242710113525391e-01
4.298298358917236328e-01
4.435343742370605469e-01
4.396102428436279297e-01
4.437787532806396484e-01
4.407567977905273438e-01
4.426152706146240234e-01
4.361317157745361328e-01
4.414367675781250000e-01
4.689300060272216797e-01
4.682216644287109375e-01
4.747507572174072266e-01
4.495513439178466797e-01
4.467122554779052734e-01
4.549551010131835938e-01
4.830293655395507812e-01
4.570631980895996094e-01
4.566240310668945312e-01
4.436824321746826172e-01
4.451956748962402344e-01
4.362735748291015625e-01
4.361143112182617188e-01
4.331085681915283203e-01
4.439017772674560547e-01
4.387416839599609375e-01
4.617464542388916016e-01
4.412879943847656250e-01
4.542548656463623047e-01
4.463586807250976562e-01
4.354751110076904297e-01
