1.280780553817749023e+00
1.258094549179077148e+00
1.261507034301757812e+00
1.332385063171386719e+00
1.264105796813964844e+00
1.260556936264038086e+00
1.285713434219360352e+00
1.281760931015014648e+00
1.345547199249267578e+00
1.277809143066406250e+00
1.365100860595703125e+00
1.609911918640136719e+00
1.298745870590209961e+00
1.246142387390136719e+00
1.251069784164428711e+00
1.255471229553222656e+00
1.266011238098144531e+00
1.258070468902587891e+00
1.262872695922851562e+00
1.276011705398559570e+00
1.365303277969360352e+00
1.420356512069702148e+00
1.513175010681152344e+00
1.757691144943237305e+00
1.605125904083251953e+00
1.606137275695800781e+00
1.816061496734619141e+00
1.835133790969848633e+00
1.572113275527954102e+00
1.539669513702392578e+00
1.644697666168212891e+00
1.766959428787231445e+00
1.681893587112426758e+00
1.589566707611083984e+00
1.499134063720703125e+00
1.549414873123168945e+00
1.521922826766967773e+00
1.632023334503173828e+00
1.587320327758789062e+00
1.551789999008178711e+00
1.534070014953613281e+00
1.582714557647705078e+00
1.614734172821044922e+00
1.534816503524780273e+00
1.540486812591552734e+00
1.499803066253662109e+00
1.535948753356933594e+00
1.536098480224609375e+00
1.586914539337158203e+00
1.729642868041992188e+00
1.894155740737915039e+00
1.580661058425903320e+00
1.481751918792724609e+00
1.548017263412475586e+00
1.553154230117797852e+00
1.575769662857055664e+00
1.707108259201049805e+00
1.713512182235717773e+00
1.656423568725585938e+00
1.647661924362182617e+00
1.604747772216796875e+00
1.533571481704711914e+00
1.622577428817749023e+00
1.538784503936767578e+00
1.514712572097778320e+00
1.244694709777832031e+00
1.507071733474731445e+00
1.215739011764526367e+00
1.227571487426757812e+00
1.245929956436157227e+00
1.249569177627563477e+00
1.240266561508178711e+00
1.236643075942993164e+00
1.233116149902343750e+00
1.250579118728637695e+00
1.275664567947387695e+00
1.269854068756103516e+00
1.268230676651000977e+00
1.258288860321044922e+00
1.241477489471435547e+00
1.219611883163452148e+00
1.209283113479614258e+00
1.213978528976440430e+00
1.226281642913818359e+00
1.231900215148925781e+00
1.471350431442260742e+00
1.639783382415771484e+00
1.802501201629638672e+00
1.899901151657104492e+00
1.505409717559814453e+00
1.252606391906738281e+00
1.239444255828857422e+00
1.323149919509887695e+00
1.243903160095214844e+00
1.237350940704345703e+00
1.254965305328369141e+00
1.248707532882690430e+00
1.247835874557495117e+00
1.245979547500610352e+00
1.262640237808227539e+00
1.254536390304565430e+00
1.248599052429199219e+00
1.234719514846801758e+00
1.327676296234130859e+00
1.236947536468505859e+00
1.250109195709228516e+00
1.252107143402099609e+00
1.248546600341796875e+00
1.246864318847656250e+00
1.205623149871826172e+00
1.399069309234619141e+00
1.667727708816528320e+00
1.716356992721557617e+00
1.936503410339355469e+00
1.688877105712890625e+00
1.263935565948486328e+00
1.244936943054199219e+00
1.244566679000854492e+00
1.319312810897827148e+00
1.247568130493164062e+00
1.242251873016357422e+00
1.245413541793823242e+00
1.245016336441040039e+00
1.254893064498901367e+00
1.276241302490234375e+00
1.251050233840942383e+00
1.214624881744384766e+00
1.234512805938720703e+00
1.369716167449951172e+00
1.245611906051635742e+00
1.248377323150634766e+00
1.238790750503540039e+00
1.243324995040893555e+00
1.321840524673461914e+00
1.228221893310546875e+00
1.504986047744750977e+00
1.689786672592163086e+00
1.770118951797485352e+00
2.126442193984985352e+00
1.607623577117919922e+00
1.247356176376342773e+00
1.283527135848999023e+00
1.263480186462402344e+00
1.346574306488037109e+00
1.245793104171752930e+00
1.236677408218383789e+00
1.262616395950317383e+00
1.244475364685058594e+00
1.271438598632812500e+00
1.274303197860717773e+00
1.256844043731689453e+00
1.238829612731933594e+00
1.262485504150390625e+00
1.263805150985717773e+00
1.247290372848510742e+00
1.258356571197509766e+00
1.260003566741943359e+00
1.491360664367675781e+00
1.860740661621093750e+00
1.708148241043090820e+00
1.265434741973876953e+00
1.267065048217773438e+00
1.275134086608886719e+00
1.233217477798461914e+00
1.252201557159423828e+00
1.240758657455444336e+00
1.248977422714233398e+00
1.251615524291992188e+00
1.245200157165527344e+00
1.329704523086547852e+00
1.266165494918823242e+00
1.303088665008544922e+00
1.259020805358886719e+00
1.271183729171752930e+00
1.369608879089355469e+00
1.265205860137939453e+00
1.265775203704833984e+00
1.605444908142089844e+00
1.782118082046508789e+00
2.136298179626464844e+00
1.557636260986328125e+00
1.262888908386230469e+00
1.285248756408691406e+00
1.289426803588867188e+00
1.405425548553466797e+00
1.279445409774780273e+00
1.313997983932495117e+00
1.291824817657470703e+00
1.272919178009033203e+00
1.265221834182739258e+00
1.262597799301147461e+00
1.252945661544799805e+00
1.253606796264648438e+00
1.265376806259155273e+00
1.246532440185546875e+00
1.257408142089843750e+00
1.252217531204223633e+00
1.254093170166015625e+00
1.258707284927368164e+00
1.265438795089721680e+00
