1.280770778656005859e+00
1.258097171783447266e+00
1.261497735977172852e+00
1.332396030426025391e+00
1.264112472534179688e+00
1.260562658309936523e+00
1.285714149475097656e+00
1.281764984130859375e+00
1.345528125762939453e+00
1.277807712554931641e+00
1.365107297897338867e+00
1.609942436218261719e+00
1.298774957656860352e+00
1.246149539947509766e+00
1.251094341278076172e+00
1.255499124526977539e+00
1.266020059585571289e+00
1.258102893829345703e+00
1.262889623641967773e+00
1.276022911071777344e+00
1.365320205688476562e+00
1.420363903045654297e+00
1.513171672821044922e+00
1.757693052291870117e+00
1.605118274688720703e+00
1.606101751327514648e+00
1.825435638427734375e+00
1.835128545761108398e+00
1.572111368179321289e+00
1.539668083190917969e+00
1.644702196121215820e+00
1.766973495483398438e+00
1.681904077529907227e+00
1.589544057846069336e+00
1.499131917953491211e+00
1.549401044845581055e+00
1.521924018859863281e+00
1.632022619247436523e+00
1.587331771850585938e+00
1.551771879196166992e+00
1.534082174301147461e+00
1.582721233367919922e+00
1.614726066589355469e+00
1.534818410873413086e+00
1.540489673614501953e+00
1.499810457229614258e+00
1.535942554473876953e+00
1.536082267761230469e+00
1.586897134780883789e+00
1.729654788970947266e+00
1.894160032272338867e+00
1.580678462982177734e+00
1.481769561767578125e+00
1.548022747039794922e+00
1.553166151046752930e+00
1.575752735137939453e+00
1.707121849060058594e+00
1.713542938232421875e+00
1.656427145004272461e+00
1.647665262222290039e+00
1.604757308959960938e+00
1.533594131469726562e+00
1.622586250305175781e+00
1.538782119750976562e+00
1.514707565307617188e+00
1.244688510894775391e+00
1.507068395614624023e+00
1.215737342834472656e+00
1.227563142776489258e+00
1.245942115783691406e+00
1.249562501907348633e+00
1.240267753601074219e+00
1.236642837524414062e+00
1.233134984970092773e+00
1.250578880310058594e+00
1.275681018829345703e+00
1.269858360290527344e+00
1.268259525299072266e+00
1.258281707763671875e+00
1.241486787796020508e+00
1.219615936279296875e+00
1.209280967712402344e+00
1.213999748229980469e+00
1.226289033889770508e+00
1.231901645660400391e+00
1.471347570419311523e+00
1.639778852462768555e+00
1.802499532699584961e+00
1.899905681610107422e+00
1.505432844161987305e+00
1.252612113952636719e+00
1.239441871643066406e+00
1.323152780532836914e+00
1.243886709213256836e+00
1.237349033355712891e+00
1.254968881607055664e+00
1.248719692230224609e+00
1.247842550277709961e+00
1.245986938476562500e+00
1.262665271759033203e+00
1.254547357559204102e+00
1.238220930099487305e+00
1.234719991683959961e+00
1.327709197998046875e+00
1.236920595169067383e+00
1.250121593475341797e+00
1.231840133666992188e+00
1.248570442199707031e+00
1.256648778915405273e+00
1.205619812011718750e+00
1.399090290069580078e+00
1.667731523513793945e+00
1.716353893280029297e+00
1.936503171920776367e+00
1.688896656036376953e+00
1.263945579528808594e+00
1.244938135147094727e+00
1.244551181793212891e+00
1.319326400756835938e+00
1.247570276260375977e+00
1.242251396179199219e+00
1.245411157608032227e+00
1.245037317276000977e+00
1.254904031753540039e+00
1.276235342025756836e+00
1.251049995422363281e+00
1.214623451232910156e+00
1.234518766403198242e+00
1.369726181030273438e+00
1.245608329772949219e+00
1.248402118682861328e+00
1.238802909851074219e+00
1.243320465087890625e+00
1.321846008300781250e+00
1.228219270706176758e+00
1.504967212677001953e+00
1.689810276031494141e+00
1.770158290863037109e+00
2.126390457153320312e+00
1.607645034790039062e+00
1.247357368469238281e+00
1.283528804779052734e+00
1.263479471206665039e+00
1.346571207046508789e+00
1.245794057846069336e+00
1.236672639846801758e+00
1.262605905532836914e+00
1.244475364685058594e+00
1.271460294723510742e+00
1.274336099624633789e+00
1.256850719451904297e+00
1.238839149475097656e+00
1.262490749359130859e+00
1.263800382614135742e+00
1.247305154800415039e+00
1.258361816406250000e+00
1.260001897811889648e+00
1.491354942321777344e+00
1.860738039016723633e+00
1.708168745040893555e+00
1.265407562255859375e+00
1.267041683197021484e+00
1.275148630142211914e+00
1.233232498168945312e+00
1.252213716506958008e+00
1.240770816802978516e+00
1.248980283737182617e+00
1.251600503921508789e+00
1.245202302932739258e+00
1.329701185226440430e+00
1.266161441802978516e+00
1.303088426589965820e+00
1.259093761444091797e+00
1.271179676055908203e+00
1.369627714157104492e+00
1.265188932418823242e+00
1.265793323516845703e+00
1.605448961257934570e+00
1.782146930694580078e+00
2.136317491531372070e+00
1.557642936706542969e+00
1.262892723083496094e+00
1.285265445709228516e+00
1.289432048797607422e+00
1.405423641204833984e+00
1.279442310333251953e+00
1.314021825790405273e+00
1.291831731796264648e+00
1.272916316986083984e+00
1.265208005905151367e+00
1.262590408325195312e+00
1.252956390380859375e+00
1.253591537475585938e+00
1.265383958816528320e+00
1.246547698974609375e+00
1.257434129714965820e+00
1.252236127853393555e+00
1.255220651626586914e+00
1.258715391159057617e+00
1.265446186065673828e+00
