2.525148153305053711e+00
4.486107826232910156e-01
4.497911930084228516e-01
4.504687786102294922e-01
4.477124214172363281e-01
4.560234546661376953e-01
4.631628990173339844e-01
4.496593475341796875e-01
4.455645084381103516e-01
4.499235153198242188e-01
4.454870223999023438e-01
4.511718750000000000e-01
4.486467838287353516e-01
4.490048885345458984e-01
4.460246562957763672e-01
4.455673694610595703e-01
4.457051753997802734e-01
4.466066360473632812e-01
4.489469528198242188e-01
4.467999935150146484e-01
4.508032798767089844e-01
4.465851783752441406e-01
4.449055194854736328e-01
4.503247737884521484e-01
4.458713531494140625e-01
4.571115970611572266e-01
4.438698291778564453e-01
4.520428180694580078e-01
4.508285522460937500e-01
4.510860443115234375e-01
4.511933326721191406e-01
4.594309329986572266e-01
4.546034336090087891e-01
4.575765132904052734e-01
4.498481750488281250e-01
4.513807296752929688e-01
4.545717239379882812e-01
4.554181098937988281e-01
4.555413722991943359e-01
4.560651779174804688e-01
4.598610401153564453e-01
4.913346767425537109e-01
4.510252475738525391e-01
4.469544887542724609e-01
4.612290859222412109e-01
4.632618427276611328e-01
4.636590480804443359e-01
4.605145454406738281e-01
4.583816528320312500e-01
4.557852745056152344e-01
4.536964893341064453e-01
4.518134593963623047e-01
4.496028423309326172e-01
4.465587139129638672e-01
4.540235996246337891e-01
4.572920799255371094e-01
4.531202316284179688e-01
4.542393684387207031e-01
4.963541030883789062e-01
4.577651023864746094e-01
4.390766620635986328e-01
4.385647773742675781e-01
4.379811286926269531e-01
4.402832984924316406e-01
4.434781074523925781e-01
4.378821849822998047e-01
4.458854198455810547e-01
4.459736347198486328e-01
4.482595920562744141e-01
4.469492435455322266e-01
4.410321712493896484e-01
4.438915252685546875e-01
4.434342384338378906e-01
4.414954185485839844e-01
4.488503932952880859e-01
4.395713806152343750e-01
4.370379447937011719e-01
4.378962516784667969e-01
4.359040260314941406e-01
4.918162822723388672e-01
4.410655498504638672e-01
4.401998519897460938e-01
4.402129650115966797e-01
4.433836936950683594e-01
4.400718212127685547e-01
4.398558139801025391e-01
4.394831657409667969e-01
4.407739639282226562e-01
4.400281906127929688e-01
4.437978267669677734e-01
4.448211193084716797e-01
4.475030899047851562e-01
4.662649631500244141e-01
4.525310993194580078e-01
4.522533416748046875e-01
4.519858360290527344e-01
4.464013576507568359e-01
4.522838592529296875e-01
4.493484497070312500e-01
4.502899646759033203e-01
4.468071460723876953e-01
4.459621906280517578e-01
4.417347908020019531e-01
4.423809051513671875e-01
4.461867809295654297e-01
4.476771354675292969e-01
4.412140846252441406e-01
4.440965652465820312e-01
4.409825801849365234e-01
4.452762603759765625e-01
4.441833496093750000e-01
4.449603557586669922e-01
4.424974918365478516e-01
4.438073635101318359e-01
4.424808025360107422e-01
4.496343135833740234e-01
4.482812881469726562e-01
4.496581554412841797e-01
4.459064006805419922e-01
4.475440979003906250e-01
4.452598094940185547e-01
4.447767734527587891e-01
4.436004161834716797e-01
4.481804370880126953e-01
4.494171142578125000e-01
4.461576938629150391e-01
4.387125968933105469e-01
4.537689685821533203e-01
4.458816051483154297e-01
4.416537284851074219e-01
4.443712234497070312e-01
4.531028270721435547e-01
4.428637027740478516e-01
4.453110694885253906e-01
4.444143772125244141e-01
4.445869922637939453e-01
4.335005283355712891e-01
4.419114589691162109e-01
4.493086338043212891e-01
4.846081733703613281e-01
4.936249256134033203e-01
5.120620727539062500e-01
4.947037696838378906e-01
4.963381290435791016e-01
4.909989833831787109e-01
4.974129199981689453e-01
4.470424652099609375e-01
4.456603527069091797e-01
4.306793212890625000e-01
4.364159107208251953e-01
4.412243366241455078e-01
4.603857994079589844e-01
4.436199665069580078e-01
4.461798667907714844e-01
4.469692707061767578e-01
4.438259601593017578e-01
4.436519145965576172e-01
4.431021213531494141e-01
4.465467929840087891e-01
4.477186203002929688e-01
4.530706405639648438e-01
5.182812213897705078e-01
4.973225593566894531e-01
4.529585838317871094e-01
4.473791122436523438e-01
4.479854106903076172e-01
4.501564502716064453e-01
4.518918991088867188e-01
4.519383907318115234e-01
4.438190460205078125e-01
4.514715671539306641e-01
4.480390548706054688e-01
4.502108097076416016e-01
4.542376995086669922e-01
4.616997241973876953e-01
4.435005187988281250e-01
4.508051872253417969e-01
4.640486240386962891e-01
4.568099975585937500e-01
4.528241157531738281e-01
4.679005146026611328e-01
4.893877506256103516e-01
5.284643173217773438e-01
5.253105163574218750e-01
4.864513874053955078e-01
4.700944423675537109e-01
4.644038677215576172e-01
4.594256877899169922e-01
4.581589698791503906e-01
4.491567611694335938e-01
4.482359886169433594e-01
4.517273902893066406e-01
4.516320228576660156e-01
4.472196102142333984e-01
4.521987438201904297e-01
4.509186744689941406e-01
4.651963710784912109e-01
4.476368427276611328e-01
4.528729915618896484e-01
4.604568481445312500e-01
