1.280771970748901367e+00
1.258093118667602539e+00
1.261489152908325195e+00
1.332401990890502930e+00
1.264108657836914062e+00
1.260570049285888672e+00
1.285712242126464844e+00
1.281764030456542969e+00
1.345529556274414062e+00
1.277808666229248047e+00
1.365111351013183594e+00
1.609939575195312500e+00
1.298771142959594727e+00
1.246154785156250000e+00
1.251096010208129883e+00
1.255498170852661133e+00
1.266017436981201172e+00
1.258107900619506836e+00
1.262894392013549805e+00
1.276017904281616211e+00
1.365321159362792969e+00
1.420400381088256836e+00
1.513173341751098633e+00
1.757692337036132812e+00
1.605126142501831055e+00
1.606107950210571289e+00
1.825436353683471680e+00
1.835130691528320312e+00
1.572113275527954102e+00
1.539669752120971680e+00
1.644685983657836914e+00
1.766973972320556641e+00
1.681890726089477539e+00
1.589548826217651367e+00
1.499132394790649414e+00
1.549404621124267578e+00
1.521920204162597656e+00
1.632025241851806641e+00
1.587334156036376953e+00
1.551777362823486328e+00
1.534079790115356445e+00
1.582719087600708008e+00
1.614728450775146484e+00
1.534817934036254883e+00
1.540491819381713867e+00
1.499809265136718750e+00
1.535944461822509766e+00
1.536082267761230469e+00
1.586893796920776367e+00
1.729660511016845703e+00
1.894158124923706055e+00
1.580681324005126953e+00
1.481765031814575195e+00
1.548016071319580078e+00
1.553164720535278320e+00
1.575754404067993164e+00
1.707126140594482422e+00
1.713540315628051758e+00
1.656427145004272461e+00
1.647663593292236328e+00
1.604754447937011719e+00
1.533587455749511719e+00
1.622581720352172852e+00
1.538792848587036133e+00
1.514695405960083008e+00
1.244678735733032227e+00
1.507070302963256836e+00
1.215740680694580078e+00
1.227563381195068359e+00
1.245936155319213867e+00
1.249560832977294922e+00
1.240271806716918945e+00
1.236645936965942383e+00
1.233131408691406250e+00
1.250576019287109375e+00
1.275683641433715820e+00
1.269856214523315430e+00
1.268253564834594727e+00
1.258288145065307617e+00
1.241491079330444336e+00
1.219614267349243164e+00
1.209286451339721680e+00
1.214002370834350586e+00
1.226296186447143555e+00
1.231904029846191406e+00
1.471338987350463867e+00
1.639781475067138672e+00
1.802503585815429688e+00
1.899893760681152344e+00
1.505430936813354492e+00
1.252614498138427734e+00
1.239445686340332031e+00
1.323155879974365234e+00
1.243887662887573242e+00
1.237348794937133789e+00
1.254973888397216797e+00
1.248719215393066406e+00
1.247841358184814453e+00
1.245984792709350586e+00
1.262677192687988281e+00
1.254539728164672852e+00
1.238225221633911133e+00
1.234720468521118164e+00
1.327710866928100586e+00
1.236927509307861328e+00
1.250133514404296875e+00
1.231833219528198242e+00
1.248574256896972656e+00
1.256647348403930664e+00
1.205616712570190430e+00
1.399080038070678711e+00
1.667730808258056641e+00
1.716358900070190430e+00
1.936500787734985352e+00
1.688901662826538086e+00
1.263947010040283203e+00
1.244942903518676758e+00
1.244556665420532227e+00
1.319325447082519531e+00
1.247570753097534180e+00
1.242253303527832031e+00
1.245415925979614258e+00
1.245034456253051758e+00
1.254903554916381836e+00
1.276232481002807617e+00
1.251046657562255859e+00
1.214623689651489258e+00
1.234515905380249023e+00
1.369724035263061523e+00
1.245611190795898438e+00
1.248399734497070312e+00
1.238811016082763672e+00
1.243323326110839844e+00
1.321848630905151367e+00
1.228219270706176758e+00
1.504967451095581055e+00
1.689804553985595703e+00
1.770152091979980469e+00
2.126421451568603516e+00
1.607641458511352539e+00
1.247357130050659180e+00
1.283531665802001953e+00
1.263478994369506836e+00
1.346568346023559570e+00
1.245795249938964844e+00
1.236673355102539062e+00
1.262606859207153320e+00
1.244473457336425781e+00
1.271469116210937500e+00
1.274334192276000977e+00
1.256849288940429688e+00
1.238842010498046875e+00
1.262486457824707031e+00
1.263797044754028320e+00
1.247303247451782227e+00
1.258366823196411133e+00
1.260001420974731445e+00
1.491355895996093750e+00
1.860739231109619141e+00
1.708175897598266602e+00
1.265429735183715820e+00
1.267043590545654297e+00
1.275150299072265625e+00
1.233232498168945312e+00
1.252212762832641602e+00
1.240775108337402344e+00
1.248992204666137695e+00
1.251601219177246094e+00
1.245207786560058594e+00
1.329702377319335938e+00
1.266166448593139648e+00
1.303092956542968750e+00
1.259089708328247070e+00
1.271180152893066406e+00
1.369621515274047852e+00
1.265193223953247070e+00
1.265795707702636719e+00
1.605447530746459961e+00
1.782149076461791992e+00
2.136312246322631836e+00
1.557641267776489258e+00
1.262888431549072266e+00
1.285258531570434570e+00
1.288358449935913086e+00
1.405423164367675781e+00
1.279435157775878906e+00
1.314028263092041016e+00
1.291836500167846680e+00
1.272922277450561523e+00
1.265209674835205078e+00
1.262590885162353516e+00
1.252957820892333984e+00
1.253594398498535156e+00
1.265382289886474609e+00
1.246560096740722656e+00
1.257053613662719727e+00
1.252235889434814453e+00
1.255217552185058594e+00
1.258715391159057617e+00
1.265447616577148438e+00
