2.493184328079223633e+00
4.406466484069824219e-01
4.383687973022460938e-01
4.413969516754150391e-01
4.400095939636230469e-01
4.468412399291992188e-01
4.460654258728027344e-01
4.449439048767089844e-01
4.449751377105712891e-01
4.534034729003906250e-01
4.420001506805419922e-01
4.383811950683593750e-01
4.428489208221435547e-01
4.534616470336914062e-01
4.389646053314208984e-01
4.423503875732421875e-01
4.455420970916748047e-01
4.482092857360839844e-01
4.476482868194580078e-01
4.519407749176025391e-01
4.479815959930419922e-01
4.487192630767822266e-01
4.491965770721435547e-01
4.798989295959472656e-01
4.702963829040527344e-01
4.761326313018798828e-01
4.454436302185058594e-01
4.432756900787353516e-01
4.577929973602294922e-01
4.462170600891113281e-01
4.474287033081054688e-01
4.498510360717773438e-01
4.451866149902343750e-01
4.435379505157470703e-01
4.385173320770263672e-01
4.405279159545898438e-01
4.404387474060058594e-01
4.477939605712890625e-01
4.435315132141113281e-01
4.450232982635498047e-01
4.483489990234375000e-01
4.470953941345214844e-01
4.502704143524169922e-01
4.473247528076171875e-01
4.820210933685302734e-01
4.482371807098388672e-01
4.500014781951904297e-01
4.482519626617431641e-01
4.614291191101074219e-01
4.496934413909912109e-01
4.504835605621337891e-01
4.493000507354736328e-01
4.486343860626220703e-01
4.501252174377441406e-01
4.476234912872314453e-01
4.531278610229492188e-01
4.449083805084228516e-01
4.516637325286865234e-01
4.524483680725097656e-01
4.912624359130859375e-01
4.290204048156738281e-01
4.337244033813476562e-01
4.305832386016845703e-01
4.737095832824707031e-01
4.487287998199462891e-01
4.391472339630126953e-01
4.393401145935058594e-01
4.405369758605957031e-01
4.430050849914550781e-01
5.280356407165527344e-01
5.441038608551025391e-01
4.411737918853759766e-01
4.405565261840820312e-01
4.384207725524902344e-01
4.485867023468017578e-01
4.300136566162109375e-01
4.257328510284423828e-01
4.253931045532226562e-01
4.285027980804443359e-01
4.637050628662109375e-01
4.467809200286865234e-01
4.352316856384277344e-01
4.367809295654296875e-01
4.389286041259765625e-01
4.352080821990966797e-01
4.340081214904785156e-01
4.362201690673828125e-01
4.334311485290527344e-01
4.332728385925292969e-01
4.394047260284423828e-01
4.400904178619384766e-01
4.391915798187255859e-01
4.420845508575439453e-01
4.404067993164062500e-01
4.579250812530517578e-01
4.418110847473144531e-01
4.387161731719970703e-01
4.526541233062744141e-01
4.452865123748779297e-01
4.441449642181396484e-01
4.392905235290527344e-01
4.368693828582763672e-01
4.373147487640380859e-01
4.369931221008300781e-01
4.377832412719726562e-01
4.362139701843261719e-01
4.382312297821044922e-01
4.351446628570556641e-01
4.365906715393066406e-01
4.395275115966796875e-01
4.369096755981445312e-01
4.370672702789306641e-01
4.382767677307128906e-01
4.383163452148437500e-01
4.387838840484619141e-01
4.523913860321044922e-01
4.469408988952636719e-01
4.447712898254394531e-01
4.502518177032470703e-01
4.533870220184326172e-01
4.442293643951416016e-01
4.443569183349609375e-01
4.414539337158203125e-01
5.027158260345458984e-01
4.743013381958007812e-01
4.598331451416015625e-01
4.411144256591796875e-01
4.394724369049072266e-01
4.436385631561279297e-01
4.374716281890869141e-01
4.353573322296142578e-01
4.489893913269042969e-01
4.383926391601562500e-01
4.405467510223388672e-01
4.440321922302246094e-01
4.443962574005126953e-01
4.363238811492919922e-01
4.525628089904785156e-01
4.410417079925537109e-01
4.396617412567138672e-01
4.426999092102050781e-01
4.445683956146240234e-01
4.445774555206298828e-01
4.429981708526611328e-01
4.457306861877441406e-01
4.518284797668457031e-01
4.439032077789306641e-01
4.403653144836425781e-01
4.394447803497314453e-01
4.365839958190917969e-01
4.387423992156982422e-01
4.352962970733642578e-01
4.370672702789306641e-01
4.394490718841552734e-01
4.388039112091064453e-01
4.374165534973144531e-01
4.405891895294189453e-01
4.400689601898193359e-01
4.423778057098388672e-01
4.444332122802734375e-01
4.446702003479003906e-01
4.467759132385253906e-01
4.439620971679687500e-01
4.482991695404052734e-01
4.470522403717041016e-01
4.555234909057617188e-01
4.957265853881835938e-01
4.948008060455322266e-01
4.437332153320312500e-01
4.813406467437744141e-01
4.382507801055908203e-01
4.376561641693115234e-01
4.511854648590087891e-01
4.501290321350097656e-01
4.528203010559082031e-01
4.573137760162353516e-01
4.513154029846191406e-01
4.515554904937744141e-01
4.608035087585449219e-01
4.461638927459716797e-01
4.591615200042724609e-01
4.493913650512695312e-01
4.639425277709960938e-01
4.623990058898925781e-01
4.596376419067382812e-01
4.599225521087646484e-01
5.012631416320800781e-01
4.973731040954589844e-01
4.807448387145996094e-01
4.737877845764160156e-01
4.462525844573974609e-01
4.419620037078857422e-01
4.392728805541992188e-01
4.414575099945068359e-01
4.635856151580810547e-01
4.511470794677734375e-01
4.415597915649414062e-01
4.450011253356933594e-01
4.391317367553710938e-01
5.090808868408203125e-01
