3.371738195419311523e+00
1.860692739486694336e+00
1.861185789108276367e+00
1.860694646835327148e+00
1.860803604125976562e+00
1.861593723297119141e+00
1.847015619277954102e+00
1.835557222366333008e+00
1.863795518875122070e+00
1.870370864868164062e+00
1.871729373931884766e+00
1.874500274658203125e+00
1.866640090942382812e+00
1.874818325042724609e+00
1.878443479537963867e+00
1.876974105834960938e+00
1.879917144775390625e+00
1.885589122772216797e+00
1.883018255233764648e+00
1.885405540466308594e+00
1.887266159057617188e+00
1.887741088867187500e+00
1.880339622497558594e+00
1.887769699096679688e+00
1.876553535461425781e+00
1.884418725967407227e+00
1.885985374450683594e+00
1.887446165084838867e+00
1.883934259414672852e+00
1.885918378829956055e+00
1.891886234283447266e+00
1.885945320129394531e+00
1.888359308242797852e+00
1.893844604492187500e+00
1.886598110198974609e+00
1.889656543731689453e+00
1.895380020141601562e+00
1.893891811370849609e+00
1.891740560531616211e+00
1.887661457061767578e+00
1.895226478576660156e+00
1.898120641708374023e+00
1.895568132400512695e+00
1.904776096343994141e+00
1.870005607604980469e+00
1.849664211273193359e+00
1.844168901443481445e+00
1.843389749526977539e+00
1.849015474319458008e+00
1.848519325256347656e+00
1.851454019546508789e+00
1.852225780487060547e+00
1.920841932296752930e+00
1.844173192977905273e+00
1.846694707870483398e+00
1.856859683990478516e+00
1.854214191436767578e+00
1.845747947692871094e+00
1.843484163284301758e+00
1.840687751770019531e+00
1.887139081954956055e+00
1.904377460479736328e+00
1.906263589859008789e+00
1.904190301895141602e+00
1.909580945968627930e+00
1.908310174942016602e+00
1.903290510177612305e+00
1.892207145690917969e+00
1.925577640533447266e+00
1.904125928878784180e+00
1.890578508377075195e+00
1.868209123611450195e+00
1.859958171844482422e+00
1.863599300384521484e+00
1.864458084106445312e+00
1.856420040130615234e+00
1.863059997558593750e+00
1.867261886596679688e+00
1.897487878799438477e+00
1.862836122512817383e+00
1.869931459426879883e+00
1.858271360397338867e+00
1.858796358108520508e+00
1.863248348236083984e+00
1.872641324996948242e+00
1.863203763961791992e+00
1.872745513916015625e+00
1.876562595367431641e+00
1.870852947235107422e+00
1.868089437484741211e+00
1.863589763641357422e+00
1.867100477218627930e+00
1.866651058197021484e+00
1.867952823638916016e+00
1.871121644973754883e+00
1.866086483001708984e+00
1.867104053497314453e+00
1.869996070861816406e+00
1.867119312286376953e+00
1.861253976821899414e+00
1.860340833663940430e+00
1.865496158599853516e+00
1.893247127532958984e+00
1.879040002822875977e+00
1.861926794052124023e+00
1.856932163238525391e+00
1.867375850677490234e+00
1.863960742950439453e+00
1.869257688522338867e+00
1.867296218872070312e+00
1.873064756393432617e+00
1.946804285049438477e+00
1.916350603103637695e+00
1.905153512954711914e+00
1.919654369354248047e+00
1.923313379287719727e+00
1.924718379974365234e+00
1.906796693801879883e+00
1.956275939941406250e+00
1.926387071609497070e+00
1.919948339462280273e+00
1.913221836090087891e+00
1.918226242065429688e+00
1.912325382232666016e+00
1.917539596557617188e+00
1.931955337524414062e+00
1.910356521606445312e+00
1.921469211578369141e+00
1.923928976058959961e+00
1.920351743698120117e+00
1.911982536315917969e+00
1.917956352233886719e+00
1.917037963867187500e+00
1.924172878265380859e+00
1.931054830551147461e+00
1.925712347030639648e+00
1.925560712814331055e+00
1.939505815505981445e+00
1.919149398803710938e+00
1.918193340301513672e+00
1.922253608703613281e+00
1.910768032073974609e+00
1.916159868240356445e+00
1.920991420745849609e+00
1.912767410278320312e+00
1.982790231704711914e+00
1.925553083419799805e+00
1.921978950500488281e+00
1.915263652801513672e+00
1.926867723464965820e+00
1.918102502822875977e+00
1.917853832244873047e+00
1.921195507049560547e+00
1.919859409332275391e+00
1.919966220855712891e+00
1.920162439346313477e+00
1.919249773025512695e+00
1.922739505767822266e+00
1.921477317810058594e+00
1.919722318649291992e+00
1.924896478652954102e+00
1.925154447555541992e+00
1.922494888305664062e+00
1.925942182540893555e+00
1.923793554306030273e+00
1.944895505905151367e+00
1.874066829681396484e+00
1.868128061294555664e+00
1.877859115600585938e+00
1.873175621032714844e+00
1.871704816818237305e+00
1.871473312377929688e+00
1.873477458953857422e+00
1.873320341110229492e+00
1.874087333679199219e+00
1.877947330474853516e+00
1.884712457656860352e+00
1.890256881713867188e+00
1.895200014114379883e+00
1.890709161758422852e+00
1.888990640640258789e+00
1.881655693054199219e+00
1.882586717605590820e+00
1.884051084518432617e+00
1.889326572418212891e+00
1.876613140106201172e+00
1.874829530715942383e+00
1.877336025238037109e+00
1.934064865112304688e+00
1.918161392211914062e+00
1.926132440567016602e+00
1.918623208999633789e+00
1.929928302764892578e+00
1.930482149124145508e+00
1.920920610427856445e+00
1.924111366271972656e+00
1.927063703536987305e+00
1.920971870422363281e+00
1.925682306289672852e+00
1.908957004547119141e+00
