1.903722286224365234e-01
1.893107891082763672e-01
1.900534629821777344e-01
1.901412010192871094e-01
1.881461143493652344e-01
1.907954216003417969e-01
1.956167221069335938e-01
1.894695758819580078e-01
1.917037963867187500e-01
1.930413246154785156e-01
1.889805793762207031e-01
1.886422634124755859e-01
2.631785869598388672e-01
1.871509552001953125e-01
1.890745162963867188e-01
1.872293949127197266e-01
1.872525215148925781e-01
1.942973136901855469e-01
1.862676143646240234e-01
1.891288757324218750e-01
1.916320323944091797e-01
1.882739067077636719e-01
1.886355876922607422e-01
1.901803016662597656e-01
1.892347335815429688e-01
1.740944385528564453e-01
1.923391819000244141e-01
1.884222030639648438e-01
1.882538795471191406e-01
1.923832893371582031e-01
1.856765747070312500e-01
1.879713535308837891e-01
1.900165081024169922e-01
1.919772624969482422e-01
1.887125968933105469e-01
1.910345554351806641e-01
1.767871379852294922e-01
1.743035316467285156e-01
1.881048679351806641e-01
1.900570392608642578e-01
1.884455680847167969e-01
1.734204292297363281e-01
1.918330192565917969e-01
1.907413005828857422e-01
1.877641677856445312e-01
1.911413669586181641e-01
1.746175289154052734e-01
1.881921291351318359e-01
1.901419162750244141e-01
1.900861263275146484e-01
1.866340637207031250e-01
1.874976158142089844e-01
1.877138614654541016e-01
1.873326301574707031e-01
1.773369312286376953e-01
1.890621185302734375e-01
1.776766777038574219e-01
1.923885345458984375e-01
1.912705898284912109e-01
1.895000934600830078e-01
1.910142898559570312e-01
1.893739700317382812e-01
1.898097991943359375e-01
1.927778720855712891e-01
1.880562305450439453e-01
1.876938343048095703e-01
1.923243999481201172e-01
1.879558563232421875e-01
1.884918212890625000e-01
1.901733875274658203e-01
1.878101825714111328e-01
1.865737438201904297e-01
1.887869834899902344e-01
1.866285800933837891e-01
1.892881393432617188e-01
1.904363632202148438e-01
1.880533695220947266e-01
2.662301063537597656e-01
1.913645267486572266e-01
1.879465579986572266e-01
1.873905658721923828e-01
1.904671192169189453e-01
1.898839473724365234e-01
1.871063709259033203e-01
1.889996528625488281e-01
1.875793933868408203e-01
1.872520446777343750e-01
1.879928112030029297e-01
1.870281696319580078e-01
1.858403682708740234e-01
1.899797916412353516e-01
1.869621276855468750e-01
1.875066757202148438e-01
1.885390281677246094e-01
1.865477561950683594e-01
1.863942146301269531e-01
1.894764900207519531e-01
1.863925457000732422e-01
1.889100074768066406e-01
1.886720657348632812e-01
1.885344982147216797e-01
1.881930828094482422e-01
1.895403861999511719e-01
1.879684925079345703e-01
1.869990825653076172e-01
1.909496784210205078e-01
1.919929981231689453e-01
1.882936954498291016e-01
1.770265102386474609e-01
1.866092681884765625e-01
1.882181167602539062e-01
1.896164417266845703e-01
1.891424655914306641e-01
1.891274452209472656e-01
2.690277099609375000e-01
1.885201930999755859e-01
1.892669200897216797e-01
1.773214340209960938e-01
1.887319087982177734e-01
1.881072521209716797e-01
1.909933090209960938e-01
1.895613670349121094e-01
1.888887882232666016e-01
1.767549514770507812e-01
1.881833076477050781e-01
1.882033348083496094e-01
1.758875846862792969e-01
1.888041496276855469e-01
1.896853446960449219e-01
1.893484592437744141e-01
1.898310184478759766e-01
1.921715736389160156e-01
1.887204647064208984e-01
1.895601749420166016e-01
1.903142929077148438e-01
1.926569938659667969e-01
1.895010471343994141e-01
1.921832561492919922e-01
1.901445388793945312e-01
1.886875629425048828e-01
1.907095909118652344e-01
1.893844604492187500e-01
1.879925727844238281e-01
1.903083324432373047e-01
1.900112628936767578e-01
1.875512599945068359e-01
1.897614002227783203e-01
1.884808540344238281e-01
1.918535232543945312e-01
1.924481391906738281e-01
1.900062561035156250e-01
1.919848918914794922e-01
1.917073726654052734e-01
1.900012493133544922e-01
1.914212703704833984e-01
1.908710002899169922e-01
1.880898475646972656e-01
1.746404170989990234e-01
1.900613307952880859e-01
1.893043518066406250e-01
1.913356781005859375e-01
1.941015720367431641e-01
1.913888454437255859e-01
1.931054592132568359e-01
1.924927234649658203e-01
1.873512268066406250e-01
1.919147968292236328e-01
1.904935836791992188e-01
1.912589073181152344e-01
1.906313896179199219e-01
1.919128894805908203e-01
1.935975551605224609e-01
1.913506984710693359e-01
1.948583126068115234e-01
1.882207393646240234e-01
1.731843948364257812e-01
1.892304420471191406e-01
1.887347698211669922e-01
1.908063888549804688e-01
1.869058609008789062e-01
1.867115497589111328e-01
1.900706291198730469e-01
1.863014698028564453e-01
1.918265819549560547e-01
1.918504238128662109e-01
1.867303848266601562e-01
1.868374347686767578e-01
1.892080307006835938e-01
1.895210742950439453e-01
2.167289257049560547e-01
1.907653808593750000e-01
1.875925064086914062e-01
1.878204345703125000e-01
1.875064373016357422e-01
1.875422000885009766e-01
1.906418800354003906e-01
1.887633800506591797e-01
1.880545616149902344e-01
1.917188167572021484e-01
1.857795715332031250e-01
