3.464880943298339844e+00
1.898999691009521484e+00
1.902241468429565430e+00
1.906893253326416016e+00
1.903214454650878906e+00
1.905880451202392578e+00
1.902158260345458984e+00
1.908779144287109375e+00
1.908817291259765625e+00
1.910237789154052734e+00
1.911842346191406250e+00
1.916160821914672852e+00
1.912446975708007812e+00
1.916393756866455078e+00
1.914524555206298828e+00
1.914533615112304688e+00
1.936044216156005859e+00
1.940653085708618164e+00
1.920217752456665039e+00
1.921544790267944336e+00
1.928418397903442383e+00
1.931577205657958984e+00
1.927468061447143555e+00
1.935662031173706055e+00
1.924096584320068359e+00
1.926525831222534180e+00
1.942822694778442383e+00
1.938180685043334961e+00
1.932040214538574219e+00
1.936157464981079102e+00
1.948730230331420898e+00
1.938577890396118164e+00
1.941516876220703125e+00
1.942621707916259766e+00
1.939292430877685547e+00
1.940364599227905273e+00
1.942979812622070312e+00
1.944565296173095703e+00
1.944144010543823242e+00
1.945538282394409180e+00
1.946540355682373047e+00
1.945647239685058594e+00
1.948119878768920898e+00
1.947245121002197266e+00
1.956299781799316406e+00
1.951771974563598633e+00
1.962802886962890625e+00
1.948172092437744141e+00
1.949640989303588867e+00
1.950208902359008789e+00
1.948789358139038086e+00
1.951087713241577148e+00
1.953378677368164062e+00
1.957797765731811523e+00
1.953833341598510742e+00
1.955994844436645508e+00
1.949055910110473633e+00
1.950578451156616211e+00
1.953734874725341797e+00
1.954454183578491211e+00
1.953068017959594727e+00
1.952398538589477539e+00
1.955380678176879883e+00
1.954641580581665039e+00
1.951800584793090820e+00
1.954084396362304688e+00
1.956126928329467773e+00
1.956001043319702148e+00
1.955319404602050781e+00
1.956566810607910156e+00
1.956541776657104492e+00
1.958313465118408203e+00
1.949938058853149414e+00
1.955883026123046875e+00
1.961519479751586914e+00
1.960641145706176758e+00
1.958031892776489258e+00
1.961901664733886719e+00
1.970653533935546875e+00
1.958771467208862305e+00
1.959720134735107422e+00
1.954655885696411133e+00
1.950914382934570312e+00
1.959877252578735352e+00
1.963274478912353516e+00
1.959445238113403320e+00
1.963178873062133789e+00
1.962482929229736328e+00
1.959470272064208984e+00
1.965314865112304688e+00
1.955551385879516602e+00
1.962662935256958008e+00
1.966499090194702148e+00
1.963039875030517578e+00
1.964605569839477539e+00
1.954814195632934570e+00
1.961793661117553711e+00
1.965305805206298828e+00
1.958876371383666992e+00
1.965591907501220703e+00
1.960134744644165039e+00
1.968236446380615234e+00
1.960597991943359375e+00
1.960852861404418945e+00
1.957410335540771484e+00
1.960259199142456055e+00
1.963319301605224609e+00
1.962776899337768555e+00
1.958172321319580078e+00
1.963477134704589844e+00
1.974199533462524414e+00
1.968750953674316406e+00
1.959731101989746094e+00
1.960247755050659180e+00
1.963794946670532227e+00
1.962826251983642578e+00
1.964690446853637695e+00
1.960332870483398438e+00
1.966570615768432617e+00
1.961283922195434570e+00
1.963193893432617188e+00
1.965476274490356445e+00
1.968889236450195312e+00
1.960064172744750977e+00
1.964079380035400391e+00
1.963681936264038086e+00
1.965291738510131836e+00
1.964224100112915039e+00
1.963248968124389648e+00
1.967704057693481445e+00
1.957020998001098633e+00
1.968861103057861328e+00
1.963419914245605469e+00
1.965847730636596680e+00
1.968346357345581055e+00
1.967784881591796875e+00
1.961125135421752930e+00
1.960246562957763672e+00
1.976821660995483398e+00
1.979020118713378906e+00
1.960582733154296875e+00
1.955392837524414062e+00
1.968828201293945312e+00
1.966730594635009766e+00
1.967674970626831055e+00
1.968245267868041992e+00
1.966671228408813477e+00
1.960123538970947266e+00
1.965507745742797852e+00
1.957351207733154297e+00
1.958167552947998047e+00
1.956830739974975586e+00
1.962749481201171875e+00
1.960114717483520508e+00
1.957250595092773438e+00
1.956649541854858398e+00
1.958179950714111328e+00
1.958902120590209961e+00
1.956410884857177734e+00
1.960111379623413086e+00
1.959515094757080078e+00
1.956054210662841797e+00
1.957236051559448242e+00
1.956588029861450195e+00
1.956491708755493164e+00
1.963386774063110352e+00
1.960580348968505859e+00
1.956026554107666016e+00
1.963308811187744141e+00
1.959593534469604492e+00
1.963706016540527344e+00
1.964260339736938477e+00
1.959534406661987305e+00
1.958714246749877930e+00
1.956400632858276367e+00
1.958822727203369141e+00
1.956512928009033203e+00
1.959071636199951172e+00
1.961179971694946289e+00
1.958936929702758789e+00
1.957367181777954102e+00
1.960810661315917969e+00
1.953742027282714844e+00
1.959994554519653320e+00
1.958241701126098633e+00
1.957248687744140625e+00
1.957223176956176758e+00
1.956833839416503906e+00
1.953247070312500000e+00
1.962554931640625000e+00
1.954715728759765625e+00
1.961822271347045898e+00
1.953222036361694336e+00
1.954283714294433594e+00
1.960244894027709961e+00
1.958760261535644531e+00
1.955055475234985352e+00
1.958503007888793945e+00
1.973258256912231445e+00
1.962814807891845703e+00
