1.675117492675781250e+00
1.385751485824584961e+00
9.868268966674804688e-01
1.068730592727661133e+00
9.931311607360839844e-01
9.789450168609619141e-01
9.841334819793701172e-01
9.915962219238281250e-01
1.077989339828491211e+00
9.971837997436523438e-01
9.986653327941894531e-01
9.962091445922851562e-01
9.796915054321289062e-01
9.829640388488769531e-01
9.906096458435058594e-01
9.757027626037597656e-01
9.717411994934082031e-01
9.816975593566894531e-01
9.646401405334472656e-01
1.565333366394042969e+00
1.120659351348876953e+00
1.334128379821777344e+00
1.502413511276245117e+00
1.895443916320800781e+00
1.930792331695556641e+00
1.873844861984252930e+00
1.500038146972656250e+00
1.078880310058593750e+00
9.817047119140625000e-01
9.801139831542968750e-01
9.877741336822509766e-01
9.866089820861816406e-01
1.000765085220336914e+00
9.829256534576416016e-01
9.765524864196777344e-01
9.734513759613037109e-01
9.683229923248291016e-01
9.742243289947509766e-01
9.740967750549316406e-01
9.909851551055908203e-01
1.222455501556396484e+00
1.565250873565673828e+00
1.873320102691650391e+00
1.591420650482177734e+00
1.159191846847534180e+00
9.895248413085937500e-01
1.005697727203369141e+00
9.973201751708984375e-01
9.860367774963378906e-01
9.857838153839111328e-01
1.186407327651977539e+00
1.470349073410034180e+00
1.780541896820068359e+00
1.871049880981445312e+00
1.790643453598022461e+00
1.867981195449829102e+00
1.454475641250610352e+00
1.004704475402832031e+00
9.827671051025390625e-01
9.852082729339599609e-01
9.883084297180175781e-01
9.849097728729248047e-01
1.008831501007080078e+00
9.926242828369140625e-01
9.938037395477294922e-01
9.929008483886718750e-01
9.834239482879638672e-01
9.867832660675048828e-01
9.765934944152832031e-01
9.953649044036865234e-01
9.821557998657226562e-01
9.984400272369384766e-01
1.074050664901733398e+00
1.437376499176025391e+00
1.779799699783325195e+00
1.821906805038452148e+00
1.610550165176391602e+00
1.418792009353637695e+00
1.224898815155029297e+00
1.013386249542236328e+00
1.023857355117797852e+00
1.001897573471069336e+00
1.089899301528930664e+00
1.004402637481689453e+00
1.006092071533203125e+00
1.127794265747070312e+00
1.478522539138793945e+00
1.765740394592285156e+00
1.782418012619018555e+00
1.900831937789916992e+00
1.478860139846801758e+00
1.221034765243530273e+00
1.036356925964355469e+00
1.068576335906982422e+00
9.904830455780029297e-01
9.876518249511718750e-01
9.917173385620117188e-01
9.936864376068115234e-01
9.816603660583496094e-01
9.932808876037597656e-01
9.943680763244628906e-01
9.974637031555175781e-01
9.899721145629882812e-01
1.063791036605834961e+00
9.869449138641357422e-01
9.989738464355468750e-01
9.806871414184570312e-01
9.909908771514892578e-01
1.168871164321899414e+00
1.332457065582275391e+00
1.802025556564331055e+00
1.838679313659667969e+00
1.601332426071166992e+00
1.340746402740478516e+00
9.656097888946533203e-01
9.501867294311523438e-01
9.879531860351562500e-01
1.000595331192016602e+00
1.153715610504150391e+00
9.911036491394042969e-01
9.887168407440185547e-01
9.948689937591552734e-01
1.303361177444458008e+00
1.603152751922607422e+00
1.780682563781738281e+00
1.837677717208862305e+00
1.787194013595581055e+00
1.629420042037963867e+00
1.818935632705688477e+00
1.561638832092285156e+00
1.367558956146240234e+00
9.926404953002929688e-01
9.848232269287109375e-01
1.079310655593872070e+00
9.860324859619140625e-01
9.886929988861083984e-01
9.940068721771240234e-01
9.955985546112060547e-01
1.078426837921142578e+00
1.082628250122070312e+00
9.870071411132812500e-01
9.803352355957031250e-01
9.898009300231933594e-01
9.903705120086669922e-01
1.044782876968383789e+00
9.920458793640136719e-01
9.834260940551757812e-01
9.998295307159423828e-01
1.059790134429931641e+00
1.031618118286132812e+00
1.714511394500732422e+00
9.992277622222900391e-01
9.829893112182617188e-01
9.726192951202392578e-01
1.114274024963378906e+00
1.399451255798339844e+00
1.753245115280151367e+00
1.898384332656860352e+00
1.910623073577880859e+00
1.883422613143920898e+00
1.678892374038696289e+00
1.318283557891845703e+00
1.180740356445312500e+00
9.893894195556640625e-01
1.075167894363403320e+00
9.843878746032714844e-01
9.906480312347412109e-01
9.991157054901123047e-01
1.003254652023315430e+00
1.054860115051269531e+00
9.656498432159423828e-01
9.728398323059082031e-01
1.024930000305175781e+00
9.794034957885742188e-01
1.067993879318237305e+00
9.700734615325927734e-01
9.590163230895996094e-01
9.748482704162597656e-01
9.615857601165771484e-01
1.002676725387573242e+00
9.953155517578125000e-01
9.936025142669677734e-01
9.894359111785888672e-01
9.886195659637451172e-01
1.072466611862182617e+00
1.232214450836181641e+00
1.504867076873779297e+00
1.868671894073486328e+00
1.786787509918212891e+00
1.412232637405395508e+00
1.024940252304077148e+00
9.964840412139892578e-01
9.975562095642089844e-01
9.892458915710449219e-01
9.946098327636718750e-01
1.015254259109497070e+00
9.914093017578125000e-01
9.869287014007568359e-01
1.004865646362304688e+00
9.861965179443359375e-01
