2.083357810974121094e+00
4.069919586181640625e-01
4.061059951782226562e-01
4.092688560485839844e-01
4.086074829101562500e-01
4.109575748443603516e-01
4.104700088500976562e-01
4.106163978576660156e-01
4.113781452178955078e-01
4.264786243438720703e-01
4.115970134735107422e-01
4.109661579132080078e-01
4.114279747009277344e-01
4.130132198333740234e-01
4.121630191802978516e-01
4.155232906341552734e-01
4.139058589935302734e-01
4.149246215820312500e-01
4.172263145446777344e-01
4.656085968017578125e-01
4.585473537445068359e-01
4.640746116638183594e-01
4.484748840332031250e-01
4.540030956268310547e-01
4.448204040527343750e-01
4.273917675018310547e-01
4.263796806335449219e-01
4.280171394348144531e-01
4.272382259368896484e-01
4.395458698272705078e-01
4.365639686584472656e-01
4.395856857299804688e-01
4.555339813232421875e-01
4.492015838623046875e-01
4.476954936981201172e-01
4.577834606170654297e-01
4.610743522644042969e-01
4.597871303558349609e-01
4.560933113098144531e-01
4.901647567749023438e-01
4.520192146301269531e-01
4.379119873046875000e-01
5.159268379211425781e-01
5.258514881134033203e-01
5.092856884002685547e-01
5.090036392211914062e-01
5.193789005279541016e-01
5.201416015625000000e-01
5.094499588012695312e-01
5.206577777862548828e-01
4.813275337219238281e-01
4.889965057373046875e-01
4.642188549041748047e-01
4.407956600189208984e-01
4.576094150543212891e-01
4.552574157714843750e-01
4.351890087127685547e-01
4.310207366943359375e-01
4.359588623046875000e-01
4.355108737945556641e-01
4.320216178894042969e-01
4.348373413085937500e-01
4.314825534820556641e-01
4.345600605010986328e-01
4.370517730712890625e-01
4.369740486145019531e-01
4.649412631988525391e-01
5.312747955322265625e-01
5.392348766326904297e-01
5.144834518432617188e-01
5.119857788085937500e-01
5.099849700927734375e-01
5.292253494262695312e-01
4.659588336944580078e-01
4.478974342346191406e-01
4.405949115753173828e-01
4.907746315002441406e-01
4.412596225738525391e-01
4.375030994415283203e-01
4.512679576873779297e-01
4.368171691894531250e-01
4.399957656860351562e-01
4.439625740051269531e-01
4.375298023223876953e-01
4.390461444854736328e-01
4.455516338348388672e-01
4.368686676025390625e-01
4.355485439300537109e-01
4.380185604095458984e-01
4.497418403625488281e-01
4.391515254974365234e-01
4.460642337799072266e-01
4.389014244079589844e-01
4.372136592864990234e-01
4.355571269989013672e-01
4.484646320343017578e-01
4.357850551605224609e-01
4.559578895568847656e-01
4.475746154785156250e-01
4.500000476837158203e-01
4.629969596862792969e-01
4.660496711730957031e-01
4.641604423522949219e-01
4.621195793151855469e-01
4.587416648864746094e-01
4.637422561645507812e-01
4.771471023559570312e-01
4.706099033355712891e-01
4.633023738861083984e-01
4.620640277862548828e-01
4.378390312194824219e-01
4.427716732025146484e-01
4.383659362792968750e-01
4.397206306457519531e-01
4.378128051757812500e-01
4.520409107208251953e-01
4.387652873992919922e-01
4.507970809936523438e-01
5.220365524291992188e-01
5.039842128753662109e-01
5.495057106018066406e-01
5.218675136566162109e-01
4.631767272949218750e-01
4.718809127807617188e-01
4.460885524749755859e-01
4.454767704010009766e-01
4.390244483947753906e-01
4.370667934417724609e-01
4.373328685760498047e-01
4.478445053100585938e-01
4.401524066925048828e-01
4.355888366699218750e-01
4.319727420806884766e-01
4.362113475799560547e-01
4.385097026824951172e-01
4.385278224945068359e-01
4.538040161132812500e-01
4.386079311370849609e-01
4.385409355163574219e-01
4.517071247100830078e-01
4.416561126708984375e-01
4.405121803283691406e-01
4.460165500640869141e-01
4.423887729644775391e-01
4.466075897216796875e-01
4.920396804809570312e-01
4.652936458587646484e-01
4.694614410400390625e-01
4.694623947143554688e-01
4.435901641845703125e-01
4.502589702606201172e-01
4.711391925811767578e-01
4.646527767181396484e-01
4.678902626037597656e-01
4.655876159667968750e-01
4.544556140899658203e-01
4.401712417602539062e-01
4.411165714263916016e-01
4.398043155670166016e-01
4.413225650787353516e-01
4.383628368377685547e-01
4.522712230682373047e-01
4.461829662322998047e-01
4.418661594390869141e-01
4.381313323974609375e-01
4.398617744445800781e-01
4.353387355804443359e-01
4.492847919464111328e-01
4.667396545410156250e-01
4.803202152252197266e-01
4.347853660583496094e-01
4.417707920074462891e-01
4.420578479766845703e-01
4.528491497039794922e-01
4.629786014556884766e-01
4.585800170898437500e-01
4.672951698303222656e-01
4.492692947387695312e-01
4.476695060729980469e-01
4.460561275482177734e-01
4.461767673492431641e-01
4.474740028381347656e-01
4.482541084289550781e-01
4.447591304779052734e-01
4.404759407043457031e-01
4.596748352050781250e-01
4.540176391601562500e-01
4.416613578796386719e-01
4.525327682495117188e-01
4.495284557342529297e-01
4.420843124389648438e-01
4.398376941680908203e-01
4.383859634399414062e-01
4.353749752044677734e-01
4.470806121826171875e-01
4.419145584106445312e-01
4.367077350616455078e-01
4.382348060607910156e-01
4.401226043701171875e-01
4.424719810485839844e-01
