1.675120353698730469e+00
1.385772228240966797e+00
9.868383407592773438e-01
1.068754911422729492e+00
9.931356906890869141e-01
9.789512157440185547e-01
9.841544628143310547e-01
9.916071891784667969e-01
1.078001022338867188e+00
9.971997737884521484e-01
9.986772537231445312e-01
9.962172508239746094e-01
9.796979427337646484e-01
9.829704761505126953e-01
9.906063079833984375e-01
9.757280349731445312e-01
9.717612266540527344e-01
9.817047119140625000e-01
9.646346569061279297e-01
1.565328121185302734e+00
1.120711803436279297e+00
1.334119558334350586e+00
1.502418756484985352e+00
1.895489692687988281e+00
1.930808782577514648e+00
1.873879432678222656e+00
1.500042438507080078e+00
1.078906059265136719e+00
9.817113876342773438e-01
9.801247119903564453e-01
9.877846240997314453e-01
9.866318702697753906e-01
1.000775337219238281e+00
9.829280376434326172e-01
9.765348434448242188e-01
9.734919071197509766e-01
9.683518409729003906e-01
9.742407798767089844e-01
9.741008281707763672e-01
9.909598827362060547e-01
1.222498655319213867e+00
1.565207004547119141e+00
1.873293161392211914e+00
1.591372489929199219e+00
1.159191370010375977e+00
9.895677566528320312e-01
1.005685091018676758e+00
9.973447322845458984e-01
9.860265254974365234e-01
9.857649803161621094e-01
1.186423063278198242e+00
1.470369815826416016e+00
1.780559778213500977e+00
1.871053695678710938e+00
1.790637254714965820e+00
1.868020772933959961e+00
1.454514026641845703e+00
1.004708766937255859e+00
9.827766418457031250e-01
9.852328300476074219e-01
9.883468151092529297e-01
9.848992824554443359e-01
1.008872747421264648e+00
9.927949905395507812e-01
9.938449859619140625e-01
9.928984642028808594e-01
9.834380149841308594e-01
9.867913722991943359e-01
9.766318798065185547e-01
9.953677654266357422e-01
9.821619987487792969e-01
9.984462261199951172e-01
1.074089288711547852e+00
1.437357664108276367e+00
1.779791355133056641e+00
1.821915149688720703e+00
1.610555410385131836e+00
1.418781042098999023e+00
1.224913835525512695e+00
1.013394832611083984e+00
1.023859739303588867e+00
1.001901865005493164e+00
1.089893579483032227e+00
1.004404067993164062e+00
1.006095886230468750e+00
1.127857923507690430e+00
1.478529691696166992e+00
1.765783071517944336e+00
1.782426118850708008e+00
1.900832653045654297e+00
1.478862285614013672e+00
1.221034288406372070e+00
1.036371231079101562e+00
1.068595886230468750e+00
9.904921054840087891e-01
9.876656532287597656e-01
9.917373657226562500e-01
9.937064647674560547e-01
9.816660881042480469e-01
9.933054447174072266e-01
9.943912029266357422e-01
9.974565505981445312e-01
9.899799823760986328e-01
1.063815116882324219e+00
9.869585037231445312e-01
9.989569187164306641e-01
9.806764125823974609e-01
9.910163879394531250e-01
1.168892621994018555e+00
1.332462787628173828e+00
1.802021265029907227e+00
1.838665008544921875e+00
1.601325750350952148e+00
1.340767383575439453e+00
9.656183719635009766e-01
9.501957893371582031e-01
9.879858493804931641e-01
1.000618457794189453e+00
1.153738975524902344e+00
9.911553859710693359e-01
9.887459278106689453e-01
9.948987960815429688e-01
1.303384304046630859e+00
1.603196620941162109e+00
1.780690670013427734e+00
1.837698221206665039e+00
1.787267684936523438e+00
1.629450082778930664e+00
1.818958044052124023e+00
1.561669111251831055e+00
1.367556095123291016e+00
9.926695823669433594e-01
9.848561286926269531e-01
1.079337358474731445e+00
9.860494136810302734e-01
9.887254238128662109e-01
9.940361976623535156e-01
9.956285953521728516e-01
1.078439950942993164e+00
1.082646846771240234e+00
9.870014190673828125e-01
9.803447723388671875e-01
9.897997379302978516e-01
9.903841018676757812e-01
1.044806480407714844e+00
9.920692443847656250e-01
9.834575653076171875e-01
9.998469352722167969e-01
1.059807300567626953e+00
1.031624794006347656e+00
1.714550971984863281e+00
9.992489814758300781e-01
9.830079078674316406e-01
9.726295471191406250e-01
1.114299774169921875e+00
1.399450302124023438e+00
1.753268718719482422e+00
1.898371219635009766e+00
1.910559892654418945e+00
1.883430242538452148e+00
1.678854703903198242e+00
1.318302154541015625e+00
1.180758237838745117e+00
9.894073009490966797e-01
1.075175046920776367e+00
9.843916893005371094e-01
9.906458854675292969e-01
9.991486072540283203e-01
1.003261089324951172e+00
1.054864406585693359e+00
9.656722545623779297e-01
9.728431701660156250e-01
1.024931907653808594e+00
9.794242382049560547e-01
1.068011999130249023e+00
9.700868129730224609e-01
9.590251445770263672e-01
9.748716354370117188e-01
9.616036415100097656e-01
1.002673387527465820e+00
9.953250885009765625e-01
9.935996532440185547e-01
9.894313812255859375e-01
9.886364936828613281e-01
1.072447061538696289e+00
1.232230663299560547e+00
1.504882812500000000e+00
1.868677139282226562e+00
1.786778450012207031e+00
1.412243366241455078e+00
1.024937152862548828e+00
9.965014457702636719e-01
9.975721836090087891e-01
9.892606735229492188e-01
9.946067333221435547e-01
1.015273094177246094e+00
9.914243221282958984e-01
9.869470596313476562e-01
1.004892587661743164e+00
9.862248897552490234e-01
