2.064734220504760742e+00
4.020125865936279297e-01
4.033749103546142578e-01
4.061994552612304688e-01
4.070096015930175781e-01
4.054348468780517578e-01
4.082133769989013672e-01
4.080750942230224609e-01
4.145345687866210938e-01
4.135622978210449219e-01
4.118406772613525391e-01
4.646091461181640625e-01
4.784064292907714844e-01
4.788007736206054688e-01
4.986569881439208984e-01
4.931194782257080078e-01
4.770538806915283203e-01
4.820981025695800781e-01
5.080986022949218750e-01
4.939224720001220703e-01
4.620208740234375000e-01
4.722154140472412109e-01
4.430918693542480469e-01
4.476995468139648438e-01
4.270341396331787109e-01
4.249706268310546875e-01
4.220943450927734375e-01
4.260547161102294922e-01
4.262838363647460938e-01
4.426579475402832031e-01
4.441175460815429688e-01
4.387357234954833984e-01
4.326646327972412109e-01
4.283559322357177734e-01
4.342179298400878906e-01
4.223306179046630859e-01
4.830691814422607422e-01
5.147030353546142578e-01
5.095355510711669922e-01
4.897906780242919922e-01
5.164749622344970703e-01
5.197374820709228516e-01
4.292588233947753906e-01
4.257013797760009766e-01
4.224789142608642578e-01
4.285764694213867188e-01
4.293959140777587891e-01
4.220213890075683594e-01
4.268751144409179688e-01
4.230356216430664062e-01
4.290471076965332031e-01
4.228336811065673828e-01
4.215655326843261719e-01
4.197106361389160156e-01
4.226875305175781250e-01
4.253563880920410156e-01
4.271266460418701172e-01
4.226491451263427734e-01
4.289231300354003906e-01
4.245433807373046875e-01
4.282355308532714844e-01
4.306581020355224609e-01
4.307045936584472656e-01
4.272310733795166016e-01
4.334926605224609375e-01
4.524233341217041016e-01
4.576554298400878906e-01
4.630618095397949219e-01
4.482452869415283203e-01
4.554879665374755859e-01
4.531993865966796875e-01
4.644968509674072266e-01
4.553558826446533203e-01
4.526243209838867188e-01
4.393317699432373047e-01
4.379541873931884766e-01
4.355330467224121094e-01
4.325466156005859375e-01
4.322919845581054688e-01
4.408648014068603516e-01
4.380557537078857422e-01
4.374139308929443359e-01
4.367160797119140625e-01
4.334583282470703125e-01
4.328510761260986328e-01
4.306335449218750000e-01
4.295711517333984375e-01
4.310150146484375000e-01
4.376807212829589844e-01
4.376895427703857422e-01
4.344620704650878906e-01
4.560506343841552734e-01
4.302117824554443359e-01
4.320914745330810547e-01
4.258909225463867188e-01
4.194910526275634766e-01
4.281904697418212891e-01
4.250779151916503906e-01
4.238281250000000000e-01
4.345180988311767578e-01
4.354536533355712891e-01
4.470303058624267578e-01
4.370646476745605469e-01
4.432306289672851562e-01
4.725031852722167969e-01
5.025603771209716797e-01
5.128591060638427734e-01
5.013883113861083984e-01
4.574925899505615234e-01
4.524030685424804688e-01
4.263589382171630859e-01
4.317395687103271484e-01
4.313368797302246094e-01
4.313843250274658203e-01
4.338240623474121094e-01
4.323489665985107422e-01
4.395439624786376953e-01
4.297394752502441406e-01
4.293291568756103516e-01
4.286777973175048828e-01
4.306435585021972656e-01
4.342741966247558594e-01
4.291374683380126953e-01
4.354064464569091797e-01
4.329423904418945312e-01
4.262115955352783203e-01
4.298346042633056641e-01
4.285373687744140625e-01
4.491131305694580078e-01
4.396955966949462891e-01
4.399378299713134766e-01
4.358441829681396484e-01
4.323697090148925781e-01
4.402093887329101562e-01
4.306302070617675781e-01
4.288172721862792969e-01
4.460194110870361328e-01
4.385936260223388672e-01
4.400362968444824219e-01
4.365901947021484375e-01
4.346115589141845703e-01
4.407944679260253906e-01
4.450368881225585938e-01
4.537494182586669922e-01
4.550435543060302734e-01
4.535250663757324219e-01
4.550700187683105469e-01
4.504737854003906250e-01
5.371417999267578125e-01
4.177076816558837891e-01
4.703044891357421875e-01
4.808514118194580078e-01
5.041558742523193359e-01
5.402054786682128906e-01
4.935765266418457031e-01
5.153253078460693359e-01
5.554833412170410156e-01
5.477089881896972656e-01
4.874460697174072266e-01
4.329762458801269531e-01
4.299781322479248047e-01
4.361348152160644531e-01
4.320893287658691406e-01
4.267761707305908203e-01
4.463005065917968750e-01
4.407732486724853516e-01
4.268631935119628906e-01
4.273598194122314453e-01
4.285080432891845703e-01
4.458515644073486328e-01
4.304058551788330078e-01
4.283699989318847656e-01
4.277744293212890625e-01
4.338719844818115234e-01
4.341337680816650391e-01
4.372580051422119141e-01
4.455373287200927734e-01
4.401299953460693359e-01
4.375841617584228516e-01
4.397311210632324219e-01
4.398224353790283203e-01
4.491672515869140625e-01
4.609704017639160156e-01
4.507956504821777344e-01
4.434177875518798828e-01
4.267995357513427734e-01
4.374921321868896484e-01
4.259593486785888672e-01
4.284689426422119141e-01
4.290871620178222656e-01
4.318315982818603516e-01
4.304311275482177734e-01
4.361412525177001953e-01
4.299938678741455078e-01
4.281806945800781250e-01
4.244630336761474609e-01
4.259228706359863281e-01
4.272356033325195312e-01
4.288015365600585938e-01
4.324133396148681641e-01
