1.675127506256103516e+00
1.385772943496704102e+00
9.868414402008056641e-01
1.068753957748413086e+00
9.931380748748779297e-01
9.789538383483886719e-01
9.841558933258056641e-01
9.916098117828369141e-01
1.078004121780395508e+00
9.972035884857177734e-01
9.986784458160400391e-01
9.962215423583984375e-01
9.797015190124511719e-01
9.829754829406738281e-01
9.906082153320312500e-01
9.757306575775146484e-01
9.717624187469482422e-01
9.817101955413818359e-01
9.646372795104980469e-01
1.565329074859619141e+00
1.120713233947753906e+00
1.334119558334350586e+00
1.502413272857666016e+00
1.895484685897827148e+00
1.930803298950195312e+00
1.873878717422485352e+00
1.500034809112548828e+00
1.078913211822509766e+00
9.817173480987548828e-01
9.801261425018310547e-01
9.877860546112060547e-01
9.866349697113037109e-01
1.000780105590820312e+00
9.829311370849609375e-01
9.765520095825195312e-01
9.734926223754882812e-01
9.683513641357421875e-01
9.742465019226074219e-01
9.741001129150390625e-01
9.909565448760986328e-01
1.222501993179321289e+00
1.565214872360229492e+00
1.873295068740844727e+00
1.591378450393676758e+00
1.159193515777587891e+00
9.895694255828857422e-01
1.005689144134521484e+00
9.973468780517578125e-01
9.860293865203857422e-01
9.857647418975830078e-01
1.186425685882568359e+00
1.470370769500732422e+00
1.780562400817871094e+00
1.871053934097290039e+00
1.790638923645019531e+00
1.868029832839965820e+00
1.454512834548950195e+00
1.004709720611572266e+00
9.827775955200195312e-01
9.852373600006103516e-01
9.883475303649902344e-01
9.848976135253906250e-01
1.008872032165527344e+00
9.927978515625000000e-01
9.938476085662841797e-01
9.929003715515136719e-01
9.834401607513427734e-01
9.867913722991943359e-01
9.766311645507812500e-01
9.953677654266357422e-01
9.821615219116210938e-01
9.984464645385742188e-01
1.074090957641601562e+00
1.437372922897338867e+00
1.779793739318847656e+00
1.821922779083251953e+00
1.610573053359985352e+00
1.418784379959106445e+00
1.224915742874145508e+00
1.013396739959716797e+00
1.023862123489379883e+00
1.001903057098388672e+00
1.089896678924560547e+00
1.004402637481689453e+00
1.006099939346313477e+00
1.127862691879272461e+00
1.478533744812011719e+00
1.765794992446899414e+00
1.782433986663818359e+00
1.900844812393188477e+00
1.478862762451171875e+00
1.221040010452270508e+00
1.036369323730468750e+00
1.068598031997680664e+00
9.905018806457519531e-01
9.876677989959716797e-01
9.917423725128173828e-01
9.937076568603515625e-01
9.816684722900390625e-01
9.933056831359863281e-01
9.943931102752685547e-01
9.974591732025146484e-01
9.899821281433105469e-01
1.063815355300903320e+00
9.869620800018310547e-01
9.989652633666992188e-01
9.806838035583496094e-01
9.910225868225097656e-01
1.168881416320800781e+00
1.332460880279541016e+00
1.802015066146850586e+00
1.838665485382080078e+00
1.601328134536743164e+00
1.340766191482543945e+00
9.656243324279785156e-01
9.501991271972656250e-01
9.879872798919677734e-01
1.000620126724243164e+00
1.153741359710693359e+00
9.911551475524902344e-01
9.887442588806152344e-01
9.948942661285400391e-01
1.303386926651000977e+00
1.603199005126953125e+00
1.780691862106323242e+00
1.837704420089721680e+00
1.787270545959472656e+00
1.629450082778930664e+00
1.818959236145019531e+00
1.561669111251831055e+00
1.367556571960449219e+00
9.926681518554687500e-01
9.848523139953613281e-01
1.079336166381835938e+00
9.860484600067138672e-01
9.887254238128662109e-01
9.940350055694580078e-01
9.956297874450683594e-01
1.078439712524414062e+00
1.082653522491455078e+00
9.869978427886962891e-01
9.803457260131835938e-01
9.897992610931396484e-01
9.903891086578369141e-01
1.044811248779296875e+00
9.920699596405029297e-01
9.834606647491455078e-01
9.998502731323242188e-01
1.059808254241943359e+00
1.031627655029296875e+00
1.714550971984863281e+00
9.992489814758300781e-01
9.830136299133300781e-01
9.726343154907226562e-01
1.114301443099975586e+00
1.399455070495605469e+00
1.753276824951171875e+00
1.898378133773803711e+00
1.910636901855468750e+00
1.883443355560302734e+00
1.678876638412475586e+00
1.318295478820800781e+00
1.180756092071533203e+00
9.894080162048339844e-01
1.075174808502197266e+00
9.843943119049072266e-01
9.906504154205322266e-01
9.991500377655029297e-01
1.003263711929321289e+00
1.054866313934326172e+00
9.656760692596435547e-01
9.728446006774902344e-01
1.024929761886596680e+00
9.794280529022216797e-01
1.068014860153198242e+00
9.700887203216552734e-01
9.590291976928710938e-01
9.748764038085937500e-01
9.616014957427978516e-01
1.002672910690307617e+00
9.953320026397705078e-01
9.935982227325439453e-01
9.894301891326904297e-01
9.886379241943359375e-01
1.072449922561645508e+00
1.232236146926879883e+00
1.504885673522949219e+00
1.868702888488769531e+00
1.786782503128051758e+00
1.412247419357299805e+00
1.024938344955444336e+00
9.965004920959472656e-01
9.975705146789550781e-01
9.892623424530029297e-01
9.946060180664062500e-01
1.015274047851562500e+00
9.914245605468750000e-01
9.869484901428222656e-01
1.004891872406005859e+00
9.862210750579833984e-01
