2.531688213348388672e-01
2.501299381256103516e-01
2.473855018615722656e-01
2.512052059173583984e-01
2.527368068695068359e-01
2.479348182678222656e-01
2.392623424530029297e-01
2.469334602355957031e-01
2.461957931518554688e-01
2.446980476379394531e-01
2.445178031921386719e-01
2.502856254577636719e-01
2.459886074066162109e-01
2.508971691131591797e-01
2.475233078002929688e-01
2.470898628234863281e-01
2.503826618194580078e-01
2.485182285308837891e-01
2.474501132965087891e-01
2.493355274200439453e-01
2.483143806457519531e-01
2.486584186553955078e-01
2.482612133026123047e-01
2.488214969635009766e-01
2.493574619293212891e-01
2.492446899414062500e-01
2.466089725494384766e-01
2.465741634368896484e-01
2.511913776397705078e-01
2.532258033752441406e-01
2.487902641296386719e-01
2.522413730621337891e-01
2.492825984954833984e-01
2.481896877288818359e-01
2.505526542663574219e-01
2.536962032318115234e-01
2.506642341613769531e-01
2.469136714935302734e-01
2.475631237030029297e-01
2.545895576477050781e-01
2.492551803588867188e-01
2.501354217529296875e-01
2.487280368804931641e-01
2.505548000335693359e-01
2.486543655395507812e-01
2.557096481323242188e-01
2.472500801086425781e-01
2.489604949951171875e-01
2.489664554595947266e-01
2.535707950592041016e-01
2.502052783966064453e-01
2.484798431396484375e-01
2.498478889465332031e-01
2.514653205871582031e-01
2.511045932769775391e-01
2.482345104217529297e-01
2.471601963043212891e-01
2.477858066558837891e-01
2.491478919982910156e-01
2.492496967315673828e-01
2.487137317657470703e-01
2.467672824859619141e-01
2.525422573089599609e-01
2.498066425323486328e-01
2.507412433624267578e-01
2.494013309478759766e-01
2.531905174255371094e-01
2.545642852783203125e-01
2.498180866241455078e-01
2.511675357818603516e-01
2.496814727783203125e-01
2.526469230651855469e-01
2.495825290679931641e-01
2.477817535400390625e-01
2.464494705200195312e-01
2.535927295684814453e-01
2.492942810058593750e-01
2.506835460662841797e-01
2.492356300354003906e-01
2.521638870239257812e-01
2.502498626708984375e-01
2.474784851074218750e-01
2.457118034362792969e-01
2.487704753875732422e-01
2.506706714630126953e-01
2.508330345153808594e-01
2.468652725219726562e-01
2.508440017700195312e-01
2.529780864715576172e-01
2.497968673706054688e-01
2.483489513397216797e-01
2.474744319915771484e-01
2.500932216644287109e-01
2.505841255187988281e-01
2.491250038146972656e-01
2.473928928375244141e-01
2.509481906890869141e-01
2.499926090240478516e-01
2.511780261993408203e-01
2.465353012084960938e-01
2.528488636016845703e-01
2.515482902526855469e-01
2.505400180816650391e-01
2.509167194366455078e-01
2.490336894989013672e-01
2.497861385345458984e-01
2.515311241149902344e-01
2.518332004547119141e-01
2.490572929382324219e-01
2.498903274536132812e-01
3.376867771148681641e-01
2.476632595062255859e-01
2.489957809448242188e-01
2.534852027893066406e-01
2.520895004272460938e-01
2.489850521087646484e-01
2.479803562164306641e-01
3.405401706695556641e-01
2.527189254760742188e-01
2.487294673919677734e-01
2.458262443542480469e-01
2.534761428833007812e-01
2.556979656219482422e-01
2.513201236724853516e-01
2.484574317932128906e-01
2.479515075683593750e-01
2.528638839721679688e-01
2.562141418457031250e-01
2.519686222076416016e-01
2.483203411102294922e-01
2.542026042938232422e-01
2.494125366210937500e-01
2.537593841552734375e-01
2.502944469451904297e-01
2.546265125274658203e-01
2.516827583312988281e-01
2.496247291564941406e-01
2.475328445434570312e-01
2.517786026000976562e-01
2.503914833068847656e-01
2.522485256195068359e-01
2.467229366302490234e-01
2.544829845428466797e-01
2.460381984710693359e-01
2.486805915832519531e-01
2.478601932525634766e-01
2.515428066253662109e-01
2.500801086425781250e-01
2.483499050140380859e-01
2.487282752990722656e-01
2.515757083892822266e-01
2.524566650390625000e-01
2.513659000396728516e-01
2.518198490142822266e-01
2.495019435882568359e-01
3.382825851440429688e-01
2.528760433197021484e-01
2.536110877990722656e-01
2.493300437927246094e-01
2.536916732788085938e-01
2.515797615051269531e-01
2.482421398162841797e-01
2.467830181121826172e-01
2.505161762237548828e-01
2.500870227813720703e-01
2.487497329711914062e-01
2.469458580017089844e-01
2.488481998443603516e-01
2.521669864654541016e-01
3.378913402557373047e-01
2.478222846984863281e-01
2.462782859802246094e-01
2.502424716949462891e-01
2.486469745635986328e-01
2.512159347534179688e-01
2.532296180725097656e-01
2.476844787597656250e-01
2.486045360565185547e-01
2.470257282257080078e-01
2.483286857604980469e-01
2.497620582580566406e-01
2.522234916687011719e-01
2.487785816192626953e-01
2.480897903442382812e-01
2.517540454864501953e-01
2.485983371734619141e-01
2.392859458923339844e-01
2.505893707275390625e-01
2.524740695953369141e-01
2.522845268249511719e-01
2.520704269409179688e-01
2.475354671478271484e-01
2.499182224273681641e-01
2.529590129852294922e-01
2.518887519836425781e-01
2.455897331237792969e-01
2.525155544281005859e-01
2.534508705139160156e-01
2.511396408081054688e-01
2.484347820281982422e-01
