3.619152307510375977e+00
8.572654724121093750e-01
8.547377586364746094e-01
8.971683979034423828e-01
8.610925674438476562e-01
8.536536693572998047e-01
8.505370616912841797e-01
8.476672172546386719e-01
8.523702621459960938e-01
8.510189056396484375e-01
8.590929508209228516e-01
8.571968078613281250e-01
8.537790775299072266e-01
8.601758480072021484e-01
8.604824542999267578e-01
8.518400192260742188e-01
8.576986789703369141e-01
8.525924682617187500e-01
8.571379184722900391e-01
8.632900714874267578e-01
8.616580963134765625e-01
8.621597290039062500e-01
8.631968498229980469e-01
8.659992218017578125e-01
8.600842952728271484e-01
8.645708560943603516e-01
8.650031089782714844e-01
8.661561012268066406e-01
8.629019260406494141e-01
8.670630455017089844e-01
8.697884082794189453e-01
8.712275028228759766e-01
8.678424358367919922e-01
8.616983890533447266e-01
8.680856227874755859e-01
8.677489757537841797e-01
8.716509342193603516e-01
8.719635009765625000e-01
8.688595294952392578e-01
8.668389320373535156e-01
8.734591007232666016e-01
8.738248348236083984e-01
8.713743686676025391e-01
8.693761825561523438e-01
8.721487522125244141e-01
8.731153011322021484e-01
8.709559440612792969e-01
8.691141605377197266e-01
8.721983432769775391e-01
8.716435432434082031e-01
8.712573051452636719e-01
8.727743625640869141e-01
8.733999729156494141e-01
8.738946914672851562e-01
8.719711303710937500e-01
8.750159740447998047e-01
8.748462200164794922e-01
8.710367679595947266e-01
8.728682994842529297e-01
8.718922138214111328e-01
8.716421127319335938e-01
8.715784549713134766e-01
8.748006820678710938e-01
8.743841648101806641e-01
8.754150867462158203e-01
8.756835460662841797e-01
8.745636940002441406e-01
8.739826679229736328e-01
8.761119842529296875e-01
8.750436305999755859e-01
8.744375705718994141e-01
8.769307136535644531e-01
8.745741844177246094e-01
8.732728958129882812e-01
8.768031597137451172e-01
8.757796287536621094e-01
8.747639656066894531e-01
8.738517761230468750e-01
8.767933845520019531e-01
8.764607906341552734e-01
8.762693405151367188e-01
8.780055046081542969e-01
8.776667118072509766e-01
8.811848163604736328e-01
8.785498142242431641e-01
8.784105777740478516e-01
8.782677650451660156e-01
8.819613456726074219e-01
8.804481029510498047e-01
8.801114559173583984e-01
8.774669170379638672e-01
8.813900947570800781e-01
8.782441616058349609e-01
8.789422512054443359e-01
8.789992332458496094e-01
8.849568367004394531e-01
8.782947063446044922e-01
8.793172836303710938e-01
8.809165954589843750e-01
8.788213729858398438e-01
8.832881450653076172e-01
8.817322254180908203e-01
8.792147636413574219e-01
8.781638145446777344e-01
8.789589405059814453e-01
8.798174858093261719e-01
8.793048858642578125e-01
8.778629302978515625e-01
8.788738250732421875e-01
8.810579776763916016e-01
8.810002803802490234e-01
8.796527385711669922e-01
8.843433856964111328e-01
8.838007450103759766e-01
8.822321891784667969e-01
8.817915916442871094e-01
8.818621635437011719e-01
8.839735984802246094e-01
8.812706470489501953e-01
8.805928230285644531e-01
8.805413246154785156e-01
8.840448856353759766e-01
8.804564476013183594e-01
8.811299800872802734e-01
8.817284107208251953e-01
8.822977542877197266e-01
8.811559677124023438e-01
8.823666572570800781e-01
8.829455375671386719e-01
8.844716548919677734e-01
8.822767734527587891e-01
8.820116519927978516e-01
8.794784545898437500e-01
8.817176818847656250e-01
8.835046291351318359e-01
8.809578418731689453e-01
8.806192874908447266e-01
8.820886611938476562e-01
8.809247016906738281e-01
8.834724426269531250e-01
8.811717033386230469e-01
8.807508945465087891e-01
8.815832138061523438e-01
8.833045959472656250e-01
8.827826976776123047e-01
8.831338882446289062e-01
8.828637599945068359e-01
8.819541931152343750e-01
8.820149898529052734e-01
8.805191516876220703e-01
8.819565773010253906e-01
8.816797733306884766e-01
8.834390640258789062e-01
8.831434249877929688e-01
8.822529315948486328e-01
8.836450576782226562e-01
8.791303634643554688e-01
8.774485588073730469e-01
8.834414482116699219e-01
8.813042640686035156e-01
8.772478103637695312e-01
8.741879463195800781e-01
8.818402290344238281e-01
8.789820671081542969e-01
8.718447685241699219e-01
8.759052753448486328e-01
8.764250278472900391e-01
8.763766288757324219e-01
8.727195262908935547e-01
8.739190101623535156e-01
8.784565925598144531e-01
8.774099349975585938e-01
8.709018230438232422e-01
8.761551380157470703e-01
8.735270500183105469e-01
8.729188442230224609e-01
8.684628009796142578e-01
8.778209686279296875e-01
8.789050579071044922e-01
8.796300888061523438e-01
8.776230812072753906e-01
8.775391578674316406e-01
8.813636302947998047e-01
8.795909881591796875e-01
8.768746852874755859e-01
8.758728504180908203e-01
8.747508525848388672e-01
8.825154304504394531e-01
8.749768733978271484e-01
8.746232986450195312e-01
8.782503604888916016e-01
8.746840953826904297e-01
8.727319240570068359e-01
8.742327690124511719e-01
8.772118091583251953e-01
8.773059844970703125e-01
8.769226074218750000e-01
8.762602806091308594e-01
8.768792152404785156e-01
8.792138099670410156e-01
