2.531692981719970703e-01
2.501287460327148438e-01
2.473742961883544922e-01
2.512011528015136719e-01
2.527408599853515625e-01
2.479307651519775391e-01
2.392673492431640625e-01
2.469406127929687500e-01
2.461996078491210938e-01
2.447030544281005859e-01
2.445201873779296875e-01
2.502791881561279297e-01
2.459876537322998047e-01
2.508938312530517578e-01
2.475197315216064453e-01
2.470870018005371094e-01
2.503778934478759766e-01
2.485151290893554688e-01
2.474486827850341797e-01
2.493314743041992188e-01
2.483131885528564453e-01
2.486624717712402344e-01
2.482576370239257812e-01
2.488136291503906250e-01
2.493543624877929688e-01
2.492418289184570312e-01
2.466030120849609375e-01
2.465796470642089844e-01
2.511885166168212891e-01
2.532227039337158203e-01
2.487914562225341797e-01
2.522351741790771484e-01
2.492775917053222656e-01
2.481875419616699219e-01
2.505476474761962891e-01
2.536916732788085938e-01
2.506608963012695312e-01
2.469096183776855469e-01
2.475619316101074219e-01
2.545883655548095703e-01
2.492568492889404297e-01
2.501287460327148438e-01
2.487256526947021484e-01
2.505483627319335938e-01
2.486495971679687500e-01
2.557032108306884766e-01
2.472429275512695312e-01
2.489581108093261719e-01
2.489647865295410156e-01
2.535645961761474609e-01
2.501950263977050781e-01
2.484772205352783203e-01
2.498471736907958984e-01
2.514610290527343750e-01
2.511003017425537109e-01
2.482309341430664062e-01
2.471566200256347656e-01
2.477843761444091797e-01
2.491416931152343750e-01
2.492473125457763672e-01
2.487101554870605469e-01
2.467646598815917969e-01
2.525396347045898438e-01
2.497982978820800781e-01
2.507379055023193359e-01
2.493968009948730469e-01
2.531888484954833984e-01
2.545580863952636719e-01
2.498149871826171875e-01
2.511632442474365234e-01
2.496759891510009766e-01
2.526400089263916016e-01
2.495796680450439453e-01
2.477765083312988281e-01
2.464458942413330078e-01
2.535870075225830078e-01
2.492883205413818359e-01
2.506780624389648438e-01
2.492308616638183594e-01
2.521595954895019531e-01
2.502422332763671875e-01
2.474753856658935547e-01
2.457094192504882812e-01
2.487685680389404297e-01
2.506670951843261719e-01
2.508306503295898438e-01
2.468640804290771484e-01
2.508394718170166016e-01
2.529759407043457031e-01
2.497944831848144531e-01
2.483441829681396484e-01
2.474684715270996094e-01
2.500946521759033203e-01
2.505803108215332031e-01
2.491214275360107422e-01
2.473883628845214844e-01
2.509515285491943359e-01
2.499899864196777344e-01
2.511742115020751953e-01
2.465331554412841797e-01
2.528524398803710938e-01
2.515428066253662109e-01
2.505378723144531250e-01
2.509133815765380859e-01
2.490313053131103516e-01
2.497773170471191406e-01
2.515277862548828125e-01
2.518284320831298828e-01
2.490468025207519531e-01
2.498915195465087891e-01
3.376822471618652344e-01
2.476606369018554688e-01
2.489924430847167969e-01
2.534890174865722656e-01
2.520840167999267578e-01
2.489817142486572266e-01
2.479758262634277344e-01
3.405408859252929688e-01
2.527132034301757812e-01
2.487266063690185547e-01
2.458221912384033203e-01
2.534792423248291016e-01
2.556912899017333984e-01
2.513134479522705078e-01
2.484531402587890625e-01
2.479500770568847656e-01
2.528576850891113281e-01
2.562081813812255859e-01
2.519593238830566406e-01
2.483167648315429688e-01
2.541968822479248047e-01
2.494103908538818359e-01
2.537548542022705078e-01
2.502939701080322266e-01
2.546343803405761719e-01
2.516777515411376953e-01
2.496232986450195312e-01
2.475287914276123047e-01
2.517826557159423828e-01
2.503943443298339844e-01
2.522461414337158203e-01
2.467186450958251953e-01
2.544944286346435547e-01
2.460331916809082031e-01
2.486786842346191406e-01
2.478566169738769531e-01
2.515377998352050781e-01
2.500772476196289062e-01
2.483460903167724609e-01
2.487263679504394531e-01
2.515742778778076172e-01
2.524509429931640625e-01
2.513632774353027344e-01
2.518177032470703125e-01
2.494957447052001953e-01
3.382782936096191406e-01
2.528724670410156250e-01
2.536079883575439453e-01
2.493295669555664062e-01
2.536883354187011719e-01
2.515785694122314453e-01
2.482438087463378906e-01
2.467801570892333984e-01
2.505133152008056641e-01
2.500848770141601562e-01
2.487478256225585938e-01
2.469427585601806641e-01
2.488446235656738281e-01
2.521653175354003906e-01
3.378882408142089844e-01
2.478199005126953125e-01
2.462773323059082031e-01
2.502410411834716797e-01
2.486457824707031250e-01
2.512147426605224609e-01
2.532272338867187500e-01
2.476813793182373047e-01
2.486040592193603516e-01
2.470254898071289062e-01
2.483270168304443359e-01
2.497591972351074219e-01
2.522213459014892578e-01
2.487761974334716797e-01
2.480871677398681641e-01
2.517504692077636719e-01
2.485945224761962891e-01
2.392845153808593750e-01
2.505869865417480469e-01
2.524833679199218750e-01
2.522826194763183594e-01
2.520682811737060547e-01
2.475352287292480469e-01
2.499134540557861328e-01
2.529575824737548828e-01
2.518889904022216797e-01
2.455875873565673828e-01
2.525243759155273438e-01
2.534537315368652344e-01
2.511348724365234375e-01
2.484345436096191406e-01
