2.531683444976806641e-01
2.501282691955566406e-01
2.473824024200439453e-01
2.511980533599853516e-01
2.527377605438232422e-01
2.479364871978759766e-01
2.392582893371582031e-01
2.469360828399658203e-01
2.461974620819091797e-01
2.446994781494140625e-01
2.445175647735595703e-01
2.502727508544921875e-01
2.459886074066162109e-01
2.508938312530517578e-01
2.475237846374511719e-01
2.470884323120117188e-01
2.503833770751953125e-01
2.485148906707763672e-01
2.474415302276611328e-01
2.493352890014648438e-01
2.483062744140625000e-01
2.486596107482910156e-01
2.482528686523437500e-01
2.488200664520263672e-01
2.493588924407958984e-01
2.492408752441406250e-01
2.466044425964355469e-01
2.465686798095703125e-01
2.511818408966064453e-01
2.532289028167724609e-01
2.487905025482177734e-01
2.522423267364501953e-01
2.492730617523193359e-01
2.481896877288818359e-01
2.505497932434082031e-01
2.536973953247070312e-01
2.506649494171142578e-01
2.469077110290527344e-01
2.475636005401611328e-01
2.545835971832275391e-01
2.492566108703613281e-01
2.501361370086669922e-01
2.487277984619140625e-01
2.505502700805664062e-01
2.486553192138671875e-01
2.557110786437988281e-01
2.472503185272216797e-01
2.489604949951171875e-01
2.489650249481201172e-01
2.535707950592041016e-01
2.501947879791259766e-01
2.484803199768066406e-01
2.498416900634765625e-01
2.514662742614746094e-01
2.510919570922851562e-01
2.482359409332275391e-01
2.471570968627929688e-01
2.477841377258300781e-01
2.491383552551269531e-01
2.492504119873046875e-01
2.487101554870605469e-01
2.467687129974365234e-01
2.525358200073242188e-01
2.498066425323486328e-01
2.507438659667968750e-01
2.493946552276611328e-01
2.531838417053222656e-01
2.545571327209472656e-01
2.498207092285156250e-01
2.511632442474365234e-01
2.496800422668457031e-01
2.526371479034423828e-01
2.495789527893066406e-01
2.477784156799316406e-01
2.464528083801269531e-01
2.535855770111083984e-01
2.492942810058593750e-01
2.506790161132812500e-01
2.492325305938720703e-01
2.521533966064453125e-01
2.502460479736328125e-01
2.474741935729980469e-01
2.457079887390136719e-01
2.487688064575195312e-01
2.506635189056396484e-01
2.508311271667480469e-01
2.468624114990234375e-01
2.508373260498046875e-01
2.529652118682861328e-01
2.497940063476562500e-01
2.483446598052978516e-01
2.474744319915771484e-01
2.500841617584228516e-01
2.505817413330078125e-01
2.491233348846435547e-01
2.473886013031005859e-01
2.509379386901855469e-01
2.499897480010986328e-01
2.511746883392333984e-01
2.465298175811767578e-01
2.528414726257324219e-01
2.515490055084228516e-01
2.505376338958740234e-01
2.509143352508544922e-01
2.490346431732177734e-01
2.497744560241699219e-01
2.515275478363037109e-01
2.518308162689208984e-01
2.490499019622802734e-01
2.498812675476074219e-01
3.376827239990234375e-01
2.476572990417480469e-01
2.489895820617675781e-01
2.534756660461425781e-01
2.520895004272460938e-01
2.489845752716064453e-01
2.479817867279052734e-01
3.405399322509765625e-01
2.527160644531250000e-01
2.487220764160156250e-01
2.458224296569824219e-01
2.534754276275634766e-01
2.556948661804199219e-01
2.513172626495361328e-01
2.484548091888427734e-01
2.479500770568847656e-01
2.528452873229980469e-01
2.562098503112792969e-01
2.519576549530029297e-01
2.483174800872802734e-01
2.541906833648681641e-01
2.494101524353027344e-01
2.537558078765869141e-01
2.502932548522949219e-01
2.546179294586181641e-01
2.516753673553466797e-01
2.496216297149658203e-01
2.475335597991943359e-01
2.517690658569335938e-01
2.503893375396728516e-01
2.522406578063964844e-01
2.467207908630371094e-01
2.544684410095214844e-01
2.460341453552246094e-01
2.486729621887207031e-01
2.478556632995605469e-01
2.515444755554199219e-01
2.500770092010498047e-01
2.483477592468261719e-01
2.487244606018066406e-01
2.515752315521240234e-01
2.524497509002685547e-01
2.513656616210937500e-01
2.518162727355957031e-01
2.494997978210449219e-01
3.382699489593505859e-01
2.528731822967529297e-01
2.536072731018066406e-01
2.493278980255126953e-01
2.536695003509521484e-01
2.515759468078613281e-01
2.482390403747558594e-01
2.467761039733886719e-01
2.505052089691162109e-01
2.500836849212646484e-01
2.487471103668212891e-01
2.469425201416015625e-01
2.488451004028320312e-01
2.521650791168212891e-01
3.378868103027343750e-01
2.478232383728027344e-01
2.462787628173828125e-01
2.502398490905761719e-01
2.486431598663330078e-01
2.512097358703613281e-01
2.532260417938232422e-01
2.476775646209716797e-01
2.486014366149902344e-01
2.470240592956542969e-01
2.483270168304443359e-01
2.497496604919433594e-01
2.522161006927490234e-01
2.487707138061523438e-01
2.480888366699218750e-01
2.517414093017578125e-01
2.485904693603515625e-01
2.392838001251220703e-01
2.505860328674316406e-01
2.524633407592773438e-01
2.522807121276855469e-01
2.520661354064941406e-01
2.475283145904541016e-01
2.499065399169921875e-01
2.529563903808593750e-01
2.518866062164306641e-01
2.455875873565673828e-01
2.525131702423095703e-01
2.534499168395996094e-01
2.511353492736816406e-01
2.484321594238281250e-01
