3.595225572586059570e+00
8.637974262237548828e-01
8.590774536132812500e-01
8.649673461914062500e-01
8.578526973724365234e-01
8.635692596435546875e-01
8.606536388397216797e-01
8.644151687622070312e-01
8.688735961914062500e-01
8.662691116333007812e-01
8.623387813568115234e-01
8.831603527069091797e-01
8.603179454803466797e-01
8.620483875274658203e-01
8.663079738616943359e-01
8.684146404266357422e-01
8.675119876861572266e-01
8.707070350646972656e-01
8.660850524902343750e-01
8.693385124206542969e-01
8.667366504669189453e-01
8.671855926513671875e-01
8.660819530487060547e-01
8.708436489105224609e-01
8.716614246368408203e-01
8.660881519317626953e-01
8.681175708770751953e-01
8.711962699890136719e-01
8.711254596710205078e-01
8.704595565795898438e-01
8.741228580474853516e-01
8.729712963104248047e-01
8.747339248657226562e-01
8.886480331420898438e-01
8.758525848388671875e-01
8.767590522766113281e-01
8.741886615753173828e-01
8.772876262664794922e-01
8.780124187469482422e-01
8.782444000244140625e-01
8.774228096008300781e-01
8.807051181793212891e-01
8.803989887237548828e-01
8.792333602905273438e-01
8.783459663391113281e-01
8.784368038177490234e-01
8.796341419219970703e-01
8.798649311065673828e-01
8.776655197143554688e-01
8.798723220825195312e-01
8.793032169342041016e-01
8.763949871063232422e-01
8.770308494567871094e-01
8.756833076477050781e-01
8.789825439453125000e-01
8.779981136322021484e-01
8.771023750305175781e-01
8.775312900543212891e-01
8.788652420043945312e-01
8.814191818237304688e-01
8.786480426788330078e-01
8.812375068664550781e-01
8.843612670898437500e-01
8.806478977203369141e-01
8.807175159454345703e-01
8.821625709533691406e-01
8.832182884216308594e-01
8.822159767150878906e-01
8.803291320800781250e-01
8.866977691650390625e-01
8.832263946533203125e-01
8.831660747528076172e-01
8.807189464569091797e-01
8.822095394134521484e-01
8.857903480529785156e-01
8.845257759094238281e-01
8.837051391601562500e-01
8.835217952728271484e-01
8.845725059509277344e-01
8.931233882904052734e-01
8.834741115570068359e-01
8.832921981811523438e-01
8.864109516143798828e-01
8.813672065734863281e-01
8.823938369750976562e-01
8.787429332733154297e-01
8.843383789062500000e-01
8.863608837127685547e-01
8.811171054840087891e-01
8.772969245910644531e-01
8.840978145599365234e-01
8.823084831237792969e-01
8.843655586242675781e-01
8.864500522613525391e-01
8.860163688659667969e-01
8.848721981048583984e-01
8.862595558166503906e-01
8.829557895660400391e-01
8.893549442291259766e-01
8.855040073394775391e-01
8.872771263122558594e-01
8.789029121398925781e-01
8.856010437011718750e-01
8.857719898223876953e-01
8.841834068298339844e-01
8.853609561920166016e-01
8.822362422943115234e-01
8.844952583312988281e-01
8.852324485778808594e-01
8.858463764190673828e-01
8.854222297668457031e-01
8.847157955169677734e-01
8.883662223815917969e-01
8.853137493133544922e-01
8.819503784179687500e-01
8.866839408874511719e-01
8.878159523010253906e-01
8.841145038604736328e-01
8.854503631591796875e-01
8.864841461181640625e-01
8.846218585968017578e-01
8.919816017150878906e-01
8.862028121948242188e-01
8.827552795410156250e-01
8.845739364624023438e-01
8.875639438629150391e-01
8.855531215667724609e-01
8.858978748321533203e-01
8.870201110839843750e-01
8.888905048370361328e-01
8.859860897064208984e-01
8.906223773956298828e-01
8.893589973449707031e-01
8.905980587005615234e-01
8.894836902618408203e-01
8.890159130096435547e-01
8.859663009643554688e-01
8.920490741729736328e-01
8.887100219726562500e-01
8.892138004302978516e-01
8.873422145843505859e-01
8.854589462280273438e-01
8.894290924072265625e-01
8.839983940124511719e-01
8.851900100708007812e-01
8.884968757629394531e-01
8.911948204040527344e-01
8.857917785644531250e-01
8.864996433258056641e-01
8.924536705017089844e-01
8.863410949707031250e-01
8.858275413513183594e-01
8.840091228485107422e-01
8.827331066131591797e-01
8.943328857421875000e-01
8.852043151855468750e-01
8.888235092163085938e-01
8.877193927764892578e-01
8.895573616027832031e-01
8.831110000610351562e-01
8.891317844390869141e-01
8.954212665557861328e-01
8.879382610321044922e-01
8.917641639709472656e-01
8.886642456054687500e-01
8.854935169219970703e-01
8.897602558135986328e-01
8.917200565338134766e-01
8.864166736602783203e-01
8.893787860870361328e-01
8.899493217468261719e-01
8.943519592285156250e-01
8.929562568664550781e-01
8.934803009033203125e-01
8.935081958770751953e-01
8.911626338958740234e-01
8.931667804718017578e-01
8.892929553985595703e-01
8.911602497100830078e-01
8.853647708892822266e-01
8.863339424133300781e-01
8.898522853851318359e-01
8.870491981506347656e-01
8.885486125946044922e-01
8.929326534271240234e-01
8.871326446533203125e-01
8.921687602996826172e-01
8.904180526733398438e-01
8.891475200653076172e-01
8.841223716735839844e-01
8.906295299530029297e-01
8.890926837921142578e-01
8.906097412109375000e-01
8.841366767883300781e-01
8.910400867462158203e-01
8.872487545013427734e-01
8.909418582916259766e-01
8.860998153686523438e-01
8.856389522552490234e-01
8.907101154327392578e-01
