2.695277690887451172e+00
1.055792331695556641e+00
1.061177492141723633e+00
1.045963048934936523e+00
1.052986145019531250e+00
1.060555696487426758e+00
1.048328399658203125e+00
1.047016382217407227e+00
1.051227092742919922e+00
1.054592132568359375e+00
1.043332815170288086e+00
1.047983169555664062e+00
1.052048921585083008e+00
1.048507213592529297e+00
1.049841880798339844e+00
1.057401180267333984e+00
1.056838989257812500e+00
1.049079418182373047e+00
1.048661708831787109e+00
1.066645383834838867e+00
1.058305501937866211e+00
1.049315929412841797e+00
1.061194896697998047e+00
1.058050155639648438e+00
1.047666072845458984e+00
1.052108287811279297e+00
1.062163829803466797e+00
1.057917594909667969e+00
1.047101974487304688e+00
1.058514118194580078e+00
1.066449642181396484e+00
1.056980371475219727e+00
1.057442665100097656e+00
1.061868906021118164e+00
1.059853076934814453e+00
1.053046941757202148e+00
1.058303833007812500e+00
1.067384719848632812e+00
1.061984539031982422e+00
1.054404497146606445e+00
1.065350055694580078e+00
1.064187288284301758e+00
1.050631284713745117e+00
1.056900024414062500e+00
1.065699100494384766e+00
1.064430952072143555e+00
1.056811809539794922e+00
1.057790517807006836e+00
1.069878578186035156e+00
1.067048788070678711e+00
1.056865453720092773e+00
1.076128244400024414e+00
1.072639226913452148e+00
1.063380718231201172e+00
1.067109346389770508e+00
1.077126741409301758e+00
1.071343183517456055e+00
1.063159227371215820e+00
1.067739963531494141e+00
1.078272581100463867e+00
1.075430393218994141e+00
1.068481922149658203e+00
1.077708959579467773e+00
1.072228431701660156e+00
1.068892240524291992e+00
1.065230369567871094e+00
1.067384958267211914e+00
1.068678855895996094e+00
1.064321756362915039e+00
1.063054323196411133e+00
1.073302268981933594e+00
1.070537328720092773e+00
1.070544242858886719e+00
1.075956344604492188e+00
1.070799350738525391e+00
1.072890758514404297e+00
1.064970970153808594e+00
1.086431503295898438e+00
1.071906089782714844e+00
1.071281671524047852e+00
1.067905902862548828e+00
1.075404882431030273e+00
1.075250148773193359e+00
1.076979637145996094e+00
1.068628311157226562e+00
1.081789970397949219e+00
1.071806430816650391e+00
1.068439006805419922e+00
1.075456142425537109e+00
1.077170848846435547e+00
1.083776235580444336e+00
1.071371555328369141e+00
1.074622869491577148e+00
1.079067707061767578e+00
1.073690176010131836e+00
1.068088054656982422e+00
1.076573133468627930e+00
1.072158813476562500e+00
1.068204879760742188e+00
1.075689554214477539e+00
1.074287652969360352e+00
1.067897319793701172e+00
1.069157123565673828e+00
1.079950809478759766e+00
1.084501028060913086e+00
1.071601390838623047e+00
1.081205368041992188e+00
1.079996824264526367e+00
1.078478813171386719e+00
1.071673631668090820e+00
1.075358867645263672e+00
1.079321384429931641e+00
1.084308385848999023e+00
1.070559024810791016e+00
1.085419654846191406e+00
1.075374841690063477e+00
1.072905778884887695e+00
1.069540023803710938e+00
1.076848983764648438e+00
1.099811553955078125e+00
1.069227695465087891e+00
1.068797826766967773e+00
1.079026222229003906e+00
1.071250200271606445e+00
1.070580959320068359e+00
1.080704450607299805e+00
1.079423189163208008e+00
1.069161653518676758e+00
1.075408697128295898e+00
1.076306343078613281e+00
1.073589324951171875e+00
1.072030544281005859e+00
1.082653760910034180e+00
1.083693742752075195e+00
1.074215173721313477e+00
1.083063364028930664e+00
1.075048923492431641e+00
1.070034742355346680e+00
1.072515726089477539e+00
1.088063001632690430e+00
1.072895050048828125e+00
1.077272176742553711e+00
1.093787670135498047e+00
1.085184574127197266e+00
1.073766708374023438e+00
1.066802740097045898e+00
1.086828231811523438e+00
1.074759960174560547e+00
1.076501846313476562e+00
1.079549312591552734e+00
1.081969022750854492e+00
1.073964357376098633e+00
1.072599172592163086e+00
1.079549789428710938e+00
1.086989879608154297e+00
1.074450016021728516e+00
1.105382442474365234e+00
1.087890863418579102e+00
1.079583883285522461e+00
1.076673507690429688e+00
1.081412315368652344e+00
1.071829557418823242e+00
1.083787202835083008e+00
1.078984737396240234e+00
1.078508138656616211e+00
1.080186128616333008e+00
1.082115888595581055e+00
1.078469514846801758e+00
1.069598674774169922e+00
1.080655097961425781e+00
1.081008434295654297e+00
1.125074148178100586e+00
1.076509475708007812e+00
1.094196081161499023e+00
1.079560995101928711e+00
1.082409858703613281e+00
1.097647905349731445e+00
1.085395097732543945e+00
1.089477300643920898e+00
1.074936151504516602e+00
1.109725475311279297e+00
1.096111297607421875e+00
1.077029228210449219e+00
1.089467763900756836e+00
1.082557201385498047e+00
1.078093767166137695e+00
1.085058927536010742e+00
1.094242095947265625e+00
1.083858489990234375e+00
1.077398777008056641e+00
1.083109617233276367e+00
1.106869697570800781e+00
1.095471382141113281e+00
1.075984954833984375e+00
1.076006174087524414e+00
1.083251714706420898e+00
1.077329397201538086e+00
1.072385311126708984e+00
1.093478918075561523e+00
1.083186626434326172e+00
