7.852842807769775391e-01
7.013149261474609375e-01
6.872141361236572266e-01
6.780364513397216797e-01
7.730848789215087891e-01
6.859853267669677734e-01
6.940283775329589844e-01
6.880505084991455078e-01
6.885232925415039062e-01
6.849753856658935547e-01
6.923315525054931641e-01
7.167901992797851562e-01
6.737501621246337891e-01
6.629061698913574219e-01
6.823668479919433594e-01
6.667084693908691406e-01
7.542395591735839844e-01
6.774351596832275391e-01
7.000353336334228516e-01
6.877067089080810547e-01
6.762161254882812500e-01
6.862671375274658203e-01
6.858863830566406250e-01
6.642246246337890625e-01
6.714317798614501953e-01
6.899898052215576172e-01
6.846249103546142578e-01
6.727738380432128906e-01
6.811542510986328125e-01
7.244451045989990234e-01
6.727552413940429688e-01
6.713979244232177734e-01
6.735959053039550781e-01
6.762223243713378906e-01
6.734197139739990234e-01
7.656643390655517578e-01
6.882474422454833984e-01
6.735649108886718750e-01
6.722881793975830078e-01
6.723902225494384766e-01
7.142112255096435547e-01
6.755251884460449219e-01
6.746695041656494141e-01
6.688766479492187500e-01
6.795506477355957031e-01
6.766948699951171875e-01
6.806037425994873047e-01
7.694122791290283203e-01
6.855945587158203125e-01
6.878557205200195312e-01
6.755001544952392578e-01
7.091119289398193359e-01
6.748354434967041016e-01
6.883621215820312500e-01
6.756465435028076172e-01
6.762945652008056641e-01
6.798934936523437500e-01
6.783716678619384766e-01
6.750543117523193359e-01
6.771018505096435547e-01
6.782951354980468750e-01
6.921019554138183594e-01
7.139384746551513672e-01
6.842002868652343750e-01
6.860153675079345703e-01
6.769702434539794922e-01
7.728037834167480469e-01
6.759169101715087891e-01
6.802418231964111328e-01
6.780760288238525391e-01
6.863949298858642578e-01
6.750130653381347656e-01
6.760408878326416016e-01
7.192776203155517578e-01
6.758494377136230469e-01
6.801321506500244141e-01
6.787428855895996094e-01
6.786158084869384766e-01
6.763012409210205078e-01
6.723632812500000000e-01
6.853828430175781250e-01
6.782567501068115234e-01
6.678824424743652344e-01
6.697318553924560547e-01
7.025361061096191406e-01
6.909303665161132812e-01
6.684243679046630859e-01
6.866338253021240234e-01
6.901445388793945312e-01
7.702207565307617188e-01
6.705138683319091797e-01
6.777882575988769531e-01
6.759362220764160156e-01
6.933341026306152344e-01
6.788918972015380859e-01
6.877679824829101562e-01
6.715853214263916016e-01
6.738224029541015625e-01
6.781492233276367188e-01
7.100427150726318359e-01
6.805334091186523438e-01
6.781678199768066406e-01
6.779177188873291016e-01
6.718704700469970703e-01
6.819789409637451172e-01
6.759109497070312500e-01
6.775577068328857422e-01
6.793160438537597656e-01
6.892600059509277344e-01
6.762971878051757812e-01
7.025306224822998047e-01
6.795659065246582031e-01
6.793169975280761719e-01
6.693236827850341797e-01
6.914355754852294922e-01
6.729981899261474609e-01
6.789119243621826172e-01
6.778912544250488281e-01
6.846077442169189453e-01
7.067196369171142578e-01
6.720838546752929688e-01
7.144269943237304688e-01
6.760737895965576172e-01
6.667113304138183594e-01
6.767184734344482422e-01
6.775798797607421875e-01
6.688632965087890625e-01
6.710817813873291016e-01
6.777868270874023438e-01
6.796333789825439453e-01
6.729514598846435547e-01
6.957986354827880859e-01
6.747517585754394531e-01
6.714348793029785156e-01
6.691927909851074219e-01
6.753134727478027344e-01
6.746218204498291016e-01
6.762540340423583984e-01
6.921105384826660156e-01
6.829152107238769531e-01
6.758997440338134766e-01
6.722609996795654297e-01
6.753792762756347656e-01
6.838138103485107422e-01
6.746673583984375000e-01
7.109522819519042969e-01
6.720786094665527344e-01
6.656053066253662109e-01
6.731402873992919922e-01
6.798927783966064453e-01
6.785409450531005859e-01
6.683335304260253906e-01
6.983683109283447266e-01
7.688035964965820312e-01
6.954503059387207031e-01
6.696887016296386719e-01
6.737473011016845703e-01
6.716232299804687500e-01
6.746089458465576172e-01
7.179622650146484375e-01
6.782650947570800781e-01
6.752662658691406250e-01
6.678974628448486328e-01
6.876604557037353516e-01
6.930577754974365234e-01
7.679891586303710938e-01
7.108061313629150391e-01
6.777274608612060547e-01
6.775567531585693359e-01
6.860013008117675781e-01
6.869053840637207031e-01
6.754360198974609375e-01
6.888165473937988281e-01
7.159790992736816406e-01
6.886923313140869141e-01
6.721022129058837891e-01
6.753730773925781250e-01
7.641711235046386719e-01
6.766366958618164062e-01
6.745960712432861328e-01
7.110652923583984375e-01
6.896591186523437500e-01
6.753880977630615234e-01
6.765995025634765625e-01
6.775226593017578125e-01
6.746509075164794922e-01
6.704452037811279297e-01
7.031154632568359375e-01
6.717271804809570312e-01
6.674137115478515625e-01
7.689442634582519531e-01
6.698777675628662109e-01
6.908822059631347656e-01
6.745893955230712891e-01
6.930480003356933594e-01
6.697180271148681641e-01
6.644227504730224609e-01
6.823246479034423828e-01
6.723155975341796875e-01
6.787207126617431641e-01
