2.871948242187500000e+00
1.074753761291503906e+00
1.065552234649658203e+00
1.063149213790893555e+00
1.067834138870239258e+00
1.072401523590087891e+00
1.055925846099853516e+00
1.065827846527099609e+00
1.073982954025268555e+00
1.162947177886962891e+00
1.213097095489501953e+00
1.115264177322387695e+00
1.171069383621215820e+00
1.063472270965576172e+00
1.063992977142333984e+00
1.076770067214965820e+00
1.070458889007568359e+00
1.120494604110717773e+00
1.161567687988281250e+00
1.267372846603393555e+00
1.264174699783325195e+00
1.161546230316162109e+00
1.098604917526245117e+00
1.075082778930664062e+00
1.063270330429077148e+00
1.066252946853637695e+00
1.079808473587036133e+00
1.073742389678955078e+00
1.064512491226196289e+00
1.068835496902465820e+00
1.073840379714965820e+00
1.069401502609252930e+00
1.069310903549194336e+00
1.078741312026977539e+00
1.100233078002929688e+00
1.064050197601318359e+00
1.163561105728149414e+00
1.174324512481689453e+00
1.075091361999511719e+00
1.067271947860717773e+00
1.080319404602050781e+00
1.079400062561035156e+00
1.064264535903930664e+00
1.073581218719482422e+00
1.180097341537475586e+00
1.181614398956298828e+00
1.071926593780517578e+00
1.126921653747558594e+00
1.184373855590820312e+00
1.177994966506958008e+00
1.072172880172729492e+00
1.081609010696411133e+00
1.085281133651733398e+00
1.072738647460937500e+00
1.126545906066894531e+00
1.083766460418701172e+00
1.084067106246948242e+00
1.073690652847290039e+00
1.075773239135742188e+00
1.139319896697998047e+00
1.086263656616210938e+00
1.130787611007690430e+00
1.104222774505615234e+00
1.176790237426757812e+00
1.228166580200195312e+00
1.084886312484741211e+00
1.089777231216430664e+00
1.086563825607299805e+00
1.128070831298828125e+00
1.074762105941772461e+00
1.164364337921142578e+00
1.180728912353515625e+00
1.262756824493408203e+00
1.268082857131958008e+00
1.188191413879394531e+00
1.086574077606201172e+00
1.076594114303588867e+00
1.145487785339355469e+00
1.180835485458374023e+00
1.229324340820312500e+00
1.081758022308349609e+00
1.145304203033447266e+00
1.084804058074951172e+00
1.078878402709960938e+00
1.080510854721069336e+00
1.087036371231079102e+00
1.081214904785156250e+00
1.266113281250000000e+00
1.238252878189086914e+00
1.087604999542236328e+00
1.121462106704711914e+00
1.081528902053833008e+00
1.093020915985107422e+00
1.087801933288574219e+00
1.081155061721801758e+00
1.083610057830810547e+00
1.145084857940673828e+00
1.086205959320068359e+00
1.127371549606323242e+00
1.182837009429931641e+00
1.091421842575073242e+00
1.078790187835693359e+00
1.082358121871948242e+00
1.091844320297241211e+00
1.187041759490966797e+00
1.177273511886596680e+00
1.097640514373779297e+00
1.092314720153808594e+00
1.090164422988891602e+00
1.127383470535278320e+00
1.180382728576660156e+00
1.112502813339233398e+00
1.089719057083129883e+00
1.087402343750000000e+00
1.096727371215820312e+00
1.100236177444458008e+00
1.080077171325683594e+00
1.085459709167480469e+00
1.103835821151733398e+00
1.110735654830932617e+00
1.151618719100952148e+00
1.086368322372436523e+00
1.092396736145019531e+00
1.080135107040405273e+00
1.080878019332885742e+00
1.144447803497314453e+00
1.092638254165649414e+00
1.083129882812500000e+00
1.147465705871582031e+00
1.091214179992675781e+00
1.081852674484252930e+00
1.086859941482543945e+00
1.104490756988525391e+00
1.088605403900146484e+00
1.084525108337402344e+00
1.097779750823974609e+00
1.092731475830078125e+00
1.085564851760864258e+00
1.136184692382812500e+00
1.204565525054931641e+00
1.178387641906738281e+00
1.084317922592163086e+00
1.098140716552734375e+00
1.189275979995727539e+00
1.177373647689819336e+00
1.182341575622558594e+00
1.247229814529418945e+00
1.133606433868408203e+00
1.083603143692016602e+00
1.094035148620605469e+00
1.192254066467285156e+00
1.181914806365966797e+00
1.086294412612915039e+00
1.094820976257324219e+00
1.135638475418090820e+00
1.092079639434814453e+00
1.101089000701904297e+00
1.091354846954345703e+00
1.133879184722900391e+00
1.165810823440551758e+00
1.122973203659057617e+00
1.088751077651977539e+00
1.090283632278442383e+00
1.098592996597290039e+00
1.095523118972778320e+00
1.085247039794921875e+00
1.145989894866943359e+00
1.094956636428833008e+00
1.082113265991210938e+00
1.143102645874023438e+00
1.186928510665893555e+00
1.283987998962402344e+00
1.190214872360229492e+00
1.102585792541503906e+00
1.097060918807983398e+00
1.087509632110595703e+00
1.085485696792602539e+00
1.100108146667480469e+00
1.195848464965820312e+00
1.123707294464111328e+00
1.183529615402221680e+00
1.100803852081298828e+00
1.090791225433349609e+00
1.267914295196533203e+00
1.198729515075683594e+00
1.207551240921020508e+00
1.280008316040039062e+00
1.089964628219604492e+00
1.119846582412719727e+00
1.094590187072753906e+00
1.110096931457519531e+00
1.106086730957031250e+00
1.093206644058227539e+00
1.081903457641601562e+00
1.090197801589965820e+00
1.099071025848388672e+00
1.186614036560058594e+00
1.277793169021606445e+00
1.206448316574096680e+00
1.150493144989013672e+00
