2.701901435852050781e+00
1.075272560119628906e+00
1.064839363098144531e+00
1.058659076690673828e+00
1.071184873580932617e+00
1.071895599365234375e+00
1.059535264968872070e+00
1.064863920211791992e+00
1.071392297744750977e+00
1.073086738586425781e+00
1.062283992767333984e+00
1.058684825897216797e+00
1.068604230880737305e+00
1.062027454376220703e+00
1.061115503311157227e+00
1.064465999603271484e+00
1.069054365158081055e+00
1.060926437377929688e+00
1.061725378036499023e+00
1.073982954025268555e+00
1.066967725753784180e+00
1.061105728149414062e+00
1.068550825119018555e+00
1.077763795852661133e+00
1.060000419616699219e+00
1.063057184219360352e+00
1.075722217559814453e+00
1.075404644012451172e+00
1.064891338348388672e+00
1.064271688461303711e+00
1.080841779708862305e+00
1.064645767211914062e+00
1.058851718902587891e+00
1.064075469970703125e+00
1.070057868957519531e+00
1.065134286880493164e+00
1.069569349288940430e+00
1.079263925552368164e+00
1.077707767486572266e+00
1.069627285003662109e+00
1.071573019027709961e+00
1.084466695785522461e+00
1.070362567901611328e+00
1.065841436386108398e+00
1.074062108993530273e+00
1.082854509353637695e+00
1.069169759750366211e+00
1.070583581924438477e+00
1.083425283432006836e+00
1.083631277084350586e+00
1.072663068771362305e+00
1.071011781692504883e+00
1.080415725708007812e+00
1.071897029876708984e+00
1.073288440704345703e+00
1.075169324874877930e+00
1.080838918685913086e+00
1.071986675262451172e+00
1.068913221359252930e+00
1.083332061767578125e+00
1.081056118011474609e+00
1.068931341171264648e+00
1.077138662338256836e+00
1.084983110427856445e+00
1.074796199798583984e+00
1.071116685867309570e+00
1.077685117721557617e+00
1.089667320251464844e+00
1.078728675842285156e+00
1.070791244506835938e+00
1.083579540252685547e+00
1.089576721191406250e+00
1.070044040679931641e+00
1.075282335281372070e+00
1.092000484466552734e+00
1.099179267883300781e+00
1.072640895843505859e+00
1.081887006759643555e+00
1.083010435104370117e+00
1.075161695480346680e+00
1.068540573120117188e+00
1.087691307067871094e+00
1.084578514099121094e+00
1.093519687652587891e+00
1.079550266265869141e+00
1.093729496002197266e+00
1.080582141876220703e+00
1.076024532318115234e+00
1.082180738449096680e+00
1.087708950042724609e+00
1.072551012039184570e+00
1.076543331146240234e+00
1.088786363601684570e+00
1.088965892791748047e+00
1.075596809387207031e+00
1.078950166702270508e+00
1.107307195663452148e+00
1.092670679092407227e+00
1.081670999526977539e+00
1.084919929504394531e+00
1.090893268585205078e+00
1.079383134841918945e+00
1.075113534927368164e+00
1.080808877944946289e+00
1.092742443084716797e+00
1.076883554458618164e+00
1.080572605133056641e+00
1.092122793197631836e+00
1.091045379638671875e+00
1.077603101730346680e+00
1.079788208007812500e+00
1.093958616256713867e+00
1.090617895126342773e+00
1.075592041015625000e+00
1.086660623550415039e+00
1.096114635467529297e+00
1.086023092269897461e+00
1.084928750991821289e+00
1.089010715484619141e+00
1.100255966186523438e+00
1.080054759979248047e+00
1.079224348068237305e+00
1.093670368194580078e+00
1.083500862121582031e+00
1.080584287643432617e+00
1.093292474746704102e+00
1.090982675552368164e+00
1.074919939041137695e+00
1.076765060424804688e+00
1.089637517929077148e+00
1.080825090408325195e+00
1.080157756805419922e+00
1.090867042541503906e+00
1.092232227325439453e+00
1.075178623199462891e+00
1.075538873672485352e+00
1.090711116790771484e+00
1.077220678329467773e+00
1.075877904891967773e+00
1.089644193649291992e+00
1.084719657897949219e+00
1.080015420913696289e+00
1.079110145568847656e+00
1.086364507675170898e+00
1.077590703964233398e+00
1.087862730026245117e+00
1.092513799667358398e+00
1.082496643066406250e+00
1.076110363006591797e+00
1.086173534393310547e+00
1.093662977218627930e+00
1.077860593795776367e+00
1.077145814895629883e+00
1.089135169982910156e+00
1.086884975433349609e+00
1.081222057342529297e+00
1.092424392700195312e+00
1.092438220977783203e+00
1.078571319580078125e+00
1.085664272308349609e+00
1.093766450881958008e+00
1.085381031036376953e+00
1.083246231079101562e+00
1.093487739562988281e+00
1.091978549957275391e+00
1.094604969024658203e+00
1.093465328216552734e+00
1.089731931686401367e+00
1.084397792816162109e+00
1.076924085617065430e+00
1.088227510452270508e+00
1.089332103729248047e+00
1.078814983367919922e+00
1.080604314804077148e+00
1.089818716049194336e+00
1.089263200759887695e+00
1.081705331802368164e+00
1.091501474380493164e+00
1.097748041152954102e+00
1.083962440490722656e+00
1.089115619659423828e+00
1.090774774551391602e+00
1.087314128875732422e+00
1.084469318389892578e+00
1.088859558105468750e+00
1.094378232955932617e+00
1.077239751815795898e+00
1.092470407485961914e+00
1.098589420318603516e+00
1.088731050491333008e+00
1.088842868804931641e+00
1.086520433425903320e+00
1.113508462905883789e+00
1.082562208175659180e+00
1.083281517028808594e+00
1.098810195922851562e+00
1.090373039245605469e+00
1.081304073333740234e+00
1.080662012100219727e+00
1.095235347747802734e+00
