7.852599620819091797e-01
7.012999057769775391e-01
6.872112751007080078e-01
6.780426502227783203e-01
7.730691432952880859e-01
6.859874725341796875e-01
6.940071582794189453e-01
6.880493164062500000e-01
6.885137557983398438e-01
6.849884986877441406e-01
6.923224925994873047e-01
7.167925834655761719e-01
6.737430095672607422e-01
6.628999710083007812e-01
6.823675632476806641e-01
6.667113304138183594e-01
7.542252540588378906e-01
6.774387359619140625e-01
7.000179290771484375e-01
6.877086162567138672e-01
6.762201786041259766e-01
6.862690448760986328e-01
6.858894824981689453e-01
6.642291545867919922e-01
6.714229583740234375e-01
6.899843215942382812e-01
6.846306324005126953e-01
6.727726459503173828e-01
6.811580657958984375e-01
7.244405746459960938e-01
6.727445125579833984e-01
6.713743209838867188e-01
6.735997200012207031e-01
6.762142181396484375e-01
6.734209060668945312e-01
7.656493186950683594e-01
6.882545948028564453e-01
6.735525131225585938e-01
6.722702980041503906e-01
6.723933219909667969e-01
7.142174243927001953e-01
6.755232810974121094e-01
6.746418476104736328e-01
6.688661575317382812e-01
6.795506477355957031e-01
6.766905784606933594e-01
6.805958747863769531e-01
7.694158554077148438e-01
6.855883598327636719e-01
6.878328323364257812e-01
6.754899024963378906e-01
7.091114521026611328e-01
6.748378276824951172e-01
6.883757114410400391e-01
6.756412982940673828e-01
6.762938499450683594e-01
6.798994541168212891e-01
6.783754825592041016e-01
6.750464439392089844e-01
6.770808696746826172e-01
6.783025264739990234e-01
6.920976638793945312e-01
7.139289379119873047e-01
6.842083930969238281e-01
6.936292648315429688e-01
6.769750118255615234e-01
7.727799415588378906e-01
6.759140491485595703e-01
6.802465915679931641e-01
6.780648231506347656e-01
6.863846778869628906e-01
6.750135421752929688e-01
6.760210990905761719e-01
7.192597389221191406e-01
6.758439540863037109e-01
6.801381111145019531e-01
6.787316799163818359e-01
6.786453723907470703e-01
6.763088703155517578e-01
6.723554134368896484e-01
6.853520870208740234e-01
6.782619953155517578e-01
6.678791046142578125e-01
6.697134971618652344e-01
7.025499343872070312e-01
6.909277439117431641e-01
6.684238910675048828e-01
6.866364479064941406e-01
6.901359558105468750e-01
7.702090740203857422e-01
6.705164909362792969e-01
6.777853965759277344e-01
6.759383678436279297e-01
6.933398246765136719e-01
6.788840293884277344e-01
6.877660751342773438e-01
6.715719699859619141e-01
6.738348007202148438e-01
6.781580448150634766e-01
7.100479602813720703e-01
6.805217266082763672e-01
6.781413555145263672e-01
6.779334545135498047e-01
6.718575954437255859e-01
6.819832324981689453e-01
6.759176254272460938e-01
6.775441169738769531e-01
6.792936325073242188e-01
6.892521381378173828e-01
6.762971878051757812e-01
7.025144100189208984e-01
6.795387268066406250e-01
6.793057918548583984e-01
6.693258285522460938e-01
6.914365291595458984e-01
6.729989051818847656e-01
6.789019107818603516e-01
6.778862476348876953e-01
6.845993995666503906e-01
7.067203521728515625e-01
6.720550060272216797e-01
7.144074440002441406e-01
6.760799884796142578e-01
6.666963100433349609e-01
6.767032146453857422e-01
6.775438785552978516e-01
6.688663959503173828e-01
6.710829734802246094e-01
6.777822971343994141e-01
6.796305179595947266e-01
6.729559898376464844e-01
6.957893371582031250e-01
6.747460365295410156e-01
6.714365482330322266e-01
6.691930294036865234e-01
6.753034591674804688e-01
6.746151447296142578e-01
6.762399673461914062e-01
6.921100616455078125e-01
6.829020977020263672e-01
6.758930683135986328e-01
6.722571849822998047e-01
6.753714084625244141e-01
6.838214397430419922e-01
6.746737957000732422e-01
7.109444141387939453e-01
6.720716953277587891e-01
6.655983924865722656e-01
6.731438636779785156e-01
6.798875331878662109e-01
6.785476207733154297e-01
6.683411598205566406e-01
6.983754634857177734e-01
7.688076496124267578e-01
6.954412460327148438e-01
6.696925163269042969e-01
6.737270355224609375e-01
6.716368198394775391e-01
6.745946407318115234e-01
7.179524898529052734e-01
6.782536506652832031e-01
6.752686500549316406e-01
6.679000854492187500e-01
6.876540184020996094e-01
6.930434703826904297e-01
7.679901123046875000e-01
7.107958793640136719e-01
6.777317523956298828e-01
6.775593757629394531e-01
6.859998703002929688e-01
6.868877410888671875e-01
6.754419803619384766e-01
6.888225078582763672e-01
7.159693241119384766e-01
6.886937618255615234e-01
6.721069812774658203e-01
6.753640174865722656e-01
7.641744613647460938e-01
6.766285896301269531e-01
6.745991706848144531e-01
7.110512256622314453e-01
6.896545886993408203e-01
6.753783226013183594e-01
6.766033172607421875e-01
6.775035858154296875e-01
6.746532917022705078e-01
6.704478263854980469e-01
7.031033039093017578e-01
6.717195510864257812e-01
6.674048900604248047e-01
7.689371109008789062e-01
6.698508262634277344e-01
6.908762454986572266e-01
6.745789051055908203e-01
6.930274963378906250e-01
6.697316169738769531e-01
6.644251346588134766e-01
6.823186874389648438e-01
6.723139286041259766e-01
6.787128448486328125e-01
