2.779745340347290039e+00
1.051092386245727539e+00
1.048219442367553711e+00
1.048974514007568359e+00
1.059542179107666016e+00
1.057263374328613281e+00
1.046699285507202148e+00
1.050405502319335938e+00
1.066080570220947266e+00
1.052750587463378906e+00
1.047890901565551758e+00
1.048122644424438477e+00
1.053699731826782227e+00
1.051365375518798828e+00
1.046056985855102539e+00
1.056250333786010742e+00
1.058529138565063477e+00
1.050662040710449219e+00
1.055213928222656250e+00
1.060415267944335938e+00
1.062142133712768555e+00
1.049900531768798828e+00
1.056548833847045898e+00
1.060554027557373047e+00
1.056699752807617188e+00
1.059216499328613281e+00
1.061580896377563477e+00
1.059418916702270508e+00
1.056458473205566406e+00
1.056881904602050781e+00
1.055745363235473633e+00
1.053628683090209961e+00
1.054396629333496094e+00
1.064014673233032227e+00
1.063144922256469727e+00
1.055975437164306641e+00
1.057560205459594727e+00
1.068123102188110352e+00
1.063446283340454102e+00
1.057739019393920898e+00
1.059538602828979492e+00
1.065299272537231445e+00
1.068943500518798828e+00
1.059515714645385742e+00
1.066373109817504883e+00
1.064785003662109375e+00
1.056691646575927734e+00
1.062963962554931641e+00
1.068420410156250000e+00
1.066851854324340820e+00
1.066706895828247070e+00
1.067663669586181641e+00
1.070744991302490234e+00
1.062429904937744141e+00
1.060930967330932617e+00
1.068610429763793945e+00
1.068840503692626953e+00
1.067222595214843750e+00
1.068943977355957031e+00
1.082979202270507812e+00
1.071316242218017578e+00
1.063144922256469727e+00
1.068576097488403320e+00
1.076450586318969727e+00
1.071629285812377930e+00
1.065930366516113281e+00
1.078726291656494141e+00
1.065012693405151367e+00
1.063985824584960938e+00
1.068284749984741211e+00
1.078244209289550781e+00
1.072872638702392578e+00
1.069083213806152344e+00
1.074255466461181641e+00
1.072396993637084961e+00
1.069217443466186523e+00
1.068476200103759766e+00
1.079433441162109375e+00
1.075149774551391602e+00
1.066035032272338867e+00
1.071826934814453125e+00
1.075562715530395508e+00
1.074057102203369141e+00
1.069266319274902344e+00
1.069276094436645508e+00
1.078835010528564453e+00
1.074886798858642578e+00
1.072479963302612305e+00
1.077384948730468750e+00
1.076013565063476562e+00
1.065996170043945312e+00
1.074799537658691406e+00
1.082533597946166992e+00
1.076449155807495117e+00
1.068063974380493164e+00
1.069789886474609375e+00
1.076186656951904297e+00
1.076953887939453125e+00
1.067393541336059570e+00
1.091665267944335938e+00
1.079264879226684570e+00
1.074959516525268555e+00
1.065955162048339844e+00
1.077897310256958008e+00
1.076745271682739258e+00
1.066142320632934570e+00
1.067839384078979492e+00
1.077073812484741211e+00
1.081273555755615234e+00
1.068948745727539062e+00
1.071323156356811523e+00
1.079134941101074219e+00
1.076972246170043945e+00
1.067683219909667969e+00
1.078541755676269531e+00
1.076929092407226562e+00
1.066023826599121094e+00
1.066595315933227539e+00
1.074207305908203125e+00
1.110951185226440430e+00
1.068115472793579102e+00
1.073535680770874023e+00
1.078782558441162109e+00
1.067105531692504883e+00
1.072514057159423828e+00
1.078750848770141602e+00
1.084447622299194336e+00
1.071669101715087891e+00
1.079171419143676758e+00
1.088948726654052734e+00
1.067527294158935547e+00
1.075901508331298828e+00
1.078860521316528320e+00
1.075927734375000000e+00
1.067285060882568359e+00
1.082123994827270508e+00
1.076761960983276367e+00
1.072856664657592773e+00
1.071597576141357422e+00
1.079122066497802734e+00
1.069902181625366211e+00
1.080039262771606445e+00
1.081499576568603516e+00
1.080540418624877930e+00
1.067816257476806641e+00
1.070745706558227539e+00
1.104438781738281250e+00
1.074299812316894531e+00
1.071356534957885742e+00
1.079148769378662109e+00
1.090346574783325195e+00
1.074946880340576172e+00
1.070543050765991211e+00
1.078725576400756836e+00
1.071052312850952148e+00
1.071840286254882812e+00
1.083673000335693359e+00
1.079764366149902344e+00
1.079432725906372070e+00
1.079857110977172852e+00
1.079903841018676758e+00
1.068142652511596680e+00
1.071807384490966797e+00
1.076605558395385742e+00
1.080899477005004883e+00
1.074120044708251953e+00
1.093662261962890625e+00
1.076928138732910156e+00
1.077536582946777344e+00
1.074234008789062500e+00
1.098401069641113281e+00
1.103754281997680664e+00
1.074031591415405273e+00
1.090914249420166016e+00
1.082873821258544922e+00
1.072935819625854492e+00
1.084840059280395508e+00
1.085998058319091797e+00
1.084068536758422852e+00
1.070277929306030273e+00
1.086421728134155273e+00
1.097160816192626953e+00
1.070421695709228516e+00
1.073586225509643555e+00
1.086007833480834961e+00
1.096233844757080078e+00
1.079300880432128906e+00
1.075443267822265625e+00
1.084668397903442383e+00
1.078523874282836914e+00
1.075346469879150391e+00
1.085538148880004883e+00
1.105205774307250977e+00
1.068904876708984375e+00
1.072417259216308594e+00
1.080033063888549805e+00
1.084032773971557617e+00
1.084549427032470703e+00
1.111744880676269531e+00
1.085779428482055664e+00
