2.755939722061157227e+00
1.188553571701049805e+00
1.213967800140380859e+00
1.063409805297851562e+00
1.161320686340332031e+00
1.259370088577270508e+00
1.209235429763793945e+00
1.065293073654174805e+00
1.074486970901489258e+00
1.087515354156494141e+00
1.065284490585327148e+00
1.065503358840942383e+00
1.071047782897949219e+00
1.062914371490478516e+00
1.064899682998657227e+00
1.076311349868774414e+00
1.184174776077270508e+00
1.159286499023437500e+00
1.067834138870239258e+00
1.078078269958496094e+00
1.075545310974121094e+00
1.064738988876342773e+00
1.080345392227172852e+00
1.186597824096679688e+00
1.157584428787231445e+00
1.068871498107910156e+00
1.177073717117309570e+00
1.224656581878662109e+00
1.182932376861572266e+00
1.166574001312255859e+00
1.075547456741333008e+00
1.064664840698242188e+00
1.141263961791992188e+00
1.076416969299316406e+00
1.078072547912597656e+00
1.067638397216796875e+00
1.076358556747436523e+00
1.134827613830566406e+00
1.075610160827636719e+00
1.070883035659790039e+00
1.081314563751220703e+00
1.104409456253051758e+00
1.066097021102905273e+00
1.148978710174560547e+00
1.082381010055541992e+00
1.170662641525268555e+00
1.165535926818847656e+00
1.074376821517944336e+00
1.106035232543945312e+00
1.086076498031616211e+00
1.164045333862304688e+00
1.266093969345092773e+00
1.271088361740112305e+00
1.168800354003906250e+00
1.093957901000976562e+00
1.086136579513549805e+00
1.086523771286010742e+00
1.075827836990356445e+00
1.079009056091308594e+00
1.087486028671264648e+00
1.086206674575805664e+00
1.085159540176391602e+00
1.085818290710449219e+00
1.095772743225097656e+00
1.076361894607543945e+00
1.078044414520263672e+00
1.090069532394409180e+00
1.085321664810180664e+00
1.096097230911254883e+00
1.079969167709350586e+00
1.091369867324829102e+00
1.087823390960693359e+00
1.077970981597900391e+00
1.082736253738403320e+00
1.104362010955810547e+00
1.125718116760253906e+00
1.131461858749389648e+00
1.095924377441406250e+00
1.089476823806762695e+00
1.080227851867675781e+00
1.081410646438598633e+00
1.095149993896484375e+00
1.176933765411376953e+00
1.259183406829833984e+00
1.175928831100463867e+00
1.087393283843994141e+00
1.093124389648437500e+00
1.081300497055053711e+00
1.091589212417602539e+00
1.140511274337768555e+00
1.077034711837768555e+00
1.178285360336303711e+00
1.204187631607055664e+00
1.194344282150268555e+00
1.078104019165039062e+00
1.195188283920288086e+00
1.186793804168701172e+00
1.088200330734252930e+00
1.084952592849731445e+00
1.088065147399902344e+00
1.095218896865844727e+00
1.082033634185791016e+00
1.233953952789306641e+00
1.168060064315795898e+00
1.091010093688964844e+00
1.082736015319824219e+00
1.085671186447143555e+00
1.092489004135131836e+00
1.091582059860229492e+00
1.080963134765625000e+00
1.142480850219726562e+00
1.191897153854370117e+00
1.185444593429565430e+00
1.157909870147705078e+00
1.280208110809326172e+00
1.214945316314697266e+00
1.078339815139770508e+00
1.083530902862548828e+00
1.102650880813598633e+00
1.210285425186157227e+00
1.176654338836669922e+00
1.086913108825683594e+00
1.094728231430053711e+00
1.175663471221923828e+00
1.230384111404418945e+00
1.113290071487426758e+00
1.092029571533203125e+00
1.082739830017089844e+00
1.116578340530395508e+00
1.093021154403686523e+00
1.081506013870239258e+00
1.088303565979003906e+00
1.099675893783569336e+00
1.099934339523315430e+00
1.135209798812866211e+00
1.286909341812133789e+00
1.242655754089355469e+00
1.135154724121093750e+00
1.087975025177001953e+00
1.120344638824462891e+00
1.083762168884277344e+00
1.084020614624023438e+00
1.189010858535766602e+00
1.099793434143066406e+00
1.085431814193725586e+00
1.086742639541625977e+00
1.096253633499145508e+00
1.090957880020141602e+00
1.085025072097778320e+00
1.093318223953247070e+00
1.096958637237548828e+00
1.176703453063964844e+00
1.271959066390991211e+00
1.242385149002075195e+00
1.083147287368774414e+00
1.130085706710815430e+00
1.174108028411865234e+00
1.120234727859497070e+00
1.086449384689331055e+00
1.087661981582641602e+00
1.093895435333251953e+00
1.083195924758911133e+00
1.181689977645874023e+00
1.285525321960449219e+00
1.247241020202636719e+00
1.082121849060058594e+00
1.101794481277465820e+00
1.189800739288330078e+00
1.087177753448486328e+00
1.090875387191772461e+00
1.099265575408935547e+00
1.097630262374877930e+00
1.092661380767822266e+00
1.095969438552856445e+00
1.095439195632934570e+00
1.095771074295043945e+00
1.105483055114746094e+00
1.099398374557495117e+00
1.108596324920654297e+00
1.182828903198242188e+00
1.089054107666015625e+00
1.098315715789794922e+00
1.107490777969360352e+00
1.087582826614379883e+00
1.122044801712036133e+00
1.097666501998901367e+00
1.084802389144897461e+00
1.206729173660278320e+00
1.178745269775390625e+00
1.185528755187988281e+00
1.190468549728393555e+00
1.101376533508300781e+00
1.092868328094482422e+00
1.133389949798583984e+00
1.154356479644775391e+00
1.111165285110473633e+00
1.093359231948852539e+00
1.087434053421020508e+00
1.102099657058715820e+00
1.130272626876831055e+00
