2.712385416030883789e+00
1.156886339187622070e+00
1.051676511764526367e+00
1.141227960586547852e+00
1.045237779617309570e+00
1.058995246887207031e+00
1.043279647827148438e+00
1.050519227981567383e+00
1.060291290283203125e+00
1.062024593353271484e+00
1.048691272735595703e+00
1.049405813217163086e+00
1.135277271270751953e+00
1.052510499954223633e+00
1.147428750991821289e+00
1.243594408035278320e+00
1.065058231353759766e+00
1.050925016403198242e+00
1.053347587585449219e+00
1.067889213562011719e+00
1.059056997299194336e+00
1.055045843124389648e+00
1.128334522247314453e+00
1.065337657928466797e+00
1.057245731353759766e+00
1.244218349456787109e+00
1.166484117507934570e+00
1.061111211776733398e+00
1.149371147155761719e+00
1.129130363464355469e+00
1.072888851165771484e+00
1.150093317031860352e+00
1.150548934936523438e+00
1.062916755676269531e+00
1.264514684677124023e+00
1.145612478256225586e+00
1.057285547256469727e+00
1.072377920150756836e+00
1.260520458221435547e+00
1.246441841125488281e+00
1.060448408126831055e+00
1.137150764465332031e+00
1.128768682479858398e+00
1.060178756713867188e+00
1.067217826843261719e+00
1.072762727737426758e+00
1.059952497482299805e+00
1.190482378005981445e+00
1.077950716018676758e+00
1.073125600814819336e+00
1.060085773468017578e+00
1.066161870956420898e+00
1.078148603439331055e+00
1.062205314636230469e+00
1.057463407516479492e+00
1.255934238433837891e+00
1.078263998031616211e+00
1.060850143432617188e+00
1.063189268112182617e+00
1.204438924789428711e+00
1.084816217422485352e+00
1.097557783126831055e+00
1.068102836608886719e+00
1.083060503005981445e+00
1.067281246185302734e+00
1.063504219055175781e+00
1.066890239715576172e+00
1.176984310150146484e+00
1.158689737319946289e+00
1.259190082550048828e+00
1.083812713623046875e+00
1.177297115325927734e+00
1.063644170761108398e+00
1.065348625183105469e+00
1.086590766906738281e+00
1.166703939437866211e+00
1.188607215881347656e+00
1.194459199905395508e+00
1.208278894424438477e+00
1.078441143035888672e+00
1.257611036300659180e+00
1.206547021865844727e+00
1.204361915588378906e+00
1.064503669738769531e+00
1.144647359848022461e+00
1.280691385269165039e+00
1.102584838867187500e+00
1.066195964813232422e+00
1.072656631469726562e+00
1.211063861846923828e+00
1.068861722946166992e+00
1.140234470367431641e+00
1.087260723114013672e+00
1.081036567687988281e+00
1.162586212158203125e+00
1.071992158889770508e+00
1.084373950958251953e+00
1.272350549697875977e+00
1.132610082626342773e+00
1.073610544204711914e+00
1.083709001541137695e+00
1.260601758956909180e+00
1.069467782974243164e+00
1.077100753784179688e+00
1.087127923965454102e+00
1.070278406143188477e+00
1.070275545120239258e+00
1.275364637374877930e+00
1.093426704406738281e+00
1.260529994964599609e+00
1.077871561050415039e+00
1.183538436889648438e+00
1.151002168655395508e+00
1.219413280487060547e+00
1.077028274536132812e+00
1.157699584960937500e+00
1.069817066192626953e+00
1.260802268981933594e+00
1.186244010925292969e+00
1.235621213912963867e+00
1.064757347106933594e+00
1.257546901702880859e+00
1.174477815628051758e+00
1.061145305633544922e+00
1.064638137817382812e+00
1.178934574127197266e+00
1.074134588241577148e+00
1.060502767562866211e+00
1.166617631912231445e+00
1.240081787109375000e+00
1.251289367675781250e+00
1.065912961959838867e+00
1.079253911972045898e+00
1.066213846206665039e+00
1.057369470596313477e+00
1.066757917404174805e+00
1.075037956237792969e+00
1.063464641571044922e+00
1.158787488937377930e+00
1.079381942749023438e+00
1.066858768463134766e+00
1.157626867294311523e+00
1.074026584625244141e+00
1.077929258346557617e+00
1.061270713806152344e+00
1.070742845535278320e+00
1.082724332809448242e+00
1.065480470657348633e+00
1.063941955566406250e+00
1.261075258255004883e+00
1.076150894165039062e+00
1.059728860855102539e+00
1.059401035308837891e+00
1.079790830612182617e+00
1.070008993148803711e+00
1.161051988601684570e+00
1.164921045303344727e+00
1.079433679580688477e+00
1.061769247055053711e+00
1.065488100051879883e+00
1.145258665084838867e+00
1.158660888671875000e+00
1.066798448562622070e+00
1.079879522323608398e+00
1.077973842620849609e+00
1.162748813629150391e+00
1.068225145339965820e+00
1.213996171951293945e+00
1.063452959060668945e+00
1.090680599212646484e+00
1.076503038406372070e+00
1.078656196594238281e+00
1.062706947326660156e+00
1.135774135589599609e+00
1.078478574752807617e+00
1.069581270217895508e+00
1.069633722305297852e+00
1.264348030090332031e+00
1.205461502075195312e+00
1.140195608139038086e+00
1.135896921157836914e+00
1.152667999267578125e+00
1.068825960159301758e+00
1.087175846099853516e+00
1.098597526550292969e+00
1.080362319946289062e+00
1.069622516632080078e+00
1.089087963104248047e+00
1.106348991394042969e+00
1.163027286529541016e+00
1.132405519485473633e+00
1.097514867782592773e+00
1.078696250915527344e+00
1.079247236251831055e+00
1.187610149383544922e+00
1.151047229766845703e+00
1.070772886276245117e+00
1.079160451889038086e+00
1.145872831344604492e+00
1.083298683166503906e+00
