7.852573394775390625e-01
7.013010978698730469e-01
6.872107982635498047e-01
6.780424118041992188e-01
7.730715274810791016e-01
6.859872341156005859e-01
6.940026283264160156e-01
6.880507469177246094e-01
6.885120868682861328e-01
6.849880218505859375e-01
6.923227310180664062e-01
7.167930603027343750e-01
6.737418174743652344e-01
6.629004478454589844e-01
6.823730468750000000e-01
6.666970252990722656e-01
7.542238235473632812e-01
6.774423122406005859e-01
7.000150680541992188e-01
6.877045631408691406e-01
6.762199401855468750e-01
6.862659454345703125e-01
6.858885288238525391e-01
6.642343997955322266e-01
6.714241504669189453e-01
6.899814605712890625e-01
6.846303939819335938e-01
6.727695465087890625e-01
6.811583042144775391e-01
7.244400978088378906e-01
6.727454662322998047e-01
6.713733673095703125e-01
6.735842227935791016e-01
6.761906147003173828e-01
6.734216213226318359e-01
7.656590938568115234e-01
6.882536411285400391e-01
6.735522747039794922e-01
6.722717285156250000e-01
6.723918914794921875e-01
7.142164707183837891e-01
6.755206584930419922e-01
6.746420860290527344e-01
6.688654422760009766e-01
6.795489788055419922e-01
6.766879558563232422e-01
6.805996894836425781e-01
7.694125175476074219e-01
6.855859756469726562e-01
6.878364086151123047e-01
6.754908561706542969e-01
7.091114521026611328e-01
6.748380661010742188e-01
6.883616447448730469e-01
6.756443977355957031e-01
6.762940883636474609e-01
6.798987388610839844e-01
6.783764362335205078e-01
6.750476360321044922e-01
6.770796775817871094e-01
6.782867908477783203e-01
6.920957565307617188e-01
7.139313220977783203e-01
6.842072010040283203e-01
6.860103607177734375e-01
6.769783496856689453e-01
7.727804183959960938e-01
6.759068965911865234e-01
6.802465915679931641e-01
6.780636310577392578e-01
6.863825321197509766e-01
6.750135421752929688e-01
6.760196685791015625e-01
7.192587852478027344e-01
6.758432388305664062e-01
6.801364421844482422e-01
6.787335872650146484e-01
6.786508560180664062e-01
6.763079166412353516e-01
6.723568439483642578e-01
6.853513717651367188e-01
6.782596111297607422e-01
6.678752899169921875e-01
6.696960926055908203e-01
7.025506496429443359e-01
6.909272670745849609e-01
6.684260368347167969e-01
6.866352558135986328e-01
6.901359558105468750e-01
7.701942920684814453e-01
6.705174446105957031e-01
6.777863502502441406e-01
6.759381294250488281e-01
6.933405399322509766e-01
6.788842678070068359e-01
6.877660751342773438e-01
6.715688705444335938e-01
6.738355159759521484e-01
6.781554222106933594e-01
7.100515365600585938e-01
6.805188655853271484e-01
6.781406402587890625e-01
6.779305934906005859e-01
6.718451976776123047e-01
6.819791793823242188e-01
6.759178638458251953e-01
6.775429248809814453e-01
6.792917251586914062e-01
6.892557144165039062e-01
6.762962341308593750e-01
7.025136947631835938e-01
6.795418262481689453e-01
6.793081760406494141e-01
6.693239212036132812e-01
6.914355754852294922e-01
6.729977130889892578e-01
6.789040565490722656e-01
6.778860092163085938e-01
6.846008300781250000e-01
7.067265510559082031e-01
6.720528602600097656e-01
7.144088745117187500e-01
6.760797500610351562e-01
6.666977405548095703e-01
6.767046451568603516e-01
6.775412559509277344e-01
6.688659191131591797e-01
6.710810661315917969e-01
6.777801513671875000e-01
6.796314716339111328e-01
6.729490756988525391e-01
6.957867145538330078e-01
6.747460365295410156e-01
6.714348793029785156e-01
6.691844463348388672e-01
6.753084659576416016e-01
6.746146678924560547e-01
6.762411594390869141e-01
6.921095848083496094e-01
6.829001903533935547e-01
6.758930683135986328e-01
6.722583770751953125e-01
6.753697395324707031e-01
6.838195323944091797e-01
6.746730804443359375e-01
7.109422683715820312e-01
6.720745563507080078e-01
6.656002998352050781e-01
6.731445789337158203e-01
6.798841953277587891e-01
6.785550117492675781e-01
6.683287620544433594e-01
6.983630657196044922e-01
7.688009738922119141e-01
6.954410076141357422e-01
6.696908473968505859e-01
6.737260818481445312e-01
6.716446876525878906e-01
6.745934486389160156e-01
7.179481983184814453e-01
6.782557964324951172e-01
6.752684116363525391e-01
6.678981781005859375e-01
6.876540184020996094e-01
6.930332183837890625e-01
7.679898738861083984e-01
7.108001708984375000e-01
6.777296066284179688e-01
6.775600910186767578e-01
6.859967708587646484e-01
6.868858337402343750e-01
6.754331588745117188e-01
6.888232231140136719e-01
7.159681320190429688e-01
6.886925697326660156e-01
6.721079349517822266e-01
6.753628253936767578e-01
7.641735076904296875e-01
6.766262054443359375e-01
6.746003627777099609e-01
7.110497951507568359e-01
6.896555423736572266e-01
6.753814220428466797e-01
6.766040325164794922e-01
6.775000095367431641e-01
6.746551990509033203e-01
6.704483032226562500e-01
7.031028270721435547e-01
6.717197895050048828e-01
6.674075126647949219e-01
7.689368724822998047e-01
6.698505878448486328e-01
6.908698081970214844e-01
6.745772361755371094e-01
6.930260658264160156e-01
6.697335243225097656e-01
6.644241809844970703e-01
6.823174953460693359e-01
6.723136901855468750e-01
6.787159442901611328e-01
