2.618207931518554688e+00
1.041409969329833984e+00
1.038102149963378906e+00
1.039140462875366211e+00
1.043549537658691406e+00
1.045383691787719727e+00
1.039465904235839844e+00
1.038573265075683594e+00
1.046952009201049805e+00
1.044538021087646484e+00
1.036666870117187500e+00
1.042502164840698242e+00
1.046380043029785156e+00
1.045443773269653320e+00
1.038017511367797852e+00
1.049589395523071289e+00
1.055239915847778320e+00
1.045867204666137695e+00
1.044989824295043945e+00
1.052373409271240234e+00
1.053036212921142578e+00
1.045075654983520508e+00
1.053302764892578125e+00
1.051333189010620117e+00
1.042384147644042969e+00
1.042941570281982422e+00
1.052362918853759766e+00
1.052096605300903320e+00
1.042664051055908203e+00
1.049350976943969727e+00
1.050364971160888672e+00
1.045831441879272461e+00
1.048945426940917969e+00
1.058430910110473633e+00
1.056644201278686523e+00
1.048753976821899414e+00
1.051104307174682617e+00
1.057215213775634766e+00
1.054798841476440430e+00
1.047712802886962891e+00
1.050239086151123047e+00
1.056475877761840820e+00
1.043661832809448242e+00
1.049248456954956055e+00
1.055528163909912109e+00
1.060387134552001953e+00
1.056245088577270508e+00
1.056294918060302734e+00
1.061182975769042969e+00
1.060545206069946289e+00
1.052884578704833984e+00
1.059764623641967773e+00
1.061450958251953125e+00
1.054695844650268555e+00
1.060769319534301758e+00
1.060220241546630859e+00
1.058264970779418945e+00
1.050705671310424805e+00
1.052906274795532227e+00
1.064182519912719727e+00
1.062720298767089844e+00
1.054699659347534180e+00
1.062608957290649414e+00
1.087855577468872070e+00
1.055381774902343750e+00
1.062831878662109375e+00
1.063809156417846680e+00
1.066733837127685547e+00
1.054663896560668945e+00
1.056538343429565430e+00
1.068782091140747070e+00
1.066469430923461914e+00
1.059291362762451172e+00
1.066815137863159180e+00
1.066314697265625000e+00
1.059709548950195312e+00
1.059874057769775391e+00
1.073374271392822266e+00
1.084274768829345703e+00
1.058660030364990234e+00
1.074810981750488281e+00
1.066243886947631836e+00
1.068363904953002930e+00
1.057927608489990234e+00
1.058321475982666016e+00
1.069371223449707031e+00
1.069092035293579102e+00
1.059989690780639648e+00
1.065929889678955078e+00
1.064332485198974609e+00
1.061858654022216797e+00
1.066714525222778320e+00
1.071697950363159180e+00
1.066166877746582031e+00
1.058787345886230469e+00
1.063928604125976562e+00
1.071625471115112305e+00
1.068492412567138672e+00
1.063129425048828125e+00
1.069272041320800781e+00
1.069185256958007812e+00
1.063503026962280273e+00
1.060945272445678711e+00
1.071379899978637695e+00
1.076487302780151367e+00
1.055502414703369141e+00
1.063644170761108398e+00
1.065483570098876953e+00
1.069566249847412109e+00
1.062039136886596680e+00
1.060874700546264648e+00
1.071362018585205078e+00
1.070608139038085938e+00
1.062803983688354492e+00
1.071354866027832031e+00
1.068102121353149414e+00
1.060758829116821289e+00
1.060543060302734375e+00
1.068970203399658203e+00
1.097812414169311523e+00
1.061927556991577148e+00
1.065001964569091797e+00
1.067251205444335938e+00
1.059934854507446289e+00
1.060594081878662109e+00
1.071115732192993164e+00
1.073523283004760742e+00
1.068199872970581055e+00
1.074732065200805664e+00
1.074239730834960938e+00
1.064285516738891602e+00
1.077636241912841797e+00
1.073241472244262695e+00
1.069215059280395508e+00
1.063187360763549805e+00
1.072754621505737305e+00
1.083327293395996094e+00
1.066905260086059570e+00
1.081671714782714844e+00
1.073652029037475586e+00
1.076701879501342773e+00
1.076124191284179688e+00
1.071069240570068359e+00
1.073875904083251953e+00
1.063560247421264648e+00
1.061890602111816406e+00
1.079874515533447266e+00
1.065622568130493164e+00
1.060545444488525391e+00
1.070037364959716797e+00
1.071257591247558594e+00
1.065076351165771484e+00
1.063647747039794922e+00
1.073281288146972656e+00
1.063308238983154297e+00
1.062781810760498047e+00
1.072799444198608398e+00
1.086254596710205078e+00
1.066049098968505859e+00
1.065808057785034180e+00
1.070470571517944336e+00
1.063041210174560547e+00
1.062386751174926758e+00
1.067661762237548828e+00
1.077915906906127930e+00
1.063488006591796875e+00
1.074601650238037109e+00
1.071695089340209961e+00
1.069357156753540039e+00
1.065355777740478516e+00
1.072086095809936523e+00
1.088575363159179688e+00
1.065900802612304688e+00
1.068467140197753906e+00
1.073683023452758789e+00
1.063098430633544922e+00
1.065785408020019531e+00
1.074162483215332031e+00
1.089311361312866211e+00
1.063439130783081055e+00
1.093791484832763672e+00
1.076950073242187500e+00
1.063125133514404297e+00
1.066468954086303711e+00
1.075149536132812500e+00
1.073077440261840820e+00
1.064903259277343750e+00
1.068778991699218750e+00
1.071711063385009766e+00
1.081408023834228516e+00
1.072764873504638672e+00
1.074055194854736328e+00
1.081052541732788086e+00
1.062422513961791992e+00
1.065531730651855469e+00
1.073980093002319336e+00
1.070982217788696289e+00
1.062201976776123047e+00
1.073176622390747070e+00
1.076799869537353516e+00
