2.749219655990600586e+00
1.071982383728027344e+00
1.058113098144531250e+00
1.058165073394775391e+00
1.067585468292236328e+00
1.067145586013793945e+00
1.054843902587890625e+00
1.061922788619995117e+00
1.069591999053955078e+00
1.067801952362060547e+00
1.058160066604614258e+00
1.061686277389526367e+00
1.066819429397583008e+00
1.056498050689697266e+00
1.079356431961059570e+00
1.070513248443603516e+00
1.064207077026367188e+00
1.060080766677856445e+00
1.065054893493652344e+00
1.074716806411743164e+00
1.069743394851684570e+00
1.118370294570922852e+00
1.076441049575805664e+00
1.067614078521728516e+00
1.057740211486816406e+00
1.060420989990234375e+00
1.095985174179077148e+00
1.070256471633911133e+00
1.063493967056274414e+00
1.069534540176391602e+00
1.073419332504272461e+00
1.063997030258178711e+00
1.064208269119262695e+00
1.075528860092163086e+00
1.073149204254150391e+00
1.116842269897460938e+00
1.067814350128173828e+00
1.074474811553955078e+00
1.074874401092529297e+00
1.067347526550292969e+00
1.160586118698120117e+00
1.131293535232543945e+00
1.158179283142089844e+00
1.068724393844604492e+00
1.079053401947021484e+00
1.076303243637084961e+00
1.127695322036743164e+00
1.071655511856079102e+00
1.082888126373291016e+00
1.118027925491333008e+00
1.163342952728271484e+00
1.081475019454956055e+00
1.083196401596069336e+00
1.128923892974853516e+00
1.072090625762939453e+00
1.079958200454711914e+00
1.194084882736206055e+00
1.260461807250976562e+00
1.228195190429687500e+00
1.080837249755859375e+00
1.194134950637817383e+00
1.158250093460083008e+00
1.078969478607177734e+00
1.084173917770385742e+00
1.073418855667114258e+00
1.148637533187866211e+00
1.088688850402832031e+00
1.088681221008300781e+00
1.072598218917846680e+00
1.075877666473388672e+00
1.088667154312133789e+00
1.103789806365966797e+00
1.077021837234497070e+00
1.078404664993286133e+00
1.087668895721435547e+00
1.077616930007934570e+00
1.076868295669555664e+00
1.092966079711914062e+00
1.089787960052490234e+00
1.078324556350708008e+00
1.076335191726684570e+00
1.086156129837036133e+00
1.081948518753051758e+00
1.083963155746459961e+00
1.082141399383544922e+00
1.088355779647827148e+00
1.172341823577880859e+00
1.078424692153930664e+00
1.090972423553466797e+00
1.088318109512329102e+00
1.077121257781982422e+00
1.080308675765991211e+00
1.093377828598022461e+00
1.127398967742919922e+00
1.157094955444335938e+00
1.081541061401367188e+00
1.090885877609252930e+00
1.085247516632080078e+00
1.102667808532714844e+00
1.142500877380371094e+00
1.093532323837280273e+00
1.077470064163208008e+00
1.082380056381225586e+00
1.093714714050292969e+00
1.087977647781372070e+00
1.132990598678588867e+00
1.079647541046142578e+00
1.088839769363403320e+00
1.085813999176025391e+00
1.076303482055664062e+00
1.083000898361206055e+00
1.093763589859008789e+00
1.087845563888549805e+00
1.086430788040161133e+00
1.095561027526855469e+00
1.128608465194702148e+00
1.155922174453735352e+00
1.082745790481567383e+00
1.099250793457031250e+00
1.118978500366210938e+00
1.081515312194824219e+00
1.085384607315063477e+00
1.201440334320068359e+00
1.172533512115478516e+00
1.081429004669189453e+00
1.090880870819091797e+00
1.089649915695190430e+00
1.080832242965698242e+00
1.093573093414306641e+00
1.104432106018066406e+00
1.082582950592041016e+00
1.085547924041748047e+00
1.092147827148437500e+00
1.156265974044799805e+00
1.084153413772583008e+00
1.096391916275024414e+00
1.088332414627075195e+00
1.083860635757446289e+00
1.085529565811157227e+00
1.095524311065673828e+00
1.080442428588867188e+00
1.157286167144775391e+00
1.097424268722534180e+00
1.187765359878540039e+00
1.138875007629394531e+00
1.088992834091186523e+00
1.092551708221435547e+00
1.084885835647583008e+00
1.080516099929809570e+00
1.135758876800537109e+00
1.186884880065917969e+00
1.083218336105346680e+00
1.085269689559936523e+00
1.091632366180419922e+00
1.079875230789184570e+00
1.088088035583496094e+00
1.089172363281250000e+00
1.143358945846557617e+00
1.083338260650634766e+00
1.085193157196044922e+00
1.092130899429321289e+00
1.135121822357177734e+00
1.090235233306884766e+00
1.092911720275878906e+00
1.093885421752929688e+00
1.082678556442260742e+00
1.088529109954833984e+00
1.103541374206542969e+00
1.269737243652343750e+00
1.179786920547485352e+00
1.189958572387695312e+00
1.089540481567382812e+00
1.121047735214233398e+00
1.230001449584960938e+00
1.242461919784545898e+00
1.084473133087158203e+00
1.084178209304809570e+00
1.094897031784057617e+00
1.096733331680297852e+00
1.085310220718383789e+00
1.120583772659301758e+00
1.188915252685546875e+00
1.085778474807739258e+00
1.090453386306762695e+00
1.147626399993896484e+00
1.092385053634643555e+00
1.080370426177978516e+00
1.141978263854980469e+00
1.160449028015136719e+00
1.101915121078491211e+00
1.087245225906372070e+00
1.147029161453247070e+00
1.093540191650390625e+00
1.084444522857666016e+00
1.096261024475097656e+00
1.116384029388427734e+00
1.091249227523803711e+00
1.088899612426757812e+00
1.099243164062500000e+00
1.094319343566894531e+00
