1.519157409667968750e+00
1.417555093765258789e+00
1.398496150970458984e+00
1.471319675445556641e+00
1.388306140899658203e+00
1.403746843338012695e+00
1.364861488342285156e+00
1.401319742202758789e+00
1.494515895843505859e+00
1.366190910339355469e+00
1.424189329147338867e+00
1.366398811340332031e+00
1.388285875320434570e+00
1.429322957992553711e+00
1.434631824493408203e+00
1.433239698410034180e+00
1.363318443298339844e+00
1.598591566085815430e+00
1.466626405715942383e+00
1.410998821258544922e+00
1.439089298248291016e+00
1.413122177124023438e+00
1.320130109786987305e+00
1.401392459869384766e+00
1.299827098846435547e+00
1.295617341995239258e+00
1.301217555999755859e+00
1.335032939910888672e+00
1.394275903701782227e+00
1.348378658294677734e+00
1.335723638534545898e+00
1.369940757751464844e+00
1.385982990264892578e+00
1.382029056549072266e+00
1.311578273773193359e+00
1.366797924041748047e+00
1.311178684234619141e+00
1.362306833267211914e+00
1.388633012771606445e+00
1.358814477920532227e+00
1.353646993637084961e+00
1.367696046829223633e+00
1.346325397491455078e+00
1.348341464996337891e+00
1.382921457290649414e+00
1.360145092010498047e+00
1.357971429824829102e+00
1.394753217697143555e+00
1.371901035308837891e+00
1.343415737152099609e+00
1.359117269515991211e+00
1.353408813476562500e+00
1.473752260208129883e+00
1.382258892059326172e+00
1.356538057327270508e+00
1.381875514984130859e+00
1.329556226730346680e+00
1.359817981719970703e+00
1.369015693664550781e+00
1.458584547042846680e+00
1.461803436279296875e+00
1.448092699050903320e+00
1.457377910614013672e+00
1.334721088409423828e+00
1.378177404403686523e+00
1.317843914031982422e+00
1.313351631164550781e+00
1.368300914764404297e+00
1.362791538238525391e+00
1.362809419631958008e+00
1.374574661254882812e+00
1.383462905883789062e+00
1.356760025024414062e+00
1.371994972229003906e+00
1.375004768371582031e+00
1.321983814239501953e+00
1.292568206787109375e+00
1.306122541427612305e+00
1.362628459930419922e+00
1.333274841308593750e+00
1.365157127380371094e+00
1.303061485290527344e+00
1.348284006118774414e+00
1.356142997741699219e+00
1.362988233566284180e+00
1.373619079589843750e+00
1.369656562805175781e+00
1.373714208602905273e+00
1.386448144912719727e+00
1.312630653381347656e+00
1.378903150558471680e+00
1.375379562377929688e+00
1.465115785598754883e+00
1.379890680313110352e+00
1.378674030303955078e+00
1.359797477722167969e+00
1.334940910339355469e+00
1.355473279953002930e+00
1.403227329254150391e+00
1.372673988342285156e+00
1.456603527069091797e+00
1.471986055374145508e+00
1.487466573715209961e+00
1.564178943634033203e+00
1.414814472198486328e+00
1.394252300262451172e+00
1.394995450973510742e+00
1.350664377212524414e+00
1.381473302841186523e+00
1.352133750915527344e+00
1.366347312927246094e+00
1.337434768676757812e+00
1.368897914886474609e+00
1.372089624404907227e+00
1.310688257217407227e+00
1.307733774185180664e+00
1.407792091369628906e+00
1.384554147720336914e+00
1.464538335800170898e+00
1.376395702362060547e+00
1.322357892990112305e+00
1.296213626861572266e+00
1.278439998626708984e+00
1.338937044143676758e+00
1.329061746597290039e+00
1.322437047958374023e+00
1.360264778137207031e+00
1.328872680664062500e+00
1.467835187911987305e+00
1.420127391815185547e+00
1.343434810638427734e+00
1.379785060882568359e+00
1.396693229675292969e+00
1.444161653518676758e+00
1.399316310882568359e+00
1.385556221008300781e+00
1.379718780517578125e+00
1.346084833145141602e+00
1.420053720474243164e+00
1.312077283859252930e+00
1.357577800750732422e+00
1.363237857818603516e+00
1.319391250610351562e+00
1.487777471542358398e+00
1.397230386734008789e+00
1.397177696228027344e+00
1.390818357467651367e+00
1.414359092712402344e+00
1.405400514602661133e+00
1.330477237701416016e+00
1.368586540222167969e+00
1.400456190109252930e+00
1.438461303710937500e+00
1.397579669952392578e+00
1.437288284301757812e+00
1.431118249893188477e+00
1.422397851943969727e+00
1.444896459579467773e+00
1.565210819244384766e+00
1.422711372375488281e+00
1.447613000869750977e+00
1.429535865783691406e+00
1.338878631591796875e+00
1.357709884643554688e+00
1.378870487213134766e+00
1.394883871078491211e+00
1.405489206314086914e+00
1.329863071441650391e+00
1.365527153015136719e+00
1.485382795333862305e+00
1.346231698989868164e+00
1.341946125030517578e+00
1.358216524124145508e+00
1.357496023178100586e+00
1.467934370040893555e+00
1.348062276840209961e+00
1.383945941925048828e+00
1.317300558090209961e+00
1.346067905426025391e+00
1.466055154800415039e+00
1.371699094772338867e+00
1.337370634078979492e+00
1.383471250534057617e+00
1.365484952926635742e+00
1.400552988052368164e+00
1.371594429016113281e+00
1.327995777130126953e+00
1.334286928176879883e+00
1.354925394058227539e+00
1.390800714492797852e+00
1.308872938156127930e+00
1.354728937149047852e+00
1.350504636764526367e+00
1.299067020416259766e+00
1.369894742965698242e+00
1.339536190032958984e+00
1.349142313003540039e+00
1.365040540695190430e+00
1.318542718887329102e+00
1.344283819198608398e+00
