2.050273656845092773e+00
5.029675960540771484e-01
4.620211124420166016e-01
4.677209854125976562e-01
4.681992530822753906e-01
4.688768386840820312e-01
4.697821140289306641e-01
4.712989330291748047e-01
4.677243232727050781e-01
4.663579463958740234e-01
4.705948829650878906e-01
4.715669155120849609e-01
4.699342250823974609e-01
4.673862457275390625e-01
4.811317920684814453e-01
4.657759666442871094e-01
4.640066623687744141e-01
4.822804927825927734e-01
4.563944339752197266e-01
4.566476345062255859e-01
4.587807655334472656e-01
4.575223922729492188e-01
4.569621086120605469e-01
4.574878215789794922e-01
4.542009830474853516e-01
4.560315608978271484e-01
4.572808742523193359e-01
4.589574337005615234e-01
4.541091918945312500e-01
4.561970233917236328e-01
4.588057994842529297e-01
4.599969387054443359e-01
4.544727802276611328e-01
4.567213058471679688e-01
4.559099674224853516e-01
4.555172920227050781e-01
4.559466838836669922e-01
4.551963806152343750e-01
4.623820781707763672e-01
4.593057632446289062e-01
4.672720432281494141e-01
4.620225429534912109e-01
4.652657508850097656e-01
4.648575782775878906e-01
4.681029319763183594e-01
4.715638160705566406e-01
4.659962654113769531e-01
4.677484035491943359e-01
4.629912376403808594e-01
4.632539749145507812e-01
4.661557674407958984e-01
4.650723934173583984e-01
4.661512374877929688e-01
4.643332958221435547e-01
4.668502807617187500e-01
4.656143188476562500e-01
4.651207923889160156e-01
4.658226966857910156e-01
4.632029533386230469e-01
4.576179981231689453e-01
4.563071727752685547e-01
4.649012088775634766e-01
4.627208709716796875e-01
4.575691223144531250e-01
4.586403369903564453e-01
4.615981578826904297e-01
4.607574939727783203e-01
4.594075679779052734e-01
4.582228660583496094e-01
4.608721733093261719e-01
4.588575363159179688e-01
4.582238197326660156e-01
4.583723545074462891e-01
4.595069885253906250e-01
4.602613449096679688e-01
4.571259021759033203e-01
4.588956832885742188e-01
4.599971771240234375e-01
4.602842330932617188e-01
4.672963619232177734e-01
4.613447189331054688e-01
4.659476280212402344e-01
4.671697616577148438e-01
4.673211574554443359e-01
4.681973457336425781e-01
4.672708511352539062e-01
4.693059921264648438e-01
4.681427478790283203e-01
4.682674407958984375e-01
4.703290462493896484e-01
4.680805206298828125e-01
4.746093750000000000e-01
4.693872928619384766e-01
4.672362804412841797e-01
4.704458713531494141e-01
4.721503257751464844e-01
4.709832668304443359e-01
4.682819843292236328e-01
4.694967269897460938e-01
4.720721244812011719e-01
4.665396213531494141e-01
4.641096591949462891e-01
4.675474166870117188e-01
4.589471817016601562e-01
4.620604515075683594e-01
4.598453044891357422e-01
4.643673896789550781e-01
4.654784202575683594e-01
4.601635932922363281e-01
4.596874713897705078e-01
4.617910385131835938e-01
4.661211967468261719e-01
4.610760211944580078e-01
4.605693817138671875e-01
4.610557556152343750e-01
4.608597755432128906e-01
4.642505645751953125e-01
4.669580459594726562e-01
4.629707336425781250e-01
4.621243476867675781e-01
4.605190753936767578e-01
4.620316028594970703e-01
4.631547927856445312e-01
4.787728786468505859e-01
4.595737457275390625e-01
4.603106975555419922e-01
4.608173370361328125e-01
4.639070034027099609e-01
4.640440940856933594e-01
4.587368965148925781e-01
4.599215984344482422e-01
4.590127468109130859e-01
4.609041213989257812e-01
4.618740081787109375e-01
4.585528373718261719e-01
4.622189998626708984e-01
4.607999324798583984e-01
4.618179798126220703e-01
4.660537242889404297e-01
4.619395732879638672e-01
4.590878486633300781e-01
4.600837230682373047e-01
4.624426364898681641e-01
4.625313282012939453e-01
4.611661434173583984e-01
4.613673686981201172e-01
4.602589607238769531e-01
4.594314098358154297e-01
4.626762866973876953e-01
4.611172676086425781e-01
4.594867229461669922e-01
4.643404483795166016e-01
4.626815319061279297e-01
4.627804756164550781e-01
4.619867801666259766e-01
4.640812873840332031e-01
4.627504348754882812e-01
4.608857631683349609e-01
4.618024826049804688e-01
4.611339569091796875e-01
4.619450569152832031e-01
4.682302474975585938e-01
4.688832759857177734e-01
4.635193347930908203e-01
4.647605419158935547e-01
4.633252620697021484e-01
4.626407623291015625e-01
4.666466712951660156e-01
4.612190723419189453e-01
4.649391174316406250e-01
4.724245071411132812e-01
4.642510414123535156e-01
4.661982059478759766e-01
4.632093906402587891e-01
4.604344367980957031e-01
4.593706130981445312e-01
4.579267501831054688e-01
4.629814624786376953e-01
4.619927406311035156e-01
4.627430438995361328e-01
4.637320041656494141e-01
4.622790813446044922e-01
4.615652561187744141e-01
4.630608558654785156e-01
4.600906372070312500e-01
4.625873565673828125e-01
4.599680900573730469e-01
4.602210521697998047e-01
4.792327880859375000e-01
4.664206504821777344e-01
4.838011264801025391e-01
4.626991748809814453e-01
4.613704681396484375e-01
4.628274440765380859e-01
4.598844051361083984e-01
4.620757102966308594e-01
4.648864269256591797e-01
4.627707004547119141e-01
4.658606052398681641e-01
4.662427902221679688e-01
