1.519158363342285156e+00
1.417555570602416992e+00
1.398512601852416992e+00
1.471318721771240234e+00
1.388307094573974609e+00
1.403748035430908203e+00
1.364861011505126953e+00
1.401322364807128906e+00
1.494515419006347656e+00
1.366194486618041992e+00
1.424189805984497070e+00
1.366403579711914062e+00
1.388284921646118164e+00
1.429330110549926758e+00
1.434629201889038086e+00
1.433244943618774414e+00
1.363322496414184570e+00
1.598598003387451172e+00
1.466627359390258789e+00
1.410994529724121094e+00
1.439090728759765625e+00
1.413123369216918945e+00
1.320121526718139648e+00
1.401389360427856445e+00
1.299826383590698242e+00
1.295613527297973633e+00
1.301214456558227539e+00
1.335033893585205078e+00
1.394281864166259766e+00
1.348380088806152344e+00
1.335723400115966797e+00
1.369939565658569336e+00
1.385985374450683594e+00
1.382028341293334961e+00
1.311579942703247070e+00
1.366797924041748047e+00
1.311179876327514648e+00
1.362303733825683594e+00
1.388627290725708008e+00
1.358814716339111328e+00
1.353642940521240234e+00
1.367698669433593750e+00
1.346328735351562500e+00
1.348338127136230469e+00
1.382926702499389648e+00
1.360151767730712891e+00
1.357975721359252930e+00
1.394753217697143555e+00
1.371899843215942383e+00
1.343416690826416016e+00
1.359118938446044922e+00
1.353407144546508789e+00
1.473755836486816406e+00
1.382258176803588867e+00
1.356539011001586914e+00
1.381880521774291992e+00
1.329544544219970703e+00
1.359826803207397461e+00
1.369023561477661133e+00
1.458589792251586914e+00
1.461804389953613281e+00
1.448094367980957031e+00
1.457374811172485352e+00
1.334732294082641602e+00
1.378173828125000000e+00
1.317845106124877930e+00
1.313358545303344727e+00
1.368302583694458008e+00
1.362800359725952148e+00
1.362802267074584961e+00
1.374572753906250000e+00
1.383460521697998047e+00
1.356759071350097656e+00
1.371992588043212891e+00
1.375004529953002930e+00
1.321988105773925781e+00
1.292566299438476562e+00
1.306126117706298828e+00
1.362629890441894531e+00
1.333279609680175781e+00
1.365162611007690430e+00
1.303057432174682617e+00
1.348279476165771484e+00
1.356147766113281250e+00
1.362992048263549805e+00
1.373622655868530273e+00
1.369660854339599609e+00
1.373721122741699219e+00
1.386453628540039062e+00
1.312628984451293945e+00
1.378896951675415039e+00
1.375380277633666992e+00
1.465119600296020508e+00
1.379897832870483398e+00
1.378679752349853516e+00
1.359800100326538086e+00
1.334935665130615234e+00
1.355472564697265625e+00
1.403228759765625000e+00
1.372674226760864258e+00
1.456604957580566406e+00
1.471988916397094727e+00
1.487467288970947266e+00
1.564173698425292969e+00
1.414817333221435547e+00
1.394254446029663086e+00
1.395000219345092773e+00
1.350664854049682617e+00
1.381475687026977539e+00
1.352134704589843750e+00
1.366343498229980469e+00
1.337433338165283203e+00
1.368902444839477539e+00
1.372094154357910156e+00
1.310693264007568359e+00
1.307738542556762695e+00
1.407797813415527344e+00
1.384555101394653320e+00
1.464540004730224609e+00
1.376398563385009766e+00
1.322356224060058594e+00
1.296209573745727539e+00
1.278440475463867188e+00
1.338939428329467773e+00
1.329062700271606445e+00
1.322442054748535156e+00
1.360264301300048828e+00
1.328880548477172852e+00
1.467836856842041016e+00
1.420130729675292969e+00
1.343434095382690430e+00
1.379791259765625000e+00
1.396690607070922852e+00
1.444161415100097656e+00
1.399319887161254883e+00
1.385558128356933594e+00
1.379717826843261719e+00
1.346082925796508789e+00
1.420048475265502930e+00
1.312076330184936523e+00
1.357576847076416016e+00
1.363234758377075195e+00
1.319388389587402344e+00
1.487782239913940430e+00
1.397228717803955078e+00
1.397171735763549805e+00
1.390818595886230469e+00
1.414358854293823242e+00
1.405405521392822266e+00
1.330478191375732422e+00
1.368577241897583008e+00
1.400460720062255859e+00
1.438455343246459961e+00
1.397571802139282227e+00
1.437291860580444336e+00
1.431117773056030273e+00
1.422402143478393555e+00
1.444901943206787109e+00
1.565219163894653320e+00
1.422719955444335938e+00
1.447614908218383789e+00
1.429538965225219727e+00
1.338878393173217773e+00
1.357707738876342773e+00
1.378871202468872070e+00
1.394875764846801758e+00
1.405493021011352539e+00
1.329860448837280273e+00
1.365527629852294922e+00
1.485387325286865234e+00
1.346230983734130859e+00
1.341939210891723633e+00
1.358214139938354492e+00
1.357496976852416992e+00
1.467937469482421875e+00
1.348065853118896484e+00
1.383948326110839844e+00
1.317290782928466797e+00
1.346065282821655273e+00
1.466053724288940430e+00
1.371701478958129883e+00
1.337370634078979492e+00
1.383473634719848633e+00
1.365488529205322266e+00
1.400551795959472656e+00
1.371592283248901367e+00
1.327996015548706055e+00
1.334292411804199219e+00
1.354922294616699219e+00
1.390798330307006836e+00
1.308870553970336914e+00
1.354728460311889648e+00
1.350504159927368164e+00
1.299058675765991211e+00
1.369902610778808594e+00
1.339535474777221680e+00
1.349141836166381836e+00
1.365041494369506836e+00
1.318542003631591797e+00
1.344287157058715820e+00
