2.098976850509643555e+00
5.261783599853515625e-01
4.892480373382568359e-01
4.909849166870117188e-01
4.883475303649902344e-01
4.957501888275146484e-01
5.265197753906250000e-01
4.885859489440917969e-01
4.929790496826171875e-01
4.894192218780517578e-01
4.921648502349853516e-01
4.898006916046142578e-01
5.029013156890869141e-01
4.869141578674316406e-01
4.863553047180175781e-01
4.818055629730224609e-01
4.643747806549072266e-01
5.031669139862060547e-01
4.682281017303466797e-01
4.852900505065917969e-01
4.904117584228515625e-01
4.880502223968505859e-01
4.685711860656738281e-01
4.700648784637451172e-01
4.698307514190673828e-01
4.696230888366699219e-01
4.729995727539062500e-01
4.694287776947021484e-01
4.764335155487060547e-01
4.716289043426513672e-01
4.766850471496582031e-01
4.757359027862548828e-01
4.762175083160400391e-01
4.771676063537597656e-01
4.758408069610595703e-01
4.784834384918212891e-01
4.784474372863769531e-01
4.768009185791015625e-01
4.776585102081298828e-01
4.851169586181640625e-01
4.819314479827880859e-01
4.889531135559082031e-01
4.848206043243408203e-01
4.840366840362548828e-01
4.901053905487060547e-01
4.858028888702392578e-01
4.834794998168945312e-01
4.835751056671142578e-01
4.840667247772216797e-01
4.809162616729736328e-01
4.881947040557861328e-01
4.866237640380859375e-01
4.881176948547363281e-01
4.844346046447753906e-01
4.849958419799804688e-01
4.909482002258300781e-01
4.836804866790771484e-01
4.822249412536621094e-01
4.808890819549560547e-01
4.744553565979003906e-01
4.680719375610351562e-01
4.709277153015136719e-01
4.775729179382324219e-01
4.713418483734130859e-01
4.851632118225097656e-01
4.727878570556640625e-01
4.694936275482177734e-01
4.755790233612060547e-01
4.763426780700683594e-01
4.706101417541503906e-01
4.718225002288818359e-01
4.774680137634277344e-01
4.765424728393554688e-01
4.736976623535156250e-01
4.871912002563476562e-01
4.778599739074707031e-01
4.764413833618164062e-01
4.768669605255126953e-01
4.742443561553955078e-01
4.800953865051269531e-01
4.817771911621093750e-01
4.849545955657958984e-01
4.928143024444580078e-01
4.853398799896240234e-01
4.889078140258789062e-01
4.923727512359619141e-01
4.940121173858642578e-01
4.840984344482421875e-01
4.873161315917968750e-01
4.841673374176025391e-01
4.942276477813720703e-01
4.927713871002197266e-01
4.883127212524414062e-01
4.930796623229980469e-01
4.911546707153320312e-01
4.850673675537109375e-01
4.888918399810791016e-01
4.857368469238281250e-01
4.815759658813476562e-01
4.876406192779541016e-01
4.750940799713134766e-01
4.767911434173583984e-01
4.796187877655029297e-01
4.863443374633789062e-01
4.779078960418701172e-01
4.930980205535888672e-01
4.750781059265136719e-01
4.900679588317871094e-01
4.736943244934082031e-01
4.746732711791992188e-01
4.789588451385498047e-01
4.786963462829589844e-01
4.765975475311279297e-01
4.763262271881103516e-01
4.789288043975830078e-01
4.794123172760009766e-01
4.784207344055175781e-01
4.766526222229003906e-01
4.753654003143310547e-01
4.897058010101318359e-01
4.816410541534423828e-01
4.796082973480224609e-01
4.606087207794189453e-01
5.027823448181152344e-01
4.798424243927001953e-01
4.728381633758544922e-01
4.768319129943847656e-01
4.752004146575927734e-01
4.790077209472656250e-01
4.770274162292480469e-01
4.798564910888671875e-01
4.761726856231689453e-01
4.812452793121337891e-01
4.747662544250488281e-01
4.873261451721191406e-01
4.764542579650878906e-01
4.792613983154296875e-01
4.822554588317871094e-01
4.741857051849365234e-01
4.797861576080322266e-01
4.730815887451171875e-01
4.810783863067626953e-01
4.771237373352050781e-01
4.763104915618896484e-01
4.804842472076416016e-01
4.769656658172607422e-01
4.788596630096435547e-01
4.857141971588134766e-01
4.919841289520263672e-01
4.781019687652587891e-01
4.857275485992431641e-01
4.759685993194580078e-01
4.825344085693359375e-01
4.776201248168945312e-01
4.752211570739746094e-01
4.716246128082275391e-01
4.701309204101562500e-01
4.783387184143066406e-01
4.797153472900390625e-01
4.717154502868652344e-01
4.781949520111083984e-01
4.781889915466308594e-01
4.707298278808593750e-01
4.748504161834716797e-01
4.716222286224365234e-01
4.788684844970703125e-01
4.782898426055908203e-01
4.736857414245605469e-01
4.774394035339355469e-01
4.713120460510253906e-01
4.747965335845947266e-01
4.721009731292724609e-01
4.764270782470703125e-01
4.730494022369384766e-01
4.899609088897705078e-01
4.742860794067382812e-01
4.792017936706542969e-01
4.755132198333740234e-01
4.743268489837646484e-01
4.825303554534912109e-01
4.785301685333251953e-01
4.760315418243408203e-01
4.823086261749267578e-01
4.937415122985839844e-01
4.760644435882568359e-01
4.824538230895996094e-01
4.812498092651367188e-01
4.795253276824951172e-01
4.972505569458007812e-01
4.836502075195312500e-01
4.811820983886718750e-01
4.799468517303466797e-01
4.770531654357910156e-01
4.873280525207519531e-01
4.923548698425292969e-01
4.870579242706298828e-01
4.767765998840332031e-01
4.776561260223388672e-01
4.805569648742675781e-01
4.800069332122802734e-01
