1.519159317016601562e+00
1.417551279067993164e+00
1.398514032363891602e+00
1.471312046051025391e+00
1.388305187225341797e+00
1.403744220733642578e+00
1.364861488342285156e+00
1.401321887969970703e+00
1.494507551193237305e+00
1.366192579269409180e+00
1.424193620681762695e+00
1.366400241851806641e+00
1.388286352157592773e+00
1.429402589797973633e+00
1.434628725051879883e+00
1.433241367340087891e+00
1.363321781158447266e+00
1.598591804504394531e+00
1.466623306274414062e+00
1.410993099212646484e+00
1.439092397689819336e+00
1.413118839263916016e+00
1.320127010345458984e+00
1.401391029357910156e+00
1.299831867218017578e+00
1.295612096786499023e+00
1.301213264465332031e+00
1.335030555725097656e+00
1.394280433654785156e+00
1.348376750946044922e+00
1.335715532302856445e+00
1.369936466217041016e+00
1.385983228683471680e+00
1.382029056549072266e+00
1.311578750610351562e+00
1.366797447204589844e+00
1.311181306838989258e+00
1.362303972244262695e+00
1.388614892959594727e+00
1.358818292617797852e+00
1.353647947311401367e+00
1.367694377899169922e+00
1.346323966979980469e+00
1.348338127136230469e+00
1.382926464080810547e+00
1.360147714614868164e+00
1.357971668243408203e+00
1.394755840301513672e+00
1.371902465820312500e+00
1.343410253524780273e+00
1.359112501144409180e+00
1.353405952453613281e+00
1.473757028579711914e+00
1.382260084152221680e+00
1.356542110443115234e+00
1.381880998611450195e+00
1.329540967941284180e+00
1.359821796417236328e+00
1.369021654129028320e+00
1.458588123321533203e+00
1.461802721023559570e+00
1.448094606399536133e+00
1.457376241683959961e+00
1.334725618362426758e+00
1.378170967102050781e+00
1.317833900451660156e+00
1.313353061676025391e+00
1.368302106857299805e+00
1.363260030746459961e+00
1.362804412841796875e+00
1.374574661254882812e+00
1.383456230163574219e+00
1.356755733489990234e+00
1.371994018554687500e+00
1.375008821487426758e+00
1.321979284286499023e+00
1.292563915252685547e+00
1.306124448776245117e+00
1.362624406814575195e+00
1.333275318145751953e+00
1.365168571472167969e+00
1.303059101104736328e+00
1.348272800445556641e+00
1.356142282485961914e+00
1.362988233566284180e+00
1.373621463775634766e+00
1.369657516479492188e+00
1.373717308044433594e+00
1.386444091796875000e+00
1.312626600265502930e+00
1.378894329071044922e+00
1.375375032424926758e+00
1.465118885040283203e+00
1.379897356033325195e+00
1.378675699234008789e+00
1.359797000885009766e+00
1.334934234619140625e+00
1.355471849441528320e+00
1.403227329254150391e+00
1.372671127319335938e+00
1.456598520278930664e+00
1.471970319747924805e+00
1.487468481063842773e+00
1.564173221588134766e+00
1.414812564849853516e+00
1.394257068634033203e+00
1.394994020462036133e+00
1.350646734237670898e+00
1.381485223770141602e+00
1.352132558822631836e+00
1.366342782974243164e+00
1.337434053421020508e+00
1.368900299072265625e+00
1.372090816497802734e+00
1.310694217681884766e+00
1.307731389999389648e+00
1.407793760299682617e+00
1.384558200836181641e+00
1.464541196823120117e+00
1.376397609710693359e+00
1.322361469268798828e+00
1.296212911605834961e+00
1.278441190719604492e+00
1.338939428329467773e+00
1.329060316085815430e+00
1.322440147399902344e+00
1.360263109207153320e+00
1.328875541687011719e+00
1.467843770980834961e+00
1.420140027999877930e+00
1.343436717987060547e+00
1.379789352416992188e+00
1.396686077117919922e+00
1.444157123565673828e+00
1.399319648742675781e+00
1.385551929473876953e+00
1.379724740982055664e+00
1.346085071563720703e+00
1.420050859451293945e+00
1.312074661254882812e+00
1.357580184936523438e+00
1.363244056701660156e+00
1.319388151168823242e+00
1.487785100936889648e+00
1.397233009338378906e+00
1.397181749343872070e+00
1.390824317932128906e+00
1.414362907409667969e+00
1.405405282974243164e+00
1.330476284027099609e+00
1.368578195571899414e+00
1.400457143783569336e+00
1.438469171524047852e+00
1.397574663162231445e+00
1.437303066253662109e+00
1.431119203567504883e+00
1.422401905059814453e+00
1.444344520568847656e+00
1.565212249755859375e+00
1.422718763351440430e+00
1.447604894638061523e+00
1.429535627365112305e+00
1.338879108428955078e+00
1.357706069946289062e+00
1.378867149353027344e+00
1.394890069961547852e+00
1.405491113662719727e+00
1.329868316650390625e+00
1.365529775619506836e+00
1.485385179519653320e+00
1.346234560012817383e+00
1.341940879821777344e+00
1.358215093612670898e+00
1.357496261596679688e+00
1.467936038970947266e+00
1.348066568374633789e+00
1.383943557739257812e+00
1.317290544509887695e+00
1.346067667007446289e+00
1.466053485870361328e+00
1.371697425842285156e+00
1.337369203567504883e+00
1.383472919464111328e+00
1.365485668182373047e+00
1.400553464889526367e+00
1.371594190597534180e+00
1.327995777130126953e+00
1.334291696548461914e+00
1.354925155639648438e+00
1.390776634216308594e+00
1.308873891830444336e+00
1.354729175567626953e+00
1.350506067276000977e+00
1.299055814743041992e+00
1.369899511337280273e+00
1.339532136917114258e+00
1.349141836166381836e+00
1.365040540695190430e+00
1.318537235260009766e+00
1.344289064407348633e+00
