1.478131055831909180e+00
1.404039144515991211e+00
1.341772317886352539e+00
1.466511964797973633e+00
1.364328622817993164e+00
1.380579233169555664e+00
1.365949153900146484e+00
1.405514240264892578e+00
1.479203939437866211e+00
1.381660699844360352e+00
1.393243074417114258e+00
1.358634710311889648e+00
1.364082813262939453e+00
1.398254871368408203e+00
1.365996360778808594e+00
1.352727651596069336e+00
1.399655103683471680e+00
1.250350236892700195e+00
1.359349727630615234e+00
1.359941005706787109e+00
1.370950698852539062e+00
1.352145195007324219e+00
1.335740804672241211e+00
1.473453521728515625e+00
1.375911474227905273e+00
1.339968681335449219e+00
1.402851343154907227e+00
1.410752534866333008e+00
1.393705844879150391e+00
1.384527683258056641e+00
1.456930160522460938e+00
1.423804521560668945e+00
1.424549579620361328e+00
1.419418334960937500e+00
1.335134506225585938e+00
1.372858047485351562e+00
1.376765966415405273e+00
1.358286380767822266e+00
1.382930278778076172e+00
1.393808364868164062e+00
1.372552633285522461e+00
1.372718572616577148e+00
1.394511938095092773e+00
1.354115247726440430e+00
1.362627029418945312e+00
1.400449991226196289e+00
1.313710212707519531e+00
1.384050607681274414e+00
1.325541734695434570e+00
1.330552577972412109e+00
1.315605401992797852e+00
1.400041341781616211e+00
1.472498893737792969e+00
1.374006032943725586e+00
1.307884931564331055e+00
1.312857866287231445e+00
1.404095649719238281e+00
1.356889724731445312e+00
1.360265254974365234e+00
1.367059707641601562e+00
1.369344472885131836e+00
1.404175043106079102e+00
1.513001680374145508e+00
1.429905176162719727e+00
1.518870115280151367e+00
1.444820404052734375e+00
1.470977067947387695e+00
1.494506120681762695e+00
1.499688863754272461e+00
1.408950805664062500e+00
1.452526330947875977e+00
1.353444337844848633e+00
1.452982425689697266e+00
1.373413085937500000e+00
1.373718738555908203e+00
1.390345573425292969e+00
1.349243640899658203e+00
1.404213905334472656e+00
1.378870964050292969e+00
1.355478763580322266e+00
1.408946990966796875e+00
1.354017972946166992e+00
1.392419576644897461e+00
1.317695379257202148e+00
1.346025228500366211e+00
1.405656099319458008e+00
1.379768848419189453e+00
1.346694231033325195e+00
1.410883903503417969e+00
1.419836521148681641e+00
1.470598459243774414e+00
1.425707817077636719e+00
1.571426868438720703e+00
1.499286651611328125e+00
1.438791513442993164e+00
1.441723823547363281e+00
1.373383760452270508e+00
1.446514368057250977e+00
1.399235963821411133e+00
1.306463956832885742e+00
1.406913518905639648e+00
1.381950139999389648e+00
1.339257478713989258e+00
1.446361541748046875e+00
1.294582366943359375e+00
1.377728700637817383e+00
1.379840850830078125e+00
1.392203807830810547e+00
1.385639905929565430e+00
1.328066349029541016e+00
1.326052665710449219e+00
1.300375223159790039e+00
1.392350435256958008e+00
1.399917840957641602e+00
1.380407333374023438e+00
1.391956567764282227e+00
1.379520416259765625e+00
1.364203929901123047e+00
1.379564046859741211e+00
1.305876970291137695e+00
1.380379676818847656e+00
1.377667427062988281e+00
1.397354841232299805e+00
1.400278091430664062e+00
1.351554870605468750e+00
1.321006536483764648e+00
1.340142726898193359e+00
1.358786344528198242e+00
1.415791034698486328e+00
1.326467990875244141e+00
1.368600130081176758e+00
1.355900764465332031e+00
1.331707715988159180e+00
1.459733247756958008e+00
1.321264266967773438e+00
1.378962755203247070e+00
1.392843246459960938e+00
1.318267822265625000e+00
1.495158195495605469e+00
1.408125162124633789e+00
1.308410644531250000e+00
1.401988267898559570e+00
1.426879167556762695e+00
1.454656839370727539e+00
1.352076530456542969e+00
1.428274631500244141e+00
1.444555759429931641e+00
1.437381267547607422e+00
1.459058523178100586e+00
1.392951488494873047e+00
1.444300889968872070e+00
1.473976135253906250e+00
1.406447172164916992e+00
1.453959703445434570e+00
1.474697828292846680e+00
1.415051698684692383e+00
1.471482753753662109e+00
1.477112770080566406e+00
1.506506919860839844e+00
1.467371225357055664e+00
1.491633892059326172e+00
1.406388282775878906e+00
1.408654689788818359e+00
1.443465709686279297e+00
1.385900497436523438e+00
1.881955862045288086e+00
1.427544832229614258e+00
1.499187231063842773e+00
1.469539165496826172e+00
1.542454957962036133e+00
1.411511421203613281e+00
1.415991067886352539e+00
1.390192031860351562e+00
1.361916542053222656e+00
1.521184682846069336e+00
1.377562284469604492e+00
1.358307123184204102e+00
1.357035398483276367e+00
1.393039703369140625e+00
1.429111957550048828e+00
1.403228521347045898e+00
1.396498441696166992e+00
1.308353900909423828e+00
1.314016103744506836e+00
1.493447303771972656e+00
1.379669189453125000e+00
1.380104064941406250e+00
1.391837835311889648e+00
1.389904260635375977e+00
1.383537530899047852e+00
1.372183084487915039e+00
1.379942893981933594e+00
1.353998661041259766e+00
1.379889965057373047e+00
1.390521287918090820e+00
1.369661808013916016e+00
1.298751831054687500e+00
1.394608020782470703e+00
1.355134725570678711e+00
1.381048679351806641e+00
