2.246990442276000977e+00
4.733269214630126953e-01
4.610934257507324219e-01
4.643166065216064453e-01
4.645516872406005859e-01
4.657323360443115234e-01
4.685294628143310547e-01
4.689805507659912109e-01
4.653658866882324219e-01
4.619576930999755859e-01
4.691677093505859375e-01
4.686431884765625000e-01
4.680461883544921875e-01
4.684097766876220703e-01
4.711787700653076172e-01
4.695422649383544922e-01
4.739482402801513672e-01
4.556040763854980469e-01
4.899260997772216797e-01
4.657483100891113281e-01
4.675428867340087891e-01
4.658095836639404297e-01
4.700996875762939453e-01
4.621779918670654297e-01
4.648115634918212891e-01
4.622871875762939453e-01
4.631021022796630859e-01
4.657983779907226562e-01
4.613094329833984375e-01
4.553191661834716797e-01
4.532477855682373047e-01
4.747378826141357422e-01
4.707009792327880859e-01
4.549436569213867188e-01
4.496841430664062500e-01
4.530446529388427734e-01
4.547328948974609375e-01
4.605391025543212891e-01
4.697308540344238281e-01
4.617302417755126953e-01
4.653449058532714844e-01
4.621961116790771484e-01
4.641151428222656250e-01
4.619488716125488281e-01
4.626290798187255859e-01
4.662518501281738281e-01
4.678406715393066406e-01
4.655163288116455078e-01
4.682815074920654297e-01
4.614467620849609375e-01
4.630541801452636719e-01
4.699971675872802734e-01
4.619238376617431641e-01
4.684286117553710938e-01
4.706928730010986328e-01
4.642815589904785156e-01
4.666874408721923828e-01
4.712820053100585938e-01
4.763655662536621094e-01
4.708008766174316406e-01
4.769792556762695312e-01
4.749772548675537109e-01
4.795427322387695312e-01
4.779598712921142578e-01
4.825644493103027344e-01
4.878458976745605469e-01
4.877405166625976562e-01
4.829964637756347656e-01
4.820413589477539062e-01
4.910180568695068359e-01
4.852738380432128906e-01
4.872837066650390625e-01
4.945058822631835938e-01
4.897909164428710938e-01
4.876401424407958984e-01
4.932720661163330078e-01
4.959430694580078125e-01
4.972860813140869141e-01
4.899516105651855469e-01
4.954133033752441406e-01
4.939925670623779297e-01
4.963915348052978516e-01
5.014441013336181641e-01
4.921493530273437500e-01
4.995932579040527344e-01
5.251648426055908203e-01
4.979162216186523438e-01
4.912421703338623047e-01
4.949502944946289062e-01
4.912779331207275391e-01
5.010118484497070312e-01
5.028285980224609375e-01
4.932928085327148438e-01
4.910705089569091797e-01
4.801509380340576172e-01
4.835560321807861328e-01
4.805848598480224609e-01
4.853963851928710938e-01
4.821221828460693359e-01
4.854958057403564453e-01
4.814658164978027344e-01
4.849073886871337891e-01
4.864463806152343750e-01
4.894084930419921875e-01
4.977335929870605469e-01
4.838783740997314453e-01
4.864332675933837891e-01
4.877953529357910156e-01
4.836261272430419922e-01
4.835631847381591797e-01
4.842586517333984375e-01
4.849045276641845703e-01
4.874575138092041016e-01
4.794538021087646484e-01
4.827706813812255859e-01
4.826524257659912109e-01
4.830625057220458984e-01
4.784746170043945312e-01
4.815227985382080078e-01
4.687061309814453125e-01
4.911491870880126953e-01
4.777863025665283203e-01
4.720928668975830078e-01
4.769713878631591797e-01
4.781911373138427734e-01
4.765295982360839844e-01
4.811713695526123047e-01
4.756393432617187500e-01
4.847013950347900391e-01
4.747188091278076172e-01
4.729387760162353516e-01
4.729914665222167969e-01
4.735741615295410156e-01
4.735012054443359375e-01
4.752564430236816406e-01
4.718303680419921875e-01
4.807419776916503906e-01
4.721386432647705078e-01
4.848790168762207031e-01
4.732222557067871094e-01
4.728646278381347656e-01
4.872775077819824219e-01
4.791438579559326172e-01
4.730637073516845703e-01
4.729385375976562500e-01
4.728918075561523438e-01
4.722380638122558594e-01
4.671430587768554688e-01
4.706425666809082031e-01
4.915490150451660156e-01
4.748957157135009766e-01
4.731445312500000000e-01
4.719357490539550781e-01
4.722950458526611328e-01
4.735555648803710938e-01
4.785363674163818359e-01
4.648363590240478516e-01
4.653863906860351562e-01
4.612617492675781250e-01
4.669868946075439453e-01
4.759004116058349609e-01
4.683036804199218750e-01
4.727969169616699219e-01
4.743430614471435547e-01
4.714910984039306641e-01
5.010132789611816406e-01
4.702405929565429688e-01
4.732010364532470703e-01
4.733409881591796875e-01
4.728341102600097656e-01
4.716553688049316406e-01
4.797604084014892578e-01
4.737265110015869141e-01
4.729502201080322266e-01
4.765503406524658203e-01
4.709911346435546875e-01
4.746284484863281250e-01
4.767372608184814453e-01
4.689419269561767578e-01
4.744248390197753906e-01
4.743835926055908203e-01
4.711377620697021484e-01
4.715223312377929688e-01
4.736716747283935547e-01
4.703190326690673828e-01
4.782197475433349609e-01
4.707975387573242188e-01
4.732875823974609375e-01
4.721105098724365234e-01
4.780259132385253906e-01
4.724290370941162109e-01
4.679090976715087891e-01
4.684460163116455078e-01
4.703984260559082031e-01
4.689559936523437500e-01
4.663398265838623047e-01
4.788937568664550781e-01
4.762029647827148438e-01
4.690947532653808594e-01
4.773302078247070312e-01
