1.478122234344482422e+00
1.404037475585937500e+00
1.341749906539916992e+00
1.466500282287597656e+00
1.364302158355712891e+00
1.380560159683227539e+00
1.359918117523193359e+00
1.405485153198242188e+00
1.479213953018188477e+00
1.381659269332885742e+00
1.393234014511108398e+00
1.358613252639770508e+00
1.364073514938354492e+00
1.398230552673339844e+00
1.365974903106689453e+00
1.342981100082397461e+00
1.399662017822265625e+00
1.250359773635864258e+00
1.359335422515869141e+00
1.359922647476196289e+00
1.370916604995727539e+00
1.352121114730834961e+00
1.335709333419799805e+00
1.473435640335083008e+00
1.375896453857421875e+00
1.339962959289550781e+00
1.402829885482788086e+00
1.410737752914428711e+00
1.393691062927246094e+00
1.384515523910522461e+00
1.456934690475463867e+00
1.423812150955200195e+00
1.424552202224731445e+00
1.419392824172973633e+00
1.335128545761108398e+00
1.372844696044921875e+00
1.376761674880981445e+00
1.358261346817016602e+00
1.382926940917968750e+00
1.393804550170898438e+00
1.372536420822143555e+00
1.372712612152099609e+00
1.394499063491821289e+00
1.354101896286010742e+00
1.362616062164306641e+00
1.400438547134399414e+00
1.313684940338134766e+00
1.384050607681274414e+00
1.325537443161010742e+00
1.330557346343994141e+00
1.315611124038696289e+00
1.400035619735717773e+00
1.472495555877685547e+00
1.374017238616943359e+00
1.307883977890014648e+00
1.312855482101440430e+00
1.404060602188110352e+00
1.356885433197021484e+00
1.360254287719726562e+00
1.367052793502807617e+00
1.369344472885131836e+00
1.404164552688598633e+00
1.513010025024414062e+00
1.429901838302612305e+00
1.518848657608032227e+00
1.444807052612304688e+00
1.470968484878540039e+00
1.494494915008544922e+00
1.499702215194702148e+00
1.408974170684814453e+00
1.452532052993774414e+00
1.353439092636108398e+00
1.452970266342163086e+00
1.373417854309082031e+00
1.373716592788696289e+00
1.390365600585937500e+00
1.349245071411132812e+00
1.404207944869995117e+00
1.378883838653564453e+00
1.355500698089599609e+00
1.408959388732910156e+00
1.354014873504638672e+00
1.392408132553100586e+00
1.317718744277954102e+00
1.346003770828247070e+00
1.405652284622192383e+00
1.379770517349243164e+00
1.346691370010375977e+00
1.410900831222534180e+00
1.419835329055786133e+00
1.470576047897338867e+00
1.425723075866699219e+00
1.571419239044189453e+00
1.499294996261596680e+00
1.438777685165405273e+00
1.441697120666503906e+00
1.373382568359375000e+00
1.446484565734863281e+00
1.399237632751464844e+00
1.306455850601196289e+00
1.406752347946166992e+00
1.381951093673706055e+00
1.339272975921630859e+00
1.446350812911987305e+00
1.294582843780517578e+00
1.377725839614868164e+00
1.379859924316406250e+00
1.392200231552124023e+00
1.385636329650878906e+00
1.328047513961791992e+00
1.326036453247070312e+00
1.300362825393676758e+00
1.392364978790283203e+00
1.399919509887695312e+00
1.380404472351074219e+00
1.391948938369750977e+00
1.379515171051025391e+00
1.364196062088012695e+00
1.379559040069580078e+00
1.305858850479125977e+00
1.380340576171875000e+00
1.377638816833496094e+00
1.397333621978759766e+00
1.400252819061279297e+00
1.351555347442626953e+00
1.320984601974487305e+00
1.340126276016235352e+00
1.358771324157714844e+00
1.415790557861328125e+00
1.326447725296020508e+00
1.368602991104125977e+00
1.355912446975708008e+00
1.331710100173950195e+00
1.459734201431274414e+00
1.321233034133911133e+00
1.378966331481933594e+00
1.392815589904785156e+00
1.318248510360717773e+00
1.495134592056274414e+00
1.408094167709350586e+00
1.308408021926879883e+00
1.401976823806762695e+00
1.426866769790649414e+00
1.454637050628662109e+00
1.352063894271850586e+00
1.428299188613891602e+00
1.444543361663818359e+00
1.437369108200073242e+00
1.459030628204345703e+00
1.392937421798706055e+00
1.444281101226806641e+00
1.473967552185058594e+00
1.406432151794433594e+00
1.453942775726318359e+00
1.474681138992309570e+00
1.415073633193969727e+00
1.471469640731811523e+00
1.477128267288208008e+00
1.506484270095825195e+00
1.467361927032470703e+00
1.491635084152221680e+00
1.406373500823974609e+00
1.408632040023803711e+00
1.443471193313598633e+00
1.385873079299926758e+00
1.881936311721801758e+00
1.427537202835083008e+00
1.499174118041992188e+00
1.469529867172241211e+00
1.542435884475708008e+00
1.411504030227661133e+00
1.416003942489624023e+00
1.390181064605712891e+00
1.361897230148315430e+00
1.521187067031860352e+00
1.377563238143920898e+00
1.358281135559082031e+00
1.357048749923706055e+00
1.393019676208496094e+00
1.429113626480102539e+00
1.403197765350341797e+00
1.396496534347534180e+00
1.308354616165161133e+00
1.314013957977294922e+00
1.493423700332641602e+00
1.379664897918701172e+00
1.380094528198242188e+00
1.391821146011352539e+00
1.389904975891113281e+00
1.383515834808349609e+00
1.372188806533813477e+00
1.379930019378662109e+00
1.353972911834716797e+00
1.379878282546997070e+00
1.390509128570556641e+00
1.369638919830322266e+00
1.298742532730102539e+00
1.394583463668823242e+00
1.355148315429687500e+00
1.381068706512451172e+00
