2.089750528335571289e+00
4.819235801696777344e-01
4.653375148773193359e-01
4.645462036132812500e-01
4.556689262390136719e-01
4.577057361602783203e-01
4.596264362335205078e-01
4.612326622009277344e-01
4.642140865325927734e-01
4.587216377258300781e-01
4.639699459075927734e-01
4.630534648895263672e-01
4.633898735046386719e-01
4.645378589630126953e-01
4.642846584320068359e-01
4.642491340637207031e-01
4.688532352447509766e-01
4.698646068572998047e-01
4.812014102935791016e-01
4.636120796203613281e-01
4.652485847473144531e-01
4.622929096221923828e-01
4.673502445220947266e-01
4.647762775421142578e-01
4.679224491119384766e-01
4.658591747283935547e-01
4.700720310211181641e-01
4.639229774475097656e-01
4.596951007843017578e-01
4.600982666015625000e-01
4.569392204284667969e-01
4.587376117706298828e-01
4.665515422821044922e-01
4.559891223907470703e-01
4.612407684326171875e-01
4.548215866088867188e-01
4.588708877563476562e-01
4.607164859771728516e-01
4.582250118255615234e-01
4.609141349792480469e-01
4.609181880950927734e-01
4.574823379516601562e-01
4.574661254882812500e-01
4.592311382293701172e-01
4.558880329132080078e-01
4.591150283813476562e-01
4.599509239196777344e-01
4.593787193298339844e-01
4.624698162078857422e-01
4.588961601257324219e-01
4.585125446319580078e-01
4.570436477661132812e-01
4.606840610504150391e-01
4.620258808135986328e-01
4.599955081939697266e-01
4.576508998870849609e-01
4.613244533538818359e-01
4.600694179534912109e-01
4.607059955596923828e-01
4.625523090362548828e-01
4.626846313476562500e-01
4.666523933410644531e-01
4.667444229125976562e-01
4.653451442718505859e-01
4.678227901458740234e-01
4.702823162078857422e-01
4.690372943878173828e-01
4.691414833068847656e-01
4.717104434967041016e-01
4.717521667480468750e-01
4.732024669647216797e-01
4.743072986602783203e-01
4.760768413543701172e-01
4.772536754608154297e-01
4.743194580078125000e-01
4.760167598724365234e-01
4.751856327056884766e-01
4.807927608489990234e-01
4.809896945953369141e-01
4.757463932037353516e-01
4.767088890075683594e-01
4.771041870117187500e-01
4.762802124023437500e-01
4.735751152038574219e-01
4.831843376159667969e-01
4.832458496093750000e-01
4.872837066650390625e-01
4.745848178863525391e-01
4.783537387847900391e-01
4.775013923645019531e-01
4.755320549011230469e-01
4.773306846618652344e-01
4.730665683746337891e-01
4.699711799621582031e-01
4.691684246063232422e-01
4.694299697875976562e-01
4.701421260833740234e-01
4.697268009185791016e-01
4.692873954772949219e-01
4.706442356109619141e-01
4.700462818145751953e-01
4.690804481506347656e-01
4.707098007202148438e-01
4.727187156677246094e-01
4.708850383758544922e-01
4.691059589385986328e-01
4.717702865600585938e-01
4.703466892242431641e-01
4.699754714965820312e-01
4.688816070556640625e-01
4.686417579650878906e-01
4.698135852813720703e-01
4.836525917053222656e-01
4.682102203369140625e-01
4.664425849914550781e-01
4.670557975769042969e-01
4.673111438751220703e-01
4.648137092590332031e-01
4.656422138214111328e-01
4.694321155548095703e-01
4.756410121917724609e-01
4.660677909851074219e-01
4.644854068756103516e-01
4.669759273529052734e-01
4.668879508972167969e-01
4.632556438446044922e-01
4.632596969604492188e-01
4.654257297515869141e-01
4.664337635040283203e-01
4.630072116851806641e-01
4.627802371978759766e-01
4.645032882690429688e-01
4.657740592956542969e-01
4.655747413635253906e-01
4.719679355621337891e-01
4.647665023803710938e-01
4.704618453979492188e-01
4.721035957336425781e-01
4.619936943054199219e-01
4.644005298614501953e-01
4.609916210174560547e-01
4.635469913482666016e-01
4.632852077484130859e-01
4.654781818389892578e-01
4.644734859466552734e-01
4.626588821411132812e-01
4.646973609924316406e-01
4.661972522735595703e-01
4.631590843200683594e-01
4.659233093261718750e-01
4.610314369201660156e-01
4.650940895080566406e-01
4.668874740600585938e-01
4.696438312530517578e-01
4.665515422821044922e-01
4.660568237304687500e-01
4.675168991088867188e-01
4.654939174652099609e-01
4.644486904144287109e-01
4.707560539245605469e-01
4.646105766296386719e-01
4.663617610931396484e-01
4.654731750488281250e-01
4.656491279602050781e-01
4.654841423034667969e-01
4.772741794586181641e-01
4.668998718261718750e-01
4.700756072998046875e-01
4.703154563903808594e-01
4.647641181945800781e-01
4.623899459838867188e-01
4.659605026245117188e-01
4.638919830322265625e-01
4.643402099609375000e-01
4.653267860412597656e-01
4.635984897613525391e-01
4.658272266387939453e-01
4.627442359924316406e-01
4.710500240325927734e-01
4.668755531311035156e-01
4.640400409698486328e-01
4.650957584381103516e-01
4.663412570953369141e-01
4.629302024841308594e-01
4.620242118835449219e-01
4.645833969116210938e-01
4.681804180145263672e-01
4.657962322235107422e-01
4.648928642272949219e-01
4.637293815612792969e-01
4.630980491638183594e-01
4.610385894775390625e-01
4.663951396942138672e-01
4.673502445220947266e-01
4.637818336486816406e-01
4.672682285308837891e-01
4.643385410308837891e-01
4.666943550109863281e-01
4.657332897186279297e-01
4.616904258728027344e-01
