1.478121757507324219e+00
1.404038667678833008e+00
1.341752290725708008e+00
1.466494798660278320e+00
1.364299058914184570e+00
1.380564212799072266e+00
1.359919548034667969e+00
1.405485153198242188e+00
1.479213476181030273e+00
1.381660699844360352e+00
1.393237113952636719e+00
1.358612060546875000e+00
1.364070177078247070e+00
1.398235082626342773e+00
1.365974426269531250e+00
1.352724790573120117e+00
1.399659395217895508e+00
1.250361919403076172e+00
1.359330654144287109e+00
1.359915256500244141e+00
1.370915651321411133e+00
1.352121353149414062e+00
1.335720539093017578e+00
1.473437786102294922e+00
1.375894784927368164e+00
1.339961290359497070e+00
1.402834653854370117e+00
1.410737514495849609e+00
1.393680572509765625e+00
1.384513616561889648e+00
1.456931114196777344e+00
1.423804283142089844e+00
1.424544572830200195e+00
1.419386863708496094e+00
1.335127592086791992e+00
1.372841596603393555e+00
1.376751184463500977e+00
1.358260154724121094e+00
1.382929563522338867e+00
1.393803119659423828e+00
1.372530937194824219e+00
1.372713088989257812e+00
1.394503593444824219e+00
1.354094266891479492e+00
1.362612247467041016e+00
1.400448322296142578e+00
1.313683509826660156e+00
1.384047269821166992e+00
1.325539350509643555e+00
1.330553293228149414e+00
1.315602779388427734e+00
1.400032281875610352e+00
1.472494602203369141e+00
1.374015331268310547e+00
1.307885885238647461e+00
1.312855720520019531e+00
1.404060840606689453e+00
1.356880664825439453e+00
1.360249519348144531e+00
1.367048263549804688e+00
1.369343042373657227e+00
1.404162883758544922e+00
1.513010263442993164e+00
1.429908990859985352e+00
1.518842458724975586e+00
1.444802284240722656e+00
1.470967769622802734e+00
1.494494676589965820e+00
1.499703884124755859e+00
1.408982753753662109e+00
1.452530622482299805e+00
1.353436470031738281e+00
1.452974557876586914e+00
1.373418569564819336e+00
1.373714447021484375e+00
1.390364885330200195e+00
1.349245309829711914e+00
1.404203414916992188e+00
1.378890514373779297e+00
1.355504989624023438e+00
1.408960819244384766e+00
1.354016780853271484e+00
1.392409324645996094e+00
1.317720651626586914e+00
1.346004724502563477e+00
1.405651807785034180e+00
1.379773139953613281e+00
1.346693992614746094e+00
1.410902023315429688e+00
1.419837474822998047e+00
1.470577478408813477e+00
1.425726413726806641e+00
1.571417331695556641e+00
1.499292373657226562e+00
1.438775539398193359e+00
1.441695213317871094e+00
1.373378276824951172e+00
1.446480751037597656e+00
1.399234771728515625e+00
1.306451082229614258e+00
1.406750917434692383e+00
1.381949186325073242e+00
1.339272022247314453e+00
1.446349382400512695e+00
1.294577121734619141e+00
1.377727031707763672e+00
1.379853725433349609e+00
1.392196893692016602e+00
1.385633230209350586e+00
1.328044176101684570e+00
1.326034069061279297e+00
1.300363302230834961e+00
1.392367601394653320e+00
1.399919033050537109e+00
1.380400896072387695e+00
1.391946554183959961e+00
1.379516601562500000e+00
1.364193677902221680e+00
1.379555940628051758e+00
1.305859088897705078e+00
1.380342245101928711e+00
1.377638816833496094e+00
1.397330045700073242e+00
1.400252342224121094e+00
1.351553678512573242e+00
1.320980072021484375e+00
1.340126514434814453e+00
1.358768224716186523e+00
1.415785789489746094e+00
1.326447248458862305e+00
1.368602991104125977e+00
1.355915307998657227e+00
1.331709623336791992e+00
1.459738016128540039e+00
1.321229219436645508e+00
1.378964662551879883e+00
1.392816781997680664e+00
1.318248987197875977e+00
1.495132207870483398e+00
1.408092975616455078e+00
1.308412790298461914e+00
1.401970863342285156e+00
1.426864385604858398e+00
1.454645156860351562e+00
1.352058410644531250e+00
1.428290367126464844e+00
1.444522857666015625e+00
1.437373876571655273e+00
1.459024906158447266e+00
1.392941951751708984e+00
1.444279432296752930e+00
1.473962545394897461e+00
1.406426429748535156e+00
1.453940629959106445e+00
1.474680185317993164e+00
1.415075302124023438e+00
1.471469640731811523e+00
1.477127552032470703e+00
1.506483078002929688e+00
1.467347145080566406e+00
1.491629362106323242e+00
1.406367540359497070e+00
1.408639669418334961e+00
1.443470954895019531e+00
1.385870695114135742e+00
1.881929874420166016e+00
1.427531242370605469e+00
1.499166727066040039e+00
1.466521024703979492e+00
1.542429208755493164e+00
1.411501884460449219e+00
1.416003704071044922e+00
1.390176057815551758e+00
1.361899375915527344e+00
1.521188259124755859e+00
1.377564430236816406e+00
1.358283281326293945e+00
1.357048034667968750e+00
1.393014430999755859e+00
1.429112195968627930e+00
1.403193473815917969e+00
1.396504878997802734e+00
1.308354854583740234e+00
1.314018011093139648e+00
1.493420124053955078e+00
1.379659175872802734e+00
1.380092144012451172e+00
1.391819715499877930e+00
1.389905691146850586e+00
1.383513450622558594e+00
1.372187852859497070e+00
1.379937648773193359e+00
1.353973627090454102e+00
1.379876852035522461e+00
1.390507459640502930e+00
1.369642019271850586e+00
1.298744916915893555e+00
1.394583463668823242e+00
1.355149745941162109e+00
1.381057739257812500e+00
