2.147417068481445312e+00
4.516067504882812500e-01
4.543251991271972656e-01
4.628915786743164062e-01
4.627962112426757812e-01
4.591763019561767578e-01
4.606552124023437500e-01
4.623370170593261719e-01
4.602220058441162109e-01
4.584500789642333984e-01
4.681251049041748047e-01
4.613223075866699219e-01
4.628274440765380859e-01
4.701087474822998047e-01
4.624722003936767578e-01
4.631373882293701172e-01
4.676101207733154297e-01
4.643967151641845703e-01
4.797492027282714844e-01
4.607086181640625000e-01
4.615950584411621094e-01
4.612464904785156250e-01
4.603800773620605469e-01
4.638273715972900391e-01
4.671568870544433594e-01
4.657485485076904297e-01
4.624464511871337891e-01
4.636349678039550781e-01
4.598014354705810547e-01
4.607551097869873047e-01
4.577207565307617188e-01
4.565782546997070312e-01
4.569652080535888672e-01
4.567251205444335938e-01
4.636948108673095703e-01
4.545149803161621094e-01
4.576795101165771484e-01
4.557266235351562500e-01
4.554369449615478516e-01
4.585113525390625000e-01
4.562740325927734375e-01
4.572622776031494141e-01
4.553940296173095703e-01
4.572558403015136719e-01
4.550223350524902344e-01
4.586100578308105469e-01
4.630703926086425781e-01
4.557297229766845703e-01
4.565010070800781250e-01
4.599015712738037109e-01
4.571704864501953125e-01
4.560356140136718750e-01
4.563081264495849609e-01
4.629538059234619141e-01
4.589679241180419922e-01
4.580757617950439453e-01
4.599325656890869141e-01
4.617547988891601562e-01
4.627213478088378906e-01
4.619832038879394531e-01
4.652686119079589844e-01
4.643599987030029297e-01
4.630570411682128906e-01
4.669356346130371094e-01
4.657163619995117188e-01
4.646701812744140625e-01
4.697046279907226562e-01
4.676418304443359375e-01
4.703392982482910156e-01
4.698884487152099609e-01
4.716143608093261719e-01
4.735426902770996094e-01
4.853138923645019531e-01
4.746935367584228516e-01
4.722142219543457031e-01
4.778916835784912109e-01
4.722974300384521484e-01
4.772922992706298828e-01
4.775018692016601562e-01
4.781761169433593750e-01
4.738156795501708984e-01
4.755921363830566406e-01
4.750792980194091797e-01
4.767055511474609375e-01
4.899616241455078125e-01
4.780309200286865234e-01
4.821593761444091797e-01
4.768054485321044922e-01
4.772210121154785156e-01
4.763276576995849609e-01
4.703564643859863281e-01
4.737570285797119141e-01
4.702699184417724609e-01
4.665894508361816406e-01
4.670903682708740234e-01
4.692261219024658203e-01
4.673416614532470703e-01
4.681277275085449219e-01
4.650604724884033203e-01
4.699172973632812500e-01
4.688422679901123047e-01
4.686782360076904297e-01
4.705665111541748047e-01
4.702281951904296875e-01
4.696223735809326172e-01
4.685776233673095703e-01
4.704687595367431641e-01
4.700710773468017578e-01
4.645836353302001953e-01
4.667615890502929688e-01
4.686477184295654297e-01
4.695165157318115234e-01
4.674417972564697266e-01
4.663562774658203125e-01
4.659771919250488281e-01
4.658267498016357422e-01
4.701647758483886719e-01
4.660239219665527344e-01
4.654388427734375000e-01
4.651148319244384766e-01
4.756186008453369141e-01
4.667565822601318359e-01
4.621202945709228516e-01
4.629561901092529297e-01
4.643983840942382812e-01
4.603550434112548828e-01
4.594612121582031250e-01
4.608166217803955078e-01
4.646372795104980469e-01
4.597256183624267578e-01
4.621784687042236328e-01
4.609708786010742188e-01
4.630985260009765625e-01
4.626748561859130859e-01
4.631562232971191406e-01
4.618780612945556641e-01
4.647493362426757812e-01
4.633522033691406250e-01
4.617002010345458984e-01
4.616498947143554688e-01
4.636604785919189453e-01
4.749729633331298828e-01
4.597032070159912109e-01
4.637970924377441406e-01
4.614486694335937500e-01
4.589474201202392578e-01
4.595687389373779297e-01
4.630198478698730469e-01
4.622039794921875000e-01
4.627578258514404297e-01
4.615664482116699219e-01
4.594609737396240234e-01
4.638555049896240234e-01
4.640359878540039062e-01
4.660747051239013672e-01
4.648392200469970703e-01
4.650237560272216797e-01
4.634420871734619141e-01
4.617307186126708984e-01
4.725918769836425781e-01
4.625508785247802734e-01
4.629631042480468750e-01
4.597263336181640625e-01
4.638683795928955078e-01
4.621524810791015625e-01
4.709365367889404297e-01
4.630110263824462891e-01
4.658284187316894531e-01
4.687840938568115234e-01
4.637255668640136719e-01
4.661405086517333984e-01
4.630863666534423828e-01
4.626204967498779297e-01
4.633343219757080078e-01
4.666020870208740234e-01
4.635953903198242188e-01
4.649136066436767578e-01
4.619359970092773438e-01
4.663312435150146484e-01
4.658925533294677734e-01
4.657237529754638672e-01
4.656589031219482422e-01
4.654066562652587891e-01
4.607558250427246094e-01
4.621522426605224609e-01
4.641919136047363281e-01
4.658370018005371094e-01
4.678630828857421875e-01
4.655518531799316406e-01
4.640548229217529297e-01
4.643080234527587891e-01
4.622070789337158203e-01
4.627017974853515625e-01
4.679906368255615234e-01
4.642293453216552734e-01
4.672760963439941406e-01
4.637215137481689453e-01
4.665005207061767578e-01
4.653613567352294922e-01
4.620482921600341797e-01
