1.478118896484375000e+00
1.404040098190307617e+00
1.341752290725708008e+00
1.466495037078857422e+00
1.364302158355712891e+00
1.380566120147705078e+00
1.359915971755981445e+00
1.405483961105346680e+00
1.479213476181030273e+00
1.381658315658569336e+00
1.393236398696899414e+00
1.358613252639770508e+00
1.364073038101196289e+00
1.398235797882080078e+00
1.365974664688110352e+00
1.342973470687866211e+00
1.399663925170898438e+00
1.250359535217285156e+00
1.359332561492919922e+00
1.359915256500244141e+00
1.370914220809936523e+00
1.352123737335205078e+00
1.335719347000122070e+00
1.473438501358032227e+00
1.375898599624633789e+00
1.339961528778076172e+00
1.402839660644531250e+00
1.410742521286010742e+00
1.393685817718505859e+00
1.384513616561889648e+00
1.456933259963989258e+00
1.423804521560668945e+00
1.424546718597412109e+00
1.419387578964233398e+00
1.335128307342529297e+00
1.372841596603393555e+00
1.376752614974975586e+00
1.358266115188598633e+00
1.382924556732177734e+00
1.393805027008056641e+00
1.372532844543457031e+00
1.372713088989257812e+00
1.394505023956298828e+00
1.354096651077270508e+00
1.362612724304199219e+00
1.400445461273193359e+00
1.313680887222290039e+00
1.384056091308593750e+00
1.325536966323852539e+00
1.330555915832519531e+00
1.315605640411376953e+00
1.400033712387084961e+00
1.472496747970581055e+00
1.374016284942626953e+00
1.307883501052856445e+00
1.312854290008544922e+00
1.404058456420898438e+00
1.356881856918334961e+00
1.360250473022460938e+00
1.367049694061279297e+00
1.369342088699340820e+00
1.404159307479858398e+00
1.513010025024414062e+00
1.429913043975830078e+00
1.518845081329345703e+00
1.444803714752197266e+00
1.470965623855590820e+00
1.494496107101440430e+00
1.499704837799072266e+00
1.408981800079345703e+00
1.452532052993774414e+00
1.353442192077636719e+00
1.452972412109375000e+00
1.373416900634765625e+00
1.373715400695800781e+00
1.390368223190307617e+00
1.349244356155395508e+00
1.404204130172729492e+00
1.378891944885253906e+00
1.355501651763916016e+00
1.408958673477172852e+00
1.354017734527587891e+00
1.392405271530151367e+00
1.317721605300903320e+00
1.346010923385620117e+00
1.405651569366455078e+00
1.379771471023559570e+00
1.346695184707641602e+00
1.410902500152587891e+00
1.419834375381469727e+00
1.470576763153076172e+00
1.425723552703857422e+00
1.571417570114135742e+00
1.499297618865966797e+00
1.438773870468139648e+00
1.441692352294921875e+00
1.373384475708007812e+00
1.446482419967651367e+00
1.399233579635620117e+00
1.306452035903930664e+00
1.406752109527587891e+00
1.381949424743652344e+00
1.339278459548950195e+00
1.446353197097778320e+00
1.294580936431884766e+00
1.377732753753662109e+00
1.379848957061767578e+00
1.392199277877807617e+00
1.385637283325195312e+00
1.328045845031738281e+00
1.326040506362915039e+00
1.300369262695312500e+00
1.392369270324707031e+00
1.399917364120483398e+00
1.380398750305175781e+00
1.391945838928222656e+00
1.379515886306762695e+00
1.364196300506591797e+00
1.379559278488159180e+00
1.305856704711914062e+00
1.380341053009033203e+00
1.377638816833496094e+00
1.397333621978759766e+00
1.400254964828491211e+00
1.351553440093994141e+00
1.320982694625854492e+00
1.340126752853393555e+00
1.358768701553344727e+00
1.415788173675537109e+00
1.326446294784545898e+00
1.368607044219970703e+00
1.355910778045654297e+00
1.331708908081054688e+00
1.459738254547119141e+00
1.321228742599487305e+00
1.378962993621826172e+00
1.392815828323364258e+00
1.318248271942138672e+00
1.495134592056274414e+00
1.408093214035034180e+00
1.308406591415405273e+00
1.401972532272338867e+00
1.426864624023437500e+00
1.454641819000244141e+00
1.352061033248901367e+00
1.428289413452148438e+00
1.444543361663818359e+00
1.437372207641601562e+00
1.459025859832763672e+00
1.392937183380126953e+00
1.444279193878173828e+00
1.473966598510742188e+00
1.406428098678588867e+00
1.453940868377685547e+00
1.474678754806518555e+00
1.415077447891235352e+00
1.471470832824707031e+00
1.477126598358154297e+00
1.506481885910034180e+00
1.467347145080566406e+00
1.491632223129272461e+00
1.406370401382446289e+00
1.408637523651123047e+00
1.443470239639282227e+00
1.385871171951293945e+00
1.881933689117431641e+00
1.427536249160766602e+00
1.499175071716308594e+00
1.469533205032348633e+00
1.542434453964233398e+00
1.411506891250610352e+00
1.416002511978149414e+00
1.390180587768554688e+00
1.361895799636840820e+00
1.521186828613281250e+00
1.377560853958129883e+00
1.358278751373291016e+00
1.357046365737915039e+00
1.393017530441284180e+00
1.429114580154418945e+00
1.403193473815917969e+00
1.396497011184692383e+00
1.308356761932373047e+00
1.314018487930297852e+00
1.493421554565429688e+00
1.379660367965698242e+00
1.380091905593872070e+00
1.391817569732666016e+00
1.389905452728271484e+00
1.383514642715454102e+00
1.372187376022338867e+00
1.379928112030029297e+00
1.353976249694824219e+00
1.379878044128417969e+00
1.390508413314819336e+00
1.369640827178955078e+00
1.298740386962890625e+00
1.394582748413085938e+00
1.355151414871215820e+00
1.381058931350708008e+00
