2.143480777740478516e+00
4.501070976257324219e-01
4.598183631896972656e-01
4.545671939849853516e-01
4.541058540344238281e-01
4.538419246673583984e-01
4.533085823059082031e-01
4.542553424835205078e-01
4.593780040740966797e-01
4.550011157989501953e-01
4.595239162445068359e-01
4.592366218566894531e-01
4.614531993865966797e-01
4.608330726623535156e-01
4.611151218414306641e-01
4.597299098968505859e-01
4.639923572540283203e-01
4.633407592773437500e-01
4.742968082427978516e-01
4.581422805786132812e-01
4.571461677551269531e-01
4.556744098663330078e-01
4.584357738494873047e-01
4.597263336181640625e-01
4.611580371856689453e-01
4.606859683990478516e-01
4.582281112670898438e-01
4.594247341156005859e-01
4.558455944061279297e-01
4.566893577575683594e-01
4.522945880889892578e-01
4.528939723968505859e-01
4.526093006134033203e-01
4.523034095764160156e-01
4.586946964263916016e-01
4.495310783386230469e-01
4.532876014709472656e-01
4.532172679901123047e-01
4.525065422058105469e-01
4.528968334197998047e-01
4.531698226928710938e-01
4.507341384887695312e-01
4.582612514495849609e-01
4.546885490417480469e-01
4.568538665771484375e-01
4.538860321044921875e-01
4.524261951446533203e-01
4.575066566467285156e-01
4.510805606842041016e-01
4.512991905212402344e-01
4.635124206542968750e-01
4.544465541839599609e-01
4.512925148010253906e-01
4.609534740447998047e-01
4.534153938293457031e-01
4.615077972412109375e-01
4.556028842926025391e-01
4.603466987609863281e-01
4.539070129394531250e-01
4.558322429656982422e-01
4.627101421356201172e-01
4.566516876220703125e-01
4.583432674407958984e-01
4.596893787384033203e-01
4.692249298095703125e-01
4.640092849731445312e-01
4.659790992736816406e-01
4.610416889190673828e-01
4.630224704742431641e-01
4.637734889984130859e-01
4.667041301727294922e-01
4.669449329376220703e-01
4.693367481231689453e-01
4.682292938232421875e-01
4.730000495910644531e-01
4.804980754852294922e-01
4.696519374847412109e-01
4.716272354125976562e-01
4.714431762695312500e-01
4.696533679962158203e-01
4.741971492767333984e-01
4.714529514312744141e-01
4.766211509704589844e-01
4.704444408416748047e-01
4.861681461334228516e-01
4.732425212860107422e-01
4.797959327697753906e-01
4.711043834686279297e-01
4.722313880920410156e-01
4.700772762298583984e-01
4.679567813873291016e-01
4.716889858245849609e-01
4.695811271667480469e-01
4.651143550872802734e-01
4.654612541198730469e-01
4.641473293304443359e-01
4.649751186370849609e-01
4.683535099029541016e-01
4.645256996154785156e-01
4.686100482940673828e-01
4.663791656494140625e-01
4.659092426300048828e-01
4.692473411560058594e-01
4.675798416137695312e-01
4.624495506286621094e-01
4.714901447296142578e-01
4.711914062500000000e-01
4.657468795776367188e-01
4.646091461181640625e-01
4.595012664794921875e-01
4.637663364410400391e-01
4.637894630432128906e-01
4.640319347381591797e-01
4.615261554718017578e-01
4.620552062988281250e-01
4.609200954437255859e-01
4.591867923736572266e-01
4.633035659790039062e-01
4.568762779235839844e-01
4.587247371673583984e-01
4.660136699676513672e-01
4.584801197052001953e-01
4.564793109893798828e-01
4.619054794311523438e-01
4.600808620452880859e-01
4.568741321563720703e-01
4.556624889373779297e-01
4.582381248474121094e-01
4.597573280334472656e-01
4.552886486053466797e-01
4.571950435638427734e-01
4.554922580718994141e-01
4.580698013305664062e-01
4.612104892730712891e-01
4.554281234741210938e-01
4.586594104766845703e-01
4.665777683258056641e-01
4.553918838500976562e-01
4.560780525207519531e-01
4.755835533142089844e-01
4.564249515533447266e-01
4.569942951202392578e-01
4.572212696075439453e-01
4.605417251586914062e-01
4.574913978576660156e-01
4.585607051849365234e-01
4.575626850128173828e-01
4.596223831176757812e-01
4.562234878540039062e-01
4.615411758422851562e-01
4.570748805999755859e-01
4.562687873840332031e-01
4.594917297363281250e-01
4.686348438262939453e-01
4.752116203308105469e-01
4.565305709838867188e-01
4.591295719146728516e-01
4.579956531524658203e-01
4.571013450622558594e-01
4.647281169891357422e-01
4.614810943603515625e-01
4.591195583343505859e-01
4.571561813354492188e-01
4.591429233551025391e-01
4.612965583801269531e-01
4.693791866302490234e-01
4.634051322937011719e-01
4.602327346801757812e-01
4.650752544403076172e-01
4.605708122253417969e-01
4.605176448822021484e-01
4.624171257019042969e-01
4.604616165161132812e-01
4.587492942810058594e-01
4.579122066497802734e-01
4.605360031127929688e-01
4.631025791168212891e-01
4.602637290954589844e-01
4.621398448944091797e-01
4.608242511749267578e-01
4.583675861358642578e-01
4.592406749725341797e-01
4.594292640686035156e-01
4.615314006805419922e-01
4.651925563812255859e-01
4.594254493713378906e-01
4.579036235809326172e-01
4.601106643676757812e-01
4.583122730255126953e-01
4.559175968170166016e-01
4.563138484954833984e-01
4.612414836883544922e-01
4.613380432128906250e-01
4.615113735198974609e-01
4.578988552093505859e-01
4.623446464538574219e-01
4.574601650238037109e-01
4.619367122650146484e-01
4.614801406860351562e-01
4.600384235382080078e-01
