1.478118896484375000e+00
1.404039144515991211e+00
1.341751575469970703e+00
1.466492891311645508e+00
1.364299535751342773e+00
1.380561590194702148e+00
1.359916210174560547e+00
1.405484676361083984e+00
1.479213953018188477e+00
1.381658792495727539e+00
1.393236160278320312e+00
1.358612537384033203e+00
1.364069461822509766e+00
1.398232221603393555e+00
1.365973711013793945e+00
1.352721691131591797e+00
1.399661540985107422e+00
1.250359535217285156e+00
1.359330892562866211e+00
1.359913587570190430e+00
1.370913505554199219e+00
1.352122783660888672e+00
1.335719347000122070e+00
1.473439693450927734e+00
1.375895500183105469e+00
1.339958906173706055e+00
1.402835845947265625e+00
1.410738706588745117e+00
1.393682241439819336e+00
1.384512901306152344e+00
1.456931114196777344e+00
1.423804044723510742e+00
1.424543857574462891e+00
1.419385910034179688e+00
1.335127353668212891e+00
1.372839927673339844e+00
1.376750230789184570e+00
1.358258247375488281e+00
1.382923126220703125e+00
1.393803596496582031e+00
1.372529506683349609e+00
1.372712850570678711e+00
1.394501686096191406e+00
1.354093790054321289e+00
1.362610816955566406e+00
1.400443553924560547e+00
1.313681602478027344e+00
1.384048223495483398e+00
1.325556039810180664e+00
1.330552816390991211e+00
1.315603733062744141e+00
1.400032281875610352e+00
1.472497940063476562e+00
1.374015092849731445e+00
1.307885169982910156e+00
1.312855958938598633e+00
1.404059410095214844e+00
1.356880187988281250e+00
1.360248327255249023e+00
1.367047309875488281e+00
1.369340658187866211e+00
1.404160976409912109e+00
1.513013124465942383e+00
1.429908990859985352e+00
1.518841505050659180e+00
1.444800376892089844e+00
1.470968484878540039e+00
1.494492053985595703e+00
1.499703407287597656e+00
1.408983230590820312e+00
1.452531576156616211e+00
1.353435993194580078e+00
1.452972173690795898e+00
1.373415946960449219e+00
1.373714923858642578e+00
1.390365600585937500e+00
1.349244832992553711e+00
1.404199600219726562e+00
1.378890514373779297e+00
1.355504512786865234e+00
1.408972024917602539e+00
1.354017019271850586e+00
1.392407417297363281e+00
1.317722320556640625e+00
1.346004009246826172e+00
1.405650615692138672e+00
1.379773378372192383e+00
1.346690893173217773e+00
1.410902261734008789e+00
1.419835329055786133e+00
1.470576286315917969e+00
1.425724744796752930e+00
1.571415662765502930e+00
1.499302148818969727e+00
1.438774108886718750e+00
1.441691637039184570e+00
1.373377799987792969e+00
1.446480751037597656e+00
1.399233579635620117e+00
1.306458234786987305e+00
1.406750202178955078e+00
1.381947994232177734e+00
1.339278936386108398e+00
1.446349382400512695e+00
1.294576883316040039e+00
1.377732992172241211e+00
1.379851818084716797e+00
1.392194986343383789e+00
1.385632514953613281e+00
1.328043460845947266e+00
1.326037645339965820e+00
1.300365447998046875e+00
1.392368316650390625e+00
1.399917840957641602e+00
1.380399942398071289e+00
1.391944646835327148e+00
1.379515409469604492e+00
1.364192962646484375e+00
1.379558086395263672e+00
1.305857419967651367e+00
1.380341053009033203e+00
1.377640008926391602e+00
1.397331476211547852e+00
1.400251626968383789e+00
1.351560354232788086e+00
1.320979595184326172e+00
1.340123891830444336e+00
1.358773946762084961e+00
1.415786743164062500e+00
1.326445579528808594e+00
1.368608713150024414e+00
1.355911493301391602e+00
1.331709623336791992e+00
1.459740877151489258e+00
1.321227788925170898e+00
1.378962278366088867e+00
1.392824172973632812e+00
1.318249702453613281e+00
1.495131015777587891e+00
1.408094406127929688e+00
1.308406829833984375e+00
1.401968002319335938e+00
1.426863193511962891e+00
1.454646110534667969e+00
1.352058649063110352e+00
1.428290128707885742e+00
1.444524288177490234e+00
1.437373161315917969e+00
1.459024190902709961e+00
1.392933845520019531e+00
1.444279432296752930e+00
1.473959922790527344e+00
1.406424760818481445e+00
1.453939914703369141e+00
1.474678993225097656e+00
1.415078878402709961e+00
1.471467733383178711e+00
1.477125644683837891e+00
1.506483316421508789e+00
1.467347621917724609e+00
1.491630077362060547e+00
1.406364440917968750e+00
1.408638000488281250e+00
1.443470954895019531e+00
1.385870218276977539e+00
1.881928920745849609e+00
1.427529573440551758e+00
1.499162435531616211e+00
1.466523170471191406e+00
1.542430162429809570e+00
1.411500692367553711e+00
1.416002273559570312e+00
1.390174865722656250e+00
1.361895561218261719e+00
1.521188259124755859e+00
1.377558469772338867e+00
1.358282089233398438e+00
1.357047319412231445e+00
1.393014669418334961e+00
1.429112672805786133e+00
1.403191566467285156e+00
1.396498918533325195e+00
1.308355331420898438e+00
1.314018487930297852e+00
1.493417739868164062e+00
1.379657268524169922e+00
1.380091428756713867e+00
1.391817569732666016e+00
1.389905452728271484e+00
1.383516788482666016e+00
1.372189044952392578e+00
1.379928350448608398e+00
1.353976488113403320e+00
1.379875421524047852e+00
1.390506505966186523e+00
1.369643926620483398e+00
1.298744440078735352e+00
1.394583940505981445e+00
1.355148792266845703e+00
1.381058931350708008e+00
