2.600224494934082031e+00
7.556881904602050781e-01
7.562901973724365234e-01
7.947778701782226562e-01
8.153812885284423828e-01
7.702753543853759766e-01
7.533862590789794922e-01
7.564029693603515625e-01
7.631840705871582031e-01
7.627217769622802734e-01
7.624156475067138672e-01
7.632536888122558594e-01
7.654130458831787109e-01
7.616746425628662109e-01
7.543170452117919922e-01
7.765591144561767578e-01
7.629692554473876953e-01
7.559480667114257812e-01
7.573015689849853516e-01
7.581951618194580078e-01
7.609915733337402344e-01
7.647917270660400391e-01
7.644569873809814453e-01
7.644753456115722656e-01
7.617785930633544922e-01
7.621698379516601562e-01
7.664194107055664062e-01
7.682728767395019531e-01
8.277254104614257812e-01
7.772960662841796875e-01
7.629415988922119141e-01
7.485406398773193359e-01
7.488801479339599609e-01
7.520158290863037109e-01
7.521536350250244141e-01
8.457691669464111328e-01
7.883105278015136719e-01
7.723569869995117188e-01
7.888953685760498047e-01
7.702963352203369141e-01
8.146085739135742188e-01
7.790360450744628906e-01
7.824370861053466797e-01
8.463716506958007812e-01
8.067827224731445312e-01
7.731032371520996094e-01
7.850537300109863281e-01
7.569978237152099609e-01
8.074295520782470703e-01
7.598779201507568359e-01
7.651562690734863281e-01
7.973966598510742188e-01
7.669389247894287109e-01
7.695720195770263672e-01
7.738673686981201172e-01
7.684814929962158203e-01
7.782101631164550781e-01
7.751891613006591797e-01
7.693915367126464844e-01
7.804160118103027344e-01
7.761559486389160156e-01
7.702670097351074219e-01
7.851722240447998047e-01
7.899293899536132812e-01
7.764539718627929688e-01
7.665004730224609375e-01
7.784483432769775391e-01
7.762904167175292969e-01
7.668902873992919922e-01
7.706198692321777344e-01
7.739691734313964844e-01
7.789630889892578125e-01
7.694740295410156250e-01
7.741940021514892578e-01
7.798893451690673828e-01
7.794470787048339844e-01
7.740638256072998047e-01
7.785608768463134766e-01
7.919650077819824219e-01
7.787425518035888672e-01
7.706158161163330078e-01
7.813706398010253906e-01
7.775385379791259766e-01
7.758417129516601562e-01
7.932033538818359375e-01
8.126442432403564453e-01
7.625641822814941406e-01
8.211643695831298828e-01
7.714152336120605469e-01
8.066310882568359375e-01
7.876946926116943359e-01
8.004212379455566406e-01
7.632341384887695312e-01
7.749249935150146484e-01
7.673814296722412109e-01
7.582240104675292969e-01
7.689983844757080078e-01
7.640149593353271484e-01
7.937488555908203125e-01
8.416936397552490234e-01
7.831387519836425781e-01
7.795886993408203125e-01
7.876815795898437500e-01
7.896399497985839844e-01
7.809131145477294922e-01
7.913820743560791016e-01
7.894492149353027344e-01
7.855041027069091797e-01
7.835550308227539062e-01
7.849545478820800781e-01
7.835550308227539062e-01
7.759265899658203125e-01
7.998650074005126953e-01
8.271040916442871094e-01
7.810461521148681641e-01
8.826458454132080078e-01
8.404459953308105469e-01
8.059275150299072266e-01
8.369772434234619141e-01
8.048672676086425781e-01
7.697079181671142578e-01
7.966904640197753906e-01
7.993190288543701172e-01
7.748279571533203125e-01
8.053812980651855469e-01
7.749371528625488281e-01
8.326888084411621094e-01
7.798590660095214844e-01
7.796561717987060547e-01
8.090429306030273438e-01
7.659649848937988281e-01
8.041701316833496094e-01
9.232079982757568359e-01
8.116340637207031250e-01
7.822291851043701172e-01
7.604267597198486328e-01
7.652518749237060547e-01
7.959203720092773438e-01
7.920401096343994141e-01
7.886121273040771484e-01
7.735421657562255859e-01
8.314456939697265625e-01
7.881944179534912109e-01
7.842946052551269531e-01
7.860326766967773438e-01
7.865414619445800781e-01
7.921116352081298828e-01
7.894659042358398438e-01
7.849824428558349609e-01
7.839083671569824219e-01
7.837796211242675781e-01
7.850172519683837891e-01
7.841761112213134766e-01
7.944502830505371094e-01
7.961554527282714844e-01
7.954709529876708984e-01
7.968096733093261719e-01
7.965550422668457031e-01
7.878694534301757812e-01
7.891564369201660156e-01
8.000562191009521484e-01
7.936644554138183594e-01
7.879760265350341797e-01
7.881305217742919922e-01
7.872319221496582031e-01
7.863225936889648438e-01
8.059020042419433594e-01
7.818892002105712891e-01
7.827897071838378906e-01
7.981781959533691406e-01
7.727937698364257812e-01
7.762651443481445312e-01
7.936389446258544922e-01
7.893373966217041016e-01
7.867193222045898438e-01
7.828421592712402344e-01
7.891669273376464844e-01
7.897808551788330078e-01
7.801740169525146484e-01
7.819116115570068359e-01
7.793118953704833984e-01
7.761106491088867188e-01
7.787213325500488281e-01
7.806274890899658203e-01
7.710201740264892578e-01
7.661538124084472656e-01
7.914474010467529297e-01
7.651226520538330078e-01
7.882933616638183594e-01
7.868359088897705078e-01
7.943716049194335938e-01
8.133215904235839844e-01
7.807855606079101562e-01
8.313772678375244141e-01
8.066344261169433594e-01
7.913386821746826172e-01
7.759306430816650391e-01
7.661383152008056641e-01
8.036835193634033203e-01
8.830029964447021484e-01
