7.669539451599121094e-01
8.148405551910400391e-01
7.641139030456542969e-01
7.908163070678710938e-01
8.618609905242919922e-01
7.465660572052001953e-01
7.691874504089355469e-01
7.681486606597900391e-01
7.681488990783691406e-01
7.685489654541015625e-01
7.899651527404785156e-01
7.610497474670410156e-01
7.618207931518554688e-01
7.673139572143554688e-01
7.761352062225341797e-01
7.890636920928955078e-01
8.678193092346191406e-01
7.453052997589111328e-01
7.857792377471923828e-01
7.220425605773925781e-01
7.395591735839843750e-01
7.719604969024658203e-01
7.420792579650878906e-01
7.586288452148437500e-01
7.678999900817871094e-01
7.847635746002197266e-01
7.721796035766601562e-01
7.660584449768066406e-01
7.673091888427734375e-01
7.398746013641357422e-01
7.871277332305908203e-01
7.875514030456542969e-01
7.730314731597900391e-01
7.762031555175781250e-01
7.828092575073242188e-01
8.249719142913818359e-01
7.510099411010742188e-01
7.457330226898193359e-01
7.416565418243408203e-01
7.584340572357177734e-01
7.566850185394287109e-01
7.702898979187011719e-01
7.579941749572753906e-01
8.179149627685546875e-01
7.802917957305908203e-01
7.814867496490478516e-01
7.699458599090576172e-01
8.669331073760986328e-01
7.478282451629638672e-01
8.062815666198730469e-01
7.678506374359130859e-01
7.764582633972167969e-01
7.638366222381591797e-01
7.462801933288574219e-01
7.498648166656494141e-01
7.434976100921630859e-01
7.559156417846679688e-01
7.612662315368652344e-01
7.841241359710693359e-01
7.756085395812988281e-01
7.473647594451904297e-01
7.604658603668212891e-01
7.550575733184814453e-01
7.832183837890625000e-01
7.789857387542724609e-01
8.100197315216064453e-01
8.240287303924560547e-01
7.656979560852050781e-01
8.094456195831298828e-01
7.775056362152099609e-01
7.599463462829589844e-01
7.602162361145019531e-01
8.224062919616699219e-01
7.940390110015869141e-01
7.614758014678955078e-01
7.409718036651611328e-01
7.511904239654541016e-01
7.708292007446289062e-01
7.515466213226318359e-01
8.158638477325439453e-01
7.306916713714599609e-01
7.250678539276123047e-01
7.542574405670166016e-01
7.824156284332275391e-01
7.628896236419677734e-01
7.756545543670654297e-01
7.666122913360595703e-01
7.954075336456298828e-01
7.627880573272705078e-01
8.442924022674560547e-01
8.137953281402587891e-01
7.779822349548339844e-01
7.705321311950683594e-01
7.535653114318847656e-01
7.360386848449707031e-01
7.751765251159667969e-01
7.559792995452880859e-01
7.927789688110351562e-01
7.645754814147949219e-01
7.525153160095214844e-01
7.635326385498046875e-01
7.690837383270263672e-01
7.754595279693603516e-01
7.479331493377685547e-01
7.464876174926757812e-01
7.687418460845947266e-01
8.115499019622802734e-01
7.679495811462402344e-01
8.153376579284667969e-01
7.856731414794921875e-01
7.466440200805664062e-01
7.880916595458984375e-01
7.586994171142578125e-01
7.689232826232910156e-01
7.751724720001220703e-01
7.758831977844238281e-01
7.944934368133544922e-01
7.738857269287109375e-01
8.064305782318115234e-01
8.304238319396972656e-01
7.776961326599121094e-01
7.547273635864257812e-01
7.843177318572998047e-01
7.353844642639160156e-01
7.613477706909179688e-01
7.523934841156005859e-01
7.664058208465576172e-01
7.483358383178710938e-01
7.700107097625732422e-01
7.530007362365722656e-01
8.071963787078857422e-01
7.372424602508544922e-01
7.720177173614501953e-01
7.914204597473144531e-01
7.769105434417724609e-01
7.888922691345214844e-01
7.619597911834716797e-01
7.873020172119140625e-01
7.834367752075195312e-01
7.780394554138183594e-01
8.125729560852050781e-01
7.743804454803466797e-01
7.932631969451904297e-01
7.915554046630859375e-01
7.776737213134765625e-01
7.909128665924072266e-01
7.793560028076171875e-01
7.454309463500976562e-01
7.454483509063720703e-01
7.733008861541748047e-01
7.498371601104736328e-01
7.484071254730224609e-01
7.346885204315185547e-01
8.596785068511962891e-01
7.217562198638916016e-01
7.296199798583984375e-01
7.265374660491943359e-01
7.230780124664306641e-01
7.215552330017089844e-01
7.203080654144287109e-01
7.717545032501220703e-01
7.628057003021240234e-01
7.695505619049072266e-01
7.678740024566650391e-01
7.606303691864013672e-01
8.787088394165039062e-01
7.997760772705078125e-01
7.610933780670166016e-01
7.666087150573730469e-01
7.782552242279052734e-01
7.584700584411621094e-01
7.677457332611083984e-01
7.461791038513183594e-01
7.714741230010986328e-01
7.550983428955078125e-01
7.844202518463134766e-01
7.712631225585937500e-01
8.366870880126953125e-01
7.251808643341064453e-01
7.599837779998779297e-01
7.907485961914062500e-01
7.630527019500732422e-01
7.498412132263183594e-01
7.885844707489013672e-01
8.038990497589111328e-01
7.526850700378417969e-01
7.649817466735839844e-01
7.358744144439697266e-01
7.304992675781250000e-01
7.714998722076416016e-01
8.966081142425537109e-01
7.874808311462402344e-01
7.612712383270263672e-01
7.544960975646972656e-01
7.677006721496582031e-01
7.655160427093505859e-01
7.770879268646240234e-01
7.937867641448974609e-01
7.906241416931152344e-01
7.824475765228271484e-01
