7.669720649719238281e-01
8.109228610992431641e-01
7.641108036041259766e-01
7.908017635345458984e-01
8.618423938751220703e-01
7.465639114379882812e-01
7.691817283630371094e-01
7.681376934051513672e-01
7.681546211242675781e-01
7.685422897338867188e-01
7.899727821350097656e-01
7.610673904418945312e-01
7.618253231048583984e-01
7.673351764678955078e-01
7.761166095733642578e-01
7.890617847442626953e-01
8.678250312805175781e-01
7.453060150146484375e-01
7.857677936553955078e-01
7.220323085784912109e-01
7.395462989807128906e-01
7.719552516937255859e-01
7.420873641967773438e-01
7.586362361907958984e-01
7.679219245910644531e-01
7.847712039947509766e-01
7.721943855285644531e-01
7.660663127899169922e-01
7.673065662384033203e-01
7.398633956909179688e-01
7.871274948120117188e-01
7.875456809997558594e-01
7.730317115783691406e-01
7.761936187744140625e-01
7.828102111816406250e-01
8.249812126159667969e-01
7.510180473327636719e-01
7.457456588745117188e-01
7.416532039642333984e-01
7.584321498870849609e-01
7.495224475860595703e-01
7.702724933624267578e-01
7.579858303070068359e-01
8.179285526275634766e-01
7.802827358245849609e-01
7.814722061157226562e-01
7.699451446533203125e-01
8.669557571411132812e-01
7.478148937225341797e-01
8.063058853149414062e-01
7.402870655059814453e-01
7.764632701873779297e-01
7.638342380523681641e-01
7.462635040283203125e-01
7.498495578765869141e-01
7.506265640258789062e-01
7.559094429016113281e-01
7.612786293029785156e-01
7.841174602508544922e-01
7.756068706512451172e-01
7.473649978637695312e-01
7.604577541351318359e-01
7.550473213195800781e-01
7.831950187683105469e-01
7.789702415466308594e-01
8.100104331970214844e-01
8.240380287170410156e-01
7.657070159912109375e-01
8.094573020935058594e-01
7.775101661682128906e-01
7.599604129791259766e-01
7.433295249938964844e-01
8.224189281463623047e-01
7.778806686401367188e-01
7.614994049072265625e-01
7.409696578979492188e-01
7.511780261993408203e-01
7.708480358123779297e-01
7.515530586242675781e-01
8.158886432647705078e-01
7.306911945343017578e-01
7.250778675079345703e-01
7.542405128479003906e-01
7.824242115020751953e-01
7.628846168518066406e-01
7.756459712982177734e-01
7.665874958038330078e-01
7.953941822052001953e-01
7.627799510955810547e-01
8.442847728729248047e-01
8.137977123260498047e-01
7.779815196990966797e-01
7.705278396606445312e-01
7.535662651062011719e-01
7.360179424285888672e-01
7.751693725585937500e-01
7.559661865234375000e-01
7.981488704681396484e-01
7.645697593688964844e-01
7.525272369384765625e-01
7.625648975372314453e-01
7.690744400024414062e-01
7.754640579223632812e-01
7.128243446350097656e-01
7.464559078216552734e-01
7.687566280364990234e-01
8.087770938873291016e-01
7.679541110992431641e-01
8.079481124877929688e-01
7.856802940368652344e-01
7.462625503540039062e-01
7.880756855010986328e-01
7.587018013000488281e-01
7.524731159210205078e-01
7.751736640930175781e-01
7.758884429931640625e-01
7.945237159729003906e-01
7.738933563232421875e-01
8.064422607421875000e-01
8.304359912872314453e-01
7.776863574981689453e-01
7.547311782836914062e-01
7.843210697174072266e-01
7.354006767272949219e-01
7.613537311553955078e-01
7.523820400238037109e-01
7.664003372192382812e-01
7.483310699462890625e-01
7.700228691101074219e-01
7.530124187469482422e-01
8.071963787078857422e-01
7.372443675994873047e-01
7.720305919647216797e-01
7.914266586303710938e-01
7.769076824188232422e-01
7.888991832733154297e-01
7.619752883911132812e-01
7.873027324676513672e-01
7.725851535797119141e-01
7.780284881591796875e-01
7.974905967712402344e-01
7.743842601776123047e-01
7.932753562927246094e-01
7.915666103363037109e-01
7.776634693145751953e-01
7.909109592437744141e-01
7.793560028076171875e-01
7.454311847686767578e-01
7.454464435577392578e-01
7.733051776885986328e-01
7.498366832733154297e-01
7.483963966369628906e-01
7.346875667572021484e-01
8.596742153167724609e-01
7.217707633972167969e-01
7.296185493469238281e-01
7.265393733978271484e-01
7.230858802795410156e-01
7.215583324432373047e-01
7.203149795532226562e-01
7.717642784118652344e-01
7.627940177917480469e-01
7.695252895355224609e-01
7.678608894348144531e-01
7.606148719787597656e-01
8.787052631378173828e-01
7.997992038726806641e-01
7.610876560211181641e-01
7.665934562683105469e-01
7.782242298126220703e-01
7.584714889526367188e-01
7.677431106567382812e-01
7.461545467376708984e-01
7.714688777923583984e-01
7.551009654998779297e-01
7.687568664550781250e-01
7.712395191192626953e-01
8.367025852203369141e-01
7.251751422882080078e-01
7.599811553955078125e-01
7.907443046569824219e-01
7.630496025085449219e-01
7.498357295989990234e-01
7.885804176330566406e-01
8.039009571075439453e-01
7.526848316192626953e-01
7.649924755096435547e-01
7.358758449554443359e-01
7.305088043212890625e-01
7.715084552764892578e-01
8.966093063354492188e-01
7.875001430511474609e-01
7.612814903259277344e-01
7.545080184936523438e-01
7.677180767059326172e-01
7.655208110809326172e-01
7.770926952362060547e-01
7.938041687011718750e-01
7.906427383422851562e-01
7.824568748474121094e-01
