7.669467926025390625e-01
8.148405551910400391e-01
7.641205787658691406e-01
7.908148765563964844e-01
8.618583679199218750e-01
7.465686798095703125e-01
7.691857814788818359e-01
7.681450843811035156e-01
7.681484222412109375e-01
7.685487270355224609e-01
7.899708747863769531e-01
7.505166530609130859e-01
7.618215084075927734e-01
7.673280239105224609e-01
7.761313915252685547e-01
7.890627384185791016e-01
8.678212165832519531e-01
7.453074455261230469e-01
7.857661247253417969e-01
7.220447063446044922e-01
7.395615577697753906e-01
7.719581127166748047e-01
7.420790195465087891e-01
7.586245536804199219e-01
7.678990364074707031e-01
7.847669124603271484e-01
7.721836566925048828e-01
7.660622596740722656e-01
7.673110961914062500e-01
7.398755550384521484e-01
7.871224880218505859e-01
7.875540256500244141e-01
7.730305194854736328e-01
7.762033939361572266e-01
7.828083038330078125e-01
8.249731063842773438e-01
7.510101795196533203e-01
7.457346916198730469e-01
7.416579723358154297e-01
7.584354877471923828e-01
7.566883563995361328e-01
7.702863216400146484e-01
7.424905300140380859e-01
8.179152011871337891e-01
7.802896499633789062e-01
7.814841270446777344e-01
7.699477672576904297e-01
8.669359683990478516e-01
7.478256225585937500e-01
8.062849044799804688e-01
7.678477764129638672e-01
7.764570713043212891e-01
7.638359069824218750e-01
7.462768554687500000e-01
7.498631477355957031e-01
7.506284713745117188e-01
7.559213638305664062e-01
7.612621784210205078e-01
7.841107845306396484e-01
7.601809501647949219e-01
7.473642826080322266e-01
7.604672908782958984e-01
7.550570964813232422e-01
7.832140922546386719e-01
7.789821624755859375e-01
8.100149631500244141e-01
8.240327835083007812e-01
7.656929492950439453e-01
8.094465732574462891e-01
7.775104045867919922e-01
7.599494457244873047e-01
7.602186203002929688e-01
8.224098682403564453e-01
7.940354347229003906e-01
7.614772319793701172e-01
7.409710884094238281e-01
7.511856555938720703e-01
7.708296775817871094e-01
7.515425682067871094e-01
8.158721923828125000e-01
7.306926250457763672e-01
7.250695228576660156e-01
7.542531490325927734e-01
7.824180126190185547e-01
7.628896236419677734e-01
7.756569385528564453e-01
7.666099071502685547e-01
7.953991889953613281e-01
7.627894878387451172e-01
8.442831039428710938e-01
8.137960433959960938e-01
7.779836654663085938e-01
7.705371379852294922e-01
7.535660266876220703e-01
7.360391616821289062e-01
7.751772403717041016e-01
7.559812068939208984e-01
7.981448173522949219e-01
7.645740509033203125e-01
7.525143623352050781e-01
7.635283470153808594e-01
7.690794467926025391e-01
7.754583358764648438e-01
7.479341030120849609e-01
7.464866638183593750e-01
7.687447071075439453e-01
8.115530014038085938e-01
7.679486274719238281e-01
8.153357505798339844e-01
7.856795787811279297e-01
7.466449737548828125e-01
7.855184078216552734e-01
7.587015628814697266e-01
7.689292430877685547e-01
7.751748561859130859e-01
7.758848667144775391e-01
7.945010662078857422e-01
7.738840579986572266e-01
8.064348697662353516e-01
8.304240703582763672e-01
7.776997089385986328e-01
7.547283172607421875e-01
7.843182086944580078e-01
7.353975772857666016e-01
7.613437175750732422e-01
7.523922920227050781e-01
7.663989067077636719e-01
7.483358383178710938e-01
7.700078487396240234e-01
7.530028820037841797e-01
8.071997165679931641e-01
7.372374534606933594e-01
7.720210552215576172e-01
7.914240360260009766e-01
7.769093513488769531e-01
7.888963222503662109e-01
7.619547843933105469e-01
7.873046398162841797e-01
7.834300994873046875e-01
7.780399322509765625e-01
8.125777244567871094e-01
7.743825912475585938e-01
7.932641506195068359e-01
7.915563583374023438e-01
7.740809917449951172e-01
7.909107208251953125e-01
7.793564796447753906e-01
7.454349994659423828e-01
7.454500198364257812e-01
7.733039855957031250e-01
7.498362064361572266e-01
7.484045028686523438e-01
7.346792221069335938e-01
8.596739768981933594e-01
7.217588424682617188e-01
7.296211719512939453e-01
7.265381813049316406e-01
7.285962104797363281e-01
7.215614318847656250e-01
7.203090190887451172e-01
7.717549800872802734e-01
7.628026008605957031e-01
7.695527076721191406e-01
7.678751945495605469e-01
7.606253623962402344e-01
8.787074089050292969e-01
7.997798919677734375e-01
7.610862255096435547e-01
7.666113376617431641e-01
7.782588005065917969e-01
7.584686279296875000e-01
7.677423954010009766e-01
7.461798191070556641e-01
7.714738845825195312e-01
7.551000118255615234e-01
7.844135761260986328e-01
7.712609767913818359e-01
8.366909027099609375e-01
7.251803874969482422e-01
7.599887847900390625e-01
7.745597362518310547e-01
7.630479335784912109e-01
7.498393058776855469e-01
7.885921001434326172e-01
8.038961887359619141e-01
7.526819705963134766e-01
7.649819850921630859e-01
7.358717918395996094e-01
7.305023670196533203e-01
7.714993953704833984e-01
8.966104984283447266e-01
7.874822616577148438e-01
7.612700462341308594e-01
7.544975280761718750e-01
7.677006721496582031e-01
7.655110359191894531e-01
7.770853042602539062e-01
7.937893867492675781e-01
7.906265258789062500e-01
7.824468612670898438e-01
