2.713036298751831055e+00
7.540273666381835938e-01
7.554695606231689453e-01
7.527112960815429688e-01
7.894253730773925781e-01
7.558417320251464844e-01
7.575256824493408203e-01
7.614440917968750000e-01
8.008513450622558594e-01
7.459907531738281250e-01
8.259353637695312500e-01
7.506544589996337891e-01
7.632479667663574219e-01
7.694022655487060547e-01
7.476646900177001953e-01
7.463426589965820312e-01
8.068442344665527344e-01
7.826898097991943359e-01
7.660109996795654297e-01
7.655661106109619141e-01
7.649774551391601562e-01
8.050110340118408203e-01
7.588036060333251953e-01
7.618637084960937500e-01
7.693099975585937500e-01
7.564978599548339844e-01
7.608509063720703125e-01
7.774298191070556641e-01
7.675919532775878906e-01
7.868018150329589844e-01
7.808589935302734375e-01
7.586932182312011719e-01
7.579250335693359375e-01
7.592735290527343750e-01
7.578978538513183594e-01
7.604424953460693359e-01
7.570433616638183594e-01
7.586874961853027344e-01
7.868292331695556641e-01
7.654111385345458984e-01
8.572375774383544922e-01
7.759695053100585938e-01
7.558913230895996094e-01
7.860586643218994141e-01
7.616651058197021484e-01
8.595020771026611328e-01
8.451869487762451172e-01
7.596893310546875000e-01
7.803483009338378906e-01
7.561037540435791016e-01
7.648847103118896484e-01
9.140095710754394531e-01
7.763602733612060547e-01
7.736978530883789062e-01
7.604975700378417969e-01
7.779710292816162109e-01
7.746548652648925781e-01
7.647631168365478516e-01
8.173828125000000000e-01
7.677097320556640625e-01
7.655520439147949219e-01
8.129906654357910156e-01
7.790224552154541016e-01
8.414113521575927734e-01
7.886805534362792969e-01
8.166952133178710938e-01
7.938048839569091797e-01
7.878339290618896484e-01
7.816622257232666016e-01
7.726621627807617188e-01
7.730202674865722656e-01
7.708110809326171875e-01
7.866842746734619141e-01
7.581686973571777344e-01
8.327989578247070312e-01
7.901418209075927734e-01
8.656663894653320312e-01
7.647712230682373047e-01
7.825751304626464844e-01
7.581908702850341797e-01
7.758345603942871094e-01
7.669062614440917969e-01
7.692542076110839844e-01
7.754998207092285156e-01
8.166801929473876953e-01
7.982389926910400391e-01
8.248181343078613281e-01
7.933907508850097656e-01
8.139216899871826172e-01
8.233451843261718750e-01
7.825260162353515625e-01
8.353786468505859375e-01
7.753047943115234375e-01
7.695643901824951172e-01
7.787868976593017578e-01
7.714428901672363281e-01
7.704131603240966797e-01
7.728652954101562500e-01
7.623734474182128906e-01
7.932155132293701172e-01
7.881772518157958984e-01
9.751145839691162109e-01
8.296415805816650391e-01
7.724165916442871094e-01
7.791893482208251953e-01
7.994976043701171875e-01
7.947912216186523438e-01
7.937960624694824219e-01
7.840194702148437500e-01
7.775564193725585938e-01
7.749910354614257812e-01
7.854783535003662109e-01
7.866559028625488281e-01
7.831251621246337891e-01
8.353636264801025391e-01
8.027222156524658203e-01
7.687878608703613281e-01
8.031637668609619141e-01
8.278152942657470703e-01
7.711064815521240234e-01
7.812368869781494141e-01
7.821588516235351562e-01
7.808709144592285156e-01
7.830018997192382812e-01
7.839195728302001953e-01
7.781782150268554688e-01
8.123962879180908203e-01
7.821214199066162109e-01
7.818558216094970703e-01
7.848217487335205078e-01
7.874555587768554688e-01
8.058328628540039062e-01
9.406757354736328125e-01
7.892515659332275391e-01
8.111581802368164062e-01
8.544735908508300781e-01
7.850112915039062500e-01
7.800061702728271484e-01
8.236074447631835938e-01
8.154525756835937500e-01
7.972066402435302734e-01
8.100917339324951172e-01
8.588201999664306641e-01
7.887823581695556641e-01
7.810583114624023438e-01
7.988226413726806641e-01
7.870433330535888672e-01
8.297719955444335938e-01
7.981052398681640625e-01
7.845385074615478516e-01
7.980637550354003906e-01
7.759003639221191406e-01
7.718527317047119141e-01
8.090238571166992188e-01
7.737917900085449219e-01
7.930521965026855469e-01
7.793586254119873047e-01
7.810111045837402344e-01
8.444797992706298828e-01
7.863326072692871094e-01
7.754266262054443359e-01
7.727086544036865234e-01
7.920989990234375000e-01
7.705726623535156250e-01
7.733438014984130859e-01
8.369393348693847656e-01
8.088283538818359375e-01
7.791810035705566406e-01
7.747845649719238281e-01
7.729229927062988281e-01
7.717218399047851562e-01
8.314521312713623047e-01
7.696607112884521484e-01
8.257105350494384766e-01
7.791101932525634766e-01
7.746298313140869141e-01
7.786023616790771484e-01
7.869200706481933594e-01
7.843668460845947266e-01
7.859313488006591797e-01
7.867126464843750000e-01
7.891571521759033203e-01
7.857728004455566406e-01
7.890701293945312500e-01
7.868664264678955078e-01
7.871367931365966797e-01
7.819089889526367188e-01
8.475215435028076172e-01
7.819943428039550781e-01
7.759902477264404297e-01
7.659232616424560547e-01
7.777922153472900391e-01
7.860622406005859375e-01
7.774076461791992188e-01
8.014905452728271484e-01
8.363032341003417969e-01
7.957346439361572266e-01
8.146576881408691406e-01
7.750256061553955078e-01
7.784469127655029297e-01
