7.669663429260253906e-01
7.998199462890625000e-01
7.641119956970214844e-01
7.908048629760742188e-01
8.618409633636474609e-01
7.465653419494628906e-01
7.691814899444580078e-01
7.681312561035156250e-01
7.681517601013183594e-01
7.685430049896240234e-01
7.899701595306396484e-01
7.610621452331542969e-01
7.618238925933837891e-01
7.673344612121582031e-01
7.761199474334716797e-01
7.890524864196777344e-01
8.640091419219970703e-01
7.452967166900634766e-01
7.596607208251953125e-01
7.220385074615478516e-01
7.208819389343261719e-01
7.719554901123046875e-01
7.420916557312011719e-01
7.586369514465332031e-01
7.679171562194824219e-01
7.847681045532226562e-01
7.721939086914062500e-01
7.660648822784423828e-01
7.673013210296630859e-01
7.398645877838134766e-01
7.871267795562744141e-01
7.875435352325439453e-01
7.730312347412109375e-01
7.761938571929931641e-01
7.828078269958496094e-01
8.249807357788085938e-01
7.510230541229248047e-01
7.457511425018310547e-01
7.416548728942871094e-01
7.584331035614013672e-01
7.495253086090087891e-01
7.702760696411132812e-01
7.579865455627441406e-01
8.179349899291992188e-01
7.802841663360595703e-01
7.814748287200927734e-01
7.699439525604248047e-01
8.669564723968505859e-01
7.478191852569580078e-01
7.899246215820312500e-01
7.402820587158203125e-01
7.764616012573242188e-01
7.638337612152099609e-01
7.462518215179443359e-01
7.324271202087402344e-01
7.506296634674072266e-01
7.559092044830322266e-01
7.612769603729248047e-01
7.841174602508544922e-01
7.756054401397705078e-01
7.457616329193115234e-01
7.604601383209228516e-01
7.550501823425292969e-01
7.831959724426269531e-01
7.789714336395263672e-01
8.100099563598632812e-01
8.240375518798828125e-01
7.657058238983154297e-01
8.094456195831298828e-01
7.775132656097412109e-01
7.599561214447021484e-01
7.602133750915527344e-01
8.224205970764160156e-01
7.940373420715332031e-01
7.614960670471191406e-01
7.409703731536865234e-01
7.511794567108154297e-01
7.708413600921630859e-01
7.515516281127929688e-01
8.158805370330810547e-01
7.306892871856689453e-01
7.250766754150390625e-01
7.446365356445312500e-01
7.819447517395019531e-01
7.628891468048095703e-01
7.672357559204101562e-01
7.665944099426269531e-01
7.953956127166748047e-01
7.627794742584228516e-01
8.442852497100830078e-01
8.138077259063720703e-01
7.779800891876220703e-01
7.705345153808593750e-01
7.525417804718017578e-01
7.102270126342773438e-01
7.751743793487548828e-01
7.559669017791748047e-01
7.981498241424560547e-01
7.645699977874755859e-01
7.525269985198974609e-01
7.625677585601806641e-01
7.690773010253906250e-01
7.754616737365722656e-01
7.479295730590820312e-01
7.464556694030761719e-01
7.687532901763916016e-01
8.087780475616455078e-01
7.679495811462402344e-01
8.079547882080078125e-01
7.856755256652832031e-01
7.462656497955322266e-01
7.794387340545654297e-01
7.587006092071533203e-01
7.689232826232910156e-01
7.751693725585937500e-01
7.758865356445312500e-01
7.945160865783691406e-01
7.605898380279541016e-01
7.839696407318115234e-01
8.304307460784912109e-01
7.776875495910644531e-01
7.547237873077392578e-01
7.843227386474609375e-01
7.353992462158203125e-01
7.454886436462402344e-01
7.523891925811767578e-01
7.663943767547607422e-01
7.483303546905517578e-01
7.700262069702148438e-01
7.530186176300048828e-01
8.071956634521484375e-01
7.372477054595947266e-01
7.703821659088134766e-01
7.914230823516845703e-01
7.769112586975097656e-01
7.888984680175781250e-01
7.619693279266357422e-01
7.873091697692871094e-01
7.725796699523925781e-01
7.780251502990722656e-01
8.055925369262695312e-01
7.743806838989257812e-01
7.932720184326171875e-01
7.915637493133544922e-01
7.776701450347900391e-01
7.909131050109863281e-01
7.793581485748291016e-01
7.454323768615722656e-01
7.454457283020019531e-01
7.733037471771240234e-01
7.498424053192138672e-01
7.483911514282226562e-01
7.346904277801513672e-01
8.596756458282470703e-01
7.217702865600585938e-01
7.296190261840820312e-01
7.265417575836181641e-01
7.230846881866455078e-01
7.215659618377685547e-01
7.203183174133300781e-01
7.717635631561279297e-01
7.627942562103271484e-01
7.695248126983642578e-01
7.678644657135009766e-01
7.606179714202880859e-01
8.787021636962890625e-01
7.997987270355224609e-01
7.610864639282226562e-01
7.665908336639404297e-01
7.782201766967773438e-01
7.584717273712158203e-01
7.677438259124755859e-01
7.461569309234619141e-01
7.714722156524658203e-01
7.551014423370361328e-01
7.844004631042480469e-01
7.712361812591552734e-01
8.367054462432861328e-01
7.251756191253662109e-01
7.599835395812988281e-01
7.907447814941406250e-01
7.630491256713867188e-01
7.498388290405273438e-01
7.885766029357910156e-01
8.039014339447021484e-01
7.526841163635253906e-01
7.649924755096435547e-01
7.358770370483398438e-01
7.305083274841308594e-01
7.715072631835937500e-01
8.966088294982910156e-01
7.874996662139892578e-01
7.612824440002441406e-01
7.545163631439208984e-01
7.677180767059326172e-01
7.655105590820312500e-01
7.519648075103759766e-01
7.937862873077392578e-01
7.680959701538085938e-01
7.824492454528808594e-01
