2.652558326721191406e+00
7.689940929412841797e-01
7.717034816741943359e-01
7.565732002258300781e-01
7.574450969696044922e-01
7.629272937774658203e-01
7.606418132781982422e-01
7.598814964294433594e-01
7.573938369750976562e-01
7.566497325897216797e-01
7.578299045562744141e-01
7.585411071777343750e-01
7.714865207672119141e-01
7.936344146728515625e-01
7.433099746704101562e-01
8.527359962463378906e-01
7.579159736633300781e-01
7.733821868896484375e-01
7.796547412872314453e-01
7.508146762847900391e-01
7.617576122283935547e-01
8.283116817474365234e-01
7.707309722900390625e-01
7.615082263946533203e-01
7.659788131713867188e-01
7.736124992370605469e-01
7.551836967468261719e-01
7.471380233764648438e-01
7.556865215301513672e-01
7.652020454406738281e-01
7.655267715454101562e-01
7.662982940673828125e-01
7.701063156127929688e-01
7.623140811920166016e-01
7.638251781463623047e-01
7.690246105194091797e-01
7.637448310852050781e-01
7.616434097290039062e-01
7.641098499298095703e-01
7.645583152770996094e-01
7.627098560333251953e-01
7.649586200714111328e-01
7.748231887817382812e-01
7.690756320953369141e-01
7.702119350433349609e-01
7.730710506439208984e-01
7.703607082366943359e-01
7.679977416992187500e-01
7.736973762512207031e-01
7.691936492919921875e-01
7.639484405517578125e-01
8.709371089935302734e-01
7.747662067413330078e-01
7.929644584655761719e-01
7.721850872039794922e-01
7.778124809265136719e-01
7.705891132354736328e-01
7.684595584869384766e-01
8.160054683685302734e-01
7.819259166717529297e-01
8.111028671264648438e-01
7.684664726257324219e-01
7.875926494598388672e-01
7.769043445587158203e-01
7.568924427032470703e-01
8.125319480895996094e-01
8.427736759185791016e-01
8.017246723175048828e-01
7.660577297210693359e-01
7.672908306121826172e-01
7.976672649383544922e-01
7.618057727813720703e-01
8.246200084686279297e-01
7.876653671264648438e-01
7.801795005798339844e-01
7.762515544891357422e-01
7.724862098693847656e-01
7.831618785858154297e-01
7.804450988769531250e-01
7.741332054138183594e-01
7.766315937042236328e-01
7.934288978576660156e-01
7.857215404510498047e-01
7.986392974853515625e-01
8.297822475433349609e-01
9.283423423767089844e-01
7.904047966003417969e-01
7.823920249938964844e-01
7.986385822296142578e-01
7.781350612640380859e-01
7.654819488525390625e-01
7.810487747192382812e-01
7.852382659912109375e-01
7.823016643524169922e-01
7.827622890472412109e-01
7.888350486755371094e-01
7.966930866241455078e-01
7.852985858917236328e-01
7.811660766601562500e-01
7.837350368499755859e-01
7.871925830841064453e-01
7.701079845428466797e-01
7.865772247314453125e-01
7.855379581451416016e-01
7.781336307525634766e-01
7.888133525848388672e-01
7.859992980957031250e-01
7.791061401367187500e-01
7.805807590484619141e-01
7.792825698852539062e-01
7.862920761108398438e-01
7.721867561340332031e-01
8.057501316070556641e-01
7.867221832275390625e-01
8.014655113220214844e-01
7.851934432983398438e-01
7.944366931915283203e-01
7.816159725189208984e-01
7.837123870849609375e-01
7.823576927185058594e-01
7.882642745971679688e-01
8.696522712707519531e-01
7.682569026947021484e-01
7.669792175292968750e-01
7.707812786102294922e-01
7.831394672393798828e-01
8.118684291839599609e-01
8.453791141510009766e-01
8.032815456390380859e-01
7.801022529602050781e-01
7.826604843139648438e-01
8.019423484802246094e-01
7.890403270721435547e-01
7.909417152404785156e-01
7.849407196044921875e-01
7.918217182159423828e-01
8.093032836914062500e-01
7.655704021453857422e-01
8.077960014343261719e-01
7.963156700134277344e-01
7.997899055480957031e-01
8.519566059112548828e-01
7.825772762298583984e-01
7.811706066131591797e-01
7.829089164733886719e-01
7.906098365783691406e-01
7.877628803253173828e-01
7.865138053894042969e-01
7.837944030761718750e-01
8.281588554382324219e-01
8.251633644104003906e-01
7.857339382171630859e-01
7.815711498260498047e-01
7.896780967712402344e-01
7.923872470855712891e-01
7.933533191680908203e-01
7.908844947814941406e-01
7.947320938110351562e-01
7.839255332946777344e-01
7.844407558441162109e-01
8.028240203857421875e-01
7.781407833099365234e-01
7.696287631988525391e-01
7.687802314758300781e-01
8.496739864349365234e-01
7.855081558227539062e-01
7.908756732940673828e-01
7.796673774719238281e-01
7.771811485290527344e-01
7.971801757812500000e-01
8.069567680358886719e-01
8.080987930297851562e-01
9.035675525665283203e-01
7.858285903930664062e-01
7.876098155975341797e-01
7.852108478546142578e-01
7.882876396179199219e-01
7.774302959442138672e-01
7.728104591369628906e-01
7.856440544128417969e-01
7.782893180847167969e-01
7.745804786682128906e-01
7.800276279449462891e-01
7.890326976776123047e-01
7.656378746032714844e-01
8.019475936889648438e-01
8.183479309082031250e-01
7.851691246032714844e-01
7.757406234741210938e-01
7.740018367767333984e-01
8.147237300872802734e-01
7.865979671478271484e-01
8.202092647552490234e-01
8.038349151611328125e-01
7.821884155273437500e-01
7.828545570373535156e-01
8.381774425506591797e-01
7.920901775360107422e-01
9.008948802947998047e-01
8.921160697937011719e-01
