2.797001123428344727e+00
7.608587741851806641e-01
7.561721801757812500e-01
7.605388164520263672e-01
7.609434127807617188e-01
7.547268867492675781e-01
7.478771209716796875e-01
7.571916580200195312e-01
7.573258876800537109e-01
7.563519477844238281e-01
7.640697956085205078e-01
7.638316154479980469e-01
7.754495143890380859e-01
7.577383518218994141e-01
7.637536525726318359e-01
7.837526798248291016e-01
7.598054409027099609e-01
7.610263824462890625e-01
7.547478675842285156e-01
7.615916728973388672e-01
7.528657913208007812e-01
7.811467647552490234e-01
7.794027328491210938e-01
7.784397602081298828e-01
7.973048686981201172e-01
8.213558197021484375e-01
7.945532798767089844e-01
7.611191272735595703e-01
8.278689384460449219e-01
7.874107360839843750e-01
7.757098674774169922e-01
7.980115413665771484e-01
7.667002677917480469e-01
7.525861263275146484e-01
7.583329677581787109e-01
8.225722312927246094e-01
7.795975208282470703e-01
7.553021907806396484e-01
7.841622829437255859e-01
7.702939510345458984e-01
8.137722015380859375e-01
7.886888980865478516e-01
7.878692150115966797e-01
8.040943145751953125e-01
8.228240013122558594e-01
7.719631195068359375e-01
7.621901035308837891e-01
7.672963142395019531e-01
7.685904502868652344e-01
7.505812644958496094e-01
7.550845146179199219e-01
7.802224159240722656e-01
7.543547153472900391e-01
7.544479370117187500e-01
7.563800811767578125e-01
7.519915103912353516e-01
7.551193237304687500e-01
7.536768913269042969e-01
7.599596977233886719e-01
7.677311897277832031e-01
8.067851066589355469e-01
7.770447731018066406e-01
7.731499671936035156e-01
7.998075485229492188e-01
7.661266326904296875e-01
7.744708061218261719e-01
7.716066837310791016e-01
7.692193984985351562e-01
7.669093608856201172e-01
7.668323516845703125e-01
7.678654193878173828e-01
7.723438739776611328e-01
7.783434391021728516e-01
8.612127304077148438e-01
8.062381744384765625e-01
8.513989448547363281e-01
7.736043930053710938e-01
8.537261486053466797e-01
8.246591091156005859e-01
7.837164402008056641e-01
7.688102722167968750e-01
7.690286636352539062e-01
8.767480850219726562e-01
7.645297050476074219e-01
7.867352962493896484e-01
8.221700191497802734e-01
7.592496871948242188e-01
7.569131851196289062e-01
7.624306678771972656e-01
7.811577320098876953e-01
8.370671272277832031e-01
7.924497127532958984e-01
7.911906242370605469e-01
7.634642124176025391e-01
7.631762027740478516e-01
7.593088150024414062e-01
7.812855243682861328e-01
8.022892475128173828e-01
7.782516479492187500e-01
8.072586059570312500e-01
8.266813755035400391e-01
7.920408248901367188e-01
8.157083988189697266e-01
7.622771263122558594e-01
7.800891399383544922e-01
7.812786102294921875e-01
7.849864959716796875e-01
7.818808555603027344e-01
8.080780506134033203e-01
7.824091911315917969e-01
7.937362194061279297e-01
7.688982486724853516e-01
8.108234405517578125e-01
7.935929298400878906e-01
7.729346752166748047e-01
7.781920433044433594e-01
7.808876037597656250e-01
7.705864906311035156e-01
7.752752304077148438e-01
7.751944065093994141e-01
7.745156288146972656e-01
8.399574756622314453e-01
7.882595062255859375e-01
8.070418834686279297e-01
8.205394744873046875e-01
8.135571479797363281e-01
7.637374401092529297e-01
7.747476100921630859e-01
8.153684139251708984e-01
9.511115550994873047e-01
7.726955413818359375e-01
7.898190021514892578e-01
7.987270355224609375e-01
7.752702236175537109e-01
7.878329753875732422e-01
7.765922546386718750e-01
7.741818428039550781e-01
7.796111106872558594e-01
8.562145233154296875e-01
7.940354347229003906e-01
7.853162288665771484e-01
7.790036201477050781e-01
7.740004062652587891e-01
7.801897525787353516e-01
7.766535282135009766e-01
8.106400966644287109e-01
7.799437046051025391e-01
7.901573181152343750e-01
7.788145542144775391e-01
7.773914337158203125e-01
8.862874507904052734e-01
7.699141502380371094e-01
7.814824581146240234e-01
7.945158481597900391e-01
7.725081443786621094e-01
7.910227775573730469e-01
7.818522453308105469e-01
7.623548507690429688e-01
7.783248424530029297e-01
7.631847858428955078e-01
8.080000877380371094e-01
7.784347534179687500e-01
7.684960365295410156e-01
8.137512207031250000e-01
7.866857051849365234e-01
8.120357990264892578e-01
8.257584571838378906e-01
7.822818756103515625e-01
7.822134494781494141e-01
7.841522693634033203e-01
7.944390773773193359e-01
7.796552181243896484e-01
8.203716278076171875e-01
7.763650417327880859e-01
7.747523784637451172e-01
8.066034317016601562e-01
7.761688232421875000e-01
7.734537124633789062e-01
8.272349834442138672e-01
8.027715682983398438e-01
7.737011909484863281e-01
7.879052162170410156e-01
7.950992584228515625e-01
7.821021080017089844e-01
7.672402858734130859e-01
8.001258373260498047e-01
8.846385478973388672e-01
8.035502433776855469e-01
7.736389636993408203e-01
8.640804290771484375e-01
7.817885875701904297e-01
7.759609222412109375e-01
7.823071479797363281e-01
7.823860645294189453e-01
7.857439517974853516e-01
7.966642379760742188e-01
7.803297042846679688e-01
7.756266593933105469e-01
7.741036415100097656e-01
7.746729850769042969e-01
