2.035841941833496094e+00
4.086754322052001953e-01
4.056310653686523438e-01
4.051077365875244141e-01
4.019548892974853516e-01
4.034721851348876953e-01
4.399724006652832031e-01
4.601325988769531250e-01
4.946446418762207031e-01
4.915192127227783203e-01
4.886064529418945312e-01
5.034995079040527344e-01
4.778201580047607422e-01
4.891521930694580078e-01
5.040969848632812500e-01
4.410066604614257812e-01
4.265639781951904297e-01
4.060211181640625000e-01
4.056961536407470703e-01
4.064633846282958984e-01
4.051082134246826172e-01
4.075546264648437500e-01
4.080057144165039062e-01
4.053082466125488281e-01
4.055786132812500000e-01
4.057157039642333984e-01
4.072287082672119141e-01
4.410104751586914062e-01
4.735925197601318359e-01
5.017962455749511719e-01
4.805564880371093750e-01
4.028768539428710938e-01
4.009103775024414062e-01
4.017126560211181641e-01
4.026911258697509766e-01
4.024724960327148438e-01
4.024648666381835938e-01
4.020638465881347656e-01
4.030449390411376953e-01
4.032630920410156250e-01
4.035079479217529297e-01
4.034702777862548828e-01
4.027345180511474609e-01
4.040031433105468750e-01
4.030656814575195312e-01
4.036550521850585938e-01
4.041717052459716797e-01
4.037458896636962891e-01
4.036855697631835938e-01
4.042625427246093750e-01
4.039597511291503906e-01
4.043154716491699219e-01
4.034218788146972656e-01
4.047181606292724609e-01
4.040591716766357422e-01
4.052612781524658203e-01
4.036340713500976562e-01
4.051480293273925781e-01
4.044237136840820312e-01
4.052023887634277344e-01
4.131801128387451172e-01
4.124333858489990234e-01
4.137089252471923828e-01
4.124011993408203125e-01
4.168183803558349609e-01
4.177937507629394531e-01
4.130194187164306641e-01
4.140038490295410156e-01
4.169228076934814453e-01
4.183452129364013672e-01
4.389319419860839844e-01
4.173583984375000000e-01
4.148325920104980469e-01
4.192991256713867188e-01
4.152431488037109375e-01
4.197909832000732422e-01
4.171230792999267578e-01
4.189589023590087891e-01
4.137334823608398438e-01
4.156460762023925781e-01
4.117653369903564453e-01
4.156959056854248047e-01
4.164712429046630859e-01
4.136695861816406250e-01
4.235091209411621094e-01
4.251000881195068359e-01
4.241259098052978516e-01
4.254019260406494141e-01
4.245667457580566406e-01
4.255299568176269531e-01
4.363584518432617188e-01
4.131877422332763672e-01
4.126045703887939453e-01
4.142308235168457031e-01
4.134490489959716797e-01
4.129583835601806641e-01
4.131100177764892578e-01
4.135541915893554688e-01
4.145979881286621094e-01
4.161007404327392578e-01
4.137759208679199219e-01
4.137704372406005859e-01
4.162611961364746094e-01
4.136722087860107422e-01
4.139511585235595703e-01
4.140186309814453125e-01
4.133207798004150391e-01
4.180240631103515625e-01
4.127662181854248047e-01
4.137756824493408203e-01
4.133682250976562500e-01
4.127814769744873047e-01
4.405453205108642578e-01
4.256496429443359375e-01
4.290592670440673828e-01
4.262738227844238281e-01
4.263079166412353516e-01
4.274470806121826172e-01
4.267823696136474609e-01
4.260888099670410156e-01
4.258573055267333984e-01
4.281592369079589844e-01
4.274148941040039062e-01
4.261810779571533203e-01
4.268522262573242188e-01
4.281589984893798828e-01
4.248569011688232422e-01
4.264612197875976562e-01
4.201781749725341797e-01
4.109747409820556641e-01
4.095418453216552734e-01
4.213600158691406250e-01
4.200670719146728516e-01
4.193394184112548828e-01
5.284354686737060547e-01
4.142596721649169922e-01
4.139649868011474609e-01
4.158897399902343750e-01
4.143350124359130859e-01
4.137408733367919922e-01
4.151651859283447266e-01
4.157953262329101562e-01
4.145140647888183594e-01
4.140677452087402344e-01
4.151337146759033203e-01
4.161891937255859375e-01
4.139614105224609375e-01
4.142105579376220703e-01
4.136264324188232422e-01
4.168794155120849609e-01
4.231967926025390625e-01
4.143538475036621094e-01
4.139118194580078125e-01
4.174702167510986328e-01
4.139344692230224609e-01
4.139668941497802734e-01
4.143230915069580078e-01
4.159011840820312500e-01
4.144151210784912109e-01
4.153583049774169922e-01
4.143686294555664062e-01
4.206292629241943359e-01
4.154531955718994141e-01
4.147009849548339844e-01
4.147725105285644531e-01
4.151797294616699219e-01
4.171984195709228516e-01
4.151711463928222656e-01
4.310925006866455078e-01
4.165592193603515625e-01
4.148328304290771484e-01
4.157023429870605469e-01
4.154455661773681641e-01
4.162817001342773438e-01
4.152016639709472656e-01
4.546520709991455078e-01
4.325089454650878906e-01
4.283075332641601562e-01
4.169874191284179688e-01
4.183020591735839844e-01
4.110248088836669922e-01
4.118778705596923828e-01
4.107491970062255859e-01
4.102120399475097656e-01
4.110918045043945312e-01
4.153623580932617188e-01
4.192762374877929688e-01
4.178013801574707031e-01
4.191308021545410156e-01
4.212157726287841797e-01
4.191474914550781250e-01
4.180927276611328125e-01
4.187910556793212891e-01
4.206550121307373047e-01
4.193236827850341797e-01
4.183378219604492188e-01
4.182605743408203125e-01
4.148845672607421875e-01
4.402909278869628906e-01
4.109847545623779297e-01
