2.064730644226074219e+00
4.110655784606933594e-01
4.114375114440917969e-01
4.080810546875000000e-01
4.096021652221679688e-01
4.136416912078857422e-01
4.102115631103515625e-01
4.132511615753173828e-01
4.157133102416992188e-01
4.147205352783203125e-01
4.148502349853515625e-01
4.152383804321289062e-01
4.136338233947753906e-01
4.137730598449707031e-01
4.140455722808837891e-01
4.138016700744628906e-01
4.130756855010986328e-01
4.238185882568359375e-01
4.145810604095458984e-01
4.273126125335693359e-01
4.116792678833007812e-01
4.130158424377441406e-01
4.147107601165771484e-01
4.151315689086914062e-01
4.146134853363037109e-01
4.125144481658935547e-01
4.145128726959228516e-01
4.146821498870849609e-01
4.147377014160156250e-01
4.154372215270996094e-01
4.632625579833984375e-01
4.189569950103759766e-01
4.241659641265869141e-01
4.136543273925781250e-01
4.137163162231445312e-01
4.134054183959960938e-01
4.150907993316650391e-01
4.133393764495849609e-01
4.135777950286865234e-01
4.142093658447265625e-01
4.157810211181640625e-01
4.163181781768798828e-01
4.157960414886474609e-01
4.158716201782226562e-01
4.164416790008544922e-01
4.146361351013183594e-01
4.153513908386230469e-01
4.153096675872802734e-01
4.193823337554931641e-01
4.157440662384033203e-01
4.145278930664062500e-01
4.165909290313720703e-01
4.171407222747802734e-01
4.154937267303466797e-01
4.177439212799072266e-01
4.153523445129394531e-01
4.163627624511718750e-01
4.216866493225097656e-01
4.148640632629394531e-01
4.153909683227539062e-01
4.202427864074707031e-01
4.159202575683593750e-01
4.159653186798095703e-01
4.157242774963378906e-01
4.165370464324951172e-01
4.154374599456787109e-01
4.161062240600585938e-01
4.169790744781494141e-01
4.167394638061523438e-01
4.170339107513427734e-01
4.177727699279785156e-01
4.168028831481933594e-01
4.190566539764404297e-01
4.170064926147460938e-01
4.178369045257568359e-01
4.187693595886230469e-01
4.173133373260498047e-01
4.171152114868164062e-01
4.162924289703369141e-01
4.170744419097900391e-01
4.205908775329589844e-01
4.184153079986572266e-01
4.177114963531494141e-01
4.179208278656005859e-01
4.182128906250000000e-01
4.180583953857421875e-01
4.184606075286865234e-01
4.183857440948486328e-01
4.194867610931396484e-01
4.190299510955810547e-01
4.178762435913085938e-01
4.182872772216796875e-01
4.194648265838623047e-01
4.190824031829833984e-01
4.189260005950927734e-01
4.190835952758789062e-01
4.191091060638427734e-01
4.184947013854980469e-01
4.184658527374267578e-01
4.189710617065429688e-01
4.195411205291748047e-01
4.195303916931152344e-01
4.185168743133544922e-01
4.191904067993164062e-01
4.196460247039794922e-01
4.199378490447998047e-01
4.188742637634277344e-01
4.197716712951660156e-01
4.205532073974609375e-01
4.197878837585449219e-01
4.250848293304443359e-01
4.196639060974121094e-01
4.216923713684082031e-01
4.197535514831542969e-01
4.196259975433349609e-01
5.079681873321533203e-01
4.204921722412109375e-01
4.198267459869384766e-01
4.204115867614746094e-01
4.194641113281250000e-01
4.205298423767089844e-01
4.194419384002685547e-01
5.089437961578369141e-01
4.187400341033935547e-01
4.183750152587890625e-01
4.186043739318847656e-01
4.178781509399414062e-01
4.179832935333251953e-01
4.191949367523193359e-01
4.182019233703613281e-01
4.175431728363037109e-01
4.180650711059570312e-01
4.186639785766601562e-01
4.176378250122070312e-01
4.221765995025634766e-01
4.150183200836181641e-01
4.156985282897949219e-01
4.153649806976318359e-01
4.148015975952148438e-01
4.149136543273925781e-01
4.162509441375732422e-01
4.153287410736083984e-01
4.146103858947753906e-01
4.155366420745849609e-01
4.167468547821044922e-01
4.158020019531250000e-01
4.144442081451416016e-01
4.314894676208496094e-01
4.159848690032958984e-01
4.157891273498535156e-01
4.154925346374511719e-01
4.165673255920410156e-01
4.200561046600341797e-01
4.184203147888183594e-01
4.181659221649169922e-01
4.202134609222412109e-01
4.179389476776123047e-01
4.199278354644775391e-01
4.178402423858642578e-01
4.221031665802001953e-01
4.197638034820556641e-01
4.186391830444335938e-01
4.193022251129150391e-01
4.200360774993896484e-01
4.205856323242187500e-01
4.212834835052490234e-01
4.191253185272216797e-01
4.200289249420166016e-01
4.341711997985839844e-01
4.304406642913818359e-01
4.204151630401611328e-01
4.204161167144775391e-01
4.220871925354003906e-01
4.214551448822021484e-01
4.207768440246582031e-01
4.209458827972412109e-01
4.214582443237304688e-01
4.203610420227050781e-01
4.202466011047363281e-01
4.206621646881103516e-01
4.212579727172851562e-01
4.204266071319580078e-01
4.249689579010009766e-01
4.217915534973144531e-01
4.216616153717041016e-01
4.228942394256591797e-01
4.200930595397949219e-01
4.202620983123779297e-01
4.202497005462646484e-01
4.221642017364501953e-01
4.205238819122314453e-01
4.207096099853515625e-01
4.217216968536376953e-01
4.223220348358154297e-01
4.220552444458007812e-01
4.204425811767578125e-01
4.203085899353027344e-01
4.224369525909423828e-01
4.223787784576416016e-01
4.215812683105468750e-01
