2.266494989395141602e+00
4.222800731658935547e-01
4.237933158874511719e-01
4.222481250762939453e-01
4.211452007293701172e-01
4.222254753112792969e-01
4.572269916534423828e-01
4.802808761596679688e-01
5.164172649383544922e-01
5.166702270507812500e-01
5.047428607940673828e-01
5.240378379821777344e-01
4.962458610534667969e-01
5.047132968902587891e-01
5.281529426574707031e-01
4.571013450622558594e-01
4.466300010681152344e-01
4.223537445068359375e-01
4.245049953460693359e-01
4.247648715972900391e-01
4.237182140350341797e-01
4.250433444976806641e-01
4.245843887329101562e-01
4.231724739074707031e-01
4.233841896057128906e-01
4.238972663879394531e-01
4.258680343627929688e-01
4.598033428192138672e-01
4.962451457977294922e-01
5.226914882659912109e-01
4.967079162597656250e-01
4.197607040405273438e-01
4.189424514770507812e-01
4.201941490173339844e-01
4.225993156433105469e-01
4.323973655700683594e-01
4.195780754089355469e-01
4.201736450195312500e-01
4.201323986053466797e-01
4.212799072265625000e-01
4.207885265350341797e-01
4.206993579864501953e-01
4.209127426147460938e-01
4.203789234161376953e-01
4.214558601379394531e-01
4.200477600097656250e-01
4.217185974121093750e-01
4.213447570800781250e-01
4.212741851806640625e-01
4.216725826263427734e-01
4.218833446502685547e-01
4.236545562744140625e-01
4.228386878967285156e-01
4.217934608459472656e-01
4.216516017913818359e-01
4.220218658447265625e-01
4.230325222015380859e-01
4.219574928283691406e-01
4.217820167541503906e-01
4.229822158813476562e-01
4.339547157287597656e-01
4.265882968902587891e-01
4.285893440246582031e-01
4.280598163604736328e-01
4.276001453399658203e-01
4.283165931701660156e-01
4.272220134735107422e-01
4.283125400543212891e-01
4.279339313507080078e-01
4.280755519866943359e-01
4.279162883758544922e-01
4.288623332977294922e-01
4.281220436096191406e-01
4.278964996337890625e-01
4.288167953491210938e-01
4.286675453186035156e-01
4.297058582305908203e-01
4.296596050262451172e-01
4.287698268890380859e-01
4.301640987396240234e-01
4.288916587829589844e-01
4.296827316284179688e-01
4.299993515014648438e-01
4.301786422729492188e-01
4.314296245574951172e-01
4.298281669616699219e-01
4.304938316345214844e-01
4.359045028686523438e-01
4.305570125579833984e-01
4.308114051818847656e-01
4.310510158538818359e-01
4.261343479156494141e-01
4.259312152862548828e-01
4.250361919403076172e-01
4.259312152862548828e-01
4.261047840118408203e-01
4.257457256317138672e-01
4.260010719299316406e-01
4.260301589965820312e-01
4.257707595825195312e-01
4.270889759063720703e-01
4.259898662567138672e-01
4.448068141937255859e-01
4.333620071411132812e-01
4.504747390747070312e-01
4.298965930938720703e-01
4.307146072387695312e-01
4.368546009063720703e-01
4.292073249816894531e-01
4.304099082946777344e-01
4.304473400115966797e-01
4.302105903625488281e-01
4.285070896148681641e-01
4.296798706054687500e-01
4.295101165771484375e-01
4.325397014617919922e-01
4.380171298980712891e-01
4.293367862701416016e-01
4.302928447723388672e-01
4.305896759033203125e-01
4.321105480194091797e-01
4.323000907897949219e-01
4.312229156494140625e-01
4.316699504852294922e-01
4.589500427246093750e-01
4.314517974853515625e-01
4.309730529785156250e-01
4.326274394989013672e-01
4.519717693328857422e-01
4.270334243774414062e-01
4.276311397552490234e-01
4.754922389984130859e-01
4.308242797851562500e-01
4.311361312866210938e-01
4.399902820587158203e-01
4.324657917022705078e-01
4.312674999237060547e-01
4.320662021636962891e-01
4.300909042358398438e-01
4.298839569091796875e-01
4.284455776214599609e-01
4.286613464355468750e-01
4.288737773895263672e-01
4.296038150787353516e-01
4.340243339538574219e-01
4.299132823944091797e-01
4.286074638366699219e-01
4.294855594635009766e-01
4.284527301788330078e-01
4.316647052764892578e-01
4.354674816131591797e-01
4.316966533660888672e-01
4.309432506561279297e-01
4.356312751770019531e-01
4.321937561035156250e-01
4.348134994506835938e-01
4.306690692901611328e-01
4.308011531829833984e-01
4.305136203765869141e-01
4.295930862426757812e-01
4.299235343933105469e-01
4.360373020172119141e-01
4.383277893066406250e-01
4.314818382263183594e-01
4.317595958709716797e-01
4.301693439483642578e-01
4.320096969604492188e-01
4.317283630371093750e-01
4.334430694580078125e-01
4.319159984588623047e-01
4.291706085205078125e-01
4.305472373962402344e-01
4.315755367279052734e-01
4.312589168548583984e-01
4.298968315124511719e-01
4.308817386627197266e-01
4.421679973602294922e-01
4.387087821960449219e-01
4.305567741394042969e-01
4.296047687530517578e-01
4.290537834167480469e-01
4.298033714294433594e-01
4.290049076080322266e-01
4.302325248718261719e-01
4.299020767211914062e-01
4.305393695831298828e-01
4.328250885009765625e-01
4.332463741302490234e-01
4.327068328857421875e-01
4.328503608703613281e-01
4.450349807739257812e-01
4.314725399017333984e-01
4.453022480010986328e-01
4.328422546386718750e-01
4.309496879577636719e-01
4.402914047241210938e-01
4.438908100128173828e-01
4.306252002716064453e-01
4.720249176025390625e-01
4.399549961090087891e-01
