2.317923069000244141e+00
4.127950668334960938e-01
4.123706817626953125e-01
4.156374931335449219e-01
4.109902381896972656e-01
4.129581451416015625e-01
4.193875789642333984e-01
4.320931434631347656e-01
4.328474998474121094e-01
4.459075927734375000e-01
4.357120990753173828e-01
4.308006763458251953e-01
4.322321414947509766e-01
4.294795989990234375e-01
4.340558052062988281e-01
4.278299808502197266e-01
4.151062965393066406e-01
4.239470958709716797e-01
4.225575923919677734e-01
4.318749904632568359e-01
4.223701953887939453e-01
4.323165416717529297e-01
4.577248096466064453e-01
4.232599735260009766e-01
4.229364395141601562e-01
4.225187301635742188e-01
4.326462745666503906e-01
4.261205196380615234e-01
4.290332794189453125e-01
4.351429939270019531e-01
4.607758522033691406e-01
4.258744716644287109e-01
4.251637458801269531e-01
4.231569766998291016e-01
4.253656864166259766e-01
4.251084327697753906e-01
4.236381053924560547e-01
4.236042499542236328e-01
4.252150058746337891e-01
4.261894226074218750e-01
4.272599220275878906e-01
4.250814914703369141e-01
4.256124496459960938e-01
4.271903038024902344e-01
4.241480827331542969e-01
4.254713058471679688e-01
4.605114459991455078e-01
4.254338741302490234e-01
4.269292354583740234e-01
4.262099266052246094e-01
4.290308952331542969e-01
4.271872043609619141e-01
4.280033111572265625e-01
4.269604682922363281e-01
4.273800849914550781e-01
4.301652908325195312e-01
4.305131435394287109e-01
4.328033924102783203e-01
4.261646270751953125e-01
4.300181865692138672e-01
4.283185005187988281e-01
4.284462928771972656e-01
4.274959564208984375e-01
4.248280525207519531e-01
4.261267185211181641e-01
4.293060302734375000e-01
4.291589260101318359e-01
4.288563728332519531e-01
4.302718639373779297e-01
4.289572238922119141e-01
4.289572238922119141e-01
4.329807758331298828e-01
4.306614398956298828e-01
4.300255775451660156e-01
4.240901470184326172e-01
4.176306724548339844e-01
4.170420169830322266e-01
4.173896312713623047e-01
4.173293113708496094e-01
4.165408611297607422e-01
4.177029132843017578e-01
4.178011417388916016e-01
4.178130626678466797e-01
4.178695678710937500e-01
4.187600612640380859e-01
4.175612926483154297e-01
4.179239273071289062e-01
4.178955554962158203e-01
4.191009998321533203e-01
4.176158905029296875e-01
4.193778038024902344e-01
4.181163311004638672e-01
4.189732074737548828e-01
4.188437461853027344e-01
4.181618690490722656e-01
4.183032512664794922e-01
4.183483123779296875e-01
4.200305938720703125e-01
4.182147979736328125e-01
4.186294078826904297e-01
4.186685085296630859e-01
4.195017814636230469e-01
4.198250770568847656e-01
4.177784919738769531e-01
4.189379215240478516e-01
4.195606708526611328e-01
4.194231033325195312e-01
4.190349578857421875e-01
4.188141822814941406e-01
4.194724559783935547e-01
4.207286834716796875e-01
4.190809726715087891e-01
4.190363883972167969e-01
4.188542366027832031e-01
4.197781085968017578e-01
4.297599792480468750e-01
4.310188293457031250e-01
4.302175045013427734e-01
4.328613281250000000e-01
4.317412376403808594e-01
4.309139251708984375e-01
4.296808242797851562e-01
4.205832481384277344e-01
4.171001911163330078e-01
4.181239604949951172e-01
4.179244041442871094e-01
4.182870388031005859e-01
4.191615581512451172e-01
4.181544780731201172e-01
4.179878234863281250e-01
4.188857078552246094e-01
4.199283123016357422e-01
4.186456203460693359e-01
4.187152385711669922e-01
4.193885326385498047e-01
4.193542003631591797e-01
4.182841777801513672e-01
4.197700023651123047e-01
4.207737445831298828e-01
4.227218627929687500e-01
4.194378852844238281e-01
4.187724590301513672e-01
4.189543724060058594e-01
4.187533855438232422e-01
4.195373058319091797e-01
4.187519550323486328e-01
4.199204444885253906e-01
4.188084602355957031e-01
4.202773571014404297e-01
4.190506935119628906e-01
4.193375110626220703e-01
4.183580875396728516e-01
4.188067913055419922e-01
4.196548461914062500e-01
4.185426235198974609e-01
4.201657772064208984e-01
4.207942485809326172e-01
4.196882247924804688e-01
4.198293685913085938e-01
4.192781448364257812e-01
4.200937747955322266e-01
4.193348884582519531e-01
4.199988842010498047e-01
4.193747043609619141e-01
4.216449260711669922e-01
4.211983680725097656e-01
4.197096824645996094e-01
4.207038879394531250e-01
4.207437038421630859e-01
4.225077629089355469e-01
4.235749244689941406e-01
4.208729267120361328e-01
4.217624664306640625e-01
4.224164485931396484e-01
4.219751358032226562e-01
4.209263324737548828e-01
4.229011535644531250e-01
4.212348461151123047e-01
4.222373962402343750e-01
4.207248687744140625e-01
4.218606948852539062e-01
4.220101833343505859e-01
4.226639270782470703e-01
4.220488071441650391e-01
4.219584465026855469e-01
4.222552776336669922e-01
4.232285022735595703e-01
4.217462539672851562e-01
4.219968318939208984e-01
4.216504096984863281e-01
4.216804504394531250e-01
4.311540126800537109e-01
4.190597534179687500e-01
4.173913002014160156e-01
4.187316894531250000e-01
4.163470268249511719e-01
4.173834323883056641e-01
4.256484508514404297e-01
4.174628257751464844e-01
4.160461425781250000e-01
