2.010160207748413086e+00
4.237790107727050781e-01
4.440212249755859375e-01
4.311640262603759766e-01
4.276075363159179688e-01
4.324705600738525391e-01
4.363009929656982422e-01
4.475412368774414062e-01
4.465129375457763672e-01
4.413852691650390625e-01
4.432611465454101562e-01
4.393589496612548828e-01
4.427583217620849609e-01
4.398059844970703125e-01
4.432957172393798828e-01
4.339206218719482422e-01
4.233627319335937500e-01
4.200232028961181641e-01
4.254505634307861328e-01
4.228930473327636719e-01
4.197175502777099609e-01
4.244334697723388672e-01
4.279041290283203125e-01
4.180190563201904297e-01
4.203698635101318359e-01
4.203734397888183594e-01
4.382069110870361328e-01
4.435720443725585938e-01
4.489209651947021484e-01
4.573438167572021484e-01
4.197959899902343750e-01
4.174041748046875000e-01
4.153256416320800781e-01
4.160704612731933594e-01
4.120881557464599609e-01
4.093995094299316406e-01
4.117572307586669922e-01
4.085674285888671875e-01
4.136569499969482422e-01
4.080727100372314453e-01
4.231617450714111328e-01
4.165422916412353516e-01
4.171266555786132812e-01
4.158759117126464844e-01
4.151444435119628906e-01
4.150295257568359375e-01
4.676339626312255859e-01
4.146800041198730469e-01
4.143290519714355469e-01
4.164855480194091797e-01
4.099352359771728516e-01
4.138529300689697266e-01
4.159114360809326172e-01
4.176714420318603516e-01
4.169807434082031250e-01
4.111819267272949219e-01
4.099192619323730469e-01
4.108114242553710938e-01
4.138774871826171875e-01
4.103052616119384766e-01
4.236352443695068359e-01
4.169480800628662109e-01
4.171683788299560547e-01
4.166150093078613281e-01
4.150304794311523438e-01
4.112706184387207031e-01
4.147922992706298828e-01
4.170801639556884766e-01
4.231162071228027344e-01
4.179687500000000000e-01
4.179787635803222656e-01
4.128413200378417969e-01
4.131135940551757812e-01
4.108698368072509766e-01
4.251472949981689453e-01
4.388728141784667969e-01
4.342577457427978516e-01
4.348678588867187500e-01
4.348156452178955078e-01
4.348247051239013672e-01
4.347472190856933594e-01
4.352569580078125000e-01
4.349339008331298828e-01
4.347991943359375000e-01
4.353508949279785156e-01
4.354524612426757812e-01
4.376270771026611328e-01
4.365503787994384766e-01
4.350712299346923828e-01
4.355573654174804688e-01
4.365432262420654297e-01
4.362776279449462891e-01
4.354395866394042969e-01
4.357130527496337891e-01
4.366660118103027344e-01
4.363913536071777344e-01
4.358034133911132812e-01
4.363226890563964844e-01
4.371628761291503906e-01
4.360990524291992188e-01
4.365336894989013672e-01
4.362783432006835938e-01
4.380195140838623047e-01
4.374685287475585938e-01
4.361457824707031250e-01
4.364635944366455078e-01
4.377233982086181641e-01
4.365205764770507812e-01
4.367349147796630859e-01
4.369614124298095703e-01
4.391019344329833984e-01
4.365339279174804688e-01
4.365134239196777344e-01
4.357273578643798828e-01
4.366133213043212891e-01
4.567759037017822266e-01
4.229145050048828125e-01
4.220492839813232422e-01
4.229564666748046875e-01
4.222178459167480469e-01
4.220607280731201172e-01
4.223778247833251953e-01
4.744915962219238281e-01
4.378716945648193359e-01
4.372494220733642578e-01
4.377100467681884766e-01
4.382028579711914062e-01
4.376213550567626953e-01
4.376828670501708984e-01
4.362788200378417969e-01
4.385666847229003906e-01
4.386422634124755859e-01
4.386494159698486328e-01
4.380156993865966797e-01
4.383859634399414062e-01
4.386146068572998047e-01
4.394497871398925781e-01
4.392969608306884766e-01
4.389572143554687500e-01
4.380779266357421875e-01
4.372458457946777344e-01
4.380841255187988281e-01
4.386680126190185547e-01
4.383022785186767578e-01
4.382781982421875000e-01
4.383926391601562500e-01
4.384005069732666016e-01
4.387004375457763672e-01
4.378705024719238281e-01
4.384579658508300781e-01
4.390387535095214844e-01
4.394817352294921875e-01
4.377753734588623047e-01
4.382011890411376953e-01
4.387845993041992188e-01
4.375889301300048828e-01
4.376204013824462891e-01
4.375765323638916016e-01
4.391479492187500000e-01
4.385614395141601562e-01
4.381639957427978516e-01
4.380338191986083984e-01
4.392192363739013672e-01
4.388432502746582031e-01
4.385235309600830078e-01
4.384853839874267578e-01
4.392912387847900391e-01
4.382672309875488281e-01
4.383580684661865234e-01
4.372482299804687500e-01
4.394154548645019531e-01
4.389114379882812500e-01
4.390001296997070312e-01
4.391679763793945312e-01
4.391372203826904297e-01
4.390451908111572266e-01
4.384496212005615234e-01
4.388136863708496094e-01
4.389402866363525391e-01
4.381639957427978516e-01
4.386970996856689453e-01
4.382910728454589844e-01
4.394388198852539062e-01
4.379267692565917969e-01
4.384965896606445312e-01
4.376735687255859375e-01
4.383335113525390625e-01
4.383945465087890625e-01
4.380285739898681641e-01
4.393959045410156250e-01
4.391696453094482422e-01
4.389989376068115234e-01
4.383172988891601562e-01
4.394569396972656250e-01
4.394941329956054688e-01
4.383037090301513672e-01
4.384367465972900391e-01
4.388747215270996094e-01
4.393825531005859375e-01
4.396715164184570312e-01
