6.430656909942626953e-01
6.240179538726806641e-01
6.298701763153076172e-01
6.244173049926757812e-01
6.996326446533203125e-01
6.253151893615722656e-01
6.229102611541748047e-01
6.234543323516845703e-01
6.264269351959228516e-01
6.226096153259277344e-01
6.778550148010253906e-01
6.110312938690185547e-01
6.102192401885986328e-01
6.080808639526367188e-01
6.302435398101806641e-01
6.344587802886962891e-01
7.052352428436279297e-01
6.306679248809814453e-01
6.365432739257812500e-01
6.289427280426025391e-01
6.277487277984619141e-01
6.262114048004150391e-01
6.302993297576904297e-01
6.295230388641357422e-01
6.437628269195556641e-01
6.353890895843505859e-01
6.251907348632812500e-01
6.271860599517822266e-01
6.492733955383300781e-01
6.225087642669677734e-01
6.247591972351074219e-01
6.242473125457763672e-01
6.797819137573242188e-01
6.276757717132568359e-01
6.260066032409667969e-01
7.035415172576904297e-01
6.261620521545410156e-01
6.215264797210693359e-01
6.531813144683837891e-01
6.222245693206787109e-01
6.289405822753906250e-01
6.256546974182128906e-01
6.313850879669189453e-01
6.399362087249755859e-01
6.678588390350341797e-01
6.252627372741699219e-01
6.262745857238769531e-01
7.037301063537597656e-01
6.261491775512695312e-01
6.288380622863769531e-01
6.921229362487792969e-01
6.339807510375976562e-01
6.304531097412109375e-01
6.328563690185546875e-01
6.385793685913085938e-01
6.300466060638427734e-01
6.354198455810546875e-01
6.344292163848876953e-01
6.316442489624023438e-01
6.321866512298583984e-01
6.345665454864501953e-01
6.304781436920166016e-01
6.317725181579589844e-01
6.314532756805419922e-01
6.404697895050048828e-01
6.323111057281494141e-01
7.087528705596923828e-01
6.686735153198242188e-01
6.336910724639892578e-01
6.335902214050292969e-01
6.312768459320068359e-01
6.312928199768066406e-01
6.317536830902099609e-01
6.325180530548095703e-01
6.321291923522949219e-01
6.305060386657714844e-01
6.282784938812255859e-01
6.327180862426757812e-01
6.295058727264404297e-01
6.249494552612304688e-01
6.271560192108154297e-01
6.943960189819335938e-01
6.256427764892578125e-01
6.811461448669433594e-01
6.344420909881591797e-01
6.323010921478271484e-01
6.304030418395996094e-01
6.301906108856201172e-01
6.319789886474609375e-01
7.089600563049316406e-01
6.359720230102539062e-01
6.328203678131103516e-01
6.338498592376708984e-01
6.333644390106201172e-01
6.333892345428466797e-01
6.339402198791503906e-01
6.308941841125488281e-01
6.336262226104736328e-01
6.365330219268798828e-01
6.320421695709228516e-01
6.180632114410400391e-01
6.958880424499511719e-01
6.298310756683349609e-01
6.306014060974121094e-01
6.310510635375976562e-01
6.329786777496337891e-01
6.246092319488525391e-01
6.231868267059326172e-01
6.227781772613525391e-01
6.964983940124511719e-01
6.325433254241943359e-01
6.271224021911621094e-01
6.911902427673339844e-01
6.298246383666992188e-01
6.297700405120849609e-01
6.297459602355957031e-01
6.194021701812744141e-01
6.236772537231445312e-01
6.143336296081542969e-01
6.933975219726562500e-01
6.286745071411132812e-01
6.165807247161865234e-01
6.155364513397216797e-01
6.206009387969970703e-01
6.889693737030029297e-01
7.172019481658935547e-01
6.549491882324218750e-01
6.186370849609375000e-01
6.681225299835205078e-01
6.271271705627441406e-01
6.733832359313964844e-01
6.411981582641601562e-01
6.340336799621582031e-01
6.310558319091796875e-01
6.344585418701171875e-01
6.340246200561523438e-01
6.321985721588134766e-01
6.118226051330566406e-01
6.451139450073242188e-01
6.152150630950927734e-01
6.171343326568603516e-01
6.211569309234619141e-01
6.313273906707763672e-01
6.233279705047607422e-01
6.294765472412109375e-01
6.266546249389648438e-01
6.343731880187988281e-01
6.114454269409179688e-01
6.530900001525878906e-01
6.140835285186767578e-01
6.155600547790527344e-01
6.274526119232177734e-01
6.409718990325927734e-01
6.829445362091064453e-01
6.274421215057373047e-01
6.317977905273437500e-01
6.248488426208496094e-01
6.264150142669677734e-01
6.265223026275634766e-01
6.250886917114257812e-01
6.833167076110839844e-01
6.278381347656250000e-01
6.266837120056152344e-01
6.230256557464599609e-01
6.988217830657958984e-01
7.000980377197265625e-01
7.213480472564697266e-01
6.175496578216552734e-01
7.687215805053710938e-01
7.035884857177734375e-01
6.081645488739013672e-01
6.311800479888916016e-01
6.434507369995117188e-01
6.325449943542480469e-01
6.312680244445800781e-01
6.333963871002197266e-01
6.339008808135986328e-01
7.041981220245361328e-01
6.824867725372314453e-01
6.308023929595947266e-01
6.088421344757080078e-01
6.089923381805419922e-01
7.020170688629150391e-01
6.795003414154052734e-01
7.008144855499267578e-01
6.210894584655761719e-01
6.254441738128662109e-01
6.329865455627441406e-01
6.244878768920898438e-01
6.801304817199707031e-01
7.047479152679443359e-01
6.263828277587890625e-01
6.313056945800781250e-01
6.332101821899414062e-01
6.316587924957275391e-01
6.312251091003417969e-01
6.351413726806640625e-01
6.328139305114746094e-01
6.294362545013427734e-01
6.311254501342773438e-01
