6.430997848510742188e-01
6.240382194519042969e-01
6.298928260803222656e-01
6.244485378265380859e-01
6.996383666992187500e-01
6.253302097320556641e-01
6.229388713836669922e-01
6.234760284423828125e-01
6.264455318450927734e-01
6.226282119750976562e-01
6.778535842895507812e-01
6.110370159149169922e-01
6.102225780487060547e-01
6.080877780914306641e-01
6.302478313446044922e-01
6.344645023345947266e-01
7.052428722381591797e-01
6.306746006011962891e-01
6.365451812744140625e-01
6.289403438568115234e-01
6.277525424957275391e-01
6.262242794036865234e-01
6.302971839904785156e-01
6.295251846313476562e-01
6.437671184539794922e-01
6.353971958160400391e-01
6.252112388610839844e-01
6.272077560424804688e-01
6.492919921875000000e-01
6.225173473358154297e-01
6.247763633728027344e-01
6.242761611938476562e-01
6.797697544097900391e-01
6.276829242706298828e-01
6.260216236114501953e-01
7.035551071166992188e-01
6.261651515960693359e-01
6.215567588806152344e-01
6.531815528869628906e-01
6.222410202026367188e-01
6.289377212524414062e-01
6.256823539733886719e-01
6.314029693603515625e-01
6.399347782135009766e-01
6.678647994995117188e-01
6.252772808074951172e-01
6.263017654418945312e-01
7.037286758422851562e-01
6.261668205261230469e-01
6.288430690765380859e-01
6.921064853668212891e-01
6.339890956878662109e-01
6.304705142974853516e-01
6.328737735748291016e-01
6.386055946350097656e-01
6.300723552703857422e-01
6.354379653930664062e-01
6.344356536865234375e-01
6.316685676574707031e-01
6.322064399719238281e-01
6.345846652984619141e-01
6.305091381072998047e-01
6.317942142486572266e-01
6.314680576324462891e-01
6.404869556427001953e-01
6.323270797729492188e-01
7.087719440460205078e-01
6.686849594116210938e-01
6.337106227874755859e-01
6.336157321929931641e-01
6.312954425811767578e-01
6.313154697418212891e-01
6.317822933197021484e-01
6.325368881225585938e-01
6.321456432342529297e-01
6.305294036865234375e-01
6.282825469970703125e-01
6.327278614044189453e-01
6.295225620269775391e-01
6.249561309814453125e-01
6.271660327911376953e-01
6.944246292114257812e-01
6.256525516510009766e-01
6.811306476593017578e-01
6.344561576843261719e-01
6.323192119598388672e-01
6.304209232330322266e-01
6.302032470703125000e-01
6.320064067840576172e-01
7.089745998382568359e-01
6.359837055206298828e-01
6.328363418579101562e-01
6.338684558868408203e-01
6.333758831024169922e-01
6.334016323089599609e-01
6.339542865753173828e-01
6.309089660644531250e-01
6.336460113525390625e-01
6.365575790405273438e-01
6.320605278015136719e-01
6.180727481842041016e-01
6.958994865417480469e-01
6.298606395721435547e-01
6.305978298187255859e-01
6.310570240020751953e-01
6.329994201660156250e-01
6.246242523193359375e-01
6.231865882873535156e-01
6.227979660034179688e-01
6.965165138244628906e-01
6.325521469116210938e-01
6.271262168884277344e-01
6.912167072296142578e-01
6.298406124114990234e-01
6.297707557678222656e-01
6.297438144683837891e-01
6.193931102752685547e-01
6.236722469329833984e-01
6.143357753753662109e-01
6.934032440185546875e-01
6.286890506744384766e-01
6.165869235992431641e-01
6.155467033386230469e-01
6.205940246582031250e-01
6.889643669128417969e-01
7.504279613494873047e-01
6.549603939056396484e-01
6.186378002166748047e-01
6.681573390960693359e-01
6.271345615386962891e-01
6.733763217926025391e-01
6.412098407745361328e-01
6.340465545654296875e-01
6.310629844665527344e-01
6.344716548919677734e-01
6.340272426605224609e-01
6.322124004364013672e-01
6.092410087585449219e-01
6.203982830047607422e-01
6.152346134185791016e-01
6.171271800994873047e-01
5.847373008728027344e-01
6.313312053680419922e-01
6.233425140380859375e-01
6.295013427734375000e-01
6.266634464263916016e-01
6.343998908996582031e-01
6.114478111267089844e-01
6.531107425689697266e-01
6.116845607757568359e-01
6.155672073364257812e-01
6.274647712707519531e-01
6.394715309143066406e-01
6.829285621643066406e-01
6.274411678314208984e-01
6.067276000976562500e-01
6.248536109924316406e-01
6.264114379882812500e-01
6.265292167663574219e-01
6.250879764556884766e-01
6.833114624023437500e-01
6.278553009033203125e-01
6.266994476318359375e-01
6.230397224426269531e-01
6.988234519958496094e-01
7.001001834869384766e-01
7.213451862335205078e-01
6.175529956817626953e-01
7.687301635742187500e-01
7.035956382751464844e-01
6.081733703613281250e-01
6.311962604522705078e-01
6.434547901153564453e-01
6.325557231903076172e-01
6.312701702117919922e-01
6.334049701690673828e-01
6.339118480682373047e-01
7.042043209075927734e-01
6.824893951416015625e-01
6.308073997497558594e-01
6.088507175445556641e-01
6.090037822723388672e-01
7.020258903503417969e-01
6.794950962066650391e-01
7.008249759674072266e-01
6.211113929748535156e-01
6.254558563232421875e-01
6.329958438873291016e-01
6.244921684265136719e-01
6.801171302795410156e-01
7.047512531280517578e-01
6.264085769653320312e-01
6.313281059265136719e-01
6.332306861877441406e-01
6.316795349121093750e-01
6.312444210052490234e-01
6.351494789123535156e-01
6.328279972076416016e-01
6.294479370117187500e-01
6.311433315277099609e-01
