6.430659294128417969e-01
6.240427494049072266e-01
6.298704147338867188e-01
6.244106292724609375e-01
6.996316909790039062e-01
6.253206729888916016e-01
6.229116916656494141e-01
6.234524250030517578e-01
6.264178752899169922e-01
6.226096153259277344e-01
6.778523921966552734e-01
6.110274791717529297e-01
6.102104187011718750e-01
6.080808639526367188e-01
6.302406787872314453e-01
6.344513893127441406e-01
7.052354812622070312e-01
6.306636333465576172e-01
6.365365982055664062e-01
6.289329528808593750e-01
6.277451515197753906e-01
6.262137889862060547e-01
6.302936077117919922e-01
6.295220851898193359e-01
6.437578201293945312e-01
6.353874206542968750e-01
6.251845359802246094e-01
6.271848678588867188e-01
6.492798328399658203e-01
6.225070953369140625e-01
6.247522830963134766e-01
6.242504119873046875e-01
6.797709465026855469e-01
6.276681423187255859e-01
6.259999275207519531e-01
7.035365104675292969e-01
6.261546611785888672e-01
6.215262413024902344e-01
6.531815528869628906e-01
6.222088336944580078e-01
6.289334297180175781e-01
6.256549358367919922e-01
6.313748359680175781e-01
6.399312019348144531e-01
6.678555011749267578e-01
6.252672672271728516e-01
6.262567043304443359e-01
7.037296295166015625e-01
6.261548995971679688e-01
6.288328170776367188e-01
6.921124458312988281e-01
6.339828968048095703e-01
6.304514408111572266e-01
6.328492164611816406e-01
6.385760307312011719e-01
6.300487518310546875e-01
6.354103088378906250e-01
6.344327926635742188e-01
6.316356658935546875e-01
6.321873664855957031e-01
6.345658302307128906e-01
6.304852962493896484e-01
6.317734718322753906e-01
6.314413547515869141e-01
6.404697895050048828e-01
6.323070526123046875e-01
7.087473869323730469e-01
6.686813831329345703e-01
6.336920261383056641e-01
6.335942745208740234e-01
6.312756538391113281e-01
6.312952041625976562e-01
6.317517757415771484e-01
6.325044631958007812e-01
6.321277618408203125e-01
6.305036544799804688e-01
6.282696723937988281e-01
6.327092647552490234e-01
6.295061111450195312e-01
6.249463558197021484e-01
6.271536350250244141e-01
6.943931579589843750e-01
6.256425380706787109e-01
6.811351776123046875e-01
6.344382762908935547e-01
6.322941780090332031e-01
6.303925514221191406e-01
6.301839351654052734e-01
6.319801807403564453e-01
7.089524269104003906e-01
6.359472274780273438e-01
6.328172683715820312e-01
6.338460445404052734e-01
6.333546638488769531e-01
6.333858966827392578e-01
6.339347362518310547e-01
6.308875083923339844e-01
6.336200237274169922e-01
6.365327835083007812e-01
6.320528984069824219e-01
6.180624961853027344e-01
6.958954334259033203e-01
6.298332214355468750e-01
6.305935382843017578e-01
6.310510635375976562e-01
6.329765319824218750e-01
6.246051788330078125e-01
6.231842041015625000e-01
6.227858066558837891e-01
6.964850425720214844e-01
6.325314044952392578e-01
6.271183490753173828e-01
6.911957263946533203e-01
6.298205852508544922e-01
6.297628879547119141e-01
6.297371387481689453e-01
6.193947792053222656e-01
6.236684322357177734e-01
6.143319606781005859e-01
6.933929920196533203e-01
6.286642551422119141e-01
6.165804862976074219e-01
6.155390739440917969e-01
6.205852031707763672e-01
6.889646053314208984e-01
7.171959877014160156e-01
6.549477577209472656e-01
6.186168193817138672e-01
6.681277751922607422e-01
6.271266937255859375e-01
6.733729839324951172e-01
6.412029266357421875e-01
6.340398788452148438e-01
6.310520172119140625e-01
6.344606876373291016e-01
6.340258121490478516e-01
6.322028636932373047e-01
6.118104457855224609e-01
6.451213359832763672e-01
6.152203083038330078e-01
6.171255111694335938e-01
6.211571693420410156e-01
6.313219070434570312e-01
6.233217716217041016e-01
6.294608116149902344e-01
6.266572475433349609e-01
6.343767642974853516e-01
6.114428043365478516e-01
6.530952453613281250e-01
6.140823364257812500e-01
6.155540943145751953e-01
6.274559497833251953e-01
6.409628391265869141e-01
6.829402446746826172e-01
6.274263858795166016e-01
6.317975521087646484e-01
6.248474121093750000e-01
6.264052391052246094e-01
6.265168190002441406e-01
6.250860691070556641e-01
6.833095550537109375e-01
6.278338432312011719e-01
6.266801357269287109e-01
6.230232715606689453e-01
6.988098621368408203e-01
7.001006603240966797e-01
7.213473320007324219e-01
6.175460815429687500e-01
7.687246799468994141e-01
7.035899162292480469e-01
6.081633567810058594e-01
6.311757564544677734e-01
6.434440612792968750e-01
6.325395107269287109e-01
6.312592029571533203e-01
6.333935260772705078e-01
6.339008808135986328e-01
7.041950225830078125e-01
6.824808120727539062e-01
6.308012008666992188e-01
6.088340282440185547e-01
6.089885234832763672e-01
7.020182609558105469e-01
6.794915199279785156e-01
7.008168697357177734e-01
6.210982799530029297e-01
6.254456043243408203e-01
6.329896450042724609e-01
6.244897842407226562e-01
6.801273822784423828e-01
7.047424316406250000e-01
6.263930797576904297e-01
6.313064098358154297e-01
6.332073211669921875e-01
6.316518783569335938e-01
6.312270164489746094e-01
6.351349353790283203e-01
6.328115463256835938e-01
6.294276714324951172e-01
6.311206817626953125e-01
