2.276497364044189453e+00
5.063965320587158203e-01
5.067489147186279297e-01
5.155498981475830078e-01
5.087859630584716797e-01
5.086922645568847656e-01
5.048978328704833984e-01
5.071985721588134766e-01
5.591161251068115234e-01
5.335507392883300781e-01
5.105733871459960938e-01
5.114285945892333984e-01
5.126707553863525391e-01
5.139393806457519531e-01
5.107157230377197266e-01
5.100641250610351562e-01
5.145468711853027344e-01
5.269916057586669922e-01
5.119409561157226562e-01
5.104882717132568359e-01
5.133717060089111328e-01
5.131652355194091797e-01
5.115919113159179688e-01
5.219254493713378906e-01
5.158357620239257812e-01
5.217001438140869141e-01
5.111284255981445312e-01
5.122137069702148438e-01
5.135438442230224609e-01
5.144054889678955078e-01
5.159385204315185547e-01
5.156521797180175781e-01
5.142805576324462891e-01
5.131032466888427734e-01
5.150854587554931641e-01
5.155994892120361328e-01
5.114760398864746094e-01
5.174760818481445312e-01
5.163516998291015625e-01
5.203311443328857422e-01
5.163443088531494141e-01
5.269396305084228516e-01
5.163440704345703125e-01
5.141324996948242188e-01
5.486006736755371094e-01
5.088942050933837891e-01
5.108888149261474609e-01
5.121593475341796875e-01
5.119836330413818359e-01
5.091483592987060547e-01
5.108551979064941406e-01
5.138485431671142578e-01
5.126285552978515625e-01
5.134761333465576172e-01
5.131180286407470703e-01
5.110847949981689453e-01
5.095274448394775391e-01
5.118601322174072266e-01
5.135209560394287109e-01
5.117771625518798828e-01
5.127410888671875000e-01
5.111184120178222656e-01
5.107529163360595703e-01
5.129508972167968750e-01
5.126163959503173828e-01
5.133571624755859375e-01
5.106117725372314453e-01
5.126755237579345703e-01
5.141682624816894531e-01
5.120110511779785156e-01
5.205538272857666016e-01
5.140159130096435547e-01
5.171525478363037109e-01
5.119926929473876953e-01
5.168883800506591797e-01
5.091872215270996094e-01
5.094971656799316406e-01
5.234854221343994141e-01
5.082211494445800781e-01
5.074818134307861328e-01
5.358924865722656250e-01
5.114493370056152344e-01
5.078692436218261719e-01
5.094175338745117188e-01
5.106155872344970703e-01
5.089271068572998047e-01
5.088388919830322266e-01
5.101499557495117188e-01
5.106427669525146484e-01
5.209136009216308594e-01
5.198755264282226562e-01
5.192244052886962891e-01
5.213067531585693359e-01
5.180928707122802734e-01
5.208868980407714844e-01
5.225777626037597656e-01
5.211243629455566406e-01
5.222134590148925781e-01
5.475394725799560547e-01
5.392367839813232422e-01
5.198895931243896484e-01
5.188233852386474609e-01
5.137841701507568359e-01
5.172247886657714844e-01
5.199928283691406250e-01
5.400094985961914062e-01
5.150284767150878906e-01
5.191287994384765625e-01
5.186796188354492188e-01
5.533812046051025391e-01
5.236129760742187500e-01
5.173761844635009766e-01
5.147068500518798828e-01
5.123908519744873047e-01
5.120050907135009766e-01
5.125370025634765625e-01
5.115387439727783203e-01
5.126974582672119141e-01
5.131089687347412109e-01
5.123760700225830078e-01
5.121996402740478516e-01
5.135521888732910156e-01
5.122563838958740234e-01
5.123834609985351562e-01
5.124335289001464844e-01
5.130341053009033203e-01
5.133299827575683594e-01
5.122876167297363281e-01
5.180208683013916016e-01
5.227522850036621094e-01
5.223214626312255859e-01
5.259685516357421875e-01
6.190593242645263672e-01
5.142073631286621094e-01
5.176897048950195312e-01
5.165724754333496094e-01
5.185253620147705078e-01
5.177018642425537109e-01
5.258228778839111328e-01
5.214331150054931641e-01
5.163373947143554688e-01
5.162808895111083984e-01
5.423243045806884766e-01
5.193283557891845703e-01
5.181453227996826172e-01
5.312416553497314453e-01
5.364587306976318359e-01
5.247411727905273438e-01
5.256209373474121094e-01
5.218088626861572266e-01
5.227069854736328125e-01
5.245482921600341797e-01
5.297458171844482422e-01
5.208618640899658203e-01
5.215046405792236328e-01
5.211737155914306641e-01
5.199179649353027344e-01
5.200982093811035156e-01
5.199325084686279297e-01
5.229923725128173828e-01
5.202021598815917969e-01
5.267772674560546875e-01
5.218443870544433594e-01
5.177378654479980469e-01
5.197656154632568359e-01
5.207345485687255859e-01
5.260381698608398438e-01
5.285251140594482422e-01
5.271956920623779297e-01
5.227475166320800781e-01
5.303921699523925781e-01
5.278258323669433594e-01
5.205569267272949219e-01
5.216927528381347656e-01
5.209934711456298828e-01
5.285627841949462891e-01
5.207498073577880859e-01
5.255167484283447266e-01
5.206646919250488281e-01
5.197603702545166016e-01
5.711882114410400391e-01
5.259158611297607422e-01
5.208573341369628906e-01
5.210969448089599609e-01
5.200917720794677734e-01
5.186591148376464844e-01
5.164575576782226562e-01
5.185298919677734375e-01
5.188417434692382812e-01
5.169703960418701172e-01
5.174531936645507812e-01
5.156984329223632812e-01
5.972888469696044922e-01
5.146446228027343750e-01
5.161881446838378906e-01
5.144410133361816406e-01
5.154407024383544922e-01
5.469269752502441406e-01
5.284817218780517578e-01
5.261766910552978516e-01
