2.639302730560302734e+00
7.957632541656494141e-01
7.972698211669921875e-01
7.973527908325195312e-01
7.975671291351318359e-01
7.981362342834472656e-01
7.964849472045898438e-01
7.982304096221923828e-01
7.972061634063720703e-01
7.966542243957519531e-01
7.994055747985839844e-01
7.956540584564208984e-01
7.912609577178955078e-01
7.927923202514648438e-01
7.581319808959960938e-01
7.578160762786865234e-01
7.584187984466552734e-01
7.580051422119140625e-01
7.582442760467529297e-01
7.587559223175048828e-01
7.583940029144287109e-01
7.589299678802490234e-01
7.609784603118896484e-01
7.577941417694091797e-01
7.600281238555908203e-01
7.613866329193115234e-01
7.598598003387451172e-01
8.262002468109130859e-01
8.126502037048339844e-01
8.104395866394042969e-01
8.044495582580566406e-01
8.047220706939697266e-01
8.038358688354492188e-01
8.044826984405517578e-01
8.124306201934814453e-01
8.046646118164062500e-01
8.062834739685058594e-01
7.984521389007568359e-01
7.951314449310302734e-01
7.969007492065429688e-01
7.987899780273437500e-01
8.060898780822753906e-01
8.092448711395263672e-01
8.062624931335449219e-01
8.113133907318115234e-01
8.009190559387207031e-01
8.006925582885742188e-01
8.127241134643554688e-01
7.998070716857910156e-01
8.004109859466552734e-01
8.056561946868896484e-01
8.694076538085937500e-01
7.910561561584472656e-01
8.074026107788085938e-01
8.093142509460449219e-01
8.080286979675292969e-01
8.091762065887451172e-01
8.096809387207031250e-01
8.083059787750244141e-01
8.096120357513427734e-01
8.086688518524169922e-01
8.089289665222167969e-01
8.124504089355468750e-01
8.087630271911621094e-01
8.113992214202880859e-01
8.116753101348876953e-01
8.113877773284912109e-01
8.104290962219238281e-01
8.122675418853759766e-01
8.116126060485839844e-01
8.129315376281738281e-01
8.124980926513671875e-01
8.135895729064941406e-01
8.138971328735351562e-01
8.156242370605468750e-01
8.190379142761230469e-01
8.133969306945800781e-01
8.139452934265136719e-01
8.158776760101318359e-01
8.126633167266845703e-01
8.329730033874511719e-01
8.094420433044433594e-01
8.082478046417236328e-01
8.085029125213623047e-01
8.169038295745849609e-01
8.150749206542968750e-01
8.162527084350585938e-01
8.176722526550292969e-01
8.151385784149169922e-01
8.152072429656982422e-01
8.173079490661621094e-01
8.173213005065917969e-01
8.160192966461181641e-01
8.154323101043701172e-01
8.183262348175048828e-01
8.152673244476318359e-01
8.156566619873046875e-01
8.162386417388916016e-01
8.202288150787353516e-01
8.334896564483642578e-01
7.678642272949218750e-01
8.348159790039062500e-01
8.210566043853759766e-01
8.186516761779785156e-01
8.130388259887695312e-01
8.185009956359863281e-01
8.190808296203613281e-01
8.203101158142089844e-01
8.201661109924316406e-01
8.215057849884033203e-01
8.184361457824707031e-01
8.331296443939208984e-01
8.204233646392822266e-01
8.211700916290283203e-01
8.212795257568359375e-01
8.204138278961181641e-01
8.174600601196289062e-01
8.117392063140869141e-01
8.134326934814453125e-01
8.120713233947753906e-01
8.122200965881347656e-01
8.137097358703613281e-01
8.115835189819335938e-01
8.124630451202392578e-01
8.108506202697753906e-01
8.126990795135498047e-01
8.121676445007324219e-01
8.115313053131103516e-01
8.116657733917236328e-01
8.120164871215820312e-01
8.123383522033691406e-01
7.990505695343017578e-01
7.756140232086181641e-01
7.720720767974853516e-01
7.743513584136962891e-01
7.746570110321044922e-01
8.322250843048095703e-01
7.729167938232421875e-01
8.177533149719238281e-01
8.274486064910888672e-01
8.146581649780273438e-01
8.135948181152343750e-01
8.159348964691162109e-01
8.148732185363769531e-01
8.243787288665771484e-01
8.367860317230224609e-01
8.182988166809082031e-01
8.167119026184082031e-01
8.139154911041259766e-01
8.159809112548828125e-01
8.148825168609619141e-01
8.160064220428466797e-01
8.156409263610839844e-01
8.138053417205810547e-01
8.141169548034667969e-01
8.250827789306640625e-01
8.116118907928466797e-01
8.119509220123291016e-01
8.219275474548339844e-01
8.204331398010253906e-01
8.236939907073974609e-01
8.213157653808593750e-01
8.204164505004882812e-01
8.210844993591308594e-01
8.225746154785156250e-01
8.240225315093994141e-01
8.180074691772460938e-01
8.146221637725830078e-01
8.146600723266601562e-01
8.137109279632568359e-01
8.163135051727294922e-01
8.132905960083007812e-01
8.156156539916992188e-01
8.125586509704589844e-01
8.126838207244873047e-01
8.134219646453857422e-01
8.155705928802490234e-01
8.143033981323242188e-01
8.150067329406738281e-01
8.148050308227539062e-01
8.136014938354492188e-01
8.143880367279052734e-01
8.135592937469482422e-01
8.127062320709228516e-01
8.118791580200195312e-01
8.108835220336914062e-01
8.114867210388183594e-01
8.136398792266845703e-01
8.124973773956298828e-01
8.134512901306152344e-01
8.139533996582031250e-01
8.125598430633544922e-01
8.135221004486083984e-01
8.208940029144287109e-01
8.192942142486572266e-01
8.200135231018066406e-01
8.195619583129882812e-01
8.215565681457519531e-01
8.192231655120849609e-01
8.181443214416503906e-01
