7.566227912902832031e-01
7.100751399993896484e-01
6.913454532623291016e-01
6.972882747650146484e-01
7.738556861877441406e-01
7.134003639221191406e-01
6.933465003967285156e-01
6.971340179443359375e-01
6.918227672576904297e-01
6.900210380554199219e-01
7.784879207611083984e-01
6.970334053039550781e-01
6.772038936614990234e-01
7.018356323242187500e-01
6.900928020477294922e-01
6.958086490631103516e-01
7.644686698913574219e-01
7.011883258819580078e-01
6.941285133361816406e-01
6.853260993957519531e-01
6.897351741790771484e-01
6.913702487945556641e-01
6.930558681488037109e-01
6.684277057647705078e-01
6.838607788085937500e-01
6.949484348297119141e-01
6.793599128723144531e-01
6.811254024505615234e-01
6.862905025482177734e-01
6.936690807342529297e-01
6.788425445556640625e-01
6.804928779602050781e-01
7.915153503417968750e-01
6.893978118896484375e-01
6.818439960479736328e-01
7.698869705200195312e-01
6.900055408477783203e-01
6.845133304595947266e-01
7.656345367431640625e-01
6.969029903411865234e-01
6.887745857238769531e-01
6.779778003692626953e-01
6.822578907012939453e-01
6.870663166046142578e-01
6.768848896026611328e-01
6.758620738983154297e-01
6.809055805206298828e-01
7.768440246582031250e-01
6.819310188293457031e-01
6.775057315826416016e-01
7.808489799499511719e-01
6.803014278411865234e-01
6.730005741119384766e-01
6.782381534576416016e-01
6.874022483825683594e-01
6.825132369995117188e-01
6.816365718841552734e-01
6.873166561126708984e-01
6.907212734222412109e-01
6.792647838592529297e-01
6.754226684570312500e-01
7.005088329315185547e-01
6.764919757843017578e-01
6.915163993835449219e-01
6.863605976104736328e-01
6.878795623779296875e-01
7.639358043670654297e-01
6.742825508117675781e-01
6.917490959167480469e-01
6.757256984710693359e-01
6.924173831939697266e-01
6.927886009216308594e-01
6.900267601013183594e-01
6.830582618713378906e-01
6.736261844635009766e-01
6.868817806243896484e-01
6.867911815643310547e-01
6.808848381042480469e-01
6.868319511413574219e-01
6.926834583282470703e-01
6.789274215698242188e-01
6.882541179656982422e-01
6.874191761016845703e-01
7.811679840087890625e-01
6.866340637207031250e-01
6.783015727996826172e-01
6.965174674987792969e-01
6.748979091644287109e-01
6.892292499542236328e-01
7.864141464233398438e-01
6.856117248535156250e-01
6.855487823486328125e-01
6.777584552764892578e-01
6.843280792236328125e-01
6.862399578094482422e-01
6.868550777435302734e-01
6.887412071228027344e-01
6.868557929992675781e-01
6.838557720184326172e-01
6.726551055908203125e-01
6.858594417572021484e-01
6.865787506103515625e-01
6.797022819519042969e-01
6.879408359527587891e-01
6.864120960235595703e-01
6.872553825378417969e-01
6.779141426086425781e-01
6.862914562225341797e-01
6.806130409240722656e-01
6.836826801300048828e-01
6.964154243469238281e-01
6.851825714111328125e-01
6.919052600860595703e-01
6.797542572021484375e-01
6.833751201629638672e-01
6.890530586242675781e-01
6.858913898468017578e-01
6.757743358612060547e-01
6.824073791503906250e-01
6.892638206481933594e-01
6.836016178131103516e-01
6.857938766479492188e-01
6.960086822509765625e-01
6.785593032836914062e-01
7.655267715454101562e-01
6.903057098388671875e-01
6.969096660614013672e-01
6.800637245178222656e-01
6.855909824371337891e-01
6.849761009216308594e-01
7.827389240264892578e-01
6.896667480468750000e-01
6.837155818939208984e-01
6.898219585418701172e-01
6.825029850006103516e-01
6.902904510498046875e-01
6.824584007263183594e-01
6.863021850585937500e-01
6.821544170379638672e-01
6.712944507598876953e-01
6.856355667114257812e-01
6.764521598815917969e-01
6.891438961029052734e-01
6.747601032257080078e-01
7.001392841339111328e-01
6.847341060638427734e-01
6.807043552398681641e-01
6.874320507049560547e-01
7.635283470153808594e-01
6.796147823333740234e-01
6.766169071197509766e-01
6.886105537414550781e-01
6.757094860076904297e-01
7.411036491394042969e-01
6.809949874877929688e-01
6.938660144805908203e-01
6.946487426757812500e-01
6.784002780914306641e-01
6.891176700592041016e-01
6.796107292175292969e-01
7.756934165954589844e-01
6.820404529571533203e-01
6.889684200286865234e-01
6.836516857147216797e-01
6.819574832916259766e-01
7.718427181243896484e-01
7.785041332244873047e-01
6.833591461181640625e-01
6.850502490997314453e-01
6.893572807312011719e-01
6.743946075439453125e-01
6.824936866760253906e-01
6.986310482025146484e-01
6.889324188232421875e-01
6.905224323272705078e-01
6.802453994750976562e-01
6.935091018676757812e-01
7.675154209136962891e-01
7.423880100250244141e-01
6.855440139770507812e-01
6.829802989959716797e-01
6.782774925231933594e-01
6.832365989685058594e-01
7.755045890808105469e-01
7.288982868194580078e-01
6.806104183197021484e-01
6.845400333404541016e-01
6.850717067718505859e-01
6.903018951416015625e-01
7.686824798583984375e-01
7.785503864288330078e-01
6.858210563659667969e-01
6.829688549041748047e-01
6.823568344116210938e-01
6.934354305267333984e-01
6.916210651397705078e-01
6.818015575408935547e-01
6.861078739166259766e-01
7.011611461639404297e-01
6.845326423645019531e-01
