2.837489604949951172e+00
1.210514783859252930e+00
1.060621976852416992e+00
1.055941104888916016e+00
1.056996345520019531e+00
1.053368568420410156e+00
1.052190303802490234e+00
1.055297851562500000e+00
1.066944837570190430e+00
1.067449569702148438e+00
1.147675991058349609e+00
1.202611207962036133e+00
1.061914682388305664e+00
1.061292648315429688e+00
1.114040136337280273e+00
1.221927642822265625e+00
1.073171138763427734e+00
1.069144964218139648e+00
1.069457054138183594e+00
1.072164297103881836e+00
1.073506832122802734e+00
1.079941272735595703e+00
1.071092367172241211e+00
1.065551757812500000e+00
1.069049596786499023e+00
1.073823451995849609e+00
1.073888540267944336e+00
1.074172019958496094e+00
1.114763975143432617e+00
1.070354938507080078e+00
1.079745769500732422e+00
1.074591875076293945e+00
1.072834253311157227e+00
1.119702339172363281e+00
1.259821176528930664e+00
1.259341001510620117e+00
1.166465044021606445e+00
1.070667743682861328e+00
1.073197364807128906e+00
1.072203159332275391e+00
1.074827909469604492e+00
1.072396993637084961e+00
1.071030139923095703e+00
1.074795007705688477e+00
1.103362560272216797e+00
1.076079607009887695e+00
1.070614099502563477e+00
1.125723123550415039e+00
1.076785326004028320e+00
1.076367139816284180e+00
1.073678493499755859e+00
1.085126161575317383e+00
1.098916053771972656e+00
1.069126367568969727e+00
1.071624040603637695e+00
1.177844047546386719e+00
1.185517549514770508e+00
1.146708011627197266e+00
1.222928285598754883e+00
1.080445528030395508e+00
1.077533721923828125e+00
1.076244354248046875e+00
1.074908971786499023e+00
1.082647800445556641e+00
1.079946279525756836e+00
1.078889369964599609e+00
1.080829858779907227e+00
1.084522247314453125e+00
1.090793132781982422e+00
1.080529928207397461e+00
1.081811666488647461e+00
1.084235191345214844e+00
1.086612701416015625e+00
1.083832025527954102e+00
1.092342376708984375e+00
1.126752614974975586e+00
1.184252977371215820e+00
1.118021249771118164e+00
1.184194326400756836e+00
1.084731101989746094e+00
1.088403940200805664e+00
1.080274581909179688e+00
1.080668687820434570e+00
1.081014633178710938e+00
1.081158399581909180e+00
1.084783554077148438e+00
1.091460227966308594e+00
1.097660303115844727e+00
1.149716615676879883e+00
1.087356090545654297e+00
1.087823390960693359e+00
1.087022542953491211e+00
1.084699153900146484e+00
1.090352296829223633e+00
1.089698076248168945e+00
1.077248811721801758e+00
1.079824924468994141e+00
1.083168029785156250e+00
1.093788146972656250e+00
1.089568376541137695e+00
1.099120616912841797e+00
1.119285345077514648e+00
1.097988605499267578e+00
1.097090244293212891e+00
1.105480432510375977e+00
1.099613904953002930e+00
1.094497203826904297e+00
1.098475933074951172e+00
1.103992700576782227e+00
1.097918033599853516e+00
1.095643997192382812e+00
1.090970516204833984e+00
1.087681531906127930e+00
1.178087949752807617e+00
1.286900281906127930e+00
1.092638492584228516e+00
1.089823484420776367e+00
1.089488744735717773e+00
1.091799020767211914e+00
1.138332843780517578e+00
1.184257268905639648e+00
1.090227127075195312e+00
1.094653367996215820e+00
1.105355501174926758e+00
1.089829206466674805e+00
1.097350120544433594e+00
1.093709945678710938e+00
1.092463254928588867e+00
1.095239639282226562e+00
1.107968330383300781e+00
1.111185073852539062e+00
1.116194725036621094e+00
1.097654819488525391e+00
1.108509302139282227e+00
1.099905490875244141e+00
1.111487865447998047e+00
1.102294683456420898e+00
1.096469402313232422e+00
1.120272397994995117e+00
1.100819826126098633e+00
1.128392696380615234e+00
1.095604658126831055e+00
1.118122577667236328e+00
1.092658281326293945e+00
1.187414884567260742e+00
1.124173879623413086e+00
1.089941740036010742e+00
1.163897514343261719e+00
1.101640462875366211e+00
1.142693519592285156e+00
1.130308866500854492e+00
1.195317029953002930e+00
1.102185249328613281e+00
1.104241609573364258e+00
1.103853464126586914e+00
1.096026420593261719e+00
1.104769468307495117e+00
1.107306957244873047e+00
1.144543647766113281e+00
1.185421705245971680e+00
1.126371860504150391e+00
1.186954498291015625e+00
1.188929319381713867e+00
1.179209232330322266e+00
1.092362403869628906e+00
1.112037897109985352e+00
1.104075670242309570e+00
1.105226993560791016e+00
1.135920524597167969e+00
1.183944463729858398e+00
1.108222723007202148e+00
1.095582962036132812e+00
1.109577894210815430e+00
1.140163898468017578e+00
1.208829641342163086e+00
1.125493764877319336e+00
1.161698579788208008e+00
1.121281385421752930e+00
1.103105306625366211e+00
1.096575021743774414e+00
1.099856138229370117e+00
1.095136642456054688e+00
1.094573497772216797e+00
1.108735561370849609e+00
1.119515419006347656e+00
1.099231719970703125e+00
1.161233186721801758e+00
1.166982889175415039e+00
1.102406501770019531e+00
1.099317550659179688e+00
1.113533258438110352e+00
1.097755908966064453e+00
1.102268218994140625e+00
1.208101511001586914e+00
1.248162984848022461e+00
1.137906312942504883e+00
1.107481718063354492e+00
1.134060621261596680e+00
1.128420829772949219e+00
1.114898443222045898e+00
