7.566332817077636719e-01
7.100651264190673828e-01
6.913514137268066406e-01
6.972823143005371094e-01
7.738616466522216797e-01
7.133924961090087891e-01
6.933374404907226562e-01
6.971247196197509766e-01
6.918370723724365234e-01
6.900365352630615234e-01
7.784817218780517578e-01
6.970226764678955078e-01
6.772246360778808594e-01
7.018215656280517578e-01
6.900875568389892578e-01
6.958045959472656250e-01
7.644605636596679688e-01
7.011883258819580078e-01
6.941299438476562500e-01
6.853272914886474609e-01
6.897230148315429688e-01
6.913678646087646484e-01
6.930754184722900391e-01
6.684272289276123047e-01
6.838741302490234375e-01
6.949560642242431641e-01
6.793644428253173828e-01
6.811304092407226562e-01
6.862969398498535156e-01
6.936774253845214844e-01
6.788489818572998047e-01
6.804924011230468750e-01
7.915227413177490234e-01
6.893982887268066406e-01
6.818540096282958984e-01
7.698750495910644531e-01
6.900167465209960938e-01
6.845355033874511719e-01
7.656288146972656250e-01
6.969130039215087891e-01
6.887698173522949219e-01
6.779758930206298828e-01
6.822645664215087891e-01
6.870563030242919922e-01
6.768925189971923828e-01
6.758687496185302734e-01
6.808884143829345703e-01
7.768483161926269531e-01
6.819360256195068359e-01
6.775064468383789062e-01
7.808485031127929688e-01
6.802940368652343750e-01
6.729960441589355469e-01
6.782274246215820312e-01
6.873979568481445312e-01
6.825184822082519531e-01
6.816449165344238281e-01
6.873090267181396484e-01
6.907196044921875000e-01
6.792659759521484375e-01
6.754107475280761719e-01
7.004985809326171875e-01
6.764998435974121094e-01
6.915209293365478516e-01
6.863701343536376953e-01
6.878755092620849609e-01
7.639317512512207031e-01
6.742837429046630859e-01
6.917340755462646484e-01
6.757349967956542969e-01
6.924192905426025391e-01
6.927869319915771484e-01
6.900298595428466797e-01
6.830477714538574219e-01
6.736111640930175781e-01
6.868743896484375000e-01
6.867804527282714844e-01
6.808836460113525391e-01
6.868498325347900391e-01
6.926770210266113281e-01
6.789386272430419922e-01
6.882545948028564453e-01
6.874063014984130859e-01
7.811698913574218750e-01
6.865911483764648438e-01
6.783118247985839844e-01
6.965079307556152344e-01
6.749093532562255859e-01
6.892249584197998047e-01
7.864153385162353516e-01
6.856107711791992188e-01
6.855156421661376953e-01
6.777608394622802734e-01
6.843326091766357422e-01
6.862473487854003906e-01
6.868364810943603516e-01
6.887345314025878906e-01
6.868503093719482422e-01
6.838655471801757812e-01
6.726431846618652344e-01
6.858489513397216797e-01
6.865806579589843750e-01
6.796879768371582031e-01
6.879518032073974609e-01
6.864082813262939453e-01
6.872546672821044922e-01
6.779122352600097656e-01
6.862978935241699219e-01
6.805980205535888672e-01
6.836783885955810547e-01
6.964242458343505859e-01
6.851668357849121094e-01
6.919052600860595703e-01
6.797513961791992188e-01
6.833839416503906250e-01
6.890456676483154297e-01
6.859059333801269531e-01
6.757743358612060547e-01
6.824178695678710938e-01
6.892631053924560547e-01
6.835789680480957031e-01
6.858038902282714844e-01
6.960172653198242188e-01
6.785674095153808594e-01
7.655332088470458984e-01
6.903190612792968750e-01
6.969101428985595703e-01
6.800518035888671875e-01
6.856021881103515625e-01
6.849770545959472656e-01
7.827503681182861328e-01
6.896767616271972656e-01
6.837284564971923828e-01
6.898245811462402344e-01
6.825177669525146484e-01
6.902902126312255859e-01
6.824369430541992188e-01
6.863107681274414062e-01
6.821646690368652344e-01
6.712939739227294922e-01
6.856334209442138672e-01
6.764400005340576172e-01
6.891434192657470703e-01
6.747434139251708984e-01
7.001268863677978516e-01
6.847431659698486328e-01
6.806979179382324219e-01
6.874260902404785156e-01
7.635383605957031250e-01
6.796240806579589844e-01
6.766145229339599609e-01
6.886112689971923828e-01
6.757037639617919922e-01
7.410986423492431641e-01
6.809804439544677734e-01
6.938602924346923828e-01
6.946606636047363281e-01
6.784067153930664062e-01
6.891109943389892578e-01
6.796143054962158203e-01
7.756934165954589844e-01
6.820416450500488281e-01
6.889648437500000000e-01
6.836740970611572266e-01
6.819555759429931641e-01
7.718350887298583984e-01
7.785024642944335938e-01
6.833693981170654297e-01
6.850650310516357422e-01
6.893589496612548828e-01
6.744041442871093750e-01
6.824941635131835938e-01
6.986417770385742188e-01
6.889348030090332031e-01
6.905248165130615234e-01
6.802544593811035156e-01
6.934995651245117188e-01
7.675256729125976562e-01
7.423951625823974609e-01
6.855530738830566406e-01
6.829829216003417969e-01
6.782751083374023438e-01
6.832404136657714844e-01
7.755169868469238281e-01
7.289009094238281250e-01
6.806328296661376953e-01
6.845529079437255859e-01
6.850824356079101562e-01
6.903109550476074219e-01
7.686853408813476562e-01
7.785379886627197266e-01
6.858227252960205078e-01
6.829631328582763672e-01
6.823689937591552734e-01
6.934242248535156250e-01
6.916146278381347656e-01
6.818115711212158203e-01
6.860921382904052734e-01
7.011616230010986328e-01
6.845433712005615234e-01
