2.698764324188232422e+00
1.070743322372436523e+00
1.066478013992309570e+00
1.073351144790649414e+00
1.075155973434448242e+00
1.072854757308959961e+00
1.172860860824584961e+00
1.085340976715087891e+00
1.079569101333618164e+00
1.241503000259399414e+00
1.077850341796875000e+00
1.075772762298583984e+00
1.081015825271606445e+00
1.075489997863769531e+00
1.084304809570312500e+00
1.084685325622558594e+00
1.262246847152709961e+00
1.172724723815917969e+00
1.085248231887817383e+00
1.080301046371459961e+00
1.082906007766723633e+00
1.078680038452148438e+00
1.077553033828735352e+00
1.091296672821044922e+00
1.093565225601196289e+00
1.082782506942749023e+00
1.177412748336791992e+00
1.269239187240600586e+00
1.208284139633178711e+00
1.083898544311523438e+00
1.082137823104858398e+00
1.082129478454589844e+00
1.193059921264648438e+00
1.079192638397216797e+00
1.091986179351806641e+00
1.087442398071289062e+00
1.087290525436401367e+00
1.086091995239257812e+00
1.089046716690063477e+00
1.089564561843872070e+00
1.092109680175781250e+00
1.085752964019775391e+00
1.081975698471069336e+00
1.085565567016601562e+00
1.084776163101196289e+00
1.084922075271606445e+00
1.086465358734130859e+00
1.087272882461547852e+00
1.090967893600463867e+00
1.090017557144165039e+00
1.089917421340942383e+00
1.085524797439575195e+00
1.188703060150146484e+00
1.094010829925537109e+00
1.095377922058105469e+00
1.089366197586059570e+00
1.081000804901123047e+00
1.084742307662963867e+00
1.086885213851928711e+00
1.085623502731323242e+00
1.090090751647949219e+00
1.093776702880859375e+00
1.094593763351440430e+00
1.100307703018188477e+00
1.088461160659790039e+00
1.094769001007080078e+00
1.184435367584228516e+00
1.190394401550292969e+00
1.217803955078125000e+00
1.217093944549560547e+00
1.093713760375976562e+00
1.162249326705932617e+00
1.193026065826416016e+00
1.099659204483032227e+00
1.103261709213256836e+00
1.199711084365844727e+00
1.094690084457397461e+00
1.094040870666503906e+00
1.094512939453125000e+00
1.089544057846069336e+00
1.089300155639648438e+00
1.090669393539428711e+00
1.089105606079101562e+00
1.091118812561035156e+00
1.093433141708374023e+00
1.088239192962646484e+00
1.205467939376831055e+00
1.094373941421508789e+00
1.086671829223632812e+00
1.089725255966186523e+00
1.090122461318969727e+00
1.089717626571655273e+00
1.094123363494873047e+00
1.100448131561279297e+00
1.099324464797973633e+00
1.094031095504760742e+00
1.094382524490356445e+00
1.095212221145629883e+00
1.095504999160766602e+00
1.095768451690673828e+00
1.101408720016479492e+00
1.106101989746093750e+00
1.190457582473754883e+00
1.221852064132690430e+00
1.156417131423950195e+00
1.092478752136230469e+00
1.092400074005126953e+00
1.097559690475463867e+00
1.114974260330200195e+00
1.098388195037841797e+00
1.100907802581787109e+00
1.100475311279296875e+00
1.096695661544799805e+00
1.095754384994506836e+00
1.094974994659423828e+00
1.168187618255615234e+00
1.161303281784057617e+00
1.102778673171997070e+00
1.105107069015502930e+00
1.112575769424438477e+00
1.096380472183227539e+00
1.096139192581176758e+00
1.099186182022094727e+00
1.152818918228149414e+00
1.097232580184936523e+00
1.098996400833129883e+00
1.099109888076782227e+00
1.099602460861206055e+00
1.166580438613891602e+00
1.097566127777099609e+00
1.103899955749511719e+00
1.191823959350585938e+00
1.099655151367187500e+00
1.101656675338745117e+00
1.101525068283081055e+00
1.094459056854248047e+00
1.098196029663085938e+00
1.112388134002685547e+00
1.106033563613891602e+00
1.103940963745117188e+00
1.117819309234619141e+00
1.104705572128295898e+00
1.288579702377319336e+00
1.098468303680419922e+00
1.212677955627441406e+00
1.100700616836547852e+00
1.104713678359985352e+00
1.120989084243774414e+00
1.160494565963745117e+00
1.113301277160644531e+00
1.104895591735839844e+00
1.109497070312500000e+00
1.171491384506225586e+00
1.104770898818969727e+00
1.106775045394897461e+00
1.135417222976684570e+00
1.124561071395874023e+00
1.103589057922363281e+00
1.290257692337036133e+00
1.104901075363159180e+00
1.104747533798217773e+00
1.110357046127319336e+00
1.103254318237304688e+00
1.102169990539550781e+00
1.198393344879150391e+00
1.116166830062866211e+00
1.110878467559814453e+00
1.102839708328247070e+00
1.192888736724853516e+00
1.107199430465698242e+00
1.104168415069580078e+00
1.104499578475952148e+00
1.104427814483642578e+00
1.121447324752807617e+00
1.099720001220703125e+00
1.099341154098510742e+00
1.102251529693603516e+00
1.196920156478881836e+00
1.105235815048217773e+00
1.108762264251708984e+00
1.180407762527465820e+00
1.102030754089355469e+00
1.105405807495117188e+00
1.116121053695678711e+00
1.105675458908081055e+00
1.123983383178710938e+00
1.101920604705810547e+00
1.197617769241333008e+00
1.156741619110107422e+00
1.101697683334350586e+00
1.102603435516357422e+00
1.105583429336547852e+00
1.111596584320068359e+00
1.116974830627441406e+00
1.111276865005493164e+00
1.256088495254516602e+00
1.126912355422973633e+00
1.101267814636230469e+00
1.132808685302734375e+00
1.106171607971191406e+00
