2.690619468688964844e+00
1.044022083282470703e+00
1.045970439910888672e+00
1.038373708724975586e+00
1.038255929946899414e+00
1.044583082199096680e+00
1.040046930313110352e+00
1.034223318099975586e+00
1.037361383438110352e+00
1.042836189270019531e+00
1.045062303543090820e+00
1.046470165252685547e+00
1.140537977218627930e+00
1.227564573287963867e+00
1.047644138336181641e+00
1.040424585342407227e+00
1.041758537292480469e+00
1.041581869125366211e+00
1.050181388854980469e+00
1.051594972610473633e+00
1.052680969238281250e+00
1.048645973205566406e+00
1.231244802474975586e+00
1.142447471618652344e+00
1.045761108398437500e+00
1.231791734695434570e+00
1.149366140365600586e+00
1.050458669662475586e+00
1.049211978912353516e+00
1.231922864913940430e+00
1.148748397827148438e+00
1.051912546157836914e+00
1.049031972885131836e+00
1.054692983627319336e+00
1.047115802764892578e+00
1.050076007843017578e+00
1.050209045410156250e+00
1.052034854888916016e+00
1.118122577667236328e+00
1.177963495254516602e+00
1.047859668731689453e+00
1.060936927795410156e+00
1.056617975234985352e+00
1.063335418701171875e+00
1.056198120117187500e+00
1.049829959869384766e+00
1.054043054580688477e+00
1.057007789611816406e+00
1.239346265792846680e+00
1.148283720016479492e+00
1.052607059478759766e+00
1.055569648742675781e+00
1.053656578063964844e+00
1.055995702743530273e+00
1.056189060211181641e+00
1.059848308563232422e+00
1.060504913330078125e+00
1.150133132934570312e+00
1.054822444915771484e+00
1.151502847671508789e+00
1.052122354507446289e+00
1.050503253936767578e+00
1.056494235992431641e+00
1.052861213684082031e+00
1.055433034896850586e+00
1.056486129760742188e+00
1.156505346298217773e+00
1.071182966232299805e+00
1.058319091796875000e+00
1.052496671676635742e+00
1.059312820434570312e+00
1.063025236129760742e+00
1.063601970672607422e+00
1.052559137344360352e+00
1.050861597061157227e+00
1.070443391799926758e+00
1.057110309600830078e+00
1.062429904937744141e+00
1.127686262130737305e+00
1.246353149414062500e+00
1.154343366622924805e+00
1.061499595642089844e+00
1.067251682281494141e+00
1.065451383590698242e+00
1.056982994079589844e+00
1.063024759292602539e+00
1.064820528030395508e+00
1.125032186508178711e+00
1.059681177139282227e+00
1.060655593872070312e+00
1.062480211257934570e+00
1.054699897766113281e+00
1.055894613265991211e+00
1.066533565521240234e+00
1.055951833724975586e+00
1.059070587158203125e+00
1.056450128555297852e+00
1.134853601455688477e+00
1.184443712234497070e+00
1.061926603317260742e+00
1.167095422744750977e+00
1.091884613037109375e+00
1.068855047225952148e+00
1.071115493774414062e+00
1.062697410583496094e+00
1.066354036331176758e+00
1.066895484924316406e+00
1.065847158432006836e+00
1.067925691604614258e+00
1.060803651809692383e+00
1.058854103088378906e+00
1.067279100418090820e+00
1.065443992614746094e+00
1.063156127929687500e+00
1.063480854034423828e+00
1.070177555084228516e+00
1.071686983108520508e+00
1.249169111251831055e+00
1.161766052246093750e+00
1.079185485839843750e+00
1.069441795349121094e+00
1.071995258331298828e+00
1.190602540969848633e+00
1.160224914550781250e+00
1.053822278976440430e+00
1.059890747070312500e+00
1.063154697418212891e+00
1.063336849212646484e+00
1.067856788635253906e+00
1.169680118560791016e+00
1.061020135879516602e+00
1.130027055740356445e+00
1.250711441040039062e+00
1.196114063262939453e+00
1.074131488800048828e+00
1.068579435348510742e+00
1.064578294754028320e+00
1.064805030822753906e+00
1.068680763244628906e+00
1.158486127853393555e+00
1.066650629043579102e+00
1.068185806274414062e+00
1.068023443222045898e+00
1.066202402114868164e+00
1.069507360458374023e+00
1.095189332962036133e+00
1.063052415847778320e+00
1.068218708038330078e+00
1.069222211837768555e+00
1.098375082015991211e+00
1.063324928283691406e+00
1.063989639282226562e+00
1.074282169342041016e+00
1.067296266555786133e+00
1.071245670318603516e+00
1.070072650909423828e+00
1.072640657424926758e+00
1.067992210388183594e+00
1.073322772979736328e+00
1.064154148101806641e+00
1.163328647613525391e+00
1.063487052917480469e+00
1.137293815612792969e+00
1.171935796737670898e+00
1.074028491973876953e+00
1.066077232360839844e+00
1.071965217590332031e+00
1.068122148513793945e+00
1.070619344711303711e+00
1.074242591857910156e+00
1.073485612869262695e+00
1.068379163742065430e+00
1.132924079895019531e+00
1.168881654739379883e+00
1.072248220443725586e+00
1.064575433731079102e+00
1.072507858276367188e+00
1.066402196884155273e+00
1.065422296524047852e+00
1.096919298171997070e+00
1.080555200576782227e+00
1.069894313812255859e+00
1.070913553237915039e+00
1.095001935958862305e+00
1.071222066879272461e+00
1.070708990097045898e+00
1.068135499954223633e+00
1.070159673690795898e+00
1.167581796646118164e+00
1.060824871063232422e+00
1.073287487030029297e+00
1.065210819244384766e+00
1.163131237030029297e+00
1.083499670028686523e+00
1.071857929229736328e+00
1.116337299346923828e+00
1.131749391555786133e+00
1.169012308120727539e+00
1.074494361877441406e+00
1.069028615951538086e+00
