7.566187381744384766e-01
7.100713253021240234e-01
6.913437843322753906e-01
6.973037719726562500e-01
7.738544940948486328e-01
7.134044170379638672e-01
6.933505535125732422e-01
6.971371173858642578e-01
6.918201446533203125e-01
6.900296211242675781e-01
7.784764766693115234e-01
6.970338821411132812e-01
6.772148609161376953e-01
7.018356323242187500e-01
6.900904178619384766e-01
6.958224773406982422e-01
7.644708156585693359e-01
7.011926174163818359e-01
6.941330432891845703e-01
6.853301525115966797e-01
6.897361278533935547e-01
6.913745403289794922e-01
6.930620670318603516e-01
6.684248447418212891e-01
6.838636398315429688e-01
6.949515342712402344e-01
6.793687343597412109e-01
6.811261177062988281e-01
6.862845420837402344e-01
6.936693191528320312e-01
6.788523197174072266e-01
6.804938316345214844e-01
7.915153503417968750e-01
6.894004344940185547e-01
6.818473339080810547e-01
7.698900699615478516e-01
6.900053024291992188e-01
6.845216751098632812e-01
7.656350135803222656e-01
6.969039440155029297e-01
6.887741088867187500e-01
6.779808998107910156e-01
6.822609901428222656e-01
6.870651245117187500e-01
6.768815517425537109e-01
6.758613586425781250e-01
6.809051036834716797e-01
7.768492698669433594e-01
6.819274425506591797e-01
6.775097846984863281e-01
7.808372974395751953e-01
6.803045272827148438e-01
6.729979515075683594e-01
6.782395839691162109e-01
6.874036788940429688e-01
6.825201511383056641e-01
6.816403865814208984e-01
6.873188018798828125e-01
6.907219886779785156e-01
6.792659759521484375e-01
6.754233837127685547e-01
7.005074024200439453e-01
6.765031814575195312e-01
6.915206909179687500e-01
6.863651275634765625e-01
6.878793239593505859e-01
7.639324665069580078e-01
6.742842197418212891e-01
6.917526721954345703e-01
6.757373809814453125e-01
6.924223899841308594e-01
6.927943229675292969e-01
6.900296211242675781e-01
6.830585002899169922e-01
6.736292839050292969e-01
6.868829727172851562e-01
6.867954730987548828e-01
6.808834075927734375e-01
6.868376731872558594e-01
6.926844120025634766e-01
6.789400577545166016e-01
6.882581710815429688e-01
6.874194145202636719e-01
7.811741828918457031e-01
6.866352558135986328e-01
6.783025264739990234e-01
6.965186595916748047e-01
6.749091148376464844e-01
6.892333030700683594e-01
7.864179611206054688e-01
6.856131553649902344e-01
6.855270862579345703e-01
6.777620315551757812e-01
6.843302249908447266e-01
6.862499713897705078e-01
6.868546009063720703e-01
6.887435913085937500e-01
6.868586540222167969e-01
6.838576793670654297e-01
6.726553440093994141e-01
6.858603954315185547e-01
6.865830421447753906e-01
6.797049045562744141e-01
6.879446506500244141e-01
6.864104270935058594e-01
6.872563362121582031e-01
6.779141426086425781e-01
6.862893104553222656e-01
6.806139945983886719e-01
6.836872100830078125e-01
6.964159011840820312e-01
6.851818561553955078e-01
6.919090747833251953e-01
6.797521114349365234e-01
6.833779811859130859e-01
6.890547275543212891e-01
6.859025955200195312e-01
6.757771968841552734e-01
6.824071407318115234e-01
6.892666816711425781e-01
6.835961341857910156e-01
6.857950687408447266e-01
6.960124969482421875e-01
6.785697937011718750e-01
7.655305862426757812e-01
6.903085708618164062e-01
6.969120502471923828e-01
6.800646781921386719e-01
6.855947971343994141e-01
6.849763393402099609e-01
7.827525138854980469e-01
6.896681785583496094e-01
6.837184429168701172e-01
6.898245811462402344e-01
6.825072765350341797e-01
6.902916431427001953e-01
6.824526786804199219e-01
6.863079071044921875e-01
6.821558475494384766e-01
6.712977886199951172e-01
6.856384277343750000e-01
6.764547824859619141e-01
6.891474723815917969e-01
6.747646331787109375e-01
7.001421451568603516e-01
6.847350597381591797e-01
6.807057857513427734e-01
6.874303817749023438e-01
7.635295391082763672e-01
6.796140670776367188e-01
6.766166687011718750e-01
6.886134147644042969e-01
6.757092475891113281e-01
7.411062717437744141e-01
6.809978485107421875e-01
6.938657760620117188e-01
6.946499347686767578e-01
6.784040927886962891e-01
6.891148090362548828e-01
6.796145439147949219e-01
7.756943702697753906e-01
6.820449829101562500e-01
6.889672279357910156e-01
6.836602687835693359e-01
6.819601058959960938e-01
7.718472480773925781e-01
7.785086631774902344e-01
6.833591461181640625e-01
6.850526332855224609e-01
6.893615722656250000e-01
6.744043827056884766e-01
6.824944019317626953e-01
6.986346244812011719e-01
6.889395713806152344e-01
6.905276775360107422e-01
6.802477836608886719e-01
6.935122013092041016e-01
7.675263881683349609e-01
7.423863410949707031e-01
6.855459213256835938e-01
6.829845905303955078e-01
6.782805919647216797e-01
6.832389831542968750e-01
7.755079269409179688e-01
7.288899421691894531e-01
6.806137561798095703e-01
6.845421791076660156e-01
6.850774288177490234e-01
6.903054714202880859e-01
7.686853408813476562e-01
7.785556316375732422e-01
6.858258247375488281e-01
6.829633712768554688e-01
6.823601722717285156e-01
6.934368610382080078e-01
6.916224956512451172e-01
6.818017959594726562e-01
6.861102581024169922e-01
7.011659145355224609e-01
6.845328807830810547e-01
