2.759025096893310547e+00
1.038556337356567383e+00
1.043525457382202148e+00
1.038684844970703125e+00
1.032924175262451172e+00
1.038245201110839844e+00
1.035206556320190430e+00
1.083799123764038086e+00
1.187268018722534180e+00
1.041806936264038086e+00
1.041751623153686523e+00
1.039070844650268555e+00
1.038096904754638672e+00
1.030345201492309570e+00
1.027318716049194336e+00
1.034632444381713867e+00
1.030255317687988281e+00
1.034883499145507812e+00
1.036522626876831055e+00
1.029369592666625977e+00
1.030986547470092773e+00
1.036924362182617188e+00
1.038175821304321289e+00
1.035969257354736328e+00
1.080350637435913086e+00
1.034716367721557617e+00
1.033162117004394531e+00
1.032726049423217773e+00
1.036670684814453125e+00
1.036973476409912109e+00
1.037411689758300781e+00
1.073488712310791016e+00
1.112540721893310547e+00
1.036925077438354492e+00
1.042720794677734375e+00
1.037004232406616211e+00
1.032542943954467773e+00
1.122721910476684570e+00
1.128870487213134766e+00
1.041093111038208008e+00
1.035156011581420898e+00
1.045054912567138672e+00
1.039491891860961914e+00
1.044328689575195312e+00
1.037146806716918945e+00
1.040308237075805664e+00
1.125251770019531250e+00
1.039427280426025391e+00
1.043925762176513672e+00
1.047839879989624023e+00
1.040988206863403320e+00
1.043434619903564453e+00
1.041856527328491211e+00
1.043829441070556641e+00
1.042887926101684570e+00
1.050441265106201172e+00
1.042861223220825195e+00
1.041980266571044922e+00
1.042993545532226562e+00
1.045848608016967773e+00
1.083678722381591797e+00
1.227634668350219727e+00
1.140829801559448242e+00
1.050939321517944336e+00
1.048444747924804688e+00
1.047412872314453125e+00
1.052855253219604492e+00
1.042654752731323242e+00
1.051270008087158203e+00
1.043047666549682617e+00
1.051725864410400391e+00
1.085783243179321289e+00
1.121035337448120117e+00
1.047641038894653320e+00
1.049857616424560547e+00
1.051182746887207031e+00
1.129965305328369141e+00
1.192568540573120117e+00
1.059602022171020508e+00
1.055755376815795898e+00
1.059215307235717773e+00
1.047727346420288086e+00
1.047276973724365234e+00
1.046960353851318359e+00
1.135369062423706055e+00
1.136064767837524414e+00
1.151468992233276367e+00
1.140101194381713867e+00
1.048394203186035156e+00
1.055487155914306641e+00
1.052657604217529297e+00
1.092928647994995117e+00
1.139608383178710938e+00
1.051997661590576172e+00
1.090726137161254883e+00
1.224231719970703125e+00
1.226330280303955078e+00
1.138724088668823242e+00
1.055563926696777344e+00
1.049808025360107422e+00
1.054641246795654297e+00
1.056455135345458984e+00
1.056860685348510742e+00
1.054311990737915039e+00
1.047318458557128906e+00
1.050691843032836914e+00
1.045855760574340820e+00
1.053065538406372070e+00
1.056634187698364258e+00
1.035771846771240234e+00
1.041290283203125000e+00
1.053516864776611328e+00
1.129910707473754883e+00
1.129404544830322266e+00
1.040623188018798828e+00
1.035740375518798828e+00
1.133005619049072266e+00
1.041707515716552734e+00
1.040524959564208984e+00
1.047591924667358398e+00
1.038328170776367188e+00
1.129148244857788086e+00
1.042908191680908203e+00
1.042170524597167969e+00
1.031404972076416016e+00
1.122762203216552734e+00
1.127715110778808594e+00
1.037279844284057617e+00
1.038382291793823242e+00
1.042231559753417969e+00
1.043184757232666016e+00
1.037012100219726562e+00
1.038420438766479492e+00
1.041251659393310547e+00
1.038792133331298828e+00
1.041563272476196289e+00
1.067722558975219727e+00
1.127132892608642578e+00
1.041182518005371094e+00
1.030361413955688477e+00
1.037079095840454102e+00
1.084362745285034180e+00
1.037103176116943359e+00
1.037611246109008789e+00
1.039749622344970703e+00
1.079871892929077148e+00
1.209694147109985352e+00
1.125006437301635742e+00
1.039479494094848633e+00
1.033100605010986328e+00
1.112130641937255859e+00
1.038755655288696289e+00
1.048273563385009766e+00
1.037569761276245117e+00
1.044934034347534180e+00
1.040798902511596680e+00
1.039654254913330078e+00
1.041116952896118164e+00
1.039557456970214844e+00
1.042797803878784180e+00
1.041499853134155273e+00
1.039030790328979492e+00
1.034396171569824219e+00
1.039964675903320312e+00
1.052785873413085938e+00
1.036594867706298828e+00
1.036138057708740234e+00
1.039065599441528320e+00
1.045076847076416016e+00
1.039122819900512695e+00
1.038051128387451172e+00
1.043881893157958984e+00
1.037440299987792969e+00
1.046454668045043945e+00
1.040462255477905273e+00
1.044337749481201172e+00
1.064845323562622070e+00
1.039690971374511719e+00
1.034860610961914062e+00
1.043041706085205078e+00
1.039528846740722656e+00
1.040937900543212891e+00
1.040386199951171875e+00
1.044821023941040039e+00
1.035992145538330078e+00
1.029952287673950195e+00
1.041291713714599609e+00
1.046569347381591797e+00
1.104745388031005859e+00
1.127426147460937500e+00
1.133987426757812500e+00
1.129795551300048828e+00
1.043772459030151367e+00
1.044226408004760742e+00
1.034947633743286133e+00
1.032197237014770508e+00
1.040780782699584961e+00
1.052102327346801758e+00
1.038634538650512695e+00
1.039767026901245117e+00
