7.566127777099609375e-01
7.100691795349121094e-01
6.913371086120605469e-01
6.972897052764892578e-01
7.738518714904785156e-01
7.133960723876953125e-01
6.933403015136718750e-01
6.971318721771240234e-01
6.918163299560546875e-01
6.900234222412109375e-01
7.784886360168457031e-01
6.970252990722656250e-01
6.772100925445556641e-01
7.018277645111083984e-01
6.900806427001953125e-01
6.958160400390625000e-01
7.644639015197753906e-01
7.011873722076416016e-01
6.941313743591308594e-01
6.853284835815429688e-01
6.897320747375488281e-01
6.913690567016601562e-01
6.930563449859619141e-01
6.684205532073974609e-01
6.838579177856445312e-01
6.949458122253417969e-01
6.793642044067382812e-01
6.811218261718750000e-01
6.862738132476806641e-01
6.936628818511962891e-01
6.788489818572998047e-01
6.804883480072021484e-01
7.915139198303222656e-01
6.893990039825439453e-01
6.818454265594482422e-01
7.698845863342285156e-01
6.900038719177246094e-01
6.845180988311767578e-01
7.656350135803222656e-01
6.968991756439208984e-01
6.887717247009277344e-01
6.779789924621582031e-01
6.822588443756103516e-01
6.870574951171875000e-01
6.768755912780761719e-01
6.758546829223632812e-01
6.808989048004150391e-01
7.768483161926269531e-01
6.819231510162353516e-01
6.775078773498535156e-01
7.808248996734619141e-01
6.803009510040283203e-01
6.729922294616699219e-01
6.782341003417968750e-01
6.873991489410400391e-01
6.825165748596191406e-01
6.816341876983642578e-01
6.873135566711425781e-01
6.907174587249755859e-01
6.792623996734619141e-01
6.754193305969238281e-01
7.005064487457275391e-01
6.765010356903076172e-01
6.915159225463867188e-01
6.863577365875244141e-01
6.878721714019775391e-01
7.639293670654296875e-01
6.742827892303466797e-01
6.917455196380615234e-01
6.757338047027587891e-01
6.924211978912353516e-01
6.927931308746337891e-01
6.900253295898437500e-01
6.830527782440185547e-01
6.736240386962890625e-01
6.868541240692138672e-01
6.867890357971191406e-01
6.808793544769287109e-01
6.868331432342529297e-01
6.926810741424560547e-01
6.789371967315673828e-01
6.882569789886474609e-01
6.874151229858398438e-01
7.811670303344726562e-01
6.866335868835449219e-01
6.782951354980468750e-01
6.965115070343017578e-01
6.749053001403808594e-01
6.892287731170654297e-01
7.864158153533935547e-01
6.856112480163574219e-01
6.855275630950927734e-01
6.777601242065429688e-01
6.843237876892089844e-01
6.862466335296630859e-01
6.868522167205810547e-01
6.887392997741699219e-01
6.868562698364257812e-01
6.838576793670654297e-01
6.726510524749755859e-01
6.858572959899902344e-01
6.865804195404052734e-01
6.796998977661132812e-01
6.879384517669677734e-01
6.863958835601806641e-01
6.872506141662597656e-01
6.779091358184814453e-01
6.862826347351074219e-01
6.806056499481201172e-01
6.836862564086914062e-01
6.964118480682373047e-01
6.851792335510253906e-01
6.919076442718505859e-01
6.797523498535156250e-01
6.833720207214355469e-01
6.890549659729003906e-01
6.858987808227539062e-01
6.757709980010986328e-01
6.823966503143310547e-01
6.892592906951904297e-01
6.835920810699462891e-01
6.857912540435791016e-01
6.960074901580810547e-01
6.785707473754882812e-01
7.655270099639892578e-01
6.903054714202880859e-01
6.969101428985595703e-01
6.800570487976074219e-01
6.855866909027099609e-01
6.849665641784667969e-01
7.827467918395996094e-01
6.896643638610839844e-01
6.837124824523925781e-01
6.898217201232910156e-01
6.825032234191894531e-01
6.902902126312255859e-01
6.824529170989990234e-01
6.863043308258056641e-01
6.821482181549072266e-01
6.712930202484130859e-01
6.856338977813720703e-01
6.764452457427978516e-01
6.891448497772216797e-01
6.747603416442871094e-01
7.001402378082275391e-01
6.847286224365234375e-01
6.807012557983398438e-01
6.874246597290039062e-01
7.635195255279541016e-01
6.796071529388427734e-01
6.766149997711181641e-01
6.886122226715087891e-01
6.757011413574218750e-01
7.410986423492431641e-01
6.809904575347900391e-01
6.938621997833251953e-01
6.946451663970947266e-01
6.784005165100097656e-01
6.890902519226074219e-01
6.796104907989501953e-01
7.756884098052978516e-01
6.820437908172607422e-01
6.889564990997314453e-01
6.836562156677246094e-01
6.819565296173095703e-01
7.718391418457031250e-01
7.785019874572753906e-01
6.833543777465820312e-01
6.850459575653076172e-01
6.893668174743652344e-01
6.744036674499511719e-01
6.824891567230224609e-01
6.986274719238281250e-01
6.889281272888183594e-01
6.905250549316406250e-01
6.802427768707275391e-01
6.935038566589355469e-01
7.675249576568603516e-01
7.423796653747558594e-01
6.855375766754150391e-01
6.829814910888671875e-01
6.782767772674560547e-01
6.832351684570312500e-01
7.755014896392822266e-01
7.288818359375000000e-01
6.806085109710693359e-01
6.845319271087646484e-01
6.850664615631103516e-01
6.903018951416015625e-01
7.686834335327148438e-01
7.785515785217285156e-01
6.858172416687011719e-01
6.829597949981689453e-01
6.823589801788330078e-01
6.934337615966796875e-01
6.916165351867675781e-01
6.817967891693115234e-01
6.861038208007812500e-01
7.011630535125732422e-01
6.845283508300781250e-01
