7.565877437591552734e-01
7.100656032562255859e-01
6.913447380065917969e-01
6.972632408142089844e-01
7.738544940948486328e-01
7.133860588073730469e-01
6.933202743530273438e-01
6.971182823181152344e-01
6.918287277221679688e-01
6.900284290313720703e-01
7.784836292266845703e-01
6.970176696777343750e-01
6.772158145904541016e-01
7.018141746520996094e-01
6.900854110717773438e-01
6.957983970642089844e-01
7.644534111022949219e-01
7.011845111846923828e-01
6.941246986389160156e-01
6.853225231170654297e-01
6.897175312042236328e-01
6.913511753082275391e-01
6.930675506591796875e-01
6.684267520904541016e-01
6.838688850402832031e-01
6.949522495269775391e-01
6.793611049652099609e-01
6.811320781707763672e-01
6.862878799438476562e-01
6.936471462249755859e-01
6.788454055786132812e-01
6.804890632629394531e-01
7.915189266204833984e-01
6.893932819366455078e-01
6.818516254425048828e-01
7.698705196380615234e-01
6.900076866149902344e-01
6.845343112945556641e-01
7.656280994415283203e-01
6.969075202941894531e-01
6.887543201446533203e-01
6.779730319976806641e-01
6.822509765625000000e-01
6.870481967926025391e-01
6.768846511840820312e-01
6.758639812469482422e-01
6.808800697326660156e-01
7.768466472625732422e-01
6.819319725036621094e-01
6.775012016296386719e-01
7.808332443237304688e-01
6.802961826324462891e-01
6.729888916015625000e-01
6.782171726226806641e-01
6.873927116394042969e-01
6.825160980224609375e-01
6.816427707672119141e-01
6.873013973236083984e-01
6.907129287719726562e-01
6.792273521423339844e-01
6.754024028778076172e-01
7.004778385162353516e-01
6.764960289001464844e-01
6.915123462677001953e-01
6.863563060760498047e-01
6.878659725189208984e-01
7.639260292053222656e-01
6.742768287658691406e-01
6.917328834533691406e-01
6.757311820983886719e-01
6.924152374267578125e-01
6.927816867828369141e-01
6.900265216827392578e-01
6.830403804779052734e-01
6.736106872558593750e-01
6.868455410003662109e-01
6.867685317993164062e-01
6.808755397796630859e-01
6.868441104888916016e-01
6.926670074462890625e-01
6.789343357086181641e-01
6.882517337799072266e-01
6.874074935913085938e-01
7.811610698699951172e-01
6.866066455841064453e-01
6.783022880554199219e-01
6.964993476867675781e-01
6.749038696289062500e-01
6.892268657684326172e-01
7.864029407501220703e-01
6.856026649475097656e-01
6.855137348175048828e-01
6.777548789978027344e-01
6.843209266662597656e-01
6.862449645996093750e-01
6.868352890014648438e-01
6.887273788452148438e-01
6.868393421173095703e-01
6.838507652282714844e-01
6.726317405700683594e-01
6.858451366424560547e-01
6.865756511688232422e-01
6.796860694885253906e-01
6.879472732543945312e-01
6.863985061645507812e-01
6.872501373291015625e-01
6.779053211212158203e-01
6.862730979919433594e-01
6.805932521820068359e-01
6.836791038513183594e-01
6.964144706726074219e-01
6.851613521575927734e-01
6.918990612030029297e-01
6.797478199005126953e-01
6.833848953247070312e-01
6.890339851379394531e-01
6.858940124511718750e-01
6.757681369781494141e-01
6.824071407318115234e-01
6.892604827880859375e-01
6.835718154907226562e-01
6.857750415802001953e-01
6.960124969482421875e-01
6.785647869110107422e-01
7.655212879180908203e-01
6.903185844421386719e-01
6.968970298767089844e-01
6.800465583801269531e-01
6.855752468109130859e-01
6.849713325500488281e-01
7.827463150024414062e-01
6.896698474884033203e-01
6.837229728698730469e-01
6.898207664489746094e-01
6.825103759765625000e-01
6.902854442596435547e-01
6.824381351470947266e-01
6.862947940826416016e-01
6.821544170379638672e-01
6.712839603424072266e-01
6.856281757354736328e-01
6.764354705810546875e-01
6.891405582427978516e-01
6.747388839721679688e-01
7.001338005065917969e-01
6.847362518310546875e-01
6.806876659393310547e-01
6.874144077301025391e-01
7.635262012481689453e-01
6.796176433563232422e-01
6.766109466552734375e-01
6.886055469512939453e-01
6.756980419158935547e-01
7.411000728607177734e-01
6.809709072113037109e-01
6.938548088073730469e-01
6.946477890014648438e-01
6.783971786499023438e-01
6.891005039215087891e-01
6.796061992645263672e-01
7.756893634796142578e-01
6.820363998413085938e-01
6.889567375183105469e-01
6.836636066436767578e-01
6.819534301757812500e-01
7.718300819396972656e-01
7.784991264343261719e-01
6.833610534667968750e-01
6.850543022155761719e-01
6.893510818481445312e-01
6.743991374969482422e-01
6.824882030487060547e-01
6.986358165740966797e-01
6.889302730560302734e-01
6.905186176300048828e-01
6.802508831024169922e-01
6.934940814971923828e-01
7.675251960754394531e-01
7.423839569091796875e-01
6.855480670928955078e-01
6.829745769500732422e-01
6.782715320587158203e-01
6.832318305969238281e-01
7.755124568939208984e-01
7.288923263549804688e-01
6.806275844573974609e-01
6.845490932464599609e-01
6.850740909576416016e-01
6.902949810028076172e-01
7.686803340911865234e-01
7.785372734069824219e-01
6.858181953430175781e-01
6.829547882080078125e-01
6.823632717132568359e-01
6.934158802032470703e-01
6.916079521179199219e-01
6.818020343780517578e-01
6.860876083374023438e-01
7.011590003967285156e-01
6.845364570617675781e-01
