2.523583650588989258e+00
8.869817256927490234e-01
8.895955085754394531e-01
8.836789131164550781e-01
8.849840164184570312e-01
8.860909938812255859e-01
9.481337070465087891e-01
8.887066841125488281e-01
8.898513317108154297e-01
8.922564983367919922e-01
1.022325515747070312e+00
8.924643993377685547e-01
8.935148715972900391e-01
8.949339389801025391e-01
8.923783302307128906e-01
8.906128406524658203e-01
8.905751705169677734e-01
8.930685520172119141e-01
8.956029415130615234e-01
8.900637626647949219e-01
8.917052745819091797e-01
8.891110420227050781e-01
8.916935920715332031e-01
8.893568515777587891e-01
8.893609046936035156e-01
8.879847526550292969e-01
8.868675231933593750e-01
8.851311206817626953e-01
8.856110572814941406e-01
8.910224437713623047e-01
8.880395889282226562e-01
8.880777359008789062e-01
8.932218551635742188e-01
9.009461402893066406e-01
8.842229843139648438e-01
8.922364711761474609e-01
9.338490962982177734e-01
1.016154050827026367e+00
8.949129581451416016e-01
8.951272964477539062e-01
8.971688747406005859e-01
8.950786590576171875e-01
8.916137218475341797e-01
8.983342647552490234e-01
9.205827713012695312e-01
1.049625158309936523e+00
1.017736196517944336e+00
8.915996551513671875e-01
8.929314613342285156e-01
8.970570564270019531e-01
9.023804664611816406e-01
8.976960182189941406e-01
8.957419395446777344e-01
8.976156711578369141e-01
8.961489200592041016e-01
8.971688747406005859e-01
8.981854915618896484e-01
8.978567123413085938e-01
8.929674625396728516e-01
9.614453315734863281e-01
9.020986557006835938e-01
9.029872417449951172e-01
8.974263668060302734e-01
8.988320827484130859e-01
8.992426395416259766e-01
8.940923213958740234e-01
8.940000534057617188e-01
9.634590148925781250e-01
8.962035179138183594e-01
8.910310268402099609e-01
8.941111564636230469e-01
8.964951038360595703e-01
8.982646465301513672e-01
9.010200500488281250e-01
8.998622894287109375e-01
9.046745300292968750e-01
9.065473079681396484e-01
9.029552936553955078e-01
8.997154235839843750e-01
9.067213535308837891e-01
8.996186256408691406e-01
9.024169445037841797e-01
9.029788970947265625e-01
9.040079116821289062e-01
9.025895595550537109e-01
9.039006233215332031e-01
9.039726257324218750e-01
9.045619964599609375e-01
9.023985862731933594e-01
9.024710655212402344e-01
9.296052455902099609e-01
9.007449150085449219e-01
9.003515243530273438e-01
9.040000438690185547e-01
9.049210548400878906e-01
9.050586223602294922e-01
9.045162200927734375e-01
9.044785499572753906e-01
9.071288108825683594e-01
9.032688140869140625e-01
9.007053375244140625e-01
9.096167087554931641e-01
9.949970245361328125e-01
9.075489044189453125e-01
9.038150310516357422e-01
9.025077819824218750e-01
9.041771888732910156e-01
9.048330783843994141e-01
9.036865234375000000e-01
9.005756378173828125e-01
9.088201522827148438e-01
9.997472763061523438e-01
9.085447788238525391e-01
9.033999443054199219e-01
9.050736427307128906e-01
9.033594131469726562e-01
9.075348377227783203e-01
9.045753479003906250e-01
9.056315422058105469e-01
1.004551887512207031e+00
9.050853252410888672e-01
9.052686691284179688e-01
9.103136062622070312e-01
9.045844078063964844e-01
9.271240234375000000e-01
9.062507152557373047e-01
9.049110412597656250e-01
9.055862426757812500e-01
9.070796966552734375e-01
9.111833572387695312e-01
8.989880084991455078e-01
9.034411907196044922e-01
9.153757095336914062e-01
9.416503906250000000e-01
9.078350067138671875e-01
1.002487897872924805e+00
9.055490493774414062e-01
9.084417819976806641e-01
9.457333087921142578e-01
9.101333618164062500e-01
9.410943984985351562e-01
9.106302261352539062e-01
9.023134708404541016e-01
9.027500152587890625e-01
9.069418907165527344e-01
9.112420082092285156e-01
9.097664356231689453e-01
9.102845191955566406e-01
9.086472988128662109e-01
1.006586313247680664e+00
9.084041118621826172e-01
9.471440315246582031e-01
1.008337020874023438e+00
9.042832851409912109e-01
9.056408405303955078e-01
9.194233417510986328e-01
9.126591682434082031e-01
1.032372236251831055e+00
9.070379734039306641e-01
9.352502822875976562e-01
9.183511734008789062e-01
9.050834178924560547e-01
9.091262817382812500e-01
9.126429557800292969e-01
9.135892391204833984e-01
9.123597145080566406e-01
9.137644767761230469e-01
9.122624397277832031e-01
9.288227558135986328e-01
9.090490341186523438e-01
9.410490989685058594e-01
9.031834602355957031e-01
9.054837226867675781e-01
9.135665893554687500e-01
9.091296195983886719e-01
9.041805267333984375e-01
1.002154588699340820e+00
9.067924022674560547e-01
9.111471176147460938e-01
9.058432579040527344e-01
9.141063690185546875e-01
9.065845012664794922e-01
9.082934856414794922e-01
9.504470825195312500e-01
9.071254730224609375e-01
9.701979160308837891e-01
9.082024097442626953e-01
9.158737659454345703e-01
9.147009849548339844e-01
9.066402912139892578e-01
9.107263088226318359e-01
9.050750732421875000e-01
9.087324142456054688e-01
9.084112644195556641e-01
9.094049930572509766e-01
9.133219718933105469e-01
1.001356601715087891e+00
9.171454906463623047e-01
9.086647033691406250e-01
9.125344753265380859e-01
