2.698457717895507812e+00
1.064560174942016602e+00
1.181011676788330078e+00
1.207545042037963867e+00
1.214008569717407227e+00
1.185411453247070312e+00
1.032893896102905273e+00
1.035877466201782227e+00
1.033216714859008789e+00
1.038320302963256836e+00
1.050609111785888672e+00
1.036264896392822266e+00
1.038614749908447266e+00
1.034509658813476562e+00
1.032308816909790039e+00
1.040464401245117188e+00
1.039428710937500000e+00
1.040926456451416016e+00
1.031793594360351562e+00
1.031654596328735352e+00
1.079865694046020508e+00
1.185182571411132812e+00
1.042324304580688477e+00
1.041226387023925781e+00
1.043117284774780273e+00
1.046551942825317383e+00
1.045798301696777344e+00
1.042189359664916992e+00
1.046330213546752930e+00
1.043726921081542969e+00
1.039438009262084961e+00
1.045918464660644531e+00
1.048914670944213867e+00
1.036855220794677734e+00
1.045646429061889648e+00
1.045766115188598633e+00
1.046218872070312500e+00
1.047878503799438477e+00
1.038830518722534180e+00
1.132608652114868164e+00
1.138337612152099609e+00
1.051779031753540039e+00
1.051296949386596680e+00
1.052797317504882812e+00
1.041632890701293945e+00
1.044627428054809570e+00
1.045355081558227539e+00
1.137321472167968750e+00
1.043608903884887695e+00
1.047258853912353516e+00
1.134045600891113281e+00
1.196933269500732422e+00
1.044327259063720703e+00
1.047134160995483398e+00
1.049890995025634766e+00
1.055892944335937500e+00
1.097355604171752930e+00
1.058432102203369141e+00
1.051577568054199219e+00
1.052226066589355469e+00
1.050928115844726562e+00
1.045607805252075195e+00
1.052430629730224609e+00
1.053645610809326172e+00
1.055510044097900391e+00
1.056119441986083984e+00
1.050356864929199219e+00
1.071236371994018555e+00
1.057427167892456055e+00
1.052810907363891602e+00
1.051697492599487305e+00
1.047941446304321289e+00
1.085379838943481445e+00
1.149658679962158203e+00
1.072237253189086914e+00
1.079140424728393555e+00
1.053727388381958008e+00
1.052145242691040039e+00
1.062279224395751953e+00
1.056254625320434570e+00
1.057015180587768555e+00
1.051901817321777344e+00
1.060421228408813477e+00
1.057711601257324219e+00
1.061017513275146484e+00
1.115292310714721680e+00
1.061801671981811523e+00
1.098727703094482422e+00
1.170584201812744141e+00
1.061052083969116211e+00
1.053074598312377930e+00
1.052172899246215820e+00
1.053741455078125000e+00
1.057745695114135742e+00
1.056609869003295898e+00
1.052258014678955078e+00
1.057899475097656250e+00
1.058223724365234375e+00
1.154835462570190430e+00
1.200960874557495117e+00
1.165161132812500000e+00
1.139365911483764648e+00
1.060769081115722656e+00
1.147481679916381836e+00
1.171843767166137695e+00
1.240604877471923828e+00
1.237324714660644531e+00
1.246394872665405273e+00
1.159897327423095703e+00
1.068743944168090820e+00
1.062191247940063477e+00
1.074907541275024414e+00
1.156619310379028320e+00
1.061591863632202148e+00
1.067297458648681641e+00
1.102804899215698242e+00
1.062906026840209961e+00
1.063560485839843750e+00
1.060331344604492188e+00
1.062613725662231445e+00
1.145518779754638672e+00
1.103283643722534180e+00
1.064083576202392578e+00
1.076171398162841797e+00
1.149892807006835938e+00
1.155353784561157227e+00
1.061006784439086914e+00
1.060344934463500977e+00
1.063004732131958008e+00
1.079463005065917969e+00
1.134318828582763672e+00
1.088729381561279297e+00
1.067888259887695312e+00
1.078219890594482422e+00
1.081959486007690430e+00
1.068276882171630859e+00
1.063523054122924805e+00
1.148607254028320312e+00
1.163804054260253906e+00
1.068224906921386719e+00
1.089457988739013672e+00
1.066826105117797852e+00
1.072352647781372070e+00
1.067404031753540039e+00
1.063458442687988281e+00
1.066694498062133789e+00
1.059173583984375000e+00
1.065794229507446289e+00
1.074084997177124023e+00
1.060662269592285156e+00
1.067819833755493164e+00
1.062751054763793945e+00
1.076103925704956055e+00
1.065567016601562500e+00
1.067306041717529297e+00
1.123611688613891602e+00
1.090079545974731445e+00
1.062974929809570312e+00
1.062317371368408203e+00
1.058076381683349609e+00
1.059800624847412109e+00
1.058317899703979492e+00
1.062758445739746094e+00
1.055958032608032227e+00
1.057009696960449219e+00
1.056711673736572266e+00
1.067178487777709961e+00
1.057509422302246094e+00
1.065330982208251953e+00
1.095577955245971680e+00
1.058210849761962891e+00
1.083967208862304688e+00
1.057678699493408203e+00
1.083056926727294922e+00
1.060570716857910156e+00
1.098858356475830078e+00
1.062536716461181641e+00
1.085073709487915039e+00
1.061394453048706055e+00
1.060396909713745117e+00
1.062224149703979492e+00
1.064669370651245117e+00
1.053888082504272461e+00
1.061725139617919922e+00
1.057282686233520508e+00
1.055532693862915039e+00
1.058982849121093750e+00
1.073628425598144531e+00
1.070246696472167969e+00
1.144287824630737305e+00
1.156149864196777344e+00
1.103476047515869141e+00
1.063903331756591797e+00
1.059463262557983398e+00
1.066692113876342773e+00
1.053001880645751953e+00
1.061503410339355469e+00
1.075652599334716797e+00
1.058692455291748047e+00
1.067482948303222656e+00
