1.938617706298828125e+00
4.257953166961669922e-01
4.271490573883056641e-01
4.237380027770996094e-01
4.227066040039062500e-01
4.188706874847412109e-01
4.188880920410156250e-01
4.185018539428710938e-01
4.176297187805175781e-01
4.209609031677246094e-01
4.182658195495605469e-01
4.216268062591552734e-01
4.187080860137939453e-01
4.195456504821777344e-01
4.198436737060546875e-01
4.194550514221191406e-01
4.175515174865722656e-01
4.196970462799072266e-01
4.230930805206298828e-01
4.179127216339111328e-01
4.192745685577392578e-01
4.197573661804199219e-01
4.204199314117431641e-01
4.213216304779052734e-01
4.487557411193847656e-01
4.688460826873779297e-01
4.806737899780273438e-01
4.543941020965576172e-01
4.531149864196777344e-01
4.525246620178222656e-01
4.506087303161621094e-01
4.514107704162597656e-01
4.526329040527343750e-01
4.523203372955322266e-01
4.518120288848876953e-01
4.521019458770751953e-01
4.527759552001953125e-01
4.538574218750000000e-01
4.559507369995117188e-01
4.577224254608154297e-01
4.572753906250000000e-01
4.594671726226806641e-01
4.595363140106201172e-01
4.580702781677246094e-01
4.685173034667968750e-01
4.663743972778320312e-01
4.646408557891845703e-01
4.638681411743164062e-01
4.647467136383056641e-01
4.678871631622314453e-01
4.660630226135253906e-01
4.622287750244140625e-01
4.656915664672851562e-01
4.626572132110595703e-01
4.682989120483398438e-01
4.674444198608398438e-01
4.664473533630371094e-01
4.645159244537353516e-01
4.627189636230468750e-01
4.645519256591796875e-01
4.590623378753662109e-01
4.608211517333984375e-01
4.627661705017089844e-01
4.626407623291015625e-01
4.654014110565185547e-01
4.644486904144287109e-01
4.666514396667480469e-01
4.606211185455322266e-01
4.592459201812744141e-01
4.598734378814697266e-01
4.558298587799072266e-01
4.549462795257568359e-01
4.598796367645263672e-01
4.555287361145019531e-01
4.533894062042236328e-01
4.501042366027832031e-01
4.513852596282958984e-01
4.517376422882080078e-01
4.535105228424072266e-01
4.552984237670898438e-01
4.561231136322021484e-01
4.552836418151855469e-01
4.556899070739746094e-01
4.552950859069824219e-01
4.550626277923583984e-01
4.532127380371093750e-01
4.542403221130371094e-01
4.564864635467529297e-01
4.551811218261718750e-01
4.563920497894287109e-01
4.568505287170410156e-01
4.561131000518798828e-01
4.581627845764160156e-01
4.578924179077148438e-01
4.556329250335693359e-01
4.572336673736572266e-01
4.584820270538330078e-01
4.558672904968261719e-01
4.575479030609130859e-01
4.621713161468505859e-01
4.560747146606445312e-01
4.587802886962890625e-01
4.577186107635498047e-01
4.598610401153564453e-01
4.668514728546142578e-01
4.658429622650146484e-01
4.775109291076660156e-01
4.683613777160644531e-01
4.693500995635986328e-01
4.708158969879150391e-01
4.737868309020996094e-01
4.722423553466796875e-01
4.806413650512695312e-01
4.719936847686767578e-01
4.732127189636230469e-01
4.667007923126220703e-01
4.756288528442382812e-01
4.717252254486083984e-01
4.672372341156005859e-01
4.769690036773681641e-01
4.696202278137207031e-01
4.675402641296386719e-01
4.696307182312011719e-01
4.711301326751708984e-01
4.672653675079345703e-01
4.676795005798339844e-01
4.715058803558349609e-01
4.708302021026611328e-01
4.665086269378662109e-01
4.721388816833496094e-01
4.679036140441894531e-01
4.679927825927734375e-01
4.717862606048583984e-01
4.757657051086425781e-01
4.695897102355957031e-01
4.684474468231201172e-01
4.777245521545410156e-01
4.642546176910400391e-01
4.579272270202636719e-01
4.600284099578857422e-01
4.564552307128906250e-01
4.568307399749755859e-01
4.615049362182617188e-01
4.600913524627685547e-01
4.684188365936279297e-01
4.588086605072021484e-01
4.582507610321044922e-01
4.585018157958984375e-01
4.624536037445068359e-01
4.571583271026611328e-01
4.600875377655029297e-01
4.622402191162109375e-01
4.580855369567871094e-01
4.599387645721435547e-01
4.601852893829345703e-01
4.564292430877685547e-01
4.581253528594970703e-01
4.582307338714599609e-01
4.557151794433593750e-01
4.550402164459228516e-01
4.576740264892578125e-01
4.556829929351806641e-01
4.576504230499267578e-01
4.599354267120361328e-01
4.588463306427001953e-01
4.631834030151367188e-01
4.661099910736083984e-01
4.664371013641357422e-01
4.688866138458251953e-01
4.684450626373291016e-01
4.675540924072265625e-01
4.681437015533447266e-01
4.650416374206542969e-01
4.687025547027587891e-01
4.676413536071777344e-01
4.666085243225097656e-01
4.676680564880371094e-01
4.660053253173828125e-01
4.660694599151611328e-01
4.666044712066650391e-01
4.641602039337158203e-01
4.642310142517089844e-01
4.684927463531494141e-01
4.656686782836914062e-01
4.656217098236083984e-01
4.667234420776367188e-01
4.672169685363769531e-01
4.631202220916748047e-01
4.594607353210449219e-01
4.576129913330078125e-01
4.572145938873291016e-01
4.538137912750244141e-01
4.561798572540283203e-01
4.562921524047851562e-01
4.564251899719238281e-01
4.547765254974365234e-01
4.533646106719970703e-01
4.571611881256103516e-01
4.554831981658935547e-01
4.563257694244384766e-01
