1.936206817626953125e+00
4.410340785980224609e-01
4.295768737792968750e-01
4.292359352111816406e-01
4.244298934936523438e-01
4.215934276580810547e-01
4.228422641754150391e-01
4.220657348632812500e-01
4.246122837066650391e-01
4.211754798889160156e-01
4.213573932647705078e-01
4.224808216094970703e-01
4.226062297821044922e-01
4.206318855285644531e-01
4.227287769317626953e-01
4.220755100250244141e-01
4.224066734313964844e-01
4.220559597015380859e-01
4.208962917327880859e-01
4.207394123077392578e-01
4.214689731597900391e-01
4.213225841522216797e-01
4.213490486145019531e-01
4.226040840148925781e-01
4.490520954132080078e-01
4.698250293731689453e-01
4.717788696289062500e-01
4.485576152801513672e-01
4.484219551086425781e-01
4.481337070465087891e-01
4.488565921783447266e-01
4.491415023803710938e-01
4.494187831878662109e-01
4.505851268768310547e-01
4.498858451843261719e-01
4.524397850036621094e-01
4.477522373199462891e-01
4.487211704254150391e-01
4.531409740447998047e-01
4.509665966033935547e-01
4.516830444335937500e-01
4.531552791595458984e-01
4.535641670227050781e-01
4.550147056579589844e-01
4.584379196166992188e-01
4.558732509613037109e-01
4.553337097167968750e-01
4.590773582458496094e-01
4.615478515625000000e-01
4.591190814971923828e-01
4.576511383056640625e-01
4.600236415863037109e-01
4.588093757629394531e-01
4.580380916595458984e-01
4.596381187438964844e-01
4.586136341094970703e-01
4.607717990875244141e-01
4.607362747192382812e-01
4.578890800476074219e-01
4.576065540313720703e-01
4.592304229736328125e-01
4.578540325164794922e-01
4.581313133239746094e-01
4.609572887420654297e-01
4.595427513122558594e-01
4.585642814636230469e-01
4.600541591644287109e-01
4.584941864013671875e-01
4.556372165679931641e-01
4.591431617736816406e-01
4.529287815093994141e-01
4.522926807403564453e-01
4.527366161346435547e-01
4.542274475097656250e-01
4.561769962310791016e-01
4.527428150177001953e-01
4.578788280487060547e-01
4.562957286834716797e-01
4.520161151885986328e-01
4.548516273498535156e-01
4.520285129547119141e-01
4.526674747467041016e-01
4.528186321258544922e-01
4.559836387634277344e-01
4.545450210571289062e-01
4.551863670349121094e-01
4.551463127136230469e-01
4.522306919097900391e-01
4.524960517883300781e-01
4.573273658752441406e-01
4.527235031127929688e-01
4.566063880920410156e-01
4.560961723327636719e-01
4.558677673339843750e-01
4.539952278137207031e-01
4.546747207641601562e-01
4.547371864318847656e-01
4.537153244018554688e-01
4.548211097717285156e-01
4.541187286376953125e-01
4.536600112915039062e-01
4.545869827270507812e-01
4.527473449707031250e-01
4.552230834960937500e-01
4.606420993804931641e-01
4.607892036437988281e-01
4.665904045104980469e-01
4.624595642089843750e-01
4.609351158142089844e-01
4.669718742370605469e-01
4.657380580902099609e-01
4.665653705596923828e-01
4.660663604736328125e-01
4.663240909576416016e-01
4.632818698883056641e-01
4.662752151489257812e-01
4.645228385925292969e-01
4.659574031829833984e-01
4.652504920959472656e-01
4.629263877868652344e-01
4.645373821258544922e-01
4.662351608276367188e-01
4.632360935211181641e-01
4.659540653228759766e-01
4.648809432983398438e-01
4.639811515808105469e-01
4.641876220703125000e-01
4.672968387603759766e-01
4.646272659301757812e-01
4.660909175872802734e-01
4.668912887573242188e-01
4.672670364379882812e-01
4.686207771301269531e-01
4.655368328094482422e-01
4.634234905242919922e-01
4.640293121337890625e-01
4.669647216796875000e-01
4.609606266021728516e-01
4.615948200225830078e-01
4.573462009429931641e-01
4.600045680999755859e-01
4.572653770446777344e-01
4.563071727752685547e-01
4.576082229614257812e-01
4.576935768127441406e-01
4.599418640136718750e-01
4.602932929992675781e-01
4.565024375915527344e-01
4.561090469360351562e-01
4.583373069763183594e-01
4.559581279754638672e-01
4.562990665435791016e-01
4.567739963531494141e-01
4.565474987030029297e-01
4.560606479644775391e-01
4.577636718750000000e-01
4.603130817413330078e-01
4.572932720184326172e-01
4.570920467376708984e-01
4.563941955566406250e-01
4.564318656921386719e-01
4.579327106475830078e-01
4.562404155731201172e-01
4.613301753997802734e-01
4.623484611511230469e-01
4.612030982971191406e-01
4.643099308013916016e-01
4.668416976928710938e-01
4.654967784881591797e-01
4.652454853057861328e-01
4.661183357238769531e-01
4.637842178344726562e-01
4.642777442932128906e-01
4.660496711730957031e-01
4.650325775146484375e-01
4.657859802246093750e-01
4.639711380004882812e-01
4.628877639770507812e-01
4.650049209594726562e-01
4.674572944641113281e-01
4.651963710784912109e-01
4.665079116821289062e-01
4.662704467773437500e-01
4.677717685699462891e-01
4.668123722076416016e-01
4.655625820159912109e-01
4.642207622528076172e-01
4.640817642211914062e-01
4.594304561614990234e-01
4.667506217956542969e-01
4.575245380401611328e-01
4.613122940063476562e-01
4.602260589599609375e-01
4.569547176361083984e-01
4.571800231933593750e-01
4.590735435485839844e-01
4.567053318023681641e-01
4.559452533721923828e-01
4.584550857543945312e-01
4.585051536560058594e-01
