1.400334119796752930e+00
1.300634384155273438e+00
1.314438104629516602e+00
1.440679073333740234e+00
1.370438814163208008e+00
1.348281860351562500e+00
1.317201375961303711e+00
1.309278726577758789e+00
1.371835470199584961e+00
1.261694431304931641e+00
1.276191473007202148e+00
1.284756898880004883e+00
1.268187046051025391e+00
1.267797946929931641e+00
1.278985738754272461e+00
1.269626617431640625e+00
1.275928497314453125e+00
1.261173009872436523e+00
1.280623674392700195e+00
1.270101308822631836e+00
1.268748760223388672e+00
1.255049467086791992e+00
1.261056900024414062e+00
1.346992015838623047e+00
1.290494918823242188e+00
1.331344366073608398e+00
1.339106082916259766e+00
1.356016159057617188e+00
1.386156797409057617e+00
1.363570213317871094e+00
1.358326196670532227e+00
1.344581127166748047e+00
1.360231637954711914e+00
1.355439186096191406e+00
1.378722906112670898e+00
1.372172594070434570e+00
1.309389114379882812e+00
1.385632038116455078e+00
1.355994701385498047e+00
1.329286098480224609e+00
1.375292062759399414e+00
1.356667280197143555e+00
1.385880470275878906e+00
1.323467731475830078e+00
1.387391090393066406e+00
1.344568014144897461e+00
1.369392633438110352e+00
1.350160121917724609e+00
1.378772258758544922e+00
1.343389749526977539e+00
1.381887912750244141e+00
1.331471204757690430e+00
1.447076559066772461e+00
1.393183469772338867e+00
1.327025413513183594e+00
1.341786623001098633e+00
1.373728752136230469e+00
1.330604553222656250e+00
1.365066766738891602e+00
1.353681564331054688e+00
1.332894802093505859e+00
1.367344141006469727e+00
1.466433763504028320e+00
1.367339849472045898e+00
1.348672151565551758e+00
1.353190898895263672e+00
1.382638454437255859e+00
1.341526746749877930e+00
1.434309244155883789e+00
1.422816038131713867e+00
1.430613756179809570e+00
1.444202899932861328e+00
1.475362777709960938e+00
1.482145309448242188e+00
1.473443508148193359e+00
1.426761388778686523e+00
1.416610002517700195e+00
1.385669469833374023e+00
1.363476753234863281e+00
1.409128665924072266e+00
1.358363389968872070e+00
1.342817306518554688e+00
1.324357748031616211e+00
1.331384897232055664e+00
1.352526187896728516e+00
1.317570924758911133e+00
1.325495719909667969e+00
1.319823503494262695e+00
1.314489841461181641e+00
1.326702833175659180e+00
1.364913225173950195e+00
1.329735040664672852e+00
1.420612573623657227e+00
1.373945951461791992e+00
1.334691286087036133e+00
1.313498973846435547e+00
1.323036193847656250e+00
1.365854024887084961e+00
1.307583093643188477e+00
1.326548099517822266e+00
1.341518640518188477e+00
1.317765951156616211e+00
1.339302301406860352e+00
1.429673671722412109e+00
1.365779399871826172e+00
1.340531110763549805e+00
1.432568073272705078e+00
1.341248273849487305e+00
1.357342720031738281e+00
1.403483390808105469e+00
1.359651327133178711e+00
1.355865240097045898e+00
1.380511999130249023e+00
1.381561756134033203e+00
1.365311622619628906e+00
1.375503778457641602e+00
1.321295499801635742e+00
1.370476007461547852e+00
1.434895992279052734e+00
1.386229276657104492e+00
1.368122100830078125e+00
1.367979049682617188e+00
1.323051691055297852e+00
1.315725803375244141e+00
1.341326475143432617e+00
1.356193780899047852e+00
1.375738620758056641e+00
1.344415664672851562e+00
1.425184249877929688e+00
1.344673395156860352e+00
1.329064846038818359e+00
1.354345321655273438e+00
1.374002695083618164e+00
1.463308572769165039e+00
1.360167980194091797e+00
1.348870038986206055e+00
1.410949945449829102e+00
1.409722089767456055e+00
1.554317474365234375e+00
1.458424091339111328e+00
1.447286844253540039e+00
1.447270870208740234e+00
1.395514011383056641e+00
1.485099554061889648e+00
1.374658346176147461e+00
1.347311258316040039e+00
1.328829765319824219e+00
1.317046403884887695e+00
1.352760314941406250e+00
1.350452184677124023e+00
1.332525014877319336e+00
1.306188106536865234e+00
1.366919755935668945e+00
1.338143110275268555e+00
1.308128833770751953e+00
1.364674568176269531e+00
1.356559514999389648e+00
1.371437072753906250e+00
1.454175472259521484e+00
1.349923372268676758e+00
1.335578680038452148e+00
1.329995870590209961e+00
1.374447345733642578e+00
1.366397857666015625e+00
1.324508905410766602e+00
1.328735351562500000e+00
1.349754095077514648e+00
1.364771604537963867e+00
1.316093921661376953e+00
1.454548120498657227e+00
1.329217672348022461e+00
1.362240076065063477e+00
1.339411497116088867e+00
1.330473661422729492e+00
1.426503896713256836e+00
1.362133741378784180e+00
1.360779285430908203e+00
1.327747344970703125e+00
1.340786457061767578e+00
1.427820444107055664e+00
1.367891073226928711e+00
1.322112083435058594e+00
1.368556976318359375e+00
1.361786127090454102e+00
1.417135953903198242e+00
1.341978788375854492e+00
1.328438282012939453e+00
1.358359813690185547e+00
1.436932325363159180e+00
1.462752819061279297e+00
1.468762874603271484e+00
1.470919132232666016e+00
1.469705581665039062e+00
1.385788202285766602e+00
1.410921573638916016e+00
1.410648822784423828e+00
1.369185209274291992e+00
1.325039863586425781e+00
1.322708845138549805e+00
1.359406471252441406e+00
