1.991630077362060547e+00
4.206664562225341797e-01
4.217653274536132812e-01
4.201767444610595703e-01
4.175205230712890625e-01
4.228227138519287109e-01
4.151992797851562500e-01
4.150409698486328125e-01
4.157674312591552734e-01
4.187285900115966797e-01
4.146940708160400391e-01
4.178576469421386719e-01
4.152526855468750000e-01
4.158005714416503906e-01
4.163856506347656250e-01
4.168438911437988281e-01
4.138166904449462891e-01
4.168283939361572266e-01
4.168133735656738281e-01
4.157023429870605469e-01
4.145374298095703125e-01
4.160854816436767578e-01
4.175071716308593750e-01
4.165620803833007812e-01
4.462766647338867188e-01
4.627292156219482422e-01
4.766745567321777344e-01
4.506943225860595703e-01
4.501609802246093750e-01
4.493508338928222656e-01
4.470961093902587891e-01
4.477291107177734375e-01
4.504466056823730469e-01
4.490244388580322266e-01
4.528243541717529297e-01
4.527437686920166016e-01
4.510605335235595703e-01
4.499068260192871094e-01
4.514944553375244141e-01
4.551610946655273438e-01
4.562592506408691406e-01
4.607095718383789062e-01
4.585433006286621094e-01
4.582998752593994141e-01
4.602496623992919922e-01
4.611623287200927734e-01
4.632694721221923828e-01
4.623432159423828125e-01
4.629089832305908203e-01
4.655463695526123047e-01
4.659349918365478516e-01
4.586703777313232422e-01
4.615502357482910156e-01
4.615128040313720703e-01
4.630799293518066406e-01
4.641802310943603516e-01
4.646866321563720703e-01
4.626836776733398438e-01
4.604432582855224609e-01
4.626598358154296875e-01
4.615557193756103516e-01
4.607348442077636719e-01
4.607527256011962891e-01
4.621686935424804688e-01
4.656593799591064453e-01
4.649639129638671875e-01
4.664394855499267578e-01
4.626994132995605469e-01
4.579398632049560547e-01
4.584062099456787109e-01
4.561052322387695312e-01
4.519944190979003906e-01
4.550983905792236328e-01
4.555439949035644531e-01
4.530591964721679688e-01
4.491581916809082031e-01
4.486448764801025391e-01
4.523005485534667969e-01
4.504954814910888672e-01
4.504704475402832031e-01
4.545371532440185547e-01
4.562029838562011719e-01
4.562273025512695312e-01
4.563024044036865234e-01
4.533917903900146484e-01
4.523398876190185547e-01
4.544408321380615234e-01
4.554622173309326172e-01
4.545729160308837891e-01
4.581794738769531250e-01
4.567663669586181641e-01
4.578933715820312500e-01
4.573099613189697266e-01
4.557874202728271484e-01
4.565920829772949219e-01
4.571890830993652344e-01
4.583241939544677734e-01
4.568316936492919922e-01
4.565370082855224609e-01
4.568140506744384766e-01
4.588243961334228516e-01
4.587225914001464844e-01
4.553186893463134766e-01
4.554071426391601562e-01
4.663405418395996094e-01
4.920525550842285156e-01
5.060570240020751953e-01
4.648513793945312500e-01
4.676146507263183594e-01
4.696514606475830078e-01
4.718255996704101562e-01
4.830062389373779297e-01
4.778966903686523438e-01
4.685807228088378906e-01
4.716856479644775391e-01
4.702548980712890625e-01
4.700891971588134766e-01
4.694039821624755859e-01
4.678909778594970703e-01
4.725337028503417969e-01
4.737718105316162109e-01
4.678232669830322266e-01
4.691152572631835938e-01
4.670720100402832031e-01
4.670538902282714844e-01
4.660270214080810547e-01
4.706861972808837891e-01
4.720184803009033203e-01
4.648184776306152344e-01
4.684855937957763672e-01
4.657199382781982422e-01
4.660990238189697266e-01
4.671401977539062500e-01
4.665532112121582031e-01
4.635109901428222656e-01
4.676079750061035156e-01
4.635307788848876953e-01
4.632422924041748047e-01
4.583261013031005859e-01
4.600379467010498047e-01
4.550876617431640625e-01
4.547944068908691406e-01
4.557137489318847656e-01
4.545121192932128906e-01
4.544754028320312500e-01
4.534280300140380859e-01
4.552845954895019531e-01
4.544961452484130859e-01
4.582285881042480469e-01
4.580435752868652344e-01
4.591886997222900391e-01
4.613790512084960938e-01
4.589688777923583984e-01
4.600265026092529297e-01
4.642283916473388672e-01
4.602901935577392578e-01
4.592547416687011719e-01
4.584274291992187500e-01
4.602108001708984375e-01
4.605157375335693359e-01
4.601068496704101562e-01
4.594614505767822266e-01
4.637353420257568359e-01
4.629340171813964844e-01
4.590103626251220703e-01
4.676506519317626953e-01
4.654681682586669922e-01
4.674372673034667969e-01
4.719035625457763672e-01
4.786255359649658203e-01
4.683167934417724609e-01
4.707913398742675781e-01
4.695830345153808594e-01
4.696455001831054688e-01
4.711947441101074219e-01
4.666392803192138672e-01
4.690310955047607422e-01
4.697186946868896484e-01
4.681899547576904297e-01
4.678664207458496094e-01
4.697148799896240234e-01
4.667396545410156250e-01
4.700953960418701172e-01
4.694483280181884766e-01
4.692833423614501953e-01
4.677746295928955078e-01
4.691963195800781250e-01
4.673557281494140625e-01
4.641511440277099609e-01
4.616928100585937500e-01
4.605727195739746094e-01
4.556045532226562500e-01
4.620373249053955078e-01
4.580674171447753906e-01
4.577748775482177734e-01
4.569692611694335938e-01
4.592216014862060547e-01
4.586753845214843750e-01
4.615473747253417969e-01
4.587290287017822266e-01
