1.400317430496215820e+00
1.300623416900634766e+00
1.314456224441528320e+00
1.440677404403686523e+00
1.370432138442993164e+00
1.348302125930786133e+00
1.317223787307739258e+00
1.309301853179931641e+00
1.371825933456420898e+00
1.261719703674316406e+00
1.276210546493530273e+00
1.284759521484375000e+00
1.268207550048828125e+00
1.267813682556152344e+00
1.278990030288696289e+00
1.269651174545288086e+00
1.275937557220458984e+00
1.261175155639648438e+00
1.280618429183959961e+00
1.270138025283813477e+00
1.268763780593872070e+00
1.255059480667114258e+00
1.261079072952270508e+00
1.347004890441894531e+00
1.290504217147827148e+00
1.331366777420043945e+00
1.339114904403686523e+00
1.355996370315551758e+00
1.386173248291015625e+00
1.363571643829345703e+00
1.358324766159057617e+00
1.344581604003906250e+00
1.360220670700073242e+00
1.355434417724609375e+00
1.378717422485351562e+00
1.372180700302124023e+00
1.309383869171142578e+00
1.385656833648681641e+00
1.356012821197509766e+00
1.329318523406982422e+00
1.375278472900390625e+00
1.356675863265991211e+00
1.385877132415771484e+00
1.323486804962158203e+00
1.387406349182128906e+00
1.344588041305541992e+00
1.369377374649047852e+00
1.350188970565795898e+00
1.378766536712646484e+00
1.343422651290893555e+00
1.381886005401611328e+00
1.331494092941284180e+00
1.447065353393554688e+00
1.393193483352661133e+00
1.327032566070556641e+00
1.341805934906005859e+00
1.373729467391967773e+00
1.330610275268554688e+00
1.365079402923583984e+00
1.353711843490600586e+00
1.332912683486938477e+00
1.367343187332153320e+00
1.466413974761962891e+00
1.367331266403198242e+00
1.348683357238769531e+00
1.353199958801269531e+00
1.382647752761840820e+00
1.341580629348754883e+00
1.434323787689208984e+00
1.422842741012573242e+00
1.430611133575439453e+00
1.444229841232299805e+00
1.475382566452026367e+00
1.482168197631835938e+00
1.473445415496826172e+00
1.426792621612548828e+00
1.416628837585449219e+00
1.385680198669433594e+00
1.363490104675292969e+00
1.409129142761230469e+00
1.358367919921875000e+00
1.342828512191772461e+00
1.324383020401000977e+00
1.331409215927124023e+00
1.352543592453002930e+00
1.317499637603759766e+00
1.325501918792724609e+00
1.319845199584960938e+00
1.314521551132202148e+00
1.326703071594238281e+00
1.364912271499633789e+00
1.329765319824218750e+00
1.420616149902343750e+00
1.373963832855224609e+00
1.334712266921997070e+00
1.313523292541503906e+00
1.323057889938354492e+00
1.365859508514404297e+00
1.307594299316406250e+00
1.326544761657714844e+00
1.341466188430786133e+00
1.317778587341308594e+00
1.339310646057128906e+00
1.429678440093994141e+00
1.365779638290405273e+00
1.340552568435668945e+00
1.432583093643188477e+00
1.341263532638549805e+00
1.357359170913696289e+00
1.403488397598266602e+00
1.359651803970336914e+00
1.355874776840209961e+00
1.380516290664672852e+00
1.381559371948242188e+00
1.365309476852416992e+00
1.375481843948364258e+00
1.321305751800537109e+00
1.370481967926025391e+00
1.434906005859375000e+00
1.386235237121582031e+00
1.368139266967773438e+00
1.367990255355834961e+00
1.323060035705566406e+00
1.315721750259399414e+00
1.341341972351074219e+00
1.356191873550415039e+00
1.375742912292480469e+00
1.344422340393066406e+00
1.425223588943481445e+00
1.344677925109863281e+00
1.329091310501098633e+00
1.354353904724121094e+00
1.374014616012573242e+00
1.463303804397583008e+00
1.360178709030151367e+00
1.348893880844116211e+00
1.410969018936157227e+00
1.409729003906250000e+00
1.554326534271240234e+00
1.458424568176269531e+00
1.447295188903808594e+00
1.447269916534423828e+00
1.395524978637695312e+00
1.485121488571166992e+00
1.374673843383789062e+00
1.347315311431884766e+00
1.328858137130737305e+00
1.317067623138427734e+00
1.352768182754516602e+00
1.350471258163452148e+00
1.332567453384399414e+00
1.306214332580566406e+00
1.366931915283203125e+00
1.338149785995483398e+00
1.308149337768554688e+00
1.364675045013427734e+00
1.356567859649658203e+00
1.371445417404174805e+00
1.454174518585205078e+00
1.349922180175781250e+00
1.335608959197998047e+00
1.330021858215332031e+00
1.374441623687744141e+00
1.366395711898803711e+00
1.324540853500366211e+00
1.328746318817138672e+00
1.349777698516845703e+00
1.364782333374023438e+00
1.316097021102905273e+00
1.454535007476806641e+00
1.329221248626708984e+00
1.362244129180908203e+00
1.339403390884399414e+00
1.330506086349487305e+00
1.426528453826904297e+00
1.366353750228881836e+00
1.360779047012329102e+00
1.327734470367431641e+00
1.340813636779785156e+00
1.427825689315795898e+00
1.367892503738403320e+00
1.322114944458007812e+00
1.368563652038574219e+00
1.361803770065307617e+00
1.417144298553466797e+00
1.341993570327758789e+00
1.328481197357177734e+00
1.358367919921875000e+00
1.436941862106323242e+00
1.462766885757446289e+00
1.468762636184692383e+00
1.470923185348510742e+00
1.469717264175415039e+00
1.385818243026733398e+00
1.410922765731811523e+00
1.410644292831420898e+00
1.369181632995605469e+00
1.325047731399536133e+00
1.322703599929809570e+00
1.359435081481933594e+00
