1.400310993194580078e+00
1.300625085830688477e+00
1.314460039138793945e+00
1.440677165985107422e+00
1.370430707931518555e+00
1.348296403884887695e+00
1.317223072052001953e+00
1.309298276901245117e+00
1.371825218200683594e+00
1.261717081069946289e+00
1.276205062866210938e+00
1.284761667251586914e+00
1.268201112747192383e+00
1.267811536788940430e+00
1.278986692428588867e+00
1.269648790359497070e+00
1.275936841964721680e+00
1.261175155639648438e+00
1.280617475509643555e+00
1.270133495330810547e+00
1.268762111663818359e+00
1.255060195922851562e+00
1.261074542999267578e+00
1.347002029418945312e+00
1.290504693984985352e+00
1.331361532211303711e+00
1.339110374450683594e+00
1.355996131896972656e+00
1.386173725128173828e+00
1.363571405410766602e+00
1.358322381973266602e+00
1.344582557678222656e+00
1.360226869583129883e+00
1.355433464050292969e+00
1.378719568252563477e+00
1.372176647186279297e+00
1.309382200241088867e+00
1.385646343231201172e+00
1.356011629104614258e+00
1.329313039779663086e+00
1.375277757644653320e+00
1.356654644012451172e+00
1.385875225067138672e+00
1.323484420776367188e+00
1.387409687042236328e+00
1.344585895538330078e+00
1.369377851486206055e+00
1.350183248519897461e+00
1.378765583038330078e+00
1.343420743942260742e+00
1.381885051727294922e+00
1.331491947174072266e+00
1.447065114974975586e+00
1.393194913864135742e+00
1.327029228210449219e+00
1.341805219650268555e+00
1.373727560043334961e+00
1.330606222152709961e+00
1.365079402923583984e+00
1.353704690933227539e+00
1.332911252975463867e+00
1.367341518402099609e+00
1.466411828994750977e+00
1.367334604263305664e+00
1.348685503005981445e+00
1.353196144104003906e+00
1.382645368576049805e+00
1.341575860977172852e+00
1.434320688247680664e+00
1.422842741012573242e+00
1.430610895156860352e+00
1.444224596023559570e+00
1.475382089614868164e+00
1.482163429260253906e+00
1.473443984985351562e+00
1.426791191101074219e+00
1.416628122329711914e+00
1.385676860809326172e+00
1.363485574722290039e+00
1.409128427505493164e+00
1.358366727828979492e+00
1.342823266983032227e+00
1.324380636215209961e+00
1.331408739089965820e+00
1.352533102035522461e+00
1.317498922348022461e+00
1.325497627258300781e+00
1.319843292236328125e+00
1.314516305923461914e+00
1.326701402664184570e+00
1.364911794662475586e+00
1.329760789871215820e+00
1.420613765716552734e+00
1.373965501785278320e+00
1.334710359573364258e+00
1.313521385192871094e+00
1.323055982589721680e+00
1.365866184234619141e+00
1.307590007781982422e+00
1.326542854309082031e+00
1.341461658477783203e+00
1.317774295806884766e+00
1.339309453964233398e+00
1.429674863815307617e+00
1.365782976150512695e+00
1.340555667877197266e+00
1.432579517364501953e+00
1.341260194778442383e+00
1.357361793518066406e+00
1.403486490249633789e+00
1.359651088714599609e+00
1.355874776840209961e+00
1.380516767501831055e+00
1.381558656692504883e+00
1.365309476852416992e+00
1.375483036041259766e+00
1.321303606033325195e+00
1.370474576950073242e+00
1.434900760650634766e+00
1.386236429214477539e+00
1.368140459060668945e+00
1.367991447448730469e+00
1.323057174682617188e+00
1.315720081329345703e+00
1.341317176818847656e+00
1.356192350387573242e+00
1.375736951828002930e+00
1.344424486160278320e+00
1.425220489501953125e+00
1.344675779342651367e+00
1.329092979431152344e+00
1.354354381561279297e+00
1.374017477035522461e+00
1.463303089141845703e+00
1.360180854797363281e+00
1.348891496658325195e+00
1.410969495773315430e+00
1.409725666046142578e+00
1.554324150085449219e+00
1.458422183990478516e+00
1.447292327880859375e+00
1.447275638580322266e+00
1.395526647567749023e+00
1.485124111175537109e+00
1.374679565429687500e+00
1.347314119338989258e+00
1.328854560852050781e+00
1.317066192626953125e+00
1.352771520614624023e+00
1.350471496582031250e+00
1.332566976547241211e+00
1.306211233139038086e+00
1.366932868957519531e+00
1.338152647018432617e+00
1.308148384094238281e+00
1.364678621292114258e+00
1.356565475463867188e+00
1.371446847915649414e+00
1.454178333282470703e+00
1.349920034408569336e+00
1.335613965988159180e+00
1.330023527145385742e+00
1.374440431594848633e+00
1.366395235061645508e+00
1.324535131454467773e+00
1.328746080398559570e+00
1.349777936935424805e+00
1.364781618118286133e+00
1.316094875335693359e+00
1.454537153244018555e+00
1.329220056533813477e+00
1.362246751785278320e+00
1.339401960372924805e+00
1.330507516860961914e+00
1.426527500152587891e+00
1.366356849670410156e+00
1.360780239105224609e+00
1.327735424041748047e+00
1.340811967849731445e+00
1.427814722061157227e+00
1.367891550064086914e+00
1.322114467620849609e+00
1.368571996688842773e+00
1.361804008483886719e+00
1.417140483856201172e+00
1.341997861862182617e+00
1.328478574752807617e+00
1.358364582061767578e+00
1.436944484710693359e+00
1.462767839431762695e+00
1.468760967254638672e+00
1.470928668975830078e+00
1.469715356826782227e+00
1.385816574096679688e+00
1.410922288894653320e+00
1.410650491714477539e+00
1.369180917739868164e+00
1.325046062469482422e+00
1.322702646255493164e+00
1.359436988830566406e+00
