1.888130426406860352e+00
4.453136920928955078e-01
4.316749572753906250e-01
4.260973930358886719e-01
4.254508018493652344e-01
4.240255355834960938e-01
4.235212802886962891e-01
4.229524135589599609e-01
4.234967231750488281e-01
4.224944114685058594e-01
4.244801998138427734e-01
4.226522445678710938e-01
4.243061542510986328e-01
4.231696128845214844e-01
4.227888584136962891e-01
4.236609935760498047e-01
4.238913059234619141e-01
4.231910705566406250e-01
4.228777885437011719e-01
4.237477779388427734e-01
4.228262901306152344e-01
4.229190349578857422e-01
4.230892658233642578e-01
4.248316287994384766e-01
4.517529010772705078e-01
4.702317714691162109e-01
4.711606502532958984e-01
4.486851692199707031e-01
4.479992389678955078e-01
4.494915008544921875e-01
4.491508007049560547e-01
4.488894939422607422e-01
4.483175277709960938e-01
4.491028785705566406e-01
4.477982521057128906e-01
4.511790275573730469e-01
4.499890804290771484e-01
4.494330883026123047e-01
4.530568122863769531e-01
4.515988826751708984e-01
4.531013965606689453e-01
4.542121887207031250e-01
4.553155899047851562e-01
4.556488990783691406e-01
4.589502811431884766e-01
4.571661949157714844e-01
4.581489562988281250e-01
4.597616195678710938e-01
4.592673778533935547e-01
4.580597877502441406e-01
4.596579074859619141e-01
4.610919952392578125e-01
4.602422714233398438e-01
4.601404666900634766e-01
4.587135314941406250e-01
4.594733715057373047e-01
4.629158973693847656e-01
4.601502418518066406e-01
4.594724178314208984e-01
4.598188400268554688e-01
4.594309329986572266e-01
4.584863185882568359e-01
4.594221115112304688e-01
4.610364437103271484e-01
4.596905708312988281e-01
4.605581760406494141e-01
4.611072540283203125e-01
4.603459835052490234e-01
4.571084976196289062e-01
4.641480445861816406e-01
4.535973072052001953e-01
4.534769058227539062e-01
4.541325569152832031e-01
4.541597366333007812e-01
4.566848278045654297e-01
4.550812244415283203e-01
4.569933414459228516e-01
4.559845924377441406e-01
4.539461135864257812e-01
4.537863731384277344e-01
4.554893970489501953e-01
4.554922580718994141e-01
4.534769058227539062e-01
4.554097652435302734e-01
4.547405242919921875e-01
4.541842937469482422e-01
4.529867172241210938e-01
4.544253349304199219e-01
4.554920196533203125e-01
4.568529129028320312e-01
4.526903629302978516e-01
4.557843208312988281e-01
4.557852745056152344e-01
4.547259807586669922e-01
4.544508457183837891e-01
4.539396762847900391e-01
4.538249969482421875e-01
4.534265995025634766e-01
4.543657302856445312e-01
4.549973011016845703e-01
4.591197967529296875e-01
4.561555385589599609e-01
4.553947448730468750e-01
4.578430652618408203e-01
4.607267379760742188e-01
4.615600109100341797e-01
4.680972099304199219e-01
4.632787704467773438e-01
4.623489379882812500e-01
4.687302112579345703e-01
4.649350643157958984e-01
4.685237407684326172e-01
4.687514305114746094e-01
4.656841754913330078e-01
4.662060737609863281e-01
4.691898822784423828e-01
4.629478454589843750e-01
4.652369022369384766e-01
4.649477005004882812e-01
4.637510776519775391e-01
4.634916782379150391e-01
4.704136848449707031e-01
4.654085636138916016e-01
4.674477577209472656e-01
4.692025184631347656e-01
4.671416282653808594e-01
4.646074771881103516e-01
4.663898944854736328e-01
4.669048786163330078e-01
4.673552513122558594e-01
4.685957431793212891e-01
4.683325290679931641e-01
4.670176506042480469e-01
4.667289257049560547e-01
4.651944637298583984e-01
4.618804454803466797e-01
4.629528522491455078e-01
4.585676193237304688e-01
4.601507186889648438e-01
4.539299011230468750e-01
4.563000202178955078e-01
4.575386047363281250e-01
4.586734771728515625e-01
4.561061859130859375e-01
4.590852260589599609e-01
4.590497016906738281e-01
4.580812454223632812e-01
4.580426216125488281e-01
4.567434787750244141e-01
4.585664272308349609e-01
4.581260681152343750e-01
4.584529399871826172e-01
4.589486122131347656e-01
4.597141742706298828e-01
4.565334320068359375e-01
4.575879573822021484e-01
4.577803611755371094e-01
4.572532176971435547e-01
4.582512378692626953e-01
4.547929763793945312e-01
4.562628269195556641e-01
4.567511081695556641e-01
4.557187557220458984e-01
4.598417282104492188e-01
4.607963562011718750e-01
4.611065387725830078e-01
4.636116027832031250e-01
4.700808525085449219e-01
4.677209854125976562e-01
4.663956165313720703e-01
4.679114818572998047e-01
4.676342010498046875e-01
4.670121669769287109e-01
4.690630435943603516e-01
4.674732685089111328e-01
4.682166576385498047e-01
4.663686752319335938e-01
4.663429260253906250e-01
4.671139717102050781e-01
4.688603878021240234e-01
4.663906097412109375e-01
4.657819271087646484e-01
4.642755985260009766e-01
4.654865264892578125e-01
4.657597541809082031e-01
4.700534343719482422e-01
4.683108329772949219e-01
4.670283794403076172e-01
4.623208045959472656e-01
4.640157222747802734e-01
4.574694633483886719e-01
4.613585472106933594e-01
4.706387519836425781e-01
4.574046134948730469e-01
4.567637443542480469e-01
4.586553573608398438e-01
4.568016529083251953e-01
4.567039012908935547e-01
4.600679874420166016e-01
4.580943584442138672e-01
