1.400318861007690430e+00
1.300634622573852539e+00
1.314438581466674805e+00
1.440678119659423828e+00
1.370438337326049805e+00
1.348279237747192383e+00
1.317201852798461914e+00
1.309278964996337891e+00
1.371835231781005859e+00
1.261693000793457031e+00
1.276190757751464844e+00
1.284759998321533203e+00
1.268185615539550781e+00
1.267796039581298828e+00
1.278982877731323242e+00
1.269625425338745117e+00
1.275927543640136719e+00
1.261175870895385742e+00
1.280629158020019531e+00
1.270100116729736328e+00
1.268752336502075195e+00
1.255051136016845703e+00
1.261056423187255859e+00
1.346993684768676758e+00
1.290496587753295898e+00
1.331343412399291992e+00
1.339104890823364258e+00
1.356013536453247070e+00
1.386159420013427734e+00
1.363570690155029297e+00
1.358325004577636719e+00
1.344581127166748047e+00
1.360232114791870117e+00
1.355436086654663086e+00
1.378723382949829102e+00
1.372170448303222656e+00
1.309388637542724609e+00
1.385634183883666992e+00
1.355996131896972656e+00
1.329285144805908203e+00
1.375289201736450195e+00
1.356663465499877930e+00
1.385879993438720703e+00
1.323465824127197266e+00
1.387394428253173828e+00
1.344568967819213867e+00
1.369390249252319336e+00
1.350157022476196289e+00
1.378772735595703125e+00
1.343390226364135742e+00
1.381886720657348633e+00
1.331470012664794922e+00
1.447073936462402344e+00
1.393191814422607422e+00
1.327024698257446289e+00
1.341787099838256836e+00
1.373727083206176758e+00
1.330603361129760742e+00
1.365071058273315430e+00
1.353687763214111328e+00
1.332895755767822266e+00
1.367343425750732422e+00
1.466432094573974609e+00
1.367337465286254883e+00
1.348674774169921875e+00
1.353193521499633789e+00
1.382638454437255859e+00
1.341524124145507812e+00
1.434308767318725586e+00
1.422817945480346680e+00
1.430613040924072266e+00
1.444199800491333008e+00
1.475367546081542969e+00
1.482144594192504883e+00
1.473443984985351562e+00
1.426762580871582031e+00
1.416610240936279297e+00
1.385668516159057617e+00
1.363476037979125977e+00
1.409128665924072266e+00
1.358364343643188477e+00
1.342816114425659180e+00
1.324358224868774414e+00
1.331384420394897461e+00
1.352524042129516602e+00
1.317571878433227539e+00
1.325494527816772461e+00
1.319823980331420898e+00
1.314489603042602539e+00
1.326702356338500977e+00
1.364916086196899414e+00
1.329735517501831055e+00
1.420614480972290039e+00
1.373948097229003906e+00
1.334688425064086914e+00
1.313497543334960938e+00
1.323035240173339844e+00
1.365849494934082031e+00
1.307581663131713867e+00
1.326548337936401367e+00
1.341521978378295898e+00
1.317762851715087891e+00
1.339303970336914062e+00
1.429672002792358398e+00
1.365778684616088867e+00
1.340531110763549805e+00
1.432577848434448242e+00
1.341251611709594727e+00
1.357347011566162109e+00
1.403481483459472656e+00
1.359652519226074219e+00
1.355867624282836914e+00
1.380508422851562500e+00
1.381561994552612305e+00
1.365313053131103516e+00
1.375499010086059570e+00
1.321295261383056641e+00
1.370477676391601562e+00
1.434894800186157227e+00
1.386229515075683594e+00
1.368124723434448242e+00
1.367981433868408203e+00
1.323050022125244141e+00
1.315726518630981445e+00
1.341326475143432617e+00
1.356193780899047852e+00
1.375738143920898438e+00
1.344417572021484375e+00
1.425182342529296875e+00
1.344672203063964844e+00
1.329064130783081055e+00
1.354346275329589844e+00
1.374005794525146484e+00
1.463307380676269531e+00
1.360169887542724609e+00
1.348871231079101562e+00
1.410952091217041016e+00
1.409719944000244141e+00
1.554316997528076172e+00
1.458425045013427734e+00
1.447286844253540039e+00
1.447272062301635742e+00
1.395517349243164062e+00
1.485099792480468750e+00
1.374658584594726562e+00
1.347314119338989258e+00
1.328830242156982422e+00
1.317047834396362305e+00
1.352761983871459961e+00
1.350454568862915039e+00
1.332526445388793945e+00
1.306189537048339844e+00
1.366915941238403320e+00
1.338145256042480469e+00
1.308130025863647461e+00
1.364678621292114258e+00
1.356562852859497070e+00
1.371440172195434570e+00
1.454178094863891602e+00
1.349922657012939453e+00
1.335580110549926758e+00
1.329996824264526367e+00
1.374449253082275391e+00
1.366397380828857422e+00
1.324510335922241211e+00
1.328734397888183594e+00
1.349755048751831055e+00
1.364773273468017578e+00
1.316088676452636719e+00
1.454548835754394531e+00
1.329217910766601562e+00
1.362242221832275391e+00
1.339413404464721680e+00
1.330475091934204102e+00
1.426500797271728516e+00
1.362163066864013672e+00
1.360782146453857422e+00
1.327748298645019531e+00
1.340787887573242188e+00
1.427820444107055664e+00
1.367892980575561523e+00
1.322112560272216797e+00
1.368557929992675781e+00
1.361787796020507812e+00
1.417134523391723633e+00
1.341978788375854492e+00
1.328446865081787109e+00
1.358360290527343750e+00
1.436936378479003906e+00
1.462754011154174805e+00
1.468764066696166992e+00
1.470921993255615234e+00
1.469707250595092773e+00
1.385788679122924805e+00
1.410922765731811523e+00
1.410652637481689453e+00
1.369185447692871094e+00
1.325008630752563477e+00
1.322710037231445312e+00
1.359409809112548828e+00
