1.859260559082031250e+00
4.314575195312500000e-01
4.307084083557128906e-01
4.300639629364013672e-01
4.257040023803710938e-01
4.235873222351074219e-01
4.240190982818603516e-01
4.247493743896484375e-01
4.261856079101562500e-01
4.246890544891357422e-01
4.256072044372558594e-01
4.269430637359619141e-01
4.259586334228515625e-01
4.228935241699218750e-01
4.258267879486083984e-01
4.256656169891357422e-01
4.257712364196777344e-01
4.263820648193359375e-01
4.252059459686279297e-01
4.260272979736328125e-01
4.249696731567382812e-01
4.242069721221923828e-01
4.267303943634033203e-01
4.270098209381103516e-01
4.566147327423095703e-01
4.774880409240722656e-01
4.793026447296142578e-01
4.553360939025878906e-01
4.547040462493896484e-01
4.533746242523193359e-01
4.541630744934082031e-01
4.566445350646972656e-01
4.531064033508300781e-01
4.542021751403808594e-01
4.630606174468994141e-01
4.561417102813720703e-01
4.549942016601562500e-01
4.546284675598144531e-01
4.552161693572998047e-01
4.557948112487792969e-01
4.550821781158447266e-01
4.596891403198242188e-01
4.572305679321289062e-01
4.596385955810546875e-01
4.636273384094238281e-01
4.593563079833984375e-01
4.624772071838378906e-01
4.648532867431640625e-01
4.626038074493408203e-01
4.629390239715576172e-01
4.630205631256103516e-01
4.680826663970947266e-01
4.661374092102050781e-01
4.659204483032226562e-01
4.652326107025146484e-01
4.657762050628662109e-01
4.662032127380371094e-01
4.667820930480957031e-01
4.643299579620361328e-01
4.673357009887695312e-01
4.664747714996337891e-01
4.654257297515869141e-01
4.655089378356933594e-01
4.679756164550781250e-01
4.673430919647216797e-01
4.668922424316406250e-01
4.681773185729980469e-01
4.675238132476806641e-01
4.607989788055419922e-01
4.655809402465820312e-01
4.589090347290039062e-01
4.572448730468750000e-01
4.597821235656738281e-01
4.591770172119140625e-01
4.604887962341308594e-01
4.566850662231445312e-01
4.597058296203613281e-01
4.595556259155273438e-01
4.558794498443603516e-01
4.569807052612304688e-01
4.561309814453125000e-01
4.552893638610839844e-01
4.565029144287109375e-01
4.591302871704101562e-01
4.575197696685791016e-01
4.567294120788574219e-01
4.563956260681152344e-01
4.589481353759765625e-01
4.568004608154296875e-01
4.619510173797607422e-01
4.560751914978027344e-01
4.578607082366943359e-01
4.573788642883300781e-01
4.583365917205810547e-01
4.588027000427246094e-01
4.576179981231689453e-01
4.556319713592529297e-01
4.555656909942626953e-01
4.569683074951171875e-01
4.572236537933349609e-01
4.570107460021972656e-01
4.583008289337158203e-01
4.565737247467041016e-01
4.571824073791503906e-01
4.641323089599609375e-01
4.638485908508300781e-01
4.670565128326416016e-01
4.695971012115478516e-01
4.652094841003417969e-01
4.679119586944580078e-01
4.670126438140869141e-01
4.686036109924316406e-01
4.700291156768798828e-01
4.654140472412109375e-01
4.683148860931396484e-01
4.686954021453857422e-01
4.662880897521972656e-01
4.692637920379638672e-01
4.668433666229248047e-01
4.679954051971435547e-01
4.702887535095214844e-01
4.716670513153076172e-01
4.654068946838378906e-01
4.731137752532958984e-01
4.677412509918212891e-01
4.682211875915527344e-01
4.675540924072265625e-01
4.693183898925781250e-01
4.677731990814208984e-01
4.686334133148193359e-01
4.703936576843261719e-01
4.687776565551757812e-01
4.707777500152587891e-01
4.685344696044921875e-01
4.676494598388671875e-01
4.675884246826171875e-01
4.681103229522705078e-01
4.649429321289062500e-01
4.666175842285156250e-01
4.617676734924316406e-01
4.644355773925781250e-01
4.617667198181152344e-01
4.582953453063964844e-01
4.619078636169433594e-01
4.629075527191162109e-01
4.635698795318603516e-01
4.621932506561279297e-01
4.606382846832275391e-01
4.599707126617431641e-01
4.619605541229248047e-01
4.622485637664794922e-01
4.595215320587158203e-01
4.622642993927001953e-01
4.628534317016601562e-01
4.611558914184570312e-01
4.626209735870361328e-01
4.647407531738281250e-01
4.618873596191406250e-01
4.623925685882568359e-01
4.612572193145751953e-01
4.642708301544189453e-01
4.619488716125488281e-01
4.612843990325927734e-01
4.659037590026855469e-01
4.664525985717773438e-01
4.678013324737548828e-01
4.719908237457275391e-01
4.750974178314208984e-01
4.746146202087402344e-01
4.749960899353027344e-01
4.736752510070800781e-01
4.722497463226318359e-01
4.743833541870117188e-01
4.724709987640380859e-01
4.733183383941650391e-01
4.748661518096923828e-01
4.717359542846679688e-01
4.715285301208496094e-01
4.726240634918212891e-01
4.748687744140625000e-01
4.699258804321289062e-01
4.730243682861328125e-01
4.718527793884277344e-01
4.743266105651855469e-01
4.720015525817871094e-01
4.732418060302734375e-01
4.702577590942382812e-01
4.713966846466064453e-01
4.668250083923339844e-01
4.698562622070312500e-01
4.630403518676757812e-01
4.657948017120361328e-01
4.613704681396484375e-01
4.609360694885253906e-01
4.630014896392822266e-01
4.637467861175537109e-01
4.645645618438720703e-01
4.619894027709960938e-01
4.647312164306640625e-01
4.634444713592529297e-01
