2.061755418777465820e+00
4.767065048217773438e-01
4.539866447448730469e-01
4.643518924713134766e-01
4.759926795959472656e-01
4.612822532653808594e-01
4.686830043792724609e-01
4.654605388641357422e-01
4.589607715606689453e-01
4.701964855194091797e-01
4.629769325256347656e-01
4.781677722930908203e-01
4.693112373352050781e-01
4.684569835662841797e-01
4.726948738098144531e-01
4.719955921173095703e-01
4.617815017700195312e-01
4.729971885681152344e-01
4.674146175384521484e-01
4.628396034240722656e-01
4.878587722778320312e-01
4.684345722198486328e-01
4.727342128753662109e-01
4.755189418792724609e-01
4.637451171875000000e-01
4.732038974761962891e-01
4.755439758300781250e-01
4.684343338012695312e-01
4.728672504425048828e-01
4.757456779479980469e-01
4.662344455718994141e-01
4.803421497344970703e-01
4.689476490020751953e-01
4.753437042236328125e-01
4.741170406341552734e-01
4.634590148925781250e-01
4.700367450714111328e-01
4.744930267333984375e-01
4.638609886169433594e-01
4.704706668853759766e-01
4.674568176269531250e-01
4.588720798492431641e-01
4.646782875061035156e-01
4.674153327941894531e-01
4.605693817138671875e-01
4.663958549499511719e-01
4.563291072845458984e-01
4.553430080413818359e-01
4.629375934600830078e-01
4.656245708465576172e-01
4.614789485931396484e-01
4.598138332366943359e-01
4.558386802673339844e-01
4.586606025695800781e-01
4.568581581115722656e-01
4.597456455230712891e-01
4.677150249481201172e-01
4.567713737487792969e-01
4.645259380340576172e-01
4.612216949462890625e-01
4.550499916076660156e-01
4.677751064300537109e-01
4.551630020141601562e-01
4.586012363433837891e-01
4.613234996795654297e-01
4.546334743499755859e-01
4.578404426574707031e-01
4.701941013336181641e-01
4.544126987457275391e-01
4.614689350128173828e-01
4.683837890625000000e-01
4.595251083374023438e-01
4.676253795623779297e-01
4.571583271026611328e-01
4.684798717498779297e-01
4.647345542907714844e-01
4.574308395385742188e-01
4.654119014739990234e-01
4.582502841949462891e-01
4.567430019378662109e-01
4.647171497344970703e-01
4.580392837524414062e-01
4.608073234558105469e-01
4.713432788848876953e-01
4.576218128204345703e-01
4.668269157409667969e-01
4.629414081573486328e-01
4.623417854309082031e-01
4.648115634918212891e-01
4.598789215087890625e-01
4.571545124053955078e-01
4.704089164733886719e-01
4.610645771026611328e-01
4.609491825103759766e-01
4.680058956146240234e-01
4.599092006683349609e-01
4.622600078582763672e-01
4.666996002197265625e-01
4.538805484771728516e-01
4.790041446685791016e-01
4.597246646881103516e-01
4.619250297546386719e-01
4.602727890014648438e-01
4.710690975189208984e-01
4.622306823730468750e-01
4.592528343200683594e-01
4.606893062591552734e-01
4.640192985534667969e-01
4.608907699584960938e-01
4.586689472198486328e-01
4.621815681457519531e-01
4.608075618743896484e-01
4.609482288360595703e-01
4.591362476348876953e-01
4.681499004364013672e-01
4.613139629364013672e-01
4.720480442047119141e-01
4.642827510833740234e-01
4.799294471740722656e-01
4.744970798492431641e-01
4.744749069213867188e-01
4.798343181610107422e-01
4.807124137878417969e-01
4.821605682373046875e-01
4.898393154144287109e-01
4.939439296722412109e-01
4.904124736785888672e-01
4.990258216857910156e-01
4.964585304260253906e-01
4.947075843811035156e-01
5.049140453338623047e-01
4.883253574371337891e-01
4.892702102661132812e-01
4.872338771820068359e-01
5.045709609985351562e-01
4.855880737304687500e-01
5.042552947998046875e-01
4.829401969909667969e-01
4.879045486450195312e-01
4.918003082275390625e-01
4.958987236022949219e-01
4.857170581817626953e-01
4.907891750335693359e-01
4.821739196777343750e-01
4.836533069610595703e-01
4.785826206207275391e-01
4.773890972137451172e-01
4.673593044281005859e-01
4.749317169189453125e-01
4.684090614318847656e-01
4.657180309295654297e-01
4.696090221405029297e-01
4.653933048248291016e-01
4.664161205291748047e-01
4.708759784698486328e-01
4.708793163299560547e-01
4.659972190856933594e-01
4.675841331481933594e-01
4.651007652282714844e-01
4.639515876770019531e-01
4.700591564178466797e-01
4.689376354217529297e-01
4.663672447204589844e-01
4.713895320892333984e-01
4.765846729278564453e-01
4.724478721618652344e-01
4.732525348663330078e-01
4.762518405914306641e-01
4.743888378143310547e-01
4.780564308166503906e-01
4.740571975708007812e-01
4.773483276367187500e-01
4.701213836669921875e-01
4.754872322082519531e-01
4.709491729736328125e-01
4.693534374237060547e-01
4.784169197082519531e-01
4.753708839416503906e-01
4.749851226806640625e-01
4.740207195281982422e-01
4.763758182525634766e-01
4.744672775268554688e-01
4.558501243591308594e-01
4.836168289184570312e-01
4.670624732971191406e-01
4.667608737945556641e-01
4.695494174957275391e-01
4.677248001098632812e-01
4.672346115112304688e-01
4.684784412384033203e-01
4.681408405303955078e-01
4.672901630401611328e-01
4.673774242401123047e-01
4.674038887023925781e-01
4.678177833557128906e-01
4.682815074920654297e-01
4.618031978607177734e-01
4.664125442504882812e-01
4.686989784240722656e-01
4.648721218109130859e-01
