2.011320590972900391e+00
4.689862728118896484e-01
4.523689746856689453e-01
4.583804607391357422e-01
4.520165920257568359e-01
4.492485523223876953e-01
4.527547359466552734e-01
4.524893760681152344e-01
4.498159885406494141e-01
4.547076225280761719e-01
4.515407085418701172e-01
4.556643962860107422e-01
4.554357528686523438e-01
4.556412696838378906e-01
4.617099761962890625e-01
4.602601528167724609e-01
4.569654464721679688e-01
4.625339508056640625e-01
4.555785655975341797e-01
4.558393955230712891e-01
4.594283103942871094e-01
4.569303989410400391e-01
4.581167697906494141e-01
4.624001979827880859e-01
4.553759098052978516e-01
4.593782424926757812e-01
4.605009555816650391e-01
4.559776782989501953e-01
4.604468345642089844e-01
4.569935798645019531e-01
4.588224887847900391e-01
4.595055580139160156e-01
4.603118896484375000e-01
4.615666866302490234e-01
4.588007926940917969e-01
4.559025764465332031e-01
4.617774486541748047e-01
4.598720073699951172e-01
4.528484344482421875e-01
4.600663185119628906e-01
4.539053440093994141e-01
4.532876014709472656e-01
4.570608139038085938e-01
4.494361877441406250e-01
4.541962146759033203e-01
4.560790061950683594e-01
4.494218826293945312e-01
4.519672393798828125e-01
4.549207687377929688e-01
4.509057998657226562e-01
4.531562328338623047e-01
4.506847858428955078e-01
4.488830566406250000e-01
4.545927047729492188e-01
4.513602256774902344e-01
4.516694545745849609e-01
4.532439708709716797e-01
4.508764743804931641e-01
4.536623954772949219e-01
4.512856006622314453e-01
4.508652687072753906e-01
4.540567398071289062e-01
4.495232105255126953e-01
4.527959823608398438e-01
4.536933898925781250e-01
4.486460685729980469e-01
4.535703659057617188e-01
4.538123607635498047e-01
4.489862918853759766e-01
4.546294212341308594e-01
4.509098529815673828e-01
4.515936374664306641e-01
4.546244144439697266e-01
4.525086879730224609e-01
4.553825855255126953e-01
4.540636539459228516e-01
4.528532028198242188e-01
4.598963260650634766e-01
4.524023532867431641e-01
4.520509243011474609e-01
4.577784538269042969e-01
4.519648551940917969e-01
4.566946029663085938e-01
4.564969539642333984e-01
4.534549713134765625e-01
4.572091102600097656e-01
4.565842151641845703e-01
4.539229869842529297e-01
4.572544097900390625e-01
4.547648429870605469e-01
4.528169631958007812e-01
4.552497863769531250e-01
4.515602588653564453e-01
4.574563503265380859e-01
4.582419395446777344e-01
4.561097621917724609e-01
4.586284160614013672e-01
4.590289592742919922e-01
4.554908275604248047e-01
4.658775329589843750e-01
4.542021751403808594e-01
4.547810554504394531e-01
4.525578022003173828e-01
4.529545307159423828e-01
4.510674476623535156e-01
4.535040855407714844e-01
4.517529010772705078e-01
4.536027908325195312e-01
4.524312019348144531e-01
4.520764350891113281e-01
4.520673751831054688e-01
4.524922370910644531e-01
4.512162208557128906e-01
4.540798664093017578e-01
4.516103267669677734e-01
4.521360397338867188e-01
4.537734985351562500e-01
4.546432495117187500e-01
4.585335254669189453e-01
4.618132114410400391e-01
4.602599143981933594e-01
4.607377052307128906e-01
4.665763378143310547e-01
4.649620056152343750e-01
4.712889194488525391e-01
4.759302139282226562e-01
4.727952480316162109e-01
4.849882125854492188e-01
4.735772609710693359e-01
4.686925411224365234e-01
4.685997962951660156e-01
4.725904464721679688e-01
4.757709503173828125e-01
4.718184471130371094e-01
4.687283039093017578e-01
4.699876308441162109e-01
4.780683517456054688e-01
4.751219749450683594e-01
4.760499000549316406e-01
4.690258502960205078e-01
4.735977649688720703e-01
4.756631851196289062e-01
4.769544601440429688e-01
4.694180488586425781e-01
4.659113883972167969e-01
4.670732021331787109e-01
4.674777984619140625e-01
4.620270729064941406e-01
4.598312377929687500e-01
4.626255035400390625e-01
4.581158161163330078e-01
4.579508304595947266e-01
4.595077037811279297e-01
4.585905075073242188e-01
4.622898101806640625e-01
4.634616374969482422e-01
4.592549800872802734e-01
4.602744579315185547e-01
4.603807926177978516e-01
4.608697891235351562e-01
4.632863998413085938e-01
4.640173912048339844e-01
4.619591236114501953e-01
4.661357402801513672e-01
4.642562866210937500e-01
4.664380550384521484e-01
4.648160934448242188e-01
4.642937183380126953e-01
4.663386344909667969e-01
4.672658443450927734e-01
4.661843776702880859e-01
4.649808406829833984e-01
4.654841423034667969e-01
4.642024040222167969e-01
4.652090072631835938e-01
4.654350280761718750e-01
4.642693996429443359e-01
4.654994010925292969e-01
4.654061794281005859e-01
4.629099369049072266e-01
4.637813568115234375e-01
4.643483161926269531e-01
4.660003185272216797e-01
4.711651802062988281e-01
4.587409496307373047e-01
4.579484462738037109e-01
4.571254253387451172e-01
4.578361511230468750e-01
4.571676254272460938e-01
4.567456245422363281e-01
4.566552639007568359e-01
4.579730033874511719e-01
4.577913284301757812e-01
4.535863399505615234e-01
4.539699554443359375e-01
4.543700218200683594e-01
4.530432224273681641e-01
4.528501033782958984e-01
4.580614566802978516e-01
4.552426338195800781e-01
