1.519736051559448242e+00
1.371232509613037109e+00
1.354021549224853516e+00
1.473205327987670898e+00
1.364295959472656250e+00
1.356597661972045898e+00
1.326168775558471680e+00
1.331454992294311523e+00
1.497012853622436523e+00
1.343509197235107422e+00
1.344710826873779297e+00
1.365483760833740234e+00
1.324216365814208984e+00
1.361382961273193359e+00
1.352818250656127930e+00
1.328686952590942383e+00
1.364807605743408203e+00
1.356544017791748047e+00
1.268930435180664062e+00
1.413084983825683594e+00
1.350625276565551758e+00
1.306433439254760742e+00
1.338228225708007812e+00
1.466309309005737305e+00
1.277232646942138672e+00
1.349563598632812500e+00
1.364305019378662109e+00
1.357103586196899414e+00
1.343888521194458008e+00
1.312799215316772461e+00
1.436659574508666992e+00
1.337835550308227539e+00
1.325704813003540039e+00
1.364219188690185547e+00
1.346337318420410156e+00
1.354736804962158203e+00
1.382083415985107422e+00
1.381234645843505859e+00
1.359625101089477539e+00
1.380629539489746094e+00
1.373005151748657227e+00
1.472757101058959961e+00
1.410665750503540039e+00
1.386014461517333984e+00
1.413684129714965820e+00
1.404733896255493164e+00
1.374423742294311523e+00
1.384970664978027344e+00
1.377735137939453125e+00
1.462207794189453125e+00
1.424708366394042969e+00
1.401933431625366211e+00
1.610487699508666992e+00
1.456103563308715820e+00
1.379522085189819336e+00
1.403577089309692383e+00
1.412381887435913086e+00
1.394514799118041992e+00
1.410315752029418945e+00
1.384568452835083008e+00
1.452864646911621094e+00
1.397504568099975586e+00
1.469394207000732422e+00
1.409324645996093750e+00
1.398553848266601562e+00
1.374278068542480469e+00
1.389642477035522461e+00
1.352429151535034180e+00
1.496618986129760742e+00
1.361200094223022461e+00
1.291163921356201172e+00
1.383718013763427734e+00
1.338518142700195312e+00
1.329997301101684570e+00
1.356139898300170898e+00
1.333069562911987305e+00
1.332420825958251953e+00
1.359108209609985352e+00
1.322046041488647461e+00
1.405452013015747070e+00
1.308476924896240234e+00
1.307076215744018555e+00
1.354767560958862305e+00
1.364323854446411133e+00
1.330356597900390625e+00
1.291934013366699219e+00
1.353133440017700195e+00
1.348614692687988281e+00
1.347388982772827148e+00
1.354669570922851562e+00
1.415163993835449219e+00
1.290875911712646484e+00
1.360024452209472656e+00
1.376764774322509766e+00
1.356100559234619141e+00
1.335770845413208008e+00
1.364234447479248047e+00
1.322826385498046875e+00
1.249009370803833008e+00
1.317854166030883789e+00
1.328200817108154297e+00
1.339699268341064453e+00
1.299836397171020508e+00
1.417363405227661133e+00
1.323887109756469727e+00
1.301135301589965820e+00
1.335149526596069336e+00
1.343322515487670898e+00
1.322825193405151367e+00
1.330269336700439453e+00
1.332655668258666992e+00
1.365151166915893555e+00
1.290338754653930664e+00
1.316995620727539062e+00
1.325092792510986328e+00
1.322845697402954102e+00
1.311167001724243164e+00
1.329622983932495117e+00
1.440974950790405273e+00
1.343611478805541992e+00
1.348710536956787109e+00
1.359458208084106445e+00
1.340550661087036133e+00
1.337333679199218750e+00
1.365482568740844727e+00
1.349741220474243164e+00
1.334090232849121094e+00
1.384994983673095703e+00
1.438277721405029297e+00
1.346665859222412109e+00
1.348654031753540039e+00
1.342545032501220703e+00
1.345449447631835938e+00
1.429487466812133789e+00
1.372645378112792969e+00
1.351475954055786133e+00
1.350053548812866211e+00
1.355215787887573242e+00
1.448167324066162109e+00
1.346673250198364258e+00
1.352396011352539062e+00
1.336085319519042969e+00
1.350978136062622070e+00
1.570040702819824219e+00
1.485412120819091797e+00
1.485779047012329102e+00
1.572773933410644531e+00
1.639225244522094727e+00
1.612054824829101562e+00
1.659311294555664062e+00
1.621704578399658203e+00
1.604547739028930664e+00
1.616516590118408203e+00
1.588418245315551758e+00
1.520063877105712891e+00
1.535671234130859375e+00
1.555086851119995117e+00
1.542367696762084961e+00
1.678541660308837891e+00
1.514258384704589844e+00
1.488764286041259766e+00
1.532709598541259766e+00
1.438944101333618164e+00
1.415929079055786133e+00
1.442825794219970703e+00
1.400027036666870117e+00
1.399475097656250000e+00
1.404691219329833984e+00
1.389958620071411133e+00
1.499619007110595703e+00
1.402952432632446289e+00
1.400156736373901367e+00
1.393064022064208984e+00
1.398469686508178711e+00
1.484043598175048828e+00
1.371477603912353516e+00
1.366865634918212891e+00
1.357098817825317383e+00
1.347836256027221680e+00
1.368298053741455078e+00
1.321529150009155273e+00
1.333145141601562500e+00
1.251619338989257812e+00
1.334303140640258789e+00
1.389621734619140625e+00
1.282917022705078125e+00
1.266395330429077148e+00
1.352570056915283203e+00
1.274203538894653320e+00
1.328647375106811523e+00
1.328744173049926758e+00
1.325341463088989258e+00
1.310209989547729492e+00
1.317430257797241211e+00
1.333857059478759766e+00
1.303409099578857422e+00
1.317751169204711914e+00
1.284178733825683594e+00
1.317921161651611328e+00
1.330384969711303711e+00
