7.315621376037597656e-01
6.994671821594238281e-01
6.846230030059814453e-01
6.854236125946044922e-01
7.725577354431152344e-01
6.700479984283447266e-01
6.777009963989257812e-01
6.782107353210449219e-01
6.721427440643310547e-01
6.721067428588867188e-01
6.694335937500000000e-01
6.900010108947753906e-01
6.730725765228271484e-01
6.596558094024658203e-01
6.853086948394775391e-01
6.777980327606201172e-01
7.604300975799560547e-01
6.756451129913330078e-01
6.690449714660644531e-01
6.574790477752685547e-01
6.679387092590332031e-01
6.702299118041992188e-01
6.709225177764892578e-01
6.781892776489257812e-01
6.838672161102294922e-01
6.751325130462646484e-01
6.616890430450439453e-01
6.709399223327636719e-01
6.615591049194335938e-01
6.669435501098632812e-01
6.716651916503906250e-01
6.665227413177490234e-01
6.664235591888427734e-01
6.640927791595458984e-01
6.743502616882324219e-01
7.668130397796630859e-01
6.722295284271240234e-01
6.804218292236328125e-01
6.764969825744628906e-01
6.684591770172119141e-01
6.673395633697509766e-01
6.637048721313476562e-01
6.644954681396484375e-01
6.781234741210937500e-01
6.733360290527343750e-01
6.746249198913574219e-01
6.864070892333984375e-01
7.684142589569091797e-01
6.689846515655517578e-01
6.702823638916015625e-01
6.680467128753662109e-01
6.729285717010498047e-01
6.740043163299560547e-01
6.753795146942138672e-01
6.743934154510498047e-01
6.716818809509277344e-01
6.630887985229492188e-01
6.887793540954589844e-01
6.725268363952636719e-01
6.634900569915771484e-01
6.702148914337158203e-01
6.770710945129394531e-01
6.716921329498291016e-01
6.781194210052490234e-01
6.744632720947265625e-01
6.704578399658203125e-01
7.515621185302734375e-01
6.724948883056640625e-01
6.709344387054443359e-01
6.786892414093017578e-01
6.685061454772949219e-01
6.708507537841796875e-01
6.700091361999511719e-01
6.720347404479980469e-01
6.732754707336425781e-01
6.605856418609619141e-01
6.709361076354980469e-01
6.732459068298339844e-01
6.619391441345214844e-01
6.692595481872558594e-01
6.846222877502441406e-01
6.647353172302246094e-01
6.690332889556884766e-01
6.770327091217041016e-01
6.644868850708007812e-01
6.698682308197021484e-01
6.709337234497070312e-01
6.676189899444580078e-01
6.666505336761474609e-01
7.608664035797119141e-01
6.650481224060058594e-01
6.670653820037841797e-01
6.728270053863525391e-01
6.727623939514160156e-01
6.614201068878173828e-01
6.710445880889892578e-01
6.810693740844726562e-01
6.663138866424560547e-01
6.706762313842773438e-01
6.668303012847900391e-01
6.604020595550537109e-01
6.625525951385498047e-01
6.667129993438720703e-01
6.549599170684814453e-01
6.667754650115966797e-01
6.724689006805419922e-01
6.562480926513671875e-01
6.665024757385253906e-01
6.706798076629638672e-01
6.626143455505371094e-01
6.749789714813232422e-01
6.862714290618896484e-01
6.679062843322753906e-01
6.704959869384765625e-01
6.706478595733642578e-01
6.824748516082763672e-01
6.617569923400878906e-01
6.648573875427246094e-01
6.656847000122070312e-01
6.637871265411376953e-01
6.642084121704101562e-01
6.709425449371337891e-01
6.588220596313476562e-01
6.631488800048828125e-01
6.729874610900878906e-01
6.691472530364990234e-01
6.733160018920898438e-01
6.783654689788818359e-01
6.699266433715820312e-01
6.632773876190185547e-01
6.785836219787597656e-01
6.631684303283691406e-01
6.702423095703125000e-01
6.702058315277099609e-01
6.645002365112304688e-01
6.659474372863769531e-01
6.880877017974853516e-01
6.731295585632324219e-01
6.623976230621337891e-01
6.769235134124755859e-01
6.846194267272949219e-01
6.607704162597656250e-01
6.689274311065673828e-01
6.701357364654541016e-01
6.626844406127929688e-01
6.666738986968994141e-01
6.781387329101562500e-01
6.598572731018066406e-01
6.667561531066894531e-01
6.775405406951904297e-01
6.637258529663085938e-01
6.701679229736328125e-01
6.864559650421142578e-01
7.665274143218994141e-01
6.715455055236816406e-01
6.710026264190673828e-01
6.735320091247558594e-01
6.687450408935546875e-01
6.772403717041015625e-01
6.672461032867431641e-01
6.575601100921630859e-01
6.714015007019042969e-01
6.717040538787841797e-01
6.616604328155517578e-01
6.727740764617919922e-01
7.706632614135742188e-01
6.673223972320556641e-01
6.716375350952148438e-01
6.818242073059082031e-01
6.631700992584228516e-01
6.675126552581787109e-01
6.867170333862304688e-01
6.644876003265380859e-01
6.724677085876464844e-01
6.873972415924072266e-01
6.730575561523437500e-01
6.663963794708251953e-01
7.669689655303955078e-01
6.724965572357177734e-01
6.628293991088867188e-01
6.728231906890869141e-01
6.741597652435302734e-01
6.592054367065429688e-01
6.777102947235107422e-01
6.726675033569335938e-01
6.687340736389160156e-01
6.804623603820800781e-01
6.741502285003662109e-01
6.618914604187011719e-01
6.728863716125488281e-01
7.670376300811767578e-01
6.681816577911376953e-01
6.872034072875976562e-01
6.772689819335937500e-01
6.626543998718261719e-01
6.749036312103271484e-01
6.783540248870849609e-01
6.664917469024658203e-01
6.702547073364257812e-01
6.757023334503173828e-01
