4.613573789596557617e+00
1.103829145431518555e+00
1.103560924530029297e+00
1.104303121566772461e+00
1.104754924774169922e+00
1.104242563247680664e+00
1.103489160537719727e+00
1.105837106704711914e+00
1.101199150085449219e+00
1.107269287109375000e+00
1.222314119338989258e+00
1.111049652099609375e+00
1.223755836486816406e+00
1.107690572738647461e+00
1.112536907196044922e+00
1.106399297714233398e+00
1.105902433395385742e+00
1.108342409133911133e+00
1.337893724441528320e+00
1.109899044036865234e+00
1.149996757507324219e+00
1.226948022842407227e+00
1.267223358154296875e+00
1.346083164215087891e+00
1.115010976791381836e+00
1.109304904937744141e+00
1.108707427978515625e+00
1.115457296371459961e+00
1.344094514846801758e+00
1.109614133834838867e+00
1.346779108047485352e+00
1.345371723175048828e+00
1.270723342895507812e+00
1.191821098327636719e+00
1.274614095687866211e+00
1.112774848937988281e+00
1.115893363952636719e+00
1.113181829452514648e+00
1.118043184280395508e+00
1.276021718978881836e+00
1.191287755966186523e+00
1.355344057083129883e+00
1.120081663131713867e+00
1.352189540863037109e+00
1.352538347244262695e+00
1.114850759506225586e+00
1.165126323699951172e+00
1.118150234222412109e+00
1.118728160858154297e+00
1.119593858718872070e+00
1.116932868957519531e+00
1.354606628417968750e+00
1.119273662567138672e+00
1.122165441513061523e+00
1.121280908584594727e+00
1.239215612411499023e+00
1.354877471923828125e+00
1.283462762832641602e+00
1.240624189376831055e+00
1.121212482452392578e+00
1.357187032699584961e+00
1.123025655746459961e+00
1.119996070861816406e+00
1.358200311660766602e+00
1.123804092407226562e+00
1.126675844192504883e+00
1.197563171386718750e+00
1.122318506240844727e+00
1.120377540588378906e+00
1.121221065521240234e+00
1.123379707336425781e+00
1.123623132705688477e+00
1.123473405838012695e+00
1.126344203948974609e+00
1.124941825866699219e+00
1.351641893386840820e+00
1.191519498825073242e+00
1.289026260375976562e+00
1.194709300994873047e+00
1.359699964523315430e+00
1.125711679458618164e+00
1.125988483428955078e+00
1.361184120178222656e+00
1.131710290908813477e+00
1.125894069671630859e+00
1.127925872802734375e+00
1.129253387451171875e+00
1.361754417419433594e+00
1.361645221710205078e+00
1.127941608428955078e+00
1.129746437072753906e+00
1.360941648483276367e+00
1.127826690673828125e+00
1.362170696258544922e+00
1.125418186187744141e+00
1.124962329864501953e+00
1.126466989517211914e+00
1.128798961639404297e+00
1.244946718215942383e+00
1.364102840423583984e+00
1.363394260406494141e+00
1.244105339050292969e+00
1.128941059112548828e+00
1.364066123962402344e+00
1.127950668334960938e+00
1.128666639328002930e+00
1.129238367080688477e+00
1.364499330520629883e+00
1.134151220321655273e+00
1.364160060882568359e+00
1.131179809570312500e+00
1.130147933959960938e+00
1.129392385482788086e+00
1.363868474960327148e+00
1.130709648132324219e+00
1.289343833923339844e+00
1.212108373641967773e+00
1.365396976470947266e+00
1.129684209823608398e+00
1.363443613052368164e+00
1.367990970611572266e+00
1.134877920150756836e+00
1.370384693145751953e+00
1.290566682815551758e+00
1.134143590927124023e+00
1.171027183532714844e+00
1.205702781677246094e+00
1.131005048751831055e+00
1.129993438720703125e+00
1.129443645477294922e+00
1.296596765518188477e+00
1.247353076934814453e+00
1.131331682205200195e+00
1.134077548980712891e+00
1.365428686141967773e+00
1.132509946823120117e+00
1.128506660461425781e+00
1.132115602493286133e+00
1.132863998413085938e+00
1.134955644607543945e+00
1.133344650268554688e+00
1.245675086975097656e+00
1.288746833801269531e+00
1.291287422180175781e+00
1.368036746978759766e+00
1.135549068450927734e+00
1.290415287017822266e+00
1.128770112991333008e+00
1.289092063903808594e+00
1.130162239074707031e+00
1.206026792526245117e+00
1.366626262664794922e+00
1.285758733749389648e+00
1.129481315612792969e+00
1.133610725402832031e+00
1.133742570877075195e+00
1.368981838226318359e+00
1.130350589752197266e+00
1.128917455673217773e+00
1.130404233932495117e+00
1.133645296096801758e+00
1.369913339614868164e+00
1.368516683578491211e+00
1.131218433380126953e+00
1.129849672317504883e+00
1.295426130294799805e+00
1.133836269378662109e+00
1.288868427276611328e+00
1.141591310501098633e+00
1.134226560592651367e+00
1.368927717208862305e+00
1.215368032455444336e+00
1.137404918670654297e+00
1.136267662048339844e+00
1.248975753784179688e+00
1.135274171829223633e+00
1.251532077789306641e+00
1.134960412979125977e+00
1.133603334426879883e+00
1.132329225540161133e+00
1.133687734603881836e+00
1.368222475051879883e+00
1.133450269699096680e+00
1.360554456710815430e+00
1.133709192276000977e+00
1.144970655441284180e+00
1.168268203735351562e+00
1.135780572891235352e+00
1.249062538146972656e+00
1.133614540100097656e+00
1.135380744934082031e+00
1.292961120605468750e+00
1.253572940826416016e+00
1.251375198364257812e+00
1.182142019271850586e+00
1.252461910247802734e+00
1.134215831756591797e+00
1.130664110183715820e+00
1.134459733963012695e+00
1.295196294784545898e+00
