7.315607070922851562e-01
6.994686126708984375e-01
6.846227645874023438e-01
6.854238510131835938e-01
7.725567817687988281e-01
6.700465679168701172e-01
6.777024269104003906e-01
6.782095432281494141e-01
6.721456050872802734e-01
6.721065044403076172e-01
6.694328784942626953e-01
6.900007724761962891e-01
6.730723381042480469e-01
6.596553325653076172e-01
6.853094100952148438e-01
6.778013706207275391e-01
7.604317665100097656e-01
6.756474971771240234e-01
6.690442562103271484e-01
6.574804782867431641e-01
6.679389476776123047e-01
6.702306270599365234e-01
6.709194183349609375e-01
6.781911849975585938e-01
6.838674545288085938e-01
6.751327514648437500e-01
6.616897583007812500e-01
6.709442138671875000e-01
6.615591049194335938e-01
6.669416427612304688e-01
6.716651916503906250e-01
6.665234565734863281e-01
6.664247512817382812e-01
6.640958786010742188e-01
6.743516921997070312e-01
7.668104171752929688e-01
6.722273826599121094e-01
6.804232597351074219e-01
6.764972209930419922e-01
6.684520244598388672e-01
6.673393249511718750e-01
6.637060642242431641e-01
6.644966602325439453e-01
6.781270503997802734e-01
6.733369827270507812e-01
6.746251583099365234e-01
6.864063739776611328e-01
7.684142589569091797e-01
6.689875125885009766e-01
6.702818870544433594e-01
6.680474281311035156e-01
6.729297637939453125e-01
6.740050315856933594e-01
6.753776073455810547e-01
6.743962764739990234e-01
6.716806888580322266e-01
6.630899906158447266e-01
6.887774467468261719e-01
6.725239753723144531e-01
6.634905338287353516e-01
6.702134609222412109e-01
6.770689487457275391e-01
6.716935634613037109e-01
6.781208515167236328e-01
6.744639873504638672e-01
6.704559326171875000e-01
7.515592575073242188e-01
6.724960803985595703e-01
6.709325313568115234e-01
6.786887645721435547e-01
6.685068607330322266e-01
6.708500385284423828e-01
6.700093746185302734e-01
6.720366477966308594e-01
6.732742786407470703e-01
6.605818271636962891e-01
6.709334850311279297e-01
6.732447147369384766e-01
6.619369983673095703e-01
6.692597866058349609e-01
6.846232414245605469e-01
6.647372245788574219e-01
6.690323352813720703e-01
6.770346164703369141e-01
6.644854545593261719e-01
6.698689460754394531e-01
6.709344387054443359e-01
6.676180362701416016e-01
6.666500568389892578e-01
7.608635425567626953e-01
6.650385856628417969e-01
6.670632362365722656e-01
6.728260517120361328e-01
6.727595329284667969e-01
6.614189147949218750e-01
6.710460186004638672e-01
6.810691356658935547e-01
6.663150787353515625e-01
6.706826686859130859e-01
6.668283939361572266e-01
6.604001522064208984e-01
6.625509262084960938e-01
6.667129993438720703e-01
6.549575328826904297e-01
6.667737960815429688e-01
6.724674701690673828e-01
6.562471389770507812e-01
6.664972305297851562e-01
6.706755161285400391e-01
6.626136302947998047e-01
6.749784946441650391e-01
6.862721443176269531e-01
6.679048538208007812e-01
6.704971790313720703e-01
6.706509590148925781e-01
6.824717521667480469e-01
6.617596149444580078e-01
6.648561954498291016e-01
6.656844615936279297e-01
6.637821197509765625e-01
6.642079353332519531e-01
6.709432601928710938e-01
6.588203907012939453e-01
6.631486415863037109e-01
6.729855537414550781e-01
6.691458225250244141e-01
6.733164787292480469e-01
6.783654689788818359e-01
6.699240207672119141e-01
6.632783412933349609e-01
6.785838603973388672e-01
6.631679534912109375e-01
6.702446937561035156e-01
6.702058315277099609e-01
6.644978523254394531e-01
6.659488677978515625e-01
6.880879402160644531e-01
6.731288433074951172e-01
6.623990535736083984e-01
6.769247055053710938e-01
6.846199035644531250e-01
6.607706546783447266e-01
6.689267158508300781e-01
6.701357364654541016e-01
6.626834869384765625e-01
6.666731834411621094e-01
6.781373023986816406e-01
6.598572731018066406e-01
6.667518615722656250e-01
6.775381565093994141e-01
6.637256145477294922e-01
6.701648235321044922e-01
6.864573955535888672e-01
7.665274143218994141e-01
6.715471744537353516e-01
6.710023880004882812e-01
6.735293865203857422e-01
6.687467098236083984e-01
6.772427558898925781e-01
6.672465801239013672e-01
6.575579643249511719e-01
6.714034080505371094e-01
6.717023849487304688e-01
6.616561412811279297e-01
6.727728843688964844e-01
7.706608772277832031e-01
6.673192977905273438e-01
6.716299057006835938e-01
6.818239688873291016e-01
6.631710529327392578e-01
6.675136089324951172e-01
6.867177486419677734e-01
6.644864082336425781e-01
6.724691390991210938e-01
6.873979568481445312e-01
6.730587482452392578e-01
6.663970947265625000e-01
7.669692039489746094e-01
6.725027561187744141e-01
6.628262996673583984e-01
6.728248596191406250e-01
6.741456985473632812e-01
6.592035293579101562e-01
6.777091026306152344e-01
6.726701259613037109e-01
6.687335968017578125e-01
6.804585456848144531e-01
6.741530895233154297e-01
6.618921756744384766e-01
6.728961467742919922e-01
7.670366764068603516e-01
6.681821346282958984e-01
6.872019767761230469e-01
6.772732734680175781e-01
6.626527309417724609e-01
6.749053001403808594e-01
6.783530712127685547e-01
6.664927005767822266e-01
6.702556610107421875e-01
6.757023334503173828e-01
