7.315561771392822266e-01
6.994810104370117188e-01
6.846239566802978516e-01
6.854217052459716797e-01
7.725579738616943359e-01
6.700479984283447266e-01
6.777076721191406250e-01
6.782119274139404297e-01
6.721348762512207031e-01
6.721255779266357422e-01
6.694345474243164062e-01
6.900172233581542969e-01
6.730785369873046875e-01
6.596312522888183594e-01
6.852989196777343750e-01
6.777923107147216797e-01
7.604341506958007812e-01
6.756370067596435547e-01
6.690468788146972656e-01
6.574931144714355469e-01
6.679410934448242188e-01
6.702260971069335938e-01
6.709234714508056641e-01
6.781921386718750000e-01
6.838614940643310547e-01
6.751220226287841797e-01
6.616649627685546875e-01
6.709325313568115234e-01
6.615521907806396484e-01
6.669335365295410156e-01
6.716778278350830078e-01
6.665024757385253906e-01
6.664047241210937500e-01
6.640844345092773438e-01
6.743409633636474609e-01
7.668154239654541016e-01
6.722419261932373047e-01
6.804313659667968750e-01
6.765019893646240234e-01
6.684470176696777344e-01
6.673243045806884766e-01
6.637079715728759766e-01
6.644792556762695312e-01
6.781051158905029297e-01
6.733291149139404297e-01
6.746106147766113281e-01
6.864080429077148438e-01
7.684111595153808594e-01
6.689865589141845703e-01
6.702947616577148438e-01
6.680383682250976562e-01
6.729335784912109375e-01
6.740064620971679688e-01
6.753733158111572266e-01
6.743698120117187500e-01
6.716749668121337891e-01
6.630635261535644531e-01
6.887743473052978516e-01
6.725275516510009766e-01
6.634654998779296875e-01
6.702032089233398438e-01
6.770718097686767578e-01
6.716771125793457031e-01
6.781218051910400391e-01
6.744544506072998047e-01
6.704492568969726562e-01
7.515635490417480469e-01
6.724851131439208984e-01
6.709463596343994141e-01
6.786935329437255859e-01
6.685218811035156250e-01
6.708514690399169922e-01
6.700091361999511719e-01
6.720402240753173828e-01
6.732888221740722656e-01
6.605932712554931641e-01
6.709392070770263672e-01
6.732442378997802734e-01
6.619307994842529297e-01
6.692581176757812500e-01
6.846246719360351562e-01
6.647284030914306641e-01
6.690258979797363281e-01
6.770310401916503906e-01
6.644783020019531250e-01
6.698684692382812500e-01
6.709480285644531250e-01
6.676101684570312500e-01
6.666414737701416016e-01
7.608680725097656250e-01
6.650416851043701172e-01
6.670596599578857422e-01
6.728503704071044922e-01
6.727752685546875000e-01
6.614243984222412109e-01
6.710500717163085938e-01
6.810686588287353516e-01
6.663165092468261719e-01
6.707022190093994141e-01
6.668529510498046875e-01
6.604137420654296875e-01
6.625630855560302734e-01
6.667153835296630859e-01
6.549596786499023438e-01
6.667766571044921875e-01
6.724693775177001953e-01
6.562471389770507812e-01
6.665027141571044922e-01
6.706874370574951172e-01
6.626050472259521484e-01
6.749808788299560547e-01
6.862735748291015625e-01
6.678907871246337891e-01
6.704983711242675781e-01
6.706655025482177734e-01
6.824741363525390625e-01
6.617405414581298828e-01
6.648695468902587891e-01
6.656789779663085938e-01
6.637871265411376953e-01
6.642222404479980469e-01
6.709346771240234375e-01
6.588091850280761719e-01
6.631388664245605469e-01
6.729862689971923828e-01
6.691482067108154297e-01
6.733181476593017578e-01
6.783733367919921875e-01
6.699278354644775391e-01
6.632707118988037109e-01
6.785855293273925781e-01
6.631648540496826172e-01
6.702501773834228516e-01
6.702079772949218750e-01
6.644906997680664062e-01
6.659626960754394531e-01
6.880905628204345703e-01
6.731355190277099609e-01
6.623973846435546875e-01
6.769235134124755859e-01
6.846199035644531250e-01
6.607644557952880859e-01
6.689293384552001953e-01
6.701493263244628906e-01
6.626768112182617188e-01
6.666738986968994141e-01
6.781587600708007812e-01
6.598379611968994141e-01
6.667585372924804688e-01
6.775472164154052734e-01
6.637179851531982422e-01
6.701688766479492188e-01
6.864542961120605469e-01
7.665188312530517578e-01
6.715476512908935547e-01
6.710176467895507812e-01
6.735303401947021484e-01
6.687455177307128906e-01
6.772437095642089844e-01
6.672453880310058594e-01
6.575505733489990234e-01
6.714038848876953125e-01
6.716878414154052734e-01
6.616692543029785156e-01
6.727774143218994141e-01
7.706754207611083984e-01
6.673243045806884766e-01
6.716337203979492188e-01
6.818222999572753906e-01
6.631641387939453125e-01
6.675069332122802734e-01
6.867129802703857422e-01
6.644785404205322266e-01
6.724689006805419922e-01
6.874053478240966797e-01
6.730594635009765625e-01
6.663959026336669922e-01
7.669732570648193359e-01
6.724789142608642578e-01
6.628460884094238281e-01
6.728487014770507812e-01
6.741607189178466797e-01
6.592061519622802734e-01
6.777222156524658203e-01
6.726632118225097656e-01
6.687355041503906250e-01
6.804594993591308594e-01
6.741456985473632812e-01
6.618745326995849609e-01
6.728844642639160156e-01
7.670288085937500000e-01
6.681826114654541016e-01
6.872024536132812500e-01
6.772646903991699219e-01
6.626460552215576172e-01
6.749067306518554688e-01
6.783463954925537109e-01
6.664803028106689453e-01
6.702678203582763672e-01
6.757123470306396484e-01
