4.479908704757690430e+00
1.101938009262084961e+00
1.106178045272827148e+00
1.104337215423583984e+00
1.104689121246337891e+00
1.100228548049926758e+00
1.101400613784790039e+00
1.099748611450195312e+00
1.103528022766113281e+00
1.106840610504150391e+00
1.103775739669799805e+00
1.105913877487182617e+00
1.108648538589477539e+00
1.106099128723144531e+00
1.103143692016601562e+00
1.103770256042480469e+00
1.106894969940185547e+00
1.105529069900512695e+00
1.106230735778808594e+00
1.106575727462768555e+00
1.106262445449829102e+00
1.107081174850463867e+00
1.108820438385009766e+00
1.111420392990112305e+00
1.109567403793334961e+00
1.111536979675292969e+00
1.113562107086181641e+00
1.109408617019653320e+00
1.113197803497314453e+00
1.112961292266845703e+00
1.113684415817260742e+00
1.118286848068237305e+00
1.116044759750366211e+00
1.116240501403808594e+00
1.119544029235839844e+00
1.115176677703857422e+00
1.120019197463989258e+00
1.124367952346801758e+00
1.118658065795898438e+00
1.115622997283935547e+00
1.113764047622680664e+00
1.111542224884033203e+00
1.115436315536499023e+00
1.117532014846801758e+00
1.118931531906127930e+00
1.118381977081298828e+00
1.121064186096191406e+00
1.122068881988525391e+00
1.123800277709960938e+00
1.118904113769531250e+00
1.123439788818359375e+00
1.121575117111206055e+00
1.125439643859863281e+00
1.122676610946655273e+00
1.129862070083618164e+00
1.120831727981567383e+00
1.118376016616821289e+00
1.115247011184692383e+00
1.120228767395019531e+00
1.120365142822265625e+00
1.118093490600585938e+00
1.117086648941040039e+00
1.118706703186035156e+00
1.142941713333129883e+00
1.127145767211914062e+00
1.123634815216064453e+00
1.122239351272583008e+00
1.119114875793457031e+00
1.118113517761230469e+00
1.119177103042602539e+00
1.118938446044921875e+00
1.122385501861572266e+00
1.119870662689208984e+00
1.121471405029296875e+00
1.121788501739501953e+00
1.121137142181396484e+00
1.127253293991088867e+00
1.120803833007812500e+00
1.121824741363525391e+00
1.121515512466430664e+00
1.124811172485351562e+00
1.122282028198242188e+00
1.123337268829345703e+00
1.125915765762329102e+00
1.120478153228759766e+00
1.123509645462036133e+00
1.125903367996215820e+00
1.118460893630981445e+00
1.122867345809936523e+00
1.124517917633056641e+00
1.125926494598388672e+00
1.123429775238037109e+00
1.124102830886840820e+00
1.124199628829956055e+00
1.121572732925415039e+00
1.125396013259887695e+00
1.122229099273681641e+00
1.120681524276733398e+00
1.120230674743652344e+00
1.120031833648681641e+00
1.126521825790405273e+00
1.137537240982055664e+00
1.124343395233154297e+00
1.121413230895996094e+00
1.128611803054809570e+00
1.132287979125976562e+00
1.125839710235595703e+00
1.127895832061767578e+00
1.127822875976562500e+00
1.130714893341064453e+00
1.129401445388793945e+00
1.128013610839843750e+00
1.126956462860107422e+00
1.123183250427246094e+00
1.124397039413452148e+00
1.123933315277099609e+00
1.124133825302124023e+00
1.128696680068969727e+00
1.128587007522583008e+00
1.123024225234985352e+00
1.130110502243041992e+00
1.129869222640991211e+00
1.138950824737548828e+00
1.124982833862304688e+00
1.137964487075805664e+00
1.148644685745239258e+00
1.124665021896362305e+00
1.132828474044799805e+00
1.128204584121704102e+00
1.132283449172973633e+00
1.127196550369262695e+00
1.127728462219238281e+00
1.127248048782348633e+00
1.125756025314331055e+00
1.130572080612182617e+00
1.126826286315917969e+00
1.126356840133666992e+00
1.126817464828491211e+00
1.128446578979492188e+00
1.131169319152832031e+00
1.133600711822509766e+00
1.126573324203491211e+00
1.126685142517089844e+00
1.127954244613647461e+00
1.126344919204711914e+00
1.128616809844970703e+00
1.138009786605834961e+00
1.127136945724487305e+00
1.126065969467163086e+00
1.132925748825073242e+00
1.128882884979248047e+00
1.126235008239746094e+00
1.127960920333862305e+00
1.127403974533081055e+00
1.132858514785766602e+00
1.138278484344482422e+00
1.128710985183715820e+00
1.131871700286865234e+00
1.135462045669555664e+00
1.131846666336059570e+00
1.132154464721679688e+00
1.129743814468383789e+00
1.127580881118774414e+00
1.129970788955688477e+00
1.133558750152587891e+00
1.153970479965209961e+00
1.126450538635253906e+00
1.126473426818847656e+00
1.130455017089843750e+00
1.132193088531494141e+00
1.130941390991210938e+00
1.129092454910278320e+00
1.134073019027709961e+00
1.133556127548217773e+00
1.132859230041503906e+00
1.130684375762939453e+00
1.128510236740112305e+00
1.130587577819824219e+00
1.134621620178222656e+00
1.128055095672607422e+00
1.129573345184326172e+00
1.131062030792236328e+00
1.132444143295288086e+00
1.131360292434692383e+00
1.131742954254150391e+00
1.134257078170776367e+00
1.128279209136962891e+00
1.131858110427856445e+00
1.141388416290283203e+00
1.133052349090576172e+00
1.130140066146850586e+00
1.148168802261352539e+00
1.126828193664550781e+00
1.133726119995117188e+00
1.131776571273803711e+00
1.132857322692871094e+00
1.136638164520263672e+00
1.134691715240478516e+00
1.128093957901000977e+00
1.129298210144042969e+00
