7.315537929534912109e-01
6.994807720184326172e-01
6.846241950988769531e-01
6.854169368743896484e-01
7.725560665130615234e-01
6.700530052185058594e-01
6.777000427246093750e-01
6.782112121582031250e-01
6.721315383911132812e-01
6.721127033233642578e-01
6.694331169128417969e-01
6.900014877319335938e-01
6.730771064758300781e-01
6.596302986145019531e-01
6.853070259094238281e-01
6.777918338775634766e-01
7.604370117187500000e-01
6.756322383880615234e-01
6.690337657928466797e-01
6.574921607971191406e-01
6.679410934448242188e-01
6.702234745025634766e-01
6.709213256835937500e-01
6.781909465789794922e-01
6.838624477386474609e-01
6.751215457916259766e-01
6.616640090942382812e-01
6.709296703338623047e-01
6.615324020385742188e-01
6.669359207153320312e-01
6.716780662536621094e-01
6.665000915527343750e-01
6.664052009582519531e-01
6.640825271606445312e-01
6.743381023406982422e-01
7.668061256408691406e-01
6.722447872161865234e-01
6.804292201995849609e-01
6.764914989471435547e-01
6.684451103210449219e-01
6.673212051391601562e-01
6.637036800384521484e-01
6.644787788391113281e-01
6.781053543090820312e-01
6.733114719390869141e-01
6.746108531951904297e-01
6.864073276519775391e-01
7.684090137481689453e-01
6.689865589141845703e-01
6.702907085418701172e-01
6.680386066436767578e-01
6.729311943054199219e-01
6.740057468414306641e-01
6.753735542297363281e-01
6.743671894073486328e-01
6.716721057891845703e-01
6.630635261535644531e-01
6.887755393981933594e-01
6.725277900695800781e-01
6.634654998779296875e-01
6.702020168304443359e-01
6.770699024200439453e-01
6.716763973236083984e-01
6.781206130981445312e-01
6.744523048400878906e-01
6.704492568969726562e-01
7.515618801116943359e-01
6.724836826324462891e-01
6.709287166595458984e-01
6.786935329437255859e-01
6.685237884521484375e-01
6.708512306213378906e-01
6.699976921081542969e-01
6.720407009124755859e-01
6.732819080352783203e-01
6.605949401855468750e-01
6.709396839141845703e-01
6.732411384582519531e-01
6.619317531585693359e-01
6.692578792572021484e-01
6.846225261688232422e-01
6.647300720214843750e-01
6.690232753753662109e-01
6.770298480987548828e-01
6.644735336303710938e-01
6.698622703552246094e-01
6.709499359130859375e-01
6.675906181335449219e-01
6.666388511657714844e-01
7.608683109283447266e-01
6.650314331054687500e-01
6.670577526092529297e-01
6.728506088256835938e-01
6.727569103240966797e-01
6.614241600036621094e-01
6.710441112518310547e-01
6.810703277587890625e-01
6.663143634796142578e-01
6.706986427307128906e-01
6.668500900268554688e-01
6.604137420654296875e-01
6.625592708587646484e-01
6.667151451110839844e-01
6.549592018127441406e-01
6.667752265930175781e-01
6.724679470062255859e-01
6.562309265136718750e-01
6.664931774139404297e-01
6.706871986389160156e-01
6.625869274139404297e-01
6.749811172485351562e-01
6.862726211547851562e-01
6.678752899169921875e-01
6.704990863800048828e-01
6.706612110137939453e-01
6.824698448181152344e-01
6.617350578308105469e-01
6.648702621459960938e-01
6.656694412231445312e-01
6.637859344482421875e-01
6.642236709594726562e-01
6.709365844726562500e-01
6.588099002838134766e-01
6.631367206573486328e-01
6.729841232299804688e-01
6.691453456878662109e-01
6.733229160308837891e-01
6.783733367919921875e-01
6.699125766754150391e-01
6.632678508758544922e-01
6.785829067230224609e-01
6.631619930267333984e-01
6.702504158020019531e-01
6.702072620391845703e-01
6.644833087921142578e-01
6.659610271453857422e-01
6.880891323089599609e-01
6.731278896331787109e-01
6.623976230621337891e-01
6.769220829010009766e-01
6.846344470977783203e-01
6.607644557952880859e-01
6.689300537109375000e-01
6.701533794403076172e-01
6.626768112182617188e-01
6.666743755340576172e-01
6.781568527221679688e-01
6.598379611968994141e-01
6.667563915252685547e-01
6.775524616241455078e-01
6.637189388275146484e-01
6.701679229736328125e-01
6.864507198333740234e-01
7.665164470672607422e-01
6.715497970581054688e-01
6.710190773010253906e-01
6.735315322875976562e-01
6.687438488006591797e-01
6.772444248199462891e-01
6.672401428222656250e-01
6.575512886047363281e-01
6.714022159576416016e-01
6.716880798339843750e-01
6.616699695587158203e-01
6.727762222290039062e-01
7.706768512725830078e-01
6.673223972320556641e-01
6.716334819793701172e-01
6.818184852600097656e-01
6.631619930267333984e-01
6.675055027008056641e-01
6.867129802703857422e-01
6.644763946533203125e-01
6.724691390991210938e-01
6.874003410339355469e-01
6.730570793151855469e-01
6.663954257965087891e-01
7.669711112976074219e-01
6.724748611450195312e-01
6.628451347351074219e-01
6.728501319885253906e-01
6.741664409637451172e-01
6.591992378234863281e-01
6.777231693267822266e-01
6.726472377777099609e-01
6.687405109405517578e-01
6.804602146148681641e-01
6.741375923156738281e-01
6.618721485137939453e-01
6.728820800781250000e-01
7.670278549194335938e-01
6.681563854217529297e-01
6.872022151947021484e-01
6.772577762603759766e-01
6.626248359680175781e-01
6.749041080474853516e-01
6.783480644226074219e-01
6.664569377899169922e-01
6.702637672424316406e-01
6.757063865661621094e-01
