2.399449348449707031e-01
2.271308898925781250e-01
2.311468124389648438e-01
2.411625385284423828e-01
2.399265766143798828e-01
2.370588779449462891e-01
2.348604202270507812e-01
2.326836585998535156e-01
2.355477809906005859e-01
2.346475124359130859e-01
2.355759143829345703e-01
2.339138984680175781e-01
3.099992275238037109e-01
2.287602424621582031e-01
2.289817333221435547e-01
2.361161708831787109e-01
2.359671592712402344e-01
2.343268394470214844e-01
2.358758449554443359e-01
2.328736782073974609e-01
2.335197925567626953e-01
2.315435409545898438e-01
2.347662448883056641e-01
2.328634262084960938e-01
2.362029552459716797e-01
2.331078052520751953e-01
2.332074642181396484e-01
2.378699779510498047e-01
2.334656715393066406e-01
2.343559265136718750e-01
2.350208759307861328e-01
2.359421253204345703e-01
2.346005439758300781e-01
2.355465888977050781e-01
2.348573207855224609e-01
2.348020076751708984e-01
2.354085445404052734e-01
2.358295917510986328e-01
2.348625659942626953e-01
2.337391376495361328e-01
2.275927066802978516e-01
2.350237369537353516e-01
2.380795478820800781e-01
2.313473224639892578e-01
2.516655921936035156e-01
2.369534969329833984e-01
2.383294105529785156e-01
2.353055477142333984e-01
2.664279937744140625e-01
2.401051521301269531e-01
2.308423519134521484e-01
2.427871227264404297e-01
3.419442176818847656e-01
2.460982799530029297e-01
2.382359504699707031e-01
2.272913455963134766e-01
2.834105491638183594e-01
2.369854450225830078e-01
2.356314659118652344e-01
3.729426860809326172e-01
2.350070476531982422e-01
2.302148342132568359e-01
2.310738563537597656e-01
2.381205558776855469e-01
2.339529991149902344e-01
2.329063415527343750e-01
2.348687648773193359e-01
2.345023155212402344e-01
2.337467670440673828e-01
2.331089973449707031e-01
2.377181053161621094e-01
2.340359687805175781e-01
2.358582019805908203e-01
2.354848384857177734e-01
2.346634864807128906e-01
2.360725402832031250e-01
2.694098949432373047e-01
3.498046398162841797e-01
2.353742122650146484e-01
3.149688243865966797e-01
2.372403144836425781e-01
2.340867519378662109e-01
2.897517681121826172e-01
2.367696762084960938e-01
2.361989021301269531e-01
2.906253337860107422e-01
2.393577098846435547e-01
2.359678745269775391e-01
2.366211414337158203e-01
2.354369163513183594e-01
2.799763679504394531e-01
2.365844249725341797e-01
2.374906539916992188e-01
2.355921268463134766e-01
2.346975803375244141e-01
2.449641227722167969e-01
2.397053241729736328e-01
2.359941005706787109e-01
2.359626293182373047e-01
2.368743419647216797e-01
2.417120933532714844e-01
2.543652057647705078e-01
2.368416786193847656e-01
2.776145935058593750e-01
2.651419639587402344e-01
2.354691028594970703e-01
2.384960651397705078e-01
2.267928123474121094e-01
2.388162612915039062e-01
2.363369464874267578e-01
2.389166355133056641e-01
2.375380992889404297e-01
2.354941368103027344e-01
2.360017299652099609e-01
3.142509460449218750e-01
2.389159202575683594e-01
2.356381416320800781e-01
2.342898845672607422e-01
2.348916530609130859e-01
2.374694347381591797e-01
2.372272014617919922e-01
2.354969978332519531e-01
2.367901802062988281e-01
2.371368408203125000e-01
2.389700412750244141e-01
2.393946647644042969e-01
2.554705142974853516e-01
2.379748821258544922e-01
3.176453113555908203e-01
2.367606163024902344e-01
2.377116680145263672e-01
2.381577491760253906e-01
3.543155193328857422e-01
2.367546558380126953e-01
2.392640113830566406e-01
2.906510829925537109e-01
2.360460758209228516e-01
2.373337745666503906e-01
2.385582923889160156e-01
2.352306842803955078e-01
2.851524353027343750e-01
2.386174201965332031e-01
2.363188266754150391e-01
2.355473041534423828e-01
2.441079616546630859e-01
3.696150779724121094e-01
3.113880157470703125e-01
2.412803173065185547e-01
3.309836387634277344e-01
2.343556880950927734e-01
2.373783588409423828e-01
2.346725463867187500e-01
2.371039390563964844e-01
2.356305122375488281e-01
2.298610210418701172e-01
2.380104064941406250e-01
2.572329044342041016e-01
2.384929656982421875e-01
2.400279045104980469e-01
2.806925773620605469e-01
2.380356788635253906e-01
2.361810207366943359e-01
2.366006374359130859e-01
2.344346046447753906e-01
2.473092079162597656e-01
2.418150901794433594e-01
2.395341396331787109e-01
2.352268695831298828e-01
2.374486923217773438e-01
2.323977947235107422e-01
2.311282157897949219e-01
2.383608818054199219e-01
2.384583950042724609e-01
2.349951267242431641e-01
2.246997356414794922e-01
3.016364574432373047e-01
2.403354644775390625e-01
2.359070777893066406e-01
2.383453845977783203e-01
2.383158206939697266e-01
2.490818500518798828e-01
2.361960411071777344e-01
2.372722625732421875e-01
2.356364727020263672e-01
2.371730804443359375e-01
2.325191497802734375e-01
2.372241020202636719e-01
2.479481697082519531e-01
2.364256381988525391e-01
2.378306388854980469e-01
2.367718219757080078e-01
2.388408184051513672e-01
2.375826835632324219e-01
2.476356029510498047e-01
2.290298938751220703e-01
2.370071411132812500e-01
2.368564605712890625e-01
2.341470718383789062e-01
2.358582019805908203e-01
2.348785400390625000e-01
