2.399513721466064453e-01
2.271356582641601562e-01
2.311532497406005859e-01
2.411603927612304688e-01
2.399284839630126953e-01
2.370593547821044922e-01
2.348580360412597656e-01
2.326827049255371094e-01
2.355439662933349609e-01
2.346570491790771484e-01
2.355782985687255859e-01
2.339181900024414062e-01
3.100001811981201172e-01
2.287631034851074219e-01
2.289853096008300781e-01
2.361123561859130859e-01
2.359662055969238281e-01
2.343246936798095703e-01
2.358767986297607422e-01
2.328674793243408203e-01
2.335171699523925781e-01
2.315416336059570312e-01
2.347705364227294922e-01
2.328665256500244141e-01
2.362015247344970703e-01
2.331178188323974609e-01
2.332110404968261719e-01
2.378659248352050781e-01
2.334673404693603516e-01
2.343661785125732422e-01
2.350294589996337891e-01
2.359373569488525391e-01
2.346112728118896484e-01
2.355494499206542969e-01
2.348563671112060547e-01
2.348001003265380859e-01
2.354061603546142578e-01
2.358305454254150391e-01
2.348601818084716797e-01
2.337455749511718750e-01
2.275962829589843750e-01
2.350237369537353516e-01
2.380774021148681641e-01
2.313482761383056641e-01
2.516663074493408203e-01
2.369577884674072266e-01
2.383265495300292969e-01
2.353017330169677734e-01
2.664215564727783203e-01
2.401158809661865234e-01
2.308471202850341797e-01
2.427973747253417969e-01
3.419554233551025391e-01
2.460966110229492188e-01
2.382378578186035156e-01
2.273011207580566406e-01
2.834105491638183594e-01
2.369863986968994141e-01
2.356300354003906250e-01
3.729424476623535156e-01
2.350065708160400391e-01
2.302191257476806641e-01
2.310762405395507812e-01
2.381179332733154297e-01
2.339510917663574219e-01
2.329027652740478516e-01
2.348723411560058594e-01
2.345120906829833984e-01
2.337493896484375000e-01
2.331085205078125000e-01
2.377154827117919922e-01
2.340395450592041016e-01
2.358591556549072266e-01
2.354726791381835938e-01
2.346620559692382812e-01
2.360672950744628906e-01
2.453365325927734375e-01
3.498101234436035156e-01
2.353692054748535156e-01
3.149731159210205078e-01
2.372303009033203125e-01
2.340819835662841797e-01
2.897548675537109375e-01
2.367670536041259766e-01
2.362000942230224609e-01
2.906274795532226562e-01
2.393507957458496094e-01
2.359702587127685547e-01
2.366154193878173828e-01
2.354300022125244141e-01
2.799863815307617188e-01
2.365849018096923828e-01
2.374894618988037109e-01
2.355926036834716797e-01
2.347016334533691406e-01
2.369344234466552734e-01
2.397050857543945312e-01
2.359931468963623047e-01
2.359638214111328125e-01
2.368702888488769531e-01
2.417087554931640625e-01
2.543685436248779297e-01
2.368404865264892578e-01
2.679345607757568359e-01
2.622425556182861328e-01
2.354731559753417969e-01
2.384955883026123047e-01
2.267999649047851562e-01
2.388172149658203125e-01
2.363357543945312500e-01
2.389163970947265625e-01
2.375359535217285156e-01
2.354986667633056641e-01
2.359998226165771484e-01
3.142557144165039062e-01
2.389221191406250000e-01
2.356352806091308594e-01
2.342953681945800781e-01
2.348921298980712891e-01
2.374701499938964844e-01
2.372224330902099609e-01
2.355086803436279297e-01
2.367975711822509766e-01
2.371435165405273438e-01
2.389724254608154297e-01
2.393932342529296875e-01
2.444365024566650391e-01
2.379703521728515625e-01
3.176496028900146484e-01
2.367501258850097656e-01
2.377109527587890625e-01
2.381520271301269531e-01
3.543088436126708984e-01
2.367596626281738281e-01
2.392539978027343750e-01
3.013286590576171875e-01
2.360427379608154297e-01
2.373325824737548828e-01
2.385580539703369141e-01
2.352318763732910156e-01
2.851548194885253906e-01
2.386198043823242188e-01
2.363212108612060547e-01
2.355449199676513672e-01
2.441153526306152344e-01
3.696143627166748047e-01
3.113865852355957031e-01
2.253561019897460938e-01
3.309867382049560547e-01
2.343497276306152344e-01
2.373790740966796875e-01
2.346789836883544922e-01
2.371184825897216797e-01
2.356417179107666016e-01
2.298653125762939453e-01
2.380065917968750000e-01
2.572164535522460938e-01
2.384912967681884766e-01
2.400183677673339844e-01
2.807028293609619141e-01
2.380423545837402344e-01
2.361748218536376953e-01
2.365987300872802734e-01
2.344367504119873047e-01
2.473087310791015625e-01
2.418234348297119141e-01
2.395348548889160156e-01
2.352263927459716797e-01
2.374489307403564453e-01
2.324075698852539062e-01
2.311329841613769531e-01
2.383673191070556641e-01
2.384600639343261719e-01
2.350001335144042969e-01
2.246918678283691406e-01
3.016452789306640625e-01
2.403340339660644531e-01
2.359056472778320312e-01
2.383439540863037109e-01
2.383182048797607422e-01
2.261991500854492188e-01
2.361950874328613281e-01
2.372767925262451172e-01
2.356386184692382812e-01
2.371790409088134766e-01
2.325179576873779297e-01
2.372229099273681641e-01
2.479541301727294922e-01
2.364242076873779297e-01
2.378454208374023438e-01
2.367658615112304688e-01
2.388415336608886719e-01
2.375872135162353516e-01
2.419047355651855469e-01
2.290341854095458984e-01
2.370092868804931641e-01
2.368645668029785156e-01
2.341437339782714844e-01
2.358636856079101562e-01
2.348732948303222656e-01
