2.399475574493408203e-01
2.271304130554199219e-01
2.311484813690185547e-01
2.411575317382812500e-01
2.399225234985351562e-01
2.370445728302001953e-01
2.348525524139404297e-01
2.326800823211669922e-01
2.355494499206542969e-01
2.346441745758056641e-01
2.355704307556152344e-01
2.339138984680175781e-01
3.099987506866455078e-01
2.287600040435791016e-01
2.289803028106689453e-01
2.361164093017578125e-01
2.359685897827148438e-01
2.343208789825439453e-01
2.358605861663818359e-01
2.328729629516601562e-01
2.335119247436523438e-01
2.315406799316406250e-01
2.347657680511474609e-01
2.328619956970214844e-01
2.362022399902343750e-01
2.331080436706542969e-01
2.332067489624023438e-01
2.378706932067871094e-01
2.334678173065185547e-01
2.343566417694091797e-01
2.350227832794189453e-01
2.359435558319091797e-01
2.346019744873046875e-01
2.355444431304931641e-01
2.348566055297851562e-01
2.348003387451171875e-01
2.354133129119873047e-01
2.358212471008300781e-01
2.348699569702148438e-01
2.337243556976318359e-01
2.275917530059814453e-01
2.350234985351562500e-01
2.380788326263427734e-01
2.313456535339355469e-01
2.371976375579833984e-01
2.369563579559326172e-01
2.383308410644531250e-01
2.353117465972900391e-01
2.417223453521728516e-01
2.305686473846435547e-01
2.308478355407714844e-01
2.276313304901123047e-01
3.419394493103027344e-01
2.461009025573730469e-01
2.382323741912841797e-01
2.272930145263671875e-01
2.574796676635742188e-01
2.370004653930664062e-01
2.356297969818115234e-01
3.573586940765380859e-01
2.350029945373535156e-01
2.302062511444091797e-01
2.310745716094970703e-01
2.381191253662109375e-01
2.339520454406738281e-01
2.329061031341552734e-01
2.348678112030029297e-01
2.344918251037597656e-01
2.337489128112792969e-01
2.331135272979736328e-01
2.377221584320068359e-01
2.340369224548339844e-01
2.358577251434326172e-01
2.354733943939208984e-01
2.346673011779785156e-01
2.360706329345703125e-01
2.694089412689208984e-01
3.498063087463378906e-01
2.353694438934326172e-01
2.953102588653564453e-01
2.372355461120605469e-01
2.340908050537109375e-01
2.647709846496582031e-01
2.367694377899169922e-01
2.361991405487060547e-01
2.795598506927490234e-01
2.393584251403808594e-01
2.359681129455566406e-01
2.366254329681396484e-01
2.354540824890136719e-01
2.799768447875976562e-01
2.365887165069580078e-01
2.374825477600097656e-01
2.355909347534179688e-01
2.347006797790527344e-01
2.449719905853271484e-01
2.397079467773437500e-01
2.359974384307861328e-01
2.359542846679687500e-01
2.368841171264648438e-01
2.417049407958984375e-01
2.543666362762451172e-01
2.368454933166503906e-01
2.776119709014892578e-01
2.651410102844238281e-01
2.354745864868164062e-01
2.384996414184570312e-01
2.267985343933105469e-01
2.388234138488769531e-01
2.363386154174804688e-01
2.389261722564697266e-01
2.375388145446777344e-01
2.354967594146728516e-01
2.359972000122070312e-01
3.142523765563964844e-01
2.389197349548339844e-01
2.356383800506591797e-01
2.342860698699951172e-01
2.348763942718505859e-01
2.374567985534667969e-01
2.372286319732666016e-01
2.355015277862548828e-01
2.367932796478271484e-01
2.371418476104736328e-01
2.389781475067138672e-01
2.393989562988281250e-01
2.554771900177001953e-01
2.379782199859619141e-01
3.176500797271728516e-01
2.367618083953857422e-01
2.377068996429443359e-01
2.381496429443359375e-01
3.271696567535400391e-01
2.367541790008544922e-01
2.392621040344238281e-01
2.906496524810791016e-01
2.360498905181884766e-01
2.373273372650146484e-01
2.385630607604980469e-01
2.352321147918701172e-01
2.607750892639160156e-01
2.386221885681152344e-01
2.363185882568359375e-01
2.355594635009765625e-01
2.441103458404541016e-01
3.696153163909912109e-01
3.113794326782226562e-01
2.412908077239990234e-01
3.162086009979248047e-01
2.343404293060302734e-01
2.373790740966796875e-01
2.346739768981933594e-01
2.371079921722412109e-01
2.356190681457519531e-01
2.298610210418701172e-01
2.380189895629882812e-01
2.572262287139892578e-01
2.384927272796630859e-01
2.400310039520263672e-01
2.806901931762695312e-01
2.380363941192626953e-01
2.361826896667480469e-01
2.365994453430175781e-01
2.344338893890380859e-01
2.331223487854003906e-01
2.418172359466552734e-01
2.395370006561279297e-01
2.352252006530761719e-01
2.374501228332519531e-01
2.323975563049316406e-01
2.311275005340576172e-01
2.383649349212646484e-01
2.384569644927978516e-01
2.349944114685058594e-01
2.247018814086914062e-01
3.016331195831298828e-01
2.403244972229003906e-01
2.359168529510498047e-01
2.383437156677246094e-01
2.383182048797607422e-01
2.490820884704589844e-01
2.361986637115478516e-01
2.372691631317138672e-01
2.356357574462890625e-01
2.371840476989746094e-01
2.325263023376464844e-01
2.372229099273681641e-01
2.479496002197265625e-01
2.364256381988525391e-01
2.378320693969726562e-01
2.367780208587646484e-01
2.388405799865722656e-01
2.375848293304443359e-01
2.476363182067871094e-01
2.290298938751220703e-01
2.370057106018066406e-01
2.369976043701171875e-01
2.341504096984863281e-01
2.358670234680175781e-01
2.348818778991699219e-01
