2.389552831649780273e+00
7.591359615325927734e-01
7.584011554718017578e-01
7.627854347229003906e-01
7.580454349517822266e-01
7.575373649597167969e-01
7.607636451721191406e-01
7.621824741363525391e-01
7.582082748413085938e-01
7.631521224975585938e-01
7.615864276885986328e-01
7.734045982360839844e-01
7.591004371643066406e-01
7.607743740081787109e-01
7.588376998901367188e-01
7.565956115722656250e-01
7.579574584960937500e-01
7.621455192565917969e-01
7.611215114593505859e-01
7.602021694183349609e-01
7.599751949310302734e-01
7.618241310119628906e-01
7.628829479217529297e-01
7.611556053161621094e-01
7.650721073150634766e-01
7.613129615783691406e-01
7.639384269714355469e-01
7.696979045867919922e-01
7.678358554840087891e-01
7.839856147766113281e-01
7.703599929809570312e-01
7.842278480529785156e-01
7.762455940246582031e-01
7.909524440765380859e-01
7.691202163696289062e-01
7.699382305145263672e-01
7.921726703643798828e-01
7.743394374847412109e-01
7.864072322845458984e-01
7.736623287200927734e-01
8.008062839508056641e-01
7.708470821380615234e-01
7.742691040039062500e-01
7.678227424621582031e-01
7.688403129577636719e-01
7.888174057006835938e-01
7.727732658386230469e-01
7.919037342071533203e-01
7.703344821929931641e-01
7.916238307952880859e-01
7.698566913604736328e-01
7.667520046234130859e-01
7.651090621948242188e-01
7.665035724639892578e-01
7.679650783538818359e-01
7.668020725250244141e-01
7.667093276977539062e-01
7.696139812469482422e-01
7.685859203338623047e-01
7.670259475708007812e-01
7.646296024322509766e-01
7.689135074615478516e-01
7.713658809661865234e-01
7.660701274871826172e-01
7.633299827575683594e-01
7.706816196441650391e-01
7.687659263610839844e-01
7.727501392364501953e-01
7.680273056030273438e-01
7.691354751586914062e-01
7.675292491912841797e-01
7.717907428741455078e-01
7.681226730346679688e-01
7.698681354522705078e-01
7.695405483245849609e-01
7.815339565277099609e-01
7.695744037628173828e-01
7.723581790924072266e-01
7.683825492858886719e-01
7.712454795837402344e-01
7.712593078613281250e-01
7.721581459045410156e-01
7.706267833709716797e-01
7.693915367126464844e-01
7.710514068603515625e-01
7.855861186981201172e-01
7.751665115356445312e-01
7.776610851287841797e-01
7.979171276092529297e-01
7.805204391479492188e-01
8.096423149108886719e-01
7.802593708038330078e-01
8.095843791961669922e-01
7.827575206756591797e-01
7.780473232269287109e-01
7.864205837249755859e-01
7.714393138885498047e-01
7.785902023315429688e-01
7.729215621948242188e-01
7.715289592742919922e-01
7.730274200439453125e-01
7.730500698089599609e-01
7.744271755218505859e-01
8.007609844207763672e-01
7.735307216644287109e-01
7.959406375885009766e-01
7.869377136230468750e-01
7.735109329223632812e-01
7.724974155426025391e-01
7.690842151641845703e-01
7.722377777099609375e-01
7.722661495208740234e-01
7.699816226959228516e-01
7.699859142303466797e-01
7.775957584381103516e-01
7.801470756530761719e-01
7.692599296569824219e-01
7.727525234222412109e-01
7.728910446166992188e-01
7.735981941223144531e-01
7.718944549560546875e-01
7.730381488800048828e-01
7.710931301116943359e-01
7.734863758087158203e-01
7.729096412658691406e-01
7.763974666595458984e-01
7.739109992980957031e-01
7.744326591491699219e-01
8.012287616729736328e-01
8.093423843383789062e-01
7.712161540985107422e-01
7.710323333740234375e-01
7.720417976379394531e-01
7.720515727996826172e-01
8.970897197723388672e-01
8.093497753143310547e-01
7.854535579681396484e-01
7.757372856140136719e-01
7.700517177581787109e-01
7.738878726959228516e-01
7.704799175262451172e-01
7.731304168701171875e-01
7.908704280853271484e-01
7.834677696228027344e-01
8.048055171966552734e-01
7.799253463745117188e-01
8.167479038238525391e-01
7.827980518341064453e-01
8.006069660186767578e-01
7.821648120880126953e-01
8.031644821166992188e-01
7.809982299804687500e-01
8.125243186950683594e-01
7.843627929687500000e-01
8.023750782012939453e-01
7.873775959014892578e-01
8.036127090454101562e-01
7.846448421478271484e-01
8.102719783782958984e-01
7.837963104248046875e-01
8.072807788848876953e-01
7.849261760711669922e-01
8.175961971282958984e-01
7.865934371948242188e-01
8.014910221099853516e-01
7.843449115753173828e-01
8.040928840637207031e-01
7.798907756805419922e-01
7.769308090209960938e-01
7.733290195465087891e-01
7.989645004272460938e-01
7.820169925689697266e-01
7.970790863037109375e-01
7.827332019805908203e-01
8.084843158721923828e-01
7.841277122497558594e-01
7.751746177673339844e-01
7.684953212738037109e-01
7.701804637908935547e-01
7.697591781616210938e-01
7.738332748413085938e-01
7.743945121765136719e-01
7.691283226013183594e-01
7.720758914947509766e-01
7.786738872528076172e-01
7.768526077270507812e-01
7.711660861968994141e-01
7.669105529785156250e-01
7.779514789581298828e-01
7.722246646881103516e-01
7.721590995788574219e-01
7.718520164489746094e-01
7.734878063201904297e-01
7.727086544036865234e-01
7.702395915985107422e-01
7.746255397796630859e-01
7.710931301116943359e-01
7.756917476654052734e-01
7.723526954650878906e-01
7.931494712829589844e-01
