5.515270233154296875e-01
7.479150295257568359e-01
5.346081256866455078e-01
5.180857181549072266e-01
5.952887535095214844e-01
5.107254981994628906e-01
5.123057365417480469e-01
5.188612937927246094e-01
5.227303504943847656e-01
5.093510150909423828e-01
5.090548992156982422e-01
5.092859268188476562e-01
7.814490795135498047e-01
5.045433044433593750e-01
5.106947422027587891e-01
5.149550437927246094e-01
5.928630828857421875e-01
5.120980739593505859e-01
5.244643688201904297e-01
5.129890441894531250e-01
5.105240345001220703e-01
6.722562313079833984e-01
5.106060504913330078e-01
5.102329254150390625e-01
5.116193294525146484e-01
5.122711658477783203e-01
5.173547267913818359e-01
5.292744636535644531e-01
6.604163646697998047e-01
5.091180801391601562e-01
5.131826400756835938e-01
5.156035423278808594e-01
5.127308368682861328e-01
5.202329158782958984e-01
5.114026069641113281e-01
6.026298999786376953e-01
5.204353332519531250e-01
7.508108615875244141e-01
5.101253986358642578e-01
5.110917091369628906e-01
5.126862525939941406e-01
5.285348892211914062e-01
5.224604606628417969e-01
5.113544464111328125e-01
5.105321407318115234e-01
5.238254070281982422e-01
5.011122226715087891e-01
5.893909931182861328e-01
5.060818195343017578e-01
5.065231323242187500e-01
5.160803794860839844e-01
5.073165893554687500e-01
5.191957950592041016e-01
5.246751308441162109e-01
5.110623836517333984e-01
5.252110958099365234e-01
8.800415992736816406e-01
5.090887546539306641e-01
9.013912677764892578e-01
5.233187675476074219e-01
6.661660671234130859e-01
5.151376724243164062e-01
5.334384441375732422e-01
5.163791179656982422e-01
5.327765941619873047e-01
5.156311988830566406e-01
6.138310432434082031e-01
5.351002216339111328e-01
5.164334774017333984e-01
5.282917022705078125e-01
5.274071693420410156e-01
5.229861736297607422e-01
5.223598480224609375e-01
5.256593227386474609e-01
5.542988777160644531e-01
5.674271583557128906e-01
5.122249126434326172e-01
5.163037776947021484e-01
5.237622261047363281e-01
5.241453647613525391e-01
5.215933322906494141e-01
5.275099277496337891e-01
5.137364864349365234e-01
5.139198303222656250e-01
5.193583965301513672e-01
5.213642120361328125e-01
5.311312675476074219e-01
5.246293544769287109e-01
4.993934631347656250e-01
6.009602546691894531e-01
5.071372985839843750e-01
5.191893577575683594e-01
5.126714706420898438e-01
5.063521862030029297e-01
5.050814151763916016e-01
5.098211765289306641e-01
5.118269920349121094e-01
5.046026706695556641e-01
5.070545673370361328e-01
5.086092948913574219e-01
5.165445804595947266e-01
5.041790008544921875e-01
5.008735656738281250e-01
5.096263885498046875e-01
5.076253414154052734e-01
5.237085819244384766e-01
5.255832672119140625e-01
5.214233398437500000e-01
5.275225639343261719e-01
5.076661109924316406e-01
5.161516666412353516e-01
4.991993904113769531e-01
5.135588645935058594e-01
5.040371417999267578e-01
5.292909145355224609e-01
5.034813880920410156e-01
5.090012550354003906e-01
5.148291587829589844e-01
5.227112770080566406e-01
5.185766220092773438e-01
5.105626583099365234e-01
5.203433036804199219e-01
5.317625999450683594e-01
5.039074420928955078e-01
5.081317424774169922e-01
5.006921291351318359e-01
8.897151947021484375e-01
5.104830265045166016e-01
8.233726024627685547e-01
4.968690872192382812e-01
4.963283538818359375e-01
5.314047336578369141e-01
5.179846286773681641e-01
5.073409080505371094e-01
5.071587562561035156e-01
5.117154121398925781e-01
5.071249008178710938e-01
5.091998577117919922e-01
5.179293155670166016e-01
5.067949295043945312e-01
5.161244869232177734e-01
5.104954242706298828e-01
5.087029933929443359e-01
5.054528713226318359e-01
5.047116279602050781e-01
6.398251056671142578e-01
5.074076652526855469e-01
7.760913372039794922e-01
4.968121051788330078e-01
7.942485809326171875e-01
4.952762126922607422e-01
5.198011398315429688e-01
5.216643810272216797e-01
6.073179244995117188e-01
5.275979042053222656e-01
5.110630989074707031e-01
5.256559848785400391e-01
5.168943405151367188e-01
5.253820419311523438e-01
5.199332237243652344e-01
5.288310050964355469e-01
5.588519573211669922e-01
5.214171409606933594e-01
5.419216156005859375e-01
5.216250419616699219e-01
6.077523231506347656e-01
5.179419517517089844e-01
5.239431858062744141e-01
5.319318771362304688e-01
5.154247283935546875e-01
5.136258602142333984e-01
5.138864517211914062e-01
5.101857185363769531e-01
5.056128501892089844e-01
5.280895233154296875e-01
5.394747257232666016e-01
5.244295597076416016e-01
6.133484840393066406e-01
5.193841457366943359e-01
5.174281597137451172e-01
7.995965480804443359e-01
5.166571140289306641e-01
5.082030296325683594e-01
5.353426933288574219e-01
5.386505126953125000e-01
5.288302898406982422e-01
5.318310260772705078e-01
7.331013679504394531e-01
5.286581516265869141e-01
7.589762210845947266e-01
6.053180694580078125e-01
5.182275772094726562e-01
5.224442481994628906e-01
5.199236869812011719e-01
5.173742771148681641e-01
5.102097988128662109e-01
5.223503112792968750e-01
4.976017475128173828e-01
6.468811035156250000e-01
5.143153667449951172e-01
