2.754113674163818359e+00
7.700712680816650391e-01
8.056583404541015625e-01
7.720253467559814453e-01
7.807393074035644531e-01
7.675034999847412109e-01
7.547683715820312500e-01
7.664155960083007812e-01
7.526922225952148438e-01
8.216612339019775391e-01
7.668178081512451172e-01
7.649476528167724609e-01
7.638680934906005859e-01
7.787468433380126953e-01
7.713587284088134766e-01
7.800509929656982422e-01
7.756292819976806641e-01
7.727022171020507812e-01
7.779397964477539062e-01
7.712864875793457031e-01
7.687063217163085938e-01
7.653160095214843750e-01
7.868883609771728516e-01
7.660894393920898438e-01
7.844018936157226562e-01
7.616410255432128906e-01
7.817366123199462891e-01
7.872734069824218750e-01
7.738478183746337891e-01
7.820506095886230469e-01
7.602941989898681641e-01
7.762861251831054688e-01
7.616150379180908203e-01
7.981591224670410156e-01
7.643098831176757812e-01
8.246681690216064453e-01
8.189141750335693359e-01
7.649497985839843750e-01
7.926857471466064453e-01
7.646479606628417969e-01
7.772593498229980469e-01
7.701830863952636719e-01
7.824223041534423828e-01
7.979395389556884766e-01
7.736949920654296875e-01
7.843418121337890625e-01
7.759401798248291016e-01
7.713699340820312500e-01
7.715046405792236328e-01
7.727475166320800781e-01
7.759952545166015625e-01
7.834722995758056641e-01
7.920558452606201172e-01
7.992186546325683594e-01
7.681889533996582031e-01
7.894213199615478516e-01
7.699079513549804688e-01
7.872734069824218750e-01
7.665705680847167969e-01
7.988770008087158203e-01
7.832779884338378906e-01
7.913424968719482422e-01
7.842879295349121094e-01
7.845487594604492188e-01
7.850027084350585938e-01
8.017842769622802734e-01
7.845470905303955078e-01
8.089954853057861328e-01
7.752299308776855469e-01
7.794375419616699219e-01
8.088059425354003906e-01
7.869062423706054688e-01
7.842998504638671875e-01
7.829124927520751953e-01
7.893066406250000000e-01
8.032412528991699219e-01
8.100728988647460938e-01
7.897696495056152344e-01
8.029780387878417969e-01
7.836289405822753906e-01
8.088011741638183594e-01
7.838399410247802734e-01
8.113231658935546875e-01
7.839882373809814453e-01
8.033702373504638672e-01
7.751548290252685547e-01
8.082566261291503906e-01
7.897503376007080078e-01
8.032968044281005859e-01
7.857904434204101562e-01
8.210141658782958984e-01
7.911500930786132812e-01
8.121812343597412109e-01
7.869479656219482422e-01
8.164751529693603516e-01
7.907192707061767578e-01
8.086256980895996094e-01
7.885570526123046875e-01
8.137269020080566406e-01
7.894515991210937500e-01
8.121428489685058594e-01
7.898542881011962891e-01
8.137862682342529297e-01
7.904894351959228516e-01
8.147704601287841797e-01
7.889604568481445312e-01
8.014554977416992188e-01
7.881822586059570312e-01
8.156909942626953125e-01
7.890920639038085938e-01
7.987864017486572266e-01
7.872419357299804688e-01
8.158638477325439453e-01
7.906029224395751953e-01
8.080599308013916016e-01
7.885913848876953125e-01
8.083727359771728516e-01
7.882356643676757812e-01
7.970881462097167969e-01
7.962427139282226562e-01
8.022155761718750000e-01
8.029015064239501953e-01
8.021500110626220703e-01
8.140192031860351562e-01
7.965095043182373047e-01
7.992031574249267578e-01
7.899639606475830078e-01
8.055024147033691406e-01
7.883439064025878906e-01
8.145532608032226562e-01
7.914283275604248047e-01
8.140847682952880859e-01
7.881121635437011719e-01
8.284068107604980469e-01
8.045473098754882812e-01
8.079674243927001953e-01
7.905232906341552734e-01
8.190457820892333984e-01
7.908983230590820312e-01
8.150150775909423828e-01
8.045871257781982422e-01
8.115694522857666016e-01
8.033304214477539062e-01
8.383250236511230469e-01
8.060047626495361328e-01
7.937052249908447266e-01
8.110375404357910156e-01
7.948660850524902344e-01
8.077790737152099609e-01
7.907519340515136719e-01
8.121130466461181641e-01
8.126511573791503906e-01
8.180398941040039062e-01
7.946214675903320312e-01
8.123278617858886719e-01
7.940855026245117188e-01
7.997920513153076172e-01
7.816586494445800781e-01
8.059244155883789062e-01
7.805213928222656250e-01
8.075094223022460938e-01
7.862203121185302734e-01
8.160827159881591797e-01
7.813844680786132812e-01
8.455173969268798828e-01
7.873504161834716797e-01
8.084065914154052734e-01
8.043882846832275391e-01
7.800393104553222656e-01
7.809731960296630859e-01
7.840898036956787109e-01
7.773177623748779297e-01
7.787654399871826172e-01
7.825036048889160156e-01
8.080201148986816406e-01
7.862811088562011719e-01
8.063237667083740234e-01
7.910392284393310547e-01
8.039646148681640625e-01
7.894363403320312500e-01
8.091642856597900391e-01
7.958545684814453125e-01
7.986061573028564453e-01
7.805705070495605469e-01
7.783153057098388672e-01
8.127377033233642578e-01
8.394722938537597656e-01
7.961380481719970703e-01
8.190958499908447266e-01
7.962508201599121094e-01
7.911746501922607422e-01
7.751917839050292969e-01
7.756063938140869141e-01
7.748279571533203125e-01
7.780368328094482422e-01
7.756960391998291016e-01
7.749986648559570312e-01
8.251910209655761719e-01
7.962663173675537109e-01
7.847237586975097656e-01
