5.515034198760986328e-01
7.478857040405273438e-01
5.346045494079589844e-01
5.180411338806152344e-01
5.952856540679931641e-01
5.107195377349853516e-01
5.123009681701660156e-01
5.188567638397216797e-01
5.227289199829101562e-01
5.093352794647216797e-01
5.090382099151611328e-01
5.092709064483642578e-01
7.814462184906005859e-01
5.045413970947265625e-01
5.106909275054931641e-01
5.149443149566650391e-01
5.928387641906738281e-01
5.120759010314941406e-01
5.244455337524414062e-01
5.129687786102294922e-01
5.105121135711669922e-01
6.722552776336669922e-01
5.105881690979003906e-01
5.102286338806152344e-01
5.116209983825683594e-01
5.122711658477783203e-01
5.173544883728027344e-01
5.292716026306152344e-01
6.604096889495849609e-01
5.091130733489990234e-01
5.131790637969970703e-01
5.156030654907226562e-01
5.127100944519042969e-01
5.202369689941406250e-01
5.113985538482666016e-01
6.026332378387451172e-01
5.204212665557861328e-01
7.508089542388916016e-01
5.101213455200195312e-01
5.110630989074707031e-01
5.126798152923583984e-01
5.285329818725585938e-01
5.224473476409912109e-01
5.113248825073242188e-01
5.105316638946533203e-01
5.238292217254638672e-01
5.011129379272460938e-01
5.893640518188476562e-01
5.060801506042480469e-01
5.067336559295654297e-01
5.160825252532958984e-01
5.073189735412597656e-01
5.191776752471923828e-01
5.246593952178955078e-01
5.110313892364501953e-01
5.252046585083007812e-01
8.800241947174072266e-01
5.090787410736083984e-01
9.013524055480957031e-01
5.232996940612792969e-01
6.661505699157714844e-01
5.150973796844482422e-01
5.334358215332031250e-01
5.163676738739013672e-01
5.327680110931396484e-01
5.156331062316894531e-01
6.138336658477783203e-01
5.350902080535888672e-01
5.164253711700439453e-01
5.282967090606689453e-01
5.274033546447753906e-01
5.229725837707519531e-01
5.223598480224609375e-01
5.256633758544921875e-01
5.542778968811035156e-01
5.674088001251220703e-01
5.122117996215820312e-01
5.162842273712158203e-01
5.237691402435302734e-01
5.241425037384033203e-01
5.215761661529541016e-01
5.274960994720458984e-01
5.137236118316650391e-01
5.139069557189941406e-01
5.193374156951904297e-01
5.213649272918701172e-01
5.311219692230224609e-01
5.246303081512451172e-01
4.993898868560791016e-01
6.009600162506103516e-01
5.071325302124023438e-01
5.191805362701416016e-01
5.126612186431884766e-01
5.063371658325195312e-01
5.050771236419677734e-01
5.098092555999755859e-01
5.118150711059570312e-01
5.046062469482421875e-01
5.070505142211914062e-01
5.086011886596679688e-01
5.165317058563232422e-01
5.041806697845458984e-01
5.008487701416015625e-01
5.096268653869628906e-01
5.076215267181396484e-01
5.237050056457519531e-01
5.255794525146484375e-01
5.214202404022216797e-01
5.275156497955322266e-01
5.076467990875244141e-01
5.161504745483398438e-01
4.991965293884277344e-01
5.135531425476074219e-01
5.040378570556640625e-01
5.292882919311523438e-01
5.034830570220947266e-01
5.089857578277587891e-01
5.148303508758544922e-01
5.227143764495849609e-01
5.185863971710205078e-01
5.105428695678710938e-01
5.203344821929931641e-01
5.317580699920654297e-01
5.038805007934570312e-01
5.081326961517333984e-01
5.006918907165527344e-01
8.896896839141845703e-01
5.104641914367675781e-01
8.233630657196044922e-01
4.968676567077636719e-01
4.963123798370361328e-01
5.314133167266845703e-01
5.179924964904785156e-01
5.073385238647460938e-01
5.071427822113037109e-01
5.117149353027343750e-01
5.071220397949218750e-01
5.091850757598876953e-01
5.179309844970703125e-01
5.067925453186035156e-01
5.161423683166503906e-01
5.104961395263671875e-01
5.087018013000488281e-01
5.054521560668945312e-01
5.046989917755126953e-01
6.398229598999023438e-01
5.073974132537841797e-01
7.760903835296630859e-01
4.967989921569824219e-01
7.942445278167724609e-01
4.952869415283203125e-01
5.197918415069580078e-01
5.216643810272216797e-01
6.072914600372314453e-01
5.275962352752685547e-01
5.110394954681396484e-01
5.256555080413818359e-01
5.168921947479248047e-01
5.253844261169433594e-01
5.199341773986816406e-01
5.288326740264892578e-01
5.588140487670898438e-01
5.214173793792724609e-01
5.419116020202636719e-01
5.216171741485595703e-01
6.077568531036376953e-01
5.179395675659179688e-01
5.239164829254150391e-01
5.319328308105468750e-01
5.154075622558593750e-01
5.136241912841796875e-01
5.138700008392333984e-01
5.101885795593261719e-01
5.056116580963134766e-01
5.280938148498535156e-01
5.394680500030517578e-01
5.244293212890625000e-01
6.133456230163574219e-01
5.193839073181152344e-01
5.174279212951660156e-01
7.996025085449218750e-01
5.166575908660888672e-01
5.081837177276611328e-01
5.353527069091796875e-01
5.386390686035156250e-01
5.288293361663818359e-01
5.318133831024169922e-01
7.330877780914306641e-01
5.286605358123779297e-01
7.589793205261230469e-01
6.053218841552734375e-01
5.182297229766845703e-01
5.224378108978271484e-01
5.199172496795654297e-01
5.173766613006591797e-01
5.102121829986572266e-01
5.223546028137207031e-01
4.976041316986083984e-01
6.468665599822998047e-01
5.143163204193115234e-01
