2.594639539718627930e+00
7.742207050323486328e-01
8.046910762786865234e-01
7.731754779815673828e-01
7.908000946044921875e-01
7.783463001251220703e-01
8.003985881805419922e-01
7.762703895568847656e-01
7.885386943817138672e-01
7.781336307525634766e-01
7.783162593841552734e-01
7.957441806793212891e-01
7.755196094512939453e-01
8.048954010009765625e-01
7.778217792510986328e-01
7.912163734436035156e-01
7.777395248413085938e-01
7.947080135345458984e-01
7.887737751007080078e-01
7.778162956237792969e-01
8.022422790527343750e-01
7.773728370666503906e-01
8.042054176330566406e-01
7.787663936614990234e-01
8.184604644775390625e-01
7.822995185852050781e-01
7.848670482635498047e-01
8.079764842987060547e-01
7.888932228088378906e-01
8.067181110382080078e-01
7.900710105895996094e-01
8.077349662780761719e-01
7.884390354156494141e-01
8.135244846343994141e-01
7.909970283508300781e-01
7.901546955108642578e-01
8.173432350158691406e-01
7.945737838745117188e-01
8.085837364196777344e-01
7.925279140472412109e-01
8.216979503631591797e-01
7.952580451965332031e-01
7.868359088897705078e-01
8.136913776397705078e-01
7.899351119995117188e-01
8.082661628723144531e-01
7.912828922271728516e-01
8.118054866790771484e-01
7.895014286041259766e-01
8.108322620391845703e-01
7.915236949920654297e-01
8.147001266479492188e-01
7.844452857971191406e-01
8.155703544616699219e-01
7.933232784271240234e-01
8.140830993652343750e-01
7.909984588623046875e-01
8.176417350769042969e-01
7.900857925415039062e-01
8.151555061340332031e-01
7.855927944183349609e-01
8.136043548583984375e-01
7.905278205871582031e-01
8.203890323638916016e-01
7.851054668426513672e-01
8.268232345581054688e-01
7.901945114135742188e-01
8.249464035034179688e-01
7.907786369323730469e-01
8.117113113403320312e-01
7.884795665740966797e-01
8.121485710144042969e-01
7.901673316955566406e-01
8.138036727905273438e-01
7.933359146118164062e-01
8.042397499084472656e-01
7.989776134490966797e-01
7.971355915069580078e-01
8.088965415954589844e-01
7.904398441314697266e-01
8.268840312957763672e-01
7.929563522338867188e-01
8.186237812042236328e-01
7.937638759613037109e-01
8.069794178009033203e-01
7.946419715881347656e-01
8.135843276977539062e-01
7.952809333801269531e-01
8.121674060821533203e-01
7.933242321014404297e-01
8.262920379638671875e-01
7.955570220947265625e-01
8.224859237670898438e-01
7.983713150024414062e-01
8.116388320922851562e-01
7.957961559295654297e-01
7.969596385955810547e-01
7.900097370147705078e-01
7.887120246887207031e-01
7.904388904571533203e-01
7.905662059783935547e-01
7.902193069458007812e-01
7.894635200500488281e-01
8.136644363403320312e-01
8.295848369598388672e-01
7.970018386840820312e-01
8.217644691467285156e-01
7.925870418548583984e-01
8.089134693145751953e-01
7.912983894348144531e-01
8.176724910736083984e-01
7.940256595611572266e-01
8.109955787658691406e-01
7.930295467376708984e-01
8.217182159423828125e-01
7.937040328979492188e-01
8.081204891204833984e-01
8.185989856719970703e-01
8.147158622741699219e-01
7.941021919250488281e-01
8.072030544281005859e-01
8.056471347808837891e-01
7.948412895202636719e-01
8.269639015197753906e-01
7.926356792449951172e-01
8.215534687042236328e-01
7.957460880279541016e-01
8.234686851501464844e-01
8.077330589294433594e-01
8.423395156860351562e-01
7.940645217895507812e-01
8.310873508453369141e-01
7.960400581359863281e-01
8.283619880676269531e-01
8.115725517272949219e-01
7.830522060394287109e-01
8.131425380706787109e-01
8.212034702301025391e-01
7.935254573822021484e-01
8.051559925079345703e-01
8.001284599304199219e-01
8.037879467010498047e-01
8.105483055114746094e-01
8.020226955413818359e-01
8.226304054260253906e-01
8.029208183288574219e-01
8.361783027648925781e-01
8.036255836486816406e-01
8.182260990142822266e-01
8.016359806060791016e-01
8.224639892578125000e-01
8.028178215026855469e-01
7.850985527038574219e-01
7.819972038269042969e-01
7.866580486297607422e-01
7.867846488952636719e-01
7.849557399749755859e-01
7.863359451293945312e-01
7.849149703979492188e-01
7.812254428863525391e-01
7.833533287048339844e-01
7.814803123474121094e-01
7.876977920532226562e-01
7.837743759155273438e-01
7.830502986907958984e-01
7.883868217468261719e-01
7.840530872344970703e-01
8.067107200622558594e-01
8.296761512756347656e-01
7.995162010192871094e-01
8.141467571258544922e-01
8.008422851562500000e-01
8.143577575683593750e-01
8.000578880310058594e-01
8.244621753692626953e-01
8.007876873016357422e-01
8.374230861663818359e-01
7.964246273040771484e-01
8.333213329315185547e-01
7.965962886810302734e-01
8.242921829223632812e-01
8.222634792327880859e-01
7.967307567596435547e-01
7.991762161254882812e-01
8.206238746643066406e-01
7.979004383087158203e-01
8.307707309722900391e-01
7.930655479431152344e-01
7.981538772583007812e-01
7.926759719848632812e-01
7.916917800903320312e-01
7.901229858398437500e-01
7.960073947906494141e-01
7.902438640594482422e-01
7.887907028198242188e-01
7.931842803955078125e-01
7.885949611663818359e-01
7.938699722290039062e-01
7.887892723083496094e-01
7.964265346527099609e-01
