2.304043769836425781e-01
2.368903160095214844e-01
2.397029399871826172e-01
2.363584041595458984e-01
2.284271717071533203e-01
2.264661788940429688e-01
2.307415008544921875e-01
2.285678386688232422e-01
2.294595241546630859e-01
2.262086868286132812e-01
2.395651340484619141e-01
2.387895584106445312e-01
3.080575466156005859e-01
2.346878051757812500e-01
2.347431182861328125e-01
2.364597320556640625e-01
2.388820648193359375e-01
2.333369255065917969e-01
2.325448989868164062e-01
2.365999221801757812e-01
2.348031997680664062e-01
2.323069572448730469e-01
2.337985038757324219e-01
2.324764728546142578e-01
2.363882064819335938e-01
2.361156940460205078e-01
2.358927726745605469e-01
2.372617721557617188e-01
2.376747131347656250e-01
2.372233867645263672e-01
2.274887561798095703e-01
2.595255374908447266e-01
2.331292629241943359e-01
2.252781391143798828e-01
2.370665073394775391e-01
2.350635528564453125e-01
2.268190383911132812e-01
2.350518703460693359e-01
2.351202964782714844e-01
2.373518943786621094e-01
2.351019382476806641e-01
2.527065277099609375e-01
2.364306449890136719e-01
2.337939739227294922e-01
2.348620891571044922e-01
2.341904640197753906e-01
2.344622611999511719e-01
2.392389774322509766e-01
2.342004776000976562e-01
2.346620559692382812e-01
2.340066432952880859e-01
2.381253242492675781e-01
2.320158481597900391e-01
2.345592975616455078e-01
2.408580780029296875e-01
2.361369132995605469e-01
2.331485748291015625e-01
2.400929927825927734e-01
2.364225387573242188e-01
2.301871776580810547e-01
2.362067699432373047e-01
2.364907264709472656e-01
2.344794273376464844e-01
2.357337474822998047e-01
2.358121871948242188e-01
2.339787483215332031e-01
2.277851104736328125e-01
2.360799312591552734e-01
2.376067638397216797e-01
2.355959415435791016e-01
2.348258495330810547e-01
2.378177642822265625e-01
2.394790649414062500e-01
2.368457317352294922e-01
2.352416515350341797e-01
2.365560531616210938e-01
2.346277236938476562e-01
3.128159046173095703e-01
2.358868122100830078e-01
3.109185695648193359e-01
2.375941276550292969e-01
2.351903915405273438e-01
2.367837429046630859e-01
2.339603900909423828e-01
2.397229671478271484e-01
2.332692146301269531e-01
2.395386695861816406e-01
2.382986545562744141e-01
2.571141719818115234e-01
2.288796901702880859e-01
2.354779243469238281e-01
2.291357517242431641e-01
2.392902374267578125e-01
2.385456562042236328e-01
2.367801666259765625e-01
2.287011146545410156e-01
2.260437011718750000e-01
2.319087982177734375e-01
2.387819290161132812e-01
2.396907806396484375e-01
2.379117012023925781e-01
2.353255748748779297e-01
2.264580726623535156e-01
2.371127605438232422e-01
3.012831211090087891e-01
2.375941276550292969e-01
2.355949878692626953e-01
2.370462417602539062e-01
2.279462814331054688e-01
2.368464469909667969e-01
2.364816665649414062e-01
2.318947315216064453e-01
2.351043224334716797e-01
2.370545864105224609e-01
2.291781902313232422e-01
2.400565147399902344e-01
2.369899749755859375e-01
2.402119636535644531e-01
2.376289367675781250e-01
2.376427650451660156e-01
2.440724372863769531e-01
2.380764484405517578e-01
2.350559234619140625e-01
2.371373176574707031e-01
2.369096279144287109e-01
2.366120815277099609e-01
2.523558139801025391e-01
2.388155460357666016e-01
2.368886470794677734e-01
2.297363281250000000e-01
2.355020046234130859e-01
2.342746257781982422e-01
2.367362976074218750e-01
2.355225086212158203e-01
2.333004474639892578e-01
2.342896461486816406e-01
2.485265731811523438e-01
2.370574474334716797e-01
2.357254028320312500e-01
2.337181568145751953e-01
2.402558326721191406e-01
2.332334518432617188e-01
2.334706783294677734e-01
2.338733673095703125e-01
2.299518585205078125e-01
2.316126823425292969e-01
3.031358718872070312e-01
2.273430824279785156e-01
2.250568866729736328e-01
2.407710552215576172e-01
2.430214881896972656e-01
2.381629943847656250e-01
2.423927783966064453e-01
2.391629219055175781e-01
2.365806102752685547e-01
2.400655746459960938e-01
2.390699386596679688e-01
2.356767654418945312e-01
2.399876117706298828e-01
2.348647117614746094e-01
2.366228103637695312e-01
2.385711669921875000e-01
2.369792461395263672e-01
2.346189022064208984e-01
2.413012981414794922e-01
2.397966384887695312e-01
2.351238727569580078e-01
2.290544509887695312e-01
2.355227470397949219e-01
2.376277446746826172e-01
2.365272045135498047e-01
2.419507503509521484e-01
2.278230190277099609e-01
2.351963520050048828e-01
2.298200130462646484e-01
2.394104003906250000e-01
2.398824691772460938e-01
2.382752895355224609e-01
2.391941547393798828e-01
2.369525432586669922e-01
2.313456535339355469e-01
2.359807491302490234e-01
2.395281791687011719e-01
2.355446815490722656e-01
2.386028766632080078e-01
2.412471771240234375e-01
2.357311248779296875e-01
3.144166469573974609e-01
2.301275730133056641e-01
2.262287139892578125e-01
2.407970428466796875e-01
2.447001934051513672e-01
2.396852970123291016e-01
2.426981925964355469e-01
2.405574321746826172e-01
2.410857677459716797e-01
2.390944957733154297e-01
2.420594692230224609e-01
2.405388355255126953e-01
2.394752502441406250e-01
