2.304024696350097656e-01
2.368936538696289062e-01
2.397148609161376953e-01
2.363760471343994141e-01
2.284431457519531250e-01
2.264750003814697266e-01
2.307512760162353516e-01
2.285766601562500000e-01
2.294716835021972656e-01
2.262246608734130859e-01
2.395768165588378906e-01
2.387781143188476562e-01
3.080592155456542969e-01
2.347025871276855469e-01
2.347407341003417969e-01
2.364594936370849609e-01
2.389051914215087891e-01
2.333326339721679688e-01
2.325465679168701172e-01
2.366111278533935547e-01
2.348001003265380859e-01
2.323095798492431641e-01
2.337992191314697266e-01
2.324826717376708984e-01
2.364025115966796875e-01
2.361133098602294922e-01
2.358920574188232422e-01
2.372672557830810547e-01
2.376582622528076172e-01
2.372210025787353516e-01
2.274971008300781250e-01
2.595124244689941406e-01
2.331278324127197266e-01
2.252852916717529297e-01
2.370469570159912109e-01
2.350664138793945312e-01
2.268402576446533203e-01
2.350406646728515625e-01
2.351224422454833984e-01
2.373645305633544922e-01
2.350869178771972656e-01
2.527294158935546875e-01
2.364397048950195312e-01
2.337989807128906250e-01
2.348914146423339844e-01
2.341947555541992188e-01
2.344555854797363281e-01
2.392604351043701172e-01
2.342004776000976562e-01
2.346658706665039062e-01
2.340207099914550781e-01
2.381155490875244141e-01
2.320163249969482422e-01
2.345678806304931641e-01
2.327315807342529297e-01
2.361268997192382812e-01
2.331566810607910156e-01
2.400796413421630859e-01
2.364442348480224609e-01
2.301940917968750000e-01
2.362041473388671875e-01
2.365133762359619141e-01
2.344830036163330078e-01
2.357296943664550781e-01
2.358229160308837891e-01
2.339842319488525391e-01
2.277832031250000000e-01
2.360866069793701172e-01
2.376108169555664062e-01
2.355861663818359375e-01
2.348353862762451172e-01
2.378230094909667969e-01
2.394795417785644531e-01
2.368481159210205078e-01
2.352383136749267578e-01
2.365732192993164062e-01
2.346303462982177734e-01
3.128092288970947266e-01
2.359015941619873047e-01
3.109223842620849609e-01
2.375876903533935547e-01
2.352025508880615234e-01
2.367923259735107422e-01
2.339544296264648438e-01
2.397146224975585938e-01
2.332739830017089844e-01
2.395370006561279297e-01
2.382991313934326172e-01
2.571234703063964844e-01
2.289063930511474609e-01
2.354779243469238281e-01
2.291390895843505859e-01
2.392914295196533203e-01
2.385435104370117188e-01
2.367870807647705078e-01
2.287125587463378906e-01
2.260508537292480469e-01
2.318999767303466797e-01
2.387800216674804688e-01
2.396841049194335938e-01
2.379360198974609375e-01
2.353348731994628906e-01
2.264661788940429688e-01
2.371194362640380859e-01
3.012945652008056641e-01
2.375917434692382812e-01
2.355883121490478516e-01
2.370450496673583984e-01
2.279629707336425781e-01
2.368390560150146484e-01
2.364699840545654297e-01
2.319166660308837891e-01
2.351016998291015625e-01
2.370593547821044922e-01
2.291889190673828125e-01
2.400581836700439453e-01
2.369978427886962891e-01
2.402255535125732422e-01
2.376306056976318359e-01
2.376589775085449219e-01
2.440640926361083984e-01
2.380778789520263672e-01
2.350761890411376953e-01
2.371432781219482422e-01
2.369098663330078125e-01
2.366142272949218750e-01
2.523486614227294922e-01
2.388145923614501953e-01
2.368888854980468750e-01
2.297179698944091797e-01
2.355122566223144531e-01
2.342777252197265625e-01
2.367255687713623047e-01
2.355465888977050781e-01
2.333085536956787109e-01
2.342848777770996094e-01
2.485361099243164062e-01
2.370657920837402344e-01
2.357356548309326172e-01
2.337269783020019531e-01
2.402546405792236328e-01
2.332451343536376953e-01
2.334787845611572266e-01
2.338631153106689453e-01
2.299847602844238281e-01
2.316157817840576172e-01
3.031249046325683594e-01
2.273600101470947266e-01
2.250671386718750000e-01
2.407746315002441406e-01
2.430293560028076172e-01
2.381722927093505859e-01
2.423951625823974609e-01
2.391722202301025391e-01
2.365791797637939453e-01
2.400979995727539062e-01
2.390685081481933594e-01
2.356593608856201172e-01
2.399861812591552734e-01
2.348659038543701172e-01
2.366113662719726562e-01
2.385740280151367188e-01
2.369794845581054688e-01
2.346265316009521484e-01
2.413003444671630859e-01
2.397944927215576172e-01
2.351322174072265625e-01
2.290689945220947266e-01
2.355189323425292969e-01
2.376375198364257812e-01
2.365303039550781250e-01
2.419655323028564453e-01
2.278332710266113281e-01
2.352008819580078125e-01
2.298202514648437500e-01
2.394020557403564453e-01
2.398865222930908203e-01
2.382767200469970703e-01
2.391991615295410156e-01
2.369585037231445312e-01
2.313432693481445312e-01
2.359850406646728516e-01
2.395312786102294922e-01
2.355530261993408203e-01
2.386105060577392578e-01
2.412576675415039062e-01
2.357363700866699219e-01
3.144214153289794922e-01
2.301459312438964844e-01
2.262363433837890625e-01
2.408103942871093750e-01
2.446994781494140625e-01
2.396855354309082031e-01
2.427003383636474609e-01
2.405502796173095703e-01
2.410833835601806641e-01
2.390983104705810547e-01
2.420511245727539062e-01
2.405445575714111328e-01
2.394652366638183594e-01
