2.303903102874755859e-01
2.368831634521484375e-01
2.396900653839111328e-01
2.363502979278564453e-01
2.284297943115234375e-01
2.264606952667236328e-01
2.307295799255371094e-01
2.285618782043457031e-01
2.294445037841796875e-01
2.262017726898193359e-01
2.395620346069335938e-01
2.387838363647460938e-01
3.080549240112304688e-01
2.346808910369873047e-01
2.347383499145507812e-01
2.364549636840820312e-01
2.388899326324462891e-01
2.333333492279052734e-01
2.325539588928222656e-01
2.366056442260742188e-01
2.348010540008544922e-01
2.323093414306640625e-01
2.337937355041503906e-01
2.324748039245605469e-01
2.364072799682617188e-01
2.361166477203369141e-01
2.358913421630859375e-01
2.372620105743408203e-01
2.376747131347656250e-01
2.372257709503173828e-01
2.274942398071289062e-01
2.595229148864746094e-01
2.331264019012451172e-01
2.252800464630126953e-01
2.370622158050537109e-01
2.350564002990722656e-01
2.268161773681640625e-01
2.350456714630126953e-01
2.351322174072265625e-01
2.373647689819335938e-01
2.350997924804687500e-01
2.527105808258056641e-01
2.363426685333251953e-01
2.338030338287353516e-01
2.348833084106445312e-01
2.341909408569335938e-01
2.344641685485839844e-01
2.354435920715332031e-01
2.341949939727783203e-01
2.346708774566650391e-01
2.340209484100341797e-01
2.381191253662109375e-01
2.320244312286376953e-01
2.345657348632812500e-01
2.408530712127685547e-01
2.361388206481933594e-01
2.331464290618896484e-01
2.400875091552734375e-01
2.364354133605957031e-01
2.301585674285888672e-01
2.361974716186523438e-01
2.365086078643798828e-01
2.344779968261718750e-01
2.357366085052490234e-01
2.358136177062988281e-01
2.339677810668945312e-01
2.277779579162597656e-01
2.360787391662597656e-01
2.375905513763427734e-01
2.355906963348388672e-01
2.348282337188720703e-01
2.378039360046386719e-01
2.394795417785644531e-01
2.368488311767578125e-01
2.352416515350341797e-01
2.365713119506835938e-01
2.346296310424804688e-01
3.128094673156738281e-01
2.358930110931396484e-01
3.109021186828613281e-01
2.375955581665039062e-01
2.351970672607421875e-01
2.367722988128662109e-01
2.339718341827392578e-01
2.397322654724121094e-01
2.332584857940673828e-01
2.395527362823486328e-01
2.382986545562744141e-01
2.571160793304443359e-01
2.288887500762939453e-01
2.354779243469238281e-01
2.291328907012939453e-01
2.392921447753906250e-01
2.385413646697998047e-01
2.367794513702392578e-01
2.286963462829589844e-01
2.260372638702392578e-01
2.318854331970214844e-01
2.387790679931640625e-01
2.396726608276367188e-01
2.379276752471923828e-01
2.353255748748779297e-01
2.264378070831298828e-01
2.371194362640380859e-01
3.012864589691162109e-01
2.375860214233398438e-01
2.356038093566894531e-01
2.370419502258300781e-01
2.279393672943115234e-01
2.368471622467041016e-01
2.364804744720458984e-01
2.319025993347167969e-01
2.351007461547851562e-01
2.370512485504150391e-01
2.291760444641113281e-01
2.400584220886230469e-01
2.369909286499023438e-01
2.402162551879882812e-01
2.376306056976318359e-01
2.376325130462646484e-01
2.440717220306396484e-01
2.380790710449218750e-01
2.350597381591796875e-01
2.371344566345214844e-01
2.369086742401123047e-01
2.366187572479248047e-01
2.394814491271972656e-01
2.388126850128173828e-01
2.368893623352050781e-01
2.297439575195312500e-01
2.355008125305175781e-01
2.342691421508789062e-01
2.367310523986816406e-01
2.355151176452636719e-01
2.332999706268310547e-01
2.342944145202636719e-01
2.485270500183105469e-01
2.370586395263671875e-01
2.357287406921386719e-01
2.337214946746826172e-01
2.402579784393310547e-01
2.332315444946289062e-01
2.334661483764648438e-01
2.338683605194091797e-01
2.299590110778808594e-01
2.316079139709472656e-01
3.031313419342041016e-01
2.273151874542236328e-01
2.250535488128662109e-01
2.407734394073486328e-01
2.430222034454345703e-01
2.381658554077148438e-01
2.423985004425048828e-01
2.391610145568847656e-01
2.365820407867431641e-01
2.400884628295898438e-01
2.390701770782470703e-01
2.356755733489990234e-01
2.399830818176269531e-01
2.348630428314208984e-01
2.366216182708740234e-01
2.385678291320800781e-01
2.369778156280517578e-01
2.346332073211669922e-01
2.412970066070556641e-01
2.397913932800292969e-01
2.351222038269042969e-01
2.290441989898681641e-01
2.355239391326904297e-01
2.378187179565429688e-01
2.365238666534423828e-01
2.419652938842773438e-01
2.277979850769042969e-01
2.351911067962646484e-01
2.298150062561035156e-01
2.394039630889892578e-01
2.398877143859863281e-01
2.382757663726806641e-01
2.391855716705322266e-01
2.369532585144042969e-01
2.313482761383056641e-01
2.359924316406250000e-01
2.395412921905517578e-01
2.355403900146484375e-01
2.386038303375244141e-01
2.412526607513427734e-01
2.357299327850341797e-01
3.144204616546630859e-01
2.301285266876220703e-01
2.262172698974609375e-01
2.408063411712646484e-01
2.446987628936767578e-01
2.396786212921142578e-01
2.426993846893310547e-01
2.405531406402587891e-01
2.410888671875000000e-01
2.390949726104736328e-01
2.420334815979003906e-01
2.405426502227783203e-01
2.394824028015136719e-01
