2.304048538208007812e-01
2.368772029876708984e-01
2.397005558013916016e-01
2.363557815551757812e-01
2.284305095672607422e-01
2.264680862426757812e-01
2.307360172271728516e-01
2.285714149475097656e-01
2.294588088989257812e-01
2.262129783630371094e-01
2.395756244659423828e-01
2.387886047363281250e-01
3.080492019653320312e-01
2.346978187561035156e-01
2.347505092620849609e-01
2.364642620086669922e-01
2.388939857482910156e-01
2.333343029022216797e-01
2.325425148010253906e-01
2.366046905517578125e-01
2.348055839538574219e-01
2.323100566864013672e-01
2.337989807128906250e-01
2.324757575988769531e-01
2.363975048065185547e-01
2.361173629760742188e-01
2.359035015106201172e-01
2.372677326202392578e-01
2.376728057861328125e-01
2.372262477874755859e-01
2.275040149688720703e-01
2.595243453979492188e-01
2.331278324127197266e-01
2.252781391143798828e-01
2.370755672454833984e-01
2.350707054138183594e-01
2.268185615539550781e-01
2.350525856018066406e-01
2.351200580596923828e-01
2.373533248901367188e-01
2.350990772247314453e-01
2.601034641265869141e-01
2.364277839660644531e-01
2.337989807128906250e-01
2.348885536193847656e-01
2.341959476470947266e-01
2.344732284545898438e-01
2.392604351043701172e-01
2.342047691345214844e-01
2.346658706665039062e-01
2.340097427368164062e-01
2.381324768066406250e-01
2.320170402526855469e-01
2.345607280731201172e-01
2.408723831176757812e-01
2.361438274383544922e-01
2.331449985504150391e-01
2.401006221771240234e-01
2.364327907562255859e-01
2.301850318908691406e-01
2.362031936645507812e-01
2.365119457244873047e-01
2.344806194305419922e-01
2.357392311096191406e-01
2.358145713806152344e-01
2.339820861816406250e-01
2.277817726135253906e-01
2.360875606536865234e-01
2.376039028167724609e-01
2.355973720550537109e-01
2.348299026489257812e-01
2.378199100494384766e-01
2.394883632659912109e-01
2.368474006652832031e-01
2.352259159088134766e-01
2.365715503692626953e-01
2.346312999725341797e-01
3.128125667572021484e-01
2.358970642089843750e-01
3.109190464019775391e-01
2.376060485839843750e-01
2.351963520050048828e-01
2.367923259735107422e-01
2.339661121368408203e-01
2.397286891937255859e-01
2.332570552825927734e-01
2.395634651184082031e-01
2.383089065551757812e-01
2.330625057220458984e-01
2.288947105407714844e-01
2.354819774627685547e-01
2.291367053985595703e-01
2.393016815185546875e-01
2.385580539703369141e-01
2.367861270904541016e-01
2.287137508392333984e-01
2.260427474975585938e-01
2.319109439849853516e-01
2.387967109680175781e-01
2.396991252899169922e-01
2.379331588745117188e-01
2.353363037109375000e-01
2.264537811279296875e-01
2.371180057525634766e-01
3.012905120849609375e-01
2.376074790954589844e-01
2.355997562408447266e-01
2.370610237121582031e-01
2.279469966888427734e-01
2.368485927581787109e-01
2.364928722381591797e-01
2.319061756134033203e-01
2.351062297821044922e-01
2.370579242706298828e-01
2.291769981384277344e-01
2.400650978088378906e-01
2.369780540466308594e-01
2.402224540710449219e-01
2.376348972320556641e-01
2.376403808593750000e-01
2.440865039825439453e-01
2.380840778350830078e-01
2.350749969482421875e-01
2.371318340301513672e-01
2.369225025177001953e-01
2.366154193878173828e-01
2.523689270019531250e-01
2.388203144073486328e-01
2.369046211242675781e-01
2.297399044036865234e-01
2.355000972747802734e-01
2.342832088470458984e-01
2.367386817932128906e-01
2.355279922485351562e-01
2.333025932312011719e-01
2.343029975891113281e-01
2.485301494598388672e-01
2.370676994323730469e-01
2.357368469238281250e-01
2.337279319763183594e-01
2.402698993682861328e-01
2.332403659820556641e-01
2.334794998168945312e-01
2.338795661926269531e-01
2.299659252166748047e-01
2.316157817840576172e-01
3.031411170959472656e-01
2.273409366607666016e-01
2.250590324401855469e-01
2.407803535461425781e-01
2.430269718170166016e-01
2.381703853607177734e-01
2.423963546752929688e-01
2.391788959503173828e-01
2.365875244140625000e-01
2.400908470153808594e-01
2.390806674957275391e-01
2.356808185577392578e-01
2.399857044219970703e-01
2.348656654357910156e-01
2.366209030151367188e-01
2.385666370391845703e-01
2.369740009307861328e-01
2.346351146697998047e-01
2.413096427917480469e-01
2.397971153259277344e-01
2.351317405700683594e-01
2.290558815002441406e-01
2.355260848999023438e-01
2.378103733062744141e-01
2.365238666534423828e-01
2.419636249542236328e-01
2.278184890747070312e-01
2.351992130279541016e-01
2.298200130462646484e-01
2.394175529479980469e-01
2.398815155029296875e-01
2.382798194885253906e-01
2.391977310180664062e-01
2.369573116302490234e-01
2.313501834869384766e-01
2.359788417816162109e-01
2.395472526550292969e-01
2.355465888977050781e-01
2.386076450347900391e-01
2.412588596343994141e-01
2.357399463653564453e-01
3.144228458404541016e-01
2.301287651062011719e-01
2.262234687805175781e-01
2.408175468444824219e-01
2.447085380554199219e-01
2.396948337554931641e-01
2.427101135253906250e-01
2.405562400817871094e-01
2.410891056060791016e-01
2.390992641448974609e-01
2.420659065246582031e-01
2.405476570129394531e-01
2.394764423370361328e-01
