2.836912631988525391e+00
1.118215322494506836e+00
1.104048013687133789e+00
1.103738784790039062e+00
1.101908922195434570e+00
1.103070497512817383e+00
1.104559421539306641e+00
1.105594158172607422e+00
1.104507684707641602e+00
1.114269018173217773e+00
1.107859849929809570e+00
1.109290838241577148e+00
1.102474212646484375e+00
1.106076240539550781e+00
1.103116035461425781e+00
1.106015920639038086e+00
1.106489419937133789e+00
1.104838609695434570e+00
1.107079505920410156e+00
1.105074644088745117e+00
1.105801820755004883e+00
1.109444379806518555e+00
1.110273122787475586e+00
1.111431837081909180e+00
1.109128952026367188e+00
1.113204717636108398e+00
1.110336065292358398e+00
1.104325056076049805e+00
1.108570814132690430e+00
1.107487678527832031e+00
1.108292818069458008e+00
1.106226921081542969e+00
1.109429597854614258e+00
1.109198093414306641e+00
1.108495950698852539e+00
1.112710952758789062e+00
1.109765291213989258e+00
1.113226890563964844e+00
1.112737894058227539e+00
1.113630533218383789e+00
1.109323978424072266e+00
1.109742164611816406e+00
1.110208272933959961e+00
1.107846260070800781e+00
1.113299608230590820e+00
1.113519430160522461e+00
1.114135980606079102e+00
1.115073204040527344e+00
1.112501859664916992e+00
1.117439508438110352e+00
1.116330146789550781e+00
1.116915941238403320e+00
1.118646383285522461e+00
1.121634721755981445e+00
1.114780187606811523e+00
1.115291357040405273e+00
1.114307403564453125e+00
1.116832256317138672e+00
1.118254423141479492e+00
1.114337921142578125e+00
1.116437911987304688e+00
1.114459514617919922e+00
1.110898017883300781e+00
1.120384216308593750e+00
1.117759466171264648e+00
1.119572162628173828e+00
1.121067762374877930e+00
1.122095584869384766e+00
1.115791320800781250e+00
1.118028402328491211e+00
1.117562294006347656e+00
1.128018140792846680e+00
1.117326974868774414e+00
1.136005163192749023e+00
1.116127014160156250e+00
1.112625360488891602e+00
1.117911815643310547e+00
1.118473052978515625e+00
1.118474006652832031e+00
1.116230249404907227e+00
1.114770412445068359e+00
1.068474531173706055e+00
1.088747262954711914e+00
1.067623138427734375e+00
1.061814308166503906e+00
1.063132524490356445e+00
1.065608501434326172e+00
1.068001031875610352e+00
1.063857555389404297e+00
1.067810058593750000e+00
1.067990779876708984e+00
1.077026605606079102e+00
1.066765308380126953e+00
1.072594642639160156e+00
1.105599403381347656e+00
1.065834283828735352e+00
1.068166732788085938e+00
1.064437627792358398e+00
1.061145305633544922e+00
1.063640832901000977e+00
1.070421218872070312e+00
1.065618991851806641e+00
1.059738874435424805e+00
1.059523582458496094e+00
1.081835031509399414e+00
1.238266944885253906e+00
1.203490734100341797e+00
1.067700386047363281e+00
1.067056417465209961e+00
1.071432828903198242e+00
1.065664768218994141e+00
1.064024209976196289e+00
1.065683126449584961e+00
1.064468145370483398e+00
1.065568447113037109e+00
1.066584348678588867e+00
1.062338113784790039e+00
1.071657896041870117e+00
1.069987058639526367e+00
1.064107418060302734e+00
1.065006732940673828e+00
1.073948621749877930e+00
1.151948451995849609e+00
1.204550027847290039e+00
1.105311155319213867e+00
1.057214975357055664e+00
1.063982009887695312e+00
1.064285993576049805e+00
1.129868507385253906e+00
1.163004875183105469e+00
1.093788862228393555e+00
1.081272602081298828e+00
1.070391893386840820e+00
1.062071800231933594e+00
1.075805187225341797e+00
1.069688081741333008e+00
1.069980621337890625e+00
1.071782827377319336e+00
1.065521240234375000e+00
1.065884351730346680e+00
1.062176704406738281e+00
1.070326805114746094e+00
1.072321176528930664e+00
1.063520908355712891e+00
1.067394733428955078e+00
1.076088428497314453e+00
1.073494434356689453e+00
1.077286720275878906e+00
1.066794872283935547e+00
1.067333221435546875e+00
1.093266487121582031e+00
1.064096927642822266e+00
1.069906234741210938e+00
1.070721149444580078e+00
1.078221321105957031e+00
1.067032337188720703e+00
1.062960147857666016e+00
1.065540313720703125e+00
1.126386404037475586e+00
1.072595596313476562e+00
1.137447118759155273e+00
1.062546968460083008e+00
1.067667961120605469e+00
1.063670635223388672e+00
1.115249395370483398e+00
1.065653562545776367e+00
1.071196317672729492e+00
1.072274208068847656e+00
1.067269086837768555e+00
1.069844484329223633e+00
1.102493524551391602e+00
1.184446334838867188e+00
1.187830209732055664e+00
1.064571857452392578e+00
1.068652153015136719e+00
1.063824892044067383e+00
1.065673828125000000e+00
1.063113927841186523e+00
1.083590745925903320e+00
1.065613508224487305e+00
1.069907903671264648e+00
1.062306880950927734e+00
1.070373296737670898e+00
1.060013294219970703e+00
1.065839290618896484e+00
1.073027610778808594e+00
1.061259508132934570e+00
1.092026948928833008e+00
1.155070543289184570e+00
1.070364713668823242e+00
1.067503690719604492e+00
1.061511278152465820e+00
1.067025661468505859e+00
1.049544572830200195e+00
1.055694580078125000e+00
1.058553934097290039e+00
1.051698446273803711e+00
1.062802314758300781e+00
1.144784688949584961e+00
1.056075334548950195e+00
