7.678658962249755859e-01
7.247567176818847656e-01
7.148783206939697266e-01
7.133500576019287109e-01
8.136315345764160156e-01
7.046186923980712891e-01
7.046477794647216797e-01
7.075817584991455078e-01
7.140848636627197266e-01
7.029645442962646484e-01
7.879593372344970703e-01
6.991181373596191406e-01
7.378981113433837891e-01
7.080330848693847656e-01
7.132389545440673828e-01
7.024688720703125000e-01
7.911298274993896484e-01
7.158610820770263672e-01
7.091095447540283203e-01
7.019100189208984375e-01
7.034530639648437500e-01
7.802791595458984375e-01
6.986792087554931641e-01
6.969285011291503906e-01
7.114398479461669922e-01
7.159748077392578125e-01
7.019581794738769531e-01
7.378613948822021484e-01
6.983253955841064453e-01
7.126069068908691406e-01
7.037782669067382812e-01
7.116932868957519531e-01
7.968358993530273438e-01
7.032833099365234375e-01
7.011184692382812500e-01
7.909126281738281250e-01
7.121572494506835938e-01
7.181808948516845703e-01
7.992632389068603516e-01
6.930310726165771484e-01
7.159595489501953125e-01
7.347989082336425781e-01
7.118518352508544922e-01
7.025840282440185547e-01
7.082219123840332031e-01
7.068898677825927734e-01
6.996517181396484375e-01
7.879347801208496094e-01
7.065906524658203125e-01
7.022037506103515625e-01
7.996263504028320312e-01
7.085564136505126953e-01
7.167518138885498047e-01
7.007935047149658203e-01
7.316014766693115234e-01
7.185382843017578125e-01
7.017042636871337891e-01
7.029066085815429688e-01
7.063400745391845703e-01
7.077012062072753906e-01
7.054748535156250000e-01
7.042086124420166016e-01
7.082834243774414062e-01
7.002508640289306641e-01
7.060797214508056641e-01
7.024166584014892578e-01
7.997498512268066406e-01
7.008581161499023438e-01
7.158555984497070312e-01
7.027227878570556641e-01
7.121403217315673828e-01
6.958746910095214844e-01
7.072684764862060547e-01
7.091069221496582031e-01
7.087874412536621094e-01
6.943635940551757812e-01
7.100560665130615234e-01
6.995618343353271484e-01
7.027091979980468750e-01
6.972076892852783203e-01
7.470462322235107422e-01
6.834578514099121094e-01
6.801416873931884766e-01
7.906956672668457031e-01
6.832270622253417969e-01
6.816415786743164062e-01
6.834788322448730469e-01
6.855349540710449219e-01
6.939675807952880859e-01
7.701671123504638672e-01
6.932458877563476562e-01
6.967177391052246094e-01
6.789443492889404297e-01
6.897351741790771484e-01
6.870241165161132812e-01
6.795227527618408203e-01
6.985425949096679688e-01
6.891248226165771484e-01
6.961424350738525391e-01
6.848359107971191406e-01
6.749649047851562500e-01
6.882326602935791016e-01
6.828260421752929688e-01
6.754171848297119141e-01
6.766662597656250000e-01
6.866343021392822266e-01
6.803402900695800781e-01
6.917479038238525391e-01
6.979115009307861328e-01
6.876599788665771484e-01
6.774353981018066406e-01
6.843423843383789062e-01
6.866478919982910156e-01
6.870028972625732422e-01
6.857516765594482422e-01
6.799516677856445312e-01
6.836469173431396484e-01
6.957342624664306641e-01
6.814184188842773438e-01
6.944305896759033203e-01
6.920747756958007812e-01
6.971316337585449219e-01
6.816132068634033203e-01
6.884574890136718750e-01
7.749488353729248047e-01
6.735939979553222656e-01
6.950149536132812500e-01
6.920673847198486328e-01
6.806974411010742188e-01
6.746201515197753906e-01
7.829389572143554688e-01
6.725752353668212891e-01
6.928133964538574219e-01
6.927163600921630859e-01
6.855218410491943359e-01
6.770420074462890625e-01
6.762809753417968750e-01
6.857790946960449219e-01
6.822412014007568359e-01
7.090585231781005859e-01
6.844053268432617188e-01
6.884930133819580078e-01
6.808848381042480469e-01
6.762316226959228516e-01
6.869144439697265625e-01
6.880502700805664062e-01
6.923904418945312500e-01
6.736121177673339844e-01
7.672340869903564453e-01
6.766834259033203125e-01
6.910786628723144531e-01
6.905262470245361328e-01
6.939740180969238281e-01
7.645463943481445312e-01
6.806187629699707031e-01
6.837823390960693359e-01
6.944139003753662109e-01
6.930005550384521484e-01
6.836905479431152344e-01
6.873440742492675781e-01
7.824258804321289062e-01
6.805112361907958984e-01
6.846737861633300781e-01
6.846764087677001953e-01
6.950142383575439453e-01
7.736330032348632812e-01
7.800457477569580078e-01
6.779131889343261719e-01
6.852118968963623047e-01
6.815335750579833984e-01
6.833903789520263672e-01
6.732468605041503906e-01
6.823065280914306641e-01
6.804125308990478516e-01
6.817438602447509766e-01
6.922583580017089844e-01
6.913375854492187500e-01
7.739055156707763672e-01
7.539262771606445312e-01
6.847605705261230469e-01
6.959688663482666016e-01
6.810090541839599609e-01
6.909747123718261719e-01
7.820615768432617188e-01
7.528667449951171875e-01
6.807162761688232422e-01
6.784100532531738281e-01
6.850881576538085938e-01
6.837632656097412109e-01
7.672476768493652344e-01
7.811729907989501953e-01
6.873865127563476562e-01
6.906864643096923828e-01
6.930212974548339844e-01
6.861283779144287109e-01
6.859719753265380859e-01
6.834180355072021484e-01
6.839120388031005859e-01
6.851592063903808594e-01
6.852419376373291016e-01
