7.678894996643066406e-01
7.247583866119384766e-01
7.148821353912353516e-01
7.133555412292480469e-01
8.136415481567382812e-01
7.046270370483398438e-01
7.046527862548828125e-01
7.075850963592529297e-01
7.140891551971435547e-01
7.029719352722167969e-01
7.879679203033447266e-01
6.991250514984130859e-01
7.379064559936523438e-01
7.080402374267578125e-01
7.132437229156494141e-01
7.024810314178466797e-01
7.911322116851806641e-01
7.158727645874023438e-01
7.091128826141357422e-01
7.019164562225341797e-01
7.034602165222167969e-01
7.802848815917968750e-01
6.986887454986572266e-01
6.969351768493652344e-01
7.114436626434326172e-01
7.159805297851562500e-01
7.019631862640380859e-01
7.378678321838378906e-01
6.983313560485839844e-01
7.126336097717285156e-01
7.037918567657470703e-01
7.117025852203369141e-01
7.968471050262451172e-01
7.032971382141113281e-01
7.011229991912841797e-01
7.909183502197265625e-01
7.121653556823730469e-01
7.181854248046875000e-01
7.992691993713378906e-01
6.930339336395263672e-01
7.159700393676757812e-01
7.348048686981201172e-01
7.118573188781738281e-01
7.025902271270751953e-01
7.082257270812988281e-01
7.068984508514404297e-01
6.996572017669677734e-01
7.879395484924316406e-01
7.065935134887695312e-01
7.022087574005126953e-01
7.996313571929931641e-01
7.085599899291992188e-01
7.167544364929199219e-01
7.008023262023925781e-01
7.316076755523681641e-01
7.185475826263427734e-01
7.017090320587158203e-01
7.029163837432861328e-01
7.063443660736083984e-01
7.077038288116455078e-01
7.054822444915771484e-01
7.042138576507568359e-01
7.082986831665039062e-01
7.002546787261962891e-01
7.060863971710205078e-01
7.024323940277099609e-01
7.997536659240722656e-01
7.008662223815917969e-01
7.158608436584472656e-01
7.027294635772705078e-01
7.121481895446777344e-01
6.958830356597900391e-01
7.072687149047851562e-01
7.091140747070312500e-01
7.087972164154052734e-01
6.943743228912353516e-01
7.100617885589599609e-01
6.995728015899658203e-01
7.027187347412109375e-01
6.972165107727050781e-01
7.470545768737792969e-01
6.834630966186523438e-01
6.801464557647705078e-01
7.907025814056396484e-01
6.832249164581298828e-01
6.816501617431640625e-01
6.835050582885742188e-01
6.855425834655761719e-01
6.939804553985595703e-01
7.701718807220458984e-01
6.932501792907714844e-01
6.967198848724365234e-01
6.789507865905761719e-01
6.897373199462890625e-01
6.870319843292236328e-01
6.795234680175781250e-01
6.985445022583007812e-01
6.891462802886962891e-01
6.961524486541748047e-01
6.848430633544921875e-01
6.749758720397949219e-01
6.882340908050537109e-01
6.828310489654541016e-01
6.754231452941894531e-01
6.766743659973144531e-01
6.866400241851806641e-01
6.803512573242187500e-01
6.917541027069091797e-01
6.979138851165771484e-01
6.876635551452636719e-01
6.774666309356689453e-01
6.843528747558593750e-01
6.866576671600341797e-01
6.870090961456298828e-01
6.857552528381347656e-01
6.799581050872802734e-01
6.836535930633544922e-01
6.957402229309082031e-01
6.814250946044921875e-01
6.944386959075927734e-01
6.920874118804931641e-01
6.971375942230224609e-01
6.816236972808837891e-01
6.884634494781494141e-01
7.749543190002441406e-01
6.736011505126953125e-01
6.950182914733886719e-01
6.920692920684814453e-01
6.807048320770263672e-01
6.746244430541992188e-01
7.829427719116210938e-01
6.725866794586181641e-01
6.928198337554931641e-01
6.927192211151123047e-01
6.855199337005615234e-01
6.770493984222412109e-01
6.762881278991699219e-01
6.857838630676269531e-01
6.822524070739746094e-01
7.090635299682617188e-01
6.844315528869628906e-01
6.884994506835937500e-01
6.808958053588867188e-01
6.762399673461914062e-01
6.869184970855712891e-01
6.880545616149902344e-01
6.923949718475341797e-01
6.736147403717041016e-01
7.672367095947265625e-01
6.766901016235351562e-01
6.910862922668457031e-01
6.905324459075927734e-01
6.939837932586669922e-01
7.645602226257324219e-01
6.806201934814453125e-01
6.837875843048095703e-01
6.944231986999511719e-01
6.930067539215087891e-01
6.837167739868164062e-01
6.873502731323242188e-01
7.824344635009765625e-01
6.805171966552734375e-01
6.846816539764404297e-01
6.846899986267089844e-01
6.950209140777587891e-01
7.736351490020751953e-01
7.800550460815429688e-01
6.779215335845947266e-01
6.852154731750488281e-01
6.815435886383056641e-01
6.833937168121337891e-01
6.732513904571533203e-01
6.823129653930664062e-01
6.804161071777343750e-01
6.817529201507568359e-01
6.922633647918701172e-01
6.913406848907470703e-01
7.739155292510986328e-01
7.539329528808593750e-01
6.847691535949707031e-01
6.959748268127441406e-01
6.810133457183837891e-01
6.909806728363037109e-01
7.820684909820556641e-01
7.528719902038574219e-01
6.807234287261962891e-01
6.784172058105468750e-01
6.850929260253906250e-01
6.837773323059082031e-01
7.672543525695800781e-01
7.811808586120605469e-01
6.873943805694580078e-01
6.906919479370117188e-01
6.930270195007324219e-01
6.861319541931152344e-01
6.859753131866455078e-01
6.834211349487304688e-01
6.839203834533691406e-01
6.851654052734375000e-01
6.852483749389648438e-01
