2.861770153045654297e+00
1.129196643829345703e+00
1.127676725387573242e+00
1.126748561859130859e+00
1.128235578536987305e+00
1.129380226135253906e+00
1.129729986190795898e+00
1.132830142974853516e+00
1.130349397659301758e+00
1.130819559097290039e+00
1.132992506027221680e+00
1.134985208511352539e+00
1.130432128906250000e+00
1.130678653717041016e+00
1.132981777191162109e+00
1.130149841308593750e+00
1.131577014923095703e+00
1.131078004837036133e+00
1.130454540252685547e+00
1.130526781082153320e+00
1.131308794021606445e+00
1.135783195495605469e+00
1.136339664459228516e+00
1.134766578674316406e+00
1.135555982589721680e+00
1.138606309890747070e+00
1.136402606964111328e+00
1.133896589279174805e+00
1.140674829483032227e+00
1.134948968887329102e+00
1.135306596755981445e+00
1.135006189346313477e+00
1.136220216751098633e+00
1.137342453002929688e+00
1.135967969894409180e+00
1.136014223098754883e+00
1.136748075485229492e+00
1.140982151031494141e+00
1.144331693649291992e+00
1.143499851226806641e+00
1.143561124801635742e+00
1.141379594802856445e+00
1.141618013381958008e+00
1.141261100769042969e+00
1.144488096237182617e+00
1.146498203277587891e+00
1.146135330200195312e+00
1.144704818725585938e+00
1.145929574966430664e+00
1.144443273544311523e+00
1.139540910720825195e+00
1.142781496047973633e+00
1.143511772155761719e+00
1.145224094390869141e+00
1.142727136611938477e+00
1.139204978942871094e+00
1.140210866928100586e+00
1.155377388000488281e+00
1.146305322647094727e+00
1.137207508087158203e+00
1.139063596725463867e+00
1.137856483459472656e+00
1.140340328216552734e+00
1.146167278289794922e+00
1.143367052078247070e+00
1.144531965255737305e+00
1.143509149551391602e+00
1.144404649734497070e+00
1.137526988983154297e+00
1.231508970260620117e+00
1.327747583389282227e+00
1.245474576950073242e+00
1.143756389617919922e+00
1.154139995574951172e+00
1.142386674880981445e+00
1.142633438110351562e+00
1.142609834671020508e+00
1.143836736679077148e+00
1.145690202713012695e+00
1.143208503723144531e+00
1.143143177032470703e+00
1.103853940963745117e+00
1.102229833602905273e+00
1.102018833160400391e+00
1.097929000854492188e+00
1.146281480789184570e+00
1.105560541152954102e+00
1.136327981948852539e+00
1.240259885787963867e+00
1.187778711318969727e+00
1.140656471252441406e+00
1.189379215240478516e+00
1.115461111068725586e+00
1.098335742950439453e+00
1.104820251464843750e+00
1.101884841918945312e+00
1.096941471099853516e+00
1.102272987365722656e+00
1.103461027145385742e+00
1.102301359176635742e+00
1.107588768005371094e+00
1.098632574081420898e+00
1.104825735092163086e+00
1.100654840469360352e+00
1.103684902191162109e+00
1.102834463119506836e+00
1.097005128860473633e+00
1.117345333099365234e+00
1.101825237274169922e+00
1.101836681365966797e+00
1.098872661590576172e+00
1.113075256347656250e+00
1.172295331954956055e+00
1.108095407485961914e+00
1.198828935623168945e+00
1.104416370391845703e+00
1.102197170257568359e+00
1.104553937911987305e+00
1.104059219360351562e+00
1.108355045318603516e+00
1.192153215408325195e+00
1.242950916290283203e+00
1.106796741485595703e+00
1.101082801818847656e+00
1.103933811187744141e+00
1.105455636978149414e+00
1.114876747131347656e+00
1.191162586212158203e+00
1.104471683502197266e+00
1.106098890304565430e+00
1.196323394775390625e+00
1.247039318084716797e+00
1.103754043579101562e+00
1.114651203155517578e+00
1.127733945846557617e+00
1.102548360824584961e+00
1.106511116027832031e+00
1.111063480377197266e+00
1.123099088668823242e+00
1.110892772674560547e+00
1.106382608413696289e+00
1.111480474472045898e+00
1.119063138961791992e+00
1.111870527267456055e+00
1.106348514556884766e+00
1.112569570541381836e+00
1.102052211761474609e+00
1.112249612808227539e+00
1.105297803878784180e+00
1.108382940292358398e+00
1.147267341613769531e+00
1.179622411727905273e+00
1.111551523208618164e+00
1.098981618881225586e+00
1.132065534591674805e+00
1.286389827728271484e+00
1.132746458053588867e+00
1.126319646835327148e+00
1.127270460128784180e+00
1.115348339080810547e+00
1.106349468231201172e+00
1.123058795928955078e+00
1.107020854949951172e+00
1.106910228729248047e+00
1.110538721084594727e+00
1.129559278488159180e+00
1.180914402008056641e+00
1.111725568771362305e+00
1.153925895690917969e+00
1.198734521865844727e+00
1.116530656814575195e+00
1.110654592514038086e+00
1.103524923324584961e+00
1.110843181610107422e+00
1.106780290603637695e+00
1.108646392822265625e+00
1.112814426422119141e+00
1.121457338333129883e+00
1.197090148925781250e+00
1.112569332122802734e+00
1.113187551498413086e+00
1.162223577499389648e+00
1.121305704116821289e+00
1.110165596008300781e+00
1.133062839508056641e+00
1.117042779922485352e+00
1.125542640686035156e+00
1.108357906341552734e+00
1.112706899642944336e+00
1.106484651565551758e+00
1.187501192092895508e+00
1.247386217117309570e+00
1.124850273132324219e+00
1.114374160766601562e+00
1.102700948715209961e+00
1.118241310119628906e+00
1.188352108001708984e+00
1.157064676284790039e+00
1.123111248016357422e+00
1.110420703887939453e+00
