7.678701877593994141e-01
7.247567176818847656e-01
7.148802280426025391e-01
7.133514881134033203e-01
8.136355876922607422e-01
7.046201229095458984e-01
7.046501636505126953e-01
7.075848579406738281e-01
7.140889167785644531e-01
7.029690742492675781e-01
7.879643440246582031e-01
6.991171836853027344e-01
7.379031181335449219e-01
7.080378532409667969e-01
7.132427692413330078e-01
7.024750709533691406e-01
7.911291122436523438e-01
7.158644199371337891e-01
7.091100215911865234e-01
7.019145488739013672e-01
7.034585475921630859e-01
7.802834510803222656e-01
6.986727714538574219e-01
6.969339847564697266e-01
7.114422321319580078e-01
7.159767150878906250e-01
7.019593715667724609e-01
7.378654479980468750e-01
6.983289718627929688e-01
7.126295566558837891e-01
7.037849426269531250e-01
7.116999626159667969e-01
7.968382835388183594e-01
7.032876014709472656e-01
7.011213302612304688e-01
7.909138202667236328e-01
7.121605873107910156e-01
7.181892395019531250e-01
7.992665767669677734e-01
6.930308341979980469e-01
7.159633636474609375e-01
7.348027229309082031e-01
7.118544578552246094e-01
7.025868892669677734e-01
7.082297801971435547e-01
7.068951129913330078e-01
6.996557712554931641e-01
7.879371643066406250e-01
7.065923213958740234e-01
7.022082805633544922e-01
7.996296882629394531e-01
7.085616588592529297e-01
7.167556285858154297e-01
7.007977962493896484e-01
7.316048145294189453e-01
7.185411453247070312e-01
7.017078399658203125e-01
7.029120922088623047e-01
7.063415050506591797e-01
7.077009677886962891e-01
7.054762840270996094e-01
7.042090892791748047e-01
7.082800865173339844e-01
7.002496719360351562e-01
7.060790061950683594e-01
7.024114131927490234e-01
7.997505664825439453e-01
7.008616924285888672e-01
7.158577442169189453e-01
7.027249336242675781e-01
7.121412754058837891e-01
6.958780288696289062e-01
7.072658538818359375e-01
7.091095447540283203e-01
7.087914943695068359e-01
6.943683624267578125e-01
7.100594043731689453e-01
6.995644569396972656e-01
7.027115821838378906e-01
6.972119808197021484e-01
7.470476627349853516e-01
6.834564208984375000e-01
6.801447868347167969e-01
7.906947135925292969e-01
6.832265853881835938e-01
6.816473007202148438e-01
6.835005283355712891e-01
6.855380535125732422e-01
6.939725875854492188e-01
7.701704502105712891e-01
6.932477951049804688e-01
6.967184543609619141e-01
6.789448261260986328e-01
6.897385120391845703e-01
6.870248317718505859e-01
6.795232295989990234e-01
6.985437870025634766e-01
6.891367435455322266e-01
6.961400508880615234e-01
6.848390102386474609e-01
6.749715805053710938e-01
6.882348060607910156e-01
6.828262805938720703e-01
6.754195690155029297e-01
6.766693592071533203e-01
6.866390705108642578e-01
6.803436279296875000e-01
6.917500495910644531e-01
6.979134082794189453e-01
6.876409053802490234e-01
6.774401664733886719e-01
6.843454837799072266e-01
6.866538524627685547e-01
6.870081424713134766e-01
6.857538223266601562e-01
6.799535751342773438e-01
6.836478710174560547e-01
6.957385540008544922e-01
6.814246177673339844e-01
6.944336891174316406e-01
6.920702457427978516e-01
6.971306800842285156e-01
6.816196441650390625e-01
6.884620189666748047e-01
7.749512195587158203e-01
6.735961437225341797e-01
6.950170993804931641e-01
6.920690536499023438e-01
6.807014942169189453e-01
6.746194362640380859e-01
7.829384803771972656e-01
6.725780963897705078e-01
6.928143501281738281e-01
6.927158832550048828e-01
6.855220794677734375e-01
6.770453453063964844e-01
6.762809753417968750e-01
6.857821941375732422e-01
6.822435855865478516e-01
7.090604305267333984e-01
6.844296455383300781e-01
6.884922981262207031e-01
6.808845996856689453e-01
6.762337684631347656e-01
6.869156360626220703e-01
6.880509853363037109e-01
6.923916339874267578e-01
6.736135482788085938e-01
7.672338485717773438e-01
6.766843795776367188e-01
6.910803318023681641e-01
6.905272006988525391e-01
6.939723491668701172e-01
7.645502090454101562e-01
6.806185245513916016e-01
6.837852001190185547e-01
6.944127082824707031e-01
6.930017471313476562e-01
6.837170124053955078e-01
6.873474121093750000e-01
7.824273109436035156e-01
6.805102825164794922e-01
6.846773624420166016e-01
6.846580505371093750e-01
6.950147151947021484e-01
7.736334800720214844e-01
7.800412178039550781e-01
6.779129505157470703e-01
6.852130889892578125e-01
6.815433502197265625e-01
6.833953857421875000e-01
6.732509136199951172e-01
6.823098659515380859e-01
6.804127693176269531e-01
6.817457675933837891e-01
6.922595500946044922e-01
6.913392543792724609e-01
7.738864421844482422e-01
7.539267539978027344e-01
6.847662925720214844e-01
6.959722042083740234e-01
6.810102462768554688e-01
6.909759044647216797e-01
7.820649147033691406e-01
7.528960704803466797e-01
6.807134151458740234e-01
6.784131526947021484e-01
6.850912570953369141e-01
6.837606430053710938e-01
7.672479152679443359e-01
7.811772823333740234e-01
6.873900890350341797e-01
6.906874179840087891e-01
6.930234432220458984e-01
6.861312389373779297e-01
6.859741210937500000e-01
6.834182739257812500e-01
6.839127540588378906e-01
6.851568222045898438e-01
6.852405071258544922e-01
