2.839427709579467773e+00
1.095467329025268555e+00
1.092790603637695312e+00
1.096180677413940430e+00
1.092560768127441406e+00
1.095674753189086914e+00
1.100006341934204102e+00
1.102937221527099609e+00
1.101987123489379883e+00
1.100493431091308594e+00
1.099139213562011719e+00
1.097778320312500000e+00
1.098584413528442383e+00
1.096909284591674805e+00
1.099228858947753906e+00
1.098033189773559570e+00
1.097330570220947266e+00
1.100340604782104492e+00
1.097000598907470703e+00
1.099770069122314453e+00
1.099544286727905273e+00
1.103875160217285156e+00
1.103129863739013672e+00
1.104150295257568359e+00
1.107744932174682617e+00
1.105492591857910156e+00
1.101626396179199219e+00
1.102623701095581055e+00
1.103187561035156250e+00
1.101324319839477539e+00
1.103857517242431641e+00
1.104388236999511719e+00
1.100406169891357422e+00
1.102165937423706055e+00
1.103333711624145508e+00
1.104533195495605469e+00
1.109951257705688477e+00
1.107006072998046875e+00
1.110810995101928711e+00
1.111210584640502930e+00
1.105648279190063477e+00
1.108789920806884766e+00
1.109854698181152344e+00
1.109615087509155273e+00
1.111558437347412109e+00
1.111934185028076172e+00
1.110153198242187500e+00
1.110584497451782227e+00
1.110214948654174805e+00
1.115177631378173828e+00
1.115148305892944336e+00
1.115528821945190430e+00
1.117993354797363281e+00
1.113959550857543945e+00
1.111408233642578125e+00
1.114895582199096680e+00
1.114164590835571289e+00
1.114022970199584961e+00
1.115820169448852539e+00
1.111310005187988281e+00
1.116633415222167969e+00
1.115166425704956055e+00
1.113193035125732422e+00
1.120104551315307617e+00
1.118514537811279297e+00
1.122692584991455078e+00
1.120439529418945312e+00
1.115679502487182617e+00
1.117386579513549805e+00
1.117395162582397461e+00
1.117088317871093750e+00
1.112286567687988281e+00
1.120859146118164062e+00
1.127346992492675781e+00
1.116050004959106445e+00
1.113114595413208008e+00
1.120618343353271484e+00
1.123694896697998047e+00
1.122940063476562500e+00
1.121633529663085938e+00
1.117941379547119141e+00
1.061174631118774414e+00
1.069547176361083984e+00
1.065830469131469727e+00
1.066240072250366211e+00
1.064636945724487305e+00
1.066737890243530273e+00
1.061684608459472656e+00
1.069455146789550781e+00
1.070227622985839844e+00
1.080233097076416016e+00
1.068522453308105469e+00
1.074326038360595703e+00
1.251521110534667969e+00
1.227359294891357422e+00
1.061165809631347656e+00
1.064831733703613281e+00
1.065768718719482422e+00
1.066638231277465820e+00
1.064881086349487305e+00
1.064827203750610352e+00
1.061443805694580078e+00
1.061499357223510742e+00
1.061037778854370117e+00
1.063362836837768555e+00
1.062702894210815430e+00
1.062031745910644531e+00
1.069512605667114258e+00
1.071324110031127930e+00
1.072740316390991211e+00
1.063625812530517578e+00
1.060164928436279297e+00
1.073416471481323242e+00
1.067365884780883789e+00
1.068476676940917969e+00
1.066682100296020508e+00
1.064965963363647461e+00
1.074131250381469727e+00
1.067027330398559570e+00
1.069327592849731445e+00
1.071984767913818359e+00
1.064728260040283203e+00
1.068613052368164062e+00
1.062847852706909180e+00
1.070905685424804688e+00
1.062334299087524414e+00
1.064018487930297852e+00
1.068842649459838867e+00
1.072364091873168945e+00
1.136479616165161133e+00
1.164598226547241211e+00
1.069039821624755859e+00
1.076144933700561523e+00
1.074483633041381836e+00
1.076832532882690430e+00
1.081708192825317383e+00
1.086775302886962891e+00
1.074467897415161133e+00
1.068543195724487305e+00
1.073753356933593750e+00
1.068895816802978516e+00
1.064545869827270508e+00
1.065873146057128906e+00
1.067159891128540039e+00
1.079799652099609375e+00
1.071140527725219727e+00
1.069720983505249023e+00
1.073013544082641602e+00
1.073392391204833984e+00
1.087492465972900391e+00
1.073146343231201172e+00
1.131528139114379883e+00
1.096181869506835938e+00
1.068173170089721680e+00
1.070659160614013672e+00
1.070413827896118164e+00
1.088122844696044922e+00
1.071267366409301758e+00
1.069223403930664062e+00
1.170028448104858398e+00
1.156258344650268555e+00
1.178854227066040039e+00
1.068041801452636719e+00
1.073244094848632812e+00
1.183747768402099609e+00
1.075362205505371094e+00
1.072126150131225586e+00
1.091887235641479492e+00
1.082754611968994141e+00
1.076964378356933594e+00
1.137991905212402344e+00
1.072912693023681641e+00
1.074655055999755859e+00
1.077039480209350586e+00
1.075872182846069336e+00
1.071521520614624023e+00
1.069649219512939453e+00
1.167454242706298828e+00
1.067349195480346680e+00
1.081508159637451172e+00
1.087222814559936523e+00
1.079250335693359375e+00
1.079849004745483398e+00
1.075161457061767578e+00
1.077077627182006836e+00
1.150305747985839844e+00
1.068962574005126953e+00
1.071136951446533203e+00
1.069644451141357422e+00
1.067272186279296875e+00
1.067775964736938477e+00
1.081229925155639648e+00
1.245170354843139648e+00
1.099736452102661133e+00
1.070691347122192383e+00
1.070682287216186523e+00
1.069478988647460938e+00
1.095241546630859375e+00
1.079321384429931641e+00
1.073713541030883789e+00
