7.678873538970947266e-01
7.247540950775146484e-01
7.148823738098144531e-01
7.133483886718750000e-01
8.136386871337890625e-01
7.046201229095458984e-01
7.046504020690917969e-01
7.075839042663574219e-01
7.140882015228271484e-01
7.029695510864257812e-01
7.879686355590820312e-01
6.991190910339355469e-01
7.379064559936523438e-01
7.080354690551757812e-01
7.132415771484375000e-01
7.024805545806884766e-01
7.911334037780761719e-01
7.158694267272949219e-01
7.091112136840820312e-01
7.019135951995849609e-01
7.034590244293212891e-01
7.802822589874267578e-01
6.986877918243408203e-01
6.969344615936279297e-01
7.114422321319580078e-01
7.159786224365234375e-01
7.019591331481933594e-01
7.378656864166259766e-01
6.983246803283691406e-01
7.126331329345703125e-01
7.037904262542724609e-01
7.116978168487548828e-01
7.968392372131347656e-01
7.032880783081054688e-01
7.011191844940185547e-01
7.909121513366699219e-01
7.121565341949462891e-01
7.181801795959472656e-01
7.992644309997558594e-01
6.930336952209472656e-01
7.159678936004638672e-01
7.347989082336425781e-01
7.118515968322753906e-01
7.025866508483886719e-01
7.082176208496093750e-01
7.068912982940673828e-01
6.996533870697021484e-01
7.879376411437988281e-01
7.065856456756591797e-01
7.022016048431396484e-01
7.996275424957275391e-01
7.085626125335693359e-01
7.167479991912841797e-01
7.007997035980224609e-01
7.316052913665771484e-01
7.185478210449218750e-01
7.016961574554443359e-01
7.029135227203369141e-01
7.063412666320800781e-01
7.076988220214843750e-01
7.054805755615234375e-01
7.042112350463867188e-01
7.082903385162353516e-01
7.002480030059814453e-01
7.060854434967041016e-01
7.024309635162353516e-01
7.997529506683349609e-01
7.008614540100097656e-01
7.158589363098144531e-01
7.027235031127929688e-01
7.121410369873046875e-01
6.958804130554199219e-01
7.072627544403076172e-01
7.091088294982910156e-01
7.087912559509277344e-01
6.943686008453369141e-01
7.100577354431152344e-01
6.995711326599121094e-01
7.027156352996826172e-01
6.972150802612304688e-01
7.470510005950927734e-01
6.834626197814941406e-01
6.801366806030273438e-01
7.907006740570068359e-01
6.832268238067626953e-01
6.816287040710449219e-01
6.835010051727294922e-01
6.855380535125732422e-01
6.939725875854492188e-01
7.701706886291503906e-01
6.932458877563476562e-01
6.967184543609619141e-01
6.789495944976806641e-01
6.897454261779785156e-01
6.870257854461669922e-01
6.795222759246826172e-01
6.985404491424560547e-01
6.891391277313232422e-01
6.961481571197509766e-01
6.848411560058593750e-01
6.749722957611083984e-01
6.882305145263671875e-01
6.828300952911376953e-01
6.754190921783447266e-01
6.766707897186279297e-01
6.866412162780761719e-01
6.803462505340576172e-01
6.917557716369628906e-01
6.979105472564697266e-01
6.876666545867919922e-01
6.774640083312988281e-01
6.843485832214355469e-01
6.866538524627685547e-01
6.870083808898925781e-01
6.857540607452392578e-01
6.799516677856445312e-01
6.836526393890380859e-01
6.957406997680664062e-01
6.814215183258056641e-01
6.944363117218017578e-01
6.920855045318603516e-01
6.971297264099121094e-01
6.816227436065673828e-01
6.884615421295166016e-01
7.749574184417724609e-01
6.735966205596923828e-01
6.950159072875976562e-01
6.920652389526367188e-01
6.806998252868652344e-01
6.746222972869873047e-01
7.829406261444091797e-01
6.725850105285644531e-01
6.928229331970214844e-01
6.927137374877929688e-01
6.855161190032958984e-01
6.770541667938232422e-01
6.762862205505371094e-01
6.857798099517822266e-01
6.822507381439208984e-01
7.090630531311035156e-01
6.844274997711181641e-01
6.884932518005371094e-01
6.808927059173583984e-01
6.762335300445556641e-01
6.869158744812011719e-01
6.880567073822021484e-01
6.923913955688476562e-01
6.736154556274414062e-01
7.672326564788818359e-01
6.766891479492187500e-01
6.910758018493652344e-01
6.905274391174316406e-01
6.939787864685058594e-01
7.645528316497802734e-01
6.806173324584960938e-01
6.837832927703857422e-01
6.944136619567871094e-01
6.930017471313476562e-01
6.837120056152343750e-01
6.873421669006347656e-01
7.824354171752929688e-01
6.805100440979003906e-01
6.846773624420166016e-01
6.846864223480224609e-01
6.950156688690185547e-01
7.736327648162841797e-01
7.800424098968505859e-01
6.779193878173828125e-01
6.852109432220458984e-01
6.815347671508789062e-01
6.833925247192382812e-01
6.732439994812011719e-01
6.823079586029052734e-01
6.804134845733642578e-01
6.817536354064941406e-01
6.922564506530761719e-01
6.913361549377441406e-01
7.739155292510986328e-01
7.539262771606445312e-01
6.847698688507080078e-01
6.959683895111083984e-01
6.810123920440673828e-01
6.909863948822021484e-01
7.820651531219482422e-01
7.528634071350097656e-01
6.807262897491455078e-01
6.784143447875976562e-01
6.850883960723876953e-01
6.837770938873291016e-01
7.672462463378906250e-01
7.811791896820068359e-01
6.873919963836669922e-01
6.906955242156982422e-01
6.930100917816162109e-01
6.861300468444824219e-01
6.859741210937500000e-01
6.834192276000976562e-01
6.839168071746826172e-01
6.851632595062255859e-01
6.852471828460693359e-01
