1.579858779907226562e+00
1.462560892105102539e+00
1.457859992980957031e+00
1.542635440826416016e+00
1.445296049118041992e+00
1.435496330261230469e+00
1.402978420257568359e+00
1.447968959808349609e+00
1.557216405868530273e+00
1.392828702926635742e+00
1.428868055343627930e+00
1.439843654632568359e+00
1.420692920684814453e+00
1.458571910858154297e+00
1.388758659362792969e+00
1.439230918884277344e+00
1.471565961837768555e+00
1.431821823120117188e+00
1.421627759933471680e+00
1.398692846298217773e+00
1.382921218872070312e+00
1.423892259597778320e+00
1.413632392883300781e+00
1.530273914337158203e+00
1.327715396881103516e+00
1.466763257980346680e+00
1.407815694808959961e+00
1.449855804443359375e+00
1.456137657165527344e+00
1.448317050933837891e+00
1.430761814117431641e+00
1.448490142822265625e+00
1.420937538146972656e+00
1.460641384124755859e+00
1.474055528640747070e+00
1.434411525726318359e+00
1.434832096099853516e+00
1.412569999694824219e+00
1.476412534713745117e+00
1.408143520355224609e+00
1.394427537918090820e+00
1.415632963180541992e+00
1.445370912551879883e+00
1.454150676727294922e+00
1.446504116058349609e+00
1.445811271667480469e+00
1.506780385971069336e+00
1.567048788070678711e+00
1.458292961120605469e+00
1.481563568115234375e+00
1.580020904541015625e+00
1.542858600616455078e+00
1.605144500732421875e+00
1.572645425796508789e+00
1.512328147888183594e+00
1.522809982299804688e+00
1.530014276504516602e+00
1.484270095825195312e+00
1.543195486068725586e+00
1.516962289810180664e+00
1.505721092224121094e+00
1.508547306060791016e+00
1.521476268768310547e+00
1.458022594451904297e+00
1.455342531204223633e+00
1.435928583145141602e+00
1.416199922561645508e+00
1.393593072891235352e+00
1.457382202148437500e+00
1.433177471160888672e+00
1.377481937408447266e+00
1.385728359222412109e+00
1.444609642028808594e+00
1.412259817123413086e+00
1.434414625167846680e+00
1.402227640151977539e+00
1.374149560928344727e+00
1.421047449111938477e+00
1.405000209808349609e+00
1.365024805068969727e+00
1.375874757766723633e+00
1.372016906738281250e+00
1.270553827285766602e+00
1.347598552703857422e+00
1.340656757354736328e+00
1.345999956130981445e+00
1.313385486602783203e+00
1.350448369979858398e+00
1.338158130645751953e+00
1.289289236068725586e+00
1.344367980957031250e+00
1.281761169433593750e+00
1.399106264114379883e+00
1.266560316085815430e+00
1.339979171752929688e+00
1.289533138275146484e+00
1.294110298156738281e+00
1.339833021163940430e+00
1.311365842819213867e+00
1.305974245071411133e+00
1.256525754928588867e+00
1.390575408935546875e+00
1.314925670623779297e+00
1.432018280029296875e+00
1.346260786056518555e+00
1.329828500747680664e+00
1.272818803787231445e+00
1.327743530273437500e+00
1.316684484481811523e+00
1.332605361938476562e+00
1.362641811370849609e+00
1.325029373168945312e+00
1.338931322097778320e+00
1.375150680541992188e+00
1.452307462692260742e+00
1.409961700439453125e+00
1.440248727798461914e+00
1.418276548385620117e+00
1.505069017410278320e+00
1.408387660980224609e+00
1.417305469512939453e+00
1.436819791793823242e+00
1.459540367126464844e+00
1.472212076187133789e+00
1.419086694717407227e+00
1.433412075042724609e+00
1.421581983566284180e+00
1.354788064956665039e+00
1.453104496002197266e+00
1.379882097244262695e+00
1.356733560562133789e+00
1.391274690628051758e+00
1.323497295379638672e+00
1.512630939483642578e+00
1.360702991485595703e+00
1.382147312164306641e+00
1.321165323257446289e+00
1.321512937545776367e+00
1.480772733688354492e+00
1.364034891128540039e+00
1.351544857025146484e+00
1.310468435287475586e+00
1.307945013046264648e+00
1.459017992019653320e+00
1.355785131454467773e+00
1.353360414505004883e+00
1.340450763702392578e+00
1.338698625564575195e+00
1.346844434738159180e+00
1.311986684799194336e+00
1.351630210876464844e+00
1.338551759719848633e+00
1.374203205108642578e+00
1.344202280044555664e+00
1.352322340011596680e+00
1.363505125045776367e+00
1.343621730804443359e+00
1.354770660400390625e+00
1.458410024642944336e+00
1.354139328002929688e+00
1.355229139328002930e+00
1.283482074737548828e+00
1.315547704696655273e+00
1.292648792266845703e+00
1.394557952880859375e+00
1.406055688858032227e+00
1.375720977783203125e+00
1.383123397827148438e+00
1.480157852172851562e+00
1.510387182235717773e+00
1.339541912078857422e+00
1.334024906158447266e+00
1.385614871978759766e+00
1.403465509414672852e+00
1.538939237594604492e+00
1.410213947296142578e+00
1.463916778564453125e+00
1.464860677719116211e+00
1.463629484176635742e+00
1.555307626724243164e+00
1.377186536788940430e+00
1.419500827789306641e+00
1.383117198944091797e+00
1.356029987335205078e+00
1.462283849716186523e+00
1.350982904434204102e+00
1.283055305480957031e+00
1.345487833023071289e+00
1.344038724899291992e+00
1.366559982299804688e+00
1.353163957595825195e+00
1.374721050262451172e+00
1.310893297195434570e+00
1.385541677474975586e+00
1.303348064422607422e+00
1.335940837860107422e+00
1.363697767257690430e+00
1.375822544097900391e+00
1.384478092193603516e+00
1.373307466506958008e+00
