1.579852342605590820e+00
1.462559223175048828e+00
1.457837581634521484e+00
1.542635917663574219e+00
1.445274114608764648e+00
1.435513973236083984e+00
1.402992963790893555e+00
1.447937250137329102e+00
1.557228088378906250e+00
1.392834424972534180e+00
1.428877115249633789e+00
1.439854860305786133e+00
1.420680522918701172e+00
1.458595037460327148e+00
1.388786792755126953e+00
1.439232587814331055e+00
1.471581697463989258e+00
1.431822538375854492e+00
1.421626567840576172e+00
1.398718118667602539e+00
1.382964611053466797e+00
1.423900842666625977e+00
1.413625001907348633e+00
1.530271053314208984e+00
1.327717781066894531e+00
1.466757297515869141e+00
1.407810449600219727e+00
1.449849367141723633e+00
1.456129550933837891e+00
1.448321580886840820e+00
1.430776596069335938e+00
1.448496580123901367e+00
1.420949220657348633e+00
1.460660219192504883e+00
1.474060773849487305e+00
1.434427261352539062e+00
1.434839248657226562e+00
1.412571430206298828e+00
1.476406097412109375e+00
1.408179044723510742e+00
1.394424915313720703e+00
1.415635585784912109e+00
1.445405244827270508e+00
1.454154968261718750e+00
1.446522235870361328e+00
1.445819854736328125e+00
1.506789922714233398e+00
1.567066907882690430e+00
1.458322525024414062e+00
1.481579780578613281e+00
1.580021142959594727e+00
1.542865753173828125e+00
1.605129241943359375e+00
1.572668313980102539e+00
1.512333869934082031e+00
1.522815227508544922e+00
1.530025720596313477e+00
1.484296798706054688e+00
1.543203115463256836e+00
1.516978025436401367e+00
1.505735397338867188e+00
1.508547067642211914e+00
1.521474123001098633e+00
1.458039760589599609e+00
1.455354928970336914e+00
1.435918569564819336e+00
1.416218757629394531e+00
1.393595457077026367e+00
1.457412004470825195e+00
1.433200120925903320e+00
1.377507925033569336e+00
1.385747909545898438e+00
1.444625377655029297e+00
1.412288665771484375e+00
1.434406280517578125e+00
1.402223110198974609e+00
1.374151229858398438e+00
1.421045541763305664e+00
1.405009984970092773e+00
1.365035295486450195e+00
1.375890016555786133e+00
1.372005701065063477e+00
1.270563364028930664e+00
1.347641944885253906e+00
1.340640068054199219e+00
1.346011877059936523e+00
1.313395023345947266e+00
1.350445508956909180e+00
1.338147640228271484e+00
1.289304018020629883e+00
1.344373941421508789e+00
1.281786680221557617e+00
1.399107217788696289e+00
1.266609430313110352e+00
1.339997529983520508e+00
1.289557456970214844e+00
1.294104576110839844e+00
1.339818239212036133e+00
1.311370611190795898e+00
1.305983781814575195e+00
1.256555080413818359e+00
1.390597581863403320e+00
1.314944028854370117e+00
1.432005882263183594e+00
1.346261978149414062e+00
1.329827070236206055e+00
1.272814750671386719e+00
1.327756404876708984e+00
1.316695213317871094e+00
1.332591295242309570e+00
1.362631320953369141e+00
1.325064420700073242e+00
1.338944196701049805e+00
1.375151395797729492e+00
1.452315330505371094e+00
1.409954547882080078e+00
1.440250873565673828e+00
1.418306112289428711e+00
1.505080223083496094e+00
1.408376932144165039e+00
1.417315483093261719e+00
1.436830520629882812e+00
1.459520339965820312e+00
1.472242116928100586e+00
1.419077396392822266e+00
1.433415412902832031e+00
1.421572446823120117e+00
1.354787349700927734e+00
1.453100442886352539e+00
1.379894971847534180e+00
1.356752634048461914e+00
1.391263723373413086e+00
1.323495864868164062e+00
1.512634038925170898e+00
1.360705137252807617e+00
1.382156133651733398e+00
1.321164369583129883e+00
1.321514606475830078e+00
1.480772733688354492e+00
1.364071846008300781e+00
1.351537227630615234e+00
1.310480356216430664e+00
1.307943344116210938e+00
1.459024906158447266e+00
1.355792045593261719e+00
1.353390455245971680e+00
1.340469360351562500e+00
1.338695287704467773e+00
1.346855163574218750e+00
1.311990976333618164e+00
1.351618528366088867e+00
1.338535308837890625e+00
1.374198436737060547e+00
1.344181537628173828e+00
1.352318286895751953e+00
1.363510131835937500e+00
1.343610525131225586e+00
1.354767799377441406e+00
1.458417415618896484e+00
1.354154825210571289e+00
1.355246305465698242e+00
1.283491611480712891e+00
1.315560817718505859e+00
1.292675971984863281e+00
1.394577741622924805e+00
1.406059265136718750e+00
1.375731945037841797e+00
1.383130073547363281e+00
1.480157375335693359e+00
1.510411262512207031e+00
1.339557647705078125e+00
1.334037303924560547e+00
1.385608673095703125e+00
1.403460264205932617e+00
1.538956880569458008e+00
1.410210609436035156e+00
1.463912963867187500e+00
1.464867353439331055e+00
1.463637351989746094e+00
1.555299282073974609e+00
1.377175092697143555e+00
1.419504165649414062e+00
1.383111953735351562e+00
1.356041669845581055e+00
1.462284564971923828e+00
1.351005792617797852e+00
1.283061742782592773e+00
1.345488548278808594e+00
1.344016313552856445e+00
1.366548299789428711e+00
1.353165149688720703e+00
1.374735355377197266e+00
1.310902118682861328e+00
1.385531187057495117e+00
1.303349733352661133e+00
1.335953235626220703e+00
1.363710880279541016e+00
1.375833034515380859e+00
1.384485721588134766e+00
1.373319625854492188e+00
