1.579854249954223633e+00
1.462558507919311523e+00
1.457841634750366211e+00
1.542641639709472656e+00
1.445295810699462891e+00
1.435501813888549805e+00
1.402981758117675781e+00
1.447967290878295898e+00
1.557214021682739258e+00
1.392831802368164062e+00
1.428864240646362305e+00
1.439850568771362305e+00
1.420683622360229492e+00
1.458574295043945312e+00
1.388762235641479492e+00
1.439234256744384766e+00
1.471574306488037109e+00
1.431822538375854492e+00
1.421622037887573242e+00
1.398696899414062500e+00
1.382920980453491211e+00
1.423896789550781250e+00
1.413634061813354492e+00
1.530270338058471680e+00
1.327725410461425781e+00
1.466760635375976562e+00
1.407810449600219727e+00
1.449858427047729492e+00
1.456141471862792969e+00
1.448319673538208008e+00
1.430759429931640625e+00
1.448491334915161133e+00
1.420937299728393555e+00
1.460647583007812500e+00
1.474053382873535156e+00
1.434418201446533203e+00
1.434836864471435547e+00
1.412570238113403320e+00
1.476396799087524414e+00
1.408146858215332031e+00
1.394421339035034180e+00
1.415645122528076172e+00
1.445366621017456055e+00
1.454147100448608398e+00
1.446500778198242188e+00
1.445811986923217773e+00
1.506779670715332031e+00
1.567038297653198242e+00
1.458284139633178711e+00
1.481560230255126953e+00
1.580024719238281250e+00
1.542856931686401367e+00
1.605144500732421875e+00
1.572651386260986328e+00
1.512331962585449219e+00
1.522814989089965820e+00
1.530013561248779297e+00
1.484283685684204102e+00
1.543205738067626953e+00
1.516969203948974609e+00
1.505729913711547852e+00
1.508554220199584961e+00
1.521476984024047852e+00
1.458020687103271484e+00
1.455338954925537109e+00
1.435926437377929688e+00
1.416203498840332031e+00
1.393596172332763672e+00
1.457397699356079102e+00
1.433179616928100586e+00
1.377485036849975586e+00
1.385732650756835938e+00
1.444627523422241211e+00
1.412263393402099609e+00
1.434406995773315430e+00
1.402233123779296875e+00
1.374156951904296875e+00
1.421049356460571289e+00
1.405010938644409180e+00
1.365025520324707031e+00
1.375875234603881836e+00
1.372015714645385742e+00
1.270551443099975586e+00
1.347604036331176758e+00
1.340663671493530273e+00
1.345999240875244141e+00
1.313387155532836914e+00
1.350451231002807617e+00
1.338154554367065430e+00
1.289291381835937500e+00
1.344365596771240234e+00
1.281766176223754883e+00
1.399107456207275391e+00
1.266566753387451172e+00
1.339970350265502930e+00
1.289537906646728516e+00
1.294114351272583008e+00
1.339838504791259766e+00
1.311362743377685547e+00
1.305944919586181641e+00
1.256530761718750000e+00
1.390582561492919922e+00
1.314926862716674805e+00
1.432018518447875977e+00
1.346253395080566406e+00
1.329827308654785156e+00
1.272815704345703125e+00
1.327744722366333008e+00
1.316686630249023438e+00
1.332614421844482422e+00
1.362629413604736328e+00
1.325028181076049805e+00
1.338926553726196289e+00
1.375151157379150391e+00
1.452305316925048828e+00
1.409961223602294922e+00
1.440251827239990234e+00
1.418279170989990234e+00
1.505065917968750000e+00
1.408387422561645508e+00
1.417315244674682617e+00
1.436820268630981445e+00
1.459535360336303711e+00
1.472218990325927734e+00
1.419094562530517578e+00
1.433411836624145508e+00
1.421584129333496094e+00
1.354790210723876953e+00
1.453101873397827148e+00
1.379880189895629883e+00
1.356741905212402344e+00
1.391269922256469727e+00
1.309609889984130859e+00
1.512624979019165039e+00
1.360700607299804688e+00
1.382149696350097656e+00
1.321164608001708984e+00
1.321506738662719727e+00
1.480772972106933594e+00
1.364037513732910156e+00
1.351541280746459961e+00
1.310467243194580078e+00
1.307943344116210938e+00
1.459025621414184570e+00
1.355779886245727539e+00
1.353364944458007812e+00
1.340455532073974609e+00
1.338696479797363281e+00
1.346842765808105469e+00
1.311994075775146484e+00
1.351634025573730469e+00
1.338546991348266602e+00
1.374203681945800781e+00
1.344196557998657227e+00
1.352322816848754883e+00
1.363507747650146484e+00
1.343626022338867188e+00
1.354766130447387695e+00
1.458411931991577148e+00
1.354161024093627930e+00
1.355224370956420898e+00
1.283480405807495117e+00
1.315546989440917969e+00
1.292649507522583008e+00
1.394552946090698242e+00
1.406040191650390625e+00
1.375717401504516602e+00
1.383119583129882812e+00
1.480167150497436523e+00
1.510387897491455078e+00
1.339543342590332031e+00
1.334024906158447266e+00
1.385619401931762695e+00
1.403464078903198242e+00
1.538940191268920898e+00
1.410215377807617188e+00
1.463916540145874023e+00
1.464870929718017578e+00
1.463663339614868164e+00
1.555306434631347656e+00
1.377183437347412109e+00
1.419504880905151367e+00
1.383116722106933594e+00
1.356032133102416992e+00
1.462299823760986328e+00
1.350992441177368164e+00
1.283057928085327148e+00
1.345481395721435547e+00
1.344034910202026367e+00
1.366552591323852539e+00
1.353168249130249023e+00
1.374716043472290039e+00
1.310894966125488281e+00
1.385540485382080078e+00
1.303344488143920898e+00
1.335942268371582031e+00
1.363700628280639648e+00
1.375825166702270508e+00
1.384480714797973633e+00
1.373299360275268555e+00
