2.112879276275634766e+00
4.817714691162109375e-01
4.801890850067138672e-01
4.780223369598388672e-01
4.880642890930175781e-01
4.762589931488037109e-01
4.757847785949707031e-01
4.755651950836181641e-01
4.777834415435791016e-01
4.792854785919189453e-01
4.738957881927490234e-01
4.755928516387939453e-01
4.762613773345947266e-01
4.771151542663574219e-01
4.723138809204101562e-01
4.774520397186279297e-01
4.755270481109619141e-01
4.716279506683349609e-01
4.714324474334716797e-01
4.720585346221923828e-01
4.686384201049804688e-01
4.666669368743896484e-01
4.687690734863281250e-01
4.705433845520019531e-01
4.661788940429687500e-01
4.776208400726318359e-01
4.886901378631591797e-01
4.749476909637451172e-01
4.689047336578369141e-01
4.734852313995361328e-01
4.735612869262695312e-01
4.708454608917236328e-01
4.722518920898437500e-01
4.673776626586914062e-01
4.839439392089843750e-01
4.706404209136962891e-01
4.671916961669921875e-01
4.705522060394287109e-01
4.673159122467041016e-01
4.700798988342285156e-01
4.658727645874023438e-01
4.688391685485839844e-01
4.673793315887451172e-01
4.666619300842285156e-01
4.679937362670898438e-01
4.639229774475097656e-01
4.663174152374267578e-01
4.682121276855468750e-01
4.682941436767578125e-01
4.685070514678955078e-01
4.689111709594726562e-01
4.746994972229003906e-01
4.731681346893310547e-01
4.735710620880126953e-01
4.729754924774169922e-01
4.722399711608886719e-01
4.725403785705566406e-01
4.751622676849365234e-01
4.717965126037597656e-01
4.749600887298583984e-01
4.805567264556884766e-01
4.741442203521728516e-01
4.821100234985351562e-01
4.771966934204101562e-01
4.784195423126220703e-01
4.901177883148193359e-01
4.823088645935058594e-01
4.908592700958251953e-01
4.833066463470458984e-01
4.796087741851806641e-01
4.855723381042480469e-01
4.859633445739746094e-01
4.792723655700683594e-01
4.872121810913085938e-01
4.864733219146728516e-01
4.875295162200927734e-01
5.029537677764892578e-01
4.859566688537597656e-01
4.915101528167724609e-01
4.925777912139892578e-01
4.950528144836425781e-01
4.962284564971923828e-01
4.770591259002685547e-01
5.098414421081542969e-01
4.842941761016845703e-01
4.947066307067871094e-01
4.964704513549804688e-01
4.861388206481933594e-01
4.891927242279052734e-01
4.873700141906738281e-01
4.874200820922851562e-01
4.852850437164306641e-01
4.866919517517089844e-01
4.861719608306884766e-01
4.868066310882568359e-01
4.921922683715820312e-01
4.893078804016113281e-01
4.845414161682128906e-01
4.871096611022949219e-01
4.846320152282714844e-01
4.685108661651611328e-01
4.980709552764892578e-01
4.784073829650878906e-01
4.750540256500244141e-01
4.707949161529541016e-01
4.878010749816894531e-01
4.713604450225830078e-01
4.765987396240234375e-01
4.732453823089599609e-01
4.742350578308105469e-01
4.746546745300292969e-01
4.711225032806396484e-01
4.728004932403564453e-01
4.712712764739990234e-01
4.735643863677978516e-01
4.748170375823974609e-01
4.755244255065917969e-01
4.736912250518798828e-01
4.792852401733398438e-01
4.897289276123046875e-01
4.993813037872314453e-01
5.004117488861083984e-01
4.891834259033203125e-01
4.966373443603515625e-01
5.013713836669921875e-01
5.030753612518310547e-01
5.007295608520507812e-01
5.092985630035400391e-01
5.048880577087402344e-01
5.057694911956787109e-01
5.050823688507080078e-01
5.214705467224121094e-01
5.116450786590576172e-01
5.122907161712646484e-01
5.079729557037353516e-01
5.085351467132568359e-01
5.097596645355224609e-01
5.061244964599609375e-01
5.024580955505371094e-01
4.993302822113037109e-01
4.920160770416259766e-01
4.959483146667480469e-01
4.921524524688720703e-01
4.922420978546142578e-01
4.848611354827880859e-01
4.859714508056640625e-01
4.880123138427734375e-01
4.883248805999755859e-01
4.885706901550292969e-01
4.894323348999023438e-01
4.858391284942626953e-01
4.853513240814208984e-01
5.180015563964843750e-01
4.853763580322265625e-01
4.842457771301269531e-01
4.828717708587646484e-01
4.825220108032226562e-01
4.843525886535644531e-01
4.850206375122070312e-01
4.831819534301757812e-01
4.879264831542968750e-01
4.893774986267089844e-01
4.854681491851806641e-01
4.880521297454833984e-01
4.851546287536621094e-01
4.825940132141113281e-01
4.908328056335449219e-01
4.824454784393310547e-01
4.962227344512939453e-01
4.870150089263916016e-01
4.896819591522216797e-01
5.049808025360107422e-01
4.921472072601318359e-01
4.958841800689697266e-01
4.946088790893554688e-01
5.037643909454345703e-01
4.916868209838867188e-01
4.919967651367187500e-01
4.940927028656005859e-01
4.962394237518310547e-01
5.120356082916259766e-01
4.988341331481933594e-01
4.962775707244873047e-01
5.101754665374755859e-01
5.011777877807617188e-01
5.023596286773681641e-01
4.983615875244140625e-01
4.957108497619628906e-01
4.995944499969482422e-01
4.977579116821289062e-01
4.997594356536865234e-01
5.005283355712890625e-01
4.993040561676025391e-01
4.971537590026855469e-01
4.932136535644531250e-01
5.002269744873046875e-01
4.980347156524658203e-01
4.960370063781738281e-01
4.944126605987548828e-01
4.958727359771728516e-01
