1.579853773117065430e+00
1.462555170059204102e+00
1.457840681076049805e+00
1.542637348175048828e+00
1.445274114608764648e+00
1.435515165328979492e+00
1.402995586395263672e+00
1.447935581207275391e+00
1.557234048843383789e+00
1.392830610275268555e+00
1.428880929946899414e+00
1.439861059188842773e+00
1.420677661895751953e+00
1.458592414855957031e+00
1.388787508010864258e+00
1.439232587814331055e+00
1.471584796905517578e+00
1.431821346282958984e+00
1.421629905700683594e+00
1.398720264434814453e+00
1.382969379425048828e+00
1.423899173736572266e+00
1.413621187210083008e+00
1.530269384384155273e+00
1.327717065811157227e+00
1.466773748397827148e+00
1.407811641693115234e+00
1.449853897094726562e+00
1.456135272979736328e+00
1.448321580886840820e+00
1.430781126022338867e+00
1.448501348495483398e+00
1.420949697494506836e+00
1.460661888122558594e+00
1.474064826965332031e+00
1.434434652328491211e+00
1.434836626052856445e+00
1.412570953369140625e+00
1.476410627365112305e+00
1.408174514770507812e+00
1.394423484802246094e+00
1.415639638900756836e+00
1.445405483245849609e+00
1.454154729843139648e+00
1.446520328521728516e+00
1.445825099945068359e+00
1.506789684295654297e+00
1.567055463790893555e+00
1.458320856094360352e+00
1.481575250625610352e+00
1.580022573471069336e+00
1.542871236801147461e+00
1.605126380920410156e+00
1.572669744491577148e+00
1.512332439422607422e+00
1.522814273834228516e+00
1.530025720596313477e+00
1.484297275543212891e+00
1.543210268020629883e+00
1.516981840133666992e+00
1.505739212036132812e+00
1.508546352386474609e+00
1.521473884582519531e+00
1.458046436309814453e+00
1.455353260040283203e+00
1.435916900634765625e+00
1.416216373443603516e+00
1.393597602844238281e+00
1.457414150238037109e+00
1.433202028274536133e+00
1.377506494522094727e+00
1.385746002197265625e+00
1.444625377655029297e+00
1.412296772003173828e+00
1.434407711029052734e+00
1.402220726013183594e+00
1.374150037765502930e+00
1.421050071716308594e+00
1.405011653900146484e+00
1.365036010742187500e+00
1.375890254974365234e+00
1.372022628784179688e+00
1.270565986633300781e+00
1.347651004791259766e+00
1.340647697448730469e+00
1.346017360687255859e+00
1.313394308090209961e+00
1.350448608398437500e+00
1.338146924972534180e+00
1.289307117462158203e+00
1.344381570816040039e+00
1.281791210174560547e+00
1.399106979370117188e+00
1.266572952270507812e+00
1.339997529983520508e+00
1.289552927017211914e+00
1.294110059738159180e+00
1.339822053909301758e+00
1.311372518539428711e+00
1.305992841720581055e+00
1.256554841995239258e+00
1.390603780746459961e+00
1.314945936203002930e+00
1.432006835937500000e+00
1.346264362335205078e+00
1.329829692840576172e+00
1.272814989089965820e+00
1.327756643295288086e+00
1.316699743270874023e+00
1.332591772079467773e+00
1.362632513046264648e+00
1.325062274932861328e+00
1.338945865631103516e+00
1.375149965286254883e+00
1.452320814132690430e+00
1.409954786300659180e+00
1.440251350402832031e+00
1.418307304382324219e+00
1.505083560943603516e+00
1.408373594284057617e+00
1.417315006256103516e+00
1.436831712722778320e+00
1.459523916244506836e+00
1.472240686416625977e+00
1.419065237045288086e+00
1.433419466018676758e+00
1.421577215194702148e+00
1.354791879653930664e+00
1.453100442886352539e+00
1.379897117614746094e+00
1.356749773025512695e+00
1.391261339187622070e+00
1.323493480682373047e+00
1.512640476226806641e+00
1.360706090927124023e+00
1.382157087326049805e+00
1.321159839630126953e+00
1.321514844894409180e+00
1.480770349502563477e+00
1.364075899124145508e+00
1.351538419723510742e+00
1.310481071472167969e+00
1.307942867279052734e+00
1.459024190902709961e+00
1.355790853500366211e+00
1.353395462036132812e+00
1.340470075607299805e+00
1.338697910308837891e+00
1.346859693527221680e+00
1.311991930007934570e+00
1.351619720458984375e+00
1.338532209396362305e+00
1.374200820922851562e+00
1.344182491302490234e+00
1.352317810058593750e+00
1.363506793975830078e+00
1.343610763549804688e+00
1.354766368865966797e+00
1.458418130874633789e+00
1.354157924652099609e+00
1.355245113372802734e+00
1.283491134643554688e+00
1.315564632415771484e+00
1.292675256729125977e+00
1.394579887390136719e+00
1.406059265136718750e+00
1.375730991363525391e+00
1.383135080337524414e+00
1.480160951614379883e+00
1.510414600372314453e+00
1.339561223983764648e+00
1.334044694900512695e+00
1.385606050491333008e+00
1.403460979461669922e+00
1.538957595825195312e+00
1.410212755203247070e+00
1.463899850845336914e+00
1.464868307113647461e+00
1.463635444641113281e+00
1.555299997329711914e+00
1.377177000045776367e+00
1.419502496719360352e+00
1.383113384246826172e+00
1.356040477752685547e+00
1.462285041809082031e+00
1.351004123687744141e+00
1.283056497573852539e+00
1.345487594604492188e+00
1.344017267227172852e+00
1.366547584533691406e+00
1.353166818618774414e+00
1.374735593795776367e+00
1.310900688171386719e+00
1.385533571243286133e+00
1.303346157073974609e+00
1.335949897766113281e+00
1.363704204559326172e+00
1.375835418701171875e+00
1.384487867355346680e+00
1.373322963714599609e+00
