2.115364313125610352e+00
4.851267337799072266e-01
4.813497066497802734e-01
4.821486473083496094e-01
4.839947223663330078e-01
4.802680015563964844e-01
4.833910465240478516e-01
4.809172153472900391e-01
4.833190441131591797e-01
4.848308563232421875e-01
4.829599857330322266e-01
4.814667701721191406e-01
4.843804836273193359e-01
4.867973327636718750e-01
4.773299694061279297e-01
4.810757637023925781e-01
4.803349971771240234e-01
4.797246456146240234e-01
4.769096374511718750e-01
4.786629676818847656e-01
4.744024276733398438e-01
4.756371974945068359e-01
4.750916957855224609e-01
4.768905639648437500e-01
4.721288681030273438e-01
4.850533008575439453e-01
4.884593486785888672e-01
4.811191558837890625e-01
4.727239608764648438e-01
4.746401309967041016e-01
4.770312309265136719e-01
4.720017910003662109e-01
4.729218482971191406e-01
4.689888954162597656e-01
4.761018753051757812e-01
4.681510925292968750e-01
4.704711437225341797e-01
4.688618183135986328e-01
4.721488952636718750e-01
4.761769771575927734e-01
4.694974422454833984e-01
4.706380367279052734e-01
4.709708690643310547e-01
4.713332653045654297e-01
4.759206771850585938e-01
4.662451744079589844e-01
4.709532260894775391e-01
4.761309623718261719e-01
4.693171977996826172e-01
4.701247215270996094e-01
4.723882675170898438e-01
4.789156913757324219e-01
4.776356220245361328e-01
4.778361320495605469e-01
4.763288497924804688e-01
4.761571884155273438e-01
4.767076969146728516e-01
4.789645671844482422e-01
4.766955375671386719e-01
4.802389144897460938e-01
4.887540340423583984e-01
4.784834384918212891e-01
4.864962100982666016e-01
4.856002330780029297e-01
4.852788448333740234e-01
4.973847866058349609e-01
4.839947223663330078e-01
4.937877655029296875e-01
4.889984130859375000e-01
4.839680194854736328e-01
4.908113479614257812e-01
4.914715290069580078e-01
4.833896160125732422e-01
4.882886409759521484e-01
4.916853904724121094e-01
4.912948608398437500e-01
4.973034858703613281e-01
4.892847537994384766e-01
4.940092563629150391e-01
4.939148426055908203e-01
4.957916736602783203e-01
4.945857524871826172e-01
4.760649204254150391e-01
5.128738880157470703e-01
4.840152263641357422e-01
4.903068542480468750e-01
4.874172210693359375e-01
4.913840293884277344e-01
4.915750026702880859e-01
4.888172149658203125e-01
4.909737110137939453e-01
4.900252819061279297e-01
4.920291900634765625e-01
4.921236038208007812e-01
4.956512451171875000e-01
4.908845424652099609e-01
4.954400062561035156e-01
4.874935150146484375e-01
4.906060695648193359e-01
4.887607097625732422e-01
4.695391654968261719e-01
4.984917640686035156e-01
4.813289642333984375e-01
4.765949249267578125e-01
4.777271747589111328e-01
4.754402637481689453e-01
4.760022163391113281e-01
4.807083606719970703e-01
4.742391109466552734e-01
4.815053939819335938e-01
4.803159236907958984e-01
4.767837524414062500e-01
4.767639636993408203e-01
4.781882762908935547e-01
4.774007797241210938e-01
4.767477512359619141e-01
4.788722991943359375e-01
4.779477119445800781e-01
4.827682971954345703e-01
4.984097480773925781e-01
5.031599998474121094e-01
5.029406547546386719e-01
4.918799400329589844e-01
5.012102127075195312e-01
5.029525756835937500e-01
5.064046382904052734e-01
5.067758560180664062e-01
5.296823978424072266e-01
5.121929645538330078e-01
5.148985385894775391e-01
5.105018615722656250e-01
5.105059146881103516e-01
5.256896018981933594e-01
5.136229991912841797e-01
5.106987953186035156e-01
5.152533054351806641e-01
5.119960308074951172e-01
5.123925209045410156e-01
5.084266662597656250e-01
5.016186237335205078e-01
4.977421760559082031e-01
4.966866970062255859e-01
4.950761795043945312e-01
4.952142238616943359e-01
4.883427619934082031e-01
4.960889816284179688e-01
4.937968254089355469e-01
4.933094978332519531e-01
4.970457553863525391e-01
4.911437034606933594e-01
4.926834106445312500e-01
4.930541515350341797e-01
4.951395988464355469e-01
4.929947853088378906e-01
4.893155097961425781e-01
4.889979362487792969e-01
4.883654117584228516e-01
4.902610778808593750e-01
4.872829914093017578e-01
4.863338470458984375e-01
4.904494285583496094e-01
4.940218925476074219e-01
4.889895915985107422e-01
4.903857707977294922e-01
4.909179210662841797e-01
4.866929054260253906e-01
4.921529293060302734e-01
4.909172058105468750e-01
4.917407035827636719e-01
4.898338317871093750e-01
4.983379840850830078e-01
4.971847534179687500e-01
5.082099437713623047e-01
5.036520957946777344e-01
5.018181800842285156e-01
5.048341751098632812e-01
5.006899833679199219e-01
5.051507949829101562e-01
5.186057090759277344e-01
5.050630569458007812e-01
5.066258907318115234e-01
5.057606697082519531e-01
5.024578571319580078e-01
5.077242851257324219e-01
5.058362483978271484e-01
5.104582309722900391e-01
5.026617050170898438e-01
5.002906322479248047e-01
5.053639411926269531e-01
5.053145885467529297e-01
5.065894126892089844e-01
5.072076320648193359e-01
5.190236568450927734e-01
5.074446201324462891e-01
4.981033802032470703e-01
5.044622421264648438e-01
5.037705898284912109e-01
5.249037742614746094e-01
4.992716312408447266e-01
5.037992000579833984e-01
