2.060409307479858398e+00
4.675438404083251953e-01
4.694733619689941406e-01
4.651339054107666016e-01
5.196490287780761719e-01
4.661927223205566406e-01
4.668521881103515625e-01
4.689996242523193359e-01
4.659888744354248047e-01
5.194225311279296875e-01
5.763287544250488281e-01
4.692952632904052734e-01
4.740321636199951172e-01
5.143258571624755859e-01
4.669928550720214844e-01
5.737903118133544922e-01
4.672784805297851562e-01
4.622716903686523438e-01
4.629685878753662109e-01
5.119202136993408203e-01
4.619812965393066406e-01
5.622942447662353516e-01
5.141296386718750000e-01
4.636845588684082031e-01
5.159564018249511719e-01
4.620702266693115234e-01
4.632968902587890625e-01
4.641718864440917969e-01
5.172004699707031250e-01
5.133109092712402344e-01
4.671180248260498047e-01
5.647618770599365234e-01
5.156817436218261719e-01
4.644658565521240234e-01
5.229804515838623047e-01
4.680621623992919922e-01
4.659070968627929688e-01
5.134849548339843750e-01
5.597693920135498047e-01
4.623708724975585938e-01
4.605917930603027344e-01
5.118854045867919922e-01
5.659034252166748047e-01
4.594433307647705078e-01
4.620747566223144531e-01
4.670267105102539062e-01
4.655437469482421875e-01
5.145750045776367188e-01
4.687380790710449219e-01
5.161371231079101562e-01
5.134878158569335938e-01
4.711108207702636719e-01
4.661345481872558594e-01
5.701134204864501953e-01
5.701951980590820312e-01
5.756454467773437500e-01
4.653162956237792969e-01
4.681162834167480469e-01
5.736751556396484375e-01
5.761651992797851562e-01
4.730699062347412109e-01
4.714586734771728516e-01
5.223131179809570312e-01
4.710006713867187500e-01
4.732940196990966797e-01
4.744360446929931641e-01
4.780666828155517578e-01
4.737749099731445312e-01
4.793081283569335938e-01
4.770619869232177734e-01
5.836870670318603516e-01
5.292415618896484375e-01
4.778468608856201172e-01
5.413823127746582031e-01
4.789466857910156250e-01
5.917906761169433594e-01
5.304946899414062500e-01
4.772841930389404297e-01
4.792709350585937500e-01
4.789032936096191406e-01
4.808282852172851562e-01
5.390086174011230469e-01
4.746820926666259766e-01
4.899318218231201172e-01
5.822966098785400391e-01
4.747965335845947266e-01
4.793384075164794922e-01
4.752936363220214844e-01
5.825893878936767578e-01
4.755070209503173828e-01
4.741108417510986328e-01
4.758186340332031250e-01
4.757308959960937500e-01
4.791183471679687500e-01
4.793968200683593750e-01
5.853300094604492188e-01
5.827298164367675781e-01
5.865533351898193359e-01
5.850875377655029297e-01
5.327503681182861328e-01
5.200247764587402344e-01
4.886240959167480469e-01
4.730818271636962891e-01
4.677057266235351562e-01
4.665975570678710938e-01
5.691766738891601562e-01
4.731948375701904297e-01
4.664342403411865234e-01
4.667954444885253906e-01
5.239388942718505859e-01
5.214838981628417969e-01
5.682520866394042969e-01
5.223481655120849609e-01
5.181672573089599609e-01
5.701692104339599609e-01
4.702246189117431641e-01
4.782435894012451172e-01
4.746887683868408203e-01
5.803320407867431641e-01
5.317230224609375000e-01
4.823389053344726562e-01
4.814238548278808594e-01
5.385310649871826172e-01
4.799969196319580078e-01
5.363368988037109375e-01
5.953853130340576172e-01
4.893751144409179688e-01
4.879977703094482422e-01
4.875295162200927734e-01
4.902184009552001953e-01
4.846057891845703125e-01
4.860050678253173828e-01
4.872632026672363281e-01
4.843168258666992188e-01
4.862031936645507812e-01
5.558776855468750000e-01
4.901936054229736328e-01
4.835851192474365234e-01
4.819562435150146484e-01
4.791963100433349609e-01
4.745738506317138672e-01
4.720222949981689453e-01
4.761445522308349609e-01
5.692458152770996094e-01
5.202493667602539062e-01
5.245442390441894531e-01
4.704566001892089844e-01
5.212571620941162109e-01
4.733846187591552734e-01
4.744093418121337891e-01
5.692884922027587891e-01
4.716987609863281250e-01
5.303463935852050781e-01
5.195996761322021484e-01
4.719421863555908203e-01
5.206577777862548828e-01
4.699478149414062500e-01
5.198674201965332031e-01
5.228250026702880859e-01
4.729759693145751953e-01
4.779467582702636719e-01
5.716669559478759766e-01
4.728970527648925781e-01
4.874384403228759766e-01
4.728300571441650391e-01
4.746735095977783203e-01
4.733703136444091797e-01
5.198826789855957031e-01
4.710059165954589844e-01
5.256466865539550781e-01
4.828813076019287109e-01
4.839849472045898438e-01
5.862991809844970703e-01
4.810044765472412109e-01
4.836966991424560547e-01
5.844466686248779297e-01
4.768764972686767578e-01
4.861218929290771484e-01
5.366048812866210938e-01
5.377388000488281250e-01
5.390157699584960938e-01
5.400493144989013672e-01
5.351243019104003906e-01
5.380773544311523438e-01
4.814443588256835938e-01
4.825117588043212891e-01
4.840579032897949219e-01
4.850673675537109375e-01
4.800765514373779297e-01
5.339233875274658203e-01
4.834904670715332031e-01
5.298037528991699219e-01
5.866408348083496094e-01
5.853726863861083984e-01
4.868667125701904297e-01
4.787068367004394531e-01
4.824521541595458984e-01
5.420701503753662109e-01
4.810149669647216797e-01
4.778745174407958984e-01
