1.579858303070068359e+00
1.462555170059204102e+00
1.457842111587524414e+00
1.542633533477783203e+00
1.445273876190185547e+00
1.435512781143188477e+00
1.402989149093627930e+00
1.447935104370117188e+00
1.557229042053222656e+00
1.392832279205322266e+00
1.428877353668212891e+00
1.439853668212890625e+00
1.420679569244384766e+00
1.458594560623168945e+00
1.388786554336547852e+00
1.439229249954223633e+00
1.471579313278198242e+00
1.431822299957275391e+00
1.421623706817626953e+00
1.398716688156127930e+00
1.382964372634887695e+00
1.423898935317993164e+00
1.413623571395874023e+00
1.530270099639892578e+00
1.327712774276733398e+00
1.466759681701660156e+00
1.407805919647216797e+00
1.449852466583251953e+00
1.456130504608154297e+00
1.448317766189575195e+00
1.430778503417968750e+00
1.448496103286743164e+00
1.420948505401611328e+00
1.460658788681030273e+00
1.474060773849487305e+00
1.434421539306640625e+00
1.434838533401489258e+00
1.412570953369140625e+00
1.476404905319213867e+00
1.408176660537719727e+00
1.394423484802246094e+00
1.415631771087646484e+00
1.445405483245849609e+00
1.454153299331665039e+00
1.446524620056152344e+00
1.445818901062011719e+00
1.506788730621337891e+00
1.567058563232421875e+00
1.458323001861572266e+00
1.481577634811401367e+00
1.580022335052490234e+00
1.542864084243774414e+00
1.605129957199096680e+00
1.572666883468627930e+00
1.512332916259765625e+00
1.522814750671386719e+00
1.530025243759155273e+00
1.484295606613159180e+00
1.543202400207519531e+00
1.516979455947875977e+00
1.505732774734497070e+00
1.508544683456420898e+00
1.521469116210937500e+00
1.458039283752441406e+00
1.455363750457763672e+00
1.435920953750610352e+00
1.416218757629394531e+00
1.393593788146972656e+00
1.457409858703613281e+00
1.433200836181640625e+00
1.377507448196411133e+00
1.385745525360107422e+00
1.444624423980712891e+00
1.412287950515747070e+00
1.434403896331787109e+00
1.402221918106079102e+00
1.374153137207031250e+00
1.421041011810302734e+00
1.405010938644409180e+00
1.365032672882080078e+00
1.375890731811523438e+00
1.371998548507690430e+00
1.270560979843139648e+00
1.347638368606567383e+00
1.340641736984252930e+00
1.346016645431518555e+00
1.313398122787475586e+00
1.350446224212646484e+00
1.338145971298217773e+00
1.289301156997680664e+00
1.344377040863037109e+00
1.281783819198608398e+00
1.399107933044433594e+00
1.266608715057373047e+00
1.339995145797729492e+00
1.289556503295898438e+00
1.294103384017944336e+00
1.339817047119140625e+00
1.311369657516479492e+00
1.305988311767578125e+00
1.256551980972290039e+00
1.390595197677612305e+00
1.314943075180053711e+00
1.432001590728759766e+00
1.346261978149414062e+00
1.329827070236206055e+00
1.272813796997070312e+00
1.327756166458129883e+00
1.316695690155029297e+00
1.332590579986572266e+00
1.362632274627685547e+00
1.325062990188598633e+00
1.338943719863891602e+00
1.375151634216308594e+00
1.452316045761108398e+00
1.409954547882080078e+00
1.440248012542724609e+00
1.418307781219482422e+00
1.505080699920654297e+00
1.408376216888427734e+00
1.417313098907470703e+00
1.436829328536987305e+00
1.459520339965820312e+00
1.472239732742309570e+00
1.419081211090087891e+00
1.433414459228515625e+00
1.421570062637329102e+00
1.354789257049560547e+00
1.453097820281982422e+00
1.379895210266113281e+00
1.356752395629882812e+00
1.391263961791992188e+00
1.323495149612426758e+00
1.512637376785278320e+00
1.360701560974121094e+00
1.382157802581787109e+00
1.321162462234497070e+00
1.321515321731567383e+00
1.480773925781250000e+00
1.364072799682617188e+00
1.351535558700561523e+00
1.310480594635009766e+00
1.307942152023315430e+00
1.459024190902709961e+00
1.355791807174682617e+00
1.353393316268920898e+00
1.340469121932983398e+00
1.338695049285888672e+00
1.346854925155639648e+00
1.311988353729248047e+00
1.351620674133300781e+00
1.338536262512207031e+00
1.374198675155639648e+00
1.344184637069702148e+00
1.352319955825805664e+00
1.363511085510253906e+00
1.343609571456909180e+00
1.354766607284545898e+00
1.458416938781738281e+00
1.354153156280517578e+00
1.355247259140014648e+00
1.283492326736450195e+00
1.315557003021240234e+00
1.292677879333496094e+00
1.394582033157348633e+00
1.406065464019775391e+00
1.375731229782104492e+00
1.383126258850097656e+00
1.480160236358642578e+00
1.510410070419311523e+00
1.339554548263549805e+00
1.334035158157348633e+00
1.385611772537231445e+00
1.403465509414672852e+00
1.538955450057983398e+00
1.410211086273193359e+00
1.463911771774291992e+00
1.464866399765014648e+00
1.463635921478271484e+00
1.555300474166870117e+00
1.377176284790039062e+00
1.419503450393676758e+00
1.383112907409667969e+00
1.356041908264160156e+00
1.462283372879028320e+00
1.351006031036376953e+00
1.283058166503906250e+00
1.345485687255859375e+00
1.344015598297119141e+00
1.366546869277954102e+00
1.353163003921508789e+00
1.374735832214355469e+00
1.310902357101440430e+00
1.385527133941650391e+00
1.303349018096923828e+00
1.335952281951904297e+00
1.363704442977905273e+00
1.375833034515380859e+00
1.384483098983764648e+00
1.373315334320068359e+00
