3.364650249481201172e+00
1.048226118087768555e+00
1.044004440307617188e+00
1.051204919815063477e+00
1.044363498687744141e+00
1.138936519622802734e+00
1.168408155441284180e+00
1.228629112243652344e+00
1.046035766601562500e+00
1.117611646652221680e+00
1.146271944046020508e+00
1.052276134490966797e+00
1.049581527709960938e+00
1.062716722488403320e+00
1.172693252563476562e+00
1.048958063125610352e+00
1.055514097213745117e+00
1.175970554351806641e+00
1.058874130249023438e+00
1.147237777709960938e+00
1.052267313003540039e+00
1.055890083312988281e+00
1.051943778991699219e+00
1.052787780761718750e+00
1.117308616638183594e+00
1.176819086074829102e+00
1.059222459793090820e+00
1.055411100387573242e+00
1.063517093658447266e+00
1.126025199890136719e+00
1.100322008132934570e+00
1.109095573425292969e+00
1.107240915298461914e+00
1.107760429382324219e+00
1.104596853256225586e+00
1.106922864913940430e+00
1.106595039367675781e+00
1.108498096466064453e+00
1.107337236404418945e+00
1.110159873962402344e+00
1.109788656234741211e+00
1.107767581939697266e+00
1.108434677124023438e+00
1.108662366867065430e+00
1.112132787704467773e+00
1.111022949218750000e+00
1.112204074859619141e+00
1.113283157348632812e+00
1.109761714935302734e+00
1.115311145782470703e+00
1.117374420166015625e+00
1.112497806549072266e+00
1.109637498855590820e+00
1.127160072326660156e+00
1.113060951232910156e+00
1.113616466522216797e+00
1.114232063293457031e+00
1.116445064544677734e+00
1.114923000335693359e+00
1.117211818695068359e+00
1.115820884704589844e+00
1.115694999694824219e+00
1.115856647491455078e+00
1.116771221160888672e+00
1.115854501724243164e+00
1.115966081619262695e+00
1.117382764816284180e+00
1.121650695800781250e+00
1.119112253189086914e+00
1.117941379547119141e+00
1.119302749633789062e+00
1.117930173873901367e+00
1.121064186096191406e+00
1.121723175048828125e+00
1.117344856262207031e+00
1.118940591812133789e+00
1.130356073379516602e+00
1.115419387817382812e+00
1.117712020874023438e+00
1.114752292633056641e+00
1.115061044692993164e+00
1.116811513900756836e+00
1.115930795669555664e+00
1.300910711288452148e+00
1.300838470458984375e+00
1.295431852340698242e+00
1.298807859420776367e+00
1.298178434371948242e+00
1.300476074218750000e+00
1.239395618438720703e+00
1.111334323883056641e+00
1.112772464752197266e+00
1.115813970565795898e+00
1.114953279495239258e+00
1.114265680313110352e+00
1.114382028579711914e+00
1.111451625823974609e+00
1.114219427108764648e+00
1.117745637893676758e+00
1.115868568420410156e+00
1.115365982055664062e+00
1.115002155303955078e+00
1.114054918289184570e+00
1.114354610443115234e+00
1.112352371215820312e+00
1.116117238998413086e+00
1.115406513214111328e+00
1.115518331527709961e+00
1.115566015243530273e+00
1.115524530410766602e+00
1.117647886276245117e+00
1.126776218414306641e+00
1.124740839004516602e+00
1.120363235473632812e+00
1.120759725570678711e+00
1.078325510025024414e+00
1.070983171463012695e+00
1.077390670776367188e+00
1.069612741470336914e+00
1.155776500701904297e+00
1.251803398132324219e+00
1.252378463745117188e+00
1.191449642181396484e+00
1.061509132385253906e+00
1.067022800445556641e+00
1.066660642623901367e+00
1.137757539749145508e+00
1.121249437332153320e+00
1.118889570236206055e+00
1.116406202316284180e+00
1.116681337356567383e+00
1.115153789520263672e+00
1.115029573440551758e+00
1.114696502685546875e+00
1.117696523666381836e+00
1.119454860687255859e+00
1.115058422088623047e+00
1.076168775558471680e+00
1.070822000503540039e+00
1.084501743316650391e+00
1.254522800445556641e+00
1.265997648239135742e+00
1.340472459793090820e+00
1.214851140975952148e+00
1.121297597885131836e+00
1.121975898742675781e+00
1.125444173812866211e+00
1.109619617462158203e+00
1.069289922714233398e+00
1.072657823562622070e+00
1.135121822357177734e+00
1.126347780227661133e+00
1.124881982803344727e+00
1.125970602035522461e+00
1.124220132827758789e+00
1.121528863906860352e+00
1.118276834487915039e+00
1.119360685348510742e+00
1.123040199279785156e+00
1.121505975723266602e+00
1.120496749877929688e+00
1.120847463607788086e+00
1.118981838226318359e+00
1.119803905487060547e+00
1.120586395263671875e+00
1.120288372039794922e+00
1.118391036987304688e+00
1.119190692901611328e+00
1.121031522750854492e+00
1.122427225112915039e+00
1.121448516845703125e+00
1.121294260025024414e+00
1.121021747589111328e+00
1.121286630630493164e+00
1.128264904022216797e+00
1.128854990005493164e+00
1.126047134399414062e+00
1.125863790512084961e+00
1.128048896789550781e+00
1.141511201858520508e+00
1.129320621490478516e+00
1.127465724945068359e+00
1.122293472290039062e+00
1.116880178451538086e+00
1.122996330261230469e+00
1.120621681213378906e+00
1.121376991271972656e+00
1.122273683547973633e+00
1.118308544158935547e+00
1.121954679489135742e+00
1.121752262115478516e+00
1.123965978622436523e+00
1.121295452117919922e+00
1.121362686157226562e+00
1.300173282623291016e+00
1.297401905059814453e+00
1.295403957366943359e+00
1.308264017105102539e+00
1.308851718902587891e+00
1.310925006866455078e+00
