3.303484439849853516e+00
1.116698026657104492e+00
9.811329841613769531e-01
9.819540977478027344e-01
9.796724319458007812e-01
1.084416389465332031e+00
9.847536087036132812e-01
9.887340068817138672e-01
9.800200462341308594e-01
9.809203147888183594e-01
1.071631908416748047e+00
1.168141603469848633e+00
1.089173555374145508e+00
9.881527423858642578e-01
9.942314624786376953e-01
9.822602272033691406e-01
9.804947376251220703e-01
9.937050342559814453e-01
9.873201847076416016e-01
1.077366352081298828e+00
9.867169857025146484e-01
1.082614660263061523e+00
9.956989288330078125e-01
9.879028797149658203e-01
9.846518039703369141e-01
9.949753284454345703e-01
9.929652214050292969e-01
9.913680553436279297e-01
1.081108808517456055e+00
1.161248445510864258e+00
1.039365530014038086e+00
1.035654544830322266e+00
1.039781808853149414e+00
1.038562297821044922e+00
1.037836313247680664e+00
1.035947799682617188e+00
1.039091825485229492e+00
1.038227796554565430e+00
1.038263320922851562e+00
1.041092395782470703e+00
1.039662837982177734e+00
1.044324636459350586e+00
1.040720701217651367e+00
1.044180631637573242e+00
1.043746709823608398e+00
1.047379255294799805e+00
1.052426338195800781e+00
1.048751354217529297e+00
1.050943851470947266e+00
1.050563812255859375e+00
1.048743247985839844e+00
1.047373294830322266e+00
1.062283277511596680e+00
1.055023431777954102e+00
1.054964780807495117e+00
1.058598518371582031e+00
1.049716234207153320e+00
1.050013303756713867e+00
1.050395250320434570e+00
1.050765752792358398e+00
1.054149866104125977e+00
1.051275491714477539e+00
1.051030158996582031e+00
1.053404331207275391e+00
1.053167819976806641e+00
1.046614646911621094e+00
1.052910566329956055e+00
1.052266120910644531e+00
1.053108692169189453e+00
1.051853656768798828e+00
1.047520160675048828e+00
1.051453351974487305e+00
1.049827098846435547e+00
1.052888631820678711e+00
1.051670789718627930e+00
1.051238298416137695e+00
1.053185462951660156e+00
1.057264566421508789e+00
1.052150487899780273e+00
1.052720546722412109e+00
1.052565336227416992e+00
1.056298971176147461e+00
1.054867982864379883e+00
1.055779457092285156e+00
1.056393623352050781e+00
1.056903839111328125e+00
1.057806491851806641e+00
1.057355403900146484e+00
1.058639049530029297e+00
1.058550596237182617e+00
1.055907487869262695e+00
1.060148000717163086e+00
1.059242725372314453e+00
1.056289911270141602e+00
1.057948827743530273e+00
1.054861545562744141e+00
1.054121732711791992e+00
1.052896976470947266e+00
1.056612968444824219e+00
1.054855346679687500e+00
1.052881717681884766e+00
1.056066274642944336e+00
1.051622867584228516e+00
1.049278974533081055e+00
1.051845312118530273e+00
1.054356575012207031e+00
1.052406549453735352e+00
1.055720090866088867e+00
1.058442115783691406e+00
1.059849023818969727e+00
1.055386543273925781e+00
1.058658838272094727e+00
1.058717250823974609e+00
1.058473587036132812e+00
1.052944660186767578e+00
1.005511522293090820e+00
1.106931924819946289e+00
1.004761457443237305e+00
1.000801086425781250e+00
1.000487804412841797e+00
1.000802755355834961e+00
1.007199764251708984e+00
1.003948926925659180e+00
1.003472805023193359e+00
1.000531435012817383e+00
1.006639719009399414e+00
1.071746826171875000e+00
1.123076915740966797e+00
1.218009471893310547e+00
1.171059131622314453e+00
1.049256801605224609e+00
1.053314447402954102e+00
1.050808668136596680e+00
1.054318189620971680e+00
1.054303646087646484e+00
1.072591066360473633e+00
1.056651353836059570e+00
1.008396625518798828e+00
1.009947776794433594e+00
1.120010137557983398e+00
1.010117053985595703e+00
1.033402204513549805e+00
1.079575777053833008e+00
1.061135053634643555e+00
1.061694383621215820e+00
1.063064336776733398e+00
1.066109180450439453e+00
1.043298959732055664e+00
1.184510469436645508e+00
1.109592914581298828e+00
1.071933269500732422e+00
1.064629554748535156e+00
1.062924623489379883e+00
1.064182043075561523e+00
1.060853242874145508e+00
1.059278011322021484e+00
1.058257818222045898e+00
1.057628393173217773e+00
1.058396100997924805e+00
1.119599342346191406e+00
1.227202892303466797e+00
1.229601144790649414e+00
1.226311445236206055e+00
1.228895425796508789e+00
1.228115081787109375e+00
1.227528810501098633e+00
1.225844621658325195e+00
1.228223323822021484e+00
1.183910846710205078e+00
1.061316728591918945e+00
1.061655521392822266e+00
1.062117338180541992e+00
1.058147907257080078e+00
1.062102317810058594e+00
1.064099073410034180e+00
1.063219308853149414e+00
1.067083120346069336e+00
1.063661336898803711e+00
1.058013439178466797e+00
1.058714151382446289e+00
1.071697235107421875e+00
1.064089298248291016e+00
1.064411640167236328e+00
1.056631565093994141e+00
1.061677694320678711e+00
1.061762094497680664e+00
1.065135717391967773e+00
1.063800573348999023e+00
1.064945459365844727e+00
1.066029310226440430e+00
1.064749002456665039e+00
1.063613176345825195e+00
1.062206506729125977e+00
1.076816558837890625e+00
1.061509370803833008e+00
1.062534332275390625e+00
1.063215732574462891e+00
1.065481185913085938e+00
1.070323944091796875e+00
1.064893007278442383e+00
