7.429938316345214844e-01
7.106206417083740234e-01
6.921482086181640625e-01
6.916244029998779297e-01
7.802240848541259766e-01
6.983809471130371094e-01
6.768622398376464844e-01
6.933579444885253906e-01
6.884081363677978516e-01
6.761643886566162109e-01
7.829406261444091797e-01
6.736822128295898438e-01
6.800537109375000000e-01
6.838409900665283203e-01
6.865835189819335938e-01
6.703600883483886719e-01
7.467668056488037109e-01
6.959333419799804688e-01
6.762847900390625000e-01
6.747899055480957031e-01
6.825940608978271484e-01
6.860833168029785156e-01
6.701791286468505859e-01
6.763317584991455078e-01
6.782846450805664062e-01
6.865520477294921875e-01
6.689465045928955078e-01
6.725354194641113281e-01
7.068452835083007812e-01
6.992285251617431641e-01
6.921932697296142578e-01
6.975431442260742188e-01
8.041577339172363281e-01
6.964120864868164062e-01
6.926469802856445312e-01
7.903976440429687500e-01
6.968474388122558594e-01
6.914925575256347656e-01
6.917383670806884766e-01
6.845366954803466797e-01
6.975674629211425781e-01
6.935091018676757812e-01
7.087123394012451172e-01
6.925175189971923828e-01
7.039031982421875000e-01
7.038898468017578125e-01
6.950786113739013672e-01
7.916994094848632812e-01
6.854639053344726562e-01
7.061202526092529297e-01
6.928043365478515625e-01
6.924469470977783203e-01
6.977598667144775391e-01
7.066879272460937500e-01
7.096581459045410156e-01
7.315089702606201172e-01
7.213025093078613281e-01
7.000834941864013672e-01
6.963007450103759766e-01
7.022194862365722656e-01
7.187461853027343750e-01
6.991560459136962891e-01
6.920542716979980469e-01
7.024526596069335938e-01
6.922774314880371094e-01
6.950440406799316406e-01
7.832207679748535156e-01
6.990144252777099609e-01
6.972987651824951172e-01
6.945059299468994141e-01
7.136387825012207031e-01
6.938433647155761719e-01
7.870118618011474609e-01
7.109186649322509766e-01
7.040753364562988281e-01
6.904463768005371094e-01
6.934416294097900391e-01
7.143328189849853516e-01
6.892051696777343750e-01
6.816191673278808594e-01
7.023990154266357422e-01
6.984949111938476562e-01
6.963768005371093750e-01
6.943261623382568359e-01
7.036929130554199219e-01
6.919131278991699219e-01
6.874468326568603516e-01
7.253360748291015625e-01
7.301831245422363281e-01
7.781469821929931641e-01
6.980650424957275391e-01
7.100336551666259766e-01
6.946885585784912109e-01
6.937017440795898438e-01
7.040913105010986328e-01
7.074437141418457031e-01
6.964361667633056641e-01
6.950876712799072266e-01
7.175080776214599609e-01
6.997196674346923828e-01
6.963880062103271484e-01
7.873964309692382812e-01
7.096307277679443359e-01
6.980662345886230469e-01
7.019436359405517578e-01
6.975963115692138672e-01
6.935384273529052734e-01
7.737603187561035156e-01
7.043540477752685547e-01
6.996586322784423828e-01
6.914041042327880859e-01
6.933417320251464844e-01
7.967839241027832031e-01
7.854850292205810547e-01
6.744148731231689453e-01
6.913347244262695312e-01
6.771955490112304688e-01
6.773519515991210938e-01
6.806578636169433594e-01
6.849753856658935547e-01
6.783933639526367188e-01
6.737327575683593750e-01
6.842908859252929688e-01
6.870410442352294922e-01
6.748435497283935547e-01
7.538177967071533203e-01
7.551519870758056641e-01
6.925809383392333984e-01
6.867346763610839844e-01
6.923282146453857422e-01
7.962083816528320312e-01
6.840825080871582031e-01
6.869268417358398438e-01
6.953012943267822266e-01
6.913256645202636719e-01
6.860699653625488281e-01
7.922596931457519531e-01
6.966133117675781250e-01
7.652537822723388672e-01
6.778540611267089844e-01
6.848385334014892578e-01
6.982295513153076172e-01
7.820336818695068359e-01
7.034776210784912109e-01
7.019066810607910156e-01
6.922311782836914062e-01
7.001180648803710938e-01
6.760544776916503906e-01
7.514901161193847656e-01
6.755657196044921875e-01
7.301454544067382812e-01
8.004488945007324219e-01
6.985557079315185547e-01
7.852675914764404297e-01
7.025895118713378906e-01
7.015237808227539062e-01
6.922984123229980469e-01
7.256674766540527344e-01
7.562193870544433594e-01
6.962919235229492188e-01
6.932411193847656250e-01
6.992743015289306641e-01
6.966867446899414062e-01
6.930596828460693359e-01
7.830443382263183594e-01
8.058006763458251953e-01
6.912999153137207031e-01
6.991610527038574219e-01
7.039160728454589844e-01
7.001726627349853516e-01
6.928992271423339844e-01
6.963264942169189453e-01
7.104558944702148438e-01
6.967234611511230469e-01
7.027628421783447266e-01
7.005670070648193359e-01
7.940480709075927734e-01
8.031814098358154297e-01
7.050681114196777344e-01
7.178111076354980469e-01
6.993877887725830078e-01
7.033553123474121094e-01
7.947959899902343750e-01
6.981704235076904297e-01
7.487409114837646484e-01
7.008373737335205078e-01
7.083320617675781250e-01
6.942780017852783203e-01
7.946848869323730469e-01
7.127115726470947266e-01
7.834856510162353516e-01
6.919758319854736328e-01
7.094366550445556641e-01
6.995780467987060547e-01
7.800459861755371094e-01
6.967895030975341797e-01
7.021441459655761719e-01
6.916291713714599609e-01
6.939594745635986328e-01
7.083153724670410156e-01
