7.429866790771484375e-01
7.105884552001953125e-01
6.921474933624267578e-01
6.916105747222900391e-01
7.802076339721679688e-01
6.983728408813476562e-01
6.768407821655273438e-01
6.933486461639404297e-01
6.883933544158935547e-01
6.761484146118164062e-01
7.829077243804931641e-01
6.736884117126464844e-01
6.800453662872314453e-01
6.838252544403076172e-01
6.865806579589843750e-01
6.703600883483886719e-01
7.467663288116455078e-01
6.959223747253417969e-01
6.762611865997314453e-01
6.747860908508300781e-01
6.825785636901855469e-01
6.860575675964355469e-01
6.701683998107910156e-01
6.763279438018798828e-01
6.782705783843994141e-01
6.865217685699462891e-01
6.689217090606689453e-01
6.725192070007324219e-01
7.068181037902832031e-01
6.992092132568359375e-01
6.921751499176025391e-01
6.975238323211669922e-01
8.041326999664306641e-01
6.964015960693359375e-01
6.926343441009521484e-01
7.904088497161865234e-01
6.968319416046142578e-01
6.914801597595214844e-01
6.917328834533691406e-01
6.845309734344482422e-01
6.975624561309814453e-01
6.934900283813476562e-01
7.086908817291259766e-01
6.924984455108642578e-01
7.038950920104980469e-01
7.038667201995849609e-01
6.950411796569824219e-01
7.916953563690185547e-01
6.854519844055175781e-01
7.061083316802978516e-01
6.927855014801025391e-01
6.924405097961425781e-01
6.977465152740478516e-01
7.066626548767089844e-01
7.096335887908935547e-01
7.315003871917724609e-01
7.212944030761718750e-01
7.000617980957031250e-01
6.962943077087402344e-01
7.022061347961425781e-01
7.187249660491943359e-01
6.991417407989501953e-01
6.920528411865234375e-01
7.024374008178710938e-01
6.922643184661865234e-01
6.950442790985107422e-01
7.832219600677490234e-01
6.990189552307128906e-01
6.972970962524414062e-01
6.944928169250488281e-01
7.136402130126953125e-01
6.938462257385253906e-01
7.870051860809326172e-01
7.109112739562988281e-01
7.040498256683349609e-01
6.904397010803222656e-01
6.934249401092529297e-01
7.142834663391113281e-01
6.891839504241943359e-01
6.816105842590332031e-01
7.023842334747314453e-01
6.984894275665283203e-01
6.963663101196289062e-01
6.943151950836181641e-01
7.036736011505126953e-01
6.918990612030029297e-01
6.874346733093261719e-01
7.253227233886718750e-01
7.301902770996093750e-01
7.781457901000976562e-01
6.980521678924560547e-01
7.100293636322021484e-01
6.946835517883300781e-01
6.936905384063720703e-01
7.040863037109375000e-01
7.074437141418457031e-01
6.964259147644042969e-01
6.950619220733642578e-01
7.174842357635498047e-01
6.996960639953613281e-01
6.963858604431152344e-01
7.874023914337158203e-01
7.096395492553710938e-01
6.980662345886230469e-01
7.019252777099609375e-01
6.975839138031005859e-01
6.935250759124755859e-01
7.737572193145751953e-01
7.043514251708984375e-01
6.996610164642333984e-01
6.914165019989013672e-01
6.933305263519287109e-01
7.967417240142822266e-01
7.854828834533691406e-01
6.744165420532226562e-01
6.913216114044189453e-01
6.771860122680664062e-01
6.773335933685302734e-01
6.806395053863525391e-01
6.849601268768310547e-01
6.783838272094726562e-01
6.737182140350341797e-01
6.842844486236572266e-01
6.870181560516357422e-01
6.748290061950683594e-01
7.538223266601562500e-01
7.551400661468505859e-01
6.925785541534423828e-01
6.867225170135498047e-01
6.923189163208007812e-01
7.962074279785156250e-01
6.840708255767822266e-01
6.869094371795654297e-01
6.952955722808837891e-01
6.913220882415771484e-01
6.860640048980712891e-01
7.922534942626953125e-01
6.965985298156738281e-01
7.652597427368164062e-01
6.778435707092285156e-01
6.848201751708984375e-01
6.982285976409912109e-01
7.820148468017578125e-01
7.034578323364257812e-01
7.018990516662597656e-01
6.922154426574707031e-01
7.000865936279296875e-01
6.760373115539550781e-01
7.514770030975341797e-01
6.755475997924804688e-01
7.301321029663085938e-01
8.004579544067382812e-01
6.985371112823486328e-01
7.852563858032226562e-01
7.025804519653320312e-01
7.014944553375244141e-01
6.922712326049804688e-01
7.256586551666259766e-01
7.562098503112792969e-01
6.962683200836181641e-01
6.932213306427001953e-01
6.992707252502441406e-01
6.966779232025146484e-01
6.930439472198486328e-01
7.830526828765869141e-01
8.058140277862548828e-01
6.912689208984375000e-01
6.991462707519531250e-01
7.039294242858886719e-01
7.001655101776123047e-01
6.929042339324951172e-01
6.963260173797607422e-01
7.104959487915039062e-01
6.967298984527587891e-01
7.027397155761718750e-01
7.005589008331298828e-01
7.940270900726318359e-01
8.031616210937500000e-01
7.050499916076660156e-01
7.178304195404052734e-01
6.993741989135742188e-01
7.033345699310302734e-01
7.947931289672851562e-01
6.981544494628906250e-01
7.487201690673828125e-01
7.008173465728759766e-01
7.083282470703125000e-01
6.942608356475830078e-01
7.946722507476806641e-01
7.127192020416259766e-01
7.834835052490234375e-01
6.919662952423095703e-01
7.094264030456542969e-01
6.995797157287597656e-01
7.800340652465820312e-01
6.967756748199462891e-01
7.021327018737792969e-01
6.916203498840332031e-01
6.939435005187988281e-01
7.082951068878173828e-01
