3.362945795059204102e+00
1.090785741806030273e+00
1.035535097122192383e+00
1.038565158843994141e+00
1.037554740905761719e+00
1.043677806854248047e+00
1.041496992111206055e+00
1.046576023101806641e+00
1.048707962036132812e+00
1.043311119079589844e+00
1.046766281127929688e+00
1.046228408813476562e+00
1.050418615341186523e+00
1.136307954788208008e+00
1.045532703399658203e+00
1.046001911163330078e+00
1.043434381484985352e+00
1.046070814132690430e+00
1.053882360458374023e+00
1.049341440200805664e+00
1.047692298889160156e+00
1.055090188980102539e+00
1.051067590713500977e+00
1.050706863403320312e+00
1.053268432617187500e+00
1.052997827529907227e+00
1.047339439392089844e+00
1.046606063842773438e+00
1.069214344024658203e+00
1.117009639739990234e+00
1.102258443832397461e+00
1.101173639297485352e+00
1.102699518203735352e+00
1.116073608398437500e+00
1.102120637893676758e+00
1.102844238281250000e+00
1.103760242462158203e+00
1.105434894561767578e+00
1.105390548706054688e+00
1.105101823806762695e+00
1.106290102005004883e+00
1.105116844177246094e+00
1.106976985931396484e+00
1.105832815170288086e+00
1.195858240127563477e+00
1.201490640640258789e+00
1.111128330230712891e+00
1.107553720474243164e+00
1.110584497451782227e+00
1.110424995422363281e+00
1.112128019332885742e+00
1.115145444869995117e+00
1.123419046401977539e+00
1.108929872512817383e+00
1.110273599624633789e+00
1.107162952423095703e+00
1.106666803359985352e+00
1.110455751419067383e+00
1.108647346496582031e+00
1.109096765518188477e+00
1.109204053878784180e+00
1.109136343002319336e+00
1.110554456710815430e+00
1.112480878829956055e+00
1.107839584350585938e+00
1.198445796966552734e+00
1.295299530029296875e+00
1.288094282150268555e+00
1.294877290725708008e+00
1.292931795120239258e+00
1.291959047317504883e+00
1.204411745071411133e+00
1.112499713897705078e+00
1.113533258438110352e+00
1.109497785568237305e+00
1.107936620712280273e+00
1.109193325042724609e+00
1.110103368759155273e+00
1.110100984573364258e+00
1.108339071273803711e+00
1.110172271728515625e+00
1.109150648117065430e+00
1.107833385467529297e+00
1.107856988906860352e+00
1.110416412353515625e+00
1.113100528717041016e+00
1.111916780471801758e+00
1.109993219375610352e+00
1.110034465789794922e+00
1.117516040802001953e+00
1.120534181594848633e+00
1.121305704116821289e+00
1.122865676879882812e+00
1.120541810989379883e+00
1.118554830551147461e+00
1.120713233947753906e+00
1.119301795959472656e+00
1.121467351913452148e+00
1.119876623153686523e+00
1.122431516647338867e+00
1.122839212417602539e+00
1.123347520828247070e+00
1.202644109725952148e+00
1.296245336532592773e+00
1.203455448150634766e+00
1.111839771270751953e+00
1.113149404525756836e+00
1.112250328063964844e+00
1.111184597015380859e+00
1.111776828765869141e+00
1.112557411193847656e+00
1.112001895904541016e+00
1.114790678024291992e+00
1.114832401275634766e+00
1.104961872100830078e+00
1.090724229812622070e+00
1.066468000411987305e+00
1.069087028503417969e+00
1.070402383804321289e+00
1.068479537963867188e+00
1.063156127929687500e+00
1.072695255279541016e+00
1.068529844284057617e+00
1.063253402709960938e+00
1.064975023269653320e+00
1.062163114547729492e+00
1.129484415054321289e+00
1.110242605209350586e+00
1.113341093063354492e+00
1.112412929534912109e+00
1.118650913238525391e+00
1.118092298507690430e+00
1.116884708404541016e+00
1.116981029510498047e+00
1.113063335418701172e+00
1.108299016952514648e+00
1.114871501922607422e+00
1.073361158370971680e+00
1.071339607238769531e+00
1.115879535675048828e+00
1.073680400848388672e+00
1.094522714614868164e+00
1.130486011505126953e+00
1.117143392562866211e+00
1.117011070251464844e+00
1.118957281112670898e+00
1.120832443237304688e+00
1.096755266189575195e+00
1.068997144699096680e+00
1.078564643859863281e+00
1.133949518203735352e+00
1.125166416168212891e+00
1.118492603302001953e+00
1.120054244995117188e+00
1.124884366989135742e+00
1.124088764190673828e+00
1.126346111297607422e+00
1.220651388168334961e+00
1.296030282974243164e+00
1.210641622543334961e+00
1.122408866882324219e+00
1.121326446533203125e+00
1.122877359390258789e+00
1.122177839279174805e+00
1.120530128479003906e+00
1.121779680252075195e+00
1.123182296752929688e+00
1.129541873931884766e+00
1.118311405181884766e+00
1.120862722396850586e+00
1.112370967864990234e+00
1.119398832321166992e+00
1.118727922439575195e+00
1.125795364379882812e+00
1.125152587890625000e+00
1.127931118011474609e+00
1.130453348159790039e+00
1.126938104629516602e+00
1.119605541229248047e+00
1.208490848541259766e+00
1.301150798797607422e+00
1.122072935104370117e+00
1.125598669052124023e+00
1.116721630096435547e+00
1.119635343551635742e+00
1.120643615722656250e+00
1.119131565093994141e+00
1.125192642211914062e+00
1.122418642044067383e+00
1.122066736221313477e+00
1.118993520736694336e+00
1.116308927536010742e+00
1.116534471511840820e+00
1.116232872009277344e+00
1.111993074417114258e+00
1.111859321594238281e+00
1.114968776702880859e+00
1.134137868881225586e+00
1.117635250091552734e+00
1.118892192840576172e+00
