3.720620155334472656e+00
2.142290115356445312e+00
2.145034790039062500e+00
2.147192478179931641e+00
2.146685123443603516e+00
2.149003744125366211e+00
2.148668527603149414e+00
2.151588439941406250e+00
2.156889915466308594e+00
2.156098604202270508e+00
2.158333778381347656e+00
2.156362056732177734e+00
2.157379627227783203e+00
2.161221265792846680e+00
2.165422201156616211e+00
2.182547569274902344e+00
2.175194740295410156e+00
2.171099185943603516e+00
2.169947862625122070e+00
2.181569814682006836e+00
2.182560682296752930e+00
2.173102855682373047e+00
2.208589792251586914e+00
2.185559034347534180e+00
2.183157205581665039e+00
2.185045719146728516e+00
2.187442302703857422e+00
2.184510946273803711e+00
2.183446168899536133e+00
2.197510719299316406e+00
2.178584098815917969e+00
2.184407472610473633e+00
2.204742431640625000e+00
2.210645198822021484e+00
2.200503349304199219e+00
2.194894075393676758e+00
2.199825525283813477e+00
2.215630531311035156e+00
2.204983472824096680e+00
2.198532104492187500e+00
2.208209276199340820e+00
2.205528259277343750e+00
2.210213422775268555e+00
2.201717615127563477e+00
2.206543922424316406e+00
2.200382232666015625e+00
2.212434530258178711e+00
2.203681945800781250e+00
2.206594944000244141e+00
2.208976507186889648e+00
2.205340862274169922e+00
2.217371940612792969e+00
2.209762334823608398e+00
2.209109306335449219e+00
2.211324453353881836e+00
2.202413320541381836e+00
2.202172517776489258e+00
2.218651771545410156e+00
2.206310749053955078e+00
2.217185020446777344e+00
2.213742733001708984e+00
2.212390184402465820e+00
2.212892770767211914e+00
2.213844537734985352e+00
2.209423542022705078e+00
2.216354131698608398e+00
2.237028360366821289e+00
2.214411020278930664e+00
2.220748901367187500e+00
2.209672451019287109e+00
2.216346979141235352e+00
2.227599382400512695e+00
2.221625328063964844e+00
2.241272687911987305e+00
2.261799097061157227e+00
2.237128734588623047e+00
2.248541831970214844e+00
2.254746913909912109e+00
2.219876766204833984e+00
2.219790458679199219e+00
2.205126047134399414e+00
2.210140228271484375e+00
2.237376213073730469e+00
2.222279787063598633e+00
2.207364082336425781e+00
2.241446018218994141e+00
2.210340261459350586e+00
2.234947681427001953e+00
2.232131242752075195e+00
2.222046852111816406e+00
2.231067419052124023e+00
2.211027622222900391e+00
2.227089166641235352e+00
2.225891828536987305e+00
2.221862077713012695e+00
2.227405071258544922e+00
2.221541643142700195e+00
2.217857837677001953e+00
2.228729248046875000e+00
2.208622932434082031e+00
2.221560955047607422e+00
2.204002141952514648e+00
2.223871231079101562e+00
2.211792707443237305e+00
2.244197130203247070e+00
2.216844797134399414e+00
2.222711086273193359e+00
2.229950428009033203e+00
2.218431949615478516e+00
2.211473226547241211e+00
2.234349727630615234e+00
2.209388256072998047e+00
2.226232528686523438e+00
2.230156660079956055e+00
2.223687171936035156e+00
2.222598075866699219e+00
2.213863611221313477e+00
2.210119724273681641e+00
2.232368707656860352e+00
2.217363119125366211e+00
2.233493328094482422e+00
2.236305475234985352e+00
2.228583574295043945e+00
2.221174240112304688e+00
2.228784799575805664e+00
2.265314102172851562e+00
2.227768898010253906e+00
2.237583637237548828e+00
2.232053279876708984e+00
2.233648061752319336e+00
2.229016542434692383e+00
2.217689275741577148e+00
2.230620622634887695e+00
2.254554033279418945e+00
2.225893020629882812e+00
2.237704277038574219e+00
2.229030609130859375e+00
2.231816291809082031e+00
2.227372646331787109e+00
2.234657526016235352e+00
2.234290361404418945e+00
2.231374740600585938e+00
2.221343278884887695e+00
2.230991363525390625e+00
2.234565973281860352e+00
2.233151912689208984e+00
2.232311248779296875e+00
2.227537870407104492e+00
2.228522539138793945e+00
2.236463069915771484e+00
2.227479934692382812e+00
2.251161098480224609e+00
2.250432014465332031e+00
2.227104663848876953e+00
2.232883214950561523e+00
2.246315956115722656e+00
2.244061708450317383e+00
2.241105079650878906e+00
2.239836454391479492e+00
2.224522590637207031e+00
2.230596780776977539e+00
2.230433464050292969e+00
2.223520517349243164e+00
2.245838165283203125e+00
2.264067173004150391e+00
2.302448987960815430e+00
2.256965398788452148e+00
2.240552186965942383e+00
2.230792284011840820e+00
2.237277746200561523e+00
2.237076759338378906e+00
2.279792547225952148e+00
2.243539571762084961e+00
2.249607324600219727e+00
2.263116836547851562e+00
2.270630598068237305e+00
2.254122018814086914e+00
2.237071275711059570e+00
2.255947113037109375e+00
2.222552537918090820e+00
2.238006830215454102e+00
2.222323417663574219e+00
2.237101793289184570e+00
2.260252475738525391e+00
2.239480733871459961e+00
2.224464893341064453e+00
2.238794803619384766e+00
2.233407735824584961e+00
2.229436159133911133e+00
2.234757661819458008e+00
2.237637996673583984e+00
2.232503414154052734e+00
2.236138105392456055e+00
2.237198352813720703e+00
2.227423191070556641e+00
2.246369600296020508e+00
2.237184047698974609e+00
2.236939430236816406e+00
2.237181186676025391e+00
2.240327119827270508e+00
