1.957178115844726562e-01
1.952261924743652344e-01
1.926791667938232422e-01
1.944439411163330078e-01
1.954882144927978516e-01
1.904942989349365234e-01
1.956522464752197266e-01
1.931130886077880859e-01
1.941666603088378906e-01
1.960170269012451172e-01
1.943204402923583984e-01
1.954116821289062500e-01
2.641892433166503906e-01
1.941642761230468750e-01
2.116227149963378906e-01
1.921424865722656250e-01
1.937339305877685547e-01
1.920049190521240234e-01
1.913862228393554688e-01
1.929471492767333984e-01
1.926825046539306641e-01
1.917757987976074219e-01
1.967837810516357422e-01
1.923730373382568359e-01
1.943252086639404297e-01
1.942293643951416016e-01
1.913855075836181641e-01
1.967360973358154297e-01
1.927247047424316406e-01
1.939861774444580078e-01
1.960036754608154297e-01
1.959927082061767578e-01
2.094807624816894531e-01
1.943764686584472656e-01
1.956520080566406250e-01
1.944842338562011719e-01
1.979546546936035156e-01
1.954190731048583984e-01
1.968822479248046875e-01
1.994485855102539062e-01
1.956737041473388672e-01
1.965909004211425781e-01
1.974024772644042969e-01
1.946339607238769531e-01
1.957032680511474609e-01
1.977951526641845703e-01
1.942081451416015625e-01
1.971955299377441406e-01
2.060797214508056641e-01
1.947052478790283203e-01
1.970465183258056641e-01
1.986770629882812500e-01
1.940958499908447266e-01
1.977899074554443359e-01
1.969923973083496094e-01
1.933631896972656250e-01
1.984229087829589844e-01
1.959276199340820312e-01
1.965076923370361328e-01
1.964404582977294922e-01
1.960816383361816406e-01
1.976368427276611328e-01
1.963963508605957031e-01
1.983754634857177734e-01
1.964161396026611328e-01
1.988477706909179688e-01
1.958103179931640625e-01
2.345681190490722656e-01
1.975979804992675781e-01
1.975464820861816406e-01
1.971337795257568359e-01
1.956002712249755859e-01
1.968736648559570312e-01
1.996457576751708984e-01
1.985158920288085938e-01
1.928987503051757812e-01
1.965146064758300781e-01
2.718615531921386719e-01
1.958355903625488281e-01
2.718102931976318359e-01
1.957178115844726562e-01
1.954669952392578125e-01
1.987581253051757812e-01
1.962764263153076172e-01
2.273335456848144531e-01
1.980407238006591797e-01
1.955187320709228516e-01
1.947278976440429688e-01
1.961345672607421875e-01
1.983447074890136719e-01
1.975114345550537109e-01
1.961114406585693359e-01
1.979703903198242188e-01
1.974489688873291016e-01
1.956152915954589844e-01
1.972374916076660156e-01
1.966474056243896484e-01
1.946158409118652344e-01
1.957848072052001953e-01
1.967413425445556641e-01
1.977474689483642578e-01
1.967699527740478516e-01
1.957991123199462891e-01
1.966090202331542969e-01
1.958479881286621094e-01
1.966254711151123047e-01
1.972908973693847656e-01
1.984453201293945312e-01
1.957573890686035156e-01
1.963007450103759766e-01
1.979691982269287109e-01
1.974401473999023438e-01
1.946432590484619141e-01
2.037932872772216797e-01
2.773175239562988281e-01
1.998503208160400391e-01
2.713971138000488281e-01
1.963696479797363281e-01
2.017590999603271484e-01
1.998164653778076172e-01
1.952610015869140625e-01
1.964585781097412109e-01
1.993451118469238281e-01
2.006700038909912109e-01
1.971709728240966797e-01
1.970071792602539062e-01
1.968829631805419922e-01
1.966216564178466797e-01
1.964082717895507812e-01
1.980123519897460938e-01
1.984598636627197266e-01
2.040522098541259766e-01
2.072534561157226562e-01
2.020299434661865234e-01
2.079305648803710938e-01
2.221767902374267578e-01
1.979336738586425781e-01
1.960256099700927734e-01
1.946034431457519531e-01
1.954305171966552734e-01
1.965746879577636719e-01
1.948442459106445312e-01
1.956250667572021484e-01
1.966583728790283203e-01
1.959242820739746094e-01
1.951379776000976562e-01
1.957559585571289062e-01
1.960637569427490234e-01
1.983613967895507812e-01
2.029635906219482422e-01
1.952147483825683594e-01
2.011499404907226562e-01
1.974101066589355469e-01
1.974656581878662109e-01
1.956980228424072266e-01
1.993551254272460938e-01
1.956431865692138672e-01
1.981177330017089844e-01
1.950912475585937500e-01
1.960356235504150391e-01
1.966371536254882812e-01
1.997773647308349609e-01
1.966021060943603516e-01
1.965570449829101562e-01
1.947414875030517578e-01
1.984682083129882812e-01
2.006795406341552734e-01
1.944735050201416016e-01
1.774716377258300781e-01
1.990857124328613281e-01
1.947672367095947266e-01
1.967782974243164062e-01
1.946434974670410156e-01
1.953966617584228516e-01
1.983306407928466797e-01
1.916916370391845703e-01
1.983704566955566406e-01
1.925895214080810547e-01
1.920268535614013672e-01
1.914792060852050781e-01
1.961030960083007812e-01
1.929941177368164062e-01
1.783418655395507812e-01
1.931998729705810547e-01
1.922998428344726562e-01
1.928596496582031250e-01
1.967875957489013672e-01
2.747921943664550781e-01
1.964137554168701172e-01
1.967978477478027344e-01
1.939897537231445312e-01
1.923696994781494141e-01
1.919877529144287109e-01
1.929254531860351562e-01
1.943235397338867188e-01
1.923213005065917969e-01
1.731915473937988281e-01
1.934738159179687500e-01
1.938517093658447266e-01
1.912262439727783203e-01
