6.414334774017333984e-01
6.380047798156738281e-01
6.323966979980468750e-01
6.349165439605712891e-01
7.197489738464355469e-01
6.288402080535888672e-01
6.292974948883056641e-01
6.237955093383789062e-01
6.383438110351562500e-01
6.266024112701416016e-01
6.274135112762451172e-01
6.252188682556152344e-01
6.472060680389404297e-01
6.243934631347656250e-01
6.274077892303466797e-01
6.357293128967285156e-01
7.011132240295410156e-01
6.175994873046875000e-01
6.191523075103759766e-01
6.292579174041748047e-01
6.210970878601074219e-01
6.265094280242919922e-01
6.223740577697753906e-01
6.255192756652832031e-01
6.217417716979980469e-01
6.365933418273925781e-01
6.230587959289550781e-01
6.211202144622802734e-01
6.233351230621337891e-01
6.235518455505371094e-01
6.216807365417480469e-01
6.180107593536376953e-01
6.236236095428466797e-01
6.184582710266113281e-01
6.201231479644775391e-01
6.983010768890380859e-01
6.403906345367431641e-01
6.226904392242431641e-01
6.260323524475097656e-01
6.309766769409179688e-01
6.270754337310791016e-01
6.249892711639404297e-01
6.433625221252441406e-01
6.262042522430419922e-01
6.387202739715576172e-01
6.249589920043945312e-01
6.231250762939453125e-01
7.060375213623046875e-01
6.296913623809814453e-01
6.317298412322998047e-01
6.256630420684814453e-01
6.313359737396240234e-01
6.342203617095947266e-01
6.251084804534912109e-01
6.248779296875000000e-01
6.313645839691162109e-01
6.303305625915527344e-01
6.263449192047119141e-01
6.267037391662597656e-01
6.310706138610839844e-01
6.213774681091308594e-01
6.232509613037109375e-01
6.303074359893798828e-01
6.231315135955810547e-01
6.254532337188720703e-01
6.281170845031738281e-01
7.054002285003662109e-01
6.217064857482910156e-01
6.229593753814697266e-01
6.299502849578857422e-01
6.422412395477294922e-01
6.198763847351074219e-01
6.232137680053710938e-01
6.266963481903076172e-01
6.332311630249023438e-01
6.223804950714111328e-01
6.399312019348144531e-01
6.278288364410400391e-01
6.270759105682373047e-01
6.278572082519531250e-01
6.412436962127685547e-01
6.353390216827392578e-01
6.356587409973144531e-01
6.406235694885253906e-01
6.453280448913574219e-01
6.440324783325195312e-01
6.484303474426269531e-01
6.352059841156005859e-01
6.330299377441406250e-01
7.164840698242187500e-01
6.357946395874023438e-01
6.369128227233886719e-01
6.453359127044677734e-01
6.863942146301269531e-01
6.531684398651123047e-01
6.425399780273437500e-01
6.487996578216552734e-01
6.498589515686035156e-01
6.457576751708984375e-01
6.303360462188720703e-01
6.409327983856201172e-01
6.388671398162841797e-01
6.307675838470458984e-01
6.283822059631347656e-01
6.367962360382080078e-01
6.498820781707763672e-01
6.795420646667480469e-01
6.494739055633544922e-01
6.364846229553222656e-01
6.351397037506103516e-01
6.355345249176025391e-01
6.263599395751953125e-01
6.269397735595703125e-01
6.225957870483398438e-01
6.250309944152832031e-01
6.426863670349121094e-01
6.416480541229248047e-01
6.342003345489501953e-01
6.387617588043212891e-01
6.299884319305419922e-01
6.352705955505371094e-01
6.355473995208740234e-01
6.252748966217041016e-01
6.258428096771240234e-01
6.261100769042968750e-01
6.260902881622314453e-01
6.228396892547607422e-01
6.231346130371093750e-01
6.343061923980712891e-01
6.226160526275634766e-01
6.247334480285644531e-01
6.257727146148681641e-01
6.292746067047119141e-01
6.255936622619628906e-01
6.245980262756347656e-01
6.273400783538818359e-01
6.244256496429443359e-01
6.218237876892089844e-01
6.283078193664550781e-01
6.305904388427734375e-01
6.247375011444091797e-01
6.237382888793945312e-01
6.284837722778320312e-01
6.235461235046386719e-01
6.212122440338134766e-01
6.243803501129150391e-01
6.301853656768798828e-01
6.235337257385253906e-01
6.245894432067871094e-01
6.275877952575683594e-01
6.289379596710205078e-01
6.214237213134765625e-01
6.485264301300048828e-01
7.180397510528564453e-01
6.329717636108398438e-01
6.621410846710205078e-01
6.407234668731689453e-01
6.454050540924072266e-01
6.370985507965087891e-01
6.405789852142333984e-01
6.340603828430175781e-01
6.363101005554199219e-01
6.411440372467041016e-01
6.312489509582519531e-01
6.446444988250732422e-01
7.220156192779541016e-01
6.474874019622802734e-01
6.304972171783447266e-01
6.350150108337402344e-01
6.346499919891357422e-01
6.312115192413330078e-01
6.414346694946289062e-01
6.291728019714355469e-01
6.362140178680419922e-01
6.346347332000732422e-01
6.345214843750000000e-01
6.497793197631835938e-01
7.193129062652587891e-01
6.345143318176269531e-01
6.332142353057861328e-01
6.327736377716064453e-01
6.323387622833251953e-01
6.442873477935791016e-01
6.297590732574462891e-01
6.312882900238037109e-01
6.443581581115722656e-01
6.320285797119140625e-01
6.365406513214111328e-01
6.317708492279052734e-01
6.391098499298095703e-01
7.259724140167236328e-01
6.316742897033691406e-01
6.370315551757812500e-01
6.490695476531982422e-01
6.329431533813476562e-01
6.314110755920410156e-01
6.442062854766845703e-01
6.312246322631835938e-01
6.386547088623046875e-01
6.304605007171630859e-01
