2.623186826705932617e+00
7.730946540832519531e-01
7.750988006591796875e-01
7.931957244873046875e-01
7.781686782836914062e-01
7.649097442626953125e-01
7.651870250701904297e-01
7.701113224029541016e-01
7.740917205810546875e-01
7.692701816558837891e-01
7.738645076751708984e-01
7.727224826812744141e-01
7.709944248199462891e-01
7.744257450103759766e-01
7.762708663940429688e-01
7.716255187988281250e-01
7.738466262817382812e-01
7.750992774963378906e-01
7.724106311798095703e-01
7.912638187408447266e-01
7.759842872619628906e-01
7.777276039123535156e-01
7.748420238494873047e-01
7.759988307952880859e-01
7.777838706970214844e-01
7.770192623138427734e-01
7.867763042449951172e-01
7.789213657379150391e-01
7.796194553375244141e-01
7.760417461395263672e-01
7.818431854248046875e-01
7.810330390930175781e-01
7.851254940032958984e-01
7.801105976104736328e-01
7.808058261871337891e-01
7.809503078460693359e-01
7.822508811950683594e-01
7.780888080596923828e-01
7.803845405578613281e-01
7.839746475219726562e-01
7.824254035949707031e-01
7.815301418304443359e-01
7.825324535369873047e-01
7.823615074157714844e-01
7.843608856201171875e-01
7.835772037506103516e-01
7.818281650543212891e-01
7.849950790405273438e-01
7.813372611999511719e-01
7.789235115051269531e-01
7.843308448791503906e-01
7.839457988739013672e-01
7.832717895507812500e-01
7.822754383087158203e-01
7.886729240417480469e-01
7.826185226440429688e-01
7.843215465545654297e-01
7.857384681701660156e-01
7.848336696624755859e-01
7.831554412841796875e-01
7.900290489196777344e-01
7.857124805450439453e-01
7.857301235198974609e-01
7.888422012329101562e-01
7.892007827758789062e-01
7.913212776184082031e-01
7.858526706695556641e-01
7.952921390533447266e-01
7.862598896026611328e-01
7.625620365142822266e-01
7.566132545471191406e-01
8.247661590576171875e-01
7.915101051330566406e-01
7.917640209197998047e-01
7.908530235290527344e-01
7.911100387573242188e-01
7.915160655975341797e-01
7.905046939849853516e-01
7.888326644897460938e-01
7.902982234954833984e-01
7.907509803771972656e-01
7.919409275054931641e-01
7.970011234283447266e-01
8.043708801269531250e-01
7.956135272979736328e-01
8.029074668884277344e-01
8.629419803619384766e-01
7.601773738861083984e-01
7.997992038726806641e-01
7.798361778259277344e-01
7.585027217864990234e-01
7.597217559814453125e-01
8.435158729553222656e-01
7.947642803192138672e-01
7.967016696929931641e-01
7.947165966033935547e-01
7.935755252838134766e-01
7.931349277496337891e-01
7.943751811981201172e-01
7.998359203338623047e-01
7.962691783905029297e-01
7.971644401550292969e-01
7.991397380828857422e-01
7.922184467315673828e-01
8.369293212890625000e-01
7.963519096374511719e-01
7.949216365814208984e-01
7.964432239532470703e-01
7.913994789123535156e-01
8.234882354736328125e-01
7.599325180053710938e-01
7.598414421081542969e-01
7.641365528106689453e-01
7.657105922698974609e-01
7.610106468200683594e-01
7.762722969055175781e-01
7.974035739898681641e-01
7.964243888854980469e-01
7.989621162414550781e-01
7.984926700592041016e-01
8.010497093200683594e-01
7.983527183532714844e-01
7.948818206787109375e-01
7.988903522491455078e-01
7.961287498474121094e-01
7.941634654998779297e-01
7.978975772857666016e-01
7.968993186950683594e-01
7.954814434051513672e-01
8.477823734283447266e-01
8.226113319396972656e-01
7.974078655242919922e-01
7.942049503326416016e-01
7.940514087677001953e-01
7.977643013000488281e-01
7.956514358520507812e-01
7.950115203857421875e-01
7.972295284271240234e-01
7.970097064971923828e-01
7.959406375885009766e-01
7.916207313537597656e-01
7.959349155426025391e-01
7.937850952148437500e-01
8.167853355407714844e-01
7.913515567779541016e-01
7.917611598968505859e-01
7.907800674438476562e-01
7.904450893402099609e-01
7.912948131561279297e-01
8.015103340148925781e-01
8.058598041534423828e-01
7.939319610595703125e-01
8.072686195373535156e-01
7.969064712524414062e-01
7.908785343170166016e-01
7.973651885986328125e-01
7.944109439849853516e-01
7.957541942596435547e-01
7.920086383819580078e-01
7.923510074615478516e-01
7.922527790069580078e-01
7.951405048370361328e-01
7.919943332672119141e-01
7.916128635406494141e-01
7.806479930877685547e-01
7.694134712219238281e-01
8.108091354370117188e-01
7.953176498413085938e-01
7.942433357238769531e-01
7.965517044067382812e-01
7.921516895294189453e-01
7.975788116455078125e-01
7.914855480194091797e-01
7.921640872955322266e-01
7.933840751647949219e-01
7.930457592010498047e-01
7.921202182769775391e-01
7.918708324432373047e-01
7.907259464263916016e-01
8.007102012634277344e-01
8.012797832489013672e-01
7.928016185760498047e-01
7.931680679321289062e-01
7.933764457702636719e-01
7.932610511779785156e-01
7.947254180908203125e-01
7.983100414276123047e-01
7.979176044464111328e-01
8.019700050354003906e-01
8.033218383789062500e-01
7.678852081298828125e-01
7.889709472656250000e-01
7.658123970031738281e-01
7.645988464355468750e-01
7.735273838043212891e-01
7.652471065521240234e-01
7.856755256652832031e-01
8.173999786376953125e-01
7.995324134826660156e-01
8.001718521118164062e-01
