6.414279937744140625e-01
6.380028724670410156e-01
6.323926448822021484e-01
6.348991394042968750e-01
7.197320461273193359e-01
6.288385391235351562e-01
6.292800903320312500e-01
6.237983703613281250e-01
6.383435726165771484e-01
6.265895366668701172e-01
6.274104118347167969e-01
6.252384185791015625e-01
6.472229957580566406e-01
6.244058609008789062e-01
6.274037361145019531e-01
6.357355117797851562e-01
7.011268138885498047e-01
6.175966262817382812e-01
6.191663742065429688e-01
6.292641162872314453e-01
6.211121082305908203e-01
6.265192031860351562e-01
6.223778724670410156e-01
6.255180835723876953e-01
6.217558383941650391e-01
6.365737915039062500e-01
6.230607032775878906e-01
6.211173534393310547e-01
6.233189105987548828e-01
6.235442161560058594e-01
6.217033863067626953e-01
6.180214881896972656e-01
6.236350536346435547e-01
6.184709072113037109e-01
6.197109222412109375e-01
6.982979774475097656e-01
6.403830051422119141e-01
6.227047443389892578e-01
6.260285377502441406e-01
6.309874057769775391e-01
6.270864009857177734e-01
6.249854564666748047e-01
6.433737277984619141e-01
6.262116432189941406e-01
6.387252807617187500e-01
6.249728202819824219e-01
6.231310367584228516e-01
7.060425281524658203e-01
6.297028064727783203e-01
6.317265033721923828e-01
6.256725788116455078e-01
6.313457489013671875e-01
6.342341899871826172e-01
6.251063346862792969e-01
6.248693466186523438e-01
6.313662528991699219e-01
6.303424835205078125e-01
6.263566017150878906e-01
6.267132759094238281e-01
6.310758590698242188e-01
6.213772296905517578e-01
6.232626438140869141e-01
6.303195953369140625e-01
6.231451034545898438e-01
6.254692077636718750e-01
6.281149387359619141e-01
7.054123878479003906e-01
6.217072010040283203e-01
6.237039566040039062e-01
6.299607753753662109e-01
6.422436237335205078e-01
6.198899745941162109e-01
6.232268810272216797e-01
6.267149448394775391e-01
6.332321166992187500e-01
6.223917007446289062e-01
6.399428844451904297e-01
6.278328895568847656e-01
6.270737648010253906e-01
6.278591156005859375e-01
6.412539482116699219e-01
6.353437900543212891e-01
6.356618404388427734e-01
6.406335830688476562e-01
6.453337669372558594e-01
6.440341472625732422e-01
6.484477519989013672e-01
6.352214813232421875e-01
6.330442428588867188e-01
7.164826393127441406e-01
6.358189582824707031e-01
6.369311809539794922e-01
6.453247070312500000e-01
6.863930225372314453e-01
6.531536579132080078e-01
6.425375938415527344e-01
6.487839221954345703e-01
6.498465538024902344e-01
6.457664966583251953e-01
6.303436756134033203e-01
6.409292221069335938e-01
6.388804912567138672e-01
6.307861804962158203e-01
6.283807754516601562e-01
6.367912292480468750e-01
6.498780250549316406e-01
6.795523166656494141e-01
6.494679450988769531e-01
6.364908218383789062e-01
6.351504325866699219e-01
6.355352401733398438e-01
6.263542175292968750e-01
6.269576549530029297e-01
6.311342716217041016e-01
6.250374317169189453e-01
6.427080631256103516e-01
6.416513919830322266e-01
6.341998577117919922e-01
6.387724876403808594e-01
6.299808025360107422e-01
6.352884769439697266e-01
6.355321407318115234e-01
6.252675056457519531e-01
6.258559226989746094e-01
6.261222362518310547e-01
6.260876655578613281e-01
6.228530406951904297e-01
6.231460571289062500e-01
6.343159675598144531e-01
6.226205825805664062e-01
6.247303485870361328e-01
6.257870197296142578e-01
6.292917728424072266e-01
6.256060600280761719e-01
6.246221065521240234e-01
6.273512840270996094e-01
6.244323253631591797e-01
6.218335628509521484e-01
6.283280849456787109e-01
6.306049823760986328e-01
6.247496604919433594e-01
6.237509250640869141e-01
6.285002231597900391e-01
6.235392093658447266e-01
6.212239265441894531e-01
6.243913173675537109e-01
6.301856040954589844e-01
6.235361099243164062e-01
6.246016025543212891e-01
6.275999546051025391e-01
6.289479732513427734e-01
6.214354038238525391e-01
6.485304832458496094e-01
7.180569171905517578e-01
6.329653263092041016e-01
6.621263027191162109e-01
6.407175064086914062e-01
6.453924179077148438e-01
6.371145248413085938e-01
6.405735015869140625e-01
6.340582370758056641e-01
6.362965106964111328e-01
6.411345005035400391e-01
6.312468051910400391e-01
6.446449756622314453e-01
7.220020294189453125e-01
6.474792957305908203e-01
6.305203437805175781e-01
6.350071430206298828e-01
6.346430778503417969e-01
6.312062740325927734e-01
6.414337158203125000e-01
6.291742324829101562e-01
6.362173557281494141e-01
6.346509456634521484e-01
6.345329284667968750e-01
6.497685909271240234e-01
7.193071842193603516e-01
6.446750164031982422e-01
6.331961154937744141e-01
6.327712535858154297e-01
6.323444843292236328e-01
6.442761421203613281e-01
6.297318935394287109e-01
6.312897205352783203e-01
6.443567276000976562e-01
6.320333480834960938e-01
6.365346908569335938e-01
6.317603588104248047e-01
6.391193866729736328e-01
7.259886264801025391e-01
6.316785812377929688e-01
6.370372772216796875e-01
6.490643024444580078e-01
6.329460144042968750e-01
6.314055919647216797e-01
6.442060470581054688e-01
6.312248706817626953e-01
6.386475563049316406e-01
6.304652690887451172e-01
