2.633465051651000977e+00
7.882003784179687500e-01
7.922899723052978516e-01
7.900223731994628906e-01
7.910804748535156250e-01
7.911291122436523438e-01
7.896602153778076172e-01
7.896151542663574219e-01
7.913961410522460938e-01
7.899026870727539062e-01
7.917132377624511719e-01
8.014860153198242188e-01
7.957119941711425781e-01
7.981629371643066406e-01
7.999587059020996094e-01
7.987232208251953125e-01
7.980251312255859375e-01
7.972686290740966797e-01
8.003268241882324219e-01
7.991597652435302734e-01
8.009598255157470703e-01
8.013896942138671875e-01
7.990162372589111328e-01
7.903807163238525391e-01
7.912180423736572266e-01
7.929513454437255859e-01
7.966048717498779297e-01
7.894783020019531250e-01
7.920997142791748047e-01
7.945930957794189453e-01
7.927565574645996094e-01
7.946801185607910156e-01
7.922129631042480469e-01
7.969923019409179688e-01
7.946043014526367188e-01
7.968966960906982422e-01
7.981655597686767578e-01
7.964911460876464844e-01
8.070590496063232422e-01
8.026983737945556641e-01
8.047406673431396484e-01
8.026659488677978516e-01
8.052904605865478516e-01
8.053760528564453125e-01
8.046743869781494141e-01
8.043937683105468750e-01
8.065340518951416016e-01
8.058092594146728516e-01
8.038120269775390625e-01
8.063509464263916016e-01
8.078048229217529297e-01
8.072957992553710938e-01
8.098740577697753906e-01
8.088414669036865234e-01
8.105442523956298828e-01
8.093891143798828125e-01
8.103036880493164062e-01
8.089227676391601562e-01
8.118376731872558594e-01
8.096911907196044922e-01
8.107705116271972656e-01
8.114233016967773438e-01
8.103101253509521484e-01
8.123049736022949219e-01
8.116514682769775391e-01
8.110930919647216797e-01
8.122925758361816406e-01
8.116910457611083984e-01
8.133516311645507812e-01
8.149611949920654297e-01
8.137304782867431641e-01
8.151147365570068359e-01
8.165159225463867188e-01
8.149209022521972656e-01
8.130028247833251953e-01
8.124663829803466797e-01
8.142139911651611328e-01
8.130722045898437500e-01
8.125257492065429688e-01
8.158953189849853516e-01
8.151209354400634766e-01
8.169534206390380859e-01
8.172397613525390625e-01
8.171701431274414062e-01
8.155157566070556641e-01
8.142988681793212891e-01
8.172791004180908203e-01
8.152315616607666016e-01
8.177635669708251953e-01
8.195912837982177734e-01
8.186340332031250000e-01
8.079390525817871094e-01
8.088433742523193359e-01
8.105435371398925781e-01
8.122224807739257812e-01
8.101618289947509766e-01
8.088464736938476562e-01
8.108098506927490234e-01
8.217332363128662109e-01
8.188037872314453125e-01
8.191254138946533203e-01
8.176908493041992188e-01
8.177208900451660156e-01
8.209991455078125000e-01
8.221411705017089844e-01
8.152348995208740234e-01
8.131194114685058594e-01
8.132777214050292969e-01
8.104600906372070312e-01
8.116378784179687500e-01
8.184471130371093750e-01
8.141934871673583984e-01
8.083016872406005859e-01
8.093690872192382812e-01
8.100337982177734375e-01
8.198535442352294922e-01
8.183872699737548828e-01
8.197224140167236328e-01
8.206810951232910156e-01
8.095333576202392578e-01
8.098227977752685547e-01
8.079123497009277344e-01
8.094117641448974609e-01
8.080546855926513672e-01
8.099000453948974609e-01
8.086419105529785156e-01
8.041920661926269531e-01
8.079118728637695312e-01
8.059630393981933594e-01
8.084521293640136719e-01
8.096098899841308594e-01
8.090989589691162109e-01
8.115551471710205078e-01
8.101649284362792969e-01
8.099455833435058594e-01
8.109829425811767578e-01
8.245217800140380859e-01
8.098800182342529297e-01
8.078086376190185547e-01
8.120357990264892578e-01
8.094816207885742188e-01
8.106329441070556641e-01
8.118615150451660156e-01
8.115065097808837891e-01
8.090157508850097656e-01
8.143784999847412109e-01
8.072011470794677734e-01
8.091194629669189453e-01
8.102095127105712891e-01
8.107953071594238281e-01
8.121964931488037109e-01
8.115265369415283203e-01
8.118400573730468750e-01
8.114025592803955078e-01
8.141970634460449219e-01
8.119101524353027344e-01
8.137359619140625000e-01
8.139407634735107422e-01
8.143913745880126953e-01
8.126318454742431641e-01
8.175361156463623047e-01
8.169236183166503906e-01
8.123319149017333984e-01
8.159379959106445312e-01
8.123197555541992188e-01
8.143339157104492188e-01
8.119461536407470703e-01
8.119525909423828125e-01
8.132069110870361328e-01
8.159048557281494141e-01
8.128364086151123047e-01
8.168187141418457031e-01
8.129441738128662109e-01
8.160157203674316406e-01
8.184096813201904297e-01
8.239789009094238281e-01
8.127834796905517578e-01
8.143787384033203125e-01
8.139443397521972656e-01
8.134529590606689453e-01
8.149704933166503906e-01
8.148827552795410156e-01
8.129358291625976562e-01
8.151125907897949219e-01
8.143041133880615234e-01
8.151214122772216797e-01
8.143038749694824219e-01
8.148555755615234375e-01
8.142583370208740234e-01
8.139855861663818359e-01
8.141124248504638672e-01
8.138337135314941406e-01
8.157198429107666016e-01
8.166649341583251953e-01
8.144454956054687500e-01
8.157742023468017578e-01
8.167345523834228516e-01
8.173434734344482422e-01
8.192565441131591797e-01
8.184843063354492188e-01
