6.414079666137695312e-01
6.379911899566650391e-01
6.323835849761962891e-01
6.348876953125000000e-01
7.197217941284179688e-01
6.288332939147949219e-01
6.292703151702880859e-01
6.237888336181640625e-01
6.383435726165771484e-01
6.265833377838134766e-01
6.273994445800781250e-01
6.252312660217285156e-01
6.472196578979492188e-01
6.244010925292968750e-01
6.274046897888183594e-01
6.357202529907226562e-01
7.011220455169677734e-01
6.175920963287353516e-01
6.191585063934326172e-01
6.292660236358642578e-01
6.211106777191162109e-01
6.265249252319335938e-01
6.223852634429931641e-01
6.255016326904296875e-01
6.217491626739501953e-01
6.365532875061035156e-01
6.230478286743164062e-01
6.211059093475341797e-01
6.233153343200683594e-01
6.235480308532714844e-01
6.216831207275390625e-01
6.180174350738525391e-01
6.236193180084228516e-01
6.184623241424560547e-01
6.197004318237304688e-01
6.982841491699218750e-01
6.403682231903076172e-01
6.226928234100341797e-01
6.260211467742919922e-01
6.309845447540283203e-01
6.270914077758789062e-01
6.249763965606689453e-01
6.433694362640380859e-01
6.262114048004150391e-01
6.387147903442382812e-01
6.249692440032958984e-01
6.231348514556884766e-01
7.060475349426269531e-01
6.297006607055664062e-01
6.317203044891357422e-01
6.256575584411621094e-01
6.313481330871582031e-01
6.342341899871826172e-01
6.251022815704345703e-01
6.248726844787597656e-01
6.313617229461669922e-01
6.303427219390869141e-01
6.263551712036132812e-01
6.267151832580566406e-01
6.310689449310302734e-01
6.213686466217041016e-01
6.232686042785644531e-01
6.303193569183349609e-01
6.231412887573242188e-01
6.254658699035644531e-01
6.281082630157470703e-01
7.054095268249511719e-01
6.216998100280761719e-01
6.237058639526367188e-01
6.299531459808349609e-01
6.422321796417236328e-01
6.198790073394775391e-01
6.232218742370605469e-01
6.267116069793701172e-01
6.332154273986816406e-01
6.223900318145751953e-01
6.399343013763427734e-01
6.278271675109863281e-01
6.270778179168701172e-01
6.278510093688964844e-01
6.412484645843505859e-01
6.353414058685302734e-01
6.356549263000488281e-01
6.406316757202148438e-01
6.453244686126708984e-01
6.440105438232421875e-01
6.484434604644775391e-01
6.352167129516601562e-01
6.330380439758300781e-01
7.164750099182128906e-01
6.358103752136230469e-01
6.369214057922363281e-01
6.453194618225097656e-01
6.863873004913330078e-01
6.531603336334228516e-01
6.425268650054931641e-01
6.487755775451660156e-01
6.498386859893798828e-01
6.457624435424804688e-01
6.303400993347167969e-01
6.409189701080322266e-01
6.388790607452392578e-01
6.307842731475830078e-01
6.283886432647705078e-01
6.367857456207275391e-01
6.498744487762451172e-01
6.795499324798583984e-01
6.494662761688232422e-01
6.364791393280029297e-01
6.351497173309326172e-01
6.355254650115966797e-01
6.263535022735595703e-01
6.269485950469970703e-01
6.311204433441162109e-01
6.250240802764892578e-01
6.427011489868164062e-01
6.416387557983398438e-01
6.341962814331054688e-01
6.387705802917480469e-01
6.299672126770019531e-01
6.352689266204833984e-01
6.355180740356445312e-01
6.252679824829101562e-01
6.258454322814941406e-01
6.261172294616699219e-01
6.260821819305419922e-01
6.228427886962890625e-01
6.231374740600585938e-01
6.343076229095458984e-01
6.226062774658203125e-01
6.247169971466064453e-01
6.257812976837158203e-01
6.292796134948730469e-01
6.255996227264404297e-01
6.246070861816406250e-01
6.273400783538818359e-01
6.244323253631591797e-01
6.218299865722656250e-01
6.283104419708251953e-01
6.306023597717285156e-01
6.247413158416748047e-01
6.237404346466064453e-01
6.284873485565185547e-01
6.235423088073730469e-01
6.212160587310791016e-01
6.243882179260253906e-01
6.301782131195068359e-01
6.235344409942626953e-01
6.245970726013183594e-01
6.275956630706787109e-01
6.289412975311279297e-01
6.214256286621093750e-01
6.485249996185302734e-01
7.180066108703613281e-01
6.329629421234130859e-01
6.621191501617431641e-01
6.407108306884765625e-01
6.453804969787597656e-01
6.371090412139892578e-01
6.405653953552246094e-01
6.340308189392089844e-01
6.362879276275634766e-01
6.411263942718505859e-01
6.312384605407714844e-01
6.446390151977539062e-01
7.219922542572021484e-01
6.474721431732177734e-01
6.305201053619384766e-01
6.350073814392089844e-01
6.346333026885986328e-01
6.311974525451660156e-01
6.414256095886230469e-01
6.291668415069580078e-01
6.362090110778808594e-01
6.346223354339599609e-01
6.345317363739013672e-01
6.497588157653808594e-01
7.192969322204589844e-01
6.446669101715087891e-01
6.332075595855712891e-01
6.327676773071289062e-01
6.323270797729492188e-01
6.442654132843017578e-01
6.297247409820556641e-01
6.312875747680664062e-01
6.443531513214111328e-01
6.320240497589111328e-01
6.365256309509277344e-01
6.317594051361083984e-01
6.391119956970214844e-01
7.259831428527832031e-01
6.316707134246826172e-01
6.370267868041992188e-01
6.490581035614013672e-01
6.329412460327148438e-01
6.313948631286621094e-01
6.441979408264160156e-01
6.312193870544433594e-01
6.386382579803466797e-01
6.304562091827392578e-01
