2.628615617752075195e+00
7.785823345184326172e-01
7.862606048583984375e-01
7.802791595458984375e-01
7.756109237670898438e-01
7.745292186737060547e-01
7.739207744598388672e-01
7.842466831207275391e-01
7.828569412231445312e-01
7.839157581329345703e-01
7.842662334442138672e-01
7.839124202728271484e-01
7.833964824676513672e-01
7.862715721130371094e-01
7.838492393493652344e-01
7.856619358062744141e-01
7.845039367675781250e-01
7.861442565917968750e-01
7.808527946472167969e-01
7.913691997528076172e-01
7.851607799530029297e-01
7.855443954467773438e-01
7.884147167205810547e-01
7.883241176605224609e-01
8.030290603637695312e-01
8.197686672210693359e-01
7.864799499511718750e-01
7.867321968078613281e-01
7.878868579864501953e-01
7.888460159301757812e-01
7.862670421600341797e-01
7.897975444793701172e-01
7.877931594848632812e-01
7.896146774291992188e-01
7.935767173767089844e-01
7.906737327575683594e-01
7.951970100402832031e-01
7.937953472137451172e-01
7.967913150787353516e-01
7.767863273620605469e-01
7.484464645385742188e-01
7.502040863037109375e-01
7.481896877288818359e-01
7.496936321258544922e-01
7.575342655181884766e-01
7.961022853851318359e-01
7.956891059875488281e-01
7.936558723449707031e-01
7.961950302124023438e-01
7.867140769958496094e-01
8.071486949920654297e-01
8.084809780120849609e-01
7.947604656219482422e-01
7.920069694519042969e-01
7.953219413757324219e-01
7.998898029327392578e-01
7.977275848388671875e-01
8.119473457336425781e-01
7.974355220794677734e-01
7.877087593078613281e-01
8.079395294189453125e-01
7.967438697814941406e-01
8.022034168243408203e-01
8.067860603332519531e-01
8.182554244995117188e-01
8.083460330963134766e-01
7.946720123291015625e-01
7.895669937133789062e-01
7.975068092346191406e-01
7.911407947540283203e-01
7.905235290527343750e-01
8.285338878631591797e-01
7.550032138824462891e-01
8.266344070434570312e-01
7.942550182342529297e-01
7.533161640167236328e-01
8.644185066223144531e-01
8.052718639373779297e-01
7.996971607208251953e-01
7.705411911010742188e-01
7.800407409667968750e-01
7.533380985260009766e-01
8.110151290893554688e-01
8.195478916168212891e-01
7.736864089965820312e-01
8.034687042236328125e-01
7.970361709594726562e-01
7.922577857971191406e-01
7.953710556030273438e-01
7.907814979553222656e-01
7.920262813568115234e-01
7.941427230834960938e-01
8.135385513305664062e-01
7.557351589202880859e-01
7.898159027099609375e-01
8.037843704223632812e-01
8.048238754272460938e-01
8.045589923858642578e-01
8.179697990417480469e-01
7.637965679168701172e-01
7.542848587036132812e-01
7.541711330413818359e-01
7.576937675476074219e-01
7.843184471130371094e-01
8.449721336364746094e-01
7.892777919769287109e-01
7.825179100036621094e-01
8.501164913177490234e-01
7.748618125915527344e-01
7.953271865844726562e-01
7.950224876403808594e-01
7.949728965759277344e-01
7.952787876129150391e-01
7.967176437377929688e-01
7.935061454772949219e-01
7.806844711303710938e-01
7.673912048339843750e-01
7.603898048400878906e-01
7.662968635559082031e-01
8.001530170440673828e-01
7.990047931671142578e-01
7.574112415313720703e-01
7.846243381500244141e-01
8.081958293914794922e-01
8.028631210327148438e-01
8.041732311248779297e-01
7.559103965759277344e-01
7.625117301940917969e-01
7.567312717437744141e-01
7.744474411010742188e-01
8.043184280395507812e-01
8.048949241638183594e-01
8.066148757934570312e-01
8.061802387237548828e-01
8.032963275909423828e-01
8.037595748901367188e-01
8.039391040802001953e-01
8.027415275573730469e-01
8.055410385131835938e-01
8.052749633789062500e-01
8.044600486755371094e-01
8.037474155426025391e-01
8.042356967926025391e-01
7.970998287200927734e-01
7.963247299194335938e-01
7.964489459991455078e-01
8.009297847747802734e-01
7.941651344299316406e-01
7.986142635345458984e-01
7.968361377716064453e-01
8.023352622985839844e-01
8.010990619659423828e-01
8.012609481811523438e-01
7.986803054809570312e-01
7.999787330627441406e-01
8.058440685272216797e-01
8.026185035705566406e-01
8.216173648834228516e-01
7.993557453155517578e-01
8.016507625579833984e-01
7.991507053375244141e-01
7.960832118988037109e-01
7.989912033081054688e-01
7.979140281677246094e-01
7.997503280639648438e-01
7.976870536804199219e-01
8.050856590270996094e-01
8.069293498992919922e-01
7.992882728576660156e-01
8.588294982910156250e-01
8.009567260742187500e-01
8.109006881713867188e-01
7.992458343505859375e-01
7.999007701873779297e-01
8.019263744354248047e-01
8.022420406341552734e-01
7.978668212890625000e-01
7.989997863769531250e-01
7.992715835571289062e-01
8.096618652343750000e-01
8.115022182464599609e-01
8.004760742187500000e-01
8.019220829010009766e-01
7.994506359100341797e-01
8.006818294525146484e-01
8.090724945068359375e-01
8.255300521850585938e-01
8.083710670471191406e-01
8.088004589080810547e-01
8.040730953216552734e-01
8.015432357788085938e-01
7.989358901977539062e-01
8.000299930572509766e-01
7.985560894012451172e-01
8.032877445220947266e-01
7.996320724487304688e-01
7.984354496002197266e-01
7.985596656799316406e-01
8.084983825683593750e-01
8.123078346252441406e-01
