2.634196519851684570e+00
7.784569263458251953e-01
7.566425800323486328e-01
7.496938705444335938e-01
8.020758628845214844e-01
7.850842475891113281e-01
7.844388484954833984e-01
7.593286037445068359e-01
7.517285346984863281e-01
7.520992755889892578e-01
7.498092651367187500e-01
7.880363464355468750e-01
7.802548408508300781e-01
7.781820297241210938e-01
7.787399291992187500e-01
7.790296077728271484e-01
7.794814109802246094e-01
7.796924114227294922e-01
8.351910114288330078e-01
7.836496829986572266e-01
7.500739097595214844e-01
7.540047168731689453e-01
7.655508518218994141e-01
7.524163722991943359e-01
7.548995018005371094e-01
7.518703937530517578e-01
7.548921108245849609e-01
7.824730873107910156e-01
7.818880081176757812e-01
7.863924503326416016e-01
7.842187881469726562e-01
7.821471691131591797e-01
7.837386131286621094e-01
7.837398052215576172e-01
7.823390960693359375e-01
7.873823642730712891e-01
7.835445404052734375e-01
7.833774089813232422e-01
7.851097583770751953e-01
7.908699512481689453e-01
7.912762165069580078e-01
7.922129631042480469e-01
7.929151058197021484e-01
7.945902347564697266e-01
7.924427986145019531e-01
7.838618755340576172e-01
7.890236377716064453e-01
7.870936393737792969e-01
7.857732772827148438e-01
7.884843349456787109e-01
7.861630916595458984e-01
7.881219387054443359e-01
7.886877059936523438e-01
8.325552940368652344e-01
7.893905639648437500e-01
7.871534824371337891e-01
7.882881164550781250e-01
7.878866195678710938e-01
7.922050952911376953e-01
7.871258258819580078e-01
8.023426532745361328e-01
7.908077239990234375e-01
7.896847724914550781e-01
7.920107841491699219e-01
8.001551628112792969e-01
8.845586776733398438e-01
7.934916019439697266e-01
8.008863925933837891e-01
7.905054092407226562e-01
7.992134094238281250e-01
8.025777339935302734e-01
7.995622158050537109e-01
8.033940792083740234e-01
7.937443256378173828e-01
7.917172908782958984e-01
8.012552261352539062e-01
8.032989501953125000e-01
7.914748191833496094e-01
7.942636013031005859e-01
8.043577671051025391e-01
8.020901679992675781e-01
8.026838302612304688e-01
8.018429279327392578e-01
8.029539585113525391e-01
8.030095100402832031e-01
8.307197093963623047e-01
7.953696250915527344e-01
8.033449649810791016e-01
8.030757904052734375e-01
8.062484264373779297e-01
8.035094738006591797e-01
8.022074699401855469e-01
8.022518157958984375e-01
8.047578334808349609e-01
7.978355884552001953e-01
7.815642356872558594e-01
8.185992240905761719e-01
7.609491348266601562e-01
7.611355781555175781e-01
8.508954048156738281e-01
8.036093711853027344e-01
8.056690692901611328e-01
8.050277233123779297e-01
8.012447357177734375e-01
8.166480064392089844e-01
8.047060966491699219e-01
8.058452606201171875e-01
8.017122745513916016e-01
8.033955097198486328e-01
8.036618232727050781e-01
8.058199882507324219e-01
8.069381713867187500e-01
8.040540218353271484e-01
8.065340518951416016e-01
8.057353496551513672e-01
8.056757450103759766e-01
8.064396381378173828e-01
8.065407276153564453e-01
8.053627014160156250e-01
8.018484115600585938e-01
8.069436550140380859e-01
8.072459697723388672e-01
8.042230606079101562e-01
7.986001968383789062e-01
8.015379905700683594e-01
8.020043373107910156e-01
8.066613674163818359e-01
8.059046268463134766e-01
8.060443401336669922e-01
8.057961463928222656e-01
7.981207370758056641e-01
7.776033878326416016e-01
7.809393405914306641e-01
7.975592613220214844e-01
7.971489429473876953e-01
8.055772781372070312e-01
7.884147167205810547e-01
7.642638683319091797e-01
7.675476074218750000e-01
7.645981311798095703e-01
7.846004962921142578e-01
7.981319427490234375e-01
7.986683845520019531e-01
8.199572563171386719e-01
8.070924282073974609e-01
8.056213855743408203e-01
8.136305809020996094e-01
8.060665130615234375e-01
8.046023845672607422e-01
8.049480915069580078e-01
8.232383728027343750e-01
8.057949542999267578e-01
8.211047649383544922e-01
8.054628372192382812e-01
8.048243522644042969e-01
7.838184833526611328e-01
8.039121627807617188e-01
8.086876869201660156e-01
8.052992820739746094e-01
8.057255744934082031e-01
8.061604499816894531e-01
8.052241802215576172e-01
8.067698478698730469e-01
8.064789772033691406e-01
8.069882392883300781e-01
8.105666637420654297e-01
7.767853736877441406e-01
8.483908176422119141e-01
8.077085018157958984e-01
8.117315769195556641e-01
8.068933486938476562e-01
8.124871253967285156e-01
8.072545528411865234e-01
8.067686557769775391e-01
8.080952167510986328e-01
8.072800636291503906e-01
8.079216480255126953e-01
8.076617717742919922e-01
8.078241348266601562e-01
8.221864700317382812e-01
8.070721626281738281e-01
8.245775699615478516e-01
8.196172714233398438e-01
8.061034679412841797e-01
8.066749572753906250e-01
7.670009136199951172e-01
8.235378265380859375e-01
7.669546604156494141e-01
7.842347621917724609e-01
8.014533519744873047e-01
8.103237152099609375e-01
8.091032505035400391e-01
8.154311180114746094e-01
8.095614910125732422e-01
8.131372928619384766e-01
8.088765144348144531e-01
8.446738719940185547e-01
8.118162155151367188e-01
8.060333728790283203e-01
7.926719188690185547e-01
