2.110340833663940430e+00
4.652514457702636719e-01
4.690701961517333984e-01
4.729690551757812500e-01
4.680175781250000000e-01
4.711096286773681641e-01
4.680867195129394531e-01
4.744205474853515625e-01
4.679024219512939453e-01
4.723293781280517578e-01
4.762933254241943359e-01
4.755384922027587891e-01
4.734063148498535156e-01
4.725277423858642578e-01
4.756271839141845703e-01
4.744184017181396484e-01
4.767787456512451172e-01
4.888627529144287109e-01
4.744405746459960938e-01
4.747064113616943359e-01
4.765646457672119141e-01
4.781746864318847656e-01
4.760575294494628906e-01
4.784934520721435547e-01
4.777615070343017578e-01
4.762656688690185547e-01
4.790647029876708984e-01
4.780905246734619141e-01
4.764184951782226562e-01
4.751424789428710938e-01
4.766499996185302734e-01
4.726283550262451172e-01
4.684383869171142578e-01
4.703464508056640625e-01
4.673228263854980469e-01
4.647886753082275391e-01
4.691195487976074219e-01
4.663391113281250000e-01
4.656429290771484375e-01
4.711122512817382812e-01
4.700808525085449219e-01
4.629697799682617188e-01
4.653341770172119141e-01
4.617667198181152344e-01
4.611670970916748047e-01
4.649052619934082031e-01
4.683251380920410156e-01
4.664170742034912109e-01
4.626574516296386719e-01
4.674098491668701172e-01
4.719278812408447266e-01
4.742512702941894531e-01
4.709076881408691406e-01
4.721770286560058594e-01
4.765679836273193359e-01
4.766657352447509766e-01
4.776027202606201172e-01
4.767651557922363281e-01
4.756245613098144531e-01
4.778819084167480469e-01
4.749512672424316406e-01
4.778714179992675781e-01
4.772868156433105469e-01
4.805920124053955078e-01
4.768598079681396484e-01
4.814963340759277344e-01
4.841668605804443359e-01
4.844138622283935547e-01
4.897713661193847656e-01
4.923381805419921875e-01
4.937579631805419922e-01
4.871671199798583984e-01
4.892535209655761719e-01
4.846169948577880859e-01
4.849565029144287109e-01
4.812879562377929688e-01
5.013923645019531250e-01
4.823591709136962891e-01
5.160031318664550781e-01
4.841804504394531250e-01
4.832630157470703125e-01
4.803783893585205078e-01
4.814832210540771484e-01
4.863708019256591797e-01
4.798574447631835938e-01
4.837667942047119141e-01
4.831368923187255859e-01
4.811365604400634766e-01
4.817228317260742188e-01
4.902272224426269531e-01
4.833543300628662109e-01
4.778540134429931641e-01
4.795086383819580078e-01
4.786396026611328125e-01
4.769074916839599609e-01
4.694545269012451172e-01
4.706597328186035156e-01
4.676833152770996094e-01
4.748244285583496094e-01
4.680087566375732422e-01
4.704194068908691406e-01
4.675092697143554688e-01
4.709665775299072266e-01
4.688663482666015625e-01
4.716715812683105469e-01
4.702639579772949219e-01
4.680035114288330078e-01
4.694705009460449219e-01
4.697375297546386719e-01
4.692165851593017578e-01
4.691474437713623047e-01
4.728522300720214844e-01
4.707756042480468750e-01
4.663279056549072266e-01
4.757130146026611328e-01
4.751689434051513672e-01
4.735367298126220703e-01
4.779107570648193359e-01
4.787201881408691406e-01
4.816484451293945312e-01
4.829480648040771484e-01
4.798381328582763672e-01
4.797320365905761719e-01
4.841842651367187500e-01
4.863893985748291016e-01
4.827187061309814453e-01
4.879267215728759766e-01
4.919822216033935547e-01
4.910571575164794922e-01
4.961445331573486328e-01
4.931867122650146484e-01
4.964051246643066406e-01
4.945256710052490234e-01
4.909558296203613281e-01
4.927389621734619141e-01
4.880621433258056641e-01
4.862534999847412109e-01
4.886634349822998047e-01
4.864692687988281250e-01
4.890758991241455078e-01
4.828224182128906250e-01
4.844000339508056641e-01
4.861960411071777344e-01
4.844393730163574219e-01
4.856424331665039062e-01
4.824934005737304688e-01
4.823584556579589844e-01
4.840791225433349609e-01
4.831545352935791016e-01
4.820506572723388672e-01
4.834909439086914062e-01
4.842150211334228516e-01
4.809348583221435547e-01
4.813616275787353516e-01
4.814238548278808594e-01
4.781391620635986328e-01
4.753763675689697266e-01
4.774818420410156250e-01
4.776546955108642578e-01
4.745137691497802734e-01
4.728016853332519531e-01
4.716739654541015625e-01
4.691889286041259766e-01
4.747438430786132812e-01
4.777233600616455078e-01
4.749433994293212891e-01
4.802110195159912109e-01
4.771108627319335938e-01
4.815437793731689453e-01
4.819500446319580078e-01
4.820389747619628906e-01
4.673576354980468750e-01
5.041794776916503906e-01
4.717681407928466797e-01
4.710638523101806641e-01
4.738330841064453125e-01
4.722099304199218750e-01
4.703459739685058594e-01
4.758899211883544922e-01
4.757516384124755859e-01
4.721026420593261719e-01
4.729588031768798828e-01
4.700725078582763672e-01
4.715929031372070312e-01
4.776334762573242188e-01
4.778680801391601562e-01
4.820246696472167969e-01
4.856009483337402344e-01
4.834845066070556641e-01
4.909441471099853516e-01
4.907088279724121094e-01
4.910516738891601562e-01
5.007598400115966797e-01
5.001630783081054688e-01
4.944021701812744141e-01
4.968957901000976562e-01
4.773988723754882812e-01
5.105619430541992188e-01
4.815025329589843750e-01
4.848811626434326172e-01
