1.530512571334838867e+00
1.414097547531127930e+00
1.386051177978515625e+00
1.535628795623779297e+00
1.453569650650024414e+00
1.490169048309326172e+00
1.520875692367553711e+00
1.520661830902099609e+00
1.586095094680786133e+00
1.448915958404541016e+00
1.436147451400756836e+00
1.414775609970092773e+00
1.364911556243896484e+00
1.418809652328491211e+00
1.386229515075683594e+00
1.385206937789916992e+00
1.392893791198730469e+00
1.373666286468505859e+00
1.385110855102539062e+00
1.400144815444946289e+00
1.375412702560424805e+00
1.385971307754516602e+00
1.403017759323120117e+00
1.463544368743896484e+00
1.381939888000488281e+00
1.376900434494018555e+00
1.379153728485107422e+00
1.378272533416748047e+00
1.369357824325561523e+00
1.383934259414672852e+00
1.366099357604980469e+00
1.367399215698242188e+00
1.396263599395751953e+00
1.373023033142089844e+00
1.353618621826171875e+00
1.391937255859375000e+00
1.379116773605346680e+00
1.360092401504516602e+00
1.382642269134521484e+00
1.371544122695922852e+00
1.352847337722778320e+00
1.353221654891967773e+00
1.385148763656616211e+00
1.387022733688354492e+00
1.427840232849121094e+00
1.461633205413818359e+00
1.415573120117187500e+00
1.455425024032592773e+00
1.502243518829345703e+00
1.465969324111938477e+00
1.454106807708740234e+00
1.464492082595825195e+00
1.518838882446289062e+00
1.386753082275390625e+00
1.405085325241088867e+00
1.379366159439086914e+00
1.364176988601684570e+00
1.392375707626342773e+00
1.404480218887329102e+00
1.410511732101440430e+00
1.455736160278320312e+00
1.457327604293823242e+00
1.553896427154541016e+00
1.493005990982055664e+00
1.484166622161865234e+00
1.447799444198608398e+00
1.463105678558349609e+00
1.442008733749389648e+00
1.381775379180908203e+00
1.390048265457153320e+00
1.394509792327880859e+00
1.348455429077148438e+00
1.366224765777587891e+00
1.364314556121826172e+00
1.346603870391845703e+00
1.315411329269409180e+00
1.398213624954223633e+00
1.368834495544433594e+00
1.390825510025024414e+00
1.381070137023925781e+00
1.358579874038696289e+00
1.370631694793701172e+00
1.365987062454223633e+00
1.365760087966918945e+00
1.364962100982666016e+00
1.372113943099975586e+00
1.383746147155761719e+00
1.349820852279663086e+00
1.368754386901855469e+00
1.388211488723754883e+00
1.363389730453491211e+00
1.388401031494140625e+00
1.481137752532958984e+00
1.356525659561157227e+00
1.351278305053710938e+00
1.374460220336914062e+00
1.350205659866333008e+00
1.383693456649780273e+00
1.312958240509033203e+00
1.331451416015625000e+00
1.369671344757080078e+00
1.327760696411132812e+00
1.362518787384033203e+00
1.439507484436035156e+00
1.349047660827636719e+00
1.337728738784790039e+00
1.347439765930175781e+00
1.378296852111816406e+00
1.383073091506958008e+00
1.385286808013916016e+00
1.447769165039062500e+00
1.427920103073120117e+00
1.456294298171997070e+00
1.495604038238525391e+00
1.472067832946777344e+00
1.460916996002197266e+00
1.462267160415649414e+00
1.435072898864746094e+00
1.503191471099853516e+00
1.373864412307739258e+00
1.418287515640258789e+00
1.432717084884643555e+00
1.452435493469238281e+00
1.504112482070922852e+00
1.458490848541259766e+00
1.494547367095947266e+00
1.494926691055297852e+00
1.480127096176147461e+00
1.536233901977539062e+00
1.457415580749511719e+00
1.403459072113037109e+00
1.386120796203613281e+00
1.368232011795043945e+00
1.467619895935058594e+00
1.385142087936401367e+00
1.380748033523559570e+00
1.355216264724731445e+00
1.373772621154785156e+00
1.481295347213745117e+00
1.344162702560424805e+00
1.371650934219360352e+00
1.391287088394165039e+00
1.320062398910522461e+00
1.403521776199340820e+00
1.331219196319580078e+00
1.335306882858276367e+00
1.310672044754028320e+00
1.366024017333984375e+00
1.385615110397338867e+00
1.312351703643798828e+00
1.372764825820922852e+00
1.328533887863159180e+00
1.308477163314819336e+00
1.382049798965454102e+00
1.339476346969604492e+00
1.348635911941528320e+00
1.361588954925537109e+00
1.379568099975585938e+00
1.460985422134399414e+00
1.401044368743896484e+00
1.420978069305419922e+00
1.419302940368652344e+00
1.437605142593383789e+00
1.475389242172241211e+00
1.469202518463134766e+00
1.442284345626831055e+00
1.463278293609619141e+00
1.433145523071289062e+00
1.364710569381713867e+00
1.490256786346435547e+00
1.377750396728515625e+00
1.289885759353637695e+00
1.454875707626342773e+00
1.339082002639770508e+00
1.481320142745971680e+00
1.321820497512817383e+00
1.317193508148193359e+00
1.369970560073852539e+00
1.399530887603759766e+00
1.509336233139038086e+00
1.434266090393066406e+00
1.453201770782470703e+00
1.476318597793579102e+00
1.470296382904052734e+00
1.564519882202148438e+00
1.467476844787597656e+00
1.444902181625366211e+00
1.487827777862548828e+00
1.468510389328002930e+00
1.461465597152709961e+00
1.423928976058959961e+00
1.357131242752075195e+00
1.318589687347412109e+00
1.383674860000610352e+00
1.379380464553833008e+00
1.319027662277221680e+00
1.294780492782592773e+00
1.365948915481567383e+00
1.367792129516601562e+00
1.361358165740966797e+00
