1.530511617660522461e+00
1.414090394973754883e+00
1.386031389236450195e+00
1.535627841949462891e+00
1.453567266464233398e+00
1.490169286727905273e+00
1.520873546600341797e+00
1.520662546157836914e+00
1.586088418960571289e+00
1.448915719985961914e+00
1.436146259307861328e+00
1.414772987365722656e+00
1.364909172058105469e+00
1.418809652328491211e+00
1.386228084564208984e+00
1.385208129882812500e+00
1.392897129058837891e+00
1.373665809631347656e+00
1.385110139846801758e+00
1.400143623352050781e+00
1.375412464141845703e+00
1.385970115661621094e+00
1.403026342391967773e+00
1.463543891906738281e+00
1.381937742233276367e+00
1.376898765563964844e+00
1.379156112670898438e+00
1.378272771835327148e+00
1.369359016418457031e+00
1.383940696716308594e+00
1.366102457046508789e+00
1.367390871047973633e+00
1.396267890930175781e+00
1.373026847839355469e+00
1.353617429733276367e+00
1.391936302185058594e+00
1.379118919372558594e+00
1.360092163085937500e+00
1.382641315460205078e+00
1.371542692184448242e+00
1.352849006652832031e+00
1.353224515914916992e+00
1.385150671005249023e+00
1.387019872665405273e+00
1.427829265594482422e+00
1.461630582809448242e+00
1.415572881698608398e+00
1.455417871475219727e+00
1.502251863479614258e+00
1.465969085693359375e+00
1.454106330871582031e+00
1.464492082595825195e+00
1.518838405609130859e+00
1.386745929718017578e+00
1.405080318450927734e+00
1.379361867904663086e+00
1.364177465438842773e+00
1.392372369766235352e+00
1.404480934143066406e+00
1.410512447357177734e+00
1.455734491348266602e+00
1.457325696945190430e+00
1.553895473480224609e+00
1.493004798889160156e+00
1.484191894531250000e+00
1.447803974151611328e+00
1.463112354278564453e+00
1.442013263702392578e+00
1.381781578063964844e+00
1.390051126480102539e+00
1.394516229629516602e+00
1.348454236984252930e+00
1.366225242614746094e+00
1.364311218261718750e+00
1.346602916717529297e+00
1.315413236618041992e+00
1.398211717605590820e+00
1.368834018707275391e+00
1.383944034576416016e+00
1.381068468093872070e+00
1.358585357666015625e+00
1.370635747909545898e+00
1.365985155105590820e+00
1.365758180618286133e+00
1.364962816238403320e+00
1.372112035751342773e+00
1.383749485015869141e+00
1.349818229675292969e+00
1.368755578994750977e+00
1.388214111328125000e+00
1.363391637802124023e+00
1.388399124145507812e+00
1.481138467788696289e+00
1.356524705886840820e+00
1.351278543472290039e+00
1.374465703964233398e+00
1.350208520889282227e+00
1.383692741394042969e+00
1.312957048416137695e+00
1.331442356109619141e+00
1.369672536849975586e+00
1.327761888504028320e+00
1.362520217895507812e+00
1.439512014389038086e+00
1.349046230316162109e+00
1.337722778320312500e+00
1.347440719604492188e+00
1.378298282623291016e+00
1.383070468902587891e+00
1.385288000106811523e+00
1.447768449783325195e+00
1.427913188934326172e+00
1.456292152404785156e+00
1.495601415634155273e+00
1.472069025039672852e+00
1.460913181304931641e+00
1.462263345718383789e+00
1.435075283050537109e+00
1.503190755844116211e+00
1.373862981796264648e+00
1.418293714523315430e+00
1.432715892791748047e+00
1.452432155609130859e+00
1.504107952117919922e+00
1.458485603332519531e+00
1.494545221328735352e+00
1.494924783706665039e+00
1.480118989944458008e+00
1.536236524581909180e+00
1.457413434982299805e+00
1.403457164764404297e+00
1.386119604110717773e+00
1.368233680725097656e+00
1.467620611190795898e+00
1.385143280029296875e+00
1.380749702453613281e+00
1.355218172073364258e+00
1.373773097991943359e+00
1.481297492980957031e+00
1.344162940979003906e+00
1.371652126312255859e+00
1.391287565231323242e+00
1.320074558258056641e+00
1.403520822525024414e+00
1.331217288970947266e+00
1.335298776626586914e+00
1.310672283172607422e+00
1.366025924682617188e+00
1.385613441467285156e+00
1.312351226806640625e+00
1.372763156890869141e+00
1.328529596328735352e+00
1.308475971221923828e+00
1.382050991058349609e+00
1.339478015899658203e+00
1.348632574081420898e+00
1.361591577529907227e+00
1.379580974578857422e+00
1.460990428924560547e+00
1.401044845581054688e+00
1.420968532562255859e+00
1.419299125671386719e+00
1.437607288360595703e+00
1.475388050079345703e+00
1.469200611114501953e+00
1.442278385162353516e+00
1.463272571563720703e+00
1.433143854141235352e+00
1.364709138870239258e+00
1.490257740020751953e+00
1.377749443054199219e+00
1.289882183074951172e+00
1.454874753952026367e+00
1.339082241058349609e+00
1.481319427490234375e+00
1.321815013885498047e+00
1.317188978195190430e+00
1.369969606399536133e+00
1.399526357650756836e+00
1.509336948394775391e+00
1.434267044067382812e+00
1.453203201293945312e+00
1.476320028305053711e+00
1.470297813415527344e+00
1.564518690109252930e+00
1.467475414276123047e+00
1.444894313812255859e+00
1.487821578979492188e+00
1.468509912490844727e+00
1.461464643478393555e+00
1.423929929733276367e+00
1.357127904891967773e+00
1.318586826324462891e+00
1.383675098419189453e+00
1.379380226135253906e+00
1.319026708602905273e+00
1.294776678085327148e+00
1.365944147109985352e+00
1.367788791656494141e+00
1.361356973648071289e+00
