1.530519485473632812e+00
1.414087533950805664e+00
1.386049747467041016e+00
1.535626173019409180e+00
1.453570365905761719e+00
1.490167856216430664e+00
1.520868539810180664e+00
1.520660400390625000e+00
1.586092233657836914e+00
1.448914051055908203e+00
1.436143636703491211e+00
1.414773225784301758e+00
1.364908933639526367e+00
1.418807029724121094e+00
1.386227607727050781e+00
1.385206460952758789e+00
1.392891407012939453e+00
1.373665809631347656e+00
1.385111331939697266e+00
1.400144577026367188e+00
1.375410556793212891e+00
1.385966777801513672e+00
1.403024673461914062e+00
1.463539361953735352e+00
1.381937265396118164e+00
1.376896381378173828e+00
1.379152297973632812e+00
1.378276109695434570e+00
1.369358062744140625e+00
1.383935451507568359e+00
1.366101503372192383e+00
1.367394447326660156e+00
1.396263599395751953e+00
1.373022317886352539e+00
1.353617906570434570e+00
1.391936779022216797e+00
1.379116296768188477e+00
1.360091209411621094e+00
1.382641792297363281e+00
1.371551752090454102e+00
1.352848529815673828e+00
1.353222370147705078e+00
1.385148763656616211e+00
1.387022733688354492e+00
1.427833318710327148e+00
1.461634397506713867e+00
1.415573358535766602e+00
1.455425977706909180e+00
1.502249002456665039e+00
1.465971231460571289e+00
1.454106330871582031e+00
1.464489698410034180e+00
1.518835783004760742e+00
1.386750698089599609e+00
1.405083179473876953e+00
1.379363059997558594e+00
1.364176511764526367e+00
1.392373800277709961e+00
1.404479980468750000e+00
1.410510301589965820e+00
1.455734491348266602e+00
1.457327365875244141e+00
1.553895473480224609e+00
1.493007659912109375e+00
1.484166383743286133e+00
1.447800397872924805e+00
1.463107824325561523e+00
1.442010879516601562e+00
1.381777524948120117e+00
1.390048980712890625e+00
1.394512653350830078e+00
1.348456144332885742e+00
1.366224050521850586e+00
1.364313364028930664e+00
1.346602201461791992e+00
1.315410614013671875e+00
1.398210287094116211e+00
1.368837833404541016e+00
1.390823602676391602e+00
1.381069898605346680e+00
1.358579397201538086e+00
1.370633125305175781e+00
1.365984916687011719e+00
1.365757703781127930e+00
1.364959478378295898e+00
1.372112274169921875e+00
1.383747577667236328e+00
1.349818944931030273e+00
1.368753194808959961e+00
1.388213872909545898e+00
1.363389730453491211e+00
1.388401985168457031e+00
1.481137514114379883e+00
1.356523990631103516e+00
1.351276636123657227e+00
1.374460935592651367e+00
1.350206851959228516e+00
1.383687973022460938e+00
1.312956809997558594e+00
1.331444740295410156e+00
1.369677543640136719e+00
1.327758789062500000e+00
1.362521409988403320e+00
1.439507961273193359e+00
1.349042892456054688e+00
1.337726831436157227e+00
1.347440481185913086e+00
1.378296852111816406e+00
1.383072614669799805e+00
1.385288715362548828e+00
1.447768688201904297e+00
1.427917480468750000e+00
1.456293106079101562e+00
1.495604515075683594e+00
1.472069263458251953e+00
1.460919857025146484e+00
1.462265968322753906e+00
1.435075283050537109e+00
1.503189563751220703e+00
1.373864650726318359e+00
1.418291568756103516e+00
1.432717084884643555e+00
1.452435016632080078e+00
1.504112482070922852e+00
1.458488225936889648e+00
1.494544506072998047e+00
1.494926929473876953e+00
1.480118989944458008e+00
1.536236524581909180e+00
1.457415819168090820e+00
1.403460025787353516e+00
1.386120080947875977e+00
1.368232488632202148e+00
1.467619895935058594e+00
1.385142326354980469e+00
1.380748987197875977e+00
1.355216979980468750e+00
1.373773813247680664e+00
1.481296539306640625e+00
1.344164609909057617e+00
1.371651887893676758e+00
1.391287326812744141e+00
1.320072889328002930e+00
1.403521060943603516e+00
1.331214427947998047e+00
1.335299015045166016e+00
1.310672998428344727e+00
1.366025447845458984e+00
1.385614156723022461e+00
1.312351942062377930e+00
1.372763633728027344e+00
1.328533172607421875e+00
1.308477640151977539e+00
1.382051229476928711e+00
1.339475393295288086e+00
1.348635196685791016e+00
1.361587762832641602e+00
1.379582881927490234e+00
1.460980653762817383e+00
1.401043415069580078e+00
1.420966863632202148e+00
1.419302463531494141e+00
1.437605619430541992e+00
1.475386381149291992e+00
1.469208717346191406e+00
1.442284584045410156e+00
1.463270664215087891e+00
1.433145284652709961e+00
1.364709854125976562e+00
1.490255355834960938e+00
1.377750396728515625e+00
1.289884567260742188e+00
1.454872369766235352e+00
1.339079380035400391e+00
1.481319904327392578e+00
1.321820974349975586e+00
1.317191362380981445e+00
1.369970560073852539e+00
1.399531602859497070e+00
1.509337186813354492e+00
1.434267282485961914e+00
1.453203439712524414e+00
1.476320028305053711e+00
1.470298528671264648e+00
1.564521074295043945e+00
1.467478036880493164e+00
1.444899559020996094e+00
1.487821578979492188e+00
1.468513727188110352e+00
1.461464643478393555e+00
1.423929691314697266e+00
1.357114315032958984e+00
1.318588733673095703e+00
1.383675336837768555e+00
1.379386901855468750e+00
1.319025039672851562e+00
1.294778823852539062e+00
1.365952014923095703e+00
1.367789030075073242e+00
1.361359834671020508e+00
