2.063344001770019531e+00
4.684877395629882812e-01
4.731025695800781250e-01
4.696421623229980469e-01
4.718184471130371094e-01
4.697446823120117188e-01
4.696764945983886719e-01
4.705238342285156250e-01
5.698955059051513672e-01
5.710120201110839844e-01
4.723339080810546875e-01
5.298855304718017578e-01
4.754147529602050781e-01
4.726226329803466797e-01
4.744229316711425781e-01
4.796249866485595703e-01
5.705039501190185547e-01
4.745321273803710938e-01
4.766926765441894531e-01
4.773132801055908203e-01
4.737658500671386719e-01
4.756402969360351562e-01
4.758443832397460938e-01
4.763798713684082031e-01
4.736828804016113281e-01
4.792358875274658203e-01
4.716744422912597656e-01
5.734977722167968750e-01
4.715783596038818359e-01
4.769864082336425781e-01
4.692945480346679688e-01
4.680118560791015625e-01
5.645167827606201172e-01
4.655566215515136719e-01
4.675843715667724609e-01
4.650359153747558594e-01
5.601274967193603516e-01
4.662141799926757812e-01
4.649744033813476562e-01
5.589468479156494141e-01
4.659965038299560547e-01
4.646983146667480469e-01
5.574879646301269531e-01
4.690928459167480469e-01
4.674048423767089844e-01
4.654893875122070312e-01
4.662044048309326172e-01
5.609078407287597656e-01
5.642333030700683594e-01
5.167155265808105469e-01
4.679348468780517578e-01
4.777491092681884766e-01
4.709370136260986328e-01
4.729764461517333984e-01
5.763635635375976562e-01
4.747767448425292969e-01
4.747977256774902344e-01
4.741883277893066406e-01
4.755113124847412109e-01
5.281958580017089844e-01
5.742948055267333984e-01
5.771174430847167969e-01
4.809162616729736328e-01
5.295634269714355469e-01
4.780719280242919922e-01
5.817842483520507812e-01
4.814960956573486328e-01
4.865641593933105469e-01
4.837648868560791016e-01
4.839262962341308594e-01
4.835336208343505859e-01
5.396466255187988281e-01
4.816920757293701172e-01
4.871380329132080078e-01
4.863293170928955078e-01
5.320420265197753906e-01
4.896013736724853516e-01
4.800193309783935547e-01
4.829709529876708984e-01
4.782721996307373047e-01
5.351228713989257812e-01
5.782604217529296875e-01
4.777517318725585938e-01
4.786014556884765625e-01
4.927203655242919922e-01
4.759557247161865234e-01
4.812974929809570312e-01
4.756624698638916016e-01
4.797368049621582031e-01
4.782979488372802734e-01
5.781168937683105469e-01
4.768905639648437500e-01
4.742770195007324219e-01
4.743173122406005859e-01
4.719438552856445312e-01
4.724311828613281250e-01
4.726574420928955078e-01
5.257165431976318359e-01
4.737763404846191406e-01
4.724550247192382812e-01
5.707812309265136719e-01
5.667152404785156250e-01
5.229909420013427734e-01
4.705586433410644531e-01
4.730703830718994141e-01
4.732587337493896484e-01
4.700458049774169922e-01
4.691779613494873047e-01
4.757316112518310547e-01
5.175266265869140625e-01
5.659754276275634766e-01
5.693023204803466797e-01
4.710397720336914062e-01
4.736840724945068359e-01
4.759402275085449219e-01
4.736940860748291016e-01
4.750766754150390625e-01
4.793217182159423828e-01
4.825725555419921875e-01
4.813771247863769531e-01
4.834387302398681641e-01
4.799680709838867188e-01
4.805707931518554688e-01
4.828944206237792969e-01
4.812572002410888672e-01
4.844439029693603516e-01
4.860191345214843750e-01
5.886096954345703125e-01
4.905340671539306641e-01
4.887287616729736328e-01
4.945652484893798828e-01
5.898854732513427734e-01
4.859218597412109375e-01
4.906380176544189453e-01
4.844429492950439453e-01
4.874696731567382812e-01
5.394489765167236328e-01
5.820648670196533203e-01
4.850645065307617188e-01
5.330069065093994141e-01
5.850217342376708984e-01
4.823765754699707031e-01
5.831248760223388672e-01
4.862115383148193359e-01
4.840505123138427734e-01
4.857921600341796875e-01
4.854648113250732422e-01
4.831187725067138672e-01
4.863841533660888672e-01
4.871504306793212891e-01
4.830090999603271484e-01
4.845075607299804688e-01
5.846710205078125000e-01
4.890313148498535156e-01
4.855790138244628906e-01
4.846830368041992188e-01
4.807331562042236328e-01
4.803526401519775391e-01
4.755585193634033203e-01
4.749398231506347656e-01
5.260698795318603516e-01
4.754629135131835938e-01
4.756257534027099609e-01
5.721883773803710938e-01
4.775073528289794922e-01
4.772827625274658203e-01
4.819619655609130859e-01
4.791870117187500000e-01
4.856758117675781250e-01
4.889562129974365234e-01
5.395491123199462891e-01
5.730214118957519531e-01
5.569579601287841797e-01
4.799160957336425781e-01
4.770214557647705078e-01
4.778571128845214844e-01
4.771058559417724609e-01
4.790382385253906250e-01
4.815216064453125000e-01
5.235204696655273438e-01
5.235252380371093750e-01
4.788501262664794922e-01
5.253372192382812500e-01
4.854941368103027344e-01
5.779221057891845703e-01
5.283782482147216797e-01
4.841821193695068359e-01
4.880030155181884766e-01
4.891293048858642578e-01
4.886622428894042969e-01
4.936742782592773438e-01
5.011408329010009766e-01
5.005829334259033203e-01
4.974250793457031250e-01
4.953756332397460938e-01
5.458323955535888672e-01
5.349516868591308594e-01
5.095133781433105469e-01
4.843678474426269531e-01
4.858665466308593750e-01
