3.259878635406494141e+00
1.691099643707275391e+00
1.692213535308837891e+00
1.695330619812011719e+00
1.698371171951293945e+00
1.699294328689575195e+00
1.703471660614013672e+00
1.699489116668701172e+00
1.703182458877563477e+00
1.700376749038696289e+00
1.701625585556030273e+00
1.713184595108032227e+00
1.704606771469116211e+00
1.707762002944946289e+00
1.704926729202270508e+00
1.710599660873413086e+00
1.718425512313842773e+00
1.723476648330688477e+00
1.726241588592529297e+00
1.720475435256958008e+00
1.718369007110595703e+00
1.714767694473266602e+00
1.714902877807617188e+00
1.718129158020019531e+00
1.718036890029907227e+00
1.715639591217041016e+00
1.721986532211303711e+00
1.719487905502319336e+00
1.730009317398071289e+00
1.718158960342407227e+00
1.719171762466430664e+00
1.722787380218505859e+00
1.730553627014160156e+00
1.721618175506591797e+00
1.720363855361938477e+00
1.725694417953491211e+00
1.727262496948242188e+00
1.718985557556152344e+00
1.723743915557861328e+00
1.730534076690673828e+00
1.729250192642211914e+00
1.724170923233032227e+00
1.720260381698608398e+00
1.724190950393676758e+00
1.716162443161010742e+00
1.719310522079467773e+00
1.728902101516723633e+00
1.731645822525024414e+00
1.726227283477783203e+00
1.734758377075195312e+00
1.729973316192626953e+00
1.728941440582275391e+00
1.727381467819213867e+00
1.729462862014770508e+00
1.727834701538085938e+00
1.730538606643676758e+00
1.725143432617187500e+00
1.729946136474609375e+00
1.744449615478515625e+00
1.728543281555175781e+00
1.739445686340332031e+00
1.730382442474365234e+00
1.732882261276245117e+00
1.742815494537353516e+00
1.737048864364624023e+00
1.743842363357543945e+00
1.741100549697875977e+00
1.736479997634887695e+00
1.740647792816162109e+00
1.732864856719970703e+00
1.734298706054687500e+00
1.737531900405883789e+00
1.736293554306030273e+00
1.734298229217529297e+00
1.742046356201171875e+00
1.745313644409179688e+00
1.737769126892089844e+00
1.734044551849365234e+00
1.749989748001098633e+00
1.737102270126342773e+00
1.739956378936767578e+00
1.733394384384155273e+00
1.737977981567382812e+00
1.742751598358154297e+00
1.745992660522460938e+00
1.737982511520385742e+00
1.741926193237304688e+00
1.737825870513916016e+00
1.743780374526977539e+00
1.750008821487426758e+00
1.751392602920532227e+00
1.742915391921997070e+00
1.745730638504028320e+00
1.732131004333496094e+00
1.749088764190673828e+00
1.735901355743408203e+00
1.727039813995361328e+00
1.729335308074951172e+00
1.757233619689941406e+00
1.745830535888671875e+00
1.744285821914672852e+00
1.747706413269042969e+00
1.737653970718383789e+00
1.741666078567504883e+00
1.741593599319458008e+00
1.743937253952026367e+00
1.739269256591796875e+00
1.749543428421020508e+00
1.745413780212402344e+00
1.741146326065063477e+00
1.744623661041259766e+00
1.746455669403076172e+00
1.744334697723388672e+00
1.757904291152954102e+00
1.749621629714965820e+00
1.732553243637084961e+00
1.738699674606323242e+00
1.737101078033447266e+00
1.738740921020507812e+00
1.743474960327148438e+00
1.743327856063842773e+00
1.746157884597778320e+00
1.743682861328125000e+00
1.740451574325561523e+00
1.741921901702880859e+00
1.744190692901611328e+00
1.739637613296508789e+00
1.737147331237792969e+00
1.749238014221191406e+00
1.736334085464477539e+00
1.736251354217529297e+00
1.757112026214599609e+00
1.745651721954345703e+00
1.748719930648803711e+00
1.750993967056274414e+00
1.745632410049438477e+00
1.740007638931274414e+00
1.753140211105346680e+00
1.744023323059082031e+00
1.748390674591064453e+00
1.749130249023437500e+00
1.754914283752441406e+00
1.753404617309570312e+00
1.746130228042602539e+00
1.745485305786132812e+00
1.752734661102294922e+00
1.755682468414306641e+00
1.744363069534301758e+00
1.753933906555175781e+00
1.748142242431640625e+00
1.753805875778198242e+00
1.748270273208618164e+00
1.764892816543579102e+00
1.746664762496948242e+00
1.742840051651000977e+00
1.739050626754760742e+00
1.743116855621337891e+00
1.744613170623779297e+00
1.745764493942260742e+00
1.742818117141723633e+00
1.747925281524658203e+00
1.748030662536621094e+00
1.746892690658569336e+00
1.745473146438598633e+00
1.747929573059082031e+00
1.752802133560180664e+00
1.743898391723632812e+00
1.745586633682250977e+00
1.748859167098999023e+00
1.750427961349487305e+00
1.741795063018798828e+00
1.745175600051879883e+00
1.738490343093872070e+00
1.739042520523071289e+00
1.748286962509155273e+00
1.748877048492431641e+00
1.742752552032470703e+00
1.744082450866699219e+00
1.769935607910156250e+00
1.739387989044189453e+00
1.746825456619262695e+00
1.742797613143920898e+00
1.743422269821166992e+00
1.748318672180175781e+00
1.745529651641845703e+00
1.742781400680541992e+00
1.750658512115478516e+00
1.736377716064453125e+00
1.752567291259765625e+00
1.738082408905029297e+00
1.750216960906982422e+00
1.746799707412719727e+00
1.752816677093505859e+00
1.741931676864624023e+00
1.746999025344848633e+00
1.746349096298217773e+00
1.745604753494262695e+00
1.746801137924194336e+00
1.744939565658569336e+00
1.744970321655273438e+00
