3.206250429153442383e+00
1.629300832748413086e+00
1.631999969482421875e+00
1.633902311325073242e+00
1.634916782379150391e+00
1.634026288986206055e+00
1.636913776397705078e+00
1.634570360183715820e+00
1.638236522674560547e+00
1.637285232543945312e+00
1.643726825714111328e+00
1.641366720199584961e+00
1.643104791641235352e+00
1.640276908874511719e+00
1.644174814224243164e+00
1.646277189254760742e+00
1.648422956466674805e+00
1.642121076583862305e+00
1.647370338439941406e+00
1.649450540542602539e+00
1.650040864944458008e+00
1.654755353927612305e+00
1.646655559539794922e+00
1.645314216613769531e+00
1.653893709182739258e+00
1.653333425521850586e+00
1.651058912277221680e+00
1.653590440750122070e+00
1.651449203491210938e+00
1.654270887374877930e+00
1.655365467071533203e+00
1.655769824981689453e+00
1.652767419815063477e+00
1.654273986816406250e+00
1.657465457916259766e+00
1.655144929885864258e+00
1.658831119537353516e+00
1.658475637435913086e+00
1.657918453216552734e+00
1.658553123474121094e+00
1.654876470565795898e+00
1.656562328338623047e+00
1.664116859436035156e+00
1.660390853881835938e+00
1.661108493804931641e+00
1.663383722305297852e+00
1.658392667770385742e+00
1.660573720932006836e+00
1.664946317672729492e+00
1.666799306869506836e+00
1.664737939834594727e+00
1.666148900985717773e+00
1.665760517120361328e+00
1.666075944900512695e+00
1.667356729507446289e+00
1.665329456329345703e+00
1.668149709701538086e+00
1.669945240020751953e+00
1.663990020751953125e+00
1.669489860534667969e+00
1.664285421371459961e+00
1.667103052139282227e+00
1.669404268264770508e+00
1.667962551116943359e+00
1.669739723205566406e+00
1.671705722808837891e+00
1.667122364044189453e+00
1.667082548141479492e+00
1.667331457138061523e+00
1.668552637100219727e+00
1.670765876770019531e+00
1.670641899108886719e+00
1.674858808517456055e+00
1.671625375747680664e+00
1.669435977935791016e+00
1.676953315734863281e+00
1.671870231628417969e+00
1.673144817352294922e+00
1.671020746231079102e+00
1.673713445663452148e+00
1.672606945037841797e+00
1.672802448272705078e+00
1.675333738327026367e+00
1.671084165573120117e+00
1.672778367996215820e+00
1.676930189132690430e+00
1.674528360366821289e+00
1.673236846923828125e+00
1.673983335494995117e+00
1.675888061523437500e+00
1.674224376678466797e+00
1.676982879638671875e+00
1.678707838058471680e+00
1.682712554931640625e+00
1.676337003707885742e+00
1.676429986953735352e+00
1.677789688110351562e+00
1.678113222122192383e+00
1.685118675231933594e+00
1.677768945693969727e+00
1.678076982498168945e+00
1.683769941329956055e+00
1.675873279571533203e+00
1.676549673080444336e+00
1.675953149795532227e+00
1.678852796554565430e+00
1.676441669464111328e+00
1.689330816268920898e+00
1.687184572219848633e+00
1.679224252700805664e+00
1.688717603683471680e+00
1.686146974563598633e+00
1.682038307189941406e+00
1.685943126678466797e+00
1.688730239868164062e+00
1.677425146102905273e+00
1.676630735397338867e+00
1.677012681961059570e+00
1.678860425949096680e+00
1.678592681884765625e+00
1.675817489624023438e+00
1.680628061294555664e+00
1.675418615341186523e+00
1.678362607955932617e+00
1.679891586303710938e+00
1.678128719329833984e+00
1.683757066726684570e+00
1.682079315185546875e+00
1.679537057876586914e+00
1.679249763488769531e+00
1.679075956344604492e+00
1.682401657104492188e+00
1.681420087814331055e+00
1.679108619689941406e+00
1.684648990631103516e+00
1.680445432662963867e+00
1.682852983474731445e+00
1.680697202682495117e+00
1.682693004608154297e+00
1.688004493713378906e+00
1.680188894271850586e+00
1.681083440780639648e+00
1.679388761520385742e+00
1.682531833648681641e+00
1.679586410522460938e+00
1.680026292800903320e+00
1.686058044433593750e+00
1.681114435195922852e+00
1.679970502853393555e+00
1.682778120040893555e+00
1.680004358291625977e+00
1.687498331069946289e+00
1.685204267501831055e+00
1.680005550384521484e+00
1.682180643081665039e+00
1.681977987289428711e+00
1.682952880859375000e+00
1.686017513275146484e+00
1.680826902389526367e+00
1.680232048034667969e+00
1.686074495315551758e+00
1.683093070983886719e+00
1.682574272155761719e+00
1.685132980346679688e+00
1.684782505035400391e+00
1.688236474990844727e+00
1.694123983383178711e+00
1.685268878936767578e+00
1.688475847244262695e+00
1.688594341278076172e+00
1.691772460937500000e+00
1.688329458236694336e+00
1.684947252273559570e+00
1.693535327911376953e+00
1.685126543045043945e+00
1.683685541152954102e+00
1.683053970336914062e+00
1.684857845306396484e+00
1.689262390136718750e+00
1.690467357635498047e+00
1.687450885772705078e+00
1.696058988571166992e+00
1.686302900314331055e+00
1.694130182266235352e+00
1.694876194000244141e+00
1.687447071075439453e+00
1.697976589202880859e+00
1.684258460998535156e+00
1.686851978302001953e+00
1.696236848831176758e+00
1.690184593200683594e+00
1.683870315551757812e+00
1.691574096679687500e+00
1.693342208862304688e+00
1.686309099197387695e+00
1.694430589675903320e+00
1.688611745834350586e+00
1.697151899337768555e+00
1.686513900756835938e+00
1.684490680694580078e+00
