2.064294815063476562e-01
1.781165599822998047e-01
1.998369693756103516e-01
1.974213123321533203e-01
1.955878734588623047e-01
1.946735382080078125e-01
1.960699558258056641e-01
1.927642822265625000e-01
1.944761276245117188e-01
1.947026252746582031e-01
1.938006877899169922e-01
1.939523220062255859e-01
2.749669551849365234e-01
1.959874629974365234e-01
2.045333385467529297e-01
1.963222026824951172e-01
1.944689750671386719e-01
1.933510303497314453e-01
1.998791694641113281e-01
1.764957904815673828e-01
1.909554004669189453e-01
1.960291862487792969e-01
2.024376392364501953e-01
2.016427516937255859e-01
2.027604579925537109e-01
1.966822147369384766e-01
2.714059352874755859e-01
2.014634609222412109e-01
1.989798545837402344e-01
1.998150348663330078e-01
2.023708820343017578e-01
1.976907253265380859e-01
1.924912929534912109e-01
2.271647453308105469e-01
2.025735378265380859e-01
2.029740810394287109e-01
1.974291801452636719e-01
1.974000930786132812e-01
1.957120895385742188e-01
2.012209892272949219e-01
1.959106922149658203e-01
1.945919990539550781e-01
1.979551315307617188e-01
1.956973075866699219e-01
2.013332843780517578e-01
1.983692646026611328e-01
1.942298412322998047e-01
1.981477737426757812e-01
2.028288841247558594e-01
1.961567401885986328e-01
1.984388828277587891e-01
2.034032344818115234e-01
1.949484348297119141e-01
1.973845958709716797e-01
1.965377330780029297e-01
1.953496932983398438e-01
1.964483261108398438e-01
1.951577663421630859e-01
1.957173347473144531e-01
1.977949142456054688e-01
2.002344131469726562e-01
1.949608325958251953e-01
1.959967613220214844e-01
1.956470012664794922e-01
1.970381736755371094e-01
1.958637237548828125e-01
1.966376304626464844e-01
1.945176124572753906e-01
1.962633132934570312e-01
2.007555961608886719e-01
1.977419853210449219e-01
1.969704627990722656e-01
1.977100372314453125e-01
1.974325180053710938e-01
1.992063522338867188e-01
1.967289447784423828e-01
2.103009223937988281e-01
2.675168514251708984e-01
1.943385601043701172e-01
1.971395015716552734e-01
1.978046894073486328e-01
1.965301036834716797e-01
1.962802410125732422e-01
1.959462165832519531e-01
1.956152915954589844e-01
1.962254047393798828e-01
1.973149776458740234e-01
1.959762573242187500e-01
1.974229812622070312e-01
1.947178840637207031e-01
1.949112415313720703e-01
1.962187290191650391e-01
1.941475868225097656e-01
1.980764865875244141e-01
1.963555812835693359e-01
1.946740150451660156e-01
2.001154422760009766e-01
1.959793567657470703e-01
1.942780017852783203e-01
1.970541477203369141e-01
1.958768367767333984e-01
1.888420581817626953e-01
2.042784690856933594e-01
1.958494186401367188e-01
1.950745582580566406e-01
1.955227851867675781e-01
1.960086822509765625e-01
2.013070583343505859e-01
1.968832015991210938e-01
1.956310272216796875e-01
2.003660202026367188e-01
1.941108703613281250e-01
1.943943500518798828e-01
1.962578296661376953e-01
2.040936946868896484e-01
1.992440223693847656e-01
1.789622306823730469e-01
1.963796615600585938e-01
1.987924575805664062e-01
1.950118541717529297e-01
2.063593864440917969e-01
1.963415145874023438e-01
1.972367763519287109e-01
2.097432613372802734e-01
1.970894336700439453e-01
1.987924575805664062e-01
1.964831352233886719e-01
1.953802108764648438e-01
1.991240978240966797e-01
1.941633224487304688e-01
1.937708854675292969e-01
1.989738941192626953e-01
1.967701911926269531e-01
1.996676921844482422e-01
1.974730491638183594e-01
1.948077678680419922e-01
1.983292102813720703e-01
1.986029148101806641e-01
1.932475566864013672e-01
1.979739665985107422e-01
1.941876411437988281e-01
1.942219734191894531e-01
1.970674991607666016e-01
1.985375881195068359e-01
1.960453987121582031e-01
1.945362091064453125e-01
1.944332122802734375e-01
1.960954666137695312e-01
1.995525360107421875e-01
1.957006454467773438e-01
1.960182189941406250e-01
2.001800537109375000e-01
1.950612068176269531e-01
1.946663856506347656e-01
1.982831954956054688e-01
1.945261955261230469e-01
1.840486526489257812e-01
2.028210163116455078e-01
1.970746517181396484e-01
1.931657791137695312e-01
1.955173015594482422e-01
1.944324970245361328e-01
1.950249671936035156e-01
1.966371536254882812e-01
1.957747936248779297e-01
2.001459598541259766e-01
1.996221542358398438e-01
1.777646541595458984e-01
1.776680946350097656e-01
2.000770568847656250e-01
1.955296993255615234e-01
1.966371536254882812e-01
1.955411434173583984e-01
1.956491470336914062e-01
1.959462165832519531e-01
1.973872184753417969e-01
1.964066028594970703e-01
1.946177482604980469e-01
1.946129798889160156e-01
1.930508613586425781e-01
1.774904727935791016e-01
1.960573196411132812e-01
2.760004997253417969e-01
2.001483440399169922e-01
1.923968791961669922e-01
1.908407211303710938e-01
2.747793197631835938e-01
2.753808498382568359e-01
1.923785209655761719e-01
1.937167644500732422e-01
1.928360462188720703e-01
1.924908161163330078e-01
1.939709186553955078e-01
1.961882114410400391e-01
1.968257427215576172e-01
1.923170089721679688e-01
1.919648647308349609e-01
1.941661834716796875e-01
1.918702125549316406e-01
1.913592815399169922e-01
