3.539133548736572266e+00
1.951966285705566406e+00
1.950208187103271484e+00
1.946565628051757812e+00
1.949299573898315430e+00
1.954137086868286133e+00
1.958172798156738281e+00
1.959630489349365234e+00
1.966084718704223633e+00
1.965602874755859375e+00
1.958090066909790039e+00
1.967242956161499023e+00
1.960348844528198242e+00
1.963433265686035156e+00
1.966176033020019531e+00
1.966566562652587891e+00
1.973068237304687500e+00
1.977054595947265625e+00
1.987007379531860352e+00
1.982626676559448242e+00
1.975091218948364258e+00
1.975340604782104492e+00
1.972639560699462891e+00
1.972088575363159180e+00
1.973504543304443359e+00
1.973454713821411133e+00
1.980701208114624023e+00
1.987554550170898438e+00
1.998955726623535156e+00
1.978121757507324219e+00
1.975945472717285156e+00
1.977187633514404297e+00
1.987343549728393555e+00
1.982848644256591797e+00
1.974407672882080078e+00
1.982667922973632812e+00
1.983269214630126953e+00
1.973480701446533203e+00
1.980323553085327148e+00
1.994061470031738281e+00
1.982497930526733398e+00
1.983035802841186523e+00
1.978605270385742188e+00
1.987376451492309570e+00
1.982669830322265625e+00
1.978676319122314453e+00
1.986867189407348633e+00
1.987020015716552734e+00
1.990315914154052734e+00
1.987673282623291016e+00
1.983655452728271484e+00
1.977915048599243164e+00
1.977334022521972656e+00
1.982314825057983398e+00
1.975127696990966797e+00
1.979164838790893555e+00
1.987389564514160156e+00
1.997543334960937500e+00
1.985975027084350586e+00
1.988058805465698242e+00
1.989718198776245117e+00
1.990586996078491211e+00
1.992989301681518555e+00
1.993844509124755859e+00
1.992720365524291992e+00
1.994410276412963867e+00
1.992085695266723633e+00
1.988141775131225586e+00
2.004519701004028320e+00
1.982761144638061523e+00
1.992804050445556641e+00
1.995197772979736328e+00
1.994678258895874023e+00
2.000780344009399414e+00
2.004437923431396484e+00
1.990899324417114258e+00
1.995732069015502930e+00
2.006003379821777344e+00
1.994377851486206055e+00
1.986664056777954102e+00
1.991811990737915039e+00
1.990291595458984375e+00
1.996907711029052734e+00
1.998341321945190430e+00
2.003567218780517578e+00
1.990868330001831055e+00
1.986759185791015625e+00
1.992163658142089844e+00
1.996881008148193359e+00
2.018381595611572266e+00
2.008776426315307617e+00
1.994935512542724609e+00
2.004047393798828125e+00
2.000152349472045898e+00
2.022810459136962891e+00
2.010556459426879883e+00
1.992606878280639648e+00
1.993134498596191406e+00
2.016452789306640625e+00
2.014294385910034180e+00
2.000654935836791992e+00
2.000882625579833984e+00
1.998585224151611328e+00
1.994003057479858398e+00
1.995542049407958984e+00
2.003259181976318359e+00
1.997445821762084961e+00
2.001594066619873047e+00
2.001021623611450195e+00
1.993475914001464844e+00
1.998272657394409180e+00
2.002922534942626953e+00
1.996819734573364258e+00
2.006937265396118164e+00
2.005336761474609375e+00
2.000503778457641602e+00
1.987840652465820312e+00
1.995420217514038086e+00
1.995763778686523438e+00
1.996095180511474609e+00
2.001871585845947266e+00
2.002744197845458984e+00
1.998047590255737305e+00
1.997811555862426758e+00
2.001705169677734375e+00
2.000541448593139648e+00
1.995087862014770508e+00
1.995138883590698242e+00
2.001451969146728516e+00
1.994661808013916016e+00
1.993730068206787109e+00
2.005074977874755859e+00
2.004582166671752930e+00
2.000257015228271484e+00
2.001275062561035156e+00
2.000106811523437500e+00
1.992498397827148438e+00
2.010242462158203125e+00
1.999127149581909180e+00
2.007015466690063477e+00
2.006798028945922852e+00
2.006997346878051758e+00
2.011580705642700195e+00
2.006496429443359375e+00
2.004666328430175781e+00
2.008709907531738281e+00
2.012022495269775391e+00
2.001540184020996094e+00
2.011736154556274414e+00
2.005531311035156250e+00
2.004760980606079102e+00
2.001156330108642578e+00
2.008015632629394531e+00
2.001176357269287109e+00
1.997995138168334961e+00
1.997453212738037109e+00
2.001467704772949219e+00
2.003925561904907227e+00
2.005653142929077148e+00
2.001276254653930664e+00
2.003743648529052734e+00
2.002164840698242188e+00
2.003709077835083008e+00
2.001833200454711914e+00
2.005151987075805664e+00
2.004101753234863281e+00
2.003453016281127930e+00
2.003033399581909180e+00
2.015707015991210938e+00
2.007814645767211914e+00
2.007286310195922852e+00
2.003587245941162109e+00
2.009989500045776367e+00
2.006822586059570312e+00
2.011001586914062500e+00
2.015557050704956055e+00
2.003692626953125000e+00
2.005866289138793945e+00
2.027636051177978516e+00
2.001728773117065430e+00
2.006095647811889648e+00
2.001137018203735352e+00
1.993613004684448242e+00
2.021898031234741211e+00
1.998598575592041016e+00
1.992258787155151367e+00
2.005031108856201172e+00
2.000879764556884766e+00
2.006103515625000000e+00
2.004598379135131836e+00
1.999715328216552734e+00
2.006729364395141602e+00
2.007251739501953125e+00
2.002469778060913086e+00
2.004957914352416992e+00
2.000882863998413086e+00
1.995929241180419922e+00
2.000099658966064453e+00
1.997731208801269531e+00
1.999928474426269531e+00
