2.064375877380371094e-01
1.781096458435058594e-01
1.998207569122314453e-01
1.974074840545654297e-01
1.956045627593994141e-01
1.946735382080078125e-01
1.960673332214355469e-01
1.927661895751953125e-01
1.944813728332519531e-01
1.947028636932373047e-01
1.937932968139648438e-01
1.939592361450195312e-01
2.749643325805664062e-01
1.959881782531738281e-01
2.045395374298095703e-01
1.963186264038085938e-01
1.944751739501953125e-01
1.933579444885253906e-01
1.998724937438964844e-01
1.764967441558837891e-01
1.909608840942382812e-01
1.960229873657226562e-01
2.024402618408203125e-01
2.016518115997314453e-01
2.027504444122314453e-01
1.966953277587890625e-01
2.714107036590576172e-01
2.014567852020263672e-01
1.989891529083251953e-01
1.998240947723388672e-01
2.023718357086181641e-01
1.976997852325439453e-01
1.924989223480224609e-01
2.271676063537597656e-01
2.025792598724365234e-01
2.029824256896972656e-01
1.974289417266845703e-01
1.974058151245117188e-01
1.957197189331054688e-01
2.012214660644531250e-01
1.959161758422851562e-01
1.945943832397460938e-01
1.979467868804931641e-01
1.957030296325683594e-01
2.013342380523681641e-01
1.983859539031982422e-01
1.942334175109863281e-01
1.981420516967773438e-01
2.028343677520751953e-01
1.961624622344970703e-01
1.984362602233886719e-01
2.034134864807128906e-01
1.949555873870849609e-01
1.973786354064941406e-01
1.965470314025878906e-01
1.953566074371337891e-01
1.964395046234130859e-01
1.951661109924316406e-01
1.957254409790039062e-01
1.977970600128173828e-01
2.002358436584472656e-01
1.949670314788818359e-01
1.959881782531738281e-01
1.956555843353271484e-01
1.970472335815429688e-01
1.958532333374023438e-01
1.966409683227539062e-01
1.945209503173828125e-01
1.962680816650390625e-01
2.007586956024169922e-01
1.977448463439941406e-01
1.969931125640869141e-01
1.977171897888183594e-01
1.974358558654785156e-01
1.992034912109375000e-01
1.967360973358154297e-01
2.103006839752197266e-01
2.675223350524902344e-01
1.943440437316894531e-01
1.971328258514404297e-01
1.978104114532470703e-01
1.965365409851074219e-01
1.962749958038330078e-01
1.959521770477294922e-01
1.956255435943603516e-01
1.962170600891113281e-01
1.973140239715576172e-01
1.959750652313232422e-01
1.974165439605712891e-01
1.947200298309326172e-01
1.949083805084228516e-01
1.962237358093261719e-01
1.941533088684082031e-01
1.980762481689453125e-01
1.963510513305664062e-01
1.946709156036376953e-01
2.001132965087890625e-01
1.959733963012695312e-01
1.942782402038574219e-01
1.970555782318115234e-01
1.958854198455810547e-01
1.888461112976074219e-01
2.042684555053710938e-01
1.958727836608886719e-01
1.950712203979492188e-01
1.955294609069824219e-01
1.960206031799316406e-01
2.013058662414550781e-01
1.968843936920166016e-01
1.956465244293212891e-01
2.003650665283203125e-01
1.941142082214355469e-01
1.944017410278320312e-01
1.962645053863525391e-01
2.040829658508300781e-01
1.992511749267578125e-01
1.789596080780029297e-01
1.963949203491210938e-01
1.988041400909423828e-01
1.950163841247558594e-01
2.063653469085693359e-01
1.963427066802978516e-01
1.972365379333496094e-01
2.097461223602294922e-01
1.971011161804199219e-01
1.988184452056884766e-01
1.964824199676513672e-01
1.953799724578857422e-01
1.991291046142578125e-01
1.941704750061035156e-01
1.937735080718994141e-01
1.989772319793701172e-01
1.967706680297851562e-01
1.996779441833496094e-01
1.974933147430419922e-01
1.948134899139404297e-01
1.983220577239990234e-01
1.986017227172851562e-01
1.932532787322998047e-01
1.979811191558837891e-01
1.941890716552734375e-01
1.942195892333984375e-01
1.970756053924560547e-01
1.985380649566650391e-01
1.960430145263671875e-01
1.945295333862304688e-01
1.944379806518554688e-01
1.960914134979248047e-01
1.995592117309570312e-01
1.956977844238281250e-01
1.960155963897705078e-01
2.001841068267822266e-01
1.950633525848388672e-01
1.946630477905273438e-01
1.982917785644531250e-01
1.945314407348632812e-01
1.840395927429199219e-01
2.028286457061767578e-01
1.970808506011962891e-01
1.931695938110351562e-01
1.955392360687255859e-01
1.944303512573242188e-01
1.950271129608154297e-01
1.966474056243896484e-01
1.957736015319824219e-01
2.001461982727050781e-01
1.996281147003173828e-01
1.777691841125488281e-01
1.776659488677978516e-01
2.000844478607177734e-01
1.955227851867675781e-01
1.966278553009033203e-01
1.955461502075195312e-01
1.956560611724853516e-01
1.959447860717773438e-01
1.973929405212402344e-01
1.964199542999267578e-01
1.946101188659667969e-01
1.946203708648681641e-01
1.930508613586425781e-01
1.774907112121582031e-01
1.960558891296386719e-01
2.759952545166015625e-01
2.001495361328125000e-01
1.924023628234863281e-01
1.908462047576904297e-01
2.747886180877685547e-01
2.753882408142089844e-01
1.923775672912597656e-01
1.937201023101806641e-01
1.928391456604003906e-01
1.924841403961181641e-01
1.939759254455566406e-01
1.961901187896728516e-01
1.968331336975097656e-01
1.923308372497558594e-01
1.919717788696289062e-01
1.941642761230468750e-01
1.918728351593017578e-01
1.913638114929199219e-01
