2.769521951675415039e+00
8.875651359558105469e-01
8.802630901336669922e-01
8.657341003417968750e-01
8.651225566864013672e-01
8.654482364654541016e-01
8.666310310363769531e-01
9.065990447998046875e-01
8.903536796569824219e-01
8.885753154754638672e-01
8.917472362518310547e-01
8.905446529388427734e-01
8.916635513305664062e-01
8.916647434234619141e-01
8.903925418853759766e-01
8.916840553283691406e-01
8.910148143768310547e-01
8.904323577880859375e-01
8.894176483154296875e-01
8.921205997467041016e-01
8.918852806091308594e-01
8.881719112396240234e-01
9.060781002044677734e-01
8.957278728485107422e-01
8.917670249938964844e-01
8.974587917327880859e-01
8.892199993133544922e-01
8.691568374633789062e-01
8.684720993041992188e-01
8.708724975585937500e-01
8.673157691955566406e-01
8.690247535705566406e-01
8.700065612792968750e-01
8.694086074829101562e-01
8.686311244964599609e-01
8.708088397979736328e-01
9.108159542083740234e-01
8.730916976928710938e-01
8.723807334899902344e-01
8.751068115234375000e-01
8.734440803527832031e-01
8.753747940063476562e-01
8.740825653076171875e-01
8.755745887756347656e-01
9.036006927490234375e-01
9.024252891540527344e-01
9.011669158935546875e-01
9.004642963409423828e-01
9.017426967620849609e-01
9.037117958068847656e-01
9.011111259460449219e-01
9.050276279449462891e-01
9.053428173065185547e-01
9.056110382080078125e-01
9.035992622375488281e-01
9.055652618408203125e-01
9.035093784332275391e-01
9.021596908569335938e-01
9.105770587921142578e-01
9.053318500518798828e-01
9.057083129882812500e-01
9.041333198547363281e-01
9.055514335632324219e-01
9.067754745483398438e-01
9.053239822387695312e-01
9.071846008300781250e-01
9.062895774841308594e-01
9.056844711303710938e-01
9.095067977905273438e-01
9.097697734832763672e-01
9.102165699005126953e-01
9.103655815124511719e-01
9.082436561584472656e-01
9.101588726043701172e-01
9.097466468811035156e-01
9.059462547302246094e-01
9.311809539794921875e-01
9.133288860321044922e-01
9.097969532012939453e-01
9.423487186431884766e-01
9.253711700439453125e-01
9.501185417175292969e-01
8.776202201843261719e-01
8.775827884674072266e-01
9.029815196990966797e-01
9.810764789581298828e-01
9.240248203277587891e-01
9.123976230621337891e-01
8.802902698516845703e-01
9.130516052246093750e-01
9.160411357879638672e-01
9.128258228302001953e-01
9.133915901184082031e-01
9.167089462280273438e-01
9.116446971893310547e-01
9.117424488067626953e-01
9.115197658538818359e-01
9.108552932739257812e-01
9.103674888610839844e-01
9.120278358459472656e-01
8.865511417388916016e-01
8.814749717712402344e-01
9.092116355895996094e-01
9.127330780029296875e-01
9.150409698486328125e-01
9.145247936248779297e-01
9.130973815917968750e-01
9.363934993743896484e-01
9.149138927459716797e-01
9.129738807678222656e-01
9.129853248596191406e-01
9.135012626647949219e-01
9.146075248718261719e-01
9.140505790710449219e-01
9.138324260711669922e-01
9.152522087097167969e-01
8.942430019378662109e-01
8.813128471374511719e-01
8.828179836273193359e-01
8.821837902069091797e-01
9.871103763580322266e-01
9.177470207214355469e-01
9.177911281585693359e-01
9.148592948913574219e-01
9.153344631195068359e-01
9.153015613555908203e-01
8.858609199523925781e-01
8.962397575378417969e-01
8.973226547241210938e-01
8.814530372619628906e-01
9.153733253479003906e-01
9.763915538787841797e-01
9.277746677398681641e-01
9.162993431091308594e-01
9.132626056671142578e-01
9.142408370971679688e-01
9.133937358856201172e-01
9.142520427703857422e-01
9.125392436981201172e-01
9.123060703277587891e-01
9.204816818237304688e-01
9.434041976928710938e-01
9.156689643859863281e-01
9.141550064086914062e-01
9.175310134887695312e-01
9.180924892425537109e-01
9.186336994171142578e-01
9.175887107849121094e-01
9.181337356567382812e-01
9.190156459808349609e-01
9.128077030181884766e-01
9.131262302398681641e-01
8.861429691314697266e-01
9.797511100769042969e-01
9.127018451690673828e-01
9.145276546478271484e-01
9.125542640686035156e-01
9.120945930480957031e-01
9.114437103271484375e-01
8.938660621643066406e-01
8.865218162536621094e-01
1.000897169113159180e+00
9.757528305053710938e-01
8.864912986755371094e-01
8.848521709442138672e-01
1.013509750366210938e+00
9.149804115295410156e-01
9.188811779022216797e-01
9.140517711639404297e-01
9.145450592041015625e-01
9.165122509002685547e-01
9.277336597442626953e-01
9.127428531646728516e-01
9.306256771087646484e-01
9.226429462432861328e-01
8.864269256591796875e-01
8.881206512451171875e-01
8.859581947326660156e-01
8.997478485107421875e-01
8.871822357177734375e-01
8.882498741149902344e-01
9.000408649444580078e-01
8.871436119079589844e-01
8.895862102508544922e-01
9.321513175964355469e-01
9.493212699890136719e-01
9.127957820892333984e-01
9.152495861053466797e-01
9.134695529937744141e-01
8.916358947753906250e-01
8.904547691345214844e-01
8.874115943908691406e-01
9.368038177490234375e-01
9.279861450195312500e-01
9.188716411590576172e-01
9.656388759613037109e-01
8.898079395294189453e-01
8.913648128509521484e-01
8.901717662811279297e-01
8.897624015808105469e-01
