6.328294277191162109e-01
6.345334053039550781e-01
6.123411655426025391e-01
6.118550300598144531e-01
6.813585758209228516e-01
6.062953472137451172e-01
6.084220409393310547e-01
6.292669773101806641e-01
6.244001388549804688e-01
6.323659420013427734e-01
6.886723041534423828e-01
6.314144134521484375e-01
6.237936019897460938e-01
6.312451362609863281e-01
6.284463405609130859e-01
6.209878921508789062e-01
7.073562145233154297e-01
6.335835456848144531e-01
6.259851455688476562e-01
6.254422664642333984e-01
6.328861713409423828e-01
6.119771003723144531e-01
6.672532558441162109e-01
6.311869621276855469e-01
6.275207996368408203e-01
6.369304656982421875e-01
6.157438755035400391e-01
6.235458850860595703e-01
6.290094852447509766e-01
6.234900951385498047e-01
6.236231327056884766e-01
6.286659240722656250e-01
6.895704269409179688e-01
6.339957714080810547e-01
6.247727870941162109e-01
7.062923908233642578e-01
6.332519054412841797e-01
6.274485588073730469e-01
6.890571117401123047e-01
6.268460750579833984e-01
6.228528022766113281e-01
6.268539428710937500e-01
6.278762817382812500e-01
6.320858001708984375e-01
6.326658725738525391e-01
6.267583370208740234e-01
6.284933090209960938e-01
7.023501396179199219e-01
6.371531486511230469e-01
6.312136650085449219e-01
6.998589038848876953e-01
7.017199993133544922e-01
6.251482963562011719e-01
6.251714229583740234e-01
6.306772232055664062e-01
6.290516853332519531e-01
6.282813549041748047e-01
6.320509910583496094e-01
6.388616561889648438e-01
6.396028995513916016e-01
6.340887546539306641e-01
6.444354057312011719e-01
6.459388732910156250e-01
6.336760520935058594e-01
6.318664550781250000e-01
6.589529514312744141e-01
7.077519893646240234e-01
6.321699619293212891e-01
6.387677192687988281e-01
6.285986900329589844e-01
6.292119026184082031e-01
6.411237716674804688e-01
6.399631500244140625e-01
6.304242610931396484e-01
6.364717483520507812e-01
6.521480083465576172e-01
6.304240226745605469e-01
6.307928562164306641e-01
6.294486522674560547e-01
6.281950473785400391e-01
6.290729045867919922e-01
6.891794204711914062e-01
6.278474330902099609e-01
6.912393569946289062e-01
6.301572322845458984e-01
6.362221240997314453e-01
6.330616474151611328e-01
6.279401779174804688e-01
6.274232864379882812e-01
7.083671092987060547e-01
6.304900646209716797e-01
6.314582824707031250e-01
6.328449249267578125e-01
6.370112895965576172e-01
6.343903541564941406e-01
6.358866691589355469e-01
6.417479515075683594e-01
6.423695087432861328e-01
6.413278579711914062e-01
6.338894367218017578e-01
6.286454200744628906e-01
6.243660449981689453e-01
6.354398727416992188e-01
6.333982944488525391e-01
6.336700916290283203e-01
6.316006183624267578e-01
6.344487667083740234e-01
6.323320865631103516e-01
6.317830085754394531e-01
6.998264789581298828e-01
6.329503059387207031e-01
6.326608657836914062e-01
7.059578895568847656e-01
6.404082775115966797e-01
6.350893974304199219e-01
6.175303459167480469e-01
6.215331554412841797e-01
6.208941936492919922e-01
6.232078075408935547e-01
6.999776363372802734e-01
6.313123703002929688e-01
6.376440525054931641e-01
6.321542263031005859e-01
6.374704837799072266e-01
6.832585334777832031e-01
6.893050670623779297e-01
6.193377971649169922e-01
6.414396762847900391e-01
7.010610103607177734e-01
6.552090644836425781e-01
6.840684413909912109e-01
6.338706016540527344e-01
6.336457729339599609e-01
6.318895816802978516e-01
6.358416080474853516e-01
6.354010105133056641e-01
6.388633251190185547e-01
6.332654953002929688e-01
6.991372108459472656e-01
6.365439891815185547e-01
6.143372058868408203e-01
6.360795497894287109e-01
6.351664066314697266e-01
6.334252357482910156e-01
6.358363628387451172e-01
6.387507915496826172e-01
6.376667022705078125e-01
6.369028091430664062e-01
7.102465629577636719e-01
6.314170360565185547e-01
6.386978626251220703e-01
6.241338253021240234e-01
6.324107646942138672e-01
6.971909999847412109e-01
6.446831226348876953e-01
6.357676982879638672e-01
6.455211639404296875e-01
6.292750835418701172e-01
6.332151889801025391e-01
6.208372116088867188e-01
6.776759624481201172e-01
6.306512355804443359e-01
6.176500320434570312e-01
6.217381954193115234e-01
6.224615573883056641e-01
7.026534080505371094e-01
6.944627761840820312e-01
6.309242248535156250e-01
6.209666728973388672e-01
6.468667984008789062e-01
6.270954608917236328e-01
6.294496059417724609e-01
6.228747367858886719e-01
6.208922863006591797e-01
6.198410987854003906e-01
6.231837272644042969e-01
6.204407215118408203e-01
6.937549114227294922e-01
6.272463798522949219e-01
6.174259185791015625e-01
6.205699443817138672e-01
6.265990734100341797e-01
6.882328987121582031e-01
6.949265003204345703e-01
6.990818977355957031e-01
6.420917510986328125e-01
6.346466541290283203e-01
6.411631107330322266e-01
6.259288787841796875e-01
6.941373348236083984e-01
7.019689083099365234e-01
6.301212310791015625e-01
6.347966194152832031e-01
6.274757385253906250e-01
6.346187591552734375e-01
6.315832138061523438e-01
6.276819705963134766e-01
6.243164539337158203e-01
6.290354728698730469e-01
6.300179958343505859e-01
