6.328208446502685547e-01
6.345291137695312500e-01
6.123526096343994141e-01
6.118662357330322266e-01
6.813695430755615234e-01
6.063084602355957031e-01
6.084384918212890625e-01
6.292753219604492188e-01
6.244115829467773438e-01
6.323659420013427734e-01
6.886720657348632812e-01
6.314244270324707031e-01
6.238069534301757812e-01
6.312661170959472656e-01
6.284618377685546875e-01
6.210062503814697266e-01
7.073779106140136719e-01
6.335995197296142578e-01
6.259927749633789062e-01
6.254565715789794922e-01
6.329021453857421875e-01
6.119780540466308594e-01
6.672592163085937500e-01
6.311869621276855469e-01
6.275415420532226562e-01
6.369321346282958984e-01
6.157562732696533203e-01
6.235520839691162109e-01
6.290085315704345703e-01
6.234805583953857422e-01
6.236186027526855469e-01
6.286699771881103516e-01
6.895716190338134766e-01
6.340055465698242188e-01
6.247694492340087891e-01
7.062857151031494141e-01
6.332619190216064453e-01
6.274561882019042969e-01
6.890463829040527344e-01
6.268522739410400391e-01
6.228609085083007812e-01
6.268699169158935547e-01
6.278765201568603516e-01
6.320917606353759766e-01
6.326806545257568359e-01
6.267502307891845703e-01
6.285076141357421875e-01
7.023639678955078125e-01
6.371614933013916016e-01
6.312315464019775391e-01
6.998646259307861328e-01
7.017276287078857422e-01
6.251695156097412109e-01
6.251857280731201172e-01
6.306872367858886719e-01
6.290779113769531250e-01
6.282985210418701172e-01
6.320722103118896484e-01
6.388788223266601562e-01
6.396315097808837891e-01
6.341056823730468750e-01
6.444509029388427734e-01
6.459469795227050781e-01
6.337006092071533203e-01
6.318821907043457031e-01
6.589682102203369141e-01
7.077550888061523438e-01
6.321811676025390625e-01
6.387908458709716797e-01
6.286039352416992188e-01
6.292338371276855469e-01
6.411364078521728516e-01
6.399734020233154297e-01
6.304290294647216797e-01
6.364953517913818359e-01
6.521649360656738281e-01
6.304335594177246094e-01
6.307964324951171875e-01
6.294643878936767578e-01
6.281957626342773438e-01
6.290953159332275391e-01
6.892066001892089844e-01
6.278414726257324219e-01
6.912360191345214844e-01
6.301691532135009766e-01
6.362400054931640625e-01
6.330649852752685547e-01
6.279540061950683594e-01
6.274335384368896484e-01
7.083702087402343750e-01
6.304976940155029297e-01
6.314907073974609375e-01
6.328692436218261719e-01
6.370344161987304688e-01
6.344079971313476562e-01
6.359009742736816406e-01
6.417679786682128906e-01
6.423981189727783203e-01
6.413521766662597656e-01
6.338973045349121094e-01
6.286621093750000000e-01
6.243667602539062500e-01
6.354575157165527344e-01
6.334052085876464844e-01
6.336801052093505859e-01
6.316168308258056641e-01
6.344554424285888672e-01
6.323578357696533203e-01
6.317877769470214844e-01
6.998484134674072266e-01
6.329631805419921875e-01
6.326639652252197266e-01
7.059574127197265625e-01
6.404089927673339844e-01
6.351130008697509766e-01
6.175358295440673828e-01
6.215369701385498047e-01
6.209118366241455078e-01
6.232187747955322266e-01
6.999847888946533203e-01
6.313159465789794922e-01
6.376488208770751953e-01
6.321651935577392578e-01
6.374783515930175781e-01
6.832749843597412109e-01
6.892955303192138672e-01
6.193468570709228516e-01
6.414442062377929688e-01
7.010889053344726562e-01
6.552150249481201172e-01
6.840662956237792969e-01
6.338753700256347656e-01
6.336507797241210938e-01
6.318938732147216797e-01
6.358618736267089844e-01
6.354091167449951172e-01
6.388761997222900391e-01
6.332809925079345703e-01
6.991441249847412109e-01
6.365485191345214844e-01
6.143364906311035156e-01
6.360871791839599609e-01
6.351735591888427734e-01
6.334249973297119141e-01
6.358499526977539062e-01
6.387624740600585938e-01
6.376681327819824219e-01
6.369142532348632812e-01
7.102539539337158203e-01
6.314346790313720703e-01
6.387157440185546875e-01
6.241555213928222656e-01
6.324148178100585938e-01
6.972002983093261719e-01
6.447007656097412109e-01
6.357877254486083984e-01
6.455388069152832031e-01
6.292757987976074219e-01
6.332190036773681641e-01
6.208434104919433594e-01
6.776816844940185547e-01
6.306564807891845703e-01
6.176588535308837891e-01
6.217403411865234375e-01
6.224746704101562500e-01
7.026782035827636719e-01
6.944644451141357422e-01
6.309211254119873047e-01
6.209702491760253906e-01
6.468865871429443359e-01
6.270968914031982422e-01
6.294586658477783203e-01
6.228845119476318359e-01
6.208932399749755859e-01
6.198487281799316406e-01
6.231958866119384766e-01
6.204509735107421875e-01
6.937503814697265625e-01
6.272635459899902344e-01
6.174306869506835938e-01
6.205651760101318359e-01
6.266236305236816406e-01
6.882491111755371094e-01
6.949226856231689453e-01
6.990854740142822266e-01
6.420979499816894531e-01
6.346502304077148438e-01
6.411695480346679688e-01
6.259536743164062500e-01
6.941413879394531250e-01
7.019629478454589844e-01
6.301307678222656250e-01
6.348056793212890625e-01
6.274878978729248047e-01
6.346392631530761719e-01
6.316072940826416016e-01
6.276926994323730469e-01
6.243140697479248047e-01
6.290376186370849609e-01
6.300337314605712891e-01
