6.328420639038085938e-01
6.345295906066894531e-01
6.123354434967041016e-01
6.118624210357666016e-01
6.813626289367675781e-01
6.062982082366943359e-01
6.084353923797607422e-01
6.292703151702880859e-01
6.244075298309326172e-01
6.323671340942382812e-01
6.886734962463378906e-01
6.314241886138916016e-01
6.237971782684326172e-01
6.312580108642578125e-01
6.284565925598144531e-01
6.210000514984130859e-01
7.073805332183837891e-01
6.335999965667724609e-01
6.259801387786865234e-01
6.254529953002929688e-01
6.329021453857421875e-01
6.119732856750488281e-01
6.672542095184326172e-01
6.311819553375244141e-01
6.275331974029541016e-01
6.369290351867675781e-01
6.157510280609130859e-01
6.235380172729492188e-01
6.290013790130615234e-01
6.234748363494873047e-01
6.236102581024169922e-01
6.286647319793701172e-01
6.895744800567626953e-01
6.339993476867675781e-01
6.247615814208984375e-01
7.062768936157226562e-01
6.332623958587646484e-01
6.274523735046386719e-01
6.890404224395751953e-01
6.268491744995117188e-01
6.228525638580322266e-01
6.268665790557861328e-01
6.278717517852783203e-01
6.320877075195312500e-01
6.326758861541748047e-01
6.267454624176025391e-01
6.285028457641601562e-01
7.023613452911376953e-01
6.371569633483886719e-01
6.312181949615478516e-01
6.998643875122070312e-01
7.017188072204589844e-01
6.251618862152099609e-01
6.251790523529052734e-01
6.306769847869873047e-01
6.290702819824218750e-01
6.282889842987060547e-01
6.320590972900390625e-01
6.388800144195556641e-01
6.396307945251464844e-01
6.341047286987304688e-01
6.444473266601562500e-01
6.459472179412841797e-01
6.336851119995117188e-01
6.318798065185546875e-01
6.589689254760742188e-01
7.077531814575195312e-01
6.321730613708496094e-01
6.387789249420166016e-01
6.285977363586425781e-01
6.292264461517333984e-01
6.411285400390625000e-01
6.399760246276855469e-01
6.304209232330322266e-01
6.364951133728027344e-01
6.521637439727783203e-01
6.304318904876708984e-01
6.307780742645263672e-01
6.294553279876708984e-01
6.281883716583251953e-01
6.290919780731201172e-01
6.891906261444091797e-01
6.278359889984130859e-01
6.912279129028320312e-01
6.301629543304443359e-01
6.362247467041015625e-01
6.330666542053222656e-01
6.279506683349609375e-01
6.274256706237792969e-01
7.083697319030761719e-01
6.304802894592285156e-01
6.314744949340820312e-01
6.328601837158203125e-01
6.370341777801513672e-01
6.344003677368164062e-01
6.359024047851562500e-01
6.417636871337890625e-01
6.423928737640380859e-01
6.413516998291015625e-01
6.338906288146972656e-01
6.286563873291015625e-01
6.243712902069091797e-01
6.354551315307617188e-01
6.334016323089599609e-01
6.336724758148193359e-01
6.316127777099609375e-01
6.344525814056396484e-01
6.323447227478027344e-01
6.317698955535888672e-01
6.998422145843505859e-01
6.329567432403564453e-01
6.326622962951660156e-01
7.059583663940429688e-01
6.404027938842773438e-01
6.351096630096435547e-01
6.175339221954345703e-01
6.215333938598632812e-01
6.209056377410888672e-01
6.232075691223144531e-01
6.999781131744384766e-01
6.313099861145019531e-01
6.376407146453857422e-01
6.321599483489990234e-01
6.374771595001220703e-01
6.832590103149414062e-01
6.825847625732421875e-01
6.193406581878662109e-01
6.414389610290527344e-01
7.010822296142578125e-01
6.552076339721679688e-01
6.840596199035644531e-01
6.338758468627929688e-01
6.336460113525390625e-01
6.318848133087158203e-01
6.358580589294433594e-01
6.354055404663085938e-01
6.388728618621826172e-01
6.332819461822509766e-01
6.991426944732666016e-01
6.365509033203125000e-01
6.143279075622558594e-01
6.360843181610107422e-01
6.351633071899414062e-01
6.334254741668701172e-01
6.358394622802734375e-01
6.387596130371093750e-01
6.376667022705078125e-01
6.369023323059082031e-01
7.102487087249755859e-01
6.314110755920410156e-01
6.387155055999755859e-01
6.241505146026611328e-01
6.324098110198974609e-01
6.971991062164306641e-01
6.446962356567382812e-01
6.357827186584472656e-01
6.455366611480712891e-01
6.292760372161865234e-01
6.332182884216308594e-01
6.208391189575195312e-01
6.776764392852783203e-01
6.306564807891845703e-01
6.176595687866210938e-01
6.217384338378906250e-01
6.224679946899414062e-01
7.026772499084472656e-01
6.944627761840820312e-01
6.309225559234619141e-01
6.209690570831298828e-01
6.468787193298339844e-01
6.270952224731445312e-01
6.294574737548828125e-01
6.228768825531005859e-01
6.208555698394775391e-01
6.198446750640869141e-01
6.231915950775146484e-01
6.204462051391601562e-01
6.937451362609863281e-01
6.272571086883544922e-01
6.174287796020507812e-01
6.205682754516601562e-01
6.266181468963623047e-01
6.882452964782714844e-01
6.949176788330078125e-01
6.990811824798583984e-01
6.420943737030029297e-01
6.346449851989746094e-01
6.411623954772949219e-01
6.259503364562988281e-01
6.941342353820800781e-01
7.019674777984619141e-01
6.301252841949462891e-01
6.347978115081787109e-01
6.274883747100830078e-01
6.346285343170166016e-01
6.316010951995849609e-01
6.276860237121582031e-01
6.243047714233398438e-01
6.290330886840820312e-01
6.300277709960937500e-01
