2.347992420196533203e+00
5.107326507568359375e-01
5.097579956054687500e-01
5.086977481842041016e-01
5.100469589233398438e-01
5.106282234191894531e-01
5.096874237060546875e-01
5.099732875823974609e-01
5.092160701751708984e-01
5.108985900878906250e-01
5.121710300445556641e-01
5.092797279357910156e-01
5.095458030700683594e-01
5.115718841552734375e-01
5.097522735595703125e-01
5.106959342956542969e-01
5.104258060455322266e-01
5.109279155731201172e-01
5.077815055847167969e-01
5.091338157653808594e-01
5.087277889251708984e-01
5.075054168701171875e-01
5.093178749084472656e-01
5.127027034759521484e-01
5.129859447479248047e-01
5.143084526062011719e-01
5.147852897644042969e-01
5.396714210510253906e-01
4.945900440216064453e-01
4.967100620269775391e-01
4.958453178405761719e-01
4.954209327697753906e-01
4.953820705413818359e-01
4.963133335113525391e-01
4.944729804992675781e-01
4.955844879150390625e-01
4.955785274505615234e-01
4.952192306518554688e-01
4.947147369384765625e-01
4.958140850067138672e-01
4.963197708129882812e-01
4.949584007263183594e-01
4.947819709777832031e-01
4.974043369293212891e-01
4.964010715484619141e-01
4.963181018829345703e-01
5.147922039031982422e-01
5.111668109893798828e-01
4.953777790069580078e-01
4.965124130249023438e-01
4.976794719696044922e-01
4.989688396453857422e-01
4.970912933349609375e-01
4.974825382232666016e-01
4.993436336517333984e-01
4.987893104553222656e-01
4.978697299957275391e-01
4.992887973785400391e-01
4.988689422607421875e-01
5.539336204528808594e-01
4.985220432281494141e-01
4.983828067779541016e-01
4.976935386657714844e-01
4.990322589874267578e-01
4.980373382568359375e-01
4.983437061309814453e-01
4.985890388488769531e-01
4.997389316558837891e-01
5.072414875030517578e-01
5.048775672912597656e-01
4.987895488739013672e-01
4.991190433502197266e-01
5.007734298706054688e-01
4.992644786834716797e-01
5.001296997070312500e-01
4.992585182189941406e-01
4.999384880065917969e-01
4.997675418853759766e-01
5.005583763122558594e-01
4.986820220947265625e-01
5.424025058746337891e-01
5.004572868347167969e-01
4.996447563171386719e-01
5.067846775054931641e-01
5.013377666473388672e-01
5.012464523315429688e-01
4.983525276184082031e-01
5.001809597015380859e-01
5.018267631530761719e-01
5.014841556549072266e-01
4.994962215423583984e-01
5.010640621185302734e-01
5.006575584411621094e-01
4.999434947967529297e-01
5.005717277526855469e-01
5.006058216094970703e-01
5.001251697540283203e-01
5.270740985870361328e-01
5.013132095336914062e-01
5.004446506500244141e-01
5.307188034057617188e-01
5.011637210845947266e-01
5.039861202239990234e-01
5.049827098846435547e-01
5.021073818206787109e-01
5.033991336822509766e-01
5.347814559936523438e-01
5.466156005859375000e-01
5.286796092987060547e-01
5.144097805023193359e-01
5.030477046966552734e-01
5.336825847625732422e-01
5.235629081726074219e-01
5.224680900573730469e-01
5.322496891021728516e-01
5.275223255157470703e-01
5.279777050018310547e-01
5.287010669708251953e-01
5.275228023529052734e-01
5.260586738586425781e-01
5.273096561431884766e-01
5.292429924011230469e-01
5.266096591949462891e-01
5.281846523284912109e-01
5.284640789031982422e-01
5.278751850128173828e-01
5.270459651947021484e-01
5.297107696533203125e-01
5.292491912841796875e-01
5.292277336120605469e-01
5.282580852508544922e-01
5.293059349060058594e-01
5.301218032836914062e-01
5.270326137542724609e-01
5.298676490783691406e-01
5.279889106750488281e-01
5.273396968841552734e-01
5.296370983123779297e-01
5.290021896362304688e-01
5.312294960021972656e-01
5.289430618286132812e-01
5.301318168640136719e-01
5.335345268249511719e-01
5.277767181396484375e-01
5.290508270263671875e-01
5.295610427856445312e-01
5.283069610595703125e-01
5.282180309295654297e-01
5.285699367523193359e-01
5.288248062133789062e-01
5.278389453887939453e-01
5.280055999755859375e-01
5.283958911895751953e-01
5.272588729858398438e-01
5.275802612304687500e-01
5.279321670532226562e-01
5.263881683349609375e-01
5.241153240203857422e-01
5.242328643798828125e-01
5.243549346923828125e-01
5.231597423553466797e-01
5.247688293457031250e-01
5.265636444091796875e-01
5.256030559539794922e-01
5.238904953002929688e-01
5.260756015777587891e-01
5.245401859283447266e-01
5.240788459777832031e-01
5.247433185577392578e-01
5.252959728240966797e-01
5.252022743225097656e-01
5.247735977172851562e-01
5.252208709716796875e-01
5.238733291625976562e-01
5.254454612731933594e-01
5.252065658569335938e-01
5.258197784423828125e-01
5.255417823791503906e-01
5.258536338806152344e-01
5.256118774414062500e-01
5.244319438934326172e-01
5.286617279052734375e-01
5.047171115875244141e-01
5.038013458251953125e-01
5.037546157836914062e-01
5.054535865783691406e-01
5.058631896972656250e-01
5.035760402679443359e-01
5.058319568634033203e-01
5.050036907196044922e-01
5.047032833099365234e-01
5.039384365081787109e-01
5.038452148437500000e-01
5.047857761383056641e-01
5.360360145568847656e-01
5.041577816009521484e-01
5.043287277221679688e-01
5.035357475280761719e-01
5.035486221313476562e-01
5.041961669921875000e-01
