6.311466693878173828e-01
6.337649822235107422e-01
6.245093345642089844e-01
6.215331554412841797e-01
6.997175216674804688e-01
6.250519752502441406e-01
6.282968521118164062e-01
6.239981651306152344e-01
6.289803981781005859e-01
6.448082923889160156e-01
7.047996520996093750e-01
6.323616504669189453e-01
6.469094753265380859e-01
6.251609325408935547e-01
6.264064311981201172e-01
6.289103031158447266e-01
6.531808376312255859e-01
6.289699077606201172e-01
6.265802383422851562e-01
6.245014667510986328e-01
6.326050758361816406e-01
6.499133110046386719e-01
6.342086791992187500e-01
6.665270328521728516e-01
6.270239353179931641e-01
6.275413036346435547e-01
6.305584907531738281e-01
6.240279674530029297e-01
6.281900405883789062e-01
6.368873119354248047e-01
6.315474510192871094e-01
6.299343109130859375e-01
6.943697929382324219e-01
6.187529563903808594e-01
6.210198402404785156e-01
6.766037940979003906e-01
6.309509277343750000e-01
6.313247680664062500e-01
7.157773971557617188e-01
6.303238868713378906e-01
6.299178600311279297e-01
6.346907615661621094e-01
6.353921890258789062e-01
6.336374282836914062e-01
6.328718662261962891e-01
6.347692012786865234e-01
6.308717727661132812e-01
6.721713542938232422e-01
6.763198375701904297e-01
6.412978172302246094e-01
7.123215198516845703e-01
6.330695152282714844e-01
6.382696628570556641e-01
6.356294155120849609e-01
6.332511901855468750e-01
6.303129196166992188e-01
6.400749683380126953e-01
6.416409015655517578e-01
6.324234008789062500e-01
6.347718238830566406e-01
6.404433250427246094e-01
6.349151134490966797e-01
6.359646320343017578e-01
6.396751403808593750e-01
6.311960220336914062e-01
6.339011192321777344e-01
6.634461879730224609e-01
6.400074958801269531e-01
6.347582340240478516e-01
6.291365623474121094e-01
6.367845535278320312e-01
6.386320590972900391e-01
6.393513679504394531e-01
6.336045265197753906e-01
6.382217407226562500e-01
6.391816139221191406e-01
6.393957138061523438e-01
6.427702903747558594e-01
9.536576271057128906e-01
6.429038047790527344e-01
7.371881008148193359e-01
6.301224231719970703e-01
6.339786052703857422e-01
7.133953571319580078e-01
6.246809959411621094e-01
8.822574615478515625e-01
6.263258457183837891e-01
6.433632373809814453e-01
6.261668205261230469e-01
7.044847011566162109e-01
7.068150043487548828e-01
9.270288944244384766e-01
6.433715820312500000e-01
6.278285980224609375e-01
6.415286064147949219e-01
6.463439464569091797e-01
6.309747695922851562e-01
7.214422225952148438e-01
1.089227199554443359e+00
6.219747066497802734e-01
6.520950794219970703e-01
6.379151344299316406e-01
6.279788017272949219e-01
6.232488155364990234e-01
6.221823692321777344e-01
8.816416263580322266e-01
6.260764598846435547e-01
6.247251033782958984e-01
6.532790660858154297e-01
6.307420730590820312e-01
6.331322193145751953e-01
6.351499557495117188e-01
8.337359428405761719e-01
6.418797969818115234e-01
7.849111557006835938e-01
6.481666564941406250e-01
9.063212871551513672e-01
6.223492622375488281e-01
1.084928989410400391e+00
6.344633102416992188e-01
6.379611492156982422e-01
6.269941329956054688e-01
6.532979011535644531e-01
6.488981246948242188e-01
7.130305767059326172e-01
6.801304817199707031e-01
6.296658515930175781e-01
6.266512870788574219e-01
6.330602169036865234e-01
6.344611644744873047e-01
7.158079147338867188e-01
8.555371761322021484e-01
7.576494216918945312e-01
6.343631744384765625e-01
6.251230239868164062e-01
7.489657402038574219e-01
6.442625522613525391e-01
6.725733280181884766e-01
1.065506696701049805e+00
6.484189033508300781e-01
7.189011573791503906e-01
6.293475627899169922e-01
8.361551761627197266e-01
6.346795558929443359e-01
8.273353576660156250e-01
6.426546573638916016e-01
6.435153484344482422e-01
6.480123996734619141e-01
7.119998931884765625e-01
6.480100154876708984e-01
6.419439315795898438e-01
9.574930667877197266e-01
6.927018165588378906e-01
6.598620414733886719e-01
6.467938423156738281e-01
6.414756774902343750e-01
6.421570777893066406e-01
7.738974094390869141e-01
6.422939300537109375e-01
6.446421146392822266e-01
7.160646915435791016e-01
6.519596576690673828e-01
6.463546752929687500e-01
6.502861976623535156e-01
1.131849527359008789e+00
6.855666637420654297e-01
7.305471897125244141e-01
6.518256664276123047e-01
6.469922065734863281e-01
6.380605697631835938e-01
6.673834323883056641e-01
7.292690277099609375e-01
6.485478878021240234e-01
6.656363010406494141e-01
6.345367431640625000e-01
6.394019126892089844e-01
6.482224464416503906e-01
8.706243038177490234e-01
6.543445587158203125e-01
6.524882316589355469e-01
6.228134632110595703e-01
6.262445449829101562e-01
6.306025981903076172e-01
6.973598003387451172e-01
9.144771099090576172e-01
7.726206779479980469e-01
6.320271492004394531e-01
6.322028636932373047e-01
6.396698951721191406e-01
9.097998142242431641e-01
6.873848438262939453e-01
8.423118591308593750e-01
6.303408145904541016e-01
6.454215049743652344e-01
6.233313083648681641e-01
7.269470691680908203e-01
8.354341983795166016e-01
8.204746246337890625e-01
9.800419807434082031e-01
6.264662742614746094e-01
