2.259107589721679688e+00
7.150757312774658203e-01
7.164258956909179688e-01
7.161123752593994141e-01
7.158107757568359375e-01
7.154285907745361328e-01
7.168109416961669922e-01
7.148272991180419922e-01
7.174370288848876953e-01
7.176275253295898438e-01
7.175433635711669922e-01
7.180399894714355469e-01
7.295503616333007812e-01
7.548985481262207031e-01
7.381095886230468750e-01
7.378790378570556641e-01
7.384419441223144531e-01
7.390842437744140625e-01
7.350478172302246094e-01
7.378737926483154297e-01
7.380526065826416016e-01
7.395956516265869141e-01
7.383329868316650391e-01
7.389883995056152344e-01
7.474081516265869141e-01
7.221720218658447266e-01
7.204122543334960938e-01
7.212817668914794922e-01
7.244253158569335938e-01
7.238676548004150391e-01
7.237529754638671875e-01
7.246615886688232422e-01
7.252261638641357422e-01
7.543344497680664062e-01
7.451524734497070312e-01
7.464435100555419922e-01
7.474639415740966797e-01
7.488336563110351562e-01
7.495226860046386719e-01
7.482764720916748047e-01
7.484674453735351562e-01
7.484197616577148438e-01
7.503952980041503906e-01
7.517721652984619141e-01
7.491862773895263672e-01
7.487390041351318359e-01
7.608759403228759766e-01
7.524287700653076172e-01
7.508368492126464844e-01
7.527828216552734375e-01
7.505781650543212891e-01
7.532410621643066406e-01
7.512075901031494141e-01
7.528512477874755859e-01
7.508721351623535156e-01
7.503366470336914062e-01
7.499966621398925781e-01
7.495920658111572266e-01
7.505464553833007812e-01
7.504611015319824219e-01
7.503604888916015625e-01
7.513184547424316406e-01
7.520987987518310547e-01
7.526516914367675781e-01
7.524170875549316406e-01
7.524344921112060547e-01
7.524108886718750000e-01
7.552309036254882812e-01
7.559628486633300781e-01
7.549870014190673828e-01
7.571043968200683594e-01
7.559528350830078125e-01
7.578246593475341797e-01
7.570042610168457031e-01
7.563464641571044922e-01
7.553808689117431641e-01
7.679874897003173828e-01
7.555038928985595703e-01
7.519540786743164062e-01
7.539794445037841797e-01
7.623746395111083984e-01
7.687377929687500000e-01
7.550005912780761719e-01
7.546143531799316406e-01
7.562632560729980469e-01
7.558727264404296875e-01
7.609899044036865234e-01
7.620503902435302734e-01
7.622282505035400391e-01
7.553925514221191406e-01
7.562499046325683594e-01
7.545711994171142578e-01
7.551436424255371094e-01
7.646310329437255859e-01
7.675387859344482422e-01
7.564694881439208984e-01
7.574541568756103516e-01
7.573010921478271484e-01
7.566940784454345703e-01
7.598049640655517578e-01
7.639982700347900391e-01
7.620959281921386719e-01
7.567641735076904297e-01
7.580301761627197266e-01
7.561802864074707031e-01
7.583425045013427734e-01
7.664909362792968750e-01
7.649383544921875000e-01
7.633466720581054688e-01
7.597603797912597656e-01
7.599272727966308594e-01
7.592308521270751953e-01
7.606358528137207031e-01
7.670030593872070312e-01
7.726509571075439453e-01
7.561843395233154297e-01
7.546799182891845703e-01
7.572014331817626953e-01
7.570273876190185547e-01
9.756126403808593750e-01
7.699239253997802734e-01
7.630851268768310547e-01
7.569386959075927734e-01
7.577500343322753906e-01
7.548916339874267578e-01
7.545673847198486328e-01
7.617788314819335938e-01
7.632758617401123047e-01
7.634940147399902344e-01
7.544603347778320312e-01
7.562909126281738281e-01
7.530245780944824219e-01
7.539768218994140625e-01
7.613453865051269531e-01
7.600800991058349609e-01
7.619435787200927734e-01
7.538721561431884766e-01
7.615606784820556641e-01
8.039996623992919922e-01
8.048593997955322266e-01
9.413967132568359375e-01
7.608752250671386719e-01
7.546799182891845703e-01
7.559931278228759766e-01
7.561638355255126953e-01
7.541618347167968750e-01
7.652885913848876953e-01
7.665135860443115234e-01
7.966680526733398438e-01
8.085255622863769531e-01
7.551972866058349609e-01
7.575485706329345703e-01
7.580008506774902344e-01
9.005148410797119141e-01
9.193961620330810547e-01
7.553699016571044922e-01
7.562623023986816406e-01
7.626125812530517578e-01
7.579748630523681641e-01
7.699949741363525391e-01
7.646524906158447266e-01
7.588157653808593750e-01
7.566945552825927734e-01
7.567617893218994141e-01
7.561094760894775391e-01
7.652122974395751953e-01
7.678196430206298828e-01
7.630016803741455078e-01
7.568864822387695312e-01
7.564332485198974609e-01
7.616233825683593750e-01
7.608742713928222656e-01
7.714080810546875000e-01
7.673969268798828125e-01
7.572116851806640625e-01
7.594668865203857422e-01
7.602069377899169922e-01
7.600991725921630859e-01
7.580850124359130859e-01
7.698659896850585938e-01
7.707257270812988281e-01
7.650899887084960938e-01
7.611179351806640625e-01
7.611639499664306641e-01
7.614936828613281250e-01
7.623887062072753906e-01
7.722826004028320312e-01
7.721025943756103516e-01
7.679588794708251953e-01
7.644915580749511719e-01
7.622542381286621094e-01
7.621326446533203125e-01
7.621181011199951172e-01
7.693583965301513672e-01
7.707343101501464844e-01
7.720746994018554688e-01
7.624564170837402344e-01
7.606997489929199219e-01
7.616782188415527344e-01
7.637369632720947266e-01
