6.311254501342773438e-01
6.337671279907226562e-01
6.245167255401611328e-01
6.215353012084960938e-01
6.997146606445312500e-01
6.250519752502441406e-01
6.283028125762939453e-01
6.239876747131347656e-01
6.289777755737304688e-01
6.447994709014892578e-01
7.047965526580810547e-01
6.323583126068115234e-01
6.469089984893798828e-01
6.251649856567382812e-01
6.264071464538574219e-01
6.289086341857910156e-01
6.531841754913330078e-01
6.289706230163574219e-01
6.265778541564941406e-01
6.244983673095703125e-01
6.326141357421875000e-01
6.499149799346923828e-01
6.342103481292724609e-01
6.665332317352294922e-01
6.270291805267333984e-01
6.275377273559570312e-01
6.305580139160156250e-01
6.240258216857910156e-01
6.281921863555908203e-01
6.368846893310546875e-01
6.315441131591796875e-01
6.299381256103515625e-01
6.943683624267578125e-01
6.187517642974853516e-01
6.210184097290039062e-01
6.766128540039062500e-01
6.309623718261718750e-01
6.313292980194091797e-01
7.157859802246093750e-01
6.303262710571289062e-01
6.299219131469726562e-01
6.346952915191650391e-01
6.354024410247802734e-01
6.336357593536376953e-01
6.328806877136230469e-01
6.347908973693847656e-01
6.308662891387939453e-01
6.721718311309814453e-01
6.763226985931396484e-01
6.413028240203857422e-01
7.123270034790039062e-01
6.330699920654296875e-01
6.382920742034912109e-01
6.356329917907714844e-01
6.332554817199707031e-01
6.303174495697021484e-01
6.400790214538574219e-01
6.416447162628173828e-01
6.324286460876464844e-01
6.347751617431640625e-01
6.404411792755126953e-01
6.349148750305175781e-01
6.359760761260986328e-01
6.396853923797607422e-01
6.312010288238525391e-01
6.339054107666015625e-01
6.634523868560791016e-01
6.400167942047119141e-01
6.347632408142089844e-01
6.291418075561523438e-01
6.368069648742675781e-01
6.386334896087646484e-01
6.393554210662841797e-01
6.336100101470947266e-01
6.382462978363037109e-01
6.391859054565429688e-01
6.393983364105224609e-01
6.427748203277587891e-01
9.536569118499755859e-01
6.429066658020019531e-01
7.371912002563476562e-01
6.301219463348388672e-01
6.339790821075439453e-01
7.133908271789550781e-01
6.246871948242187500e-01
8.822720050811767578e-01
6.263265609741210938e-01
6.433598995208740234e-01
6.261599063873291016e-01
7.044811248779296875e-01
7.068147659301757812e-01
9.270226955413818359e-01
6.433720588684082031e-01
6.278321743011474609e-01
6.415271759033203125e-01
6.463415622711181641e-01
6.309704780578613281e-01
7.214391231536865234e-01
1.089219093322753906e+00
6.219794750213623047e-01
6.520919799804687500e-01
6.379160881042480469e-01
6.279840469360351562e-01
6.232500076293945312e-01
6.221842765808105469e-01
8.816497325897216797e-01
6.260738372802734375e-01
6.247217655181884766e-01
6.532759666442871094e-01
6.307432651519775391e-01
6.331300735473632812e-01
6.351475715637207031e-01
8.337354660034179688e-01
6.418821811676025391e-01
7.849075794219970703e-01
6.481695175170898438e-01
9.063208103179931641e-01
6.223492622375488281e-01
1.105349779129028320e+00
6.344664096832275391e-01
6.379616260528564453e-01
6.269888877868652344e-01
6.532933712005615234e-01
6.489050388336181641e-01
7.130262851715087891e-01
6.801450252532958984e-01
6.296687126159667969e-01
6.266465187072753906e-01
6.330599784851074219e-01
6.344645023345947266e-01
7.158083915710449219e-01
8.555359840393066406e-01
7.576954364776611328e-01
6.343579292297363281e-01
6.251268386840820312e-01
7.489662170410156250e-01
6.442594528198242188e-01
6.725714206695556641e-01
1.065506219863891602e+00
6.484172344207763672e-01
7.189064025878906250e-01
6.293487548828125000e-01
8.361513614654541016e-01
6.346795558929443359e-01
8.273284435272216797e-01
6.426539421081542969e-01
6.435108184814453125e-01
6.480097770690917969e-01
7.119967937469482422e-01
6.480026245117187500e-01
6.419441699981689453e-01
9.574904441833496094e-01
6.926908493041992188e-01
6.598613262176513672e-01
6.466336250305175781e-01
6.414825916290283203e-01
6.421558856964111328e-01
7.738947868347167969e-01
6.422941684722900391e-01
6.446385383605957031e-01
7.160604000091552734e-01
6.519608497619628906e-01
6.463541984558105469e-01
6.502740383148193359e-01
1.131846666336059570e+00
6.855652332305908203e-01
7.305443286895751953e-01
6.518254280090332031e-01
6.470046043395996094e-01
6.380662918090820312e-01
6.673765182495117188e-01
7.292695045471191406e-01
6.485450267791748047e-01
6.656324863433837891e-01
6.345274448394775391e-01
6.393985748291015625e-01
6.482131481170654297e-01
8.706219196319580078e-01
6.543416976928710938e-01
6.524705886840820312e-01
6.228146553039550781e-01
6.262433528900146484e-01
6.305990219116210938e-01
6.973626613616943359e-01
9.144761562347412109e-01
7.726187705993652344e-01
6.320192813873291016e-01
6.322026252746582031e-01
6.396703720092773438e-01
9.098069667816162109e-01
6.873853206634521484e-01
8.422994613647460938e-01
6.303710937500000000e-01
6.454286575317382812e-01
6.233279705047607422e-01
7.269427776336669922e-01
8.354332447052001953e-01
8.204662799835205078e-01
9.800319671630859375e-01
6.264669895172119141e-01
