2.582506656646728516e+00
7.506191730499267578e-01
7.504813671112060547e-01
7.488794326782226562e-01
7.510199546813964844e-01
7.478697299957275391e-01
7.484660148620605469e-01
7.476148605346679688e-01
7.485513687133789062e-01
7.481021881103515625e-01
7.494463920593261719e-01
7.495350837707519531e-01
7.513303756713867188e-01
7.531628608703613281e-01
7.262158393859863281e-01
7.257516384124755859e-01
7.240891456604003906e-01
7.234487533569335938e-01
7.245597839355468750e-01
7.234649658203125000e-01
8.144981861114501953e-01
7.448785305023193359e-01
7.462406158447265625e-01
7.446219921112060547e-01
7.538099288940429688e-01
7.557477951049804688e-01
7.541630268096923828e-01
7.561104297637939453e-01
7.563052177429199219e-01
7.575469017028808594e-01
7.579388618469238281e-01
7.590012550354003906e-01
7.585678100585937500e-01
7.598149776458740234e-01
7.616605758666992188e-01
7.543756961822509766e-01
7.550692558288574219e-01
7.514665126800537109e-01
7.533166408538818359e-01
7.578749656677246094e-01
7.549755573272705078e-01
7.564644813537597656e-01
7.549920082092285156e-01
7.542796134948730469e-01
7.556328773498535156e-01
7.581634521484375000e-01
7.982163429260253906e-01
8.824355602264404297e-01
7.571454048156738281e-01
7.584426403045654297e-01
7.567696571350097656e-01
7.569077014923095703e-01
7.580783367156982422e-01
7.574641704559326172e-01
7.558157444000244141e-01
7.567846775054931641e-01
7.572929859161376953e-01
7.574958801269531250e-01
7.579913139343261719e-01
7.561488151550292969e-01
7.560963630676269531e-01
7.583956718444824219e-01
7.576012611389160156e-01
7.593419551849365234e-01
7.564501762390136719e-01
7.593562602996826172e-01
7.583179473876953125e-01
7.588851451873779297e-01
7.595109939575195312e-01
7.634696960449218750e-01
7.624506950378417969e-01
7.623636722564697266e-01
7.610583305358886719e-01
7.634272575378417969e-01
7.608456611633300781e-01
7.597942352294921875e-01
7.686448097229003906e-01
7.631790637969970703e-01
7.698237895965576172e-01
7.638792991638183594e-01
7.651298046112060547e-01
7.665529251098632812e-01
7.710030078887939453e-01
7.708387374877929688e-01
7.724931240081787109e-01
7.783555984497070312e-01
7.805681228637695312e-01
7.821795940399169922e-01
7.746119499206542969e-01
7.698354721069335938e-01
7.695543766021728516e-01
7.739560604095458984e-01
7.813029289245605469e-01
7.823092937469482422e-01
7.768876552581787109e-01
7.719674110412597656e-01
7.741129398345947266e-01
7.723660469055175781e-01
7.740595340728759766e-01
7.834763526916503906e-01
7.784738540649414062e-01
7.798404693603515625e-01
7.731630802154541016e-01
7.742602825164794922e-01
7.730848789215087891e-01
7.778038978576660156e-01
7.800548076629638672e-01
7.795813083648681641e-01
7.772340774536132812e-01
7.746331691741943359e-01
7.751548290252685547e-01
7.757298946380615234e-01
7.796907424926757812e-01
7.649409770965576172e-01
7.845227718353271484e-01
7.638232707977294922e-01
7.649066448211669922e-01
7.702457904815673828e-01
7.756173610687255859e-01
7.765569686889648438e-01
7.834045886993408203e-01
7.785716056823730469e-01
7.657377719879150391e-01
7.678899765014648438e-01
7.724108695983886719e-01
7.804155349731445312e-01
7.862210273742675781e-01
7.827060222625732422e-01
7.773599624633789062e-01
7.766034603118896484e-01
7.750651836395263672e-01
7.747306823730468750e-01
7.796926498413085938e-01
7.843365669250488281e-01
7.819833755493164062e-01
7.823071479797363281e-01
7.726321220397949219e-01
7.695429325103759766e-01
7.706124782562255859e-01
7.749600410461425781e-01
7.754762172698974609e-01
7.818920612335205078e-01
7.761425971984863281e-01
7.725276947021484375e-01
7.737035751342773438e-01
7.807600498199462891e-01
7.826061248779296875e-01
7.830152511596679688e-01
7.708108425140380859e-01
7.689445018768310547e-01
7.674074172973632812e-01
7.696087360382080078e-01
7.760350704193115234e-01
7.751119136810302734e-01
7.734067440032958984e-01
7.676017284393310547e-01
7.706980705261230469e-01
7.642662525177001953e-01
7.731838226318359375e-01
7.887151241302490234e-01
7.710652351379394531e-01
7.659430503845214844e-01
7.650635242462158203e-01
7.661619186401367188e-01
7.666568756103515625e-01
7.751138210296630859e-01
7.734174728393554688e-01
7.671363353729248047e-01
7.652859687805175781e-01
7.656400203704833984e-01
7.785377502441406250e-01
7.751555442810058594e-01
7.906680107116699219e-01
7.737329006195068359e-01
7.672665119171142578e-01
7.767546176910400391e-01
7.769501209259033203e-01
7.745511531829833984e-01
7.730309963226318359e-01
7.738850116729736328e-01
7.835211753845214844e-01
7.792859077453613281e-01
7.772710323333740234e-01
7.822823524475097656e-01
7.781541347503662109e-01
7.843096256256103516e-01
7.843258380889892578e-01
7.862808704376220703e-01
7.793774604797363281e-01
7.745916843414306641e-01
7.761485576629638672e-01
7.789204120635986328e-01
7.864162921905517578e-01
7.850079536437988281e-01
7.857632637023925781e-01
7.820835113525390625e-01
7.777400016784667969e-01
7.776665687561035156e-01
7.788810729980468750e-01
7.841808795928955078e-01
