2.412112236022949219e+00
6.265916824340820312e-01
6.267695426940917969e-01
6.279888153076171875e-01
6.276977062225341797e-01
6.267979145050048828e-01
6.276524066925048828e-01
6.256847381591796875e-01
6.278057098388671875e-01
6.270580291748046875e-01
6.298539638519287109e-01
6.279442310333251953e-01
6.280090808868408203e-01
6.330077648162841797e-01
6.343653202056884766e-01
6.343748569488525391e-01
6.341323852539062500e-01
6.344826221466064453e-01
6.326458454132080078e-01
6.314413547515869141e-01
6.325664520263671875e-01
6.334030628204345703e-01
6.335639953613281250e-01
6.346993446350097656e-01
6.330695152282714844e-01
6.311597824096679688e-01
6.297922134399414062e-01
6.316602230072021484e-01
6.322059631347656250e-01
6.330459117889404297e-01
6.336741447448730469e-01
6.339948177337646484e-01
6.339414119720458984e-01
6.349518299102783203e-01
6.337027549743652344e-01
6.349983215332031250e-01
6.359553337097167969e-01
6.363964080810546875e-01
6.375579833984375000e-01
6.364464759826660156e-01
6.354963779449462891e-01
6.360740661621093750e-01
6.359875202178955078e-01
6.375234127044677734e-01
6.379525661468505859e-01
6.366102695465087891e-01
6.357057094573974609e-01
6.374526023864746094e-01
6.373636722564697266e-01
6.380417346954345703e-01
6.382827758789062500e-01
6.368994712829589844e-01
6.353631019592285156e-01
6.345486640930175781e-01
6.372306346893310547e-01
6.376953125000000000e-01
6.378126144409179688e-01
6.383962631225585938e-01
6.372513771057128906e-01
6.391184329986572266e-01
6.361167430877685547e-01
6.384258270263671875e-01
6.377463340759277344e-01
6.393666267395019531e-01
6.378760337829589844e-01
6.404838562011718750e-01
6.387307643890380859e-01
6.398000717163085938e-01
6.423716545104980469e-01
6.404335498809814453e-01
6.414053440093994141e-01
6.409811973571777344e-01
6.397600173950195312e-01
6.415216922760009766e-01
6.397249698638916016e-01
6.378450393676757812e-01
6.518647670745849609e-01
6.395609378814697266e-01
6.347160339355468750e-01
6.461963653564453125e-01
6.481068134307861328e-01
6.488873958587646484e-01
6.389427185058593750e-01
6.414189338684082031e-01
6.407678127288818359e-01
6.398754119873046875e-01
6.447250843048095703e-01
6.453752517700195312e-01
6.445047855377197266e-01
6.411402225494384766e-01
6.408236026763916016e-01
6.395857334136962891e-01
6.410882472991943359e-01
6.485743522644042969e-01
6.486425399780273438e-01
6.404635906219482422e-01
6.422553062438964844e-01
6.409556865692138672e-01
6.401610374450683594e-01
6.450960636138916016e-01
6.507191658020019531e-01
6.481447219848632812e-01
6.394631862640380859e-01
6.410064697265625000e-01
6.420428752899169922e-01
6.423926353454589844e-01
6.465466022491455078e-01
6.483554840087890625e-01
6.462614536285400391e-01
6.386075019836425781e-01
6.368672847747802734e-01
6.380777359008789062e-01
6.353511810302734375e-01
6.402730941772460938e-01
6.470339298248291016e-01
6.341419219970703125e-01
6.320245265960693359e-01
6.420803070068359375e-01
6.441905498504638672e-01
6.426148414611816406e-01
6.556477546691894531e-01
6.556358337402343750e-01
6.441121101379394531e-01
6.698291301727294922e-01
6.674497127532958984e-01
6.440057754516601562e-01
6.485185623168945312e-01
6.545922756195068359e-01
6.565005779266357422e-01
6.468162536621093750e-01
6.472682952880859375e-01
6.466665267944335938e-01
6.479339599609375000e-01
6.506950855255126953e-01
6.550602912902832031e-01
6.557176113128662109e-01
6.466286182403564453e-01
6.396815776824951172e-01
6.731927394866943359e-01
6.515486240386962891e-01
6.516826152801513672e-01
6.563847064971923828e-01
6.472489833831787109e-01
6.450128555297851562e-01
6.449735164642333984e-01
6.440374851226806641e-01
6.525866985321044922e-01
6.563704013824462891e-01
6.451203823089599609e-01
7.865817546844482422e-01
6.421029567718505859e-01
6.403226852416992188e-01
6.416320800781250000e-01
6.510775089263916016e-01
6.486439704895019531e-01
6.419138908386230469e-01
6.419446468353271484e-01
6.427800655364990234e-01
6.415104866027832031e-01
7.888348102569580078e-01
8.290786743164062500e-01
6.428020000457763672e-01
6.376318931579589844e-01
6.418960094451904297e-01
6.435029506683349609e-01
6.720552444458007812e-01
8.284404277801513672e-01
7.256619930267333984e-01
6.406013965606689453e-01
6.349952220916748047e-01
6.435623168945312500e-01
6.411359310150146484e-01
6.508734226226806641e-01
8.007152080535888672e-01
6.409637928009033203e-01
6.614706516265869141e-01
6.425557136535644531e-01
6.543936729431152344e-01
6.438374519348144531e-01
7.945911884307861328e-01
6.614067554473876953e-01
6.494204998016357422e-01
6.434054374694824219e-01
6.441330909729003906e-01
6.438419818878173828e-01
6.400110721588134766e-01
6.518790721893310547e-01
6.530261039733886719e-01
6.466407775878906250e-01
6.444313526153564453e-01
6.449234485626220703e-01
6.432785987854003906e-01
6.420433521270751953e-01
6.494898796081542969e-01
6.526389122009277344e-01
6.491556167602539062e-01
6.437633037567138672e-01
6.408207416534423828e-01
6.451139450073242188e-01
6.440732479095458984e-01
