6.311101913452148438e-01
6.337482929229736328e-01
6.245162487030029297e-01
6.214065551757812500e-01
6.997230052947998047e-01
6.250457763671875000e-01
6.282927989959716797e-01
6.239714622497558594e-01
6.289534568786621094e-01
6.447958946228027344e-01
7.047917842864990234e-01
6.323363780975341797e-01
6.469070911407470703e-01
6.251645088195800781e-01
6.264050006866455078e-01
6.289067268371582031e-01
6.531939506530761719e-01
6.289682388305664062e-01
6.265740394592285156e-01
6.245005130767822266e-01
6.326117515563964844e-01
6.499340534210205078e-01
6.298537254333496094e-01
6.580543518066406250e-01
6.270270347595214844e-01
6.275253295898437500e-01
6.305582523345947266e-01
6.240143775939941406e-01
6.281898021697998047e-01
6.368806362152099609e-01
6.315331459045410156e-01
6.299374103546142578e-01
6.943771839141845703e-01
6.187496185302734375e-01
6.207931041717529297e-01
6.766271591186523438e-01
6.309511661529541016e-01
6.313257217407226562e-01
7.157778739929199219e-01
6.303167343139648438e-01
6.299211978912353516e-01
6.346874237060546875e-01
6.353979110717773438e-01
6.336326599121093750e-01
6.328785419464111328e-01
6.347858905792236328e-01
6.308636665344238281e-01
6.721956729888916016e-01
6.763203144073486328e-01
6.413006782531738281e-01
7.123095989227294922e-01
6.330783367156982422e-01
6.382875442504882812e-01
6.356337070465087891e-01
6.332392692565917969e-01
6.303131580352783203e-01
6.400785446166992188e-01
6.416482925415039062e-01
6.324141025543212891e-01
6.347687244415283203e-01
6.404411792755126953e-01
6.283662319183349609e-01
6.359629631042480469e-01
6.396751403808593750e-01
6.311857700347900391e-01
6.339020729064941406e-01
6.634614467620849609e-01
6.400151252746582031e-01
6.347618103027343750e-01
6.291372776031494141e-01
6.368055343627929688e-01
6.386337280273437500e-01
6.393551826477050781e-01
6.336104869842529297e-01
6.382460594177246094e-01
6.391849517822265625e-01
6.393821239471435547e-01
6.427552700042724609e-01
9.536654949188232422e-01
6.429054737091064453e-01
7.371816635131835938e-01
6.301326751708984375e-01
6.339836120605468750e-01
7.133989334106445312e-01
6.246891021728515625e-01
8.822560310363769531e-01
6.263339519500732422e-01
6.433584690093994141e-01
6.261482238769531250e-01
7.044770717620849609e-01
7.068192958831787109e-01
9.270138740539550781e-01
6.364662647247314453e-01
6.278221607208251953e-01
6.415228843688964844e-01
6.463351249694824219e-01
6.309828758239746094e-01
7.214679718017578125e-01
1.089205026626586914e+00
6.219754219055175781e-01
6.521024703979492188e-01
6.379122734069824219e-01
6.279747486114501953e-01
6.232352256774902344e-01
6.221728324890136719e-01
8.816423416137695312e-01
6.260714530944824219e-01
6.247239112854003906e-01
6.532752513885498047e-01
6.307442188262939453e-01
6.331307888031005859e-01
6.351432800292968750e-01
8.562188148498535156e-01
6.418735980987548828e-01
7.675921916961669922e-01
6.481606960296630859e-01
9.063115119934082031e-01
6.223521232604980469e-01
1.091908693313598633e+00
6.344664096832275391e-01
6.379652023315429688e-01
6.269919872283935547e-01
6.532804965972900391e-01
6.489028930664062500e-01
7.130212783813476562e-01
6.801412105560302734e-01
6.296603679656982422e-01
6.266453266143798828e-01
6.330792903900146484e-01
6.344799995422363281e-01
7.094490528106689453e-01
8.555295467376708984e-01
7.576620578765869141e-01
6.343600749969482422e-01
6.251237392425537109e-01
7.489857673645019531e-01
6.442546844482421875e-01
6.725723743438720703e-01
1.065469503402709961e+00
6.484074592590332031e-01
7.026360034942626953e-01
6.293387413024902344e-01
8.361473083496093750e-01
6.346747875213623047e-01
8.273172378540039062e-01
6.426773071289062500e-01
6.435186862945556641e-01
6.479985713958740234e-01
7.119791507720947266e-01
6.479914188385009766e-01
6.541049480438232422e-01
9.681744575500488281e-01
6.926865577697753906e-01
6.598663330078125000e-01
6.466348171234130859e-01
6.414794921875000000e-01
6.421446800231933594e-01
7.738964557647705078e-01
6.422960758209228516e-01
6.446316242218017578e-01
7.160589694976806641e-01
6.519346237182617188e-01
6.463420391082763672e-01
6.502659320831298828e-01
1.131826639175415039e+00
6.855602264404296875e-01
7.304503917694091797e-01
6.518051624298095703e-01
6.469862461090087891e-01
6.380584239959716797e-01
6.673753261566162109e-01
7.293052673339843750e-01
6.485319137573242188e-01
6.656198501586914062e-01
6.345298290252685547e-01
6.394116878509521484e-01
6.219704151153564453e-01
8.706293106079101562e-01
6.543211936950683594e-01
6.524567604064941406e-01
6.228103637695312500e-01
6.262552738189697266e-01
6.305882930755615234e-01
6.973617076873779297e-01
8.981723785400390625e-01
7.726390361785888672e-01
6.320273876190185547e-01
6.322176456451416016e-01
6.396806240081787109e-01
9.098095893859863281e-01
6.873974800109863281e-01
8.423120975494384766e-01
6.303308010101318359e-01
6.454215049743652344e-01
6.233303546905517578e-01
7.269573211669921875e-01
8.252460956573486328e-01
8.229589462280273438e-01
9.800355434417724609e-01
6.264703273773193359e-01
