2.533444881439208984e+00
8.963596820831298828e-01
8.968758583068847656e-01
8.979213237762451172e-01
9.024612903594970703e-01
8.988437652587890625e-01
9.052834510803222656e-01
9.044411182403564453e-01
9.067256450653076172e-01
9.073717594146728516e-01
9.071516990661621094e-01
9.091033935546875000e-01
9.068126678466796875e-01
9.093139171600341797e-01
9.068577289581298828e-01
9.095773696899414062e-01
9.117152690887451172e-01
9.090805053710937500e-01
9.108114242553710938e-01
9.103105068206787109e-01
9.121394157409667969e-01
9.103841781616210938e-01
9.136490821838378906e-01
9.121880531311035156e-01
9.145977497100830078e-01
9.118473529815673828e-01
9.162404537200927734e-01
9.134161472320556641e-01
9.152719974517822266e-01
9.165413379669189453e-01
9.139039516448974609e-01
9.138727188110351562e-01
9.117610454559326172e-01
9.136347770690917969e-01
9.152908325195312500e-01
9.171347618103027344e-01
9.157991409301757812e-01
9.170119762420654297e-01
9.158539772033691406e-01
9.189472198486328125e-01
9.171199798583984375e-01
9.165396690368652344e-01
9.190976619720458984e-01
9.210791587829589844e-01
9.169340133666992188e-01
9.197545051574707031e-01
9.213802814483642578e-01
9.245169162750244141e-01
9.256672859191894531e-01
9.276764392852783203e-01
9.292297363281250000e-01
9.294688701629638672e-01
9.313659667968750000e-01
9.291446208953857422e-01
9.264519214630126953e-01
9.232728481292724609e-01
9.268417358398437500e-01
9.268107414245605469e-01
9.263458251953125000e-01
9.267218112945556641e-01
9.278385639190673828e-01
9.268710613250732422e-01
9.283285140991210938e-01
9.266550540924072266e-01
9.256505966186523438e-01
9.267957210540771484e-01
9.268887042999267578e-01
9.244928359985351562e-01
9.276342391967773438e-01
9.244363307952880859e-01
9.260158538818359375e-01
9.261968135833740234e-01
9.261674880981445312e-01
9.258360862731933594e-01
9.273147583007812500e-01
9.252631664276123047e-01
9.255123138427734375e-01
9.247837066650390625e-01
9.258549213409423828e-01
9.270281791687011719e-01
9.256196022033691406e-01
9.257166385650634766e-01
9.269168376922607422e-01
9.257979393005371094e-01
9.283487796783447266e-01
9.276764392852783203e-01
9.285283088684082031e-01
9.294130802154541016e-01
9.256904125213623047e-01
9.269516468048095703e-01
9.307126998901367188e-01
9.288353919982910156e-01
9.321951866149902344e-01
9.285333156585693359e-01
9.322459697723388672e-01
9.341547489166259766e-01
9.307978153228759766e-01
9.296267032623291016e-01
9.303386211395263672e-01
9.298830032348632812e-01
9.299602508544921875e-01
9.287188053131103516e-01
9.325542449951171875e-01
9.329125881195068359e-01
9.318058490753173828e-01
9.333345890045166016e-01
9.333770275115966797e-01
9.327113628387451172e-01
9.327886104583740234e-01
9.307794570922851562e-01
9.330890178680419922e-01
9.314236640930175781e-01
9.335765838623046875e-01
9.330799579620361328e-01
9.358978271484375000e-01
9.365170001983642578e-01
9.368717670440673828e-01
9.384024143218994141e-01
9.373381137847900391e-01
9.378595352172851562e-01
9.456584453582763672e-01
9.343295097351074219e-01
9.329807758331298828e-01
9.353759288787841797e-01
9.374897480010986328e-01
9.427151679992675781e-01
9.339199066162109375e-01
9.380719661712646484e-01
9.397399425506591797e-01
9.331076145172119141e-01
9.399621486663818359e-01
9.388861656188964844e-01
9.420435428619384766e-01
9.361841678619384766e-01
9.412770271301269531e-01
9.404375553131103516e-01
9.411480426788330078e-01
9.437003135681152344e-01
9.392414093017578125e-01
9.421143531799316406e-01
9.499914646148681641e-01
9.371733665466308594e-01
9.401659965515136719e-01
9.403541088104248047e-01
9.431307315826416016e-01
9.387021064758300781e-01
9.380867481231689453e-01
9.435522556304931641e-01
9.382464885711669922e-01
9.417548179626464844e-01
9.401061534881591797e-01
9.399094581604003906e-01
9.386525154113769531e-01
9.397692680358886719e-01
9.369666576385498047e-01
9.417598247528076172e-01
9.358561038970947266e-01
9.340305328369140625e-01
9.428772926330566406e-01
9.398283958435058594e-01
9.404895305633544922e-01
9.378468990325927734e-01
9.433066844940185547e-01
9.461951255798339844e-01
9.393014907836914062e-01
9.396088123321533203e-01
9.411747455596923828e-01
9.386036396026611328e-01
9.379010200500488281e-01
9.381721019744873047e-01
9.389369487762451172e-01
9.420974254608154297e-01
9.394767284393310547e-01
9.373466968536376953e-01
9.373683929443359375e-01
9.371809959411621094e-01
9.423713684082031250e-01
9.381170272827148438e-01
9.372873306274414062e-01
9.370739459991455078e-01
9.356541633605957031e-01
9.370305538177490234e-01
9.321606159210205078e-01
9.394693374633789062e-01
9.349992275238037109e-01
9.375758171081542969e-01
9.342908859252929688e-01
9.371867179870605469e-01
9.388372898101806641e-01
9.344239234924316406e-01
9.330806732177734375e-01
9.348742961883544922e-01
9.333462715148925781e-01
9.335663318634033203e-01
9.390344619750976562e-01
9.333224296569824219e-01
9.325528144836425781e-01
9.327208995819091797e-01
9.310972690582275391e-01
9.323546886444091797e-01
