2.397215366363525391e-01
2.537040710449218750e-01
2.500550746917724609e-01
2.408850193023681641e-01
2.479202747344970703e-01
2.462439537048339844e-01
2.461681365966796875e-01
2.445571422576904297e-01
2.505149841308593750e-01
2.357864379882812500e-01
2.470886707305908203e-01
2.466244697570800781e-01
2.468168735504150391e-01
2.473940849304199219e-01
2.464191913604736328e-01
2.496433258056640625e-01
2.470211982727050781e-01
2.482178211212158203e-01
2.478089332580566406e-01
2.468392848968505859e-01
2.498409748077392578e-01
2.445044517517089844e-01
2.492213249206542969e-01
2.469172477722167969e-01
2.475445270538330078e-01
2.497150897979736328e-01
2.446980476379394531e-01
2.467427253723144531e-01
2.394495010375976562e-01
2.479963302612304688e-01
2.489573955535888672e-01
2.471904754638671875e-01
2.502048015594482422e-01
2.486004829406738281e-01
2.530908584594726562e-01
2.450346946716308594e-01
2.504107952117919922e-01
2.490298748016357422e-01
2.474253177642822266e-01
2.457659244537353516e-01
2.470891475677490234e-01
2.499365806579589844e-01
2.458143234252929688e-01
2.435212135314941406e-01
2.471570968627929688e-01
2.445280551910400391e-01
2.485325336456298828e-01
2.434117794036865234e-01
2.369606494903564453e-01
2.440764904022216797e-01
2.493062019348144531e-01
2.432715892791748047e-01
2.376999855041503906e-01
2.369363307952880859e-01
2.384631633758544922e-01
2.450799942016601562e-01
2.474732398986816406e-01
2.534873485565185547e-01
2.481677532196044922e-01
2.450153827667236328e-01
2.485694885253906250e-01
2.500150203704833984e-01
2.469499111175537109e-01
2.380027770996093750e-01
2.499835491180419922e-01
2.458152770996093750e-01
2.440726757049560547e-01
2.491195201873779297e-01
2.477996349334716797e-01
2.512769699096679688e-01
2.463288307189941406e-01
2.466382980346679688e-01
2.472622394561767578e-01
2.509679794311523438e-01
2.470204830169677734e-01
2.488818168640136719e-01
2.495117187500000000e-01
2.507851123809814453e-01
2.523827552795410156e-01
2.466676235198974609e-01
2.460689544677734375e-01
2.495162487030029297e-01
2.481100559234619141e-01
2.451918125152587891e-01
2.484700679779052734e-01
2.492318153381347656e-01
2.472162246704101562e-01
2.455437183380126953e-01
2.494843006134033203e-01
2.501828670501708984e-01
2.460472583770751953e-01
2.466516494750976562e-01
2.482178211212158203e-01
2.456066608428955078e-01
2.443156242370605469e-01
2.363686561584472656e-01
2.469947338104248047e-01
2.479915618896484375e-01
2.482490539550781250e-01
2.471749782562255859e-01
2.487378120422363281e-01
2.480521202087402344e-01
2.476789951324462891e-01
2.463071346282958984e-01
2.484152317047119141e-01
2.487540245056152344e-01
2.398905754089355469e-01
2.487275600433349609e-01
2.503442764282226562e-01
2.501173019409179688e-01
3.208014965057373047e-01
2.465593814849853516e-01
2.465109825134277344e-01
2.454531192779541016e-01
2.470011711120605469e-01
2.479600906372070312e-01
2.489452362060546875e-01
3.292272090911865234e-01
2.468471527099609375e-01
2.477517127990722656e-01
2.506568431854248047e-01
2.473349571228027344e-01
2.517707347869873047e-01
2.471146583557128906e-01
2.467486858367919922e-01
2.485158443450927734e-01
2.468862533569335938e-01
2.459201812744140625e-01
2.471539974212646484e-01
2.448337078094482422e-01
2.440216541290283203e-01
2.455785274505615234e-01
2.486388683319091797e-01
2.498285770416259766e-01
2.445988655090332031e-01
2.495694160461425781e-01
2.503654956817626953e-01
2.472319602966308594e-01
2.478725910186767578e-01
2.449409961700439453e-01
2.504882812500000000e-01
2.532324790954589844e-01
2.501900196075439453e-01
2.508735656738281250e-01
2.516963481903076172e-01
2.531332969665527344e-01
2.509548664093017578e-01
2.512347698211669922e-01
2.526633739471435547e-01
2.462642192840576172e-01
2.471327781677246094e-01
2.456979751586914062e-01
2.497012615203857422e-01
2.511610984802246094e-01
2.477715015411376953e-01
3.156967163085937500e-01
2.478868961334228516e-01
2.474384307861328125e-01
2.521183490753173828e-01
2.484214305877685547e-01
2.458486557006835938e-01
2.502791881561279297e-01
2.508859634399414062e-01
2.458796501159667969e-01
3.283178806304931641e-01
2.473151683807373047e-01
2.484190464019775391e-01
2.464606761932373047e-01
2.516515254974365234e-01
3.208799362182617188e-01
2.465984821319580078e-01
2.480692863464355469e-01
2.480247020721435547e-01
2.484245300292968750e-01
2.486863136291503906e-01
2.495644092559814453e-01
3.191785812377929688e-01
2.467412948608398438e-01
2.490675449371337891e-01
2.463543415069580078e-01
2.496945858001708984e-01
2.470521926879882812e-01
2.458891868591308594e-01
3.241682052612304688e-01
2.460055351257324219e-01
2.507770061492919922e-01
2.492458820343017578e-01
3.315389156341552734e-01
2.488851547241210938e-01
2.531416416168212891e-01
2.469556331634521484e-01
2.525920867919921875e-01
2.519595623016357422e-01
2.579329013824462891e-01
2.490711212158203125e-01
2.476053237915039062e-01
2.470192909240722656e-01
2.492563724517822266e-01
2.510435581207275391e-01
2.511582374572753906e-01
