2.693256378173828125e+00
1.042075634002685547e+00
1.049161195755004883e+00
1.045226335525512695e+00
1.042676448822021484e+00
1.043543577194213867e+00
1.046608686447143555e+00
1.042434453964233398e+00
1.046383380889892578e+00
1.046765565872192383e+00
1.044821977615356445e+00
1.046911239624023438e+00
1.048446178436279297e+00
1.052079439163208008e+00
1.046568870544433594e+00
1.048755168914794922e+00
1.046519756317138672e+00
1.047493696212768555e+00
1.048765659332275391e+00
1.049642324447631836e+00
1.047470092773437500e+00
1.049915313720703125e+00
1.049492120742797852e+00
1.051167011260986328e+00
1.047304868698120117e+00
1.050857782363891602e+00
1.049030303955078125e+00
1.054602861404418945e+00
1.052879333496093750e+00
1.053132772445678711e+00
1.050109386444091797e+00
1.055073738098144531e+00
1.053913831710815430e+00
1.054263591766357422e+00
1.051065683364868164e+00
1.050756216049194336e+00
1.057363033294677734e+00
1.052388668060302734e+00
1.056210994720458984e+00
1.054900646209716797e+00
1.055769920349121094e+00
1.060439348220825195e+00
1.058118820190429688e+00
1.059193134307861328e+00
1.059706211090087891e+00
1.056627750396728516e+00
1.061466693878173828e+00
1.059438228607177734e+00
1.060787439346313477e+00
1.058305978775024414e+00
1.060261011123657227e+00
1.059405565261840820e+00
1.060653686523437500e+00
1.058103322982788086e+00
1.059844255447387695e+00
1.059207916259765625e+00
1.061283588409423828e+00
1.061486244201660156e+00
1.062313556671142578e+00
1.060937643051147461e+00
1.061588287353515625e+00
1.060185432434082031e+00
1.061735153198242188e+00
1.059537172317504883e+00
1.061456680297851562e+00
1.054920196533203125e+00
1.059798002243041992e+00
1.064141273498535156e+00
1.059846878051757812e+00
1.062102317810058594e+00
1.064576864242553711e+00
1.062790393829345703e+00
1.065474748611450195e+00
1.063582658767700195e+00
1.062909126281738281e+00
1.065521001815795898e+00
1.065541267395019531e+00
1.062214851379394531e+00
1.064668893814086914e+00
1.063679218292236328e+00
1.066679000854492188e+00
1.068035125732421875e+00
1.069088935852050781e+00
1.066823005676269531e+00
1.068210363388061523e+00
1.069486618041992188e+00
1.066421031951904297e+00
1.068883419036865234e+00
1.071974277496337891e+00
1.067197799682617188e+00
1.070070266723632812e+00
1.072189807891845703e+00
1.069421291351318359e+00
1.070603847503662109e+00
1.069941520690917969e+00
1.066724300384521484e+00
1.069471120834350586e+00
1.067818641662597656e+00
1.068253517150878906e+00
1.068048715591430664e+00
1.067662954330444336e+00
1.069606542587280273e+00
1.069207906723022461e+00
1.068293333053588867e+00
1.067494630813598633e+00
1.067682266235351562e+00
1.070436954498291016e+00
1.068999767303466797e+00
1.067345142364501953e+00
1.068078517913818359e+00
1.067980766296386719e+00
1.071895599365234375e+00
1.068201065063476562e+00
1.071112632751464844e+00
1.069229841232299805e+00
1.071054935455322266e+00
1.068744421005249023e+00
1.070828676223754883e+00
1.069046020507812500e+00
1.069486141204833984e+00
1.068004608154296875e+00
1.077769756317138672e+00
1.069812536239624023e+00
1.072067737579345703e+00
1.070565223693847656e+00
1.067683696746826172e+00
1.072224855422973633e+00
1.076114416122436523e+00
1.080478191375732422e+00
1.075947761535644531e+00
1.067857503890991211e+00
1.067977666854858398e+00
1.065222978591918945e+00
1.071951150894165039e+00
1.067603588104248047e+00
1.068515062332153320e+00
1.073577165603637695e+00
1.069470882415771484e+00
1.067642688751220703e+00
1.065672159194946289e+00
1.061754703521728516e+00
1.067429542541503906e+00
1.064913988113403320e+00
1.065186023712158203e+00
1.065219163894653320e+00
1.070221900939941406e+00
1.067519426345825195e+00
1.061188220977783203e+00
1.067076921463012695e+00
1.073544979095458984e+00
1.069019556045532227e+00
1.067809104919433594e+00
1.069356203079223633e+00
1.068728923797607422e+00
1.068342924118041992e+00
1.066852569580078125e+00
1.070055723190307617e+00
1.068875074386596680e+00
1.066205501556396484e+00
1.067191123962402344e+00
1.062628030776977539e+00
1.067223787307739258e+00
1.059982776641845703e+00
1.062809467315673828e+00
1.064691543579101562e+00
1.066605806350708008e+00
1.060317039489746094e+00
1.065815448760986328e+00
1.063825607299804688e+00
1.068972110748291016e+00
1.068799972534179688e+00
1.066305398941040039e+00
1.061474084854125977e+00
1.064759016036987305e+00
1.070184469223022461e+00
1.063471317291259766e+00
1.064884662628173828e+00
1.065472364425659180e+00
1.064725399017333984e+00
1.064883232116699219e+00
1.063726425170898438e+00
1.061866998672485352e+00
1.072633743286132812e+00
1.064387559890747070e+00
1.066838026046752930e+00
1.065722942352294922e+00
1.063048839569091797e+00
1.063877582550048828e+00
1.062052011489868164e+00
1.064404726028442383e+00
1.067760944366455078e+00
1.067595481872558594e+00
1.062273502349853516e+00
1.064768791198730469e+00
1.061753749847412109e+00
1.063127040863037109e+00
1.064525365829467773e+00
1.064309597015380859e+00
1.067190885543823242e+00
1.064628362655639648e+00
