1.507888317108154297e+00
1.403715848922729492e+00
1.412071228027343750e+00
1.446999549865722656e+00
1.315329551696777344e+00
1.303419113159179688e+00
1.319094657897949219e+00
1.379372119903564453e+00
1.465319156646728516e+00
1.406155109405517578e+00
1.355296611785888672e+00
1.385288238525390625e+00
1.300149202346801758e+00
1.385050058364868164e+00
1.335645198822021484e+00
1.389294147491455078e+00
1.429105758666992188e+00
1.445776700973510742e+00
1.479516506195068359e+00
1.482141494750976562e+00
1.461034059524536133e+00
1.416832923889160156e+00
1.347771406173706055e+00
1.447497844696044922e+00
1.298406839370727539e+00
1.308216571807861328e+00
1.301444292068481445e+00
1.345196723937988281e+00
1.283758878707885742e+00
1.316146612167358398e+00
1.278108119964599609e+00
1.300555229187011719e+00
1.287174701690673828e+00
1.287181138992309570e+00
1.339600563049316406e+00
1.328646183013916016e+00
1.340714693069458008e+00
1.396582126617431641e+00
1.298881053924560547e+00
1.339204311370849609e+00
1.396147727966308594e+00
1.288995504379272461e+00
1.317393064498901367e+00
1.362806797027587891e+00
1.359802722930908203e+00
1.354100704193115234e+00
1.303655624389648438e+00
1.363627672195434570e+00
1.314442873001098633e+00
1.327877044677734375e+00
1.318687200546264648e+00
1.323663234710693359e+00
1.471256732940673828e+00
1.486076831817626953e+00
1.389554977416992188e+00
1.439410924911499023e+00
1.402815818786621094e+00
1.296334981918334961e+00
1.358160495758056641e+00
1.357410430908203125e+00
1.295788764953613281e+00
1.338412046432495117e+00
1.459874868392944336e+00
1.386929988861083984e+00
1.349176168441772461e+00
1.273012638092041016e+00
1.356300830841064453e+00
1.304233551025390625e+00
1.307214498519897461e+00
1.290829896926879883e+00
1.357141733169555664e+00
1.360927820205688477e+00
1.386149406433105469e+00
1.364738702774047852e+00
1.354151248931884766e+00
1.376630306243896484e+00
1.323081493377685547e+00
1.301117181777954102e+00
1.376343488693237305e+00
1.357070684432983398e+00
1.361819028854370117e+00
1.362920761108398438e+00
1.385066986083984375e+00
1.314440727233886719e+00
1.291849851608276367e+00
1.378875017166137695e+00
1.381550312042236328e+00
1.399333715438842773e+00
1.431275606155395508e+00
1.388998508453369141e+00
1.420795440673828125e+00
1.423598051071166992e+00
1.470996618270874023e+00
1.346465110778808594e+00
1.290101766586303711e+00
1.298820018768310547e+00
1.303763866424560547e+00
1.306791305541992188e+00
1.292999267578125000e+00
1.356374740600585938e+00
1.348680257797241211e+00
1.366641759872436523e+00
1.316592693328857422e+00
1.466132402420043945e+00
1.298253059387207031e+00
1.260127782821655273e+00
1.292857885360717773e+00
1.348439455032348633e+00
1.361012220382690430e+00
1.385755062103271484e+00
1.341215372085571289e+00
1.364717483520507812e+00
1.414197921752929688e+00
1.347295045852661133e+00
1.416421175003051758e+00
1.402959108352661133e+00
1.408757209777832031e+00
1.439819812774658203e+00
1.520481824874877930e+00
1.408794403076171875e+00
1.419846534729003906e+00
1.360531091690063477e+00
1.402561902999877930e+00
1.415170431137084961e+00
1.351397991180419922e+00
1.393206119537353516e+00
1.417702913284301758e+00
1.345246553421020508e+00
1.446772098541259766e+00
1.380612134933471680e+00
1.378960132598876953e+00
1.375210762023925781e+00
1.402666091918945312e+00
1.565519571304321289e+00
1.366394519805908203e+00
1.452160120010375977e+00
1.447039842605590820e+00
1.396111011505126953e+00
1.557059526443481445e+00
1.402358531951904297e+00
1.394062995910644531e+00
1.392656803131103516e+00
1.465346813201904297e+00
1.601871728897094727e+00
1.430385589599609375e+00
1.500952243804931641e+00
1.487904310226440430e+00
1.524555206298828125e+00
1.430292606353759766e+00
1.420532941818237305e+00
1.479162931442260742e+00
1.511696815490722656e+00
1.488362550735473633e+00
1.407271146774291992e+00
1.387941837310791016e+00
1.447930097579956055e+00
1.442543983459472656e+00
1.363469123840332031e+00
1.533864021301269531e+00
1.385440111160278320e+00
1.472917079925537109e+00
1.433305978775024414e+00
1.390733003616333008e+00
1.460657119750976562e+00
1.419942617416381836e+00
1.463634014129638672e+00
1.461190700531005859e+00
1.385168075561523438e+00
1.389189481735229492e+00
1.483041286468505859e+00
1.360089778900146484e+00
1.402402877807617188e+00
1.343719482421875000e+00
1.413658618927001953e+00
1.467625617980957031e+00
1.385517835617065430e+00
1.354160547256469727e+00
1.413019895553588867e+00
1.345481634140014648e+00
1.519427299499511719e+00
1.418371915817260742e+00
1.448240756988525391e+00
1.419856786727905273e+00
1.273588657379150391e+00
1.434136390686035156e+00
1.300394535064697266e+00
1.263075351715087891e+00
1.304626941680908203e+00
1.259727716445922852e+00
1.275014162063598633e+00
1.291797876358032227e+00
1.306826829910278320e+00
1.259791851043701172e+00
1.267308473587036133e+00
1.247688293457031250e+00
1.269821643829345703e+00
1.272458553314208984e+00
1.301372528076171875e+00
1.297016620635986328e+00
1.241570234298706055e+00
