2.499914407730102539e+00
4.898023605346679688e-01
4.648005962371826172e-01
4.778115749359130859e-01
4.699199199676513672e-01
4.885406494140625000e-01
4.795069694519042969e-01
4.813630580902099609e-01
4.747064113616943359e-01
4.746742248535156250e-01
4.762220382690429688e-01
4.764969348907470703e-01
4.790208339691162109e-01
4.773221015930175781e-01
4.818186759948730469e-01
4.755530357360839844e-01
4.779605865478515625e-01
4.761288166046142578e-01
4.782145023345947266e-01
4.645605087280273438e-01
4.679470062255859375e-01
4.690299034118652344e-01
4.686529636383056641e-01
4.719319343566894531e-01
4.660236835479736328e-01
4.699888229370117188e-01
4.751651287078857422e-01
4.725408554077148438e-01
4.727461338043212891e-01
4.728400707244873047e-01
4.747629165649414062e-01
4.831387996673583984e-01
4.815874099731445312e-01
4.797949790954589844e-01
4.782781600952148438e-01
4.786429405212402344e-01
4.771749973297119141e-01
4.799907207489013672e-01
4.827661514282226562e-01
4.834837913513183594e-01
4.886233806610107422e-01
5.070688724517822266e-01
4.914782047271728516e-01
4.892110824584960938e-01
4.867646694183349609e-01
5.007157325744628906e-01
4.934573173522949219e-01
4.823932647705078125e-01
5.005140304565429688e-01
4.916491508483886719e-01
4.821534156799316406e-01
4.864296913146972656e-01
4.790201187133789062e-01
4.812023639678955078e-01
4.788825511932373047e-01
4.775936603546142578e-01
4.746818542480468750e-01
4.751091003417968750e-01
4.815046787261962891e-01
4.769659042358398438e-01
4.790050983428955078e-01
4.818775653839111328e-01
4.722094535827636719e-01
4.817972183227539062e-01
4.793775081634521484e-01
4.791934490203857422e-01
4.811451435089111328e-01
4.825599193572998047e-01
4.796996116638183594e-01
5.053114891052246094e-01
4.798030853271484375e-01
4.775879383087158203e-01
4.845638275146484375e-01
4.870843887329101562e-01
4.906246662139892578e-01
4.880502223968505859e-01
5.390870571136474609e-01
5.078003406524658203e-01
4.894886016845703125e-01
5.044739246368408203e-01
4.955244064331054688e-01
4.925112724304199219e-01
4.874968528747558594e-01
4.907090663909912109e-01
4.916908740997314453e-01
4.896011352539062500e-01
5.107576847076416016e-01
4.854912757873535156e-01
4.821650981903076172e-01
4.845862388610839844e-01
4.710495471954345703e-01
4.784507751464843750e-01
4.837980270385742188e-01
4.811043739318847656e-01
4.747655391693115234e-01
4.803981781005859375e-01
4.778118133544921875e-01
4.824125766754150391e-01
4.813339710235595703e-01
4.848587512969970703e-01
4.788444042205810547e-01
4.871420860290527344e-01
4.828376770019531250e-01
4.839363098144531250e-01
4.879992008209228516e-01
4.647364616394042969e-01
4.922795295715332031e-01
4.987785816192626953e-01
4.744434356689453125e-01
4.836857318878173828e-01
4.771859645843505859e-01
4.767923355102539062e-01
4.808869361877441406e-01
4.831116199493408203e-01
4.763054847717285156e-01
4.772713184356689453e-01
4.739999771118164062e-01
4.845013618469238281e-01
4.812018871307373047e-01
4.839510917663574219e-01
4.775664806365966797e-01
4.769642353057861328e-01
4.810767173767089844e-01
4.752931594848632812e-01
4.749324321746826172e-01
4.831068515777587891e-01
4.774737358093261719e-01
4.751663208007812500e-01
4.744405746459960938e-01
4.750361442565917969e-01
4.758069515228271484e-01
4.742023944854736328e-01
4.781353473663330078e-01
4.681179523468017578e-01
4.804124832153320312e-01
4.781577587127685547e-01
4.769535064697265625e-01
4.691054821014404297e-01
4.715721607208251953e-01
4.700450897216796875e-01
4.747846126556396484e-01
4.823257923126220703e-01
4.738807678222656250e-01
4.774200916290283203e-01
4.757194519042968750e-01
4.811091423034667969e-01
4.684915542602539062e-01
4.716169834136962891e-01
4.719150066375732422e-01
4.722945690155029297e-01
4.765870571136474609e-01
4.789326190948486328e-01
4.811251163482666016e-01
4.800021648406982422e-01
4.792265892028808594e-01
4.839777946472167969e-01
4.742553234100341797e-01
4.766588211059570312e-01
4.879677295684814453e-01
4.775788784027099609e-01
4.777247905731201172e-01
4.850788116455078125e-01
4.828240871429443359e-01
4.781205654144287109e-01
4.762420654296875000e-01
4.868040084838867188e-01
4.822788238525390625e-01
4.873688220977783203e-01
4.763512611389160156e-01
4.779498577117919922e-01
4.799914360046386719e-01
4.853067398071289062e-01
4.823572635650634766e-01
4.854097366333007812e-01
4.830460548400878906e-01
4.828250408172607422e-01
4.780714511871337891e-01
4.824707508087158203e-01
4.788067340850830078e-01
4.784007072448730469e-01
4.808459281921386719e-01
4.812114238739013672e-01
4.848718643188476562e-01
4.358005523681640625e-01
4.310581684112548828e-01
4.318764209747314453e-01
4.321854114532470703e-01
4.290249347686767578e-01
4.299795627593994141e-01
4.317877292633056641e-01
4.311985969543457031e-01
4.345355033874511719e-01
4.324364662170410156e-01
4.320025444030761719e-01
4.308829307556152344e-01
4.332041740417480469e-01
4.315299987792968750e-01
4.364657402038574219e-01
4.317340850830078125e-01
4.317731857299804688e-01
