1.507891893386840820e+00
1.403723478317260742e+00
1.412055253982543945e+00
1.447007417678833008e+00
1.315324783325195312e+00
1.303409576416015625e+00
1.319084882736206055e+00
1.379389286041259766e+00
1.465312480926513672e+00
1.406146764755249023e+00
1.355291128158569336e+00
1.385293245315551758e+00
1.300130128860473633e+00
1.385056257247924805e+00
1.335645198822021484e+00
1.389276981353759766e+00
1.429089546203613281e+00
1.445760726928710938e+00
1.479515790939331055e+00
1.482137680053710938e+00
1.461031198501586914e+00
1.416837692260742188e+00
1.347770929336547852e+00
1.447480916976928711e+00
1.298418283462524414e+00
1.308217763900756836e+00
1.301423072814941406e+00
1.345199584960937500e+00
1.283756971359252930e+00
1.316138982772827148e+00
1.278112649917602539e+00
1.300554275512695312e+00
1.287157773971557617e+00
1.287164926528930664e+00
1.339613676071166992e+00
1.328641891479492188e+00
1.340696811676025391e+00
1.396560430526733398e+00
1.298908233642578125e+00
1.339211702346801758e+00
1.396133422851562500e+00
1.289005279541015625e+00
1.317382574081420898e+00
1.362810373306274414e+00
1.359796285629272461e+00
1.354093074798583984e+00
1.303644418716430664e+00
1.363627672195434570e+00
1.314442873001098633e+00
1.327875137329101562e+00
1.318685531616210938e+00
1.323648214340209961e+00
1.471244335174560547e+00
1.486072301864624023e+00
1.389524698257446289e+00
1.439400672912597656e+00
1.402819395065307617e+00
1.296327829360961914e+00
1.358145236968994141e+00
1.357405662536621094e+00
1.295822858810424805e+00
1.338399648666381836e+00
1.459877014160156250e+00
1.386903762817382812e+00
1.349182367324829102e+00
1.273000001907348633e+00
1.356297969818115234e+00
1.304214954376220703e+00
1.307206630706787109e+00
1.290828943252563477e+00
1.357158422470092773e+00
1.360957145690917969e+00
1.386145353317260742e+00
1.364734888076782227e+00
1.354142189025878906e+00
1.376641750335693359e+00
1.323075532913208008e+00
1.301129341125488281e+00
1.376333236694335938e+00
1.357067823410034180e+00
1.361821889877319336e+00
1.362923860549926758e+00
1.385066032409667969e+00
1.314445972442626953e+00
1.291838407516479492e+00
1.378872156143188477e+00
1.381553888320922852e+00
1.399320602416992188e+00
1.431274890899658203e+00
1.389002084732055664e+00
1.420776367187500000e+00
1.423603773117065430e+00
1.470985651016235352e+00
1.346467971801757812e+00
1.290086030960083008e+00
1.298816919326782227e+00
1.303750991821289062e+00
1.306885480880737305e+00
1.292999982833862305e+00
1.356366157531738281e+00
1.348678350448608398e+00
1.366649389266967773e+00
1.316582918167114258e+00
1.466126918792724609e+00
1.298235177993774414e+00
1.260122060775756836e+00
1.292856454849243164e+00
1.348446130752563477e+00
1.361004829406738281e+00
1.385763406753540039e+00
1.341199398040771484e+00
1.364715337753295898e+00
1.414197206497192383e+00
1.347281932830810547e+00
1.416404724121093750e+00
1.402960538864135742e+00
1.408743619918823242e+00
1.439815998077392578e+00
1.520506620407104492e+00
1.408805131912231445e+00
1.419836997985839844e+00
1.360536336898803711e+00
1.402556896209716797e+00
1.415160179138183594e+00
1.351376056671142578e+00
1.393195867538452148e+00
1.417709589004516602e+00
1.345264196395874023e+00
1.446764707565307617e+00
1.380608320236206055e+00
1.378956556320190430e+00
1.375204086303710938e+00
1.402678728103637695e+00
1.565517425537109375e+00
1.366405248641967773e+00
1.452143907546997070e+00
1.447032213211059570e+00
1.396105527877807617e+00
1.557053565979003906e+00
1.402345418930053711e+00
1.394037485122680664e+00
1.392652034759521484e+00
1.465354681015014648e+00
1.601864814758300781e+00
1.430386543273925781e+00
1.500970840454101562e+00
1.487912416458129883e+00
1.524569988250732422e+00
1.430300712585449219e+00
1.420542001724243164e+00
1.479162454605102539e+00
1.511701345443725586e+00
1.488357782363891602e+00
1.407237291336059570e+00
1.387921810150146484e+00
1.447924375534057617e+00
1.442539691925048828e+00
1.363462209701538086e+00
1.533865690231323242e+00
1.385445833206176758e+00
1.472902536392211914e+00
1.433310031890869141e+00
1.390705108642578125e+00
1.460653066635131836e+00
1.419935464859008789e+00
1.463615894317626953e+00
1.461200714111328125e+00
1.385152339935302734e+00
1.389182090759277344e+00
1.483040332794189453e+00
1.360071659088134766e+00
1.402397871017456055e+00
1.343730926513671875e+00
1.413659811019897461e+00
1.467612266540527344e+00
1.385525703430175781e+00
1.354171514511108398e+00
1.413009166717529297e+00
1.345482587814331055e+00
1.519391298294067383e+00
1.418359994888305664e+00
1.448245763778686523e+00
1.419842004776000977e+00
1.273573637008666992e+00
1.434126615524291992e+00
1.300394535064697266e+00
1.263085603713989258e+00
1.304619789123535156e+00
1.259742259979248047e+00
1.275018453598022461e+00
1.291801214218139648e+00
1.306837558746337891e+00
1.259809970855712891e+00
1.267320871353149414e+00
1.247710704803466797e+00
1.269841909408569336e+00
1.272445440292358398e+00
1.301370620727539062e+00
1.297021627426147461e+00
1.241585969924926758e+00
