1.507897377014160156e+00
1.403706312179565430e+00
1.412075519561767578e+00
1.447001457214355469e+00
1.315325736999511719e+00
1.303421497344970703e+00
1.319085597991943359e+00
1.379372358322143555e+00
1.465315580368041992e+00
1.406155586242675781e+00
1.355291366577148438e+00
1.385306358337402344e+00
1.300144672393798828e+00
1.385048627853393555e+00
1.335644245147705078e+00
1.389292478561401367e+00
1.429111242294311523e+00
1.445789575576782227e+00
1.479527473449707031e+00
1.482136249542236328e+00
1.461031436920166016e+00
1.416834592819213867e+00
1.347773551940917969e+00
1.447494745254516602e+00
1.298407316207885742e+00
1.308216094970703125e+00
1.301443576812744141e+00
1.345198631286621094e+00
1.283758401870727539e+00
1.316144704818725586e+00
1.278107881546020508e+00
1.300553798675537109e+00
1.287175655364990234e+00
1.287178993225097656e+00
1.339607715606689453e+00
1.328644752502441406e+00
1.340713500976562500e+00
1.396590232849121094e+00
1.298882246017456055e+00
1.339202404022216797e+00
1.396151781082153320e+00
1.288992166519165039e+00
1.317396163940429688e+00
1.362728595733642578e+00
1.359806776046752930e+00
1.354098320007324219e+00
1.303658962249755859e+00
1.363627433776855469e+00
1.314439773559570312e+00
1.327878952026367188e+00
1.318686962127685547e+00
1.323659896850585938e+00
1.471261262893676758e+00
1.486074447631835938e+00
1.389561414718627930e+00
1.439409017562866211e+00
1.402818202972412109e+00
1.296325206756591797e+00
1.358163356781005859e+00
1.357405662536621094e+00
1.295789241790771484e+00
1.338417530059814453e+00
1.459873676300048828e+00
1.386909961700439453e+00
1.349177598953247070e+00
1.273015022277832031e+00
1.356299638748168945e+00
1.304248332977294922e+00
1.307213783264160156e+00
1.290826559066772461e+00
1.357147216796875000e+00
1.360930919647216797e+00
1.386143684387207031e+00
1.364734411239624023e+00
1.354157686233520508e+00
1.376627922058105469e+00
1.323079824447631836e+00
1.301116228103637695e+00
1.376343250274658203e+00
1.357069969177246094e+00
1.361813783645629883e+00
1.362918853759765625e+00
1.385059833526611328e+00
1.314439296722412109e+00
1.291853189468383789e+00
1.378873825073242188e+00
1.381551265716552734e+00
1.399336576461791992e+00
1.431274652481079102e+00
1.388996124267578125e+00
1.420787811279296875e+00
1.423593521118164062e+00
1.470999956130981445e+00
1.346465826034545898e+00
1.290102720260620117e+00
1.298822402954101562e+00
1.303765535354614258e+00
1.306897401809692383e+00
1.292997121810913086e+00
1.356381893157958984e+00
1.348679065704345703e+00
1.366642713546752930e+00
1.316604375839233398e+00
1.466136693954467773e+00
1.298246622085571289e+00
1.260133981704711914e+00
1.292860984802246094e+00
1.348440170288085938e+00
1.361020565032958984e+00
1.385756254196166992e+00
1.341212987899780273e+00
1.364715099334716797e+00
1.414197444915771484e+00
1.347291231155395508e+00
1.416429519653320312e+00
1.402960538864135742e+00
1.408753156661987305e+00
1.439822673797607422e+00
1.520479202270507812e+00
1.408787727355957031e+00
1.419857025146484375e+00
1.360539674758911133e+00
1.402567386627197266e+00
1.415173768997192383e+00
1.351400852203369141e+00
1.393208503723144531e+00
1.417703866958618164e+00
1.345247983932495117e+00
1.446783542633056641e+00
1.380622863769531250e+00
1.378961563110351562e+00
1.375209093093872070e+00
1.402670145034790039e+00
1.565521001815795898e+00
1.366401910781860352e+00
1.452161312103271484e+00
1.447036266326904297e+00
1.396107673645019531e+00
1.557060480117797852e+00
1.402367115020751953e+00
1.394066810607910156e+00
1.392653465270996094e+00
1.465351104736328125e+00
1.601870059967041016e+00
1.430383205413818359e+00
1.500956296920776367e+00
1.487910509109497070e+00
1.524549007415771484e+00
1.430276155471801758e+00
1.420531749725341797e+00
1.479166269302368164e+00
1.511702060699462891e+00
1.488364219665527344e+00
1.407273292541503906e+00
1.387943506240844727e+00
1.447931766510009766e+00
1.442543506622314453e+00
1.363463640213012695e+00
1.533867597579956055e+00
1.385440111160278320e+00
1.472912549972534180e+00
1.433305025100708008e+00
1.390734434127807617e+00
1.450923681259155273e+00
1.419942855834960938e+00
1.463636398315429688e+00
1.461189270019531250e+00
1.385168790817260742e+00
1.389188289642333984e+00
1.483032226562500000e+00
1.360080242156982422e+00
1.402400255203247070e+00
1.343713998794555664e+00
1.413669824600219727e+00
1.467627286911010742e+00
1.385512351989746094e+00
1.354158878326416016e+00
1.413014411926269531e+00
1.345485210418701172e+00
1.519391298294067383e+00
1.418354034423828125e+00
1.448238134384155273e+00
1.419855117797851562e+00
1.273587942123413086e+00
1.434135913848876953e+00
1.300397634506225586e+00
1.263074636459350586e+00
1.304628372192382812e+00
1.259724140167236328e+00
1.275016546249389648e+00
1.291798591613769531e+00
1.306822538375854492e+00
1.259787082672119141e+00
1.267307281494140625e+00
1.247687578201293945e+00
1.269817113876342773e+00
1.272455692291259766e+00
1.301373720169067383e+00
1.297014474868774414e+00
1.241571903228759766e+00
