2.484509229660034180e+00
4.679336547851562500e-01
4.682984352111816406e-01
4.809536933898925781e-01
4.768426418304443359e-01
4.817996025085449219e-01
4.837853908538818359e-01
4.872503280639648438e-01
4.782202243804931641e-01
4.784119129180908203e-01
4.815683364868164062e-01
4.802677631378173828e-01
4.806132316589355469e-01
4.893107414245605469e-01
4.862158298492431641e-01
4.824399948120117188e-01
4.837028980255126953e-01
4.822604656219482422e-01
4.785075187683105469e-01
4.735574722290039062e-01
4.720950126647949219e-01
4.723329544067382812e-01
4.735331535339355469e-01
4.728255271911621094e-01
4.688711166381835938e-01
4.734368324279785156e-01
4.792673587799072266e-01
4.774658679962158203e-01
4.743871688842773438e-01
4.737095832824707031e-01
4.770603179931640625e-01
5.007066726684570312e-01
4.788966178894042969e-01
4.927649497985839844e-01
4.827914237976074219e-01
4.821960926055908203e-01
4.840657711029052734e-01
4.814009666442871094e-01
4.866287708282470703e-01
4.912605285644531250e-01
4.963455200195312500e-01
4.978532791137695312e-01
4.967470169067382812e-01
4.976615905761718750e-01
4.929826259613037109e-01
5.074934959411621094e-01
4.992160797119140625e-01
4.935822486877441406e-01
4.885034561157226562e-01
4.914793968200683594e-01
4.887864589691162109e-01
4.928224086761474609e-01
4.826152324676513672e-01
4.848282337188720703e-01
4.810340404510498047e-01
4.786081314086914062e-01
4.759066104888916016e-01
4.776642322540283203e-01
4.833040237426757812e-01
4.776313304901123047e-01
4.811434745788574219e-01
4.921817779541015625e-01
4.776220321655273438e-01
5.159873962402343750e-01
4.822902679443359375e-01
4.808018207550048828e-01
4.892656803131103516e-01
4.871118068695068359e-01
4.822373390197753906e-01
4.848442077636718750e-01
4.811377525329589844e-01
4.796252250671386719e-01
4.946808815002441406e-01
4.876127243041992188e-01
4.963276386260986328e-01
4.907913208007812500e-01
5.041439533233642578e-01
5.043158531188964844e-01
4.918715953826904297e-01
5.010988712310791016e-01
4.983906745910644531e-01
4.963822364807128906e-01
4.917681217193603516e-01
4.958953857421875000e-01
4.966819286346435547e-01
4.948742389678955078e-01
4.956655502319335938e-01
4.937772750854492188e-01
4.884996414184570312e-01
4.885206222534179688e-01
4.791395664215087891e-01
4.833145141601562500e-01
4.905619621276855469e-01
4.835987091064453125e-01
4.812936782836914062e-01
4.834029674530029297e-01
4.839234352111816406e-01
4.832525253295898438e-01
4.831089973449707031e-01
4.875030517578125000e-01
4.828002452850341797e-01
4.846920967102050781e-01
4.823164939880371094e-01
4.847202301025390625e-01
4.943397045135498047e-01
4.663424491882324219e-01
4.940087795257568359e-01
4.817225933074951172e-01
4.804596900939941406e-01
4.853370189666748047e-01
4.814651012420654297e-01
4.820773601531982422e-01
4.783284664154052734e-01
4.834978580474853516e-01
4.806392192840576172e-01
4.791071414947509766e-01
4.777207374572753906e-01
4.785616397857666016e-01
4.800827503204345703e-01
4.846084117889404297e-01
4.797675609588623047e-01
4.803409576416015625e-01
4.809923171997070312e-01
4.754600524902343750e-01
4.770479202270507812e-01
4.860293865203857422e-01
4.772827625274658203e-01
4.776334762573242188e-01
4.888334274291992188e-01
4.776470661163330078e-01
4.812109470367431641e-01
4.731149673461914062e-01
4.794945716857910156e-01
4.716627597808837891e-01
4.848508834838867188e-01
4.783034324645996094e-01
4.807558059692382812e-01
4.747636318206787109e-01
4.747426509857177734e-01
4.757213592529296875e-01
4.783818721771240234e-01
4.748640060424804688e-01
4.845843315124511719e-01
4.808018207550048828e-01
4.788815975189208984e-01
4.742534160614013672e-01
4.715738296508789062e-01
4.741432666778564453e-01
4.741218090057373047e-01
4.749515056610107422e-01
4.788401126861572266e-01
4.925935268402099609e-01
4.826235771179199219e-01
4.823992252349853516e-01
4.878969192504882812e-01
4.818520545959472656e-01
4.774944782257080078e-01
4.822900295257568359e-01
4.879128932952880859e-01
4.846956729888916016e-01
4.860584735870361328e-01
4.806551933288574219e-01
4.812383651733398438e-01
4.814596176147460938e-01
4.769577980041503906e-01
4.908795356750488281e-01
4.837036132812500000e-01
5.101344585418701172e-01
4.828088283538818359e-01
4.864621162414550781e-01
4.852898120880126953e-01
5.156939029693603516e-01
4.854023456573486328e-01
4.982399940490722656e-01
4.854252338409423828e-01
4.883830547332763672e-01
4.844069480895996094e-01
4.879345893859863281e-01
4.843664169311523438e-01
4.862082004547119141e-01
4.812490940093994141e-01
4.840927124023437500e-01
4.888644218444824219e-01
4.368176460266113281e-01
4.336538314819335938e-01
4.368369579315185547e-01
4.329371452331542969e-01
4.339814186096191406e-01
4.363379478454589844e-01
4.343712329864501953e-01
4.402511119842529297e-01
4.392533302307128906e-01
4.354209899902343750e-01
4.346649646759033203e-01
4.349253177642822266e-01
4.351532459259033203e-01
4.362432956695556641e-01
4.399261474609375000e-01
4.363882541656494141e-01
4.362783432006835938e-01
