2.267013311386108398e+00
4.748880863189697266e-01
4.521932601928710938e-01
4.563665390014648438e-01
4.547014236450195312e-01
4.605674743652343750e-01
4.604322910308837891e-01
4.613950252532958984e-01
4.582655429840087891e-01
4.570212364196777344e-01
4.595556259155273438e-01
4.594879150390625000e-01
4.594299793243408203e-01
4.596121311187744141e-01
4.610631465911865234e-01
4.595050811767578125e-01
4.588229656219482422e-01
4.605333805084228516e-01
4.590570926666259766e-01
4.542574882507324219e-01
4.539458751678466797e-01
4.532151222229003906e-01
4.534003734588623047e-01
4.553790092468261719e-01
4.530861377716064453e-01
4.550955295562744141e-01
4.530994892120361328e-01
4.552359580993652344e-01
4.571421146392822266e-01
4.588286876678466797e-01
4.598541259765625000e-01
4.601776599884033203e-01
4.603664875030517578e-01
4.594993591308593750e-01
4.587016105651855469e-01
4.622569084167480469e-01
4.590024948120117188e-01
4.602704048156738281e-01
4.633054733276367188e-01
4.634528160095214844e-01
4.692718982696533203e-01
4.717812538146972656e-01
4.695253372192382812e-01
4.677662849426269531e-01
4.685578346252441406e-01
4.694194793701171875e-01
4.693274497985839844e-01
4.671297073364257812e-01
4.667220115661621094e-01
4.657461643218994141e-01
4.698500633239746094e-01
4.718613624572753906e-01
4.660515785217285156e-01
4.652979373931884766e-01
4.615924358367919922e-01
4.633114337921142578e-01
4.607267379760742188e-01
4.672863483428955078e-01
4.602692127227783203e-01
4.615066051483154297e-01
4.612514972686767578e-01
4.645938873291015625e-01
4.586460590362548828e-01
4.599158763885498047e-01
4.606947898864746094e-01
4.638915061950683594e-01
4.618401527404785156e-01
4.617798328399658203e-01
4.620504379272460938e-01
4.613780975341796875e-01
4.680802822113037109e-01
4.657638072967529297e-01
4.639410972595214844e-01
4.645071029663085938e-01
4.697496891021728516e-01
4.715452194213867188e-01
4.722907543182373047e-01
4.730730056762695312e-01
4.708676338195800781e-01
4.685499668121337891e-01
4.733502864837646484e-01
4.727149009704589844e-01
4.683496952056884766e-01
4.735310077667236328e-01
4.759268760681152344e-01
4.772388935089111328e-01
4.768650531768798828e-01
4.733054637908935547e-01
4.720337390899658203e-01
4.700946807861328125e-01
4.682233333587646484e-01
4.683420658111572266e-01
4.661674499511718750e-01
4.640576839447021484e-01
4.622383117675781250e-01
4.676058292388916016e-01
4.639437198638916016e-01
4.656496047973632812e-01
4.655671119689941406e-01
4.670066833496093750e-01
4.657461643218994141e-01
4.640181064605712891e-01
4.648859500885009766e-01
4.655101299285888672e-01
4.672105312347412109e-01
4.684879779815673828e-01
4.732296466827392578e-01
4.627494812011718750e-01
4.630675315856933594e-01
4.623143672943115234e-01
4.605705738067626953e-01
4.630434513092041016e-01
4.625790119171142578e-01
4.596414566040039062e-01
4.634258747100830078e-01
4.624593257904052734e-01
4.606564044952392578e-01
4.589865207672119141e-01
4.615967273712158203e-01
4.594995975494384766e-01
4.635589122772216797e-01
4.630658626556396484e-01
4.617462158203125000e-01
4.623768329620361328e-01
4.633061885833740234e-01
4.626038074493408203e-01
4.762933254241943359e-01
4.631814956665039062e-01
4.621913433074951172e-01
4.624516963958740234e-01
4.598903656005859375e-01
4.589772224426269531e-01
4.593126773834228516e-01
4.593913555145263672e-01
4.601845741271972656e-01
4.624519348144531250e-01
4.601597785949707031e-01
4.629051685333251953e-01
4.624743461608886719e-01
4.595937728881835938e-01
4.582443237304687500e-01
4.600989818572998047e-01
4.594023227691650391e-01
4.616010189056396484e-01
4.610865116119384766e-01
4.654893875122070312e-01
4.606778621673583984e-01
4.608266353607177734e-01
4.626178741455078125e-01
4.616153240203857422e-01
4.663007259368896484e-01
4.609732627868652344e-01
4.624249935150146484e-01
4.655528068542480469e-01
4.680747985839843750e-01
4.643840789794921875e-01
4.656798839569091797e-01
4.657232761383056641e-01
4.666330814361572266e-01
4.670159816741943359e-01
4.646210670471191406e-01
4.670186042785644531e-01
4.662594795227050781e-01
4.642961025238037109e-01
4.702634811401367188e-01
4.659016132354736328e-01
4.642558097839355469e-01
4.666836261749267578e-01
4.652462005615234375e-01
4.662818908691406250e-01
4.672868251800537109e-01
4.693868160247802734e-01
4.696967601776123047e-01
4.724609851837158203e-01
4.669194221496582031e-01
4.655573368072509766e-01
4.679391384124755859e-01
4.649472236633300781e-01
4.651391506195068359e-01
4.684584140777587891e-01
4.708309173583984375e-01
4.650394916534423828e-01
4.636106491088867188e-01
4.330227375030517578e-01
4.322962760925292969e-01
4.323244094848632812e-01
4.354891777038574219e-01
4.306931495666503906e-01
4.318299293518066406e-01
4.314353466033935547e-01
4.326319694519042969e-01
4.335873126983642578e-01
4.346823692321777344e-01
4.322195053100585938e-01
4.316396713256835938e-01
4.349222183227539062e-01
4.348068237304687500e-01
4.346594810485839844e-01
4.349460601806640625e-01
4.346706867218017578e-01
