1.507901668548583984e+00
1.403707027435302734e+00
1.412076950073242188e+00
1.447000980377197266e+00
1.315323829650878906e+00
1.303421258926391602e+00
1.319086313247680664e+00
1.379372835159301758e+00
1.465318918228149414e+00
1.406148672103881836e+00
1.355298519134521484e+00
1.385287284851074219e+00
1.300147533416748047e+00
1.385051012039184570e+00
1.335646152496337891e+00
1.389294624328613281e+00
1.429104804992675781e+00
1.445778131484985352e+00
1.479526758193969727e+00
1.482138395309448242e+00
1.461030960083007812e+00
1.416835069656372070e+00
1.347772121429443359e+00
1.447498321533203125e+00
1.298405885696411133e+00
1.308218955993652344e+00
1.301446437835693359e+00
1.345195055007934570e+00
1.283759355545043945e+00
1.316147804260253906e+00
1.278108358383178711e+00
1.300556659698486328e+00
1.287180900573730469e+00
1.287179470062255859e+00
1.339601039886474609e+00
1.328646659851074219e+00
1.340715408325195312e+00
1.396584272384643555e+00
1.298880100250244141e+00
1.339203119277954102e+00
1.396152973175048828e+00
1.289007902145385742e+00
1.317399501800537109e+00
1.362806558609008789e+00
1.359807014465332031e+00
1.354100942611694336e+00
1.303661108016967773e+00
1.363628864288330078e+00
1.314443349838256836e+00
1.327879905700683594e+00
1.318687438964843750e+00
1.323655843734741211e+00
1.471262216567993164e+00
1.486076593399047852e+00
1.389561891555786133e+00
1.439409732818603516e+00
1.402816534042358398e+00
1.296328783035278320e+00
1.358164548873901367e+00
1.357409715652465820e+00
1.295788764953613281e+00
1.338418483734130859e+00
1.459874868392944336e+00
1.386911869049072266e+00
1.349175930023193359e+00
1.273013591766357422e+00
1.356301784515380859e+00
1.304245233535766602e+00
1.307214260101318359e+00
1.290832281112670898e+00
1.357142448425292969e+00
1.360927343368530273e+00
1.386151075363159180e+00
1.364737749099731445e+00
1.354157209396362305e+00
1.376627922058105469e+00
1.323087692260742188e+00
1.301115274429321289e+00
1.376343011856079102e+00
1.357069730758666992e+00
1.361819505691528320e+00
1.362921714782714844e+00
1.385064840316772461e+00
1.314439296722412109e+00
1.291852951049804688e+00
1.378874301910400391e+00
1.381551265716552734e+00
1.399338722229003906e+00
1.431278228759765625e+00
1.388998746871948242e+00
1.420799016952514648e+00
1.423595190048217773e+00
1.470997810363769531e+00
1.346464872360229492e+00
1.290102958679199219e+00
1.298798799514770508e+00
1.303771018981933594e+00
1.306791067123413086e+00
1.292999505996704102e+00
1.356374263763427734e+00
1.348680257797241211e+00
1.366642713546752930e+00
1.316590309143066406e+00
1.466133832931518555e+00
1.298248052597045898e+00
1.260138273239135742e+00
1.292852401733398438e+00
1.348439455032348633e+00
1.361004114151000977e+00
1.385751962661743164e+00
1.341210126876831055e+00
1.364724159240722656e+00
1.414198160171508789e+00
1.347294330596923828e+00
1.416424989700317383e+00
1.402960538864135742e+00
1.408751964569091797e+00
1.439825296401977539e+00
1.520483493804931641e+00
1.408793926239013672e+00
1.419851303100585938e+00
1.360535860061645508e+00
1.402571201324462891e+00
1.415174245834350586e+00
1.351402997970581055e+00
1.393210887908935547e+00
1.417700767517089844e+00
1.345245361328125000e+00
1.446777820587158203e+00
1.380623817443847656e+00
1.378959417343139648e+00
1.375210046768188477e+00
1.402666807174682617e+00
1.565519809722900391e+00
1.366396903991699219e+00
1.452162027359008789e+00
1.447036981582641602e+00
1.396110057830810547e+00
1.557059049606323242e+00
1.402362823486328125e+00
1.394066572189331055e+00
1.392658233642578125e+00
1.465346574783325195e+00
1.601871490478515625e+00
1.430385112762451172e+00
1.500952243804931641e+00
1.487901210784912109e+00
1.524556636810302734e+00
1.430274009704589844e+00
1.420532941818237305e+00
1.479162216186523438e+00
1.511694908142089844e+00
1.488367319107055664e+00
1.407262563705444336e+00
1.387943029403686523e+00
1.447930335998535156e+00
1.442550182342529297e+00
1.363465070724487305e+00
1.533864736557006836e+00
1.385441303253173828e+00
1.472918033599853516e+00
1.433305501937866211e+00
1.390736579895019531e+00
1.460656881332397461e+00
1.419942140579223633e+00
1.463640451431274414e+00
1.461190938949584961e+00
1.385170221328735352e+00
1.389191865921020508e+00
1.483040809631347656e+00
1.360087394714355469e+00
1.402409315109252930e+00
1.343713521957397461e+00
1.413658142089843750e+00
1.467629671096801758e+00
1.385518074035644531e+00
1.354159355163574219e+00
1.413020372390747070e+00
1.345475435256958008e+00
1.519399166107177734e+00
1.418372631072998047e+00
1.448240518569946289e+00
1.419856548309326172e+00
1.273589134216308594e+00
1.434135675430297852e+00
1.300396203994750977e+00
1.263071775436401367e+00
1.304627180099487305e+00
1.259724140167236328e+00
1.275013685226440430e+00
1.291798353195190430e+00
1.306826591491699219e+00
1.259792804718017578e+00
1.267309427261352539e+00
1.247689485549926758e+00
1.269817590713500977e+00
1.272458314895629883e+00
1.301371812820434570e+00
1.297017335891723633e+00
1.241570472717285156e+00
