2.328652620315551758e+00
4.653701782226562500e-01
4.573707580566406250e-01
4.629497528076171875e-01
4.584343433380126953e-01
4.677138328552246094e-01
4.637982845306396484e-01
4.663422107696533203e-01
4.686238765716552734e-01
4.662973880767822266e-01
4.652416706085205078e-01
4.676678180694580078e-01
4.667482376098632812e-01
4.674286842346191406e-01
4.706847667694091797e-01
4.665253162384033203e-01
4.664022922515869141e-01
4.647767543792724609e-01
4.642286300659179688e-01
4.607098102569580078e-01
4.589843750000000000e-01
4.610078334808349609e-01
4.581570625305175781e-01
4.598104953765869141e-01
4.624023437500000000e-01
4.602470397949218750e-01
4.612097740173339844e-01
4.631373882293701172e-01
4.608922004699707031e-01
4.603676795959472656e-01
4.642207622528076172e-01
4.627838134765625000e-01
4.641823768615722656e-01
4.651620388031005859e-01
4.640262126922607422e-01
4.632976055145263672e-01
4.627335071563720703e-01
4.655718803405761719e-01
4.671568870544433594e-01
4.699070453643798828e-01
4.740371704101562500e-01
4.754061698913574219e-01
4.739661216735839844e-01
4.762895107269287109e-01
4.709179401397705078e-01
4.770932197570800781e-01
4.763751029968261719e-01
4.759085178375244141e-01
4.766192436218261719e-01
4.718375205993652344e-01
4.736342430114746094e-01
4.724307060241699219e-01
4.732275009155273438e-01
4.658463001251220703e-01
4.641005992889404297e-01
4.689552783966064453e-01
4.665944576263427734e-01
4.680984020233154297e-01
4.674952030181884766e-01
4.676907062530517578e-01
4.686148166656494141e-01
4.675590991973876953e-01
4.644272327423095703e-01
4.652299880981445312e-01
4.653944969177246094e-01
4.705374240875244141e-01
4.702980518341064453e-01
4.678614139556884766e-01
4.676551818847656250e-01
4.656760692596435547e-01
4.702866077423095703e-01
4.684638977050781250e-01
4.699039459228515625e-01
4.708738327026367188e-01
4.767949581146240234e-01
4.787888526916503906e-01
4.767391681671142578e-01
4.789304733276367188e-01
4.902093410491943359e-01
4.783377647399902344e-01
4.879162311553955078e-01
4.818232059478759766e-01
4.800524711608886719e-01
4.783499240875244141e-01
4.785988330841064453e-01
4.832940101623535156e-01
4.817945957183837891e-01
4.791150093078613281e-01
4.762048721313476562e-01
4.741134643554687500e-01
4.735655784606933594e-01
4.709692001342773438e-01
4.704713821411132812e-01
4.675586223602294922e-01
4.694254398345947266e-01
4.739282131195068359e-01
4.709374904632568359e-01
4.730505943298339844e-01
4.702608585357666016e-01
4.711964130401611328e-01
4.701154232025146484e-01
4.711732864379882812e-01
4.697132110595703125e-01
4.708492755889892578e-01
4.727885723114013672e-01
4.757256507873535156e-01
4.830224514007568359e-01
4.704000949859619141e-01
4.714238643646240234e-01
4.734730720520019531e-01
4.657757282257080078e-01
4.665446281433105469e-01
4.688165187835693359e-01
4.666633605957031250e-01
4.688453674316406250e-01
4.679467678070068359e-01
4.681427478790283203e-01
4.682676792144775391e-01
4.685330390930175781e-01
4.694216251373291016e-01
4.718000888824462891e-01
4.723916053771972656e-01
4.687163829803466797e-01
4.689056873321533203e-01
4.716181755065917969e-01
4.687740802764892578e-01
4.693961143493652344e-01
4.710478782653808594e-01
4.673936367034912109e-01
4.687545299530029297e-01
4.679694175720214844e-01
4.667403697967529297e-01
4.667284488677978516e-01
4.641218185424804688e-01
4.680023193359375000e-01
4.663846492767333984e-01
4.651684761047363281e-01
4.708964824676513672e-01
4.665439128875732422e-01
4.669649600982666016e-01
4.655156135559082031e-01
4.663076400756835938e-01
4.674298763275146484e-01
4.684939384460449219e-01
4.675443172454833984e-01
4.700491428375244141e-01
4.665002822875976562e-01
4.670698642730712891e-01
4.673571586608886719e-01
4.703898429870605469e-01
4.750154018402099609e-01
4.677054882049560547e-01
4.709932804107666016e-01
4.739489555358886719e-01
4.724094867706298828e-01
4.756803512573242188e-01
4.743311405181884766e-01
4.748523235321044922e-01
4.736020565032958984e-01
4.757947921752929688e-01
4.722747802734375000e-01
4.743022918701171875e-01
4.734892845153808594e-01
4.719560146331787109e-01
4.743216037750244141e-01
4.727065563201904297e-01
4.714741706848144531e-01
4.719245433807373047e-01
4.724001884460449219e-01
4.752035140991210938e-01
4.715297222137451172e-01
4.796187877655029297e-01
4.766926765441894531e-01
4.767284393310546875e-01
4.759614467620849609e-01
4.751858711242675781e-01
4.736382961273193359e-01
4.735238552093505859e-01
4.771721363067626953e-01
4.718718528747558594e-01
4.749348163604736328e-01
4.745020866394042969e-01
4.709880352020263672e-01
4.396998882293701172e-01
4.404768943786621094e-01
4.395942687988281250e-01
4.412398338317871094e-01
4.405941963195800781e-01
4.413244724273681641e-01
4.369039535522460938e-01
4.406230449676513672e-01
4.408504962921142578e-01
4.354252815246582031e-01
4.361426830291748047e-01
4.369735717773437500e-01
4.375696182250976562e-01
4.376244544982910156e-01
4.405531883239746094e-01
4.370052814483642578e-01
4.379622936248779297e-01
