2.646071910858154297e-01
2.549283504486083984e-01
2.487840652465820312e-01
2.504765987396240234e-01
2.480232715606689453e-01
2.469122409820556641e-01
2.490527629852294922e-01
2.549908161163330078e-01
2.479012012481689453e-01
2.465925216674804688e-01
2.525699138641357422e-01
2.476642131805419922e-01
2.477431297302246094e-01
2.541327476501464844e-01
2.458467483520507812e-01
2.491104602813720703e-01
2.467832565307617188e-01
2.550063133239746094e-01
2.493970394134521484e-01
2.486999034881591797e-01
2.533442974090576172e-01
2.472977638244628906e-01
2.481579780578613281e-01
2.490947246551513672e-01
2.534027099609375000e-01
2.542307376861572266e-01
2.506260871887207031e-01
2.496805191040039062e-01
2.505037784576416016e-01
2.483639717102050781e-01
2.505648136138916016e-01
2.455780506134033203e-01
2.488322257995605469e-01
2.397098541259765625e-01
2.473499774932861328e-01
2.521033287048339844e-01
2.481281757354736328e-01
2.455651760101318359e-01
2.506687641143798828e-01
2.525434494018554688e-01
2.522265911102294922e-01
2.546501159667968750e-01
2.479655742645263672e-01
2.510967254638671875e-01
2.482130527496337891e-01
2.467746734619140625e-01
2.464261054992675781e-01
2.540962696075439453e-01
2.508614063262939453e-01
2.464199066162109375e-01
2.534711360931396484e-01
2.522621154785156250e-01
2.482154369354248047e-01
2.469151020050048828e-01
2.521393299102783203e-01
2.516460418701171875e-01
2.499742507934570312e-01
2.504611015319824219e-01
2.471020221710205078e-01
2.475376129150390625e-01
2.501785755157470703e-01
2.475981712341308594e-01
2.487881183624267578e-01
2.507867813110351562e-01
2.502653598785400391e-01
2.457478046417236328e-01
2.498898506164550781e-01
2.508285045623779297e-01
2.507715225219726562e-01
2.479891777038574219e-01
2.490210533142089844e-01
2.521491050720214844e-01
2.468862533569335938e-01
2.549998760223388672e-01
2.475833892822265625e-01
2.509145736694335938e-01
2.497766017913818359e-01
2.556591033935546875e-01
2.513577938079833984e-01
2.537021636962890625e-01
2.473709583282470703e-01
2.446315288543701172e-01
2.506046295166015625e-01
2.560427188873291016e-01
2.470440864562988281e-01
2.467944622039794922e-01
2.563304901123046875e-01
2.556245326995849609e-01
2.559654712677001953e-01
2.475671768188476562e-01
2.489500045776367188e-01
2.482187747955322266e-01
2.447924613952636719e-01
2.484183311462402344e-01
2.522425651550292969e-01
2.483439445495605469e-01
2.488160133361816406e-01
2.487981319427490234e-01
2.483422756195068359e-01
2.455508708953857422e-01
2.483513355255126953e-01
2.489666938781738281e-01
2.462069988250732422e-01
2.437393665313720703e-01
2.455866336822509766e-01
2.517201900482177734e-01
2.477018833160400391e-01
2.486844062805175781e-01
2.489962577819824219e-01
2.511937618255615234e-01
2.461130619049072266e-01
2.510826587677001953e-01
2.463731765747070312e-01
2.512760162353515625e-01
2.483234405517578125e-01
2.454392910003662109e-01
2.438626289367675781e-01
2.551355361938476562e-01
2.524023056030273438e-01
2.441287040710449219e-01
2.499303817749023438e-01
2.528471946716308594e-01
2.491557598114013672e-01
2.457795143127441406e-01
2.532687187194824219e-01
2.389504909515380859e-01
3.258211612701416016e-01
2.463285923004150391e-01
2.512645721435546875e-01
2.486035823822021484e-01
2.491235733032226562e-01
2.490334510803222656e-01
2.506992816925048828e-01
3.207352161407470703e-01
2.455127239227294922e-01
2.480370998382568359e-01
2.538452148437500000e-01
2.512784004211425781e-01
2.480769157409667969e-01
2.461724281311035156e-01
2.500588893890380859e-01
2.491683959960937500e-01
2.498910427093505859e-01
2.450566291809082031e-01
2.521586418151855469e-01
2.514851093292236328e-01
2.530872821807861328e-01
2.484529018402099609e-01
2.524864673614501953e-01
2.449402809143066406e-01
2.470917701721191406e-01
2.449188232421875000e-01
2.479164600372314453e-01
3.199901580810546875e-01
2.493152618408203125e-01
2.509808540344238281e-01
2.504773139953613281e-01
2.459297180175781250e-01
2.469122409820556641e-01
2.495610713958740234e-01
3.137741088867187500e-01
2.478663921356201172e-01
2.453732490539550781e-01
2.472338676452636719e-01
3.290908336639404297e-01
2.466304302215576172e-01
2.450332641601562500e-01
2.449679374694824219e-01
2.548515796661376953e-01
2.374343872070312500e-01
2.452390193939208984e-01
2.526421546936035156e-01
2.468078136444091797e-01
2.503767013549804688e-01
2.466900348663330078e-01
2.488765716552734375e-01
2.513461112976074219e-01
2.520039081573486328e-01
2.478480339050292969e-01
2.481820583343505859e-01
2.496020793914794922e-01
2.466206550598144531e-01
2.454302310943603516e-01
2.523665428161621094e-01
2.513697147369384766e-01
2.518248558044433594e-01
2.468636035919189453e-01
3.299257755279541016e-01
2.478616237640380859e-01
2.440781593322753906e-01
2.483620643615722656e-01
2.546429634094238281e-01
2.516126632690429688e-01
2.460229396820068359e-01
2.478115558624267578e-01
2.526471614837646484e-01
2.416503429412841797e-01
2.348263263702392578e-01
2.498908042907714844e-01
2.413196563720703125e-01
