2.232877731323242188e+00
5.880377292633056641e-01
5.803849697113037109e-01
5.905144214630126953e-01
5.870940685272216797e-01
5.959138870239257812e-01
5.885922908782958984e-01
5.938358306884765625e-01
5.943725109100341797e-01
5.983886718750000000e-01
5.945842266082763672e-01
5.977387428283691406e-01
5.995259284973144531e-01
5.979151725769042969e-01
5.969717502593994141e-01
5.981600284576416016e-01
5.937588214874267578e-01
5.934832096099853516e-01
5.867128372192382812e-01
5.976850986480712891e-01
5.874638557434082031e-01
5.987370014190673828e-01
5.920193195343017578e-01
5.990121364593505859e-01
6.000165939331054688e-01
5.917389392852783203e-01
5.975625514984130859e-01
5.927002429962158203e-01
5.941257476806640625e-01
5.935792922973632812e-01
5.946028232574462891e-01
5.987327098846435547e-01
5.947186946868896484e-01
5.903558731079101562e-01
5.985558032989501953e-01
5.970709323883056641e-01
6.016662120819091797e-01
6.009826660156250000e-01
5.998556613922119141e-01
5.960793495178222656e-01
6.001667976379394531e-01
5.974788665771484375e-01
6.046302318572998047e-01
6.013793945312500000e-01
6.039640903472900391e-01
6.051137447357177734e-01
6.038541793823242188e-01
6.043641567230224609e-01
6.055045127868652344e-01
6.075720787048339844e-01
6.068158149719238281e-01
6.052711009979248047e-01
6.065523624420166016e-01
6.098532676696777344e-01
6.078164577484130859e-01
6.082079410552978516e-01
6.108927726745605469e-01
6.080627441406250000e-01
6.121120452880859375e-01
6.084821224212646484e-01
6.084947586059570312e-01
6.078903675079345703e-01
6.073791980743408203e-01
6.100566387176513672e-01
6.102652549743652344e-01
6.103515625000000000e-01
6.096315383911132812e-01
6.151425838470458984e-01
6.155428886413574219e-01
6.095068454742431641e-01
6.154828071594238281e-01
6.080465316772460938e-01
6.046352386474609375e-01
6.094968318939208984e-01
6.096403598785400391e-01
6.017453670501708984e-01
6.082224845886230469e-01
6.080105304718017578e-01
6.075754165649414062e-01
6.098103523254394531e-01
6.063950061798095703e-01
6.084446907043457031e-01
6.041104793548583984e-01
6.054508686065673828e-01
6.040768623352050781e-01
6.061015129089355469e-01
6.056435108184814453e-01
6.077697277069091797e-01
6.066906452178955078e-01
6.111576557159423828e-01
6.122341156005859375e-01
6.076488494873046875e-01
6.088290214538574219e-01
6.099619865417480469e-01
6.119956970214843750e-01
6.123657226562500000e-01
6.119334697723388672e-01
6.046535968780517578e-01
6.087129116058349609e-01
6.098258495330810547e-01
6.140294075012207031e-01
6.067545413970947266e-01
6.078686714172363281e-01
6.070632934570312500e-01
6.078824996948242188e-01
6.110229492187500000e-01
6.102356910705566406e-01
6.098411083221435547e-01
6.081774234771728516e-01
6.051266193389892578e-01
6.010582447052001953e-01
6.044006347656250000e-01
6.028175354003906250e-01
6.067018508911132812e-01
6.052401065826416016e-01
6.083076000213623047e-01
6.105122566223144531e-01
5.996856689453125000e-01
5.935072898864746094e-01
6.083874702453613281e-01
6.100814342498779297e-01
6.099529266357421875e-01
6.053385734558105469e-01
6.063466072082519531e-01
6.048126220703125000e-01
5.956490039825439453e-01
6.075952053070068359e-01
5.944502353668212891e-01
6.117258071899414062e-01
6.093382835388183594e-01
6.107590198516845703e-01
6.045124530792236328e-01
5.968897342681884766e-01
6.065478324890136719e-01
6.071906089782714844e-01
6.122803688049316406e-01
6.091454029083251953e-01
6.053645610809326172e-01
6.097714900970458984e-01
6.076710224151611328e-01
6.098470687866210938e-01
6.096506118774414062e-01
6.038486957550048828e-01
6.115331649780273438e-01
6.104409694671630859e-01
6.065804958343505859e-01
6.058905124664306641e-01
6.006925106048583984e-01
6.021239757537841797e-01
6.105034351348876953e-01
6.028497219085693359e-01
6.077485084533691406e-01
6.034440994262695312e-01
6.096055507659912109e-01
6.070740222930908203e-01
6.100430488586425781e-01
6.022274494171142578e-01
6.043410301208496094e-01
6.045815944671630859e-01
6.072640419006347656e-01
6.026561260223388672e-01
6.037921905517578125e-01
6.051590442657470703e-01
6.106622219085693359e-01
6.082396507263183594e-01
6.057634353637695312e-01
6.067905426025390625e-01
6.063871383666992188e-01
6.096117496490478516e-01
6.074948310852050781e-01
6.068098545074462891e-01
6.088280677795410156e-01
6.038565635681152344e-01
6.102323532104492188e-01
6.110503673553466797e-01
6.125380992889404297e-01
6.011719703674316406e-01
6.119825839996337891e-01
6.123065948486328125e-01
6.137328147888183594e-01
6.075091361999511719e-01
6.140837669372558594e-01
6.131329536437988281e-01
6.121964454650878906e-01
6.123960018157958984e-01
6.122398376464843750e-01
6.154811382293701172e-01
6.095755100250244141e-01
6.100480556488037109e-01
6.120672225952148438e-01
6.133501529693603516e-01
6.059856414794921875e-01
6.150469779968261719e-01
6.115477085113525391e-01
6.143586635589599609e-01
6.116812229156494141e-01
6.079874038696289062e-01
6.104779243469238281e-01
6.113934516906738281e-01
6.129333972930908203e-01
