6.212881803512573242e+00
7.768797874450683594e-01
7.791953086853027344e-01
7.788450717926025391e-01
7.812695503234863281e-01
7.799649238586425781e-01
7.813758850097656250e-01
7.749638557434082031e-01
7.756259441375732422e-01
7.924082279205322266e-01
7.740855216979980469e-01
7.738351821899414062e-01
7.738323211669921875e-01
7.721536159515380859e-01
7.531800270080566406e-01
7.870578765869140625e-01
7.798664569854736328e-01
7.769083976745605469e-01
7.770640850067138672e-01
7.780890464782714844e-01
7.794427871704101562e-01
7.825856208801269531e-01
7.830238342285156250e-01
7.775425910949707031e-01
7.851932048797607422e-01
7.849652767181396484e-01
7.829797267913818359e-01
7.825562953948974609e-01
7.814812660217285156e-01
7.816407680511474609e-01
7.870657444000244141e-01
7.855806350708007812e-01
7.851450443267822266e-01
7.845726013183593750e-01
7.837522029876708984e-01
7.845480442047119141e-01
7.834548950195312500e-01
7.893912792205810547e-01
7.943634986877441406e-01
7.877840995788574219e-01
7.826611995697021484e-01
8.044300079345703125e-01
7.903201580047607422e-01
7.903604507446289062e-01
7.890336513519287109e-01
7.828607559204101562e-01
7.502834796905517578e-01
7.502479553222656250e-01
7.516918182373046875e-01
7.744243144989013672e-01
8.264880180358886719e-01
7.522375583648681641e-01
7.637524604797363281e-01
7.531583309173583984e-01
7.499897480010986328e-01
7.505292892456054688e-01
7.537655830383300781e-01
7.985260486602783203e-01
7.948698997497558594e-01
8.036303520202636719e-01
7.961955070495605469e-01
7.978632450103759766e-01
7.977759838104248047e-01
8.296551704406738281e-01
8.006680011749267578e-01
8.010621070861816406e-01
8.003706932067871094e-01
7.966408729553222656e-01
7.997591495513916016e-01
7.987926006317138672e-01
7.976744174957275391e-01
8.007299900054931641e-01
8.076980113983154297e-01
8.038444519042968750e-01
7.996034622192382812e-01
7.963783740997314453e-01
7.868065834045410156e-01
8.016588687896728516e-01
8.009998798370361328e-01
7.987713813781738281e-01
7.925717830657958984e-01
8.043036460876464844e-01
7.918970584869384766e-01
7.953860759735107422e-01
7.668285369873046875e-01
7.519996166229248047e-01
7.817945480346679688e-01
7.645647525787353516e-01
8.011517524719238281e-01
7.927293777465820312e-01
7.943758964538574219e-01
7.964882850646972656e-01
7.954804897308349609e-01
7.945175170898437500e-01
7.935981750488281250e-01
7.996096611022949219e-01
8.033597469329833984e-01
8.058533668518066406e-01
8.240592479705810547e-01
7.773296833038330078e-01
7.748074531555175781e-01
8.179302215576171875e-01
7.956833839416503906e-01
7.575969696044921875e-01
7.555570602416992188e-01
7.598209381103515625e-01
8.069906234741210938e-01
8.090875148773193359e-01
8.031029701232910156e-01
8.068695068359375000e-01
8.073492050170898438e-01
8.071033954620361328e-01
8.096494674682617188e-01
8.418662548065185547e-01
7.711877822875976562e-01
8.300881385803222656e-01
8.050024509429931641e-01
7.974958419799804688e-01
7.949719429016113281e-01
7.996456623077392578e-01
7.958235740661621094e-01
7.968451976776123047e-01
7.984030246734619141e-01
9.358417987823486328e-01
7.623162269592285156e-01
7.968361377716064453e-01
8.073945045471191406e-01
8.059220314025878906e-01
7.981829643249511719e-01
8.098499774932861328e-01
7.691154479980468750e-01
8.112876415252685547e-01
8.372890949249267578e-01
8.061230182647705078e-01
7.982993125915527344e-01
7.971458435058593750e-01
7.991650104522705078e-01
7.996351718902587891e-01
8.105294704437255859e-01
8.323514461517333984e-01
8.000028133392333984e-01
7.971267700195312500e-01
7.975988388061523438e-01
7.973194122314453125e-01
8.158719539642333984e-01
8.156843185424804688e-01
8.087141513824462891e-01
8.094592094421386719e-01
8.091995716094970703e-01
8.041415214538574219e-01
7.982671260833740234e-01
7.988038063049316406e-01
7.980747222900390625e-01
7.959578037261962891e-01
8.105146884918212891e-01
8.021411895751953125e-01
8.693544864654541016e-01
7.593564987182617188e-01
7.587673664093017578e-01
7.573359012603759766e-01
7.562286853790283203e-01
7.582440376281738281e-01
7.582588195800781250e-01
7.576375007629394531e-01
7.567520141601562500e-01
7.587807178497314453e-01
8.076436519622802734e-01
8.093624114990234375e-01
8.100733757019042969e-01
8.129365444183349609e-01
8.086664676666259766e-01
7.993714809417724609e-01
7.579975128173828125e-01
7.545561790466308594e-01
7.538433074951171875e-01
7.537033557891845703e-01
7.837319374084472656e-01
8.344597816467285156e-01
8.078761100769042969e-01
8.150424957275390625e-01
7.933599948883056641e-01
7.955348491668701172e-01
7.983841896057128906e-01
7.935035228729248047e-01
7.978837490081787109e-01
7.954387664794921875e-01
7.948400974273681641e-01
7.947938442230224609e-01
7.917132377624511719e-01
8.097095489501953125e-01
7.997364997863769531e-01
7.937932014465332031e-01
7.929790019989013672e-01
7.932183742523193359e-01
7.923612594604492188e-01
7.942349910736083984e-01
7.926537990570068359e-01
7.965943813323974609e-01
8.071808815002441406e-01
7.932410240173339844e-01
