6.228205204010009766e+00
7.879214286804199219e-01
7.924115657806396484e-01
7.917580604553222656e-01
7.902691364288330078e-01
7.913489341735839844e-01
7.897558212280273438e-01
7.909576892852783203e-01
7.867455482482910156e-01
7.861163616180419922e-01
7.923820018768310547e-01
7.901175022125244141e-01
7.925958633422851562e-01
7.946162223815917969e-01
7.938151359558105469e-01
7.881007194519042969e-01
7.867131233215332031e-01
7.863242626190185547e-01
7.948400974273681641e-01
7.951931953430175781e-01
7.921683788299560547e-01
7.875220775604248047e-01
7.746827602386474609e-01
7.602243423461914062e-01
7.602200508117675781e-01
7.965445518493652344e-01
7.843527793884277344e-01
9.159493446350097656e-01
7.933990955352783203e-01
7.930173873901367188e-01
7.926740646362304688e-01
7.938122749328613281e-01
7.953665256500244141e-01
7.946200370788574219e-01
8.026988506317138672e-01
8.024721145629882812e-01
7.970325946807861328e-01
7.940361499786376953e-01
7.875778675079345703e-01
7.965407371520996094e-01
7.927048206329345703e-01
7.940526008605957031e-01
7.933945655822753906e-01
7.930333614349365234e-01
7.876904010772705078e-01
7.916648387908935547e-01
7.962849140167236328e-01
7.990820407867431641e-01
8.003647327423095703e-01
8.012850284576416016e-01
7.967588901519775391e-01
8.470480442047119141e-01
8.014912605285644531e-01
7.997384071350097656e-01
8.051571846008300781e-01
8.011050224304199219e-01
8.026006221771240234e-01
7.985293865203857422e-01
8.026835918426513672e-01
8.002347946166992188e-01
8.070030212402343750e-01
8.010721206665039062e-01
7.953042984008789062e-01
7.940146923065185547e-01
8.018245697021484375e-01
7.944464683532714844e-01
7.949075698852539062e-01
8.008356094360351562e-01
8.050324916839599609e-01
8.049888610839843750e-01
7.980690002441406250e-01
7.967092990875244141e-01
7.963345050811767578e-01
7.988970279693603516e-01
8.049240112304687500e-01
7.983088493347167969e-01
8.036887645721435547e-01
8.057427406311035156e-01
8.099169731140136719e-01
8.044688701629638672e-01
8.052406311035156250e-01
8.074018955230712891e-01
8.011004924774169922e-01
7.964775562286376953e-01
8.106408119201660156e-01
8.056385517120361328e-01
8.097541332244873047e-01
8.062429428100585938e-01
8.101973533630371094e-01
8.107819557189941406e-01
8.079822063446044922e-01
8.109300136566162109e-01
8.127777576446533203e-01
8.101713657379150391e-01
8.102669715881347656e-01
8.148899078369140625e-01
8.124427795410156250e-01
8.105144500732421875e-01
8.097789287567138672e-01
8.100147247314453125e-01
8.152406215667724609e-01
8.058166503906250000e-01
8.062255382537841797e-01
8.030905723571777344e-01
8.017523288726806641e-01
8.018825054168701172e-01
8.026123046875000000e-01
8.084344863891601562e-01
8.084011077880859375e-01
8.040838241577148438e-01
8.035299777984619141e-01
8.149790763854980469e-01
8.142220973968505859e-01
8.078265190124511719e-01
8.061566352844238281e-01
8.107569217681884766e-01
8.157415390014648438e-01
8.150646686553955078e-01
8.142280578613281250e-01
8.138222694396972656e-01
8.157439231872558594e-01
8.160495758056640625e-01
8.106212615966796875e-01
9.691152572631835938e-01
7.685382366180419922e-01
7.697837352752685547e-01
7.890162467956542969e-01
7.918345928192138672e-01
8.279855251312255859e-01
8.334567546844482422e-01
8.836314678192138672e-01
8.097295761108398438e-01
8.082084655761718750e-01
8.076260089874267578e-01
8.110544681549072266e-01
8.096828460693359375e-01
8.130104541778564453e-01
8.094644546508789062e-01
8.191201686859130859e-01
8.204417228698730469e-01
8.152642250061035156e-01
8.124883174896240234e-01
8.154726028442382812e-01
8.073933124542236328e-01
8.133056163787841797e-01
8.172152042388916016e-01
8.092100620269775391e-01
8.100118637084960938e-01
8.092632293701171875e-01
8.188977241516113281e-01
8.149893283843994141e-01
8.203759193420410156e-01
8.175706863403320312e-01
8.198351860046386719e-01
8.186268806457519531e-01
8.143281936645507812e-01
8.127748966217041016e-01
8.095068931579589844e-01
8.098516464233398438e-01
8.177912235260009766e-01
8.180341720581054688e-01
8.178772926330566406e-01
8.234724998474121094e-01
8.543982505798339844e-01
8.188712596893310547e-01
8.177416324615478516e-01
8.159625530242919922e-01
8.161935806274414062e-01
8.169527053833007812e-01
8.165168762207031250e-01
8.164546489715576172e-01
8.161032199859619141e-01
8.188807964324951172e-01
8.179047107696533203e-01
8.185694217681884766e-01
8.080947399139404297e-01
8.064875602722167969e-01
8.207833766937255859e-01
8.219625949859619141e-01
8.170130252838134766e-01
8.211121559143066406e-01
8.106138706207275391e-01
8.121967315673828125e-01
8.118448257446289062e-01
8.103880882263183594e-01
8.269774913787841797e-01
8.410809040069580078e-01
8.190932273864746094e-01
8.169279098510742188e-01
8.303773403167724609e-01
8.949985504150390625e-01
8.180322647094726562e-01
8.152284622192382812e-01
8.172600269317626953e-01
8.143343925476074219e-01
8.055546283721923828e-01
8.138720989227294922e-01
8.119773864746093750e-01
8.065030574798583984e-01
8.203763961791992188e-01
