6.377661228179931641e-01
6.530647277832031250e-01
6.224229335784912109e-01
6.561038494110107422e-01
6.963617801666259766e-01
6.201739311218261719e-01
6.225628852844238281e-01
6.673064231872558594e-01
6.280894279479980469e-01
6.366913318634033203e-01
6.213693618774414062e-01
6.353201866149902344e-01
6.364431381225585938e-01
6.280922889709472656e-01
6.333937644958496094e-01
6.313259601593017578e-01
7.040114402770996094e-01
6.443769931793212891e-01
6.273689270019531250e-01
6.305768489837646484e-01
6.288137435913085938e-01
6.143968105316162109e-01
7.237956523895263672e-01
6.626403331756591797e-01
6.239783763885498047e-01
7.658836841583251953e-01
6.231625080108642578e-01
6.327061653137207031e-01
6.215844154357910156e-01
6.328001022338867188e-01
6.250629425048828125e-01
6.959557533264160156e-01
6.430068016052246094e-01
6.293165683746337891e-01
6.326718330383300781e-01
7.216451168060302734e-01
6.348173618316650391e-01
6.252105236053466797e-01
6.384785175323486328e-01
6.278769969940185547e-01
6.357092857360839844e-01
6.261048316955566406e-01
6.306297779083251953e-01
6.256024837493896484e-01
6.309518814086914062e-01
6.350793838500976562e-01
6.276130676269531250e-01
7.080879211425781250e-01
6.336488723754882812e-01
6.300244331359863281e-01
6.382787227630615234e-01
6.324388980865478516e-01
6.312670707702636719e-01
6.318972110748291016e-01
6.340959072113037109e-01
6.276040077209472656e-01
6.318967342376708984e-01
6.340105533599853516e-01
6.339411735534667969e-01
6.355118751525878906e-01
6.315231323242187500e-01
6.309368610382080078e-01
6.282064914703369141e-01
6.268458366394042969e-01
6.184020042419433594e-01
6.350133419036865234e-01
7.092332839965820312e-01
6.351423263549804688e-01
6.311736106872558594e-01
6.236522197723388672e-01
6.250774860382080078e-01
6.238844394683837891e-01
6.297399997711181641e-01
6.255528926849365234e-01
6.330301761627197266e-01
6.136529445648193359e-01
6.368305683135986328e-01
6.207013130187988281e-01
6.185348033905029297e-01
6.422638893127441406e-01
6.307594776153564453e-01
6.247968673706054688e-01
6.227774620056152344e-01
6.293079853057861328e-01
6.323704719543457031e-01
6.308760643005371094e-01
6.286458969116210938e-01
6.298944950103759766e-01
6.265504360198974609e-01
7.119302749633789062e-01
6.322913169860839844e-01
6.319403648376464844e-01
6.363275051116943359e-01
6.256229877471923828e-01
6.322572231292724609e-01
6.336297988891601562e-01
6.319406032562255859e-01
6.301760673522949219e-01
6.368424892425537109e-01
6.164710521697998047e-01
6.312460899353027344e-01
6.251790523529052734e-01
6.231145858764648438e-01
6.128740310668945312e-01
6.565124988555908203e-01
6.347444057464599609e-01
6.246762275695800781e-01
6.356725692749023438e-01
6.330747604370117188e-01
6.242582798004150391e-01
6.421558856964111328e-01
6.340446472167968750e-01
6.305890083312988281e-01
6.280303001403808594e-01
6.309957504272460938e-01
6.248359680175781250e-01
6.257905960083007812e-01
6.279711723327636719e-01
6.308996677398681641e-01
6.246576309204101562e-01
6.267144680023193359e-01
6.237759590148925781e-01
6.134741306304931641e-01
6.154675483703613281e-01
6.156799793243408203e-01
6.162419319152832031e-01
6.356408596038818359e-01
6.353180408477783203e-01
6.277911663055419922e-01
6.318469047546386719e-01
6.284723281860351562e-01
6.214663982391357422e-01
6.223757266998291016e-01
6.345331668853759766e-01
6.200358867645263672e-01
6.365873813629150391e-01
6.348071098327636719e-01
6.539516448974609375e-01
6.275703907012939453e-01
6.189019680023193359e-01
6.363091468811035156e-01
6.234195232391357422e-01
6.386694908142089844e-01
6.380641460418701172e-01
6.303493976593017578e-01
6.291618347167968750e-01
6.345281600952148438e-01
6.308841705322265625e-01
6.301193237304687500e-01
6.291308403015136719e-01
6.246080398559570312e-01
6.351585388183593750e-01
6.253097057342529297e-01
7.066450119018554688e-01
6.280915737152099609e-01
6.247727870941162109e-01
6.266741752624511719e-01
6.329460144042968750e-01
6.278140544891357422e-01
6.303844451904296875e-01
6.240735054016113281e-01
1.015787363052368164e+00
6.317765712738037109e-01
6.316595077514648438e-01
6.228344440460205078e-01
7.104249000549316406e-01
6.290631294250488281e-01
6.304926872253417969e-01
6.286270618438720703e-01
6.232624053955078125e-01
6.328508853912353516e-01
6.232140064239501953e-01
6.325459480285644531e-01
6.307146549224853516e-01
6.296658515930175781e-01
6.440804004669189453e-01
6.304357051849365234e-01
7.151710987091064453e-01
6.770076751708984375e-01
6.302559375762939453e-01
6.286582946777343750e-01
6.337094306945800781e-01
6.140782833099365234e-01
6.330380439758300781e-01
6.321520805358886719e-01
6.299388408660888672e-01
6.329951286315917969e-01
6.257607936859130859e-01
6.306781768798828125e-01
6.254007816314697266e-01
7.184534072875976562e-01
6.282312870025634766e-01
6.402387619018554688e-01
6.243538856506347656e-01
6.220254898071289062e-01
6.245014667510986328e-01
6.334784030914306641e-01
6.519515514373779297e-01
6.260120868682861328e-01
6.240701675415039062e-01
