6.377687454223632812e-01
6.530556678771972656e-01
6.224174499511718750e-01
6.561231613159179688e-01
6.963610649108886719e-01
6.201763153076171875e-01
6.225683689117431641e-01
6.672937870025634766e-01
6.260385513305664062e-01
6.367058753967285156e-01
6.311652660369873047e-01
6.353132724761962891e-01
6.364359855651855469e-01
6.280853748321533203e-01
6.334030628204345703e-01
5.953619480133056641e-01
7.040114402770996094e-01
6.293318271636962891e-01
6.273856163024902344e-01
6.305682659149169922e-01
6.287946701049804688e-01
6.143801212310791016e-01
7.237803936004638672e-01
6.626408100128173828e-01
6.239809989929199219e-01
7.479774951934814453e-01
6.099662780761718750e-01
6.326963901519775391e-01
6.284475326538085938e-01
6.328027248382568359e-01
6.250538825988769531e-01
6.959669589996337891e-01
6.429855823516845703e-01
6.293270587921142578e-01
6.326963901519775391e-01
7.230954170227050781e-01
6.569397449493408203e-01
6.252183914184570312e-01
6.384818553924560547e-01
6.278648376464843750e-01
6.357054710388183594e-01
6.261084079742431641e-01
6.306285858154296875e-01
6.256184577941894531e-01
6.309528350830078125e-01
6.350691318511962891e-01
6.276326179504394531e-01
7.081100940704345703e-01
6.336536407470703125e-01
6.203355789184570312e-01
6.382861137390136719e-01
6.324493885040283203e-01
6.312730312347412109e-01
6.318788528442382812e-01
6.340827941894531250e-01
6.276094913482666016e-01
6.318888664245605469e-01
6.340060234069824219e-01
6.339488029479980469e-01
6.355221271514892578e-01
6.315238475799560547e-01
6.309325695037841797e-01
6.282069683074951172e-01
6.268494129180908203e-01
6.183993816375732422e-01
6.350188255310058594e-01
7.092199325561523438e-01
6.300435066223144531e-01
6.311800479888916016e-01
6.236464977264404297e-01
6.250631809234619141e-01
6.238775253295898438e-01
6.297407150268554688e-01
6.255445480346679688e-01
6.330356597900390625e-01
6.340219974517822266e-01
6.368224620819091797e-01
6.206903457641601562e-01
6.185424327850341797e-01
6.422927379608154297e-01
6.307713985443115234e-01
6.247792243957519531e-01
6.227979660034179688e-01
6.293001174926757812e-01
6.323840618133544922e-01
6.308865547180175781e-01
6.286635398864746094e-01
6.298732757568359375e-01
6.265461444854736328e-01
7.119328975677490234e-01
6.368675231933593750e-01
6.319365501403808594e-01
6.363408565521240234e-01
6.256113052368164062e-01
6.322574615478515625e-01
6.336255073547363281e-01
6.319305896759033203e-01
6.301887035369873047e-01
6.368255615234375000e-01
6.164793968200683594e-01
6.273643970489501953e-01
6.251788139343261719e-01
6.231081485748291016e-01
6.128742694854736328e-01
6.507198810577392578e-01
6.212096214294433594e-01
6.246705055236816406e-01
6.356637477874755859e-01
6.330628395080566406e-01
6.242578029632568359e-01
6.167118549346923828e-01
6.340630054473876953e-01
6.305923461914062500e-01
6.280288696289062500e-01
6.310079097747802734e-01
6.248369216918945312e-01
6.257960796356201172e-01
6.279742717742919922e-01
6.309170722961425781e-01
6.246602535247802734e-01
6.267085075378417969e-01
6.237714290618896484e-01
6.134881973266601562e-01
6.154673099517822266e-01
6.157002449035644531e-01
6.162595748901367188e-01
6.356260776519775391e-01
6.353318691253662109e-01
6.277575492858886719e-01
6.318449974060058594e-01
6.284658908843994141e-01
6.214616298675537109e-01
6.174979209899902344e-01
6.345345973968505859e-01
6.311841011047363281e-01
6.365847587585449219e-01
6.347963809967041016e-01
6.520161628723144531e-01
6.275815963745117188e-01
6.348266601562500000e-01
6.363012790679931641e-01
6.234202384948730469e-01
6.386756896972656250e-01
6.380748748779296875e-01
6.303308010101318359e-01
6.291673183441162109e-01
6.345245838165283203e-01
6.308693885803222656e-01
6.301023960113525391e-01
6.291475296020507812e-01
6.246132850646972656e-01
6.351594924926757812e-01
6.253194808959960938e-01
7.066698074340820312e-01
6.280910968780517578e-01
6.247658729553222656e-01
6.266756057739257812e-01
6.329421997070312500e-01
6.277935504913330078e-01
6.304030418395996094e-01
6.240901947021484375e-01
1.015788316726684570e+00
6.317820549011230469e-01
6.316826343536376953e-01
6.228504180908203125e-01
7.104184627532958984e-01
6.290695667266845703e-01
6.305041313171386719e-01
6.286399364471435547e-01
6.232657432556152344e-01
6.328513622283935547e-01
6.232168674468994141e-01
6.325416564941406250e-01
6.307375431060791016e-01
6.296768188476562500e-01
6.440823078155517578e-01
6.304390430450439453e-01
7.151811122894287109e-01
6.769998073577880859e-01
6.302511692047119141e-01
6.286435127258300781e-01
6.337091922760009766e-01
6.140747070312500000e-01
6.330561637878417969e-01
6.321706771850585938e-01
6.299507617950439453e-01
6.329936981201171875e-01
6.257724761962890625e-01
6.306965351104736328e-01
6.254098415374755859e-01
7.184565067291259766e-01
6.282455921173095703e-01
6.402482986450195312e-01
6.243546009063720703e-01
6.220355033874511719e-01
6.244993209838867188e-01
6.334910392761230469e-01
6.519472599029541016e-01
6.260135173797607422e-01
6.240742206573486328e-01
