6.377682685852050781e-01
6.530575752258300781e-01
6.224157810211181641e-01
6.561222076416015625e-01
6.963567733764648438e-01
6.201825141906738281e-01
6.225636005401611328e-01
6.673066616058349609e-01
6.260366439819335938e-01
6.367044448852539062e-01
6.311669349670410156e-01
6.353116035461425781e-01
6.364407539367675781e-01
6.280937194824218750e-01
6.334047317504882812e-01
6.313076019287109375e-01
7.040128707885742188e-01
6.443643569946289062e-01
6.273825168609619141e-01
6.305701732635498047e-01
6.288168430328369141e-01
6.143779754638671875e-01
7.237813472747802734e-01
6.626377105712890625e-01
6.239814758300781250e-01
7.479779720306396484e-01
6.099648475646972656e-01
6.327075958251953125e-01
6.284377574920654297e-01
6.290314197540283203e-01
6.250562667846679688e-01
6.762156486511230469e-01
6.429908275604248047e-01
6.293230056762695312e-01
6.326968669891357422e-01
7.230985164642333984e-01
6.569442749023437500e-01
6.252171993255615234e-01
6.384782791137695312e-01
6.278669834136962891e-01
6.357028484344482422e-01
6.261074542999267578e-01
6.306271553039550781e-01
6.256129741668701172e-01
6.309511661529541016e-01
6.350650787353515625e-01
6.276292800903320312e-01
7.081112861633300781e-01
6.336574554443359375e-01
6.203355789184570312e-01
6.330506801605224609e-01
6.324486732482910156e-01
6.312711238861083984e-01
6.318798065185546875e-01
6.340835094451904297e-01
6.276047229766845703e-01
6.318895816802978516e-01
6.299827098846435547e-01
6.339457035064697266e-01
6.355197429656982422e-01
6.315262317657470703e-01
6.309273242950439453e-01
6.282069683074951172e-01
6.268472671508789062e-01
6.184003353118896484e-01
6.350202560424804688e-01
7.092237472534179688e-01
6.351389884948730469e-01
6.311764717102050781e-01
6.236460208892822266e-01
6.250641345977783203e-01
6.238806247711181641e-01
6.297430992126464844e-01
6.255483627319335938e-01
6.330387592315673828e-01
6.340222358703613281e-01
6.368215084075927734e-01
6.206943988800048828e-01
6.185438632965087891e-01
6.422839164733886719e-01
6.307694911956787109e-01
6.247806549072265625e-01
6.227920055389404297e-01
6.293022632598876953e-01
6.323864459991455078e-01
6.308836936950683594e-01
6.286652088165283203e-01
6.298716068267822266e-01
6.265504360198974609e-01
7.119398117065429688e-01
6.368663311004638672e-01
6.319344043731689453e-01
6.363379955291748047e-01
6.256234645843505859e-01
6.322579383850097656e-01
6.336290836334228516e-01
6.319372653961181641e-01
6.301863193511962891e-01
6.368231773376464844e-01
6.164784431457519531e-01
6.273715496063232422e-01
6.251764297485351562e-01
6.231124401092529297e-01
6.128730773925781250e-01
6.506903171539306641e-01
6.212098598480224609e-01
6.246724128723144531e-01
6.356644630432128906e-01
6.330633163452148438e-01
6.242549419403076172e-01
6.167137622833251953e-01
6.340684890747070312e-01
6.305880546569824219e-01
6.280279159545898438e-01
6.310114860534667969e-01
6.248447895050048828e-01
6.257936954498291016e-01
6.279742717742919922e-01
6.309208869934082031e-01
6.246547698974609375e-01
6.267125606536865234e-01
6.237676143646240234e-01
6.134908199310302734e-01
6.154644489288330078e-01
6.047890186309814453e-01
6.162517070770263672e-01
6.356320381164550781e-01
6.353256702423095703e-01
6.277575492858886719e-01
6.318423748016357422e-01
6.284689903259277344e-01
6.214628219604492188e-01
6.223692893981933594e-01
6.345336437225341797e-01
6.311860084533691406e-01
6.365852355957031250e-01
6.348018646240234375e-01
6.520187854766845703e-01
6.275768280029296875e-01
6.348176002502441406e-01
6.363019943237304688e-01
6.234214305877685547e-01
6.386749744415283203e-01
6.380746364593505859e-01
6.303443908691406250e-01
6.291675567626953125e-01
6.345243453979492188e-01
6.308724880218505859e-01
6.301057338714599609e-01
6.291429996490478516e-01
6.246125698089599609e-01
6.351549625396728516e-01
6.253154277801513672e-01
7.066669464111328125e-01
6.280894279479980469e-01
6.247692108154296875e-01
6.266753673553466797e-01
6.329419612884521484e-01
6.277940273284912109e-01
6.303977966308593750e-01
6.240856647491455078e-01
1.015787601470947266e+00
6.317770481109619141e-01
6.316776275634765625e-01
6.228451728820800781e-01
7.104232311248779297e-01
6.290712356567382812e-01
6.304993629455566406e-01
6.286337375640869141e-01
6.232607364654541016e-01
6.328485012054443359e-01
6.232128143310546875e-01
6.325502395629882812e-01
6.307308673858642578e-01
6.296834945678710938e-01
6.440880298614501953e-01
6.304380893707275391e-01
7.151792049407958984e-01
6.770048141479492188e-01
6.302499771118164062e-01
6.286435127258300781e-01
6.258721351623535156e-01
6.140739917755126953e-01
6.330533027648925781e-01
6.321663856506347656e-01
6.299521923065185547e-01
6.330027580261230469e-01
6.257674694061279297e-01
6.306836605072021484e-01
6.254105567932128906e-01
7.184565067291259766e-01
6.282405853271484375e-01
6.402480602264404297e-01
6.243529319763183594e-01
6.220328807830810547e-01
6.245014667510986328e-01
6.334657669067382812e-01
6.519467830657958984e-01
6.260182857513427734e-01
6.240737438201904297e-01
