1.458362817764282227e+00
1.416479587554931641e+00
1.388569116592407227e+00
1.509140491485595703e+00
1.435507059097290039e+00
1.488614320755004883e+00
1.460605859756469727e+00
1.434946060180664062e+00
1.516304492950439453e+00
1.412264585494995117e+00
1.394444942474365234e+00
1.360229492187500000e+00
1.363408803939819336e+00
1.388186454772949219e+00
1.390682220458984375e+00
1.380929946899414062e+00
1.386194944381713867e+00
1.388881444931030273e+00
1.393210172653198242e+00
1.388181209564208984e+00
1.334850311279296875e+00
1.376408815383911133e+00
1.392760038375854492e+00
1.501783609390258789e+00
1.377279520034790039e+00
1.400717973709106445e+00
1.389498710632324219e+00
1.396509170532226562e+00
1.394148111343383789e+00
1.395703315734863281e+00
1.399219989776611328e+00
1.391596794128417969e+00
1.408787727355957031e+00
1.313700199127197266e+00
1.382511138916015625e+00
1.396734476089477539e+00
1.389108896255493164e+00
1.366750001907348633e+00
1.412352800369262695e+00
1.393304586410522461e+00
1.411634683609008789e+00
1.408483743667602539e+00
1.439363002777099609e+00
1.408946275711059570e+00
1.395892143249511719e+00
1.431706905364990234e+00
1.415292263031005859e+00
1.321117401123046875e+00
1.337815761566162109e+00
1.390677213668823242e+00
1.397686719894409180e+00
1.416268110275268555e+00
1.494529485702514648e+00
1.366157054901123047e+00
1.371179103851318359e+00
1.375611543655395508e+00
1.384118556976318359e+00
1.321758031845092773e+00
1.378946781158447266e+00
1.406398773193359375e+00
1.427135229110717773e+00
1.460844278335571289e+00
1.583864450454711914e+00
1.477111339569091797e+00
1.444080591201782227e+00
1.460089206695556641e+00
1.421934127807617188e+00
1.410513639450073242e+00
1.405415773391723633e+00
1.399746417999267578e+00
1.366678476333618164e+00
1.309185028076171875e+00
1.369423866271972656e+00
1.344839572906494141e+00
1.411486864089965820e+00
1.382833480834960938e+00
1.365717649459838867e+00
1.407773733139038086e+00
1.382058620452880859e+00
1.377093076705932617e+00
1.415536165237426758e+00
1.402788639068603516e+00
1.325711488723754883e+00
1.361667633056640625e+00
1.384926080703735352e+00
1.375834465026855469e+00
1.374241590499877930e+00
1.376743078231811523e+00
1.354528188705444336e+00
1.368043422698974609e+00
1.380797147750854492e+00
1.372049570083618164e+00
1.468011140823364258e+00
1.387684345245361328e+00
1.364124059677124023e+00
1.389506101608276367e+00
1.384776353836059570e+00
1.374530076980590820e+00
1.369072437286376953e+00
1.397738218307495117e+00
1.365823745727539062e+00
1.369448661804199219e+00
1.378078937530517578e+00
1.464925527572631836e+00
1.370701313018798828e+00
1.393788099288940430e+00
1.389172077178955078e+00
1.386604785919189453e+00
1.343861579895019531e+00
1.373338222503662109e+00
1.379248619079589844e+00
1.382693529129028320e+00
1.378843069076538086e+00
1.381685018539428711e+00
1.392087459564208984e+00
1.392914295196533203e+00
1.371052503585815430e+00
1.350699424743652344e+00
1.437582969665527344e+00
1.359268665313720703e+00
1.398532152175903320e+00
1.381933450698852539e+00
1.440876960754394531e+00
1.470565557479858398e+00
1.499505996704101562e+00
1.491096735000610352e+00
1.499827861785888672e+00
1.477406263351440430e+00
1.574215412139892578e+00
1.453103780746459961e+00
1.438359975814819336e+00
1.403994083404541016e+00
1.399711370468139648e+00
1.478284835815429688e+00
1.366535902023315430e+00
1.383584022521972656e+00
1.372920751571655273e+00
1.369247674942016602e+00
1.482454776763916016e+00
1.387405395507812500e+00
1.374744415283203125e+00
1.392314910888671875e+00
1.369221448898315430e+00
1.455537557601928711e+00
1.386228322982788086e+00
1.369112014770507812e+00
1.359313726425170898e+00
1.387307405471801758e+00
1.377362012863159180e+00
1.379844665527343750e+00
1.366935014724731445e+00
1.379736661911010742e+00
1.343690633773803711e+00
1.396749496459960938e+00
1.390825033187866211e+00
1.377028226852416992e+00
1.404360771179199219e+00
1.388561248779296875e+00
1.471408367156982422e+00
1.340701580047607422e+00
1.329036712646484375e+00
1.333559751510620117e+00
1.371868610382080078e+00
1.393099546432495117e+00
1.333717823028564453e+00
1.339201211929321289e+00
1.373473405838012695e+00
1.329243183135986328e+00
1.337778568267822266e+00
1.443949937820434570e+00
1.324272155761718750e+00
1.392661333084106445e+00
1.380799770355224609e+00
1.384037017822265625e+00
1.474323034286499023e+00
1.275993585586547852e+00
1.332464933395385742e+00
1.398789405822753906e+00
1.356362581253051758e+00
1.481681585311889648e+00
1.395591735839843750e+00
1.402825117111206055e+00
1.422013044357299805e+00
1.421252250671386719e+00
1.568625211715698242e+00
1.452068090438842773e+00
1.491996526718139648e+00
1.445979118347167969e+00
1.418749809265136719e+00
1.414255857467651367e+00
1.366852760314941406e+00
1.361552715301513672e+00
1.375435590744018555e+00
1.376054048538208008e+00
1.351542711257934570e+00
1.375313282012939453e+00
1.371898651123046875e+00
1.368162631988525391e+00
1.389593839645385742e+00
1.401959657669067383e+00
