2.078351020812988281e+00
4.515206813812255859e-01
4.561996459960937500e-01
4.555969238281250000e-01
4.580962657928466797e-01
4.546244144439697266e-01
4.522707462310791016e-01
4.515380859375000000e-01
4.565560817718505859e-01
4.558637142181396484e-01
4.576551914215087891e-01
4.558024406433105469e-01
4.697830677032470703e-01
4.559540748596191406e-01
4.581851959228515625e-01
4.601669311523437500e-01
4.599394798278808594e-01
4.581298828125000000e-01
4.593145847320556641e-01
4.584486484527587891e-01
4.567658901214599609e-01
4.590070247650146484e-01
4.574077129364013672e-01
4.590418338775634766e-01
4.585359096527099609e-01
4.591784477233886719e-01
4.579741954803466797e-01
4.595556259155273438e-01
4.562642574310302734e-01
4.570734500885009766e-01
4.584524631500244141e-01
4.598400592803955078e-01
4.594111442565917969e-01
4.615623950958251953e-01
4.591214656829833984e-01
4.598274230957031250e-01
4.622905254364013672e-01
4.607255458831787109e-01
4.646637439727783203e-01
4.661490917205810547e-01
4.676527976989746094e-01
4.664494991302490234e-01
4.660260677337646484e-01
4.730057716369628906e-01
4.711756706237792969e-01
4.667892456054687500e-01
4.695010185241699219e-01
4.732928276062011719e-01
4.729144573211669922e-01
4.669339656829833984e-01
4.780225753784179688e-01
4.687459468841552734e-01
4.784367084503173828e-01
4.752252101898193359e-01
4.723632335662841797e-01
4.732942581176757812e-01
4.708216190338134766e-01
4.693369865417480469e-01
4.672365188598632812e-01
4.691359996795654297e-01
4.699935913085937500e-01
4.626197814941406250e-01
4.623644351959228516e-01
4.596452713012695312e-01
4.578123092651367188e-01
4.589412212371826172e-01
4.636290073394775391e-01
4.626491069793701172e-01
4.617338180541992188e-01
4.655973911285400391e-01
4.604399204254150391e-01
4.603581428527832031e-01
4.614353179931640625e-01
4.614188671112060547e-01
4.618854522705078125e-01
4.640581607818603516e-01
4.594976902008056641e-01
4.607696533203125000e-01
4.631168842315673828e-01
4.657509326934814453e-01
4.641976356506347656e-01
4.650247097015380859e-01
4.638371467590332031e-01
4.614455699920654297e-01
4.626991748809814453e-01
4.627897739410400391e-01
4.636127948760986328e-01
4.633290767669677734e-01
4.632675647735595703e-01
4.639487266540527344e-01
4.621944427490234375e-01
4.674561023712158203e-01
4.654700756072998047e-01
4.654772281646728516e-01
4.661033153533935547e-01
4.656739234924316406e-01
4.678266048431396484e-01
4.646196365356445312e-01
4.646587371826171875e-01
4.689929485321044922e-01
4.703469276428222656e-01
4.714696407318115234e-01
4.740836620330810547e-01
4.756970405578613281e-01
4.749243259429931641e-01
4.763700962066650391e-01
4.795403480529785156e-01
4.799005985260009766e-01
4.803302288055419922e-01
4.795343875885009766e-01
4.751260280609130859e-01
4.753029346466064453e-01
4.759209156036376953e-01
4.743084907531738281e-01
4.804036617279052734e-01
4.726042747497558594e-01
4.831035137176513672e-01
4.792094230651855469e-01
4.732661247253417969e-01
4.824154376983642578e-01
4.789376258850097656e-01
4.776694774627685547e-01
4.719069004058837891e-01
4.706816673278808594e-01
4.701569080352783203e-01
4.723138809204101562e-01
4.718549251556396484e-01
4.663896560668945312e-01
4.644141197204589844e-01
4.665322303771972656e-01
4.635260105133056641e-01
4.678497314453125000e-01
4.656460285186767578e-01
4.668662548065185547e-01
4.646372795104980469e-01
4.668776988983154297e-01
4.663729667663574219e-01
4.648344516754150391e-01
4.698138236999511719e-01
4.670922756195068359e-01
4.636046886444091797e-01
4.672427177429199219e-01
4.653921127319335938e-01
4.665677547454833984e-01
4.663159847259521484e-01
4.643807411193847656e-01
4.654765129089355469e-01
4.671194553375244141e-01
4.681298732757568359e-01
4.649713039398193359e-01
4.651207923889160156e-01
4.657032489776611328e-01
4.651722908020019531e-01
4.646241664886474609e-01
4.695916175842285156e-01
4.649224281311035156e-01
4.654066562652587891e-01
4.692964553833007812e-01
4.658629894256591797e-01
4.643270969390869141e-01
4.678757190704345703e-01
4.670860767364501953e-01
4.726636409759521484e-01
4.732260704040527344e-01
4.767496585845947266e-01
4.824080467224121094e-01
4.792633056640625000e-01
4.819862842559814453e-01
4.819312095642089844e-01
4.793753623962402344e-01
4.807972908020019531e-01
4.746754169464111328e-01
4.768216609954833984e-01
4.745652675628662109e-01
4.747612476348876953e-01
4.718589782714843750e-01
4.898555278778076172e-01
4.675629138946533203e-01
4.673876762390136719e-01
4.717226028442382812e-01
4.705371856689453125e-01
4.638874530792236328e-01
4.636034965515136719e-01
4.614593982696533203e-01
4.591264724731445312e-01
4.566056728363037109e-01
4.614801406860351562e-01
4.624218940734863281e-01
4.571769237518310547e-01
4.585127830505371094e-01
4.570610523223876953e-01
4.582817554473876953e-01
4.582738876342773438e-01
4.592139720916748047e-01
4.581754207611083984e-01
4.574809074401855469e-01
4.587998390197753906e-01
4.608466625213623047e-01
4.608590602874755859e-01
4.594967365264892578e-01
