1.458362340927124023e+00
1.416470289230346680e+00
1.388558149337768555e+00
1.509134531021118164e+00
1.435495853424072266e+00
1.488602399826049805e+00
1.460579872131347656e+00
1.434941291809082031e+00
1.516309738159179688e+00
1.412266016006469727e+00
1.394453525543212891e+00
1.360227584838867188e+00
1.363403797149658203e+00
1.388177871704101562e+00
1.390684366226196289e+00
1.380925655364990234e+00
1.386178493499755859e+00
1.388882637023925781e+00
1.393197059631347656e+00
1.388183832168579102e+00
1.334836721420288086e+00
1.376408100128173828e+00
1.392762422561645508e+00
1.501787900924682617e+00
1.377271413803100586e+00
1.400693178176879883e+00
1.389503002166748047e+00
1.396498680114746094e+00
1.394140005111694336e+00
1.395684957504272461e+00
1.399208307266235352e+00
1.391598224639892578e+00
1.408784151077270508e+00
1.313684463500976562e+00
1.382506370544433594e+00
1.396735429763793945e+00
1.389096736907958984e+00
1.366752624511718750e+00
1.412337779998779297e+00
1.393284797668457031e+00
1.411617994308471680e+00
1.408473730087280273e+00
1.439341545104980469e+00
1.408936738967895508e+00
1.395883321762084961e+00
1.431697845458984375e+00
1.415273427963256836e+00
1.321120738983154297e+00
1.337792634963989258e+00
1.390680551528930664e+00
1.397672891616821289e+00
1.416263580322265625e+00
1.494509696960449219e+00
1.366141080856323242e+00
1.371168375015258789e+00
1.375609636306762695e+00
1.384112358093261719e+00
1.321734905242919922e+00
1.378938198089599609e+00
1.406382322311401367e+00
1.427123546600341797e+00
1.460831403732299805e+00
1.583845138549804688e+00
1.477111339569091797e+00
1.444079399108886719e+00
1.460085391998291016e+00
1.421917915344238281e+00
1.410517930984497070e+00
1.405390024185180664e+00
1.399741888046264648e+00
1.366670370101928711e+00
1.309153318405151367e+00
1.369419574737548828e+00
1.344835996627807617e+00
1.411484956741333008e+00
1.382839679718017578e+00
1.365715742111206055e+00
1.407767772674560547e+00
1.382050037384033203e+00
1.377088546752929688e+00
1.415539503097534180e+00
1.402777910232543945e+00
1.325672149658203125e+00
1.361667394638061523e+00
1.384927034378051758e+00
1.375810146331787109e+00
1.374232530593872070e+00
1.376747131347656250e+00
1.354507207870483398e+00
1.368032217025756836e+00
1.380799531936645508e+00
1.372049808502197266e+00
1.467990636825561523e+00
1.387676954269409180e+00
1.364121198654174805e+00
1.389490604400634766e+00
1.384765386581420898e+00
1.374511003494262695e+00
1.369077444076538086e+00
1.397728443145751953e+00
1.365829467773437500e+00
1.369438648223876953e+00
1.378086328506469727e+00
1.464913129806518555e+00
1.370694398880004883e+00
1.393786668777465820e+00
1.389177083969116211e+00
1.386602640151977539e+00
1.343865871429443359e+00
1.373333692550659180e+00
1.379251241683959961e+00
1.382687568664550781e+00
1.378831863403320312e+00
1.381699562072753906e+00
1.392091035842895508e+00
1.392899274826049805e+00
1.371047258377075195e+00
1.350701093673706055e+00
1.437576055526733398e+00
1.359252214431762695e+00
1.398539304733276367e+00
1.381914854049682617e+00
1.440895795822143555e+00
1.470574378967285156e+00
1.499507427215576172e+00
1.491081476211547852e+00
1.499820709228515625e+00
1.477394342422485352e+00
1.574219226837158203e+00
1.453101158142089844e+00
1.438347578048706055e+00
1.404002904891967773e+00
1.399696826934814453e+00
1.478272676467895508e+00
1.366532325744628906e+00
1.383595466613769531e+00
1.372913122177124023e+00
1.369246482849121094e+00
1.482442378997802734e+00
1.387404918670654297e+00
1.374749422073364258e+00
1.392319440841674805e+00
1.369222164154052734e+00
1.455541849136352539e+00
1.386207818984985352e+00
1.369092941284179688e+00
1.359305620193481445e+00
1.387285470962524414e+00
1.377372741699218750e+00
1.379835844039916992e+00
1.366947650909423828e+00
1.379728555679321289e+00
1.343692064285278320e+00
1.396746873855590820e+00
1.390824079513549805e+00
1.376995086669921875e+00
1.404348611831665039e+00
1.388557672500610352e+00
1.471411943435668945e+00
1.340673208236694336e+00
1.329035043716430664e+00
1.333534955978393555e+00
1.371871709823608398e+00
1.393103361129760742e+00
1.333696603775024414e+00
1.339179039001464844e+00
1.373468637466430664e+00
1.329231500625610352e+00
1.337778568267822266e+00
1.443933963775634766e+00
1.324271917343139648e+00
1.392663002014160156e+00
1.380794763565063477e+00
1.384012460708618164e+00
1.474333524703979492e+00
1.275984287261962891e+00
1.332436084747314453e+00
1.398805856704711914e+00
1.356386423110961914e+00
1.481661081314086914e+00
1.395583868026733398e+00
1.402821302413940430e+00
1.421990633010864258e+00
1.421257972717285156e+00
1.568596124649047852e+00
1.452059984207153320e+00
1.492004632949829102e+00
1.445969820022583008e+00
1.418726921081542969e+00
1.414252042770385742e+00
1.366852998733520508e+00
1.361552953720092773e+00
1.375437259674072266e+00
1.376056194305419922e+00
1.351541996002197266e+00
1.375299930572509766e+00
1.371909856796264648e+00
1.368160486221313477e+00
1.389582633972167969e+00
1.401951313018798828e+00
