1.458362817764282227e+00
1.416478633880615234e+00
1.388569831848144531e+00
1.509154081344604492e+00
1.435506105422973633e+00
1.488618373870849609e+00
1.460597276687622070e+00
1.434948205947875977e+00
1.516302347183227539e+00
1.412266016006469727e+00
1.394442319869995117e+00
1.360230445861816406e+00
1.363413810729980469e+00
1.388188362121582031e+00
1.390685081481933594e+00
1.380935668945312500e+00
1.386197090148925781e+00
1.388880968093872070e+00
1.393217086791992188e+00
1.388183355331420898e+00
1.334851980209350586e+00
1.376407623291015625e+00
1.392761707305908203e+00
1.501789093017578125e+00
1.377284288406372070e+00
1.400718927383422852e+00
1.389500617980957031e+00
1.396512031555175781e+00
1.394152402877807617e+00
1.395703554153442383e+00
1.399220228195190430e+00
1.391597986221313477e+00
1.408791780471801758e+00
1.313701629638671875e+00
1.382515668869018555e+00
1.396746397018432617e+00
1.389109134674072266e+00
1.366751432418823242e+00
1.412349224090576172e+00
1.393301963806152344e+00
1.411636590957641602e+00
1.408484935760498047e+00
1.439370632171630859e+00
1.408948183059692383e+00
1.395884752273559570e+00
1.431706190109252930e+00
1.415295124053955078e+00
1.321120738983154297e+00
1.337818145751953125e+00
1.390680074691772461e+00
1.397685050964355469e+00
1.416271924972534180e+00
1.494531154632568359e+00
1.366160392761230469e+00
1.371185302734375000e+00
1.375610589981079102e+00
1.384112358093261719e+00
1.321759939193725586e+00
1.378947257995605469e+00
1.406402111053466797e+00
1.427137613296508789e+00
1.460850477218627930e+00
1.583867311477661133e+00
1.477114915847778320e+00
1.444081783294677734e+00
1.460098505020141602e+00
1.421939134597778320e+00
1.410516262054443359e+00
1.405410528182983398e+00
1.399754762649536133e+00
1.366685390472412109e+00
1.309189319610595703e+00
1.369428634643554688e+00
1.344841003417968750e+00
1.411487579345703125e+00
1.382838487625122070e+00
1.365725278854370117e+00
1.407782077789306641e+00
1.382060766220092773e+00
1.377096414566040039e+00
1.415535449981689453e+00
1.402791976928710938e+00
1.325705289840698242e+00
1.361664772033691406e+00
1.384925365447998047e+00
1.375837087631225586e+00
1.374249458312988281e+00
1.376744031906127930e+00
1.354530811309814453e+00
1.368045568466186523e+00
1.380798101425170898e+00
1.372048854827880859e+00
1.468006372451782227e+00
1.387687206268310547e+00
1.364121675491333008e+00
1.389511346817016602e+00
1.384782791137695312e+00
1.374533414840698242e+00
1.369074106216430664e+00
1.397741556167602539e+00
1.365826129913330078e+00
1.369449377059936523e+00
1.378084182739257812e+00
1.464927196502685547e+00
1.370705842971801758e+00
1.393794298171997070e+00
1.389184713363647461e+00
1.386604547500610352e+00
1.343862533569335938e+00
1.373340368270874023e+00
1.379249095916748047e+00
1.382697343826293945e+00
1.378850460052490234e+00
1.381685495376586914e+00
1.392090082168579102e+00
1.392915487289428711e+00
1.371061801910400391e+00
1.350697517395019531e+00
1.437587022781372070e+00
1.359275341033935547e+00
1.398535728454589844e+00
1.381940603256225586e+00
1.440874099731445312e+00
1.470566511154174805e+00
1.499508380889892578e+00
1.491103410720825195e+00
1.499833583831787109e+00
1.477408170700073242e+00
1.574220180511474609e+00
1.453105688095092773e+00
1.438359975814819336e+00
1.403997898101806641e+00
1.399721622467041016e+00
1.478287935256958008e+00
1.366542339324951172e+00
1.383587837219238281e+00
1.372923851013183594e+00
1.369253635406494141e+00
1.482454776763916016e+00
1.387405872344970703e+00
1.374747991561889648e+00
1.392309665679931641e+00
1.369222879409790039e+00
1.455539226531982422e+00
1.386234760284423828e+00
1.369115352630615234e+00
1.359318733215332031e+00
1.387299299240112305e+00
1.377370595932006836e+00
1.379848241806030273e+00
1.366933584213256836e+00
1.379736661911010742e+00
1.343691587448120117e+00
1.396750926971435547e+00
1.390822172164916992e+00
1.377032995223999023e+00
1.404366970062255859e+00
1.388558864593505859e+00
1.471407890319824219e+00
1.340705633163452148e+00
1.329043865203857422e+00
1.333558797836303711e+00
1.371868133544921875e+00
1.393112421035766602e+00
1.333710908889770508e+00
1.339197874069213867e+00
1.373475074768066406e+00
1.329247713088989258e+00
1.337778329849243164e+00
1.443953990936279297e+00
1.324269533157348633e+00
1.392662048339843750e+00
1.380800724029541016e+00
1.384039402008056641e+00
1.474321126937866211e+00
1.275995731353759766e+00
1.332466602325439453e+00
1.398800849914550781e+00
1.356361389160156250e+00
1.481684923171997070e+00
1.395586013793945312e+00
1.402832508087158203e+00
1.422014474868774414e+00
1.421255826950073242e+00
1.568631410598754883e+00
1.452073812484741211e+00
1.492013931274414062e+00
1.445967912673950195e+00
1.418755531311035156e+00
1.414254426956176758e+00
1.366853237152099609e+00
1.361552238464355469e+00
1.375437974929809570e+00
1.376040935516357422e+00
1.351541280746459961e+00
1.375316143035888672e+00
1.371905326843261719e+00
1.368168592453002930e+00
1.389599323272705078e+00
1.401964664459228516e+00
