2.173418045043945312e+00
4.785299301147460938e-01
4.589326381683349609e-01
4.593229293823242188e-01
4.610729217529296875e-01
4.561295509338378906e-01
4.569642543792724609e-01
4.538905620574951172e-01
4.574487209320068359e-01
4.570219516754150391e-01
4.572792053222656250e-01
4.589960575103759766e-01
4.580042362213134766e-01
4.579150676727294922e-01
4.567582607269287109e-01
4.576480388641357422e-01
4.596076011657714844e-01
4.590368270874023438e-01
4.584705829620361328e-01
4.614017009735107422e-01
4.618375301361083984e-01
4.618079662322998047e-01
4.634158611297607422e-01
4.603326320648193359e-01
4.623203277587890625e-01
4.619121551513671875e-01
4.635143280029296875e-01
4.639976024627685547e-01
4.623236656188964844e-01
4.645195007324218750e-01
4.607417583465576172e-01
4.632666110992431641e-01
4.655466079711914062e-01
4.617986679077148438e-01
4.605135917663574219e-01
4.633843898773193359e-01
4.647710323333740234e-01
4.648857116699218750e-01
4.675052165985107422e-01
4.704771041870117188e-01
4.704492092132568359e-01
4.730200767517089844e-01
4.751117229461669922e-01
4.742245674133300781e-01
4.718952178955078125e-01
4.741156101226806641e-01
4.742431640625000000e-01
4.725267887115478516e-01
4.730210304260253906e-01
4.788258075714111328e-01
4.713301658630371094e-01
4.759566783905029297e-01
4.781074523925781250e-01
4.738845825195312500e-01
4.763488769531250000e-01
4.710850715637207031e-01
4.762809276580810547e-01
4.778039455413818359e-01
4.716417789459228516e-01
4.747691154479980469e-01
4.655230045318603516e-01
4.642720222473144531e-01
4.728641510009765625e-01
4.664981365203857422e-01
4.651684761047363281e-01
4.642069339752197266e-01
4.590661525726318359e-01
4.644060134887695312e-01
4.652554988861083984e-01
4.600186347961425781e-01
4.601314067840576172e-01
4.651210308074951172e-01
4.641461372375488281e-01
4.631555080413818359e-01
4.629914760589599609e-01
4.635076522827148438e-01
4.620876312255859375e-01
4.631006717681884766e-01
4.639570713043212891e-01
4.631640911102294922e-01
4.593689441680908203e-01
4.838671684265136719e-01
4.733088016510009766e-01
4.669559001922607422e-01
4.683742523193359375e-01
4.666571617126464844e-01
4.653255939483642578e-01
4.706034660339355469e-01
4.677317142486572266e-01
4.687540531158447266e-01
4.683387279510498047e-01
4.686033725738525391e-01
4.683830738067626953e-01
4.708151817321777344e-01
4.697167873382568359e-01
4.709982872009277344e-01
4.691183567047119141e-01
4.696676731109619141e-01
4.705040454864501953e-01
4.743852615356445312e-01
4.751536846160888672e-01
4.747052192687988281e-01
4.804453849792480469e-01
4.779648780822753906e-01
4.812893867492675781e-01
4.742956161499023438e-01
4.792933464050292969e-01
4.814107418060302734e-01
4.788227081298828125e-01
4.790632724761962891e-01
4.771795272827148438e-01
4.748342037200927734e-01
4.779913425445556641e-01
4.780330657958984375e-01
4.745676517486572266e-01
4.750313758850097656e-01
4.707911014556884766e-01
4.773578643798828125e-01
4.797122478485107422e-01
4.777579307556152344e-01
4.811847209930419922e-01
4.791982173919677734e-01
4.736232757568359375e-01
4.725089073181152344e-01
4.691457748413085938e-01
4.666066169738769531e-01
4.653024673461914062e-01
4.694132804870605469e-01
4.643416404724121094e-01
4.637475013732910156e-01
4.682133197784423828e-01
4.658360481262207031e-01
4.691610336303710938e-01
4.670996665954589844e-01
4.684984683990478516e-01
4.685821533203125000e-01
4.692268371582031250e-01
4.686326980590820312e-01
4.695255756378173828e-01
4.694585800170898438e-01
4.686651229858398438e-01
4.717004299163818359e-01
4.699745178222656250e-01
4.728441238403320312e-01
4.706697463989257812e-01
4.699335098266601562e-01
4.699819087982177734e-01
4.676692485809326172e-01
4.710371494293212891e-01
4.699909687042236328e-01
4.688355922698974609e-01
4.692599773406982422e-01
4.675090312957763672e-01
4.715280532836914062e-01
4.674446582794189453e-01
4.691724777221679688e-01
4.693269729614257812e-01
4.674761295318603516e-01
4.713308811187744141e-01
4.805772304534912109e-01
4.754805564880371094e-01
4.727609157562255859e-01
4.823563098907470703e-01
4.857625961303710938e-01
4.857125282287597656e-01
4.869887828826904297e-01
4.852681159973144531e-01
4.913740158081054688e-01
4.867069721221923828e-01
4.865014553070068359e-01
4.882624149322509766e-01
4.821302890777587891e-01
4.766645431518554688e-01
4.775462150573730469e-01
4.795145988464355469e-01
4.604723453521728516e-01
5.004498958587646484e-01
4.715206623077392578e-01
4.692263603210449219e-01
4.699680805206298828e-01
4.666330814361572266e-01
4.603221416473388672e-01
4.614078998565673828e-01
4.582030773162841797e-01
4.576690196990966797e-01
4.507141113281250000e-01
4.535708427429199219e-01
4.545338153839111328e-01
4.565281867980957031e-01
4.536807537078857422e-01
4.548413753509521484e-01
4.552969932556152344e-01
4.534690380096435547e-01
4.556658267974853516e-01
4.551606178283691406e-01
4.557013511657714844e-01
4.562582969665527344e-01
4.567470550537109375e-01
4.562003612518310547e-01
4.546768665313720703e-01
