1.458363056182861328e+00
1.416469097137451172e+00
1.388556957244873047e+00
1.509132146835327148e+00
1.435496568679809570e+00
1.488601207733154297e+00
1.460580825805664062e+00
1.434950828552246094e+00
1.516308307647705078e+00
1.412266016006469727e+00
1.394451618194580078e+00
1.360227108001708984e+00
1.363405942916870117e+00
1.388179302215576172e+00
1.390685319900512695e+00
1.380927085876464844e+00
1.386179924011230469e+00
1.388881683349609375e+00
1.393199205398559570e+00
1.388183832168579102e+00
1.334839105606079102e+00
1.376407146453857422e+00
1.392762184143066406e+00
1.501787662506103516e+00
1.377274513244628906e+00
1.400694131851196289e+00
1.389501810073852539e+00
1.396517276763916016e+00
1.394141674041748047e+00
1.395687341690063477e+00
1.399211406707763672e+00
1.391598224639892578e+00
1.408786296844482422e+00
1.313682556152343750e+00
1.382505178451538086e+00
1.396736145019531250e+00
1.389098644256591797e+00
1.366752386093139648e+00
1.412340402603149414e+00
1.393285036087036133e+00
1.411616802215576172e+00
1.408474206924438477e+00
1.439343452453613281e+00
1.408938169479370117e+00
1.395882368087768555e+00
1.431699037551879883e+00
1.415274381637573242e+00
1.321121692657470703e+00
1.337791919708251953e+00
1.390679359436035156e+00
1.397675991058349609e+00
1.416263103485107422e+00
1.494513511657714844e+00
1.366142749786376953e+00
1.371171951293945312e+00
1.375613212585449219e+00
1.384112596511840820e+00
1.321732759475708008e+00
1.378941774368286133e+00
1.406384229660034180e+00
1.427132368087768555e+00
1.460834264755249023e+00
1.583846330642700195e+00
1.477111577987670898e+00
1.444082498550415039e+00
1.460081338882446289e+00
1.421920776367187500e+00
1.410518169403076172e+00
1.405392169952392578e+00
1.399741888046264648e+00
1.366673469543457031e+00
1.309160470962524414e+00
1.369420766830444336e+00
1.344836473464965820e+00
1.411484241485595703e+00
1.382840871810913086e+00
1.365718126296997070e+00
1.407769680023193359e+00
1.382050991058349609e+00
1.377087831497192383e+00
1.415536642074584961e+00
1.402781724929809570e+00
1.325670480728149414e+00
1.361668586730957031e+00
1.384926080703735352e+00
1.375811576843261719e+00
1.374235153198242188e+00
1.376745462417602539e+00
1.354509115219116211e+00
1.368034839630126953e+00
1.380799531936645508e+00
1.372048854827880859e+00
1.467992067337036133e+00
1.387676954269409180e+00
1.364121437072753906e+00
1.389492034912109375e+00
1.384765148162841797e+00
1.374510049819946289e+00
1.369077682495117188e+00
1.397730350494384766e+00
1.365828275680541992e+00
1.369438886642456055e+00
1.378086090087890625e+00
1.464915275573730469e+00
1.370694637298583984e+00
1.393787384033203125e+00
1.389175415039062500e+00
1.386602878570556641e+00
1.343867063522338867e+00
1.373334169387817383e+00
1.379251003265380859e+00
1.382686853408813477e+00
1.378830194473266602e+00
1.381696939468383789e+00
1.392091989517211914e+00
1.392900228500366211e+00
1.371048450469970703e+00
1.350713014602661133e+00
1.437577724456787109e+00
1.359252691268920898e+00
1.398540019989013672e+00
1.381917238235473633e+00
1.440892696380615234e+00
1.470575571060180664e+00
1.499508380889892578e+00
1.491082191467285156e+00
1.499820947647094727e+00
1.477396249771118164e+00
1.574218273162841797e+00
1.453100681304931641e+00
1.438349723815917969e+00
1.403998851776123047e+00
1.399698019027709961e+00
1.478274345397949219e+00
1.366530895233154297e+00
1.383595228195190430e+00
1.372915983200073242e+00
1.369245529174804688e+00
1.482444047927856445e+00
1.387405633926391602e+00
1.374748945236206055e+00
1.392318725585937500e+00
1.369222640991210938e+00
1.455541610717773438e+00
1.386207580566406250e+00
1.369094610214233398e+00
1.359307765960693359e+00
1.387286901473999023e+00
1.377378702163696289e+00
1.379838228225708008e+00
1.366948604583740234e+00
1.379729747772216797e+00
1.343695878982543945e+00
1.396752119064331055e+00
1.390822887420654297e+00
1.376995563507080078e+00
1.404349088668823242e+00
1.388558149337768555e+00
1.471411228179931641e+00
1.340671777725219727e+00
1.329036951065063477e+00
1.333536624908447266e+00
1.371869564056396484e+00
1.393104314804077148e+00
1.333697795867919922e+00
1.339180707931518555e+00
1.373470306396484375e+00
1.329231023788452148e+00
1.337779045104980469e+00
1.443934202194213867e+00
1.324271440505981445e+00
1.392667055130004883e+00
1.380798339843750000e+00
1.384015560150146484e+00
1.474329948425292969e+00
1.275986194610595703e+00
1.332436084747314453e+00
1.398805379867553711e+00
1.356387615203857422e+00
1.481662034988403320e+00
1.395583868026733398e+00
1.402820110321044922e+00
1.421993017196655273e+00
1.421258687973022461e+00
1.568598508834838867e+00
1.452065467834472656e+00
1.492004156112670898e+00
1.445968389511108398e+00
1.418726921081542969e+00
1.414253473281860352e+00
1.366853475570678711e+00
1.361552000045776367e+00
1.375436782836914062e+00
1.376055479049682617e+00
1.351546287536621094e+00
1.375297784805297852e+00
1.371913909912109375e+00
1.368159294128417969e+00
1.389584779739379883e+00
1.401954174041748047e+00
