2.102709531784057617e+00
4.576690196990966797e-01
4.542040824890136719e-01
4.530663490295410156e-01
4.535701274871826172e-01
4.527444839477539062e-01
4.515414237976074219e-01
4.506664276123046875e-01
4.541318416595458984e-01
4.522221088409423828e-01
4.544837474822998047e-01
4.540393352508544922e-01
4.561104774475097656e-01
4.553849697113037109e-01
4.626348018646240234e-01
4.543199539184570312e-01
4.557704925537109375e-01
4.561903476715087891e-01
4.530262947082519531e-01
4.538965225219726562e-01
4.540104866027832031e-01
4.551992416381835938e-01
4.549951553344726562e-01
4.568796157836914062e-01
4.519593715667724609e-01
4.561631679534912109e-01
4.548697471618652344e-01
4.565360546112060547e-01
4.540438652038574219e-01
4.558701515197753906e-01
4.556972980499267578e-01
4.570157527923583984e-01
4.622294902801513672e-01
4.566276073455810547e-01
4.571249485015869141e-01
4.703426361083984375e-01
4.585089683532714844e-01
4.580352306365966797e-01
4.630260467529296875e-01
4.599561691284179688e-01
4.631330966949462891e-01
4.624185562133789062e-01
4.686443805694580078e-01
4.642095565795898438e-01
4.650204181671142578e-01
4.640305042266845703e-01
4.652886390686035156e-01
4.662282466888427734e-01
4.697923660278320312e-01
4.616365432739257812e-01
4.725353717803955078e-01
4.645245075225830078e-01
4.718468189239501953e-01
4.701864719390869141e-01
4.685099124908447266e-01
4.700181484222412109e-01
4.662032127380371094e-01
4.682059288024902344e-01
4.644820690155029297e-01
4.634613990783691406e-01
4.642968177795410156e-01
4.605953693389892578e-01
4.581959247589111328e-01
4.565129280090332031e-01
4.573678970336914062e-01
4.558115005493164062e-01
4.584331512451171875e-01
4.585185050964355469e-01
4.562711715698242188e-01
4.589953422546386719e-01
4.620311260223388672e-01
4.583084583282470703e-01
4.568104743957519531e-01
4.602520465850830078e-01
4.630417823791503906e-01
4.640941619873046875e-01
4.602470397949218750e-01
4.616429805755615234e-01
4.594085216522216797e-01
4.734079837799072266e-01
4.667284488677978516e-01
4.620273113250732422e-01
4.597477912902832031e-01
4.606080055236816406e-01
4.632117748260498047e-01
4.621851444244384766e-01
4.628362655639648438e-01
4.652013778686523438e-01
4.623970985412597656e-01
4.618618488311767578e-01
4.636390209197998047e-01
4.561014175415039062e-01
4.598944187164306641e-01
4.609949588775634766e-01
4.598534107208251953e-01
4.586544036865234375e-01
4.622817039489746094e-01
4.591345787048339844e-01
4.634575843811035156e-01
4.675621986389160156e-01
4.647691249847412109e-01
4.629147052764892578e-01
4.668791294097900391e-01
4.674947261810302734e-01
4.685804843902587891e-01
4.711496829986572266e-01
4.714555740356445312e-01
4.703543186187744141e-01
4.706454277038574219e-01
4.682872295379638672e-01
4.692122936248779297e-01
4.691631793975830078e-01
4.718592166900634766e-01
4.704518318176269531e-01
4.750826358795166016e-01
4.709467887878417969e-01
4.780380725860595703e-01
4.746103286743164062e-01
4.709210395812988281e-01
4.719412326812744141e-01
4.711422920227050781e-01
4.701712131500244141e-01
4.665768146514892578e-01
4.658839702606201172e-01
4.655330181121826172e-01
4.646279811859130859e-01
4.645161628723144531e-01
4.627552032470703125e-01
4.626293182373046875e-01
4.647562503814697266e-01
4.642684459686279297e-01
4.623539447784423828e-01
4.588787555694580078e-01
4.619357585906982422e-01
4.601089954376220703e-01
4.644703865051269531e-01
4.651885032653808594e-01
4.625720977783203125e-01
4.654829502105712891e-01
4.637134075164794922e-01
4.611270427703857422e-01
4.631924629211425781e-01
4.648284912109375000e-01
4.635214805603027344e-01
4.632766246795654297e-01
4.615051746368408203e-01
4.616596698760986328e-01
4.623503684997558594e-01
4.680662155151367188e-01
4.641146659851074219e-01
4.639964103698730469e-01
4.652137756347656250e-01
4.632987976074218750e-01
4.627475738525390625e-01
4.675431251525878906e-01
4.632160663604736328e-01
4.625291824340820312e-01
4.644114971160888672e-01
4.612886905670166016e-01
4.609715938568115234e-01
4.633402824401855469e-01
4.616024494171142578e-01
4.689176082611083984e-01
4.674437046051025391e-01
4.700911045074462891e-01
4.753415584564208984e-01
4.713647365570068359e-01
4.740769863128662109e-01
4.773714542388916016e-01
4.748315811157226562e-01
4.738986492156982422e-01
4.739573001861572266e-01
4.741353988647460938e-01
4.842097759246826172e-01
4.738130569458007812e-01
4.643695354461669922e-01
4.850187301635742188e-01
4.646334648132324219e-01
4.663524627685546875e-01
4.667673110961914062e-01
4.648935794830322266e-01
4.620659351348876953e-01
4.607269763946533203e-01
4.587044715881347656e-01
4.572079181671142578e-01
4.532332420349121094e-01
4.563810825347900391e-01
4.643270969390869141e-01
4.542860984802246094e-01
4.554796218872070312e-01
4.551134109497070312e-01
4.566767215728759766e-01
4.585118293762207031e-01
4.566617012023925781e-01
4.547505378723144531e-01
4.548633098602294922e-01
4.578883647918701172e-01
4.584996700286865234e-01
4.575240612030029297e-01
4.557716846466064453e-01
