7.517771720886230469e-01
7.075757980346679688e-01
6.848418712615966797e-01
7.848653793334960938e-01
6.910803318023681641e-01
6.833727359771728516e-01
7.049322128295898438e-01
7.374954223632812500e-01
6.869912147521972656e-01
7.878432273864746094e-01
6.844453811645507812e-01
6.964306831359863281e-01
7.025506496429443359e-01
6.939282417297363281e-01
7.009823322296142578e-01
6.874945163726806641e-01
7.014207839965820312e-01
7.017235755920410156e-01
6.858773231506347656e-01
6.930389404296875000e-01
6.835081577301025391e-01
7.274351119995117188e-01
6.935074329376220703e-01
6.880836486816406250e-01
6.894884109497070312e-01
6.967821121215820312e-01
6.956734657287597656e-01
6.892800331115722656e-01
6.894726753234863281e-01
6.885857582092285156e-01
8.073263168334960938e-01
6.912963390350341797e-01
6.869180202484130859e-01
6.879508495330810547e-01
6.872873306274414062e-01
7.022435665130615234e-01
6.939809322357177734e-01
6.850683689117431641e-01
6.849999427795410156e-01
6.819603443145751953e-01
7.036099433898925781e-01
6.873242855072021484e-01
6.964700222015380859e-01
6.932301521301269531e-01
7.230224609375000000e-01
7.047626972198486328e-01
6.948740482330322266e-01
6.960980892181396484e-01
6.827571392059326172e-01
7.034716606140136719e-01
7.052257061004638672e-01
7.003722190856933594e-01
6.932120323181152344e-01
7.324180603027343750e-01
7.074222564697265625e-01
6.907830238342285156e-01
6.876597404479980469e-01
7.671730518341064453e-01
6.929643154144287109e-01
6.946036815643310547e-01
6.933014392852783203e-01
6.855919361114501953e-01
7.180492877960205078e-01
7.030889987945556641e-01
6.980142593383789062e-01
6.877326965332031250e-01
6.936161518096923828e-01
6.884448528289794922e-01
7.960116863250732422e-01
6.934599876403808594e-01
6.965422630310058594e-01
6.938352584838867188e-01
6.997470855712890625e-01
7.069149017333984375e-01
6.867723464965820312e-01
6.932761669158935547e-01
7.256097793579101562e-01
6.935467720031738281e-01
7.906002998352050781e-01
6.827292442321777344e-01
6.921436786651611328e-01
7.024829387664794922e-01
7.049171924591064453e-01
6.867301464080810547e-01
6.951570510864257812e-01
7.072019577026367188e-01
6.979439258575439453e-01
7.060265541076660156e-01
7.871565818786621094e-01
6.969940662384033203e-01
7.059597969055175781e-01
7.125067710876464844e-01
6.967294216156005859e-01
6.957423686981201172e-01
6.934278011322021484e-01
7.018597126007080078e-01
7.069792747497558594e-01
6.952853202819824219e-01
7.872834205627441406e-01
7.329623699188232422e-01
6.991806030273437500e-01
7.019534111022949219e-01
6.997911930084228516e-01
6.987009048461914062e-01
6.945075988769531250e-01
6.950581073760986328e-01
7.007200717926025391e-01
6.946232318878173828e-01
7.924749851226806641e-01
7.039213180541992188e-01
7.052710056304931641e-01
6.885991096496582031e-01
6.985962390899658203e-01
7.338449954986572266e-01
6.969189643859863281e-01
7.012951374053955078e-01
7.005317211151123047e-01
6.925301551818847656e-01
7.917151451110839844e-01
6.965882778167724609e-01
7.019667625427246094e-01
6.995773315429687500e-01
6.931486129760742188e-01
6.976621150970458984e-01
7.038595676422119141e-01
6.984641551971435547e-01
6.934862136840820312e-01
7.420232295989990234e-01
7.920973300933837891e-01
6.981899738311767578e-01
7.028663158416748047e-01
6.876344680786132812e-01
7.004213333129882812e-01
6.980407238006591797e-01
7.034831047058105469e-01
6.956470012664794922e-01
6.917595863342285156e-01
7.047262191772460938e-01
6.930332183837890625e-01
6.989049911499023438e-01
6.899836063385009766e-01
7.297239303588867188e-01
6.943485736846923828e-01
7.038316726684570312e-01
6.939051151275634766e-01
6.929132938385009766e-01
7.020914554595947266e-01
7.034673690795898438e-01
6.941399574279785156e-01
6.866416931152343750e-01
6.972715854644775391e-01
6.944406032562255859e-01
7.095978260040283203e-01
6.927747726440429688e-01
6.980354785919189453e-01
8.195753097534179688e-01
7.024586200714111328e-01
7.017567157745361328e-01
7.016172409057617188e-01
6.946237087249755859e-01
7.126903533935546875e-01
7.086565494537353516e-01
6.891875267028808594e-01
6.938934326171875000e-01
6.999621391296386719e-01
6.915831565856933594e-01
7.066836357116699219e-01
7.871630191802978516e-01
6.972475051879882812e-01
7.003614902496337891e-01
7.101964950561523438e-01
7.011249065399169922e-01
6.949014663696289062e-01
6.988136768341064453e-01
7.407038211822509766e-01
6.963126659393310547e-01
6.966311931610107422e-01
6.958341598510742188e-01
6.980454921722412109e-01
7.080147266387939453e-01
7.057838439941406250e-01
6.957383155822753906e-01
7.022845745086669922e-01
7.070660591125488281e-01
7.922420501708984375e-01
6.904926300048828125e-01
6.959433555603027344e-01
7.037475109100341797e-01
6.943595409393310547e-01
8.002562522888183594e-01
6.950047016143798828e-01
7.017126083374023438e-01
7.052407264709472656e-01
7.402834892272949219e-01
6.975009441375732422e-01
7.840793132781982422e-01
7.033591270446777344e-01
7.030198574066162109e-01
7.015659809112548828e-01
7.001016139984130859e-01
