7.517955303192138672e-01
7.075772285461425781e-01
6.848545074462890625e-01
7.849001884460449219e-01
6.910798549652099609e-01
6.833920478820800781e-01
7.049551010131835938e-01
7.375061511993408203e-01
6.869878768920898438e-01
7.878391742706298828e-01
6.844427585601806641e-01
6.964409351348876953e-01
7.025406360626220703e-01
6.939172744750976562e-01
7.009952068328857422e-01
6.874933242797851562e-01
7.014300823211669922e-01
7.017340660095214844e-01
6.858897209167480469e-01
6.930201053619384766e-01
6.835103034973144531e-01
7.274322509765625000e-01
6.935293674468994141e-01
6.880757808685302734e-01
6.895003318786621094e-01
6.967608928680419922e-01
6.956973075866699219e-01
6.893019676208496094e-01
6.894648075103759766e-01
6.885769367218017578e-01
8.073129653930664062e-01
6.913180351257324219e-01
6.869132518768310547e-01
6.879417896270751953e-01
6.873028278350830078e-01
7.022240161895751953e-01
6.940066814422607422e-01
6.850545406341552734e-01
6.850025653839111328e-01
6.819653511047363281e-01
7.036213874816894531e-01
6.873159408569335938e-01
6.965696811676025391e-01
6.932580471038818359e-01
7.230103015899658203e-01
7.047955989837646484e-01
6.948754787445068359e-01
6.961109638214111328e-01
6.827561855316162109e-01
7.035214900970458984e-01
7.052562236785888672e-01
7.003757953643798828e-01
6.932408809661865234e-01
7.324285507202148438e-01
7.074711322784423828e-01
6.908164024353027344e-01
6.876635551452636719e-01
7.671651840209960938e-01
6.929547786712646484e-01
6.946215629577636719e-01
6.933188438415527344e-01
6.855995655059814453e-01
7.180595397949218750e-01
7.030892372131347656e-01
6.980423927307128906e-01
6.877226829528808594e-01
6.936261653900146484e-01
6.884298324584960938e-01
7.960424423217773438e-01
6.934800148010253906e-01
6.965668201446533203e-01
6.938595771789550781e-01
6.997556686401367188e-01
7.069339752197265625e-01
6.867570877075195312e-01
6.933007240295410156e-01
7.256324291229248047e-01
6.935353279113769531e-01
7.906177043914794922e-01
6.827273368835449219e-01
6.921565532684326172e-01
7.025101184844970703e-01
7.049303054809570312e-01
6.867439746856689453e-01
6.951632499694824219e-01
7.072150707244873047e-01
6.979820728302001953e-01
7.060525417327880859e-01
7.871670722961425781e-01
6.970095634460449219e-01
7.059483528137207031e-01
7.125213146209716797e-01
6.967418193817138672e-01
6.957540512084960938e-01
6.934370994567871094e-01
7.018659114837646484e-01
7.070033550262451172e-01
6.953129768371582031e-01
7.873165607452392578e-01
7.329771518707275391e-01
6.991941928863525391e-01
7.019679546356201172e-01
6.998171806335449219e-01
6.987166404724121094e-01
6.945004463195800781e-01
6.950664520263671875e-01
7.007513046264648438e-01
6.946389675140380859e-01
7.924711704254150391e-01
7.039461135864257812e-01
7.052984237670898438e-01
6.886239051818847656e-01
6.986145973205566406e-01
7.338435649871826172e-01
6.969482898712158203e-01
7.013235092163085938e-01
7.005567550659179688e-01
6.925189495086669922e-01
7.917311191558837891e-01
6.965863704681396484e-01
7.019941806793212891e-01
6.995923519134521484e-01
6.931629180908203125e-01
6.976847648620605469e-01
7.038836479187011719e-01
6.984751224517822266e-01
6.934804916381835938e-01
7.420096397399902344e-01
7.921090126037597656e-01
6.982069015502929688e-01
7.028696537017822266e-01
6.876204013824462891e-01
7.004489898681640625e-01
6.980619430541992188e-01
7.035040855407714844e-01
6.956651210784912109e-01
6.917746067047119141e-01
7.047228813171386719e-01
6.930289268493652344e-01
6.989312171936035156e-01
6.900119781494140625e-01
7.297251224517822266e-01
6.943626403808593750e-01
7.038464546203613281e-01
6.939320564270019531e-01
6.929137706756591797e-01
7.020754814147949219e-01
7.034807205200195312e-01
6.941630840301513672e-01
6.866457462310791016e-01
6.972725391387939453e-01
6.944549083709716797e-01
7.096104621887207031e-01
6.927881240844726562e-01
6.980559825897216797e-01
8.196198940277099609e-01
7.024710178375244141e-01
7.017760276794433594e-01
7.016415596008300781e-01
6.946561336517333984e-01
7.126777172088623047e-01
7.086718082427978516e-01
6.891841888427734375e-01
6.938879489898681641e-01
6.999721527099609375e-01
6.915769577026367188e-01
7.067005634307861328e-01
7.871570587158203125e-01
6.972744464874267578e-01
7.003901004791259766e-01
7.102136611938476562e-01
7.011349201202392578e-01
6.949110031127929688e-01
6.988308429718017578e-01
7.407331466674804688e-01
6.963396072387695312e-01
6.966266632080078125e-01
6.958501338958740234e-01
6.980564594268798828e-01
7.080366611480712891e-01
7.057852745056152344e-01
6.957664489746093750e-01
7.022933959960937500e-01
7.070796489715576172e-01
7.922680377960205078e-01
6.904921531677246094e-01
6.959567070007324219e-01
7.037599086761474609e-01
6.943731307983398438e-01
8.002629280090332031e-01
6.950378417968750000e-01
7.017247676849365234e-01
7.052614688873291016e-01
7.402846813201904297e-01
6.975100040435791016e-01
7.840719223022460938e-01
7.033765316009521484e-01
7.030472755432128906e-01
7.015864849090576172e-01
7.001144886016845703e-01
