2.085100412368774414e+00
3.923413753509521484e-01
3.921022415161132812e-01
3.869569301605224609e-01
3.872637748718261719e-01
3.870809078216552734e-01
3.917386531829833984e-01
3.901226520538330078e-01
3.859841823577880859e-01
3.854432106018066406e-01
3.883841037750244141e-01
3.921451568603515625e-01
3.896970748901367188e-01
3.906013965606689453e-01
3.874764442443847656e-01
3.935408592224121094e-01
4.011461734771728516e-01
3.909664154052734375e-01
3.888196945190429688e-01
3.895497322082519531e-01
3.934509754180908203e-01
3.910279273986816406e-01
3.911559581756591797e-01
3.863027095794677734e-01
3.919866085052490234e-01
3.970372676849365234e-01
3.919312953948974609e-01
3.900389671325683594e-01
3.873081207275390625e-01
3.928914070129394531e-01
3.925950527191162109e-01
3.908011913299560547e-01
3.870882987976074219e-01
3.875675201416015625e-01
3.986408710479736328e-01
3.923251628875732422e-01
3.886988162994384766e-01
3.884124755859375000e-01
3.935749530792236328e-01
3.981506824493408203e-01
3.920979499816894531e-01
3.899073600769042969e-01
3.887574672698974609e-01
3.956625461578369141e-01
3.920097351074218750e-01
3.923985958099365234e-01
3.887867927551269531e-01
3.933436870574951172e-01
3.954911231994628906e-01
3.925073146820068359e-01
3.900036811828613281e-01
3.899207115173339844e-01
3.961844444274902344e-01
3.915059566497802734e-01
3.921048641204833984e-01
3.894786834716796875e-01
3.940908908843994141e-01
3.969957828521728516e-01
3.911390304565429688e-01
3.894326686859130859e-01
3.878235816955566406e-01
4.008979797363281250e-01
3.959431648254394531e-01
3.923301696777343750e-01
3.897087574005126953e-01
3.906056880950927734e-01
3.939235210418701172e-01
3.920698165893554688e-01
3.916881084442138672e-01
3.893442153930664062e-01
3.955054283142089844e-01
3.976502418518066406e-01
3.933894634246826172e-01
3.898065090179443359e-01
3.916568756103515625e-01
3.967046737670898438e-01
3.966031074523925781e-01
3.941912651062011719e-01
3.908045291900634766e-01
3.942403793334960938e-01
4.059250354766845703e-01
3.950905799865722656e-01
3.915631771087646484e-01
3.910791873931884766e-01
3.991820812225341797e-01
4.012007713317871094e-01
3.933773040771484375e-01
3.887593746185302734e-01
3.925149440765380859e-01
4.028415679931640625e-01
3.953466415405273438e-01
3.927290439605712891e-01
3.907053470611572266e-01
4.012742042541503906e-01
4.029209613800048828e-01
3.960738182067871094e-01
3.929266929626464844e-01
3.919868469238281250e-01
3.995831012725830078e-01
3.988363742828369141e-01
3.952767848968505859e-01
3.941366672515869141e-01
3.970870971679687500e-01
4.005501270294189453e-01
3.998546600341796875e-01
3.969073295593261719e-01
3.949604034423828125e-01
4.001529216766357422e-01
4.059710502624511719e-01
3.984518051147460938e-01
3.944859504699707031e-01
3.941888809204101562e-01
4.029119014739990234e-01
3.993134498596191406e-01
3.958981037139892578e-01
3.945446014404296875e-01
3.975322246551513672e-01
4.007709026336669922e-01
4.004921913146972656e-01
3.976864814758300781e-01
3.927705287933349609e-01
4.017145633697509766e-01
4.068853855133056641e-01
3.974137306213378906e-01
3.953232765197753906e-01
3.931782245635986328e-01
4.028258323669433594e-01
3.960037231445312500e-01
3.976142406463623047e-01
3.948612213134765625e-01
3.962960243225097656e-01
4.025630950927734375e-01
3.993546962738037109e-01
4.042451381683349609e-01
3.947649002075195312e-01
4.018700122833251953e-01
4.072573184967041016e-01
3.981990814208984375e-01
3.951902389526367188e-01
3.955981731414794922e-01
4.072268009185791016e-01
4.148979187011718750e-01
3.979511260986328125e-01
3.958377838134765625e-01
3.953108787536621094e-01
4.079308509826660156e-01
4.036693572998046875e-01
4.002645015716552734e-01
3.965303897857666016e-01
4.024302959442138672e-01
4.045078754425048828e-01
4.013578891754150391e-01
3.964312076568603516e-01
3.983561992645263672e-01
4.022643566131591797e-01
4.098570346832275391e-01
4.025769233703613281e-01
3.941471576690673828e-01
3.993356227874755859e-01
4.026219844818115234e-01
4.009926319122314453e-01
3.965351581573486328e-01
3.939177989959716797e-01
4.043972492218017578e-01
4.035804271697998047e-01
4.048986434936523438e-01
4.044866561889648438e-01
3.966469764709472656e-01
4.046206474304199219e-01
4.075629711151123047e-01
4.006667137145996094e-01
3.966646194458007812e-01
4.000229835510253906e-01
4.088990688323974609e-01
4.155588150024414062e-01
3.986866474151611328e-01
3.962321281433105469e-01
4.028429985046386719e-01
4.037775993347167969e-01
4.000456333160400391e-01
4.025392532348632812e-01
3.963770866394042969e-01
4.029626846313476562e-01
4.123299121856689453e-01
4.181396961212158203e-01
4.011015892028808594e-01
3.966400623321533203e-01
4.038953781127929688e-01
4.073677062988281250e-01
4.096519947052001953e-01
3.984215259552001953e-01
3.970656394958496094e-01
4.182577133178710938e-01
4.021413326263427734e-01
4.015569686889648438e-01
4.000821113586425781e-01
3.959264755249023438e-01
4.046270847320556641e-01
3.995838165283203125e-01
4.007654190063476562e-01
