7.517776489257812500e-01
7.075750827789306641e-01
6.848514080047607422e-01
7.848732471466064453e-01
6.910870075225830078e-01
6.833760738372802734e-01
7.049510478973388672e-01
7.374997138977050781e-01
6.869959831237792969e-01
7.878599166870117188e-01
6.844437122344970703e-01
6.964354515075683594e-01
7.025501728057861328e-01
6.939237117767333984e-01
7.009861469268798828e-01
6.874988079071044922e-01
7.014176845550537109e-01
7.017283439636230469e-01
6.858789920806884766e-01
6.930449008941650391e-01
6.835131645202636719e-01
7.274413108825683594e-01
6.935095787048339844e-01
6.880793571472167969e-01
6.894969940185546875e-01
6.967856884002685547e-01
6.956777572631835938e-01
6.892902851104736328e-01
6.894748210906982422e-01
6.885898113250732422e-01
8.073310852050781250e-01
6.912946701049804688e-01
6.869239807128906250e-01
6.879589557647705078e-01
6.872923374176025391e-01
7.022471427917480469e-01
6.939923763275146484e-01
6.850755214691162109e-01
6.850063800811767578e-01
6.819655895233154297e-01
7.036144733428955078e-01
6.873159408569335938e-01
6.964774131774902344e-01
6.932396888732910156e-01
7.230255603790283203e-01
7.047693729400634766e-01
6.948807239532470703e-01
6.961038112640380859e-01
6.827523708343505859e-01
7.034761905670166016e-01
7.052438259124755859e-01
7.003793716430664062e-01
6.932210922241210938e-01
7.324228286743164062e-01
7.074403762817382812e-01
6.907923221588134766e-01
6.876673698425292969e-01
7.671787738800048828e-01
6.929705142974853516e-01
6.946170330047607422e-01
6.933109760284423828e-01
6.856007575988769531e-01
7.180516719818115234e-01
7.030899524688720703e-01
6.980223655700683594e-01
6.877379417419433594e-01
6.936135292053222656e-01
6.884484291076660156e-01
7.960200309753417969e-01
6.934709548950195312e-01
6.965489387512207031e-01
6.938412189483642578e-01
6.997532844543457031e-01
7.069272994995117188e-01
6.867725849151611328e-01
6.932828426361083984e-01
7.256166934967041016e-01
6.935510635375976562e-01
7.906024456024169922e-01
6.827373504638671875e-01
6.921534538269042969e-01
7.025039196014404297e-01
7.049274444580078125e-01
6.867372989654541016e-01
6.951670646667480469e-01
7.072067260742187500e-01
6.979613304138183594e-01
7.060303688049316406e-01
7.871639728546142578e-01
6.970000267028808594e-01
7.059688568115234375e-01
7.125101089477539062e-01
6.967270374298095703e-01
6.957504749298095703e-01
6.934278011322021484e-01
7.018680572509765625e-01
7.069854736328125000e-01
6.952955722808837891e-01
7.872898578643798828e-01
7.329666614532470703e-01
6.991856098175048828e-01
7.019591331481933594e-01
6.997983455657958984e-01
6.986989974975585938e-01
6.945171356201171875e-01
6.950681209564208984e-01
7.007265090942382812e-01
6.946296691894531250e-01
7.924790382385253906e-01
7.039246559143066406e-01
7.052807807922363281e-01
6.886069774627685547e-01
6.986055374145507812e-01
7.338564395904541016e-01
6.969273090362548828e-01
7.013008594512939453e-01
7.005393505096435547e-01
6.925334930419921875e-01
7.917306423187255859e-01
6.965911388397216797e-01
7.019751071929931641e-01
6.995887756347656250e-01
6.931486129760742188e-01
6.976692676544189453e-01
7.038724422454833984e-01
6.984701156616210938e-01
6.934959888458251953e-01
7.420296669006347656e-01
7.921075820922851562e-01
6.981980800628662109e-01
7.028710842132568359e-01
6.876263618469238281e-01
7.004311084747314453e-01
6.980493068695068359e-01
7.034952640533447266e-01
6.956400871276855469e-01
6.917705535888671875e-01
7.047290802001953125e-01
6.930427551269531250e-01
6.989126205444335938e-01
6.899936199188232422e-01
7.297282218933105469e-01
6.943593025207519531e-01
7.038416862487792969e-01
6.939094066619873047e-01
6.929197311401367188e-01
7.020978927612304688e-01
7.034742832183837891e-01
6.941447257995605469e-01
6.866478919982910156e-01
6.972784996032714844e-01
6.944508552551269531e-01
7.096056938171386719e-01
6.927850246429443359e-01
6.980550289154052734e-01
8.195822238922119141e-01
7.024683952331542969e-01
7.017602920532226562e-01
7.016229629516601562e-01
6.946270465850830078e-01
7.126984596252441406e-01
7.086653709411621094e-01
6.891927719116210938e-01
6.939010620117187500e-01
6.999711990356445312e-01
6.915845870971679688e-01
7.066819667816162109e-01
7.871696949005126953e-01
6.972570419311523438e-01
7.003691196441650391e-01
7.102062702178955078e-01
7.011337280273437500e-01
6.949069499969482422e-01
6.988241672515869141e-01
7.407102584838867188e-01
6.963207721710205078e-01
6.966388225555419922e-01
6.958403587341308594e-01
6.980512142181396484e-01
7.080216407775878906e-01
7.058043479919433594e-01
6.957461833953857422e-01
7.022914886474609375e-01
7.070693969726562500e-01
7.922501564025878906e-01
6.905086040496826172e-01
6.959497928619384766e-01
7.037568092346191406e-01
6.943676471710205078e-01
8.002583980560302734e-01
6.950106620788574219e-01
7.017126083374023438e-01
7.052500247955322266e-01
7.402892112731933594e-01
6.975054740905761719e-01
7.840955257415771484e-01
7.033677101135253906e-01
7.030317783355712891e-01
7.015721797943115234e-01
7.001061439514160156e-01
