1.951961517333984375e-01
1.974513530731201172e-01
1.970357894897460938e-01
1.961975097656250000e-01
1.958653926849365234e-01
2.023553848266601562e-01
1.971049308776855469e-01
1.946122646331787109e-01
1.998338699340820312e-01
1.934974193572998047e-01
1.931405067443847656e-01
2.018954753875732422e-01
2.680890560150146484e-01
1.968526840209960938e-01
1.956534385681152344e-01
1.942255496978759766e-01
1.931824684143066406e-01
1.934013366699218750e-01
1.930429935455322266e-01
1.925983428955078125e-01
1.951410770416259766e-01
1.930477619171142578e-01
1.942286491394042969e-01
1.937100887298583984e-01
1.782503128051757812e-01
1.965622901916503906e-01
1.762850284576416016e-01
1.986536979675292969e-01
1.952538490295410156e-01
1.939513683319091797e-01
1.934998035430908203e-01
1.930272579193115234e-01
1.967611312866210938e-01
1.949977874755859375e-01
1.928834915161132812e-01
1.966552734375000000e-01
1.938111782073974609e-01
1.947376728057861328e-01
1.951992511749267578e-01
1.969079971313476562e-01
1.951391696929931641e-01
1.956017017364501953e-01
1.952705383300781250e-01
1.925423145294189453e-01
1.964695453643798828e-01
1.948349475860595703e-01
1.943228244781494141e-01
1.922645568847656250e-01
1.774876117706298828e-01
1.932551860809326172e-01
1.933138370513916016e-01
2.076704502105712891e-01
1.933505535125732422e-01
1.948294639587402344e-01
1.956150531768798828e-01
1.935982704162597656e-01
1.782476902008056641e-01
1.979053020477294922e-01
1.932990550994873047e-01
1.951770782470703125e-01
1.939849853515625000e-01
1.917924880981445312e-01
1.948337554931640625e-01
1.933822631835937500e-01
1.912081241607666016e-01
1.910839080810546875e-01
1.960690021514892578e-01
1.888096332550048828e-01
2.012045383453369141e-01
1.946682929992675781e-01
1.925296783447265625e-01
1.914260387420654297e-01
1.933896541595458984e-01
1.897580623626708984e-01
1.931979656219482422e-01
1.956419944763183594e-01
1.932220458984375000e-01
2.754695415496826172e-01
1.953938007354736328e-01
1.914277076721191406e-01
1.935842037200927734e-01
1.951591968536376953e-01
1.935765743255615234e-01
1.942863464355468750e-01
1.959636211395263672e-01
1.920225620269775391e-01
1.938209533691406250e-01
1.944668292999267578e-01
1.941831111907958984e-01
1.903927326202392578e-01
1.945686340332031250e-01
1.959803104400634766e-01
1.941077709197998047e-01
1.985683441162109375e-01
1.931781768798828125e-01
1.945703029632568359e-01
1.954491138458251953e-01
1.934597492218017578e-01
1.937303543090820312e-01
1.961250305175781250e-01
1.927540302276611328e-01
1.955990791320800781e-01
1.967263221740722656e-01
1.951739788055419922e-01
1.957647800445556641e-01
1.969406604766845703e-01
1.943209171295166016e-01
1.944341659545898438e-01
1.965467929840087891e-01
1.914193630218505859e-01
1.914594173431396484e-01
1.940131187438964844e-01
1.910979747772216797e-01
1.947069168090820312e-01
2.753434181213378906e-01
1.938109397888183594e-01
1.980204582214355469e-01
1.970663070678710938e-01
1.934051513671875000e-01
1.933448314666748047e-01
1.981511116027832031e-01
1.918599605560302734e-01
1.748840808868408203e-01
1.976370811462402344e-01
2.048866748809814453e-01
1.980931758880615234e-01
1.958670616149902344e-01
1.911492347717285156e-01
1.936175823211669922e-01
1.959187984466552734e-01
1.923692226409912109e-01
1.927053928375244141e-01
1.960465908050537109e-01
1.926043033599853516e-01
1.918084621429443359e-01
1.922254562377929688e-01
1.917848587036132812e-01
2.013070583343505859e-01
1.958234310150146484e-01
1.928193569183349609e-01
1.915600299835205078e-01
1.931018829345703125e-01
1.924583911895751953e-01
1.936562061309814453e-01
1.964561939239501953e-01
1.944499015808105469e-01
1.926691532135009766e-01
1.960365772247314453e-01
1.950001716613769531e-01
1.929941177368164062e-01
1.966884136199951172e-01
1.943547725677490234e-01
1.926705837249755859e-01
1.965048313140869141e-01
1.932184696197509766e-01
1.938440799713134766e-01
1.962068080902099609e-01
1.931948661804199219e-01
1.917624473571777344e-01
1.932232379913330078e-01
1.981039047241210938e-01
1.898510456085205078e-01
1.959373950958251953e-01
1.936721801757812500e-01
1.766619682312011719e-01
1.953811645507812500e-01
1.927773952484130859e-01
1.944050788879394531e-01
2.062058448791503906e-01
1.972746849060058594e-01
1.939373016357421875e-01
1.938564777374267578e-01
1.926252841949462891e-01
1.934640407562255859e-01
1.939187049865722656e-01
1.923038959503173828e-01
1.928997039794921875e-01
1.747696399688720703e-01
2.055680751800537109e-01
1.753771305084228516e-01
1.931698322296142578e-01
1.976802349090576172e-01
1.960458755493164062e-01
1.973216533660888672e-01
1.769835948944091797e-01
1.839585304260253906e-01
1.946821212768554688e-01
1.953599452972412109e-01
1.964385509490966797e-01
1.969375610351562500e-01
1.948397159576416016e-01
1.975450515747070312e-01
1.926479339599609375e-01
1.960895061492919922e-01
1.974279880523681641e-01
1.953604221343994141e-01
1.941201686859130859e-01
1.802761554718017578e-01
1.948664188385009766e-01
1.954536437988281250e-01
