2.510213851928710938e-01
2.497625350952148438e-01
2.480809688568115234e-01
2.439966201782226562e-01
2.467532157897949219e-01
2.450819015502929688e-01
2.437815666198730469e-01
2.450265884399414062e-01
2.522203922271728516e-01
2.425630092620849609e-01
2.483756542205810547e-01
2.450120449066162109e-01
2.436695098876953125e-01
2.447431087493896484e-01
2.452244758605957031e-01
2.455158233642578125e-01
2.455093860626220703e-01
2.471733093261718750e-01
2.458870410919189453e-01
2.475912570953369141e-01
2.447257041931152344e-01
2.480494976043701172e-01
2.464210987091064453e-01
2.456266880035400391e-01
2.460718154907226562e-01
2.437965869903564453e-01
2.466092109680175781e-01
2.390677928924560547e-01
2.519683837890625000e-01
2.454242706298828125e-01
2.468712329864501953e-01
2.447323799133300781e-01
2.461516857147216797e-01
2.455618381500244141e-01
2.432374954223632812e-01
2.471175193786621094e-01
2.516043186187744141e-01
2.466390132904052734e-01
2.458028793334960938e-01
2.445952892303466797e-01
2.483808994293212891e-01
2.471354007720947266e-01
2.482569217681884766e-01
2.447412014007568359e-01
2.476911544799804688e-01
2.382154464721679688e-01
2.468898296356201172e-01
2.469353675842285156e-01
2.474741935729980469e-01
2.483716011047363281e-01
2.505979537963867188e-01
2.490508556365966797e-01
2.498145103454589844e-01
2.502527236938476562e-01
2.471337318420410156e-01
2.473745346069335938e-01
2.459030151367187500e-01
2.494661808013916016e-01
2.488262653350830078e-01
2.451713085174560547e-01
2.456009387969970703e-01
2.468237876892089844e-01
2.475163936614990234e-01
2.451407909393310547e-01
2.466223239898681641e-01
2.466294765472412109e-01
2.460670471191406250e-01
2.453141212463378906e-01
2.472462654113769531e-01
2.472267150878906250e-01
2.485415935516357422e-01
2.464241981506347656e-01
2.470560073852539062e-01
2.482547760009765625e-01
2.469265460968017578e-01
2.447068691253662109e-01
2.478129863739013672e-01
2.486586570739746094e-01
2.482810020446777344e-01
2.489485740661621094e-01
2.483296394348144531e-01
2.467734813690185547e-01
2.459759712219238281e-01
2.471940517425537109e-01
2.461342811584472656e-01
2.465834617614746094e-01
2.448749542236328125e-01
2.478959560394287109e-01
2.478880882263183594e-01
2.479248046875000000e-01
2.437205314636230469e-01
2.470147609710693359e-01
2.461836338043212891e-01
2.470021247863769531e-01
2.463116645812988281e-01
2.450816631317138672e-01
2.373180389404296875e-01
2.471799850463867188e-01
2.454857826232910156e-01
2.454988956451416016e-01
2.474477291107177734e-01
2.458016872406005859e-01
2.457361221313476562e-01
2.489748001098632812e-01
2.481594085693359375e-01
2.497575283050537109e-01
2.496244907379150391e-01
2.475638389587402344e-01
2.523882389068603516e-01
2.531983852386474609e-01
3.346726894378662109e-01
2.466289997100830078e-01
2.478935718536376953e-01
2.489166259765625000e-01
2.480523586273193359e-01
2.477827072143554688e-01
2.470397949218750000e-01
3.374998569488525391e-01
2.518272399902343750e-01
2.460954189300537109e-01
2.473862171173095703e-01
2.479341030120849609e-01
2.486419677734375000e-01
2.514882087707519531e-01
2.465901374816894531e-01
2.479999065399169922e-01
2.563896179199218750e-01
2.453227043151855469e-01
2.543218135833740234e-01
2.495481967926025391e-01
2.489724159240722656e-01
2.502422332763671875e-01
2.499537467956542969e-01
2.472233772277832031e-01
2.482690811157226562e-01
2.463443279266357422e-01
2.485249042510986328e-01
2.513742446899414062e-01
2.482221126556396484e-01
2.521872520446777344e-01
2.482285499572753906e-01
2.460675239562988281e-01
2.471277713775634766e-01
2.466013431549072266e-01
2.494971752166748047e-01
2.495274543762207031e-01
2.491645812988281250e-01
2.532112598419189453e-01
2.475738525390625000e-01
2.461028099060058594e-01
2.473444938659667969e-01
2.490561008453369141e-01
2.543246746063232422e-01
2.492527961730957031e-01
2.477178573608398438e-01
3.360788822174072266e-01
2.474834918975830078e-01
2.485499382019042969e-01
2.485780715942382812e-01
2.488684654235839844e-01
2.457647323608398438e-01
2.536137104034423828e-01
2.478499412536621094e-01
2.468900680541992188e-01
2.490923404693603516e-01
2.486968040466308594e-01
2.474081516265869141e-01
2.486064434051513672e-01
2.483320236206054688e-01
3.422892093658447266e-01
2.469036579132080078e-01
2.484786510467529297e-01
2.494173049926757812e-01
2.469830513000488281e-01
2.477729320526123047e-01
2.472167015075683594e-01
2.516725063323974609e-01
2.479295730590820312e-01
2.464270591735839844e-01
2.468461990356445312e-01
2.463617324829101562e-01
2.495045661926269531e-01
2.479634284973144531e-01
2.464830875396728516e-01
2.521820068359375000e-01
2.476589679718017578e-01
2.508511543273925781e-01
2.439687252044677734e-01
2.478580474853515625e-01
2.475512027740478516e-01
2.480449676513671875e-01
2.472279071807861328e-01
2.481014728546142578e-01
2.537205219268798828e-01
2.480945587158203125e-01
2.458643913269042969e-01
2.475593090057373047e-01
2.471618652343750000e-01
2.456557750701904297e-01
2.444052696228027344e-01
