2.510142326354980469e-01
2.497534751892089844e-01
2.480928897857666016e-01
2.439954280853271484e-01
2.467453479766845703e-01
2.450828552246093750e-01
2.437791824340820312e-01
2.450296878814697266e-01
2.522196769714355469e-01
2.425706386566162109e-01
2.483801841735839844e-01
2.450079917907714844e-01
2.436635494232177734e-01
2.447421550750732422e-01
2.452223300933837891e-01
2.455191612243652344e-01
2.454996109008789062e-01
2.471771240234375000e-01
2.458884716033935547e-01
2.475922107696533203e-01
2.447228431701660156e-01
2.480356693267822266e-01
2.464213371276855469e-01
2.456314563751220703e-01
2.460732460021972656e-01
2.437970638275146484e-01
2.466073036193847656e-01
2.390813827514648438e-01
2.519652843475341797e-01
2.454268932342529297e-01
2.468736171722412109e-01
2.447338104248046875e-01
2.461528778076171875e-01
2.455625534057617188e-01
2.432286739349365234e-01
2.471256256103515625e-01
2.516095638275146484e-01
2.466402053833007812e-01
2.457869052886962891e-01
2.445964813232421875e-01
2.483775615692138672e-01
2.471396923065185547e-01
2.482533454895019531e-01
2.447426319122314453e-01
2.476832866668701172e-01
2.382159233093261719e-01
2.468876838684082031e-01
2.469270229339599609e-01
2.474756240844726562e-01
2.483737468719482422e-01
2.505977153778076172e-01
2.490518093109130859e-01
2.498157024383544922e-01
2.502565383911132812e-01
2.471334934234619141e-01
2.473678588867187500e-01
2.459027767181396484e-01
2.494597434997558594e-01
2.488234043121337891e-01
2.451727390289306641e-01
2.456042766571044922e-01
2.468221187591552734e-01
2.475173473358154297e-01
2.451386451721191406e-01
2.466249465942382812e-01
2.466278076171875000e-01
2.460682392120361328e-01
2.453150749206542969e-01
2.472312450408935547e-01
2.472281455993652344e-01
2.485423088073730469e-01
2.464227676391601562e-01
2.470524311065673828e-01
2.482554912567138672e-01
2.469244003295898438e-01
2.447049617767333984e-01
2.478098869323730469e-01
2.486631870269775391e-01
2.482738494873046875e-01
2.489480972290039062e-01
2.483301162719726562e-01
2.467586994171142578e-01
2.459762096405029297e-01
2.471909523010253906e-01
2.461354732513427734e-01
2.465655803680419922e-01
2.448749542236328125e-01
2.478959560394287109e-01
2.478919029235839844e-01
2.479250431060791016e-01
2.437243461608886719e-01
2.470149993896484375e-01
2.461812496185302734e-01
2.469990253448486328e-01
2.463173866271972656e-01
2.450809478759765625e-01
2.373178005218505859e-01
2.471814155578613281e-01
2.454862594604492188e-01
2.455024719238281250e-01
2.474491596221923828e-01
2.458026409149169922e-01
2.457399368286132812e-01
2.489786148071289062e-01
2.481606006622314453e-01
2.497596740722656250e-01
2.496292591094970703e-01
2.475650310516357422e-01
2.523865699768066406e-01
2.531936168670654297e-01
3.346643447875976562e-01
2.466232776641845703e-01
2.478892803192138672e-01
2.489037513732910156e-01
2.480373382568359375e-01
2.477803230285644531e-01
2.470324039459228516e-01
3.374907970428466797e-01
2.518281936645507812e-01
2.460718154907226562e-01
2.473883628845214844e-01
2.479238510131835938e-01
2.486457824707031250e-01
2.514829635620117188e-01
2.465922832489013672e-01
2.479956150054931641e-01
2.563939094543457031e-01
2.453124523162841797e-01
2.543075084686279297e-01
2.495362758636474609e-01
2.489764690399169922e-01
2.502388954162597656e-01
2.499341964721679688e-01
2.472186088562011719e-01
2.482655048370361328e-01
2.463326454162597656e-01
2.485222816467285156e-01
2.513632774353027344e-01
2.482125759124755859e-01
2.521889209747314453e-01
2.482371330261230469e-01
2.460653781890869141e-01
2.471234798431396484e-01
2.466025352478027344e-01
2.494845390319824219e-01
2.495303153991699219e-01
2.491657733917236328e-01
2.532150745391845703e-01
2.475709915161132812e-01
2.460947036743164062e-01
2.473332881927490234e-01
2.490530014038085938e-01
2.543208599090576172e-01
2.492496967315673828e-01
2.477126121520996094e-01
3.360815048217773438e-01
2.474849224090576172e-01
2.485544681549072266e-01
2.485737800598144531e-01
2.488622665405273438e-01
2.457547187805175781e-01
2.536129951477050781e-01
2.478530406951904297e-01
2.468924522399902344e-01
2.490851879119873047e-01
2.486917972564697266e-01
2.474117279052734375e-01
2.486097812652587891e-01
2.483339309692382812e-01
3.422820568084716797e-01
2.469079494476318359e-01
2.484815120697021484e-01
2.494194507598876953e-01
2.469768524169921875e-01
2.477746009826660156e-01
2.472109794616699219e-01
2.516727447509765625e-01
2.479231357574462891e-01
2.464284896850585938e-01
2.468473911285400391e-01
2.463581562042236328e-01
2.495052814483642578e-01
2.479608058929443359e-01
2.464847564697265625e-01
2.521784305572509766e-01
2.476615905761718750e-01
2.508471012115478516e-01
2.439734935760498047e-01
2.478485107421875000e-01
2.475533485412597656e-01
2.480363845825195312e-01
2.472319602966308594e-01
2.480893135070800781e-01
2.537226676940917969e-01
2.480888366699218750e-01
2.458620071411132812e-01
2.475516796112060547e-01
2.471523284912109375e-01
2.456481456756591797e-01
2.444009780883789062e-01
