3.662765026092529297e+00
2.096023559570312500e+00
2.097968816757202148e+00
2.098269939422607422e+00
2.100666522979736328e+00
2.102582454681396484e+00
2.102746009826660156e+00
2.107323408126831055e+00
2.106262207031250000e+00
2.110654592514038086e+00
2.113183736801147461e+00
2.115839958190917969e+00
2.113699197769165039e+00
2.117242813110351562e+00
2.114770174026489258e+00
2.123086452484130859e+00
2.122837305068969727e+00
2.125523567199707031e+00
2.120526075363159180e+00
2.125064611434936523e+00
2.127603769302368164e+00
2.128676414489746094e+00
2.127947330474853516e+00
2.129739284515380859e+00
2.128311634063720703e+00
2.130213260650634766e+00
2.132335901260375977e+00
2.136730670928955078e+00
2.136376380920410156e+00
2.138418674468994141e+00
2.138700723648071289e+00
2.138166189193725586e+00
2.134095907211303711e+00
2.140672683715820312e+00
2.142408132553100586e+00
2.138665199279785156e+00
2.141688823699951172e+00
2.142564773559570312e+00
2.138898134231567383e+00
2.142275571823120117e+00
2.146573066711425781e+00
2.141115427017211914e+00
2.145055294036865234e+00
2.147528171539306641e+00
2.147077322006225586e+00
2.148230552673339844e+00
2.144985437393188477e+00
2.150765180587768555e+00
2.150964975357055664e+00
2.151556015014648438e+00
2.155646085739135742e+00
2.153409957885742188e+00
2.150266408920288086e+00
2.153500795364379883e+00
2.152105093002319336e+00
2.152632713317871094e+00
2.152435302734375000e+00
2.153558969497680664e+00
2.151623249053955078e+00
2.151065826416015625e+00
2.153673171997070312e+00
2.149952650070190430e+00
2.152443647384643555e+00
2.156985282897949219e+00
2.154997348785400391e+00
2.160290718078613281e+00
2.169425249099731445e+00
2.156811475753784180e+00
2.159228086471557617e+00
2.159396409988403320e+00
2.156255006790161133e+00
2.159241199493408203e+00
2.160178184509277344e+00
2.154762506484985352e+00
2.156599283218383789e+00
2.162687063217163086e+00
2.163136959075927734e+00
2.163299322128295898e+00
2.161926269531250000e+00
2.162703275680541992e+00
2.163046598434448242e+00
2.166231632232666016e+00
2.158364534378051758e+00
2.164061069488525391e+00
2.162889957427978516e+00
2.164278507232666016e+00
2.165131807327270508e+00
2.165394306182861328e+00
2.164361238479614258e+00
2.164716958999633789e+00
2.164188623428344727e+00
2.164720535278320312e+00
2.166033744812011719e+00
2.165407657623291016e+00
2.167659997940063477e+00
2.167176246643066406e+00
2.168426275253295898e+00
2.166931867599487305e+00
2.166902065277099609e+00
2.163958549499511719e+00
2.169227361679077148e+00
2.168001890182495117e+00
2.166307449340820312e+00
2.168894290924072266e+00
2.170630216598510742e+00
2.167498826980590820e+00
2.170264959335327148e+00
2.168366909027099609e+00
2.170451879501342773e+00
2.169534921646118164e+00
2.168301820755004883e+00
2.167577981948852539e+00
2.168584108352661133e+00
2.165857076644897461e+00
2.167423486709594727e+00
2.170887708663940430e+00
2.167099714279174805e+00
2.169816970825195312e+00
2.170013666152954102e+00
2.166840553283691406e+00
2.174559116363525391e+00
2.164004325866699219e+00
2.159380912780761719e+00
2.164459466934204102e+00
2.159037590026855469e+00
2.159555912017822266e+00
2.164437055587768555e+00
2.160113573074340820e+00
2.160306215286254883e+00
2.158971786499023438e+00
2.158666133880615234e+00
2.159258365631103516e+00
2.156582832336425781e+00
2.156553983688354492e+00
2.159104824066162109e+00
2.153064012527465820e+00
2.150833368301391602e+00
2.154188156127929688e+00
2.149572849273681641e+00
2.150932550430297852e+00
2.158120155334472656e+00
2.160428524017333984e+00
2.162168741226196289e+00
2.167841911315917969e+00
2.158684968948364258e+00
2.159758806228637695e+00
2.160534858703613281e+00
2.156003475189208984e+00
2.156976222991943359e+00
2.159433841705322266e+00
2.156220197677612305e+00
2.155813694000244141e+00
2.159876108169555664e+00
2.156606674194335938e+00
2.160443305969238281e+00
2.157325983047485352e+00
2.161234140396118164e+00
2.161056756973266602e+00
2.157734155654907227e+00
2.159075498580932617e+00
2.158017873764038086e+00
2.161533117294311523e+00
2.160137176513671875e+00
2.161701679229736328e+00
2.162258148193359375e+00
2.162841558456420898e+00
2.155695438385009766e+00
2.159673213958740234e+00
2.155467271804809570e+00
2.156792163848876953e+00
2.158542871475219727e+00
2.154913663864135742e+00
2.159029006958007812e+00
2.155534982681274414e+00
2.152972936630249023e+00
2.165293693542480469e+00
2.162314653396606445e+00
2.154723405838012695e+00
2.155066251754760742e+00
2.154293775558471680e+00
2.158827543258666992e+00
2.157424449920654297e+00
2.154561281204223633e+00
2.155305624008178711e+00
2.154461622238159180e+00
2.156060934066772461e+00
2.155783414840698242e+00
2.154714822769165039e+00
2.154581546783447266e+00
2.151803731918334961e+00
2.152438163757324219e+00
2.152983903884887695e+00
2.170415163040161133e+00
2.154459238052368164e+00
2.156560897827148438e+00
2.153620958328247070e+00
2.157151937484741211e+00
2.158519268035888672e+00
2.151346921920776367e+00
2.153874635696411133e+00
