1.922986507415771484e-01
1.934921741485595703e-01
1.860468387603759766e-01
1.886847019195556641e-01
1.887490749359130859e-01
1.866402626037597656e-01
1.887891292572021484e-01
1.863884925842285156e-01
1.914570331573486328e-01
1.841337680816650391e-01
1.878907680511474609e-01
1.871201992034912109e-01
2.583160400390625000e-01
1.876156330108642578e-01
1.848328113555908203e-01
1.869294643402099609e-01
1.878252029418945312e-01
1.849453449249267578e-01
1.853504180908203125e-01
1.867964267730712891e-01
1.868073940277099609e-01
1.856522560119628906e-01
1.883404254913330078e-01
1.850459575653076172e-01
1.876518726348876953e-01
1.885440349578857422e-01
1.845850944519042969e-01
1.953754425048828125e-01
1.860260963439941406e-01
1.849300861358642578e-01
1.878705024719238281e-01
1.878795623779296875e-01
1.986258029937744141e-01
1.904778480529785156e-01
1.873397827148437500e-01
1.889767646789550781e-01
1.903517246246337891e-01
1.875233650207519531e-01
1.909592151641845703e-01
1.894247531890869141e-01
1.880395412445068359e-01
1.878449916839599609e-01
1.903910636901855469e-01
1.869649887084960938e-01
1.910266876220703125e-01
1.867480278015136719e-01
1.868128776550292969e-01
1.900939941406250000e-01
1.867365837097167969e-01
1.875269412994384766e-01
1.932039260864257812e-01
1.898548603057861328e-01
1.889493465423583984e-01
1.923282146453857422e-01
1.893634796142578125e-01
1.912729740142822266e-01
1.911597251892089844e-01
1.892483234405517578e-01
1.935443878173828125e-01
1.898021697998046875e-01
1.894395351409912109e-01
1.920785903930664062e-01
1.882772445678710938e-01
1.879522800445556641e-01
1.925146579742431641e-01
1.876878738403320312e-01
1.879422664642333984e-01
1.930143833160400391e-01
1.886940002441406250e-01
1.901743412017822266e-01
1.905128955841064453e-01
1.881957054138183594e-01
1.924059391021728516e-01
1.883714199066162109e-01
1.881842613220214844e-01
1.931087970733642578e-01
1.871173381805419922e-01
2.638933658599853516e-01
1.917066574096679688e-01
2.324430942535400391e-01
1.880867481231689453e-01
1.918442249298095703e-01
1.894605159759521484e-01
1.897215843200683594e-01
1.911437511444091797e-01
1.887168884277343750e-01
1.921668052673339844e-01
1.880841255187988281e-01
1.877486705780029297e-01
1.927733421325683594e-01
1.894190311431884766e-01
1.888394355773925781e-01
1.930871009826660156e-01
1.886355876922607422e-01
1.909768581390380859e-01
1.893215179443359375e-01
1.890957355499267578e-01
1.928069591522216797e-01
1.883723735809326172e-01
1.881031990051269531e-01
2.012593746185302734e-01
1.886274814605712891e-01
1.885354518890380859e-01
1.921410560607910156e-01
1.889138221740722656e-01
1.874470710754394531e-01
1.908285617828369141e-01
1.883780956268310547e-01
1.890296936035156250e-01
1.911528110504150391e-01
1.880705356597900391e-01
1.885328292846679688e-01
1.907548904418945312e-01
1.882221698760986328e-01
1.917765140533447266e-01
1.880345344543457031e-01
1.877994537353515625e-01
1.917355060577392578e-01
1.881780624389648438e-01
1.883440017700195312e-01
1.933197975158691406e-01
1.876232624053955078e-01
1.872701644897460938e-01
1.897749900817871094e-01
1.880028247833251953e-01
1.871190071105957031e-01
1.883404254913330078e-01
1.882421970367431641e-01
1.889636516571044922e-01
1.879425048828125000e-01
1.868903636932373047e-01
1.868948936462402344e-01
1.869988441467285156e-01
1.868350505828857422e-01
1.875662803649902344e-01
1.864702701568603516e-01
1.881778240203857422e-01
1.880321502685546875e-01
1.872985363006591797e-01
1.869735717773437500e-01
1.879730224609375000e-01
1.874806880950927734e-01
1.896212100982666016e-01
1.898360252380371094e-01
1.875355243682861328e-01
1.881244182586669922e-01
2.349972724914550781e-01
1.879835128784179688e-01
1.870291233062744141e-01
1.864497661590576172e-01
1.872432231903076172e-01
1.866519451141357422e-01
1.882722377777099609e-01
1.863129138946533203e-01
1.869578361511230469e-01
1.888220310211181641e-01
1.874556541442871094e-01
1.865451335906982422e-01
1.878299713134765625e-01
1.871573925018310547e-01
1.902322769165039062e-01
1.877434253692626953e-01
1.865935325622558594e-01
1.879622936248779297e-01
1.860008239746093750e-01
1.860368251800537109e-01
1.873409748077392578e-01
1.870131492614746094e-01
1.915595531463623047e-01
1.886913776397705078e-01
1.883687973022460938e-01
1.886913776397705078e-01
1.886339187622070312e-01
1.873829364776611328e-01
1.877465248107910156e-01
1.884398460388183594e-01
1.896862983703613281e-01
1.890108585357666016e-01
1.875369548797607422e-01
1.889519691467285156e-01
1.886913776397705078e-01
1.887249946594238281e-01
1.883919239044189453e-01
1.706607341766357422e-01
1.887712478637695312e-01
1.883325576782226562e-01
1.870484352111816406e-01
2.646985054016113281e-01
1.885740756988525391e-01
1.876239776611328125e-01
1.873705387115478516e-01
1.874721050262451172e-01
1.900660991668701172e-01
1.884589195251464844e-01
1.866378784179687500e-01
1.886577606201171875e-01
1.874482631683349609e-01
1.914057731628417969e-01
1.872756481170654297e-01
1.876113414764404297e-01
