1.922986507415771484e-01
1.934921741485595703e-01
1.860411167144775391e-01
1.886827945709228516e-01
1.887471675872802734e-01
1.866409778594970703e-01
1.887857913970947266e-01
1.863861083984375000e-01
1.914415359497070312e-01
1.841185092926025391e-01
1.878917217254638672e-01
1.871047019958496094e-01
2.583165168762207031e-01
1.875994205474853516e-01
1.848201751708984375e-01
1.869273185729980469e-01
1.878306865692138672e-01
1.849334239959716797e-01
1.853356361389160156e-01
1.867778301239013672e-01
1.868064403533935547e-01
1.856381893157958984e-01
1.883358955383300781e-01
1.850316524505615234e-01
1.876306533813476562e-01
1.885416507720947266e-01
1.845738887786865234e-01
1.953523159027099609e-01
1.860086917877197266e-01
1.849143505096435547e-01
1.878519058227539062e-01
1.878645420074462891e-01
1.986148357391357422e-01
1.904709339141845703e-01
1.873373985290527344e-01
1.889746189117431641e-01
1.903536319732666016e-01
1.875233650207519531e-01
1.909632682800292969e-01
1.894240379333496094e-01
1.880378723144531250e-01
1.878478527069091797e-01
1.903867721557617188e-01
1.869637966156005859e-01
1.910214424133300781e-01
1.867454051971435547e-01
1.868102550506591797e-01
1.900935173034667969e-01
1.867356300354003906e-01
1.875233650207519531e-01
1.932027339935302734e-01
1.898543834686279297e-01
1.889462471008300781e-01
1.923053264617919922e-01
1.893625259399414062e-01
1.912603378295898438e-01
1.911582946777343750e-01
1.892464160919189453e-01
1.935403347015380859e-01
1.897962093353271484e-01
1.894381046295166016e-01
1.920797824859619141e-01
1.882760524749755859e-01
1.879515647888183594e-01
1.925125122070312500e-01
1.876864433288574219e-01
1.879403591156005859e-01
1.930227279663085938e-01
1.886913776397705078e-01
1.901712417602539062e-01
1.905012130737304688e-01
1.881947517395019531e-01
1.924016475677490234e-01
1.883678436279296875e-01
1.881821155548095703e-01
1.931056976318359375e-01
1.871156692504882812e-01
2.638902664184570312e-01
1.916997432708740234e-01
2.324411869049072266e-01
1.880836486816406250e-01
1.918532848358154297e-01
1.894602775573730469e-01
1.897232532501220703e-01
1.911425590515136719e-01
1.887154579162597656e-01
1.921675205230712891e-01
1.880822181701660156e-01
1.877491474151611328e-01
1.927812099456787109e-01
1.894202232360839844e-01
1.888372898101806641e-01
1.930911540985107422e-01
1.886363029479980469e-01
1.909759044647216797e-01
1.893212795257568359e-01
1.890933513641357422e-01
1.928060054779052734e-01
1.883728504180908203e-01
1.881034374237060547e-01
2.012360095977783203e-01
1.886284351348876953e-01
1.885347366333007812e-01
1.921381950378417969e-01
1.889109611511230469e-01
1.874470710754394531e-01
1.908318996429443359e-01
1.883788108825683594e-01
1.890287399291992188e-01
1.911551952362060547e-01
1.880700588226318359e-01
1.885309219360351562e-01
1.907539367675781250e-01
1.882245540618896484e-01
1.917734146118164062e-01
1.880326271057128906e-01
1.877975463867187500e-01
1.917343139648437500e-01
1.881749629974365234e-01
1.883428096771240234e-01
1.933138370513916016e-01
1.876227855682373047e-01
1.872682571411132812e-01
1.897733211517333984e-01
1.880013942718505859e-01
1.871123313903808594e-01
1.883370876312255859e-01
1.882402896881103516e-01
1.889588832855224609e-01
1.879410743713378906e-01
1.868867874145507812e-01
1.868977546691894531e-01
1.869966983795166016e-01
1.868338584899902344e-01
1.875669956207275391e-01
1.864688396453857422e-01
1.881680488586425781e-01
1.880323886871337891e-01
1.872999668121337891e-01
1.869654655456542969e-01
1.879723072052001953e-01
1.874783039093017578e-01
1.896278858184814453e-01
1.898355484008789062e-01
1.875293254852294922e-01
1.881251335144042969e-01
2.349941730499267578e-01
1.879763603210449219e-01
1.870267391204833984e-01
1.864495277404785156e-01
1.872467994689941406e-01
1.866445541381835938e-01
1.882684230804443359e-01
1.863212585449218750e-01
1.869559288024902344e-01
1.888163089752197266e-01
1.874549388885498047e-01
1.865444183349609375e-01
1.878216266632080078e-01
1.871554851531982422e-01
1.902256011962890625e-01
1.877398490905761719e-01
1.865904331207275391e-01
1.879622936248779297e-01
1.859993934631347656e-01
1.860353946685791016e-01
1.873409748077392578e-01
1.870098114013671875e-01
1.915588378906250000e-01
1.886880397796630859e-01
1.883656978607177734e-01
1.886892318725585938e-01
1.886377334594726562e-01
1.873812675476074219e-01
1.877443790435791016e-01
1.884438991546630859e-01
1.896855831146240234e-01
1.890065670013427734e-01
1.875350475311279297e-01
1.889514923095703125e-01
1.886868476867675781e-01
1.887235641479492188e-01
1.883902549743652344e-01
1.706583499908447266e-01
1.887698173522949219e-01
1.883261203765869141e-01
1.870481967926025391e-01
2.646861076354980469e-01
1.885721683502197266e-01
1.876206398010253906e-01
1.873686313629150391e-01
1.874768733978271484e-01
1.900634765625000000e-01
1.884527206420898438e-01
1.866397857666015625e-01
1.886558532714843750e-01
1.874380111694335938e-01
1.914057731628417969e-01
1.872735023498535156e-01
1.876170635223388672e-01
