1.624053955078125000e+00
2.030801773071289062e-02
1.892685890197753906e-02
1.898074150085449219e-02
1.895809173583984375e-02
1.890063285827636719e-02
1.908159255981445312e-02
1.885533332824707031e-02
1.890850067138671875e-02
1.886987686157226562e-02
1.899337768554687500e-02
1.933836936950683594e-02
1.892375946044921875e-02
1.879119873046875000e-02
1.874828338623046875e-02
1.865482330322265625e-02
1.873016357421875000e-02
1.877546310424804688e-02
1.865196228027343750e-02
1.865077018737792969e-02
1.867127418518066406e-02
1.892828941345214844e-02
1.865553855895996094e-02
1.904749870300292969e-02
1.878333091735839844e-02
1.873421669006347656e-02
1.874065399169921875e-02
1.877665519714355469e-02
1.891899108886718750e-02
1.875400543212890625e-02
1.890110969543457031e-02
1.888179779052734375e-02
1.975846290588378906e-02
1.904296875000000000e-02
1.876807212829589844e-02
1.874971389770507812e-02
1.892828941345214844e-02
1.875138282775878906e-02
1.874685287475585938e-02
1.868486404418945312e-02
1.882266998291015625e-02
1.919245719909667969e-02
1.894259452819824219e-02
1.893901824951171875e-02
1.912069320678710938e-02
1.916170120239257812e-02
1.881647109985351562e-02
1.907348632812500000e-02
1.875710487365722656e-02
1.880764961242675781e-02
1.913762092590332031e-02
1.896715164184570312e-02
1.900029182434082031e-02
1.914238929748535156e-02
1.937150955200195312e-02
1.889133453369140625e-02
1.901364326477050781e-02
1.910853385925292969e-02
1.927185058593750000e-02
1.929807662963867188e-02
1.886534690856933594e-02
1.916480064392089844e-02
1.915025711059570312e-02
1.887798309326171875e-02
1.924061775207519531e-02
1.878809928894042969e-02
1.896953582763671875e-02
1.909685134887695312e-02
1.885938644409179688e-02
1.880216598510742188e-02
1.911926269531250000e-02
1.904273033142089844e-02
1.871228218078613281e-02
1.871705055236816406e-02
1.878118515014648438e-02
1.871323585510253906e-02
1.926589012145996094e-02
1.915097236633300781e-02
1.829314231872558594e-02
1.822328567504882812e-02
1.846408843994140625e-02
1.829886436462402344e-02
1.873326301574707031e-02
1.829981803894042969e-02
1.827263832092285156e-02
1.818680763244628906e-02
1.824069023132324219e-02
1.851677894592285156e-02
1.841568946838378906e-02
1.829838752746582031e-02
1.827192306518554688e-02
1.826977729797363281e-02
1.822614669799804688e-02
1.869487762451171875e-02
1.835417747497558594e-02
1.840734481811523438e-02
1.843786239624023438e-02
6.095027923583984375e-02
2.006316184997558594e-02
1.891279220581054688e-02
1.884078979492187500e-02
1.892805099487304688e-02
1.891875267028808594e-02
1.902318000793457031e-02
1.893281936645507812e-02
1.890683174133300781e-02
1.890230178833007812e-02
1.898217201232910156e-02
1.902270317077636719e-02
1.902270317077636719e-02
1.893281936645507812e-02
1.903247833251953125e-02
1.898121833801269531e-02
1.902174949645996094e-02
1.886463165283203125e-02
1.896834373474121094e-02
1.887273788452148438e-02
1.901364326477050781e-02
1.905107498168945312e-02
1.893401145935058594e-02
1.888489723205566406e-02
1.909327507019042969e-02
1.883053779602050781e-02
1.883840560913085938e-02
1.886129379272460938e-02
1.887154579162597656e-02
1.893138885498046875e-02
1.887440681457519531e-02
1.881122589111328125e-02
1.879048347473144531e-02
1.890063285827636719e-02
1.879048347473144531e-02
1.879382133483886719e-02
1.880693435668945312e-02
1.890110969543457031e-02
1.898694038391113281e-02
1.882481575012207031e-02
1.886868476867675781e-02
2.073121070861816406e-02
1.887011528015136719e-02
1.903629302978515625e-02
1.895785331726074219e-02
1.880788803100585938e-02
1.884007453918457031e-02
1.893019676208496094e-02
1.893067359924316406e-02
1.889181137084960938e-02
1.879072189331054688e-02
1.898479461669921875e-02
1.900029182434082031e-02
1.876473426818847656e-02
1.884293556213378906e-02
1.878809928894042969e-02
1.889419555664062500e-02
1.895546913146972656e-02
1.883316040039062500e-02
1.885390281677246094e-02
1.883459091186523438e-02
1.876139640808105469e-02
1.890993118286132812e-02
1.890540122985839844e-02
1.894068717956542969e-02
1.896214485168457031e-02
1.896715164184570312e-02
1.910543441772460938e-02
1.886415481567382812e-02
1.897788047790527344e-02
1.896119117736816406e-02
1.885128021240234375e-02
1.899886131286621094e-02
1.886940002441406250e-02
1.902079582214355469e-02
1.893854141235351562e-02
1.900553703308105469e-02
1.906490325927734375e-02
1.899862289428710938e-02
1.924467086791992188e-02
1.898217201232910156e-02
1.992535591125488281e-02
1.952266693115234375e-02
1.892495155334472656e-02
1.899003982543945312e-02
1.903867721557617188e-02
1.898789405822753906e-02
1.898837089538574219e-02
1.900005340576171875e-02
1.903319358825683594e-02
1.910805702209472656e-02
1.895785331726074219e-02
1.916861534118652344e-02
1.911282539367675781e-02
1.902484893798828125e-02
1.917481422424316406e-02
1.896190643310546875e-02
1.905894279479980469e-02
2.039980888366699219e-02
2.006387710571289062e-02
1.900362968444824219e-02
1.902365684509277344e-02
1.920390129089355469e-02
1.887130737304687500e-02
1.902508735656738281e-02
1.889920234680175781e-02
1.893544197082519531e-02
1.888060569763183594e-02
1.891160011291503906e-02
1.891851425170898438e-02
1.892876625061035156e-02
1.891803741455078125e-02
1.892471313476562500e-02
1.892447471618652344e-02
1.896858215332031250e-02
1.892566680908203125e-02
1.890611648559570312e-02
1.890873908996582031e-02
1.901268959045410156e-02
1.891827583312988281e-02
1.909208297729492188e-02
1.895809173583984375e-02
1.900315284729003906e-02
1.889896392822265625e-02
1.897430419921875000e-02
1.889777183532714844e-02
1.896977424621582031e-02
1.890707015991210938e-02
1.895070075988769531e-02
1.898765563964843750e-02
1.901078224182128906e-02
1.899480819702148438e-02
1.900291442871093750e-02
1.898908615112304688e-02
1.891160011291503906e-02
1.891255378723144531e-02
1.900362968444824219e-02
1.898741722106933594e-02
1.898694038391113281e-02
1.891851425170898438e-02
1.894164085388183594e-02
1.899433135986328125e-02
1.892256736755371094e-02
1.889228820800781250e-02
1.897859573364257812e-02
1.895761489868164062e-02
1.898622512817382812e-02
1.891422271728515625e-02
1.900458335876464844e-02
1.896047592163085938e-02
1.889562606811523438e-02
1.894736289978027344e-02
1.893210411071777344e-02
1.898193359375000000e-02
1.894927024841308594e-02
1.900434494018554688e-02
1.901459693908691406e-02
1.889967918395996094e-02
1.960611343383789062e-02
1.996636390686035156e-02
1.921510696411132812e-02
1.893496513366699219e-02
1.894283294677734375e-02
1.904582977294921875e-02
1.896357536315917969e-02
1.892995834350585938e-02
1.892471313476562500e-02
1.891708374023437500e-02
1.899719238281250000e-02
1.893162727355957031e-02
1.901030540466308594e-02
1.905989646911621094e-02
1.901817321777343750e-02
1.906704902648925781e-02
1.911926269531250000e-02
1.907992362976074219e-02
1.908278465270996094e-02
1.920914649963378906e-02
1.905703544616699219e-02
1.910161972045898438e-02
1.897835731506347656e-02
1.898431777954101562e-02
2.129244804382324219e-02
1.940822601318359375e-02
1.935505867004394531e-02
1.902437210083007812e-02
1.912879943847656250e-02
1.931810379028320312e-02
1.893258094787597656e-02
1.899957656860351562e-02
1.907706260681152344e-02
1.905012130737304688e-02
3.317451477050781250e-02
1.868963241577148438e-02
1.848936080932617188e-02
1.844501495361328125e-02
1.851296424865722656e-02
2.003812789916992188e-02
1.908230781555175781e-02
1.913905143737792969e-02
1.913404464721679688e-02
1.898670196533203125e-02
1.909017562866210938e-02
1.884055137634277344e-02
1.901531219482421875e-02
1.890420913696289062e-02
1.933956146240234375e-02
1.908755302429199219e-02
1.891446113586425781e-02
1.881742477416992188e-02
1.883554458618164062e-02
1.870274543762207031e-02
1.873779296875000000e-02
1.872181892395019531e-02
1.872014999389648438e-02
1.884269714355468750e-02
1.882505416870117188e-02
1.871228218078613281e-02
1.870465278625488281e-02
1.887273788452148438e-02
1.896476745605468750e-02
1.886463165283203125e-02
1.878190040588378906e-02
1.904988288879394531e-02
1.881003379821777344e-02
1.870775222778320312e-02
1.879000663757324219e-02
1.897716522216796875e-02
1.868844032287597656e-02
1.887583732604980469e-02
1.894259452819824219e-02
1.878094673156738281e-02
1.882123947143554688e-02
1.876711845397949219e-02
1.876640319824218750e-02
1.884150505065917969e-02
1.872897148132324219e-02
1.889038085937500000e-02
1.875257492065429688e-02
1.878881454467773438e-02
1.874756813049316406e-02
1.892614364624023438e-02
1.896238327026367188e-02
1.886487007141113281e-02
1.889538764953613281e-02
1.894640922546386719e-02
1.913690567016601562e-02
1.877856254577636719e-02
1.886463165283203125e-02
1.890563964843750000e-02
1.883697509765625000e-02
1.888966560363769531e-02
1.908445358276367188e-02
1.881980895996093750e-02
1.888847351074218750e-02
1.885437965393066406e-02
1.896262168884277344e-02
1.904582977294921875e-02
1.902723312377929688e-02
1.895046234130859375e-02
1.892590522766113281e-02
1.890277862548828125e-02
1.894569396972656250e-02
1.887774467468261719e-02
1.889681816101074219e-02
1.914596557617187500e-02
1.891088485717773438e-02
1.898050308227539062e-02
1.896023750305175781e-02
1.897311210632324219e-02
1.890993118286132812e-02
1.897811889648437500e-02
1.893687248229980469e-02
1.894831657409667969e-02
1.906371116638183594e-02
1.893830299377441406e-02
1.903676986694335938e-02
1.890349388122558594e-02
1.892542839050292969e-02
1.902556419372558594e-02
1.923203468322753906e-02
1.911926269531250000e-02
1.905131340026855469e-02
1.907968521118164062e-02
1.930594444274902344e-02
1.938009262084960938e-02
1.910090446472167969e-02
1.909279823303222656e-02
1.923584938049316406e-02
1.908326148986816406e-02
1.909804344177246094e-02
1.902532577514648438e-02
1.912546157836914062e-02
1.885461807250976562e-02
1.887440681457519531e-02
1.930832862854003906e-02
1.915669441223144531e-02
1.893472671508789062e-02
1.894879341125488281e-02
1.892566680908203125e-02
1.899766921997070312e-02
1.917409896850585938e-02
1.910924911499023438e-02
1.912736892700195312e-02
1.896667480468750000e-02
1.891899108886718750e-02
1.895713806152343750e-02
1.902413368225097656e-02
1.891922950744628906e-02
1.883721351623535156e-02
1.889824867248535156e-02
1.876449584960937500e-02
1.887869834899902344e-02
1.886653900146484375e-02
1.889777183532714844e-02
1.889395713806152344e-02
1.879477500915527344e-02
1.874208450317382812e-02
1.874780654907226562e-02
1.872014999389648438e-02
1.870417594909667969e-02
1.879405975341796875e-02
1.879501342773437500e-02
1.872348785400390625e-02
1.874637603759765625e-02
1.871848106384277344e-02
1.875329017639160156e-02
1.874566078186035156e-02
1.879286766052246094e-02
1.903724670410156250e-02
1.883721351623535156e-02
1.872611045837402344e-02
1.872587203979492188e-02
1.876139640808105469e-02
1.871252059936523438e-02
1.871490478515625000e-02
1.898193359375000000e-02
1.893925666809082031e-02
1.886367797851562500e-02
1.883506774902343750e-02
1.924610137939453125e-02
1.886200904846191406e-02
1.889920234680175781e-02
1.887893676757812500e-02
1.894283294677734375e-02
1.886653900146484375e-02
1.893162727355957031e-02
1.900410652160644531e-02
1.894593238830566406e-02
1.889562606811523438e-02
1.888346672058105469e-02
1.895308494567871094e-02
1.912927627563476562e-02
1.896977424621582031e-02
1.894378662109375000e-02
1.936411857604980469e-02
1.892447471618652344e-02
1.885652542114257812e-02
1.898860931396484375e-02
1.888155937194824219e-02
1.979041099548339844e-02
1.888799667358398438e-02
1.899051666259765625e-02
1.881647109985351562e-02
1.901364326477050781e-02
1.890945434570312500e-02
1.898765563964843750e-02
1.889014244079589844e-02
1.901984214782714844e-02
1.892709732055664062e-02
1.893925666809082031e-02
1.894187927246093750e-02
1.906085014343261719e-02
1.893758773803710938e-02
1.894783973693847656e-02
1.897239685058593750e-02
1.900196075439453125e-02
1.885414123535156250e-02
1.901197433471679688e-02
1.938819885253906250e-02
1.899671554565429688e-02
1.903414726257324219e-02
1.918315887451171875e-02
1.899480819702148438e-02
1.907539367675781250e-02
1.916718482971191406e-02
1.902699470520019531e-02
1.921868324279785156e-02
1.909017562866210938e-02
1.908135414123535156e-02
1.944351196289062500e-02
1.895022392272949219e-02
1.886010169982910156e-02
1.940131187438964844e-02
1.903510093688964844e-02
1.895046234130859375e-02
1.924324035644531250e-02
1.894497871398925781e-02
1.898980140686035156e-02
1.893043518066406250e-02
1.898837089538574219e-02
1.885461807250976562e-02
1.912379264831542969e-02
1.890373229980468750e-02
1.891875267028808594e-02
1.885581016540527344e-02
1.890611648559570312e-02
1.878309249877929688e-02
1.880359649658203125e-02
1.876115798950195312e-02
1.885032653808593750e-02
1.893687248229980469e-02
1.882243156433105469e-02
1.870226860046386719e-02
1.873612403869628906e-02
1.870965957641601562e-02
1.878952980041503906e-02
1.878857612609863281e-02
1.881933212280273438e-02
1.879024505615234375e-02
1.883459091186523438e-02
1.878213882446289062e-02
1.880836486816406250e-02
1.876616477966308594e-02
2.103924751281738281e-02
2.070093154907226562e-02
2.042675018310546875e-02
2.009844779968261719e-02
2.084708213806152344e-02
2.053046226501464844e-02
2.025866508483886719e-02
1.981520652770996094e-02
2.080273628234863281e-02
2.044486999511718750e-02
2.390980720520019531e-02
1.923370361328125000e-02
1.895332336425781250e-02
1.900458335876464844e-02
1.895189285278320312e-02
1.898336410522460938e-02
1.892876625061035156e-02
1.896452903747558594e-02
1.899600028991699219e-02
1.888298988342285156e-02
1.885771751403808594e-02
1.892757415771484375e-02
1.884913444519042969e-02
1.893162727355957031e-02
1.899027824401855469e-02
1.912665367126464844e-02
1.887130737304687500e-02
1.893305778503417969e-02
1.895451545715332031e-02
2.733612060546875000e-02
2.698516845703125000e-02
2.683043479919433594e-02
2.694296836853027344e-02
2.232575416564941406e-02
2.709436416625976562e-02
1.901173591613769531e-02
1.906800270080566406e-02
1.904344558715820312e-02
1.903271675109863281e-02
1.896858215332031250e-02
1.895213127136230469e-02
1.894044876098632812e-02
1.897859573364257812e-02
1.896429061889648438e-02
1.915693283081054688e-02
1.896619796752929688e-02
1.903057098388671875e-02
1.893258094787597656e-02
1.974105834960937500e-02
1.976895332336425781e-02
2.629399299621582031e-02
1.914763450622558594e-02
1.899218559265136719e-02
1.896357536315917969e-02
1.889872550964355469e-02
1.897096633911132812e-02
1.888203620910644531e-02
1.891303062438964844e-02
1.914596557617187500e-02
1.899337768554687500e-02
1.907563209533691406e-02
1.900959014892578125e-02
1.920437812805175781e-02
1.893019676208496094e-02
1.877140998840332031e-02
1.872992515563964844e-02
1.869845390319824219e-02
1.935958862304687500e-02
1.987934112548828125e-02
1.904225349426269531e-02
1.899600028991699219e-02
1.892614364624023438e-02
1.897883415222167969e-02
1.889038085937500000e-02
1.898574829101562500e-02
1.898097991943359375e-02
1.897263526916503906e-02
1.898932456970214844e-02
1.901173591613769531e-02
1.890826225280761719e-02
1.901721954345703125e-02
1.921629905700683594e-02
1.904129981994628906e-02
1.888084411621093750e-02
1.888251304626464844e-02
1.889967918395996094e-02
1.887249946594238281e-02
1.893591880798339844e-02
1.899600028991699219e-02
1.890301704406738281e-02
1.887321472167968750e-02
1.903676986694335938e-02
1.945400238037109375e-02
1.887226104736328125e-02
1.891088485717773438e-02
1.881718635559082031e-02
1.887726783752441406e-02
1.886034011840820312e-02
1.882815361022949219e-02
1.881289482116699219e-02
1.879835128784179688e-02
1.871681213378906250e-02
1.873064041137695312e-02
1.880264282226562500e-02
1.896452903747558594e-02
1.891922950744628906e-02
1.902103424072265625e-02
1.877880096435546875e-02
1.884698867797851562e-02
1.875305175781250000e-02
1.871848106384277344e-02
1.884627342224121094e-02
1.879096031188964844e-02
1.900911331176757812e-02
1.879930496215820312e-02
1.914596557617187500e-02
1.880407333374023438e-02
1.877665519714355469e-02
1.877808570861816406e-02
1.879143714904785156e-02
1.876926422119140625e-02
1.877331733703613281e-02
1.889276504516601562e-02
1.882576942443847656e-02
1.888585090637207031e-02
1.879167556762695312e-02
1.888084411621093750e-02
1.878905296325683594e-02
1.876854896545410156e-02
1.874351501464843750e-02
1.871919631958007812e-02
1.875567436218261719e-02
1.879906654357910156e-02
1.877355575561523438e-02
1.877427101135253906e-02
1.876759529113769531e-02
1.879978179931640625e-02
1.884269714355468750e-02
1.900076866149902344e-02
1.888155937194824219e-02
1.894426345825195312e-02
1.884245872497558594e-02
1.896333694458007812e-02
1.880693435668945312e-02
1.886868476867675781e-02
1.894354820251464844e-02
1.917862892150878906e-02
1.980853080749511719e-02
1.912283897399902344e-02
1.946687698364257812e-02
2.218723297119140625e-02
1.892757415771484375e-02
1.898288726806640625e-02
1.894950866699218750e-02
1.896643638610839844e-02
1.886630058288574219e-02
1.887440681457519531e-02
1.909637451171875000e-02
1.889324188232421875e-02
1.897048950195312500e-02
1.896238327026367188e-02
1.894521713256835938e-02
1.903867721557617188e-02
1.906895637512207031e-02
1.951575279235839844e-02
1.938629150390625000e-02
1.909208297729492188e-02
1.895833015441894531e-02
1.896882057189941406e-02
3.249859809875488281e-02
3.795099258422851562e-02
3.468084335327148438e-02
1.943397521972656250e-02
1.909923553466796875e-02
1.883649826049804688e-02
1.884341239929199219e-02
1.873087882995605469e-02
1.880383491516113281e-02
1.900982856750488281e-02
1.927137374877929688e-02
1.913166046142578125e-02
1.874947547912597656e-02
1.886439323425292969e-02
1.870679855346679688e-02
1.896190643310546875e-02
1.883077621459960938e-02
1.917028427124023438e-02
1.857876777648925781e-02
1.906466484069824219e-02
1.854729652404785156e-02
1.860284805297851562e-02
1.853275299072265625e-02
1.858901977539062500e-02
1.857948303222656250e-02
1.916360855102539062e-02
1.928400993347167969e-02
1.878476142883300781e-02
1.864409446716308594e-02
1.859188079833984375e-02
1.855516433715820312e-02
1.851820945739746094e-02
1.921987533569335938e-02
1.929759979248046875e-02
1.894044876098632812e-02
1.867628097534179688e-02
1.872730255126953125e-02
1.847004890441894531e-02
1.870465278625488281e-02
1.910424232482910156e-02
1.914715766906738281e-02
1.899266242980957031e-02
1.852750778198242188e-02
1.856350898742675781e-02
1.848101615905761719e-02
1.866292953491210938e-02
1.930046081542968750e-02
1.909828186035156250e-02
1.911330223083496094e-02
1.886606216430664062e-02
1.846098899841308594e-02
1.857185363769531250e-02
1.862454414367675781e-02
1.869273185729980469e-02
1.863932609558105469e-02
1.856160163879394531e-02
1.914453506469726562e-02
1.878952980041503906e-02
1.863384246826171875e-02
1.856064796447753906e-02
1.853275299072265625e-02
1.861214637756347656e-02
1.907801628112792969e-02
1.908826828002929688e-02
1.920914649963378906e-02
1.888442039489746094e-02
1.852560043334960938e-02
1.858019828796386719e-02
1.868629455566406250e-02
1.866912841796875000e-02
1.927852630615234375e-02
1.903247833251953125e-02
1.898050308227539062e-02
1.861524581909179688e-02
1.863193511962890625e-02
1.868343353271484375e-02
1.890683174133300781e-02
1.905870437622070312e-02
1.909828186035156250e-02
1.903510093688964844e-02
1.900267601013183594e-02
1.850700378417968750e-02
1.857495307922363281e-02
1.849555969238281250e-02
1.853775978088378906e-02
1.850652694702148438e-02
1.852655410766601562e-02
1.862120628356933594e-02
1.919460296630859375e-02
1.911807060241699219e-02
1.886630058288574219e-02
1.849651336669921875e-02
1.853752136230468750e-02
1.839756965637207031e-02
1.959848403930664062e-02
1.910781860351562500e-02
1.899743080139160156e-02
1.854872703552246094e-02
1.856780052185058594e-02
1.851129531860351562e-02
1.857542991638183594e-02
1.867175102233886719e-02
1.885747909545898438e-02
1.867628097534179688e-02
1.857137680053710938e-02
1.853132247924804688e-02
1.856875419616699219e-02
1.866841316223144531e-02
1.914739608764648438e-02
1.907873153686523438e-02
1.854038238525390625e-02
1.857519149780273438e-02
1.858353614807128906e-02
1.857638359069824219e-02
1.883912086486816406e-02
1.919627189636230469e-02
1.910758018493652344e-02
1.918959617614746094e-02
1.857614517211914062e-02
1.857280731201171875e-02
1.857757568359375000e-02
1.859164237976074219e-02
1.853823661804199219e-02
1.901006698608398438e-02
1.906919479370117188e-02
1.897430419921875000e-02
1.856994628906250000e-02
1.854729652404785156e-02
1.866364479064941406e-02
1.858520507812500000e-02
1.865887641906738281e-02
1.913285255432128906e-02
1.905512809753417969e-02
1.893329620361328125e-02
1.876330375671386719e-02
1.857733726501464844e-02
1.852369308471679688e-02
1.915407180786132812e-02
1.862931251525878906e-02
1.900434494018554688e-02
1.850700378417968750e-02
1.847219467163085938e-02
1.852059364318847656e-02
1.891303062438964844e-02
1.917600631713867188e-02
1.901078224182128906e-02
1.891660690307617188e-02
1.850938796997070312e-02
1.845645904541015625e-02
1.849079132080078125e-02
1.848816871643066406e-02
1.853799819946289062e-02
1.905322074890136719e-02
1.921534538269042969e-02
1.891779899597167969e-02
1.847052574157714844e-02
1.849699020385742188e-02
1.857209205627441406e-02
1.851844787597656250e-02
1.919484138488769531e-02
1.911211013793945312e-02
1.887989044189453125e-02
1.847815513610839844e-02
1.950407028198242188e-02
1.852059364318847656e-02
1.860928535461425781e-02
1.905179023742675781e-02
1.897597312927246094e-02
1.899552345275878906e-02
1.845264434814453125e-02
1.846122741699218750e-02
1.850438117980957031e-02
1.854443550109863281e-02
1.933860778808593750e-02
1.924490928649902344e-02
1.857852935791015625e-02
1.854276657104492188e-02
1.850533485412597656e-02
1.848173141479492188e-02
1.875305175781250000e-02
1.914787292480468750e-02
1.906776428222656250e-02
1.895976066589355469e-02
1.856231689453125000e-02
1.849651336669921875e-02
1.856780052185058594e-02
1.853156089782714844e-02
1.849484443664550781e-02
2.635049819946289062e-02
1.923060417175292969e-02
1.894831657409667969e-02
1.906847953796386719e-02
1.954174041748046875e-02
1.904129981994628906e-02
1.920461654663085938e-02
1.904654502868652344e-02
1.899170875549316406e-02
1.915192604064941406e-02
1.903533935546875000e-02
1.903390884399414062e-02
1.902866363525390625e-02
1.905727386474609375e-02
1.907324790954589844e-02
1.901125907897949219e-02
1.912641525268554688e-02
1.916551589965820312e-02
1.911711692810058594e-02
1.902866363525390625e-02
1.907873153686523438e-02
1.904749870300292969e-02
1.902222633361816406e-02
1.901650428771972656e-02
1.900291442871093750e-02
1.901674270629882812e-02
1.900649070739746094e-02
1.903605461120605469e-02
1.919627189636230469e-02
1.909780502319335938e-02
1.902127265930175781e-02
1.910114288330078125e-02
1.901531219482421875e-02
1.901149749755859375e-02
1.901650428771972656e-02
1.915621757507324219e-02
1.915836334228515625e-02
1.909637451171875000e-02
1.921367645263671875e-02
1.900959014892578125e-02
1.898360252380371094e-02
1.905083656311035156e-02
1.922798156738281250e-02
1.903891563415527344e-02
1.901292800903320312e-02
1.904559135437011719e-02
1.904892921447753906e-02
1.903319358825683594e-02
1.903581619262695312e-02
1.900744438171386719e-02
1.915144920349121094e-02
1.912832260131835938e-02
1.903939247131347656e-02
1.900196075439453125e-02
1.899313926696777344e-02
1.909494400024414062e-02
1.900386810302734375e-02
1.908063888549804688e-02
1.906776428222656250e-02
1.899790763854980469e-02
1.905226707458496094e-02
1.914215087890625000e-02
1.903033256530761719e-02
1.900649070739746094e-02
1.926946640014648438e-02
1.904821395874023438e-02
1.900100708007812500e-02
1.905870437622070312e-02
1.896119117736816406e-02
1.891279220581054688e-02
1.889371871948242188e-02
1.892638206481933594e-02
1.892256736755371094e-02
1.890301704406738281e-02
1.892447471618652344e-02
1.887989044189453125e-02
1.894164085388183594e-02
1.890945434570312500e-02
1.894450187683105469e-02
1.900696754455566406e-02
1.889228820800781250e-02
1.891732215881347656e-02
1.891541481018066406e-02
1.889824867248535156e-02
1.894116401672363281e-02
1.891756057739257812e-02
1.905059814453125000e-02
1.897192001342773438e-02
1.894950866699218750e-02
1.892876625061035156e-02
1.899480819702148438e-02
1.903486251831054688e-02
1.899456977844238281e-02
1.899361610412597656e-02
1.900172233581542969e-02
1.897072792053222656e-02
1.894450187683105469e-02
1.907730102539062500e-02
1.910305023193359375e-02
1.897621154785156250e-02
1.892995834350585938e-02
1.914930343627929688e-02
1.948642730712890625e-02
1.919484138488769531e-02
1.908326148986816406e-02
1.927161216735839844e-02
1.909494400024414062e-02
1.912140846252441406e-02
1.903057098388671875e-02
1.903772354125976562e-02
1.908111572265625000e-02
1.922440528869628906e-02
1.906895637512207031e-02
1.914453506469726562e-02
1.908779144287109375e-02
1.912474632263183594e-02
1.911926269531250000e-02
1.918935775756835938e-02
1.912736892700195312e-02
1.912999153137207031e-02
1.910829544067382812e-02
1.912951469421386719e-02
1.907086372375488281e-02
1.905846595764160156e-02
1.937341690063476562e-02
1.948618888854980469e-02
1.914000511169433594e-02
1.910018920898437500e-02
1.909995079040527344e-02
1.915216445922851562e-02
1.935434341430664062e-02
1.922225952148437500e-02
2.017211914062500000e-02
1.945924758911132812e-02
2.135324478149414062e-02
1.976013183593750000e-02
1.958203315734863281e-02
1.974105834960937500e-02
1.950526237487792969e-02
1.991319656372070312e-02
1.966571807861328125e-02
1.975607872009277344e-02
1.923251152038574219e-02
1.953339576721191406e-02
1.970291137695312500e-02
1.963114738464355469e-02
1.963067054748535156e-02
1.965188980102539062e-02
1.959967613220214844e-02
1.964187622070312500e-02
1.962280273437500000e-02
1.958632469177246094e-02
1.962900161743164062e-02
1.961016654968261719e-02
1.960206031799316406e-02
1.960825920104980469e-02
1.965928077697753906e-02
1.958060264587402344e-02
1.937484741210937500e-02
1.910519599914550781e-02
1.914095878601074219e-02
1.902532577514648438e-02
2.041268348693847656e-02
2.455306053161621094e-02
2.041554450988769531e-02
3.111433982849121094e-02
1.993107795715332031e-02
2.008605003356933594e-02
1.947450637817382812e-02
1.930713653564453125e-02
1.918983459472656250e-02
1.909661293029785156e-02
1.919627189636230469e-02
1.916337013244628906e-02
1.907920837402343750e-02
1.904034614562988281e-02
1.911234855651855469e-02
1.918840408325195312e-02
1.918578147888183594e-02
1.940608024597167969e-02
1.906538009643554688e-02
1.911354064941406250e-02
1.892209053039550781e-02
1.948642730712890625e-02
1.941752433776855469e-02
1.945829391479492188e-02
1.928830146789550781e-02
2.009892463684082031e-02
1.955103874206542969e-02
1.937937736511230469e-02
1.932644844055175781e-02
1.922130584716796875e-02
1.920557022094726562e-02
1.914501190185546875e-02
1.913833618164062500e-02
1.917505264282226562e-02
1.913475990295410156e-02
1.923203468322753906e-02
1.921296119689941406e-02
1.910877227783203125e-02
3.951501846313476562e-02
2.039122581481933594e-02
2.510523796081542969e-02
1.987195014953613281e-02
3.896880149841308594e-02
2.004265785217285156e-02
1.990318298339843750e-02
1.994156837463378906e-02
3.679347038269042969e-02
3.428936004638671875e-02
2.754855155944824219e-02
1.861286163330078125e-02
1.849341392517089844e-02
1.856851577758789062e-02
1.860141754150390625e-02
1.924824714660644531e-02
1.921415328979492188e-02
1.899003982543945312e-02
1.857995986938476562e-02
1.860737800598144531e-02
1.872658729553222656e-02
1.847529411315917969e-02
1.928591728210449219e-02
1.908993721008300781e-02
1.894569396972656250e-02
1.854395866394042969e-02
1.852655410766601562e-02
1.853561401367187500e-02
1.864385604858398438e-02
2.008867263793945312e-02
1.925182342529296875e-02
1.936149597167968750e-02
1.880240440368652344e-02
1.861739158630371094e-02
1.872372627258300781e-02
1.865601539611816406e-02
1.874709129333496094e-02
1.921010017395019531e-02
1.929283142089843750e-02
1.890754699707031250e-02
1.889228820800781250e-02
1.864838600158691406e-02
1.862955093383789062e-02
1.921176910400390625e-02
1.943278312683105469e-02
1.912593841552734375e-02
1.861214637756347656e-02
1.868176460266113281e-02
1.868271827697753906e-02
1.857519149780273438e-02
1.870107650756835938e-02
1.924705505371093750e-02
1.916742324829101562e-02
1.859974861145019531e-02
1.852488517761230469e-02
1.884770393371582031e-02
1.853990554809570312e-02
1.865363121032714844e-02
1.913571357727050781e-02
1.915693283081054688e-02
1.915526390075683594e-02
1.862859725952148438e-02
1.853871345520019531e-02
1.854038238525390625e-02
1.854372024536132812e-02
1.934027671813964844e-02
1.903367042541503906e-02
1.947426795959472656e-02
1.892685890197753906e-02
1.860237121582031250e-02
1.874399185180664062e-02
1.874423027038574219e-02
1.884031295776367188e-02
1.863026618957519531e-02
1.906228065490722656e-02
1.897644996643066406e-02
1.854777336120605469e-02
1.859831809997558594e-02
1.866936683654785156e-02
1.861190795898437500e-02
1.918673515319824219e-02
1.940250396728515625e-02
1.922774314880371094e-02
1.873826980590820312e-02
1.868057250976562500e-02
1.859569549560546875e-02
1.860308647155761719e-02
1.865744590759277344e-02
1.907730102539062500e-02
1.899242401123046875e-02
1.855015754699707031e-02
1.869726181030273438e-02
1.860022544860839844e-02
1.857399940490722656e-02
1.857972145080566406e-02
1.919913291931152344e-02
1.910400390625000000e-02
1.886463165283203125e-02
