2.571422100067138672e+00
2.408720970153808594e+00
2.420578241348266602e+00
2.264554738998413086e+00
2.360261201858520508e+00
2.207705259323120117e+00
2.238030195236206055e+00
2.121926307678222656e+00
2.136080265045166016e+00
2.195748090744018555e+00
2.096524477005004883e+00
2.098311662673950195e+00
2.079528808593750000e+00
2.060426473617553711e+00
2.034724235534667969e+00
2.145220041275024414e+00
2.102387905120849609e+00
2.033781051635742188e+00
2.035308599472045898e+00
1.960634350776672363e+00
1.949493527412414551e+00
2.013655424118041992e+00
1.941452264785766602e+00
1.832361221313476562e+00
1.979197740554809570e+00
1.942195057868957520e+00
1.767568111419677734e+00
1.868265390396118164e+00
1.914376139640808105e+00
1.787784337997436523e+00
2.006617307662963867e+00
1.825979590415954590e+00
1.757341623306274414e+00
1.833289146423339844e+00
1.821633696556091309e+00
2.007099390029907227e+00
1.832954525947570801e+00
1.906090140342712402e+00
1.857818365097045898e+00
1.848865389823913574e+00
1.855379939079284668e+00
1.823783159255981445e+00
1.769461989402770996e+00
1.829240202903747559e+00
1.904360294342041016e+00
1.830212473869323730e+00
1.911338090896606445e+00
1.683178186416625977e+00
1.843609690666198730e+00
1.824242830276489258e+00
1.802609801292419434e+00
1.865405440330505371e+00
1.876663684844970703e+00
1.877457380294799805e+00
1.914630293846130371e+00
1.841915726661682129e+00
1.691836118698120117e+00
1.669951796531677246e+00
1.684155464172363281e+00
1.695416331291198730e+00
1.628487348556518555e+00
1.777601003646850586e+00
1.751494169235229492e+00
1.733655929565429688e+00
1.690347552299499512e+00
1.684744954109191895e+00
1.771739125251770020e+00
1.800907135009765625e+00
1.728688120841979980e+00
1.674116253852844238e+00
1.572080731391906738e+00
1.826697707176208496e+00
1.793182730674743652e+00
1.828387618064880371e+00
1.679642438888549805e+00
1.742805004119873047e+00
1.744794487953186035e+00
1.716520905494689941e+00
1.785447835922241211e+00
1.652499318122863770e+00
1.555373549461364746e+00
1.773361325263977051e+00
1.689121842384338379e+00
1.644062995910644531e+00
1.696576356887817383e+00
1.792516112327575684e+00
1.701743006706237793e+00
1.617126345634460449e+00
1.723978400230407715e+00
1.625016570091247559e+00
1.525683999061584473e+00
1.590223073959350586e+00
1.642927169799804688e+00
1.634672403335571289e+00
1.767487287521362305e+00
1.665760397911071777e+00
1.840830326080322266e+00
1.712730765342712402e+00
2.063197851181030273e+00
1.963732242584228516e+00
1.835673213005065918e+00
1.987089872360229492e+00
1.880549907684326172e+00
1.934915065765380859e+00
1.932012319564819336e+00
2.014983654022216797e+00
2.081404209136962891e+00
1.926632761955261230e+00
1.804285883903503418e+00
1.797746300697326660e+00
1.895164608955383301e+00
2.032265901565551758e+00
1.794394016265869141e+00
1.834544062614440918e+00
1.839010953903198242e+00
1.857801795005798340e+00
1.779849529266357422e+00
1.747350573539733887e+00
1.740133523941040039e+00
1.933108568191528320e+00
1.781701564788818359e+00
1.676892161369323730e+00
1.775604128837585449e+00
1.788662433624267578e+00
1.848472595214843750e+00
1.731245756149291992e+00
1.902876138687133789e+00
1.556216597557067871e+00
1.861572146415710449e+00
1.979096412658691406e+00
1.689042568206787109e+00
1.885000586509704590e+00
1.782692074775695801e+00
1.661408066749572754e+00
1.816273927688598633e+00
1.850222587585449219e+00
1.600666522979736328e+00
1.678285598754882812e+00
1.732656836509704590e+00
1.590823531150817871e+00
1.692499041557312012e+00
1.788278460502624512e+00
1.729604125022888184e+00
1.755535483360290527e+00
1.754937887191772461e+00
1.717834472656250000e+00
1.798859119415283203e+00
1.806663393974304199e+00
1.699461698532104492e+00
1.582374215126037598e+00
1.788574695587158203e+00
1.678085088729858398e+00
1.693876147270202637e+00
1.724112153053283691e+00
1.587502598762512207e+00
1.657716155052185059e+00
1.641422152519226074e+00
1.589010834693908691e+00
1.654174327850341797e+00
1.617197871208190918e+00
1.558762073516845703e+00
1.571067690849304199e+00
1.785627841949462891e+00
1.423186898231506348e+00
1.626381039619445801e+00
1.611133933067321777e+00
1.440663933753967285e+00
1.514421939849853516e+00
1.840920329093933105e+00
1.591026782989501953e+00
1.662194490432739258e+00
1.620972394943237305e+00
1.608491420745849609e+00
1.773226261138916016e+00
1.638755917549133301e+00
1.747258543968200684e+00
1.633731603622436523e+00
1.564578175544738770e+00
1.785384178161621094e+00
1.539490699768066406e+00
1.564076304435729980e+00
1.572501659393310547e+00
1.793928384780883789e+00
1.632798314094543457e+00
1.503290176391601562e+00
1.727255821228027344e+00
1.645746469497680664e+00
1.646933555603027344e+00
1.740523099899291992e+00
1.529650449752807617e+00
1.552468180656433105e+00
1.589997529983520508e+00
1.658717989921569824e+00
1.664811968803405762e+00
1.638404965400695801e+00
1.557870745658874512e+00
1.533287644386291504e+00
1.564063429832458496e+00
1.592510104179382324e+00
1.500552296638488770e+00
1.637397527694702148e+00
1.688718676567077637e+00
1.460633754730224609e+00
1.550281524658203125e+00
1.626544833183288574e+00
1.623759031295776367e+00
1.561813473701477051e+00
1.379495024681091309e+00
1.654961466789245605e+00
1.529838085174560547e+00
1.659150362014770508e+00
1.637756109237670898e+00
1.678075075149536133e+00
1.724715232849121094e+00
1.619704365730285645e+00
1.500118374824523926e+00
1.663985013961791992e+00
1.602468609809875488e+00
1.546180486679077148e+00
1.746650218963623047e+00
1.552694201469421387e+00
1.551026225090026855e+00
1.710796594619750977e+00
1.652809977531433105e+00
1.554640173912048340e+00
1.706884384155273438e+00
1.727156400680541992e+00
1.411289811134338379e+00
1.639221191406250000e+00
1.541808962821960449e+00
1.650018334388732910e+00
1.714951038360595703e+00
1.600472092628479004e+00
1.642648100852966309e+00
1.522787570953369141e+00
1.598628997802734375e+00
1.444705247879028320e+00
1.585600972175598145e+00
1.787899017333984375e+00
1.542830228805541992e+00
1.511869668960571289e+00
1.582589387893676758e+00
1.475432276725769043e+00
1.479190707206726074e+00
1.489298701286315918e+00
1.439767718315124512e+00
1.569159030914306641e+00
1.781460523605346680e+00
1.413651823997497559e+00
1.552792310714721680e+00
1.421973466873168945e+00
1.541694402694702148e+00
1.386031627655029297e+00
1.572372198104858398e+00
1.703631639480590820e+00
1.657449245452880859e+00
1.508078813552856445e+00
1.576035499572753906e+00
1.487254142761230469e+00
1.544772148132324219e+00
1.448667168617248535e+00
1.564226031303405762e+00
1.577644944190979004e+00
1.458202481269836426e+00
1.490154743194580078e+00
1.577377915382385254e+00
1.505202174186706543e+00
1.557337164878845215e+00
1.476578354835510254e+00
1.489838600158691406e+00
1.743204236030578613e+00
1.547909736633300781e+00
1.584341406822204590e+00
1.376448512077331543e+00
1.423432350158691406e+00
1.560725808143615723e+00
1.518623948097229004e+00
1.584713339805603027e+00
1.568482637405395508e+00
1.576906919479370117e+00
1.622753739356994629e+00
1.559796571731567383e+00
1.474053263664245605e+00
1.527341127395629883e+00
1.451648712158203125e+00
1.462797760963439941e+00
1.513087391853332520e+00
1.476642966270446777e+00
1.648590564727783203e+00
1.542937517166137695e+00
1.566835165023803711e+00
1.475940585136413574e+00
1.609694242477416992e+00
1.471468448638916016e+00
1.459026813507080078e+00
1.624758839607238770e+00
1.456483602523803711e+00
1.561546087265014648e+00
1.501558423042297363e+00
1.413971066474914551e+00
1.475898981094360352e+00
1.465043544769287109e+00
1.571363687515258789e+00
1.260880231857299805e+00
1.544833898544311523e+00
1.526618957519531250e+00
1.435815215110778809e+00
1.540602445602416992e+00
1.359474182128906250e+00
1.604476571083068848e+00
1.426672697067260742e+00
1.480847954750061035e+00
1.531953573226928711e+00
1.518081665039062500e+00
1.430539250373840332e+00
1.554845571517944336e+00
1.579082608222961426e+00
1.588379740715026855e+00
1.551689147949218750e+00
1.593488097190856934e+00
1.490740299224853516e+00
1.487905979156494141e+00
1.344175577163696289e+00
1.474353432655334473e+00
1.518830776214599609e+00
1.406341791152954102e+00
1.411667346954345703e+00
1.612269639968872070e+00
1.541847348213195801e+00
1.384804368019104004e+00
1.580213665962219238e+00
1.425226211547851562e+00
1.537534713745117188e+00
1.477467417716979980e+00
1.351309061050415039e+00
1.320564627647399902e+00
1.514585852622985840e+00
1.402396440505981445e+00
1.736201763153076172e+00
1.411505579948425293e+00
1.532412528991699219e+00
1.536057591438293457e+00
1.381944656372070312e+00
1.436642527580261230e+00
1.634535908699035645e+00
1.560763955116271973e+00
1.471852660179138184e+00
1.620317697525024414e+00
1.456409096717834473e+00
1.448415040969848633e+00
1.439673662185668945e+00
1.635470151901245117e+00
1.605180859565734863e+00
1.334215044975280762e+00
1.338703870773315430e+00
1.426444292068481445e+00
1.425697445869445801e+00
1.530358910560607910e+00
1.248973727226257324e+00
1.531248331069946289e+00
1.457940220832824707e+00
1.431332826614379883e+00
1.287377357482910156e+00
1.427442193031311035e+00
1.427535295486450195e+00
1.395246505737304688e+00
1.480522155761718750e+00
1.308842539787292480e+00
1.437145948410034180e+00
1.558814167976379395e+00
1.456495761871337891e+00
1.552827954292297363e+00
1.411652088165283203e+00
1.471776604652404785e+00
1.394359588623046875e+00
1.394811391830444336e+00
1.406009078025817871e+00
1.251638889312744141e+00
1.562305092811584473e+00
1.398864150047302246e+00
1.578398346900939941e+00
1.396639943122863770e+00
1.337654590606689453e+00
1.331770420074462891e+00
1.521064639091491699e+00
1.323451995849609375e+00
1.436792612075805664e+00
1.420252323150634766e+00
1.483306765556335449e+00
1.490903854370117188e+00
1.481503009796142578e+00
1.502860784530639648e+00
1.225359082221984863e+00
1.336961507797241211e+00
1.233363509178161621e+00
1.395546317100524902e+00
1.223103761672973633e+00
1.483039975166320801e+00
1.502281904220581055e+00
1.308773636817932129e+00
1.363369345664978027e+00
1.384115934371948242e+00
1.271245121955871582e+00
1.384826302528381348e+00
1.322938680648803711e+00
1.361073970794677734e+00
1.367876648902893066e+00
1.649268865585327148e+00
1.439303994178771973e+00
1.484984159469604492e+00
1.337245106697082520e+00
1.346112489700317383e+00
1.423945546150207520e+00
1.362787961959838867e+00
1.268265366554260254e+00
1.246068239212036133e+00
1.255539774894714355e+00
1.392053842544555664e+00
1.316170811653137207e+00
1.381014466285705566e+00
1.416441440582275391e+00
1.432881355285644531e+00
1.485499620437622070e+00
1.450955986976623535e+00
1.526216983795166016e+00
1.442146658897399902e+00
1.631775021553039551e+00
1.450211763381958008e+00
1.380100965499877930e+00
1.465173482894897461e+00
1.495215058326721191e+00
1.604493141174316406e+00
1.334902167320251465e+00
1.478498101234436035e+00
1.620214462280273438e+00
1.315469980239868164e+00
1.521277189254760742e+00
1.465148925781250000e+00
1.326548337936401367e+00
1.335219144821166992e+00
1.421784162521362305e+00
1.460776090621948242e+00
1.437785267829895020e+00
1.490394473075866699e+00
1.442926168441772461e+00
1.370089769363403320e+00
1.505411267280578613e+00
1.311123728752136230e+00
1.332272768020629883e+00
1.350071430206298828e+00
1.609566926956176758e+00
1.421505212783813477e+00
1.429824590682983398e+00
1.388727903366088867e+00
1.459007143974304199e+00
1.260183811187744141e+00
1.345031142234802246e+00
1.490898847579956055e+00
1.348900556564331055e+00
1.450903177261352539e+00
1.324235320091247559e+00
1.348362445831298828e+00
1.350341796875000000e+00
1.432728886604309082e+00
1.283182621002197266e+00
1.384581089019775391e+00
1.445505499839782715e+00
1.317593336105346680e+00
1.350913882255554199e+00
1.391931772232055664e+00
1.473541498184204102e+00
1.231947898864746094e+00
1.397750258445739746e+00
1.502514243125915527e+00
1.438867807388305664e+00
1.334249734878540039e+00
1.329158067703247070e+00
1.501678586006164551e+00
1.570119380950927734e+00
1.281777858734130859e+00
1.568264245986938477e+00
1.275275230407714844e+00
1.370020389556884766e+00
1.429026126861572266e+00
1.412660241127014160e+00
1.321962356567382812e+00
1.609512448310852051e+00
1.300106287002563477e+00
1.340380787849426270e+00
1.510458946228027344e+00
1.223221302032470703e+00
1.360209822654724121e+00
1.255891561508178711e+00
1.447294592857360840e+00
1.257198214530944824e+00
1.326745629310607910e+00
1.281260013580322266e+00
1.226885914802551270e+00
1.272107601165771484e+00
1.342925071716308594e+00
1.260556936264038086e+00
1.457087755203247070e+00
1.434123396873474121e+00
1.407400131225585938e+00
1.182091355323791504e+00
1.233129978179931641e+00
1.362825870513916016e+00
1.349756002426147461e+00
1.311291217803955078e+00
1.296270012855529785e+00
1.450102090835571289e+00
1.265630245208740234e+00
1.271339058876037598e+00
1.237796545028686523e+00
1.193708419799804688e+00
1.411744952201843262e+00
1.295472383499145508e+00
1.269316792488098145e+00
1.249892950057983398e+00
1.496245503425598145e+00
1.304162502288818359e+00
1.327596545219421387e+00
1.252982854843139648e+00
1.407546520233154297e+00
1.496204018592834473e+00
1.524821162223815918e+00
1.577862977981567383e+00
1.352430462837219238e+00
1.383718132972717285e+00
1.307798743247985840e+00
1.364638328552246094e+00
1.574479222297668457e+00
1.454580068588256836e+00
1.424290776252746582e+00
1.220710873603820801e+00
1.328933596611022949e+00
1.122552871704101562e+00
1.368647336959838867e+00
1.364615201950073242e+00
1.320560932159423828e+00
1.245546102523803711e+00
1.407894968986511230e+00
1.181132674217224121e+00
1.381304740905761719e+00
1.328245997428894043e+00
1.322026014328002930e+00
1.260953068733215332e+00
1.299827337265014648e+00
1.308182477951049805e+00
1.192061066627502441e+00
1.361463069915771484e+00
1.319894909858703613e+00
1.327751517295837402e+00
1.327589869499206543e+00
1.383352518081665039e+00
1.406055808067321777e+00
1.460395812988281250e+00
1.436923623085021973e+00
1.221819877624511719e+00
1.405461311340332031e+00
1.246551990509033203e+00
1.518127441406250000e+00
1.265819668769836426e+00
1.254006624221801758e+00
1.407279729843139648e+00
1.340181946754455566e+00
1.320550918579101562e+00
1.224247097969055176e+00
1.432322978973388672e+00
1.283425331115722656e+00
1.140036463737487793e+00
1.267337322235107422e+00
1.282953143119812012e+00
1.532773137092590332e+00
1.363893151283264160e+00
1.484047770500183105e+00
1.168344855308532715e+00
1.312753081321716309e+00
1.291580915451049805e+00
1.200067520141601562e+00
1.337654113769531250e+00
1.432325363159179688e+00
1.376629471778869629e+00
1.323144912719726562e+00
1.250955700874328613e+00
1.284325122833251953e+00
1.454026222229003906e+00
1.383993744850158691e+00
1.098611712455749512e+00
1.242344737052917480e+00
1.179436326026916504e+00
1.240460634231567383e+00
1.318459749221801758e+00
1.205879807472229004e+00
1.322274565696716309e+00
1.107900381088256836e+00
1.307697534561157227e+00
1.132754325866699219e+00
1.320578932762145996e+00
1.233519554138183594e+00
1.175128698348999023e+00
1.156077980995178223e+00
1.288675069808959961e+00
1.171427488327026367e+00
1.467817664146423340e+00
1.360710144042968750e+00
1.415896415710449219e+00
1.244572758674621582e+00
1.194063425064086914e+00
1.348796486854553223e+00
1.462159395217895508e+00
1.354031085968017578e+00
1.350261807441711426e+00
1.228809475898742676e+00
1.252472281455993652e+00
1.077784061431884766e+00
1.254170298576354980e+00
1.110017776489257812e+00
1.405140042304992676e+00
1.265842318534851074e+00
1.336981773376464844e+00
1.223229169845581055e+00
1.581162929534912109e+00
1.149898052215576172e+00
1.617432236671447754e+00
1.221890091896057129e+00
1.314444422721862793e+00
1.383167028427124023e+00
1.315602302551269531e+00
1.376345515251159668e+00
1.489728689193725586e+00
1.344004631042480469e+00
1.229655981063842773e+00
1.400895118713378906e+00
1.148482680320739746e+00
1.308526396751403809e+00
1.375488519668579102e+00
1.112725138664245605e+00
1.323975086212158203e+00
1.199118852615356445e+00
1.330148100852966309e+00
1.224618911743164062e+00
1.498422026634216309e+00
1.386978626251220703e+00
1.237652778625488281e+00
1.438951134681701660e+00
1.236273407936096191e+00
1.184442639350891113e+00
1.289121389389038086e+00
1.098224878311157227e+00
1.193935155868530273e+00
1.249680399894714355e+00
1.175356507301330566e+00
1.368203401565551758e+00
1.127175450325012207e+00
1.231009125709533691e+00
1.410964608192443848e+00
1.408928513526916504e+00
1.434041261672973633e+00
1.361308097839355469e+00
1.296747446060180664e+00
1.297369956970214844e+00
1.248484373092651367e+00
1.124959230422973633e+00
1.419758677482604980e+00
1.253479719161987305e+00
1.272173285484313965e+00
1.431922197341918945e+00
1.244143724441528320e+00
1.237031102180480957e+00
1.275552868843078613e+00
1.390710353851318359e+00
1.256879806518554688e+00
1.314824819564819336e+00
1.272259354591369629e+00
1.328421115875244141e+00
1.239001393318176270e+00
1.197221636772155762e+00
1.234697818756103516e+00
1.260389924049377441e+00
1.433161377906799316e+00
1.244431614875793457e+00
1.469138264656066895e+00
1.572552084922790527e+00
1.332081556320190430e+00
1.175554513931274414e+00
1.082043051719665527e+00
1.084806442260742188e+00
1.030593514442443848e+00
1.126807570457458496e+00
1.146914005279541016e+00
1.137506008148193359e+00
1.449737787246704102e+00
1.349874615669250488e+00
1.152352809906005859e+00
1.293808460235595703e+00
1.413910388946533203e+00
1.162666082382202148e+00
1.080657958984375000e+00
1.275791764259338379e+00
1.150072336196899414e+00
1.181330680847167969e+00
1.185948371887207031e+00
1.214414715766906738e+00
1.442549109458923340e+00
1.208683967590332031e+00
1.226596832275390625e+00
1.232974410057067871e+00
1.214033722877502441e+00
1.196469306945800781e+00
1.456845879554748535e+00
1.451258182525634766e+00
1.249208688735961914e+00
1.125025153160095215e+00
1.321162462234497070e+00
1.133816957473754883e+00
1.260466456413269043e+00
1.167789459228515625e+00
1.281155347824096680e+00
1.358103871345520020e+00
1.268071651458740234e+00
1.262720942497253418e+00
1.236539721488952637e+00
1.134181141853332520e+00
1.297394275665283203e+00
1.083732366561889648e+00
1.325096726417541504e+00
1.274863719940185547e+00
1.296413064002990723e+00
1.230008840560913086e+00
1.261056303977966309e+00
1.484816312789916992e+00
1.328102350234985352e+00
1.383812665939331055e+00
1.301758766174316406e+00
1.227189183235168457e+00
1.268479585647583008e+00
1.153179407119750977e+00
1.320069670677185059e+00
1.322749018669128418e+00
1.192736268043518066e+00
1.240653991699218750e+00
1.271735906600952148e+00
1.383570551872253418e+00
1.214012980461120605e+00
1.167720317840576172e+00
1.192448258399963379e+00
1.265669584274291992e+00
1.392697215080261230e+00
1.278914451599121094e+00
1.357858896255493164e+00
1.217277884483337402e+00
1.469888925552368164e+00
1.296529769897460938e+00
1.313920497894287109e+00
1.377096056938171387e+00
1.289249420166015625e+00
1.464882135391235352e+00
1.326599478721618652e+00
1.237511992454528809e+00
1.147061109542846680e+00
1.276399135589599609e+00
1.424300670623779297e+00
1.329513072967529297e+00
1.344921708106994629e+00
1.317404985427856445e+00
1.148739337921142578e+00
1.342309594154357910e+00
1.277190804481506348e+00
1.167922616004943848e+00
1.470458865165710449e+00
1.382304430007934570e+00
1.343631386756896973e+00
1.277946710586547852e+00
1.329196453094482422e+00
1.471881389617919922e+00
1.326085805892944336e+00
1.142555832862854004e+00
1.261964917182922363e+00
1.117249965667724609e+00
1.317071080207824707e+00
1.269915223121643066e+00
1.289730668067932129e+00
1.259608626365661621e+00
1.196655631065368652e+00
1.150388717651367188e+00
1.212736606597900391e+00
1.225196003913879395e+00
1.198687553405761719e+00
1.090872406959533691e+00
1.140962958335876465e+00
1.216865062713623047e+00
1.155820369720458984e+00
1.095662236213684082e+00
1.174256443977355957e+00
1.280285954475402832e+00
1.187713265419006348e+00
1.099485039710998535e+00
1.180002808570861816e+00
1.161031484603881836e+00
9.873385429382324219e-01
1.222512364387512207e+00
1.098386287689208984e+00
1.215916752815246582e+00
1.210544228553771973e+00
1.194052934646606445e+00
1.171245813369750977e+00
1.334098577499389648e+00
1.096461296081542969e+00
1.318834781646728516e+00
1.101102232933044434e+00
1.174379348754882812e+00
1.203145980834960938e+00
1.211145281791687012e+00
1.376656293869018555e+00
1.264559268951416016e+00
1.227902173995971680e+00
1.238095045089721680e+00
1.151389241218566895e+00
1.187467336654663086e+00
1.319042444229125977e+00
1.254222035408020020e+00
1.106872200965881348e+00
1.258586883544921875e+00
1.241957664489746094e+00
1.310993909835815430e+00
1.229392290115356445e+00
1.244124650955200195e+00
1.369756221771240234e+00
1.131931185722351074e+00
1.211957573890686035e+00
1.100975394248962402e+00
1.237184762954711914e+00
1.292076706886291504e+00
1.265606880187988281e+00
1.287109732627868652e+00
1.152465939521789551e+00
1.224746465682983398e+00
1.402739882469177246e+00
1.207422852516174316e+00
1.324006676673889160e+00
1.173431634902954102e+00
1.219643831253051758e+00
1.398792743682861328e+00
1.143945097923278809e+00
1.259530901908874512e+00
1.277743339538574219e+00
1.143748521804809570e+00
1.267745852470397949e+00
1.103534221649169922e+00
1.253375291824340820e+00
1.401134610176086426e+00
1.105005264282226562e+00
1.346019625663757324e+00
1.074257612228393555e+00
1.186466455459594727e+00
1.265507817268371582e+00
1.125333905220031738e+00
1.184585094451904297e+00
1.203291416168212891e+00
1.079957485198974609e+00
1.202990531921386719e+00
1.233102560043334961e+00
1.131513595581054688e+00
1.274144649505615234e+00
1.212403059005737305e+00
1.316287398338317871e+00
1.199005246162414551e+00
1.168091058731079102e+00
1.218689918518066406e+00
1.241542816162109375e+00
1.359197854995727539e+00
1.314366698265075684e+00
1.213679671287536621e+00
1.255493521690368652e+00
1.109084248542785645e+00
1.340644359588623047e+00
1.150810718536376953e+00
1.106747746467590332e+00
1.197344303131103516e+00
1.260823726654052734e+00
1.445857167243957520e+00
1.119765281677246094e+00
1.298832416534423828e+00
1.219197034835815430e+00
1.149976968765258789e+00
1.215378761291503906e+00
1.180719971656799316e+00
1.146855473518371582e+00
1.225793480873107910e+00
1.056269168853759766e+00
1.071832776069641113e+00
1.293507575988769531e+00
1.321560621261596680e+00
1.174778342247009277e+00
1.169448614120483398e+00
1.122682094573974609e+00
1.325365900993347168e+00
1.218445897102355957e+00
1.192803502082824707e+00
1.250219464302062988e+00
1.228500604629516602e+00
1.081913709640502930e+00
1.131885409355163574e+00
1.288180708885192871e+00
1.206467032432556152e+00
1.240088462829589844e+00
1.320159077644348145e+00
1.275134086608886719e+00
1.044912099838256836e+00
1.074059724807739258e+00
1.141334772109985352e+00
1.167703151702880859e+00
1.020925641059875488e+00
1.132408618927001953e+00
1.205919265747070312e+00
1.097492456436157227e+00
1.098836660385131836e+00
1.313690543174743652e+00
1.254349112510681152e+00
1.105389118194580078e+00
1.031005501747131348e+00
1.025752305984497070e+00
1.106013298034667969e+00
1.248593330383300781e+00
1.180636525154113770e+00
1.062526226043701172e+00
1.202369570732116699e+00
1.367804408073425293e+00
1.231309652328491211e+00
1.283962726593017578e+00
1.290860652923583984e+00
1.225832223892211914e+00
1.137213587760925293e+00
1.357778787612915039e+00
1.255991578102111816e+00
1.175695896148681641e+00
1.169847369194030762e+00
1.333153009414672852e+00
1.215757012367248535e+00
1.294252395629882812e+00
1.254697203636169434e+00
1.011562466621398926e+00
1.143874049186706543e+00
1.224227547645568848e+00
1.353610754013061523e+00
1.163951992988586426e+00
1.276157855987548828e+00
1.326882362365722656e+00
1.208873510360717773e+00
1.277576684951782227e+00
1.231623053550720215e+00
1.305995702743530273e+00
1.136490941047668457e+00
1.254807591438293457e+00
1.201110363006591797e+00
1.244246840476989746e+00
1.233571767807006836e+00
1.230609416961669922e+00
1.139901041984558105e+00
1.221016645431518555e+00
1.190894603729248047e+00
1.205113410949707031e+00
1.299031257629394531e+00
1.311174750328063965e+00
9.721403717994689941e-01
1.231582403182983398e+00
1.241364836692810059e+00
1.119734883308410645e+00
1.287764072418212891e+00
1.196050405502319336e+00
1.168571591377258301e+00
1.207709074020385742e+00
1.108258605003356934e+00
1.245070934295654297e+00
1.400088548660278320e+00
1.234715938568115234e+00
1.332688093185424805e+00
1.158350825309753418e+00
1.016626477241516113e+00
1.040645599365234375e+00
1.165614962577819824e+00
1.127895355224609375e+00
1.215717315673828125e+00
9.386051297187805176e-01
1.225366830825805664e+00
1.237171649932861328e+00
1.193732142448425293e+00
1.230425715446472168e+00
1.160313606262207031e+00
1.085074543952941895e+00
1.260877847671508789e+00
1.152800559997558594e+00
1.066941738128662109e+00
1.127602577209472656e+00
1.076663255691528320e+00
1.001714229583740234e+00
1.207487106323242188e+00
1.107187151908874512e+00
1.095198035240173340e+00
1.052224040031433105e+00
9.560387730598449707e-01
1.112860441207885742e+00
1.102565407752990723e+00
1.233513355255126953e+00
1.197326064109802246e+00
1.136394381523132324e+00
9.615998268127441406e-01
1.044639945030212402e+00
1.149564146995544434e+00
1.146090149879455566e+00
1.050812482833862305e+00
1.129474520683288574e+00
1.154083847999572754e+00
1.201150178909301758e+00
1.152464151382446289e+00
1.244303584098815918e+00
1.237742662429809570e+00
1.093695759773254395e+00
1.058584690093994141e+00
1.179833889007568359e+00
1.212133765220642090e+00
1.169575214385986328e+00
1.185817480087280273e+00
1.149964332580566406e+00
1.145812511444091797e+00
1.174338936805725098e+00
1.327114582061767578e+00
1.300517797470092773e+00
1.192881226539611816e+00
1.312626242637634277e+00
1.148962259292602539e+00
1.147407770156860352e+00
9.620633721351623535e-01
1.169858932495117188e+00
1.123989582061767578e+00
1.206315755844116211e+00
1.173955202102661133e+00
1.264751434326171875e+00
1.354373693466186523e+00
1.184221982955932617e+00
1.279532432556152344e+00
1.328959584236145020e+00
1.152587056159973145e+00
1.094313383102416992e+00
1.290839672088623047e+00
1.114986777305603027e+00
1.170521616935729980e+00
1.056507945060729980e+00
1.290081620216369629e+00
1.166289329528808594e+00
1.199419140815734863e+00
1.154410123825073242e+00
1.166293621063232422e+00
1.113267302513122559e+00
1.245884776115417480e+00
1.183886170387268066e+00
1.275765776634216309e+00
1.182726740837097168e+00
1.117580771446228027e+00
1.178714990615844727e+00
1.218695640563964844e+00
1.153486490249633789e+00
1.266395807266235352e+00
1.140205621719360352e+00
9.926483035087585449e-01
1.311807870864868164e+00
1.118716597557067871e+00
1.126178741455078125e+00
1.310225486755371094e+00
1.303362488746643066e+00
1.325377821922302246e+00
1.213025927543640137e+00
1.284456729888916016e+00
1.094370365142822266e+00
1.218759536743164062e+00
1.203248739242553711e+00
1.480410933494567871e+00
1.024317979812622070e+00
9.636256694793701172e-01
1.005836606025695801e+00
1.098717570304870605e+00
1.025957584381103516e+00
1.113725900650024414e+00
1.124252080917358398e+00
1.121441602706909180e+00
1.150885105133056641e+00
9.668548703193664551e-01
1.256983995437622070e+00
1.206504106521606445e+00
1.249272823333740234e+00
1.068745970726013184e+00
1.056034684181213379e+00
1.150235533714294434e+00
1.242364883422851562e+00
1.193200349807739258e+00
1.050872325897216797e+00
1.139495611190795898e+00
1.133894801139831543e+00
1.209373116493225098e+00
1.160876631736755371e+00
1.023665189743041992e+00
1.022527813911437988e+00
1.042715907096862793e+00
1.095964670181274414e+00
1.188473224639892578e+00
1.088084816932678223e+00
1.066747307777404785e+00
1.195954322814941406e+00
1.217104792594909668e+00
1.310978531837463379e+00
1.269826769828796387e+00
1.237378001213073730e+00
1.336985111236572266e+00
1.248943924903869629e+00
1.302356958389282227e+00
9.706589579582214355e-01
1.248879671096801758e+00
1.072153091430664062e+00
1.172492980957031250e+00
1.108295083045959473e+00
1.132018327713012695e+00
1.085606575012207031e+00
1.252370595932006836e+00
1.254516124725341797e+00
1.130244970321655273e+00
1.400412201881408691e+00
1.143249750137329102e+00
1.155079007148742676e+00
1.046461343765258789e+00
1.035869121551513672e+00
1.185050606727600098e+00
9.984869956970214844e-01
1.108002543449401855e+00
1.070956826210021973e+00
1.119120717048645020e+00
1.178117752075195312e+00
1.185340046882629395e+00
1.174377202987670898e+00
1.060783267021179199e+00
1.184171795845031738e+00
1.095832109451293945e+00
1.185668349266052246e+00
1.214737534523010254e+00
1.124503254890441895e+00
1.130718231201171875e+00
1.363864064216613770e+00
1.232708096504211426e+00
1.012634158134460449e+00
1.108662366867065430e+00
1.308089852333068848e+00
1.209706664085388184e+00
1.151522755622863770e+00
1.196625947952270508e+00
1.256763458251953125e+00
1.405121326446533203e+00
1.057944178581237793e+00
1.067189216613769531e+00
1.136073112487792969e+00
1.068620800971984863e+00
1.070438027381896973e+00
1.009962201118469238e+00
1.193497300148010254e+00
1.107001543045043945e+00
1.224288940429687500e+00
1.102080225944519043e+00
1.031418323516845703e+00
1.048471331596374512e+00
1.205736756324768066e+00
1.189937114715576172e+00
1.152406215667724609e+00
1.234448909759521484e+00
1.008652925491333008e+00
1.201000571250915527e+00
1.078813910484313965e+00
9.840327501296997070e-01
