3.547614574432373047e+00
1.884498357772827148e+00
1.888898372650146484e+00
1.898024559020996094e+00
1.865396261215209961e+00
1.911906719207763672e+00
1.919570446014404297e+00
1.892365217208862305e+00
1.881687641143798828e+00
1.916174650192260742e+00
1.877839326858520508e+00
1.929333686828613281e+00
1.924479722976684570e+00
1.910247564315795898e+00
1.885297775268554688e+00
1.918884754180908203e+00
1.918819189071655273e+00
1.925485134124755859e+00
1.928591251373291016e+00
1.931329965591430664e+00
1.910847425460815430e+00
1.917142629623413086e+00
1.893437147140502930e+00
1.925239801406860352e+00
1.922667503356933594e+00
1.984626293182373047e+00
1.841640949249267578e+00
1.829068660736083984e+00
1.831554412841796875e+00
1.853698730468750000e+00
1.831993103027343750e+00
1.899016141891479492e+00
1.926903963088989258e+00
1.919013738632202148e+00
1.926769018173217773e+00
1.951625585556030273e+00
1.915782451629638672e+00
1.922663450241088867e+00
1.917679071426391602e+00
1.949755668640136719e+00
1.939702987670898438e+00
1.939902782440185547e+00
2.039455413818359375e+00
1.958958864212036133e+00
1.926836252212524414e+00
1.961742877960205078e+00
1.947404861450195312e+00
1.935761451721191406e+00
1.979884862899780273e+00
1.948132753372192383e+00
1.966216564178466797e+00
1.939961194992065430e+00
1.949941635131835938e+00
1.983892202377319336e+00
1.909103631973266602e+00
1.933382272720336914e+00
1.978837966918945312e+00
1.919761896133422852e+00
1.943696975708007812e+00
1.943614006042480469e+00
1.986248254776000977e+00
1.954353332519531250e+00
1.935997009277343750e+00
1.928447961807250977e+00
1.959783554077148438e+00
1.848715066909790039e+00
1.910222768783569336e+00
1.944741964340209961e+00
1.932224988937377930e+00
1.942007780075073242e+00
1.948421955108642578e+00
1.952912330627441406e+00
1.944090604782104492e+00
1.857542276382446289e+00
2.095289230346679688e+00
1.896863222122192383e+00
1.998016595840454102e+00
1.945426940917968750e+00
1.950155019760131836e+00
2.089242458343505859e+00
1.957041978836059570e+00
1.950967311859130859e+00
1.917968511581420898e+00
1.883630990982055664e+00
1.970310926437377930e+00
1.939016580581665039e+00
2.018626213073730469e+00
1.956886768341064453e+00
2.039097070693969727e+00
2.177171945571899414e+00
1.957784891128540039e+00
1.986171245574951172e+00
2.010238409042358398e+00
1.863334655761718750e+00
1.906434774398803711e+00
1.864037752151489258e+00
1.958165407180786133e+00
1.937003850936889648e+00
1.949213027954101562e+00
1.958802223205566406e+00
1.958490371704101562e+00
1.977957487106323242e+00
1.961219072341918945e+00
1.988705873489379883e+00
1.964815139770507812e+00
2.003479242324829102e+00
1.959622621536254883e+00
1.942973375320434570e+00
1.953155755996704102e+00
2.059236288070678711e+00
1.982221126556396484e+00
1.948207139968872070e+00
2.057107448577880859e+00
1.908983230590820312e+00
1.904775857925415039e+00
1.941409349441528320e+00
1.968065023422241211e+00
1.996548414230346680e+00
1.971125125885009766e+00
1.950888633728027344e+00
1.982055425643920898e+00
1.971633672714233398e+00
1.954722642898559570e+00
1.925415515899658203e+00
1.869779109954833984e+00
1.984683752059936523e+00
2.045218467712402344e+00
1.960708141326904297e+00
1.910857439041137695e+00
1.873871088027954102e+00
1.938238620758056641e+00
1.911228179931640625e+00
1.969882011413574219e+00
1.960607528686523438e+00
1.992492914199829102e+00
1.892594337463378906e+00
1.993641853332519531e+00
1.936738252639770508e+00
1.955400228500366211e+00
1.912988662719726562e+00
1.873285293579101562e+00
1.909393310546875000e+00
2.002939939498901367e+00
2.071988821029663086e+00
1.922879457473754883e+00
1.991432666778564453e+00
1.959906101226806641e+00
1.944591522216796875e+00
1.941498756408691406e+00
1.892363548278808594e+00
1.891581296920776367e+00
2.046880960464477539e+00
1.950487136840820312e+00
1.941813230514526367e+00
2.005973577499389648e+00
1.880687236785888672e+00
1.897525548934936523e+00
1.994091987609863281e+00
1.907749414443969727e+00
1.885725498199462891e+00
1.938749313354492188e+00
1.968118906021118164e+00
1.995995044708251953e+00
1.948108673095703125e+00
2.163800716400146484e+00
1.979135274887084961e+00
1.882112979888916016e+00
1.880713701248168945e+00
2.038987398147583008e+00
1.977946519851684570e+00
1.954329729080200195e+00
1.960110664367675781e+00
1.960077047348022461e+00
1.981919050216674805e+00
1.958906412124633789e+00
1.948977708816528320e+00
1.967425107955932617e+00
1.939270496368408203e+00
1.974132061004638672e+00
1.964824199676513672e+00
1.989548683166503906e+00
2.032262802124023438e+00
1.994994163513183594e+00
1.930779457092285156e+00
1.933381080627441406e+00
1.888118028640747070e+00
1.984321832656860352e+00
2.301903963088989258e+00
2.227727890014648438e+00
1.980693578720092773e+00
2.009430646896362305e+00
1.971867084503173828e+00
1.949656963348388672e+00
1.988051176071166992e+00
1.980350494384765625e+00
1.950954675674438477e+00
2.118954658508300781e+00
1.971429347991943359e+00
1.964097738265991211e+00
2.102803945541381836e+00
