2.342679500579833984e-01
2.416386604309082031e-01
2.341434955596923828e-01
2.343735694885253906e-01
2.356362342834472656e-01
2.350385189056396484e-01
2.345535755157470703e-01
2.311246395111083984e-01
2.333014011383056641e-01
2.332184314727783203e-01
2.326421737670898438e-01
2.328057289123535156e-01
3.101439476013183594e-01
2.344253063201904297e-01
2.335677146911621094e-01
2.327969074249267578e-01
2.321755886077880859e-01
2.344009876251220703e-01
2.328603267669677734e-01
2.245185375213623047e-01
2.314815521240234375e-01
2.270660400390625000e-01
2.932305335998535156e-01
2.315557003021240234e-01
2.317655086517333984e-01
2.355251312255859375e-01
2.332048416137695312e-01
2.330336570739746094e-01
2.350745201110839844e-01
2.267589569091796875e-01
2.278158664703369141e-01
2.336537837982177734e-01
2.327115535736083984e-01
2.349047660827636719e-01
2.377123832702636719e-01
2.344591617584228516e-01
2.329914569854736328e-01
2.383985519409179688e-01
2.334830760955810547e-01
2.359957695007324219e-01
2.373080253601074219e-01
2.266967296600341797e-01
2.321605682373046875e-01
2.808411121368408203e-01
2.338061332702636719e-01
2.445073127746582031e-01
2.368347644805908203e-01
2.291197776794433594e-01
2.351505756378173828e-01
2.253117561340332031e-01
2.351534366607666016e-01
2.328214645385742188e-01
2.323043346405029297e-01
2.227730751037597656e-01
2.331681251525878906e-01
2.336781024932861328e-01
2.317454814910888672e-01
2.333278656005859375e-01
2.313041687011718750e-01
2.283298969268798828e-01
2.319054603576660156e-01
2.306313514709472656e-01
2.350995540618896484e-01
2.347884178161621094e-01
2.327327728271484375e-01
2.336230278015136719e-01
2.259299755096435547e-01
2.327244281768798828e-01
2.319829463958740234e-01
2.338976860046386719e-01
2.324142456054687500e-01
2.350838184356689453e-01
2.333014011383056641e-01
2.330901622772216797e-01
2.294638156890869141e-01
2.335245609283447266e-01
2.307705879211425781e-01
3.198134899139404297e-01
2.316620349884033203e-01
2.347531318664550781e-01
2.293701171875000000e-01
2.360963821411132812e-01
2.660167217254638672e-01
2.825663089752197266e-01
2.326524257659912109e-01
2.336504459381103516e-01
2.526972293853759766e-01
2.278006076812744141e-01
3.521840572357177734e-01
3.071870803833007812e-01
2.286868095397949219e-01
3.224530220031738281e-01
2.848315238952636719e-01
3.129599094390869141e-01
2.272512912750244141e-01
2.345325946807861328e-01
2.359473705291748047e-01
2.439582347869873047e-01
3.494110107421875000e-01
2.361838817596435547e-01
3.769483566284179688e-01
2.372462749481201172e-01
2.346355915069580078e-01
3.116071224212646484e-01
2.306547164916992188e-01
2.322926521301269531e-01
2.758073806762695312e-01
2.353134155273437500e-01
2.362017631530761719e-01
2.282979488372802734e-01
2.343971729278564453e-01
3.152604103088378906e-01
2.307066917419433594e-01
2.326583862304687500e-01
2.264995574951171875e-01
2.377779483795166016e-01
2.632133960723876953e-01
2.365953922271728516e-01
2.346918582916259766e-01
2.303810119628906250e-01
2.388579845428466797e-01
2.835981845855712891e-01
2.363834381103515625e-01
2.363255023956298828e-01
2.354280948638916016e-01
2.358596324920654297e-01
2.356107234954833984e-01
2.356841564178466797e-01
2.264757156372070312e-01
2.349941730499267578e-01
2.292757034301757812e-01
2.370555400848388672e-01
2.676925659179687500e-01
2.362341880798339844e-01
2.349996566772460938e-01
2.449572086334228516e-01
2.377724647521972656e-01
2.484476566314697266e-01
3.456349372863769531e-01
2.334129810333251953e-01
2.337028980255126953e-01
2.361013889312744141e-01
2.450158596038818359e-01
2.278814315795898438e-01
2.322583198547363281e-01
2.347617149353027344e-01
2.286343574523925781e-01
2.364733219146728516e-01
2.245268821716308594e-01
2.352650165557861328e-01
2.313177585601806641e-01
2.570047378540039062e-01
2.354040145874023438e-01
2.349376678466796875e-01
2.294452190399169922e-01
2.290489673614501953e-01
2.251963615417480469e-01
3.070249557495117188e-01
2.342355251312255859e-01
2.298669815063476562e-01
2.357943058013916016e-01
2.341251373291015625e-01
2.337050437927246094e-01
2.369036674499511719e-01
2.334988117218017578e-01
2.296597957611083984e-01
2.370703220367431641e-01
2.265598773956298828e-01
2.359731197357177734e-01
2.271547317504882812e-01
2.338881492614746094e-01
2.371194362640380859e-01
2.359645366668701172e-01
2.556786537170410156e-01
2.392504215240478516e-01
2.336258888244628906e-01
2.345094680786132812e-01
2.282991409301757812e-01
2.347760200500488281e-01
2.356338500976562500e-01
2.344787120819091797e-01
2.408471107482910156e-01
2.296683788299560547e-01
2.333667278289794922e-01
2.373385429382324219e-01
2.361829280853271484e-01
2.792692184448242188e-01
2.351150512695312500e-01
2.348747253417968750e-01
2.378969192504882812e-01
2.335841655731201172e-01
2.356488704681396484e-01
2.355136871337890625e-01
2.568585872650146484e-01
2.414970397949218750e-01
2.385532855987548828e-01
2.358999252319335938e-01
2.381000518798828125e-01
2.375485897064208984e-01
2.347662448883056641e-01
