1.202178001403808594e+00
1.071300268173217773e+00
1.017060041427612305e+00
1.084241390228271484e+00
1.037879228591918945e+00
9.904136657714843750e-01
1.089527845382690430e+00
9.919533729553222656e-01
1.092005968093872070e+00
1.017427444458007812e+00
1.010498523712158203e+00
9.912362098693847656e-01
1.018875598907470703e+00
1.010997533798217773e+00
1.588343143463134766e+00
1.598434686660766602e+00
1.803251028060913086e+00
1.039353847503662109e+00
1.020519495010375977e+00
1.011523962020874023e+00
1.001183509826660156e+00
1.004600524902343750e+00
1.516703367233276367e+00
1.104485988616943359e+00
1.030820608139038086e+00
1.023405551910400391e+00
1.030179977416992188e+00
1.056135416030883789e+00
1.019497871398925781e+00
1.026068925857543945e+00
1.035083532333374023e+00
1.351682662963867188e+00
1.738163232803344727e+00
1.993602752685546875e+00
1.711154937744140625e+00
1.004255294799804688e+00
1.017166137695312500e+00
1.034901142120361328e+00
1.053268671035766602e+00
1.142156362533569336e+00
1.054780960083007812e+00
1.041944503784179688e+00
1.064800500869750977e+00
1.015714883804321289e+00
1.021331787109375000e+00
1.026131153106689453e+00
1.333204507827758789e+00
1.004982233047485352e+00
1.039952754974365234e+00
1.072438001632690430e+00
1.612742424011230469e+00
1.814846515655517578e+00
1.288362979888916016e+00
1.008361339569091797e+00
1.018810272216796875e+00
9.850347042083740234e-01
1.015694618225097656e+00
1.006721973419189453e+00
1.013730525970458984e+00
1.014811754226684570e+00
1.006910324096679688e+00
1.034928560256958008e+00
1.242445230484008789e+00
1.036410570144653320e+00
1.667522430419921875e+00
1.833388805389404297e+00
1.003686189651489258e+00
1.012817382812500000e+00
1.014136791229248047e+00
1.008109092712402344e+00
1.449242830276489258e+00
1.047723293304443359e+00
1.012313604354858398e+00
1.008591413497924805e+00
1.041827201843261719e+00
1.026205778121948242e+00
1.010110855102539062e+00
1.329136848449707031e+00
1.035574913024902344e+00
1.049246072769165039e+00
1.197648286819458008e+00
1.709416627883911133e+00
1.776995897293090820e+00
1.007641792297363281e+00
9.958002567291259766e-01
1.003781557083129883e+00
1.372908115386962891e+00
1.018312215805053711e+00
1.014527082443237305e+00
9.694478511810302734e-01
1.004219532012939453e+00
1.002288579940795898e+00
1.097219228744506836e+00
1.484182119369506836e+00
1.069792509078979492e+00
1.359454870223999023e+00
1.913023471832275391e+00
1.521050930023193359e+00
1.049144506454467773e+00
1.009428501129150391e+00
9.680132865905761719e-01
1.407707691192626953e+00
1.007341861724853516e+00
1.086848735809326172e+00
1.012366056442260742e+00
9.880285263061523438e-01
1.017031669616699219e+00
9.840192794799804688e-01
1.018263339996337891e+00
1.183452844619750977e+00
1.025092124938964844e+00
1.213328599929809570e+00
1.746410608291625977e+00
1.779385805130004883e+00
1.013536453247070312e+00
1.004565238952636719e+00
1.010012626647949219e+00
1.021659612655639648e+00
1.198739051818847656e+00
1.043286800384521484e+00
1.028771877288818359e+00
1.032966136932373047e+00
1.051258325576782227e+00
9.728748798370361328e-01
1.597319364547729492e+00
1.106067895889282227e+00
1.164572954177856445e+00
1.119849443435668945e+00
1.302233934402465820e+00
1.513484716415405273e+00
1.913613557815551758e+00
1.550882577896118164e+00
1.097026109695434570e+00
1.178961992263793945e+00
1.109598398208618164e+00
1.119756698608398438e+00
1.101221799850463867e+00
1.116087198257446289e+00
1.247603654861450195e+00
1.152692794799804688e+00
1.096768379211425781e+00
1.085561513900756836e+00
1.131124734878540039e+00
1.233443737030029297e+00
1.163463592529296875e+00
1.080150365829467773e+00
1.126895427703857422e+00
1.334211826324462891e+00
1.632227897644042969e+00
1.870835065841674805e+00
2.100839853286743164e+00
1.816267490386962891e+00
1.124831914901733398e+00
1.130034923553466797e+00
1.096609115600585938e+00
1.118783235549926758e+00
1.192955732345581055e+00
1.235432147979736328e+00
1.461249828338623047e+00
1.555440664291381836e+00
1.588896751403808594e+00
1.664471864700317383e+00
1.736947059631347656e+00
1.636891841888427734e+00
1.686164855957031250e+00
1.778742074966430664e+00
1.623532533645629883e+00
1.865137338638305664e+00
1.743417739868164062e+00
1.905462265014648438e+00
1.676737785339355469e+00
1.483302593231201172e+00
1.677601337432861328e+00
1.819503068923950195e+00
1.857796192169189453e+00
1.517163753509521484e+00
1.621418476104736328e+00
1.883879661560058594e+00
1.885030031204223633e+00
1.851508617401123047e+00
1.691859006881713867e+00
1.942113161087036133e+00
1.877062320709228516e+00
1.974378347396850586e+00
2.039386749267578125e+00
1.819788455963134766e+00
1.419811725616455078e+00
9.916384220123291016e-01
1.000530719757080078e+00
1.027902841567993164e+00
9.692153930664062500e-01
9.629352092742919922e-01
9.563615322113037109e-01
9.823274612426757812e-01
9.785351753234863281e-01
9.696912765502929688e-01
1.000006198883056641e+00
1.037835359573364258e+00
1.021021127700805664e+00
1.005041837692260742e+00
