2.179323434829711914e+00
4.270255565643310547e-01
4.336392879486083984e-01
4.379487037658691406e-01
4.357521533966064453e-01
4.393732547760009766e-01
4.370357990264892578e-01
4.412672519683837891e-01
4.950613975524902344e-01
5.180273056030273438e-01
5.350863933563232422e-01
5.259952545166015625e-01
5.126564502716064453e-01
5.399417877197265625e-01
4.771895408630371094e-01
4.563386440277099609e-01
4.324700832366943359e-01
4.313035011291503906e-01
4.359259605407714844e-01
4.419603347778320312e-01
4.422767162322998047e-01
4.331674575805664062e-01
4.426906108856201172e-01
4.430243968963623047e-01
4.388763904571533203e-01
4.580020904541015625e-01
5.035126209259033203e-01
5.192716121673583984e-01
5.381062030792236328e-01
5.123214721679687500e-01
5.326893329620361328e-01
4.804997444152832031e-01
4.623024463653564453e-01
4.337801933288574219e-01
4.332020282745361328e-01
4.393403530120849609e-01
4.467978477478027344e-01
4.474999904632568359e-01
4.402074813842773438e-01
4.431755542755126953e-01
4.352855682373046875e-01
4.356334209442138672e-01
4.406538009643554688e-01
4.819338321685791016e-01
5.167002677917480469e-01
5.872797966003417969e-01
4.604985713958740234e-01
4.561738967895507812e-01
4.555716514587402344e-01
4.515967369079589844e-01
4.507400989532470703e-01
4.471037387847900391e-01
4.621951580047607422e-01
4.570958614349365234e-01
4.666831493377685547e-01
4.535603523254394531e-01
4.496369361877441406e-01
4.496870040893554688e-01
4.519305229187011719e-01
4.683310985565185547e-01
5.400223731994628906e-01
5.291903018951416016e-01
5.183930397033691406e-01
5.481140613555908203e-01
4.571831226348876953e-01
4.364538192749023438e-01
4.383409023284912109e-01
4.383490085601806641e-01
4.428379535675048828e-01
4.440057277679443359e-01
4.464673995971679688e-01
4.413511753082275391e-01
4.401755332946777344e-01
4.504618644714355469e-01
5.128035545349121094e-01
5.273973941802978516e-01
4.834864139556884766e-01
5.256655216217041016e-01
5.137388706207275391e-01
4.589641094207763672e-01
4.564847946166992188e-01
4.522333145141601562e-01
4.616930484771728516e-01
4.626004695892333984e-01
4.818661212921142578e-01
4.625043869018554688e-01
4.536306858062744141e-01
4.571588039398193359e-01
4.517147541046142578e-01
4.588015079498291016e-01
4.694814682006835938e-01
4.698374271392822266e-01
4.668049812316894531e-01
4.634363651275634766e-01
4.705123901367187500e-01
4.730195999145507812e-01
4.513280391693115234e-01
4.521212577819824219e-01
4.632937908172607422e-01
4.653184413909912109e-01
4.436626434326171875e-01
4.390251636505126953e-01
4.416060447692871094e-01
4.441559314727783203e-01
4.400942325592041016e-01
4.710083007812500000e-01
5.518708229064941406e-01
5.216729640960693359e-01
5.131278038024902344e-01
4.637622833251953125e-01
4.587056636810302734e-01
4.594063758850097656e-01
4.547972679138183594e-01
4.421603679656982422e-01
4.430572986602783203e-01
4.457483291625976562e-01
4.697921276092529297e-01
4.686498641967773438e-01
4.564578533172607422e-01
4.533383846282958984e-01
4.518766403198242188e-01
4.562292098999023438e-01
4.621522426605224609e-01
4.491832256317138672e-01
4.715759754180908203e-01
4.892423152923583984e-01
5.049102306365966797e-01
4.809627532958984375e-01
4.874305725097656250e-01
4.752562046051025391e-01
4.799635410308837891e-01
4.859566688537597656e-01
4.732503890991210938e-01
4.783899784088134766e-01
4.742019176483154297e-01
4.801425933837890625e-01
4.825425148010253906e-01
4.834563732147216797e-01
5.121161937713623047e-01
4.912822246551513672e-01
4.840524196624755859e-01
4.833588600158691406e-01
4.899687767028808594e-01
4.878697395324707031e-01
4.940557479858398438e-01
4.858355522155761719e-01
4.828369617462158203e-01
4.864554405212402344e-01
4.711687564849853516e-01
4.789164066314697266e-01
4.723775386810302734e-01
4.744942188262939453e-01
4.711234569549560547e-01
4.775905609130859375e-01
4.812791347503662109e-01
4.785776138305664062e-01
4.711873531341552734e-01
4.757888317108154297e-01
4.709293842315673828e-01
4.690186977386474609e-01
4.603936672210693359e-01
4.670484066009521484e-01
4.634232521057128906e-01
4.608750343322753906e-01
4.617772102355957031e-01
4.613299369812011719e-01
4.677212238311767578e-01
4.587142467498779297e-01
4.609127044677734375e-01
4.630181789398193359e-01
4.640152454376220703e-01
4.472298622131347656e-01
4.781458377838134766e-01
4.622149467468261719e-01
4.552350044250488281e-01
4.612674713134765625e-01
4.620234966278076172e-01
4.548485279083251953e-01
4.567866325378417969e-01
4.601309299468994141e-01
4.594645500183105469e-01
4.579465389251708984e-01
4.535448551177978516e-01
4.452409744262695312e-01
4.455449581146240234e-01
4.391274452209472656e-01
4.330370426177978516e-01
4.366731643676757812e-01
4.420626163482666016e-01
4.507598876953125000e-01
4.455296993255615234e-01
4.430572986602783203e-01
4.409835338592529297e-01
4.918661117553710938e-01
5.387175083160400391e-01
5.308632850646972656e-01
5.164449214935302734e-01
5.047614574432373047e-01
4.886431694030761719e-01
4.660696983337402344e-01
