1.202175855636596680e+00
1.071310520172119141e+00
1.017057180404663086e+00
1.084249496459960938e+00
1.037877559661865234e+00
9.903995990753173828e-01
1.089521884918212891e+00
9.919433593750000000e-01
1.092027902603149414e+00
1.017901420593261719e+00
1.010516166687011719e+00
9.912474155426025391e-01
1.018866062164306641e+00
1.010985374450683594e+00
1.588318347930908203e+00
1.598423719406127930e+00
1.803239107131958008e+00
1.039354085922241211e+00
1.020498275756835938e+00
1.011502504348754883e+00
1.001165390014648438e+00
1.004592418670654297e+00
1.516713380813598633e+00
1.104471206665039062e+00
1.030811548233032227e+00
1.023372173309326172e+00
1.030148983001708984e+00
1.056104421615600586e+00
1.019478559494018555e+00
1.026061058044433594e+00
1.035065174102783203e+00
1.351661682128906250e+00
1.738162755966186523e+00
1.993613004684448242e+00
1.711154937744140625e+00
1.004254817962646484e+00
1.017152786254882812e+00
1.034896612167358398e+00
1.053266048431396484e+00
1.142149925231933594e+00
1.054771900177001953e+00
1.041926383972167969e+00
1.064802646636962891e+00
1.015702486038208008e+00
1.021310329437255859e+00
1.026119947433471680e+00
1.333051204681396484e+00
1.004968643188476562e+00
1.039937734603881836e+00
1.072424173355102539e+00
1.612740278244018555e+00
1.814843416213989258e+00
1.288353681564331055e+00
1.008350849151611328e+00
1.018811941146850586e+00
9.850537776947021484e-01
1.015697002410888672e+00
1.006719589233398438e+00
1.013718843460083008e+00
1.014824867248535156e+00
1.006915092468261719e+00
1.034921646118164062e+00
1.242443084716796875e+00
1.036409854888916016e+00
1.667508363723754883e+00
1.833387851715087891e+00
1.003682136535644531e+00
1.012810945510864258e+00
1.014140129089355469e+00
1.008112192153930664e+00
1.449259757995605469e+00
1.047713994979858398e+00
1.012336492538452148e+00
1.008593082427978516e+00
1.046402215957641602e+00
1.026184558868408203e+00
1.010097265243530273e+00
1.329120635986328125e+00
1.035559415817260742e+00
1.049239397048950195e+00
1.197636365890502930e+00
1.709405660629272461e+00
1.777003049850463867e+00
1.007654905319213867e+00
9.958043098449707031e-01
1.003796815872192383e+00
1.372908830642700195e+00
1.018312215805053711e+00
1.014520645141601562e+00
9.694445133209228516e-01
1.004227876663208008e+00
1.002281904220581055e+00
1.097213983535766602e+00
1.484192609786987305e+00
1.069789171218872070e+00
1.359477043151855469e+00
1.913020133972167969e+00
1.521094799041748047e+00
1.049139499664306641e+00
1.009455680847167969e+00
9.680094718933105469e-01
1.407716035842895508e+00
1.007330656051635742e+00
1.086836338043212891e+00
1.012339115142822266e+00
9.880430698394775391e-01
1.017014026641845703e+00
9.840333461761474609e-01
1.018260478973388672e+00
1.183453798294067383e+00
1.025081634521484375e+00
1.213418960571289062e+00
1.746410369873046875e+00
1.779381990432739258e+00
1.013523340225219727e+00
1.004573345184326172e+00
1.010007381439208984e+00
1.021669864654541016e+00
1.198748588562011719e+00
1.043281793594360352e+00
1.028785943984985352e+00
1.032960891723632812e+00
1.051251411437988281e+00
9.728891849517822266e-01
1.597326517105102539e+00
1.106060981750488281e+00
1.164575099945068359e+00
1.119854688644409180e+00
1.302222728729248047e+00
1.513470649719238281e+00
1.913617372512817383e+00
1.550927162170410156e+00
1.097036600112915039e+00
1.178963422775268555e+00
1.109591960906982422e+00
1.119755029678344727e+00
1.101234197616577148e+00
1.116088390350341797e+00
1.247596025466918945e+00
1.152685165405273438e+00
1.096785783767700195e+00
1.085561752319335938e+00
1.131105184555053711e+00
1.233443737030029297e+00
1.163473844528198242e+00
1.080159664154052734e+00
1.126890182495117188e+00
1.334225416183471680e+00
1.632242441177368164e+00
1.870836496353149414e+00
2.100811243057250977e+00
1.816271305084228516e+00
1.124843835830688477e+00
1.130042314529418945e+00
1.096603155136108398e+00
1.118792057037353516e+00
1.192942142486572266e+00
1.235430002212524414e+00
1.461252927780151367e+00
1.555443048477172852e+00
1.588897705078125000e+00
1.664493083953857422e+00
1.736952543258666992e+00
1.636903047561645508e+00
1.686173677444458008e+00
1.778728485107421875e+00
1.623537778854370117e+00
1.865137577056884766e+00
1.743427753448486328e+00
1.905463457107543945e+00
1.676743268966674805e+00
1.483297824859619141e+00
1.677618503570556641e+00
1.819507598876953125e+00
1.857799053192138672e+00
1.517158746719360352e+00
1.621417999267578125e+00
1.883878707885742188e+00
1.885014295578002930e+00
1.851500511169433594e+00
1.691854715347290039e+00
1.942104578018188477e+00
1.877053022384643555e+00
1.974378108978271484e+00
2.039382457733154297e+00
1.819758892059326172e+00
1.419811487197875977e+00
9.916205406188964844e-01
1.000540256500244141e+00
1.027900457382202148e+00
9.692385196685791016e-01
9.629318714141845703e-01
9.563581943511962891e-01
9.823198318481445312e-01
9.785606861114501953e-01
9.696841239929199219e-01
1.000002861022949219e+00
1.037848234176635742e+00
1.021014451980590820e+00
1.005040407180786133e+00
