2.276812553405761719e+00
4.402353763580322266e-01
4.420671463012695312e-01
4.420421123504638672e-01
4.516754150390625000e-01
4.573187828063964844e-01
4.591245651245117188e-01
4.507720470428466797e-01
4.472687244415283203e-01
4.475581645965576172e-01
4.498152732849121094e-01
4.679589271545410156e-01
4.679450988769531250e-01
4.693768024444580078e-01
4.496057033538818359e-01
4.472322463989257812e-01
4.412868022918701172e-01
4.398500919342041016e-01
4.449043273925781250e-01
4.550535678863525391e-01
4.569480419158935547e-01
4.595825672149658203e-01
4.468798637390136719e-01
4.517602920532226562e-01
4.463052749633789062e-01
4.516561031341552734e-01
4.493966102600097656e-01
4.683716297149658203e-01
4.613070487976074219e-01
4.603829383850097656e-01
4.569106101989746094e-01
4.490702152252197266e-01
4.421687126159667969e-01
4.429848194122314453e-01
4.489917755126953125e-01
4.433937072753906250e-01
4.601540565490722656e-01
4.532904624938964844e-01
4.570424556732177734e-01
4.512183666229248047e-01
4.466786384582519531e-01
4.444587230682373047e-01
4.522666931152343750e-01
4.495759010314941406e-01
4.658033847808837891e-01
4.688088893890380859e-01
4.568638801574707031e-01
4.533135890960693359e-01
4.507169723510742188e-01
4.499859809875488281e-01
4.513511657714843750e-01
4.452276229858398438e-01
4.584412574768066406e-01
4.601058959960937500e-01
4.549872875213623047e-01
4.437062740325927734e-01
4.422936439514160156e-01
4.595341682434082031e-01
4.927866458892822266e-01
5.357887744903564453e-01
5.178942680358886719e-01
5.179753303527832031e-01
5.118496417999267578e-01
5.389297008514404297e-01
4.706666469573974609e-01
4.505903720855712891e-01
4.404964447021484375e-01
4.608716964721679688e-01
4.429185390472412109e-01
4.470953941345214844e-01
4.513392448425292969e-01
4.455463886260986328e-01
4.443764686584472656e-01
4.592521190643310547e-01
5.067348480224609375e-01
4.834442138671875000e-01
4.716796875000000000e-01
4.636349678039550781e-01
4.603939056396484375e-01
4.606773853302001953e-01
4.529490470886230469e-01
4.490242004394531250e-01
4.534003734588623047e-01
4.557726383209228516e-01
4.642441272735595703e-01
4.887080192565917969e-01
4.558789730072021484e-01
4.534380435943603516e-01
4.528007507324218750e-01
4.529581069946289062e-01
4.710400104522705078e-01
4.705474376678466797e-01
4.687428474426269531e-01
4.600391387939453125e-01
4.603996276855468750e-01
5.265321731567382812e-01
4.511251449584960938e-01
4.412372112274169922e-01
4.422647953033447266e-01
4.629180431365966797e-01
4.692826271057128906e-01
4.749557971954345703e-01
4.528508186340332031e-01
4.497637748718261719e-01
4.477968215942382812e-01
4.523072242736816406e-01
4.677491188049316406e-01
4.695730209350585938e-01
4.690096378326416016e-01
4.644916057586669922e-01
4.567880630493164062e-01
4.539961814880371094e-01
4.510321617126464844e-01
4.515776634216308594e-01
4.500167369842529297e-01
4.632465839385986328e-01
4.687879085540771484e-01
4.696729183197021484e-01
4.611139297485351562e-01
4.560561180114746094e-01
4.568691253662109375e-01
4.574718475341796875e-01
4.901795387268066406e-01
4.486327171325683594e-01
4.696178436279296875e-01
4.739544391632080078e-01
4.800121784210205078e-01
4.741702079772949219e-01
4.693160057067871094e-01
4.728229045867919922e-01
4.812698364257812500e-01
4.657618999481201172e-01
4.607036113739013672e-01
4.704339504241943359e-01
4.713671207427978516e-01
4.692499637603759766e-01
4.774770736694335938e-01
4.749228954315185547e-01
4.668824672698974609e-01
4.627034664154052734e-01
4.614214897155761719e-01
4.737646579742431641e-01
4.744143486022949219e-01
4.741656780242919922e-01
4.709346294403076172e-01
4.715332984924316406e-01
4.746751785278320312e-01
4.686172008514404297e-01
4.590013027191162109e-01
4.524135589599609375e-01
4.599258899688720703e-01
4.577562808990478516e-01
4.669137001037597656e-01
4.669442176818847656e-01
4.684038162231445312e-01
4.596750736236572266e-01
4.587554931640625000e-01
4.604067802429199219e-01
4.563066959381103516e-01
4.543285369873046875e-01
4.408099651336669922e-01
4.514925479888916016e-01
4.513306617736816406e-01
4.411370754241943359e-01
4.495537281036376953e-01
4.444665908813476562e-01
4.405534267425537109e-01
4.678556919097900391e-01
4.761047363281250000e-01
4.782509803771972656e-01
4.818499088287353516e-01
4.393117427825927734e-01
5.620126724243164062e-01
4.395580291748046875e-01
4.405429363250732422e-01
4.465563297271728516e-01
4.395046234130859375e-01
4.532580375671386719e-01
4.432902336120605469e-01
4.380867481231689453e-01
4.491524696350097656e-01
4.468603134155273438e-01
4.438142776489257812e-01
4.416992664337158203e-01
4.421069622039794922e-01
4.597666263580322266e-01
4.481375217437744141e-01
4.427657127380371094e-01
4.466342926025390625e-01
4.506542682647705078e-01
4.484596252441406250e-01
4.460217952728271484e-01
4.461863040924072266e-01
4.505782127380371094e-01
4.545562267303466797e-01
4.535429477691650391e-01
4.570844173431396484e-01
4.530186653137207031e-01
4.526088237762451172e-01
4.528605937957763672e-01
