2.222376108169555664e+00
4.184298515319824219e-01
4.202246665954589844e-01
4.258699417114257812e-01
4.362053871154785156e-01
4.436655044555664062e-01
4.359755516052246094e-01
4.291625022888183594e-01
4.301333427429199219e-01
4.301612377166748047e-01
4.294724464416503906e-01
4.482924938201904297e-01
4.429044723510742188e-01
4.442057609558105469e-01
4.327859878540039062e-01
4.308774471282958984e-01
4.238541126251220703e-01
4.217884540557861328e-01
4.272892475128173828e-01
4.425301551818847656e-01
4.443886280059814453e-01
4.539210796356201172e-01
4.457130432128906250e-01
4.301309585571289062e-01
4.298262596130371094e-01
4.272193908691406250e-01
4.331443309783935547e-01
5.159060955047607422e-01
5.309228897094726562e-01
5.023396015167236328e-01
5.301256179809570312e-01
4.731731414794921875e-01
4.469258785247802734e-01
4.266252517700195312e-01
4.207651615142822266e-01
4.232749938964843750e-01
4.309942722320556641e-01
4.363937377929687500e-01
4.288370609283447266e-01
4.282736778259277344e-01
4.231293201446533203e-01
4.498252868652343750e-01
4.273681640625000000e-01
4.729340076446533203e-01
5.065083503723144531e-01
5.384831428527832031e-01
5.242657661437988281e-01
5.155737400054931641e-01
5.246119499206542969e-01
5.169861316680908203e-01
4.438178539276123047e-01
4.254498481750488281e-01
4.319303035736083984e-01
4.264979362487792969e-01
4.323933124542236328e-01
4.323618412017822266e-01
4.250779151916503906e-01
4.508683681488037109e-01
4.882001876831054688e-01
5.198192596435546875e-01
5.409293174743652344e-01
5.284714698791503906e-01
5.150225162506103516e-01
5.446693897247314453e-01
4.515113830566406250e-01
4.284827709197998047e-01
4.309306144714355469e-01
4.593729972839355469e-01
4.299733638763427734e-01
4.299204349517822266e-01
4.323062896728515625e-01
4.282128810882568359e-01
4.260365962982177734e-01
4.363110065460205078e-01
4.447364807128906250e-01
4.521586894989013672e-01
4.682698249816894531e-01
4.507949352264404297e-01
4.456019401550292969e-01
4.372527599334716797e-01
4.355547428131103516e-01
4.342057704925537109e-01
4.351356029510498047e-01
4.319305419921875000e-01
4.307587146759033203e-01
4.312820434570312500e-01
4.320111274719238281e-01
4.335393905639648438e-01
4.307072162628173828e-01
4.395446777343750000e-01
5.165238380432128906e-01
5.554263591766357422e-01
5.232908725738525391e-01
5.071015357971191406e-01
5.231294631958007812e-01
4.788167476654052734e-01
4.645924568176269531e-01
4.314234256744384766e-01
4.371995925903320312e-01
4.443356990814208984e-01
4.504773616790771484e-01
4.401791095733642578e-01
4.427602291107177734e-01
4.413361549377441406e-01
4.404783248901367188e-01
4.420676231384277344e-01
4.621064662933349609e-01
4.564774036407470703e-01
4.586548805236816406e-01
4.431617259979248047e-01
4.408383369445800781e-01
4.401609897613525391e-01
4.351582527160644531e-01
4.390492439270019531e-01
4.375271797180175781e-01
4.494590759277343750e-01
4.388399124145507812e-01
4.364614486694335938e-01
4.374246597290039062e-01
4.308345317840576172e-01
4.260764122009277344e-01
4.318776130676269531e-01
4.423739910125732422e-01
4.588973522186279297e-01
5.070464611053466797e-01
5.135221481323242188e-01
4.669008255004882812e-01
4.628961086273193359e-01
4.658379554748535156e-01
4.553844928741455078e-01
4.597244262695312500e-01
4.664821624755859375e-01
4.538872241973876953e-01
4.580924510955810547e-01
4.527525901794433594e-01
4.617321491241455078e-01
4.640288352966308594e-01
4.613697528839111328e-01
5.421252250671386719e-01
4.654159545898437500e-01
4.653789997100830078e-01
4.615757465362548828e-01
4.668517112731933594e-01
5.146460533142089844e-01
4.985992908477783203e-01
5.316491127014160156e-01
5.502436161041259766e-01
5.201139450073242188e-01
4.933407306671142578e-01
4.533083438873291016e-01
5.003461837768554688e-01
4.593484401702880859e-01
4.547584056854248047e-01
4.618976116180419922e-01
4.582216739654541016e-01
4.553751945495605469e-01
4.522161483764648438e-01
4.759552478790283203e-01
4.503920078277587891e-01
4.495933055877685547e-01
4.430673122406005859e-01
4.468390941619873047e-01
4.401466846466064453e-01
4.430906772613525391e-01
4.426202774047851562e-01
4.431774616241455078e-01
4.387695789337158203e-01
4.609227180480957031e-01
4.721448421478271484e-01
4.661753177642822266e-01
4.771044254302978516e-01
4.221053123474121094e-01
4.594116210937500000e-01
4.584295749664306641e-01
4.355669021606445312e-01
4.435365200042724609e-01
4.420921802520751953e-01
4.390885829925537109e-01
4.381575584411621094e-01
4.401116371154785156e-01
4.401051998138427734e-01
4.388730525970458984e-01
4.380552768707275391e-01
4.315438270568847656e-01
4.438967704772949219e-01
4.348096847534179688e-01
4.351036548614501953e-01
4.339778423309326172e-01
4.322221279144287109e-01
4.381153583526611328e-01
4.387691020965576172e-01
4.387619495391845703e-01
4.406251907348632812e-01
4.449927806854248047e-01
4.500517845153808594e-01
4.481005668640136719e-01
4.485738277435302734e-01
4.476521015167236328e-01
4.422001838684082031e-01
5.057535171508789062e-01
