7.761898040771484375e-01
6.620824337005615234e-01
6.504244804382324219e-01
7.309725284576416016e-01
6.422557830810546875e-01
6.498210430145263672e-01
6.534736156463623047e-01
6.513509750366210938e-01
6.467671394348144531e-01
7.366459369659423828e-01
6.622502803802490234e-01
9.417972564697265625e-01
6.546993255615234375e-01
6.491281986236572266e-01
7.439770698547363281e-01
6.582486629486083984e-01
6.521971225738525391e-01
6.547582149505615234e-01
6.450417041778564453e-01
6.568682193756103516e-01
6.616542339324951172e-01
6.445498466491699219e-01
6.507256031036376953e-01
6.606335639953613281e-01
6.463420391082763672e-01
6.559555530548095703e-01
6.521933078765869141e-01
6.548173427581787109e-01
8.523936271667480469e-01
6.594784259796142578e-01
7.375319004058837891e-01
6.515655517578125000e-01
6.626083850860595703e-01
6.600422859191894531e-01
6.569654941558837891e-01
6.494691371917724609e-01
6.568331718444824219e-01
6.507756710052490234e-01
7.932875156402587891e-01
6.525189876556396484e-01
6.510314941406250000e-01
8.431484699249267578e-01
6.546862125396728516e-01
6.495113372802734375e-01
9.036800861358642578e-01
6.521022319793701172e-01
6.516211032867431641e-01
9.348926544189453125e-01
6.584808826446533203e-01
6.566314697265625000e-01
1.026671886444091797e+00
6.594312191009521484e-01
6.514155864715576172e-01
9.926340579986572266e-01
6.616451740264892578e-01
6.526885032653808594e-01
1.005321502685546875e+00
7.291343212127685547e-01
6.531410217285156250e-01
6.489775180816650391e-01
6.497344970703125000e-01
6.481170654296875000e-01
6.449553966522216797e-01
6.429269313812255859e-01
6.484839916229248047e-01
6.521227359771728516e-01
6.480078697204589844e-01
6.550335884094238281e-01
7.377038002014160156e-01
6.507029533386230469e-01
6.540856361389160156e-01
6.608970165252685547e-01
6.415629386901855469e-01
6.483485698699951172e-01
6.604971885681152344e-01
6.507871150970458984e-01
6.532554626464843750e-01
6.570096015930175781e-01
7.310719490051269531e-01
6.643006801605224609e-01
6.542673110961914062e-01
6.516880989074707031e-01
6.459226608276367188e-01
6.523499488830566406e-01
7.133483886718750000e-01
6.592321395874023438e-01
6.629722118377685547e-01
6.655471324920654297e-01
9.066181182861328125e-01
6.658368110656738281e-01
6.619267463684082031e-01
1.042014837265014648e+00
6.608104705810546875e-01
6.637728214263916016e-01
6.656115055084228516e-01
7.317123413085937500e-01
6.608283519744873047e-01
6.609148979187011719e-01
7.417500019073486328e-01
6.671316623687744141e-01
6.679506301879882812e-01
6.540122032165527344e-01
6.554322242736816406e-01
6.665961742401123047e-01
6.585981845855712891e-01
7.026078701019287109e-01
6.559748649597167969e-01
6.454226970672607422e-01
7.366354465484619141e-01
6.580362319946289062e-01
6.475090980529785156e-01
6.555311679840087891e-01
6.592240333557128906e-01
6.366376876831054688e-01
6.325459480285644531e-01
7.113103866577148438e-01
6.408455371856689453e-01
6.476826667785644531e-01
7.289206981658935547e-01
6.544618606567382812e-01
6.536808013916015625e-01
6.620798110961914062e-01
6.546983718872070312e-01
6.574668884277343750e-01
6.629464626312255859e-01
7.199442386627197266e-01
6.567080020904541016e-01
6.641478538513183594e-01
7.226223945617675781e-01
6.556732654571533203e-01
6.608271598815917969e-01
6.557049751281738281e-01
6.586246490478515625e-01
6.617450714111328125e-01
6.475503444671630859e-01
7.151904106140136719e-01
6.635966300964355469e-01
7.212343215942382812e-01
6.547334194183349609e-01
6.686763763427734375e-01
6.596271991729736328e-01
6.713447570800781250e-01
6.487224102020263672e-01
6.448290348052978516e-01
9.387807846069335938e-01
7.346527576446533203e-01
6.509783267974853516e-01
8.501656055450439453e-01
6.561868190765380859e-01
6.531374454498291016e-01
6.584479808807373047e-01
6.591572761535644531e-01
6.587045192718505859e-01
6.357605457305908203e-01
6.401236057281494141e-01
7.251441478729248047e-01
6.702995300292968750e-01
6.498672962188720703e-01
6.506648063659667969e-01
6.458017826080322266e-01
6.627979278564453125e-01
6.460809707641601562e-01
6.494672298431396484e-01
6.702992916107177734e-01
7.511410713195800781e-01
6.972227096557617188e-01
6.571636199951171875e-01
7.248325347900390625e-01
7.237651348114013672e-01
7.571511268615722656e-01
6.648843288421630859e-01
6.774735450744628906e-01
6.947870254516601562e-01
6.585743427276611328e-01
7.646422386169433594e-01
7.413225173950195312e-01
6.501622200012207031e-01
7.556958198547363281e-01
6.580793857574462891e-01
6.484589576721191406e-01
7.231721878051757812e-01
6.532874107360839844e-01
7.220289707183837891e-01
6.562459468841552734e-01
7.162823677062988281e-01
7.115225791931152344e-01
6.564369201660156250e-01
6.471297740936279297e-01
7.329630851745605469e-01
7.266554832458496094e-01
6.446008682250976562e-01
7.285647392272949219e-01
7.256026268005371094e-01
6.358339786529541016e-01
7.173075675964355469e-01
7.106318473815917969e-01
6.490445137023925781e-01
6.590323448181152344e-01
6.527681350708007812e-01
6.528356075286865234e-01
