2.186629056930541992e+00
3.079671859741210938e-01
3.113965988159179688e-01
3.048534393310546875e-01
3.033204078674316406e-01
3.102822303771972656e-01
3.053767681121826172e-01
3.074841499328613281e-01
3.063230514526367188e-01
3.052620887756347656e-01
3.064575195312500000e-01
3.064987659454345703e-01
3.069832324981689453e-01
3.068256378173828125e-01
3.078851699829101562e-01
3.077600002288818359e-01
3.106548786163330078e-01
3.070669174194335938e-01
3.082277774810791016e-01
3.096661567687988281e-01
3.066797256469726562e-01
3.074481487274169922e-01
3.104872703552246094e-01
3.043332099914550781e-01
3.080618381500244141e-01
3.087620735168457031e-01
3.090238571166992188e-01
3.082602024078369141e-01
3.062191009521484375e-01
3.076729774475097656e-01
3.059344291687011719e-01
3.061208724975585938e-01
3.113563060760498047e-01
3.199090957641601562e-01
3.079791069030761719e-01
3.083083629608154297e-01
3.111016750335693359e-01
3.109111785888671875e-01
3.085639476776123047e-01
3.088862895965576172e-01
3.106155395507812500e-01
3.087837696075439453e-01
3.073949813842773438e-01
3.097259998321533203e-01
3.100695610046386719e-01
3.101592063903808594e-01
3.098475933074951172e-01
3.087146282196044922e-01
3.095080852508544922e-01
3.112020492553710938e-01
3.079776763916015625e-01
3.106746673583984375e-01
3.107743263244628906e-01
3.111124038696289062e-01
3.101744651794433594e-01
3.098318576812744141e-01
3.113758563995361328e-01
3.106381893157958984e-01
3.113241195678710938e-01
3.091287612915039062e-01
3.103089332580566406e-01
3.137373924255371094e-01
3.127362728118896484e-01
3.107039928436279297e-01
3.146815299987792969e-01
3.111841678619384766e-01
3.100605010986328125e-01
3.162078857421875000e-01
3.097245693206787109e-01
3.112635612487792969e-01
3.126173019409179688e-01
3.112983703613281250e-01
3.120028972625732422e-01
3.140740394592285156e-01
3.083152770996093750e-01
3.089618682861328125e-01
3.089406490325927734e-01
3.111770153045654297e-01
3.096132278442382812e-01
3.096630573272705078e-01
3.086335659027099609e-01
3.089733123779296875e-01
3.124587535858154297e-01
3.111670017242431641e-01
3.104476928710937500e-01
3.119170665740966797e-01
3.114967346191406250e-01
3.125157356262207031e-01
3.162324428558349609e-01
3.105020523071289062e-01
3.086428642272949219e-01
3.112299442291259766e-01
3.102169036865234375e-01
3.127713203430175781e-01
3.111498355865478516e-01
3.109915256500244141e-01
3.169517517089843750e-01
3.143889904022216797e-01
3.156449794769287109e-01
3.200538158416748047e-01
3.145813941955566406e-01
3.148663043975830078e-01
3.170719146728515625e-01
3.140950202941894531e-01
3.139667510986328125e-01
3.179831504821777344e-01
3.139014244079589844e-01
3.146214485168457031e-01
3.187234401702880859e-01
3.151302337646484375e-01
3.156487941741943359e-01
3.186569213867187500e-01
3.141951560974121094e-01
3.144474029541015625e-01
3.201398849487304688e-01
3.150477409362792969e-01
3.156013488769531250e-01
3.197386264801025391e-01
3.146479129791259766e-01
3.167850971221923828e-01
3.176770210266113281e-01
3.128092288970947266e-01
3.102085590362548828e-01
3.159091472625732422e-01
3.157665729522705078e-01
3.150024414062500000e-01
3.123564720153808594e-01
3.120620250701904297e-01
3.138141632080078125e-01
3.163542747497558594e-01
3.159639835357666016e-01
3.163137435913085938e-01
3.161351680755615234e-01
3.159143924713134766e-01
3.167693614959716797e-01
3.173954486846923828e-01
3.164968490600585938e-01
3.164565563201904297e-01
3.172824382781982422e-01
3.163394927978515625e-01
3.161511421203613281e-01
3.192143440246582031e-01
3.116486072540283203e-01
3.127880096435546875e-01
3.122820854187011719e-01
3.107023239135742188e-01
3.135876655578613281e-01
3.122007846832275391e-01
3.118813037872314453e-01
3.152229785919189453e-01
3.113396167755126953e-01
3.173151016235351562e-01
3.209943771362304688e-01
3.176422119140625000e-01
3.186135292053222656e-01
3.217058181762695312e-01
3.154566287994384766e-01
3.174986839294433594e-01
3.216955661773681641e-01
3.180210590362548828e-01
3.180949687957763672e-01
3.204708099365234375e-01
3.179070949554443359e-01
3.159701824188232422e-01
3.202013969421386719e-01
3.174614906311035156e-01
3.176660537719726562e-01
3.208341598510742188e-01
3.179419040679931641e-01
3.177971839904785156e-01
3.212432861328125000e-01
3.168556690216064453e-01
3.188681602478027344e-01
3.230931758880615234e-01
3.169109821319580078e-01
3.163259029388427734e-01
3.155715465545654297e-01
3.142068386077880859e-01
3.129010200500488281e-01
3.171207904815673828e-01
3.124346733093261719e-01
3.117699623107910156e-01
3.160989284515380859e-01
3.143422603607177734e-01
3.133490085601806641e-01
3.153469562530517578e-01
3.130168914794921875e-01
3.123116493225097656e-01
3.175516128540039062e-01
3.130545616149902344e-01
3.139879703521728516e-01
3.155772686004638672e-01
3.151001930236816406e-01
3.139092922210693359e-01
3.139336109161376953e-01
3.128421306610107422e-01
3.134365081787109375e-01
3.138802051544189453e-01
3.143408298492431641e-01
3.144326210021972656e-01
