2.325016975402832031e+00
4.396779537200927734e-01
4.464132785797119141e-01
4.398753643035888672e-01
4.431288242340087891e-01
4.411535263061523438e-01
4.584925174713134766e-01
4.411635398864746094e-01
4.442543983459472656e-01
4.395229816436767578e-01
4.396324157714843750e-01
4.449884891510009766e-01
4.393959045410156250e-01
4.406454563140869141e-01
4.420056343078613281e-01
4.391682147979736328e-01
4.447011947631835938e-01
4.419651031494140625e-01
4.422025680541992188e-01
4.460122585296630859e-01
4.423415660858154297e-01
4.410433769226074219e-01
4.478373527526855469e-01
4.419870376586914062e-01
4.410800933837890625e-01
4.452943801879882812e-01
4.406750202178955078e-01
4.432706832885742188e-01
4.418144226074218750e-01
4.418215751647949219e-01
4.422855377197265625e-01
4.435443878173828125e-01
4.447872638702392578e-01
4.488823413848876953e-01
4.420449733734130859e-01
4.459657669067382812e-01
4.424026012420654297e-01
4.423780441284179688e-01
4.444167613983154297e-01
4.446439743041992188e-01
4.423007965087890625e-01
4.454114437103271484e-01
4.441478252410888672e-01
4.423260688781738281e-01
4.435391426086425781e-01
4.434118270874023438e-01
4.423987865447998047e-01
4.457013607025146484e-01
4.431607723236083984e-01
4.466302394866943359e-01
4.445614814758300781e-01
4.431989192962646484e-01
4.464588165283203125e-01
4.444956779479980469e-01
4.440989494323730469e-01
4.445333480834960938e-01
4.421939849853515625e-01
4.427926540374755859e-01
4.482944011688232422e-01
4.447576999664306641e-01
4.430768489837646484e-01
4.511718750000000000e-01
4.447560310363769531e-01
4.466733932495117188e-01
4.495224952697753906e-01
4.459714889526367188e-01
4.454998970031738281e-01
4.481172561645507812e-01
4.445412158966064453e-01
4.447102546691894531e-01
4.489042758941650391e-01
4.447615146636962891e-01
4.476833343505859375e-01
4.492537975311279297e-01
4.537689685821533203e-01
4.476783275604248047e-01
4.509623050689697266e-01
4.463376998901367188e-01
4.459857940673828125e-01
4.485642910003662109e-01
4.450430870056152344e-01
4.456717967987060547e-01
4.526011943817138672e-01
4.483115673065185547e-01
4.492342472076416016e-01
4.597208499908447266e-01
4.469861984252929688e-01
4.482567310333251953e-01
4.496428966522216797e-01
4.468290805816650391e-01
4.471817016601562500e-01
4.458649158477783203e-01
4.472544193267822266e-01
4.504919052124023438e-01
4.468009471893310547e-01
4.787545204162597656e-01
4.555397033691406250e-01
4.526660442352294922e-01
4.526183605194091797e-01
4.564409255981445312e-01
4.522385597229003906e-01
4.489264488220214844e-01
4.571549892425537109e-01
4.518668651580810547e-01
4.511566162109375000e-01
4.562048912048339844e-01
4.510526657104492188e-01
4.485411643981933594e-01
4.529488086700439453e-01
4.499645233154296875e-01
4.485468864440917969e-01
4.526796340942382812e-01
4.498395919799804688e-01
4.498255252838134766e-01
5.541381835937500000e-01
4.567177295684814453e-01
4.487540721893310547e-01
4.692511558532714844e-01
4.506502151489257812e-01
4.528317451477050781e-01
4.588601589202880859e-01
4.545876979827880859e-01
4.512474536895751953e-01
4.595868587493896484e-01
4.555037021636962891e-01
4.522840976715087891e-01
4.564447402954101562e-01
4.531974792480468750e-01
4.494872093200683594e-01
4.577383995056152344e-01
4.534056186676025391e-01
4.528467655181884766e-01
4.571890830993652344e-01
4.525647163391113281e-01
4.525959491729736328e-01
4.570593833923339844e-01
4.532907009124755859e-01
4.561297893524169922e-01
4.559504985809326172e-01
4.539654254913330078e-01
4.521465301513671875e-01
4.570922851562500000e-01
4.683423042297363281e-01
4.578967094421386719e-01
4.611473083496093750e-01
4.480855464935302734e-01
4.786136150360107422e-01
4.597783088684082031e-01
4.502906799316406250e-01
4.801836013793945312e-01
4.570784568786621094e-01
4.550385475158691406e-01
4.576189517974853516e-01
4.542136192321777344e-01
4.673409461975097656e-01
4.846222400665283203e-01
4.608480930328369141e-01
4.567725658416748047e-01
4.627559185028076172e-01
4.566357135772705078e-01
4.564697742462158203e-01
4.560601711273193359e-01
4.546842575073242188e-01
4.523360729217529297e-01
4.603457450866699219e-01
4.745309352874755859e-01
4.538245201110839844e-01
4.567418098449707031e-01
4.561436176300048828e-01
4.579458236694335938e-01
4.621169567108154297e-01
4.568765163421630859e-01
4.551870822906494141e-01
4.584686756134033203e-01
4.553153514862060547e-01
4.572563171386718750e-01
4.579925537109375000e-01
4.546465873718261719e-01
4.540503025054931641e-01
4.587607383728027344e-01
4.560606479644775391e-01
4.536886215209960938e-01
4.567651748657226562e-01
4.561760425567626953e-01
4.524450302124023438e-01
4.574320316314697266e-01
4.540660381317138672e-01
4.542081356048583984e-01
4.574396610260009766e-01
4.538114070892333984e-01
4.544548988342285156e-01
4.581537246704101562e-01
4.562685489654541016e-01
4.685277938842773438e-01
4.927518367767333984e-01
4.603288173675537109e-01
4.559631347656250000e-01
4.767680168151855469e-01
4.580383300781250000e-01
4.581098556518554688e-01
