7.761878967285156250e-01
6.620912551879882812e-01
6.504218578338623047e-01
7.309765815734863281e-01
6.422505378723144531e-01
6.498119831085205078e-01
6.534690856933593750e-01
6.513493061065673828e-01
6.467733383178710938e-01
7.366435527801513672e-01
6.622455120086669922e-01
9.417843818664550781e-01
6.546967029571533203e-01
6.491262912750244141e-01
7.439723014831542969e-01
6.582479476928710938e-01
6.521928310394287109e-01
6.547496318817138672e-01
6.450376510620117188e-01
6.568722724914550781e-01
6.616539955139160156e-01
6.445441246032714844e-01
6.507225036621093750e-01
6.606283187866210938e-01
6.463422775268554688e-01
6.559634208679199219e-01
6.521887779235839844e-01
6.548101902008056641e-01
8.523886203765869141e-01
6.594700813293457031e-01
7.375264167785644531e-01
6.515486240386962891e-01
6.626021862030029297e-01
6.600329875946044922e-01
6.569597721099853516e-01
6.494553089141845703e-01
6.568202972412109375e-01
6.507737636566162109e-01
7.932901382446289062e-01
6.525154113769531250e-01
6.510338783264160156e-01
8.431613445281982422e-01
6.546859741210937500e-01
6.495065689086914062e-01
9.036834239959716797e-01
6.521010398864746094e-01
6.516244411468505859e-01
9.348826408386230469e-01
6.584765911102294922e-01
6.566295623779296875e-01
1.026672363281250000e+00
6.594293117523193359e-01
6.514194011688232422e-01
9.926493167877197266e-01
6.616432666778564453e-01
6.526880264282226562e-01
1.005319118499755859e+00
7.291276454925537109e-01
6.531381607055664062e-01
6.489696502685546875e-01
6.497356891632080078e-01
6.481275558471679688e-01
6.449558734893798828e-01
6.429269313812255859e-01
6.484825611114501953e-01
6.521215438842773438e-01
6.480050086975097656e-01
6.550283432006835938e-01
7.377076148986816406e-01
6.506974697113037109e-01
6.540868282318115234e-01
6.608927249908447266e-01
6.415734291076660156e-01
6.483528614044189453e-01
6.605017185211181641e-01
6.507878303527832031e-01
6.532497406005859375e-01
6.570048332214355469e-01
7.310664653778076172e-01
6.642987728118896484e-01
6.542632579803466797e-01
6.516797542572021484e-01
6.459243297576904297e-01
6.523513793945312500e-01
7.133417129516601562e-01
6.592340469360351562e-01
6.629760265350341797e-01
6.655464172363281250e-01
9.066195487976074219e-01
6.658420562744140625e-01
6.619250774383544922e-01
1.042013168334960938e+00
6.608088016510009766e-01
6.637811660766601562e-01
6.656057834625244141e-01
7.317063808441162109e-01
6.608271598815917969e-01
6.609163284301757812e-01
7.417454719543457031e-01
6.671338081359863281e-01
6.679480075836181641e-01
6.540086269378662109e-01
6.554272174835205078e-01
6.665937900543212891e-01
6.586015224456787109e-01
7.026000022888183594e-01
6.559722423553466797e-01
6.454193592071533203e-01
7.366304397583007812e-01
6.580355167388916016e-01
6.475005149841308594e-01
6.555185317993164062e-01
6.592259407043457031e-01
6.366329193115234375e-01
6.325423717498779297e-01
7.113120555877685547e-01
6.408360004425048828e-01
6.476795673370361328e-01
7.289226055145263672e-01
6.544625759124755859e-01
6.536855697631835938e-01
6.620762348175048828e-01
6.546943187713623047e-01
6.574625968933105469e-01
6.629436016082763672e-01
7.199418544769287109e-01
6.567075252532958984e-01
6.641407012939453125e-01
7.226176261901855469e-01
6.556675434112548828e-01
6.608171463012695312e-01
6.557083129882812500e-01
6.586215496063232422e-01
6.617424488067626953e-01
6.475431919097900391e-01
7.151827812194824219e-01
6.635985374450683594e-01
7.212374210357666016e-01
6.547250747680664062e-01
6.686725616455078125e-01
6.596233844757080078e-01
6.713442802429199219e-01
6.487207412719726562e-01
6.448314189910888672e-01
9.387767314910888672e-01
7.346467971801757812e-01
6.509766578674316406e-01
8.501651287078857422e-01
6.561782360076904297e-01
6.531341075897216797e-01
6.584453582763671875e-01
6.591606140136718750e-01
6.587059497833251953e-01
6.357557773590087891e-01
6.401209831237792969e-01
7.251491546630859375e-01
6.702976226806640625e-01
6.498696804046630859e-01
6.506471633911132812e-01
6.457974910736083984e-01
6.627924442291259766e-01
6.460754871368408203e-01
6.494750976562500000e-01
6.702921390533447266e-01
7.511327266693115234e-01
6.972172260284423828e-01
6.571564674377441406e-01
7.248175144195556641e-01
7.237722873687744141e-01
7.571499347686767578e-01
6.648771762847900391e-01
6.774735450744628906e-01
6.947894096374511719e-01
6.585688591003417969e-01
7.646114826202392578e-01
7.413206100463867188e-01
6.501612663269042969e-01
7.556946277618408203e-01
6.580812931060791016e-01
6.484630107879638672e-01
7.231681346893310547e-01
6.532876491546630859e-01
7.220237255096435547e-01
6.562473773956298828e-01
7.162740230560302734e-01
7.115211486816406250e-01
6.564338207244873047e-01
6.471288204193115234e-01
7.329583168029785156e-01
7.266542911529541016e-01
6.445996761322021484e-01
7.285640239715576172e-01
7.256042957305908203e-01
6.358311176300048828e-01
7.173061370849609375e-01
7.106313705444335938e-01
6.490442752838134766e-01
6.590309143066406250e-01
6.527643203735351562e-01
6.528329849243164062e-01
