2.181728839874267578e+00
3.490533828735351562e-01
3.544609546661376953e-01
3.417470455169677734e-01
3.403394222259521484e-01
3.454887866973876953e-01
3.412632942199707031e-01
3.391582965850830078e-01
3.430361747741699219e-01
3.414735794067382812e-01
3.417100906372070312e-01
3.462834358215332031e-01
3.419015407562255859e-01
3.426399230957031250e-01
3.422181606292724609e-01
3.421225547790527344e-01
3.459892272949218750e-01
3.442428112030029297e-01
3.420560359954833984e-01
3.472917079925537109e-01
3.433427810668945312e-01
3.415768146514892578e-01
3.466050624847412109e-01
3.432209491729736328e-01
3.431937694549560547e-01
3.432593345642089844e-01
3.435459136962890625e-01
3.433067798614501953e-01
3.430140018463134766e-01
3.422071933746337891e-01
3.523993492126464844e-01
3.444590568542480469e-01
3.533670902252197266e-01
4.314408302307128906e-01
3.433854579925537109e-01
3.441388607025146484e-01
3.457634449005126953e-01
3.512349128723144531e-01
3.453876972198486328e-01
3.440642356872558594e-01
3.434157371520996094e-01
3.460011482238769531e-01
3.443663120269775391e-01
3.430685997009277344e-01
3.455915451049804688e-01
3.442947864532470703e-01
3.445851802825927734e-01
3.464162349700927734e-01
3.442945480346679688e-01
3.441534042358398438e-01
3.449935913085937500e-01
3.432159423828125000e-01
3.447346687316894531e-01
3.449580669403076172e-01
3.432245254516601562e-01
3.446147441864013672e-01
3.454363346099853516e-01
3.432426452636718750e-01
3.477149009704589844e-01
3.456938266754150391e-01
3.449554443359375000e-01
3.493711948394775391e-01
3.458306789398193359e-01
3.444528579711914062e-01
3.495600223541259766e-01
3.444733619689941406e-01
3.444325923919677734e-01
3.482284545898437500e-01
3.447430133819580078e-01
3.449020385742187500e-01
3.482999801635742188e-01
3.437201976776123047e-01
3.434197902679443359e-01
3.476042747497558594e-01
3.454775810241699219e-01
3.442225456237792969e-01
3.436548709869384766e-01
3.444340229034423828e-01
3.451042175292968750e-01
3.457529544830322266e-01
3.442592620849609375e-01
3.441617488861083984e-01
3.448114395141601562e-01
3.465738296508789062e-01
3.472201824188232422e-01
3.455977439880371094e-01
3.451821804046630859e-01
3.462121486663818359e-01
3.476104736328125000e-01
3.460073471069335938e-01
3.467149734497070312e-01
3.458600044250488281e-01
3.458111286163330078e-01
3.514060974121093750e-01
3.471117019653320312e-01
3.464157581329345703e-01
3.554334640502929688e-01
3.545603752136230469e-01
3.488602638244628906e-01
3.857412338256835938e-01
3.537197113037109375e-01
3.508284091949462891e-01
3.888907432556152344e-01
3.547728061676025391e-01
3.468446731567382812e-01
3.799273967742919922e-01
3.527164459228515625e-01
3.476305007934570312e-01
4.002320766448974609e-01
3.526978492736816406e-01
3.453497886657714844e-01
3.881814479827880859e-01
3.505785465240478516e-01
3.477685451507568359e-01
4.044110774993896484e-01
3.516261577606201172e-01
3.535659313201904297e-01
3.847615718841552734e-01
3.501462936401367188e-01
3.489475250244140625e-01
3.721709251403808594e-01
3.528888225555419922e-01
3.572049140930175781e-01
3.725719451904296875e-01
3.515720367431640625e-01
3.689644336700439453e-01
3.511743545532226562e-01
3.489799499511718750e-01
3.474280834197998047e-01
3.569002151489257812e-01
3.488745689392089844e-01
3.524258136749267578e-01
3.535611629486083984e-01
3.467636108398437500e-01
3.514559268951416016e-01
3.560631275177001953e-01
3.489108085632324219e-01
3.513333797454833984e-01
3.567059040069580078e-01
3.480749130249023438e-01
3.530869483947753906e-01
3.543436527252197266e-01
3.495340347290039062e-01
3.498244285583496094e-01
3.500378131866455078e-01
3.490746021270751953e-01
3.538279533386230469e-01
3.508605957031250000e-01
3.498818874359130859e-01
3.558974266052246094e-01
3.511893749237060547e-01
3.583283424377441406e-01
3.655221462249755859e-01
3.618113994598388672e-01
3.601174354553222656e-01
3.661379814147949219e-01
3.616094589233398438e-01
3.502736091613769531e-01
3.771307468414306641e-01
3.584594726562500000e-01
3.528475761413574219e-01
3.959319591522216797e-01
3.577055931091308594e-01
3.513362407684326172e-01
3.855512142181396484e-01
3.575437068939208984e-01
3.501024246215820312e-01
4.132778644561767578e-01
3.583810329437255859e-01
3.532624244689941406e-01
4.055907726287841797e-01
3.577389717102050781e-01
3.483734130859375000e-01
3.781366348266601562e-01
3.582739830017089844e-01
3.566894531250000000e-01
3.545689582824707031e-01
3.512334823608398438e-01
3.525216579437255859e-01
3.567728996276855469e-01
3.530015945434570312e-01
3.510665893554687500e-01
3.628227710723876953e-01
3.515584468841552734e-01
3.515982627868652344e-01
3.569881916046142578e-01
3.515181541442871094e-01
3.514266014099121094e-01
3.570513725280761719e-01
3.513262271881103516e-01
3.513667583465576172e-01
3.548719882965087891e-01
3.512744903564453125e-01
3.510863780975341797e-01
3.519747257232666016e-01
3.512618541717529297e-01
3.518462181091308594e-01
3.517687320709228516e-01
3.517599105834960938e-01
3.531637191772460938e-01
