2.198670148849487305e+00
3.853135108947753906e-01
3.908619880676269531e-01
3.861088752746582031e-01
3.877413272857666016e-01
3.919584751129150391e-01
3.890783786773681641e-01
3.857226371765136719e-01
3.888804912567138672e-01
3.876283168792724609e-01
3.881459236145019531e-01
3.856558799743652344e-01
3.871927261352539062e-01
3.862671852111816406e-01
3.863315582275390625e-01
3.879096508026123047e-01
3.920640945434570312e-01
3.902099132537841797e-01
3.877756595611572266e-01
3.917508125305175781e-01
3.897440433502197266e-01
3.850495815277099609e-01
3.907935619354248047e-01
3.909947872161865234e-01
3.871443271636962891e-01
3.874855041503906250e-01
3.907268047332763672e-01
3.875510692596435547e-01
3.899867534637451172e-01
3.858542442321777344e-01
3.876130580902099609e-01
3.955063819885253906e-01
3.870379924774169922e-01
3.933067321777343750e-01
3.867130279541015625e-01
3.892133235931396484e-01
3.874187469482421875e-01
3.886322975158691406e-01
3.888370990753173828e-01
3.864810466766357422e-01
3.895900249481201172e-01
3.927116394042968750e-01
3.857891559600830078e-01
3.894245624542236328e-01
3.911035060882568359e-01
3.854861259460449219e-01
3.903741836547851562e-01
3.928551673889160156e-01
3.901963233947753906e-01
3.874411582946777344e-01
3.912734985351562500e-01
3.892946243286132812e-01
3.883457183837890625e-01
3.913590908050537109e-01
3.897366523742675781e-01
3.902704715728759766e-01
3.881194591522216797e-01
3.933496475219726562e-01
3.944258689880371094e-01
3.899521827697753906e-01
3.921272754669189453e-01
3.946967124938964844e-01
3.881764411926269531e-01
3.921344280242919922e-01
3.941507339477539062e-01
3.899316787719726562e-01
3.890280723571777344e-01
3.910808563232421875e-01
3.920783996582031250e-01
3.902628421783447266e-01
3.941259384155273438e-01
3.878457546234130859e-01
3.874435424804687500e-01
3.932168483734130859e-01
3.905451297760009766e-01
3.967399597167968750e-01
3.936059474945068359e-01
3.912105560302734375e-01
3.882048130035400391e-01
3.922338485717773438e-01
3.923497200012207031e-01
3.880352973937988281e-01
3.948140144348144531e-01
3.942091464996337891e-01
3.816931247711181641e-01
3.916795253753662109e-01
3.921499252319335938e-01
3.964936733245849609e-01
3.937578201293945312e-01
3.930377960205078125e-01
3.962161540985107422e-01
3.931057453155517578e-01
3.945529460906982422e-01
3.980641365051269531e-01
3.922975063323974609e-01
4.121665954589843750e-01
4.016301631927490234e-01
3.941712379455566406e-01
3.989255428314208984e-01
4.032335281372070312e-01
3.951458930969238281e-01
3.962724208831787109e-01
4.005417823791503906e-01
3.955714702606201172e-01
3.974683284759521484e-01
4.021339416503906250e-01
3.917212486267089844e-01
3.908231258392333984e-01
3.975229263305664062e-01
3.919343948364257812e-01
3.907387256622314453e-01
3.983933925628662109e-01
3.931567668914794922e-01
3.987660408020019531e-01
4.034798145294189453e-01
3.975760936737060547e-01
3.974630832672119141e-01
4.012012481689453125e-01
3.915588855743408203e-01
3.978445529937744141e-01
4.025416374206542969e-01
3.965132236480712891e-01
3.954813480377197266e-01
4.050827026367187500e-01
3.957638740539550781e-01
3.998730182647705078e-01
3.979232311248779297e-01
3.937149047851562500e-01
3.958957195281982422e-01
3.961660861968994141e-01
3.946943283081054688e-01
3.953197002410888672e-01
3.967864513397216797e-01
3.963994979858398438e-01
3.978288173675537109e-01
3.924963474273681641e-01
3.922615051269531250e-01
3.983910083770751953e-01
3.967356681823730469e-01
3.958947658538818359e-01
3.950972557067871094e-01
3.965549468994140625e-01
3.962006568908691406e-01
3.955619335174560547e-01
3.949906826019287109e-01
3.955714702606201172e-01
3.994355201721191406e-01
3.964650630950927734e-01
3.979933261871337891e-01
4.015376567840576172e-01
3.954067230224609375e-01
3.946757316589355469e-01
3.992450237274169922e-01
3.956651687622070312e-01
3.974437713623046875e-01
4.488103389739990234e-01
3.918926715850830078e-01
3.783085346221923828e-01
4.038126468658447266e-01
3.951690196990966797e-01
3.882639408111572266e-01
4.090461730957031250e-01
3.948235511779785156e-01
3.952155113220214844e-01
4.008498191833496094e-01
3.962111473083496094e-01
3.783354759216308594e-01
4.284768104553222656e-01
3.961110115051269531e-01
3.975682258605957031e-01
4.028067588806152344e-01
3.984544277191162109e-01
3.783113956451416016e-01
4.307734966278076172e-01
3.904232978820800781e-01
3.783347606658935547e-01
4.194061756134033203e-01
4.046053886413574219e-01
3.974075317382812500e-01
4.025404453277587891e-01
3.967258930206298828e-01
3.979058265686035156e-01
4.029071331024169922e-01
3.968465328216552734e-01
3.970327377319335938e-01
4.035267829895019531e-01
3.966703414916992188e-01
3.965461254119873047e-01
4.041359424591064453e-01
3.957169055938720703e-01
3.973352909088134766e-01
3.987708091735839844e-01
3.967819213867187500e-01
3.978404998779296875e-01
3.962345123291015625e-01
3.966143131256103516e-01
3.973588943481445312e-01
3.968284130096435547e-01
3.971025943756103516e-01
3.863155841827392578e-01
