7.761936187744140625e-01
6.620910167694091797e-01
6.504225730895996094e-01
7.309744358062744141e-01
6.422510147094726562e-01
6.498179435729980469e-01
6.534678936004638672e-01
6.513545513153076172e-01
6.467833518981933594e-01
7.366495132446289062e-01
6.622524261474609375e-01
9.417951107025146484e-01
6.547017097473144531e-01
6.491315364837646484e-01
7.439792156219482422e-01
6.582546234130859375e-01
6.522002220153808594e-01
6.547505855560302734e-01
6.450390815734863281e-01
6.568706035614013672e-01
6.616528034210205078e-01
6.445469856262207031e-01
6.507177352905273438e-01
6.606321334838867188e-01
6.463441848754882812e-01
6.559550762176513672e-01
6.521923542022705078e-01
6.548101902008056641e-01
8.523898124694824219e-01
6.594731807708740234e-01
7.375335693359375000e-01
6.515634059906005859e-01
6.626172065734863281e-01
6.600358486175537109e-01
6.569535732269287109e-01
6.494667530059814453e-01
6.568405628204345703e-01
6.507806777954101562e-01
7.932989597320556641e-01
6.525216102600097656e-01
6.510400772094726562e-01
8.431701660156250000e-01
6.546919345855712891e-01
6.495137214660644531e-01
9.036905765533447266e-01
6.521050930023193359e-01
6.516327857971191406e-01
9.349050521850585938e-01
6.584832668304443359e-01
6.566340923309326172e-01
1.026680946350097656e+00
6.594290733337402344e-01
6.514184474945068359e-01
9.926581382751464844e-01
6.616492271423339844e-01
6.526951789855957031e-01
1.005322456359863281e+00
7.291383743286132812e-01
6.531453132629394531e-01
6.489763259887695312e-01
6.497414112091064453e-01
6.481320858001708984e-01
6.449611186981201172e-01
6.429309844970703125e-01
6.484870910644531250e-01
6.521272659301757812e-01
6.480114459991455078e-01
6.550326347351074219e-01
7.377009391784667969e-01
6.507055759429931641e-01
6.540904045104980469e-01
6.609015464782714844e-01
6.415765285491943359e-01
6.483528614044189453e-01
6.604847908020019531e-01
6.507811546325683594e-01
6.532521247863769531e-01
6.570029258728027344e-01
7.310650348663330078e-01
6.642963886260986328e-01
6.542651653289794922e-01
6.516778469085693359e-01
6.459283828735351562e-01
6.523559093475341797e-01
7.133524417877197266e-01
6.592366695404052734e-01
6.629815101623535156e-01
6.655514240264892578e-01
9.066281318664550781e-01
6.658363342285156250e-01
6.619219779968261719e-01
1.042020797729492188e+00
6.608071327209472656e-01
6.637794971466064453e-01
6.656057834625244141e-01
7.317073345184326172e-01
6.608340740203857422e-01
6.609244346618652344e-01
7.417528629302978516e-01
6.671402454376220703e-01
6.679565906524658203e-01
6.540141105651855469e-01
6.554381847381591797e-01
6.666023731231689453e-01
6.586093902587890625e-01
7.026090621948242188e-01
6.559798717498779297e-01
6.454272270202636719e-01
7.366371154785156250e-01
6.580369472503662109e-01
6.475136280059814453e-01
6.555366516113281250e-01
6.592335700988769531e-01
6.366305351257324219e-01
6.325531005859375000e-01
7.113177776336669922e-01
6.408500671386718750e-01
6.476840972900390625e-01
7.289347648620605469e-01
6.544744968414306641e-01
6.536812782287597656e-01
6.620838642120361328e-01
6.546943187713623047e-01
6.574738025665283203e-01
6.629536151885986328e-01
7.199447154998779297e-01
6.567058563232421875e-01
6.641426086425781250e-01
7.226295471191406250e-01
6.556770801544189453e-01
6.608321666717529297e-01
6.557140350341796875e-01
6.586306095123291016e-01
6.617531776428222656e-01
6.475551128387451172e-01
7.151944637298583984e-01
6.636049747467041016e-01
7.212378978729248047e-01
6.547386646270751953e-01
6.686816215515136719e-01
6.596384048461914062e-01
6.713411808013916016e-01
6.487152576446533203e-01
6.448309421539306641e-01
9.387733936309814453e-01
7.346484661102294922e-01
6.509592533111572266e-01
8.501684665679931641e-01
6.561837196350097656e-01
6.531348228454589844e-01
6.584451198577880859e-01
6.591625213623046875e-01
6.587092876434326172e-01
6.357650756835937500e-01
6.401326656341552734e-01
7.251515388488769531e-01
6.703052520751953125e-01
6.498780250549316406e-01
6.506695747375488281e-01
6.458065509796142578e-01
6.628012657165527344e-01
6.460924148559570312e-01
6.494832038879394531e-01
6.703026294708251953e-01
7.511491775512695312e-01
6.972289085388183594e-01
6.571698188781738281e-01
7.248237133026123047e-01
7.237727642059326172e-01
7.571587562561035156e-01
6.648890972137451172e-01
6.774804592132568359e-01
6.947970390319824219e-01
6.585850715637207031e-01
7.646446228027343750e-01
7.413189411163330078e-01
6.501555442810058594e-01
7.556972503662109375e-01
6.580777168273925781e-01
6.484527587890625000e-01
7.231695652008056641e-01
6.532871723175048828e-01
7.220215797424316406e-01
6.562454700469970703e-01
7.162759304046630859e-01
7.115142345428466797e-01
6.564338207244873047e-01
6.471266746520996094e-01
7.329566478729248047e-01
7.266542911529541016e-01
6.445982456207275391e-01
7.285625934600830078e-01
7.255966663360595703e-01
6.358239650726318359e-01
7.173013687133789062e-01
7.106285095214843750e-01
6.490433216094970703e-01
6.590280532836914062e-01
6.527585983276367188e-01
6.528327465057373047e-01
