7.761914730072021484e-01
6.620967388153076172e-01
6.504263877868652344e-01
7.309796810150146484e-01
6.422669887542724609e-01
6.498231887817382812e-01
6.534571647644042969e-01
6.512849330902099609e-01
6.467871665954589844e-01
7.366626262664794922e-01
6.622509956359863281e-01
9.418075084686279297e-01
6.547186374664306641e-01
6.491429805755615234e-01
7.439780235290527344e-01
6.582548618316650391e-01
6.522114276885986328e-01
6.547558307647705078e-01
6.450524330139160156e-01
6.568865776062011719e-01
6.616635322570800781e-01
6.445589065551757812e-01
6.507186889648437500e-01
6.606431007385253906e-01
6.463384628295898438e-01
6.559638977050781250e-01
6.522064208984375000e-01
6.548295021057128906e-01
8.524096012115478516e-01
6.594877243041992188e-01
7.375605106353759766e-01
6.515705585479736328e-01
6.626255512237548828e-01
6.600413322448730469e-01
6.569733619689941406e-01
6.494824886322021484e-01
6.568460464477539062e-01
6.507904529571533203e-01
7.933106422424316406e-01
6.525270938873291016e-01
6.510601043701171875e-01
8.431851863861083984e-01
6.547088623046875000e-01
6.495232582092285156e-01
9.036867618560791016e-01
6.521124839782714844e-01
6.516451835632324219e-01
9.349362850189208984e-01
6.584935188293457031e-01
6.566452980041503906e-01
1.026695251464843750e+00
6.594498157501220703e-01
6.514313220977783203e-01
9.926800727844238281e-01
6.616592407226562500e-01
6.527059078216552734e-01
1.005317449569702148e+00
7.291347980499267578e-01
6.531388759613037109e-01
6.489884853363037109e-01
6.497454643249511719e-01
6.481359004974365234e-01
6.449823379516601562e-01
6.429345607757568359e-01
6.484866142272949219e-01
6.521210670471191406e-01
6.480190753936767578e-01
6.550481319427490234e-01
7.377159595489501953e-01
6.507170200347900391e-01
6.541001796722412109e-01
6.609117984771728516e-01
6.415889263153076172e-01
6.483716964721679688e-01
6.605050563812255859e-01
6.507899761199951172e-01
6.532649993896484375e-01
6.569967269897460938e-01
7.310769557952880859e-01
6.643016338348388672e-01
6.542768478393554688e-01
6.516835689544677734e-01
6.459412574768066406e-01
6.523654460906982422e-01
7.133364677429199219e-01
6.592347621917724609e-01
6.629836559295654297e-01
6.655461788177490234e-01
9.066131114959716797e-01
6.658422946929931641e-01
6.619229316711425781e-01
1.042014598846435547e+00
6.608066558837890625e-01
6.637899875640869141e-01
6.656064987182617188e-01
7.317087650299072266e-01
6.608314514160156250e-01
6.609237194061279297e-01
7.417531013488769531e-01
6.671397686004638672e-01
6.679549217224121094e-01
6.540141105651855469e-01
6.554396152496337891e-01
6.665990352630615234e-01
6.586170196533203125e-01
7.026095390319824219e-01
6.559906005859375000e-01
6.454319953918457031e-01
7.366452217102050781e-01
6.580386161804199219e-01
6.475231647491455078e-01
6.555454730987548828e-01
6.592347621917724609e-01
6.366283893585205078e-01
6.325526237487792969e-01
7.113230228424072266e-01
6.408519744873046875e-01
6.476929187774658203e-01
7.289392948150634766e-01
6.544675827026367188e-01
6.536912918090820312e-01
6.620812416076660156e-01
6.546940803527832031e-01
6.574726104736328125e-01
6.629517078399658203e-01
7.199349403381347656e-01
6.567010879516601562e-01
6.641466617584228516e-01
7.226369380950927734e-01
6.556730270385742188e-01
6.608257293701171875e-01
6.557180881500244141e-01
6.586296558380126953e-01
6.617491245269775391e-01
6.475586891174316406e-01
7.151889801025390625e-01
6.636083126068115234e-01
7.212550640106201172e-01
6.548888683319091797e-01
6.686785221099853516e-01
6.596393585205078125e-01
6.713533401489257812e-01
6.487252712249755859e-01
6.448223590850830078e-01
9.387841224670410156e-01
7.346570491790771484e-01
6.509773731231689453e-01
8.501639366149902344e-01
6.561932563781738281e-01
6.531476974487304688e-01
6.584596633911132812e-01
6.591708660125732422e-01
6.587114334106445312e-01
6.357614994049072266e-01
6.401305198669433594e-01
7.251479625701904297e-01
6.703028678894042969e-01
6.498749256134033203e-01
6.506669521331787109e-01
6.458036899566650391e-01
6.628127098083496094e-01
6.460835933685302734e-01
6.494870185852050781e-01
6.702971458435058594e-01
7.511470317840576172e-01
6.972191333770751953e-01
6.571748256683349609e-01
7.248342037200927734e-01
7.237751483917236328e-01
7.571580410003662109e-01
6.648859977722167969e-01
6.774907112121582031e-01
6.947884559631347656e-01
6.585848331451416016e-01
7.646572589874267578e-01
7.413220405578613281e-01
6.501548290252685547e-01
7.557001113891601562e-01
6.580786705017089844e-01
6.484720706939697266e-01
7.231681346893310547e-01
6.532933712005615234e-01
7.220346927642822266e-01
6.562449932098388672e-01
7.162635326385498047e-01
7.115201950073242188e-01
6.564328670501708984e-01
6.471259593963623047e-01
7.329692840576171875e-01
7.266511917114257812e-01
6.446042060852050781e-01
7.285614013671875000e-01
7.186040878295898438e-01
6.358368396759033203e-01
7.173259258270263672e-01
7.106311321258544922e-01
6.490392684936523438e-01
6.590313911437988281e-01
6.527686119079589844e-01
6.528329849243164062e-01
