2.245022296905517578e+00
3.904125690460205078e-01
3.922600746154785156e-01
3.892836570739746094e-01
4.093642234802246094e-01
4.189891815185546875e-01
3.960795402526855469e-01
3.901922702789306641e-01
3.922836780548095703e-01
3.870518207550048828e-01
3.883805274963378906e-01
3.908553123474121094e-01
3.890550136566162109e-01
3.925797939300537109e-01
3.907804489135742188e-01
3.913516998291015625e-01
3.919951915740966797e-01
3.897171020507812500e-01
3.892469406127929688e-01
3.965144157409667969e-01
3.885645866394042969e-01
3.905501365661621094e-01
3.932075500488281250e-01
3.893043994903564453e-01
3.912937641143798828e-01
3.923802375793457031e-01
3.903732299804687500e-01
3.925230503082275391e-01
3.920104503631591797e-01
3.915827274322509766e-01
3.945627212524414062e-01
3.902881145477294922e-01
3.893485069274902344e-01
4.006602764129638672e-01
3.914656639099121094e-01
3.955929279327392578e-01
3.923020362854003906e-01
3.941102027893066406e-01
3.930625915527343750e-01
3.935093879699707031e-01
3.904910087585449219e-01
3.937869071960449219e-01
3.914668560028076172e-01
3.921625614166259766e-01
3.915448188781738281e-01
3.924698829650878906e-01
3.916237354278564453e-01
3.922023773193359375e-01
3.918232917785644531e-01
3.956637382507324219e-01
3.934428691864013672e-01
3.940267562866210938e-01
3.948707580566406250e-01
3.939640522003173828e-01
3.925504684448242188e-01
3.929846286773681641e-01
3.863184452056884766e-01
3.786540031433105469e-01
3.942906856536865234e-01
3.859622478485107422e-01
3.784918785095214844e-01
4.110825061798095703e-01
3.905038833618164062e-01
3.798394203186035156e-01
4.171619415283203125e-01
3.848500251770019531e-01
4.102206230163574219e-01
3.981943130493164062e-01
3.922100067138671875e-01
3.927028179168701172e-01
3.981959819793701172e-01
3.953590393066406250e-01
4.112701416015625000e-01
3.964059352874755859e-01
3.937737941741943359e-01
3.870301246643066406e-01
3.984007835388183594e-01
3.919520378112792969e-01
3.925411701202392578e-01
3.947787284851074219e-01
3.935825824737548828e-01
3.923678398132324219e-01
3.968386650085449219e-01
3.953061103820800781e-01
3.919425010681152344e-01
4.006843566894531250e-01
3.977968692779541016e-01
3.965227603912353516e-01
3.999676704406738281e-01
3.983039855957031250e-01
3.991820812225341797e-01
3.992626667022705078e-01
3.982868194580078125e-01
4.027745723724365234e-01
3.994760513305664062e-01
4.286010265350341797e-01
4.086267948150634766e-01
4.015176296234130859e-01
4.029119014739990234e-01
4.068279266357421875e-01
4.006223678588867188e-01
4.001932144165039062e-01
4.060814380645751953e-01
4.000024795532226562e-01
4.023444652557373047e-01
4.029982089996337891e-01
3.998019695281982422e-01
3.993413448333740234e-01
3.982415199279785156e-01
3.965611457824707031e-01
3.991963863372802734e-01
4.008398056030273438e-01
3.960416316986083984e-01
4.005069732666015625e-01
4.104635715484619141e-01
3.945317268371582031e-01
3.927998542785644531e-01
3.971920013427734375e-01
3.951623439788818359e-01
4.011533260345458984e-01
4.044890403747558594e-01
3.993968963623046875e-01
3.984203338623046875e-01
4.056637287139892578e-01
3.996193408966064453e-01
4.009757041931152344e-01
4.047224521636962891e-01
4.001326560974121094e-01
4.007782936096191406e-01
4.034705162048339844e-01
3.998985290527343750e-01
4.006373882293701172e-01
4.051575660705566406e-01
3.990750312805175781e-01
4.010217189788818359e-01
3.966529369354248047e-01
3.971014022827148438e-01
3.982656002044677734e-01
4.033620357513427734e-01
3.992195129394531250e-01
4.035964012145996094e-01
4.049258232116699219e-01
3.996839523315429688e-01
3.962554931640625000e-01
4.009773731231689453e-01
3.965933322906494141e-01
3.991272449493408203e-01
4.009807109832763672e-01
3.945746421813964844e-01
4.005026817321777344e-01
4.030735492706298828e-01
3.963530063629150391e-01
4.040424823760986328e-01
4.011602401733398438e-01
3.940978050231933594e-01
4.077200889587402344e-01
4.049251079559326172e-01
4.013047218322753906e-01
4.208056926727294922e-01
3.942391872406005859e-01
4.039051532745361328e-01
4.298884868621826172e-01
3.948612213134765625e-01
3.840875625610351562e-01
4.119949340820312500e-01
4.026458263397216797e-01
3.985795974731445312e-01
4.035258293151855469e-01
4.033207893371582031e-01
4.028668403625488281e-01
4.082329273223876953e-01
4.008700847625732422e-01
4.001979827880859375e-01
4.011540412902832031e-01
3.998224735260009766e-01
3.982057571411132812e-01
4.021613597869873047e-01
3.953454494476318359e-01
3.857989311218261719e-01
4.297451972961425781e-01
3.962714672088623047e-01
3.840410709381103516e-01
4.325232505798339844e-01
3.936326503753662109e-01
3.855025768280029297e-01
4.100399017333984375e-01
3.912296295166015625e-01
3.864324092864990234e-01
4.272561073303222656e-01
3.905129432678222656e-01
3.871231079101562500e-01
4.261462688446044922e-01
3.881082534790039062e-01
3.985841274261474609e-01
3.989222049713134766e-01
3.941283226013183594e-01
3.941371440887451172e-01
3.956251144409179688e-01
4.022855758666992188e-01
4.040806293487548828e-01
