7.761881351470947266e-01
6.620755195617675781e-01
6.504211425781250000e-01
7.309663295745849609e-01
6.422517299652099609e-01
6.498265266418457031e-01
6.534669399261474609e-01
6.513462066650390625e-01
6.467587947845458984e-01
7.366437911987304688e-01
6.622443199157714844e-01
9.417886734008789062e-01
6.546955108642578125e-01
6.491241455078125000e-01
7.439751625061035156e-01
6.582458019256591797e-01
6.521925926208496094e-01
6.547546386718750000e-01
6.450374126434326172e-01
6.568689346313476562e-01
6.616473197937011719e-01
6.445462703704833984e-01
6.507213115692138672e-01
6.606268882751464844e-01
6.463375091552734375e-01
6.559457778930664062e-01
6.521904468536376953e-01
6.548089981079101562e-01
8.523871898651123047e-01
6.594738960266113281e-01
7.375309467315673828e-01
6.515510082244873047e-01
6.626086235046386719e-01
6.600389480590820312e-01
6.569588184356689453e-01
6.494643688201904297e-01
6.568334102630615234e-01
6.507713794708251953e-01
7.932796478271484375e-01
6.525194644927978516e-01
6.510322093963623047e-01
8.431308269500732422e-01
6.546833515167236328e-01
6.495068073272705078e-01
9.036686420440673828e-01
6.521012783050537109e-01
6.516180038452148438e-01
9.348826408386230469e-01
6.584799289703369141e-01
6.566295623779296875e-01
1.026662349700927734e+00
6.594300270080566406e-01
6.514129638671875000e-01
9.926183223724365234e-01
6.616451740264892578e-01
6.526889801025390625e-01
1.005315542221069336e+00
7.291324138641357422e-01
6.531393527984619141e-01
6.489613056182861328e-01
6.497333049774169922e-01
6.481230258941650391e-01
6.449520587921142578e-01
6.429245471954345703e-01
6.484818458557128906e-01
6.521229743957519531e-01
6.480069160461425781e-01
6.550343036651611328e-01
7.377009391784667969e-01
6.507070064544677734e-01
6.540703773498535156e-01
6.608948707580566406e-01
6.415739059448242188e-01
6.483492851257324219e-01
6.604945659637451172e-01
6.507775783538818359e-01
6.532521247863769531e-01
6.570043563842773438e-01
7.310645580291748047e-01
6.642944812774658203e-01
6.542558670043945312e-01
6.516880989074707031e-01
6.459209918975830078e-01
6.523501873016357422e-01
7.133433818817138672e-01
6.592292785644531250e-01
6.629688739776611328e-01
6.655461788177490234e-01
9.066071510314941406e-01
6.658349037170410156e-01
6.619195938110351562e-01
1.042003393173217773e+00
6.608061790466308594e-01
6.637792587280273438e-01
6.656024456024169922e-01
7.317030429840087891e-01
6.608250141143798828e-01
6.609120368957519531e-01
7.417485713958740234e-01
6.671297550201416016e-01
6.679472923278808594e-01
6.540091037750244141e-01
6.554300785064697266e-01
6.665952205657958984e-01
6.586034297943115234e-01
7.026007175445556641e-01
6.559712886810302734e-01
6.454274654388427734e-01
7.366328239440917969e-01
6.580343246459960938e-01
6.475090980529785156e-01
6.555299758911132812e-01
6.592183113098144531e-01
6.366336345672607422e-01
6.325445175170898438e-01
7.113049030303955078e-01
6.408429145812988281e-01
6.476807594299316406e-01
7.289173603057861328e-01
6.544604301452636719e-01
6.536777019500732422e-01
6.620755195617675781e-01
6.546902656555175781e-01
6.574642658233642578e-01
6.629452705383300781e-01
7.199409008026123047e-01
6.567022800445556641e-01
6.641411781311035156e-01
7.226285934448242188e-01
6.556675434112548828e-01
6.608192920684814453e-01
6.557009220123291016e-01
6.586217880249023438e-01
6.617503166198730469e-01
6.475491523742675781e-01
7.151856422424316406e-01
6.635932922363281250e-01
7.212307453155517578e-01
6.547222137451171875e-01
6.686754226684570312e-01
6.596250534057617188e-01
6.713452339172363281e-01
6.487231254577636719e-01
6.448225975036621094e-01
9.387750625610351562e-01
7.346453666687011719e-01
6.509695053100585938e-01
8.501567840576171875e-01
6.561768054962158203e-01
6.531314849853515625e-01
6.584458351135253906e-01
6.591582298278808594e-01
6.587009429931640625e-01
6.357576847076416016e-01
6.401200294494628906e-01
7.251427173614501953e-01
6.702980995178222656e-01
6.498649120330810547e-01
6.506648063659667969e-01
6.458013057708740234e-01
6.627984046936035156e-01
6.460802555084228516e-01
6.494772434234619141e-01
6.702942848205566406e-01
7.511289119720458984e-01
6.972162723541259766e-01
6.571626663208007812e-01
7.248251438140869141e-01
7.237629890441894531e-01
7.571413516998291016e-01
6.648809909820556641e-01
6.774747371673583984e-01
6.947963237762451172e-01
6.585714817047119141e-01
7.646400928497314453e-01
7.413160800933837891e-01
6.501593589782714844e-01
7.556910514831542969e-01
6.580746173858642578e-01
6.484527587890625000e-01
7.231671810150146484e-01
6.532833576202392578e-01
7.220256328582763672e-01
6.562440395355224609e-01
7.162728309631347656e-01
7.115118503570556641e-01
6.564309597015380859e-01
6.471254825592041016e-01
7.329609394073486328e-01
7.266523838043212891e-01
6.445839405059814453e-01
7.285609245300292969e-01
7.255997657775878906e-01
6.358261108398437500e-01
7.172996997833251953e-01
7.106275558471679688e-01
6.490395069122314453e-01
6.590249538421630859e-01
6.527633666992187500e-01
6.528301239013671875e-01
