2.080099582672119141e+00
2.486813068389892578e-01
2.508707046508789062e-01
2.486331462860107422e-01
2.476556301116943359e-01
2.520766258239746094e-01
2.490038871765136719e-01
2.510604858398437500e-01
2.548367977142333984e-01
2.475202083587646484e-01
2.513563632965087891e-01
2.543051242828369141e-01
2.468895912170410156e-01
2.497293949127197266e-01
2.536695003509521484e-01
2.467520236968994141e-01
2.811436653137207031e-01
2.566058635711669922e-01
2.540524005889892578e-01
2.535960674285888672e-01
2.529835700988769531e-01
2.491769790649414062e-01
2.524120807647705078e-01
2.493329048156738281e-01
2.495467662811279297e-01
2.505624294281005859e-01
2.500867843627929688e-01
2.491941452026367188e-01
2.493872642517089844e-01
2.502439022064208984e-01
2.516875267028808594e-01
2.513303756713867188e-01
2.506594657897949219e-01
2.575104236602783203e-01
2.492382526397705078e-01
2.500598430633544922e-01
2.507474422454833984e-01
2.901148796081542969e-01
2.536299228668212891e-01
2.479782104492187500e-01
2.520186901092529297e-01
2.530183792114257812e-01
2.478981018066406250e-01
2.525339126586914062e-01
2.552208900451660156e-01
2.480630874633789062e-01
2.512345314025878906e-01
2.550439834594726562e-01
2.491080760955810547e-01
2.519049644470214844e-01
2.534418106079101562e-01
2.467529773712158203e-01
2.527263164520263672e-01
2.552633285522460938e-01
2.462768554687500000e-01
2.523250579833984375e-01
2.551529407501220703e-01
2.460925579071044922e-01
2.642600536346435547e-01
2.549090385437011719e-01
2.497220039367675781e-01
2.884764671325683594e-01
2.549211978912353516e-01
2.498476505279541016e-01
2.834887504577636719e-01
2.518417835235595703e-01
2.511899471282958984e-01
2.637555599212646484e-01
2.497010231018066406e-01
2.522215843200683594e-01
2.602450847625732422e-01
2.488400936126708984e-01
2.508313655853271484e-01
2.535119056701660156e-01
2.486305236816406250e-01
2.517967224121093750e-01
2.511177062988281250e-01
2.508647441864013672e-01
2.509274482727050781e-01
2.511546611785888672e-01
2.507960796356201172e-01
2.517893314361572266e-01
2.514898777008056641e-01
2.503056526184082031e-01
2.507553100585937500e-01
2.561187744140625000e-01
2.518095970153808594e-01
2.534804344177246094e-01
2.558627128601074219e-01
2.476761341094970703e-01
2.551572322845458984e-01
2.520699501037597656e-01
2.540113925933837891e-01
2.552781105041503906e-01
2.523813247680664062e-01
2.519280910491943359e-01
2.582292556762695312e-01
2.532725334167480469e-01
2.539210319519042969e-01
2.582952976226806641e-01
2.574422359466552734e-01
2.545409202575683594e-01
2.564415931701660156e-01
2.531390190124511719e-01
2.540886402130126953e-01
2.570743560791015625e-01
2.526164054870605469e-01
2.540698051452636719e-01
2.572112083435058594e-01
2.538492679595947266e-01
2.542579174041748047e-01
2.581973075866699219e-01
2.537333965301513672e-01
2.540774345397949219e-01
2.581241130828857422e-01
2.552864551544189453e-01
2.544507980346679688e-01
2.591550350189208984e-01
2.548110485076904297e-01
2.544400691986083984e-01
2.589776515960693359e-01
2.540636062622070312e-01
2.529428005218505859e-01
2.552263736724853516e-01
2.548940181732177734e-01
2.541005611419677734e-01
2.529699802398681641e-01
2.532815933227539062e-01
2.547428607940673828e-01
2.554686069488525391e-01
2.544851303100585938e-01
2.547631263732910156e-01
2.556879520416259766e-01
2.548696994781494141e-01
2.552394866943359375e-01
2.567021846771240234e-01
2.552690505981445312e-01
2.552311420440673828e-01
2.568230628967285156e-01
2.551031112670898438e-01
2.558035850524902344e-01
2.589850425720214844e-01
2.529230117797851562e-01
2.548501491546630859e-01
2.541549205780029297e-01
2.534992694854736328e-01
2.559938430786132812e-01
2.541894912719726562e-01
2.548797130584716797e-01
2.585470676422119141e-01
2.539572715759277344e-01
2.577476501464843750e-01
2.617952823638916016e-01
2.560706138610839844e-01
2.571825981140136719e-01
2.603051662445068359e-01
2.573502063751220703e-01
2.574079036712646484e-01
2.609291076660156250e-01
2.569479942321777344e-01
2.558093070983886719e-01
2.616465091705322266e-01
2.557923793792724609e-01
2.562735080718994141e-01
2.603571414947509766e-01
2.561454772949218750e-01
2.553391456604003906e-01
2.610156536102294922e-01
2.567322254180908203e-01
2.574896812438964844e-01
2.614567279815673828e-01
2.562668323516845703e-01
2.560718059539794922e-01
2.616796493530273438e-01
2.565052509307861328e-01
2.561030387878417969e-01
2.591476440429687500e-01
2.559082508087158203e-01
2.550117969512939453e-01
2.590165138244628906e-01
2.558825016021728516e-01
2.544767856597900391e-01
2.598044872283935547e-01
2.547898292541503906e-01
2.544543743133544922e-01
2.588019371032714844e-01
2.543439865112304688e-01
2.539887428283691406e-01
2.573735713958740234e-01
2.554392814636230469e-01
2.555625438690185547e-01
2.554912567138671875e-01
2.550618648529052734e-01
2.552030086517333984e-01
2.558805942535400391e-01
2.552447319030761719e-01
2.546985149383544922e-01
2.556979656219482422e-01
2.550625801086425781e-01
2.553925514221191406e-01
