1.503529071807861328e+00
1.828577280044555664e+00
1.087177276611328125e+00
1.116298198699951172e+00
1.067753791809082031e+00
1.055616617202758789e+00
1.039662122726440430e+00
1.071708917617797852e+00
1.118881225585937500e+00
1.085133552551269531e+00
1.035745859146118164e+00
1.027260065078735352e+00
1.061463117599487305e+00
1.035991907119750977e+00
9.934582710266113281e-01
1.028117895126342773e+00
1.315850734710693359e+00
1.710422277450561523e+00
1.899653673171997070e+00
1.968461751937866211e+00
2.049291610717773438e+00
2.193295955657958984e+00
2.188249588012695312e+00
2.229076862335205078e+00
2.073682785034179688e+00
1.648114919662475586e+00
1.843842506408691406e+00
1.835996627807617188e+00
1.601378440856933594e+00
1.025046348571777344e+00
1.025842428207397461e+00
1.012203454971313477e+00
1.003545284271240234e+00
1.012776136398315430e+00
1.026537418365478516e+00
1.026653766632080078e+00
1.022239923477172852e+00
1.016305923461914062e+00
1.039563894271850586e+00
1.039198160171508789e+00
1.033464908599853516e+00
1.353152990341186523e+00
1.631902694702148438e+00
1.898052930831909180e+00
1.457036972045898438e+00
1.031008958816528320e+00
1.012010574340820312e+00
9.931793212890625000e-01
1.017465591430664062e+00
1.017013072967529297e+00
1.003187894821166992e+00
1.021140098571777344e+00
1.096898078918457031e+00
1.028040647506713867e+00
1.020728588104248047e+00
1.378084421157836914e+00
1.585038661956787109e+00
1.785827636718750000e+00
1.931078195571899414e+00
1.934501886367797852e+00
1.344681739807128906e+00
1.025278806686401367e+00
1.179342746734619141e+00
1.517343044281005859e+00
1.962271690368652344e+00
1.262945890426635742e+00
1.082223176956176758e+00
1.085117578506469727e+00
1.070486307144165039e+00
1.057108640670776367e+00
1.062463998794555664e+00
1.051063060760498047e+00
1.005374670028686523e+00
1.008139610290527344e+00
1.022560596466064453e+00
1.027739286422729492e+00
1.011588811874389648e+00
1.119514942169189453e+00
1.964887857437133789e+00
1.783233165740966797e+00
1.003301143646240234e+00
1.431071996688842773e+00
1.864887237548828125e+00
1.947835683822631836e+00
1.806004047393798828e+00
1.357947587966918945e+00
1.038000583648681641e+00
1.023584127426147461e+00
9.821522235870361328e-01
1.008837938308715820e+00
1.035066843032836914e+00
1.023825645446777344e+00
1.101476669311523438e+00
1.012791872024536133e+00
1.019018173217773438e+00
1.035178422927856445e+00
1.355849742889404297e+00
1.899443626403808594e+00
1.691950798034667969e+00
1.021560668945312500e+00
1.009918451309204102e+00
1.015911817550659180e+00
1.029258251190185547e+00
1.163780927658081055e+00
1.081983327865600586e+00
1.060572385787963867e+00
1.087733745574951172e+00
1.026664257049560547e+00
1.366240501403808594e+00
1.763685703277587891e+00
1.852952718734741211e+00
1.938798904418945312e+00
1.419563293457031250e+00
1.093557119369506836e+00
1.697824716567993164e+00
2.022223472595214844e+00
1.198333740234375000e+00
1.077522993087768555e+00
1.164204120635986328e+00
1.038709402084350586e+00
1.037703514099121094e+00
1.031137466430664062e+00
1.070266246795654297e+00
1.080680847167968750e+00
1.069376707077026367e+00
1.082095861434936523e+00
1.075186014175415039e+00
1.083206653594970703e+00
1.072308301925659180e+00
2.023863554000854492e+00
1.784216880798339844e+00
1.807970523834228516e+00
9.916653633117675781e-01
1.085816621780395508e+00
9.933209419250488281e-01
1.012281179428100586e+00
1.018208026885986328e+00
9.791288375854492188e-01
1.070892572402954102e+00
1.007977247238159180e+00
1.000848531723022461e+00
9.897983074188232422e-01
9.986853599548339844e-01
1.255324363708496094e+00
1.540195941925048828e+00
1.870132684707641602e+00
1.650423526763916016e+00
9.919493198394775391e-01
1.035973072052001953e+00
1.109969377517700195e+00
1.310805082321166992e+00
1.554753541946411133e+00
1.668760061264038086e+00
1.747043609619140625e+00
1.798912286758422852e+00
1.721042633056640625e+00
1.667822837829589844e+00
1.623547077178955078e+00
1.632689952850341797e+00
1.823562383651733398e+00
1.794671297073364258e+00
1.700540065765380859e+00
1.572443008422851562e+00
1.809737920761108398e+00
1.811467647552490234e+00
1.672817468643188477e+00
1.633774757385253906e+00
1.662135839462280273e+00
1.525082111358642578e+00
1.786307334899902344e+00
1.722838640213012695e+00
1.772601604461669922e+00
1.720723628997802734e+00
1.780690908432006836e+00
1.852764606475830078e+00
1.793804645538330078e+00
1.715456485748291016e+00
1.689720869064331055e+00
1.880371093750000000e+00
2.101282358169555664e+00
1.800221681594848633e+00
1.835220336914062500e+00
1.962658643722534180e+00
1.992311239242553711e+00
1.977175712585449219e+00
1.740318536758422852e+00
1.662302494049072266e+00
1.763374328613281250e+00
1.535619497299194336e+00
1.663876295089721680e+00
1.592226266860961914e+00
1.729957818984985352e+00
1.766779184341430664e+00
1.807982206344604492e+00
1.835193634033203125e+00
1.890128374099731445e+00
1.871909618377685547e+00
1.854561090469360352e+00
1.784049987792968750e+00
1.853140115737915039e+00
