1.503566026687622070e+00
1.828580141067504883e+00
1.087178230285644531e+00
1.116299867630004883e+00
1.067763566970825195e+00
1.055621147155761719e+00
1.039669036865234375e+00
1.071712493896484375e+00
1.118881225585937500e+00
1.085135221481323242e+00
1.035751342773437500e+00
1.027263879776000977e+00
1.061469316482543945e+00
1.035985231399536133e+00
9.934570789337158203e-01
1.028115987777709961e+00
1.315854787826538086e+00
1.710428714752197266e+00
1.899661064147949219e+00
1.968474149703979492e+00
2.049292564392089844e+00
2.193298816680908203e+00
2.188229560852050781e+00
2.229066610336303711e+00
2.073683023452758789e+00
1.648118019104003906e+00
1.843840122222900391e+00
1.836009025573730469e+00
1.601387500762939453e+00
1.025048017501831055e+00
1.025837421417236328e+00
1.012201309204101562e+00
1.003544330596923828e+00
1.012770175933837891e+00
1.026535749435424805e+00
1.026651859283447266e+00
1.022224426269531250e+00
1.016308546066284180e+00
1.039563894271850586e+00
1.039199113845825195e+00
1.033475637435913086e+00
1.353157520294189453e+00
1.631909132003784180e+00
1.898059129714965820e+00
1.457038164138793945e+00
1.031018257141113281e+00
1.012010574340820312e+00
9.931876659393310547e-01
1.017469167709350586e+00
1.017014503479003906e+00
1.003186702728271484e+00
1.021140575408935547e+00
1.096905231475830078e+00
1.028042554855346680e+00
1.020728826522827148e+00
1.378082513809204102e+00
1.585052013397216797e+00
1.785825014114379883e+00
1.931086063385009766e+00
1.934493303298950195e+00
1.344681024551391602e+00
1.025272846221923828e+00
1.179347276687622070e+00
1.517370939254760742e+00
1.962314128875732422e+00
1.262948989868164062e+00
1.082222223281860352e+00
1.085127830505371094e+00
1.070500850677490234e+00
1.057115316390991211e+00
1.062464714050292969e+00
1.051055908203125000e+00
1.005372047424316406e+00
1.008141040802001953e+00
1.022555112838745117e+00
1.027736663818359375e+00
1.011586189270019531e+00
1.119550704956054688e+00
1.964894294738769531e+00
1.783225059509277344e+00
9.902524948120117188e-01
1.431072950363159180e+00
1.864887714385986328e+00
1.947834968566894531e+00
1.806003570556640625e+00
1.357953071594238281e+00
1.038000822067260742e+00
1.023585319519042969e+00
9.821507930755615234e-01
1.008837938308715820e+00
1.035067558288574219e+00
1.023816823959350586e+00
1.101476192474365234e+00
1.012788534164428711e+00
1.019013166427612305e+00
1.035173416137695312e+00
1.355844020843505859e+00
1.899435997009277344e+00
1.691944837570190430e+00
1.021555185317993164e+00
1.009918212890625000e+00
1.015909671783447266e+00
1.029258012771606445e+00
1.163801908493041992e+00
1.081988573074340820e+00
1.060580015182495117e+00
1.087728500366210938e+00
1.026664972305297852e+00
1.366239547729492188e+00
1.763695955276489258e+00
1.852956771850585938e+00
1.938787698745727539e+00
1.419556379318237305e+00
1.093559741973876953e+00
1.697839021682739258e+00
2.022234916687011719e+00
1.198338031768798828e+00
1.077524900436401367e+00
1.164212942123413086e+00
1.038721084594726562e+00
1.037705183029174805e+00
1.031137466430664062e+00
1.070268392562866211e+00
1.080682039260864258e+00
1.069370508193969727e+00
1.082097053527832031e+00
1.075185298919677734e+00
1.083208799362182617e+00
1.072317123413085938e+00
2.023868322372436523e+00
1.784209489822387695e+00
1.807959318161010742e+00
9.916710853576660156e-01
1.085815429687500000e+00
9.933218955993652344e-01
1.012282133102416992e+00
1.018208503723144531e+00
9.791290760040283203e-01
1.070892572402954102e+00
1.007991313934326172e+00
1.000849485397338867e+00
9.897980690002441406e-01
9.986865520477294922e-01
1.255337715148925781e+00
1.540221691131591797e+00
1.870131254196166992e+00
1.650425910949707031e+00
9.919548034667968750e-01
1.035973548889160156e+00
1.109975814819335938e+00
1.310804605484008789e+00
1.554766654968261719e+00
1.668778419494628906e+00
1.747047901153564453e+00
1.798916101455688477e+00
1.721052408218383789e+00
1.667837619781494141e+00
1.623559236526489258e+00
1.632692813873291016e+00
1.823572158813476562e+00
1.794685602188110352e+00
1.700542926788330078e+00
1.572450637817382812e+00
1.809762001037597656e+00
1.811468124389648438e+00
1.672830820083618164e+00
1.633782386779785156e+00
1.662143707275390625e+00
1.525086879730224609e+00
1.786317586898803711e+00
1.722856044769287109e+00
1.772635936737060547e+00
1.720743417739868164e+00
1.780709028244018555e+00
1.852766275405883789e+00
1.793827772140502930e+00
1.715473890304565430e+00
1.689738988876342773e+00
1.880377292633056641e+00
2.101285696029663086e+00
1.800233364105224609e+00
1.835220098495483398e+00
1.962654829025268555e+00
1.992313861846923828e+00
1.977195739746093750e+00
1.740322828292846680e+00
1.662303686141967773e+00
1.763386487960815430e+00
1.535626649856567383e+00
1.663877964019775391e+00
1.592224597930908203e+00
1.729962110519409180e+00
1.766782283782958984e+00
1.807985782623291016e+00
1.835197687149047852e+00
1.890133619308471680e+00
1.871907472610473633e+00
1.854561567306518555e+00
1.784052610397338867e+00
1.853140115737915039e+00
