2.891884803771972656e+00
4.446086883544921875e-01
4.398286342620849609e-01
4.471011161804199219e-01
4.530558586120605469e-01
4.539630413055419922e-01
4.588954448699951172e-01
4.637255668640136719e-01
4.676373004913330078e-01
4.553849697113037109e-01
4.640398025512695312e-01
4.649746417999267578e-01
4.729676246643066406e-01
4.664843082427978516e-01
4.686038494110107422e-01
4.690048694610595703e-01
4.576733112335205078e-01
4.422118663787841797e-01
4.470670223236083984e-01
4.428498744964599609e-01
4.357879161834716797e-01
4.474086761474609375e-01
4.430358409881591797e-01
4.380087852478027344e-01
4.436998367309570312e-01
4.343016147613525391e-01
4.384338855743408203e-01
4.320461750030517578e-01
4.366052150726318359e-01
4.359312057495117188e-01
4.355959892272949219e-01
4.386157989501953125e-01
4.373252391815185547e-01
4.367768764495849609e-01
4.383685588836669922e-01
4.382770061492919922e-01
4.429776668548583984e-01
4.446275234222412109e-01
4.562435150146484375e-01
4.659245014190673828e-01
4.724712371826171875e-01
4.668278694152832031e-01
4.607317447662353516e-01
4.626004695892333984e-01
4.659373760223388672e-01
4.499275684356689453e-01
4.668102264404296875e-01
4.605157375335693359e-01
4.636926651000976562e-01
4.605398178100585938e-01
4.648020267486572266e-01
4.594843387603759766e-01
4.687182903289794922e-01
4.616823196411132812e-01
4.658594131469726562e-01
4.589195251464843750e-01
4.481139183044433594e-01
4.557170867919921875e-01
4.524948596954345703e-01
4.411704540252685547e-01
4.436082839965820312e-01
4.354865550994873047e-01
4.358577728271484375e-01
4.531066417694091797e-01
4.527447223663330078e-01
4.512135982513427734e-01
4.433829784393310547e-01
4.502961635589599609e-01
4.461638927459716797e-01
4.467043876647949219e-01
4.485864639282226562e-01
4.472939968109130859e-01
4.615058898925781250e-01
4.693739414215087891e-01
4.727153778076171875e-01
4.727230072021484375e-01
4.757990837097167969e-01
4.807753562927246094e-01
4.604413509368896484e-01
4.690937995910644531e-01
4.619538784027099609e-01
4.578664302825927734e-01
4.606096744537353516e-01
4.424278736114501953e-01
4.388828277587890625e-01
4.451045989990234375e-01
4.418597221374511719e-01
4.428808689117431641e-01
4.465398788452148438e-01
4.457604885101318359e-01
4.503211975097656250e-01
4.532241821289062500e-01
4.517712593078613281e-01
4.503695964813232422e-01
4.575908184051513672e-01
5.062530040740966797e-01
4.832670688629150391e-01
4.476866722106933594e-01
4.409346580505371094e-01
4.430968761444091797e-01
4.387738704681396484e-01
4.421539306640625000e-01
4.396116733551025391e-01
4.377603530883789062e-01
4.460945129394531250e-01
4.575355052947998047e-01
5.246548652648925781e-01
5.272634029388427734e-01
4.806447029113769531e-01
5.463647842407226562e-01
5.335648059844970703e-01
5.226745605468750000e-01
5.262346267700195312e-01
5.165886878967285156e-01
4.544618129730224609e-01
4.356644153594970703e-01
4.361355304718017578e-01
4.426925182342529297e-01
4.470736980438232422e-01
4.424691200256347656e-01
4.425101280212402344e-01
4.391670227050781250e-01
4.397423267364501953e-01
4.622144699096679688e-01
5.286192893981933594e-01
5.545716285705566406e-01
5.165078639984130859e-01
5.224761962890625000e-01
5.224411487579345703e-01
4.843482971191406250e-01
4.610078334808349609e-01
4.432868957519531250e-01
4.407248497009277344e-01
4.404358863830566406e-01
4.464952945709228516e-01
4.400877952575683594e-01
4.427981376647949219e-01
4.433653354644775391e-01
4.733989238739013672e-01
5.047864913940429688e-01
5.232548713684082031e-01
5.128412246704101562e-01
5.467441082000732422e-01
5.147888660430908203e-01
4.913163185119628906e-01
4.460067749023437500e-01
4.402248859405517578e-01
4.457843303680419922e-01
4.493687152862548828e-01
4.549794197082519531e-01
4.467065334320068359e-01
4.474861621856689453e-01
4.463207721710205078e-01
4.458694458007812500e-01
4.444043636322021484e-01
4.443578720092773438e-01
4.516506195068359375e-01
4.487419128417968750e-01
4.500689506530761719e-01
4.460928440093994141e-01
4.462280273437500000e-01
4.450306892395019531e-01
4.499971866607666016e-01
4.449572563171386719e-01
4.432804584503173828e-01
4.457306861877441406e-01
4.471347332000732422e-01
4.459078311920166016e-01
4.507524967193603516e-01
4.677405357360839844e-01
4.747092723846435547e-01
4.873797893524169922e-01
5.010776519775390625e-01
5.064203739166259766e-01
5.071427822113037109e-01
4.973809719085693359e-01
5.225570201873779297e-01
5.190165042877197266e-01
5.333881378173828125e-01
5.456295013427734375e-01
4.434156417846679688e-01
5.318560600280761719e-01
4.415271282196044922e-01
4.450402259826660156e-01
4.523887634277343750e-01
4.467322826385498047e-01
4.491655826568603516e-01
4.460265636444091797e-01
4.499695301055908203e-01
4.485495090484619141e-01
4.438302516937255859e-01
4.540750980377197266e-01
4.535017013549804688e-01
4.555141925811767578e-01
4.548735618591308594e-01
4.431018829345703125e-01
4.662001132965087891e-01
5.562541484832763672e-01
4.560079574584960938e-01
4.537863731384277344e-01
