2.947693109512329102e+00
4.348189830780029297e-01
4.370415210723876953e-01
4.437716007232666016e-01
4.480617046356201172e-01
4.492127895355224609e-01
4.332456588745117188e-01
4.422976970672607422e-01
4.420561790466308594e-01
4.676756858825683594e-01
4.391214847564697266e-01
4.874255657196044922e-01
5.108728408813476562e-01
5.144569873809814453e-01
5.302045345306396484e-01
5.142786502838134766e-01
5.094711780548095703e-01
4.682817459106445312e-01
4.879701137542724609e-01
4.716892242431640625e-01
4.603779315948486328e-01
4.337663650512695312e-01
4.380230903625488281e-01
4.375600814819335938e-01
4.354703426361083984e-01
4.343791007995605469e-01
4.336891174316406250e-01
4.414999485015869141e-01
4.363791942596435547e-01
4.323632717132568359e-01
4.350979328155517578e-01
4.352643489837646484e-01
4.408051967620849609e-01
4.711232185363769531e-01
4.435141086578369141e-01
4.410853385925292969e-01
4.464244842529296875e-01
4.728424549102783203e-01
4.619789123535156250e-01
5.510432720184326172e-01
5.146408081054687500e-01
4.832351207733154297e-01
4.631967544555664062e-01
4.402518272399902344e-01
4.448714256286621094e-01
4.366724491119384766e-01
4.471838474273681641e-01
4.895367622375488281e-01
4.735591411590576172e-01
4.735605716705322266e-01
4.758508205413818359e-01
4.632165431976318359e-01
4.806387424468994141e-01
4.825444221496582031e-01
4.794731140136718750e-01
4.660336971282958984e-01
5.508267879486083984e-01
5.384068489074707031e-01
5.125560760498046875e-01
5.539062023162841797e-01
4.414625167846679688e-01
4.446730613708496094e-01
4.409856796264648438e-01
4.841523170471191406e-01
4.392459392547607422e-01
4.407191276550292969e-01
4.402234554290771484e-01
4.381785392761230469e-01
4.428715705871582031e-01
4.403681755065917969e-01
4.390425682067871094e-01
4.443221092224121094e-01
4.550545215606689453e-01
4.712884426116943359e-01
4.723424911499023438e-01
4.699499607086181641e-01
4.778203964233398438e-01
4.725229740142822266e-01
4.605646133422851562e-01
4.640331268310546875e-01
4.672567844390869141e-01
4.489698410034179688e-01
4.520559310913085938e-01
4.363994598388671875e-01
4.395425319671630859e-01
4.434227943420410156e-01
4.389975070953369141e-01
4.404954910278320312e-01
4.421777725219726562e-01
4.422743320465087891e-01
4.426610469818115234e-01
4.453258514404296875e-01
4.479947090148925781e-01
4.500453472137451172e-01
4.543073177337646484e-01
4.654936790466308594e-01
4.755535125732421875e-01
4.639439582824707031e-01
4.627096652984619141e-01
4.542081356048583984e-01
4.673244953155517578e-01
4.721357822418212891e-01
4.726035594940185547e-01
4.677562713623046875e-01
4.780292510986328125e-01
4.739296436309814453e-01
4.796099662780761719e-01
4.779319763183593750e-01
4.678645133972167969e-01
4.542415142059326172e-01
5.297071933746337891e-01
5.131108760833740234e-01
5.239641666412353516e-01
5.269861221313476562e-01
4.483242034912109375e-01
4.346730709075927734e-01
4.293951988220214844e-01
4.331362247467041016e-01
4.364736080169677734e-01
4.369103908538818359e-01
4.432077407836914062e-01
4.441168308258056641e-01
4.454905986785888672e-01
4.600312709808349609e-01
5.291855335235595703e-01
5.587673187255859375e-01
5.329687595367431641e-01
5.332605838775634766e-01
5.091550350189208984e-01
4.608633518218994141e-01
4.656538963317871094e-01
4.605424404144287109e-01
4.884107112884521484e-01
4.628403186798095703e-01
4.651787281036376953e-01
4.613935947418212891e-01
4.619889259338378906e-01
4.640452861785888672e-01
4.671223163604736328e-01
4.670791625976562500e-01
4.714531898498535156e-01
4.678285121917724609e-01
4.675357341766357422e-01
4.632263183593750000e-01
4.758627414703369141e-01
4.519927501678466797e-01
4.629347324371337891e-01
4.643797874450683594e-01
4.648985862731933594e-01
4.586009979248046875e-01
4.535045623779296875e-01
4.468069076538085938e-01
4.545776844024658203e-01
4.516909122467041016e-01
4.441738128662109375e-01
4.521059989929199219e-01
4.486963748931884766e-01
4.535326957702636719e-01
4.534161090850830078e-01
4.551789760589599609e-01
4.484801292419433594e-01
4.456489086151123047e-01
4.524550437927246094e-01
4.471716880798339844e-01
4.440667629241943359e-01
4.460301399230957031e-01
4.557018280029296875e-01
4.429848194122314453e-01
4.465875625610351562e-01
4.479258060455322266e-01
4.486694335937500000e-01
4.503483772277832031e-01
4.524154663085937500e-01
4.494099617004394531e-01
4.503264427185058594e-01
4.492299556732177734e-01
4.509773254394531250e-01
4.534215927124023438e-01
4.541678428649902344e-01
4.474403858184814453e-01
4.342486858367919922e-01
4.638772010803222656e-01
4.417047500610351562e-01
4.468934535980224609e-01
4.472241401672363281e-01
4.483537673950195312e-01
4.572391510009765625e-01
4.527461528778076172e-01
4.562983512878417969e-01
4.476618766784667969e-01
4.557528495788574219e-01
4.721493721008300781e-01
5.011672973632812500e-01
5.093085765838623047e-01
5.128641128540039062e-01
5.170834064483642578e-01
5.142252445220947266e-01
5.163834095001220703e-01
5.023140907287597656e-01
5.352170467376708984e-01
