1.503563880920410156e+00
1.828598976135253906e+00
1.087174892425537109e+00
1.116295337677001953e+00
1.067760944366455078e+00
1.055615901947021484e+00
1.039663076400756836e+00
1.071710586547851562e+00
1.118878364562988281e+00
1.085132360458374023e+00
1.035750389099121094e+00
1.027263164520263672e+00
1.061454772949218750e+00
1.035989284515380859e+00
9.934597015380859375e-01
1.028118610382080078e+00
1.315861463546752930e+00
1.710425615310668945e+00
1.899662971496582031e+00
1.968461036682128906e+00
2.049293994903564453e+00
2.193301677703857422e+00
2.188234806060791016e+00
2.229068279266357422e+00
2.073669672012329102e+00
1.648116588592529297e+00
1.843835115432739258e+00
1.836000442504882812e+00
1.601374387741088867e+00
1.025047302246093750e+00
1.025839328765869141e+00
1.012202501296997070e+00
1.003544092178344727e+00
1.012777090072631836e+00
1.026539325714111328e+00
1.026656389236450195e+00
1.022228240966796875e+00
1.016308307647705078e+00
1.039566993713378906e+00
1.039197921752929688e+00
1.033471107482910156e+00
1.353153944015502930e+00
1.631910800933837891e+00
1.898051977157592773e+00
1.457042217254638672e+00
1.031017065048217773e+00
1.012011051177978516e+00
9.931821823120117188e-01
1.017465353012084961e+00
1.017012834548950195e+00
1.003188371658325195e+00
1.021136522293090820e+00
1.096899509429931641e+00
1.028042793273925781e+00
1.020736694335937500e+00
1.378086566925048828e+00
1.585059881210327148e+00
1.785840749740600586e+00
1.931084871292114258e+00
1.934499025344848633e+00
1.344680786132812500e+00
1.025276184082031250e+00
1.179345130920410156e+00
1.517349004745483398e+00
1.962305545806884766e+00
1.262947559356689453e+00
1.082218647003173828e+00
1.085115671157836914e+00
1.070500135421752930e+00
1.057108163833618164e+00
1.062461137771606445e+00
1.051061630249023438e+00
1.005369901657104492e+00
1.008138895034790039e+00
1.022552728652954102e+00
1.027738571166992188e+00
1.011586904525756836e+00
1.119548797607421875e+00
1.964894294738769531e+00
1.783222913742065430e+00
1.003296375274658203e+00
1.431067228317260742e+00
1.864884138107299805e+00
1.947827339172363281e+00
1.805999279022216797e+00
1.357946157455444336e+00
1.037998437881469727e+00
1.023586273193359375e+00
9.821510314941406250e-01
1.008835792541503906e+00
1.035065174102783203e+00
1.023818969726562500e+00
1.101480722427368164e+00
1.012791156768798828e+00
1.019020318984985352e+00
1.035171747207641602e+00
1.355850934982299805e+00
1.899445295333862305e+00
1.691953182220458984e+00
1.021545648574829102e+00
1.009915351867675781e+00
1.015910148620605469e+00
1.029266119003295898e+00
1.163800239562988281e+00
1.081986904144287109e+00
1.060573816299438477e+00
1.087731122970581055e+00
1.026665687561035156e+00
1.366239547729492188e+00
1.763687133789062500e+00
1.852947711944580078e+00
1.938786745071411133e+00
1.419555187225341797e+00
1.093554496765136719e+00
1.697838068008422852e+00
2.022252559661865234e+00
1.198334217071533203e+00
1.077524662017822266e+00
1.164211988449096680e+00
1.038706302642822266e+00
1.037701845169067383e+00
1.031135320663452148e+00
1.070264339447021484e+00
1.080681085586547852e+00
1.069365501403808594e+00
1.082093238830566406e+00
1.075181007385253906e+00
1.083204269409179688e+00
1.072312355041503906e+00
2.023865461349487305e+00
1.784212827682495117e+00
1.807964086532592773e+00
9.916696548461914062e-01
1.085814952850341797e+00
9.933204650878906250e-01
1.012279987335205078e+00
1.018208742141723633e+00
9.791274070739746094e-01
1.070887327194213867e+00
1.007972717285156250e+00
1.000849962234497070e+00
9.897956848144531250e-01
9.986851215362548828e-01
1.255325794219970703e+00
1.540216922760009766e+00
1.870131731033325195e+00
1.650440692901611328e+00
9.919526576995849609e-01
1.035977363586425781e+00
1.109972476959228516e+00
1.310803174972534180e+00
1.554764747619628906e+00
1.668775558471679688e+00
1.747047424316406250e+00
1.798915624618530273e+00
1.721048831939697266e+00
1.667838811874389648e+00
1.623556375503540039e+00
1.632692813873291016e+00
1.823565721511840820e+00
1.794686555862426758e+00
1.700545310974121094e+00
1.572449922561645508e+00
1.809755802154541016e+00
1.811469554901123047e+00
1.672834157943725586e+00
1.633780956268310547e+00
1.662141561508178711e+00
1.525083541870117188e+00
1.786316633224487305e+00
1.722857475280761719e+00
1.772624731063842773e+00
1.720739126205444336e+00
1.780703544616699219e+00
1.852762937545776367e+00
1.793823957443237305e+00
1.715473890304565430e+00
1.689741849899291992e+00
1.880375862121582031e+00
2.101281642913818359e+00
1.800231695175170898e+00
1.835218906402587891e+00
1.962658166885375977e+00
1.992319107055664062e+00
1.977194309234619141e+00
1.740327596664428711e+00
1.662305355072021484e+00
1.763385772705078125e+00
1.535624980926513672e+00
1.663879156112670898e+00
1.592225074768066406e+00
1.729964494705200195e+00
1.766796588897705078e+00
1.807991981506347656e+00
1.835204601287841797e+00
1.890141248703002930e+00
1.871908903121948242e+00
1.854563951492309570e+00
1.784052371978759766e+00
1.853142261505126953e+00
