2.897954225540161133e+00
4.233267307281494141e-01
4.189305305480957031e-01
4.263823032379150391e-01
4.351623058319091797e-01
4.436221122741699219e-01
4.371895790100097656e-01
4.432206153869628906e-01
4.320909976959228516e-01
4.185605049133300781e-01
4.224553108215332031e-01
4.661417007446289062e-01
4.887735843658447266e-01
5.183537006378173828e-01
5.009534358978271484e-01
5.197124481201171875e-01
5.016088485717773438e-01
4.672195911407470703e-01
4.652047157287597656e-01
4.486281871795654297e-01
4.465961456298828125e-01
4.456009864807128906e-01
4.761524200439453125e-01
4.650151729583740234e-01
4.577023983001708984e-01
4.580383300781250000e-01
4.331111907958984375e-01
4.312679767608642578e-01
4.209687709808349609e-01
4.176521301269531250e-01
4.199788570404052734e-01
4.225671291351318359e-01
4.166553020477294922e-01
4.191622734069824219e-01
4.216160774230957031e-01
4.617719650268554688e-01
5.204465389251708984e-01
4.863357543945312500e-01
4.911136627197265625e-01
5.263037681579589844e-01
4.955005645751953125e-01
4.610643386840820312e-01
4.379065036773681641e-01
4.212355613708496094e-01
4.318275451660156250e-01
4.191842079162597656e-01
4.297423362731933594e-01
4.223802089691162109e-01
4.293670654296875000e-01
4.250195026397705078e-01
4.250686168670654297e-01
4.273800849914550781e-01
4.266774654388427734e-01
4.721050262451171875e-01
4.867811203002929688e-01
5.148661136627197266e-01
4.922597408294677734e-01
5.240364074707031250e-01
4.807782173156738281e-01
4.862523078918457031e-01
4.802935123443603516e-01
5.111389160156250000e-01
4.894688129425048828e-01
4.349813461303710938e-01
4.320971965789794922e-01
4.288024902343750000e-01
4.232380390167236328e-01
4.294798374176025391e-01
4.255123138427734375e-01
4.257130622863769531e-01
4.276354312896728516e-01
4.285519123077392578e-01
4.487063884735107422e-01
4.494066238403320312e-01
4.505553245544433594e-01
4.543392658233642578e-01
4.604163169860839844e-01
4.612479209899902344e-01
4.430758953094482422e-01
4.533877372741699219e-01
4.469735622406005859e-01
4.401633739471435547e-01
4.458067417144775391e-01
4.238171577453613281e-01
4.246189594268798828e-01
4.293482303619384766e-01
4.249939918518066406e-01
4.283564090728759766e-01
4.254863262176513672e-01
4.297857284545898438e-01
4.278593063354492188e-01
4.356405735015869141e-01
4.330906867980957031e-01
4.323859214782714844e-01
4.430210590362548828e-01
4.514930248260498047e-01
4.540517330169677734e-01
4.498927593231201172e-01
4.462416172027587891e-01
4.410989284515380859e-01
4.542481899261474609e-01
4.560365676879882812e-01
4.595072269439697266e-01
4.502637386322021484e-01
4.671747684478759766e-01
4.594264030456542969e-01
4.600267410278320312e-01
4.615020751953125000e-01
4.511234760284423828e-01
4.419867992401123047e-01
4.470694065093994141e-01
4.318790435791015625e-01
4.383838176727294922e-01
4.329798221588134766e-01
4.291825294494628906e-01
4.269146919250488281e-01
4.250497817993164062e-01
4.279947280883789062e-01
4.328083992004394531e-01
4.270305633544921875e-01
4.274797439575195312e-01
4.296226501464843750e-01
4.306871891021728516e-01
4.475314617156982422e-01
4.572939872741699219e-01
4.568092823028564453e-01
4.567179679870605469e-01
4.538021087646484375e-01
4.282283782958984375e-01
4.489200115203857422e-01
4.535484313964843750e-01
4.503011703491210938e-01
4.479153156280517578e-01
4.467711448669433594e-01
4.463427066802978516e-01
4.532725811004638672e-01
4.513702392578125000e-01
4.482398033142089844e-01
4.550209045410156250e-01
4.527761936187744141e-01
4.555692672729492188e-01
4.572579860687255859e-01
4.636497497558593750e-01
4.560363292694091797e-01
4.403479099273681641e-01
4.526073932647705078e-01
4.676265716552734375e-01
4.413461685180664062e-01
4.286820888519287109e-01
4.346814155578613281e-01
4.283332824707031250e-01
4.265837669372558594e-01
4.252843856811523438e-01
4.244835376739501953e-01
4.249298572540283203e-01
4.254698753356933594e-01
4.329833984375000000e-01
4.302768707275390625e-01
4.293777942657470703e-01
4.277348518371582031e-01
4.269745349884033203e-01
4.260876178741455078e-01
4.344093799591064453e-01
4.265837669372558594e-01
4.229431152343750000e-01
4.269800186157226562e-01
4.302291870117187500e-01
4.261505603790283203e-01
4.304003715515136719e-01
4.440779685974121094e-01
4.572536945343017578e-01
4.687459468841552734e-01
4.833023548126220703e-01
4.878711700439453125e-01
4.889059066772460938e-01
4.808926582336425781e-01
5.078637599945068359e-01
5.085678100585937500e-01
5.186467170715332031e-01
5.258688926696777344e-01
4.218783378601074219e-01
5.443336963653564453e-01
4.297642707824707031e-01
4.278647899627685547e-01
4.268474578857421875e-01
4.375069141387939453e-01
4.365949630737304688e-01
4.313039779663085938e-01
4.299199581146240234e-01
4.272027015686035156e-01
4.300329685211181641e-01
4.602150917053222656e-01
4.904019832611083984e-01
4.836428165435791016e-01
4.919133186340332031e-01
5.065515041351318359e-01
5.164563655853271484e-01
5.551118850708007812e-01
4.457848072052001953e-01
4.413521289825439453e-01
