2.340290546417236328e+00
4.270265102386474609e-01
4.288270473480224609e-01
4.379160404205322266e-01
4.352436065673828125e-01
4.362871646881103516e-01
4.362399578094482422e-01
4.390938282012939453e-01
4.419081211090087891e-01
4.488732814788818359e-01
4.411838054656982422e-01
4.914374351501464844e-01
5.166633129119873047e-01
5.205349922180175781e-01
5.337898731231689453e-01
5.206654071807861328e-01
5.177948474884033203e-01
4.729306697845458984e-01
4.958314895629882812e-01
4.800636768341064453e-01
4.637637138366699219e-01
4.723808765411376953e-01
4.712271690368652344e-01
4.858291149139404297e-01
4.738571643829345703e-01
4.704816341400146484e-01
4.758646488189697266e-01
4.599356651306152344e-01
4.264931678771972656e-01
4.310305118560791016e-01
4.294822216033935547e-01
4.326455593109130859e-01
4.386003017425537109e-01
4.327549934387207031e-01
4.384007453918457031e-01
4.788897037506103516e-01
5.340745449066162109e-01
5.230934619903564453e-01
5.090157985687255859e-01
5.523159503936767578e-01
5.153746604919433594e-01
4.914529323577880859e-01
4.658296108245849609e-01
4.378466606140136719e-01
4.452655315399169922e-01
4.369008541107177734e-01
5.108506679534912109e-01
4.738597869873046875e-01
4.751017093658447266e-01
4.824252128601074219e-01
4.838798046112060547e-01
4.669253826141357422e-01
5.186202526092529297e-01
4.805483818054199219e-01
5.260717868804931641e-01
5.466008186340332031e-01
5.436825752258300781e-01
5.423860549926757812e-01
5.174331665039062500e-01
5.071465969085693359e-01
5.072901248931884766e-01
5.067441463470458984e-01
5.054876804351806641e-01
4.755692481994628906e-01
4.340610504150390625e-01
4.346921443939208984e-01
4.369060993194580078e-01
4.331300258636474609e-01
4.375619888305664062e-01
4.369430541992187500e-01
4.352076053619384766e-01
4.389042854309082031e-01
4.552044868469238281e-01
5.178360939025878906e-01
5.188286304473876953e-01
5.186200141906738281e-01
5.265307426452636719e-01
5.020518302917480469e-01
4.482009410858154297e-01
4.379732608795166016e-01
4.400973320007324219e-01
4.391415119171142578e-01
4.474546909332275391e-01
4.342904090881347656e-01
4.346144199371337891e-01
4.400954246520996094e-01
4.328160285949707031e-01
4.355180263519287109e-01
4.445936679840087891e-01
4.405589103698730469e-01
4.710495471954345703e-01
5.249543190002441406e-01
5.154423713684082031e-01
5.155878067016601562e-01
5.255846977233886719e-01
5.282790660858154297e-01
4.913914203643798828e-01
4.423112869262695312e-01
4.396371841430664062e-01
4.421353340148925781e-01
4.707779884338378906e-01
4.718945026397705078e-01
4.744699001312255859e-01
4.681842327117919922e-01
4.804804325103759766e-01
4.756155014038085938e-01
4.883911609649658203e-01
4.797425270080566406e-01
4.651641845703125000e-01
4.549303054809570312e-01
4.632251262664794922e-01
4.501683712005615234e-01
4.748673439025878906e-01
4.520351886749267578e-01
4.494366645812988281e-01
4.485733509063720703e-01
4.444160461425781250e-01
4.453859329223632812e-01
4.454033374786376953e-01
4.529857635498046875e-01
4.425702095031738281e-01
4.439799785614013672e-01
4.492790699005126953e-01
4.571428298950195312e-01
4.693570137023925781e-01
4.782800674438476562e-01
4.835624694824218750e-01
4.770822525024414062e-01
4.776577949523925781e-01
4.809842109680175781e-01
4.663023948669433594e-01
4.442634582519531250e-01
4.479348659515380859e-01
4.442405700683593750e-01
4.530792236328125000e-01
4.493844509124755859e-01
4.501004219055175781e-01
4.505894184112548828e-01
4.778532981872558594e-01
5.187940597534179688e-01
5.139567852020263672e-01
5.195436477661132812e-01
5.375826358795166016e-01
5.386614799499511719e-01
4.949626922607421875e-01
4.585795402526855469e-01
4.414906501770019531e-01
4.443249702453613281e-01
4.474134445190429688e-01
4.511795043945312500e-01
4.418935775756835938e-01
4.407367706298828125e-01
4.451203346252441406e-01
4.631755352020263672e-01
4.472944736480712891e-01
4.619557857513427734e-01
4.545397758483886719e-01
4.634633064270019531e-01
4.628884792327880859e-01
4.461958408355712891e-01
4.505910873413085938e-01
4.503407478332519531e-01
4.582793712615966797e-01
4.504992961883544922e-01
4.515368938446044922e-01
4.553706645965576172e-01
4.639220237731933594e-01
4.572458267211914062e-01
4.628093242645263672e-01
4.604883193969726562e-01
4.621601104736328125e-01
4.623081684112548828e-01
4.637749195098876953e-01
4.561982154846191406e-01
4.567852020263671875e-01
4.590988159179687500e-01
4.627816677093505859e-01
4.596390724182128906e-01
4.648885726928710938e-01
4.611470699310302734e-01
4.400265216827392578e-01
4.714772701263427734e-01
4.524118900299072266e-01
4.525465965270996094e-01
4.560523033142089844e-01
4.583494663238525391e-01
4.546704292297363281e-01
4.524760246276855469e-01
4.496695995330810547e-01
4.459989070892333984e-01
4.436173439025878906e-01
4.572477340698242188e-01
4.621117115020751953e-01
4.607632160186767578e-01
4.594340324401855469e-01
4.573192596435546875e-01
5.252320766448974609e-01
5.194442272186279297e-01
5.091981887817382812e-01
4.644360542297363281e-01
