2.801138162612915039e+00
4.237949848175048828e-01
4.182906150817871094e-01
4.260978698730468750e-01
4.324204921722412109e-01
4.354128837585449219e-01
4.379525184631347656e-01
4.431924819946289062e-01
4.513812065124511719e-01
4.357736110687255859e-01
4.450824260711669922e-01
4.440433979034423828e-01
4.521641731262207031e-01
4.506771564483642578e-01
4.457073211669921875e-01
4.513382911682128906e-01
4.412295818328857422e-01
4.252662658691406250e-01
4.278521537780761719e-01
4.228470325469970703e-01
4.163780212402343750e-01
4.630153179168701172e-01
4.225928783416748047e-01
4.302248954772949219e-01
4.315719604492187500e-01
4.210944175720214844e-01
4.249625205993652344e-01
4.296040534973144531e-01
4.194316864013671875e-01
4.228627681732177734e-01
4.221179485321044922e-01
4.241898059844970703e-01
4.222717285156250000e-01
4.211180210113525391e-01
4.226486682891845703e-01
4.250955581665039062e-01
4.281291961669921875e-01
4.305379390716552734e-01
4.421284198760986328e-01
5.667741298675537109e-01
5.005908012390136719e-01
4.527864456176757812e-01
4.492352008819580078e-01
4.490621089935302734e-01
4.507184028625488281e-01
4.353570938110351562e-01
4.551398754119873047e-01
4.496524333953857422e-01
4.483518600463867188e-01
4.521896839141845703e-01
4.491319656372070312e-01
4.507775306701660156e-01
4.536707401275634766e-01
4.464173316955566406e-01
4.535777568817138672e-01
4.522299766540527344e-01
4.308724403381347656e-01
4.466989040374755859e-01
4.402871131896972656e-01
4.396345615386962891e-01
4.416439533233642578e-01
4.269814491271972656e-01
4.262452125549316406e-01
4.401698112487792969e-01
4.356582164764404297e-01
4.283683300018310547e-01
4.228811264038085938e-01
4.286496639251708984e-01
4.255254268646240234e-01
4.255433082580566406e-01
4.280071258544921875e-01
4.295368194580078125e-01
4.598231315612792969e-01
5.153694152832031250e-01
5.032975673675537109e-01
5.034132003784179688e-01
5.218636989593505859e-01
4.612691402435302734e-01
4.446661472320556641e-01
4.228055477142333984e-01
4.246370792388916016e-01
4.261083602905273438e-01
4.304957389831542969e-01
4.194064140319824219e-01
4.222769737243652344e-01
4.273142814636230469e-01
4.181635379791259766e-01
4.230005741119384766e-01
4.218113422393798828e-01
4.226546287536621094e-01
4.547138214111328125e-01
5.115158557891845703e-01
4.977767467498779297e-01
4.867558479309082031e-01
5.018281936645507812e-01
4.547476768493652344e-01
4.585528373718261719e-01
4.604854583740234375e-01
4.494047164916992188e-01
4.449546337127685547e-01
4.575021266937255859e-01
4.667806625366210938e-01
4.629206657409667969e-01
4.625236988067626953e-01
4.682765007019042969e-01
4.640190601348876953e-01
4.619183540344238281e-01
4.652459621429443359e-01
5.215396881103515625e-01
5.085706710815429688e-01
4.504499435424804688e-01
4.317553043365478516e-01
4.423696994781494141e-01
4.341492652893066406e-01
4.294619560241699219e-01
4.276196956634521484e-01
4.280717372894287109e-01
4.290263652801513672e-01
4.336333274841308594e-01
4.363486766815185547e-01
4.301033020019531250e-01
4.300482273101806641e-01
4.312155246734619141e-01
4.480209350585937500e-01
4.584906101226806641e-01
4.554319381713867188e-01
4.542624950408935547e-01
4.557213783264160156e-01
4.289898872375488281e-01
4.508297443389892578e-01
4.568858146667480469e-01
4.542021751403808594e-01
4.495785236358642578e-01
4.481294155120849609e-01
4.537749290466308594e-01
4.558589458465576172e-01
4.551858901977539062e-01
4.518315792083740234e-01
4.581749439239501953e-01
4.541773796081542969e-01
4.582126140594482422e-01
4.605772495269775391e-01
4.679300785064697266e-01
4.599370956420898438e-01
4.534664154052734375e-01
4.447453022003173828e-01
4.649093151092529297e-01
4.526925086975097656e-01
4.595260620117187500e-01
4.521861076354980469e-01
4.513230323791503906e-01
4.380517005920410156e-01
4.359512329101562500e-01
4.332904815673828125e-01
4.343495368957519531e-01
4.357521533966064453e-01
4.451704025268554688e-01
4.456136226654052734e-01
4.414408206939697266e-01
4.361262321472167969e-01
4.400007724761962891e-01
4.339423179626464844e-01
4.418032169342041016e-01
4.384582042694091797e-01
4.319105148315429688e-01
4.381034374237060547e-01
4.464607238769531250e-01
4.367332458496093750e-01
4.486219882965087891e-01
4.394907951354980469e-01
4.362246990203857422e-01
4.364576339721679688e-01
4.442224502563476562e-01
4.362380504608154297e-01
4.378743171691894531e-01
4.394400119781494141e-01
4.514484405517578125e-01
4.374389648437500000e-01
4.366924762725830078e-01
4.418978691101074219e-01
4.348440170288085938e-01
4.484302997589111328e-01
4.347908496856689453e-01
4.367485046386718750e-01
4.379723072052001953e-01
4.413003921508789062e-01
4.428443908691406250e-01
4.376497268676757812e-01
4.395918846130371094e-01
4.369735717773437500e-01
4.354867935180664062e-01
4.450976848602294922e-01
4.433789253234863281e-01
4.444940090179443359e-01
4.435906410217285156e-01
4.357304573059082031e-01
4.439897537231445312e-01
4.350810050964355469e-01
5.137226581573486328e-01
5.159964561462402344e-01
