2.977638721466064453e+00
4.344871044158935547e-01
4.367721080780029297e-01
4.739756584167480469e-01
4.316098690032958984e-01
4.323737621307373047e-01
4.521450996398925781e-01
4.506006240844726562e-01
4.572107791900634766e-01
4.505310058593750000e-01
4.616892337799072266e-01
4.572553634643554688e-01
4.661452770233154297e-01
4.651410579681396484e-01
4.650626182556152344e-01
4.656376838684082031e-01
4.540727138519287109e-01
4.453308582305908203e-01
4.416396617889404297e-01
4.412834644317626953e-01
4.382157325744628906e-01
4.956712722778320312e-01
4.667634963989257812e-01
4.871525764465332031e-01
4.780004024505615234e-01
4.709823131561279297e-01
4.516813755035400391e-01
4.545009136199951172e-01
4.363737106323242188e-01
4.383347034454345703e-01
4.369192123413085938e-01
4.413418769836425781e-01
4.411251544952392578e-01
4.605011940002441406e-01
4.395246505737304688e-01
4.346828460693359375e-01
4.426755905151367188e-01
4.394438266754150391e-01
4.566476345062255859e-01
4.653654098510742188e-01
4.714572429656982422e-01
4.631416797637939453e-01
4.681665897369384766e-01
4.656381607055664062e-01
4.604022502899169922e-01
4.664790630340576172e-01
4.653501510620117188e-01
4.294815063476562500e-01
4.407706260681152344e-01
4.297749996185302734e-01
4.334888458251953125e-01
4.288444519042968750e-01
4.649255275726318359e-01
4.774250984191894531e-01
4.762852191925048828e-01
4.630591869354248047e-01
4.528660774230957031e-01
4.577441215515136719e-01
4.497041702270507812e-01
4.458689689636230469e-01
4.461371898651123047e-01
4.467778205871582031e-01
4.451456069946289062e-01
4.783737659454345703e-01
4.388418197631835938e-01
4.459323883056640625e-01
4.423809051513671875e-01
4.430022239685058594e-01
4.428148269653320312e-01
4.410977363586425781e-01
4.477095603942871094e-01
4.476308822631835938e-01
4.560043811798095703e-01
4.734888076782226562e-01
4.736022949218750000e-01
4.710233211517333984e-01
4.782044887542724609e-01
4.796886444091796875e-01
4.633340835571289062e-01
4.641575813293457031e-01
4.705302715301513672e-01
4.551603794097900391e-01
4.535913467407226562e-01
4.403321743011474609e-01
4.381115436553955078e-01
4.426846504211425781e-01
4.544227123260498047e-01
4.409961700439453125e-01
4.432158470153808594e-01
4.468219280242919922e-01
4.464530944824218750e-01
4.500336647033691406e-01
4.479608535766601562e-01
4.505155086517333984e-01
4.557995796203613281e-01
4.644751548767089844e-01
4.758317470550537109e-01
4.641258716583251953e-01
4.652330875396728516e-01
4.579517841339111328e-01
4.351727962493896484e-01
4.372634887695312500e-01
4.395751953125000000e-01
4.378569126129150391e-01
4.404783248901367188e-01
4.476549625396728516e-01
5.107975006103515625e-01
5.261006355285644531e-01
5.258934497833251953e-01
5.291545391082763672e-01
4.545135498046875000e-01
4.413554668426513672e-01
4.596748352050781250e-01
4.464104175567626953e-01
4.416325092315673828e-01
4.417002201080322266e-01
4.351029396057128906e-01
4.430868625640869141e-01
4.399485588073730469e-01
4.394235610961914062e-01
4.333913326263427734e-01
4.381492137908935547e-01
4.388458728790283203e-01
4.569063186645507812e-01
5.302844047546386719e-01
5.009543895721435547e-01
4.758338928222656250e-01
4.707202911376953125e-01
4.428527355194091797e-01
4.712460041046142578e-01
4.652252197265625000e-01
4.595158100128173828e-01
4.406650066375732422e-01
4.408092498779296875e-01
4.494225978851318359e-01
4.398794174194335938e-01
4.414775371551513672e-01
4.449701309204101562e-01
4.759612083435058594e-01
5.111222267150878906e-01
5.197637081146240234e-01
5.206427574157714844e-01
5.365774631500244141e-01
5.355834960937500000e-01
4.998307228088378906e-01
4.535691738128662109e-01
4.389278888702392578e-01
4.393274784088134766e-01
4.429214000701904297e-01
4.484264850616455078e-01
4.376633167266845703e-01
4.464881420135498047e-01
4.409346580505371094e-01
4.439048767089843750e-01
4.341571331024169922e-01
4.345436096191406250e-01
4.449148178100585938e-01
4.392950534820556641e-01
4.418876171112060547e-01
4.362778663635253906e-01
4.369916915893554688e-01
4.379682540893554688e-01
4.376771450042724609e-01
4.396333694458007812e-01
4.382667541503906250e-01
4.355990886688232422e-01
4.426450729370117188e-01
4.952039718627929688e-01
4.522485733032226562e-01
4.500153064727783203e-01
4.552044868469238281e-01
4.516260623931884766e-01
4.955952167510986328e-01
4.992501735687255859e-01
5.080533027648925781e-01
4.526822566986083984e-01
4.534413814544677734e-01
4.562261104583740234e-01
4.556975364685058594e-01
4.517486095428466797e-01
4.379012584686279297e-01
4.693560600280761719e-01
4.406163692474365234e-01
4.470002651214599609e-01
4.506640434265136719e-01
4.520490169525146484e-01
4.491462707519531250e-01
4.492261409759521484e-01
4.535641670227050781e-01
4.441308975219726562e-01
4.500675201416015625e-01
4.505839347839355469e-01
4.534337520599365234e-01
4.500312805175781250e-01
4.649529457092285156e-01
4.468727111816406250e-01
4.588761329650878906e-01
4.486832618713378906e-01
4.459071159362792969e-01
5.361976623535156250e-01
