6.336178779602050781e-01
6.257560253143310547e-01
6.305625438690185547e-01
6.214759349822998047e-01
6.928415298461914062e-01
6.229560375213623047e-01
6.229457855224609375e-01
6.213474273681640625e-01
6.313817501068115234e-01
6.356041431427001953e-01
7.075948715209960938e-01
6.329512596130371094e-01
6.295285224914550781e-01
6.344957351684570312e-01
6.390655040740966797e-01
6.327707767486572266e-01
7.009251117706298828e-01
6.349744796752929688e-01
6.436469554901123047e-01
6.325168609619140625e-01
6.321799755096435547e-01
6.347885131835937500e-01
6.409204006195068359e-01
6.349365711212158203e-01
6.317310333251953125e-01
6.321766376495361328e-01
6.331124305725097656e-01
7.010087966918945312e-01
6.363432407379150391e-01
6.333165168762207031e-01
6.324925422668457031e-01
6.368496417999267578e-01
6.979815959930419922e-01
6.347417831420898438e-01
6.350433826446533203e-01
7.019870281219482422e-01
6.338045597076416016e-01
6.393504142761230469e-01
6.940376758575439453e-01
6.349668502807617188e-01
6.382634639739990234e-01
6.327142715454101562e-01
6.391932964324951172e-01
6.335783004760742188e-01
6.298713684082031250e-01
6.376767158508300781e-01
6.334366798400878906e-01
7.049627304077148438e-01
6.325702667236328125e-01
6.357557773590087891e-01
7.046985626220703125e-01
6.352355480194091797e-01
6.366634368896484375e-01
6.373775005340576172e-01
6.410548686981201172e-01
6.340057849884033203e-01
6.352801322937011719e-01
6.332571506500244141e-01
7.098913192749023438e-01
6.347997188568115234e-01
6.353054046630859375e-01
6.373746395111083984e-01
6.364367008209228516e-01
6.359403133392333984e-01
6.329910755157470703e-01
6.379714012145996094e-01
7.050335407257080078e-01
6.324541568756103516e-01
6.333129405975341797e-01
6.370275020599365234e-01
6.372148990631103516e-01
6.350579261779785156e-01
6.377196311950683594e-01
6.388897895812988281e-01
6.397602558135986328e-01
6.358666419982910156e-01
6.381826400756835938e-01
6.352758407592773438e-01
6.367864608764648438e-01
6.336600780487060547e-01
6.372056007385253906e-01
6.487987041473388672e-01
6.379697322845458984e-01
6.993198394775390625e-01
6.356537342071533203e-01
6.123118400573730469e-01
6.379039287567138672e-01
6.315658092498779297e-01
6.397864818572998047e-01
7.205224037170410156e-01
6.366658210754394531e-01
6.371922492980957031e-01
6.366338729858398438e-01
6.344172954559326172e-01
6.181902885437011719e-01
6.211090087890625000e-01
6.174032688140869141e-01
6.189486980438232422e-01
7.103569507598876953e-01
6.264784336090087891e-01
6.092231273651123047e-01
6.934700012207031250e-01
6.211652755737304688e-01
6.168677806854248047e-01
6.204943656921386719e-01
6.148276329040527344e-01
6.160280704498291016e-01
6.186473369598388672e-01
6.218454837799072266e-01
7.107303142547607422e-01
6.252303123474121094e-01
6.138212680816650391e-01
6.924469470977783203e-01
6.344945430755615234e-01
6.450257301330566406e-01
6.321339607238769531e-01
6.629030704498291016e-01
6.167178153991699219e-01
6.281278133392333984e-01
6.449213027954101562e-01
6.245198249816894531e-01
6.306369304656982422e-01
6.891689300537109375e-01
6.255443096160888672e-01
6.504967212677001953e-01
6.992895603179931641e-01
6.297755241394042969e-01
6.334998607635498047e-01
6.801123619079589844e-01
6.163876056671142578e-01
6.667931079864501953e-01
6.215834617614746094e-01
6.199836730957031250e-01
6.204438209533691406e-01
6.195158958435058594e-01
6.903953552246093750e-01
6.141581535339355469e-01
6.237792968750000000e-01
7.000961303710937500e-01
6.179876327514648438e-01
6.796944141387939453e-01
6.175885200500488281e-01
6.376929283142089844e-01
6.168704032897949219e-01
6.208717823028564453e-01
6.204886436462402344e-01
6.371893882751464844e-01
6.230909824371337891e-01
6.756594181060791016e-01
6.251878738403320312e-01
6.272656917572021484e-01
6.975407600402832031e-01
6.327626705169677734e-01
6.927056312561035156e-01
6.332218647003173828e-01
6.321656703948974609e-01
6.313180923461914062e-01
6.328585147857666016e-01
6.508829593658447266e-01
6.368849277496337891e-01
6.805908679962158203e-01
6.472356319427490234e-01
6.328024864196777344e-01
6.460165977478027344e-01
7.086021900177001953e-01
7.017347812652587891e-01
6.599798202514648438e-01
6.302309036254882812e-01
6.443195343017578125e-01
6.362204551696777344e-01
6.383965015411376953e-01
7.082042694091796875e-01
6.338353157043457031e-01
6.457171440124511719e-01
6.480698585510253906e-01
6.549661159515380859e-01
6.419656276702880859e-01
7.094519138336181641e-01
6.370239257812500000e-01
6.357176303863525391e-01
6.359567642211914062e-01
6.395897865295410156e-01
7.118330001831054688e-01
6.777389049530029297e-01
6.530263423919677734e-01
6.411914825439453125e-01
6.442587375640869141e-01
6.487259864807128906e-01
6.997659206390380859e-01
6.708762645721435547e-01
7.124495506286621094e-01
6.188170909881591797e-01
6.411278247833251953e-01
7.557804584503173828e-01
6.352102756500244141e-01
6.351418495178222656e-01
5.764148235321044922e-01
6.177575588226318359e-01
6.358687877655029297e-01
6.325113773345947266e-01
