6.336264610290527344e-01
6.257574558258056641e-01
6.305503845214843750e-01
6.214685440063476562e-01
6.928386688232421875e-01
6.229364871978759766e-01
6.229453086853027344e-01
6.213388442993164062e-01
6.313841342926025391e-01
6.355895996093750000e-01
7.075805664062500000e-01
6.329452991485595703e-01
6.295242309570312500e-01
6.344926357269287109e-01
6.390607357025146484e-01
6.327672004699707031e-01
7.009112834930419922e-01
6.349625587463378906e-01
6.436536312103271484e-01
6.325139999389648438e-01
6.321754455566406250e-01
6.347723007202148438e-01
6.409144401550292969e-01
6.349334716796875000e-01
6.317396163940429688e-01
6.321830749511718750e-01
6.331017017364501953e-01
7.010159492492675781e-01
6.363539695739746094e-01
6.333029270172119141e-01
6.324980258941650391e-01
6.368560791015625000e-01
6.979844570159912109e-01
6.347382068634033203e-01
6.350374221801757812e-01
7.019858360290527344e-01
6.337971687316894531e-01
6.393485069274902344e-01
6.940331459045410156e-01
6.349594593048095703e-01
6.382770538330078125e-01
6.327142715454101562e-01
6.391985416412353516e-01
6.335926055908203125e-01
6.298718452453613281e-01
6.376814842224121094e-01
6.334321498870849609e-01
7.049784660339355469e-01
6.325759887695312500e-01
6.357452869415283203e-01
7.046842575073242188e-01
6.352436542510986328e-01
6.366713047027587891e-01
6.373825073242187500e-01
6.410584449768066406e-01
6.339967250823974609e-01
6.352777481079101562e-01
6.332538127899169922e-01
7.098827362060546875e-01
6.347901821136474609e-01
6.353223323822021484e-01
6.373832225799560547e-01
6.364369392395019531e-01
6.359374523162841797e-01
6.329841613769531250e-01
6.379747390747070312e-01
7.050282955169677734e-01
6.324641704559326172e-01
6.333107948303222656e-01
6.370258331298828125e-01
6.372151374816894531e-01
6.350672245025634766e-01
6.377191543579101562e-01
6.388933658599853516e-01
6.397585868835449219e-01
6.358635425567626953e-01
6.381926536560058594e-01
6.352748870849609375e-01
6.367866992950439453e-01
6.336545944213867188e-01
6.372141838073730469e-01
6.611132621765136719e-01
6.379706859588623047e-01
6.993122100830078125e-01
6.356558799743652344e-01
6.403191089630126953e-01
6.379182338714599609e-01
6.315755844116210938e-01
6.397755146026611328e-01
7.205212116241455078e-01
6.366724967956542969e-01
6.371901035308837891e-01
6.366345882415771484e-01
6.344149112701416016e-01
6.181890964508056641e-01
6.312294006347656250e-01
6.174073219299316406e-01
6.464672088623046875e-01
7.103614807128906250e-01
6.264791488647460938e-01
6.146709918975830078e-01
6.967227458953857422e-01
6.211707592010498047e-01
6.203248500823974609e-01
6.204969882965087891e-01
6.237709522247314453e-01
6.160330772399902344e-01
6.186475753784179688e-01
6.218340396881103516e-01
7.107293605804443359e-01
6.252310276031494141e-01
6.167130470275878906e-01
6.924407482147216797e-01
6.344907283782958984e-01
6.450221538543701172e-01
6.321280002593994141e-01
6.629021167755126953e-01
6.167151927947998047e-01
6.281132698059082031e-01
6.449151039123535156e-01
6.245136260986328125e-01
6.306328773498535156e-01
6.891767978668212891e-01
6.255424022674560547e-01
6.662263870239257812e-01
6.992952823638916016e-01
6.297636032104492188e-01
6.334984302520751953e-01
6.801054477691650391e-01
6.163904666900634766e-01
6.667759418487548828e-01
6.215817928314208984e-01
6.199862957000732422e-01
6.204354763031005859e-01
6.195175647735595703e-01
6.904060840606689453e-01
6.141555309295654297e-01
6.237792968750000000e-01
7.000937461853027344e-01
6.179819107055664062e-01
6.796815395355224609e-01
6.175830364227294922e-01
6.376655101776123047e-01
6.168589591979980469e-01
6.208503246307373047e-01
6.204881668090820312e-01
6.371898651123046875e-01
6.230740547180175781e-01
6.756625175476074219e-01
6.251945495605468750e-01
6.272506713867187500e-01
6.975381374359130859e-01
6.327471733093261719e-01
6.927092075347900391e-01
6.332213878631591797e-01
6.321575641632080078e-01
6.313230991363525391e-01
6.328568458557128906e-01
6.508917808532714844e-01
6.369066238403320312e-01
6.805715560913085938e-01
6.472632884979248047e-01
6.327972412109375000e-01
6.460123062133789062e-01
7.085905075073242188e-01
7.017283439636230469e-01
6.599638462066650391e-01
6.302261352539062500e-01
6.443240642547607422e-01
6.362166404724121094e-01
6.383967399597167969e-01
7.082149982452392578e-01
6.338469982147216797e-01
6.457111835479736328e-01
6.480891704559326172e-01
6.549620628356933594e-01
6.419706344604492188e-01
7.094476222991943359e-01
6.370387077331542969e-01
6.357109546661376953e-01
6.359534263610839844e-01
6.395862102508544922e-01
7.118380069732666016e-01
6.777184009552001953e-01
6.530008316040039062e-01
6.412022113800048828e-01
6.442551612854003906e-01
6.487290859222412109e-01
6.997749805450439453e-01
6.708650588989257812e-01
7.124423980712890625e-01
6.359465122222900391e-01
6.411345005035400391e-01
7.843356132507324219e-01
6.352169513702392578e-01
6.351444721221923828e-01
6.248462200164794922e-01
6.177523136138916016e-01
6.358780860900878906e-01
6.325216293334960938e-01
