6.336090564727783203e-01
6.257758140563964844e-01
6.305632591247558594e-01
6.214556694030761719e-01
6.928348541259765625e-01
6.229498386383056641e-01
6.229403018951416016e-01
6.213450431823730469e-01
6.313784122467041016e-01
6.355884075164794922e-01
7.075848579406738281e-01
6.329407691955566406e-01
6.295034885406494141e-01
6.344876289367675781e-01
6.390573978424072266e-01
6.327540874481201172e-01
7.009205818176269531e-01
6.349666118621826172e-01
6.436219215393066406e-01
6.325020790100097656e-01
6.321723461151123047e-01
6.347799301147460938e-01
6.409053802490234375e-01
6.349287033081054688e-01
6.317238807678222656e-01
6.321361064910888672e-01
6.331024169921875000e-01
7.010011672973632812e-01
6.363394260406494141e-01
6.333024501800537109e-01
6.324856281280517578e-01
6.368384361267089844e-01
6.979691982269287109e-01
6.347315311431884766e-01
6.350288391113281250e-01
7.019586563110351562e-01
6.337878704071044922e-01
6.393430233001708984e-01
6.940298080444335938e-01
6.349506378173828125e-01
6.382546424865722656e-01
6.327085494995117188e-01
6.392018795013427734e-01
6.335668563842773438e-01
6.298639774322509766e-01
6.376788616180419922e-01
6.334192752838134766e-01
7.049596309661865234e-01
6.325583457946777344e-01
6.357340812683105469e-01
7.046830654144287109e-01
6.352293491363525391e-01
6.366519927978515625e-01
6.373629570007324219e-01
6.410484313964843750e-01
6.339964866638183594e-01
6.352775096893310547e-01
6.332504749298095703e-01
7.098789215087890625e-01
6.347718238830566406e-01
6.352915763854980469e-01
6.373670101165771484e-01
6.364364624023437500e-01
6.359288692474365234e-01
6.329853534698486328e-01
6.379721164703369141e-01
7.050101757049560547e-01
6.324474811553955078e-01
6.333076953887939453e-01
6.370077133178710938e-01
6.371982097625732422e-01
6.350510120391845703e-01
6.377184391021728516e-01
6.388731002807617188e-01
6.397540569305419922e-01
6.358616352081298828e-01
6.381649971008300781e-01
6.352689266204833984e-01
6.367814540863037109e-01
6.336450576782226562e-01
6.371898651123046875e-01
6.611220836639404297e-01
6.379551887512207031e-01
6.992983818054199219e-01
6.356487274169921875e-01
6.403162479400634766e-01
6.378922462463378906e-01
6.315612792968750000e-01
6.397786140441894531e-01
7.205045223236083984e-01
6.366577148437500000e-01
6.371898651123046875e-01
6.366214752197265625e-01
6.262793540954589844e-01
6.181814670562744141e-01
6.312100887298583984e-01
6.173906326293945312e-01
6.464703083038330078e-01
7.103517055511474609e-01
6.264703273773193359e-01
6.146616935729980469e-01
6.967258453369140625e-01
6.211550235748291016e-01
6.203174591064453125e-01
6.204888820648193359e-01
6.237626075744628906e-01
6.160206794738769531e-01
6.186401844024658203e-01
6.218197345733642578e-01
7.107133865356445312e-01
6.252236366271972656e-01
6.167080402374267578e-01
6.924436092376708984e-01
6.344847679138183594e-01
6.450200080871582031e-01
6.321258544921875000e-01
6.628971099853515625e-01
6.167089939117431641e-01
6.281137466430664062e-01
6.449155807495117188e-01
6.245090961456298828e-01
6.306173801422119141e-01
6.891541481018066406e-01
6.255342960357666016e-01
6.662278175354003906e-01
6.992838382720947266e-01
6.297652721405029297e-01
6.334936618804931641e-01
6.800866127014160156e-01
6.163806915283203125e-01
6.667828559875488281e-01
6.215722560882568359e-01
6.199760437011718750e-01
6.204342842102050781e-01
6.194968223571777344e-01
6.903896331787109375e-01
6.141498088836669922e-01
6.237738132476806641e-01
7.000911235809326172e-01
6.179823875427246094e-01
6.796829700469970703e-01
6.175692081451416016e-01
6.376867294311523438e-01
6.168608665466308594e-01
6.208565235137939453e-01
6.204853057861328125e-01
6.371800899505615234e-01
6.230700016021728516e-01
6.756393909454345703e-01
6.251859664916992188e-01
6.272547245025634766e-01
6.975288391113281250e-01
6.327543258666992188e-01
6.926953792572021484e-01
6.332123279571533203e-01
6.321632862091064453e-01
6.313102245330810547e-01
6.328439712524414062e-01
6.508722305297851562e-01
6.368792057037353516e-01
6.805775165557861328e-01
6.472206115722656250e-01
6.327946186065673828e-01
6.460092067718505859e-01
7.085926532745361328e-01
7.017297744750976562e-01
6.599709987640380859e-01
6.302180290222167969e-01
6.443195343017578125e-01
6.362123489379882812e-01
6.383793354034423828e-01
7.081894874572753906e-01
6.338276863098144531e-01
6.456933021545410156e-01
6.480588912963867188e-01
6.549589633941650391e-01
6.419560909271240234e-01
7.094433307647705078e-01
6.370129585266113281e-01
6.357092857360839844e-01
6.359405517578125000e-01
6.395897865295410156e-01
7.118251323699951172e-01
6.777250766754150391e-01
6.530129909515380859e-01
6.411817073822021484e-01
6.442410945892333984e-01
6.487035751342773438e-01
6.997559070587158203e-01
6.708691120147705078e-01
7.124359607696533203e-01
6.359455585479736328e-01
6.411216259002685547e-01
7.843360900878906250e-01
6.352152824401855469e-01
6.351318359375000000e-01
6.248331069946289062e-01
6.177461147308349609e-01
6.358602046966552734e-01
6.324880123138427734e-01
