6.336147785186767578e-01
6.257529258728027344e-01
6.305735111236572266e-01
6.214621067047119141e-01
6.928386688232421875e-01
6.229517459869384766e-01
6.229467391967773438e-01
6.213545799255371094e-01
6.313788890838623047e-01
6.356060504913330078e-01
7.075881958007812500e-01
6.329464912414550781e-01
6.295070648193359375e-01
6.344890594482421875e-01
6.390631198883056641e-01
6.327700614929199219e-01
7.009229660034179688e-01
6.349685192108154297e-01
6.436474323272705078e-01
6.325087547302246094e-01
6.321737766265869141e-01
6.347870826721191406e-01
6.409211158752441406e-01
6.349358558654785156e-01
6.317303180694580078e-01
6.321754455566406250e-01
6.331119537353515625e-01
7.010080814361572266e-01
6.363425254821777344e-01
6.333131790161132812e-01
6.324930191040039062e-01
6.368467807769775391e-01
6.979827880859375000e-01
6.347370147705078125e-01
6.350343227386474609e-01
7.019906044006347656e-01
6.338009834289550781e-01
6.393485069274902344e-01
6.940362453460693359e-01
6.349663734436035156e-01
6.382608413696289062e-01
6.327166557312011719e-01
6.391968727111816406e-01
6.335716247558593750e-01
6.298696994781494141e-01
6.347889900207519531e-01
6.334125995635986328e-01
7.049603462219238281e-01
6.325640678405761719e-01
6.357338428497314453e-01
7.046892642974853516e-01
6.352300643920898438e-01
6.366655826568603516e-01
6.373710632324218750e-01
6.410465240478515625e-01
6.339991092681884766e-01
6.352744102478027344e-01
6.332547664642333984e-01
7.098920345306396484e-01
6.347911357879638672e-01
6.353025436401367188e-01
6.373734474182128906e-01
6.364388465881347656e-01
6.359398365020751953e-01
6.329913139343261719e-01
6.379790306091308594e-01
7.050302028656005859e-01
6.324470043182373047e-01
6.333100795745849609e-01
6.370224952697753906e-01
6.372139453887939453e-01
6.350538730621337891e-01
6.377232074737548828e-01
6.388854980468750000e-01
6.397542953491210938e-01
6.358656883239746094e-01
6.381802558898925781e-01
6.352729797363281250e-01
6.367835998535156250e-01
6.336534023284912109e-01
6.372063159942626953e-01
6.611249446868896484e-01
6.379697322845458984e-01
6.993088722229003906e-01
6.356494426727294922e-01
6.403222084045410156e-01
6.379070281982421875e-01
6.315603256225585938e-01
6.397852897644042969e-01
7.205178737640380859e-01
6.366646289825439453e-01
6.371927261352539062e-01
6.366298198699951172e-01
6.344132423400878906e-01
6.181836128234863281e-01
6.312131881713867188e-01
6.058425903320312500e-01
6.464705467224121094e-01
7.103409767150878906e-01
6.264750957489013672e-01
6.146600246429443359e-01
6.967270374298095703e-01
6.107411384582519531e-01
6.203181743621826172e-01
6.204895973205566406e-01
6.237709522247314453e-01
6.160216331481933594e-01
6.081600189208984375e-01
6.218433380126953125e-01
7.107276916503906250e-01
6.252303123474121094e-01
6.167094707489013672e-01
6.924483776092529297e-01
6.344873905181884766e-01
6.450288295745849609e-01
6.321363449096679688e-01
6.628999710083007812e-01
6.167132854461669922e-01
6.281187534332275391e-01
6.431624889373779297e-01
6.245155334472656250e-01
6.306300163269042969e-01
6.891632080078125000e-01
6.255383491516113281e-01
6.662340164184570312e-01
6.992912292480468750e-01
6.297698020935058594e-01
6.334969997406005859e-01
6.800947189331054688e-01
6.163828372955322266e-01
6.667828559875488281e-01
6.215660572052001953e-01
6.199784278869628906e-01
6.204366683959960938e-01
6.194994449615478516e-01
6.903953552246093750e-01
6.141519546508789062e-01
6.237752437591552734e-01
7.000956535339355469e-01
6.179838180541992188e-01
6.796879768371582031e-01
6.175835132598876953e-01
6.376879215240478516e-01
6.168606281280517578e-01
6.208767890930175781e-01
6.070613861083984375e-01
6.371867656707763672e-01
6.230711936950683594e-01
6.756532192230224609e-01
6.251881122589111328e-01
6.272554397583007812e-01
6.975407600402832031e-01
6.327569484710693359e-01
6.926991939544677734e-01
6.332139968872070312e-01
6.321678161621093750e-01
6.313130855560302734e-01
6.328423023223876953e-01
6.508879661560058594e-01
6.368792057037353516e-01
6.805863380432128906e-01
6.472294330596923828e-01
6.327953338623046875e-01
6.460103988647460938e-01
7.085986137390136719e-01
7.017323970794677734e-01
6.599743366241455078e-01
6.302247047424316406e-01
6.443212032318115234e-01
6.362164020538330078e-01
6.383836269378662109e-01
7.082011699676513672e-01
6.338310241699218750e-01
6.457104682922363281e-01
6.480677127838134766e-01
6.549618244171142578e-01
6.419603824615478516e-01
7.094500064849853516e-01
6.370167732238769531e-01
6.357107162475585938e-01
6.359505653381347656e-01
6.395912170410156250e-01
7.118315696716308594e-01
6.777367591857910156e-01
6.530296802520751953e-01
6.411914825439453125e-01
6.442577838897705078e-01
6.487114429473876953e-01
6.997606754302978516e-01
6.708683967590332031e-01
7.124438285827636719e-01
6.359491348266601562e-01
6.411252021789550781e-01
7.843360900878906250e-01
6.352109909057617188e-01
6.351361274719238281e-01
6.248445510864257812e-01
6.177573204040527344e-01
6.358637809753417969e-01
6.325008869171142578e-01
