6.336193084716796875e-01
6.257681846618652344e-01
6.305651664733886719e-01
6.214630603790283203e-01
6.928374767303466797e-01
6.229531764984130859e-01
6.229438781738281250e-01
6.213524341583251953e-01
6.313738822937011719e-01
6.355886459350585938e-01
7.075765132904052734e-01
6.329457759857177734e-01
6.295287609100341797e-01
6.344871520996093750e-01
6.390595436096191406e-01
6.327624320983886719e-01
7.009103298187255859e-01
6.349558830261230469e-01
6.436512470245361328e-01
6.325166225433349609e-01
6.321725845336914062e-01
6.347618103027343750e-01
6.409215927124023438e-01
6.349277496337890625e-01
6.317384243011474609e-01
6.321833133697509766e-01
6.330993175506591797e-01
7.010164260864257812e-01
6.363558769226074219e-01
6.333084106445312500e-01
6.324958801269531250e-01
6.368525028228759766e-01
6.979801654815673828e-01
6.347393989562988281e-01
6.350328922271728516e-01
7.019813060760498047e-01
6.337897777557373047e-01
6.393454074859619141e-01
6.940283775329589844e-01
6.349551677703857422e-01
6.382751464843750000e-01
6.327078342437744141e-01
6.391932964324951172e-01
6.335766315460205078e-01
6.298601627349853516e-01
6.376745700836181641e-01
6.334393024444580078e-01
7.049717903137207031e-01
6.325736045837402344e-01
6.357483863830566406e-01
7.046754360198974609e-01
6.352388858795166016e-01
6.366641521453857422e-01
6.373803615570068359e-01
6.410534381866455078e-01
6.339962482452392578e-01
6.352722644805908203e-01
6.332433223724365234e-01
7.098817825317382812e-01
6.347873210906982422e-01
6.353144645690917969e-01
6.373836994171142578e-01
6.364359855651855469e-01
6.359364986419677734e-01
6.329920291900634766e-01
6.379718780517578125e-01
7.050254344940185547e-01
6.324553489685058594e-01
6.333038806915283203e-01
6.370224952697753906e-01
6.372156143188476562e-01
6.350605487823486328e-01
6.377184391021728516e-01
6.388897895812988281e-01
6.397600173950195312e-01
6.358582973480224609e-01
6.381933689117431641e-01
6.352798938751220703e-01
6.367881298065185547e-01
6.336505413055419922e-01
6.372075080871582031e-01
6.611154079437255859e-01
6.379694938659667969e-01
6.993069648742675781e-01
6.356544494628906250e-01
6.403176784515380859e-01
6.379127502441406250e-01
6.315770149230957031e-01
6.397740840911865234e-01
7.205150127410888672e-01
6.366667747497558594e-01
6.371846199035644531e-01
6.366338729858398438e-01
6.344113349914550781e-01
6.181821823120117188e-01
6.312251091003417969e-01
6.174015998840332031e-01
6.464624404907226562e-01
7.103590965270996094e-01
6.264719963073730469e-01
6.146609783172607422e-01
6.967196464538574219e-01
6.211638450622558594e-01
6.203143596649169922e-01
6.204900741577148438e-01
6.237685680389404297e-01
6.160230636596679688e-01
6.186356544494628906e-01
6.218333244323730469e-01
7.107241153717041016e-01
6.252346038818359375e-01
6.167073249816894531e-01
6.924431324005126953e-01
6.344861984252929688e-01
6.450228691101074219e-01
6.321339607238769531e-01
6.629009246826171875e-01
6.167075634002685547e-01
6.281182765960693359e-01
6.449124813079833984e-01
6.245121955871582031e-01
6.306300163269042969e-01
6.891739368438720703e-01
6.255397796630859375e-01
6.662218570709228516e-01
6.992888450622558594e-01
6.297624111175537109e-01
6.334919929504394531e-01
6.800994873046875000e-01
6.163792610168457031e-01
6.667664051055908203e-01
6.215777397155761719e-01
6.199753284454345703e-01
6.204264163970947266e-01
6.195082664489746094e-01
6.904044151306152344e-01
6.141438484191894531e-01
6.237761974334716797e-01
7.000951766967773438e-01
6.179828643798828125e-01
6.796765327453613281e-01
6.175830364227294922e-01
6.376709938049316406e-01
6.168563365936279297e-01
6.208467483520507812e-01
6.204929351806640625e-01
6.371879577636718750e-01
6.230702400207519531e-01
6.756634712219238281e-01
6.251876354217529297e-01
6.272466182708740234e-01
6.975371837615966797e-01
6.327459812164306641e-01
6.927082538604736328e-01
6.332216262817382812e-01
6.321694850921630859e-01
6.313223838806152344e-01
6.328558921813964844e-01
6.508979797363281250e-01
6.369025707244873047e-01
6.805746555328369141e-01
6.472592353820800781e-01
6.327979564666748047e-01
6.460130214691162109e-01
7.085909843444824219e-01
7.017333507537841797e-01
6.599681377410888672e-01
6.302220821380615234e-01
6.443238258361816406e-01
6.362066268920898438e-01
6.383922100067138672e-01
7.082099914550781250e-01
6.338412761688232422e-01
6.457130908966064453e-01
6.480865478515625000e-01
6.549606323242187500e-01
6.419694423675537109e-01
7.094438076019287109e-01
6.370296478271484375e-01
6.357109546661376953e-01
6.359555721282958984e-01
6.395955085754394531e-01
7.118391990661621094e-01
6.777102947235107422e-01
6.530010700225830078e-01
6.411943435668945312e-01
6.442520618438720703e-01
6.487305164337158203e-01
6.997780799865722656e-01
6.708645820617675781e-01
7.124435901641845703e-01
6.359484195709228516e-01
6.411316394805908203e-01
7.843351364135742188e-01
6.352231502532958984e-01
6.351380348205566406e-01
6.248435974121093750e-01
6.177523136138916016e-01
6.358716487884521484e-01
6.325154304504394531e-01
