6.336064338684082031e-01
6.257300376892089844e-01
6.305427551269531250e-01
6.214578151702880859e-01
6.928281784057617188e-01
6.229376792907714844e-01
6.229362487792968750e-01
6.213402748107910156e-01
6.313703060150146484e-01
6.355788707733154297e-01
7.075779438018798828e-01
6.329417228698730469e-01
6.295270919799804688e-01
6.344869136810302734e-01
6.390588283538818359e-01
6.327552795410156250e-01
7.009103298187255859e-01
6.349570751190185547e-01
6.436450481414794922e-01
6.325151920318603516e-01
6.321706771850585938e-01
6.347644329071044922e-01
6.409089565277099609e-01
6.349303722381591797e-01
6.317355632781982422e-01
6.321754455566406250e-01
6.331021785736083984e-01
7.010145187377929688e-01
6.363356113433837891e-01
6.333022117614746094e-01
6.324923038482666016e-01
6.368505954742431641e-01
6.979699134826660156e-01
6.347367763519287109e-01
6.350326538085937500e-01
7.019824981689453125e-01
6.337904930114746094e-01
6.393432617187500000e-01
6.940269470214843750e-01
6.349527835845947266e-01
6.382741928100585938e-01
6.327078342437744141e-01
6.391880512237548828e-01
6.335792541503906250e-01
6.298620700836181641e-01
6.376755237579345703e-01
6.334376335144042969e-01
7.049717903137207031e-01
6.325709819793701172e-01
6.357433795928955078e-01
7.046802043914794922e-01
6.352410316467285156e-01
6.366651058197021484e-01
6.373746395111083984e-01
6.410531997680664062e-01
6.339964866638183594e-01
6.352727413177490234e-01
6.332449913024902344e-01
7.098839282989501953e-01
6.347868442535400391e-01
6.353161334991455078e-01
6.373763084411621094e-01
6.364376544952392578e-01
6.359231472015380859e-01
6.329779624938964844e-01
6.379711627960205078e-01
7.050223350524902344e-01
6.324570178985595703e-01
6.332952976226806641e-01
6.370272636413574219e-01
6.372134685516357422e-01
6.350560188293457031e-01
6.377170085906982422e-01
6.388871669769287109e-01
6.397593021392822266e-01
6.358625888824462891e-01
6.381835937500000000e-01
6.352813243865966797e-01
6.367921829223632812e-01
6.336419582366943359e-01
6.372117996215820312e-01
6.611158847808837891e-01
6.379697322845458984e-01
6.993072032928466797e-01
6.356539726257324219e-01
6.403157711029052734e-01
6.379077434539794922e-01
6.315691471099853516e-01
6.397628784179687500e-01
7.205126285552978516e-01
6.366612911224365234e-01
6.371808052062988281e-01
6.366305351257324219e-01
6.343972682952880859e-01
6.181759834289550781e-01
6.312196254730224609e-01
6.174051761627197266e-01
6.464610099792480469e-01
7.103509902954101562e-01
6.264684200286865234e-01
6.146543025970458984e-01
6.967110633850097656e-01
6.211590766906738281e-01
6.203136444091796875e-01
6.204843521118164062e-01
6.237645149230957031e-01
6.160206794738769531e-01
6.186358928680419922e-01
6.218225955963134766e-01
7.107226848602294922e-01
6.252186298370361328e-01
6.166987419128417969e-01
6.924402713775634766e-01
6.344821453094482422e-01
6.450142860412597656e-01
6.321310997009277344e-01
6.629025936126708984e-01
6.167025566101074219e-01
6.281154155731201172e-01
6.449103355407714844e-01
6.245088577270507812e-01
6.306178569793701172e-01
6.891679763793945312e-01
6.255359649658203125e-01
6.662111282348632812e-01
6.992883682250976562e-01
6.297605037689208984e-01
6.334922313690185547e-01
6.800889968872070312e-01
6.163797378540039062e-01
6.667683124542236328e-01
6.215691566467285156e-01
6.199738979339599609e-01
6.204316616058349609e-01
6.195089817047119141e-01
6.904008388519287109e-01
6.141486167907714844e-01
6.237738132476806641e-01
7.000901699066162109e-01
6.179788112640380859e-01
6.796705722808837891e-01
6.175775527954101562e-01
6.376647949218750000e-01
6.168470382690429688e-01
6.208415031433105469e-01
6.204869747161865234e-01
6.371834278106689453e-01
6.230647563934326172e-01
6.756458282470703125e-01
6.251857280731201172e-01
6.272430419921875000e-01
6.975233554840087891e-01
6.327397823333740234e-01
6.927037239074707031e-01
6.332030296325683594e-01
6.321618556976318359e-01
6.313145160675048828e-01
6.328427791595458984e-01
6.508913040161132812e-01
6.368949413299560547e-01
6.805672645568847656e-01
6.472561359405517578e-01
6.327898502349853516e-01
6.460087299346923828e-01
7.085895538330078125e-01
7.017240524291992188e-01
6.599621772766113281e-01
6.302216053009033203e-01
6.443171501159667969e-01
6.362137794494628906e-01
6.383836269378662109e-01
7.081999778747558594e-01
6.338384151458740234e-01
6.457085609436035156e-01
6.480727195739746094e-01
6.549496650695800781e-01
6.419696807861328125e-01
7.094316482543945312e-01
6.370253562927246094e-01
6.357061862945556641e-01
6.359488964080810547e-01
6.395888328552246094e-01
7.118282318115234375e-01
6.777112483978271484e-01
6.529986858367919922e-01
6.411919593811035156e-01
6.442489624023437500e-01
6.487269401550292969e-01
6.997642517089843750e-01
6.708612442016601562e-01
7.124376296997070312e-01
6.359391212463378906e-01
6.411166191101074219e-01
7.843317985534667969e-01
6.352155208587646484e-01
6.351339817047119141e-01
6.248364448547363281e-01
6.177380084991455078e-01
6.358666419982910156e-01
6.325151920318603516e-01
