2.758106470108032227e+00
1.004171609878540039e+00
1.003588438034057617e+00
1.005781412124633789e+00
1.006940364837646484e+00
1.006204128265380859e+00
1.006698369979858398e+00
1.007622241973876953e+00
1.005633354187011719e+00
9.878127574920654297e-01
9.772765636444091797e-01
9.773519039154052734e-01
9.783256053924560547e-01
9.781501293182373047e-01
9.797356128692626953e-01
9.781644344329833984e-01
9.774217605590820312e-01
9.784269332885742188e-01
9.779903888702392578e-01
9.799585342407226562e-01
9.785580635070800781e-01
9.823315143585205078e-01
9.808709621429443359e-01
9.798996448516845703e-01
9.801580905914306641e-01
9.791803359985351562e-01
9.811010360717773438e-01
9.803221225738525391e-01
9.803674221038818359e-01
9.821717739105224609e-01
9.834289550781250000e-01
9.815790653228759766e-01
9.829039573669433594e-01
9.834125041961669922e-01
9.847767353057861328e-01
9.885990619659423828e-01
9.866592884063720703e-01
9.860250949859619141e-01
9.850528240203857422e-01
9.856417179107666016e-01
9.867439270019531250e-01
9.850161075592041016e-01
9.853568077087402344e-01
9.868922233581542969e-01
9.871563911437988281e-01
9.859392642974853516e-01
9.872722625732421875e-01
9.877185821533203125e-01
9.883294105529785156e-01
9.867196083068847656e-01
9.919865131378173828e-01
9.865071773529052734e-01
9.860782623291015625e-01
9.864022731781005859e-01
9.892153739929199219e-01
9.891040325164794922e-01
9.892570972442626953e-01
9.900119304656982422e-01
9.896574020385742188e-01
9.893655776977539062e-01
9.913868904113769531e-01
9.919822216033935547e-01
9.921076297760009766e-01
9.906866550445556641e-01
9.928312301635742188e-01
9.907567501068115234e-01
9.923281669616699219e-01
9.924144744873046875e-01
9.927923679351806641e-01
9.932048320770263672e-01
9.903643131256103516e-01
9.912154674530029297e-01
9.921331405639648438e-01
9.937167167663574219e-01
9.922633171081542969e-01
9.926776885986328125e-01
9.920377731323242188e-01
9.940581321716308594e-01
9.941713809967041016e-01
1.012547254562377930e+00
1.001828670501708984e+00
9.962742328643798828e-01
9.942872524261474609e-01
9.940595626831054688e-01
9.933526515960693359e-01
9.941382408142089844e-01
1.008315801620483398e+00
1.032976627349853516e+00
1.009693861007690430e+00
1.013400077819824219e+00
1.011486530303955078e+00
1.019080877304077148e+00
1.008915662765502930e+00
1.017861604690551758e+00
1.024148225784301758e+00
1.024557590484619141e+00
1.024229764938354492e+00
1.025985717773437500e+00
1.026562452316284180e+00
1.024581909179687500e+00
1.024343729019165039e+00
1.026251077651977539e+00
1.025548458099365234e+00
1.024213075637817383e+00
1.024252414703369141e+00
1.026367425918579102e+00
1.024769067764282227e+00
1.026485204696655273e+00
1.024406194686889648e+00
1.023844480514526367e+00
1.024276018142700195e+00
1.026844739913940430e+00
1.025959968566894531e+00
1.026178598403930664e+00
1.032326936721801758e+00
1.037362575531005859e+00
1.024196863174438477e+00
1.024839878082275391e+00
1.025721073150634766e+00
1.024173974990844727e+00
1.024995088577270508e+00
1.028336524963378906e+00
1.027499437332153320e+00
1.026953458786010742e+00
1.025797128677368164e+00
1.058663129806518555e+00
1.026483774185180664e+00
1.025351762771606445e+00
1.028253555297851562e+00
1.026298522949218750e+00
1.026126861572265625e+00
1.044367551803588867e+00
1.026658773422241211e+00
1.027373790740966797e+00
1.028717994689941406e+00
1.042501926422119141e+00
1.029169797897338867e+00
1.062754392623901367e+00
1.030926942825317383e+00
1.028267621994018555e+00
1.029640436172485352e+00
1.048297882080078125e+00
1.030886650085449219e+00
1.031604528427124023e+00
1.035534381866455078e+00
1.030440568923950195e+00
1.027058601379394531e+00
1.029971599578857422e+00
1.030403852462768555e+00
1.038285732269287109e+00
1.028555154800415039e+00
1.027369976043701172e+00
1.028970956802368164e+00
1.029464244842529297e+00
1.036538839340209961e+00
1.038565635681152344e+00
1.040315628051757812e+00
1.043245792388916016e+00
1.040325641632080078e+00
1.045840024948120117e+00
1.031592130661010742e+00
1.009952306747436523e+00
1.086118936538696289e+00
1.031144857406616211e+00
1.029557228088378906e+00
1.031132221221923828e+00
1.031047582626342773e+00
1.029898405075073242e+00
1.031084775924682617e+00
1.029179573059082031e+00
1.032618284225463867e+00
1.002884626388549805e+00
1.030164718627929688e+00
1.031854391098022461e+00
1.067713499069213867e+00
1.019076108932495117e+00
1.005799293518066406e+00
1.049690723419189453e+00
1.020065307617187500e+00
1.014450550079345703e+00
1.032188892364501953e+00
1.032774209976196289e+00
1.032430648803710938e+00
1.050595045089721680e+00
1.017132997512817383e+00
1.018476486206054688e+00
1.021890878677368164e+00
1.005164384841918945e+00
1.022310256958007812e+00
1.004706144332885742e+00
1.029369354248046875e+00
1.053550481796264648e+00
1.031555414199829102e+00
1.040237426757812500e+00
1.007343292236328125e+00
1.035874605178833008e+00
1.108548402786254883e+00
1.032343864440917969e+00
1.034976720809936523e+00
1.040284156799316406e+00
