6.336193084716796875e-01
6.257574558258056641e-01
6.305618286132812500e-01
6.214797496795654297e-01
6.928451061248779297e-01
6.229555606842041016e-01
6.229500770568847656e-01
6.213552951812744141e-01
6.313846111297607422e-01
6.356108188629150391e-01
7.075979709625244141e-01
6.329488754272460938e-01
6.295289993286132812e-01
6.345019340515136719e-01
6.390652656555175781e-01
6.327705383300781250e-01
7.009251117706298828e-01
6.349768638610839844e-01
6.436481475830078125e-01
6.325144767761230469e-01
6.321787834167480469e-01
6.347916126251220703e-01
6.409213542938232422e-01
6.349368095397949219e-01
6.317348480224609375e-01
6.321763992309570312e-01
6.331150531768798828e-01
7.010116577148437500e-01
6.363506317138671875e-01
6.333169937133789062e-01
6.325025558471679688e-01
6.368491649627685547e-01
6.979897022247314453e-01
6.347427368164062500e-01
6.350376605987548828e-01
7.019915580749511719e-01
6.338059902191162109e-01
6.393508911132812500e-01
6.940441131591796875e-01
6.349673271179199219e-01
6.382632255554199219e-01
6.327180862426757812e-01
6.391992568969726562e-01
6.335811614990234375e-01
6.298711299896240234e-01
6.376831531524658203e-01
6.334347724914550781e-01
7.049686908721923828e-01
6.325700283050537109e-01
6.357624530792236328e-01
7.047004699707031250e-01
6.352384090423583984e-01
6.366698741912841797e-01
6.373794078826904297e-01
6.410541534423828125e-01
6.340055465698242188e-01
6.352813243865966797e-01
6.332581043243408203e-01
7.098867893218994141e-01
6.347954273223876953e-01
6.353073120117187500e-01
6.373796463012695312e-01
6.364448070526123047e-01
6.359415054321289062e-01
6.329953670501708984e-01
6.379790306091308594e-01
7.050323486328125000e-01
6.324567794799804688e-01
6.333158016204833984e-01
6.370317935943603516e-01
6.372177600860595703e-01
6.350617408752441406e-01
6.377246379852294922e-01
6.388883590698242188e-01
6.397631168365478516e-01
6.358716487884521484e-01
6.381862163543701172e-01
6.352767944335937500e-01
6.367928981781005859e-01
6.336634159088134766e-01
6.372108459472656250e-01
6.487720012664794922e-01
6.379749774932861328e-01
6.993179321289062500e-01
6.356575489044189453e-01
6.233012676239013672e-01
6.378979682922363281e-01
6.315689086914062500e-01
6.397871971130371094e-01
7.205226421356201172e-01
6.366667747497558594e-01
6.371960639953613281e-01
6.366369724273681641e-01
6.344163417816162109e-01
6.181905269622802734e-01
6.210987567901611328e-01
6.174056529998779297e-01
6.300086975097656250e-01
7.103590965270996094e-01
6.264820098876953125e-01
6.092162132263183594e-01
6.934614181518554688e-01
6.211702823638916016e-01
6.168637275695800781e-01
6.204898357391357422e-01
6.148149967193603516e-01
6.160311698913574219e-01
6.186504364013671875e-01
6.218452453613281250e-01
7.107262611389160156e-01
6.252362728118896484e-01
6.138081550598144531e-01
6.924521923065185547e-01
6.344892978668212891e-01
6.450321674346923828e-01
6.321370601654052734e-01
6.629025936126708984e-01
6.167168617248535156e-01
6.281199455261230469e-01
6.449220180511474609e-01
6.245176792144775391e-01
6.306390762329101562e-01
6.891732215881347656e-01
6.255476474761962891e-01
6.585590839385986328e-01
6.992859840393066406e-01
6.297726631164550781e-01
6.335003376007080078e-01
6.801102161407470703e-01
6.163992881774902344e-01
6.667926311492919922e-01
6.215884685516357422e-01
6.199865341186523438e-01
6.204462051391601562e-01
6.195180416107177734e-01
6.904027462005615234e-01
6.141593456268310547e-01
6.237826347351074219e-01
7.001011371612548828e-01
6.179878711700439453e-01
6.796958446502685547e-01
6.175880432128906250e-01
6.376957893371582031e-01
6.168670654296875000e-01
6.208746433258056641e-01
6.204950809478759766e-01
6.371901035308837891e-01
6.230888366699218750e-01
6.756675243377685547e-01
6.251873970031738281e-01
6.272637844085693359e-01
6.975417137145996094e-01
6.327629089355468750e-01
6.927080154418945312e-01
6.332273483276367188e-01
6.321740150451660156e-01
6.313195228576660156e-01
6.328620910644531250e-01
6.508839130401611328e-01
6.368882656097412109e-01
6.805944442749023438e-01
6.472415924072265625e-01
6.328017711639404297e-01
6.460168361663818359e-01
7.086083889007568359e-01
7.017378807067871094e-01
6.599860191345214844e-01
6.302332878112792969e-01
6.443231105804443359e-01
6.362240314483642578e-01
6.383976936340332031e-01
7.082035541534423828e-01
6.338403224945068359e-01
6.457171440124511719e-01
6.480760574340820312e-01
6.549668312072753906e-01
6.419684886932373047e-01
7.094538211822509766e-01
6.370253562927246094e-01
6.357164382934570312e-01
6.359593868255615234e-01
6.395969390869140625e-01
7.118313312530517578e-01
6.777429580688476562e-01
6.530320644378662109e-01
6.411902904510498047e-01
6.442608833312988281e-01
6.487207412719726562e-01
6.997666358947753906e-01
6.708774566650390625e-01
7.124519348144531250e-01
6.268355846405029297e-01
6.411285400390625000e-01
7.687635421752929688e-01
6.352179050445556641e-01
6.351416110992431641e-01
5.964069366455078125e-01
6.177616119384765625e-01
6.358673572540283203e-01
6.325104236602783203e-01
