6.336076259613037109e-01
6.257629394531250000e-01
6.305553913116455078e-01
6.214754581451416016e-01
6.928391456604003906e-01
6.229453086853027344e-01
6.229450702667236328e-01
6.213531494140625000e-01
6.313877105712890625e-01
6.355915069580078125e-01
7.075848579406738281e-01
6.329486370086669922e-01
6.295335292816162109e-01
6.344943046569824219e-01
6.390635967254638672e-01
6.327717304229736328e-01
7.009143829345703125e-01
6.349644660949707031e-01
6.436583995819091797e-01
6.325192451477050781e-01
6.321802139282226562e-01
6.347720623016357422e-01
6.409218311309814453e-01
6.349375247955322266e-01
6.317431926727294922e-01
6.321856975555419922e-01
6.331069469451904297e-01
7.010195255279541016e-01
6.363594532012939453e-01
6.333065032958984375e-01
6.325020790100097656e-01
6.368579864501953125e-01
6.979863643646240234e-01
6.347413063049316406e-01
6.350393295288085938e-01
7.019958496093750000e-01
6.337931156158447266e-01
6.393499374389648438e-01
6.940348148345947266e-01
6.349554061889648438e-01
6.382808685302734375e-01
6.327173709869384766e-01
6.392009258270263672e-01
6.335887908935546875e-01
6.298747062683105469e-01
6.376845836639404297e-01
6.334414482116699219e-01
7.049794197082519531e-01
6.325805187225341797e-01
6.357519626617431641e-01
7.046873569488525391e-01
6.352472305297851562e-01
6.366727352142333984e-01
6.373856067657470703e-01
6.410617828369140625e-01
6.340057849884033203e-01
6.352791786193847656e-01
6.332566738128662109e-01
7.098863124847412109e-01
6.347858905792236328e-01
6.353199481964111328e-01
6.373858451843261719e-01
6.364355087280273438e-01
6.359424591064453125e-01
6.329894065856933594e-01
6.379783153533935547e-01
7.050361633300781250e-01
6.324677467346191406e-01
6.333143711090087891e-01
6.370291709899902344e-01
6.372225284576416016e-01
6.350691318511962891e-01
6.377220153808593750e-01
6.388967037200927734e-01
6.397633552551269531e-01
6.358659267425537109e-01
6.381962299346923828e-01
6.352860927581787109e-01
6.367907524108886719e-01
6.336607933044433594e-01
6.372182369232177734e-01
6.611182689666748047e-01
6.379735469818115234e-01
6.993148326873779297e-01
6.356639862060546875e-01
6.403210163116455078e-01
6.379210948944091797e-01
6.315801143646240234e-01
6.397762298583984375e-01
7.205224037170410156e-01
6.366741657257080078e-01
6.371994018554687500e-01
6.366403102874755859e-01
6.344158649444580078e-01
6.181883811950683594e-01
6.312279701232910156e-01
6.174101829528808594e-01
6.464679241180419922e-01
7.103629112243652344e-01
6.264786720275878906e-01
6.146690845489501953e-01
6.967248916625976562e-01
6.211709976196289062e-01
6.203241348266601562e-01
6.204967498779296875e-01
6.237723827362060547e-01
6.160314083099365234e-01
6.186487674713134766e-01
6.218376159667968750e-01
7.107317447662353516e-01
6.252315044403076172e-01
6.167137622833251953e-01
6.924436092376708984e-01
6.344904899597167969e-01
6.450271606445312500e-01
6.321315765380859375e-01
6.629059314727783203e-01
6.167161464691162109e-01
6.281259059906005859e-01
6.449186801910400391e-01
6.245172023773193359e-01
6.306328773498535156e-01
6.891794204711914062e-01
6.255438327789306641e-01
6.662249565124511719e-01
6.992962360382080078e-01
6.297631263732910156e-01
6.334993839263916016e-01
6.801049709320068359e-01
6.163883209228515625e-01
6.667785644531250000e-01
6.215884685516357422e-01
6.199789047241210938e-01
6.204411983489990234e-01
6.195170879364013672e-01
6.904108524322509766e-01
6.141555309295654297e-01
6.237809658050537109e-01
7.000944614410400391e-01
6.179878711700439453e-01
6.796820163726806641e-01
6.175825595855712891e-01
6.376726627349853516e-01
6.168606281280517578e-01
6.208505630493164062e-01
6.204929351806640625e-01
6.371908187866210938e-01
6.230742931365966797e-01
6.756620407104492188e-01
6.251943111419677734e-01
6.272516250610351562e-01
6.975376605987548828e-01
6.327507495880126953e-01
6.927146911621093750e-01
6.332249641418457031e-01
6.321713924407958984e-01
6.313283443450927734e-01
6.328673362731933594e-01
6.509027481079101562e-01
6.369102001190185547e-01
6.805765628814697266e-01
6.472663879394531250e-01
6.327996253967285156e-01
6.460185050964355469e-01
7.085964679718017578e-01
7.017333507537841797e-01
6.599678993225097656e-01
6.302225589752197266e-01
6.443245410919189453e-01
6.362168788909912109e-01
6.383974552154541016e-01
7.082154750823974609e-01
6.338489055633544922e-01
6.457111835479736328e-01
6.480932235717773438e-01
6.549644470214843750e-01
6.419761180877685547e-01
7.094497680664062500e-01
6.370348930358886719e-01
6.357128620147705078e-01
6.359553337097167969e-01
6.395936012268066406e-01
7.118420600891113281e-01
6.777224540710449219e-01
6.530053615570068359e-01
6.412053108215332031e-01
6.442589759826660156e-01
6.487312316894531250e-01
6.997783184051513672e-01
6.708669662475585938e-01
7.124447822570800781e-01
6.359510421752929688e-01
6.411385536193847656e-01
7.843391895294189453e-01
6.352288722991943359e-01
6.351482868194580078e-01
6.248493194580078125e-01
6.177577972412109375e-01
6.358819007873535156e-01
6.325252056121826172e-01
