1.960364580154418945e+00
3.219513893127441406e-01
3.246147632598876953e-01
3.232402801513671875e-01
3.239302635192871094e-01
3.240416049957275391e-01
3.237338066101074219e-01
3.230643272399902344e-01
3.238010406494140625e-01
3.239428997039794922e-01
3.244934082031250000e-01
3.240787982940673828e-01
3.237717151641845703e-01
3.246855735778808594e-01
3.259391784667968750e-01
3.250248432159423828e-01
3.259925842285156250e-01
3.248119354248046875e-01
3.257155418395996094e-01
3.240549564361572266e-01
3.253569602966308594e-01
3.245699405670166016e-01
3.251681327819824219e-01
3.253958225250244141e-01
3.243544101715087891e-01
3.258709907531738281e-01
3.262619972229003906e-01
3.279047012329101562e-01
3.261265754699707031e-01
3.250422477722167969e-01
3.263053894042968750e-01
3.255755901336669922e-01
3.253197669982910156e-01
3.258173465728759766e-01
3.258531093597412109e-01
3.259270191192626953e-01
3.292458057403564453e-01
3.261098861694335938e-01
3.259365558624267578e-01
3.263499736785888672e-01
3.274433612823486328e-01
3.252227306365966797e-01
3.256044387817382812e-01
3.250925540924072266e-01
3.239982128143310547e-01
3.226480484008789062e-01
3.242263793945312500e-01
3.226585388183593750e-01
3.227868080139160156e-01
3.244390487670898438e-01
3.221981525421142578e-01
3.217706680297851562e-01
3.214886188507080078e-01
3.217291831970214844e-01
3.228800296783447266e-01
3.239681720733642578e-01
3.214745521545410156e-01
3.216264247894287109e-01
3.234210014343261719e-01
3.208746910095214844e-01
3.225717544555664062e-01
3.215229511260986328e-01
3.225059509277343750e-01
3.207738399505615234e-01
3.223440647125244141e-01
3.224656581878662109e-01
3.218603134155273438e-01
3.233833312988281250e-01
3.211688995361328125e-01
3.221216201782226562e-01
3.213357925415039062e-01
3.233988285064697266e-01
3.216214179992675781e-01
3.205344676971435547e-01
3.217077255249023438e-01
3.212099075317382812e-01
3.211045265197753906e-01
3.209252357482910156e-01
3.209047317504882812e-01
3.212058544158935547e-01
3.217458724975585938e-01
3.207685947418212891e-01
3.234393596649169922e-01
3.212900161743164062e-01
3.228032588958740234e-01
3.233890533447265625e-01
3.231289386749267578e-01
3.229992389678955078e-01
3.210544586181640625e-01
3.210914134979248047e-01
3.199460506439208984e-01
3.227574825286865234e-01
3.208751678466796875e-01
3.225672245025634766e-01
3.221783638000488281e-01
3.233542442321777344e-01
3.220913410186767578e-01
3.224637508392333984e-01
3.225533962249755859e-01
3.224556446075439453e-01
3.234674930572509766e-01
3.226811885833740234e-01
3.221645355224609375e-01
3.237056732177734375e-01
3.232305049896240234e-01
3.228623867034912109e-01
3.224337100982666016e-01
3.238937854766845703e-01
3.232245445251464844e-01
3.235135078430175781e-01
3.225061893463134766e-01
3.247323036193847656e-01
3.243896961212158203e-01
3.232409954071044922e-01
3.230035305023193359e-01
3.243205547332763672e-01
3.254058361053466797e-01
3.233764171600341797e-01
3.237628936767578125e-01
3.233368396759033203e-01
3.236608505249023438e-01
3.301877975463867188e-01
3.237290382385253906e-01
3.274993896484375000e-01
3.306865692138671875e-01
3.291735649108886719e-01
3.246903419494628906e-01
3.246803283691406250e-01
3.245062828063964844e-01
3.248834609985351562e-01
3.240141868591308594e-01
3.246340751647949219e-01
3.249585628509521484e-01
3.242290019989013672e-01
3.251993656158447266e-01
3.239986896514892578e-01
3.254721164703369141e-01
3.260784149169921875e-01
3.243038654327392578e-01
3.234765529632568359e-01
3.246057033538818359e-01
3.231616020202636719e-01
3.247866630554199219e-01
3.250124454498291016e-01
3.238675594329833984e-01
3.243472576141357422e-01
3.245773315429687500e-01
3.247666358947753906e-01
3.234477043151855469e-01
3.253724575042724609e-01
3.250062465667724609e-01
3.260626792907714844e-01
3.246846199035644531e-01
3.245110511779785156e-01
3.240859508514404297e-01
3.344247341156005859e-01
3.253982067108154297e-01
3.247764110565185547e-01
3.254885673522949219e-01
3.238430023193359375e-01
3.240721225738525391e-01
3.248763084411621094e-01
3.245770931243896484e-01
3.247323036193847656e-01
3.252303600311279297e-01
3.259546756744384766e-01
3.233010768890380859e-01
3.248097896575927734e-01
3.259818553924560547e-01
3.253388404846191406e-01
3.259825706481933594e-01
3.261013031005859375e-01
3.259379863739013672e-01
3.247654438018798828e-01
3.253099918365478516e-01
3.261189460754394531e-01
3.253641128540039062e-01
3.249444961547851562e-01
3.262476921081542969e-01
3.259115219116210938e-01
3.262567520141601562e-01
3.260741233825683594e-01
3.334081172943115234e-01
3.343055248260498047e-01
3.587164878845214844e-01
3.314881324768066406e-01
3.326559066772460938e-01
3.370273113250732422e-01
3.580381870269775391e-01
3.543384075164794922e-01
3.379516601562500000e-01
3.296530246734619141e-01
3.472919464111328125e-01
3.467903137207031250e-01
3.516469001770019531e-01
3.970680236816406250e-01
3.362219333648681641e-01
3.279833793640136719e-01
3.483893871307373047e-01
3.495984077453613281e-01
