7.410173416137695312e-01
6.869313716888427734e-01
6.816134452819824219e-01
7.825777530670166016e-01
6.813690662384033203e-01
6.678164005279541016e-01
6.901321411132812500e-01
6.748154163360595703e-01
6.892971992492675781e-01
7.582271099090576172e-01
6.904954910278320312e-01
6.821947097778320312e-01
6.696939468383789062e-01
6.903257369995117188e-01
6.810636520385742188e-01
6.711652278900146484e-01
6.813874244689941406e-01
6.897609233856201172e-01
6.782071590423583984e-01
6.763713359832763672e-01
6.777889728546142578e-01
6.819679737091064453e-01
6.799273490905761719e-01
6.832025051116943359e-01
6.703863143920898438e-01
6.791653633117675781e-01
6.866741180419921875e-01
6.853306293487548828e-01
6.738770008087158203e-01
6.744656562805175781e-01
7.636017799377441406e-01
6.841936111450195312e-01
6.890990734100341797e-01
6.815948486328125000e-01
6.723937988281250000e-01
6.898300647735595703e-01
6.843860149383544922e-01
6.762061119079589844e-01
6.888802051544189453e-01
6.726708412170410156e-01
6.881968975067138672e-01
6.752660274505615234e-01
6.806116104125976562e-01
6.874880790710449219e-01
6.926481723785400391e-01
6.808030605316162109e-01
6.731553077697753906e-01
6.761984825134277344e-01
6.816120147705078125e-01
6.786246299743652344e-01
6.804411411285400391e-01
6.689231395721435547e-01
6.932249069213867188e-01
6.914291381835937500e-01
6.849598884582519531e-01
6.845772266387939453e-01
6.740581989288330078e-01
7.690827846527099609e-01
6.843376159667968750e-01
6.791427135467529297e-01
6.771566867828369141e-01
6.756196022033691406e-01
6.866445541381835938e-01
6.801996231079101562e-01
6.941182613372802734e-01
6.749384403228759766e-01
6.756105422973632812e-01
6.851809024810791016e-01
7.622094154357910156e-01
6.878702640533447266e-01
6.758291721343994141e-01
6.797914505004882812e-01
6.819183826446533203e-01
6.723721027374267578e-01
6.732292175292968750e-01
6.768374443054199219e-01
6.885118484497070312e-01
6.845800876617431641e-01
7.595436573028564453e-01
6.778509616851806641e-01
6.863234043121337891e-01
6.889355182647705078e-01
6.749148368835449219e-01
6.902613639831542969e-01
7.545795440673828125e-01
6.816873550415039062e-01
6.752297878265380859e-01
6.861941814422607422e-01
7.632188796997070312e-01
6.710844039916992188e-01
6.812837123870849609e-01
6.884698867797851562e-01
6.804180145263671875e-01
6.839373111724853516e-01
6.811089515686035156e-01
7.687704563140869141e-01
6.862854957580566406e-01
6.738581657409667969e-01
7.510962486267089844e-01
6.816751956939697266e-01
6.788971424102783203e-01
6.894338130950927734e-01
6.789689064025878906e-01
6.803228855133056641e-01
6.831269264221191406e-01
7.618095874786376953e-01
6.778364181518554688e-01
6.789653301239013672e-01
7.613914012908935547e-01
6.759598255157470703e-01
6.769707202911376953e-01
6.727159023284912109e-01
6.870911121368408203e-01
6.828052997589111328e-01
6.769421100616455078e-01
7.626397609710693359e-01
6.747796535491943359e-01
6.886997222900390625e-01
7.648591995239257812e-01
6.926455497741699219e-01
6.874012947082519531e-01
6.880228519439697266e-01
6.843104362487792969e-01
6.886873245239257812e-01
6.750695705413818359e-01
7.575910091400146484e-01
6.989548206329345703e-01
6.803734302520751953e-01
7.603409290313720703e-01
6.797332763671875000e-01
6.805336475372314453e-01
6.816313266754150391e-01
6.752657890319824219e-01
6.781864166259765625e-01
6.762487888336181641e-01
7.704029083251953125e-01
6.768794059753417969e-01
6.858947277069091797e-01
6.698644161224365234e-01
6.819586753845214844e-01
6.816895008087158203e-01
6.883385181427001953e-01
6.853363513946533203e-01
6.935067176818847656e-01
6.840326786041259766e-01
7.408895492553710938e-01
6.891241073608398438e-01
6.718947887420654297e-01
6.980512142181396484e-01
6.777698993682861328e-01
6.879327297210693359e-01
6.841139793395996094e-01
6.856515407562255859e-01
6.780741214752197266e-01
6.858489513397216797e-01
7.562489509582519531e-01
6.842834949493408203e-01
6.807913780212402344e-01
6.779646873474121094e-01
6.866114139556884766e-01
6.835227012634277344e-01
6.793179512023925781e-01
7.567174434661865234e-01
6.754767894744873047e-01
6.794838905334472656e-01
6.803150177001953125e-01
6.777677536010742188e-01
7.730126380920410156e-01
6.912367343902587891e-01
6.695003509521484375e-01
6.814033985137939453e-01
6.822061538696289062e-01
7.396430969238281250e-01
6.814641952514648438e-01
7.669560909271240234e-01
6.986427307128906250e-01
6.681342124938964844e-01
6.753482818603515625e-01
6.855411529541015625e-01
6.762754917144775391e-01
6.744217872619628906e-01
6.781244277954101562e-01
7.491323947906494141e-01
7.020292282104492188e-01
7.746632099151611328e-01
6.793766021728515625e-01
6.974568367004394531e-01
6.973969936370849609e-01
7.089247703552246094e-01
8.325457572937011719e-01
6.845180988311767578e-01
7.799515724182128906e-01
7.066559791564941406e-01
7.049424648284912109e-01
8.483853340148925781e-01
8.000714778900146484e-01
7.681603431701660156e-01
7.160420417785644531e-01
7.028894424438476562e-01
7.086474895477294922e-01
