7.410190105438232422e-01
6.869351863861083984e-01
6.816184520721435547e-01
7.825787067413330078e-01
6.813805103302001953e-01
6.678194999694824219e-01
6.901361942291259766e-01
6.748192310333251953e-01
6.892995834350585938e-01
7.582321166992187500e-01
6.905000209808349609e-01
6.821956634521484375e-01
6.696968078613281250e-01
6.903355121612548828e-01
6.810691356658935547e-01
6.711702346801757812e-01
6.813900470733642578e-01
6.897490024566650391e-01
6.782124042510986328e-01
6.763796806335449219e-01
6.777956485748291016e-01
6.819865703582763672e-01
6.799318790435791016e-01
6.832017898559570312e-01
6.703855991363525391e-01
6.791629791259765625e-01
6.866788864135742188e-01
6.853334903717041016e-01
6.738793849945068359e-01
6.744670867919921875e-01
7.636044025421142578e-01
6.841917037963867188e-01
6.891007423400878906e-01
6.816024780273437500e-01
6.724002361297607422e-01
6.898286342620849609e-01
6.843888759613037109e-01
6.762084960937500000e-01
6.888837814331054688e-01
6.726748943328857422e-01
6.882176399230957031e-01
6.752717494964599609e-01
6.806125640869140625e-01
6.874904632568359375e-01
6.926505565643310547e-01
6.808080673217773438e-01
6.731574535369873047e-01
6.761970520019531250e-01
6.816115379333496094e-01
6.786298751831054688e-01
6.804389953613281250e-01
6.689236164093017578e-01
6.932246685028076172e-01
6.914315223693847656e-01
6.849620342254638672e-01
6.845765113830566406e-01
6.740548610687255859e-01
7.690806388854980469e-01
6.843369007110595703e-01
6.791238784790039062e-01
6.771562099456787109e-01
6.756255626678466797e-01
6.866443157196044922e-01
6.801981925964355469e-01
6.941196918487548828e-01
6.749436855316162109e-01
6.756145954132080078e-01
6.851823329925537109e-01
7.622108459472656250e-01
6.878740787506103516e-01
6.758251190185546875e-01
6.797904968261718750e-01
6.819231510162353516e-01
6.723766326904296875e-01
6.732227802276611328e-01
6.768376827239990234e-01
6.885156631469726562e-01
6.845817565917968750e-01
7.595462799072265625e-01
6.778571605682373047e-01
6.863255500793457031e-01
6.889405250549316406e-01
6.749186515808105469e-01
6.902549266815185547e-01
7.545826435089111328e-01
6.816878318786621094e-01
6.752276420593261719e-01
6.861963272094726562e-01
7.632198333740234375e-01
6.710875034332275391e-01
6.812834739685058594e-01
6.884753704071044922e-01
6.804189682006835938e-01
6.839387416839599609e-01
6.811053752899169922e-01
7.687683105468750000e-01
6.862826347351074219e-01
6.738584041595458984e-01
7.510967254638671875e-01
6.816728115081787109e-01
6.788966655731201172e-01
6.894307136535644531e-01
6.789684295654296875e-01
6.803214550018310547e-01
6.831252574920654297e-01
7.618074417114257812e-01
6.778359413146972656e-01
6.789634227752685547e-01
7.613935470581054688e-01
6.759643554687500000e-01
6.769738197326660156e-01
6.727204322814941406e-01
6.870973110198974609e-01
6.828019618988037109e-01
6.769456863403320312e-01
7.626466751098632812e-01
6.747841835021972656e-01
6.887040138244628906e-01
7.648589611053466797e-01
6.926457881927490234e-01
6.874048709869384766e-01
6.880259513854980469e-01
6.843118667602539062e-01
6.886875629425048828e-01
6.750779151916503906e-01
7.575900554656982422e-01
6.989543437957763672e-01
6.803715229034423828e-01
7.603406906127929688e-01
6.797316074371337891e-01
6.805326938629150391e-01
6.816327571868896484e-01
6.752660274505615234e-01
6.781852245330810547e-01
6.762475967407226562e-01
7.704071998596191406e-01
6.768763065338134766e-01
6.858980655670166016e-01
6.698627471923828125e-01
6.819586753845214844e-01
6.816909313201904297e-01
6.883373260498046875e-01
6.853380203247070312e-01
6.935126781463623047e-01
6.840298175811767578e-01
7.408921718597412109e-01
6.891267299652099609e-01
6.718926429748535156e-01
6.980545520782470703e-01
6.777741909027099609e-01
6.879327297210693359e-01
6.841101646423339844e-01
6.856522560119628906e-01
6.780745983123779297e-01
6.858506202697753906e-01
7.562537193298339844e-01
6.842834949493408203e-01
6.807947158813476562e-01
6.779682636260986328e-01
6.866095066070556641e-01
6.835207939147949219e-01
6.793158054351806641e-01
7.567217350006103516e-01
6.754832267761230469e-01
6.794934272766113281e-01
6.803154945373535156e-01
6.777606010437011719e-01
7.730116844177246094e-01
6.912343502044677734e-01
6.695027351379394531e-01
6.814062595367431641e-01
6.822044849395751953e-01
7.396423816680908203e-01
6.814634799957275391e-01
7.669582366943359375e-01
6.986470222473144531e-01
6.681377887725830078e-01
6.753530502319335938e-01
6.855440139770507812e-01
6.762769222259521484e-01
6.744258403778076172e-01
6.781294345855712891e-01
7.491319179534912109e-01
7.020292282104492188e-01
7.746648788452148438e-01
6.793794631958007812e-01
6.974630355834960938e-01
6.973953247070312500e-01
7.089304924011230469e-01
8.325462341308593750e-01
6.845231056213378906e-01
7.799527645111083984e-01
7.066586017608642578e-01
7.049462795257568359e-01
8.483881950378417969e-01
8.000738620758056641e-01
7.681865692138671875e-01
7.160427570343017578e-01
7.028925418853759766e-01
7.086462974548339844e-01
