1.996944665908813477e+00
3.698821067810058594e-01
3.706881999969482422e-01
3.708431720733642578e-01
3.719704151153564453e-01
3.843753337860107422e-01
3.746290206909179688e-01
3.742802143096923828e-01
3.714671134948730469e-01
3.746678829193115234e-01
3.740887641906738281e-01
3.755590915679931641e-01
3.720450401306152344e-01
3.696882724761962891e-01
3.751275539398193359e-01
3.697192668914794922e-01
3.718090057373046875e-01
3.713786602020263672e-01
3.722271919250488281e-01
3.718852996826171875e-01
3.728191852569580078e-01
3.743419647216796875e-01
3.716514110565185547e-01
3.762898445129394531e-01
4.509868621826171875e-01
4.520628452301025391e-01
4.228367805480957031e-01
3.741102218627929688e-01
3.731555938720703125e-01
3.737239837646484375e-01
3.742671012878417969e-01
3.754529953002929688e-01
3.749938011169433594e-01
3.754036426544189453e-01
3.734328746795654297e-01
3.737430572509765625e-01
4.137988090515136719e-01
3.747920989990234375e-01
3.752260208129882812e-01
3.745241165161132812e-01
3.739814758300781250e-01
3.735141754150390625e-01
3.771667480468750000e-01
3.739318847656250000e-01
4.016270637512207031e-01
3.730676174163818359e-01
3.734805583953857422e-01
3.745899200439453125e-01
4.498445987701416016e-01
4.194855690002441406e-01
4.111092090606689453e-01
4.206931591033935547e-01
3.739006519317626953e-01
3.726131916046142578e-01
4.134590625762939453e-01
4.108755588531494141e-01
4.110562801361083984e-01
4.505648612976074219e-01
4.213893413543701172e-01
4.215769767761230469e-01
4.507665634155273438e-01
4.225382804870605469e-01
4.101417064666748047e-01
4.512951374053955078e-01
4.214706420898437500e-01
3.712830543518066406e-01
3.711371421813964844e-01
3.756039142608642578e-01
3.742239475250244141e-01
3.734419345855712891e-01
4.115550518035888672e-01
4.515354633331298828e-01
4.241263866424560547e-01
3.769059181213378906e-01
3.735458850860595703e-01
4.214465618133544922e-01
3.712139129638671875e-01
3.743948936462402344e-01
3.734714984893798828e-01
3.757374286651611328e-01
3.740594387054443359e-01
3.744077682495117188e-01
3.738734722137451172e-01
3.727731704711914062e-01
3.726835250854492188e-01
3.760592937469482422e-01
4.037792682647705078e-01
4.523379802703857422e-01
3.735005855560302734e-01
3.726913928985595703e-01
3.713080883026123047e-01
3.749041557312011719e-01
3.830931186676025391e-01
3.752617835998535156e-01
4.136538505554199219e-01
4.522418975830078125e-01
4.237325191497802734e-01
3.760163784027099609e-01
4.138741493225097656e-01
4.541542530059814453e-01
4.534103870391845703e-01
4.542138576507568359e-01
4.541213512420654297e-01
3.848905563354492188e-01
4.237031936645507812e-01
4.159452915191650391e-01
4.545729160308837891e-01
4.240188598632812500e-01
4.247004985809326172e-01
3.752634525299072266e-01
3.774390220642089844e-01
3.763513565063476562e-01
3.755023479461669922e-01
3.783485889434814453e-01
4.227228164672851562e-01
3.766691684722900391e-01
3.756778240203857422e-01
3.789453506469726562e-01
3.753855228424072266e-01
3.752167224884033203e-01
3.749060630798339844e-01
4.089534282684326172e-01
4.153382778167724609e-01
4.360816478729248047e-01
3.809578418731689453e-01
3.816828727722167969e-01
3.751211166381835938e-01
4.144313335418701172e-01
4.573163986206054688e-01
4.249145984649658203e-01
4.154806137084960938e-01
4.557664394378662109e-01
4.568369388580322266e-01
4.569015502929687500e-01
4.566099643707275391e-01
4.282450675964355469e-01
4.096496105194091797e-01
4.567561149597167969e-01
4.170129299163818359e-01
4.553170204162597656e-01
4.254643917083740234e-01
4.067256450653076172e-01
4.577436447143554688e-01
3.811082839965820312e-01
3.818593025207519531e-01
4.566609859466552734e-01
4.574558734893798828e-01
3.836331367492675781e-01
4.570033550262451172e-01
3.801290988922119141e-01
3.809421062469482422e-01
3.802611827850341797e-01
3.788897991180419922e-01
3.802909851074218750e-01
4.570345878601074219e-01
3.825559616088867188e-01
4.289402961730957031e-01
3.809804916381835938e-01
3.776884078979492188e-01
3.791456222534179688e-01
4.277873039245605469e-01
3.776741027832031250e-01
4.268655776977539062e-01
3.790662288665771484e-01
3.837964534759521484e-01
3.786673545837402344e-01
4.577755928039550781e-01
4.565830230712890625e-01
4.580593109130859375e-01
3.829035758972167969e-01
4.579963684082031250e-01
4.584631919860839844e-01
4.579098224639892578e-01
4.592630863189697266e-01
4.266369342803955078e-01
3.872582912445068359e-01
3.783020973205566406e-01
4.098703861236572266e-01
3.811705112457275391e-01
3.784358501434326172e-01
3.791403770446777344e-01
3.826527595520019531e-01
4.082319736480712891e-01
4.576108455657958984e-01
4.248328208923339844e-01
3.885478973388671875e-01
4.042599201202392578e-01
4.359283447265625000e-01
4.765763282775878906e-01
4.158642292022705078e-01
3.971090316772460938e-01
3.881142139434814453e-01
4.113783836364746094e-01
4.129593372344970703e-01
4.135973453521728516e-01
4.537997245788574219e-01
3.948664665222167969e-01
4.165003299713134766e-01
4.141449928283691406e-01
4.122085571289062500e-01
