1.966092586517333984e+00
3.649804592132568359e-01
3.664472103118896484e-01
3.658094406127929688e-01
3.666298389434814453e-01
3.678278923034667969e-01
3.770172595977783203e-01
3.666946887969970703e-01
3.690903186798095703e-01
3.684544563293457031e-01
3.684530258178710938e-01
3.686804771423339844e-01
3.688640594482421875e-01
3.687062263488769531e-01
3.705229759216308594e-01
3.688495159149169922e-01
3.707735538482666016e-01
3.685834407806396484e-01
3.692328929901123047e-01
3.703517913818359375e-01
3.693661689758300781e-01
3.699853420257568359e-01
3.703300952911376953e-01
3.701846599578857422e-01
3.711373805999755859e-01
3.689694404602050781e-01
3.702340126037597656e-01
3.714246749877929688e-01
3.703949451446533203e-01
3.706467151641845703e-01
3.707110881805419922e-01
3.703398704528808594e-01
3.705477714538574219e-01
3.713274002075195312e-01
3.704142570495605469e-01
3.690977096557617188e-01
3.703343868255615234e-01
3.696279525756835938e-01
3.706893920898437500e-01
3.705377578735351562e-01
3.707342147827148438e-01
3.692698478698730469e-01
3.700940608978271484e-01
3.714206218719482422e-01
3.677315711975097656e-01
3.661942481994628906e-01
3.672847747802734375e-01
3.655862808227539062e-01
3.676974773406982422e-01
3.674743175506591797e-01
3.665022850036621094e-01
3.682622909545898438e-01
3.674829006195068359e-01
3.679096698760986328e-01
3.684642314910888672e-01
3.685958385467529297e-01
3.703927993774414062e-01
3.692157268524169922e-01
3.676996231079101562e-01
3.667581081390380859e-01
3.670160770416259766e-01
3.706943988800048828e-01
3.675954341888427734e-01
3.685772418975830078e-01
3.681809902191162109e-01
3.679630756378173828e-01
3.769731521606445312e-01
3.702027797698974609e-01
3.672626018524169922e-01
3.679883480072021484e-01
3.661928176879882812e-01
3.677830696105957031e-01
3.750123977661132812e-01
3.679354190826416016e-01
3.670783042907714844e-01
3.677880764007568359e-01
3.684985637664794922e-01
3.702497482299804688e-01
3.669469356536865234e-01
3.678820133209228516e-01
3.682377338409423828e-01
3.779249191284179688e-01
3.695075511932373047e-01
3.671660423278808594e-01
3.676972389221191406e-01
3.679213523864746094e-01
3.708117008209228516e-01
3.688802719116210938e-01
3.687846660614013672e-01
3.686220645904541016e-01
3.691112995147705078e-01
3.694610595703125000e-01
3.689296245574951172e-01
3.811848163604736328e-01
3.711042404174804688e-01
3.760654926300048828e-01
3.693575859069824219e-01
3.673419952392578125e-01
3.709349632263183594e-01
3.702411651611328125e-01
3.705821037292480469e-01
3.710262775421142578e-01
3.708982467651367188e-01
3.712263107299804688e-01
3.726732730865478516e-01
3.703167438507080078e-01
3.818478584289550781e-01
3.706533908843994141e-01
3.731651306152343750e-01
3.707492351531982422e-01
3.710827827453613281e-01
3.697948455810546875e-01
3.710379600524902344e-01
3.718736171722412109e-01
3.719956874847412109e-01
3.700013160705566406e-01
3.715393543243408203e-01
3.732323646545410156e-01
3.706502914428710938e-01
3.697161674499511719e-01
3.703486919403076172e-01
3.755016326904296875e-01
3.738906383514404297e-01
3.735594749450683594e-01
3.788406848907470703e-01
3.757903575897216797e-01
3.713824748992919922e-01
3.739397525787353516e-01
3.711543083190917969e-01
3.740990161895751953e-01
3.711893558502197266e-01
3.770396709442138672e-01
3.720726966857910156e-01
3.823618888854980469e-01
3.737001419067382812e-01
3.715507984161376953e-01
3.735184669494628906e-01
3.715882301330566406e-01
3.716714382171630859e-01
3.733010292053222656e-01
3.734338283538818359e-01
3.742113113403320312e-01
3.708887100219726562e-01
3.708062171936035156e-01
3.816754817962646484e-01
3.717908859252929688e-01
3.763248920440673828e-01
3.703355789184570312e-01
3.799612522125244141e-01
3.733072280883789062e-01
3.724372386932373047e-01
3.806197643280029297e-01
3.739008903503417969e-01
3.733043670654296875e-01
3.772044181823730469e-01
3.839995861053466797e-01
3.725168704986572266e-01
3.793618679046630859e-01
3.758032321929931641e-01
3.823249340057373047e-01
3.743846416473388672e-01
3.782691955566406250e-01
3.786041736602783203e-01
3.864903450012207031e-01
3.734095096588134766e-01
3.725442886352539062e-01
3.853609561920166016e-01
3.773727416992187500e-01
3.724565505981445312e-01
3.788068294525146484e-01
4.054133892059326172e-01
3.961718082427978516e-01
3.898160457611083984e-01
3.940103054046630859e-01
3.759455680847167969e-01
3.733925819396972656e-01
3.729898929595947266e-01
3.817842006683349609e-01
3.776397705078125000e-01
3.740723133087158203e-01
3.750631809234619141e-01
3.743121623992919922e-01
3.821620941162109375e-01
3.995330333709716797e-01
4.097285270690917969e-01
3.806424140930175781e-01
3.821921348571777344e-01
3.851544857025146484e-01
4.110779762268066406e-01
4.122502803802490234e-01
4.041640758514404297e-01
3.897397518157958984e-01
3.988797664642333984e-01
4.071187973022460938e-01
4.043345451354980469e-01
4.486770629882812500e-01
3.840782642364501953e-01
3.824360370635986328e-01
4.019649028778076172e-01
4.011194705963134766e-01
