7.410275936126708984e-01
6.869363784790039062e-01
6.816160678863525391e-01
7.825777530670166016e-01
6.813745498657226562e-01
6.678216457366943359e-01
6.901450157165527344e-01
6.748213768005371094e-01
6.893012523651123047e-01
7.582411766052246094e-01
6.905004978179931641e-01
6.822018623352050781e-01
6.696968078613281250e-01
6.903386116027832031e-01
6.810734272003173828e-01
6.711659431457519531e-01
6.813957691192626953e-01
6.897656917572021484e-01
6.782128810882568359e-01
6.763772964477539062e-01
6.777915954589843750e-01
6.819972991943359375e-01
6.799364089965820312e-01
6.832027435302734375e-01
6.703889369964599609e-01
6.791591644287109375e-01
6.866726875305175781e-01
6.853334903717041016e-01
6.738815307617187500e-01
6.744682788848876953e-01
7.636027336120605469e-01
6.841976642608642578e-01
6.891000270843505859e-01
6.816029548645019531e-01
6.723990440368652344e-01
6.898362636566162109e-01
6.843857765197753906e-01
6.762075424194335938e-01
6.888787746429443359e-01
6.726794242858886719e-01
6.882183551788330078e-01
6.752760410308837891e-01
6.806128025054931641e-01
6.874878406524658203e-01
6.926469802856445312e-01
6.808085441589355469e-01
6.731610298156738281e-01
6.762008666992187500e-01
6.816186904907226562e-01
6.786327362060546875e-01
6.804475784301757812e-01
6.689298152923583984e-01
6.932289600372314453e-01
6.914272308349609375e-01
6.849613189697265625e-01
6.845877170562744141e-01
6.740636825561523438e-01
7.690913677215576172e-01
6.843454837799072266e-01
6.791377067565917969e-01
6.771636009216308594e-01
6.756281852722167969e-01
6.866502761840820312e-01
6.802058219909667969e-01
6.941175460815429688e-01
6.749420166015625000e-01
6.756179332733154297e-01
6.851811408996582031e-01
7.622089385986328125e-01
6.878707408905029297e-01
6.758372783660888672e-01
6.797988414764404297e-01
6.819217205047607422e-01
6.723778247833251953e-01
6.732363700866699219e-01
6.768379211425781250e-01
6.885170936584472656e-01
6.845800876617431641e-01
7.595443725585937500e-01
6.778576374053955078e-01
6.863250732421875000e-01
6.889395713806152344e-01
6.749193668365478516e-01
6.902587413787841797e-01
7.545847892761230469e-01
6.816895008087158203e-01
6.752350330352783203e-01
6.861999034881591797e-01
7.632193565368652344e-01
6.710891723632812500e-01
6.812813282012939453e-01
6.884737014770507812e-01
6.804180145263671875e-01
6.839408874511718750e-01
6.811156272888183594e-01
7.687740325927734375e-01
6.862914562225341797e-01
6.738603115081787109e-01
7.511024475097656250e-01
6.816828250885009766e-01
6.789071559906005859e-01
6.894402503967285156e-01
6.789700984954833984e-01
6.803324222564697266e-01
6.831262111663818359e-01
7.618236541748046875e-01
6.778404712677001953e-01
6.789674758911132812e-01
7.613945007324218750e-01
6.759645938873291016e-01
6.769742965698242188e-01
6.727235317230224609e-01
6.870999336242675781e-01
6.828100681304931641e-01
6.769485473632812500e-01
7.626497745513916016e-01
6.747884750366210938e-01
6.887063980102539062e-01
7.648606300354003906e-01
6.926467418670654297e-01
6.874017715454101562e-01
6.880228519439697266e-01
6.843216419219970703e-01
6.886882781982421875e-01
6.750793457031250000e-01
7.575943470001220703e-01
6.989524364471435547e-01
6.803820133209228516e-01
7.603476047515869141e-01
6.797356605529785156e-01
6.805415153503417969e-01
6.816375255584716797e-01
6.752688884735107422e-01
6.781897544860839844e-01
6.762547492980957031e-01
7.704076766967773438e-01
6.768865585327148438e-01
6.858994960784912109e-01
6.698720455169677734e-01
6.819686889648437500e-01
6.816866397857666016e-01
6.883492469787597656e-01
6.853373050689697266e-01
6.935131549835205078e-01
6.840453147888183594e-01
7.408995628356933594e-01
6.891260147094726562e-01
6.718993186950683594e-01
6.980535984039306641e-01
6.777789592742919922e-01
6.879365444183349609e-01
6.841206550598144531e-01
6.856520175933837891e-01
6.780812740325927734e-01
6.858518123626708984e-01
7.562603950500488281e-01
6.842925548553466797e-01
6.807973384857177734e-01
6.779711246490478516e-01
6.866164207458496094e-01
6.835310459136962891e-01
6.793277263641357422e-01
7.567231655120849609e-01
6.754865646362304688e-01
6.794915199279785156e-01
6.803252696990966797e-01
6.777656078338623047e-01
7.730178833007812500e-01
6.912393569946289062e-01
6.695110797882080078e-01
6.814157962799072266e-01
6.822099685668945312e-01
7.396545410156250000e-01
6.814737319946289062e-01
7.669606208801269531e-01
6.986689567565917969e-01
6.681396961212158203e-01
6.753551959991455078e-01
6.855437755584716797e-01
6.762850284576416016e-01
6.744272708892822266e-01
6.781313419342041016e-01
7.491426467895507812e-01
7.020337581634521484e-01
7.746639251708984375e-01
6.793801784515380859e-01
6.974642276763916016e-01
6.974022388458251953e-01
7.089359760284423828e-01
8.325505256652832031e-01
6.845214366912841797e-01
7.799510955810546875e-01
7.066559791564941406e-01
7.049460411071777344e-01
8.483948707580566406e-01
8.000745773315429688e-01
7.681875228881835938e-01
7.160356044769287109e-01
7.028927803039550781e-01
7.086563110351562500e-01
