6.068098783493041992e+00
1.820057153701782227e+00
1.810754537582397461e+00
1.821237325668334961e+00
1.821159124374389648e+00
1.819766521453857422e+00
1.826235532760620117e+00
1.824093341827392578e+00
1.823025703430175781e+00
1.823971509933471680e+00
1.823242902755737305e+00
1.820377111434936523e+00
1.825435638427734375e+00
1.814069747924804688e+00
1.804389715194702148e+00
1.804265975952148438e+00
1.823734045028686523e+00
1.833057641983032227e+00
1.833145856857299805e+00
1.837569713592529297e+00
1.839380264282226562e+00
1.838846683502197266e+00
1.846152305603027344e+00
1.845725059509277344e+00
1.831699848175048828e+00
1.858014345169067383e+00
1.852775573730468750e+00
1.855120182037353516e+00
1.855736255645751953e+00
1.850785493850708008e+00
1.856982946395874023e+00
1.848252534866333008e+00
1.854538202285766602e+00
1.855598926544189453e+00
1.846063613891601562e+00
1.841406822204589844e+00
1.849752426147460938e+00
1.853368997573852539e+00
1.848276615142822266e+00
1.845928192138671875e+00
1.850117921829223633e+00
1.846163511276245117e+00
1.843972682952880859e+00
1.835093259811401367e+00
1.846910715103149414e+00
1.826706171035766602e+00
1.830704927444458008e+00
1.836162567138671875e+00
1.829904079437255859e+00
1.829738616943359375e+00
1.833658456802368164e+00
1.830069541931152344e+00
1.830945730209350586e+00
1.848687887191772461e+00
1.851099729537963867e+00
1.856860160827636719e+00
1.851248025894165039e+00
1.849658250808715820e+00
1.836078882217407227e+00
1.832466840744018555e+00
1.835405588150024414e+00
1.834137916564941406e+00
1.850632429122924805e+00
1.855764389038085938e+00
1.853813648223876953e+00
1.853300094604492188e+00
1.853550195693969727e+00
1.853728771209716797e+00
1.850067853927612305e+00
1.851736545562744141e+00
1.854861497879028320e+00
1.851329088211059570e+00
1.857096195220947266e+00
1.853636980056762695e+00
1.853323459625244141e+00
1.857822179794311523e+00
1.852339029312133789e+00
1.853175878524780273e+00
1.838845491409301758e+00
1.854227066040039062e+00
1.844697952270507812e+00
1.830934524536132812e+00
1.836602449417114258e+00
1.837690830230712891e+00
1.861620426177978516e+00
1.862035989761352539e+00
1.860698461532592773e+00
1.843856334686279297e+00
1.839531421661376953e+00
1.855685234069824219e+00
1.860631465911865234e+00
1.856593847274780273e+00
1.839039564132690430e+00
1.859621286392211914e+00
1.858105421066284180e+00
1.855470657348632812e+00
1.857113838195800781e+00
1.844448566436767578e+00
1.834754943847656250e+00
1.835838079452514648e+00
1.843763351440429688e+00
1.854992389678955078e+00
1.857331037521362305e+00
1.861331224441528320e+00
1.857410669326782227e+00
1.859955549240112305e+00
1.863388776779174805e+00
1.864345312118530273e+00
1.867923736572265625e+00
1.869718313217163086e+00
1.863541126251220703e+00
1.862731218338012695e+00
1.855444669723510742e+00
1.853409767150878906e+00
1.857758045196533203e+00
1.851247310638427734e+00
1.850393533706665039e+00
1.861717224121093750e+00
1.845991849899291992e+00
1.849818229675292969e+00
1.854931831359863281e+00
1.853201150894165039e+00
1.850730657577514648e+00
1.858126163482666016e+00
1.856168985366821289e+00
1.853717327117919922e+00
1.857716560363769531e+00
1.857449769973754883e+00
1.854119300842285156e+00
1.853021621704101562e+00
1.849863052368164062e+00
1.844872474670410156e+00
1.848793745040893555e+00
1.834437131881713867e+00
1.835735797882080078e+00
1.845054864883422852e+00
1.841740846633911133e+00
1.841485500335693359e+00
1.842801094055175781e+00
1.843571901321411133e+00
1.844174623489379883e+00
1.846437692642211914e+00
1.844198703765869141e+00
1.852403640747070312e+00
1.851015090942382812e+00
1.848969936370849609e+00
1.849322319030761719e+00
1.849924087524414062e+00
1.847916841506958008e+00
1.848960638046264648e+00
1.856745958328247070e+00
1.853691816329956055e+00
1.859036445617675781e+00
1.850962162017822266e+00
1.854404687881469727e+00
1.849741220474243164e+00
1.848440647125244141e+00
1.845521450042724609e+00
1.852775335311889648e+00
1.849140882492065430e+00
1.846992254257202148e+00
1.870200872421264648e+00
1.837245702743530273e+00
1.832542181015014648e+00
1.835155963897705078e+00
1.843836069107055664e+00
1.846959590911865234e+00
1.846275329589843750e+00
1.848616838455200195e+00
1.844865798950195312e+00
1.850220680236816406e+00
1.846583604812622070e+00
1.848058462142944336e+00
1.848730564117431641e+00
1.847438812255859375e+00
1.850800752639770508e+00
1.849013566970825195e+00
1.846661567687988281e+00
1.848544120788574219e+00
1.849559545516967773e+00
1.843084812164306641e+00
1.833220720291137695e+00
1.831540584564208984e+00
1.850982427597045898e+00
1.850809097290039062e+00
1.851396083831787109e+00
1.849303483963012695e+00
1.847322940826416016e+00
1.857239961624145508e+00
1.842038154602050781e+00
1.831520795822143555e+00
1.841041564941406250e+00
1.840703487396240234e+00
1.837678194046020508e+00
1.833770990371704102e+00
1.843640089035034180e+00
1.846806764602661133e+00
1.853022813796997070e+00
1.852156639099121094e+00
1.859791278839111328e+00
