1.562693357467651367e+00
1.290941238403320312e-02
1.091122627258300781e-02
1.083874702453613281e-02
1.105880737304687500e-02
1.087832450866699219e-02
1.090359687805175781e-02
1.087331771850585938e-02
1.086997985839843750e-02
1.088380813598632812e-02
1.082444190979003906e-02
1.079082489013671875e-02
1.156091690063476562e-02
1.071429252624511719e-02
1.074218750000000000e-02
1.077175140380859375e-02
1.082491874694824219e-02
1.076221466064453125e-02
1.078987121582031250e-02
1.082539558410644531e-02
1.854515075683593750e-02
1.076722145080566406e-02
1.075887680053710938e-02
1.082229614257812500e-02
1.072716712951660156e-02
1.071786880493164062e-02
1.074123382568359375e-02
1.081109046936035156e-02
1.075005531311035156e-02
1.067519187927246094e-02
1.078534126281738281e-02
1.071929931640625000e-02
1.072812080383300781e-02
1.066923141479492188e-02
1.072144508361816406e-02
1.064467430114746094e-02
1.075625419616699219e-02
