1.525228261947631836e+00
1.322817802429199219e-02
1.088976860046386719e-02
1.087689399719238281e-02
1.095628738403320312e-02
1.093935966491699219e-02
1.100444793701171875e-02
1.093864440917968750e-02
1.087760925292968750e-02
1.104831695556640625e-02
1.089644432067871094e-02
1.085853576660156250e-02
1.140069961547851562e-02
1.075696945190429688e-02
1.077604293823242188e-02
1.077771186828613281e-02
1.078176498413085938e-02
1.085686683654785156e-02
1.084756851196289062e-02
1.082658767700195312e-02
1.086688041687011719e-02
1.073360443115234375e-02
1.068758964538574219e-02
1.065874099731445312e-02
1.071476936340332031e-02
1.068615913391113281e-02
1.072335243225097656e-02
1.076269149780273438e-02
1.072835922241210938e-02
1.067161560058593750e-02
1.076197624206542969e-02
1.069211959838867188e-02
1.073670387268066406e-02
1.071810722351074219e-02
1.067471504211425781e-02
1.073360443115234375e-02
1.068758964538574219e-02
1.117730140686035156e-02
