4.835490226745605469e+00
4.655424118041992188e+00
4.541126251220703125e+00
4.171099662780761719e+00
4.167121410369873047e+00
4.122244834899902344e+00
4.275565147399902344e+00
4.115006446838378906e+00
4.163454532623291016e+00
4.167456626892089844e+00
4.157016754150390625e+00
4.066349029541015625e+00
4.071734428405761719e+00
4.013521671295166016e+00
4.060449600219726562e+00
3.810375213623046875e+00
3.984401464462280273e+00
4.197150230407714844e+00
3.985078811645507812e+00
3.953081607818603516e+00
4.035949707031250000e+00
3.671011447906494141e+00
3.867803335189819336e+00
3.881696462631225586e+00
3.568488597869873047e+00
3.548635482788085938e+00
3.871616125106811523e+00
3.725157737731933594e+00
3.816042423248291016e+00
3.704115152359008789e+00
3.800108909606933594e+00
3.690871238708496094e+00
3.690444231033325195e+00
3.611468791961669922e+00
3.618235826492309570e+00
3.577312707901000977e+00
3.776542425155639648e+00
3.615610837936401367e+00
