1.528037786483764648e+00
1.246809959411621094e-02
1.086378097534179688e-02
1.088285446166992188e-02
1.089239120483398438e-02
1.090145111083984375e-02
1.089572906494140625e-02
1.085996627807617188e-02
1.101708412170410156e-02
1.086640357971191406e-02
1.126599311828613281e-02
1.121139526367187500e-02
1.177334785461425781e-02
1.109290122985839844e-02
1.108312606811523438e-02
1.117825508117675781e-02
1.117277145385742188e-02
1.121687889099121094e-02
1.118302345275878906e-02
1.114511489868164062e-02
1.141142845153808594e-02
1.122283935546875000e-02
1.108884811401367188e-02
1.111078262329101562e-02
1.107025146484375000e-02
1.097369194030761719e-02
1.103329658508300781e-02
1.096248626708984375e-02
1.107263565063476562e-02
1.107716560363769531e-02
1.105904579162597656e-02
1.096129417419433594e-02
1.110529899597167969e-02
1.095628738403320312e-02
1.099181175231933594e-02
1.092100143432617188e-02
1.109671592712402344e-02
1.180219650268554688e-02
1.111483573913574219e-02
1.125788688659667969e-02
