4.999903202056884766e+00
4.696409225463867188e+00
4.482415199279785156e+00
4.228342056274414062e+00
4.377725601196289062e+00
4.085963726043701172e+00
4.306075572967529297e+00
4.221406936645507812e+00
4.125501155853271484e+00
4.107407093048095703e+00
4.089821338653564453e+00
4.132034778594970703e+00
4.049249649047851562e+00
3.976337432861328125e+00
3.837405204772949219e+00
4.027421951293945312e+00
4.053490161895751953e+00
4.065149307250976562e+00
3.959882497787475586e+00
3.934402704238891602e+00
3.880114555358886719e+00
4.074773788452148438e+00
3.622933149337768555e+00
4.045024394989013672e+00
3.641655206680297852e+00
3.880066394805908203e+00
3.609901189804077148e+00
3.549672603607177734e+00
3.911381721496582031e+00
3.737406969070434570e+00
3.853537082672119141e+00
3.921252489089965820e+00
3.796366930007934570e+00
3.576048135757446289e+00
3.909864425659179688e+00
3.704622745513916016e+00
3.786786079406738281e+00
