1.590664148330688477e+00
1.478958129882812500e-02
1.297330856323242188e-02
1.303219795227050781e-02
1.298189163208007812e-02
1.297450065612792969e-02
1.318573951721191406e-02
1.304006576538085938e-02
1.314330101013183594e-02
1.292347908020019531e-02
1.324796676635742188e-02
1.296544075012207031e-02
1.327753067016601562e-02
1.296567916870117188e-02
1.297831535339355469e-02
1.292586326599121094e-02
1.289749145507812500e-02
1.294946670532226562e-02
1.290392875671386719e-02
1.303935050964355469e-02
1.305723190307617188e-02
1.323699951171875000e-02
1.308727264404296875e-02
1.304841041564941406e-02
1.304125785827636719e-02
1.300597190856933594e-02
1.308131217956542969e-02
1.332449913024902344e-02
1.308417320251464844e-02
1.319026947021484375e-02
1.328897476196289062e-02
1.320600509643554688e-02
1.334619522094726562e-02
1.325058937072753906e-02
1.320242881774902344e-02
1.316165924072265625e-02
1.309919357299804688e-02
1.315808296203613281e-02
