4.919611454010009766e+00
4.536850929260253906e+00
4.535070419311523438e+00
4.161027431488037109e+00
4.189293384552001953e+00
4.233494281768798828e+00
4.250675201416015625e+00
4.019800186157226562e+00
4.050675868988037109e+00
4.033685207366943359e+00
3.896822214126586914e+00
3.903901338577270508e+00
3.972404003143310547e+00
4.233997821807861328e+00
3.861928939819335938e+00
4.050860881805419922e+00
4.044408321380615234e+00
3.808630704879760742e+00
4.012715339660644531e+00
4.063094139099121094e+00
3.627151727676391602e+00
3.568007469177246094e+00
3.631726741790771484e+00
3.714063405990600586e+00
3.690749168395996094e+00
3.853261470794677734e+00
3.862267732620239258e+00
3.645161867141723633e+00
3.617782115936279297e+00
3.415112018585205078e+00
3.687921047210693359e+00
3.361337423324584961e+00
3.732367753982543945e+00
3.726068735122680664e+00
3.532497644424438477e+00
3.477189302444458008e+00
3.522824048995971680e+00
3.645722389221191406e+00
3.764301776885986328e+00
