3.390782117843627930e+00
1.809969902038574219e+00
1.812447786331176758e+00
1.808231115341186523e+00
1.817865371704101562e+00
1.809840202331542969e+00
1.810489416122436523e+00
1.809133529663085938e+00
1.809720516204833984e+00
1.813702106475830078e+00
1.811735868453979492e+00
1.972129583358764648e+00
1.950510978698730469e+00
1.986008405685424805e+00
1.980598926544189453e+00
2.015146970748901367e+00
1.821854114532470703e+00
1.815729856491088867e+00
1.833269834518432617e+00
1.857420682907104492e+00
1.884637355804443359e+00
1.826470375061035156e+00
1.843970537185668945e+00
1.830880880355834961e+00
1.827242136001586914e+00
1.828166723251342773e+00
1.829693794250488281e+00
1.901353597640991211e+00
1.952214956283569336e+00
1.913241147994995117e+00
1.905654191970825195e+00
1.907015323638916016e+00
1.952287435531616211e+00
1.938335418701171875e+00
1.990377187728881836e+00
1.841418981552124023e+00
1.940390586853027344e+00
1.944645404815673828e+00
1.962744712829589844e+00
1.946736574172973633e+00
1.945799112319946289e+00
1.943023443222045898e+00
1.942042112350463867e+00
1.933435916900634766e+00
2.049511432647705078e+00
1.941493749618530273e+00
2.103948116302490234e+00
1.958444595336914062e+00
1.937896490097045898e+00
1.973332643508911133e+00
1.938426256179809570e+00
1.926803112030029297e+00
1.936808347702026367e+00
1.959124088287353516e+00
1.930993795394897461e+00
1.972046136856079102e+00
1.868618965148925781e+00
1.877207756042480469e+00
1.964715242385864258e+00
1.988081693649291992e+00
2.116137742996215820e+00
1.962651014328002930e+00
1.925285100936889648e+00
1.929352998733520508e+00
1.909417629241943359e+00
2.101998090744018555e+00
1.852488517761230469e+00
1.954400777816772461e+00
2.049095630645751953e+00
2.195887804031372070e+00
1.946780204772949219e+00
1.936871051788330078e+00
1.951979637145996094e+00
1.948720932006835938e+00
1.948037147521972656e+00
1.950674057006835938e+00
1.945942401885986328e+00
1.936810255050659180e+00
1.883399009704589844e+00
1.918668508529663086e+00
1.981034994125366211e+00
1.921017408370971680e+00
1.891786098480224609e+00
1.940697669982910156e+00
1.946011304855346680e+00
1.952236652374267578e+00
2.018402814865112305e+00
2.120800733566284180e+00
1.949470043182373047e+00
1.971876621246337891e+00
1.961076736450195312e+00
1.937491655349731445e+00
1.969851016998291016e+00
1.941709756851196289e+00
1.972674846649169922e+00
1.977860212326049805e+00
1.992861509323120117e+00
1.955356836318969727e+00
1.932601928710937500e+00
1.872738838195800781e+00
1.875760555267333984e+00
2.231694221496582031e+00
1.963227510452270508e+00
1.945228815078735352e+00
1.934069156646728516e+00
1.966827392578125000e+00
1.982795476913452148e+00
1.999414920806884766e+00
2.017412185668945312e+00
1.939494132995605469e+00
1.883564710617065430e+00
1.869341373443603516e+00
1.975122213363647461e+00
1.885247945785522461e+00
2.333185434341430664e+00
2.011526346206665039e+00
1.958224773406982422e+00
1.950004339218139648e+00
2.018840312957763672e+00
1.935872554779052734e+00
1.988623619079589844e+00
1.932031869888305664e+00
1.970748186111450195e+00
1.959453105926513672e+00
1.947468280792236328e+00
2.031159639358520508e+00
1.959125518798828125e+00
2.030875444412231445e+00
1.971498250961303711e+00
1.958384275436401367e+00
1.961764812469482422e+00
1.954039812088012695e+00
1.991549253463745117e+00
1.988968372344970703e+00
2.010617017745971680e+00
1.964739084243774414e+00
1.972782611846923828e+00
1.960386991500854492e+00
1.896038293838500977e+00
1.958921909332275391e+00
1.978512048721313477e+00
1.961340188980102539e+00
1.950239896774291992e+00
1.932308912277221680e+00
1.893286705017089844e+00
2.025675773620605469e+00
1.976641893386840820e+00
1.985784769058227539e+00
1.978643655776977539e+00
1.968931913375854492e+00
1.933482646942138672e+00
1.898988485336303711e+00
1.885367631912231445e+00
1.986591339111328125e+00
1.876318216323852539e+00
1.894648313522338867e+00
1.876155614852905273e+00
1.888637304306030273e+00
1.876000165939331055e+00
1.876037836074829102e+00
1.889044046401977539e+00
1.873080730438232422e+00
1.981684684753417969e+00
2.092393636703491211e+00
1.984755516052246094e+00
1.980820178985595703e+00
1.943539619445800781e+00
1.952230453491210938e+00
1.964561939239501953e+00
1.976845979690551758e+00
1.970700025558471680e+00
1.935105562210083008e+00
1.901700496673583984e+00
1.949545145034790039e+00
1.949158430099487305e+00
1.948942422866821289e+00
1.973466396331787109e+00
2.017261505126953125e+00
2.010628461837768555e+00
1.901465654373168945e+00
1.889904260635375977e+00
2.022974014282226562e+00
2.002462387084960938e+00
1.958612918853759766e+00
1.956200838088989258e+00
1.956523418426513672e+00
1.977164030075073242e+00
1.961369991302490234e+00
1.951941013336181641e+00
2.054786920547485352e+00
2.011726379394531250e+00
1.884598016738891602e+00
1.884567975997924805e+00
1.901619672775268555e+00
1.887279748916625977e+00
1.885223388671875000e+00
1.884879827499389648e+00
1.924190282821655273e+00
1.887226104736328125e+00
1.886298656463623047e+00
