2.377612590789794922e-01
2.357139587402343750e-01
2.383155822753906250e-01
2.357597351074218750e-01
2.372262477874755859e-01
2.343981266021728516e-01
2.352135181427001953e-01
2.362580299377441406e-01
2.369344234466552734e-01
2.346689701080322266e-01
2.369699478149414062e-01
2.345383167266845703e-01
3.151659965515136719e-01
2.354035377502441406e-01
2.363653182983398438e-01
2.350947856903076172e-01
2.362456321716308594e-01
2.374711036682128906e-01
2.339587211608886719e-01
2.346270084381103516e-01
2.341842651367187500e-01
2.362208366394042969e-01
2.346382141113281250e-01
2.359549999237060547e-01
2.342259883880615234e-01
2.358596324920654297e-01
2.325990200042724609e-01
2.368364334106445312e-01
3.300223350524902344e-01
2.339556217193603516e-01
2.354762554168701172e-01
2.445039749145507812e-01
2.339351177215576172e-01
2.298247814178466797e-01
3.057861328125000000e-01
2.343339920043945312e-01
2.312865257263183594e-01
2.353746891021728516e-01
2.258310317993164062e-01
2.322952747344970703e-01
2.511959075927734375e-01
2.347524166107177734e-01
2.621045112609863281e-01
2.334487438201904297e-01
2.324297428131103516e-01
2.719044685363769531e-01
2.325508594512939453e-01
3.402884006500244141e-01
2.340114116668701172e-01
2.543075084686279297e-01
2.321641445159912109e-01
2.340126037597656250e-01
2.344100475311279297e-01
2.646367549896240234e-01
2.486932277679443359e-01
2.329168319702148438e-01
2.333316802978515625e-01
2.335355281829833984e-01
2.575211524963378906e-01
2.405719757080078125e-01
2.328991889953613281e-01
2.331869602203369141e-01
2.314212322235107422e-01
2.268815040588378906e-01
2.363345623016357422e-01
2.337265014648437500e-01
2.333748340606689453e-01
2.247064113616943359e-01
2.347164154052734375e-01
2.370195388793945312e-01
2.315025329589843750e-01
2.353775501251220703e-01
2.273266315460205078e-01
2.866749763488769531e-01
2.339024543762207031e-01
2.359042167663574219e-01
2.257182598114013672e-01
3.188300132751464844e-01
2.266204357147216797e-01
2.360405921936035156e-01
2.375471591949462891e-01
2.355918884277343750e-01
2.358076572418212891e-01
2.337319850921630859e-01
3.387873172760009766e-01
2.337203025817871094e-01
2.336597442626953125e-01
2.374801635742187500e-01
2.367725372314453125e-01
2.362458705902099609e-01
2.342798709869384766e-01
2.869648933410644531e-01
2.223360538482666016e-01
2.156982421875000000e-01
2.988946437835693359e-01
2.430412769317626953e-01
2.321279048919677734e-01
2.349138259887695312e-01
2.588391304016113281e-01
2.326080799102783203e-01
2.482907772064208984e-01
2.339613437652587891e-01
2.363467216491699219e-01
2.801961898803710938e-01
2.334420680999755859e-01
2.337710857391357422e-01
2.380909919738769531e-01
2.365398406982421875e-01
3.140690326690673828e-01
2.355432510375976562e-01
2.315847873687744141e-01
2.305688858032226562e-01
2.718305587768554688e-01
2.568202018737792969e-01
3.162901401519775391e-01
2.345435619354248047e-01
2.336230278015136719e-01
2.636501789093017578e-01
2.374260425567626953e-01
2.352483272552490234e-01
2.353973388671875000e-01
2.441713809967041016e-01
2.347953319549560547e-01
2.867102622985839844e-01
2.342438697814941406e-01
2.368881702423095703e-01
2.328917980194091797e-01
2.358078956604003906e-01
2.342700958251953125e-01
2.372438907623291016e-01
3.509764671325683594e-01
2.332093715667724609e-01
2.330543994903564453e-01
2.320194244384765625e-01
2.383980751037597656e-01
2.352335453033447266e-01
2.344589233398437500e-01
2.315354347229003906e-01
2.335286140441894531e-01
2.339098453521728516e-01
2.295801639556884766e-01
2.346262931823730469e-01
2.349522113800048828e-01
2.333738803863525391e-01
2.346098423004150391e-01
3.020558357238769531e-01
2.339601516723632812e-01
2.340912818908691406e-01
2.336177825927734375e-01
2.344779968261718750e-01
2.338399887084960938e-01
2.489337921142578125e-01
2.355375289916992188e-01
2.611644268035888672e-01
2.354726791381835938e-01
2.352435588836669922e-01
2.334852218627929688e-01
2.352209091186523438e-01
2.354583740234375000e-01
2.349009513854980469e-01
2.579789161682128906e-01
2.347657680511474609e-01
2.336525917053222656e-01
2.335371971130371094e-01
2.875709533691406250e-01
2.277250289916992188e-01
2.271721363067626953e-01
2.334816455841064453e-01
2.333316802978515625e-01
2.359018325805664062e-01
2.339885234832763672e-01
2.330887317657470703e-01
2.349507808685302734e-01
2.363519668579101562e-01
2.326965332031250000e-01
2.341883182525634766e-01
3.191874027252197266e-01
2.341144084930419922e-01
2.337663173675537109e-01
2.354755401611328125e-01
2.960615158081054688e-01
2.319829463958740234e-01
2.345085144042968750e-01
2.334504127502441406e-01
2.248656749725341797e-01
2.346315383911132812e-01
2.351927757263183594e-01
2.341620922088623047e-01
2.405986785888671875e-01
2.368304729461669922e-01
2.343487739562988281e-01
2.348182201385498047e-01
2.354204654693603516e-01
3.528263568878173828e-01
2.334976196289062500e-01
2.327325344085693359e-01
2.333993911743164062e-01
2.383606433868408203e-01
2.348103523254394531e-01
2.344608306884765625e-01
