3.570363521575927734e+00
1.917380332946777344e+00
1.911597251892089844e+00
1.923941373825073242e+00
1.921544551849365234e+00
1.925853967666625977e+00
1.880533933639526367e+00
1.885466337203979492e+00
1.886481523513793945e+00
1.893351078033447266e+00
1.883834362030029297e+00
1.912678241729736328e+00
1.889849901199340820e+00
1.841300725936889648e+00
1.937550544738769531e+00
1.937294006347656250e+00
1.953406572341918945e+00
1.935931205749511719e+00
1.952787637710571289e+00
1.961067199707031250e+00
1.924717903137207031e+00
1.939999103546142578e+00
1.985742092132568359e+00
1.948662042617797852e+00
1.976811408996582031e+00
1.974697351455688477e+00
1.982635259628295898e+00
1.946793556213378906e+00
1.957943439483642578e+00
1.836510419845581055e+00
1.833146572113037109e+00
1.836046695709228516e+00
1.849483013153076172e+00
1.834394931793212891e+00
1.836226463317871094e+00
1.986691474914550781e+00
1.892693758010864258e+00
1.905668020248413086e+00
1.964405775070190430e+00
1.914236068725585938e+00
1.854617118835449219e+00
2.124004840850830078e+00
2.037096500396728516e+00
1.855007648468017578e+00
1.875730991363525391e+00
1.857669115066528320e+00
1.983634710311889648e+00
1.915223836898803711e+00
1.937188148498535156e+00
1.879762172698974609e+00
1.939623594284057617e+00
1.928664207458496094e+00
1.961031436920166016e+00
1.957616567611694336e+00
1.968491554260253906e+00
2.010482311248779297e+00
2.003991842269897461e+00
1.999031782150268555e+00
1.974769115447998047e+00
1.887177228927612305e+00
1.989420652389526367e+00
1.871266126632690430e+00
1.852331638336181641e+00
1.989588260650634766e+00
1.856765031814575195e+00
2.162653446197509766e+00
1.952054500579833984e+00
1.979261159896850586e+00
1.986820936203002930e+00
2.011866331100463867e+00
1.949022054672241211e+00
1.951587915420532227e+00
1.960782051086425781e+00
1.942260503768920898e+00
1.888462305068969727e+00
1.895153045654296875e+00
1.954286575317382812e+00
1.941222190856933594e+00
1.957913160324096680e+00
1.935388088226318359e+00
2.645869255065917969e+00
2.037241935729980469e+00
2.037453889846801758e+00
1.968668460845947266e+00
1.949578046798706055e+00
1.898969173431396484e+00
1.907613754272460938e+00
1.973154544830322266e+00
1.946483612060546875e+00
1.957102060317993164e+00
1.961048364639282227e+00
1.959929227828979492e+00
1.982551336288452148e+00
1.860361099243164062e+00
1.877357959747314453e+00
1.917230844497680664e+00
2.022581338882446289e+00
1.964229822158813477e+00
1.946465015411376953e+00
1.953290462493896484e+00
1.966102838516235352e+00
2.171539306640625000e+00
1.973150491714477539e+00
1.955013275146484375e+00
1.914638996124267578e+00
1.973804712295532227e+00
1.905500888824462891e+00
1.879991769790649414e+00
1.935304641723632812e+00
1.960582971572875977e+00
1.938118696212768555e+00
1.933967351913452148e+00
2.038173913955688477e+00
1.965596914291381836e+00
2.209484577178955078e+00
1.965353965759277344e+00
1.973735094070434570e+00
1.941100120544433594e+00
2.013211965560913086e+00
2.004302024841308594e+00
1.952136278152465820e+00
1.954905033111572266e+00
2.323725223541259766e+00
1.947762966156005859e+00
1.894859075546264648e+00
1.911392450332641602e+00
1.896251916885375977e+00
1.901413202285766602e+00
2.186305522918701172e+00
2.076034069061279297e+00
1.967741966247558594e+00
1.939505577087402344e+00
1.992968797683715820e+00
1.923102140426635742e+00
1.937192678451538086e+00
1.953421592712402344e+00
1.964655876159667969e+00
1.960282087326049805e+00
1.943534851074218750e+00
1.964632987976074219e+00
1.945302248001098633e+00
1.944072246551513672e+00
1.942375898361206055e+00
2.024990797042846680e+00
1.951171636581420898e+00
1.935782194137573242e+00
1.887457609176635742e+00
1.937271595001220703e+00
1.961999654769897461e+00
1.947334289550781250e+00
1.972686052322387695e+00
1.939043760299682617e+00
1.932693719863891602e+00
2.065585374832153320e+00
1.985898017883300781e+00
1.986287355422973633e+00
1.978042840957641602e+00
1.971404790878295898e+00
1.927877902984619141e+00
1.924744129180908203e+00
1.938487768173217773e+00
1.941553592681884766e+00
2.028736829757690430e+00
1.921949625015258789e+00
1.878533363342285156e+00
1.931121349334716797e+00
1.858642816543579102e+00
1.864464044570922852e+00
1.879990577697753906e+00
1.941795825958251953e+00
1.856030225753784180e+00
1.898328781127929688e+00
1.927396535873413086e+00
1.930743932723999023e+00
1.937492132186889648e+00
1.939354419708251953e+00
1.956018447875976562e+00
2.012118339538574219e+00
1.950889110565185547e+00
1.946587324142456055e+00
1.942494153976440430e+00
1.951606512069702148e+00
1.956238031387329102e+00
1.923506736755371094e+00
1.922869920730590820e+00
1.944192171096801758e+00
1.928462743759155273e+00
1.948219299316406250e+00
1.931669950485229492e+00
1.947890043258666992e+00
1.997353076934814453e+00
1.952137947082519531e+00
1.920530319213867188e+00
1.933142662048339844e+00
1.927685737609863281e+00
1.920133352279663086e+00
1.929959774017333984e+00
1.919137716293334961e+00
1.964132308959960938e+00
1.951906442642211914e+00
