1.243844270706176758e+00
1.290787935256958008e+00
1.241884708404541016e+00
1.317569017410278320e+00
1.241083860397338867e+00
1.309315919876098633e+00
1.241673469543457031e+00
1.358561277389526367e+00
1.318517208099365234e+00
1.434668779373168945e+00
1.243014097213745117e+00
1.243637323379516602e+00
1.237259149551391602e+00
1.233252048492431641e+00
1.257107734680175781e+00
1.230245113372802734e+00
1.238496780395507812e+00
1.275954484939575195e+00
1.247385263442993164e+00
1.252121686935424805e+00
1.245180130004882812e+00
1.330039262771606445e+00
1.547993898391723633e+00
1.735823631286621094e+00
1.603942155838012695e+00
1.651735544204711914e+00
1.772279739379882812e+00
1.735918283462524414e+00
1.712190151214599609e+00
1.817053318023681641e+00
1.911623954772949219e+00
1.981522083282470703e+00
1.867758035659790039e+00
1.857368469238281250e+00
1.575979948043823242e+00
1.246481180191040039e+00
1.230675935745239258e+00
1.230262756347656250e+00
1.245963335037231445e+00
1.274646997451782227e+00
1.459545850753784180e+00
1.763171911239624023e+00
1.332563877105712891e+00
1.594210624694824219e+00
1.490020275115966797e+00
1.229387998580932617e+00
1.242913722991943359e+00
1.248189926147460938e+00
1.316402435302734375e+00
1.251768589019775391e+00
1.231757402420043945e+00
1.275357246398925781e+00
1.301730155944824219e+00
1.257507801055908203e+00
1.239408254623413086e+00
1.389919757843017578e+00
1.962265729904174805e+00
1.733471155166625977e+00
1.272396802902221680e+00
1.244733810424804688e+00
1.218571186065673828e+00
1.419461250305175781e+00
1.275548219680786133e+00
1.248555660247802734e+00
1.420264244079589844e+00
1.397112607955932617e+00
1.218671083450317383e+00
1.304853200912475586e+00
1.222791433334350586e+00
1.307590484619140625e+00
1.225695848464965820e+00
1.247520446777343750e+00
1.219025611877441406e+00
1.223345518112182617e+00
1.358256101608276367e+00
1.244787693023681641e+00
1.343966007232666016e+00
1.440762996673583984e+00
1.663722515106201172e+00
1.735984325408935547e+00
1.864407062530517578e+00
1.808120489120483398e+00
1.587159156799316406e+00
1.321856021881103516e+00
1.255201578140258789e+00
1.318671226501464844e+00
1.289225816726684570e+00
1.249481916427612305e+00
1.232322692871093750e+00
1.277922868728637695e+00
1.289394378662109375e+00
1.250504255294799805e+00
1.317838191986083984e+00
1.356014490127563477e+00
1.251020669937133789e+00
1.252280235290527344e+00
1.246986150741577148e+00
1.292246818542480469e+00
1.231475830078125000e+00
1.232477903366088867e+00
1.236624717712402344e+00
1.239171028137207031e+00
1.248026371002197266e+00
1.308592796325683594e+00
1.216484069824218750e+00
1.506691932678222656e+00
1.503662824630737305e+00
1.735296010971069336e+00
1.915530920028686523e+00
1.954660892486572266e+00
1.932702302932739258e+00
1.481945037841796875e+00
1.255988359451293945e+00
1.252293109893798828e+00
1.233282566070556641e+00
1.260257005691528320e+00
1.392970085144042969e+00
1.263632059097290039e+00
1.377985477447509766e+00
1.251173496246337891e+00
1.446957349777221680e+00
1.309605121612548828e+00
1.250149726867675781e+00
1.315147876739501953e+00
1.254124879837036133e+00
1.258468627929687500e+00
1.364898920059204102e+00
1.284976720809936523e+00
1.369326114654541016e+00
1.265197515487670898e+00
1.334197998046875000e+00
1.245019674301147461e+00
1.258780241012573242e+00
1.332484006881713867e+00
1.247363090515136719e+00
1.281339883804321289e+00
1.263202667236328125e+00
1.246661663055419922e+00
1.249995946884155273e+00
1.429192066192626953e+00
1.589823007583618164e+00
1.603688716888427734e+00
1.777387619018554688e+00
1.996457576751708984e+00
1.637999057769775391e+00
1.314913511276245117e+00
1.248593091964721680e+00
1.257687807083129883e+00
1.333788156509399414e+00
1.244859457015991211e+00
1.277757644653320312e+00
1.256092548370361328e+00
1.257697582244873047e+00
1.248990535736083984e+00
1.248461961746215820e+00
1.237938642501831055e+00
1.249631881713867188e+00
1.248176097869873047e+00
1.356181621551513672e+00
1.316702127456665039e+00
1.231066465377807617e+00
1.270939111709594727e+00
1.229228019714355469e+00
1.235255241394042969e+00
1.307148456573486328e+00
1.292298793792724609e+00
1.239546775817871094e+00
1.243317127227783203e+00
1.250575542449951172e+00
1.240714550018310547e+00
1.229673147201538086e+00
1.237579822540283203e+00
1.261749744415283203e+00
1.248868465423583984e+00
1.579405546188354492e+00
1.471454620361328125e+00
1.660377740859985352e+00
1.721364259719848633e+00
1.816351890563964844e+00
1.996886014938354492e+00
1.900322437286376953e+00
1.966770887374877930e+00
1.747179031372070312e+00
1.345425844192504883e+00
1.309628248214721680e+00
1.304951906204223633e+00
1.229847669601440430e+00
1.362462282180786133e+00
1.223058700561523438e+00
1.342016220092773438e+00
1.247669458389282227e+00
1.248399019241333008e+00
1.249488592147827148e+00
1.252864122390747070e+00
1.245836973190307617e+00
1.242892265319824219e+00
1.240461587905883789e+00
1.305136203765869141e+00
1.272370576858520508e+00
1.246616363525390625e+00
