2.176102399826049805e+00
4.079406261444091797e-01
4.089055061340332031e-01
4.063637256622314453e-01
3.966343402862548828e-01
3.943488597869873047e-01
3.898346424102783203e-01
3.888096809387207031e-01
3.895642757415771484e-01
3.885076045989990234e-01
3.988461494445800781e-01
3.879406452178955078e-01
3.948268890380859375e-01
3.929171562194824219e-01
3.869621753692626953e-01
4.158973693847656250e-01
3.924932479858398438e-01
3.928811550140380859e-01
3.969144821166992188e-01
3.961215019226074219e-01
4.005987644195556641e-01
4.164819717407226562e-01
3.934772014617919922e-01
3.945779800415039062e-01
3.976168632507324219e-01
3.982093334197998047e-01
3.944568634033203125e-01
3.840446472167968750e-01
3.913178443908691406e-01
4.171497821807861328e-01
3.896641731262207031e-01
3.878452777862548828e-01
3.912286758422851562e-01
3.958032131195068359e-01
3.975222110748291016e-01
4.163117408752441406e-01
4.050872325897216797e-01
4.071948528289794922e-01
4.062221050262451172e-01
4.279780387878417969e-01
4.013624191284179688e-01
3.962299823760986328e-01
4.149608612060546875e-01
3.999857902526855469e-01
4.207491874694824219e-01
4.094507694244384766e-01
3.934016227722167969e-01
3.921337127685546875e-01
3.900520801544189453e-01
3.953444957733154297e-01
3.927774429321289062e-01
3.973877429962158203e-01
3.878681659698486328e-01
3.902857303619384766e-01
4.160013198852539062e-01
3.986186981201171875e-01
3.983094692230224609e-01
4.009888172149658203e-01
3.961813449859619141e-01
4.218192100524902344e-01
4.233686923980712891e-01
4.226958751678466797e-01
4.147517681121826172e-01
4.040219783782958984e-01
4.037089347839355469e-01
4.091455936431884766e-01
3.971192836761474609e-01
4.012682437896728516e-01
4.167296886444091797e-01
3.977708816528320312e-01
4.018285274505615234e-01
3.977062702178955078e-01
3.996756076812744141e-01
4.061758518218994141e-01
4.190962314605712891e-01
4.149796962738037109e-01
4.612350463867187500e-01
4.158315658569335938e-01
4.245843887329101562e-01
4.141223430633544922e-01
4.093170166015625000e-01
4.100763797760009766e-01
4.200210571289062500e-01
4.297308921813964844e-01
4.241273403167724609e-01
4.208741188049316406e-01
4.286963939666748047e-01
4.253230094909667969e-01
4.214236736297607422e-01
4.466001987457275391e-01
4.203751087188720703e-01
4.196612834930419922e-01
4.137561321258544922e-01
4.137415885925292969e-01
4.131233692169189453e-01
4.138047695159912109e-01
4.151988029479980469e-01
4.182791709899902344e-01
4.185490608215332031e-01
4.098515510559082031e-01
4.195883274078369141e-01
4.150009155273437500e-01
4.308888912200927734e-01
4.216167926788330078e-01
4.174208641052246094e-01
4.178154468536376953e-01
4.205346107482910156e-01
4.133481979370117188e-01
4.063913822174072266e-01
4.146819114685058594e-01
4.179100990295410156e-01
4.169175624847412109e-01
4.247782230377197266e-01
4.324381351470947266e-01
4.155259132385253906e-01
4.212772846221923828e-01
4.189245700836181641e-01
4.206001758575439453e-01
4.254190921783447266e-01
4.222044944763183594e-01
4.217889308929443359e-01
4.184248447418212891e-01
4.157128334045410156e-01
4.182205200195312500e-01
4.185364246368408203e-01
4.093236923217773438e-01
4.145262241363525391e-01
4.159550666809082031e-01
4.088613986968994141e-01
4.128777980804443359e-01
4.145088195800781250e-01
4.303665161132812500e-01
4.144217967987060547e-01
4.202616214752197266e-01
4.393789768218994141e-01
4.219419956207275391e-01
4.092032909393310547e-01
4.145333766937255859e-01
4.396352767944335938e-01
4.144954681396484375e-01
4.325423240661621094e-01
4.187157154083251953e-01
4.281501770019531250e-01
4.176290035247802734e-01
4.179556369781494141e-01
4.326233863830566406e-01
4.226372241973876953e-01
4.635686874389648438e-01
4.508996009826660156e-01
4.740419387817382812e-01
4.371685981750488281e-01
4.359745979309082031e-01
4.439399242401123047e-01
4.279403686523437500e-01
4.515166282653808594e-01
4.339976310729980469e-01
4.365293979644775391e-01
4.141654968261718750e-01
4.212055206298828125e-01
4.199681282043457031e-01
4.170157909393310547e-01
4.396300315856933594e-01
4.604890346527099609e-01
4.188423156738281250e-01
4.191093444824218750e-01
4.383430480957031250e-01
4.650185108184814453e-01
4.343256950378417969e-01
4.177460670471191406e-01
4.226734638214111328e-01
4.215748310089111328e-01
4.444036483764648438e-01
4.170572757720947266e-01
4.147088527679443359e-01
4.213669300079345703e-01
4.205813407897949219e-01
4.184138774871826172e-01
4.207699298858642578e-01
4.146986007690429688e-01
4.169733524322509766e-01
4.168541431427001953e-01
4.288544654846191406e-01
4.163718223571777344e-01
4.196534156799316406e-01
4.242653846740722656e-01
4.242897033691406250e-01
4.482200145721435547e-01
4.388413429260253906e-01
4.232220649719238281e-01
4.276537895202636719e-01
4.339096546173095703e-01
4.240469932556152344e-01
4.261295795440673828e-01
4.333755970001220703e-01
4.292466640472412109e-01
4.250676631927490234e-01
4.343121051788330078e-01
4.179856777191162109e-01
4.249310493469238281e-01
4.127950668334960938e-01
