1.243839502334594727e+00
1.290796041488647461e+00
1.241907119750976562e+00
1.317572832107543945e+00
1.241073608398437500e+00
1.316033363342285156e+00
1.241685867309570312e+00
1.358548641204833984e+00
1.318516969680786133e+00
1.434677839279174805e+00
1.242994785308837891e+00
1.240448951721191406e+00
1.237271547317504883e+00
1.233196973800659180e+00
1.257087469100952148e+00
1.230231285095214844e+00
1.238506555557250977e+00
1.275951623916625977e+00
1.247385501861572266e+00
1.252120494842529297e+00
1.245219230651855469e+00
1.330059289932250977e+00
1.548000335693359375e+00
1.743608236312866211e+00
1.603978157043457031e+00
1.651731252670288086e+00
1.772277593612670898e+00
1.747944593429565430e+00
1.712226390838623047e+00
1.817061662673950195e+00
1.911676645278930664e+00
1.981519937515258789e+00
1.867760181427001953e+00
1.857363939285278320e+00
1.567828416824340820e+00
1.246486186981201172e+00
1.230682611465454102e+00
1.230263471603393555e+00
1.245970487594604492e+00
1.291453838348388672e+00
1.418608427047729492e+00
1.764277219772338867e+00
1.332535743713378906e+00
1.594323635101318359e+00
1.490006208419799805e+00
1.229387044906616211e+00
1.242916822433471680e+00
1.248209953308105469e+00
1.316400289535522461e+00
1.251771211624145508e+00
1.231768846511840820e+00
1.279683351516723633e+00
1.301735162734985352e+00
1.257506847381591797e+00
1.239408254623413086e+00
1.389915943145751953e+00
1.962265253067016602e+00
1.733443260192871094e+00
1.272385120391845703e+00
1.244726419448852539e+00
1.218585252761840820e+00
1.419440507888793945e+00
1.275556802749633789e+00
1.248563766479492188e+00
1.420244455337524414e+00
1.396900415420532227e+00
1.218683242797851562e+00
1.304850101470947266e+00
1.222790718078613281e+00
1.307596921920776367e+00
1.225704669952392578e+00
1.247508764266967773e+00
1.219021320343017578e+00
1.223331928253173828e+00
1.358259201049804688e+00
1.244781017303466797e+00
1.343966245651245117e+00
1.440761566162109375e+00
1.663719415664672852e+00
1.735994815826416016e+00
1.864410161972045898e+00
1.808144330978393555e+00
1.587159395217895508e+00
1.321888208389282227e+00
1.254999160766601562e+00
1.318521022796630859e+00
1.294551372528076172e+00
1.249466180801391602e+00
1.232316255569458008e+00
1.277903318405151367e+00
1.289381265640258789e+00
1.250492334365844727e+00
1.317837238311767578e+00
1.355996131896972656e+00
1.251010179519653320e+00
1.252267837524414062e+00
1.246983766555786133e+00
1.304168224334716797e+00
1.231473445892333984e+00
1.232494831085205078e+00
1.236619472503662109e+00
1.239171266555786133e+00
1.248030185699462891e+00
1.308596372604370117e+00
1.216483354568481445e+00
1.506660223007202148e+00
1.503659725189208984e+00
1.723511695861816406e+00
1.915531873703002930e+00
1.954646110534667969e+00
1.932694911956787109e+00
1.481950998306274414e+00
1.255992889404296875e+00
1.252308130264282227e+00
1.233268499374389648e+00
1.260262250900268555e+00
1.392962455749511719e+00
1.263630390167236328e+00
1.377993822097778320e+00
1.251171827316284180e+00
1.446930170059204102e+00
1.315075874328613281e+00
1.250146627426147461e+00
1.315138339996337891e+00
1.254115581512451172e+00
1.258469104766845703e+00
1.364882469177246094e+00
1.299315452575683594e+00
1.369321107864379883e+00
1.265197992324829102e+00
1.334193229675292969e+00
1.245020389556884766e+00
1.258788108825683594e+00
1.332479238510131836e+00
1.247365474700927734e+00
1.286794185638427734e+00
1.259965181350708008e+00
1.256628274917602539e+00
1.249974966049194336e+00
1.451019048690795898e+00
1.589811325073242188e+00
1.603688478469848633e+00
1.777388334274291992e+00
1.996474027633666992e+00
1.637986660003662109e+00
1.314908504486083984e+00
1.248592853546142578e+00
1.257691144943237305e+00
1.333785772323608398e+00
1.244855165481567383e+00
1.277756214141845703e+00
1.256075859069824219e+00
1.257683992385864258e+00
1.248991727828979492e+00
1.248468160629272461e+00
1.237926244735717773e+00
1.249615192413330078e+00
1.248173713684082031e+00
1.356179952621459961e+00
1.316704988479614258e+00
1.231062650680541992e+00
1.270942211151123047e+00
1.229233503341674805e+00
1.235252380371093750e+00
1.316886425018310547e+00
1.292300224304199219e+00
1.239538192749023438e+00
1.243316888809204102e+00
1.250568389892578125e+00
1.240715742111206055e+00
1.229679584503173828e+00
1.237576961517333984e+00
1.261751890182495117e+00
1.248872995376586914e+00
1.579427957534790039e+00
1.471446514129638672e+00
1.660422563552856445e+00
1.721369028091430664e+00
1.822728157043457031e+00
1.996882200241088867e+00
1.900351285934448242e+00
1.966772556304931641e+00
1.747159719467163086e+00
1.345391750335693359e+00
1.309802532196044922e+00
1.304957389831542969e+00
1.229825496673583984e+00
1.342213153839111328e+00
1.242125511169433594e+00
1.342005252838134766e+00
1.247668981552124023e+00
1.248369693756103516e+00
1.249473094940185547e+00
1.252863645553588867e+00
1.245831251144409180e+00
1.242875814437866211e+00
1.240464210510253906e+00
1.305132627487182617e+00
1.272375822067260742e+00
1.246610879898071289e+00
