2.343790292739868164e+00
4.738183021545410156e-01
4.676079750061035156e-01
4.566402435302734375e-01
4.310295581817626953e-01
4.174768924713134766e-01
4.129450321197509766e-01
4.093930721282958984e-01
4.083182811737060547e-01
4.146511554718017578e-01
4.105620384216308594e-01
4.178144931793212891e-01
4.099748134613037109e-01
4.122996330261230469e-01
4.135227203369140625e-01
4.144501686096191406e-01
4.172990322113037109e-01
4.194583892822265625e-01
4.157714843750000000e-01
4.163527488708496094e-01
4.190464019775390625e-01
4.152753353118896484e-01
4.190416336059570312e-01
4.207286834716796875e-01
4.174008369445800781e-01
4.229240417480468750e-01
4.136133193969726562e-01
4.149804115295410156e-01
4.187841415405273438e-01
4.156069755554199219e-01
4.151999950408935547e-01
4.144909381866455078e-01
4.357507228851318359e-01
4.168410301208496094e-01
4.459571838378906250e-01
4.737081527709960938e-01
4.674386978149414062e-01
4.650788307189941406e-01
4.773490428924560547e-01
4.894621372222900391e-01
4.878168106079101562e-01
4.307672977447509766e-01
4.797861576080322266e-01
4.840364456176757812e-01
4.725847244262695312e-01
4.188678264617919922e-01
4.139990806579589844e-01
4.114353656768798828e-01
4.094369411468505859e-01
4.152715206146240234e-01
4.148237705230712891e-01
4.148979187011718750e-01
4.156436920166015625e-01
4.114596843719482422e-01
4.218697547912597656e-01
4.241156578063964844e-01
4.332613945007324219e-01
4.227421283721923828e-01
4.232394695281982422e-01
4.275929927825927734e-01
4.836211204528808594e-01
4.534645080566406250e-01
4.795212745666503906e-01
4.420652389526367188e-01
4.245381355285644531e-01
4.269478321075439453e-01
4.256165027618408203e-01
4.163868427276611328e-01
4.172980785369873047e-01
4.156675338745117188e-01
4.109809398651123047e-01
4.246532917022705078e-01
4.617273807525634766e-01
4.217915534973144531e-01
4.285488128662109375e-01
4.387991428375244141e-01
4.405844211578369141e-01
4.397349357604980469e-01
4.396381378173828125e-01
4.411449432373046875e-01
4.355847835540771484e-01
4.446654319763183594e-01
4.550316333770751953e-01
5.077011585235595703e-01
4.393596649169921875e-01
4.417107105255126953e-01
4.435429573059082031e-01
4.496748447418212891e-01
4.465956687927246094e-01
4.431934356689453125e-01
4.480242729187011719e-01
4.388990402221679688e-01
4.334285259246826172e-01
4.321711063385009766e-01
4.330735206604003906e-01
4.379494190216064453e-01
4.347369670867919922e-01
4.352049827575683594e-01
4.331068992614746094e-01
4.367649555206298828e-01
4.352197647094726562e-01
4.344100952148437500e-01
4.350078105926513672e-01
4.387474060058593750e-01
4.407241344451904297e-01
4.361011981964111328e-01
4.382607936859130859e-01
4.363799095153808594e-01
4.356553554534912109e-01
4.420807361602783203e-01
4.342966079711914062e-01
4.677658081054687500e-01
4.822885990142822266e-01
5.086057186126708984e-01
4.533207416534423828e-01
4.478068351745605469e-01
4.434688091278076172e-01
4.464383125305175781e-01
4.504418373107910156e-01
4.402699470520019531e-01
4.405248165130615234e-01
4.356091022491455078e-01
4.345846176147460938e-01
4.367771148681640625e-01
4.339151382446289062e-01
4.374668598175048828e-01
4.349026679992675781e-01
4.337756633758544922e-01
4.330248832702636719e-01
4.331424236297607422e-01
4.345757961273193359e-01
4.352180957794189453e-01
4.371924400329589844e-01
4.376287460327148438e-01
4.357621669769287109e-01
4.398343563079833984e-01
4.365241527557373047e-01
4.350619316101074219e-01
4.392437934875488281e-01
4.393594264984130859e-01
4.382822513580322266e-01
4.374222755432128906e-01
4.377284049987792969e-01
4.360148906707763672e-01
4.477305412292480469e-01
4.488017559051513672e-01
4.472219944000244141e-01
4.457383155822753906e-01
4.434802532196044922e-01
4.475581645965576172e-01
4.447531700134277344e-01
4.431352615356445312e-01
4.436600208282470703e-01
4.460282325744628906e-01
4.526510238647460938e-01
4.463932514190673828e-01
4.511666297912597656e-01
4.396498203277587891e-01
4.351398944854736328e-01
4.325742721557617188e-01
4.317476749420166016e-01
4.436647891998291016e-01
4.366655349731445312e-01
4.371459484100341797e-01
4.372117519378662109e-01
4.444088935852050781e-01
4.438118934631347656e-01
4.417667388916015625e-01
4.410128593444824219e-01
4.470686912536621094e-01
4.383420944213867188e-01
4.358797073364257812e-01
4.381523132324218750e-01
4.524319171905517578e-01
4.359970092773437500e-01
4.381086826324462891e-01
4.361956119537353516e-01
4.360048770904541016e-01
4.324176311492919922e-01
4.397237300872802734e-01
4.358551502227783203e-01
4.390022754669189453e-01
4.508135318756103516e-01
4.765615463256835938e-01
5.072631835937500000e-01
4.878456592559814453e-01
4.429495334625244141e-01
4.477221965789794922e-01
4.526736736297607422e-01
4.453160762786865234e-01
4.546720981597900391e-01
4.827036857604980469e-01
4.474170207977294922e-01
4.549727439880371094e-01
4.540634155273437500e-01
4.495935440063476562e-01
4.608631134033203125e-01
4.403898715972900391e-01
4.404208660125732422e-01
4.389202594757080078e-01
