1.243849754333496094e+00
1.290792465209960938e+00
1.241912841796875000e+00
1.317568063735961914e+00
1.241088867187500000e+00
1.316051721572875977e+00
1.241672039031982422e+00
1.358569622039794922e+00
1.318514823913574219e+00
1.434668779373168945e+00
1.243020296096801758e+00
1.243640661239624023e+00
1.237263441085815430e+00
1.233252286911010742e+00
1.257090806961059570e+00
1.230247735977172852e+00
1.238500118255615234e+00
1.275954961776733398e+00
1.247385978698730469e+00
1.252123117446899414e+00
1.245187044143676758e+00
1.330043077468872070e+00
1.547995090484619141e+00
1.735839366912841797e+00
1.603942394256591797e+00
1.651736736297607422e+00
1.772281408309936523e+00
1.747932910919189453e+00
1.712191104888916016e+00
1.817052841186523438e+00
1.911621809005737305e+00
1.981534481048583984e+00
1.867766618728637695e+00
1.857373714447021484e+00
1.567871093750000000e+00
1.246483802795410156e+00
1.230679035186767578e+00
1.230269432067871094e+00
1.245969772338867188e+00
1.274647235870361328e+00
1.418623924255371094e+00
1.771068811416625977e+00
1.332565307617187500e+00
1.613993883132934570e+00
1.490023374557495117e+00
1.229389667510986328e+00
1.242917776107788086e+00
1.248188734054565430e+00
1.316403865814208984e+00
1.251770019531250000e+00
1.231768131256103516e+00
1.279667615890502930e+00
1.301732778549194336e+00
1.257507085800170898e+00
1.239412307739257812e+00
1.389919996261596680e+00
1.962264060974121094e+00
1.733470678329467773e+00
1.272405862808227539e+00
1.244737625122070312e+00
1.218571424484252930e+00
1.419461250305175781e+00
1.275554656982421875e+00
1.248556852340698242e+00
1.420262813568115234e+00
1.397106409072875977e+00
1.218684673309326172e+00
1.316831350326538086e+00
1.222797393798828125e+00
1.307598114013671875e+00
1.225700855255126953e+00
1.247522592544555664e+00
1.219029903411865234e+00
1.223350048065185547e+00
1.358262062072753906e+00
1.244791269302368164e+00
1.343971014022827148e+00
1.440767288208007812e+00
1.663724660873413086e+00
1.735977888107299805e+00
1.864382982254028320e+00
1.808120727539062500e+00
1.587168455123901367e+00
1.321857690811157227e+00
1.255011558532714844e+00
1.318536281585693359e+00
1.294567584991455078e+00
1.249484062194824219e+00
1.232319593429565430e+00
1.277932882308959961e+00
1.289397001266479492e+00
1.250506639480590820e+00
1.317833185195922852e+00
1.356022357940673828e+00
1.251021623611450195e+00
1.252281188964843750e+00
1.246991634368896484e+00
1.292252302169799805e+00
1.231478691101074219e+00
1.232471942901611328e+00
1.236629009246826172e+00
1.239175796508789062e+00
1.248031616210937500e+00
1.308589935302734375e+00
1.216486930847167969e+00
1.506691932678222656e+00
1.503665447235107422e+00
1.748395681381225586e+00
1.915530920028686523e+00
1.954660892486572266e+00
1.932702541351318359e+00
1.481950759887695312e+00
1.255991220474243164e+00
1.252294778823852539e+00
1.233280897140502930e+00
1.260261774063110352e+00
1.392978429794311523e+00
1.263629674911499023e+00
1.377984046936035156e+00
1.251173734664916992e+00
1.446968793869018555e+00
1.315077066421508789e+00
1.250151872634887695e+00
1.315150022506713867e+00
1.254128217697143555e+00
1.258473634719848633e+00
1.364908456802368164e+00
1.298023223876953125e+00
1.369332790374755859e+00
1.265202999114990234e+00
1.334201574325561523e+00
1.245023727416992188e+00
1.258776664733886719e+00
1.332490444183349609e+00
1.247363805770874023e+00
1.286799907684326172e+00
1.259974241256713867e+00
1.256630420684814453e+00
1.250001192092895508e+00
1.451013803482055664e+00
1.589832782745361328e+00
1.603701591491699219e+00
1.777388572692871094e+00
1.996461391448974609e+00
1.638004541397094727e+00
1.314924240112304688e+00
1.248592615127563477e+00
1.257693767547607422e+00
1.333795309066772461e+00
1.244862079620361328e+00
1.277755022048950195e+00
1.256096363067626953e+00
1.257702589035034180e+00
1.248995780944824219e+00
1.248463153839111328e+00
1.237942695617675781e+00
1.249632358551025391e+00
1.248170852661132812e+00
1.356178998947143555e+00
1.316703319549560547e+00
1.231071472167968750e+00
1.270940542221069336e+00
1.229231834411621094e+00
1.235257148742675781e+00
1.307151556015014648e+00
1.292303562164306641e+00
1.239552736282348633e+00
1.243322134017944336e+00
1.250577211380004883e+00
1.240718841552734375e+00
1.229679346084594727e+00
1.237579584121704102e+00
1.261755466461181641e+00
1.248866796493530273e+00
1.579415798187255859e+00
1.471455812454223633e+00
1.660387992858886719e+00
1.721368074417114258e+00
1.816353321075439453e+00
1.996876239776611328e+00
1.900316953659057617e+00
1.966778755187988281e+00
1.747183561325073242e+00
1.345433235168457031e+00
1.309630155563354492e+00
1.304957866668701172e+00
1.229850769042968750e+00
1.342217683792114258e+00
1.236092805862426758e+00
1.342024326324462891e+00
1.247669458389282227e+00
1.248402118682861328e+00
1.249493837356567383e+00
1.252867937088012695e+00
1.245839357376098633e+00
1.242898702621459961e+00
1.240465164184570312e+00
1.305135965347290039e+00
1.272372484207153320e+00
1.246618747711181641e+00
