2.329493284225463867e+00
4.167928695678710938e-01
3.904924392700195312e-01
3.884949684143066406e-01
3.871157169342041016e-01
3.964269161224365234e-01
3.921506404876708984e-01
3.897745609283447266e-01
4.077525138854980469e-01
3.925919532775878906e-01
3.860373497009277344e-01
4.035255908966064453e-01
4.280569553375244141e-01
3.839285373687744141e-01
3.927080631256103516e-01
3.833792209625244141e-01
3.831062316894531250e-01
3.832635879516601562e-01
3.858964443206787109e-01
3.859717845916748047e-01
3.989048004150390625e-01
3.910772800445556641e-01
3.925125598907470703e-01
3.838784694671630859e-01
3.887898921966552734e-01
3.885982036590576172e-01
3.895165920257568359e-01
4.021222591400146484e-01
3.961794376373291016e-01
4.388818740844726562e-01
4.120850563049316406e-01
3.939347267150878906e-01
4.033925533294677734e-01
3.881597518920898438e-01
3.896241188049316406e-01
3.933057785034179688e-01
4.058136940002441406e-01
3.926644325256347656e-01
3.926179409027099609e-01
4.102919101715087891e-01
4.296410083770751953e-01
5.735917091369628906e-01
4.374952316284179688e-01
3.954863548278808594e-01
4.266629219055175781e-01
3.940162658691406250e-01
4.027724266052246094e-01
4.256725311279296875e-01
4.293420314788818359e-01
3.898537158966064453e-01
3.909263610839843750e-01
4.005396366119384766e-01
3.927896022796630859e-01
4.118700027465820312e-01
3.900182247161865234e-01
3.857181072235107422e-01
3.895545005798339844e-01
4.414520263671875000e-01
4.003627300262451172e-01
4.198637008666992188e-01
3.938956260681152344e-01
3.968894481658935547e-01
3.988354206085205078e-01
3.940289020538330078e-01
3.949794769287109375e-01
3.959383964538574219e-01
3.991787433624267578e-01
3.861272335052490234e-01
4.160673618316650391e-01
3.911881446838378906e-01
3.970856666564941406e-01
3.939092159271240234e-01
3.935618400573730469e-01
3.932142257690429688e-01
4.081382751464843750e-01
4.036557674407958984e-01
4.245707988739013672e-01
4.066793918609619141e-01
4.047572612762451172e-01
4.016137123107910156e-01
3.992435932159423828e-01
3.994598388671875000e-01
4.138090610504150391e-01
4.416782855987548828e-01
4.187684059143066406e-01
4.139370918273925781e-01
4.212625026702880859e-01
4.536206722259521484e-01
4.432659149169921875e-01
4.436991214752197266e-01
4.092144966125488281e-01
4.318289756774902344e-01
4.075741767883300781e-01
4.111940860748291016e-01
4.611473083496093750e-01
4.051597118377685547e-01
4.094240665435791016e-01
4.088816642761230469e-01
4.185886383056640625e-01
4.160311222076416016e-01
4.318647384643554688e-01
4.120688438415527344e-01
4.150002002716064453e-01
4.061505794525146484e-01
4.255628585815429688e-01
4.317085742950439453e-01
4.133436679840087891e-01
4.059011936187744141e-01
4.034762382507324219e-01
4.193534851074218750e-01
4.172017574310302734e-01
4.179024696350097656e-01
4.119935035705566406e-01
4.741861820220947266e-01
4.295239448547363281e-01
4.325387477874755859e-01
4.252500534057617188e-01
4.381308555603027344e-01
4.407994747161865234e-01
4.334106445312500000e-01
4.101955890655517578e-01
4.160523414611816406e-01
4.044167995452880859e-01
4.032378196716308594e-01
4.071331024169921875e-01
4.021930694580078125e-01
4.150514602661132812e-01
4.102981090545654297e-01
4.216167926788330078e-01
4.042165279388427734e-01
4.096548557281494141e-01
4.063639640808105469e-01
4.073300361633300781e-01
4.163963794708251953e-01
4.258739948272705078e-01
4.722609519958496094e-01
4.124181270599365234e-01
4.478445053100585938e-01
4.451391696929931641e-01
4.067199230194091797e-01
4.485828876495361328e-01
4.052729606628417969e-01
4.089231491088867188e-01
4.058599472045898438e-01
4.092454910278320312e-01
4.124257564544677734e-01
4.248554706573486328e-01
4.337601661682128906e-01
4.180119037628173828e-01
4.165544509887695312e-01
4.176468849182128906e-01
4.157762527465820312e-01
4.405205249786376953e-01
4.284212589263916016e-01
4.198842048645019531e-01
4.424109458923339844e-01
4.279351234436035156e-01
4.206862449645996094e-01
4.101817607879638672e-01
4.202601909637451172e-01
4.031710624694824219e-01
4.143216609954833984e-01
4.268691539764404297e-01
4.096152782440185547e-01
4.079976081848144531e-01
4.157078266143798828e-01
4.521193504333496094e-01
4.198834896087646484e-01
4.280562400817871094e-01
4.116055965423583984e-01
4.126524925231933594e-01
4.115297794342041016e-01
4.174349308013916016e-01
4.220087528228759766e-01
4.147613048553466797e-01
4.100732803344726562e-01
4.106750488281250000e-01
4.161317348480224609e-01
4.272952079772949219e-01
4.053318500518798828e-01
4.043366909027099609e-01
4.635004997253417969e-01
4.100522994995117188e-01
4.124696254730224609e-01
4.190192222595214844e-01
4.162333011627197266e-01
4.163722991943359375e-01
4.628124237060546875e-01
4.422073364257812500e-01
4.218943119049072266e-01
4.216997623443603516e-01
4.413471221923828125e-01
4.155113697052001953e-01
4.418635368347167969e-01
4.178786277770996094e-01
4.165303707122802734e-01
4.292016029357910156e-01
4.165496826171875000e-01
4.182133674621582031e-01
4.115865230560302734e-01
