2.352967500686645508e+00
4.218552112579345703e-01
4.212546348571777344e-01
4.222602844238281250e-01
4.192075729370117188e-01
4.199087619781494141e-01
4.180197715759277344e-01
4.190344810485839844e-01
4.175045490264892578e-01
4.178750514984130859e-01
4.188137054443359375e-01
4.200427532196044922e-01
4.183022975921630859e-01
4.218111038208007812e-01
4.225075244903564453e-01
4.215950965881347656e-01
4.244112968444824219e-01
4.222264289855957031e-01
4.206218719482421875e-01
4.204561710357666016e-01
4.213366508483886719e-01
4.236896038055419922e-01
4.218394756317138672e-01
4.260535240173339844e-01
4.221026897430419922e-01
4.245228767395019531e-01
4.220535755157470703e-01
4.208505153656005859e-01
4.224894046783447266e-01
4.232530593872070312e-01
4.215939044952392578e-01
4.227373600006103516e-01
4.265720844268798828e-01
4.276804924011230469e-01
4.292633533477783203e-01
4.299621582031250000e-01
4.309358596801757812e-01
4.315946102142333984e-01
4.281139373779296875e-01
4.319024085998535156e-01
4.313726425170898438e-01
4.821705818176269531e-01
4.556875228881835938e-01
4.329042434692382812e-01
4.324665069580078125e-01
4.279215335845947266e-01
4.251401424407958984e-01
4.252214431762695312e-01
4.264457225799560547e-01
4.269759654998779297e-01
4.243571758270263672e-01
4.246966838836669922e-01
4.255855083465576172e-01
4.258530139923095703e-01
4.274370670318603516e-01
4.292061328887939453e-01
4.437792301177978516e-01
4.490008354187011719e-01
4.781413078308105469e-01
4.862046241760253906e-01
4.337048530578613281e-01
4.305438995361328125e-01
4.307985305786132812e-01
4.318466186523437500e-01
4.285423755645751953e-01
4.724595546722412109e-01
4.348530769348144531e-01
4.251472949981689453e-01
4.246828556060791016e-01
4.249377250671386719e-01
4.234023094177246094e-01
4.267537593841552734e-01
4.266924858093261719e-01
4.274742603302001953e-01
4.354171752929687500e-01
4.447460174560546875e-01
4.480700492858886719e-01
4.411389827728271484e-01
4.557723999023437500e-01
4.439463615417480469e-01
4.409332275390625000e-01
4.426672458648681641e-01
4.596385955810546875e-01
4.505064487457275391e-01
4.578483104705810547e-01
4.789791107177734375e-01
4.882671833038330078e-01
5.005195140838623047e-01
5.102796554565429688e-01
4.810862541198730469e-01
4.869716167449951172e-01
4.690639972686767578e-01
4.446294307708740234e-01
4.376976490020751953e-01
4.393944740295410156e-01
4.425342082977294922e-01
4.402654170989990234e-01
4.398553371429443359e-01
4.437839984893798828e-01
4.376802444458007812e-01
4.416434764862060547e-01
4.393544197082519531e-01
4.466767311096191406e-01
4.447283744812011719e-01
4.454560279846191406e-01
4.409999847412109375e-01
4.465584754943847656e-01
4.441950321197509766e-01
4.419140815734863281e-01
4.393675327301025391e-01
4.412174224853515625e-01
4.485545158386230469e-01
4.495172500610351562e-01
4.534611701965332031e-01
4.584972858428955078e-01
4.814987182617187500e-01
4.707567691802978516e-01
4.503707885742187500e-01
4.534065723419189453e-01
4.503908157348632812e-01
4.655551910400390625e-01
4.406125545501708984e-01
4.425530433654785156e-01
4.431416988372802734e-01
4.409670829772949219e-01
4.482359886169433594e-01
4.441237449645996094e-01
4.407470226287841797e-01
4.475996494293212891e-01
4.391074180603027344e-01
4.433984756469726562e-01
4.420366287231445312e-01
4.424486160278320312e-01
4.422378540039062500e-01
4.406294822692871094e-01
4.451870918273925781e-01
4.401564598083496094e-01
4.410700798034667969e-01
4.429109096527099609e-01
4.460997581481933594e-01
4.653079509735107422e-01
4.408342838287353516e-01
4.410920143127441406e-01
4.427194595336914062e-01
4.537596702575683594e-01
4.533941745758056641e-01
4.491002559661865234e-01
4.536263942718505859e-01
4.512338638305664062e-01
4.545228481292724609e-01
4.495832920074462891e-01
4.515104293823242188e-01
4.519627094268798828e-01
4.543001651763916016e-01
4.560143947601318359e-01
4.960584640502929688e-01
4.923975467681884766e-01
4.459507465362548828e-01
4.412577152252197266e-01
4.437036514282226562e-01
4.416694641113281250e-01
4.479708671569824219e-01
4.457616806030273438e-01
4.433937072753906250e-01
4.424357414245605469e-01
4.427340030670166016e-01
4.464364051818847656e-01
4.473049640655517578e-01
4.463467597961425781e-01
4.520709514617919922e-01
4.506177902221679688e-01
4.576497077941894531e-01
4.434351921081542969e-01
4.568676948547363281e-01
4.441347122192382812e-01
4.516437053680419922e-01
4.411184787750244141e-01
4.542241096496582031e-01
4.418876171112060547e-01
4.417917728424072266e-01
4.396414756774902344e-01
4.567050933837890625e-01
4.456758499145507812e-01
4.697840213775634766e-01
4.524245262145996094e-01
4.617605209350585938e-01
5.082035064697265625e-01
5.181565284729003906e-01
4.713609218597412109e-01
4.520859718322753906e-01
4.683940410614013672e-01
5.548300743103027344e-01
4.713685512542724609e-01
4.546337127685546875e-01
4.578452110290527344e-01
4.676764011383056641e-01
4.546551704406738281e-01
4.470818042755126953e-01
4.505145549774169922e-01
4.501357078552246094e-01
