2.297950983047485352e+00
4.181406497955322266e-01
4.184272289276123047e-01
4.153928756713867188e-01
4.137785434722900391e-01
4.118597507476806641e-01
4.100904464721679688e-01
4.111001491546630859e-01
4.135682582855224609e-01
4.153392314910888672e-01
4.145491123199462891e-01
4.122834205627441406e-01
4.115362167358398438e-01
4.121494293212890625e-01
4.133841991424560547e-01
4.117178916931152344e-01
4.181134700775146484e-01
4.158358573913574219e-01
4.158408641815185547e-01
4.147896766662597656e-01
4.148306846618652344e-01
4.148392677307128906e-01
4.154968261718750000e-01
4.134716987609863281e-01
4.129459857940673828e-01
4.141566753387451172e-01
4.131908416748046875e-01
4.148240089416503906e-01
4.159348011016845703e-01
4.146671295166015625e-01
4.123806953430175781e-01
4.130780696868896484e-01
4.157679080963134766e-01
4.136691093444824219e-01
4.163539409637451172e-01
4.201209545135498047e-01
4.210989475250244141e-01
4.200890064239501953e-01
4.201905727386474609e-01
4.208443164825439453e-01
4.198873043060302734e-01
4.258644580841064453e-01
4.218568801879882812e-01
4.232938289642333984e-01
4.232592582702636719e-01
4.177794456481933594e-01
4.160618782043457031e-01
4.174082279205322266e-01
4.172129631042480469e-01
4.146621227264404297e-01
4.174785614013671875e-01
4.183039665222167969e-01
4.191296100616455078e-01
4.175274372100830078e-01
4.190342426300048828e-01
4.179711341857910156e-01
4.173293113708496094e-01
4.166703224182128906e-01
4.175534248352050781e-01
4.239351749420166016e-01
4.248135089874267578e-01
4.235262870788574219e-01
4.228618144989013672e-01
4.225785732269287109e-01
4.206781387329101562e-01
4.198603630065917969e-01
4.193036556243896484e-01
4.166963100433349609e-01
4.167218208312988281e-01
4.162290096282958984e-01
4.151780605316162109e-01
4.183552265167236328e-01
4.168894290924072266e-01
4.179513454437255859e-01
4.270305633544921875e-01
4.367156028747558594e-01
4.376564025878906250e-01
4.328453540802001953e-01
4.348847866058349609e-01
4.382653236389160156e-01
4.349620342254638672e-01
4.364621639251708984e-01
4.316315650939941406e-01
4.397385120391845703e-01
4.392132759094238281e-01
4.377527236938476562e-01
4.394173622131347656e-01
4.419610500335693359e-01
4.388952255249023438e-01
4.969041347503662109e-01
4.360752105712890625e-01
4.378511905670166016e-01
4.302752017974853516e-01
4.251015186309814453e-01
4.290735721588134766e-01
4.306552410125732422e-01
4.276096820831298828e-01
4.270658493041992188e-01
4.292798042297363281e-01
4.311125278472900391e-01
4.314603805541992188e-01
4.286427497863769531e-01
4.328389167785644531e-01
4.402487277984619141e-01
4.397344589233398438e-01
4.377605915069580078e-01
4.395849704742431641e-01
4.348163604736328125e-01
4.360518455505371094e-01
4.317212104797363281e-01
4.873664379119873047e-01
4.369609355926513672e-01
4.408226013183593750e-01
4.467611312866210938e-01
4.498217105865478516e-01
4.722719192504882812e-01
4.719066619873046875e-01
4.732940196990966797e-01
4.515969753265380859e-01
4.346568584442138672e-01
4.349434375762939453e-01
4.366743564605712891e-01
4.344761371612548828e-01
4.281880855560302734e-01
4.310441017150878906e-01
4.378113746643066406e-01
4.345457553863525391e-01
4.336972236633300781e-01
4.367640018463134766e-01
4.371211528778076172e-01
4.377560615539550781e-01
4.339206218719482422e-01
4.378218650817871094e-01
4.349300861358642578e-01
4.343407154083251953e-01
4.392645359039306641e-01
4.363577365875244141e-01
4.400236606597900391e-01
4.388282299041748047e-01
4.325208663940429688e-01
4.217112064361572266e-01
4.304838180541992188e-01
4.375295639038085938e-01
4.387204647064208984e-01
4.402332305908203125e-01
4.456329345703125000e-01
4.459517002105712891e-01
4.487278461456298828e-01
4.448533058166503906e-01
4.497780799865722656e-01
4.452154636383056641e-01
4.486091136932373047e-01
4.462509155273437500e-01
4.539644718170166016e-01
4.527742862701416016e-01
4.528169631958007812e-01
4.426114559173583984e-01
4.403302669525146484e-01
4.320967197418212891e-01
4.356300830841064453e-01
4.362118244171142578e-01
4.421696662902832031e-01
4.372668266296386719e-01
4.401578903198242188e-01
4.389417171478271484e-01
4.428663253784179688e-01
4.524755477905273438e-01
4.394147396087646484e-01
4.397509098052978516e-01
4.400706291198730469e-01
4.403245449066162109e-01
4.439418315887451172e-01
4.420578479766845703e-01
4.383711814880371094e-01
4.435505867004394531e-01
4.423921108245849609e-01
4.411098957061767578e-01
4.448204040527343750e-01
4.400911331176757812e-01
4.402260780334472656e-01
4.384737014770507812e-01
4.396052360534667969e-01
4.396717548370361328e-01
4.411406517028808594e-01
4.438655376434326172e-01
4.415521621704101562e-01
4.494500160217285156e-01
4.542324542999267578e-01
4.607431888580322266e-01
4.533562660217285156e-01
4.537234306335449219e-01
4.630346298217773438e-01
4.997270107269287109e-01
4.910719394683837891e-01
4.994633197784423828e-01
4.730243682861328125e-01
4.659309387207031250e-01
4.316136837005615234e-01
4.370682239532470703e-01
4.322998523712158203e-01
