1.243846178054809570e+00
1.290786504745483398e+00
1.241902589797973633e+00
1.317566156387329102e+00
1.241075992584228516e+00
1.316052913665771484e+00
1.241665601730346680e+00
1.358556509017944336e+00
1.318513631820678711e+00
1.434662103652954102e+00
1.243014574050903320e+00
1.254787683486938477e+00
1.237259387969970703e+00
1.233248949050903320e+00
1.257093667984008789e+00
1.230247735977172852e+00
1.238498687744140625e+00
1.275954723358154297e+00
1.247380495071411133e+00
1.252121448516845703e+00
1.245191097259521484e+00
1.330042839050292969e+00
1.547997236251831055e+00
1.724760055541992188e+00
1.603941440582275391e+00
1.651744842529296875e+00
1.769743919372558594e+00
1.747938871383666992e+00
1.712191343307495117e+00
1.817053318023681641e+00
1.911617994308471680e+00
1.981531620025634766e+00
1.867758274078369141e+00
1.857375621795654297e+00
1.567863941192626953e+00
1.246486902236938477e+00
1.230682373046875000e+00
1.230269432067871094e+00
1.245959043502807617e+00
1.261595964431762695e+00
1.408075571060180664e+00
1.750277280807495117e+00
1.335881948471069336e+00
1.630994796752929688e+00
1.490020036697387695e+00
1.229388236999511719e+00
1.242911577224731445e+00
1.248189926147460938e+00
1.316394805908203125e+00
1.251771211624145508e+00
1.231758356094360352e+00
1.279668569564819336e+00
1.301735639572143555e+00
1.252496957778930664e+00
1.239404916763305664e+00
1.389915704727172852e+00
1.962261199951171875e+00
1.733476400375366211e+00
1.272398948669433594e+00
1.244738340377807617e+00
1.204400300979614258e+00
1.419465065002441406e+00
1.275550842285156250e+00
1.248552083969116211e+00
1.408348798751831055e+00
1.396925449371337891e+00
1.218683004379272461e+00
1.329885482788085938e+00
1.222793340682983398e+00
1.302828311920166016e+00
1.225700139999389648e+00
1.247521162033081055e+00
1.219032526016235352e+00
1.223345756530761719e+00
1.358260631561279297e+00
1.244797229766845703e+00
1.343966484069824219e+00
1.440762519836425781e+00
1.676560163497924805e+00
1.735975742340087891e+00
1.864395141601562500e+00
1.808120965957641602e+00
1.587161064147949219e+00
1.321848154067993164e+00
1.255010128021240234e+00
1.318533897399902344e+00
1.286263704299926758e+00
1.249480485916137695e+00
1.232316017150878906e+00
1.283127546310424805e+00
1.289395332336425781e+00
1.250505685806274414e+00
1.317836761474609375e+00
1.356022119522094727e+00
1.251018047332763672e+00
1.252280712127685547e+00
1.246987104415893555e+00
1.278168916702270508e+00
1.231479883193969727e+00
1.232481002807617188e+00
1.236627340316772461e+00
1.239172697067260742e+00
1.248029470443725586e+00
1.308589696884155273e+00
1.216483116149902344e+00
1.484301328659057617e+00
1.505751609802246094e+00
1.735300779342651367e+00
1.915538311004638672e+00
1.954689502716064453e+00
1.932692766189575195e+00
1.481949090957641602e+00
1.255984544754028320e+00
1.252300262451171875e+00
1.233287334442138672e+00
1.260258436203002930e+00
1.392966032028198242e+00
1.263631582260131836e+00
1.377986431121826172e+00
1.251170158386230469e+00
1.457026720046997070e+00
1.315073490142822266e+00
1.250390052795410156e+00
1.315146207809448242e+00
1.254123687744140625e+00
1.258468866348266602e+00
1.364907026290893555e+00
1.298024177551269531e+00
1.369324922561645508e+00
1.265202522277832031e+00
1.343878269195556641e+00
1.245019197463989258e+00
1.258775711059570312e+00
1.332487106323242188e+00
1.247357130050659180e+00
1.286801576614379883e+00
1.259969472885131836e+00
1.256623983383178711e+00
1.249993562698364258e+00
1.451015233993530273e+00
1.589825391769409180e+00
1.603699207305908203e+00
1.777381896972656250e+00
1.996455192565917969e+00
1.637984037399291992e+00
1.314912319183349609e+00
1.248590230941772461e+00
1.250101089477539062e+00
1.333790540695190430e+00
1.244861364364624023e+00
1.274840831756591797e+00
1.256094694137573242e+00
1.257695436477661133e+00
1.248991727828979492e+00
1.248460054397583008e+00
1.237942934036254883e+00
1.249624729156494141e+00
1.248167991638183594e+00
1.356180429458618164e+00
1.316699266433715820e+00
1.231071949005126953e+00
1.270950078964233398e+00
1.229230165481567383e+00
1.235255479812622070e+00
1.294075012207031250e+00
1.286272764205932617e+00
1.239547252655029297e+00
1.243325710296630859e+00
1.250574827194213867e+00
1.240717172622680664e+00
1.229671955108642578e+00
1.237579107284545898e+00
1.261750221252441406e+00
1.248865127563476562e+00
1.579403638839721680e+00
1.471453428268432617e+00
1.660387039184570312e+00
1.721360206604003906e+00
1.803322315216064453e+00
1.996873140335083008e+00
1.900323152542114258e+00
1.966773033142089844e+00
1.747167825698852539e+00
1.345401525497436523e+00
1.309626102447509766e+00
1.304953575134277344e+00
1.229847431182861328e+00
1.342222929000854492e+00
1.236095428466796875e+00
1.342022657394409180e+00
1.247669935226440430e+00
1.248399257659912109e+00
1.249489307403564453e+00
1.252856969833374023e+00
1.245837211608886719e+00
1.242890834808349609e+00
1.240463495254516602e+00
1.297984123229980469e+00
1.272378206253051758e+00
1.246613025665283203e+00
