1.243833780288696289e+00
1.290789365768432617e+00
1.241917610168457031e+00
1.317574501037597656e+00
1.241071462631225586e+00
1.316037416458129883e+00
1.241684913635253906e+00
1.358547925949096680e+00
1.318521499633789062e+00
1.434666872024536133e+00
1.242998838424682617e+00
1.240460634231567383e+00
1.237272500991821289e+00
1.233207464218139648e+00
1.257094860076904297e+00
1.230244636535644531e+00
1.238503217697143555e+00
1.275963544845581055e+00
1.247398853302001953e+00
1.252128601074218750e+00
1.245198965072631836e+00
1.330051660537719727e+00
1.547994613647460938e+00
1.743595838546752930e+00
1.603959083557128906e+00
1.651734352111816406e+00
1.772288322448730469e+00
1.747947216033935547e+00
1.712211847305297852e+00
1.817056655883789062e+00
1.911678075790405273e+00
1.981553077697753906e+00
1.867783784866333008e+00
1.857380151748657227e+00
1.567849159240722656e+00
1.246486186981201172e+00
1.230681180953979492e+00
1.230264902114868164e+00
1.245977163314819336e+00
1.291460990905761719e+00
1.418609857559204102e+00
1.764279127120971680e+00
1.332542419433593750e+00
1.594325065612792969e+00
1.490000724792480469e+00
1.229391098022460938e+00
1.242923736572265625e+00
1.248202562332153320e+00
1.316400289535522461e+00
1.251774549484252930e+00
1.231778144836425781e+00
1.279677867889404297e+00
1.301734685897827148e+00
1.257513761520385742e+00
1.239403009414672852e+00
1.389912366867065430e+00
1.962272167205810547e+00
1.733448982238769531e+00
1.272391080856323242e+00
1.244731664657592773e+00
1.218575239181518555e+00
1.419446229934692383e+00
1.275557518005371094e+00
1.248573303222656250e+00
1.420251369476318359e+00
1.396903038024902344e+00
1.218692779541015625e+00
1.304850101470947266e+00
1.222795486450195312e+00
1.307601690292358398e+00
1.225711822509765625e+00
1.247516155242919922e+00
1.219020843505859375e+00
1.223340511322021484e+00
1.358268022537231445e+00
1.244795083999633789e+00
1.343970775604248047e+00
1.440775394439697266e+00
1.663715839385986328e+00
1.735989570617675781e+00
1.864397048950195312e+00
1.808161258697509766e+00
1.587172746658325195e+00
1.321857213973999023e+00
1.254997491836547852e+00
1.318523406982421875e+00
1.294556856155395508e+00
1.249463081359863281e+00
1.232324838638305664e+00
1.277907609939575195e+00
1.289386272430419922e+00
1.250490427017211914e+00
1.317841529846191406e+00
1.356012821197509766e+00
1.251013517379760742e+00
1.252260446548461914e+00
1.246981620788574219e+00
1.304169178009033203e+00
1.231482744216918945e+00
1.232494592666625977e+00
1.236626863479614258e+00
1.239177465438842773e+00
1.248041152954101562e+00
1.308597087860107422e+00
1.216478586196899414e+00
1.506658792495727539e+00
1.503657341003417969e+00
1.723512649536132812e+00
1.915536403656005859e+00
1.954681873321533203e+00
1.932684183120727539e+00
1.481943607330322266e+00
1.255999565124511719e+00
1.252318382263183594e+00
1.233275175094604492e+00
1.260251760482788086e+00
1.392973184585571289e+00
1.263631343841552734e+00
1.377999305725097656e+00
1.251178264617919922e+00
1.446946620941162109e+00
1.315072774887084961e+00
1.250152826309204102e+00
1.315134525299072266e+00
1.254119634628295898e+00
1.258473157882690430e+00
1.364893198013305664e+00
1.299314737319946289e+00
1.369325876235961914e+00
1.265196800231933594e+00
1.334196567535400391e+00
1.245007514953613281e+00
1.258777141571044922e+00
1.332476854324340820e+00
1.247373819351196289e+00
1.286783695220947266e+00
1.259959459304809570e+00
1.256625652313232422e+00
1.249983787536621094e+00
1.451011180877685547e+00
1.589822292327880859e+00
1.603703260421752930e+00
1.777419328689575195e+00
1.996446371078491211e+00
1.637976169586181641e+00
1.314877033233642578e+00
1.248584508895874023e+00
1.257691860198974609e+00
1.333788156509399414e+00
1.244847297668457031e+00
1.277750730514526367e+00
1.256073474884033203e+00
1.257693290710449219e+00
1.248973131179809570e+00
1.248468875885009766e+00
1.237937211990356445e+00
1.249626159667968750e+00
1.248166561126708984e+00
1.356188535690307617e+00
1.316716670989990234e+00
1.231065273284912109e+00
1.270930290222167969e+00
1.229243755340576172e+00
1.235261201858520508e+00
1.316885709762573242e+00
1.292295217514038086e+00
1.239545345306396484e+00
1.243327140808105469e+00
1.250567436218261719e+00
1.240716695785522461e+00
1.229686737060546875e+00
1.237589120864868164e+00
1.261748075485229492e+00
1.248869895935058594e+00
1.579416513442993164e+00
1.471474647521972656e+00
1.660405874252319336e+00
1.721371412277221680e+00
1.822730302810668945e+00
1.996892929077148438e+00
1.900345802307128906e+00
1.966797828674316406e+00
1.747179746627807617e+00
1.345415353775024414e+00
1.309639692306518555e+00
1.304958820343017578e+00
1.229832410812377930e+00
1.342214345932006836e+00
1.242113828659057617e+00
1.342005491256713867e+00
1.247688293457031250e+00
1.248373985290527344e+00
1.249480724334716797e+00
1.252872467041015625e+00
1.245835065841674805e+00
1.242888450622558594e+00
1.240464687347412109e+00
1.305131196975708008e+00
1.272377967834472656e+00
1.246609210968017578e+00
