2.126485586166381836e+00
4.182350635528564453e-01
4.182870388031005859e-01
4.189386367797851562e-01
4.193594455718994141e-01
4.169747829437255859e-01
4.186851978302001953e-01
4.180996417999267578e-01
4.167551994323730469e-01
4.178760051727294922e-01
4.155199527740478516e-01
4.181632995605468750e-01
4.175426959991455078e-01
4.174411296844482422e-01
4.170484542846679688e-01
4.196381568908691406e-01
4.199464321136474609e-01
4.376776218414306641e-01
4.185016155242919922e-01
4.212324619293212891e-01
4.214541912078857422e-01
4.219336509704589844e-01
4.202742576599121094e-01
4.228661060333251953e-01
4.216263294219970703e-01
4.224677085876464844e-01
4.195683002471923828e-01
4.209814071655273438e-01
4.228219985961914062e-01
4.221544265747070312e-01
4.220795631408691406e-01
4.230194091796875000e-01
4.240076541900634766e-01
4.231336116790771484e-01
4.259200096130371094e-01
4.301826953887939453e-01
4.289231300354003906e-01
4.279954433441162109e-01
4.305691719055175781e-01
4.324800968170166016e-01
4.296681880950927734e-01
4.274058341979980469e-01
4.286668300628662109e-01
4.288339614868164062e-01
4.338452816009521484e-01
4.213361740112304688e-01
4.228420257568359375e-01
4.231204986572265625e-01
4.225304126739501953e-01
4.249665737152099609e-01
4.226081371307373047e-01
4.245867729187011719e-01
4.243986606597900391e-01
4.222576618194580078e-01
4.280974864959716797e-01
4.250500202178955078e-01
4.234194755554199219e-01
4.239516258239746094e-01
4.266450405120849609e-01
4.269473552703857422e-01
4.318265914916992188e-01
4.272203445434570312e-01
4.293861389160156250e-01
4.871923923492431641e-01
4.839453697204589844e-01
4.259793758392333984e-01
4.234535694122314453e-01
4.203782081604003906e-01
4.235904216766357422e-01
4.218096733093261719e-01
4.206414222717285156e-01
4.188811779022216797e-01
5.021176338195800781e-01
4.192426204681396484e-01
4.322874546051025391e-01
4.406685829162597656e-01
4.409422874450683594e-01
4.385082721710205078e-01
4.406080245971679688e-01
4.432394504547119141e-01
4.393835067749023438e-01
4.438285827636718750e-01
4.440505504608154297e-01
4.479980468750000000e-01
4.939174652099609375e-01
4.449732303619384766e-01
4.446747303009033203e-01
4.506785869598388672e-01
4.479088783264160156e-01
4.507255554199218750e-01
4.448099136352539062e-01
4.390606880187988281e-01
4.271864891052246094e-01
4.235563278198242188e-01
4.275143146514892578e-01
4.348812103271484375e-01
4.287650585174560547e-01
4.286105632781982422e-01
4.362034797668457031e-01
4.367270469665527344e-01
4.382627010345458984e-01
4.338653087615966797e-01
4.354650974273681641e-01
4.359753131866455078e-01
4.369697570800781250e-01
4.366068840026855469e-01
4.413549900054931641e-01
4.388589859008789062e-01
4.401862621307373047e-01
4.336903095245361328e-01
4.765956401824951172e-01
4.396340847015380859e-01
4.425592422485351562e-01
4.432487487792968750e-01
4.453821182250976562e-01
4.463598728179931641e-01
4.503047466278076172e-01
4.423952102661132812e-01
4.931120872497558594e-01
4.822478294372558594e-01
4.349637031555175781e-01
4.343810081481933594e-01
4.313118457794189453e-01
4.345571994781494141e-01
4.337201118469238281e-01
4.320909976959228516e-01
4.380712509155273438e-01
4.304859638214111328e-01
4.286437034606933594e-01
4.293012619018554688e-01
4.283576011657714844e-01
4.314374923706054688e-01
4.329478740692138672e-01
4.325926303863525391e-01
4.303352832794189453e-01
4.368538856506347656e-01
4.291608333587646484e-01
4.322593212127685547e-01
4.425373077392578125e-01
4.372982978820800781e-01
4.350733757019042969e-01
4.323828220367431641e-01
4.379677772521972656e-01
4.284636974334716797e-01
4.671249389648437500e-01
4.772250652313232422e-01
4.818449020385742188e-01
4.920322895050048828e-01
5.019493103027343750e-01
4.909248352050781250e-01
4.860081672668457031e-01
4.939677715301513672e-01
4.773960113525390625e-01
4.803960323333740234e-01
4.901881217956542969e-01
4.440543651580810547e-01
4.445405006408691406e-01
4.417321681976318359e-01
4.357848167419433594e-01
4.514739513397216797e-01
4.356143474578857422e-01
4.386899471282958984e-01
4.330141544342041016e-01
4.335687160491943359e-01
4.361166954040527344e-01
4.367766380310058594e-01
4.379544258117675781e-01
4.421513080596923828e-01
4.387536048889160156e-01
4.428079128265380859e-01
4.387130737304687500e-01
4.366707801818847656e-01
4.375336170196533203e-01
4.378638267517089844e-01
4.371073246002197266e-01
4.482777118682861328e-01
4.346258640289306641e-01
4.376554489135742188e-01
4.357609748840332031e-01
4.357376098632812500e-01
4.379782676696777344e-01
4.449286460876464844e-01
4.453449249267578125e-01
4.428203105926513672e-01
4.441335201263427734e-01
4.452397823333740234e-01
4.505319595336914062e-01
4.471020698547363281e-01
4.538223743438720703e-01
4.464628696441650391e-01
5.573365688323974609e-01
4.859135150909423828e-01
4.717786312103271484e-01
4.492030143737792969e-01
4.513661861419677734e-01
4.505879878997802734e-01
4.485831260681152344e-01
4.453020095825195312e-01
4.390428066253662109e-01
4.382891654968261719e-01
