1.336663007736206055e+00
1.228568315505981445e+00
1.251139163970947266e+00
1.524002313613891602e+00
1.468416452407836914e+00
1.252107381820678711e+00
1.218566656112670898e+00
1.221556663513183594e+00
1.296609163284301758e+00
1.256839513778686523e+00
1.254379034042358398e+00
1.277140855789184570e+00
1.259841442108154297e+00
1.297527074813842773e+00
1.351206064224243164e+00
1.387266159057617188e+00
1.454238653182983398e+00
1.365776777267456055e+00
1.315024852752685547e+00
1.289737224578857422e+00
1.357800006866455078e+00
1.255080699920654297e+00
1.259520530700683594e+00
1.315981626510620117e+00
1.258414268493652344e+00
1.254837036132812500e+00
1.274922370910644531e+00
1.337551832199096680e+00
1.760246515274047852e+00
1.260051250457763672e+00
1.852313041687011719e+00
1.272698640823364258e+00
1.300192594528198242e+00
1.275742530822753906e+00
1.268998622894287109e+00
1.261721849441528320e+00
1.262881517410278320e+00
1.258729457855224609e+00
1.269814729690551758e+00
1.257378578186035156e+00
1.259763956069946289e+00
1.268244028091430664e+00
1.384622573852539062e+00
1.330576181411743164e+00
1.369734525680541992e+00
1.347579479217529297e+00
1.393177747726440430e+00
1.385814666748046875e+00
1.304316043853759766e+00
1.250732421875000000e+00
1.246691226959228516e+00
1.890416145324707031e+00
1.378191947937011719e+00
1.272239685058593750e+00
1.248065233230590820e+00
1.299084663391113281e+00
1.253789901733398438e+00
1.238545417785644531e+00
1.264425516128540039e+00
1.224479436874389648e+00
1.259842157363891602e+00
1.252078294754028320e+00
1.432467937469482422e+00
1.250809192657470703e+00
1.234988451004028320e+00
1.308448553085327148e+00
1.230949640274047852e+00
1.234892845153808594e+00
1.218310594558715820e+00
1.222674608230590820e+00
1.367518186569213867e+00
1.248917818069458008e+00
1.237089395523071289e+00
1.261202812194824219e+00
1.276566982269287109e+00
1.225229978561401367e+00
1.254415273666381836e+00
1.299859762191772461e+00
1.281643152236938477e+00
1.300150871276855469e+00
1.296526908874511719e+00
1.306732654571533203e+00
1.393814086914062500e+00
1.340653419494628906e+00
1.312303781509399414e+00
1.264536857604980469e+00
1.249216318130493164e+00
1.284481525421142578e+00
1.289981126785278320e+00
1.283238172531127930e+00
1.264045953750610352e+00
1.254016160964965820e+00
1.319265365600585938e+00
1.327363967895507812e+00
1.252156734466552734e+00
1.253593444824218750e+00
1.245343446731567383e+00
1.244173526763916016e+00
1.243079900741577148e+00
1.235793113708496094e+00
1.231758832931518555e+00
1.226043462753295898e+00
1.236295223236083984e+00
1.296179771423339844e+00
1.262949705123901367e+00
1.325860261917114258e+00
1.274778604507446289e+00
1.247337818145751953e+00
1.304115533828735352e+00
1.252300024032592773e+00
1.414658784866333008e+00
1.522271394729614258e+00
1.609526157379150391e+00
1.527265548706054688e+00
1.658682346343994141e+00
1.664127111434936523e+00
1.744060039520263672e+00
2.065210103988647461e+00
2.053525209426879883e+00
1.541417598724365234e+00
1.316851139068603516e+00
1.314604282379150391e+00
1.520013809204101562e+00
1.505030393600463867e+00
1.339640617370605469e+00
1.653712511062622070e+00
1.371474027633666992e+00
1.369035720825195312e+00
1.573586940765380859e+00
1.383292198181152344e+00
1.373319864273071289e+00
1.381816864013671875e+00
1.343485593795776367e+00
1.440444707870483398e+00
1.472110509872436523e+00
1.386535167694091797e+00
1.523768186569213867e+00
1.372458219528198242e+00
1.417707920074462891e+00
1.417009830474853516e+00
1.498115539550781250e+00
1.546768903732299805e+00
1.661562919616699219e+00
1.571907043457031250e+00
1.469081640243530273e+00
1.405431985855102539e+00
1.261024236679077148e+00
1.249054908752441406e+00
1.329621076583862305e+00
1.260543823242187500e+00
1.394665002822875977e+00
1.245790243148803711e+00
1.255800008773803711e+00
1.253817558288574219e+00
1.299418926239013672e+00
1.270076274871826172e+00
1.264428138732910156e+00
1.268866300582885742e+00
1.339624881744384766e+00
1.340246677398681641e+00
1.266793012619018555e+00
1.264116764068603516e+00
1.285555124282836914e+00
1.508262395858764648e+00
1.745807886123657227e+00
1.909137725830078125e+00
1.946137905120849609e+00
1.962719917297363281e+00
1.976914405822753906e+00
2.152938842773437500e+00
2.109649181365966797e+00
2.084338426589965820e+00
1.967606544494628906e+00
1.886550188064575195e+00
1.880156993865966797e+00
1.816683292388916016e+00
1.876350879669189453e+00
1.845225811004638672e+00
1.818156957626342773e+00
1.933810710906982422e+00
1.874321222305297852e+00
1.950533866882324219e+00
1.900047540664672852e+00
1.797595262527465820e+00
1.856172084808349609e+00
1.636704206466674805e+00
1.771780014038085938e+00
1.293556213378906250e+00
1.248196601867675781e+00
1.237320184707641602e+00
1.235846996307373047e+00
1.240418910980224609e+00
1.374418735504150391e+00
1.262983322143554688e+00
1.401993274688720703e+00
1.304674625396728516e+00
1.243755340576171875e+00
1.340638399124145508e+00
1.236960172653198242e+00
1.297637462615966797e+00
