1.336658000946044922e+00
1.228551626205444336e+00
1.251119375228881836e+00
1.523987293243408203e+00
1.492357969284057617e+00
1.225977420806884766e+00
1.218561649322509766e+00
1.221590518951416016e+00
1.296608924865722656e+00
1.256858348846435547e+00
1.254376411437988281e+00
1.268538475036621094e+00
1.259840965270996094e+00
1.297565698623657227e+00
1.351192712783813477e+00
1.387274742126464844e+00
1.463951587677001953e+00
1.365771293640136719e+00
1.315014600753784180e+00
1.289730787277221680e+00
1.357784509658813477e+00
1.255097866058349609e+00
1.259528875350952148e+00
1.315987825393676758e+00
1.258443355560302734e+00
1.254860639572143555e+00
1.274913072586059570e+00
1.318179607391357422e+00
1.757298231124877930e+00
1.260078907012939453e+00
1.851750373840332031e+00
1.272800922393798828e+00
1.300177812576293945e+00
1.275741100311279297e+00
1.269006967544555664e+00
1.261719703674316406e+00
1.262890577316284180e+00
1.258738756179809570e+00
1.269830703735351562e+00
1.257370233535766602e+00
1.259775161743164062e+00
1.268250942230224609e+00
1.384622573852539062e+00
1.330590486526489258e+00
1.369716882705688477e+00
1.347566843032836914e+00
1.393181324005126953e+00
1.381390094757080078e+00
1.304297924041748047e+00
1.250743150711059570e+00
1.246688365936279297e+00
1.890433549880981445e+00
1.378171920776367188e+00
1.272227764129638672e+00
1.248056411743164062e+00
1.309853792190551758e+00
1.253781080245971680e+00
1.238552093505859375e+00
1.264418363571166992e+00
1.224456310272216797e+00
1.259857177734375000e+00
1.252093791961669922e+00
1.432474613189697266e+00
1.250802516937255859e+00
1.234956026077270508e+00
1.308427572250366211e+00
1.230941295623779297e+00
1.234884262084960938e+00
1.218306779861450195e+00
1.222678184509277344e+00
1.367523908615112305e+00
1.248918294906616211e+00
1.237076044082641602e+00
1.241371393203735352e+00
1.276569366455078125e+00
1.225201606750488281e+00
1.254407882690429688e+00
1.299896001815795898e+00
1.281637191772460938e+00
1.300153493881225586e+00
1.296522140502929688e+00
1.306715488433837891e+00
1.393798112869262695e+00
1.357917308807373047e+00
1.312283277511596680e+00
1.264529228210449219e+00
1.249217271804809570e+00
1.284464359283447266e+00
1.244412660598754883e+00
1.257195949554443359e+00
1.264048576354980469e+00
1.260086536407470703e+00
1.319271326065063477e+00
1.327370166778564453e+00
1.252171039581298828e+00
1.243416070938110352e+00
1.245358943939208984e+00
1.244158506393432617e+00
1.243070363998413086e+00
1.235782146453857422e+00
1.231751203536987305e+00
1.262548208236694336e+00
1.236272335052490234e+00
1.296166896820068359e+00
1.262984037399291992e+00
1.325863838195800781e+00
1.274794340133666992e+00
1.247328996658325195e+00
1.304113388061523438e+00
1.252325296401977539e+00
1.414657592773437500e+00
1.522262811660766602e+00
1.609565496444702148e+00
1.527277231216430664e+00
1.658692359924316406e+00
1.664146423339843750e+00
1.744063377380371094e+00
2.065227985382080078e+00
2.053526163101196289e+00
1.541426658630371094e+00
1.316860914230346680e+00
1.314594984054565430e+00
1.519994974136352539e+00
1.493618726730346680e+00
1.339632034301757812e+00
1.660451412200927734e+00
1.371473073959350586e+00
1.369034528732299805e+00
1.581906795501708984e+00
1.383311033248901367e+00
1.373311519622802734e+00
1.381829977035522461e+00
1.343473196029663086e+00
1.440422534942626953e+00
1.472142934799194336e+00
1.386544942855834961e+00
1.534703016281127930e+00
1.372449159622192383e+00
1.417711734771728516e+00
1.417043924331665039e+00
1.498127937316894531e+00
1.559938192367553711e+00
1.661550521850585938e+00
1.571912288665771484e+00
1.469103813171386719e+00
1.405432701110839844e+00
1.253140687942504883e+00
1.249040603637695312e+00
1.329640626907348633e+00
1.260532140731811523e+00
1.394684791564941406e+00
1.245779514312744141e+00
1.255787611007690430e+00
1.253817796707153320e+00
1.302349090576171875e+00
1.270075798034667969e+00
1.264454364776611328e+00
1.268894910812377930e+00
1.339631080627441406e+00
1.340279579162597656e+00
1.266796588897705078e+00
1.264132261276245117e+00
1.285563230514526367e+00
1.508260250091552734e+00
1.745835542678833008e+00
1.909146547317504883e+00
1.946136713027954102e+00
1.962710380554199219e+00
1.976922750473022461e+00
2.152927875518798828e+00
2.109621286392211914e+00
2.084336757659912109e+00
1.967604160308837891e+00
1.886569261550903320e+00
1.880193948745727539e+00
1.816712856292724609e+00
1.876376390457153320e+00
1.845232725143432617e+00
1.818574666976928711e+00
1.933808326721191406e+00
1.874384641647338867e+00
1.950519800186157227e+00
1.900051593780517578e+00
1.797593832015991211e+00
1.856178283691406250e+00
1.636701345443725586e+00
1.763198375701904297e+00
1.293492317199707031e+00
1.248183488845825195e+00
1.237293481826782227e+00
1.235845327377319336e+00
1.240397930145263672e+00
1.367372989654541016e+00
1.262972593307495117e+00
1.406790494918823242e+00
1.304672241210937500e+00
1.243728160858154297e+00
1.340819358825683594e+00
1.236953973770141602e+00
1.310401201248168945e+00
