2.477822542190551758e+00
4.211828708648681641e-01
4.241361618041992188e-01
4.247710704803466797e-01
4.298796653747558594e-01
4.268774986267089844e-01
4.247803688049316406e-01
4.277026653289794922e-01
4.447307586669921875e-01
4.554860591888427734e-01
4.383394718170166016e-01
4.413783550262451172e-01
4.410586357116699219e-01
4.408047199249267578e-01
4.425776004791259766e-01
4.406626224517822266e-01
4.401891231536865234e-01
4.326243400573730469e-01
4.403138160705566406e-01
4.376821517944335938e-01
4.372923374176025391e-01
4.370872974395751953e-01
4.384684562683105469e-01
4.452311992645263672e-01
4.429666996002197266e-01
4.375565052032470703e-01
4.394972324371337891e-01
4.385962486267089844e-01
4.419949054718017578e-01
4.395444393157958984e-01
4.474384784698486328e-01
4.436717033386230469e-01
4.376037120819091797e-01
4.411613941192626953e-01
4.451150894165039062e-01
4.420471191406250000e-01
4.420516490936279297e-01
4.408540725708007812e-01
4.436175823211669922e-01
4.405064582824707031e-01
4.488227367401123047e-01
4.409043788909912109e-01
4.803974628448486328e-01
4.928123950958251953e-01
4.865684509277343750e-01
4.895153045654296875e-01
4.962215423583984375e-01
5.249600410461425781e-01
4.889466762542724609e-01
4.663228988647460938e-01
4.502067565917968750e-01
4.379329681396484375e-01
4.520246982574462891e-01
4.371955394744873047e-01
4.388909339904785156e-01
4.446411132812500000e-01
4.320065975189208984e-01
4.344723224639892578e-01
4.381592273712158203e-01
4.363849163055419922e-01
4.319398403167724609e-01
4.351422786712646484e-01
4.387588500976562500e-01
4.623172283172607422e-01
4.545910358428955078e-01
4.931802749633789062e-01
4.755799770355224609e-01
4.841470718383789062e-01
4.356071949005126953e-01
4.341568946838378906e-01
4.360034465789794922e-01
4.482951164245605469e-01
4.443712234497070312e-01
4.409129619598388672e-01
4.350123405456542969e-01
4.228906631469726562e-01
4.456882476806640625e-01
4.284441471099853516e-01
4.279248714447021484e-01
4.311461448669433594e-01
4.294793605804443359e-01
4.398763179779052734e-01
4.335100650787353516e-01
4.338440895080566406e-01
4.324586391448974609e-01
4.271454811096191406e-01
4.294662475585937500e-01
4.351184368133544922e-01
4.457488059997558594e-01
4.367129802703857422e-01
4.375348091125488281e-01
4.515318870544433594e-01
4.385159015655517578e-01
4.409904479980468750e-01
4.366836547851562500e-01
4.394769668579101562e-01
4.393198490142822266e-01
4.372611045837402344e-01
4.407994747161865234e-01
4.364047050476074219e-01
4.317834377288818359e-01
4.415998458862304688e-01
4.338827133178710938e-01
4.318964481353759766e-01
4.471752643585205078e-01
4.356153011322021484e-01
4.379751682281494141e-01
4.369270801544189453e-01
4.517691135406494141e-01
4.535791873931884766e-01
4.409298896789550781e-01
4.461035728454589844e-01
4.495832920074462891e-01
4.417786598205566406e-01
4.420926570892333984e-01
4.368202686309814453e-01
4.519004821777343750e-01
4.463534355163574219e-01
4.380118846893310547e-01
4.381082057952880859e-01
4.483010768890380859e-01
4.550278186798095703e-01
4.469063282012939453e-01
4.457049369812011719e-01
4.462583065032958984e-01
4.476175308227539062e-01
4.452948570251464844e-01
4.496450424194335938e-01
4.413399696350097656e-01
4.375934600830078125e-01
4.350135326385498047e-01
4.379136562347412109e-01
4.359495639801025391e-01
4.366042613983154297e-01
4.320936203002929688e-01
4.410898685455322266e-01
4.481310844421386719e-01
4.413895606994628906e-01
4.312536716461181641e-01
4.283671379089355469e-01
4.370336532592773438e-01
4.383070468902587891e-01
4.384782314300537109e-01
4.382686614990234375e-01
4.347734451293945312e-01
4.383592605590820312e-01
4.376153945922851562e-01
4.393773078918457031e-01
4.414594173431396484e-01
4.364895820617675781e-01
4.371688365936279297e-01
4.361193180084228516e-01
4.400241374969482422e-01
4.382305145263671875e-01
4.416859149932861328e-01
4.428443908691406250e-01
4.424526691436767578e-01
4.449954032897949219e-01
4.450485706329345703e-01
4.400308132171630859e-01
4.375574588775634766e-01
4.393167495727539062e-01
4.420154094696044922e-01
4.429712295532226562e-01
4.452893733978271484e-01
4.456031322479248047e-01
4.403131008148193359e-01
4.445407390594482422e-01
4.470694065093994141e-01
4.429061412811279297e-01
4.468276500701904297e-01
4.420142173767089844e-01
4.431622028350830078e-01
4.436688423156738281e-01
4.604456424713134766e-01
4.656558036804199219e-01
4.508392810821533203e-01
4.494440555572509766e-01
4.457790851593017578e-01
4.468915462493896484e-01
4.456396102905273438e-01
4.433312416076660156e-01
4.475529193878173828e-01
4.572715759277343750e-01
4.457924365997314453e-01
4.576709270477294922e-01
4.560101032257080078e-01
4.716212749481201172e-01
5.014741420745849609e-01
4.740006923675537109e-01
4.959034919738769531e-01
4.913194179534912109e-01
4.646270275115966797e-01
4.522283077239990234e-01
4.563984870910644531e-01
4.589347839355468750e-01
4.854812622070312500e-01
5.028150081634521484e-01
4.536831378936767578e-01
5.026288032531738281e-01
