2.559397697448730469e+00
4.221446514129638672e-01
4.199759960174560547e-01
4.194018840789794922e-01
4.239385128021240234e-01
4.195237159729003906e-01
4.231159687042236328e-01
4.344587326049804688e-01
4.216718673706054688e-01
4.735615253448486328e-01
4.627733230590820312e-01
4.537160396575927734e-01
4.551944732666015625e-01
4.723789691925048828e-01
4.669260978698730469e-01
4.765236377716064453e-01
4.641556739807128906e-01
4.732203483581542969e-01
4.373922348022460938e-01
4.413428306579589844e-01
4.303426742553710938e-01
4.342241287231445312e-01
4.577517509460449219e-01
4.487566947937011719e-01
4.370572566986083984e-01
4.432501792907714844e-01
4.350862503051757812e-01
4.308989048004150391e-01
4.340050220489501953e-01
4.333896636962890625e-01
4.404573440551757812e-01
4.666152000427246094e-01
4.715659618377685547e-01
4.482958316802978516e-01
4.591085910797119141e-01
4.772102832794189453e-01
4.580426216125488281e-01
4.634549617767333984e-01
4.396538734436035156e-01
4.440033435821533203e-01
4.355144500732421875e-01
4.366657733917236328e-01
4.332652091979980469e-01
4.322712421417236328e-01
4.324483871459960938e-01
4.636859893798828125e-01
4.616923332214355469e-01
4.603612422943115234e-01
5.151777267456054688e-01
4.551541805267333984e-01
4.173989295959472656e-01
4.601879119873046875e-01
4.640049934387207031e-01
4.562811851501464844e-01
4.437799453735351562e-01
4.321339130401611328e-01
4.346952438354492188e-01
4.356262683868408203e-01
4.387414455413818359e-01
4.430983066558837891e-01
4.461939334869384766e-01
4.292113780975341797e-01
4.354300498962402344e-01
4.377317428588867188e-01
4.414508342742919922e-01
4.696705341339111328e-01
4.552342891693115234e-01
4.486689567565917969e-01
4.311943054199218750e-01
4.308073520660400391e-01
4.347519874572753906e-01
4.318134784698486328e-01
4.377875328063964844e-01
4.351446628570556641e-01
4.301009178161621094e-01
4.206981658935546875e-01
4.389638900756835938e-01
4.741599559783935547e-01
4.961731433868408203e-01
4.237859249114990234e-01
4.270665645599365234e-01
4.260194301605224609e-01
4.228744506835937500e-01
4.405684471130371094e-01
4.239242076873779297e-01
4.256880283355712891e-01
4.196043014526367188e-01
4.235253334045410156e-01
4.208407402038574219e-01
4.217123985290527344e-01
4.387571811676025391e-01
4.272248744964599609e-01
4.359791278839111328e-01
4.286963939666748047e-01
4.333124160766601562e-01
4.517598152160644531e-01
4.321503639221191406e-01
4.361193180084228516e-01
4.604327678680419922e-01
4.273073673248291016e-01
4.262263774871826172e-01
4.393744468688964844e-01
4.636051654815673828e-01
4.453091621398925781e-01
4.359974861145019531e-01
4.417681694030761719e-01
4.365653991699218750e-01
4.682290554046630859e-01
4.372563362121582031e-01
4.446828365325927734e-01
4.485719203948974609e-01
4.331471920013427734e-01
4.351210594177246094e-01
4.479501247406005859e-01
4.437115192413330078e-01
4.331936836242675781e-01
4.371631145477294922e-01
4.337143898010253906e-01
4.392111301422119141e-01
4.556298255920410156e-01
4.465820789337158203e-01
4.370706081390380859e-01
4.410800933837890625e-01
4.454331398010253906e-01
5.160138607025146484e-01
4.448721408843994141e-01
4.438889026641845703e-01
4.525368213653564453e-01
4.369544982910156250e-01
4.277393817901611328e-01
4.324407577514648438e-01
4.338440895080566406e-01
4.384555816650390625e-01
4.282653331756591797e-01
4.399483203887939453e-01
4.257888793945312500e-01
4.290349483489990234e-01
4.313693046569824219e-01
4.345355033874511719e-01
4.276332855224609375e-01
4.378390312194824219e-01
4.432127475738525391e-01
4.415688514709472656e-01
4.312298297882080078e-01
4.397337436676025391e-01
4.391968250274658203e-01
4.514880180358886719e-01
4.384205341339111328e-01
4.303936958312988281e-01
4.403800964355468750e-01
4.360282421112060547e-01
4.385521411895751953e-01
4.426264762878417969e-01
4.446842670440673828e-01
4.397287368774414062e-01
4.302492141723632812e-01
4.348266124725341797e-01
4.327049255371093750e-01
4.307041168212890625e-01
4.869649410247802734e-01
4.322729110717773438e-01
4.518120288848876953e-01
4.406924247741699219e-01
5.070614814758300781e-01
4.343397617340087891e-01
4.414544105529785156e-01
4.428572654724121094e-01
4.432616233825683594e-01
4.281258583068847656e-01
4.224350452423095703e-01
4.359235763549804688e-01
4.280641078948974609e-01
4.501631259918212891e-01
4.301183223724365234e-01
4.500875473022460938e-01
4.436128139495849609e-01
4.515330791473388672e-01
4.544377326965332031e-01
4.441115856170654297e-01
4.450957775115966797e-01
4.390399456024169922e-01
4.422364234924316406e-01
4.309079647064208984e-01
4.352669715881347656e-01
4.478747844696044922e-01
4.411406517028808594e-01
4.520466327667236328e-01
4.486765861511230469e-01
4.497087001800537109e-01
4.854307174682617188e-01
4.747900962829589844e-01
4.734585285186767578e-01
5.295534133911132812e-01
4.539413452148437500e-01
4.858138561248779297e-01
4.539012908935546875e-01
4.514784812927246094e-01
4.893443584442138672e-01
4.638826847076416016e-01
4.637346267700195312e-01
