1.336664438247680664e+00
1.228549242019653320e+00
1.251123905181884766e+00
1.523937463760375977e+00
1.492355108261108398e+00
1.225980520248413086e+00
1.218554258346557617e+00
1.221586942672729492e+00
1.296603441238403320e+00
1.256863355636596680e+00
1.254366397857666016e+00
1.268526315689086914e+00
1.259835243225097656e+00
1.297553777694702148e+00
1.351187705993652344e+00
1.387264013290405273e+00
1.463950634002685547e+00
1.365768194198608398e+00
1.315008878707885742e+00
1.289726257324218750e+00
1.357781887054443359e+00
1.255095481872558594e+00
1.259524345397949219e+00
1.315984487533569336e+00
1.258430004119873047e+00
1.254851341247558594e+00
1.274909496307373047e+00
1.318177223205566406e+00
1.757297992706298828e+00
1.260061025619506836e+00
1.851745128631591797e+00
1.272797346115112305e+00
1.300168991088867188e+00
1.275734424591064453e+00
1.268996715545654297e+00
1.261709213256835938e+00
1.262883186340332031e+00
1.258720397949218750e+00
1.269826412200927734e+00
1.257370710372924805e+00
1.259778499603271484e+00
1.268252372741699219e+00
1.384613990783691406e+00
1.330588102340698242e+00
1.369711399078369141e+00
1.347561359405517578e+00
1.393171548843383789e+00
1.381386995315551758e+00
1.304297447204589844e+00
1.250732898712158203e+00
1.246687173843383789e+00
1.890416622161865234e+00
1.378171920776367188e+00
1.272224664688110352e+00
1.248050928115844727e+00
1.309857606887817383e+00
1.253778696060180664e+00
1.238547563552856445e+00
1.264404296875000000e+00
1.224463701248168945e+00
1.259859561920166016e+00
1.252088785171508789e+00
1.432467699050903320e+00
1.250796079635620117e+00
1.234965324401855469e+00
1.308411121368408203e+00
1.230940580368041992e+00
1.234876394271850586e+00
1.218302726745605469e+00
1.222667932510375977e+00
1.367515325546264648e+00
1.248910188674926758e+00
1.237072944641113281e+00
1.241361379623413086e+00
1.276563644409179688e+00
1.225203990936279297e+00
1.254407405853271484e+00
1.299908161163330078e+00
1.281637907028198242e+00
1.300150871276855469e+00
1.296519994735717773e+00
1.306711435317993164e+00
1.393787860870361328e+00
1.357916355133056641e+00
1.312278270721435547e+00
1.264529228210449219e+00
1.249214649200439453e+00
1.284466981887817383e+00
1.244415044784545898e+00
1.257178783416748047e+00
1.264031410217285156e+00
1.260086297988891602e+00
1.319269418716430664e+00
1.327360630035400391e+00
1.252167940139770508e+00
1.243416070938110352e+00
1.245351314544677734e+00
1.244151353836059570e+00
1.243060111999511719e+00
1.235770463943481445e+00
1.231751680374145508e+00
1.262544155120849609e+00
1.236267566680908203e+00
1.296167850494384766e+00
1.262975215911865234e+00
1.325850486755371094e+00
1.274786949157714844e+00
1.247318506240844727e+00
1.304099559783935547e+00
1.252323389053344727e+00
1.414629220962524414e+00
1.522262573242187500e+00
1.609560489654541016e+00
1.527266263961791992e+00
1.658733367919921875e+00
1.664150953292846680e+00
1.744051694869995117e+00
2.065225839614868164e+00
2.053527593612670898e+00
1.541430234909057617e+00
1.316859960556030273e+00
1.314589500427246094e+00
1.519989252090454102e+00
1.493614196777343750e+00
1.339617967605590820e+00
1.660447120666503906e+00
1.371464967727661133e+00
1.369028329849243164e+00
1.581897974014282227e+00
1.383305072784423828e+00
1.373310327529907227e+00
1.381824254989624023e+00
1.343473911285400391e+00
1.440426111221313477e+00
1.472120761871337891e+00
1.386529207229614258e+00
1.534702301025390625e+00
1.372453212738037109e+00
1.417707443237304688e+00
1.417026519775390625e+00
1.498130083084106445e+00
1.559932470321655273e+00
1.661535978317260742e+00
1.571907997131347656e+00
1.469092845916748047e+00
1.405429124832153320e+00
1.253136873245239258e+00
1.249030351638793945e+00
1.329631567001342773e+00
1.260529518127441406e+00
1.394682407379150391e+00
1.245771169662475586e+00
1.255787372589111328e+00
1.253817319869995117e+00
1.302346467971801758e+00
1.270061731338500977e+00
1.264449357986450195e+00
1.268881559371948242e+00
1.339622497558593750e+00
1.340259552001953125e+00
1.266780614852905273e+00
1.264117956161499023e+00
1.285562992095947266e+00
1.508246898651123047e+00
1.745814085006713867e+00
1.909142971038818359e+00
1.946126699447631836e+00
1.962699651718139648e+00
1.976915121078491211e+00
2.152917385101318359e+00
2.109580516815185547e+00
2.084328174591064453e+00
1.967597246170043945e+00
1.886540174484252930e+00
1.880191326141357422e+00
1.816705942153930664e+00
1.876368045806884766e+00
1.845211267471313477e+00
1.818575382232666016e+00
1.933802843093872070e+00
1.874374866485595703e+00
1.950529813766479492e+00
1.900062799453735352e+00
1.797597646713256836e+00
1.856195211410522461e+00
1.636699676513671875e+00
1.763206243515014648e+00
1.293553590774536133e+00
1.248177766799926758e+00
1.237294435501098633e+00
1.235832691192626953e+00
1.240394830703735352e+00
1.367367029190063477e+00
1.262971162796020508e+00
1.406781911849975586e+00
1.304669618606567383e+00
1.243730068206787109e+00
1.340607881546020508e+00
1.236952066421508789e+00
1.310400247573852539e+00
