1.336660146713256836e+00
1.228574037551879883e+00
1.251147985458374023e+00
1.524006366729736328e+00
1.492370367050170898e+00
1.225989580154418945e+00
1.218580245971679688e+00
1.221565485000610352e+00
1.296612262725830078e+00
1.256849527359008789e+00
1.254384756088256836e+00
1.290198326110839844e+00
1.259844303131103516e+00
1.297538518905639648e+00
1.351209402084350586e+00
1.387270450592041016e+00
1.463950395584106445e+00
1.365788936614990234e+00
1.315026044845581055e+00
1.289742469787597656e+00
1.357809543609619141e+00
1.255086421966552734e+00
1.259524345397949219e+00
1.315984487533569336e+00
1.258438348770141602e+00
1.254843473434448242e+00
1.274928331375122070e+00
1.318212509155273438e+00
1.757308006286621094e+00
1.260060071945190430e+00
1.851772308349609375e+00
1.272826433181762695e+00
1.300196409225463867e+00
1.275750875473022461e+00
1.269007444381713867e+00
1.261726617813110352e+00
1.262893438339233398e+00
1.258731126785278320e+00
1.269819974899291992e+00
1.257386207580566406e+00
1.259779214859008789e+00
1.268245697021484375e+00
1.384627580642700195e+00
1.330583810806274414e+00
1.369735956192016602e+00
1.347584486007690430e+00
1.393188714981079102e+00
1.381419658660888672e+00
1.304322004318237305e+00
1.250736236572265625e+00
1.246702909469604492e+00
1.890422105789184570e+00
1.378197908401489258e+00
1.272247314453125000e+00
1.248065471649169922e+00
1.299093008041381836e+00
1.253797054290771484e+00
1.238543748855590820e+00
1.264431476593017578e+00
1.224486351013183594e+00
1.259864568710327148e+00
1.252084016799926758e+00
1.432475805282592773e+00
1.250816822052001953e+00
1.234996080398559570e+00
1.308446168899536133e+00
1.230950593948364258e+00
1.234890937805175781e+00
1.218315601348876953e+00
1.222685575485229492e+00
1.377283096313476562e+00
1.248919010162353516e+00
1.237096309661865234e+00
1.250082969665527344e+00
1.276569604873657227e+00
1.225232839584350586e+00
1.254423618316650391e+00
1.299876213073730469e+00
1.281647443771362305e+00
1.300161838531494141e+00
1.296532630920410156e+00
1.306735992431640625e+00
1.393816709518432617e+00
1.340653657913208008e+00
1.312304973602294922e+00
1.264546871185302734e+00
1.249224662780761719e+00
1.284489154815673828e+00
1.252923011779785156e+00
1.258194923400878906e+00
1.264047145843505859e+00
1.260082721710205078e+00
1.319266557693481445e+00
1.327369451522827148e+00
1.252168893814086914e+00
1.253609657287597656e+00
1.245352745056152344e+00
1.244179487228393555e+00
1.243092536926269531e+00
1.235800027847290039e+00
1.231763601303100586e+00
1.262562036514282227e+00
1.236293554306030273e+00
1.296186923980712891e+00
1.262953996658325195e+00
1.325866460800170898e+00
1.274801492691040039e+00
1.247342348098754883e+00
1.304116725921630859e+00
1.252300500869750977e+00
1.414656877517700195e+00
1.522274494171142578e+00
1.609534740447998047e+00
1.527266025543212891e+00
1.658687353134155273e+00
1.664125680923461914e+00
1.744055986404418945e+00
2.065221071243286133e+00
2.053527832031250000e+00
1.541435241699218750e+00
1.316855907440185547e+00
1.314610958099365234e+00
1.520020723342895508e+00
1.493615388870239258e+00
1.339649677276611328e+00
1.654011249542236328e+00
1.371473550796508789e+00
1.369050502777099609e+00
1.581915855407714844e+00
1.383305549621582031e+00
1.373331546783447266e+00
1.381838083267211914e+00
1.343485832214355469e+00
1.440447330474853516e+00
1.472119331359863281e+00
1.386544704437255859e+00
1.501729249954223633e+00
1.372467756271362305e+00
1.417707681655883789e+00
1.417017936706542969e+00
1.498125791549682617e+00
1.559864759445190430e+00
1.661569118499755859e+00
1.571901082992553711e+00
1.469086885452270508e+00
1.405449390411376953e+00
1.253205776214599609e+00
1.249068737030029297e+00
1.329634904861450195e+00
1.260554313659667969e+00
1.394671916961669922e+00
1.245798349380493164e+00
1.255806207656860352e+00
1.253829479217529297e+00
1.302342653274536133e+00
1.270081043243408203e+00
1.264436960220336914e+00
1.268878459930419922e+00
1.339626312255859375e+00
1.340259552001953125e+00
1.266795158386230469e+00
1.264133214950561523e+00
1.285559654235839844e+00
1.508272409439086914e+00
1.745801687240600586e+00
1.909157752990722656e+00
1.946146488189697266e+00
1.962723255157470703e+00
1.976935863494873047e+00
2.152914285659790039e+00
2.109619617462158203e+00
2.084346055984497070e+00
1.967627763748168945e+00
1.886567354202270508e+00
1.880164861679077148e+00
1.816688537597656250e+00
1.876362800598144531e+00
1.845233917236328125e+00
1.818573236465454102e+00
1.933805465698242188e+00
1.874317169189453125e+00
1.950543642044067383e+00
1.900057554244995117e+00
1.797614336013793945e+00
1.856195211410522461e+00
1.636719942092895508e+00
1.763211965560913086e+00
1.293577194213867188e+00
1.248201131820678711e+00
1.237327098846435547e+00
1.235857963562011719e+00
1.240425348281860352e+00
1.367406606674194336e+00
1.262989044189453125e+00
1.406809329986572266e+00
1.304687500000000000e+00
1.243758678436279297e+00
1.340640544891357422e+00
1.236969947814941406e+00
1.297638177871704102e+00
