1.336663722991943359e+00
1.228555440902709961e+00
1.251129388809204102e+00
1.523983001708984375e+00
1.492362737655639648e+00
1.225986480712890625e+00
1.218562602996826172e+00
1.221598625183105469e+00
1.296605587005615234e+00
1.256865024566650391e+00
1.254376649856567383e+00
1.268533229827880859e+00
1.259838581085205078e+00
1.297569036483764648e+00
1.351197481155395508e+00
1.387273788452148438e+00
1.463951110839843750e+00
1.365776777267456055e+00
1.315016508102416992e+00
1.289735555648803711e+00
1.357787132263183594e+00
1.255097389221191406e+00
1.259531974792480469e+00
1.315984964370727539e+00
1.258445501327514648e+00
1.254854440689086914e+00
1.274917840957641602e+00
1.318186759948730469e+00
1.757299184799194336e+00
1.260075330734252930e+00
1.851753473281860352e+00
1.272808790206909180e+00
1.300181150436401367e+00
1.275742053985595703e+00
1.269008636474609375e+00
1.261723279953002930e+00
1.262894153594970703e+00
1.258738994598388672e+00
1.269829750061035156e+00
1.257376194000244141e+00
1.259778022766113281e+00
1.268254280090332031e+00
1.384628295898437500e+00
1.330587863922119141e+00
1.369720220565795898e+00
1.347568750381469727e+00
1.393181324005126953e+00
1.381396770477294922e+00
1.304306030273437500e+00
1.250738143920898438e+00
1.246694087982177734e+00
1.890434265136718750e+00
1.378179550170898438e+00
1.272230863571166992e+00
1.248059272766113281e+00
1.309855699539184570e+00
1.253784894943237305e+00
1.238557577133178711e+00
1.264415264129638672e+00
1.224463701248168945e+00
1.259857416152954102e+00
1.252095222473144531e+00
1.432477235794067383e+00
1.250800609588623047e+00
1.234973669052124023e+00
1.308418512344360352e+00
1.230948686599731445e+00
1.234883069992065430e+00
1.218312978744506836e+00
1.222674846649169922e+00
1.367523193359375000e+00
1.248921871185302734e+00
1.237081527709960938e+00
1.241372108459472656e+00
1.276576280593872070e+00
1.225208997726440430e+00
1.254416465759277344e+00
1.299896240234375000e+00
1.281644582748413086e+00
1.300157070159912109e+00
1.296527147293090820e+00
1.306718111038208008e+00
1.393800735473632812e+00
1.357915401458740234e+00
1.312288761138916016e+00
1.264538288116455078e+00
1.249226093292236328e+00
1.284471273422241211e+00
1.244424343109130859e+00
1.257189989089965820e+00
1.264050722122192383e+00
1.260088920593261719e+00
1.319268941879272461e+00
1.327372074127197266e+00
1.252171993255615234e+00
1.243424654006958008e+00
1.245358943939208984e+00
1.244160413742065430e+00
1.243066549301147461e+00
1.235779523849487305e+00
1.231757640838623047e+00
1.262552976608276367e+00
1.236276626586914062e+00
1.296169281005859375e+00
1.262981891632080078e+00
1.325865030288696289e+00
1.274791717529296875e+00
1.247328519821166992e+00
1.304111719131469727e+00
1.252316236495971680e+00
1.414649486541748047e+00
1.522261381149291992e+00
1.609562873840332031e+00
1.527273178100585938e+00
1.658706665039062500e+00
1.664139747619628906e+00
1.744065284729003906e+00
2.065237283706665039e+00
2.053531885147094727e+00
1.541438579559326172e+00
1.316863298416137695e+00
1.314600229263305664e+00
1.519997596740722656e+00
1.493621587753295898e+00
1.339628696441650391e+00
1.660461664199829102e+00
1.371476173400878906e+00
1.369035959243774414e+00
1.581908226013183594e+00
1.383311748504638672e+00
1.373318910598754883e+00
1.381832599639892578e+00
1.343482732772827148e+00
1.440435647964477539e+00
1.472144842147827148e+00
1.386551380157470703e+00
1.534710168838500977e+00
1.372462511062622070e+00
1.417710542678833008e+00
1.417022705078125000e+00
1.498133897781372070e+00
1.559943199157714844e+00
1.661566495895385742e+00
1.571907997131347656e+00
1.469109535217285156e+00
1.405441999435424805e+00
1.253143310546875000e+00
1.249037027359008789e+00
1.329639434814453125e+00
1.260540723800659180e+00
1.394684791564941406e+00
1.245779514312744141e+00
1.255794048309326172e+00
1.253825187683105469e+00
1.302353143692016602e+00
1.270079374313354492e+00
1.264455556869506836e+00
1.268903255462646484e+00
1.339634656906127930e+00
1.340281963348388672e+00
1.266796588897705078e+00
1.264136552810668945e+00
1.285563468933105469e+00
1.508272171020507812e+00
1.745834589004516602e+00
1.909147739410400391e+00
1.946134567260742188e+00
1.962707042694091797e+00
1.976921319961547852e+00
2.152912616729736328e+00
2.109589099884033203e+00
2.084337711334228516e+00
1.967607736587524414e+00
1.886546850204467773e+00
1.880196809768676758e+00
1.816713333129882812e+00
1.876376628875732422e+00
1.845219850540161133e+00
1.818576812744140625e+00
1.933808803558349609e+00
1.874389648437500000e+00
1.950539112091064453e+00
1.900056362152099609e+00
1.797604560852050781e+00
1.856195926666259766e+00
1.636716365814208984e+00
1.763199329376220703e+00
1.293562173843383789e+00
1.248186111450195312e+00
1.237301349639892578e+00
1.235844850540161133e+00
1.240401268005371094e+00
1.367379188537597656e+00
1.262975215911865234e+00
1.406794786453247070e+00
1.304681301116943359e+00
1.243731737136840820e+00
1.340613842010498047e+00
1.236960172653198242e+00
1.310410737991333008e+00
