2.399397373199462891e+00
4.318792819976806641e-01
4.324455261230468750e-01
4.352817535400390625e-01
4.425868988037109375e-01
4.361319541931152344e-01
4.398930072784423828e-01
4.350790977478027344e-01
4.433636665344238281e-01
4.504206180572509766e-01
4.514210224151611328e-01
4.538290500640869141e-01
4.507637023925781250e-01
4.626743793487548828e-01
4.564673900604248047e-01
4.549715518951416016e-01
4.506936073303222656e-01
4.478991031646728516e-01
4.474763870239257812e-01
4.462037086486816406e-01
4.446883201599121094e-01
4.450252056121826172e-01
4.452648162841796875e-01
4.495480060577392578e-01
4.457595348358154297e-01
4.441289901733398438e-01
4.473593235015869141e-01
4.527735710144042969e-01
4.474480152130126953e-01
4.484548568725585938e-01
4.499988555908203125e-01
4.508216381072998047e-01
4.497530460357666016e-01
4.557104110717773438e-01
4.554321765899658203e-01
4.575371742248535156e-01
4.546570777893066406e-01
4.575719833374023438e-01
4.547266960144042969e-01
4.544417858123779297e-01
4.639956951141357422e-01
4.511854648590087891e-01
4.506702423095703125e-01
4.551239013671875000e-01
4.541656970977783203e-01
4.519059658050537109e-01
4.548943042755126953e-01
4.518771171569824219e-01
4.469470977783203125e-01
4.491591453552246094e-01
4.310767650604248047e-01
4.503953456878662109e-01
4.564716815948486328e-01
4.506301879882812500e-01
4.510529041290283203e-01
4.527935981750488281e-01
4.439783096313476562e-01
4.443759918212890625e-01
4.422693252563476562e-01
4.625082015991210938e-01
4.457023143768310547e-01
4.436471462249755859e-01
4.468400478363037109e-01
4.522347450256347656e-01
4.618999958038330078e-01
4.540505409240722656e-01
4.558284282684326172e-01
4.584081172943115234e-01
4.466300010681152344e-01
4.582676887512207031e-01
4.523546695709228516e-01
4.460263252258300781e-01
4.499342441558837891e-01
4.629309177398681641e-01
4.409644603729248047e-01
4.373297691345214844e-01
4.545831680297851562e-01
4.438984394073486328e-01
4.407429695129394531e-01
4.408290386199951172e-01
4.397118091583251953e-01
4.488117694854736328e-01
4.507243633270263672e-01
4.513072967529296875e-01
4.467582702636718750e-01
4.429621696472167969e-01
4.467713832855224609e-01
4.422700405120849609e-01
4.440155029296875000e-01
4.396398067474365234e-01
4.458048343658447266e-01
4.492831230163574219e-01
4.521706104278564453e-01
4.433655738830566406e-01
4.480144977569580078e-01
4.526360034942626953e-01
4.404907226562500000e-01
4.371473789215087891e-01
4.378387928009033203e-01
4.417045116424560547e-01
4.491043090820312500e-01
4.504055976867675781e-01
4.510669708251953125e-01
4.491243362426757812e-01
4.679026603698730469e-01
4.479134082794189453e-01
4.476544857025146484e-01
4.496393203735351562e-01
4.512622356414794922e-01
4.476900100708007812e-01
4.514679908752441406e-01
4.538972377777099609e-01
4.556198120117187500e-01
4.527547359466552734e-01
4.545190334320068359e-01
4.531645774841308594e-01
4.543006420135498047e-01
4.554224014282226562e-01
4.461407661437988281e-01
4.488523006439208984e-01
4.531977176666259766e-01
4.561781883239746094e-01
4.477765560150146484e-01
4.614770412445068359e-01
4.873399734497070312e-01
5.001773834228515625e-01
5.052392482757568359e-01
5.092413425445556641e-01
4.763414859771728516e-01
4.416286945343017578e-01
4.483897686004638672e-01
4.466035366058349609e-01
4.444949626922607422e-01
4.478435516357421875e-01
4.414672851562500000e-01
4.496366977691650391e-01
4.434645175933837891e-01
4.619870185852050781e-01
4.446201324462890625e-01
4.414639472961425781e-01
4.459848403930664062e-01
4.469342231750488281e-01
4.470205307006835938e-01
4.448795318603515625e-01
4.478106498718261719e-01
4.520299434661865234e-01
4.397549629211425781e-01
4.448771476745605469e-01
4.475197792053222656e-01
4.374134540557861328e-01
4.406542778015136719e-01
4.402282238006591797e-01
4.591989517211914062e-01
4.470312595367431641e-01
4.454586505889892578e-01
4.452524185180664062e-01
4.470021724700927734e-01
4.455239772796630859e-01
4.435386657714843750e-01
4.500513076782226562e-01
4.457228183746337891e-01
4.432044029235839844e-01
4.441800117492675781e-01
4.450542926788330078e-01
4.441633224487304688e-01
4.476625919342041016e-01
4.427399635314941406e-01
4.447734355926513672e-01
4.472515583038330078e-01
4.478745460510253906e-01
4.433195590972900391e-01
4.436721801757812500e-01
4.433021545410156250e-01
4.440956115722656250e-01
4.488823413848876953e-01
4.484663009643554688e-01
4.527916908264160156e-01
4.507832527160644531e-01
4.445829391479492188e-01
4.536554813385009766e-01
4.526953697204589844e-01
4.438135623931884766e-01
4.563944339752197266e-01
4.486985206604003906e-01
4.482543468475341797e-01
4.507501125335693359e-01
4.481174945831298828e-01
4.516398906707763672e-01
4.617617130279541016e-01
4.526314735412597656e-01
4.560573101043701172e-01
4.607465267181396484e-01
4.533483982086181641e-01
4.538319110870361328e-01
4.540839195251464844e-01
4.542438983917236328e-01
4.520571231842041016e-01
4.578876495361328125e-01
4.550302028656005859e-01
4.544687271118164062e-01
