1.336651802062988281e+00
1.228568792343139648e+00
1.251143693923950195e+00
1.524007320404052734e+00
1.481444120407104492e+00
1.237068653106689453e+00
1.218577146530151367e+00
1.221556901931762695e+00
1.296611309051513672e+00
1.256840705871582031e+00
1.254377365112304688e+00
1.277143001556396484e+00
1.259845972061157227e+00
1.297529458999633789e+00
1.351202011108398438e+00
1.387267589569091797e+00
1.454231977462768555e+00
1.365776300430297852e+00
1.315027236938476562e+00
1.289737939834594727e+00
1.357799291610717773e+00
1.255083560943603516e+00
1.259524583816528320e+00
1.315983772277832031e+00
1.258415460586547852e+00
1.254838466644287109e+00
1.274923324584960938e+00
1.337584972381591797e+00
1.760243177413940430e+00
1.260050296783447266e+00
1.852331161499023438e+00
1.272699832916259766e+00
1.300195217132568359e+00
1.275743722915649414e+00
1.269006252288818359e+00
1.261720418930053711e+00
1.262881755828857422e+00
1.258726358413696289e+00
1.269814014434814453e+00
1.257378101348876953e+00
1.259763479232788086e+00
1.268246412277221680e+00
1.384627103805541992e+00
1.330576419830322266e+00
1.369732141494750977e+00
1.347581863403320312e+00
1.393172025680541992e+00
1.385849475860595703e+00
1.304317712783813477e+00
1.250734567642211914e+00
1.246690273284912109e+00
1.890415906906127930e+00
1.378193140029907227e+00
1.272240638732910156e+00
1.248066663742065430e+00
1.299086809158325195e+00
1.253790616989135742e+00
1.238547325134277344e+00
1.264419317245483398e+00
1.224481105804443359e+00
1.259851217269897461e+00
1.252074003219604492e+00
1.432470560073852539e+00
1.250813722610473633e+00
1.234987020492553711e+00
1.308447599411010742e+00
1.230951070785522461e+00
1.234885931015014648e+00
1.218310832977294922e+00
1.222684860229492188e+00
1.367523431777954102e+00
1.248920202255249023e+00
1.237088203430175781e+00
1.261189222335815430e+00
1.276570796966552734e+00
1.225230455398559570e+00
1.254419088363647461e+00
1.299869298934936523e+00
1.281638622283935547e+00
1.300150156021118164e+00
1.296522617340087891e+00
1.306734561920166016e+00
1.393816709518432617e+00
1.340656042098999023e+00
1.312307596206665039e+00
1.264538764953613281e+00
1.249217748641967773e+00
1.284480094909667969e+00
1.276937484741210938e+00
1.270257949829101562e+00
1.264035463333129883e+00
1.253986358642578125e+00
1.319267749786376953e+00
1.327362060546875000e+00
1.252159833908081055e+00
1.253591060638427734e+00
1.245342731475830078e+00
1.244173765182495117e+00
1.243080615997314453e+00
1.235793590545654297e+00
1.231760501861572266e+00
1.244118213653564453e+00
1.236295223236083984e+00
1.296180009841918945e+00
1.262948751449584961e+00
1.325859785079956055e+00
1.274793624877929688e+00
1.247340917587280273e+00
1.304114580154418945e+00
1.252300262451171875e+00
1.414649248123168945e+00
1.522264719009399414e+00
1.609524726867675781e+00
1.527270555496215820e+00
1.658689498901367188e+00
1.664126157760620117e+00
1.744060516357421875e+00
2.065220117568969727e+00
2.053534984588623047e+00
1.541403293609619141e+00
1.316852092742919922e+00
1.314602613449096680e+00
1.520015716552734375e+00
1.505039453506469727e+00
1.339638948440551758e+00
1.653716087341308594e+00
1.371476888656616211e+00
1.369034528732299805e+00
1.573572158813476562e+00
1.383296251296997070e+00
1.373321056365966797e+00
1.381815195083618164e+00
1.343485593795776367e+00
1.440443754196166992e+00
1.472107887268066406e+00
1.386535167694091797e+00
1.523776769638061523e+00
1.372456789016723633e+00
1.417710065841674805e+00
1.417012214660644531e+00
1.498111724853515625e+00
1.546773910522460938e+00
1.661556005477905273e+00
1.571902513504028320e+00
1.469081640243530273e+00
1.405434846878051758e+00
1.261032581329345703e+00
1.249054908752441406e+00
1.329619884490966797e+00
1.260544538497924805e+00
1.394658327102661133e+00
1.245787858963012695e+00
1.255799770355224609e+00
1.253815174102783203e+00
1.299419403076171875e+00
1.270075321197509766e+00
1.264428138732910156e+00
1.268866777420043945e+00
1.339626312255859375e+00
1.340243339538574219e+00
1.266793727874755859e+00
1.264117717742919922e+00
1.285553216934204102e+00
1.508263587951660156e+00
1.745793819427490234e+00
1.909139394760131836e+00
1.946138143539428711e+00
1.962719917297363281e+00
1.976917982101440430e+00
2.152922630310058594e+00
2.109650373458862305e+00
2.084346294403076172e+00
1.967620611190795898e+00
1.886554956436157227e+00
1.880158185958862305e+00
1.816683530807495117e+00
1.876348972320556641e+00
1.845226764678955078e+00
1.818158626556396484e+00
1.933803081512451172e+00
1.874338150024414062e+00
1.950532674789428711e+00
1.900055885314941406e+00
1.797595262527465820e+00
1.856175184249877930e+00
1.636708974838256836e+00
1.771795272827148438e+00
1.293559312820434570e+00
1.248197317123413086e+00
1.237320423126220703e+00
1.235844612121582031e+00
1.240418910980224609e+00
1.374443292617797852e+00
1.262985229492187500e+00
1.401988267898559570e+00
1.304678678512573242e+00
1.243756294250488281e+00
1.340643167495727539e+00
1.236961603164672852e+00
1.297638177871704102e+00
