2.419026374816894531e+00
4.107282161712646484e-01
4.087023735046386719e-01
4.157357215881347656e-01
4.556117057800292969e-01
4.113810062408447266e-01
4.167566299438476562e-01
4.181354045867919922e-01
4.268970489501953125e-01
4.397587776184082031e-01
4.525742530822753906e-01
4.389460086822509766e-01
4.608662128448486328e-01
4.869635105133056641e-01
4.550402164459228516e-01
4.948537349700927734e-01
4.648914337158203125e-01
4.557023048400878906e-01
4.429218769073486328e-01
4.490833282470703125e-01
4.220156669616699219e-01
4.209887981414794922e-01
4.852848052978515625e-01
5.860409736633300781e-01
4.299938678741455078e-01
4.959557056427001953e-01
4.564714431762695312e-01
4.498019218444824219e-01
4.612503051757812500e-01
4.558308124542236328e-01
4.508252143859863281e-01
4.212753772735595703e-01
4.407722949981689453e-01
4.519267082214355469e-01
4.314355850219726562e-01
4.238603115081787109e-01
4.260442256927490234e-01
4.423754215240478516e-01
4.306547641754150391e-01
4.349627494812011719e-01
4.368228912353515625e-01
4.491705894470214844e-01
4.460477828979492188e-01
4.306747913360595703e-01
4.413816928863525391e-01
4.398658275604248047e-01
4.316782951354980469e-01
4.573359489440917969e-01
4.478428363800048828e-01
4.420089721679687500e-01
4.052181243896484375e-01
4.436855316162109375e-01
4.513952732086181641e-01
4.487161636352539062e-01
4.294636249542236328e-01
4.291627407073974609e-01
4.200778007507324219e-01
4.288761615753173828e-01
4.489769935607910156e-01
4.562380313873291016e-01
4.312622547149658203e-01
4.260520935058593750e-01
4.206111431121826172e-01
4.261572360992431641e-01
4.465026855468750000e-01
4.361045360565185547e-01
4.283156394958496094e-01
4.532380104064941406e-01
4.241602420806884766e-01
4.205071926116943359e-01
4.226999282836914062e-01
4.493701457977294922e-01
4.221982955932617188e-01
4.214181900024414062e-01
4.187889099121093750e-01
4.099032878875732422e-01
4.173297882080078125e-01
4.258570671081542969e-01
4.304800033569335938e-01
4.331116676330566406e-01
4.209570884704589844e-01
4.184906482696533203e-01
4.209179878234863281e-01
4.219856262207031250e-01
4.123299121856689453e-01
4.211058616638183594e-01
4.196319580078125000e-01
4.196236133575439453e-01
4.158365726470947266e-01
4.305527210235595703e-01
4.562993049621582031e-01
4.141850471496582031e-01
4.254438877105712891e-01
4.180500507354736328e-01
4.104723930358886719e-01
4.162988662719726562e-01
4.143879413604736328e-01
4.209735393524169922e-01
4.483053684234619141e-01
4.201257228851318359e-01
4.197320938110351562e-01
4.297156333923339844e-01
4.518530368804931641e-01
4.287788867950439453e-01
4.174904823303222656e-01
4.195818901062011719e-01
4.382677078247070312e-01
4.528653621673583984e-01
4.527885913848876953e-01
4.206237792968750000e-01
4.467318058013916016e-01
4.231615066528320312e-01
4.226591587066650391e-01
4.285941123962402344e-01
4.226934909820556641e-01
4.546394348144531250e-01
4.232294559478759766e-01
4.258611202239990234e-01
4.455430507659912109e-01
4.538407325744628906e-01
4.418227672576904297e-01
4.258821010589599609e-01
4.380953311920166016e-01
4.749529361724853516e-01
5.645210742950439453e-01
4.725217819213867188e-01
5.686686038970947266e-01
4.281198978424072266e-01
4.342417716979980469e-01
4.239692687988281250e-01
4.274168014526367188e-01
4.225993156433105469e-01
5.048601627349853516e-01
4.168686866760253906e-01
4.255886077880859375e-01
4.189786911010742188e-01
4.186947345733642578e-01
4.516448974609375000e-01
4.211668968200683594e-01
4.243319034576416016e-01
4.326965808868408203e-01
4.213385581970214844e-01
4.391527175903320312e-01
4.233100414276123047e-01
4.246068000793457031e-01
4.253225326538085938e-01
4.157245159149169922e-01
5.465872287750244141e-01
4.235785007476806641e-01
4.199597835540771484e-01
4.187791347503662109e-01
4.179270267486572266e-01
4.546577930450439453e-01
4.266023635864257812e-01
4.237728118896484375e-01
4.327807426452636719e-01
4.205038547515869141e-01
4.229412078857421875e-01
4.487388134002685547e-01
4.268205165863037109e-01
4.208014011383056641e-01
4.234614372253417969e-01
4.179341793060302734e-01
4.567306041717529297e-01
4.610316753387451172e-01
4.291412830352783203e-01
4.231214523315429688e-01
5.098969936370849609e-01
4.272923469543457031e-01
4.225571155548095703e-01
4.280619621276855469e-01
4.151568412780761719e-01
4.315311908721923828e-01
4.187865257263183594e-01
4.487218856811523438e-01
4.344644546508789062e-01
5.220861434936523438e-01
4.308106899261474609e-01
5.084881782531738281e-01
4.291455745697021484e-01
4.448502063751220703e-01
4.304053783416748047e-01
4.268782138824462891e-01
4.293982982635498047e-01
4.369466304779052734e-01
4.416742324829101562e-01
4.337611198425292969e-01
4.667229652404785156e-01
4.739024639129638672e-01
4.688992500305175781e-01
4.408512115478515625e-01
5.018393993377685547e-01
4.423260688781738281e-01
4.956843852996826172e-01
4.658184051513671875e-01
4.443640708923339844e-01
4.436137676239013672e-01
4.359924793243408203e-01
4.612662792205810547e-01
4.302744865417480469e-01
