2.171758651733398438e+00
4.182868003845214844e-01
4.187998771667480469e-01
4.188785552978515625e-01
4.222962856292724609e-01
4.189212322235107422e-01
4.220931529998779297e-01
4.233212471008300781e-01
4.252510070800781250e-01
4.311423301696777344e-01
4.348936080932617188e-01
4.358298778533935547e-01
4.342951774597167969e-01
4.330801963806152344e-01
4.347698688507080078e-01
4.320909976959228516e-01
4.327416419982910156e-01
4.956715106964111328e-01
4.919071197509765625e-01
4.726798534393310547e-01
4.297239780426025391e-01
4.300031661987304688e-01
4.296963214874267578e-01
4.478633403778076172e-01
4.314646720886230469e-01
4.327650070190429688e-01
4.335989952087402344e-01
4.374654293060302734e-01
4.356570243835449219e-01
4.339323043823242188e-01
4.344809055328369141e-01
4.366474151611328125e-01
4.330122470855712891e-01
4.373543262481689453e-01
4.374065399169921875e-01
4.384787082672119141e-01
4.345879554748535156e-01
4.495446681976318359e-01
4.386014938354492188e-01
4.525933265686035156e-01
4.961233139038085938e-01
4.931888580322265625e-01
4.338800907135009766e-01
4.481325149536132812e-01
4.322011470794677734e-01
4.315092563629150391e-01
4.346840381622314453e-01
4.532408714294433594e-01
4.327874183654785156e-01
4.330649375915527344e-01
4.225521087646484375e-01
4.366254806518554688e-01
4.367725849151611328e-01
4.804425239562988281e-01
4.763317108154296875e-01
4.701569080352783203e-01
4.266734123229980469e-01
4.318382740020751953e-01
4.301474094390869141e-01
4.368314743041992188e-01
4.297580718994140625e-01
4.257543087005615234e-01
4.531767368316650391e-01
4.569783210754394531e-01
4.467487335205078125e-01
4.403872489929199219e-01
4.395208358764648438e-01
4.400768280029296875e-01
4.339752197265625000e-01
4.323091506958007812e-01
4.369239807128906250e-01
4.350881576538085938e-01
4.354031085968017578e-01
4.560089111328125000e-01
4.328227043151855469e-01
4.218723773956298828e-01
4.471223354339599609e-01
4.505593776702880859e-01
4.337751865386962891e-01
4.326214790344238281e-01
4.294126033782958984e-01
4.337618350982666016e-01
4.323241710662841797e-01
4.330811500549316406e-01
4.279954433441162109e-01
4.260454177856445312e-01
4.292342662811279297e-01
4.282681941986083984e-01
4.291272163391113281e-01
4.278042316436767578e-01
4.276690483093261719e-01
4.373545646667480469e-01
4.291250705718994141e-01
4.320750236511230469e-01
4.290771484375000000e-01
4.307911396026611328e-01
4.338531494140625000e-01
4.311456680297851562e-01
4.304695129394531250e-01
4.326241016387939453e-01
4.365580081939697266e-01
4.364347457885742188e-01
4.333286285400390625e-01
4.328634738922119141e-01
4.379718303680419922e-01
4.317550659179687500e-01
4.332015514373779297e-01
4.334077835083007812e-01
4.380245208740234375e-01
4.322965145111083984e-01
4.363238811492919922e-01
4.333992004394531250e-01
4.349575042724609375e-01
4.333660602569580078e-01
4.363017082214355469e-01
4.340763092041015625e-01
4.375982284545898438e-01
4.414956569671630859e-01
4.491553306579589844e-01
4.655640125274658203e-01
4.943966865539550781e-01
5.073285102844238281e-01
4.934830665588378906e-01
4.846792221069335938e-01
4.420514106750488281e-01
4.397516250610351562e-01
4.436831474304199219e-01
4.408082962036132812e-01
4.380292892456054688e-01
4.322397708892822266e-01
4.386544227600097656e-01
4.305095672607421875e-01
4.293870925903320312e-01
4.335720539093017578e-01
4.287614822387695312e-01
4.299798011779785156e-01
4.383344650268554688e-01
4.468963146209716797e-01
4.299809932708740234e-01
4.285037517547607422e-01
4.304127693176269531e-01
4.351563453674316406e-01
4.316153526306152344e-01
4.314858913421630859e-01
4.338185787200927734e-01
4.338529109954833984e-01
4.284083843231201172e-01
4.291746616363525391e-01
4.314796924591064453e-01
4.307177066802978516e-01
4.295809268951416016e-01
4.336233139038085938e-01
4.391796588897705078e-01
4.280385971069335938e-01
4.349575042724609375e-01
4.322726726531982422e-01
4.311020374298095703e-01
4.300293922424316406e-01
4.400372505187988281e-01
4.320101737976074219e-01
4.318394660949707031e-01
4.276113510131835938e-01
4.325957298278808594e-01
4.343798160552978516e-01
4.292633533477783203e-01
4.369740486145019531e-01
4.294958114624023438e-01
4.378950595855712891e-01
4.393124580383300781e-01
4.325482845306396484e-01
4.368824958801269531e-01
4.339368343353271484e-01
4.400959014892578125e-01
4.371089935302734375e-01
4.320993423461914062e-01
4.429972171783447266e-01
4.446756839752197266e-01
4.382131099700927734e-01
4.385766983032226562e-01
4.371123313903808594e-01
4.364805221557617188e-01
4.320926666259765625e-01
4.317135810852050781e-01
4.347038269042968750e-01
4.339747428894042969e-01
4.348738193511962891e-01
4.329469203948974609e-01
4.369900226593017578e-01
4.509987831115722656e-01
4.369664192199707031e-01
4.419412612915039062e-01
4.435791969299316406e-01
4.981267452239990234e-01
4.732670783996582031e-01
4.833734035491943359e-01
4.912681579589843750e-01
4.379749298095703125e-01
4.453985691070556641e-01
4.603195190429687500e-01
4.423735141754150391e-01
