7.413268089294433594e-01
7.001514434814453125e-01
6.971673965454101562e-01
6.868729591369628906e-01
7.768621444702148438e-01
6.965456008911132812e-01
6.914761066436767578e-01
6.773364543914794922e-01
6.915757656097412109e-01
7.031869888305664062e-01
6.633131504058837891e-01
6.878371238708496094e-01
6.675448417663574219e-01
6.941409111022949219e-01
6.832919120788574219e-01
6.851208209991455078e-01
7.716300487518310547e-01
7.031314373016357422e-01
6.659348011016845703e-01
6.683571338653564453e-01
6.724762916564941406e-01
6.953933238983154297e-01
6.677186489105224609e-01
6.622438430786132812e-01
6.784727573394775391e-01
6.780872344970703125e-01
6.763379573822021484e-01
6.724035739898681641e-01
6.767170429229736328e-01
6.787898540496826172e-01
6.743485927581787109e-01
6.775565147399902344e-01
6.824069023132324219e-01
6.696710586547851562e-01
6.829030513763427734e-01
7.620201110839843750e-01
7.019619941711425781e-01
6.845872402191162109e-01
6.717038154602050781e-01
6.825180053710937500e-01
7.106530666351318359e-01
6.740591526031494141e-01
6.780519485473632812e-01
6.801836490631103516e-01
6.902408599853515625e-01
6.734235286712646484e-01
6.654028892517089844e-01
7.670583724975585938e-01
6.899204254150390625e-01
6.786041259765625000e-01
6.696174144744873047e-01
6.744840145111083984e-01
6.800599098205566406e-01
6.743991374969482422e-01
6.743116378784179688e-01
6.796398162841796875e-01
6.760122776031494141e-01
6.701552867889404297e-01
6.762967109680175781e-01
6.958076953887939453e-01
6.683814525604248047e-01
6.643314361572265625e-01
6.881778240203857422e-01
7.041156291961669922e-01
6.724507808685302734e-01
6.807451248168945312e-01
7.739448547363281250e-01
7.047331333160400391e-01
6.681804656982421875e-01
6.714570522308349609e-01
6.657860279083251953e-01
6.885664463043212891e-01
6.730704307556152344e-01
6.825683116912841797e-01
6.771070957183837891e-01
6.690530776977539062e-01
7.076432704925537109e-01
6.742353439331054688e-01
6.588890552520751953e-01
6.769149303436279297e-01
6.713690757751464844e-01
6.881248950958251953e-01
6.702718734741210938e-01
6.717898845672607422e-01
6.704492568969726562e-01
6.578457355499267578e-01
6.717965602874755859e-01
6.618337631225585938e-01
6.867380142211914062e-01
7.673709392547607422e-01
6.780438423156738281e-01
6.696481704711914062e-01
6.785571575164794922e-01
6.763174533843994141e-01
6.649019718170166016e-01
6.709108352661132812e-01
6.714990139007568359e-01
6.613805294036865234e-01
6.759657859802246094e-01
6.617422103881835938e-01
6.611890792846679688e-01
6.646575927734375000e-01
6.717674732208251953e-01
6.733853816986083984e-01
6.687643527984619141e-01
6.736140251159667969e-01
6.656746864318847656e-01
6.743555068969726562e-01
6.683654785156250000e-01
6.675457954406738281e-01
6.763010025024414062e-01
6.690855026245117188e-01
6.739993095397949219e-01
6.588659286499023438e-01
6.745157241821289062e-01
6.657500267028808594e-01
6.760380268096923828e-01
6.699230670928955078e-01
6.638462543487548828e-01
6.787483692169189453e-01
6.669054031372070312e-01
6.732134819030761719e-01
6.687660217285156250e-01
6.708722114562988281e-01
6.732361316680908203e-01
6.683120727539062500e-01
6.660294532775878906e-01
6.754689216613769531e-01
6.778104305267333984e-01
6.666905879974365234e-01
6.737821102142333984e-01
6.769397258758544922e-01
6.635823249816894531e-01
6.714782714843750000e-01
6.748893260955810547e-01
6.747658252716064453e-01
6.724314689636230469e-01
6.879484653472900391e-01
6.725921630859375000e-01
6.647260189056396484e-01
6.673088073730468750e-01
6.741697788238525391e-01
6.765449047088623047e-01
6.618990898132324219e-01
6.711831092834472656e-01
6.741712093353271484e-01
6.687128543853759766e-01
6.676266193389892578e-01
6.637859344482421875e-01
6.741390228271484375e-01
6.702041625976562500e-01
6.736977100372314453e-01
6.624531745910644531e-01
7.689750194549560547e-01
6.718556880950927734e-01
6.656126976013183594e-01
6.769399642944335938e-01
6.618027687072753906e-01
6.772527694702148438e-01
6.721947193145751953e-01
6.823856830596923828e-01
6.690332889556884766e-01
6.639015674591064453e-01
6.814157962799072266e-01
6.674196720123291016e-01
7.798385620117187500e-01
6.694552898406982422e-01
6.596524715423583984e-01
6.689000129699707031e-01
6.773674488067626953e-01
6.683375835418701172e-01
6.649527549743652344e-01
6.697804927825927734e-01
6.710360050201416016e-01
6.758389472961425781e-01
6.819381713867187500e-01
6.757991313934326172e-01
7.704148292541503906e-01
6.649050712585449219e-01
6.687588691711425781e-01
6.662967205047607422e-01
6.647207736968994141e-01
6.667611598968505859e-01
6.607160568237304688e-01
6.727638244628906250e-01
6.621506214141845703e-01
6.690909862518310547e-01
6.750650405883789062e-01
6.638057231903076172e-01
6.648232936859130859e-01
7.517120838165283203e-01
6.716868877410888672e-01
6.618447303771972656e-01
6.718459129333496094e-01
6.662416458129882812e-01
6.620986461639404297e-01
6.694293022155761719e-01
6.739966869354248047e-01
6.837494373321533203e-01
6.762385368347167969e-01
