2.727958917617797852e+00
1.058337688446044922e+00
1.068366765975952148e+00
1.077494621276855469e+00
1.065687656402587891e+00
1.058359861373901367e+00
1.076705217361450195e+00
1.074015617370605469e+00
1.064257144927978516e+00
1.063818931579589844e+00
1.074540138244628906e+00
1.072957038879394531e+00
1.062068223953247070e+00
1.060638666152954102e+00
1.068898677825927734e+00
1.070864439010620117e+00
1.061616897583007812e+00
1.064251184463500977e+00
1.073475360870361328e+00
1.067945480346679688e+00
1.079580783843994141e+00
1.076931238174438477e+00
1.092307567596435547e+00
1.081024169921875000e+00
1.068741798400878906e+00
1.070081472396850586e+00
1.077022314071655273e+00
1.068213701248168945e+00
1.066885709762573242e+00
1.071221590042114258e+00
1.082046031951904297e+00
1.068691968917846680e+00
1.068175315856933594e+00
1.078000307083129883e+00
1.079656362533569336e+00
1.067652702331542969e+00
1.070749759674072266e+00
1.088189363479614258e+00
1.080620050430297852e+00
1.067602634429931641e+00
1.066787958145141602e+00
1.082158803939819336e+00
1.074914216995239258e+00
1.075365543365478516e+00
1.077813386917114258e+00
1.088351726531982422e+00
1.069756031036376953e+00
1.067233562469482422e+00
1.075843572616577148e+00
1.087324619293212891e+00
1.070659637451171875e+00
1.073257923126220703e+00
1.080743551254272461e+00
1.082592248916625977e+00
1.071790218353271484e+00
1.070451498031616211e+00
1.083470582962036133e+00
1.090000629425048828e+00
1.073654890060424805e+00
1.078537464141845703e+00
1.086039781570434570e+00
1.082691669464111328e+00
1.070524692535400391e+00
1.070815801620483398e+00
1.089171409606933594e+00
1.085381984710693359e+00
1.076394796371459961e+00
1.092135429382324219e+00
1.087180614471435547e+00
1.076780796051025391e+00
1.071129798889160156e+00
1.075414419174194336e+00
1.086220502853393555e+00
1.074051141738891602e+00
1.077801942825317383e+00
1.076516866683959961e+00
1.103479385375976562e+00
1.059815406799316406e+00
1.061317443847656250e+00
1.053783655166625977e+00
1.053997516632080078e+00
1.060786485671997070e+00
1.054605960845947266e+00
1.060534000396728516e+00
1.052873373031616211e+00
1.054097414016723633e+00
1.054839611053466797e+00
1.049367666244506836e+00
1.050751447677612305e+00
1.051742553710937500e+00
1.055430889129638672e+00
1.055510044097900391e+00
1.054113388061523438e+00
1.053324460983276367e+00
1.048698425292968750e+00
1.057278871536254883e+00
1.048872947692871094e+00
1.053762674331665039e+00
1.054641962051391602e+00
1.054769754409790039e+00
1.051950693130493164e+00
1.050754547119140625e+00
1.057985305786132812e+00
1.051776170730590820e+00
1.056601762771606445e+00
1.053282260894775391e+00
1.065195083618164062e+00
1.059827089309692383e+00
1.055622100830078125e+00
1.055498838424682617e+00
1.055361270904541016e+00
1.055552959442138672e+00
1.056833028793334961e+00
1.056510448455810547e+00
1.052661657333374023e+00
1.056724786758422852e+00
1.054418325424194336e+00
1.058147668838500977e+00
1.055403470993041992e+00
1.053919553756713867e+00
1.059178113937377930e+00
1.059724569320678711e+00
1.053907394409179688e+00
1.059336185455322266e+00
1.063863754272460938e+00
1.053177118301391602e+00
1.054396629333496094e+00
1.058840513229370117e+00
1.070526361465454102e+00
1.060351133346557617e+00
1.055197715759277344e+00
1.054439067840576172e+00
1.063076496124267578e+00
1.060496807098388672e+00
1.059138059616088867e+00
1.054298877716064453e+00
1.057336807250976562e+00
1.061113834381103516e+00
1.055917263031005859e+00
1.056577682495117188e+00
1.056754827499389648e+00
1.059351921081542969e+00
1.060991525650024414e+00
1.063028097152709961e+00
1.073343992233276367e+00
1.058075189590454102e+00
1.054592370986938477e+00
1.063474655151367188e+00
1.058728456497192383e+00
1.058021783828735352e+00
1.058072328567504883e+00
1.055190563201904297e+00
1.052675008773803711e+00
1.054957151412963867e+00
1.052141904830932617e+00
1.057847499847412109e+00
1.058063030242919922e+00
1.059128761291503906e+00
1.062192678451538086e+00
1.058406352996826172e+00
1.058998584747314453e+00
1.062939167022705078e+00
1.054792404174804688e+00
1.055800676345825195e+00
1.058430671691894531e+00
1.063012838363647461e+00
1.054242372512817383e+00
1.050718784332275391e+00
1.051680326461791992e+00
1.047295331954956055e+00
1.051961183547973633e+00
1.054569005966186523e+00
1.061933517456054688e+00
1.064607381820678711e+00
1.049280643463134766e+00
1.058528423309326172e+00
1.051039695739746094e+00
1.052116155624389648e+00
1.052023649215698242e+00
1.052716255187988281e+00
1.052237272262573242e+00
1.052305459976196289e+00
1.052967309951782227e+00
1.051850795745849609e+00
1.051918029785156250e+00
1.048299551010131836e+00
1.043793201446533203e+00
1.044180870056152344e+00
1.046061515808105469e+00
1.046274185180664062e+00
1.046442985534667969e+00
1.046856641769409180e+00
1.050486803054809570e+00
1.046372413635253906e+00
1.053097963333129883e+00
1.046503782272338867e+00
1.045307874679565430e+00
1.046895265579223633e+00
1.050570726394653320e+00
1.046792268753051758e+00
