7.412991523742675781e-01
7.001483440399169922e-01
6.971516609191894531e-01
6.868700981140136719e-01
7.768592834472656250e-01
6.965341567993164062e-01
6.914837360382080078e-01
6.773355007171630859e-01
6.915671825408935547e-01
7.031826972961425781e-01
6.633119583129882812e-01
6.878051757812500000e-01
6.675419807434082031e-01
6.941342353820800781e-01
6.832878589630126953e-01
6.851215362548828125e-01
7.716231346130371094e-01
7.031245231628417969e-01
6.659388542175292969e-01
6.683547496795654297e-01
6.724715232849121094e-01
6.953899860382080078e-01
6.677153110504150391e-01
6.622369289398193359e-01
6.784682273864746094e-01
6.780869960784912109e-01
6.763353347778320312e-01
6.723980903625488281e-01
6.767129898071289062e-01
6.787908077239990234e-01
6.743397712707519531e-01
6.775498390197753906e-01
6.823985576629638672e-01
6.696765422821044922e-01
6.828942298889160156e-01
7.620074748992919922e-01
7.019579410552978516e-01
6.845810413360595703e-01
6.717045307159423828e-01
6.825175285339355469e-01
7.106528282165527344e-01
6.740496158599853516e-01
6.780500411987304688e-01
6.801836490631103516e-01
6.902332305908203125e-01
6.734187602996826172e-01
6.653983592987060547e-01
7.670540809631347656e-01
6.899139881134033203e-01
6.785984039306640625e-01
6.696217060089111328e-01
6.744794845581054688e-01
6.800553798675537109e-01
6.743972301483154297e-01
6.743106842041015625e-01
6.796295642852783203e-01
6.760065555572509766e-01
6.701557636260986328e-01
6.762936115264892578e-01
6.958026885986328125e-01
6.683740615844726562e-01
6.643323898315429688e-01
6.881742477416992188e-01
7.041151523590087891e-01
6.724514961242675781e-01
6.807348728179931641e-01
7.739362716674804688e-01
7.047290802001953125e-01
6.681759357452392578e-01
6.714549064636230469e-01
6.657822132110595703e-01
6.885719299316406250e-01
6.730635166168212891e-01
6.825459003448486328e-01
6.771099567413330078e-01
6.690402030944824219e-01
7.076387405395507812e-01
6.742260456085205078e-01
6.588833332061767578e-01
6.769084930419921875e-01
6.713664531707763672e-01
6.881182193756103516e-01
6.702682971954345703e-01
6.717777252197265625e-01
6.704397201538085938e-01
6.578443050384521484e-01
6.717898845672607422e-01
6.618323326110839844e-01
6.867318153381347656e-01
7.673642635345458984e-01
6.780352592468261719e-01
6.696424484252929688e-01
6.785511970520019531e-01
6.763134002685546875e-01
6.648819446563720703e-01
6.709008216857910156e-01
6.714951992034912109e-01
6.613726615905761719e-01
6.759638786315917969e-01
6.617410182952880859e-01
6.611769199371337891e-01
6.646542549133300781e-01
6.717662811279296875e-01
6.733801364898681641e-01
6.687641143798828125e-01
6.736049652099609375e-01
6.656754016876220703e-01
6.743481159210205078e-01
6.683480739593505859e-01
6.675422191619873047e-01
6.762952804565429688e-01
6.690835952758789062e-01
6.739959716796875000e-01
6.588706970214843750e-01
6.745097637176513672e-01
6.657440662384033203e-01
6.760330200195312500e-01
6.699182987213134766e-01
6.638128757476806641e-01
6.787405014038085938e-01
6.669044494628906250e-01
6.732058525085449219e-01
6.687576770782470703e-01
6.708676815032958984e-01
6.732275485992431641e-01
6.683042049407958984e-01
6.660304069519042969e-01
6.754655838012695312e-01
6.778028011322021484e-01
6.666753292083740234e-01
6.737914085388183594e-01
6.769380569458007812e-01
6.635763645172119141e-01
6.714739799499511719e-01
6.748852729797363281e-01
6.747548580169677734e-01
6.724243164062500000e-01
6.879372596740722656e-01
6.725850105285644531e-01
6.647260189056396484e-01
6.673035621643066406e-01
6.741645336151123047e-01
6.765427589416503906e-01
6.618890762329101562e-01
6.711785793304443359e-01
6.741676330566406250e-01
6.686999797821044922e-01
6.676199436187744141e-01
6.637840270996093750e-01
6.741313934326171875e-01
6.701827049255371094e-01
6.736915111541748047e-01
6.624495983123779297e-01
7.689702510833740234e-01
6.718535423278808594e-01
6.656081676483154297e-01
6.769382953643798828e-01
6.618020534515380859e-01
6.772508621215820312e-01
6.721889972686767578e-01
6.823744773864746094e-01
6.690313816070556641e-01
6.638987064361572266e-01
6.814119815826416016e-01
6.674165725708007812e-01
7.798314094543457031e-01
6.694498062133789062e-01
6.596400737762451172e-01
6.688964366912841797e-01
6.773664951324462891e-01
6.683170795440673828e-01
6.649472713470458984e-01
6.697804927825927734e-01
6.710295677185058594e-01
6.758306026458740234e-01
6.819307804107666016e-01
6.757950782775878906e-01
7.704095840454101562e-01
6.648986339569091797e-01
6.687560081481933594e-01
6.662943363189697266e-01
6.647117137908935547e-01
6.667568683624267578e-01
6.607129573822021484e-01
6.727545261383056641e-01
6.621453762054443359e-01
6.690890789031982422e-01
6.750600337982177734e-01
6.638011932373046875e-01
6.648194789886474609e-01
7.517123222351074219e-01
6.716599464416503906e-01
6.618371009826660156e-01
6.718363761901855469e-01
6.662421226501464844e-01
6.620922088623046875e-01
6.694240570068359375e-01
6.739904880523681641e-01
6.837403774261474609e-01
6.762323379516601562e-01
