2.866108179092407227e+00
1.242089986801147461e+00
1.163790464401245117e+00
1.062614202499389648e+00
1.056573152542114258e+00
1.148613929748535156e+00
1.065006494522094727e+00
1.062951564788818359e+00
1.054412364959716797e+00
1.058874607086181641e+00
1.255875110626220703e+00
1.162260532379150391e+00
1.055306911468505859e+00
1.058379888534545898e+00
1.067108392715454102e+00
1.063558578491210938e+00
1.058334827423095703e+00
1.067893028259277344e+00
1.166020870208740234e+00
1.153345346450805664e+00
1.156296968460083008e+00
1.170308828353881836e+00
1.226173400878906250e+00
1.073550939559936523e+00
1.077049732208251953e+00
1.070520401000976562e+00
1.067735671997070312e+00
1.060498476028442383e+00
1.062173366546630859e+00
1.114310979843139648e+00
1.166572570800781250e+00
1.059842348098754883e+00
1.060966253280639648e+00
1.168759584426879883e+00
1.222392320632934570e+00
1.062530755996704102e+00
1.157907485961914062e+00
1.169258832931518555e+00
1.063195705413818359e+00
1.062279224395751953e+00
1.066457033157348633e+00
1.074712038040161133e+00
1.162240743637084961e+00
1.065623283386230469e+00
1.077559709548950195e+00
1.076379537582397461e+00
1.061363697052001953e+00
1.092782497406005859e+00
1.079179525375366211e+00
1.130162000656127930e+00
1.065348148345947266e+00
1.068616628646850586e+00
1.080113410949707031e+00
1.075710535049438477e+00
1.163265228271484375e+00
1.163567781448364258e+00
1.085724592208862305e+00
1.080060482025146484e+00
1.068079948425292969e+00
1.129015922546386719e+00
1.080478429794311523e+00
1.101027965545654297e+00
1.068996667861938477e+00
1.125265121459960938e+00
1.276671171188354492e+00
1.172769546508789062e+00
1.074583053588867188e+00
1.079982280731201172e+00
1.079270839691162109e+00
1.071497678756713867e+00
1.071698427200317383e+00
1.083268404006958008e+00
1.084912061691284180e+00
1.139956235885620117e+00
1.071285963058471680e+00
1.086195230484008789e+00
1.191137790679931641e+00
1.156190156936645508e+00
1.151166677474975586e+00
1.152026653289794922e+00
1.058664083480834961e+00
1.056682109832763672e+00
1.060936212539672852e+00
1.057862997055053711e+00
1.054982900619506836e+00
1.054859161376953125e+00
1.116337537765502930e+00
1.055935859680175781e+00
1.137385129928588867e+00
1.060241222381591797e+00
1.098129272460937500e+00
1.155328989028930664e+00
1.063210487365722656e+00
1.156427860260009766e+00
1.062882661819458008e+00
1.158614397048950195e+00
1.137439250946044922e+00
1.061159610748291016e+00
1.112613916397094727e+00
1.159940242767333984e+00
1.059936523437500000e+00
1.062837839126586914e+00
1.157424688339233398e+00
1.250832557678222656e+00
1.253295421600341797e+00
1.157686948776245117e+00
1.064649343490600586e+00
1.062098026275634766e+00
1.061718702316284180e+00
1.063343048095703125e+00
1.064962625503540039e+00
1.063673496246337891e+00
1.064893722534179688e+00
1.101020812988281250e+00
1.200756788253784180e+00
1.160026550292968750e+00
1.156880617141723633e+00
1.060266494750976562e+00
1.060558319091796875e+00
1.063684225082397461e+00
1.064750194549560547e+00
1.064411163330078125e+00
1.060296535491943359e+00
1.063617706298828125e+00
1.110105276107788086e+00
1.067539691925048828e+00
1.064666748046875000e+00
1.063297748565673828e+00
1.066004276275634766e+00
1.064771652221679688e+00
1.098039150238037109e+00
1.120428562164306641e+00
1.214144706726074219e+00
1.159199476242065430e+00
1.154120206832885742e+00
1.070889472961425781e+00
1.067557334899902344e+00
1.066559314727783203e+00
1.063987016677856445e+00
1.177138090133666992e+00
1.142026424407958984e+00
1.068651437759399414e+00
1.133167266845703125e+00
1.065752983093261719e+00
1.067125558853149414e+00
1.068099021911621094e+00
1.063498258590698242e+00
1.121058940887451172e+00
1.216186523437500000e+00
1.143112897872924805e+00
1.079993724822998047e+00
1.067939043045043945e+00
1.085305452346801758e+00
1.066537618637084961e+00
1.091493844985961914e+00
1.069131374359130859e+00
1.068769216537475586e+00
1.118842363357543945e+00
1.070817708969116211e+00
1.071899414062500000e+00
1.126956701278686523e+00
1.067140340805053711e+00
1.068646430969238281e+00
1.105077743530273438e+00
1.063911676406860352e+00
1.068298578262329102e+00
1.072077512741088867e+00
1.067991971969604492e+00
1.070979595184326172e+00
1.065520763397216797e+00
1.067701101303100586e+00
1.106968641281127930e+00
1.163724184036254883e+00
1.125941514968872070e+00
1.071385622024536133e+00
1.065908193588256836e+00
1.068307638168334961e+00
1.067084312438964844e+00
1.068397998809814453e+00
1.069152593612670898e+00
1.142505884170532227e+00
1.064857721328735352e+00
1.108212947845458984e+00
1.217538833618164062e+00
1.122140407562255859e+00
1.069346904754638672e+00
1.067341804504394531e+00
1.071131467819213867e+00
1.102633953094482422e+00
1.226464748382568359e+00
1.068038702011108398e+00
1.065604209899902344e+00
1.112294435501098633e+00
1.166507482528686523e+00
1.113229990005493164e+00
1.142685413360595703e+00
1.103259086608886719e+00
1.248179435729980469e+00
1.061464071273803711e+00
1.059512853622436523e+00
