7.412989139556884766e-01
7.001349925994873047e-01
6.971416473388671875e-01
6.868681907653808594e-01
7.768571376800537109e-01
6.965329647064208984e-01
6.914832592010498047e-01
6.773345470428466797e-01
6.915638446807861328e-01
7.031865119934082031e-01
6.633081436157226562e-01
6.878254413604736328e-01
6.675422191619873047e-01
6.941328048706054688e-01
6.832878589630126953e-01
6.851217746734619141e-01
7.716250419616699219e-01
7.031204700469970703e-01
6.659407615661621094e-01
6.683523654937744141e-01
6.724722385406494141e-01
6.953866481781005859e-01
6.677100658416748047e-01
6.622369289398193359e-01
6.784684658050537109e-01
6.780850887298583984e-01
6.763355731964111328e-01
6.723947525024414062e-01
6.767067909240722656e-01
6.787881851196289062e-01
6.743412017822265625e-01
6.775481700897216797e-01
6.823992729187011719e-01
6.696774959564208984e-01
6.828892230987548828e-01
7.620081901550292969e-01
7.019562721252441406e-01
6.845791339874267578e-01
6.717050075531005859e-01
6.825151443481445312e-01
7.106490135192871094e-01
6.740493774414062500e-01
6.780500411987304688e-01
6.801815032958984375e-01
6.902318000793457031e-01
6.734204292297363281e-01
6.653976440429687500e-01
7.670545578002929688e-01
6.899096965789794922e-01
6.785974502563476562e-01
6.696219444274902344e-01
6.744737625122070312e-01
6.800413131713867188e-01
6.743962764739990234e-01
6.743094921112060547e-01
6.796293258666992188e-01
6.760065555572509766e-01
6.701557636260986328e-01
6.762895584106445312e-01
6.957831382751464844e-01
6.683743000030517578e-01
6.643311977386474609e-01
6.881723403930664062e-01
7.041122913360595703e-01
6.724519729614257812e-01
6.807341575622558594e-01
7.739360332489013672e-01
7.047312259674072266e-01
6.681730747222900391e-01
6.714491844177246094e-01
6.657831668853759766e-01
6.885728836059570312e-01
6.730637550354003906e-01
6.825401782989501953e-01
6.771121025085449219e-01
6.690392494201660156e-01
7.076370716094970703e-01
6.742241382598876953e-01
6.588845252990722656e-01
6.769051551818847656e-01
6.713583469390869141e-01
6.881167888641357422e-01
6.702632904052734375e-01
6.717822551727294922e-01
6.704390048980712891e-01
6.578450202941894531e-01
6.717882156372070312e-01
6.618301868438720703e-01
6.867327690124511719e-01
7.673645019531250000e-01
6.780381202697753906e-01
6.696410179138183594e-01
6.785507202148437500e-01
6.763107776641845703e-01
6.648819446563720703e-01
6.709024906158447266e-01
6.714951992034912109e-01
6.613719463348388672e-01
6.759641170501708984e-01
6.617403030395507812e-01
6.611785888671875000e-01
6.646542549133300781e-01
6.717689037322998047e-01
6.733777523040771484e-01
6.687622070312500000e-01
6.736054420471191406e-01
6.656734943389892578e-01
6.743471622467041016e-01
6.683464050292968750e-01
6.675415039062500000e-01
6.762924194335937500e-01
6.690824031829833984e-01
6.739966869354248047e-01
6.588678359985351562e-01
6.745100021362304688e-01
6.657443046569824219e-01
6.760354042053222656e-01
6.699180603027343750e-01
6.638154983520507812e-01
6.787431240081787109e-01
6.669044494628906250e-01
6.732089519500732422e-01
6.687564849853515625e-01
6.708691120147705078e-01
6.732268333435058594e-01
6.682786941528320312e-01
6.660296916961669922e-01
6.754658222198486328e-01
6.778023242950439453e-01
6.666717529296875000e-01
6.737911701202392578e-01
6.769375801086425781e-01
6.635756492614746094e-01
6.714739799499511719e-01
6.748859882354736328e-01
6.747541427612304688e-01
6.724185943603515625e-01
6.879386901855468750e-01
6.725831031799316406e-01
6.647181510925292969e-01
6.673035621643066406e-01
6.741640567779541016e-01
6.765408515930175781e-01
6.618909835815429688e-01
6.711812019348144531e-01
6.741671562194824219e-01
6.686773300170898438e-01
6.676175594329833984e-01
6.637878417968750000e-01
6.741335391998291016e-01
6.701784133911132812e-01
6.736927032470703125e-01
6.624460220336914062e-01
7.689688205718994141e-01
6.718549728393554688e-01
6.656074523925781250e-01
6.769368648529052734e-01
6.617991924285888672e-01
6.772491931915283203e-01
6.721885204315185547e-01
6.823778152465820312e-01
6.690325736999511719e-01
6.638956069946289062e-01
6.814084053039550781e-01
6.674122810363769531e-01
7.798323631286621094e-01
6.694526672363281250e-01
6.596364974975585938e-01
6.688954830169677734e-01
6.773669719696044922e-01
6.683347225189208984e-01
6.649491786956787109e-01
6.697802543640136719e-01
6.710252761840820312e-01
6.758089065551757812e-01
6.819317340850830078e-01
6.757957935333251953e-01
7.704071998596191406e-01
6.648950576782226562e-01
6.687536239624023438e-01
6.662924289703369141e-01
6.647109985351562500e-01
6.667587757110595703e-01
6.607122421264648438e-01
6.727538108825683594e-01
6.621458530426025391e-01
6.690895557403564453e-01
6.750595569610595703e-01
6.638014316558837891e-01
6.648182868957519531e-01
7.517092227935791016e-01
6.716802120208740234e-01
6.618368625640869141e-01
6.718368530273437500e-01
6.662409305572509766e-01
6.620945930480957031e-01
6.694257259368896484e-01
6.739907264709472656e-01
6.837403774261474609e-01
6.762316226959228516e-01
