7.412905693054199219e-01
7.001361846923828125e-01
6.971824169158935547e-01
6.868846416473388672e-01
7.768824100494384766e-01
6.965396404266357422e-01
6.914999485015869141e-01
6.773366928100585938e-01
6.915645599365234375e-01
7.031843662261962891e-01
6.633062362670898438e-01
6.878201961517333984e-01
6.675250530242919922e-01
6.941525936126708984e-01
6.832957267761230469e-01
6.851148605346679688e-01
7.716341018676757812e-01
7.031333446502685547e-01
6.659255027770996094e-01
6.683456897735595703e-01
6.724679470062255859e-01
6.953749656677246094e-01
6.677105426788330078e-01
6.622433662414550781e-01
6.784493923187255859e-01
6.781024932861328125e-01
6.763563156127929688e-01
6.723971366882324219e-01
6.767294406890869141e-01
6.788060665130615234e-01
6.743521690368652344e-01
6.775455474853515625e-01
6.824071407318115234e-01
6.697070598602294922e-01
6.828916072845458984e-01
7.620139122009277344e-01
7.019803524017333984e-01
6.845803260803222656e-01
6.717100143432617188e-01
6.825139522552490234e-01
7.106842994689941406e-01
6.740629673004150391e-01
6.780438423156738281e-01
6.801810264587402344e-01
6.902191638946533203e-01
6.734025478363037109e-01
6.654026508331298828e-01
7.670645713806152344e-01
6.899127960205078125e-01
6.785912513732910156e-01
6.696174144744873047e-01
6.744689941406250000e-01
6.800494194030761719e-01
6.743912696838378906e-01
6.742973327636718750e-01
6.796329021453857422e-01
6.760144233703613281e-01
6.701431274414062500e-01
6.763119697570800781e-01
6.958000659942626953e-01
6.683611869812011719e-01
6.643364429473876953e-01
6.881694793701171875e-01
7.040991783142089844e-01
6.724429130554199219e-01
6.807324886322021484e-01
7.739391326904296875e-01
7.047271728515625000e-01
6.681978702545166016e-01
6.714587211608886719e-01
6.657853126525878906e-01
6.885893344879150391e-01
6.730740070343017578e-01
6.825358867645263672e-01
6.771016120910644531e-01
6.690661907196044922e-01
7.076284885406494141e-01
6.742401123046875000e-01
6.588768959045410156e-01
6.768906116485595703e-01
6.713628768920898438e-01
6.881084442138671875e-01
6.702673435211181641e-01
6.717669963836669922e-01
6.704299449920654297e-01
6.578330993652343750e-01
6.717989444732666016e-01
6.618287563323974609e-01
6.867218017578125000e-01
7.673606872558593750e-01
6.780333518981933594e-01
6.696188449859619141e-01
6.785392761230468750e-01
6.763024330139160156e-01
6.648886203765869141e-01
6.708936691284179688e-01
6.714990139007568359e-01
6.613926887512207031e-01
6.759743690490722656e-01
6.617617607116699219e-01
6.611895561218261719e-01
6.646707057952880859e-01
6.717636585235595703e-01
6.733975410461425781e-01
6.687414646148681641e-01
6.735985279083251953e-01
6.656868457794189453e-01
6.743581295013427734e-01
6.683442592620849609e-01
6.675431728363037109e-01
6.763024330139160156e-01
6.690897941589355469e-01
6.739881038665771484e-01
6.588742733001708984e-01
6.745188236236572266e-01
6.657443046569824219e-01
6.760327816009521484e-01
6.699044704437255859e-01
6.638445854187011719e-01
6.787340641021728516e-01
6.669142246246337891e-01
6.732048988342285156e-01
6.687483787536621094e-01
6.708545684814453125e-01
6.732358932495117188e-01
6.683011054992675781e-01
6.660234928131103516e-01
6.754758358001708984e-01
6.778008937835693359e-01
6.666827201843261719e-01
6.737952232360839844e-01
6.769220829010009766e-01
6.635627746582031250e-01
6.714608669281005859e-01
6.748735904693603516e-01
6.747572422027587891e-01
6.724319458007812500e-01
6.879305839538574219e-01
6.725943088531494141e-01
6.647264957427978516e-01
6.673130989074707031e-01
6.741554737091064453e-01
6.765310764312744141e-01
6.618936061859130859e-01
6.711668968200683594e-01
6.741805076599121094e-01
6.686921119689941406e-01
6.676361560821533203e-01
6.637635231018066406e-01
6.741492748260498047e-01
6.701872348785400391e-01
6.736829280853271484e-01
6.624166965484619141e-01
7.689785957336425781e-01
6.718506813049316406e-01
6.655983924865722656e-01
6.769428253173828125e-01
6.618063449859619141e-01
6.772539615631103516e-01
6.722011566162109375e-01
6.823635101318359375e-01
6.690232753753662109e-01
6.639046669006347656e-01
6.813952922821044922e-01
6.674087047576904297e-01
7.798175811767578125e-01
6.694567203521728516e-01
6.596570014953613281e-01
6.688885688781738281e-01
6.773569583892822266e-01
6.683430671691894531e-01
6.649556159973144531e-01
6.697754859924316406e-01
6.710176467895507812e-01
6.758208274841308594e-01
6.819243431091308594e-01
6.757717132568359375e-01
7.704157829284667969e-01
6.649088859558105469e-01
6.687459945678710938e-01
6.662981510162353516e-01
6.646924018859863281e-01
6.667511463165283203e-01
6.606926918029785156e-01
6.727535724639892578e-01
6.621549129486083984e-01
6.690700054168701172e-01
6.750712394714355469e-01
6.637911796569824219e-01
6.648147106170654297e-01
7.516989707946777344e-01
6.716885566711425781e-01
6.618189811706542969e-01
6.718249320983886719e-01
6.662247180938720703e-01
6.620955467224121094e-01
6.694188117980957031e-01
6.739912033081054688e-01
6.837272644042968750e-01
6.762335300445556641e-01
