2.986040115356445312e+00
3.552882671356201172e-01
3.584642410278320312e-01
3.571307659149169922e-01
3.575727939605712891e-01
3.588516712188720703e-01
3.580403327941894531e-01
3.572175502777099609e-01
3.588140010833740234e-01
3.590793609619140625e-01
3.587388992309570312e-01
3.582365512847900391e-01
3.595421314239501953e-01
3.588955402374267578e-01
3.584690093994140625e-01
3.576030731201171875e-01
3.599691390991210938e-01
3.750746250152587891e-01
3.626582622528076172e-01
3.637857437133789062e-01
3.623092174530029297e-01
3.636858463287353516e-01
3.632142543792724609e-01
3.626759052276611328e-01
3.620433807373046875e-01
3.629379272460937500e-01
3.614034652709960938e-01
3.615045547485351562e-01
3.617677688598632812e-01
3.620004653930664062e-01
3.644237518310546875e-01
3.618731498718261719e-01
3.628065586090087891e-01
3.626494407653808594e-01
3.639633655548095703e-01
3.637216091156005859e-01
3.620493412017822266e-01
3.625769615173339844e-01
3.625445365905761719e-01
3.631589412689208984e-01
3.626599311828613281e-01
3.740465641021728516e-01
3.623132705688476562e-01
3.625047206878662109e-01
3.643677234649658203e-01
3.640391826629638672e-01
3.633744716644287109e-01
3.640205860137939453e-01
3.641691207885742188e-01
3.649296760559082031e-01
3.639667034149169922e-01
3.642160892486572266e-01
3.644747734069824219e-01
3.647882938385009766e-01
3.630867004394531250e-01
3.657202720642089844e-01
3.638887405395507812e-01
3.647675514221191406e-01
3.636360168457031250e-01
3.637018203735351562e-01
3.658640384674072266e-01
3.652505874633789062e-01
3.639125823974609375e-01
3.638882637023925781e-01
3.648180961608886719e-01
3.654296398162841797e-01
3.656339645385742188e-01
3.654835224151611328e-01
3.651826381683349609e-01
3.645133972167968750e-01
3.660149574279785156e-01
3.679208755493164062e-01
3.649697303771972656e-01
3.646559715270996094e-01
3.649137020111083984e-01
3.667798042297363281e-01
3.648095130920410156e-01
3.653254508972167969e-01
3.658089637756347656e-01
3.658220767974853516e-01
3.662707805633544922e-01
3.660776615142822266e-01
3.662555217742919922e-01
3.656890392303466797e-01
3.667132854461669922e-01
3.654484748840332031e-01
3.660495281219482422e-01
3.666546344757080078e-01
3.673253059387207031e-01
3.672652244567871094e-01
3.655593395233154297e-01
3.670287132263183594e-01
3.668692111968994141e-01
3.669614791870117188e-01
3.667066097259521484e-01
3.668658733367919922e-01
3.662648200988769531e-01
3.670878410339355469e-01
3.669848442077636719e-01
3.679938316345214844e-01
3.674771785736083984e-01
3.673143386840820312e-01
3.683285713195800781e-01
3.673758506774902344e-01
3.682527542114257812e-01
3.678834438323974609e-01
3.704347610473632812e-01
3.731968402862548828e-01
3.678681850433349609e-01
3.681378364562988281e-01
3.687343597412109375e-01
3.688287734985351562e-01
3.677539825439453125e-01
3.697221279144287109e-01
3.686490058898925781e-01
3.686077594757080078e-01
3.690152168273925781e-01
3.692302703857421875e-01
3.693735599517822266e-01
3.700368404388427734e-01
3.718824386596679688e-01
3.700845241546630859e-01
3.698990345001220703e-01
3.697919845581054688e-01
3.697881698608398438e-01
3.698766231536865234e-01
3.676958084106445312e-01
3.724153041839599609e-01
3.698723316192626953e-01
3.748250007629394531e-01
3.680346012115478516e-01
3.690650463104248047e-01
3.699951171875000000e-01
3.706073760986328125e-01
3.761827945709228516e-01
3.819568157196044922e-01
3.703691959381103516e-01
3.704516887664794922e-01
3.694689273834228516e-01
3.689804077148437500e-01
3.697526454925537109e-01
3.682596683502197266e-01
3.706078529357910156e-01
3.700921535491943359e-01
3.691833019256591797e-01
3.720481395721435547e-01
3.727777004241943359e-01
3.735620975494384766e-01
3.691754341125488281e-01
3.691458702087402344e-01
3.692348003387451172e-01
3.725585937500000000e-01
3.694474697113037109e-01
3.710844516754150391e-01
3.713734149932861328e-01
3.709344863891601562e-01
3.717966079711914062e-01
3.728229999542236328e-01
3.729760646820068359e-01
3.807885646820068359e-01
3.729059696197509766e-01
3.709778785705566406e-01
3.712167739868164062e-01
3.726539611816406250e-01
3.722267150878906250e-01
3.726460933685302734e-01
3.738620281219482422e-01
3.716216087341308594e-01
3.723800182342529297e-01
3.717956542968750000e-01
3.720326423645019531e-01
3.744924068450927734e-01
3.703703880310058594e-01
3.741009235382080078e-01
3.711972236633300781e-01
3.805043697357177734e-01
3.721323013305664062e-01
3.719177246093750000e-01
3.715889453887939453e-01
3.710491657257080078e-01
3.730292320251464844e-01
3.745529651641845703e-01
3.742239475250244141e-01
3.782823085784912109e-01
3.719961643218994141e-01
3.904664516448974609e-01
3.724358081817626953e-01
3.721601963043212891e-01
3.710854053497314453e-01
3.723480701446533203e-01
3.723354339599609375e-01
3.725299835205078125e-01
3.723013401031494141e-01
3.752791881561279297e-01
3.714985847473144531e-01
3.732569217681884766e-01
3.724527359008789062e-01
3.741564750671386719e-01
3.710253238677978516e-01
3.846137523651123047e-01
