7.377228736877441406e-01
7.087411880493164062e-01
6.807241439819335938e-01
7.651751041412353516e-01
6.943690776824951172e-01
6.784830093383789062e-01
6.903631687164306641e-01
6.769692897796630859e-01
6.938002109527587891e-01
7.785580158233642578e-01
6.778154373168945312e-01
6.737458705902099609e-01
6.848418712615966797e-01
6.925930976867675781e-01
6.907262802124023438e-01
6.831030845642089844e-01
6.877462863922119141e-01
7.074229717254638672e-01
6.854288578033447266e-01
6.806001663208007812e-01
6.857080459594726562e-01
6.898107528686523438e-01
6.870479583740234375e-01
6.833834648132324219e-01
6.828675270080566406e-01
6.802246570587158203e-01
6.739027500152587891e-01
6.887202262878417969e-01
6.731126308441162109e-01
6.732769012451171875e-01
7.844505310058593750e-01
6.779019832611083984e-01
6.836557388305664062e-01
6.718220710754394531e-01
6.702194213867187500e-01
6.901674270629882812e-01
6.822104454040527344e-01
6.817805767059326172e-01
6.821672916412353516e-01
6.859195232391357422e-01
7.002615928649902344e-01
6.742546558380126953e-01
6.709995269775390625e-01
6.737396717071533203e-01
6.751832962036132812e-01
6.829588413238525391e-01
6.750729084014892578e-01
6.719200611114501953e-01
6.824777126312255859e-01
6.784288883209228516e-01
6.872131824493408203e-01
6.682815551757812500e-01
6.684651374816894531e-01
6.859476566314697266e-01
6.905686855316162109e-01
6.734869480133056641e-01
6.708509922027587891e-01
7.514905929565429688e-01
6.785411834716796875e-01
7.004024982452392578e-01
6.744654178619384766e-01
6.753039360046386719e-01
6.760313510894775391e-01
6.819083690643310547e-01
6.726708412170410156e-01
6.720566749572753906e-01
6.749007701873779297e-01
6.840400695800781250e-01
7.742984294891357422e-01
6.713547706604003906e-01
6.780810356140136719e-01
6.792759895324707031e-01
6.879556179046630859e-01
6.776747703552246094e-01
6.757235527038574219e-01
6.763465404510498047e-01
6.826529502868652344e-01
6.758816242218017578e-01
7.670423984527587891e-01
6.647491455078125000e-01
6.889820098876953125e-01
6.873564720153808594e-01
6.749055385589599609e-01
6.805868148803710938e-01
6.789162158966064453e-01
6.853902339935302734e-01
6.814153194427490234e-01
6.767179965972900391e-01
7.563507556915283203e-01
6.866219043731689453e-01
6.859672069549560547e-01
6.863489151000976562e-01
6.753220558166503906e-01
6.974580287933349609e-01
6.901898384094238281e-01
6.792063713073730469e-01
6.754405498504638672e-01
6.759026050567626953e-01
7.607879638671875000e-01
6.633868217468261719e-01
6.892588138580322266e-01
6.778705120086669922e-01
6.753072738647460938e-01
6.763887405395507812e-01
6.864924430847167969e-01
6.849451065063476562e-01
6.837294101715087891e-01
6.765313148498535156e-01
7.714815139770507812e-01
6.743783950805664062e-01
6.727058887481689453e-01
6.744151115417480469e-01
6.851577758789062500e-01
6.803729534149169922e-01
6.717245578765869141e-01
6.788372993469238281e-01
6.870319843292236328e-01
6.888344287872314453e-01
7.637817859649658203e-01
6.760020256042480469e-01
6.715009212493896484e-01
6.874155998229980469e-01
6.904735565185546875e-01
6.734540462493896484e-01
6.793110370635986328e-01
6.864337921142578125e-01
6.857802867889404297e-01
6.964964866638183594e-01
7.787413597106933594e-01
6.894428730010986328e-01
6.866695880889892578e-01
6.728448867797851562e-01
6.877655982971191406e-01
6.860547065734863281e-01
6.811711788177490234e-01
6.757392883300781250e-01
6.864969730377197266e-01
6.781539916992187500e-01
7.763752937316894531e-01
6.805150508880615234e-01
6.849150657653808594e-01
6.887321472167968750e-01
6.800086498260498047e-01
6.787383556365966797e-01
6.844160556793212891e-01
6.837136745452880859e-01
6.935963630676269531e-01
6.743121147155761719e-01
7.465546131134033203e-01
6.863682270050048828e-01
6.867468357086181641e-01
6.993050575256347656e-01
6.904993057250976562e-01
6.737141609191894531e-01
6.814126968383789062e-01
6.736276149749755859e-01
6.845645904541015625e-01
6.730713844299316406e-01
6.742022037506103516e-01
6.863317489624023438e-01
6.961121559143066406e-01
6.880414485931396484e-01
6.868040561676025391e-01
6.817333698272705078e-01
6.795971393585205078e-01
7.720422744750976562e-01
6.871209144592285156e-01
6.824276447296142578e-01
6.759603023529052734e-01
6.916618347167968750e-01
6.870248317718505859e-01
6.840281486511230469e-01
6.761417388916015625e-01
6.836020946502685547e-01
6.926529407501220703e-01
7.534337043762207031e-01
6.867456436157226562e-01
7.533142566680908203e-01
6.836192607879638672e-01
6.767621040344238281e-01
6.747210025787353516e-01
6.885948181152343750e-01
7.017414569854736328e-01
6.909046173095703125e-01
6.758315563201904297e-01
6.796836853027343750e-01
6.796092987060546875e-01
7.771444320678710938e-01
7.782037258148193359e-01
6.801025867462158203e-01
6.765961647033691406e-01
6.751632690429687500e-01
6.734781265258789062e-01
7.597372531890869141e-01
6.883659362792968750e-01
6.789023876190185547e-01
6.816232204437255859e-01
6.751725673675537109e-01
7.617044448852539062e-01
7.761614322662353516e-01
