2.978974580764770508e+00
3.472597599029541016e-01
3.476607799530029297e-01
3.460166454315185547e-01
3.468225002288818359e-01
3.497099876403808594e-01
3.501904010772705078e-01
3.504045009613037109e-01
3.496291637420654297e-01
3.489613533020019531e-01
3.504042625427246094e-01
3.507747650146484375e-01
3.499777317047119141e-01
3.488593101501464844e-01
3.491714000701904297e-01
3.501176834106445312e-01
3.516736030578613281e-01
3.691227436065673828e-01
3.540492057800292969e-01
3.538792133331298828e-01
3.532741069793701172e-01
3.540418148040771484e-01
3.535027503967285156e-01
3.520817756652832031e-01
3.525373935699462891e-01
3.524928092956542969e-01
3.539004325866699219e-01
3.539054393768310547e-01
3.535425662994384766e-01
3.533833026885986328e-01
3.531723022460937500e-01
3.544185161590576172e-01
3.557608127593994141e-01
3.527817726135253906e-01
3.537096977233886719e-01
3.540151119232177734e-01
3.537883758544921875e-01
3.553857803344726562e-01
3.545095920562744141e-01
3.549818992614746094e-01
3.544538021087646484e-01
3.542540073394775391e-01
3.532490730285644531e-01
3.532257080078125000e-01
3.541862964630126953e-01
3.547115325927734375e-01
3.529706001281738281e-01
3.547055721282958984e-01
3.530290126800537109e-01
3.533799648284912109e-01
3.543334007263183594e-01
3.540532588958740234e-01
3.541145324707031250e-01
3.535676002502441406e-01
3.546528816223144531e-01
3.556578159332275391e-01
3.538496494293212891e-01
3.545105457305908203e-01
3.550188541412353516e-01
3.551895618438720703e-01
3.542759418487548828e-01
3.535084724426269531e-01
3.555545806884765625e-01
3.552846908569335938e-01
3.543398380279541016e-01
3.535952568054199219e-01
3.540790081024169922e-01
3.550970554351806641e-01
3.556218147277832031e-01
3.535912036895751953e-01
3.537609577178955078e-01
3.547773361206054688e-01
3.542306423187255859e-01
3.547754287719726562e-01
3.540585041046142578e-01
3.537814617156982422e-01
3.546762466430664062e-01
3.572478294372558594e-01
3.563432693481445312e-01
3.557221889495849609e-01
3.557119369506835938e-01
3.558275699615478516e-01
3.571746349334716797e-01
3.553864955902099609e-01
3.554482460021972656e-01
3.562989234924316406e-01
3.554446697235107422e-01
3.553962707519531250e-01
3.560206890106201172e-01
3.577570915222167969e-01
3.573200702667236328e-01
3.567512035369873047e-01
3.552980422973632812e-01
3.560814857482910156e-01
3.556277751922607422e-01
3.563318252563476562e-01
3.558859825134277344e-01
3.562512397766113281e-01
3.559212684631347656e-01
3.548898696899414062e-01
3.561425209045410156e-01
3.566536903381347656e-01
3.575258255004882812e-01
3.569109439849853516e-01
3.555781841278076172e-01
3.552589416503906250e-01
3.558685779571533203e-01
3.575887680053710938e-01
3.552074432373046875e-01
3.558614253997802734e-01
3.573529720306396484e-01
3.585474491119384766e-01
3.573145866394042969e-01
3.567945957183837891e-01
3.566114902496337891e-01
3.559718132019042969e-01
3.588812351226806641e-01
3.575003147125244141e-01
3.573596477508544922e-01
3.702557086944580078e-01
3.606865406036376953e-01
3.572809696197509766e-01
3.567564487457275391e-01
3.571200370788574219e-01
3.566281795501708984e-01
3.580529689788818359e-01
3.583204746246337891e-01
3.562602996826171875e-01
3.562786579132080078e-01
3.588459491729736328e-01
3.586621284484863281e-01
3.579201698303222656e-01
3.612923622131347656e-01
3.571016788482666016e-01
3.584907054901123047e-01
3.579571247100830078e-01
3.582026958465576172e-01
3.579514026641845703e-01
3.579754829406738281e-01
3.579971790313720703e-01
3.585000038146972656e-01
3.570289611816406250e-01
3.567426204681396484e-01
3.579356670379638672e-01
3.567028045654296875e-01
3.589794635772705078e-01
3.584663867950439453e-01
3.593120574951171875e-01
3.596055507659912109e-01
3.585777282714843750e-01
3.612716197967529297e-01
3.583045005798339844e-01
3.597652912139892578e-01
3.578648567199707031e-01
3.628067970275878906e-01
3.600559234619140625e-01
3.600044250488281250e-01
3.603372573852539062e-01
3.675279617309570312e-01
3.598036766052246094e-01
3.611805438995361328e-01
3.611593246459960938e-01
3.603477478027343750e-01
3.606672286987304688e-01
3.609824180603027344e-01
3.612756729125976562e-01
3.601922988891601562e-01
3.618388175964355469e-01
3.607654571533203125e-01
3.625783920288085938e-01
3.650426864624023438e-01
3.605604171752929688e-01
3.600182533264160156e-01
3.609430789947509766e-01
3.656959533691406250e-01
3.684222698211669922e-01
3.640422821044921875e-01
3.613176345825195312e-01
3.623015880584716797e-01
3.615570068359375000e-01
3.609712123870849609e-01
3.589379787445068359e-01
3.609974384307861328e-01
3.669538497924804688e-01
3.613052368164062500e-01
3.612537384033203125e-01
3.703577518463134766e-01
3.607618808746337891e-01
3.604822158813476562e-01
3.600118160247802734e-01
3.598432540893554688e-01
3.616583347320556641e-01
3.618183135986328125e-01
3.593549728393554688e-01
3.605046272277832031e-01
3.606023788452148438e-01
3.619842529296875000e-01
3.599350452423095703e-01
3.641183376312255859e-01
3.601031303405761719e-01
