7.377223968505859375e-01
7.087225914001464844e-01
6.806972026824951172e-01
7.651572227478027344e-01
6.943373680114746094e-01
6.784915924072265625e-01
6.903529167175292969e-01
6.769757270812988281e-01
6.938161849975585938e-01
7.785658836364746094e-01
6.778075695037841797e-01
6.737523078918457031e-01
6.848592758178710938e-01
6.926021575927734375e-01
6.907374858856201172e-01
6.830987930297851562e-01
6.877570152282714844e-01
7.074391841888427734e-01
6.854383945465087891e-01
6.806175708770751953e-01
6.857159137725830078e-01
6.898167133331298828e-01
6.870610713958740234e-01
6.833982467651367188e-01
6.828806400299072266e-01
6.802334785461425781e-01
6.738944053649902344e-01
6.887464523315429688e-01
6.731028556823730469e-01
6.732831001281738281e-01
7.844595909118652344e-01
6.779148578643798828e-01
6.836664676666259766e-01
6.718325614929199219e-01
6.702256202697753906e-01
6.901655197143554688e-01
6.822304725646972656e-01
6.817903518676757812e-01
6.821734905242919922e-01
6.859188079833984375e-01
7.002692222595214844e-01
6.742367744445800781e-01
6.710069179534912109e-01
6.737384796142578125e-01
6.751816272735595703e-01
6.829719543457031250e-01
6.750879287719726562e-01
6.719143390655517578e-01
6.824929714202880859e-01
6.784274578094482422e-01
6.872074604034423828e-01
6.682889461517333984e-01
6.684761047363281250e-01
6.859576702117919922e-01
6.905672550201416016e-01
6.734967231750488281e-01
6.708562374114990234e-01
7.514889240264892578e-01
6.785469055175781250e-01
7.003951072692871094e-01
6.744520664215087891e-01
6.752970218658447266e-01
6.760365962982177734e-01
6.819155216217041016e-01
6.726648807525634766e-01
6.720340251922607422e-01
6.748960018157958984e-01
6.840474605560302734e-01
7.743082046508789062e-01
6.713547706604003906e-01
6.780622005462646484e-01
6.792702674865722656e-01
6.879611015319824219e-01
6.776828765869140625e-01
6.757314205169677734e-01
6.763572692871093750e-01
6.826419830322265625e-01
6.758940219879150391e-01
7.670519351959228516e-01
6.647479534149169922e-01
6.889894008636474609e-01
6.873650550842285156e-01
6.749196052551269531e-01
6.806030273437500000e-01
6.789035797119140625e-01
6.853966712951660156e-01
6.814205646514892578e-01
6.767177581787109375e-01
7.563424110412597656e-01
6.866226196289062500e-01
6.859860420227050781e-01
6.863555908203125000e-01
6.753122806549072266e-01
6.974666118621826172e-01
6.901915073394775391e-01
6.792020797729492188e-01
6.754372119903564453e-01
6.758878231048583984e-01
7.608163356781005859e-01
6.633663177490234375e-01
6.892714500427246094e-01
6.778836250305175781e-01
6.752965450286865234e-01
6.763885021209716797e-01
6.865086555480957031e-01
6.849548816680908203e-01
6.837351322174072266e-01
6.765384674072265625e-01
7.714862823486328125e-01
6.743855476379394531e-01
6.727125644683837891e-01
6.744055747985839844e-01
6.851646900177001953e-01
6.803717613220214844e-01
6.717309951782226562e-01
6.788349151611328125e-01
6.870439052581787109e-01
6.888318061828613281e-01
7.637944221496582031e-01
6.759965419769287109e-01
6.714904308319091797e-01
6.874232292175292969e-01
6.904854774475097656e-01
6.734631061553955078e-01
6.793260574340820312e-01
6.864399909973144531e-01
6.857817173004150391e-01
6.965026855468750000e-01
7.787494659423828125e-01
6.894524097442626953e-01
6.866569519042968750e-01
6.728518009185791016e-01
6.877710819244384766e-01
6.860663890838623047e-01
6.811780929565429688e-01
6.757371425628662109e-01
6.864798069000244141e-01
6.781644821166992188e-01
7.763822078704833984e-01
6.805248260498046875e-01
6.849248409271240234e-01
6.887469291687011719e-01
6.800186634063720703e-01
6.787526607513427734e-01
6.844134330749511719e-01
6.837320327758789062e-01
6.936058998107910156e-01
6.743412017822265625e-01
7.465615272521972656e-01
6.863791942596435547e-01
6.867566108703613281e-01
6.993134021759033203e-01
6.904816627502441406e-01
6.737234592437744141e-01
6.814053058624267578e-01
6.736433506011962891e-01
6.845672130584716797e-01
6.730835437774658203e-01
6.742062568664550781e-01
6.863398551940917969e-01
6.961190700531005859e-01
6.880507469177246094e-01
6.868097782135009766e-01
6.817352771759033203e-01
6.796050071716308594e-01
7.720553874969482422e-01
6.871294975280761719e-01
6.824243068695068359e-01
6.759538650512695312e-01
6.916921138763427734e-01
6.870260238647460938e-01
6.840393543243408203e-01
6.761360168457031250e-01
6.836121082305908203e-01
6.926283836364746094e-01
7.534263134002685547e-01
6.867523193359375000e-01
7.533302307128906250e-01
6.836240291595458984e-01
6.767601966857910156e-01
6.747250556945800781e-01
6.886012554168701172e-01
7.017545700073242188e-01
6.908993721008300781e-01
6.758306026458740234e-01
6.796815395355224609e-01
6.796085834503173828e-01
7.771642208099365234e-01
7.782073020935058594e-01
6.800961494445800781e-01
6.766142845153808594e-01
6.751761436462402344e-01
6.734919548034667969e-01
7.597510814666748047e-01
6.883871555328369141e-01
6.788961887359619141e-01
6.816127300262451172e-01
6.751813888549804688e-01
7.616882324218750000e-01
7.761764526367187500e-01
