2.989140748977661133e+00
3.593773841857910156e-01
3.615503311157226562e-01
3.594589233398437500e-01
3.590972423553466797e-01
3.585698604583740234e-01
3.607389926910400391e-01
3.582780361175537109e-01
3.990218639373779297e-01
3.600964546203613281e-01
3.596866130828857422e-01
3.618743419647216797e-01
3.603830337524414062e-01
3.602399826049804688e-01
3.597049713134765625e-01
3.629891872406005859e-01
3.613374233245849609e-01
3.769307136535644531e-01
3.609087467193603516e-01
3.606948852539062500e-01
3.613715171813964844e-01
3.610684871673583984e-01
3.635971546173095703e-01
3.624122142791748047e-01
3.636283874511718750e-01
3.657329082489013672e-01
3.645379543304443359e-01
3.627743721008300781e-01
3.645780086517333984e-01
3.637583255767822266e-01
3.639130592346191406e-01
3.639311790466308594e-01
3.626391887664794922e-01
3.627743721008300781e-01
3.621504306793212891e-01
3.624069690704345703e-01
3.621432781219482422e-01
3.645439147949218750e-01
3.635118007659912109e-01
3.648390769958496094e-01
3.647754192352294922e-01
3.643097877502441406e-01
3.638753890991210938e-01
3.631761074066162109e-01
3.644828796386718750e-01
3.635876178741455078e-01
3.657166957855224609e-01
3.653497695922851562e-01
3.642554283142089844e-01
3.640053272247314453e-01
3.662641048431396484e-01
3.912692070007324219e-01
4.396305084228515625e-01
4.377398490905761719e-01
3.631820678710937500e-01
3.916070461273193359e-01
4.120633602142333984e-01
4.390964508056640625e-01
3.652474880218505859e-01
3.651494979858398438e-01
3.666892051696777344e-01
4.014043807983398438e-01
4.128081798553466797e-01
4.406633377075195312e-01
4.405543804168701172e-01
4.406886100769042969e-01
4.134948253631591797e-01
3.662123680114746094e-01
3.626027107238769531e-01
3.628697395324707031e-01
4.022998809814453125e-01
4.118957519531250000e-01
3.636660575866699219e-01
3.666326999664306641e-01
3.676528930664062500e-01
3.652632236480712891e-01
4.010882377624511719e-01
3.942131996154785156e-01
4.124920368194580078e-01
3.646917343139648438e-01
3.658497333526611328e-01
3.635962009429931641e-01
3.661983013153076172e-01
3.630487918853759766e-01
3.627448081970214844e-01
3.661050796508789062e-01
3.678767681121826172e-01
3.632466793060302734e-01
3.656723499298095703e-01
3.643195629119873047e-01
3.650693893432617188e-01
3.672080039978027344e-01
3.625714778900146484e-01
3.648493289947509766e-01
3.655536174774169922e-01
3.682110309600830078e-01
3.652863502502441406e-01
4.022510051727294922e-01
4.143166542053222656e-01
3.691823482513427734e-01
3.640086650848388672e-01
3.659865856170654297e-01
4.028396606445312500e-01
4.156384468078613281e-01
3.674559593200683594e-01
3.653852939605712891e-01
3.651411533355712891e-01
3.927643299102783203e-01
3.945760726928710938e-01
4.438011646270751953e-01
4.417219161987304688e-01
4.435265064239501953e-01
4.432129859924316406e-01
4.440262317657470703e-01
3.928365707397460938e-01
4.151935577392578125e-01
3.660676479339599609e-01
3.685226440429687500e-01
4.039914608001708984e-01
4.435999393463134766e-01
3.661704063415527344e-01
3.679165840148925781e-01
3.695878982543945312e-01
4.052193164825439453e-01
4.444344043731689453e-01
3.940267562866210938e-01
3.654339313507080078e-01
3.668973445892333984e-01
3.692023754119873047e-01
3.688421249389648438e-01
3.669562339782714844e-01
3.662476539611816406e-01
4.172720909118652344e-01
3.654263019561767578e-01
3.645970821380615234e-01
3.956956863403320312e-01
3.671870231628417969e-01
3.976376056671142578e-01
3.671128749847412109e-01
3.693573474884033203e-01
3.665127754211425781e-01
3.665037155151367188e-01
3.664884567260742188e-01
4.063711166381835938e-01
4.444279670715332031e-01
3.698036670684814453e-01
3.665733337402343750e-01
3.677642345428466797e-01
3.701345920562744141e-01
3.702270984649658203e-01
3.690094947814941406e-01
3.704078197479248047e-01
3.671634197235107422e-01
3.661148548126220703e-01
3.670690059661865234e-01
3.695056438446044922e-01
3.685519695281982422e-01
4.083042144775390625e-01
4.453003406524658203e-01
4.085459709167480469e-01
3.690114021301269531e-01
3.700525760650634766e-01
3.706583976745605469e-01
3.677015304565429688e-01
3.694548606872558594e-01
3.694572448730468750e-01
3.696966171264648438e-01
3.687355518341064453e-01
3.772752285003662109e-01
3.689999580383300781e-01
3.679802417755126953e-01
3.670907020568847656e-01
3.670148849487304688e-01
4.058811664581298828e-01
4.186577796936035156e-01
3.713817596435546875e-01
3.707914352416992188e-01
3.661513328552246094e-01
3.681800365447998047e-01
3.722350597381591797e-01
3.775441646575927734e-01
3.691978454589843750e-01
3.706111907958984375e-01
3.713939189910888672e-01
3.728702068328857422e-01
3.704869747161865234e-01
3.714902400970458984e-01
4.091920852661132812e-01
4.110643863677978516e-01
3.694705963134765625e-01
4.085719585418701172e-01
3.989558219909667969e-01
3.702163696289062500e-01
4.080584049224853516e-01
4.183857440948486328e-01
3.708326816558837891e-01
3.704223632812500000e-01
3.727836608886718750e-01
3.706943988800048828e-01
3.745195865631103516e-01
