7.377245426177978516e-01
7.087421417236328125e-01
6.807427406311035156e-01
7.651760578155517578e-01
6.943724155426025391e-01
6.784811019897460938e-01
6.903669834136962891e-01
6.769764423370361328e-01
6.938118934631347656e-01
7.785618305206298828e-01
6.778192520141601562e-01
6.737520694732666016e-01
6.848478317260742188e-01
6.925997734069824219e-01
6.907305717468261719e-01
6.831095218658447266e-01
6.877498626708984375e-01
7.074246406555175781e-01
6.854345798492431641e-01
6.806070804595947266e-01
6.857132911682128906e-01
6.898176670074462891e-01
6.870529651641845703e-01
6.833930015563964844e-01
6.828725337982177734e-01
6.802306175231933594e-01
6.739084720611572266e-01
6.887454986572265625e-01
6.731135845184326172e-01
6.732840538024902344e-01
7.844562530517578125e-01
6.779062747955322266e-01
6.836571693420410156e-01
6.718249320983886719e-01
6.702229976654052734e-01
6.901714801788330078e-01
6.822350025177001953e-01
6.817872524261474609e-01
6.821739673614501953e-01
6.859242916107177734e-01
7.002692222595214844e-01
6.742594242095947266e-01
6.710052490234375000e-01
6.737432479858398438e-01
6.751890182495117188e-01
6.829607486724853516e-01
6.750795841217041016e-01
6.719226837158203125e-01
6.824839115142822266e-01
6.784319877624511719e-01
6.872138977050781250e-01
6.682896614074707031e-01
6.684720516204833984e-01
6.859555244445800781e-01
6.905729770660400391e-01
6.734912395477294922e-01
6.708538532257080078e-01
7.514946460723876953e-01
6.785466670989990234e-01
7.004034519195556641e-01
6.744711399078369141e-01
6.753141880035400391e-01
6.760401725769042969e-01
6.819155216217041016e-01
6.726672649383544922e-01
6.720595359802246094e-01
6.749043464660644531e-01
6.840438842773437500e-01
7.743077278137207031e-01
6.713593006134033203e-01
6.780881881713867188e-01
6.792790889739990234e-01
6.879661083221435547e-01
6.776800155639648438e-01
6.757273674011230469e-01
6.763522624969482422e-01
6.826527118682861328e-01
6.758894920349121094e-01
7.670528888702392578e-01
6.647517681121826172e-01
6.889894008636474609e-01
6.873636245727539062e-01
6.749091148376464844e-01
6.805932521820068359e-01
6.789212226867675781e-01
6.853930950164794922e-01
6.814224720001220703e-01
6.767168045043945312e-01
7.563512325286865234e-01
6.866288185119628906e-01
6.859753131866455078e-01
6.863527297973632812e-01
6.753282546997070312e-01
6.974625587463378906e-01
6.901979446411132812e-01
6.792106628417968750e-01
6.754429340362548828e-01
6.759068965911865234e-01
7.608146667480468750e-01
6.633939743041992188e-01
6.892640590667724609e-01
6.778683662414550781e-01
6.753156185150146484e-01
6.763980388641357422e-01
6.864993572235107422e-01
6.849491596221923828e-01
6.837370395660400391e-01
6.765387058258056641e-01
7.714860439300537109e-01
6.743845939636230469e-01
6.727135181427001953e-01
6.744163036346435547e-01
6.851646900177001953e-01
6.803772449493408203e-01
6.717321872711181641e-01
6.788415908813476562e-01
6.870396137237548828e-01
6.888372898101806641e-01
7.637860774993896484e-01
6.760056018829345703e-01
6.714894771575927734e-01
6.874208450317382812e-01
6.904766559600830078e-01
6.734611988067626953e-01
6.793119907379150391e-01
6.864395141601562500e-01
6.857860088348388672e-01
6.965000629425048828e-01
7.787456512451171875e-01
6.894497871398925781e-01
6.866769790649414062e-01
6.728508472442626953e-01
6.877713203430175781e-01
6.860578060150146484e-01
6.811742782592773438e-01
6.757442951202392578e-01
6.864855289459228516e-01
6.781594753265380859e-01
7.763786315917968750e-01
6.805188655853271484e-01
6.849093437194824219e-01
6.887381076812744141e-01
6.800069808959960938e-01
6.787493228912353516e-01
6.844234466552734375e-01
6.837191581726074219e-01
6.936109066009521484e-01
6.743388175964355469e-01
7.465636730194091797e-01
6.863710880279541016e-01
6.867511272430419922e-01
6.993117332458496094e-01
6.905040740966796875e-01
6.737198829650878906e-01
6.814172267913818359e-01
6.736297607421875000e-01
6.845710277557373047e-01
6.730840206146240234e-01
6.742064952850341797e-01
6.863381862640380859e-01
6.961193084716796875e-01
6.880466938018798828e-01
6.868078708648681641e-01
6.817390918731689453e-01
6.796009540557861328e-01
7.720525264739990234e-01
6.871290206909179688e-01
6.824314594268798828e-01
6.759636402130126953e-01
6.916918754577636719e-01
6.870300769805908203e-01
6.840338706970214844e-01
6.761450767517089844e-01
6.836123466491699219e-01
6.926565170288085938e-01
7.534422874450683594e-01
6.867508888244628906e-01
7.533125877380371094e-01
6.836256980895996094e-01
6.767652034759521484e-01
6.747243404388427734e-01
6.885981559753417969e-01
7.017474174499511719e-01
6.909053325653076172e-01
6.758339405059814453e-01
6.796870231628417969e-01
6.796064376831054688e-01
7.771520614624023438e-01
7.782149314880371094e-01
6.801016330718994141e-01
6.766004562377929688e-01
6.751673221588134766e-01
6.734881401062011719e-01
7.597396373748779297e-01
6.883721351623535156e-01
6.789057254791259766e-01
6.816310882568359375e-01
6.751794815063476562e-01
7.617075443267822266e-01
7.761607170104980469e-01
