2.995150327682495117e+00
3.658916950225830078e-01
3.636879920959472656e-01
3.648812770843505859e-01
3.635225296020507812e-01
3.663382530212402344e-01
3.638768196105957031e-01
3.650193214416503906e-01
3.649063110351562500e-01
3.644607067108154297e-01
3.645865917205810547e-01
3.645064830780029297e-01
3.674669265747070312e-01
3.667051792144775391e-01
3.672683238983154297e-01
3.652825355529785156e-01
3.659951686859130859e-01
3.914771080017089844e-01
3.706641197204589844e-01
3.716642856597900391e-01
3.710334300994873047e-01
3.723945617675781250e-01
3.718898296356201172e-01
3.690743446350097656e-01
3.710958957672119141e-01
3.702852725982666016e-01
3.703577518463134766e-01
3.704874515533447266e-01
3.702051639556884766e-01
3.692944049835205078e-01
3.711941242218017578e-01
3.707323074340820312e-01
3.693542480468750000e-01
3.693401813507080078e-01
3.699564933776855469e-01
3.708214759826660156e-01
3.705813884735107422e-01
3.698551654815673828e-01
3.702166080474853516e-01
3.695971965789794922e-01
3.706378936767578125e-01
3.704600334167480469e-01
3.696486949920654297e-01
3.689608573913574219e-01
3.714790344238281250e-01
3.713755607604980469e-01
3.701517581939697266e-01
3.712210655212402344e-01
3.716642856597900391e-01
3.715054988861083984e-01
3.711161613464355469e-01
3.718736171722412109e-01
3.704671859741210938e-01
3.706505298614501953e-01
3.709154129028320312e-01
3.722562789916992188e-01
3.712766170501708984e-01
3.717844486236572266e-01
3.705914020538330078e-01
3.711128234863281250e-01
3.714683055877685547e-01
3.710455894470214844e-01
3.698744773864746094e-01
3.704826831817626953e-01
3.719248771667480469e-01
3.725051879882812500e-01
3.717479705810546875e-01
3.715991973876953125e-01
3.724663257598876953e-01
3.712749481201171875e-01
3.713603019714355469e-01
3.720891475677490234e-01
3.714201450347900391e-01
3.713598251342773438e-01
3.711550235748291016e-01
3.719286918640136719e-01
3.712334632873535156e-01
3.708703517913818359e-01
3.749487400054931641e-01
3.706047534942626953e-01
3.728067874908447266e-01
3.716816902160644531e-01
3.733663558959960938e-01
3.723292350769042969e-01
3.722326755523681641e-01
3.710048198699951172e-01
3.710596561431884766e-01
3.830323219299316406e-01
3.739037513732910156e-01
3.745567798614501953e-01
3.712956905364990234e-01
3.734903335571289062e-01
3.721396923065185547e-01
3.739280700683593750e-01
3.731224536895751953e-01
3.735227584838867188e-01
3.742055892944335938e-01
3.731245994567871094e-01
3.739485740661621094e-01
3.741683959960937500e-01
3.746917247772216797e-01
3.727345466613769531e-01
3.735580444335937500e-01
3.747482299804687500e-01
3.755426406860351562e-01
3.747134208679199219e-01
3.742926120758056641e-01
3.759005069732666016e-01
3.747897148132324219e-01
3.761119842529296875e-01
3.759920597076416016e-01
3.735001087188720703e-01
3.750247955322265625e-01
3.757693767547607422e-01
3.749585151672363281e-01
3.739287853240966797e-01
3.751063346862792969e-01
3.743073940277099609e-01
3.808014392852783203e-01
3.764452934265136719e-01
3.756208419799804688e-01
3.756141662597656250e-01
3.758482933044433594e-01
3.747110366821289062e-01
3.750231266021728516e-01
3.745946884155273438e-01
3.751657009124755859e-01
3.758039474487304688e-01
3.743197917938232422e-01
3.822505474090576172e-01
3.753674030303955078e-01
3.763053417205810547e-01
3.742585182189941406e-01
3.758680820465087891e-01
3.752291202545166016e-01
3.768687248229980469e-01
3.761720657348632812e-01
3.867161273956298828e-01
3.769454956054687500e-01
3.773791790008544922e-01
3.775155544281005859e-01
3.765847682952880859e-01
3.768639564514160156e-01
3.755557537078857422e-01
3.768415451049804688e-01
3.762576580047607422e-01
3.852071762084960938e-01
3.828434944152832031e-01
3.752028942108154297e-01
3.775520324707031250e-01
3.755939006805419922e-01
3.754968643188476562e-01
3.762891292572021484e-01
3.764746189117431641e-01
3.772335052490234375e-01
3.772764205932617188e-01
3.790924549102783203e-01
3.779711723327636719e-01
3.801209926605224609e-01
3.811533451080322266e-01
3.779101371765136719e-01
3.799662590026855469e-01
3.777558803558349609e-01
3.783333301544189453e-01
3.783919811248779297e-01
3.791513442993164062e-01
3.799793720245361328e-01
3.786709308624267578e-01
3.777337074279785156e-01
3.803400993347167969e-01
3.895609378814697266e-01
3.899662494659423828e-01
3.765938282012939453e-01
3.787016868591308594e-01
3.784725666046142578e-01
3.794634342193603516e-01
3.778982162475585938e-01
3.802826404571533203e-01
3.787443637847900391e-01
3.782758712768554688e-01
3.803904056549072266e-01
3.793089389801025391e-01
3.794081211090087891e-01
3.785145282745361328e-01
3.785645961761474609e-01
3.784294128417968750e-01
3.787045478820800781e-01
3.780629634857177734e-01
3.785822391510009766e-01
3.774380683898925781e-01
3.886792659759521484e-01
3.801367282867431641e-01
3.828017711639404297e-01
3.804647922515869141e-01
3.792471885681152344e-01
3.789288997650146484e-01
3.794417381286621094e-01
3.788223266601562500e-01
3.784513473510742188e-01
3.794875144958496094e-01
