1.260541200637817383e+00
1.266673803329467773e+00
1.258626222610473633e+00
1.327113389968872070e+00
1.245729207992553711e+00
1.256239414215087891e+00
1.261945009231567383e+00
1.244940280914306641e+00
1.329617023468017578e+00
1.259984016418457031e+00
1.252099990844726562e+00
1.300384998321533203e+00
1.249289274215698242e+00
1.285513401031494141e+00
1.311994075775146484e+00
1.297778844833374023e+00
1.256005048751831055e+00
1.258418321609497070e+00
1.319160938262939453e+00
1.297267675399780273e+00
1.299645900726318359e+00
1.296048402786254883e+00
1.305476903915405273e+00
1.370103597640991211e+00
1.357402563095092773e+00
1.464985370635986328e+00
1.519542455673217773e+00
1.551072359085083008e+00
1.512848138809204102e+00
1.516983509063720703e+00
1.611434221267700195e+00
1.695059776306152344e+00
1.786176204681396484e+00
1.779201269149780273e+00
1.597780227661132812e+00
1.282992362976074219e+00
1.253319501876831055e+00
1.250811338424682617e+00
1.243480205535888672e+00
1.244030714035034180e+00
1.249431133270263672e+00
1.236459970474243164e+00
1.246504306793212891e+00
1.246492385864257812e+00
1.268797159194946289e+00
1.276507377624511719e+00
1.269359111785888672e+00
1.272207975387573242e+00
1.264909267425537109e+00
1.273454189300537109e+00
1.278886556625366211e+00
1.264961719512939453e+00
1.343949317932128906e+00
1.260123252868652344e+00
1.268943548202514648e+00
1.258009910583496094e+00
1.265150070190429688e+00
1.267555475234985352e+00
1.267659902572631836e+00
1.257718801498413086e+00
1.269484996795654297e+00
1.267274141311645508e+00
1.341732263565063477e+00
1.263679027557373047e+00
1.336555004119873047e+00
1.432532072067260742e+00
1.541403293609619141e+00
1.632916688919067383e+00
1.625572681427001953e+00
1.673936843872070312e+00
1.718594789505004883e+00
1.779274225234985352e+00
1.620601654052734375e+00
1.365501165390014648e+00
1.269575834274291992e+00
1.273866891860961914e+00
1.278945446014404297e+00
1.271595001220703125e+00
1.271392583847045898e+00
1.286813735961914062e+00
1.251207113265991211e+00
1.244068145751953125e+00
1.241665840148925781e+00
1.239964008331298828e+00
1.250946283340454102e+00
1.239347696304321289e+00
1.239047050476074219e+00
1.240924119949340820e+00
1.245910406112670898e+00
1.237783908843994141e+00
1.253281593322753906e+00
1.232315301895141602e+00
1.312879800796508789e+00
1.239777803421020508e+00
1.231026887893676758e+00
1.233692646026611328e+00
1.237371444702148438e+00
1.339259862899780273e+00
1.565299034118652344e+00
1.654269456863403320e+00
1.726629972457885742e+00
1.664263010025024414e+00
1.248362779617309570e+00
1.324506759643554688e+00
1.235321998596191406e+00
1.328634262084960938e+00
1.224735736846923828e+00
1.266519784927368164e+00
1.267661094665527344e+00
1.269010066986083984e+00
1.265072345733642578e+00
1.268966674804687500e+00
1.261613845825195312e+00
1.257046699523925781e+00
1.261189937591552734e+00
1.265601158142089844e+00
1.258645296096801758e+00
1.295955419540405273e+00
1.346583366394042969e+00
1.260775327682495117e+00
1.258347749710083008e+00
1.256307363510131836e+00
1.388600826263427734e+00
1.490338087081909180e+00
1.622084379196166992e+00
1.704045057296752930e+00
1.527397394180297852e+00
1.245292663574218750e+00
1.321442842483520508e+00
1.240468025207519531e+00
1.238257169723510742e+00
1.241862535476684570e+00
1.221559286117553711e+00
1.289773225784301758e+00
1.240604639053344727e+00
1.243163108825683594e+00
1.230083942413330078e+00
1.246979475021362305e+00
1.352720975875854492e+00
1.218484640121459961e+00
1.217648744583129883e+00
1.222095251083374023e+00
1.217411518096923828e+00
1.310195684432983398e+00
1.224171876907348633e+00
1.435742616653442383e+00
1.550631999969482422e+00
1.731237411499023438e+00
1.823380947113037109e+00
1.525443315505981445e+00
1.269122600555419922e+00
1.273689985275268555e+00
1.279094696044921875e+00
1.283000469207763672e+00
1.234181642532348633e+00
1.258310317993164062e+00
1.257532358169555664e+00
1.253546237945556641e+00
1.298028707504272461e+00
1.250444650650024414e+00
1.223594665527343750e+00
1.235679626464843750e+00
1.226968526840209961e+00
1.198827981948852539e+00
1.216541290283203125e+00
1.223809719085693359e+00
1.226772308349609375e+00
1.354039192199707031e+00
1.496692895889282227e+00
1.812492132186889648e+00
1.487153291702270508e+00
1.255529880523681641e+00
1.267297744750976562e+00
1.266037464141845703e+00
1.333985090255737305e+00
1.238971948623657227e+00
1.232867240905761719e+00
1.237805843353271484e+00
1.219235658645629883e+00
1.298502206802368164e+00
1.224648237228393555e+00
1.219829559326171875e+00
1.230083703994750977e+00
1.235840559005737305e+00
1.347096204757690430e+00
1.253483295440673828e+00
1.243803739547729492e+00
1.249582767486572266e+00
1.499166488647460938e+00
1.554583072662353516e+00
1.723144769668579102e+00
1.716173171997070312e+00
1.657446861267089844e+00
1.373538732528686523e+00
1.239883899688720703e+00
1.277538299560546875e+00
1.262096881866455078e+00
1.263963460922241211e+00
1.273803472518920898e+00
1.267116546630859375e+00
