2.545133829116821289e+00
4.514048099517822266e-01
4.362087249755859375e-01
4.275541305541992188e-01
4.299829006195068359e-01
4.252660274505615234e-01
4.428987503051757812e-01
4.357895851135253906e-01
4.354562759399414062e-01
4.387378692626953125e-01
4.334168434143066406e-01
5.729198455810546875e-01
4.433448314666748047e-01
4.346442222595214844e-01
4.440081119537353516e-01
4.536738395690917969e-01
4.561431407928466797e-01
4.325175285339355469e-01
4.375729560852050781e-01
4.493143558502197266e-01
4.311521053314208984e-01
4.295341968536376953e-01
4.287810325622558594e-01
4.293451309204101562e-01
4.304919242858886719e-01
4.346196651458740234e-01
4.342195987701416016e-01
4.336223602294921875e-01
4.292008876800537109e-01
4.172303676605224609e-01
4.352040290832519531e-01
4.167556762695312500e-01
4.184052944183349609e-01
4.236824512481689453e-01
4.246134757995605469e-01
4.494862556457519531e-01
4.373390674591064453e-01
4.518353939056396484e-01
4.470632076263427734e-01
4.491581916809082031e-01
4.329512119293212891e-01
4.513161182403564453e-01
4.442968368530273438e-01
4.515769481658935547e-01
4.513027667999267578e-01
4.381220340728759766e-01
4.521999359130859375e-01
4.529387950897216797e-01
4.433393478393554688e-01
4.388797283172607422e-01
4.329066276550292969e-01
4.210104942321777344e-01
4.187786579132080078e-01
4.210574626922607422e-01
4.197914600372314453e-01
4.209332466125488281e-01
4.208993911743164062e-01
4.196341037750244141e-01
4.192938804626464844e-01
4.202425479888916016e-01
4.208538532257080078e-01
4.190256595611572266e-01
4.354500770568847656e-01
4.208962917327880859e-01
4.230198860168457031e-01
4.199452400207519531e-01
4.196829795837402344e-01
4.186422824859619141e-01
4.227864742279052734e-01
4.253363609313964844e-01
4.190840721130371094e-01
4.206402301788330078e-01
4.221916198730468750e-01
4.219884872436523438e-01
4.232201576232910156e-01
4.955284595489501953e-01
4.576356410980224609e-01
4.457309246063232422e-01
4.396398067474365234e-01
4.458045959472656250e-01
4.576611518859863281e-01
4.365818500518798828e-01
4.570047855377197266e-01
4.440000057220458984e-01
4.500944614410400391e-01
4.518558979034423828e-01
4.548428058624267578e-01
4.484000205993652344e-01
4.421579837799072266e-01
4.194965362548828125e-01
4.868724346160888672e-01
4.264283180236816406e-01
4.266738891601562500e-01
4.205234050750732422e-01
4.177546501159667969e-01
4.215734004974365234e-01
4.190828800201416016e-01
4.192278385162353516e-01
4.193146228790283203e-01
4.221253395080566406e-01
4.204218387603759766e-01
4.292576313018798828e-01
4.561195373535156250e-01
4.499757289886474609e-01
4.657776355743408203e-01
4.254045486450195312e-01
4.274082183837890625e-01
4.295761585235595703e-01
4.270358085632324219e-01
4.261181354522705078e-01
4.268589019775390625e-01
4.837355613708496094e-01
4.516026973724365234e-01
4.372272491455078125e-01
4.213480949401855469e-01
4.213774204254150391e-01
4.260265827178955078e-01
4.244244098663330078e-01
4.221317768096923828e-01
4.242136478424072266e-01
4.199814796447753906e-01
4.262890815734863281e-01
4.231660366058349609e-01
4.242825508117675781e-01
4.250099658966064453e-01
4.262282848358154297e-01
4.276647567749023438e-01
4.543802738189697266e-01
4.276235103607177734e-01
4.705939292907714844e-01
4.270274639129638672e-01
4.269094467163085938e-01
4.276874065399169922e-01
4.623794555664062500e-01
4.302511215209960938e-01
4.250187873840332031e-01
4.248254299163818359e-01
4.253506660461425781e-01
4.255774021148681641e-01
4.252882003784179688e-01
4.234142303466796875e-01
4.251506328582763672e-01
4.245297908782958984e-01
4.239978790283203125e-01
4.241166114807128906e-01
4.253444671630859375e-01
4.361000061035156250e-01
4.267249107360839844e-01
4.244556427001953125e-01
4.362621307373046875e-01
4.592111110687255859e-01
4.552693367004394531e-01
4.563663005828857422e-01
4.442524909973144531e-01
4.517173767089843750e-01
4.511241912841796875e-01
4.614984989166259766e-01
4.549658298492431641e-01
4.499032497406005859e-01
4.586675167083740234e-01
4.364230632781982422e-01
4.296557903289794922e-01
4.289004802703857422e-01
4.256851673126220703e-01
4.248025417327880859e-01
4.218957424163818359e-01
4.242086410522460938e-01
4.243264198303222656e-01
4.241435527801513672e-01
4.265832901000976562e-01
4.430251121520996094e-01
4.588983058929443359e-01
4.474151134490966797e-01
4.512262344360351562e-01
4.525587558746337891e-01
4.537904262542724609e-01
4.566175937652587891e-01
4.534921646118164062e-01
4.451692104339599609e-01
4.250020980834960938e-01
4.580492973327636719e-01
4.264476299285888672e-01
4.251966476440429688e-01
4.294116497039794922e-01
4.236712455749511719e-01
4.276499748229980469e-01
4.403328895568847656e-01
4.306750297546386719e-01
4.294583797454833984e-01
4.293324947357177734e-01
4.312467575073242188e-01
4.307394027709960938e-01
4.356932640075683594e-01
4.540946483612060547e-01
4.556159973144531250e-01
4.502460956573486328e-01
4.571230411529541016e-01
4.541635513305664062e-01
4.479646682739257812e-01
4.556474685668945312e-01
