1.260548591613769531e+00
1.266681909561157227e+00
1.258617162704467773e+00
1.327137231826782227e+00
1.245743036270141602e+00
1.256254196166992188e+00
1.261964559555053711e+00
1.244975805282592773e+00
1.329632997512817383e+00
1.260006904602050781e+00
1.252110719680786133e+00
1.302760124206542969e+00
1.249314785003662109e+00
1.285510540008544922e+00
1.311976432800292969e+00
1.297800779342651367e+00
1.256007909774780273e+00
1.258420467376708984e+00
1.318514823913574219e+00
1.297258138656616211e+00
1.299658298492431641e+00
1.296065807342529297e+00
1.305469274520874023e+00
1.370094060897827148e+00
1.357415199279785156e+00
1.464977264404296875e+00
1.519537925720214844e+00
1.551083326339721680e+00
1.512848615646362305e+00
1.516977071762084961e+00
1.611432075500488281e+00
1.695077657699584961e+00
1.786182165145874023e+00
1.779191255569458008e+00
1.597771167755126953e+00
1.282991409301757812e+00
1.253325700759887695e+00
1.250817537307739258e+00
1.243492364883422852e+00
1.244049549102783203e+00
1.249450206756591797e+00
1.236479759216308594e+00
1.246523857116699219e+00
1.246515989303588867e+00
1.268806695938110352e+00
1.276500463485717773e+00
1.269379377365112305e+00
1.272227287292480469e+00
1.264923095703125000e+00
1.273451805114746094e+00
1.278883218765258789e+00
1.264977455139160156e+00
1.343959569931030273e+00
1.260131597518920898e+00
1.268949747085571289e+00
1.258024215698242188e+00
1.265154838562011719e+00
1.267553091049194336e+00
1.267671108245849609e+00
1.257732868194580078e+00
1.269479513168334961e+00
1.267269611358642578e+00
1.341740846633911133e+00
1.263694524765014648e+00
1.336553573608398438e+00
1.432525873184204102e+00
1.541412830352783203e+00
1.632908105850219727e+00
1.625599384307861328e+00
1.673943042755126953e+00
1.718602657318115234e+00
1.779278993606567383e+00
1.620611906051635742e+00
1.365521669387817383e+00
1.269580125808715820e+00
1.273890018463134766e+00
1.278959751129150391e+00
1.271612882614135742e+00
1.271401166915893555e+00
1.286821603775024414e+00
1.251226425170898438e+00
1.244072437286376953e+00
1.241667270660400391e+00
1.239958524703979492e+00
1.250945568084716797e+00
1.239347219467163086e+00
1.239044427871704102e+00
1.240920782089233398e+00
1.245905637741088867e+00
1.237795829772949219e+00
1.253300666809082031e+00
1.232311725616455078e+00
1.312891006469726562e+00
1.239786624908447266e+00
1.231039285659790039e+00
1.233702182769775391e+00
1.237388134002685547e+00
1.339271306991577148e+00
1.565330505371093750e+00
1.654287338256835938e+00
1.726654291152954102e+00
1.664283037185668945e+00
1.248377084732055664e+00
1.324530839920043945e+00
1.235336542129516602e+00
1.328620672225952148e+00
1.215668916702270508e+00
1.247631311416625977e+00
1.267675161361694336e+00
1.269019365310668945e+00
1.265078067779541016e+00
1.268974542617797852e+00
1.256139755249023438e+00
1.257043123245239258e+00
1.267075538635253906e+00
1.265610933303833008e+00
1.258660078048706055e+00
1.284012079238891602e+00
1.346594333648681641e+00
1.260769844055175781e+00
1.258370637893676758e+00
1.256314992904663086e+00
1.388593912124633789e+00
1.490357637405395508e+00
1.622110366821289062e+00
1.704082965850830078e+00
1.527437686920166016e+00
1.245311498641967773e+00
1.321449041366577148e+00
1.240482330322265625e+00
1.244794607162475586e+00
1.241871356964111328e+00
1.221564292907714844e+00
1.289769887924194336e+00
1.240609645843505859e+00
1.243174076080322266e+00
1.230090856552124023e+00
1.246997117996215820e+00
1.352712631225585938e+00
1.218479871749877930e+00
1.217666149139404297e+00
1.222101449966430664e+00
1.217409133911132812e+00
1.310178995132446289e+00
1.224198102951049805e+00
1.435738086700439453e+00
1.550641298294067383e+00
1.731276750564575195e+00
1.823405027389526367e+00
1.525454998016357422e+00
1.269119501113891602e+00
1.273681879043579102e+00
1.273079156875610352e+00
1.283028841018676758e+00
1.234159708023071289e+00
1.258302211761474609e+00
1.257527589797973633e+00
1.253533840179443359e+00
1.298024177551269531e+00
1.250435829162597656e+00
1.223608255386352539e+00
1.235677480697631836e+00
1.226970911026000977e+00
1.198826551437377930e+00
1.216552734375000000e+00
1.223816633224487305e+00
1.226769924163818359e+00
1.354075193405151367e+00
1.496719837188720703e+00
1.812512397766113281e+00
1.487165212631225586e+00
1.255548477172851562e+00
1.267293691635131836e+00
1.266051769256591797e+00
1.333983659744262695e+00
1.226577043533325195e+00
1.232869863510131836e+00
1.237818241119384766e+00
1.219235658645629883e+00
1.298527002334594727e+00
1.224674224853515625e+00
1.219858646392822266e+00
1.230071544647216797e+00
1.248550415039062500e+00
1.339324474334716797e+00
1.253481388092041016e+00
1.243812084197998047e+00
1.249572753906250000e+00
1.499180078506469727e+00
1.554590702056884766e+00
1.723161697387695312e+00
1.716199159622192383e+00
1.657477140426635742e+00
1.373539924621582031e+00
1.239902973175048828e+00
1.277533292770385742e+00
1.262094736099243164e+00
1.263959407806396484e+00
1.273799657821655273e+00
1.267121315002441406e+00
