2.408744812011718750e+00
4.259557723999023438e-01
4.257616996765136719e-01
4.225502014160156250e-01
4.219691753387451172e-01
4.231162071228027344e-01
4.453053474426269531e-01
4.285426139831542969e-01
4.267108440399169922e-01
4.314420223236083984e-01
4.334521293640136719e-01
4.367737770080566406e-01
4.396371841430664062e-01
4.380123615264892578e-01
4.519622325897216797e-01
4.583723545074462891e-01
4.445660114288330078e-01
4.342133998870849609e-01
5.299999713897705078e-01
4.414651393890380859e-01
4.320621490478515625e-01
4.316277503967285156e-01
4.302902221679687500e-01
4.308331012725830078e-01
4.302184581756591797e-01
4.372022151947021484e-01
4.362707138061523438e-01
4.349460601806640625e-01
4.295911788940429688e-01
4.185783863067626953e-01
4.311559200286865234e-01
4.180517196655273438e-01
4.197926521301269531e-01
4.205970764160156250e-01
4.174780845642089844e-01
4.261095523834228516e-01
4.214403629302978516e-01
4.211008548736572266e-01
4.202129840850830078e-01
4.212322235107421875e-01
4.205701351165771484e-01
4.197800159454345703e-01
4.210066795349121094e-01
4.207434654235839844e-01
4.234333038330078125e-01
4.317340850830078125e-01
4.447457790374755859e-01
4.241421222686767578e-01
4.249565601348876953e-01
4.223406314849853516e-01
4.227137565612792969e-01
4.294915199279785156e-01
4.260799884796142578e-01
4.298841953277587891e-01
4.295852184295654297e-01
4.270703792572021484e-01
4.282152652740478516e-01
4.244453907012939453e-01
4.271700382232666016e-01
4.300644397735595703e-01
4.283664226531982422e-01
4.290547370910644531e-01
4.299340248107910156e-01
4.273450374603271484e-01
4.291329383850097656e-01
4.301776885986328125e-01
4.287469387054443359e-01
4.311232566833496094e-01
4.287531375885009766e-01
4.297106266021728516e-01
4.255843162536621094e-01
4.273297786712646484e-01
4.267992973327636719e-01
4.306576251983642578e-01
4.308559894561767578e-01
4.662742614746093750e-01
4.297440052032470703e-01
4.273564815521240234e-01
4.269633293151855469e-01
4.287765026092529297e-01
4.351520538330078125e-01
4.256296157836914062e-01
4.286360740661621094e-01
4.277131557464599609e-01
4.284973144531250000e-01
4.282624721527099609e-01
4.273836612701416016e-01
4.280195236206054688e-01
4.282846450805664062e-01
4.257929325103759766e-01
4.327073097229003906e-01
4.347712993621826172e-01
4.316117763519287109e-01
4.217092990875244141e-01
4.219818115234375000e-01
4.215326309204101562e-01
4.204924106597900391e-01
4.232766628265380859e-01
4.216809272766113281e-01
4.276678562164306641e-01
4.223992824554443359e-01
4.212408065795898438e-01
4.251465797424316406e-01
4.266467094421386719e-01
4.309806823730468750e-01
4.279413223266601562e-01
4.361066818237304688e-01
4.407639503479003906e-01
4.616651535034179688e-01
4.511890411376953125e-01
4.533414840698242188e-01
4.632792472839355469e-01
4.298911094665527344e-01
4.284162521362304688e-01
4.238371849060058594e-01
4.250581264495849609e-01
4.275488853454589844e-01
4.230632781982421875e-01
4.237139225006103516e-01
4.258558750152587891e-01
4.223597049713134766e-01
4.224419593811035156e-01
4.231836795806884766e-01
4.236130714416503906e-01
4.240162372589111328e-01
4.238941669464111328e-01
4.277515411376953125e-01
4.274756908416748047e-01
4.480040073394775391e-01
4.469640254974365234e-01
4.650492668151855469e-01
4.541511535644531250e-01
4.416682720184326172e-01
4.548318386077880859e-01
4.488468170166015625e-01
4.265344142913818359e-01
4.203155040740966797e-01
4.227337837219238281e-01
4.239780902862548828e-01
4.225745201110839844e-01
4.239332675933837891e-01
4.189510345458984375e-01
4.205713272094726562e-01
4.219763278961181641e-01
4.258511066436767578e-01
4.276068210601806641e-01
4.241693019866943359e-01
4.236273765563964844e-01
4.233651161193847656e-01
4.250562191009521484e-01
4.555115699768066406e-01
4.302995204925537109e-01
4.292807579040527344e-01
4.282419681549072266e-01
4.414300918579101562e-01
4.607005119323730469e-01
4.701111316680908203e-01
4.641394615173339844e-01
4.593529701232910156e-01
4.321901798248291016e-01
4.342443943023681641e-01
4.398391246795654297e-01
4.374620914459228516e-01
4.428603649139404297e-01
4.245679378509521484e-01
4.244596958160400391e-01
4.253852367401123047e-01
4.241781234741210938e-01
4.339356422424316406e-01
4.254431724548339844e-01
4.300935268402099609e-01
4.299068450927734375e-01
4.297673702239990234e-01
4.488666057586669922e-01
4.326624870300292969e-01
4.344217777252197266e-01
4.298758506774902344e-01
4.297313690185546875e-01
4.304645061492919922e-01
4.257073402404785156e-01
4.304869174957275391e-01
4.232027530670166016e-01
4.246678352355957031e-01
4.503920078277587891e-01
4.258687496185302734e-01
4.244794845581054688e-01
4.359140396118164062e-01
4.388315677642822266e-01
4.367003440856933594e-01
4.375753402709960938e-01
4.390978813171386719e-01
4.414777755737304688e-01
4.423880577087402344e-01
4.453554153442382812e-01
4.316120147705078125e-01
4.291632175445556641e-01
4.284057617187500000e-01
4.308073520660400391e-01
4.305510520935058594e-01
4.301066398620605469e-01
