2.300114154815673828e+00
4.293148517608642578e-01
4.259409904479980469e-01
4.291863441467285156e-01
4.342825412750244141e-01
4.506826400756835938e-01
4.325499534606933594e-01
4.282896518707275391e-01
4.715480804443359375e-01
4.486601352691650391e-01
4.338338375091552734e-01
4.391422271728515625e-01
4.329481124877929688e-01
4.339582920074462891e-01
4.392678737640380859e-01
4.671797752380371094e-01
4.536747932434082031e-01
4.323852062225341797e-01
4.314410686492919922e-01
4.394993782043457031e-01
4.384350776672363281e-01
4.375772476196289062e-01
4.385211467742919922e-01
4.312891960144042969e-01
4.342005252838134766e-01
4.426107406616210938e-01
4.387445449829101562e-01
4.472022056579589844e-01
4.374232292175292969e-01
4.256246089935302734e-01
4.274163246154785156e-01
4.241113662719726562e-01
4.260039329528808594e-01
4.306557178497314453e-01
4.341523647308349609e-01
4.680330753326416016e-01
4.551672935485839844e-01
4.422960281372070312e-01
4.489388465881347656e-01
4.429879188537597656e-01
4.446783065795898438e-01
4.487709999084472656e-01
4.453661441802978516e-01
4.565458297729492188e-01
4.584167003631591797e-01
4.267919063568115234e-01
4.330976009368896484e-01
4.266107082366943359e-01
4.372944831848144531e-01
4.245376586914062500e-01
4.425091743469238281e-01
4.303145408630371094e-01
4.290597438812255859e-01
4.270513057708740234e-01
4.294617176055908203e-01
4.275014400482177734e-01
4.268255233764648438e-01
4.338896274566650391e-01
4.271624088287353516e-01
4.264566898345947266e-01
4.293780326843261719e-01
4.316675662994384766e-01
4.306180477142333984e-01
4.285833835601806641e-01
4.278438091278076172e-01
4.302713871002197266e-01
4.273509979248046875e-01
4.273507595062255859e-01
4.251081943511962891e-01
4.311392307281494141e-01
4.369041919708251953e-01
4.324803352355957031e-01
4.401984214782714844e-01
4.482665061950683594e-01
4.392316341400146484e-01
4.366879463195800781e-01
4.367840290069580078e-01
4.355437755584716797e-01
4.340083599090576172e-01
4.362041950225830078e-01
4.365847110748291016e-01
4.364356994628906250e-01
4.373452663421630859e-01
4.375150203704833984e-01
4.341757297515869141e-01
4.385714530944824219e-01
4.389975070953369141e-01
4.393820762634277344e-01
4.393181800842285156e-01
4.321947097778320312e-01
4.459867477416992188e-01
4.355545043945312500e-01
4.365622997283935547e-01
4.311158657073974609e-01
4.310023784637451172e-01
4.325759410858154297e-01
4.327559471130371094e-01
4.391615390777587891e-01
4.312410354614257812e-01
4.317784309387207031e-01
4.287858009338378906e-01
4.308395385742187500e-01
4.387135505676269531e-01
4.372115135192871094e-01
4.361422061920166016e-01
4.625256061553955078e-01
4.547343254089355469e-01
4.393932819366455078e-01
4.291725158691406250e-01
4.341566562652587891e-01
4.351587295532226562e-01
4.359838962554931641e-01
4.343554973602294922e-01
4.495522975921630859e-01
4.320538043975830078e-01
4.324388504028320312e-01
4.332485198974609375e-01
4.366645812988281250e-01
4.350807666778564453e-01
4.285299777984619141e-01
4.352626800537109375e-01
4.298467636108398438e-01
4.342989921569824219e-01
4.328808784484863281e-01
4.241664409637451172e-01
4.266600608825683594e-01
4.280405044555664062e-01
4.272201061248779297e-01
4.323978424072265625e-01
4.301047325134277344e-01
4.295916557312011719e-01
4.286091327667236328e-01
4.332077503204345703e-01
4.299652576446533203e-01
4.321193695068359375e-01
4.294309616088867188e-01
4.256541728973388672e-01
4.272005558013916016e-01
4.255113601684570312e-01
4.369785785675048828e-01
4.201500415802001953e-01
4.199454784393310547e-01
4.224934577941894531e-01
4.196672439575195312e-01
4.230346679687500000e-01
4.271857738494873047e-01
4.335024356842041016e-01
4.330959320068359375e-01
4.303698539733886719e-01
4.335730075836181641e-01
4.393947124481201172e-01
4.390470981597900391e-01
4.376204013824462891e-01
4.395101070404052734e-01
4.365200996398925781e-01
4.322993755340576172e-01
4.354274272918701172e-01
4.340071678161621094e-01
4.269483089447021484e-01
4.263734817504882812e-01
4.256055355072021484e-01
4.247653484344482422e-01
4.262206554412841797e-01
4.251105785369873047e-01
4.333150386810302734e-01
4.293510913848876953e-01
4.276921749114990234e-01
4.285852909088134766e-01
4.319915771484375000e-01
4.273939132690429688e-01
4.297981262207031250e-01
4.680809974670410156e-01
4.599113464355468750e-01
4.610486030578613281e-01
4.608941078186035156e-01
4.417860507965087891e-01
4.658999443054199219e-01
4.601299762725830078e-01
4.499919414520263672e-01
4.262750148773193359e-01
4.244184494018554688e-01
4.274494647979736328e-01
4.237430095672607422e-01
4.261782169342041016e-01
4.313051700592041016e-01
4.384658336639404297e-01
4.361126422882080078e-01
4.350013732910156250e-01
4.372806549072265625e-01
4.325370788574218750e-01
4.379951953887939453e-01
4.343657493591308594e-01
4.352452754974365234e-01
4.351789951324462891e-01
4.428675174713134766e-01
4.420552253723144531e-01
4.513373374938964844e-01
4.433803558349609375e-01
4.405632019042968750e-01
4.672744274139404297e-01
