7.433888912200927734e-01
6.853342056274414062e-01
6.926472187042236328e-01
6.705281734466552734e-01
7.521617412567138672e-01
6.641368865966796875e-01
6.856961250305175781e-01
6.783070564270019531e-01
6.884744167327880859e-01
6.751315593719482422e-01
7.559349536895751953e-01
6.789705753326416016e-01
6.792604923248291016e-01
6.640396118164062500e-01
6.821475028991699219e-01
6.650817394256591797e-01
7.416045665740966797e-01
6.804776191711425781e-01
6.639831066131591797e-01
6.617286205291748047e-01
6.692938804626464844e-01
7.596640586853027344e-01
6.725804805755615234e-01
6.713557243347167969e-01
6.898322105407714844e-01
6.806519031524658203e-01
6.785657405853271484e-01
6.777241230010986328e-01
6.695146560668945312e-01
6.675083637237548828e-01
6.657037734985351562e-01
6.753587722778320312e-01
7.462122440338134766e-01
6.622352600097656250e-01
6.808269023895263672e-01
7.454371452331542969e-01
6.721215248107910156e-01
6.843800544738769531e-01
7.447793483734130859e-01
6.660721302032470703e-01
6.643397808074951172e-01
6.590580940246582031e-01
6.657514572143554688e-01
6.672968864440917969e-01
6.662216186523437500e-01
6.640384197235107422e-01
6.716430187225341797e-01
7.612581253051757812e-01
6.662623882293701172e-01
6.570253372192382812e-01
7.523820400238037109e-01
6.563515663146972656e-01
6.628634929656982422e-01
6.683104038238525391e-01
6.643772125244140625e-01
6.488533020019531250e-01
6.662383079528808594e-01
6.579308509826660156e-01
6.621711254119873047e-01
7.087213993072509766e-01
6.577410697937011719e-01
6.555783748626708984e-01
6.685411930084228516e-01
6.794509887695312500e-01
6.615250110626220703e-01
6.603372097015380859e-01
7.446851730346679688e-01
6.625928878784179688e-01
6.590003967285156250e-01
6.578462123870849609e-01
6.630227565765380859e-01
6.628756523132324219e-01
6.689946651458740234e-01
6.705195903778076172e-01
6.865897178649902344e-01
6.686711311340332031e-01
6.663551330566406250e-01
6.631507873535156250e-01
6.770811080932617188e-01
6.639063358306884766e-01
6.614613533020019531e-01
6.656501293182373047e-01
6.636738777160644531e-01
7.401671409606933594e-01
6.646053791046142578e-01
6.658241748809814453e-01
6.646654605865478516e-01
6.852302551269531250e-01
6.651756763458251953e-01
7.388734817504882812e-01
6.654875278472900391e-01
6.650359630584716797e-01
6.493732929229736328e-01
6.618447303771972656e-01
6.668980121612548828e-01
6.507813930511474609e-01
6.616287231445312500e-01
6.696577072143554688e-01
6.507351398468017578e-01
6.615328788757324219e-01
6.694800853729248047e-01
6.501400470733642578e-01
6.612329483032226562e-01
6.663420200347900391e-01
6.500918865203857422e-01
6.656842231750488281e-01
6.942605972290039062e-01
6.521296501159667969e-01
6.536867618560791016e-01
6.742212772369384766e-01
6.488742828369140625e-01
6.498174667358398438e-01
6.654529571533203125e-01
6.656455993652343750e-01
6.504547595977783203e-01
6.660079956054687500e-01
6.581978797912597656e-01
6.481099128723144531e-01
6.647603511810302734e-01
6.602475643157958984e-01
6.499440670013427734e-01
6.653707027435302734e-01
6.632714271545410156e-01
6.497719287872314453e-01
7.571897506713867188e-01
6.639723777770996094e-01
6.576559543609619141e-01
6.629726886749267578e-01
6.639273166656494141e-01
6.508374214172363281e-01
7.472574710845947266e-01
6.651079654693603516e-01
6.501514911651611328e-01
6.514203548431396484e-01
6.664862632751464844e-01
6.614432334899902344e-01
6.529128551483154297e-01
6.666886806488037109e-01
6.637749671936035156e-01
6.508738994598388672e-01
6.666386127471923828e-01
6.647307872772216797e-01
6.575968265533447266e-01
6.747674942016601562e-01
6.690936088562011719e-01
6.516735553741455078e-01
6.667444705963134766e-01
6.624095439910888672e-01
7.310066223144531250e-01
6.665661334991455078e-01
6.652705669403076172e-01
6.621537208557128906e-01
6.655473709106445312e-01
7.546744346618652344e-01
6.636357307434082031e-01
6.640737056732177734e-01
6.646018028259277344e-01
6.669762134552001953e-01
6.630628108978271484e-01
6.607642173767089844e-01
7.433118820190429688e-01
6.769800186157226562e-01
6.623492240905761719e-01
6.620573997497558594e-01
6.624414920806884766e-01
7.491319179534912109e-01
7.447230815887451172e-01
6.666140556335449219e-01
6.657168865203857422e-01
6.557497978210449219e-01
6.640608310699462891e-01
6.614885330200195312e-01
6.629047393798828125e-01
6.640093326568603516e-01
6.644573211669921875e-01
6.578934192657470703e-01
6.620297431945800781e-01
7.499113082885742188e-01
7.416093349456787109e-01
6.639587879180908203e-01
6.725547313690185547e-01
6.626441478729248047e-01
6.657938957214355469e-01
7.390723228454589844e-01
7.173199653625488281e-01
6.560177803039550781e-01
6.674108505249023438e-01
6.758503913879394531e-01
6.567687988281250000e-01
7.421083450317382812e-01
7.567331790924072266e-01
6.633563041687011719e-01
6.571624279022216797e-01
6.611003875732421875e-01
6.626446247100830078e-01
6.682484149932861328e-01
6.527729034423828125e-01
6.633639335632324219e-01
6.638967990875244141e-01
6.662862300872802734e-01
