7.433834075927734375e-01
6.853251457214355469e-01
6.926369667053222656e-01
6.705341339111328125e-01
7.521603107452392578e-01
6.641371250152587891e-01
6.856760978698730469e-01
6.783056259155273438e-01
6.884729862213134766e-01
6.751286983489990234e-01
7.559368610382080078e-01
6.789636611938476562e-01
6.792593002319335938e-01
6.640455722808837891e-01
6.821436882019042969e-01
6.650824546813964844e-01
7.416045665740966797e-01
6.804680824279785156e-01
6.639838218688964844e-01
6.617248058319091797e-01
6.692914962768554688e-01
7.596645355224609375e-01
6.725771427154541016e-01
6.713509559631347656e-01
6.898310184478759766e-01
6.806504726409912109e-01
6.785609722137451172e-01
6.777181625366210938e-01
6.695106029510498047e-01
6.675045490264892578e-01
6.656928062438964844e-01
6.753587722778320312e-01
7.462086677551269531e-01
6.622300148010253906e-01
6.808166503906250000e-01
7.454454898834228516e-01
6.721084117889404297e-01
6.843743324279785156e-01
7.447824478149414062e-01
6.660721302032470703e-01
6.643383502960205078e-01
6.590635776519775391e-01
6.657543182373046875e-01
6.672947406768798828e-01
6.662390232086181641e-01
6.640329360961914062e-01
6.716363430023193359e-01
7.612564563751220703e-01
6.662497520446777344e-01
6.570208072662353516e-01
7.523987293243408203e-01
6.563472747802734375e-01
6.628606319427490234e-01
6.683032512664794922e-01
6.643719673156738281e-01
6.488478183746337891e-01
6.662375926971435547e-01
6.579265594482421875e-01
6.621665954589843750e-01
7.087130546569824219e-01
6.577384471893310547e-01
6.555724143981933594e-01
6.685395240783691406e-01
6.794540882110595703e-01
6.615231037139892578e-01
6.603336334228515625e-01
7.446794509887695312e-01
6.625835895538330078e-01
6.589961051940917969e-01
6.578500270843505859e-01
6.630170345306396484e-01
6.628715991973876953e-01
6.690034866333007812e-01
6.704952716827392578e-01
6.865885257720947266e-01
6.686689853668212891e-01
6.663579940795898438e-01
6.631486415863037109e-01
6.770839691162109375e-01
6.638803482055664062e-01
6.614611148834228516e-01
6.656529903411865234e-01
6.636776924133300781e-01
7.401654720306396484e-01
6.646244525909423828e-01
6.658246517181396484e-01
6.646649837493896484e-01
6.852319240570068359e-01
6.651680469512939453e-01
7.388677597045898438e-01
6.654803752899169922e-01
6.650326251983642578e-01
6.493673324584960938e-01
6.618397235870361328e-01
6.668808460235595703e-01
6.507773399353027344e-01
6.616265773773193359e-01
6.696233749389648438e-01
6.507356166839599609e-01
6.615295410156250000e-01
6.694719791412353516e-01
6.501338481903076172e-01
6.612284183502197266e-01
6.663379669189453125e-01
6.500890254974365234e-01
6.656770706176757812e-01
6.942598819732666016e-01
6.521224975585937500e-01
6.536836624145507812e-01
6.742160320281982422e-01
6.488683223724365234e-01
6.498103141784667969e-01
6.654481887817382812e-01
6.656415462493896484e-01
6.504507064819335938e-01
6.660022735595703125e-01
6.581954956054687500e-01
6.481044292449951172e-01
6.647670269012451172e-01
6.602420806884765625e-01
6.499416828155517578e-01
6.653704643249511719e-01
6.632506847381591797e-01
6.497671604156494141e-01
7.571864128112792969e-01
6.639716625213623047e-01
6.576511859893798828e-01
6.629881858825683594e-01
6.639225482940673828e-01
6.508369445800781250e-01
7.472517490386962891e-01
6.651036739349365234e-01
6.501448154449462891e-01
6.514155864715576172e-01
6.664783954620361328e-01
6.614408493041992188e-01
6.529097557067871094e-01
6.666898727416992188e-01
6.637706756591796875e-01
6.508717536926269531e-01
6.666343212127685547e-01
6.647274494171142578e-01
6.575920581817626953e-01
6.747648715972900391e-01
6.690928936004638672e-01
6.516711711883544922e-01
6.667578220367431641e-01
6.624054908752441406e-01
7.310020923614501953e-01
6.665616035461425781e-01
6.652698516845703125e-01
6.621494293212890625e-01
6.655373573303222656e-01
7.546739578247070312e-01
6.636340618133544922e-01
6.640691757202148438e-01
6.645994186401367188e-01
6.669826507568359375e-01
6.630594730377197266e-01
6.607618331909179688e-01
7.433087825775146484e-01
6.769757270812988281e-01
6.623508930206298828e-01
6.620533466339111328e-01
6.624357700347900391e-01
7.491254806518554688e-01
7.447214126586914062e-01
6.666097640991210938e-01
6.657178401947021484e-01
6.557514667510986328e-01
6.640563011169433594e-01
6.615045070648193359e-01
6.629009246826171875e-01
6.640112400054931641e-01
6.644501686096191406e-01
6.578948497772216797e-01
6.620295047760009766e-01
7.499051094055175781e-01
7.416081428527832031e-01
6.639544963836669922e-01
6.725466251373291016e-01
6.626405715942382812e-01
6.657919883728027344e-01
7.390706539154052734e-01
7.173128128051757812e-01
6.560187339782714844e-01
6.674087047576904297e-01
6.758496761322021484e-01
6.567716598510742188e-01
7.421064376831054688e-01
7.567267417907714844e-01
6.633586883544921875e-01
6.571671962738037109e-01
6.610963344573974609e-01
6.626458168029785156e-01
6.682503223419189453e-01
6.527726650238037109e-01
6.633629798889160156e-01
6.638917922973632812e-01
6.662807464599609375e-01
