2.692000865936279297e+00
1.028732299804687500e+00
1.020023345947265625e+00
1.019818782806396484e+00
1.022972583770751953e+00
1.024241209030151367e+00
1.024876117706298828e+00
1.027245998382568359e+00
1.030193567276000977e+00
1.029069662094116211e+00
1.032247066497802734e+00
1.024014949798583984e+00
1.024689435958862305e+00
1.025039196014404297e+00
1.030424356460571289e+00
1.026244163513183594e+00
1.024508714675903320e+00
1.028494119644165039e+00
1.032637119293212891e+00
1.032836437225341797e+00
1.024538993835449219e+00
1.023217439651489258e+00
1.039613962173461914e+00
1.031202077865600586e+00
1.031742095947265625e+00
1.034317493438720703e+00
1.033567905426025391e+00
1.034709692001342773e+00
1.036327838897705078e+00
1.032592773437500000e+00
1.029919862747192383e+00
1.027050971984863281e+00
1.030393123626708984e+00
1.030346870422363281e+00
1.031264066696166992e+00
1.034152746200561523e+00
1.031960010528564453e+00
1.035653591156005859e+00
1.040717363357543945e+00
1.039471626281738281e+00
1.033002853393554688e+00
1.035714149475097656e+00
1.031109333038330078e+00
1.032101631164550781e+00
1.032993316650390625e+00
1.036576032638549805e+00
1.032466650009155273e+00
1.034949064254760742e+00
1.041251897811889648e+00
1.038769245147705078e+00
1.039032459259033203e+00
1.031562328338623047e+00
1.024884939193725586e+00
1.026000499725341797e+00
1.027033567428588867e+00
1.026318073272705078e+00
1.026994228363037109e+00
1.026515245437622070e+00
1.047616720199584961e+00
1.085290431976318359e+00
1.045482635498046875e+00
1.056257009506225586e+00
1.048124551773071289e+00
1.063947200775146484e+00
1.058110713958740234e+00
1.029527425765991211e+00
1.029327869415283203e+00
1.032801628112792969e+00
1.028102874755859375e+00
1.032892704010009766e+00
1.033520936965942383e+00
1.029457330703735352e+00
1.028846025466918945e+00
1.076447486877441406e+00
1.089433193206787109e+00
1.048955202102661133e+00
1.086044311523437500e+00
1.106368541717529297e+00
1.038129806518554688e+00
1.040457725524902344e+00
1.038509130477905273e+00
1.038273572921752930e+00
1.031894445419311523e+00
1.029010057449340820e+00
1.031926393508911133e+00
1.033556222915649414e+00
1.029845952987670898e+00
1.077664852142333984e+00
1.044587135314941406e+00
1.033700466156005859e+00
1.038564920425415039e+00
1.037785053253173828e+00
1.038853883743286133e+00
1.035732507705688477e+00
1.034844636917114258e+00
1.036461830139160156e+00
1.041896820068359375e+00
1.037110567092895508e+00
1.039081811904907227e+00
1.060305595397949219e+00
1.044462203979492188e+00
1.040479421615600586e+00
1.040343046188354492e+00
1.039337396621704102e+00
1.037821531295776367e+00
1.087816715240478516e+00
1.051682472229003906e+00
1.037884473800659180e+00
1.039036750793457031e+00
1.040262937545776367e+00
1.040077686309814453e+00
1.042653083801269531e+00
1.042956113815307617e+00
1.044947147369384766e+00
1.039777517318725586e+00
1.038801193237304688e+00
1.035934686660766602e+00
1.045839309692382812e+00
1.040938377380371094e+00
1.040418148040771484e+00
1.045585155487060547e+00
1.039364337921142578e+00
1.044805765151977539e+00
1.046370029449462891e+00
1.038847208023071289e+00
1.034718513488769531e+00
1.032707929611206055e+00
1.036091327667236328e+00
1.039755105972290039e+00
1.037267923355102539e+00
1.037981271743774414e+00
1.035518884658813477e+00
1.044802188873291016e+00
1.037144184112548828e+00
1.039718389511108398e+00
1.035416603088378906e+00
1.037062406539916992e+00
1.036214113235473633e+00
1.037541866302490234e+00
1.034651517868041992e+00
1.035146236419677734e+00
1.036596536636352539e+00
1.037631750106811523e+00
1.039233922958374023e+00
1.035710573196411133e+00
1.035889863967895508e+00
1.046303749084472656e+00
1.033899307250976562e+00
1.038000583648681641e+00
1.034474372863769531e+00
1.036357164382934570e+00
1.038989067077636719e+00
1.038405656814575195e+00
1.040013790130615234e+00
1.037501096725463867e+00
1.036052942276000977e+00
1.036747455596923828e+00
1.037824392318725586e+00
1.036698341369628906e+00
1.036161422729492188e+00
1.035620927810668945e+00
1.040035724639892578e+00
1.032852172851562500e+00
1.033546924591064453e+00
1.033864259719848633e+00
1.036642551422119141e+00
1.030350685119628906e+00
1.032607793807983398e+00
1.029868125915527344e+00
1.025800943374633789e+00
1.031230688095092773e+00
1.029800415039062500e+00
1.031859397888183594e+00
1.030253171920776367e+00
1.030152797698974609e+00
1.028957843780517578e+00
1.028635263442993164e+00
1.032633781433105469e+00
1.030577898025512695e+00
1.027455091476440430e+00
1.028362512588500977e+00
1.030503988265991211e+00
1.028483867645263672e+00
1.030274152755737305e+00
1.039839029312133789e+00
1.027337551116943359e+00
1.032739877700805664e+00
1.028727769851684570e+00
1.031552791595458984e+00
1.026128292083740234e+00
1.027854204177856445e+00
1.027010917663574219e+00
1.028034448623657227e+00
1.027056455612182617e+00
1.029826641082763672e+00
1.026286602020263672e+00
1.029255151748657227e+00
1.028265714645385742e+00
1.029640436172485352e+00
1.031084060668945312e+00
