7.433898448944091797e-01
6.853361129760742188e-01
6.926488876342773438e-01
6.705372333526611328e-01
7.521667480468750000e-01
6.641380786895751953e-01
6.857032775878906250e-01
6.783077716827392578e-01
6.884846687316894531e-01
6.751315593719482422e-01
7.559406757354736328e-01
6.789693832397460938e-01
6.792609691619873047e-01
6.640517711639404297e-01
6.821484565734863281e-01
6.650867462158203125e-01
7.416064739227294922e-01
6.804811954498291016e-01
6.639909744262695312e-01
6.617290973663330078e-01
6.692955493927001953e-01
7.596652507781982422e-01
6.725821495056152344e-01
6.713559627532958984e-01
6.898343563079833984e-01
6.806552410125732422e-01
6.785635948181152344e-01
6.777215003967285156e-01
6.695148944854736328e-01
6.675057411193847656e-01
6.657042503356933594e-01
6.753604412078857422e-01
7.462162971496582031e-01
6.622371673583984375e-01
6.808340549468994141e-01
7.454490661621093750e-01
6.721208095550537109e-01
6.843819618225097656e-01
7.447857856750488281e-01
6.660728454589843750e-01
6.643419265747070312e-01
6.590666770935058594e-01
6.657552719116210938e-01
6.673014163970947266e-01
6.662404537200927734e-01
6.640412807464599609e-01
6.716465950012207031e-01
7.612581253051757812e-01
6.662757396697998047e-01
6.570279598236083984e-01
7.524049282073974609e-01
6.563558578491210938e-01
6.628663539886474609e-01
6.683120727539062500e-01
6.643817424774169922e-01
6.488537788391113281e-01
6.662473678588867188e-01
6.579370498657226562e-01
6.621727943420410156e-01
7.087264060974121094e-01
6.577455997467041016e-01
6.555819511413574219e-01
6.685481071472167969e-01
6.794664859771728516e-01
6.615295410156250000e-01
6.603245735168457031e-01
7.446928024291992188e-01
6.625959873199462891e-01
6.590044498443603516e-01
6.578555107116699219e-01
6.630251407623291016e-01
6.628780364990234375e-01
6.690089702606201172e-01
6.705217361450195312e-01
6.865925788879394531e-01
6.686711311340332031e-01
6.663591861724853516e-01
6.631562709808349609e-01
6.770875453948974609e-01
6.639075279235839844e-01
6.614661216735839844e-01
6.656556129455566406e-01
6.636815071105957031e-01
7.401721477508544922e-01
6.646265983581542969e-01
6.658308506011962891e-01
6.646680831909179688e-01
6.852345466613769531e-01
6.651799678802490234e-01
7.388734817504882812e-01
6.654870510101318359e-01
6.650419235229492188e-01
6.493773460388183594e-01
6.618456840515136719e-01
6.669063568115234375e-01
6.507854461669921875e-01
6.616349220275878906e-01
6.696567535400390625e-01
6.507399082183837891e-01
6.615378856658935547e-01
6.694808006286621094e-01
6.501424312591552734e-01
6.612324714660644531e-01
6.663467884063720703e-01
6.500961780548095703e-01
6.656830310821533203e-01
6.942663192749023438e-01
6.521306037902832031e-01
6.536884307861328125e-01
6.742246150970458984e-01
6.488764286041259766e-01
6.498205661773681641e-01
6.654567718505859375e-01
6.656520366668701172e-01
6.504578590393066406e-01
6.660172939300537109e-01
6.582014560699462891e-01
6.481158733367919922e-01
6.647732257843017578e-01
6.602542400360107422e-01
6.499505043029785156e-01
6.653609275817871094e-01
6.632759571075439453e-01
6.497731208801269531e-01
7.571921348571777344e-01
6.639783382415771484e-01
6.576576232910156250e-01
6.629934310913085938e-01
6.639337539672851562e-01
6.508409976959228516e-01
7.472612857818603516e-01
6.651117801666259766e-01
6.501524448394775391e-01
6.514220237731933594e-01
6.664907932281494141e-01
6.614494323730468750e-01
6.529142856597900391e-01
6.666944026947021484e-01
6.637780666351318359e-01
6.508789062500000000e-01
6.666400432586669922e-01
6.647338867187500000e-01
6.575970649719238281e-01
6.747679710388183594e-01
6.691029071807861328e-01
6.516799926757812500e-01
6.667652130126953125e-01
6.624109745025634766e-01
7.310094833374023438e-01
6.665673255920410156e-01
6.652743816375732422e-01
6.621572971343994141e-01
6.655521392822265625e-01
7.546737194061279297e-01
6.636450290679931641e-01
6.640746593475341797e-01
6.646046638488769531e-01
6.669855117797851562e-01
6.630682945251464844e-01
6.607701778411865234e-01
7.433164119720458984e-01
6.769821643829345703e-01
6.623575687408447266e-01
6.620602607727050781e-01
6.624412536621093750e-01
7.491366863250732422e-01
7.447276115417480469e-01
6.666178703308105469e-01
6.657238006591796875e-01
6.557528972625732422e-01
6.640641689300537109e-01
6.615111827850341797e-01
6.629071235656738281e-01
6.640155315399169922e-01
6.644592285156250000e-01
6.579024791717529297e-01
6.620359420776367188e-01
7.499127388000488281e-01
7.416129112243652344e-01
6.639618873596191406e-01
6.725580692291259766e-01
6.626486778259277344e-01
6.658010482788085938e-01
7.390761375427246094e-01
7.173204421997070312e-01
6.560237407684326172e-01
6.674146652221679688e-01
6.758534908294677734e-01
6.567718982696533203e-01
7.421121597290039062e-01
7.567360401153564453e-01
6.633586883544921875e-01
6.571667194366455078e-01
6.611034870147705078e-01
6.626496315002441406e-01
6.682541370391845703e-01
6.527791023254394531e-01
6.633687019348144531e-01
6.639010906219482422e-01
6.662902832031250000e-01
