2.841391324996948242e+00
1.136657238006591797e+00
1.129727363586425781e+00
1.134065151214599609e+00
1.130765676498413086e+00
1.132701158523559570e+00
1.129628658294677734e+00
1.133880853652954102e+00
1.132503271102905273e+00
1.132993698120117188e+00
1.135627031326293945e+00
1.134166479110717773e+00
1.133000373840332031e+00
1.133402109146118164e+00
1.135004281997680664e+00
1.135092258453369141e+00
1.139872074127197266e+00
1.137284040451049805e+00
1.136029958724975586e+00
1.136925220489501953e+00
1.135641336441040039e+00
1.134471178054809570e+00
1.142848253250122070e+00
1.139520883560180664e+00
1.149319648742675781e+00
1.145608901977539062e+00
1.144773960113525391e+00
1.141374588012695312e+00
1.139894247055053711e+00
1.140448808670043945e+00
1.137116909027099609e+00
1.140687227249145508e+00
1.138787508010864258e+00
1.141909360885620117e+00
1.140998363494873047e+00
1.140723466873168945e+00
1.145131349563598633e+00
1.143577575683593750e+00
1.144440174102783203e+00
1.143146038055419922e+00
1.138552188873291016e+00
1.142145156860351562e+00
1.141788244247436523e+00
1.145339965820312500e+00
1.144691228866577148e+00
1.149243116378784180e+00
1.146243333816528320e+00
1.146684169769287109e+00
1.145782470703125000e+00
1.147134542465209961e+00
1.148508787155151367e+00
1.147758245468139648e+00
1.134461164474487305e+00
1.139182329177856445e+00
1.134891510009765625e+00
1.132324218750000000e+00
1.133332252502441406e+00
1.135357618331909180e+00
1.164124011993408203e+00
1.190119266510009766e+00
1.150633573532104492e+00
1.155490398406982422e+00
1.144583463668823242e+00
1.179312229156494141e+00
1.157592535018920898e+00
1.136219978332519531e+00
1.138090610504150391e+00
1.138114690780639648e+00
1.139085531234741211e+00
1.140920162200927734e+00
1.142246484756469727e+00
1.141011476516723633e+00
1.141710281372070312e+00
1.174111366271972656e+00
1.203041553497314453e+00
1.152226924896240234e+00
1.185345649719238281e+00
1.197190999984741211e+00
1.151042699813842773e+00
1.148412704467773438e+00
1.147353172302246094e+00
1.152132987976074219e+00
1.141713142395019531e+00
1.140543222427368164e+00
1.142763853073120117e+00
1.136214494705200195e+00
1.152716636657714844e+00
1.178991556167602539e+00
1.155463457107543945e+00
1.146886348724365234e+00
1.150882005691528320e+00
1.148173570632934570e+00
1.149133920669555664e+00
1.149814367294311523e+00
1.148908138275146484e+00
1.148750543594360352e+00
1.147766590118408203e+00
1.149412631988525391e+00
1.149982929229736328e+00
1.149160146713256836e+00
1.148247241973876953e+00
1.149771928787231445e+00
1.147494554519653320e+00
1.147712230682373047e+00
1.154372692108154297e+00
1.179669618606567383e+00
1.168159246444702148e+00
1.153562784194946289e+00
1.150581359863281250e+00
1.155673980712890625e+00
1.152880191802978516e+00
1.154906511306762695e+00
1.152451515197753906e+00
1.150389194488525391e+00
1.150987863540649414e+00
1.153317689895629883e+00
1.152359962463378906e+00
1.161410808563232422e+00
1.153687715530395508e+00
1.162605285644531250e+00
1.155898094177246094e+00
1.158096551895141602e+00
1.152645826339721680e+00
1.154246091842651367e+00
1.145662784576416016e+00
1.144207239151000977e+00
1.143564701080322266e+00
1.142655134201049805e+00
1.144983291625976562e+00
1.147012948989868164e+00
1.147497415542602539e+00
1.142809391021728516e+00
1.143025875091552734e+00
1.142766475677490234e+00
1.144299507141113281e+00
1.147502183914184570e+00
1.140957593917846680e+00
1.142526149749755859e+00
1.142293214797973633e+00
1.141134500503540039e+00
1.143503665924072266e+00
1.145861864089965820e+00
1.147887945175170898e+00
1.147103548049926758e+00
1.145629882812500000e+00
1.143728494644165039e+00
1.142792701721191406e+00
1.145100831985473633e+00
1.145390272140502930e+00
1.147830724716186523e+00
1.144525051116943359e+00
1.144142866134643555e+00
1.144997358322143555e+00
1.149260520935058594e+00
1.146432638168334961e+00
1.146818399429321289e+00
1.143591880798339844e+00
1.146013975143432617e+00
1.146575450897216797e+00
1.146807193756103516e+00
1.145328044891357422e+00
1.160738706588745117e+00
1.144038677215576172e+00
1.146117687225341797e+00
1.146486043930053711e+00
1.146171092987060547e+00
1.155230522155761719e+00
1.152218580245971680e+00
1.147852420806884766e+00
1.151486635208129883e+00
1.149045705795288086e+00
1.148986339569091797e+00
1.151634693145751953e+00
1.149493694305419922e+00
1.145179986953735352e+00
1.148856401443481445e+00
1.148452043533325195e+00
1.147502899169921875e+00
1.149246931076049805e+00
1.144654989242553711e+00
1.163149118423461914e+00
1.160383939743041992e+00
1.146269083023071289e+00
1.145605564117431641e+00
1.155807256698608398e+00
1.147755146026611328e+00
1.148151636123657227e+00
1.150877714157104492e+00
1.146028280258178711e+00
1.158998727798461914e+00
1.146107912063598633e+00
1.149846792221069336e+00
1.154784440994262695e+00
1.146735906600952148e+00
1.153585910797119141e+00
1.151231527328491211e+00
1.149280786514282227e+00
1.149533748626708984e+00
1.147394657135009766e+00
1.163043022155761719e+00
