7.433848381042480469e-01
6.853299140930175781e-01
6.926355361938476562e-01
6.705372333526611328e-01
7.521603107452392578e-01
6.641387939453125000e-01
6.856920719146728516e-01
6.783068180084228516e-01
6.884806156158447266e-01
6.751291751861572266e-01
7.559356689453125000e-01
6.789629459381103516e-01
6.792602539062500000e-01
6.640489101409912109e-01
6.821305751800537109e-01
6.650843620300292969e-01
7.416062355041503906e-01
6.804561614990234375e-01
6.639871597290039062e-01
6.617259979248046875e-01
6.692943572998046875e-01
7.596666812896728516e-01
6.725754737854003906e-01
6.713514328002929688e-01
6.898310184478759766e-01
6.806488037109375000e-01
6.785614490509033203e-01
6.777181625366210938e-01
6.695132255554199219e-01
6.675045490264892578e-01
6.657025814056396484e-01
6.753613948822021484e-01
7.462069988250732422e-01
6.622316837310791016e-01
6.808090209960937500e-01
7.454445362091064453e-01
6.721148490905761719e-01
6.843724250793457031e-01
7.447812557220458984e-01
6.660690307617187500e-01
6.643402576446533203e-01
6.590628623962402344e-01
6.657502651214599609e-01
6.672968864440917969e-01
6.662409305572509766e-01
6.640365123748779297e-01
6.716406345367431641e-01
7.612473964691162109e-01
6.662714481353759766e-01
6.570198535919189453e-01
7.524008750915527344e-01
6.563491821289062500e-01
6.628608703613281250e-01
6.682932376861572266e-01
6.643764972686767578e-01
6.488468647003173828e-01
6.662406921386718750e-01
6.579267978668212891e-01
6.621718406677246094e-01
7.087109088897705078e-01
6.577394008636474609e-01
6.555759906768798828e-01
6.685426235198974609e-01
6.794593334197998047e-01
6.615216732025146484e-01
6.603369712829589844e-01
7.446777820587158203e-01
6.625912189483642578e-01
6.589980125427246094e-01
6.578528881072998047e-01
6.630179882049560547e-01
6.628746986389160156e-01
6.689913272857666016e-01
6.705164909362792969e-01
6.865875720977783203e-01
6.686770915985107422e-01
6.663537025451660156e-01
6.631498336791992188e-01
6.770832538604736328e-01
6.639006137847900391e-01
6.614649295806884766e-01
6.656539440155029297e-01
6.636757850646972656e-01
7.401678562164306641e-01
6.646275520324707031e-01
6.658232212066650391e-01
6.646666526794433594e-01
6.852324008941650391e-01
6.651649475097656250e-01
7.388672828674316406e-01
6.654798984527587891e-01
6.650354862213134766e-01
6.493699550628662109e-01
6.618428230285644531e-01
6.669006347656250000e-01
6.507740020751953125e-01
6.616303920745849609e-01
6.696248054504394531e-01
6.507358551025390625e-01
6.615304946899414062e-01
6.694808006286621094e-01
6.501362323760986328e-01
6.612293720245361328e-01
6.663253307342529297e-01
6.500916481018066406e-01
6.656773090362548828e-01
6.942710876464843750e-01
6.521251201629638672e-01
6.536843776702880859e-01
6.741979122161865234e-01
6.488697528839111328e-01
6.498115062713623047e-01
6.654534339904785156e-01
6.656479835510253906e-01
6.504518985748291016e-01
6.659827232360839844e-01
6.581983566284179688e-01
6.481039524078369141e-01
6.647758483886718750e-01
6.602408885955810547e-01
6.499426364898681641e-01
6.653726100921630859e-01
6.632690429687500000e-01
6.497681140899658203e-01
7.571835517883300781e-01
6.639723777770996094e-01
6.576497554779052734e-01
6.629879474639892578e-01
6.639244556427001953e-01
6.508400440216064453e-01
7.472481727600097656e-01
6.651067733764648438e-01
6.501448154449462891e-01
6.514165401458740234e-01
6.664772033691406250e-01
6.614444255828857422e-01
6.529090404510498047e-01
6.666936874389648438e-01
6.637718677520751953e-01
6.508758068084716797e-01
6.666340827941894531e-01
6.647284030914306641e-01
6.575906276702880859e-01
6.747667789459228516e-01
6.690943241119384766e-01
6.516728401184082031e-01
6.667642593383789062e-01
6.624081134796142578e-01
7.310070991516113281e-01
6.665630340576171875e-01
6.652712821960449219e-01
6.621520519256591797e-01
6.655201911926269531e-01
7.546758651733398438e-01
6.636371612548828125e-01
6.640734672546386719e-01
6.646027565002441406e-01
6.669802665710449219e-01
6.630611419677734375e-01
6.607611179351806641e-01
7.433078289031982422e-01
6.769745349884033203e-01
6.623528003692626953e-01
6.620543003082275391e-01
6.624350547790527344e-01
7.491314411163330078e-01
7.447206974029541016e-01
6.666119098663330078e-01
6.657197475433349609e-01
6.557497978210449219e-01
6.640579700469970703e-01
6.615095138549804688e-01
6.629023551940917969e-01
6.640114784240722656e-01
6.644492149353027344e-01
6.578965187072753906e-01
6.620275974273681641e-01
7.499077320098876953e-01
7.416076660156250000e-01
6.639566421508789062e-01
6.725478172302246094e-01
6.626398563385009766e-01
6.657953262329101562e-01
7.390718460083007812e-01
7.173163890838623047e-01
6.560196876525878906e-01
6.674101352691650391e-01
6.758472919464111328e-01
6.567730903625488281e-01
7.421069145202636719e-01
7.567303180694580078e-01
6.633601188659667969e-01
6.571602821350097656e-01
6.611001491546630859e-01
6.626470088958740234e-01
6.682481765747070312e-01
6.527719497680664062e-01
6.633622646331787109e-01
6.638927459716796875e-01
6.662828922271728516e-01
