2.747727155685424805e+00
1.124383687973022461e+00
1.114840507507324219e+00
1.113520860671997070e+00
1.117346525192260742e+00
1.116833209991455078e+00
1.115111351013183594e+00
1.116843700408935547e+00
1.123617887496948242e+00
1.123476982116699219e+00
1.118649244308471680e+00
1.114937543869018555e+00
1.114399671554565430e+00
1.118461370468139648e+00
1.116415262222290039e+00
1.119253635406494141e+00
1.122529506683349609e+00
1.123896121978759766e+00
1.125315904617309570e+00
1.125125646591186523e+00
1.120638370513916016e+00
1.117834806442260742e+00
1.128444671630859375e+00
1.125447034835815430e+00
1.135282278060913086e+00
1.133288145065307617e+00
1.125678777694702148e+00
1.131104230880737305e+00
1.131293296813964844e+00
1.129788160324096680e+00
1.120258569717407227e+00
1.123256683349609375e+00
1.125593900680541992e+00
1.124919891357421875e+00
1.124567508697509766e+00
1.126831769943237305e+00
1.126105785369873047e+00
1.132541179656982422e+00
1.133953571319580078e+00
1.133427858352661133e+00
1.128336906433105469e+00
1.133252143859863281e+00
1.130712747573852539e+00
1.132055044174194336e+00
1.132440567016601562e+00
1.130519628524780273e+00
1.129182577133178711e+00
1.131144762039184570e+00
1.133391857147216797e+00
1.131488084793090820e+00
1.133117437362670898e+00
1.128687620162963867e+00
1.118567228317260742e+00
1.119313001632690430e+00
1.120385169982910156e+00
1.120196342468261719e+00
1.119383573532104492e+00
1.122102737426757812e+00
1.145503520965576172e+00
1.175685644149780273e+00
1.142306089401245117e+00
1.142097711563110352e+00
1.132128000259399414e+00
1.162266969680786133e+00
1.155354022979736328e+00
1.127765655517578125e+00
1.128698587417602539e+00
1.127886295318603516e+00
1.124012708663940430e+00
1.123677968978881836e+00
1.123249292373657227e+00
1.123872518539428711e+00
1.124625205993652344e+00
1.154692411422729492e+00
1.194814920425415039e+00
1.139940977096557617e+00
1.156929969787597656e+00
1.204809427261352539e+00
1.132968187332153320e+00
1.136330366134643555e+00
1.134221792221069336e+00
1.132476329803466797e+00
1.124655961990356445e+00
1.125586748123168945e+00
1.128705978393554688e+00
1.125682115554809570e+00
1.124429702758789062e+00
1.159525156021118164e+00
1.141117334365844727e+00
1.133819103240966797e+00
1.133610486984252930e+00
1.136134147644042969e+00
1.133084058761596680e+00
1.133634328842163086e+00
1.136546134948730469e+00
1.133493423461914062e+00
1.136690855026245117e+00
1.133199453353881836e+00
1.138252973556518555e+00
1.136651039123535156e+00
1.134670019149780273e+00
1.134357452392578125e+00
1.135399580001831055e+00
1.136734247207641602e+00
1.135586261749267578e+00
1.162905693054199219e+00
1.146255493164062500e+00
1.132213354110717773e+00
1.135857582092285156e+00
1.133316755294799805e+00
1.134073019027709961e+00
1.136727571487426758e+00
1.135221481323242188e+00
1.137285709381103516e+00
1.133391141891479492e+00
1.135122060775756836e+00
1.137672662734985352e+00
1.135593414306640625e+00
1.136598825454711914e+00
1.135148763656616211e+00
1.134209156036376953e+00
1.142919778823852539e+00
1.139740467071533203e+00
1.139231204986572266e+00
1.126942396163940430e+00
1.127932786941528320e+00
1.128438711166381836e+00
1.129293680191040039e+00
1.134382963180541992e+00
1.139317035675048828e+00
1.131191730499267578e+00
1.130344390869140625e+00
1.136294364929199219e+00
1.133177518844604492e+00
1.130894899368286133e+00
1.134544372558593750e+00
1.129326105117797852e+00
1.126883983612060547e+00
1.127082824707031250e+00
1.128136157989501953e+00
1.129268884658813477e+00
1.128542900085449219e+00
1.127566337585449219e+00
1.128617048263549805e+00
1.131609201431274414e+00
1.134016990661621094e+00
1.133511543273925781e+00
1.131128072738647461e+00
1.129566907882690430e+00
1.129321098327636719e+00
1.128834247589111328e+00
1.130619764328002930e+00
1.129503965377807617e+00
1.131352186203002930e+00
1.130342483520507812e+00
1.128803730010986328e+00
1.130134344100952148e+00
1.129441499710083008e+00
1.128484964370727539e+00
1.129319190979003906e+00
1.128338575363159180e+00
1.142032384872436523e+00
1.132021903991699219e+00
1.129484653472900391e+00
1.130519390106201172e+00
1.129995107650756836e+00
1.130222797393798828e+00
1.131088256835937500e+00
1.133625268936157227e+00
1.144989967346191406e+00
1.129366874694824219e+00
1.130658864974975586e+00
1.129818201065063477e+00
1.128724098205566406e+00
1.132169485092163086e+00
1.132397890090942383e+00
1.131443738937377930e+00
1.132794141769409180e+00
1.136628389358520508e+00
1.133590698242187500e+00
1.129884719848632812e+00
1.130980253219604492e+00
1.130170345306396484e+00
1.131108522415161133e+00
1.134492635726928711e+00
1.130360841751098633e+00
1.132661104202270508e+00
1.131182909011840820e+00
1.131382465362548828e+00
1.134415149688720703e+00
1.130919694900512695e+00
1.129670619964599609e+00
1.131125211715698242e+00
1.133210659027099609e+00
1.135666608810424805e+00
1.132130622863769531e+00
1.130964756011962891e+00
1.132629156112670898e+00
1.134886503219604492e+00
1.142378091812133789e+00
