3.347777366638183594e+00
1.681976556777954102e+00
1.645416021347045898e+00
1.699367284774780273e+00
1.653384685516357422e+00
1.651710271835327148e+00
1.666685104370117188e+00
1.660510063171386719e+00
1.670043945312500000e+00
1.690404653549194336e+00
1.681270360946655273e+00
1.648516654968261719e+00
1.635183811187744141e+00
1.808105945587158203e+00
1.701100826263427734e+00
1.683253526687622070e+00
1.707164764404296875e+00
1.697227478027343750e+00
1.749028921127319336e+00
1.647284984588623047e+00
1.759952068328857422e+00
1.642709732055664062e+00
1.676228284835815430e+00
1.747198104858398438e+00
1.685182094573974609e+00
1.703116893768310547e+00
1.724053382873535156e+00
1.697047233581542969e+00
1.655638933181762695e+00
1.749523878097534180e+00
1.725237369537353516e+00
1.737860202789306641e+00
1.690452098846435547e+00
1.711068630218505859e+00
1.719563961029052734e+00
1.704772472381591797e+00
1.799463510513305664e+00
1.739907026290893555e+00
1.719163656234741211e+00
1.647032499313354492e+00
1.939428329467773438e+00
1.805973768234252930e+00
1.708784341812133789e+00
1.700312614440917969e+00
1.759425401687622070e+00
1.723890542984008789e+00
1.701294898986816406e+00
1.658061504364013672e+00
1.744288444519042969e+00
1.783124208450317383e+00
1.711406707763671875e+00
1.646540880203247070e+00
1.699265480041503906e+00
1.841018438339233398e+00
1.763452768325805664e+00
1.662495374679565430e+00
1.811785697937011719e+00
1.732822895050048828e+00
1.724088430404663086e+00
1.727380514144897461e+00
1.729593992233276367e+00
1.738415479660034180e+00
1.736731052398681641e+00
1.678352594375610352e+00
1.738310098648071289e+00
1.723365545272827148e+00
1.734861135482788086e+00
1.721928596496582031e+00
1.772531032562255859e+00
1.685042619705200195e+00
1.901641368865966797e+00
1.748312473297119141e+00
1.716281175613403320e+00
1.733521938323974609e+00
1.752582073211669922e+00
1.729730367660522461e+00
1.739568948745727539e+00
1.678984403610229492e+00
1.688870191574096680e+00
1.768382549285888672e+00
1.717467546463012695e+00
1.709477901458740234e+00
1.723212242126464844e+00
1.715790510177612305e+00
1.736289739608764648e+00
1.720904111862182617e+00
1.740300178527832031e+00
1.766060113906860352e+00
1.677466392517089844e+00
1.773619890213012695e+00
1.708889961242675781e+00
1.716524839401245117e+00
1.720140218734741211e+00
1.722920417785644531e+00
1.744606256484985352e+00
1.720145702362060547e+00
1.720273733139038086e+00
1.719924688339233398e+00
1.727368354797363281e+00
1.728459596633911133e+00
1.744178533554077148e+00
1.724037170410156250e+00
1.779342174530029297e+00
1.709796905517578125e+00
1.724337339401245117e+00
1.732710838317871094e+00
1.715854167938232422e+00
1.766825914382934570e+00
1.723524808883666992e+00
1.661770105361938477e+00
1.688432455062866211e+00
1.676182746887207031e+00
1.710402488708496094e+00
1.714618206024169922e+00
1.712035655975341797e+00
1.698684215545654297e+00
1.721420526504516602e+00
1.753079652786254883e+00
1.738010406494140625e+00
1.718659639358520508e+00
1.747635841369628906e+00
1.669178009033203125e+00
1.760880231857299805e+00
1.741636991500854492e+00
1.722236633300781250e+00
1.730931282043457031e+00
1.734705924987792969e+00
1.725569248199462891e+00
1.690752029418945312e+00
1.853082895278930664e+00
1.742498159408569336e+00
1.738104343414306641e+00
1.730586528778076172e+00
1.748002290725708008e+00
1.751026153564453125e+00
1.688292980194091797e+00
1.715896368026733398e+00
1.719215154647827148e+00
1.727654695510864258e+00
1.731650114059448242e+00
1.727994441986083984e+00
1.738236904144287109e+00
1.730694293975830078e+00
1.743284702301025391e+00
1.739642858505249023e+00
1.751032352447509766e+00
1.738465070724487305e+00
1.722700119018554688e+00
1.737827301025390625e+00
1.736254453659057617e+00
1.707874059677124023e+00
1.774006128311157227e+00
1.752613306045532227e+00
1.724961757659912109e+00
1.690275192260742188e+00
1.744902372360229492e+00
1.724019289016723633e+00
1.720380544662475586e+00
1.734257698059082031e+00
1.760560750961303711e+00
1.730765581130981445e+00
1.755311489105224609e+00
1.721259593963623047e+00
1.738632440567016602e+00
1.730464935302734375e+00
1.732882261276245117e+00
1.743704557418823242e+00
1.728604316711425781e+00
1.734949350357055664e+00
1.727563142776489258e+00
1.723567724227905273e+00
1.792944431304931641e+00
1.722077131271362305e+00
1.697540283203125000e+00
1.704503536224365234e+00
1.783602476119995117e+00
1.741001605987548828e+00
1.747234106063842773e+00
1.738512277603149414e+00
1.750975847244262695e+00
1.745748043060302734e+00
1.728779792785644531e+00
1.739235877990722656e+00
1.744147300720214844e+00
1.726711273193359375e+00
1.686568498611450195e+00
1.715290546417236328e+00
1.712267398834228516e+00
1.735069513320922852e+00
1.900460004806518555e+00
1.752323627471923828e+00
1.753659963607788086e+00
1.736695289611816406e+00
1.742404222488403320e+00
1.746296882629394531e+00
1.734133243560791016e+00
1.730058908462524414e+00
1.759606838226318359e+00
1.772666931152343750e+00
1.721729516983032227e+00
