2.370102405548095703e-01
2.335567474365234375e-01
2.377431392669677734e-01
2.323629856109619141e-01
2.266242504119873047e-01
2.284150123596191406e-01
2.300219535827636719e-01
2.333345413208007812e-01
2.344551086425781250e-01
2.353394031524658203e-01
2.351167201995849609e-01
2.389454841613769531e-01
3.144767284393310547e-01
2.431588172912597656e-01
2.308201789855957031e-01
2.301492691040039062e-01
2.347934246063232422e-01
2.340607643127441406e-01
2.331652641296386719e-01
2.339680194854736328e-01
2.326953411102294922e-01
2.334842681884765625e-01
2.292520999908447266e-01
2.347664833068847656e-01
2.312994003295898438e-01
2.317674160003662109e-01
3.072991371154785156e-01
2.326307296752929688e-01
2.364344596862792969e-01
2.368710041046142578e-01
2.382726669311523438e-01
2.284271717071533203e-01
2.285134792327880859e-01
2.281203269958496094e-01
2.337095737457275391e-01
2.341768741607666016e-01
2.299358844757080078e-01
2.354800701141357422e-01
2.330827713012695312e-01
2.311980724334716797e-01
2.343492507934570312e-01
2.343363761901855469e-01
2.349779605865478516e-01
2.314281463623046875e-01
2.325928211212158203e-01
2.281475067138671875e-01
2.343087196350097656e-01
2.342429161071777344e-01
2.321412563323974609e-01
2.275805473327636719e-01
2.359142303466796875e-01
2.332246303558349609e-01
2.356929779052734375e-01
2.344095706939697266e-01
2.335484027862548828e-01
2.336492538452148438e-01
2.324085235595703125e-01
2.328820228576660156e-01
2.339751720428466797e-01
2.354679107666015625e-01
2.324759960174560547e-01
2.345497608184814453e-01
2.368218898773193359e-01
2.316133975982666016e-01
2.377295494079589844e-01
2.338225841522216797e-01
2.359554767608642578e-01
2.334213256835937500e-01
2.296800613403320312e-01
2.538077831268310547e-01
2.334606647491455078e-01
2.329368591308593750e-01
2.344632148742675781e-01
2.367310523986816406e-01
2.321331501007080078e-01
2.314689159393310547e-01
2.335541248321533203e-01
3.097069263458251953e-01
2.351887226104736328e-01
2.867002487182617188e-01
2.316431999206542969e-01
2.340254783630371094e-01
2.351849079132080078e-01
2.248106002807617188e-01
2.323408126831054688e-01
2.333378791809082031e-01
2.280108928680419922e-01
2.333381175994873047e-01
2.552485466003417969e-01
2.365863323211669922e-01
2.380225658416748047e-01
2.322764396667480469e-01
2.303740978240966797e-01
2.372334003448486328e-01
2.357962131500244141e-01
2.344830036163330078e-01
2.363572120666503906e-01
2.260997295379638672e-01
2.370710372924804688e-01
2.344603538513183594e-01
2.351756095886230469e-01
2.351586818695068359e-01
2.348210811614990234e-01
2.347748279571533203e-01
2.303791046142578125e-01
2.377059459686279297e-01
2.333016395568847656e-01
2.364261150360107422e-01
2.285687923431396484e-01
2.358939647674560547e-01
2.332262992858886719e-01
2.332687377929687500e-01
2.350938320159912109e-01
2.349739074707031250e-01
2.333824634552001953e-01
2.364609241485595703e-01
2.347517013549804688e-01
2.348799705505371094e-01
2.355396747589111328e-01
2.279217243194580078e-01
2.346663475036621094e-01
2.303521633148193359e-01
2.358067035675048828e-01
2.324252128601074219e-01
2.287340164184570312e-01
2.351658344268798828e-01
2.299244403839111328e-01
2.333011627197265625e-01
2.307331562042236328e-01
2.330145835876464844e-01
2.327060699462890625e-01
2.342059612274169922e-01
2.338495254516601562e-01
2.326314449310302734e-01
2.357816696166992188e-01
2.545115947723388672e-01
2.289748191833496094e-01
2.330875396728515625e-01
2.287316322326660156e-01
2.357072830200195312e-01
2.267272472381591797e-01
2.253055572509765625e-01
2.336628437042236328e-01
2.294063568115234375e-01
2.337608337402343750e-01
2.331659793853759766e-01
2.339572906494140625e-01
2.361204624176025391e-01
2.286801338195800781e-01
2.292485237121582031e-01
2.323727607727050781e-01
2.310431003570556641e-01
2.311384677886962891e-01
2.368354797363281250e-01
2.356448173522949219e-01
2.801420688629150391e-01
2.349932193756103516e-01
2.347640991210937500e-01
2.360451221466064453e-01
2.353150844573974609e-01
2.354531288146972656e-01
2.312510013580322266e-01
2.343926429748535156e-01
2.336390018463134766e-01
2.332983016967773438e-01
2.338171005249023438e-01
2.329504489898681641e-01
2.340757846832275391e-01
2.347984313964843750e-01
2.351584434509277344e-01
2.315013408660888672e-01
2.326967716217041016e-01
2.347221374511718750e-01
2.360689640045166016e-01
2.398705482482910156e-01
2.369029521942138672e-01
2.686402797698974609e-01
2.326602935791015625e-01
2.359776496887207031e-01
2.355263233184814453e-01
2.365221977233886719e-01
2.228801250457763672e-01
3.146615028381347656e-01
2.334523200988769531e-01
2.336137294769287109e-01
2.348718643188476562e-01
2.996335029602050781e-01
3.062334060668945312e-01
2.339074611663818359e-01
2.893984317779541016e-01
2.915005683898925781e-01
2.338504791259765625e-01
2.354195117950439453e-01
2.363102436065673828e-01
2.297165393829345703e-01
2.340614795684814453e-01
2.314231395721435547e-01
2.331731319427490234e-01
2.273945808410644531e-01
2.396144866943359375e-01
