7.318830490112304688e-01
6.835010051727294922e-01
6.842787265777587891e-01
6.889536380767822266e-01
7.605206966400146484e-01
6.829986572265625000e-01
6.813850402832031250e-01
6.623570919036865234e-01
6.731224060058593750e-01
6.664557456970214844e-01
6.740427017211914062e-01
6.647655963897705078e-01
6.747422218322753906e-01
6.688482761383056641e-01
6.707394123077392578e-01
6.638686656951904297e-01
7.610683441162109375e-01
6.618363857269287109e-01
6.641678810119628906e-01
6.644489765167236328e-01
6.588940620422363281e-01
6.769034862518310547e-01
6.739430427551269531e-01
6.693625450134277344e-01
6.709613800048828125e-01
6.630892753601074219e-01
6.680514812469482422e-01
6.649954319000244141e-01
6.820814609527587891e-01
6.783213615417480469e-01
6.654996871948242188e-01
6.637618541717529297e-01
6.579794883728027344e-01
6.567726135253906250e-01
6.631903648376464844e-01
7.644004821777343750e-01
6.655054092407226562e-01
6.690120697021484375e-01
6.714315414428710938e-01
6.699645519256591797e-01
6.608607769012451172e-01
6.795139312744140625e-01
6.655037403106689453e-01
6.686871051788330078e-01
6.818649768829345703e-01
6.633870601654052734e-01
6.592009067535400391e-01
7.722597122192382812e-01
6.699326038360595703e-01
6.572918891906738281e-01
6.828184127807617188e-01
6.693701744079589844e-01
6.759605407714843750e-01
6.663753986358642578e-01
6.648972034454345703e-01
6.732616424560546875e-01
6.750516891479492188e-01
6.614050865173339844e-01
6.712505817413330078e-01
6.747732162475585938e-01
6.696455478668212891e-01
6.681828498840332031e-01
6.668019294738769531e-01
6.818749904632568359e-01
6.791729927062988281e-01
6.682512760162353516e-01
7.654500007629394531e-01
6.611862182617187500e-01
6.744029521942138672e-01
6.734123229980468750e-01
6.681563854217529297e-01
6.711664199829101562e-01
6.784615516662597656e-01
6.701247692108154297e-01
6.724660396575927734e-01
6.679179668426513672e-01
6.679301261901855469e-01
6.655213832855224609e-01
6.835193634033203125e-01
6.692807674407958984e-01
6.738293170928955078e-01
6.692976951599121094e-01
6.798355579376220703e-01
6.730613708496093750e-01
6.694600582122802734e-01
6.589481830596923828e-01
6.809895038604736328e-01
6.732625961303710938e-01
6.726207733154296875e-01
7.700240612030029297e-01
6.706283092498779297e-01
6.655375957489013672e-01
6.694273948669433594e-01
6.720051765441894531e-01
6.736361980438232422e-01
6.736238002777099609e-01
6.723554134368896484e-01
6.673321723937988281e-01
6.804964542388916016e-01
6.749615669250488281e-01
6.746172904968261719e-01
6.676926612854003906e-01
6.671288013458251953e-01
6.707007884979248047e-01
6.708326339721679688e-01
6.715357303619384766e-01
6.710524559020996094e-01
6.700611114501953125e-01
6.704201698303222656e-01
6.722450256347656250e-01
6.676037311553955078e-01
6.690595149993896484e-01
6.697921752929687500e-01
6.712634563446044922e-01
6.715972423553466797e-01
6.784431934356689453e-01
6.694242954254150391e-01
6.717445850372314453e-01
6.720495223999023438e-01
6.673653125762939453e-01
6.685118675231933594e-01
6.730766296386718750e-01
6.717927455902099609e-01
6.681768894195556641e-01
6.735672950744628906e-01
6.723914146423339844e-01
6.724250316619873047e-01
6.826984882354736328e-01
6.697697639465332031e-01
6.719620227813720703e-01
6.827785968780517578e-01
6.679861545562744141e-01
6.726036071777343750e-01
6.712443828582763672e-01
6.722154617309570312e-01
6.753587722778320312e-01
6.838889122009277344e-01
6.667540073394775391e-01
6.854059696197509766e-01
6.701948642730712891e-01
6.687545776367187500e-01
6.721689701080322266e-01
6.688494682312011719e-01
6.717901229858398438e-01
6.676630973815917969e-01
6.741180419921875000e-01
6.686947345733642578e-01
6.680493354797363281e-01
6.619985103607177734e-01
6.804893016815185547e-01
6.821665763854980469e-01
6.631064414978027344e-01
6.729815006256103516e-01
7.756805419921875000e-01
6.803300380706787109e-01
6.698391437530517578e-01
6.678864955902099609e-01
6.822230815887451172e-01
6.689951419830322266e-01
6.666669845581054688e-01
6.708858013153076172e-01
6.767802238464355469e-01
6.803123950958251953e-01
6.807539463043212891e-01
6.683599948883056641e-01
7.631361484527587891e-01
6.817376613616943359e-01
6.721699237823486328e-01
6.690049171447753906e-01
6.675541400909423828e-01
6.709437370300292969e-01
6.788852214813232422e-01
6.655683517456054688e-01
6.656460762023925781e-01
6.715221405029296875e-01
6.711544990539550781e-01
6.702451705932617188e-01
7.524452209472656250e-01
6.734933853149414062e-01
6.809289455413818359e-01
6.687669754028320312e-01
6.709079742431640625e-01
6.818840503692626953e-01
6.795170307159423828e-01
6.718211174011230469e-01
6.679592132568359375e-01
6.689271926879882812e-01
6.709215641021728516e-01
6.652319431304931641e-01
6.803438663482666016e-01
7.638247013092041016e-01
6.811821460723876953e-01
6.683104038238525391e-01
6.824274063110351562e-01
6.676657199859619141e-01
6.623818874359130859e-01
6.706285476684570312e-01
6.653051376342773438e-01
6.699776649475097656e-01
6.712253093719482422e-01
