3.035375118255615234e+00
1.120031595230102539e+00
1.119129896163940430e+00
1.120569229125976562e+00
1.119123220443725586e+00
1.119966745376586914e+00
1.122761726379394531e+00
1.117300748825073242e+00
1.146699190139770508e+00
1.118088245391845703e+00
1.120470046997070312e+00
1.118270158767700195e+00
1.118789911270141602e+00
1.119307041168212891e+00
1.122667551040649414e+00
1.123086690902709961e+00
1.121932029724121094e+00
1.120634555816650391e+00
1.119250059127807617e+00
1.123491287231445312e+00
1.122457742691040039e+00
1.122650623321533203e+00
1.120434045791625977e+00
1.128440618515014648e+00
1.123936653137207031e+00
1.121410131454467773e+00
1.122361183166503906e+00
1.125039577484130859e+00
1.124329090118408203e+00
1.126235485076904297e+00
1.186762094497680664e+00
1.301297426223754883e+00
1.128355026245117188e+00
1.129337787628173828e+00
1.127141475677490234e+00
1.214221000671386719e+00
1.126722097396850586e+00
1.129272937774658203e+00
1.128566741943359375e+00
1.129247665405273438e+00
1.131683826446533203e+00
1.161452770233154297e+00
1.132039070129394531e+00
1.127153635025024414e+00
1.129372596740722656e+00
1.132528066635131836e+00
1.241450309753417969e+00
1.305980682373046875e+00
1.130212306976318359e+00
1.133416175842285156e+00
1.129780292510986328e+00
1.131449460983276367e+00
1.132946968078613281e+00
1.278367042541503906e+00
1.307585716247558594e+00
1.132887840270996094e+00
1.133914947509765625e+00
1.136307954788208008e+00
1.136535644531250000e+00
1.136569499969482422e+00
1.137972593307495117e+00
1.137665271759033203e+00
1.134213447570800781e+00
1.138027906417846680e+00
1.250773668289184570e+00
1.369537591934204102e+00
1.273614168167114258e+00
1.138353824615478516e+00
1.135121107101440430e+00
1.140502214431762695e+00
1.143603086471557617e+00
1.143209695816040039e+00
1.140540599822998047e+00
1.140164852142333984e+00
1.279740333557128906e+00
1.369917869567871094e+00
1.370310068130493164e+00
1.229116439819335938e+00
1.136044502258300781e+00
1.138324260711669922e+00
1.201260805130004883e+00
1.140720129013061523e+00
1.140886783599853516e+00
1.139350175857543945e+00
1.139827489852905273e+00
1.141796827316284180e+00
1.202148675918579102e+00
1.257764816284179688e+00
1.144409894943237305e+00
1.201668262481689453e+00
1.373530387878417969e+00
1.370943784713745117e+00
1.261593103408813477e+00
1.141953945159912109e+00
1.140129566192626953e+00
1.200739383697509766e+00
1.260105133056640625e+00
1.143364667892456055e+00
1.141245603561401367e+00
1.140492916107177734e+00
1.137927055358886719e+00
1.137572526931762695e+00
1.154196500778198242e+00
1.141564607620239258e+00
1.141693830490112305e+00
1.153410673141479492e+00
1.139695644378662109e+00
1.142029523849487305e+00
1.141639471054077148e+00
1.141298532485961914e+00
1.141709804534912109e+00
1.143271684646606445e+00
1.257500171661376953e+00
1.312547445297241211e+00
1.145711660385131836e+00
1.143218994140625000e+00
1.200618505477905273e+00
1.190625190734863281e+00
1.142012119293212891e+00
1.138609409332275391e+00
1.140466928482055664e+00
1.142746925354003906e+00
1.200505733489990234e+00
1.205075502395629883e+00
1.263478279113769531e+00
1.259440422058105469e+00
1.311936616897583008e+00
1.142798900604248047e+00
1.142048597335815430e+00
1.141218662261962891e+00
1.259916067123413086e+00
1.376042127609252930e+00
1.258789300918579102e+00
1.142984151840209961e+00
1.143194913864135742e+00
1.151362895965576172e+00
1.257452011108398438e+00
1.258917570114135742e+00
1.224551677703857422e+00
1.195357561111450195e+00
1.260498523712158203e+00
1.199729442596435547e+00
1.257472991943359375e+00
1.265797853469848633e+00
1.143332481384277344e+00
1.148853302001953125e+00
1.153162240982055664e+00
1.204303264617919922e+00
1.377841711044311523e+00
1.237376689910888672e+00
1.144975662231445312e+00
1.144843578338623047e+00
1.144699335098266602e+00
1.143984079360961914e+00
1.154671907424926758e+00
1.143609285354614258e+00
1.141414642333984375e+00
1.144634246826171875e+00
1.197699069976806641e+00
1.142676591873168945e+00
1.145117998123168945e+00
1.372108221054077148e+00
1.265584230422973633e+00
1.145359992980957031e+00
1.197442054748535156e+00
1.143535852432250977e+00
1.149031400680541992e+00
1.146422147750854492e+00
1.147990465164184570e+00
1.211671829223632812e+00
1.264380455017089844e+00
1.290660619735717773e+00
1.275783777236938477e+00
1.144258260726928711e+00
1.168487548828125000e+00
1.145847320556640625e+00
1.170365571975708008e+00
1.265569448471069336e+00
1.145271301269531250e+00
1.208665609359741211e+00
1.189395904541015625e+00
1.143440485000610352e+00
1.147854328155517578e+00
1.207440376281738281e+00
1.319247484207153320e+00
1.147980213165283203e+00
1.148212194442749023e+00
1.176800966262817383e+00
1.142517805099487305e+00
1.147246599197387695e+00
1.376871585845947266e+00
1.236845493316650391e+00
1.147206783294677734e+00
1.146724462509155273e+00
1.287096261978149414e+00
1.323139190673828125e+00
1.151645660400390625e+00
1.206161499023437500e+00
1.146720170974731445e+00
1.157092094421386719e+00
