7.319006919860839844e-01
6.835193634033203125e-01
6.842608451843261719e-01
6.889314651489257812e-01
7.605226039886474609e-01
6.829981803894042969e-01
6.814029216766357422e-01
6.623463630676269531e-01
6.731338500976562500e-01
6.664617061614990234e-01
6.740489006042480469e-01
6.647610664367675781e-01
6.747574806213378906e-01
6.688382625579833984e-01
6.707384586334228516e-01
6.638572216033935547e-01
7.610807418823242188e-01
6.618273258209228516e-01
6.641540527343750000e-01
6.644492149353027344e-01
6.589074134826660156e-01
6.769189834594726562e-01
6.739366054534912109e-01
6.693589687347412109e-01
6.709623336791992188e-01
6.630668640136718750e-01
6.680533885955810547e-01
6.649982929229736328e-01
6.820726394653320312e-01
6.783227920532226562e-01
6.654999256134033203e-01
6.637458801269531250e-01
6.579575538635253906e-01
6.567890644073486328e-01
6.631803512573242188e-01
7.644195556640625000e-01
6.655087471008300781e-01
6.690220832824707031e-01
6.714351177215576172e-01
6.699631214141845703e-01
6.608517169952392578e-01
6.795017719268798828e-01
6.654894351959228516e-01
6.686842441558837891e-01
6.818642616271972656e-01
6.633753776550292969e-01
6.592209339141845703e-01
7.722749710083007812e-01
6.699199676513671875e-01
6.573030948638916016e-01
6.828422546386718750e-01
6.693720817565917969e-01
6.759753227233886719e-01
6.663782596588134766e-01
6.648864746093750000e-01
6.732623577117919922e-01
6.750631332397460938e-01
6.613962650299072266e-01
6.712388992309570312e-01
6.747782230377197266e-01
6.696455478668212891e-01
6.681814193725585938e-01
6.668257713317871094e-01
6.818873882293701172e-01
6.791732311248779297e-01
6.682701110839843750e-01
7.654545307159423828e-01
6.611976623535156250e-01
6.744189262390136719e-01
6.734287738800048828e-01
6.681718826293945312e-01
6.711785793304443359e-01
6.784796714782714844e-01
6.701395511627197266e-01
6.724684238433837891e-01
6.679303646087646484e-01
6.679310798645019531e-01
6.655087471008300781e-01
6.835355758666992188e-01
6.692824363708496094e-01
6.738426685333251953e-01
6.693150997161865234e-01
6.798501014709472656e-01
6.730587482452392578e-01
6.694498062133789062e-01
6.589453220367431641e-01
6.809921264648437500e-01
6.732544898986816406e-01
6.726241111755371094e-01
7.700245380401611328e-01
6.706187725067138672e-01
6.655426025390625000e-01
6.694278717041015625e-01
6.720073223114013672e-01
6.736600399017333984e-01
6.736261844635009766e-01
6.723551750183105469e-01
6.673324108123779297e-01
6.805119514465332031e-01
6.749777793884277344e-01
6.746392250061035156e-01
6.677110195159912109e-01
6.671392917633056641e-01
6.707162857055664062e-01
6.708426475524902344e-01
6.715297698974609375e-01
6.710617542266845703e-01
6.700739860534667969e-01
6.704356670379638672e-01
6.722404956817626953e-01
6.676063537597656250e-01
6.690711975097656250e-01
6.697993278503417969e-01
6.712787151336669922e-01
6.716077327728271484e-01
6.784350872039794922e-01
6.694452762603759766e-01
6.717619895935058594e-01
6.720695495605468750e-01
6.673870086669921875e-01
6.685245037078857422e-01
6.730759143829345703e-01
6.718130111694335938e-01
6.681804656982421875e-01
6.735620498657226562e-01
6.723825931549072266e-01
6.724355220794677734e-01
6.827125549316406250e-01
6.697850227355957031e-01
6.719708442687988281e-01
6.827795505523681641e-01
6.679861545562744141e-01
6.726157665252685547e-01
6.712570190429687500e-01
6.722264289855957031e-01
6.753609180450439453e-01
6.838922500610351562e-01
6.667556762695312500e-01
6.854314804077148438e-01
6.701967716217041016e-01
6.687252521514892578e-01
6.721875667572021484e-01
6.688528060913085938e-01
6.717922687530517578e-01
6.676683425903320312e-01
6.741282939910888672e-01
6.686863899230957031e-01
6.680514812469482422e-01
6.619908809661865234e-01
6.804902553558349609e-01
6.821660995483398438e-01
6.631178855895996094e-01
6.729836463928222656e-01
7.756838798522949219e-01
6.803448200225830078e-01
6.698558330535888672e-01
6.678762435913085938e-01
6.822402477264404297e-01
6.690161228179931641e-01
6.666679382324218750e-01
6.708884239196777344e-01
6.767823696136474609e-01
6.803050041198730469e-01
6.807680130004882812e-01
6.683766841888427734e-01
7.631058692932128906e-01
6.817588806152343750e-01
6.721737384796142578e-01
6.690201759338378906e-01
6.675634384155273438e-01
6.709597110748291016e-01
6.788842678070068359e-01
6.655766963958740234e-01
6.656615734100341797e-01
6.715223789215087891e-01
6.711773872375488281e-01
6.702499389648437500e-01
7.524390220642089844e-01
6.734862327575683594e-01
6.809484958648681641e-01
6.687564849853515625e-01
6.708984375000000000e-01
6.818985939025878906e-01
6.795163154602050781e-01
6.717798709869384766e-01
6.679618358612060547e-01
6.689484119415283203e-01
6.709229946136474609e-01
6.652460098266601562e-01
6.803467273712158203e-01
7.638297080993652344e-01
6.812047958374023438e-01
6.683106422424316406e-01
6.824195384979248047e-01
6.676571369171142578e-01
6.623973846435546875e-01
6.706321239471435547e-01
6.653032302856445312e-01
6.699764728546142578e-01
6.712379455566406250e-01
