2.709019184112548828e+00
1.103984832763671875e+00
1.229711294174194336e+00
1.104930400848388672e+00
1.100279092788696289e+00
1.102173089981079102e+00
1.110261440277099609e+00
1.102131128311157227e+00
1.177305221557617188e+00
1.333762168884277344e+00
1.107337951660156250e+00
1.108761072158813477e+00
1.108236312866210938e+00
1.109630584716796875e+00
1.104931592941284180e+00
1.105667829513549805e+00
1.109587430953979492e+00
1.106958627700805664e+00
1.337209463119506836e+00
1.339546442031860352e+00
1.107710361480712891e+00
1.109964847564697266e+00
1.111831903457641602e+00
1.261958599090576172e+00
1.183953762054443359e+00
1.342473030090332031e+00
1.108897209167480469e+00
1.116409778594970703e+00
1.109234333038330078e+00
1.264782667160034180e+00
1.112942457199096680e+00
1.110865831375122070e+00
1.108715057373046875e+00
1.110293626785278320e+00
1.343432664871215820e+00
1.227752208709716797e+00
1.114434480667114258e+00
1.112479686737060547e+00
1.341478109359741211e+00
1.111594676971435547e+00
1.112748861312866211e+00
1.112350225448608398e+00
1.109072923660278320e+00
1.115047454833984375e+00
1.347381591796875000e+00
1.111684799194335938e+00
1.111726284027099609e+00
1.110920906066894531e+00
1.121883630752563477e+00
1.346158504486083984e+00
1.347919225692749023e+00
1.346447467803955078e+00
1.116619586944580078e+00
1.117395877838134766e+00
1.114619016647338867e+00
1.113644838333129883e+00
1.187252759933471680e+00
1.349777936935424805e+00
1.114114761352539062e+00
1.114202260971069336e+00
1.347659349441528320e+00
1.114787101745605469e+00
1.115674972534179688e+00
1.119663238525390625e+00
1.270902872085571289e+00
1.113175392150878906e+00
1.192268848419189453e+00
1.118037462234497070e+00
1.347809076309204102e+00
1.350773096084594727e+00
1.269954919815063477e+00
1.116679191589355469e+00
1.236690998077392578e+00
1.349829196929931641e+00
1.235596656799316406e+00
1.120025157928466797e+00
1.123606681823730469e+00
1.119220018386840820e+00
1.114526510238647461e+00
1.352357864379882812e+00
1.118511915206909180e+00
1.115792036056518555e+00
1.121907234191894531e+00
1.114379882812500000e+00
1.117146253585815430e+00
1.114814996719360352e+00
1.110011816024780273e+00
1.111788511276245117e+00
1.111994266510009766e+00
1.114103555679321289e+00
1.116133928298950195e+00
1.112904787063598633e+00
1.112202882766723633e+00
1.183438301086425781e+00
1.113460302352905273e+00
1.341650009155273438e+00
1.111659049987792969e+00
1.111562967300415039e+00
1.107783079147338867e+00
1.110141038894653320e+00
1.213116645812988281e+00
1.262235403060913086e+00
1.337048768997192383e+00
1.336738824844360352e+00
1.337092876434326172e+00
1.336514711380004883e+00
1.337752580642700195e+00
1.335551738739013672e+00
1.336181163787841797e+00
1.334626436233520508e+00
1.264715194702148438e+00
1.183494329452514648e+00
1.262855052947998047e+00
1.108373641967773438e+00
1.335057258605957031e+00
1.262799739837646484e+00
1.108003616333007812e+00
1.104063272476196289e+00
1.107990264892578125e+00
1.113027334213256836e+00
1.337072849273681641e+00
1.337161540985107422e+00
1.108289718627929688e+00
1.110645532608032227e+00
1.109564065933227539e+00
1.107290983200073242e+00
1.113672733306884766e+00
1.337958335876464844e+00
1.112828969955444336e+00
1.218589305877685547e+00
1.224353790283203125e+00
1.108269453048706055e+00
1.108716487884521484e+00
1.223147869110107422e+00
1.183086395263671875e+00
1.262659072875976562e+00
1.110389232635498047e+00
1.110019207000732422e+00
1.223151683807373047e+00
1.114479541778564453e+00
1.111206293106079102e+00
1.122688293457031250e+00
1.264164686203002930e+00
1.109822273254394531e+00
1.111815690994262695e+00
1.180943250656127930e+00
1.339552164077758789e+00
1.114862203598022461e+00
1.112927436828613281e+00
1.225863456726074219e+00
1.110105276107788086e+00
1.186123132705688477e+00
1.263874053955078125e+00
1.108110666275024414e+00
1.109270572662353516e+00
1.113690137863159180e+00
1.115490913391113281e+00
1.111970424652099609e+00
1.107765674591064453e+00
1.114846467971801758e+00
1.270842313766479492e+00
1.113767385482788086e+00
1.115718126296997070e+00
1.110830068588256836e+00
1.110400199890136719e+00
1.115272521972656250e+00
1.231548547744750977e+00
1.108103990554809570e+00
1.110145807266235352e+00
1.125129699707031250e+00
1.116888999938964844e+00
1.111924648284912109e+00
1.107544422149658203e+00
1.333739995956420898e+00
1.229863405227661133e+00
1.109474420547485352e+00
1.113120317459106445e+00
1.115626573562622070e+00
1.342669963836669922e+00
1.115474939346313477e+00
1.111421585083007812e+00
1.268371582031250000e+00
1.115951776504516602e+00
1.121849298477172852e+00
1.109420299530029297e+00
1.110275506973266602e+00
1.110725641250610352e+00
1.114485740661621094e+00
1.111817836761474609e+00
1.263072729110717773e+00
1.112702369689941406e+00
1.182702779769897461e+00
1.112449407577514648e+00
1.113404273986816406e+00
1.114113807678222656e+00
1.115334033966064453e+00
1.233173370361328125e+00
1.110146999359130859e+00
1.230596542358398438e+00
1.113901853561401367e+00
