7.319021224975585938e-01
6.835217475891113281e-01
6.842603683471679688e-01
6.889317035675048828e-01
7.605214118957519531e-01
6.829957962036132812e-01
6.813974380493164062e-01
6.623337268829345703e-01
6.731286048889160156e-01
6.664588451385498047e-01
6.740481853485107422e-01
6.647596359252929688e-01
6.747634410858154297e-01
6.688365936279296875e-01
6.707401275634765625e-01
6.638510227203369141e-01
7.610821723937988281e-01
6.618275642395019531e-01
6.641628742218017578e-01
6.644465923309326172e-01
6.588993072509765625e-01
6.769068241119384766e-01
6.739366054534912109e-01
6.693556308746337891e-01
6.709527969360351562e-01
6.630647182464599609e-01
6.680543422698974609e-01
6.649973392486572266e-01
6.820755004882812500e-01
6.783215999603271484e-01
6.655015945434570312e-01
6.637499332427978516e-01
6.579556465148925781e-01
6.567840576171875000e-01
6.631805896759033203e-01
7.644028663635253906e-01
6.655049324035644531e-01
6.690187454223632812e-01
6.714248657226562500e-01
6.699602603912353516e-01
6.608510017395019531e-01
6.795046329498291016e-01
6.654899120330810547e-01
6.686861515045166016e-01
6.818451881408691406e-01
6.633775234222412109e-01
6.592216491699218750e-01
7.722673416137695312e-01
6.699202060699462891e-01
6.573028564453125000e-01
6.828296184539794922e-01
6.693716049194335938e-01
6.759727001190185547e-01
6.663730144500732422e-01
6.648905277252197266e-01
6.732623577117919922e-01
6.750488281250000000e-01
6.613962650299072266e-01
6.712372303009033203e-01
6.747801303863525391e-01
6.696448326110839844e-01
6.681840419769287109e-01
6.668186187744140625e-01
6.818790435791015625e-01
6.791734695434570312e-01
6.682703495025634766e-01
7.654440402984619141e-01
6.612010002136230469e-01
6.744225025177001953e-01
6.734304428100585938e-01
6.681721210479736328e-01
6.711738109588623047e-01
6.784770488739013672e-01
6.701254844665527344e-01
6.724617481231689453e-01
6.679346561431884766e-01
6.679325103759765625e-01
6.655058860778808594e-01
6.835272312164306641e-01
6.692717075347900391e-01
6.738488674163818359e-01
6.693062782287597656e-01
6.798489093780517578e-01
6.730587482452392578e-01
6.694488525390625000e-01
6.589462757110595703e-01
6.809914112091064453e-01
6.732556819915771484e-01
6.726136207580566406e-01
7.700247764587402344e-01
6.706197261810302734e-01
6.655454635620117188e-01
6.694281101226806641e-01
6.720035076141357422e-01
6.736528873443603516e-01
6.736259460449218750e-01
6.723561286926269531e-01
6.673324108123779297e-01
6.805090904235839844e-01
6.749727725982666016e-01
6.746311187744140625e-01
6.677048206329345703e-01
6.671404838562011719e-01
6.707031726837158203e-01
6.708292961120605469e-01
6.715297698974609375e-01
6.710543632507324219e-01
6.700766086578369141e-01
6.704390048980712891e-01
6.722407341003417969e-01
6.676084995269775391e-01
6.690697669982910156e-01
6.697943210601806641e-01
6.712625026702880859e-01
6.716110706329345703e-01
6.784327030181884766e-01
6.694350242614746094e-01
6.717607975006103516e-01
6.724193096160888672e-01
6.673667430877685547e-01
6.685228347778320312e-01
6.730697154998779297e-01
6.717960834503173828e-01
6.681816577911376953e-01
6.735544204711914062e-01
6.723835468292236328e-01
6.724348068237304688e-01
6.827089786529541016e-01
6.697764396667480469e-01
6.719734668731689453e-01
6.827790737152099609e-01
6.679856777191162109e-01
6.726143360137939453e-01
6.712579727172851562e-01
6.722261905670166016e-01
6.753506660461425781e-01
6.838941574096679688e-01
6.667559146881103516e-01
6.854240894317626953e-01
6.701977252960205078e-01
6.687207221984863281e-01
6.721723079681396484e-01
6.688539981842041016e-01
6.717913150787353516e-01
6.676664352416992188e-01
6.741278171539306641e-01
6.686882972717285156e-01
6.680498123168945312e-01
6.619956493377685547e-01
6.804904937744140625e-01
6.821494102478027344e-01
6.631171703338623047e-01
6.729824542999267578e-01
7.756810188293457031e-01
6.803286075592041016e-01
6.698565483093261719e-01
6.678764820098876953e-01
6.822392940521240234e-01
6.690182685852050781e-01
6.666595935821533203e-01
6.708884239196777344e-01
6.767830848693847656e-01
6.803030967712402344e-01
6.807382106781005859e-01
6.683769226074218750e-01
7.631030082702636719e-01
6.817491054534912109e-01
6.721582412719726562e-01
6.690154075622558594e-01
6.675608158111572266e-01
6.709573268890380859e-01
6.788823604583740234e-01
6.655783653259277344e-01
6.656608581542968750e-01
6.715238094329833984e-01
6.711764335632324219e-01
6.702516078948974609e-01
7.524330615997314453e-01
6.734874248504638672e-01
6.809475421905517578e-01
6.687567234039306641e-01
6.708991527557373047e-01
6.818768978118896484e-01
6.795151233673095703e-01
6.717813014984130859e-01
6.679604053497314453e-01
6.689493656158447266e-01
6.709256172180175781e-01
6.652262210845947266e-01
6.803472042083740234e-01
7.638289928436279297e-01
6.811957359313964844e-01
6.683111190795898438e-01
6.824181079864501953e-01
6.676576137542724609e-01
6.623909473419189453e-01
6.706333160400390625e-01
6.652956008911132812e-01
6.699726581573486328e-01
6.712396144866943359e-01
