6.381638050079345703e-01
6.246113777160644531e-01
6.346836090087890625e-01
6.328086853027343750e-01
7.066209316253662109e-01
6.291928291320800781e-01
6.252017021179199219e-01
6.304724216461181641e-01
6.350412368774414062e-01
6.295757293701171875e-01
6.293354034423828125e-01
6.340715885162353516e-01
6.263222694396972656e-01
6.254637241363525391e-01
6.319546699523925781e-01
6.343836784362792969e-01
7.092981338500976562e-01
6.282742023468017578e-01
6.301879882812500000e-01
6.302959918975830078e-01
6.319532394409179688e-01
6.304836273193359375e-01
6.392056941986083984e-01
6.376628875732421875e-01
6.174502372741699219e-01
6.382396221160888672e-01
6.372575759887695312e-01
6.458978652954101562e-01
6.317908763885498047e-01
6.263940334320068359e-01
6.767547130584716797e-01
6.264586448669433594e-01
6.441848278045654297e-01
6.216676235198974609e-01
6.249928474426269531e-01
6.965460777282714844e-01
6.181745529174804688e-01
6.225011348724365234e-01
6.250653266906738281e-01
6.287231445312500000e-01
6.396684646606445312e-01
6.707530021667480469e-01
6.420533657073974609e-01
6.373543739318847656e-01
6.406807899475097656e-01
6.346554756164550781e-01
6.274313926696777344e-01
7.166678905487060547e-01
6.338961124420166016e-01
6.293890476226806641e-01
6.369106769561767578e-01
6.342608928680419922e-01
6.306974887847900391e-01
6.559357643127441406e-01
7.046186923980712891e-01
6.370601654052734375e-01
6.335308551788330078e-01
6.368458271026611328e-01
8.519403934478759766e-01
6.333873271942138672e-01
6.336381435394287109e-01
6.374475955963134766e-01
6.299924850463867188e-01
6.261725425720214844e-01
6.480000019073486328e-01
6.359810829162597656e-01
7.150120735168457031e-01
6.398141384124755859e-01
6.496484279632568359e-01
7.704563140869140625e-01
6.275150775909423828e-01
6.294445991516113281e-01
6.320238113403320312e-01
6.428651809692382812e-01
6.228420734405517578e-01
6.425259113311767578e-01
6.376793384552001953e-01
6.376576423645019531e-01
6.226506233215332031e-01
6.217401027679443359e-01
6.670732498168945312e-01
6.820678710937500000e-01
6.324713230133056641e-01
6.385650634765625000e-01
6.292700767517089844e-01
6.107900142669677734e-01
6.283147335052490234e-01
6.390106678009033203e-01
6.308979988098144531e-01
7.059662342071533203e-01
6.421251296997070312e-01
6.497783660888671875e-01
7.606613636016845703e-01
7.388224601745605469e-01
6.546478271484375000e-01
6.455285549163818359e-01
6.384718418121337891e-01
6.643044948577880859e-01
6.587886810302734375e-01
6.609795093536376953e-01
6.499547958374023438e-01
6.546182632446289062e-01
6.576731204986572266e-01
6.837668418884277344e-01
8.500797748565673828e-01
1.184340000152587891e+00
6.464910507202148438e-01
6.618351936340332031e-01
6.521325111389160156e-01
6.504712104797363281e-01
6.393384933471679688e-01
6.480219364166259766e-01
9.522049427032470703e-01
6.334607601165771484e-01
6.635863780975341797e-01
6.588628292083740234e-01
7.391498088836669922e-01
6.880664825439453125e-01
6.611721515655517578e-01
7.377812862396240234e-01
6.471142768859863281e-01
6.584646701812744141e-01
6.464207172393798828e-01
6.567885875701904297e-01
6.540420055389404297e-01
6.420278549194335938e-01
6.590685844421386719e-01
9.710869789123535156e-01
6.387314796447753906e-01
6.524732112884521484e-01
7.804195880889892578e-01
7.060947418212890625e-01
6.469464302062988281e-01
8.092405796051025391e-01
6.578519344329833984e-01
6.578900814056396484e-01
6.512150764465332031e-01
6.591558456420898438e-01
6.552286148071289062e-01
6.501374244689941406e-01
6.396496295928955078e-01
8.416490554809570312e-01
6.516199111938476562e-01
6.567542552947998047e-01
7.577188014984130859e-01
7.169902324676513672e-01
6.553146839141845703e-01
9.573469161987304688e-01
6.580786705017089844e-01
6.577370166778564453e-01
6.528334617614746094e-01
6.464116573333740234e-01
6.488311290740966797e-01
7.419757843017578125e-01
1.089986801147460938e+00
6.569092273712158203e-01
6.563365459442138672e-01
6.745882034301757812e-01
8.629357814788818359e-01
6.528642177581787109e-01
8.450045585632324219e-01
6.561076641082763672e-01
6.655368804931640625e-01
6.588325500488281250e-01
6.534426212310791016e-01
7.392892837524414062e-01
6.574947834014892578e-01
6.526572704315185547e-01
1.191640853881835938e+00
6.555173397064208984e-01
6.655998229980468750e-01
8.535282611846923828e-01
6.874177455902099609e-01
6.453258991241455078e-01
1.100025177001953125e+00
6.411621570587158203e-01
6.558430194854736328e-01
7.532916069030761719e-01
6.467595100402832031e-01
6.632809638977050781e-01
6.370983123779296875e-01
8.514306545257568359e-01
6.646533012390136719e-01
6.588678359985351562e-01
6.702468395233154297e-01
8.468282222747802734e-01
6.659357547760009766e-01
6.492431163787841797e-01
1.024242162704467773e+00
6.528954505920410156e-01
7.459418773651123047e-01
6.521835327148437500e-01
6.465504169464111328e-01
6.454360485076904297e-01
6.515514850616455078e-01
6.547470092773437500e-01
9.089329242706298828e-01
6.463925838470458984e-01
6.462461948394775391e-01
7.206370830535888672e-01
