2.427419185638427734e+00
7.517209053039550781e-01
7.527234554290771484e-01
7.510535717010498047e-01
7.505850791931152344e-01
7.516887187957763672e-01
7.519261837005615234e-01
7.543818950653076172e-01
7.523880004882812500e-01
7.677664756774902344e-01
7.869873046875000000e-01
7.734847068786621094e-01
7.700083255767822266e-01
7.794060707092285156e-01
7.717530727386474609e-01
7.611360549926757812e-01
7.553091049194335938e-01
7.802443504333496094e-01
7.617189884185791016e-01
7.538144588470458984e-01
7.846477031707763672e-01
7.841520309448242188e-01
7.901327610015869141e-01
7.763702869415283203e-01
7.633941173553466797e-01
7.844259738922119141e-01
7.920773029327392578e-01
7.678949832916259766e-01
7.802505493164062500e-01
7.644660472869873047e-01
7.564084529876708984e-01
7.541325092315673828e-01
7.559397220611572266e-01
7.983832359313964844e-01
7.805573940277099609e-01
7.797572612762451172e-01
7.850728034973144531e-01
7.814276218414306641e-01
7.795772552490234375e-01
7.861850261688232422e-01
7.818627357482910156e-01
7.791955471038818359e-01
7.829945087432861328e-01
7.836575508117675781e-01
7.872924804687500000e-01
7.858359813690185547e-01
7.838850021362304688e-01
7.799592018127441406e-01
7.809262275695800781e-01
7.844448089599609375e-01
7.881608009338378906e-01
7.888226509094238281e-01
7.888071537017822266e-01
7.861766815185546875e-01
7.860639095306396484e-01
7.890136241912841797e-01
7.908806800842285156e-01
7.986664772033691406e-01
7.877035140991210938e-01
7.894222736358642578e-01
7.978491783142089844e-01
7.991120815277099609e-01
7.987754344940185547e-01
7.988748550415039062e-01
7.937715053558349609e-01
7.953336238861083984e-01
7.915420532226562500e-01
7.918186187744140625e-01
7.938799858093261719e-01
7.962186336517333984e-01
7.931783199310302734e-01
8.003609180450439453e-01
7.976629734039306641e-01
7.880032062530517578e-01
7.907133102416992188e-01
7.734642028808593750e-01
7.641065120697021484e-01
8.152964115142822266e-01
7.907032966613769531e-01
7.910532951354980469e-01
7.911164760589599609e-01
7.935762405395507812e-01
7.932138442993164062e-01
7.978262901306152344e-01
8.017029762268066406e-01
7.974104881286621094e-01
7.988133430480957031e-01
7.946531772613525391e-01
7.972979545593261719e-01
7.970900535583496094e-01
7.945845127105712891e-01
7.953639030456542969e-01
7.963781356811523438e-01
9.536139965057373047e-01
8.382320404052734375e-01
8.412206172943115234e-01
8.327248096466064453e-01
8.298058509826660156e-01
8.239147663116455078e-01
8.268480300903320312e-01
8.336162567138671875e-01
8.369479179382324219e-01
8.229637145996093750e-01
8.185849189758300781e-01
8.187112808227539062e-01
8.189218044281005859e-01
8.256192207336425781e-01
8.342082500457763672e-01
8.504154682159423828e-01
8.300702571868896484e-01
8.268396854400634766e-01
8.200395107269287109e-01
8.182477951049804688e-01
8.273725509643554688e-01
8.403098583221435547e-01
9.032633304595947266e-01
8.539843559265136719e-01
8.201444149017333984e-01
8.206782341003417969e-01
8.264143466949462891e-01
1.014981031417846680e+00
1.022643804550170898e+00
8.461823463439941406e-01
8.478088378906250000e-01
8.336298465728759766e-01
8.292574882507324219e-01
8.255970478057861328e-01
8.270447254180908203e-01
8.472437858581542969e-01
8.449621200561523438e-01
8.305890560150146484e-01
8.248670101165771484e-01
8.246521949768066406e-01
8.295495510101318359e-01
8.331010341644287109e-01
8.470106124877929688e-01
8.427076339721679688e-01
9.300253391265869141e-01
8.293399810791015625e-01
8.989152908325195312e-01
8.226277828216552734e-01
8.315875530242919922e-01
8.444514274597167969e-01
8.423285484313964844e-01
8.484930992126464844e-01
8.304610252380371094e-01
8.296818733215332031e-01
8.333034515380859375e-01
8.486819267272949219e-01
8.447256088256835938e-01
8.432724475860595703e-01
8.412191867828369141e-01
8.301968574523925781e-01
8.280074596405029297e-01
8.259580135345458984e-01
8.418889045715332031e-01
8.425154685974121094e-01
8.378694057464599609e-01
8.286232948303222656e-01
8.349063396453857422e-01
8.384230136871337891e-01
8.466317653656005859e-01
1.048302173614501953e+00
9.997723102569580078e-01
9.847211837768554688e-01
8.322958946228027344e-01
8.294341564178466797e-01
8.305270671844482422e-01
8.286616802215576172e-01
8.395922183990478516e-01
8.436400890350341797e-01
8.303253650665283203e-01
8.303084373474121094e-01
8.299505710601806641e-01
8.561935424804687500e-01
8.521258831024169922e-01
8.480942249298095703e-01
8.412427902221679688e-01
9.084420204162597656e-01
8.307917118072509766e-01
8.225808143615722656e-01
8.254160881042480469e-01
8.428103923797607422e-01
8.436031341552734375e-01
8.437857627868652344e-01
8.323476314544677734e-01
8.305354118347167969e-01
8.315520286560058594e-01
8.396775722503662109e-01
8.506813049316406250e-01
8.555519580841064453e-01
8.898255825042724609e-01
8.455412387847900391e-01
8.293590545654296875e-01
8.380770683288574219e-01
8.558571338653564453e-01
8.249690532684326172e-01
8.599915504455566406e-01
8.949513435363769531e-01
8.359775543212890625e-01
