6.381804943084716797e-01
6.246359348297119141e-01
6.347005367279052734e-01
6.328115463256835938e-01
7.066118717193603516e-01
6.292130947113037109e-01
6.252100467681884766e-01
6.304757595062255859e-01
6.350450515747070312e-01
6.295773983001708984e-01
6.293540000915527344e-01
6.340708732604980469e-01
6.263229846954345703e-01
6.254892349243164062e-01
6.319458484649658203e-01
6.343741416931152344e-01
7.085301876068115234e-01
6.282622814178466797e-01
6.301870346069335938e-01
6.302678585052490234e-01
6.319749355316162109e-01
6.305007934570312500e-01
6.392021179199218750e-01
6.241290569305419922e-01
6.174502372741699219e-01
6.382758617401123047e-01
6.372632980346679688e-01
6.459083557128906250e-01
6.258769035339355469e-01
6.263694763183593750e-01
6.519079208374023438e-01
6.264433860778808594e-01
6.198253631591796875e-01
6.216523647308349609e-01
6.249959468841552734e-01
6.965367794036865234e-01
6.181659698486328125e-01
6.224870681762695312e-01
6.250722408294677734e-01
6.287009716033935547e-01
6.396625041961669922e-01
6.707465648651123047e-01
6.420617103576660156e-01
6.373472213745117188e-01
6.406872272491455078e-01
6.346399784088134766e-01
6.274306774139404297e-01
7.166910171508789062e-01
6.339066028594970703e-01
6.294007301330566406e-01
6.369006633758544922e-01
6.342532634735107422e-01
6.306991577148437500e-01
6.559135913848876953e-01
7.046091556549072266e-01
6.370577812194824219e-01
6.335425376892089844e-01
6.368417739868164062e-01
8.518950939178466797e-01
6.333734989166259766e-01
6.336383819580078125e-01
6.374418735504150391e-01
6.299691200256347656e-01
6.261675357818603516e-01
6.479921340942382812e-01
6.359632015228271484e-01
7.150261402130126953e-01
6.398210525512695312e-01
6.496694087982177734e-01
7.704353332519531250e-01
6.274881362915039062e-01
6.294422149658203125e-01
6.320168972015380859e-01
6.428513526916503906e-01
6.228373050689697266e-01
6.425626277923583984e-01
6.376941204071044922e-01
6.376383304595947266e-01
6.226503849029541016e-01
6.217443943023681641e-01
6.670742034912109375e-01
6.820654869079589844e-01
6.324512958526611328e-01
6.385390758514404297e-01
6.292567253112792969e-01
6.275086402893066406e-01
6.282992362976074219e-01
6.390039920806884766e-01
6.309001445770263672e-01
7.059395313262939453e-01
6.421103477478027344e-01
6.497595310211181641e-01
7.606482505798339844e-01
7.388255596160888672e-01
6.546585559844970703e-01
6.455154418945312500e-01
6.384682655334472656e-01
6.643059253692626953e-01
6.587774753570556641e-01
6.609828472137451172e-01
6.499326229095458984e-01
6.546125411987304688e-01
6.576697826385498047e-01
6.837499141693115234e-01
8.500428199768066406e-01
1.184307813644409180e+00
6.464848518371582031e-01
6.618180274963378906e-01
6.521277427673339844e-01
6.504724025726318359e-01
6.393232345581054688e-01
6.480171680450439453e-01
9.522027969360351562e-01
6.334695816040039062e-01
6.635990142822265625e-01
6.588680744171142578e-01
7.391612529754638672e-01
6.880543231964111328e-01
6.611897945404052734e-01
7.377526760101318359e-01
6.470966339111328125e-01
6.584372520446777344e-01
6.464016437530517578e-01
6.568017005920410156e-01
6.540431976318359375e-01
6.420173645019531250e-01
6.590704917907714844e-01
9.710888862609863281e-01
6.387364864349365234e-01
6.524720191955566406e-01
7.803890705108642578e-01
7.060737609863281250e-01
6.469299793243408203e-01
8.092403411865234375e-01
6.578326225280761719e-01
6.578736305236816406e-01
6.512053012847900391e-01
6.591472625732421875e-01
6.552302837371826172e-01
6.500995159149169922e-01
6.396486759185791016e-01
8.416569232940673828e-01
6.516213417053222656e-01
6.567485332489013672e-01
7.577211856842041016e-01
7.169902324676513672e-01
6.553149223327636719e-01
9.573483467102050781e-01
6.580824851989746094e-01
6.577351093292236328e-01
6.528356075286865234e-01
6.464049816131591797e-01
6.488168239593505859e-01
7.419822216033935547e-01
1.089968681335449219e+00
6.569347381591796875e-01
6.563103199005126953e-01
6.745650768280029297e-01
8.629350662231445312e-01
6.528763771057128906e-01
8.450074195861816406e-01
6.561136245727539062e-01
6.655693054199218750e-01
6.588339805603027344e-01
6.534414291381835938e-01
7.392904758453369141e-01
6.575055122375488281e-01
6.526391506195068359e-01
1.191641330718994141e+00
6.555144786834716797e-01
6.655845642089843750e-01
8.534989356994628906e-01
6.874265670776367188e-01
6.453096866607666016e-01
1.100031137466430664e+00
6.411635875701904297e-01
6.558444499969482422e-01
7.330770492553710938e-01
6.467559337615966797e-01
6.632993221282958984e-01
6.370830535888671875e-01
8.514311313629150391e-01
6.646375656127929688e-01
6.588757038116455078e-01
6.702318191528320312e-01
8.468065261840820312e-01
6.659419536590576172e-01
6.492431163787841797e-01
1.024224758148193359e+00
6.528747081756591797e-01
7.459428310394287109e-01
6.521928310394287109e-01
6.465260982513427734e-01
6.454110145568847656e-01
6.515417098999023438e-01
6.547336578369140625e-01
9.088973999023437500e-01
6.463582515716552734e-01
6.462264060974121094e-01
7.206070423126220703e-01
