6.381616592407226562e-01
6.246116161346435547e-01
6.346778869628906250e-01
6.328065395355224609e-01
7.066173553466796875e-01
6.292111873626708984e-01
6.251981258392333984e-01
6.304724216461181641e-01
6.350407600402832031e-01
6.295788288116455078e-01
6.293344497680664062e-01
6.340737342834472656e-01
6.263256072998046875e-01
6.254668235778808594e-01
6.319553852081298828e-01
6.343803405761718750e-01
7.092978954315185547e-01
6.282789707183837891e-01
6.301851272583007812e-01
6.302936077117919922e-01
6.319556236267089844e-01
6.304857730865478516e-01
6.392059326171875000e-01
6.376643180847167969e-01
6.174559593200683594e-01
6.382424831390380859e-01
6.372551918029785156e-01
6.459012031555175781e-01
6.317946910858154297e-01
6.263961791992187500e-01
6.767413616180419922e-01
6.264412403106689453e-01
6.441888809204101562e-01
6.216671466827392578e-01
6.249902248382568359e-01
6.965434551239013672e-01
6.181812286376953125e-01
6.224982738494873047e-01
6.250457763671875000e-01
6.287250518798828125e-01
6.396670341491699219e-01
6.707489490509033203e-01
6.420533657073974609e-01
6.373536586761474609e-01
6.406807899475097656e-01
6.346507072448730469e-01
6.274292469024658203e-01
7.166705131530761719e-01
6.338903903961181641e-01
6.293845176696777344e-01
6.369092464447021484e-01
6.342666149139404297e-01
6.306939125061035156e-01
6.559364795684814453e-01
7.046337127685546875e-01
6.370589733123779297e-01
6.335306167602539062e-01
6.368453502655029297e-01
8.519403934478759766e-01
6.333968639373779297e-01
6.336390972137451172e-01
6.374485492706298828e-01
6.299943923950195312e-01
6.261758804321289062e-01
6.480019092559814453e-01
6.359825134277343750e-01
7.150146961212158203e-01
6.398153305053710938e-01
6.496558189392089844e-01
7.704563140869140625e-01
6.275131702423095703e-01
6.294457912445068359e-01
6.320252418518066406e-01
6.428477764129638672e-01
6.228396892547607422e-01
6.425404548645019531e-01
6.376769542694091797e-01
6.376597881317138672e-01
6.226556301116943359e-01
6.217439174652099609e-01
6.670756340026855469e-01
6.820671558380126953e-01
6.324703693389892578e-01
6.385672092437744141e-01
6.292722225189208984e-01
6.107888221740722656e-01
6.283130645751953125e-01
6.390106678009033203e-01
6.308972835540771484e-01
7.059633731842041016e-01
6.421294212341308594e-01
6.497795581817626953e-01
7.606627941131591797e-01
7.388226985931396484e-01
6.546540260314941406e-01
6.455247402191162109e-01
6.384863853454589844e-01
6.643042564392089844e-01
6.587877273559570312e-01
6.609828472137451172e-01
6.499559879302978516e-01
6.546204090118408203e-01
6.576750278472900391e-01
6.837704181671142578e-01
8.500816822052001953e-01
1.184335947036743164e+00
6.464908123016357422e-01
6.618356704711914062e-01
6.521337032318115234e-01
6.504700183868408203e-01
6.393394470214843750e-01
6.480042934417724609e-01
9.522142410278320312e-01
6.334662437438964844e-01
6.635856628417968750e-01
6.588625907897949219e-01
7.391517162322998047e-01
6.880698204040527344e-01
6.611731052398681641e-01
7.377994060516357422e-01
6.471164226531982422e-01
6.584644317626953125e-01
6.464200019836425781e-01
6.567945480346679688e-01
6.540424823760986328e-01
6.420242786407470703e-01
6.590695381164550781e-01
9.710984230041503906e-01
6.387228965759277344e-01
6.524734497070312500e-01
7.804181575775146484e-01
7.060968875885009766e-01
6.469461917877197266e-01
8.092412948608398438e-01
6.578540802001953125e-01
6.578919887542724609e-01
6.512186527252197266e-01
6.591551303863525391e-01
6.552324295043945312e-01
6.501388549804687500e-01
6.396496295928955078e-01
8.416497707366943359e-01
6.516163349151611328e-01
6.567542552947998047e-01
7.577307224273681641e-01
7.169899940490722656e-01
6.553137302398681641e-01
9.573457241058349609e-01
6.580779552459716797e-01
6.577358245849609375e-01
6.528346538543701172e-01
6.464133262634277344e-01
6.488058567047119141e-01
7.419772148132324219e-01
1.089987039566040039e+00
6.569194793701171875e-01
6.563382148742675781e-01
6.745889186859130859e-01
8.629376888275146484e-01
6.528637409210205078e-01
8.450036048889160156e-01
6.561064720153808594e-01
6.655602455139160156e-01
6.588327884674072266e-01
6.534430980682373047e-01
7.392880916595458984e-01
6.574985980987548828e-01
6.526587009429931641e-01
1.191640377044677734e+00
6.555099487304687500e-01
6.655993461608886719e-01
8.535296916961669922e-01
6.874220371246337891e-01
6.453256607055664062e-01
1.100024938583374023e+00
6.411612033843994141e-01
6.558248996734619141e-01
7.532916069030761719e-01
6.467604637145996094e-01
6.632983684539794922e-01
6.371011734008789062e-01
8.514323234558105469e-01
6.646535396575927734e-01
6.588549613952636719e-01
6.702492237091064453e-01
8.468286991119384766e-01
6.659584045410156250e-01
6.492464542388916016e-01
1.024240732192993164e+00
6.528971195220947266e-01
7.459282875061035156e-01
6.521856784820556641e-01
6.465528011322021484e-01
6.454300880432128906e-01
6.515526771545410156e-01
6.547467708587646484e-01
9.089345932006835938e-01
6.463959217071533203e-01
6.462464332580566406e-01
7.206377983093261719e-01
