6.381788253784179688e-01
6.246364116668701172e-01
6.346950531005859375e-01
6.328086853027343750e-01
7.066075801849365234e-01
6.292171478271484375e-01
6.252057552337646484e-01
6.304721832275390625e-01
6.350426673889160156e-01
6.295840740203857422e-01
6.293528079986572266e-01
6.340706348419189453e-01
6.263184547424316406e-01
6.254861354827880859e-01
6.319465637207031250e-01
6.343741416931152344e-01
7.085328102111816406e-01
6.282632350921630859e-01
6.301827430725097656e-01
6.302633285522460938e-01
6.319708824157714844e-01
6.305022239685058594e-01
6.392042636871337891e-01
6.241145133972167969e-01
6.174504756927490234e-01
6.382694244384765625e-01
6.372592449188232422e-01
6.459100246429443359e-01
6.258606910705566406e-01
6.263704299926757812e-01
6.518967151641845703e-01
6.264441013336181641e-01
6.198542118072509766e-01
6.216483116149902344e-01
6.249940395355224609e-01
6.965360641479492188e-01
6.181652545928955078e-01
6.224861145019531250e-01
6.250708103179931641e-01
6.287119388580322266e-01
6.396625041961669922e-01
6.707444190979003906e-01
6.420624256134033203e-01
6.373517513275146484e-01
6.406877040863037109e-01
6.346435546875000000e-01
6.274273395538330078e-01
7.166857719421386719e-01
6.339023113250732422e-01
6.293976306915283203e-01
6.369018554687500000e-01
6.342542171478271484e-01
6.306962966918945312e-01
6.559123992919921875e-01
7.046144008636474609e-01
6.370568275451660156e-01
6.335439682006835938e-01
6.368393898010253906e-01
8.518934249877929688e-01
6.333751678466796875e-01
6.336300373077392578e-01
6.374514102935791016e-01
6.299700736999511719e-01
6.261665821075439453e-01
6.479911804199218750e-01
6.359653472900390625e-01
7.150211334228515625e-01
6.398186683654785156e-01
6.496644020080566406e-01
7.704334259033203125e-01
6.274962425231933594e-01
6.294414997100830078e-01
6.320178508758544922e-01
6.428534984588623047e-01
6.228382587432861328e-01
6.425573825836181641e-01
6.376898288726806641e-01
6.376464366912841797e-01
6.226475238800048828e-01
6.217432022094726562e-01
6.670751571655273438e-01
6.820664405822753906e-01
6.324489116668701172e-01
6.385371685028076172e-01
6.292562484741210938e-01
6.275100708007812500e-01
6.282987594604492188e-01
6.390013694763183594e-01
6.308991909027099609e-01
7.059400081634521484e-01
6.421124935150146484e-01
6.497640609741210938e-01
7.606461048126220703e-01
7.388222217559814453e-01
6.546566486358642578e-01
6.455163955688476562e-01
6.384725570678710938e-01
6.643035411834716797e-01
6.587965488433837891e-01
6.609637737274169922e-01
6.499338150024414062e-01
6.546120643615722656e-01
6.576681137084960938e-01
6.837499141693115234e-01
8.500416278839111328e-01
1.184305906295776367e+00
6.464838981628417969e-01
6.618182659149169922e-01
6.390714645385742188e-01
6.504735946655273438e-01
6.393260955810546875e-01
6.480219364166259766e-01
9.522011280059814453e-01
6.334650516510009766e-01
6.635954380035400391e-01
6.588766574859619141e-01
7.391607761383056641e-01
6.880533695220947266e-01
6.611897945404052734e-01
7.377536296844482422e-01
6.470975875854492188e-01
6.584362983703613281e-01
6.464028358459472656e-01
6.568002700805664062e-01
6.540434360504150391e-01
6.420171260833740234e-01
6.590750217437744141e-01
9.710810184478759766e-01
6.387362480163574219e-01
6.524772644042968750e-01
7.803897857666015625e-01
7.060744762420654297e-01
6.469287872314453125e-01
8.092398643493652344e-01
6.578328609466552734e-01
6.578750610351562500e-01
6.512057781219482422e-01
6.591486930847167969e-01
6.552329063415527344e-01
6.501321792602539062e-01
6.396353244781494141e-01
8.416564464569091797e-01
6.516208648681640625e-01
6.567499637603759766e-01
7.577207088470458984e-01
7.169888019561767578e-01
6.553170680999755859e-01
9.573471546173095703e-01
6.580832004547119141e-01
6.577343940734863281e-01
6.528353691101074219e-01
6.464047431945800781e-01
6.488173007965087891e-01
7.419826984405517578e-01
1.089967489242553711e+00
6.569309234619140625e-01
6.563332080841064453e-01
6.745705604553222656e-01
8.629338741302490234e-01
6.528670787811279297e-01
8.450047969818115234e-01
6.561126708984375000e-01
6.655700206756591797e-01
6.588361263275146484e-01
6.534433364868164062e-01
7.392916679382324219e-01
6.575067043304443359e-01
6.526410579681396484e-01
1.191642045974731445e+00
6.555116176605224609e-01
6.655855178833007812e-01
8.534951210021972656e-01
6.874234676361083984e-01
6.453261375427246094e-01
1.100032091140747070e+00
6.411633491516113281e-01
6.558418273925781250e-01
7.330782413482666016e-01
6.467552185058593750e-01
6.632990837097167969e-01
6.371035575866699219e-01
8.514320850372314453e-01
6.646344661712646484e-01
6.588759422302246094e-01
6.702334880828857422e-01
8.468067646026611328e-01
6.659426689147949219e-01
6.492462158203125000e-01
1.024223089218139648e+00
6.528747081756591797e-01
7.459437847137451172e-01
6.521959304809570312e-01
6.465270519256591797e-01
6.454114913940429688e-01
6.515419483184814453e-01
6.547369956970214844e-01
9.088959693908691406e-01
6.463773250579833984e-01
6.462047100067138672e-01
7.206087112426757812e-01
