2.634240627288818359e+00
7.908086776733398438e-01
7.843573093414306641e-01
7.853958606719970703e-01
7.853343486785888672e-01
7.837510108947753906e-01
7.838866710662841797e-01
7.840535640716552734e-01
7.846019268035888672e-01
7.842881679534912109e-01
7.860031127929687500e-01
7.831966876983642578e-01
7.847893238067626953e-01
7.867453098297119141e-01
7.858262062072753906e-01
7.818040847778320312e-01
7.827031612396240234e-01
7.806782722473144531e-01
7.799305915832519531e-01
7.645583152770996094e-01
7.844650745391845703e-01
7.839658260345458984e-01
8.111455440521240234e-01
8.094129562377929688e-01
7.839481830596923828e-01
7.884745597839355469e-01
7.905528545379638672e-01
7.726628780364990234e-01
7.556421756744384766e-01
8.525784015655517578e-01
8.088564872741699219e-01
7.875781059265136719e-01
7.873094081878662109e-01
7.883265018463134766e-01
7.866930961608886719e-01
7.877519130706787109e-01
7.961611747741699219e-01
7.898807525634765625e-01
7.933077812194824219e-01
7.899184226989746094e-01
7.904531955718994141e-01
7.937538623809814453e-01
7.908771038055419922e-01
7.626218795776367188e-01
7.638669013977050781e-01
7.609989643096923828e-01
7.896256446838378906e-01
7.902538776397705078e-01
7.902786731719970703e-01
7.917056083679199219e-01
7.921044826507568359e-01
7.912914752960205078e-01
7.930009365081787109e-01
7.933773994445800781e-01
8.153791427612304688e-01
7.926867008209228516e-01
8.130826950073242188e-01
8.043704032897949219e-01
8.040387630462646484e-01
8.340144157409667969e-01
8.112592697143554688e-01
8.108568191528320312e-01
8.108129501342773438e-01
8.731751441955566406e-01
8.097114562988281250e-01
8.238728046417236328e-01
7.953782081604003906e-01
8.568434715270996094e-01
8.060092926025390625e-01
8.031666278839111328e-01
8.054003715515136719e-01
8.098104000091552734e-01
8.125369548797607422e-01
8.020629882812500000e-01
7.998132705688476562e-01
7.984993457794189453e-01
7.994537353515625000e-01
7.994973659515380859e-01
7.993237972259521484e-01
7.981998920440673828e-01
7.988586425781250000e-01
8.060238361358642578e-01
8.015758991241455078e-01
8.006169795989990234e-01
8.046553134918212891e-01
8.058657646179199219e-01
8.007204532623291016e-01
8.030450344085693359e-01
8.012647628784179688e-01
8.079285621643066406e-01
8.034131526947021484e-01
8.028547763824462891e-01
8.025157451629638672e-01
8.376278877258300781e-01
9.466636180877685547e-01
8.722200393676757812e-01
8.580574989318847656e-01
8.691542148590087891e-01
8.365623950958251953e-01
8.329563140869140625e-01
9.998908042907714844e-01
8.575904369354248047e-01
8.464970588684082031e-01
8.685016632080078125e-01
8.949151039123535156e-01
8.734853267669677734e-01
8.530282974243164062e-01
1.050362348556518555e+00
1.019851446151733398e+00
8.530740737915039062e-01
8.665091991424560547e-01
8.352408409118652344e-01
8.803095817565917969e-01
8.402533531188964844e-01
8.655686378479003906e-01
1.035337924957275391e+00
8.358054161071777344e-01
8.436143398284912109e-01
8.518996238708496094e-01
8.499572277069091797e-01
8.855566978454589844e-01
9.881598949432373047e-01
8.814597129821777344e-01
8.592941761016845703e-01
8.529739379882812500e-01
8.801858425140380859e-01
8.389911651611328125e-01
8.433687686920166016e-01
8.677613735198974609e-01
8.939914703369140625e-01
8.621346950531005859e-01
8.434436321258544922e-01
8.501374721527099609e-01
8.578405380249023438e-01
8.535976409912109375e-01
8.801045417785644531e-01
8.699250221252441406e-01
8.619792461395263672e-01
8.346021175384521484e-01
8.810074329376220703e-01
8.406157493591308594e-01
8.452334403991699219e-01
1.062285423278808594e+00
8.648672103881835938e-01
8.503286838531494141e-01
8.448836803436279297e-01
8.458328247070312500e-01
8.525731563568115234e-01
8.709211349487304688e-01
8.714694976806640625e-01
8.593757152557373047e-01
8.549864292144775391e-01
8.475825786590576172e-01
8.458199501037597656e-01
8.427193164825439453e-01
1.002351284027099609e+00
1.013943195343017578e+00
9.400706291198730469e-01
8.355953693389892578e-01
8.451650142669677734e-01
8.565826416015625000e-01
8.568897247314453125e-01
9.018285274505615234e-01
8.642728328704833984e-01
8.599753379821777344e-01
8.508837223052978516e-01
8.402638435363769531e-01
8.409848213195800781e-01
9.225275516510009766e-01
8.653283119201660156e-01
8.552417755126953125e-01
8.449511528015136719e-01
8.422703742980957031e-01
8.477578163146972656e-01
8.496022224426269531e-01
8.724083900451660156e-01
8.672592639923095703e-01
8.626637458801269531e-01
8.535420894622802734e-01
8.392624855041503906e-01
9.068388938903808594e-01
8.550524711608886719e-01
9.148674011230468750e-01
1.024209976196289062e+00
1.060386896133422852e+00
8.472242355346679688e-01
8.503983020782470703e-01
8.483202457427978516e-01
8.551216125488281250e-01
8.700129985809326172e-01
8.691618442535400391e-01
1.005423307418823242e+00
8.487203121185302734e-01
8.497462272644042969e-01
8.478333950042724609e-01
8.635134696960449219e-01
8.437194824218750000e-01
8.533852100372314453e-01
8.574607372283935547e-01
8.574771881103515625e-01
