6.381881237030029297e-01
6.246361732482910156e-01
6.347002983093261719e-01
6.328158378601074219e-01
7.066223621368408203e-01
6.292233467102050781e-01
6.252176761627197266e-01
6.304783821105957031e-01
6.350517272949218750e-01
6.295704841613769531e-01
6.293606758117675781e-01
6.340854167938232422e-01
6.263258457183837891e-01
6.254951953887939453e-01
6.319544315338134766e-01
6.343779563903808594e-01
7.085313796997070312e-01
6.282727718353271484e-01
6.301867961883544922e-01
6.302759647369384766e-01
6.319842338562011719e-01
6.305115222930908203e-01
6.392056941986083984e-01
6.376795768737792969e-01
6.174626350402832031e-01
6.382856369018554688e-01
6.372764110565185547e-01
6.459181308746337891e-01
6.318056583404541016e-01
6.263921260833740234e-01
6.767644882202148438e-01
6.264510154724121094e-01
6.442050933837890625e-01
6.216619014739990234e-01
6.249954700469970703e-01
6.965460777282714844e-01
6.181793212890625000e-01
6.224987506866455078e-01
6.250848770141601562e-01
6.287207603454589844e-01
6.396842002868652344e-01
6.707580089569091797e-01
6.420764923095703125e-01
6.373631954193115234e-01
6.406931877136230469e-01
6.346497535705566406e-01
6.274416446685791016e-01
7.167000770568847656e-01
6.339092254638671875e-01
6.294076442718505859e-01
6.369028091430664062e-01
6.342678070068359375e-01
6.307086944580078125e-01
6.559205055236816406e-01
7.046167850494384766e-01
6.370708942413330078e-01
6.335551738739013672e-01
6.368467807769775391e-01
8.519067764282226562e-01
6.333842277526855469e-01
6.336388587951660156e-01
6.374521255493164062e-01
6.299767494201660156e-01
6.261777877807617188e-01
6.479966640472412109e-01
6.359744071960449219e-01
7.150299549102783203e-01
6.398279666900634766e-01
6.496660709381103516e-01
7.704386711120605469e-01
6.275110244750976562e-01
6.294507980346679688e-01
6.320214271545410156e-01
6.428594589233398438e-01
6.228473186492919922e-01
6.425676345825195312e-01
6.376979351043701172e-01
6.376523971557617188e-01
6.226561069488525391e-01
6.217546463012695312e-01
6.670880317687988281e-01
6.820774078369140625e-01
6.324598789215087891e-01
6.385438442230224609e-01
6.292617321014404297e-01
6.275141239166259766e-01
6.283042430877685547e-01
6.390094757080078125e-01
6.309087276458740234e-01
7.059535980224609375e-01
6.421170234680175781e-01
6.497712135314941406e-01
7.606532573699951172e-01
7.388288974761962891e-01
6.546683311462402344e-01
6.455349922180175781e-01
6.340243816375732422e-01
6.643126010894775391e-01
6.588103771209716797e-01
6.609964370727539062e-01
6.499409675598144531e-01
6.365938186645507812e-01
6.576781272888183594e-01
6.837618350982666016e-01
8.500647544860839844e-01
1.184314012527465820e+00
6.464924812316894531e-01
6.618316173553466797e-01
6.521496772766113281e-01
6.504793167114257812e-01
6.393334865570068359e-01
6.480317115783691406e-01
9.522182941436767578e-01
6.334831714630126953e-01
6.636023521423339844e-01
6.588854789733886719e-01
7.391638755798339844e-01
6.880574226379394531e-01
6.611998081207275391e-01
7.377622127532958984e-01
6.471126079559326172e-01
6.584558486938476562e-01
6.464064121246337891e-01
6.568210124969482422e-01
6.540527343750000000e-01
6.420288085937500000e-01
6.590824127197265625e-01
9.710998535156250000e-01
6.387426853179931641e-01
6.524887084960937500e-01
7.804033756256103516e-01
7.060813903808593750e-01
6.469397544860839844e-01
8.092432022094726562e-01
6.578419208526611328e-01
6.578817367553710938e-01
6.512112617492675781e-01
6.590292453765869141e-01
6.552383899688720703e-01
6.501450538635253906e-01
6.396582126617431641e-01
8.416187763214111328e-01
6.516246795654296875e-01
6.567604541778564453e-01
7.577373981475830078e-01
7.169940471649169922e-01
6.553153991699218750e-01
9.573578834533691406e-01
6.580862998962402344e-01
6.577427387237548828e-01
6.528236865997314453e-01
6.464154720306396484e-01
6.488251686096191406e-01
7.419989109039306641e-01
1.089741945266723633e+00
6.569426059722900391e-01
6.563453674316406250e-01
6.745781898498535156e-01
8.629477024078369141e-01
6.528551578521728516e-01
8.450121879577636719e-01
6.561093330383300781e-01
6.655695438385009766e-01
6.588420867919921875e-01
6.534390449523925781e-01
7.392992973327636719e-01
6.575031280517578125e-01
6.526596546173095703e-01
1.191635370254516602e+00
6.555199623107910156e-01
6.655986309051513672e-01
8.535125255584716797e-01
6.874289512634277344e-01
6.453378200531005859e-01
1.100038528442382812e+00
6.411745548248291016e-01
6.558544635772705078e-01
7.533068656921386719e-01
6.467688083648681641e-01
6.633131504058837891e-01
6.371176242828369141e-01
8.514344692230224609e-01
6.646509170532226562e-01
6.588940620422363281e-01
6.702430248260498047e-01
8.468153476715087891e-01
6.659502983093261719e-01
6.492502689361572266e-01
1.024239540100097656e+00
6.528811454772949219e-01
7.459621429443359375e-01
6.522066593170166016e-01
6.465466022491455078e-01
6.454246044158935547e-01
6.515467166900634766e-01
6.547470092773437500e-01
9.089145660400390625e-01
6.463878154754638672e-01
6.462450027465820312e-01
7.206177711486816406e-01
