9.858615398406982422e-01
9.896903038024902344e-01
9.814257621765136719e-01
1.058914661407470703e+00
9.845280647277832031e-01
9.693381786346435547e-01
1.051593065261840820e+00
1.418408393859863281e+00
1.764032125473022461e+00
1.854230880737304688e+00
1.704885005950927734e+00
1.311497688293457031e+00
9.834063053131103516e-01
9.831368923187255859e-01
9.834849834442138672e-01
9.779639244079589844e-01
9.820950031280517578e-01
9.781785011291503906e-01
9.833438396453857422e-01
9.877867698669433594e-01
9.787812232971191406e-01
9.739494323730468750e-01
9.763302803039550781e-01
1.056351900100708008e+00
9.790024757385253906e-01
9.919300079345703125e-01
1.000480651855468750e+00
9.930815696716308594e-01
9.826824665069580078e-01
9.792075157165527344e-01
9.849965572357177734e-01
9.777915477752685547e-01
1.052319765090942383e+00
1.418553352355957031e+00
1.621960639953613281e+00
1.780982494354248047e+00
1.672451734542846680e+00
1.224619388580322266e+00
9.841263294219970703e-01
9.728448390960693359e-01
9.789509773254394531e-01
9.838814735412597656e-01
9.750399589538574219e-01
9.749214649200439453e-01
9.807443618774414062e-01
9.997341632843017578e-01
9.791958332061767578e-01
9.828481674194335938e-01
1.081540346145629883e+00
9.829909801483154297e-01
9.869749546051025391e-01
9.818603992462158203e-01
1.052553176879882812e+00
9.646060466766357422e-01
9.677789211273193359e-01
9.800989627838134766e-01
1.220803976058959961e+00
1.543376684188842773e+00
1.745452404022216797e+00
1.900410175323486328e+00
1.769644975662231445e+00
1.143894672393798828e+00
1.059509038925170898e+00
9.675934314727783203e-01
9.726190567016601562e-01
9.662196636199951172e-01
9.750616550445556641e-01
9.585566520690917969e-01
9.690077304840087891e-01
9.621174335479736328e-01
9.640803337097167969e-01
9.760861396789550781e-01
9.745912551879882812e-01
9.611456394195556641e-01
9.657554626464843750e-01
9.711003303527832031e-01
9.755964279174804688e-01
9.637274742126464844e-01
9.640376567840576172e-01
9.690861701965332031e-01
1.306331872940063477e+00
1.649492740631103516e+00
1.644106388092041016e+00
1.078728675842285156e+00
9.700086116790771484e-01
9.694225788116455078e-01
9.626841545104980469e-01
9.715120792388916016e-01
9.759562015533447266e-01
9.680600166320800781e-01
9.647901058197021484e-01
9.705035686492919922e-01
1.071654081344604492e+00
9.662024974822998047e-01
9.727501869201660156e-01
9.732997417449951172e-01
9.793601036071777344e-01
9.808218479156494141e-01
9.768564701080322266e-01
9.779999256134033203e-01
9.780738353729248047e-01
1.078033447265625000e+00
1.554093360900878906e+00
1.890297174453735352e+00
1.905254602432250977e+00
1.788462877273559570e+00
1.312996387481689453e+00
9.672570228576660156e-01
9.732677936553955078e-01
9.693298339843750000e-01
9.721469879150390625e-01
9.706678390502929688e-01
9.731621742248535156e-01
9.715619087219238281e-01
9.740240573883056641e-01
9.684762954711914062e-01
9.791846275329589844e-01
9.666492938995361328e-01
1.061974525451660156e+00
9.704492092132568359e-01
9.713625907897949219e-01
9.634351730346679688e-01
9.737207889556884766e-01
9.636526107788085938e-01
9.661517143249511719e-01
9.796025753021240234e-01
9.735498428344726562e-01
9.743402004241943359e-01
1.051787853240966797e+00
9.876978397369384766e-01
9.788892269134521484e-01
9.687430858612060547e-01
9.711518287658691406e-01
1.062721014022827148e+00
9.866242408752441406e-01
9.694662094116210938e-01
9.668107032775878906e-01
9.627120494842529297e-01
1.072757720947265625e+00
9.732987880706787109e-01
9.749853610992431641e-01
9.649970531463623047e-01
1.115607738494873047e+00
1.386457204818725586e+00
1.434025287628173828e+00
1.433078765869140625e+00
1.500784635543823242e+00
1.643034458160400391e+00
1.697815895080566406e+00
1.691900968551635742e+00
1.764354944229125977e+00
1.776305198669433594e+00
1.794115304946899414e+00
1.857623338699340820e+00
1.832155942916870117e+00
1.746673345565795898e+00
1.781224727630615234e+00
1.809662818908691406e+00
1.906627416610717773e+00
1.813431262969970703e+00
1.872744798660278320e+00
1.920906305313110352e+00
1.870877027511596680e+00
1.840396404266357422e+00
1.781235218048095703e+00
1.868728876113891602e+00
1.868021488189697266e+00
1.863533020019531250e+00
1.861292600631713867e+00
1.943291187286376953e+00
1.867169618606567383e+00
1.869980812072753906e+00
1.876425981521606445e+00
1.882910728454589844e+00
1.921813249588012695e+00
1.838563442230224609e+00
1.789273262023925781e+00
1.849208831787109375e+00
1.818194866180419922e+00
1.900223255157470703e+00
1.835932254791259766e+00
1.860796213150024414e+00
1.757555961608886719e+00
1.214863777160644531e+00
1.055378913879394531e+00
9.739456176757812500e-01
9.739935398101806641e-01
9.672915935516357422e-01
9.748041629791259766e-01
9.693655967712402344e-01
9.739525318145751953e-01
9.654624462127685547e-01
9.672689437866210938e-01
9.716472625732421875e-01
9.671485424041748047e-01
9.657473564147949219e-01
9.694027900695800781e-01
9.758753776550292969e-01
9.805676937103271484e-01
9.788515567779541016e-01
