2.201359748840332031e+00
4.736633300781250000e-01
4.788055419921875000e-01
4.999308586120605469e-01
4.788804054260253906e-01
4.875655174255371094e-01
4.801554679870605469e-01
4.361851215362548828e-01
4.181303977966308594e-01
4.142961502075195312e-01
4.092419147491455078e-01
4.092929363250732422e-01
4.113407135009765625e-01
4.109368324279785156e-01
4.101831912994384766e-01
4.132261276245117188e-01
4.145157337188720703e-01
4.153864383697509766e-01
4.129796028137207031e-01
4.123878479003906250e-01
4.145946502685546875e-01
4.113409519195556641e-01
4.119412899017333984e-01
4.148817062377929688e-01
4.489548206329345703e-01
4.743659496307373047e-01
5.019767284393310547e-01
4.925661087036132812e-01
4.849309921264648438e-01
5.013175010681152344e-01
4.861481189727783203e-01
4.997704029083251953e-01
4.941501617431640625e-01
4.576723575592041016e-01
4.322845935821533203e-01
5.000865459442138672e-01
4.185991287231445312e-01
4.103891849517822266e-01
4.140281677246093750e-01
4.153096675872802734e-01
4.129381179809570312e-01
4.159893989562988281e-01
4.108326435089111328e-01
4.150903224945068359e-01
4.193410873413085938e-01
4.152476787567138672e-01
4.196219444274902344e-01
4.662873744964599609e-01
4.982967376708984375e-01
4.969127178192138672e-01
5.253744125366210938e-01
4.279987812042236328e-01
4.222958087921142578e-01
4.188122749328613281e-01
4.192788600921630859e-01
4.210712909698486328e-01
4.192874431610107422e-01
4.165813922882080078e-01
4.165029525756835938e-01
4.162368774414062500e-01
4.178462028503417969e-01
4.162020683288574219e-01
4.158022403717041016e-01
4.159269332885742188e-01
4.184088706970214844e-01
4.170753955841064453e-01
4.160702228546142578e-01
4.171278476715087891e-01
4.176328182220458984e-01
4.170629978179931641e-01
4.179153442382812500e-01
4.186251163482666016e-01
4.213645458221435547e-01
4.218380451202392578e-01
4.214313030242919922e-01
4.231524467468261719e-01
4.225268363952636719e-01
4.219791889190673828e-01
4.217913150787353516e-01
4.223692417144775391e-01
4.209847450256347656e-01
4.204888343811035156e-01
4.181258678436279297e-01
4.193131923675537109e-01
4.205489158630371094e-01
4.189441204071044922e-01
4.188315868377685547e-01
4.214286804199218750e-01
4.212758541107177734e-01
4.195141792297363281e-01
4.188327789306640625e-01
4.190742969512939453e-01
4.220781326293945312e-01
4.235546588897705078e-01
4.232501983642578125e-01
4.226927757263183594e-01
4.243526458740234375e-01
4.230704307556152344e-01
4.237661361694335938e-01
4.234194755554199219e-01
4.240427017211914062e-01
4.315545558929443359e-01
4.195804595947265625e-01
4.208054542541503906e-01
4.349923133850097656e-01
4.207849502563476562e-01
4.213557243347167969e-01
4.693374633789062500e-01
4.216492176055908203e-01
4.213368892669677734e-01
4.205930233001708984e-01
4.213747978210449219e-01
4.223575592041015625e-01
4.215402603149414062e-01
4.312057495117187500e-01
4.217958450317382812e-01
4.322922229766845703e-01
4.217772483825683594e-01
4.221456050872802734e-01
4.222590923309326172e-01
4.209742546081542969e-01
4.349257946014404297e-01
4.221820831298828125e-01
4.212877750396728516e-01
4.243357181549072266e-01
4.242718219757080078e-01
4.246983528137207031e-01
4.250330924987792969e-01
4.258530139923095703e-01
4.267418384552001953e-01
4.273684024810791016e-01
4.256772994995117188e-01
4.252099990844726562e-01
4.261870384216308594e-01
4.266786575317382812e-01
4.257159233093261719e-01
4.247727394104003906e-01
4.257190227508544922e-01
4.257941246032714844e-01
4.254524707794189453e-01
4.248359203338623047e-01
4.250216484069824219e-01
4.227910041809082031e-01
4.346742630004882812e-01
4.223523139953613281e-01
4.225158691406250000e-01
4.219098091125488281e-01
4.236264228820800781e-01
4.219710826873779297e-01
4.242126941680908203e-01
4.234497547149658203e-01
4.323043823242187500e-01
4.231863021850585938e-01
4.225103855133056641e-01
4.231657981872558594e-01
4.245870113372802734e-01
4.234209060668945312e-01
4.231643676757812500e-01
4.228398799896240234e-01
4.253573417663574219e-01
4.228048324584960938e-01
4.224398136138916016e-01
4.236307144165039062e-01
4.245970249176025391e-01
4.229414463043212891e-01
4.254789352416992188e-01
4.238767623901367188e-01
4.254422187805175781e-01
4.242424964904785156e-01
4.247512817382812500e-01
4.238388538360595703e-01
4.247725009918212891e-01
4.231698513031005859e-01
4.230811595916748047e-01
4.233129024505615234e-01
4.252121448516845703e-01
4.237046241760253906e-01
4.241733551025390625e-01
4.243590831756591797e-01
4.249658584594726562e-01
4.245934486389160156e-01
4.350669384002685547e-01
4.236574172973632812e-01
4.239876270294189453e-01
4.245429039001464844e-01
4.238379001617431641e-01
4.236192703247070312e-01
4.336271286010742188e-01
4.233114719390869141e-01
4.227845668792724609e-01
4.247207641601562500e-01
4.238739013671875000e-01
4.233179092407226562e-01
4.246184825897216797e-01
4.261417388916015625e-01
4.269373416900634766e-01
4.247498512268066406e-01
4.501156806945800781e-01
4.337091445922851562e-01
4.480476379394531250e-01
