9.858541488647460938e-01
9.896900653839111328e-01
9.814124107360839844e-01
1.058917284011840820e+00
9.845278263092041016e-01
9.693398475646972656e-01
1.051596879959106445e+00
1.418412685394287109e+00
1.764034271240234375e+00
1.854228973388671875e+00
1.704877614974975586e+00
1.311500310897827148e+00
9.834084510803222656e-01
9.831342697143554688e-01
9.834823608398437500e-01
9.779627323150634766e-01
9.820938110351562500e-01
9.781701564788818359e-01
9.833385944366455078e-01
9.877882003784179688e-01
9.787793159484863281e-01
9.739456176757812500e-01
9.763205051422119141e-01
1.056348323822021484e+00
9.790008068084716797e-01
9.919271469116210938e-01
1.000480413436889648e+00
9.930803775787353516e-01
9.826862812042236328e-01
9.791994094848632812e-01
9.849979877471923828e-01
9.777927398681640625e-01
1.052338361740112305e+00
1.418567657470703125e+00
1.621962785720825195e+00
1.780983686447143555e+00
1.672445535659790039e+00
1.224617481231689453e+00
9.841227531433105469e-01
9.728448390960693359e-01
9.789547920227050781e-01
9.838874340057373047e-01
9.750370979309082031e-01
9.749186038970947266e-01
9.807462692260742188e-01
9.997322559356689453e-01
9.791958332061767578e-01
9.828488826751708984e-01
1.081540584564208984e+00
9.829933643341064453e-01
9.869704246520996094e-01
9.818582534790039062e-01
1.052552700042724609e+00
9.646086692810058594e-01
9.677820205688476562e-01
9.800996780395507812e-01
1.220810174942016602e+00
1.543385982513427734e+00
1.745449781417846680e+00
1.900415658950805664e+00
1.769652366638183594e+00
1.143899917602539062e+00
1.059513807296752930e+00
9.675941467285156250e-01
9.726183414459228516e-01
9.662189483642578125e-01
9.750649929046630859e-01
9.585611820220947266e-01
9.690065383911132812e-01
9.621179103851318359e-01
9.640846252441406250e-01
9.760882854461669922e-01
9.745945930480957031e-01
9.611454010009765625e-01
9.657516479492187500e-01
9.710996150970458984e-01
9.755976200103759766e-01
9.637236595153808594e-01
9.640357494354248047e-01
9.690852165222167969e-01
1.306334018707275391e+00
1.649493455886840820e+00
1.644086122512817383e+00
1.078734159469604492e+00
9.700067043304443359e-01
9.694199562072753906e-01
9.626803398132324219e-01
9.715101718902587891e-01
9.759581089019775391e-01
9.695968627929687500e-01
9.647834300994873047e-01
9.705009460449218750e-01
1.071652889251708984e+00
9.662022590637207031e-01
9.727487564086914062e-01
9.733047485351562500e-01
9.793584346771240234e-01
9.808158874511718750e-01
9.768574237823486328e-01
9.780023097991943359e-01
9.780771732330322266e-01
1.078039646148681641e+00
1.554097890853881836e+00
1.890315294265747070e+00
1.905264139175415039e+00
1.788461446762084961e+00
1.312997579574584961e+00
9.672548770904541016e-01
9.732668399810791016e-01
9.693336486816406250e-01
9.721462726593017578e-01
9.706513881683349609e-01
9.731655120849609375e-01
9.715616703033447266e-01
9.740231037139892578e-01
9.684760570526123047e-01
9.791843891143798828e-01
9.666473865509033203e-01
1.061972856521606445e+00
9.704515933990478516e-01
9.713644981384277344e-01
9.634337425231933594e-01
9.737236499786376953e-01
9.636530876159667969e-01
9.661531448364257812e-01
9.796030521392822266e-01
9.735515117645263672e-01
9.743435382843017578e-01
1.051789760589599609e+00
9.876973628997802734e-01
9.788918495178222656e-01
9.687540531158447266e-01
9.711499214172363281e-01
1.062721490859985352e+00
9.866235256195068359e-01
9.694705009460449219e-01
9.668128490447998047e-01
9.627134799957275391e-01
1.072758674621582031e+00
9.732973575592041016e-01
9.749836921691894531e-01
9.649972915649414062e-01
1.115618944168090820e+00
1.386462211608886719e+00
1.434033155441284180e+00
1.433082580566406250e+00
1.500797271728515625e+00
1.643053531646728516e+00
1.697816848754882812e+00
1.691909790039062500e+00
1.764355421066284180e+00
1.776305437088012695e+00
1.794119596481323242e+00
1.857626914978027344e+00
1.832165002822875977e+00
1.746679544448852539e+00
1.781229257583618164e+00
1.809659004211425781e+00
1.906620264053344727e+00
1.813429355621337891e+00
1.872745513916015625e+00
1.920897245407104492e+00
1.870882511138916016e+00
1.840390920639038086e+00
1.781238555908203125e+00
1.868722677230834961e+00
1.868019104003906250e+00
1.863524436950683594e+00
1.861294031143188477e+00
1.943289041519165039e+00
1.867168903350830078e+00
1.869975566864013672e+00
1.876428842544555664e+00
1.882912158966064453e+00
1.921810150146484375e+00
1.838565349578857422e+00
1.789270401000976562e+00
1.849207401275634766e+00
1.818200111389160156e+00
1.900229692459106445e+00
1.835937738418579102e+00
1.860796928405761719e+00
1.757549524307250977e+00
1.214869260787963867e+00
1.055381774902343750e+00
9.739472866058349609e-01
9.739964008331298828e-01
9.672908782958984375e-01
9.748103618621826172e-01
9.693663120269775391e-01
9.739565849304199219e-01
9.654664993286132812e-01
9.672701358795166016e-01
9.716503620147705078e-01
9.671518802642822266e-01
9.657516479492187500e-01
9.694056510925292969e-01
9.758775234222412109e-01
9.805636405944824219e-01
9.788546562194824219e-01
