2.288245439529418945e+00
4.926617145538330078e-01
4.933633804321289062e-01
4.968004226684570312e-01
4.897937774658203125e-01
4.988057613372802734e-01
4.915633201599121094e-01
4.600746631622314453e-01
4.358725547790527344e-01
4.357180595397949219e-01
4.247269630432128906e-01
4.239695072174072266e-01
4.249358177185058594e-01
4.232988357543945312e-01
4.279496669769287109e-01
4.267897605895996094e-01
4.254536628723144531e-01
4.251241683959960938e-01
4.260163307189941406e-01
4.248714447021484375e-01
4.269814491271972656e-01
4.297392368316650391e-01
4.225239753723144531e-01
4.256720542907714844e-01
4.576964378356933594e-01
4.858071804046630859e-01
5.105612277984619141e-01
5.009384155273437500e-01
5.053334236145019531e-01
5.121965408325195312e-01
5.111358165740966797e-01
5.032515525817871094e-01
4.689302444458007812e-01
4.654066562652587891e-01
4.439880847930908203e-01
4.389364719390869141e-01
4.277579784393310547e-01
4.375751018524169922e-01
4.275786876678466797e-01
4.225239753723144531e-01
4.304530620574951172e-01
4.242522716522216797e-01
4.256124496459960938e-01
4.241607189178466797e-01
4.261007308959960938e-01
4.263918399810791016e-01
4.316389560699462891e-01
4.731652736663818359e-01
5.123033523559570312e-01
5.206890106201171875e-01
5.097153186798095703e-01
5.167057514190673828e-01
5.025999546051025391e-01
5.071830749511718750e-01
5.279810428619384766e-01
4.958071708679199219e-01
4.793431758880615234e-01
4.531407356262207031e-01
4.398815631866455078e-01
4.291381835937500000e-01
4.309849739074707031e-01
4.299778938293457031e-01
4.317700862884521484e-01
4.319202899932861328e-01
4.306211471557617188e-01
4.254956245422363281e-01
4.319434165954589844e-01
4.282450675964355469e-01
4.280910491943359375e-01
4.302062988281250000e-01
4.296116828918457031e-01
4.639046192169189453e-01
5.143408775329589844e-01
5.408043861389160156e-01
5.026159286499023438e-01
4.930832386016845703e-01
5.252492427825927734e-01
5.279736518859863281e-01
5.345306396484375000e-01
4.994153976440429688e-01
4.875020980834960938e-01
4.526937007904052734e-01
4.389169216156005859e-01
4.288649559020996094e-01
4.290714263916015625e-01
4.283673763275146484e-01
4.325537681579589844e-01
4.288768768310546875e-01
4.288384914398193359e-01
4.298701286315917969e-01
4.313468933105468750e-01
4.306683540344238281e-01
4.613482952117919922e-01
4.904453754425048828e-01
5.175390243530273438e-01
5.019145011901855469e-01
5.101721286773681641e-01
4.946646690368652344e-01
5.023918151855468750e-01
5.056262016296386719e-01
5.299959182739257812e-01
4.893133640289306641e-01
4.440844058990478516e-01
4.320290088653564453e-01
4.300951957702636719e-01
4.292864799499511719e-01
4.353570938110351562e-01
4.315156936645507812e-01
4.282207489013671875e-01
4.377393722534179688e-01
4.293754100799560547e-01
4.365472793579101562e-01
4.305336475372314453e-01
4.330613613128662109e-01
4.339060783386230469e-01
4.323995113372802734e-01
5.599844455718994141e-01
4.321331977844238281e-01
4.345109462738037109e-01
4.344956874847412109e-01
4.332823753356933594e-01
4.316401481628417969e-01
4.313216209411621094e-01
4.389119148254394531e-01
4.642245769500732422e-01
4.753785133361816406e-01
5.029308795928955078e-01
5.317099094390869141e-01
5.078237056732177734e-01
5.112860202789306641e-01
5.192763805389404297e-01
5.059483051300048828e-01
5.049805641174316406e-01
5.299818515777587891e-01
5.024657249450683594e-01
5.121161937713623047e-01
5.294423103332519531e-01
5.060706138610839844e-01
5.101888179779052734e-01
5.064129829406738281e-01
5.334711074829101562e-01
5.467329025268554688e-01
4.822771549224853516e-01
4.676125049591064453e-01
4.678766727447509766e-01
4.537734985351562500e-01
4.497723579406738281e-01
4.602191448211669922e-01
4.409673213958740234e-01
4.537105560302734375e-01
4.571473598480224609e-01
4.481787681579589844e-01
4.459309577941894531e-01
4.322884082794189453e-01
4.453411102294921875e-01
4.404554367065429688e-01
4.510421752929687500e-01
4.360654354095458984e-01
4.520983695983886719e-01
4.421958923339843750e-01
4.294331073760986328e-01
4.376945495605468750e-01
4.292924404144287109e-01
4.492511749267578125e-01
4.455230236053466797e-01
4.313237667083740234e-01
4.412572383880615234e-01
4.317126274108886719e-01
4.318914413452148438e-01
4.287159442901611328e-01
4.282195568084716797e-01
4.277474880218505859e-01
4.286606311798095703e-01
4.286050796508789062e-01
4.260571002960205078e-01
4.430551528930664062e-01
4.523262977600097656e-01
4.308068752288818359e-01
4.576330184936523438e-01
4.948370456695556641e-01
4.238884449005126953e-01
4.228672981262207031e-01
4.217524528503417969e-01
4.203584194183349609e-01
4.222767353057861328e-01
4.213461875915527344e-01
4.209959506988525391e-01
4.211754798889160156e-01
4.227311611175537109e-01
4.219446182250976562e-01
4.230422973632812500e-01
4.210488796234130859e-01
4.230356216430664062e-01
4.239764213562011719e-01
4.222497940063476562e-01
4.581940174102783203e-01
4.348514080047607422e-01
4.283568859100341797e-01
4.328348636627197266e-01
4.301109313964843750e-01
