9.858753681182861328e-01
9.897048473358154297e-01
9.814260005950927734e-01
1.058933496475219727e+00
9.845390319824218750e-01
9.693429470062255859e-01
1.051585912704467773e+00
1.418366909027099609e+00
1.764069557189941406e+00
1.854222774505615234e+00
1.704919815063476562e+00
1.311489343643188477e+00
9.834132194519042969e-01
9.831502437591552734e-01
9.834973812103271484e-01
9.779744148254394531e-01
9.820907115936279297e-01
9.781675338745117188e-01
9.833440780639648438e-01
9.877789020538330078e-01
9.787960052490234375e-01
9.739503860473632812e-01
9.763400554656982422e-01
1.056347131729125977e+00
9.790174961090087891e-01
9.919416904449462891e-01
1.000493049621582031e+00
9.930772781372070312e-01
9.826869964599609375e-01
9.792037010192871094e-01
9.850115776062011719e-01
9.778041839599609375e-01
1.052294015884399414e+00
1.418550491333007812e+00
1.621982097625732422e+00
1.781000614166259766e+00
1.672465324401855469e+00
1.224635124206542969e+00
9.841392040252685547e-01
9.728631973266601562e-01
9.789516925811767578e-01
9.839022159576416016e-01
9.750492572784423828e-01
9.749310016632080078e-01
9.807450771331787109e-01
9.997360706329345703e-01
9.791948795318603516e-01
9.828553199768066406e-01
1.081535100936889648e+00
9.830064773559570312e-01
9.869842529296875000e-01
9.818637371063232422e-01
1.052536964416503906e+00
9.646077156066894531e-01
9.677710533142089844e-01
9.800891876220703125e-01
1.220773458480834961e+00
1.543344497680664062e+00
1.745459318161010742e+00
1.900405883789062500e+00
1.769654750823974609e+00
1.143890619277954102e+00
1.059505462646484375e+00
9.675810337066650391e-01
9.726092815399169922e-01
9.662203788757324219e-01
9.750707149505615234e-01
9.585468769073486328e-01
9.689979553222656250e-01
9.621026515960693359e-01
9.640901088714599609e-01
9.760758876800537109e-01
9.745783805847167969e-01
9.611511230468750000e-01
9.657511711120605469e-01
9.710879325866699219e-01
9.755911827087402344e-01
9.637298583984375000e-01
9.640219211578369141e-01
9.690885543823242188e-01
1.306319236755371094e+00
1.649508476257324219e+00
1.644042491912841797e+00
1.078700065612792969e+00
9.699950218200683594e-01
9.694259166717529297e-01
9.626727104187011719e-01
9.715063571929931641e-01
9.759411811828613281e-01
9.695999622344970703e-01
9.647743701934814453e-01
9.704840183258056641e-01
1.071655273437500000e+00
9.662022590637207031e-01
9.727499485015869141e-01
9.732923507690429688e-01
9.793610572814941406e-01
9.808263778686523438e-01
9.768331050872802734e-01
9.780037403106689453e-01
9.780635833740234375e-01
1.077994346618652344e+00
1.554105520248413086e+00
1.890311479568481445e+00
1.905253648757934570e+00
1.788462162017822266e+00
1.312971591949462891e+00
9.672532081604003906e-01
9.732522964477539062e-01
9.693331718444824219e-01
9.721307754516601562e-01
9.706575870513916016e-01
9.731459617614746094e-01
9.715557098388671875e-01
9.740252494812011719e-01
9.684789180755615234e-01
9.791703224182128906e-01
9.666407108306884766e-01
1.061966896057128906e+00
9.704549312591552734e-01
9.713554382324218750e-01
9.634175300598144531e-01
9.737141132354736328e-01
9.636428356170654297e-01
9.661436080932617188e-01
9.796028137207031250e-01
9.735362529754638672e-01
9.743289947509765625e-01
1.051777839660644531e+00
9.876987934112548828e-01
9.788801670074462891e-01
9.687373638153076172e-01
9.711503982543945312e-01
1.062722444534301758e+00
9.866228103637695312e-01
9.694557189941406250e-01
9.667980670928955078e-01
9.627168178558349609e-01
1.072746753692626953e+00
9.732995033264160156e-01
9.749875068664550781e-01
9.650030136108398438e-01
1.115570068359375000e+00
1.386445283889770508e+00
1.434044122695922852e+00
1.433091402053833008e+00
1.500794649124145508e+00
1.643041133880615234e+00
1.697829008102416992e+00
1.691922426223754883e+00
1.764340639114379883e+00
1.776303052902221680e+00
1.794108152389526367e+00
1.857639074325561523e+00
1.832149744033813477e+00
1.746680736541748047e+00
1.781213045120239258e+00
1.809666395187377930e+00
1.906650781631469727e+00
1.813436985015869141e+00
1.872724294662475586e+00
1.920912027359008789e+00
1.870865821838378906e+00
1.840398073196411133e+00
1.781207323074340820e+00
1.868731021881103516e+00
1.868025541305541992e+00
1.863544464111328125e+00
1.861276388168334961e+00
1.943292379379272461e+00
1.867177724838256836e+00
1.869997739791870117e+00
1.876396894454956055e+00
1.882915973663330078e+00
1.921818733215332031e+00
1.838566780090332031e+00
1.789271593093872070e+00
1.849215507507324219e+00
1.818197250366210938e+00
1.900225877761840820e+00
1.835894823074340820e+00
1.860782146453857422e+00
1.757551431655883789e+00
1.214861392974853516e+00
1.055374383926391602e+00
9.739482402801513672e-01
9.739816188812255859e-01
9.672942161560058594e-01
9.747993946075439453e-01
9.693698883056640625e-01
9.739341735839843750e-01
9.654674530029296875e-01
9.672615528106689453e-01
9.716405868530273438e-01
9.671523571014404297e-01
9.657418727874755859e-01
9.694082736968994141e-01
9.758763313293457031e-01
9.805755615234375000e-01
9.788424968719482422e-01
