2.126148939132690430e+00
4.307096004486083984e-01
4.308168888092041016e-01
4.332897663116455078e-01
4.307119846343994141e-01
4.310553073883056641e-01
4.331889152526855469e-01
4.326257705688476562e-01
4.322571754455566406e-01
4.316196441650390625e-01
4.288554191589355469e-01
4.295003414154052734e-01
4.301722049713134766e-01
4.381310939788818359e-01
4.331185817718505859e-01
4.327764511108398438e-01
4.360098838806152344e-01
4.358751773834228516e-01
4.342801570892333984e-01
4.336388111114501953e-01
4.343485832214355469e-01
4.365782737731933594e-01
4.378635883331298828e-01
4.364061355590820312e-01
4.389357566833496094e-01
4.386682510375976562e-01
4.388401508331298828e-01
4.400599002838134766e-01
4.393372535705566406e-01
4.392466545104980469e-01
4.416334629058837891e-01
4.384648799896240234e-01
4.390857219696044922e-01
4.373188018798828125e-01
4.361038208007812500e-01
4.369363784790039062e-01
4.352951049804687500e-01
4.342963695526123047e-01
4.344072341918945312e-01
4.402642250061035156e-01
4.371755123138427734e-01
4.351291656494140625e-01
4.359903335571289062e-01
4.360301494598388672e-01
4.358766078948974609e-01
4.373476505279541016e-01
4.360575675964355469e-01
4.376606941223144531e-01
4.378120899200439453e-01
4.394207000732421875e-01
4.408352375030517578e-01
4.398186206817626953e-01
4.397523403167724609e-01
4.407904148101806641e-01
4.403614997863769531e-01
4.420499801635742188e-01
4.379847049713134766e-01
4.369962215423583984e-01
4.375627040863037109e-01
4.362032413482666016e-01
4.378674030303955078e-01
4.377326965332031250e-01
4.369804859161376953e-01
4.370861053466796875e-01
4.386177062988281250e-01
4.369480609893798828e-01
4.362633228302001953e-01
4.364511966705322266e-01
4.394683837890625000e-01
4.384286403656005859e-01
4.409482479095458984e-01
4.414248466491699219e-01
4.400987625122070312e-01
4.392740726470947266e-01
4.402465820312500000e-01
4.445841312408447266e-01
4.421005249023437500e-01
4.420137405395507812e-01
4.423952102661132812e-01
4.421648979187011719e-01
4.512658119201660156e-01
4.413518905639648438e-01
4.405331611633300781e-01
4.411942958831787109e-01
4.436590671539306641e-01
4.396417140960693359e-01
4.414243698120117188e-01
4.417359828948974609e-01
4.435129165649414062e-01
4.411859512329101562e-01
4.417452812194824219e-01
4.432055950164794922e-01
4.431946277618408203e-01
4.439184665679931641e-01
4.441928863525390625e-01
4.437265396118164062e-01
4.456527233123779297e-01
4.430682659149169922e-01
4.432394504547119141e-01
4.428687095642089844e-01
4.453709125518798828e-01
4.445154666900634766e-01
4.448647499084472656e-01
4.424643516540527344e-01
4.427056312561035156e-01
4.419686794281005859e-01
4.472308158874511719e-01
4.546468257904052734e-01
4.413402080535888672e-01
4.430236816406250000e-01
4.432735443115234375e-01
4.426236152648925781e-01
4.453403949737548828e-01
4.450995922088623047e-01
4.474880695343017578e-01
4.489431381225585938e-01
4.536736011505126953e-01
4.443154335021972656e-01
4.463467597961425781e-01
4.454977512359619141e-01
4.472723007202148438e-01
4.512019157409667969e-01
4.460442066192626953e-01
4.448709487915039062e-01
4.499964714050292969e-01
4.483931064605712891e-01
4.476656913757324219e-01
4.484333992004394531e-01
4.474344253540039062e-01
4.480812549591064453e-01
4.493906497955322266e-01
4.483821392059326172e-01
4.482495784759521484e-01
4.466612339019775391e-01
4.464502334594726562e-01
4.473810195922851562e-01
4.478092193603515625e-01
4.492819309234619141e-01
4.718813896179199219e-01
4.463286399841308594e-01
4.455554485321044922e-01
4.483795166015625000e-01
4.463629722595214844e-01
4.491477012634277344e-01
4.451532363891601562e-01
4.467079639434814453e-01
4.492361545562744141e-01
4.452939033508300781e-01
4.453728199005126953e-01
4.452562332153320312e-01
4.427168369293212891e-01
4.435832500457763672e-01
4.442110061645507812e-01
4.445488452911376953e-01
4.449853897094726562e-01
4.435267448425292969e-01
4.453935623168945312e-01
4.445729255676269531e-01
4.427409172058105469e-01
4.447078704833984375e-01
4.447364807128906250e-01
4.425745010375976562e-01
4.457685947418212891e-01
4.449319839477539062e-01
4.450442790985107422e-01
4.444506168365478516e-01
4.432275295257568359e-01
4.456551074981689453e-01
4.459381103515625000e-01
4.444527626037597656e-01
4.491071701049804688e-01
4.467058181762695312e-01
4.449794292449951172e-01
4.440846443176269531e-01
4.439487457275390625e-01
4.455661773681640625e-01
4.434800148010253906e-01
4.443640708923339844e-01
4.452798366546630859e-01
4.438569545745849609e-01
4.457983970642089844e-01
4.490680694580078125e-01
4.455361366271972656e-01
4.451262950897216797e-01
4.463043212890625000e-01
4.462139606475830078e-01
4.471035003662109375e-01
4.474060535430908203e-01
4.461605548858642578e-01
4.451129436492919922e-01
4.464011192321777344e-01
4.466574192047119141e-01
4.465160369873046875e-01
4.501991271972656250e-01
4.477872848510742188e-01
4.459857940673828125e-01
4.457888603210449219e-01
4.523494243621826172e-01
4.489061832427978516e-01
4.494655132293701172e-01
