9.858763217926025391e-01
9.897112846374511719e-01
9.814321994781494141e-01
1.058930397033691406e+00
9.845404624938964844e-01
9.693431854248046875e-01
1.051582336425781250e+00
1.418359994888305664e+00
1.764059066772460938e+00
1.854216575622558594e+00
1.704921245574951172e+00
1.311488151550292969e+00
9.834098815917968750e-01
9.831423759460449219e-01
9.834957122802734375e-01
9.779732227325439453e-01
9.820904731750488281e-01
9.781680107116699219e-01
9.833436012268066406e-01
9.877791404724121094e-01
9.787924289703369141e-01
9.739518165588378906e-01
9.763386249542236328e-01
1.056344985961914062e+00
9.790153503417968750e-01
9.919414520263671875e-01
1.000491380691528320e+00
9.930768013000488281e-01
9.826874732971191406e-01
9.792063236236572266e-01
9.850094318389892578e-01
9.778044223785400391e-01
1.052281141281127930e+00
1.418547391891479492e+00
1.621975898742675781e+00
1.780998229980468750e+00
1.672463417053222656e+00
1.224635124206542969e+00
9.841372966766357422e-01
9.728574752807617188e-01
9.789516925811767578e-01
9.839029312133789062e-01
9.750492572784423828e-01
9.749312400817871094e-01
9.807448387145996094e-01
9.997341632843017578e-01
9.791970252990722656e-01
9.828574657440185547e-01
1.081535816192626953e+00
9.830060005187988281e-01
9.869832992553710938e-01
9.818625450134277344e-01
1.052537441253662109e+00
9.646081924438476562e-01
9.677720069885253906e-01
9.800910949707031250e-01
1.220763683319091797e+00
1.543338060379028320e+00
1.745455741882324219e+00
1.900405168533325195e+00
1.769644737243652344e+00
1.143894433975219727e+00
1.059503078460693359e+00
9.675836563110351562e-01
9.726095199584960938e-01
9.662184715270996094e-01
9.750702381134033203e-01
9.585466384887695312e-01
9.690008163452148438e-01
9.621031284332275391e-01
9.640896320343017578e-01
9.760787487030029297e-01
9.745814800262451172e-01
9.611489772796630859e-01
9.657511711120605469e-01
9.710900783538818359e-01
9.755849838256835938e-01
9.637298583984375000e-01
9.640250205993652344e-01
9.690859317779541016e-01
1.306318998336791992e+00
1.649505853652954102e+00
1.644049644470214844e+00
1.078701972961425781e+00
9.699950218200683594e-01
9.694252014160156250e-01
9.626703262329101562e-01
9.715070724487304688e-01
9.759397506713867188e-01
9.695997238159179688e-01
9.647724628448486328e-01
9.704828262329101562e-01
1.071654319763183594e+00
9.662008285522460938e-01
9.727492332458496094e-01
9.732935428619384766e-01
9.793612957000732422e-01
9.808254241943359375e-01
9.768342971801757812e-01
9.780030250549316406e-01
9.780664443969726562e-01
1.077984333038330078e+00
1.554101943969726562e+00
1.890307664871215820e+00
1.905257463455200195e+00
1.788462877273559570e+00
1.312978982925415039e+00
9.672529697418212891e-01
9.732496738433837891e-01
9.693303108215332031e-01
9.721305370330810547e-01
9.706552028656005859e-01
9.731445312500000000e-01
9.715538024902343750e-01
9.740247726440429688e-01
9.684767723083496094e-01
9.791724681854248047e-01
9.666419029235839844e-01
1.061965703964233398e+00
9.704525470733642578e-01
9.713528156280517578e-01
9.634168148040771484e-01
9.737114906311035156e-01
9.636437892913818359e-01
9.661450386047363281e-01
9.796028137207031250e-01
9.735376834869384766e-01
9.743316173553466797e-01
1.051778793334960938e+00
9.876966476440429688e-01
9.788806438446044922e-01
9.687387943267822266e-01
9.711489677429199219e-01
1.062721252441406250e+00
9.866228103637695312e-01
9.694550037384033203e-01
9.668033123016357422e-01
9.627146720886230469e-01
1.072747230529785156e+00
9.732978343963623047e-01
9.749832153320312500e-01
9.650015830993652344e-01
1.115557670593261719e+00
1.386445045471191406e+00
1.434041261672973633e+00
1.433084964752197266e+00
1.500792026519775391e+00
1.643041372299194336e+00
1.697826623916625977e+00
1.691918849945068359e+00
1.764338493347167969e+00
1.776297092437744141e+00
1.794106960296630859e+00
1.857631921768188477e+00
1.832146883010864258e+00
1.746675968170166016e+00
1.781210660934448242e+00
1.809661626815795898e+00
1.906642436981201172e+00
1.813434362411499023e+00
1.872720718383789062e+00
1.920907020568847656e+00
1.870864629745483398e+00
1.840393543243408203e+00
1.781203985214233398e+00
1.868728160858154297e+00
1.868022203445434570e+00
1.863538265228271484e+00
1.861273765563964844e+00
1.943288803100585938e+00
1.867172479629516602e+00
1.869991064071655273e+00
1.876391887664794922e+00
1.882915258407592773e+00
1.921814680099487305e+00
1.838560819625854492e+00
1.789265871047973633e+00
1.849210977554321289e+00
1.818192481994628906e+00
1.900218963623046875e+00
1.835890054702758789e+00
1.860781908035278320e+00
1.757570266723632812e+00
1.214866876602172852e+00
1.055372476577758789e+00
9.739456176757812500e-01
9.739801883697509766e-01
9.672920703887939453e-01
9.747972488403320312e-01
9.693684577941894531e-01
9.739313125610351562e-01
9.654655456542968750e-01
9.672596454620361328e-01
9.716408252716064453e-01
9.671497344970703125e-01
9.657406806945800781e-01
9.694075584411621094e-01
9.758751392364501953e-01
9.805691242218017578e-01
9.788446426391601562e-01
