9.858798980712890625e-01
9.897129535675048828e-01
9.814162254333496094e-01
1.058933258056640625e+00
9.845542907714843750e-01
9.693412780761718750e-01
1.051578044891357422e+00
1.418357372283935547e+00
1.764068841934204102e+00
1.854228973388671875e+00
1.704923391342163086e+00
1.311490297317504883e+00
9.834096431732177734e-01
9.831440448760986328e-01
9.835000038146972656e-01
9.779751300811767578e-01
9.820897579193115234e-01
9.781675338745117188e-01
9.833476543426513672e-01
9.877822399139404297e-01
9.787893295288085938e-01
9.739563465118408203e-01
9.763443470001220703e-01
1.056347608566284180e+00
9.790167808532714844e-01
9.919462203979492188e-01
1.000492334365844727e+00
9.930751323699951172e-01
9.826850891113281250e-01
9.792034626007080078e-01
9.850113391876220703e-01
9.778051376342773438e-01
1.052283763885498047e+00
1.418544292449951172e+00
1.621982336044311523e+00
1.780997514724731445e+00
1.672459602355957031e+00
1.224637746810913086e+00
9.841399192810058594e-01
9.728643894195556641e-01
9.789488315582275391e-01
9.838962554931640625e-01
9.750559329986572266e-01
9.749293327331542969e-01
9.807496070861816406e-01
9.997339248657226562e-01
9.791979789733886719e-01
9.828500747680664062e-01
1.081532239913940430e+00
9.830067157745361328e-01
9.869878292083740234e-01
9.818520545959472656e-01
1.052531003952026367e+00
9.645946025848388672e-01
9.677667617797851562e-01
9.800884723663330078e-01
1.220750570297241211e+00
1.543316364288330078e+00
1.745458364486694336e+00
1.900400400161743164e+00
1.769636869430541992e+00
1.143885135650634766e+00
1.059501886367797852e+00
9.675796031951904297e-01
9.726064205169677734e-01
9.662208557128906250e-01
9.750664234161376953e-01
9.585452079772949219e-01
9.689958095550537109e-01
9.621114730834960938e-01
9.640884399414062500e-01
9.760725498199462891e-01
9.745781421661376953e-01
9.611396789550781250e-01
9.657380580902099609e-01
9.710865020751953125e-01
9.755790233612060547e-01
9.637181758880615234e-01
9.640178680419921875e-01
9.690868854522705078e-01
1.306310653686523438e+00
1.649500131607055664e+00
1.644108057022094727e+00
1.078700542449951172e+00
9.699943065643310547e-01
9.694237709045410156e-01
9.626686573028564453e-01
9.715056419372558594e-01
9.759397506713867188e-01
9.695975780487060547e-01
9.647696018218994141e-01
9.704849720001220703e-01
1.071649789810180664e+00
9.661977291107177734e-01
9.727454185485839844e-01
9.732868671417236328e-01
9.793553352355957031e-01
9.808223247528076172e-01
9.768307209014892578e-01
9.779973030090332031e-01
9.780602455139160156e-01
1.077968597412109375e+00
1.554094791412353516e+00
1.890305757522583008e+00
1.905291080474853516e+00
1.788462400436401367e+00
1.312986373901367188e+00
9.672524929046630859e-01
9.732446670532226562e-01
9.693343639373779297e-01
9.721250534057617188e-01
9.706509113311767578e-01
9.731419086456298828e-01
9.715507030487060547e-01
9.740142822265625000e-01
9.684774875640869141e-01
9.791674613952636719e-01
9.666359424591064453e-01
1.061962366104125977e+00
9.704508781433105469e-01
9.713492393493652344e-01
9.634165763854980469e-01
9.737110137939453125e-01
9.636371135711669922e-01
9.661393165588378906e-01
9.795973300933837891e-01
9.735341072082519531e-01
9.743254184722900391e-01
1.051779747009277344e+00
9.876966476440429688e-01
9.788765907287597656e-01
9.687347412109375000e-01
9.711334705352783203e-01
1.062720537185668945e+00
9.866247177124023438e-01
9.694504737854003906e-01
9.667980670928955078e-01
9.627127647399902344e-01
1.072740793228149414e+00
9.732909202575683594e-01
9.749822616577148438e-01
9.649901390075683594e-01
1.115543127059936523e+00
1.386439800262451172e+00
1.434029102325439453e+00
1.433061122894287109e+00
1.500789880752563477e+00
1.643044710159301758e+00
1.697830438613891602e+00
1.691906929016113281e+00
1.764338254928588867e+00
1.776299238204956055e+00
1.794104814529418945e+00
1.857601642608642578e+00
1.832149982452392578e+00
1.746675252914428711e+00
1.781208515167236328e+00
1.809654951095581055e+00
1.906638383865356445e+00
1.813427686691284180e+00
1.872719526290893555e+00
1.920900583267211914e+00
1.870862245559692383e+00
1.840395450592041016e+00
1.781202316284179688e+00
1.868729591369628906e+00
1.868014812469482422e+00
1.863546133041381836e+00
1.861277818679809570e+00
1.943286657333374023e+00
1.867163896560668945e+00
1.869979858398437500e+00
1.876389026641845703e+00
1.882944107055664062e+00
1.921813011169433594e+00
1.838562726974487305e+00
1.789262771606445312e+00
1.849204540252685547e+00
1.818182945251464844e+00
1.900220632553100586e+00
1.835886716842651367e+00
1.860779762268066406e+00
1.757555723190307617e+00
1.214891672134399414e+00
1.055368661880493164e+00
9.739463329315185547e-01
9.739785194396972656e-01
9.672951698303222656e-01
9.747962951660156250e-01
9.693689346313476562e-01
9.739327430725097656e-01
9.654643535614013672e-01
9.672563076019287109e-01
9.716384410858154297e-01
9.671485424041748047e-01
9.657373428344726562e-01
9.694077968597412109e-01
9.758751392364501953e-01
9.805681705474853516e-01
9.788391590118408203e-01
