3.388855934143066406e+00
1.853548049926757812e+00
1.850912570953369141e+00
1.857255697250366211e+00
1.855628490447998047e+00
1.860847711563110352e+00
1.862099409103393555e+00
1.863940715789794922e+00
1.858562231063842773e+00
1.863759994506835938e+00
1.864075899124145508e+00
1.868236064910888672e+00
1.862267971038818359e+00
1.867408037185668945e+00
1.865587234497070312e+00
1.869459867477416992e+00
1.867422580718994141e+00
1.869621276855468750e+00
1.870296478271484375e+00
1.869720220565795898e+00
1.873800039291381836e+00
1.874166727066040039e+00
1.874586582183837891e+00
1.878694057464599609e+00
1.878035545349121094e+00
1.886837005615234375e+00
1.882755041122436523e+00
1.883712053298950195e+00
1.885518074035644531e+00
1.887414693832397461e+00
1.886145591735839844e+00
1.892016887664794922e+00
1.889915227890014648e+00
1.890837907791137695e+00
1.892204999923706055e+00
1.892054557800292969e+00
1.897447347640991211e+00
1.890957593917846680e+00
1.890690088272094727e+00
1.888915300369262695e+00
1.894960165023803711e+00
1.896278381347656250e+00
1.896796703338623047e+00
1.897996664047241211e+00
1.901639699935913086e+00
1.899163484573364258e+00
1.900207996368408203e+00
1.903445720672607422e+00
1.898127794265747070e+00
1.897653818130493164e+00
1.900978565216064453e+00
1.901338100433349609e+00
1.909760475158691406e+00
1.910634994506835938e+00
1.905091047286987305e+00
1.897318840026855469e+00
1.907992839813232422e+00
1.904365777969360352e+00
1.902271747589111328e+00
1.902739524841308594e+00
1.914940595626831055e+00
1.907336473464965820e+00
1.903545379638671875e+00
1.908307075500488281e+00
1.905094146728515625e+00
1.905511856079101562e+00
1.907699346542358398e+00
1.905783891677856445e+00
1.910629510879516602e+00
1.908086061477661133e+00
1.907410621643066406e+00
1.907643318176269531e+00
1.905806779861450195e+00
1.908215999603271484e+00
1.910372972488403320e+00
1.911269426345825195e+00
1.914582252502441406e+00
1.912911176681518555e+00
1.911751270294189453e+00
1.921010732650756836e+00
1.914920568466186523e+00
1.916540145874023438e+00
1.911926031112670898e+00
1.912065267562866211e+00
1.913287639617919922e+00
1.912353992462158203e+00
1.912986040115356445e+00
1.912862777709960938e+00
1.911828756332397461e+00
1.917766809463500977e+00
1.914746522903442383e+00
1.912115335464477539e+00
1.913973808288574219e+00
1.914496660232543945e+00
1.912376403808593750e+00
1.915701627731323242e+00
1.918654680252075195e+00
1.915661573410034180e+00
1.916296005249023438e+00
1.916010618209838867e+00
1.914509296417236328e+00
1.914223909378051758e+00
1.919962882995605469e+00
1.918169975280761719e+00
1.922093391418457031e+00
1.921222686767578125e+00
1.918476343154907227e+00
1.920057296752929688e+00
1.921747207641601562e+00
1.920067548751831055e+00
1.920337915420532227e+00
1.922019004821777344e+00
1.921958923339843750e+00
1.922091484069824219e+00
1.921460151672363281e+00
1.918570280075073242e+00
1.921750545501708984e+00
1.920352697372436523e+00
1.919295072555541992e+00
1.919517993927001953e+00
1.920512199401855469e+00
1.916679859161376953e+00
1.920842170715332031e+00
1.921357154846191406e+00
1.916567564010620117e+00
1.921864509582519531e+00
1.922099590301513672e+00
1.919890880584716797e+00
1.918138265609741211e+00
1.923524379730224609e+00
1.919424772262573242e+00
1.920698642730712891e+00
1.921343564987182617e+00
1.921426057815551758e+00
1.920562505722045898e+00
1.925096988677978516e+00
1.920584917068481445e+00
1.922320604324340820e+00
1.924840450286865234e+00
1.918916225433349609e+00
1.918650150299072266e+00
1.918876171112060547e+00
1.921427488327026367e+00
1.923857212066650391e+00
1.923595428466796875e+00
1.921955108642578125e+00
1.923163175582885742e+00
1.919413566589355469e+00
1.919505357742309570e+00
1.923153162002563477e+00
1.922894001007080078e+00
1.920036077499389648e+00
1.928654193878173828e+00
1.923161506652832031e+00
1.921810865402221680e+00
1.924664020538330078e+00
1.930471181869506836e+00
1.921984910964965820e+00
1.927545309066772461e+00
1.921746253967285156e+00
1.921848773956298828e+00
1.923171520233154297e+00
1.924864053726196289e+00
1.920261144638061523e+00
1.922767400741577148e+00
1.924385070800781250e+00
1.925509929656982422e+00
1.924574136734008789e+00
1.922046899795532227e+00
1.924776077270507812e+00
1.936000823974609375e+00
1.935262918472290039e+00
1.919481515884399414e+00
1.920260190963745117e+00
1.923927545547485352e+00
1.924076557159423828e+00
1.929027557373046875e+00
1.921254158020019531e+00
1.925407171249389648e+00
1.923689842224121094e+00
1.918742418289184570e+00
1.921036720275878906e+00
1.923123359680175781e+00
1.921877384185791016e+00
1.924618244171142578e+00
1.925554513931274414e+00
1.919761419296264648e+00
1.921735048294067383e+00
1.925007581710815430e+00
1.922326087951660156e+00
1.926577329635620117e+00
1.924346923828125000e+00
1.924216270446777344e+00
1.925924539566040039e+00
1.924371719360351562e+00
1.922578811645507812e+00
1.926510810852050781e+00
1.928013086318969727e+00
1.925106287002563477e+00
1.925428390502929688e+00
