3.436334848403930664e+00
1.853991508483886719e+00
1.833698034286499023e+00
1.850489377975463867e+00
1.867030143737792969e+00
1.866484403610229492e+00
1.869624376296997070e+00
1.866727828979492188e+00
1.864970445632934570e+00
1.873333930969238281e+00
1.877680540084838867e+00
1.876783132553100586e+00
1.877071619033813477e+00
1.878966331481933594e+00
1.873907089233398438e+00
1.884759664535522461e+00
1.866104602813720703e+00
1.872379064559936523e+00
1.888902425765991211e+00
1.887407064437866211e+00
1.894065380096435547e+00
1.896830081939697266e+00
1.919040679931640625e+00
1.879404306411743164e+00
1.880034685134887695e+00
1.875781774520874023e+00
1.876612424850463867e+00
1.861468553543090820e+00
1.854699611663818359e+00
1.860952138900756836e+00
1.868795633316040039e+00
1.869567632675170898e+00
1.869079828262329102e+00
1.867175817489624023e+00
1.874875307083129883e+00
1.868669748306274414e+00
1.872894048690795898e+00
1.869174718856811523e+00
1.903119087219238281e+00
1.902412891387939453e+00
1.902058362960815430e+00
1.901378870010375977e+00
1.904580593109130859e+00
1.904998064041137695e+00
1.906201362609863281e+00
1.906666755676269531e+00
1.907889604568481445e+00
1.906923055648803711e+00
1.907957792282104492e+00
1.908231258392333984e+00
1.909584045410156250e+00
1.912263870239257812e+00
1.921128988265991211e+00
1.900542497634887695e+00
1.905797243118286133e+00
1.924144029617309570e+00
1.926886558532714844e+00
1.903866529464721680e+00
1.900249004364013672e+00
1.899167299270629883e+00
1.901721000671386719e+00
1.926555871963500977e+00
1.915750265121459961e+00
1.896161079406738281e+00
1.898715257644653320e+00
1.898813962936401367e+00
1.903154611587524414e+00
1.899126052856445312e+00
1.892258644104003906e+00
1.893947124481201172e+00
1.892841577529907227e+00
1.899435997009277344e+00
1.924401283264160156e+00
1.920024156570434570e+00
1.926351547241210938e+00
1.895903825759887695e+00
1.894275188446044922e+00
1.895743608474731445e+00
1.899187564849853516e+00
1.904681444168090820e+00
1.896163940429687500e+00
1.899246692657470703e+00
1.926235198974609375e+00
1.951073646545410156e+00
1.959444046020507812e+00
1.921170711517333984e+00
1.922491788864135742e+00
1.931032896041870117e+00
1.930017948150634766e+00
1.930310726165771484e+00
1.920465230941772461e+00
1.911507368087768555e+00
1.903675794601440430e+00
1.909569978713989258e+00
1.930697679519653320e+00
1.909251213073730469e+00
1.908613920211791992e+00
1.924049615859985352e+00
1.928227424621582031e+00
1.908381700515747070e+00
1.931141376495361328e+00
1.936674118041992188e+00
1.914655685424804688e+00
1.910762786865234375e+00
1.902903318405151367e+00
1.905795097351074219e+00
1.903727293014526367e+00
1.917121171951293945e+00
1.927685499191284180e+00
1.937990903854370117e+00
1.928063392639160156e+00
1.940764665603637695e+00
1.927965879440307617e+00
1.932110548019409180e+00
1.922625780105590820e+00
1.941231489181518555e+00
1.932168006896972656e+00
1.930480718612670898e+00
1.933493375778198242e+00
1.933320045471191406e+00
1.932915687561035156e+00
1.931460618972778320e+00
1.925938129425048828e+00
1.922020912170410156e+00
1.931999683380126953e+00
1.932508945465087891e+00
1.933426141738891602e+00
1.932598352432250977e+00
1.932857036590576172e+00
1.929304122924804688e+00
1.931345939636230469e+00
1.933665752410888672e+00
1.933518886566162109e+00
1.932419776916503906e+00
1.935195207595825195e+00
1.934170961380004883e+00
1.909868717193603516e+00
1.909411668777465820e+00
1.909348249435424805e+00
1.909857034683227539e+00
1.933420419692993164e+00
1.933717966079711914e+00
1.912449121475219727e+00
1.954579830169677734e+00
1.939556121826171875e+00
1.915302515029907227e+00
1.913761377334594727e+00
1.921676635742187500e+00
1.939275979995727539e+00
1.910986900329589844e+00
1.906852483749389648e+00
1.928031921386718750e+00
1.929580688476562500e+00
1.930091619491577148e+00
1.931934833526611328e+00
1.929536819458007812e+00
1.931262016296386719e+00
1.930517673492431641e+00
1.924721717834472656e+00
1.930648088455200195e+00
1.929954290390014648e+00
1.925288677215576172e+00
1.903688669204711914e+00
1.906913757324218750e+00
1.908647775650024414e+00
1.906847238540649414e+00
1.924002647399902344e+00
1.933166503906250000e+00
1.929927349090576172e+00
1.932620286941528320e+00
1.932034492492675781e+00
1.935955047607421875e+00
1.907567262649536133e+00
1.910107374191284180e+00
1.908950567245483398e+00
1.907777070999145508e+00
1.913717269897460938e+00
1.934150934219360352e+00
1.920626878738403320e+00
1.932038307189941406e+00
1.938415050506591797e+00
1.917197465896606445e+00
1.940694570541381836e+00
1.910787105560302734e+00
1.910722732543945312e+00
1.907677173614501953e+00
1.909587860107421875e+00
1.907633066177368164e+00
1.911428928375244141e+00
1.915889024734497070e+00
1.910510063171386719e+00
1.909526109695434570e+00
1.931423187255859375e+00
1.932678222656250000e+00
1.910924673080444336e+00
1.910806417465209961e+00
1.913298130035400391e+00
1.909999847412109375e+00
1.936837196350097656e+00
1.935132503509521484e+00
