2.056496143341064453e-01
1.953418254852294922e-01
1.953015327453613281e-01
1.925723552703857422e-01
1.971931457519531250e-01
1.910896301269531250e-01
1.944832801818847656e-01
1.899368762969970703e-01
1.930017471313476562e-01
1.744592189788818359e-01
1.893837451934814453e-01
1.926128864288330078e-01
2.677605152130126953e-01
1.912062168121337891e-01
1.929161548614501953e-01
1.720683574676513672e-01
1.910421848297119141e-01
1.740918159484863281e-01
1.913447380065917969e-01
1.896665096282958984e-01
1.925616264343261719e-01
1.905250549316406250e-01
1.741056442260742188e-01
1.953024864196777344e-01
2.008373737335205078e-01
1.937100887298583984e-01
1.962804794311523438e-01
1.923651695251464844e-01
1.737008094787597656e-01
1.929061412811279297e-01
1.929261684417724609e-01
1.906776428222656250e-01
1.946315765380859375e-01
1.930625438690185547e-01
1.914484500885009766e-01
1.938793659210205078e-01
1.932144165039062500e-01
1.930375099182128906e-01
1.935105323791503906e-01
1.919846534729003906e-01
1.907176971435546875e-01
1.931519508361816406e-01
1.918392181396484375e-01
1.888263225555419922e-01
1.923573017120361328e-01
1.919951438903808594e-01
1.911277770996093750e-01
1.922864913940429688e-01
1.919221878051757812e-01
1.913559436798095703e-01
1.920526027679443359e-01
1.958744525909423828e-01
1.907303333282470703e-01
1.935732364654541016e-01
1.912393569946289062e-01
1.925179958343505859e-01
1.931281089782714844e-01
1.923346519470214844e-01
1.931805610656738281e-01
1.926288604736328125e-01
1.999788284301757812e-01
1.912455558776855469e-01
1.953089237213134766e-01
1.931660175323486328e-01
1.936118602752685547e-01
1.915869712829589844e-01
1.922786235809326172e-01
1.913495063781738281e-01
1.915016174316406250e-01
1.935172080993652344e-01
1.911032199859619141e-01
1.902899742126464844e-01
2.003960609436035156e-01
1.982452869415283203e-01
1.914227008819580078e-01
1.979670524597167969e-01
1.938705444335937500e-01
2.709326744079589844e-01
1.932935714721679688e-01
1.931827068328857422e-01
1.928246021270751953e-01
1.936593055725097656e-01
1.926276683807373047e-01
1.939837932586669922e-01
1.942815780639648438e-01
1.933538913726806641e-01
1.908907890319824219e-01
1.926879882812500000e-01
1.933386325836181641e-01
1.926825046539306641e-01
1.931486129760742188e-01
1.937143802642822266e-01
1.929605007171630859e-01
1.918942928314208984e-01
1.935074329376220703e-01
1.915302276611328125e-01
1.916029453277587891e-01
1.938047409057617188e-01
1.921687126159667969e-01
1.946406364440917969e-01
1.937906742095947266e-01
1.907806396484375000e-01
1.918773651123046875e-01
1.928699016571044922e-01
1.924390792846679688e-01
1.929969787597656250e-01
1.929647922515869141e-01
1.914138793945312500e-01
1.920595169067382812e-01
1.957361698150634766e-01
1.918621063232421875e-01
1.993687152862548828e-01
1.928868293762207031e-01
1.920678615570068359e-01
2.725098133087158203e-01
1.925892829895019531e-01
1.730513572692871094e-01
1.945278644561767578e-01
1.928915977478027344e-01
1.945791244506835938e-01
1.927864551544189453e-01
1.948785781860351562e-01
1.930992603302001953e-01
1.918470859527587891e-01
1.931884288787841797e-01
1.939651966094970703e-01
1.912162303924560547e-01
1.934623718261718750e-01
1.925330162048339844e-01
1.913790702819824219e-01
1.933724880218505859e-01
1.919751167297363281e-01
1.915607452392578125e-01
1.929943561553955078e-01
1.954340934753417969e-01
1.958901882171630859e-01
1.937029361724853516e-01
1.947014331817626953e-01
1.951370239257812500e-01
1.757445335388183594e-01
1.909918785095214844e-01
1.961221694946289062e-01
1.918663978576660156e-01
1.925737857818603516e-01
2.003328800201416016e-01
1.951165199279785156e-01
2.033405303955078125e-01
1.953306198120117188e-01
1.909883022308349609e-01
1.939516067504882812e-01
1.991891860961914062e-01
1.747777462005615234e-01
1.929032802581787109e-01
2.001559734344482422e-01
1.923003196716308594e-01
1.937236785888671875e-01
1.924726963043212891e-01
1.981139183044433594e-01
1.924917697906494141e-01
1.978659629821777344e-01
1.915616989135742188e-01
1.923091411590576172e-01
1.943299770355224609e-01
1.968572139739990234e-01
1.925399303436279297e-01
1.959502696990966797e-01
1.929285526275634766e-01
1.896762847900390625e-01
1.916396617889404297e-01
1.923630237579345703e-01
1.915345191955566406e-01
1.737840175628662109e-01
1.953284740447998047e-01
1.915845870971679688e-01
1.930208206176757812e-01
1.919636726379394531e-01
1.903183460235595703e-01
1.944839954376220703e-01
1.938781738281250000e-01
1.920738220214843750e-01
1.976485252380371094e-01
1.932544708251953125e-01
1.919229030609130859e-01
2.070133686065673828e-01
1.933982372283935547e-01
1.961517333984375000e-01
1.947858333587646484e-01
1.931962966918945312e-01
1.925508975982666016e-01
1.965417861938476562e-01
1.933121681213378906e-01
1.937088966369628906e-01
2.012493610382080078e-01
1.923184394836425781e-01
1.942543983459472656e-01
2.014031410217285156e-01
1.918616294860839844e-01
1.921763420104980469e-01
1.924514770507812500e-01
1.929745674133300781e-01
