3.342470407485961914e+00
1.812404632568359375e+00
1.817556858062744141e+00
1.817318677902221680e+00
1.815060138702392578e+00
1.838266372680664062e+00
1.821941375732421875e+00
1.825250387191772461e+00
1.820059299468994141e+00
1.836709260940551758e+00
1.821999549865722656e+00
1.822571516036987305e+00
1.822768449783325195e+00
1.825407266616821289e+00
1.829386472702026367e+00
1.828991174697875977e+00
1.830994129180908203e+00
1.833551883697509766e+00
1.835027456283569336e+00
1.833612918853759766e+00
1.835362195968627930e+00
1.838512659072875977e+00
1.838739395141601562e+00
1.840415954589843750e+00
1.845894575119018555e+00
1.834376811981201172e+00
1.835543870925903320e+00
1.843321084976196289e+00
1.841917037963867188e+00
1.842924118041992188e+00
1.848830461502075195e+00
1.840325832366943359e+00
1.841613531112670898e+00
1.842283248901367188e+00
1.844112634658813477e+00
1.848030090332031250e+00
1.851261138916015625e+00
1.865126609802246094e+00
1.851917266845703125e+00
1.854783773422241211e+00
1.862472295761108398e+00
1.850466728210449219e+00
1.869466781616210938e+00
1.862147808074951172e+00
1.865125656127929688e+00
1.852902173995971680e+00
1.864918470382690430e+00
1.858493804931640625e+00
1.854079484939575195e+00
1.855017423629760742e+00
1.850640773773193359e+00
1.855127573013305664e+00
1.863437891006469727e+00
1.865655422210693359e+00
1.861280441284179688e+00
1.864103078842163086e+00
1.864812850952148438e+00
1.858543157577514648e+00
1.860590219497680664e+00
1.876372575759887695e+00
1.883477449417114258e+00
1.872286319732666016e+00
1.858428478240966797e+00
1.858551740646362305e+00
1.862322092056274414e+00
1.863370418548583984e+00
1.858026266098022461e+00
1.860482931137084961e+00
1.861635208129882812e+00
1.863624572753906250e+00
1.862562179565429688e+00
1.862826108932495117e+00
1.867755174636840820e+00
1.865740776062011719e+00
1.873931407928466797e+00
1.861498117446899414e+00
1.874830961227416992e+00
1.863591909408569336e+00
1.866009712219238281e+00
1.889219760894775391e+00
1.876011133193969727e+00
1.861127138137817383e+00
1.863923549652099609e+00
1.872207403182983398e+00
1.865786552429199219e+00
1.866397619247436523e+00
1.870072603225708008e+00
1.872163295745849609e+00
1.872611999511718750e+00
1.873757600784301758e+00
1.869620800018310547e+00
1.870965719223022461e+00
1.873749494552612305e+00
1.869451761245727539e+00
1.869575977325439453e+00
1.870877981185913086e+00
1.866582632064819336e+00
1.869994878768920898e+00
1.871120452880859375e+00
1.871624708175659180e+00
1.873999834060668945e+00
1.874883413314819336e+00
1.869203090667724609e+00
1.870875358581542969e+00
1.876707792282104492e+00
1.870913743972778320e+00
1.872774124145507812e+00
1.872725725173950195e+00
1.868900537490844727e+00
1.872170448303222656e+00
1.869998693466186523e+00
1.868120431900024414e+00
1.870772361755371094e+00
1.870752811431884766e+00
1.871432304382324219e+00
1.870746135711669922e+00
1.889630079269409180e+00
1.873297691345214844e+00
1.877221584320068359e+00
1.874547719955444336e+00
1.878575801849365234e+00
1.874665260314941406e+00
1.883081436157226562e+00
1.871921539306640625e+00
1.877035856246948242e+00
1.877189397811889648e+00
1.873705625534057617e+00
1.876391649246215820e+00
1.878457546234130859e+00
1.874476909637451172e+00
1.878204345703125000e+00
1.876876592636108398e+00
1.879233598709106445e+00
1.877582788467407227e+00
1.877083301544189453e+00
1.883616447448730469e+00
1.886259317398071289e+00
1.875419378280639648e+00
1.878428220748901367e+00
1.875801324844360352e+00
1.881330728530883789e+00
1.880137443542480469e+00
1.903340101242065430e+00
1.875348091125488281e+00
1.877050399780273438e+00
1.879956483840942383e+00
1.881053447723388672e+00
1.885208606719970703e+00
1.880700588226318359e+00
1.878911018371582031e+00
1.881626844406127930e+00
1.892119646072387695e+00
1.880924701690673828e+00
1.879780054092407227e+00
1.880481481552124023e+00
1.879349708557128906e+00
1.894623041152954102e+00
1.891431808471679688e+00
1.899846792221069336e+00
1.879137992858886719e+00
1.876569509506225586e+00
1.882319927215576172e+00
1.882774829864501953e+00
1.881136655807495117e+00
1.882174491882324219e+00
1.890588045120239258e+00
1.884980201721191406e+00
1.876205682754516602e+00
1.877183675765991211e+00
1.876875400543212891e+00
1.888921737670898438e+00
1.891693592071533203e+00
1.883314847946166992e+00
1.883271932601928711e+00
1.890348434448242188e+00
1.877054452896118164e+00
1.896998167037963867e+00
1.880502700805664062e+00
1.908489942550659180e+00
1.882507562637329102e+00
1.881955385208129883e+00
1.884470939636230469e+00
1.889819145202636719e+00
1.879208564758300781e+00
1.877488613128662109e+00
1.883242130279541016e+00
1.879865646362304688e+00
1.878957509994506836e+00
1.878983020782470703e+00
1.878489255905151367e+00
1.889497756958007812e+00
1.878128290176391602e+00
1.876872539520263672e+00
1.876516580581665039e+00
1.879715681076049805e+00
1.879860401153564453e+00
1.883165121078491211e+00
1.879776477813720703e+00
1.875931978225708008e+00
1.877553701400756836e+00
