2.356331348419189453e-01
2.331964969635009766e-01
2.347598075866699219e-01
2.360265254974365234e-01
2.306575775146484375e-01
2.347893714904785156e-01
2.388782501220703125e-01
2.292001247406005859e-01
2.354812622070312500e-01
2.359941005706787109e-01
2.374513149261474609e-01
2.365210056304931641e-01
3.117349147796630859e-01
2.360589504241943359e-01
2.356238365173339844e-01
2.353990077972412109e-01
2.346606254577636719e-01
2.379024028778076172e-01
2.294857501983642578e-01
2.355098724365234375e-01
2.353565692901611328e-01
2.310707569122314453e-01
2.347538471221923828e-01
2.305674552917480469e-01
2.364425659179687500e-01
2.331817150115966797e-01
2.366404533386230469e-01
2.373161315917968750e-01
2.362871170043945312e-01
2.734088897705078125e-01
2.378139495849609375e-01
2.355077266693115234e-01
2.358043193817138672e-01
2.387311458587646484e-01
2.362930774688720703e-01
2.356932163238525391e-01
2.386269569396972656e-01
2.339093685150146484e-01
2.375438213348388672e-01
2.359592914581298828e-01
2.397880554199218750e-01
2.365429401397705078e-01
2.372343540191650391e-01
2.263114452362060547e-01
2.351520061492919922e-01
2.341392040252685547e-01
2.321891784667968750e-01
2.340657711029052734e-01
2.494840621948242188e-01
2.816231250762939453e-01
3.104469776153564453e-01
2.377693653106689453e-01
2.351233959197998047e-01
2.360455989837646484e-01
2.306096553802490234e-01
2.293438911437988281e-01
2.257134914398193359e-01
2.371788024902343750e-01
2.334589958190917969e-01
2.281663417816162109e-01
2.282230854034423828e-01
2.274384498596191406e-01
2.361164093017578125e-01
2.361743450164794922e-01
2.377662658691406250e-01
2.357623577117919922e-01
2.357585430145263672e-01
2.359769344329833984e-01
2.329995632171630859e-01
2.374520301818847656e-01
2.297751903533935547e-01
2.338731288909912109e-01
2.371933460235595703e-01
2.363722324371337891e-01
2.324233055114746094e-01
2.355427742004394531e-01
2.404222488403320312e-01
3.364665508270263672e-01
2.443320751190185547e-01
2.335250377655029297e-01
2.357974052429199219e-01
2.677128314971923828e-01
2.369558811187744141e-01
2.259047031402587891e-01
2.358446121215820312e-01
2.366180419921875000e-01
2.601265907287597656e-01
2.338213920593261719e-01
2.372765541076660156e-01
2.361967563629150391e-01
2.615096569061279297e-01
2.344608306884765625e-01
2.259356975555419922e-01
2.754962444305419922e-01
2.362427711486816406e-01
2.423293590545654297e-01
2.366294860839843750e-01
2.360143661499023438e-01
2.391164302825927734e-01
3.719880580902099609e-01
2.265303134918212891e-01
2.348849773406982422e-01
2.347567081451416016e-01
2.369465827941894531e-01
2.344040870666503906e-01
2.330832481384277344e-01
2.500884532928466797e-01
2.340650558471679688e-01
2.352311611175537109e-01
2.554132938385009766e-01
3.206412792205810547e-01
3.500330448150634766e-01
2.309687137603759766e-01
2.393801212310791016e-01
3.177449703216552734e-01
2.364115715026855469e-01
3.088529109954833984e-01
2.786836624145507812e-01
2.316706180572509766e-01
2.359702587127685547e-01
2.298066616058349609e-01
2.309379577636718750e-01
2.347042560577392578e-01
2.346820831298828125e-01
2.365903854370117188e-01
2.378747463226318359e-01
2.705035209655761719e-01
2.540805339813232422e-01
2.356481552124023438e-01
2.326827049255371094e-01
2.338838577270507812e-01
2.885305881500244141e-01
2.986984252929687500e-01
2.341494560241699219e-01
2.352683544158935547e-01
2.339692115783691406e-01
2.394456863403320312e-01
2.352461814880371094e-01
2.340669631958007812e-01
2.348606586456298828e-01
2.357969284057617188e-01
2.330098152160644531e-01
2.357249259948730469e-01
2.334835529327392578e-01
2.328784465789794922e-01
2.357394695281982422e-01
2.331027984619140625e-01
2.350990772247314453e-01
2.354261875152587891e-01
2.356827259063720703e-01
2.334647178649902344e-01
2.356104850769042969e-01
2.416336536407470703e-01
2.340645790100097656e-01
2.376952171325683594e-01
2.352480888366699219e-01
2.339310646057128906e-01
2.350468635559082031e-01
2.379937171936035156e-01
3.344237804412841797e-01
2.550907135009765625e-01
2.365648746490478516e-01
2.352838516235351562e-01
2.362611293792724609e-01
2.477333545684814453e-01
2.261781692504882812e-01
2.322874069213867188e-01
2.342391014099121094e-01
2.879924774169921875e-01
2.353472709655761719e-01
2.308197021484375000e-01
2.363014221191406250e-01
2.386329174041748047e-01
2.348625659942626953e-01
2.348966598510742188e-01
2.333798408508300781e-01
2.923541069030761719e-01
2.329282760620117188e-01
2.332630157470703125e-01
2.405710220336914062e-01
2.316052913665771484e-01
2.360849380493164062e-01
2.357397079467773438e-01
2.352569103240966797e-01
2.337603569030761719e-01
2.343339920043945312e-01
2.333731651306152344e-01
2.347652912139892578e-01
3.014419078826904297e-01
2.354650497436523438e-01
2.349514961242675781e-01
3.449530601501464844e-01
2.349717617034912109e-01
2.331235408782958984e-01
2.347033023834228516e-01
3.055367469787597656e-01
2.386612892150878906e-01
2.336843013763427734e-01
2.359857559204101562e-01
2.355163097381591797e-01
