3.563255310058593750e+00
1.867345571517944336e+00
1.898239135742187500e+00
1.874910831451416016e+00
1.935982942581176758e+00
1.897565126419067383e+00
1.880118846893310547e+00
1.879445552825927734e+00
1.898787975311279297e+00
1.915116310119628906e+00
1.995029687881469727e+00
1.819554090499877930e+00
1.819576501846313477e+00
1.820806741714477539e+00
1.821624755859375000e+00
1.840126514434814453e+00
1.925607442855834961e+00
1.949122667312622070e+00
1.895066976547241211e+00
1.931220054626464844e+00
1.944780111312866211e+00
1.954935550689697266e+00
1.909122467041015625e+00
1.922811985015869141e+00
1.914931535720825195e+00
1.937752723693847656e+00
1.930456638336181641e+00
1.919416189193725586e+00
1.943502664566040039e+00
1.925809383392333984e+00
1.924005270004272461e+00
1.916924238204956055e+00
1.902513980865478516e+00
1.919993638992309570e+00
1.935240268707275391e+00
1.940388202667236328e+00
1.924273014068603516e+00
1.922894001007080078e+00
1.915310621261596680e+00
1.931710243225097656e+00
1.991645574569702148e+00
1.941516399383544922e+00
2.009834051132202148e+00
1.939504623413085938e+00
1.945848226547241211e+00
1.974312782287597656e+00
1.948175430297851562e+00
1.914242506027221680e+00
1.972394943237304688e+00
1.960427761077880859e+00
1.957395553588867188e+00
1.917802333831787109e+00
1.941966056823730469e+00
1.936513662338256836e+00
1.949887990951538086e+00
1.955660820007324219e+00
1.939083814620971680e+00
1.938646793365478516e+00
1.946022272109985352e+00
1.963884830474853516e+00
1.948889017105102539e+00
1.940275669097900391e+00
1.944345712661743164e+00
1.952617406845092773e+00
1.963806629180908203e+00
1.947833538055419922e+00
1.947364330291748047e+00
1.956142187118530273e+00
1.965917825698852539e+00
1.933698415756225586e+00
1.937142610549926758e+00
1.917552947998046875e+00
1.859755992889404297e+00
1.917238235473632812e+00
2.044085025787353516e+00
2.014674663543701172e+00
1.960417509078979492e+00
1.949942111968994141e+00
1.957517862319946289e+00
1.945320129394531250e+00
1.953686714172363281e+00
1.910434007644653320e+00
1.940774679183959961e+00
1.892689466476440430e+00
1.973281621932983398e+00
1.958435297012329102e+00
1.968085765838623047e+00
1.953804492950439453e+00
1.966854095458984375e+00
1.955855607986450195e+00
1.981863021850585938e+00
2.048243522644042969e+00
2.006793260574340820e+00
1.946817636489868164e+00
1.947078943252563477e+00
1.954338788986206055e+00
1.963220596313476562e+00
1.955469131469726562e+00
1.981947660446166992e+00
1.972946166992187500e+00
2.038980484008789062e+00
1.964302062988281250e+00
1.942445039749145508e+00
1.969834804534912109e+00
1.941673040390014648e+00
1.961851596832275391e+00
1.975431919097900391e+00
1.965120315551757812e+00
1.945975780487060547e+00
1.953797578811645508e+00
1.965395689010620117e+00
1.974289178848266602e+00
1.976729154586791992e+00
2.005689620971679688e+00
1.968991279602050781e+00
1.986235618591308594e+00
2.002260923385620117e+00
1.996440172195434570e+00
1.888022422790527344e+00
2.151173114776611328e+00
1.959151029586791992e+00
1.979502439498901367e+00
1.985234022140502930e+00
1.959752321243286133e+00
1.944927453994750977e+00
1.986919164657592773e+00
1.998898983001708984e+00
1.980495214462280273e+00
1.964857816696166992e+00
1.887030363082885742e+00
1.877693414688110352e+00
1.977499246597290039e+00
1.960997819900512695e+00
2.072358131408691406e+00
1.963515996932983398e+00
1.928292036056518555e+00
2.013170003890991211e+00
2.055042982101440430e+00
1.972862482070922852e+00
1.957074642181396484e+00
1.980693101882934570e+00
2.050159215927124023e+00
1.927016973495483398e+00
2.019047498703002930e+00
1.946270465850830078e+00
2.000937223434448242e+00
1.976886272430419922e+00
1.977197647094726562e+00
1.967196464538574219e+00
1.979693651199340820e+00
2.057899713516235352e+00
1.971235752105712891e+00
1.955846786499023438e+00
1.983679294586181641e+00
2.019990682601928711e+00
2.000819206237792969e+00
2.087930679321289062e+00
2.005330324172973633e+00
1.999591112136840820e+00
1.992167234420776367e+00
1.990692615509033203e+00
1.994364261627197266e+00
1.999242305755615234e+00
1.982878446578979492e+00
1.942764282226562500e+00
2.058392763137817383e+00
1.967871665954589844e+00
1.965980052947998047e+00
1.906322479248046875e+00
1.979042291641235352e+00
1.964600563049316406e+00
1.960518598556518555e+00
1.928490638732910156e+00
1.914754629135131836e+00
1.938721179962158203e+00
2.025233507156372070e+00
1.954151868820190430e+00
1.969041347503662109e+00
1.992616176605224609e+00
2.015515565872192383e+00
1.958248376846313477e+00
1.992738485336303711e+00
1.963747501373291016e+00
1.967814445495605469e+00
2.022320985794067383e+00
1.888785123825073242e+00
1.887233972549438477e+00
1.954096794128417969e+00
1.900615930557250977e+00
1.935066938400268555e+00
1.952266693115234375e+00
1.999737977981567383e+00
1.948747396469116211e+00
1.950840711593627930e+00
2.049990177154541016e+00
1.978421449661254883e+00
2.059758663177490234e+00
2.010268688201904297e+00
2.196219921112060547e+00
1.969290256500244141e+00
