3.555166244506835938e+00
1.902579307556152344e+00
1.928216218948364258e+00
1.916591405868530273e+00
1.980931520462036133e+00
1.928492069244384766e+00
1.911185026168823242e+00
1.920195341110229492e+00
1.819855213165283203e+00
1.893392801284790039e+00
1.902570247650146484e+00
1.894420862197875977e+00
1.915939569473266602e+00
1.902850627899169922e+00
1.913284301757812500e+00
1.899193286895751953e+00
1.865911483764648438e+00
1.957906007766723633e+00
1.928810596466064453e+00
1.890228033065795898e+00
1.892473459243774414e+00
1.896159648895263672e+00
1.815397739410400391e+00
1.821233749389648438e+00
1.844966411590576172e+00
1.817018508911132812e+00
2.001526594161987305e+00
1.990713596343994141e+00
2.028117895126342773e+00
1.933665990829467773e+00
1.856637954711914062e+00
1.842604875564575195e+00
1.939103603363037109e+00
1.972800493240356445e+00
1.943516969680786133e+00
1.896286964416503906e+00
1.941665649414062500e+00
1.939844846725463867e+00
1.940313339233398438e+00
1.937387466430664062e+00
1.925965070724487305e+00
1.942852497100830078e+00
1.946542739868164062e+00
1.940784454345703125e+00
1.933487653732299805e+00
1.947037935256958008e+00
1.947290658950805664e+00
1.941480398178100586e+00
1.935652256011962891e+00
1.946375608444213867e+00
1.950197696685791016e+00
1.906154632568359375e+00
1.956894874572753906e+00
1.831439971923828125e+00
1.848706722259521484e+00
1.998766660690307617e+00
1.862886667251586914e+00
1.835178375244140625e+00
1.860778570175170898e+00
1.860497236251831055e+00
1.835952520370483398e+00
1.836661100387573242e+00
1.834154605865478516e+00
1.945092201232910156e+00
1.942144155502319336e+00
1.955948829650878906e+00
1.953671932220458984e+00
1.988464832305908203e+00
1.959522962570190430e+00
1.839416980743408203e+00
1.842123508453369141e+00
1.970786809921264648e+00
1.934369802474975586e+00
1.934981822967529297e+00
1.976305484771728516e+00
1.945245504379272461e+00
1.961652278900146484e+00
1.924721479415893555e+00
1.875654697418212891e+00
2.183968305587768555e+00
1.932601213455200195e+00
2.008121967315673828e+00
1.960370302200317383e+00
1.988892555236816406e+00
1.909941196441650391e+00
1.962429523468017578e+00
1.995587348937988281e+00
2.012477159500122070e+00
1.981683731079101562e+00
1.940519571304321289e+00
1.942823410034179688e+00
1.971024036407470703e+00
1.945853710174560547e+00
1.930694341659545898e+00
1.945508718490600586e+00
2.009151697158813477e+00
1.980285882949829102e+00
1.970336675643920898e+00
2.073823928833007812e+00
1.899106502532958984e+00
1.977075576782226562e+00
1.969558954238891602e+00
1.936251878738403320e+00
1.860968351364135742e+00
1.976841688156127930e+00
1.996037006378173828e+00
1.943712472915649414e+00
1.924637794494628906e+00
1.953269958496093750e+00
1.943795919418334961e+00
1.926158189773559570e+00
1.940193176269531250e+00
1.930200576782226562e+00
2.192077636718750000e+00
1.946427822113037109e+00
1.964348316192626953e+00
1.925770044326782227e+00
2.001644372940063477e+00
1.993082523345947266e+00
2.109835624694824219e+00
1.896528482437133789e+00
2.005420207977294922e+00
1.862231731414794922e+00
1.896537542343139648e+00
1.938598394393920898e+00
1.924840211868286133e+00
1.924079179763793945e+00
1.943780660629272461e+00
2.022104978561401367e+00
1.941987991333007812e+00
1.955004215240478516e+00
2.035430669784545898e+00
1.942120552062988281e+00
1.932495832443237305e+00
1.967823505401611328e+00
1.917347669601440430e+00
1.932136297225952148e+00
1.946519136428833008e+00
1.922991514205932617e+00
1.964000225067138672e+00
1.934398889541625977e+00
1.952012777328491211e+00
1.939565420150756836e+00
2.010765552520751953e+00
1.920068264007568359e+00
1.945106983184814453e+00
1.957412004470825195e+00
1.945101737976074219e+00
1.951209068298339844e+00
1.948507070541381836e+00
1.940656185150146484e+00
1.943269252777099609e+00
1.937419652938842773e+00
2.202680826187133789e+00
1.874953985214233398e+00
2.014316797256469727e+00
2.043527841567993164e+00
1.953751564025878906e+00
2.000456809997558594e+00
1.939188718795776367e+00
1.935852050781250000e+00
1.966062545776367188e+00
1.929812669754028320e+00
1.999406814575195312e+00
1.950854301452636719e+00
1.957738399505615234e+00
1.945549726486206055e+00
1.946672677993774414e+00
1.953241348266601562e+00
1.888285636901855469e+00
1.893109321594238281e+00
1.919810295104980469e+00
1.991196870803833008e+00
1.963659524917602539e+00
1.965400695800781250e+00
1.946577787399291992e+00
1.951647043228149414e+00
1.925863027572631836e+00
1.929572582244873047e+00
1.953772068023681641e+00
1.938428878784179688e+00
1.944233894348144531e+00
1.946103572845458984e+00
2.002204179763793945e+00
1.955413579940795898e+00
1.960251331329345703e+00
1.957963466644287109e+00
1.983316421508789062e+00
1.954900026321411133e+00
1.947279691696166992e+00
1.955854892730712891e+00
1.947666406631469727e+00
1.952535629272460938e+00
1.951301336288452148e+00
2.006340265274047852e+00
1.960640907287597656e+00
1.944758892059326172e+00
1.935242652893066406e+00
1.916336536407470703e+00
1.948915004730224609e+00
