2.001592397689819336e+00
3.859403133392333984e-01
3.729035854339599609e-01
3.732583522796630859e-01
3.787860870361328125e-01
4.114551544189453125e-01
3.757953643798828125e-01
3.746504783630371094e-01
3.751759529113769531e-01
3.728027343750000000e-01
3.878676891326904297e-01
4.141058921813964844e-01
3.731832504272460938e-01
3.739004135131835938e-01
3.764343261718750000e-01
3.739869594573974609e-01
3.749141693115234375e-01
3.766243457794189453e-01
3.751757144927978516e-01
3.831038475036621094e-01
4.196989536285400391e-01
3.758878707885742188e-01
3.895874023437500000e-01
4.111311435699462891e-01
3.830323219299316406e-01
3.751418590545654297e-01
3.876731395721435547e-01
3.778276443481445312e-01
4.207043647766113281e-01
4.180657863616943359e-01
4.138951301574707031e-01
3.791868686676025391e-01
4.554002285003662109e-01
3.786368370056152344e-01
3.768959045410156250e-01
3.775684833526611328e-01
4.171366691589355469e-01
3.814952373504638672e-01
3.789248466491699219e-01
3.774802684783935547e-01
3.817274570465087891e-01
3.814799785614013672e-01
3.769798278808593750e-01
3.761632442474365234e-01
3.881742954254150391e-01
3.815996646881103516e-01
3.785388469696044922e-01
3.801245689392089844e-01
3.794863224029541016e-01
3.796319961547851562e-01
3.798344135284423828e-01
3.790433406829833984e-01
4.157824516296386719e-01
3.786456584930419922e-01
3.778810501098632812e-01
3.857414722442626953e-01
3.777623176574707031e-01
3.902719020843505859e-01
3.782925605773925781e-01
3.789672851562500000e-01
4.146072864532470703e-01
4.559566974639892578e-01
3.817934989929199219e-01
3.786029815673828125e-01
3.792321681976318359e-01
3.776533603668212891e-01
3.822376728057861328e-01
3.804986476898193359e-01
3.775513172149658203e-01
4.083740711212158203e-01
3.784751892089843750e-01
3.866364955902099609e-01
3.798530101776123047e-01
3.806154727935791016e-01
3.791792392730712891e-01
4.182047843933105469e-01
4.221539497375488281e-01
3.790302276611328125e-01
3.794589042663574219e-01
4.154884815216064453e-01
3.826935291290283203e-01
4.176564216613769531e-01
4.190583229064941406e-01
3.796973228454589844e-01
3.855035305023193359e-01
3.806457519531250000e-01
3.809249401092529297e-01
3.882498741149902344e-01
4.189591407775878906e-01
3.853077888488769531e-01
4.259624481201171875e-01
3.823387622833251953e-01
3.813967704772949219e-01
3.817782402038574219e-01
4.220221042633056641e-01
3.802535533905029297e-01
3.810281753540039062e-01
3.884758949279785156e-01
3.837151527404785156e-01
3.833281993865966797e-01
3.802187442779541016e-01
3.813879489898681641e-01
3.880293369293212891e-01
3.813173770904541016e-01
3.871920108795166016e-01
3.815360069274902344e-01
3.827691078186035156e-01
3.800168037414550781e-01
3.877549171447753906e-01
3.772559165954589844e-01
3.936226367950439453e-01
3.798973560333251953e-01
3.823776245117187500e-01
4.160423278808593750e-01
3.807623386383056641e-01
3.834049701690673828e-01
4.138164520263671875e-01
4.240310192108154297e-01
3.835937976837158203e-01
4.222357273101806641e-01
3.905444145202636719e-01
3.826577663421630859e-01
3.822617530822753906e-01
3.885226249694824219e-01
3.833653926849365234e-01
3.812379837036132812e-01
3.823442459106445312e-01
3.878204822540283203e-01
4.218857288360595703e-01
4.216465950012207031e-01
4.224143028259277344e-01
3.834064006805419922e-01
3.833796977996826172e-01
3.877751827239990234e-01
3.940596580505371094e-01
3.816339969635009766e-01
3.987386226654052734e-01
3.845736980438232422e-01
3.859953880310058594e-01
3.841383457183837891e-01
3.835124969482421875e-01
3.907599449157714844e-01
4.264426231384277344e-01
3.841855525970458984e-01
3.835952281951904297e-01
3.843092918395996094e-01
4.160706996917724609e-01
4.224674701690673828e-01
3.939437866210937500e-01
3.850648403167724609e-01
3.855929374694824219e-01
3.845756053924560547e-01
3.828477859497070312e-01
3.853576183319091797e-01
3.870842456817626953e-01
3.856008052825927734e-01
3.937687873840332031e-01
4.221889972686767578e-01
4.621350765228271484e-01
3.913168907165527344e-01
3.870260715484619141e-01
3.855085372924804688e-01
3.889875411987304688e-01
4.279806613922119141e-01
3.857595920562744141e-01
3.848202228546142578e-01
3.831810951232910156e-01
3.995120525360107422e-01
3.863124847412109375e-01
3.826341629028320312e-01
3.832259178161621094e-01
3.826460838317871094e-01
3.817460536956787109e-01
3.897559642791748047e-01
3.939261436462402344e-01
3.846039772033691406e-01
3.870177268981933594e-01
3.835220336914062500e-01
3.836290836334228516e-01
3.831744194030761719e-01
3.858895301818847656e-01
4.151692390441894531e-01
3.833382129669189453e-01
3.861694335937500000e-01
3.879811763763427734e-01
3.851168155670166016e-01
3.827121257781982422e-01
4.246001243591308594e-01
4.502363204956054688e-01
3.859860897064208984e-01
3.839564323425292969e-01
3.829679489135742188e-01
3.920407295227050781e-01
3.846435546875000000e-01
3.926548957824707031e-01
3.831071853637695312e-01
3.847522735595703125e-01
4.151918888092041016e-01
3.894212245941162109e-01
3.878579139709472656e-01
