7.596139907836914062e-01
7.219574451446533203e-01
7.028889656066894531e-01
7.871904373168945312e-01
7.105987071990966797e-01
7.015855312347412109e-01
7.130677700042724609e-01
7.016530036926269531e-01
6.975290775299072266e-01
7.913823127746582031e-01
7.189064025878906250e-01
7.014973163604736328e-01
6.984286308288574219e-01
6.997587680816650391e-01
6.811456680297851562e-01
6.943969726562500000e-01
7.092058658599853516e-01
7.061641216278076172e-01
6.972942352294921875e-01
6.935517787933349609e-01
6.873834133148193359e-01
6.986300945281982422e-01
6.937284469604492188e-01
7.047822475433349609e-01
6.847739219665527344e-01
7.014112472534179688e-01
7.012398242950439453e-01
6.987209320068359375e-01
6.978719234466552734e-01
7.034204006195068359e-01
7.986960411071777344e-01
7.098944187164306641e-01
6.994869709014892578e-01
7.118434906005859375e-01
6.933445930480957031e-01
6.971948146820068359e-01
7.013418674468994141e-01
7.105321884155273438e-01
6.939148902893066406e-01
6.981573104858398438e-01
7.036678791046142578e-01
6.930181980133056641e-01
6.945700645446777344e-01
6.963148117065429688e-01
7.047612667083740234e-01
7.027337551116943359e-01
6.942977905273437500e-01
6.941277980804443359e-01
7.009723186492919922e-01
7.009994983673095703e-01
7.168030738830566406e-01
6.952683925628662109e-01
6.972763538360595703e-01
6.985967159271240234e-01
6.908862590789794922e-01
6.992790699005126953e-01
6.986317634582519531e-01
7.842526435852050781e-01
7.088100910186767578e-01
7.115740776062011719e-01
6.957771778106689453e-01
6.951382160186767578e-01
6.889784336090087891e-01
7.091627120971679688e-01
7.004861831665039062e-01
7.020909786224365234e-01
6.912002563476562500e-01
7.079472541809082031e-01
7.957608699798583984e-01
7.021408081054687500e-01
6.938748359680175781e-01
7.073807716369628906e-01
7.119433879852294922e-01
7.015826702117919922e-01
7.007882595062255859e-01
7.027602195739746094e-01
7.011036872863769531e-01
6.996362209320068359e-01
7.895433902740478516e-01
6.976609230041503906e-01
7.074077129364013672e-01
7.067885398864746094e-01
7.063577175140380859e-01
6.992082595825195312e-01
6.998701095581054688e-01
6.906957626342773438e-01
6.982452869415283203e-01
7.010076045989990234e-01
8.093090057373046875e-01
6.988770961761474609e-01
7.038488388061523438e-01
6.974642276763916016e-01
7.007849216461181641e-01
7.020118236541748047e-01
7.030875682830810547e-01
6.940217018127441406e-01
6.916360855102539062e-01
7.056379318237304688e-01
7.895145416259765625e-01
7.089354991912841797e-01
6.947627067565917969e-01
6.983776092529296875e-01
7.006790637969970703e-01
7.047996520996093750e-01
6.946372985839843750e-01
6.903667449951171875e-01
6.937465667724609375e-01
6.961569786071777344e-01
7.932584285736083984e-01
6.926236152648925781e-01
6.963393688201904297e-01
6.943097114562988281e-01
6.990096569061279297e-01
6.986081600189208984e-01
7.035424709320068359e-01
7.044298648834228516e-01
7.012169361114501953e-01
6.995656490325927734e-01
7.890827655792236328e-01
7.044675350189208984e-01
7.002825736999511719e-01
7.006099224090576172e-01
6.959965229034423828e-01
6.990602016448974609e-01
7.075359821319580078e-01
6.962308883666992188e-01
6.962218284606933594e-01
6.946527957916259766e-01
7.919304370880126953e-01
7.042663097381591797e-01
7.102096080780029297e-01
7.049543857574462891e-01
7.052481174468994141e-01
7.023348808288574219e-01
7.156140804290771484e-01
7.132081985473632812e-01
6.981813907623291016e-01
7.036356925964355469e-01
7.124397754669189453e-01
7.013611793518066406e-01
6.901733875274658203e-01
7.053954601287841797e-01
7.038195133209228516e-01
6.975207328796386719e-01
6.993989944458007812e-01
7.048742771148681641e-01
7.073676586151123047e-01
6.971971988677978516e-01
6.965866088867187500e-01
6.982398033142089844e-01
7.058587074279785156e-01
7.011671066284179688e-01
6.991186141967773438e-01
6.956183910369873047e-01
7.035450935363769531e-01
7.999386787414550781e-01
6.938421726226806641e-01
6.960511207580566406e-01
6.983835697174072266e-01
6.903362274169921875e-01
6.973264217376708984e-01
6.894817352294921875e-01
7.059769630432128906e-01
6.998999118804931641e-01
7.069029808044433594e-01
6.955430507659912109e-01
6.859421730041503906e-01
7.958192825317382812e-01
6.989173889160156250e-01
6.966824531555175781e-01
7.010726928710937500e-01
6.957564353942871094e-01
7.061328887939453125e-01
6.984763145446777344e-01
7.052681446075439453e-01
7.100250720977783203e-01
6.950511932373046875e-01
6.975107192993164062e-01
6.995675563812255859e-01
6.905467510223388672e-01
6.991381645202636719e-01
6.974048614501953125e-01
6.946654319763183594e-01
6.966502666473388672e-01
7.920343875885009766e-01
7.090678215026855469e-01
6.974022388458251953e-01
6.978700160980224609e-01
7.077219486236572266e-01
7.884976863861083984e-01
7.107691764831542969e-01
6.949114799499511719e-01
6.971981525421142578e-01
7.003359794616699219e-01
7.023868560791015625e-01
7.936427593231201172e-01
7.049264907836914062e-01
7.003350257873535156e-01
6.952824592590332031e-01
6.981647014617919922e-01
