7.596085071563720703e-01
7.219569683074951172e-01
7.029042243957519531e-01
7.872107028961181641e-01
7.106034755706787109e-01
7.015917301177978516e-01
7.130827903747558594e-01
7.016358375549316406e-01
6.975398063659667969e-01
7.914059162139892578e-01
7.189049720764160156e-01
7.015168666839599609e-01
6.984486579895019531e-01
6.997654438018798828e-01
6.811380386352539062e-01
6.943957805633544922e-01
7.092113494873046875e-01
7.061729431152343750e-01
6.972994804382324219e-01
6.935732364654541016e-01
6.873908042907714844e-01
6.986336708068847656e-01
6.937108039855957031e-01
7.047765254974365234e-01
6.847708225250244141e-01
7.014169692993164062e-01
7.012412548065185547e-01
6.987514495849609375e-01
6.978812217712402344e-01
7.034265995025634766e-01
7.987020015716552734e-01
7.099041938781738281e-01
6.994938850402832031e-01
7.118375301361083984e-01
6.933491230010986328e-01
6.972122192382812500e-01
7.013313770294189453e-01
7.105069160461425781e-01
6.939129829406738281e-01
6.981647014617919922e-01
7.036700248718261719e-01
6.930062770843505859e-01
6.945598125457763672e-01
6.963093280792236328e-01
7.047581672668457031e-01
7.027237415313720703e-01
6.943151950836181641e-01
6.941206455230712891e-01
7.009747028350830078e-01
7.010071277618408203e-01
7.168018817901611328e-01
6.952497959136962891e-01
6.972894668579101562e-01
6.986026763916015625e-01
6.908898353576660156e-01
6.992735862731933594e-01
6.986408233642578125e-01
7.842500209808349609e-01
7.088072299957275391e-01
7.115616798400878906e-01
6.957826614379882812e-01
6.951558589935302734e-01
6.889960765838623047e-01
7.091715335845947266e-01
7.004778385162353516e-01
7.020976543426513672e-01
6.912071704864501953e-01
7.079446315765380859e-01
7.957594394683837891e-01
7.021586894989013672e-01
6.938648223876953125e-01
7.073795795440673828e-01
7.119510173797607422e-01
7.015705108642578125e-01
7.007875442504882812e-01
7.027797698974609375e-01
7.011024951934814453e-01
6.996445655822753906e-01
7.895340919494628906e-01
6.976680755615234375e-01
7.073976993560791016e-01
7.067935466766357422e-01
7.063639163970947266e-01
6.992113590240478516e-01
6.998655796051025391e-01
6.907024383544921875e-01
6.982500553131103516e-01
7.010154724121093750e-01
8.093123435974121094e-01
6.988720893859863281e-01
7.038400173187255859e-01
6.974661350250244141e-01
7.007758617401123047e-01
7.020311355590820312e-01
7.030882835388183594e-01
6.940186023712158203e-01
6.916325092315673828e-01
7.056431770324707031e-01
7.895033359527587891e-01
7.089221477508544922e-01
6.947672367095947266e-01
6.983840465545654297e-01
7.006857395172119141e-01
7.048077583312988281e-01
6.946322917938232422e-01
6.903712749481201172e-01
6.937453746795654297e-01
6.961560249328613281e-01
7.932755947113037109e-01
6.926255226135253906e-01
6.963367462158203125e-01
6.942989826202392578e-01
6.990041732788085938e-01
6.986038684844970703e-01
7.035448551177978516e-01
7.044188976287841797e-01
7.012028694152832031e-01
6.995608806610107422e-01
7.890765666961669922e-01
7.044613361358642578e-01
7.002882957458496094e-01
7.006168365478515625e-01
6.959919929504394531e-01
6.990578174591064453e-01
7.075192928314208984e-01
6.962251663208007812e-01
6.962211132049560547e-01
6.946735382080078125e-01
7.919473648071289062e-01
7.042710781097412109e-01
7.102105617523193359e-01
7.049596309661865234e-01
7.052428722381591797e-01
7.023389339447021484e-01
7.156107425689697266e-01
7.132055759429931641e-01
6.981875896453857422e-01
7.036180496215820312e-01
7.124423980712890625e-01
7.013578414916992188e-01
6.901657581329345703e-01
7.053792476654052734e-01
7.038159370422363281e-01
6.975252628326416016e-01
6.993920803070068359e-01
7.048783302307128906e-01
7.073743343353271484e-01
6.972026824951171875e-01
6.965765953063964844e-01
6.982235908508300781e-01
7.058622837066650391e-01
7.011659145355224609e-01
6.991231441497802734e-01
6.956152915954589844e-01
7.035334110260009766e-01
7.999334335327148438e-01
6.938250064849853516e-01
6.960704326629638672e-01
6.984019279479980469e-01
6.903307437896728516e-01
6.973309516906738281e-01
6.894841194152832031e-01
7.059979438781738281e-01
6.998820304870605469e-01
7.069098949432373047e-01
6.955497264862060547e-01
6.859529018402099609e-01
7.958273887634277344e-01
6.989059448242187500e-01
6.966874599456787109e-01
7.010776996612548828e-01
6.957497596740722656e-01
7.061369419097900391e-01
6.984732151031494141e-01
7.052741050720214844e-01
7.100288867950439453e-01
6.950328350067138672e-01
6.975212097167968750e-01
6.995732784271240234e-01
6.905496120452880859e-01
6.991298198699951172e-01
6.974112987518310547e-01
6.946830749511718750e-01
6.966555118560791016e-01
7.920305728912353516e-01
7.090635299682617188e-01
6.974217891693115234e-01
6.978893280029296875e-01
7.077288627624511719e-01
7.885022163391113281e-01
7.107625007629394531e-01
6.949179172515869141e-01
6.971936225891113281e-01
7.003405094146728516e-01
7.023894786834716797e-01
7.936449050903320312e-01
7.049334049224853516e-01
7.003536224365234375e-01
6.952867507934570312e-01
6.981616020202636719e-01
