7.596149444580078125e-01
7.219653129577636719e-01
7.028961181640625000e-01
7.871973514556884766e-01
7.106037139892578125e-01
7.015886306762695312e-01
7.130701541900634766e-01
7.016522884368896484e-01
6.975374221801757812e-01
7.913918495178222656e-01
7.189130783081054688e-01
7.015030384063720703e-01
6.984331607818603516e-01
6.997642517089843750e-01
6.811485290527343750e-01
6.944034099578857422e-01
7.092092037200927734e-01
7.061686515808105469e-01
6.972992420196533203e-01
6.935577392578125000e-01
6.873867511749267578e-01
6.986312866210937500e-01
6.937344074249267578e-01
7.047905921936035156e-01
6.847767829895019531e-01
7.014153003692626953e-01
7.012403011322021484e-01
6.987280845642089844e-01
6.978769302368164062e-01
7.034268379211425781e-01
7.986998558044433594e-01
7.099018096923828125e-01
6.994903087615966797e-01
7.118458747863769531e-01
6.933462619781494141e-01
6.971993446350097656e-01
7.013452053070068359e-01
7.105386257171630859e-01
6.939213275909423828e-01
6.981620788574218750e-01
7.036759853363037109e-01
6.930193901062011719e-01
6.945700645446777344e-01
6.963181495666503906e-01
7.047662734985351562e-01
7.027390003204345703e-01
6.943008899688720703e-01
6.941325664520263672e-01
7.009751796722412109e-01
7.010028362274169922e-01
7.168059349060058594e-01
6.952681541442871094e-01
6.972758769989013672e-01
6.986002922058105469e-01
6.908903121948242188e-01
6.992866992950439453e-01
6.986379623413085938e-01
7.842576503753662109e-01
7.088153362274169922e-01
7.115840911865234375e-01
6.957817077636718750e-01
6.951415538787841797e-01
6.889841556549072266e-01
7.091672420501708984e-01
7.004926204681396484e-01
7.020952701568603516e-01
6.912035942077636719e-01
7.079529762268066406e-01
7.957658767700195312e-01
7.021443843841552734e-01
6.938798427581787109e-01
7.073869705200195312e-01
7.119472026824951172e-01
7.015955448150634766e-01
7.007932662963867188e-01
7.027652263641357422e-01
7.011132240295410156e-01
6.996400356292724609e-01
7.895479202270507812e-01
6.976668834686279297e-01
7.074162960052490234e-01
7.067925930023193359e-01
7.063622474670410156e-01
6.992101669311523438e-01
6.998748779296875000e-01
6.907000541687011719e-01
6.982488632202148438e-01
7.010092735290527344e-01
8.093130588531494141e-01
6.988842487335205078e-01
7.038483619689941406e-01
6.974618434906005859e-01
7.007944583892822266e-01
7.020175457000732422e-01
7.030963897705078125e-01
6.940274238586425781e-01
6.916401386260986328e-01
7.056400775909423828e-01
7.895195484161376953e-01
7.089393138885498047e-01
6.947662830352783203e-01
6.983830928802490234e-01
7.006828784942626953e-01
7.048039436340332031e-01
6.946451663970947266e-01
6.903703212738037109e-01
6.937556266784667969e-01
6.961629390716552734e-01
7.932608127593994141e-01
6.926250457763671875e-01
6.963448524475097656e-01
6.943109035491943359e-01
6.990127563476562500e-01
6.986138820648193359e-01
7.035479545593261719e-01
7.044358253479003906e-01
7.012178897857666016e-01
6.995737552642822266e-01
7.890884876251220703e-01
7.044756412506103516e-01
7.002868652343750000e-01
7.006161212921142578e-01
6.960012912750244141e-01
6.990671157836914062e-01
7.075436115264892578e-01
6.962435245513916016e-01
6.962265968322753906e-01
6.946604251861572266e-01
7.919340133666992188e-01
7.042672634124755859e-01
7.102115154266357422e-01
7.049570083618164062e-01
7.052531242370605469e-01
7.023363113403320312e-01
7.156267166137695312e-01
7.132105827331542969e-01
6.981866359710693359e-01
7.036416530609130859e-01
7.124440670013427734e-01
7.013657093048095703e-01
6.901748180389404297e-01
7.054007053375244141e-01
7.038257122039794922e-01
6.975247859954833984e-01
6.994025707244873047e-01
7.048754692077636719e-01
7.073705196380615234e-01
6.972010135650634766e-01
6.965863704681396484e-01
6.982493400573730469e-01
7.058629989624023438e-01
7.011737823486328125e-01
6.991212368011474609e-01
6.956236362457275391e-01
7.035510540008544922e-01
7.999451160430908203e-01
6.938455104827880859e-01
6.960558891296386719e-01
6.983873844146728516e-01
6.903374195098876953e-01
6.973316669464111328e-01
6.894841194152832031e-01
7.059881687164306641e-01
6.999058723449707031e-01
7.069115638732910156e-01
6.955499649047851562e-01
6.859495639801025391e-01
7.958233356475830078e-01
6.989214420318603516e-01
6.966862678527832031e-01
7.010743618011474609e-01
6.957626342773437500e-01
7.061378955841064453e-01
6.984806060791015625e-01
7.052724361419677734e-01
7.100284099578857422e-01
6.950552463531494141e-01
6.975207328796386719e-01
6.995725631713867188e-01
6.905500888824462891e-01
6.991477012634277344e-01
6.974060535430908203e-01
6.946699619293212891e-01
6.966550350189208984e-01
7.920386791229248047e-01
7.090725898742675781e-01
6.974070072174072266e-01
6.978743076324462891e-01
7.077288627624511719e-01
7.884995937347412109e-01
7.107763290405273438e-01
6.949150562286376953e-01
6.972024440765380859e-01
7.003386020660400391e-01
7.023921012878417969e-01
7.936437129974365234e-01
7.049279212951660156e-01
7.003395557403564453e-01
6.952857971191406250e-01
6.981670856475830078e-01
