2.071403741836547852e+00
3.732006549835205078e-01
3.734288215637207031e-01
3.754687309265136719e-01
3.786351680755615234e-01
3.756196498870849609e-01
4.225180149078369141e-01
4.144065380096435547e-01
4.095826148986816406e-01
3.796849250793457031e-01
3.767645359039306641e-01
3.771080970764160156e-01
3.791346549987792969e-01
3.780634403228759766e-01
3.794002532958984375e-01
3.779747486114501953e-01
3.818325996398925781e-01
3.792960643768310547e-01
4.180433750152587891e-01
3.791236877441406250e-01
3.792572021484375000e-01
3.809180259704589844e-01
3.812742233276367188e-01
3.785676956176757812e-01
3.783524036407470703e-01
4.092562198638916016e-01
3.804893493652343750e-01
3.801777362823486328e-01
3.791558742523193359e-01
3.791632652282714844e-01
3.800928592681884766e-01
3.788449764251708984e-01
3.818609714508056641e-01
3.808476924896240234e-01
3.781559467315673828e-01
3.797936439514160156e-01
3.802657127380371094e-01
3.811480998992919922e-01
4.125525951385498047e-01
3.795065879821777344e-01
3.805861473083496094e-01
3.811697959899902344e-01
3.801572322845458984e-01
3.812909126281738281e-01
4.548711776733398438e-01
3.834316730499267578e-01
3.809280395507812500e-01
3.833153247833251953e-01
4.036903381347656250e-01
3.826739788055419922e-01
3.950672149658203125e-01
3.791372776031494141e-01
4.119231700897216797e-01
3.827555179595947266e-01
3.826172351837158203e-01
3.819525241851806641e-01
3.808395862579345703e-01
3.815155029296875000e-01
3.821783065795898438e-01
3.808197975158691406e-01
3.829770088195800781e-01
3.799691200256347656e-01
3.818705081939697266e-01
3.806967735290527344e-01
3.820750713348388672e-01
3.832869529724121094e-01
3.796606063842773438e-01
3.818678855895996094e-01
3.846452236175537109e-01
3.848938941955566406e-01
3.958952426910400391e-01
3.826236724853515625e-01
3.862800598144531250e-01
3.831763267517089844e-01
3.874535560607910156e-01
3.843247890472412109e-01
3.989708423614501953e-01
4.005825519561767578e-01
4.169330596923828125e-01
3.810439109802246094e-01
3.844537734985351562e-01
3.853082656860351562e-01
3.874530792236328125e-01
3.834054470062255859e-01
3.843660354614257812e-01
3.846230506896972656e-01
3.855624198913574219e-01
4.219601154327392578e-01
3.860616683959960938e-01
3.851301670074462891e-01
4.212810993194580078e-01
4.596514701843261719e-01
4.160516262054443359e-01
4.466109275817871094e-01
3.856532573699951172e-01
3.852241039276123047e-01
3.857643604278564453e-01
4.150519371032714844e-01
3.842616081237792969e-01
3.852088451385498047e-01
4.599366188049316406e-01
3.845815658569335938e-01
3.849520683288574219e-01
3.856394290924072266e-01
3.878316879272460938e-01
3.850004673004150391e-01
3.851256370544433594e-01
3.842194080352783203e-01
3.855955600738525391e-01
3.835802078247070312e-01
3.872048854827880859e-01
4.151639938354492188e-01
3.857274055480957031e-01
3.897926807403564453e-01
3.859729766845703125e-01
3.991718292236328125e-01
3.981041908264160156e-01
3.869528770446777344e-01
4.081389904022216797e-01
3.907854557037353516e-01
3.862483501434326172e-01
3.878681659698486328e-01
3.867406845092773438e-01
4.049470424652099609e-01
3.858349323272705078e-01
3.876676559448242188e-01
3.867044448852539062e-01
4.026255607604980469e-01
3.849935531616210938e-01
3.925921916961669922e-01
4.183378219604492188e-01
4.004447460174560547e-01
3.886730670928955078e-01
3.928008079528808594e-01
4.226462841033935547e-01
3.870334625244140625e-01
3.921792507171630859e-01
3.856000900268554688e-01
3.965907096862792969e-01
3.926846981048583984e-01
3.917357921600341797e-01
4.183435440063476562e-01
3.867919445037841797e-01
3.883774280548095703e-01
3.986201286315917969e-01
4.374008178710937500e-01
3.909454345703125000e-01
3.874139785766601562e-01
3.982896804809570312e-01
4.180815219879150391e-01
3.877632617950439453e-01
4.257042407989501953e-01
3.888313770294189453e-01
3.857138156890869141e-01
3.858273029327392578e-01
3.889844417572021484e-01
3.870100975036621094e-01
4.184076786041259766e-01
3.913011550903320312e-01
4.243295192718505859e-01
3.897833824157714844e-01
3.894507884979248047e-01
3.914148807525634766e-01
3.898391723632812500e-01
3.956582546234130859e-01
3.892486095428466797e-01
3.989477157592773438e-01
4.106173515319824219e-01
3.882734775543212891e-01
3.894648551940917969e-01
4.007532596588134766e-01
3.870997428894042969e-01
4.259769916534423828e-01
3.881523609161376953e-01
3.946087360382080078e-01
3.952734470367431641e-01
4.016623497009277344e-01
4.622962474822998047e-01
3.856847286224365234e-01
3.878033161163330078e-01
3.891274929046630859e-01
3.868503570556640625e-01
3.859369754791259766e-01
3.962931632995605469e-01
3.903987407684326172e-01
3.902564048767089844e-01
3.905181884765625000e-01
3.966150283813476562e-01
3.995630741119384766e-01
3.919949531555175781e-01
4.003007411956787109e-01
3.878526687622070312e-01
3.892316818237304688e-01
3.880026340484619141e-01
3.973946571350097656e-01
3.857607841491699219e-01
3.899095058441162109e-01
4.006636142730712891e-01
3.914043903350830078e-01
3.910899162292480469e-01
