2.015754938125610352e+00
3.748164176940917969e-01
3.808403015136718750e-01
3.762745857238769531e-01
3.766274452209472656e-01
3.783814907073974609e-01
3.758893013000488281e-01
3.796188831329345703e-01
3.794367313385009766e-01
3.815672397613525391e-01
3.794045448303222656e-01
3.778407573699951172e-01
3.810851573944091797e-01
3.810644149780273438e-01
3.795549869537353516e-01
4.080810546875000000e-01
4.556224346160888672e-01
3.767147064208984375e-01
3.798518180847167969e-01
4.559319019317626953e-01
4.099519252777099609e-01
4.581141471862792969e-01
3.816552162170410156e-01
3.793752193450927734e-01
3.792097568511962891e-01
3.817071914672851562e-01
3.814821243286132812e-01
3.805403709411621094e-01
3.830888271331787109e-01
4.156692028045654297e-01
3.808495998382568359e-01
3.817322254180908203e-01
3.805348873138427734e-01
3.805336952209472656e-01
3.791685104370117188e-01
4.194931983947753906e-01
4.161286354064941406e-01
3.804686069488525391e-01
4.309864044189453125e-01
3.809807300567626953e-01
4.103343486785888672e-01
3.806545734405517578e-01
3.826377391815185547e-01
3.845183849334716797e-01
3.819558620452880859e-01
3.828279972076416016e-01
3.835527896881103516e-01
3.820223808288574219e-01
4.321599006652832031e-01
3.877930641174316406e-01
3.808329105377197266e-01
3.807530403137207031e-01
3.825821876525878906e-01
3.815376758575439453e-01
3.835723400115966797e-01
4.207832813262939453e-01
3.834238052368164062e-01
3.817222118377685547e-01
3.821239471435546875e-01
3.816223144531250000e-01
3.839089870452880859e-01
3.808858394622802734e-01
3.818092346191406250e-01
4.188308715820312500e-01
3.834338188171386719e-01
3.813002109527587891e-01
3.822634220123291016e-01
3.831672668457031250e-01
3.853831291198730469e-01
3.839688301086425781e-01
3.837203979492187500e-01
3.852722644805908203e-01
4.206006526947021484e-01
4.283139705657958984e-01
3.853967189788818359e-01
3.912618160247802734e-01
4.242129325866699219e-01
3.827908039093017578e-01
3.842535018920898438e-01
3.837096691131591797e-01
3.846807479858398438e-01
3.826282024383544922e-01
3.840939998626708984e-01
4.132378101348876953e-01
3.859510421752929688e-01
3.822700977325439453e-01
3.885166645050048828e-01
3.848392963409423828e-01
3.858966827392578125e-01
4.161159992218017578e-01
3.868050575256347656e-01
3.853642940521240234e-01
3.869881629943847656e-01
3.839991092681884766e-01
3.864192962646484375e-01
3.869390487670898438e-01
3.869292736053466797e-01
3.861258029937744141e-01
3.848700523376464844e-01
3.930723667144775391e-01
3.882429599761962891e-01
3.856019973754882812e-01
3.864896297454833984e-01
4.341042041778564453e-01
4.268445968627929688e-01
4.232337474822998047e-01
3.833489418029785156e-01
3.953857421875000000e-01
4.172649383544921875e-01
3.842914104461669922e-01
3.834390640258789062e-01
3.977403640747070312e-01
4.256515502929687500e-01
3.884077072143554688e-01
3.852431774139404297e-01
3.886294364929199219e-01
3.870129585266113281e-01
3.869054317474365234e-01
3.866145610809326172e-01
4.208900928497314453e-01
3.896815776824951172e-01
3.892779350280761719e-01
4.232699871063232422e-01
3.871932029724121094e-01
3.840391635894775391e-01
3.908789157867431641e-01
3.831391334533691406e-01
4.256396293640136719e-01
3.851523399353027344e-01
3.882689476013183594e-01
3.862917423248291016e-01
4.298901557922363281e-01
3.858046531677246094e-01
4.265465736389160156e-01
3.979470729827880859e-01
3.862850666046142578e-01
4.169754981994628906e-01
3.884856700897216797e-01
4.283080101013183594e-01
4.162466526031494141e-01
3.849635124206542969e-01
3.871958255767822266e-01
3.863136768341064453e-01
3.846378326416015625e-01
3.862755298614501953e-01
3.836529254913330078e-01
3.875811100006103516e-01
3.967382907867431641e-01
4.383442401885986328e-01
3.857398033142089844e-01
3.893907070159912109e-01
3.868169784545898438e-01
3.871061801910400391e-01
3.885052204132080078e-01
3.858892917633056641e-01
3.863329887390136719e-01
4.227735996246337891e-01
3.882393836975097656e-01
3.964469432830810547e-01
3.868772983551025391e-01
3.899896144866943359e-01
3.931639194488525391e-01
4.248292446136474609e-01
3.879342079162597656e-01
3.869020938873291016e-01
3.862218856811523438e-01
3.878188133239746094e-01
4.441270828247070312e-01
4.677491188049316406e-01
3.895931243896484375e-01
3.874018192291259766e-01
3.902187347412109375e-01
3.880646228790283203e-01
4.344744682312011719e-01
4.413623809814453125e-01
3.892703056335449219e-01
3.947758674621582031e-01
3.890259265899658203e-01
3.887069225311279297e-01
3.861327171325683594e-01
4.357087612152099609e-01
4.061686992645263672e-01
3.883593082427978516e-01
3.874959945678710938e-01
3.855738639831542969e-01
3.863427639007568359e-01
4.305260181427001953e-01
3.879191875457763672e-01
3.984279632568359375e-01
3.906285762786865234e-01
3.975224494934082031e-01
4.156057834625244141e-01
4.301598072052001953e-01
3.920707702636718750e-01
3.868117332458496094e-01
3.946425914764404297e-01
4.646301269531250000e-01
3.887510299682617188e-01
4.262497425079345703e-01
3.918216228485107422e-01
