7.596123218536376953e-01
7.219667434692382812e-01
7.029001712799072266e-01
7.871992588043212891e-01
7.106027603149414062e-01
7.015895843505859375e-01
7.130670547485351562e-01
7.016570568084716797e-01
6.975357532501220703e-01
7.913897037506103516e-01
7.189102172851562500e-01
7.015006542205810547e-01
6.984357833862304688e-01
6.997652053833007812e-01
6.811473369598388672e-01
6.944010257720947266e-01
7.092106342315673828e-01
7.061686515808105469e-01
6.972942352294921875e-01
6.935567855834960938e-01
6.873888969421386719e-01
6.986291408538818359e-01
6.937320232391357422e-01
7.047910690307617188e-01
6.847789287567138672e-01
7.014148235321044922e-01
7.012391090393066406e-01
6.987292766571044922e-01
6.978793144226074219e-01
7.034261226654052734e-01
7.986979484558105469e-01
7.098991870880126953e-01
6.994869709014892578e-01
7.118434906005859375e-01
6.933474540710449219e-01
6.971964836120605469e-01
7.013442516326904297e-01
7.105391025543212891e-01
6.939203739166259766e-01
6.981642246246337891e-01
7.036719322204589844e-01
6.930227279663085938e-01
6.945719718933105469e-01
6.963229179382324219e-01
7.047641277313232422e-01
7.027356624603271484e-01
6.943035125732421875e-01
6.941304206848144531e-01
7.009725570678710938e-01
7.010011672973632812e-01
7.168028354644775391e-01
6.952688694000244141e-01
6.972770690917968750e-01
6.986005306243896484e-01
6.908898353576660156e-01
6.992881298065185547e-01
6.986393928527832031e-01
7.842566967010498047e-01
7.088146209716796875e-01
7.115778923034667969e-01
6.957802772521972656e-01
6.951444149017333984e-01
6.889836788177490234e-01
7.091677188873291016e-01
7.004890441894531250e-01
7.020962238311767578e-01
6.912043094635009766e-01
7.079496383666992188e-01
7.957634925842285156e-01
7.021479606628417969e-01
6.938774585723876953e-01
7.073829174041748047e-01
7.119455337524414062e-01
7.015893459320068359e-01
7.007930278778076172e-01
7.027659416198730469e-01
7.011106014251708984e-01
6.996412277221679688e-01
7.895448207855224609e-01
6.976654529571533203e-01
7.074110507965087891e-01
7.067914009094238281e-01
7.063624858856201172e-01
6.992111206054687500e-01
6.998732089996337891e-01
6.907014846801757812e-01
6.982495784759521484e-01
7.010064125061035156e-01
8.093135356903076172e-01
6.988849639892578125e-01
7.038493156433105469e-01
6.974637508392333984e-01
7.007937431335449219e-01
7.020139694213867188e-01
7.030959129333496094e-01
6.940276622772216797e-01
6.916406154632568359e-01
7.056424617767333984e-01
7.895181179046630859e-01
7.089402675628662109e-01
6.947669982910156250e-01
6.983833312988281250e-01
7.006793022155761719e-01
7.048058509826660156e-01
6.946451663970947266e-01
6.903693675994873047e-01
6.937518119812011719e-01
6.961634159088134766e-01
7.932651042938232422e-01
6.926257610321044922e-01
6.963453292846679688e-01
6.943109035491943359e-01
6.990158557891845703e-01
6.986143589019775391e-01
7.035460472106933594e-01
7.044303417205810547e-01
7.012224197387695312e-01
6.995735168457031250e-01
7.890872955322265625e-01
7.044720649719238281e-01
7.002820968627929688e-01
7.006118297576904297e-01
6.959986686706542969e-01
6.990664005279541016e-01
7.075397968292236328e-01
6.962423324584960938e-01
6.962249279022216797e-01
6.946592330932617188e-01
7.919330596923828125e-01
7.042653560638427734e-01
7.102105617523193359e-01
7.049560546875000000e-01
7.052502632141113281e-01
7.023327350616455078e-01
7.156231403350830078e-01
7.132077217102050781e-01
6.981883049011230469e-01
7.036371231079101562e-01
7.124457359313964844e-01
7.013647556304931641e-01
6.901767253875732422e-01
7.053966522216796875e-01
7.038221359252929688e-01
6.975245475769042969e-01
6.994018554687500000e-01
7.048757076263427734e-01
7.073669433593750000e-01
6.972024440765380859e-01
6.965873241424560547e-01
6.982462406158447266e-01
7.058606147766113281e-01
7.011721134185791016e-01
6.991226673126220703e-01
6.956217288970947266e-01
7.035465240478515625e-01
7.999398708343505859e-01
6.938440799713134766e-01
6.960551738739013672e-01
6.983897686004638672e-01
6.903359889984130859e-01
6.973316669464111328e-01
6.894853115081787109e-01
7.059869766235351562e-01
6.999008655548095703e-01
7.069127559661865234e-01
6.955497264862060547e-01
6.859493255615234375e-01
7.958235740661621094e-01
6.989178657531738281e-01
6.966865062713623047e-01
7.010753154754638672e-01
6.957590579986572266e-01
7.061314582824707031e-01
6.984815597534179688e-01
7.052736282348632812e-01
7.100279331207275391e-01
6.950521469116210938e-01
6.975164413452148438e-01
6.995699405670166016e-01
6.905500888824462891e-01
6.991415023803710938e-01
6.974065303802490234e-01
6.946725845336914062e-01
6.966562271118164062e-01
7.920396327972412109e-01
7.090735435485839844e-01
6.974074840545654297e-01
6.978745460510253906e-01
7.077274322509765625e-01
7.884984016418457031e-01
7.107706069946289062e-01
6.949164867401123047e-01
6.972026824951171875e-01
7.003362178802490234e-01
7.023899555206298828e-01
7.936434745788574219e-01
7.049288749694824219e-01
7.003383636474609375e-01
6.952853202819824219e-01
6.981675624847412109e-01
