3.201394081115722656e+00
5.829648971557617188e-01
5.865445137023925781e-01
5.849392414093017578e-01
5.836622714996337891e-01
5.833985805511474609e-01
5.843927860260009766e-01
5.849876403808593750e-01
5.905699729919433594e-01
5.835506916046142578e-01
5.850946903228759766e-01
5.906565189361572266e-01
5.870189666748046875e-01
5.830035209655761719e-01
5.660786628723144531e-01
5.665891170501708984e-01
5.683300495147705078e-01
5.664036273956298828e-01
5.666279792785644531e-01
5.682859420776367188e-01
5.672755241394042969e-01
5.825242996215820312e-01
5.790588855743408203e-01
5.668292045593261719e-01
5.660367012023925781e-01
5.661664009094238281e-01
5.744366645812988281e-01
5.888457298278808594e-01
5.890772342681884766e-01
5.909972190856933594e-01
5.915040969848632812e-01
5.912134647369384766e-01
5.898895263671875000e-01
5.924115180969238281e-01
5.941488742828369141e-01
5.937831401824951172e-01
5.963673591613769531e-01
5.908842086791992188e-01
5.907166004180908203e-01
5.962860584259033203e-01
5.686895847320556641e-01
5.667283535003662109e-01
5.811192989349365234e-01
5.692372322082519531e-01
6.111528873443603516e-01
5.949575901031494141e-01
5.953199863433837891e-01
5.917747020721435547e-01
5.941762924194335938e-01
5.920727252960205078e-01
5.925447940826416016e-01
5.941715240478515625e-01
6.163992881774902344e-01
5.927836894989013672e-01
5.902595520019531250e-01
5.729279518127441406e-01
5.693957805633544922e-01
5.711255073547363281e-01
5.683903694152832031e-01
5.687470436096191406e-01
5.715181827545166016e-01
5.709028244018554688e-01
5.698187351226806641e-01
5.721125602722167969e-01
5.708813667297363281e-01
5.719804763793945312e-01
6.075923442840576172e-01
5.963401794433593750e-01
5.968623161315917969e-01
5.960710048675537109e-01
5.986781120300292969e-01
5.997760295867919922e-01
5.993957519531250000e-01
6.000113487243652344e-01
6.011750698089599609e-01
5.993399620056152344e-01
6.139111518859863281e-01
6.048500537872314453e-01
6.011862754821777344e-01
6.047210693359375000e-01
6.059489250183105469e-01
5.814712047576904297e-01
5.728654861450195312e-01
5.719397068023681641e-01
5.739853382110595703e-01
5.741367340087890625e-01
5.726597309112548828e-01
6.044273376464843750e-01
5.731739997863769531e-01
5.739910602569580078e-01
6.076912879943847656e-01
6.060979366302490234e-01
6.043550968170166016e-01
6.032996177673339844e-01
6.053664684295654297e-01
6.027972698211669922e-01
6.054956912994384766e-01
6.043000221252441406e-01
6.064004898071289062e-01
6.079502105712890625e-01
6.072573661804199219e-01
6.040380001068115234e-01
6.085941791534423828e-01
6.078202724456787109e-01
6.051068305969238281e-01
6.041457653045654297e-01
5.989468097686767578e-01
5.983932018280029297e-01
6.037313938140869141e-01
6.000893115997314453e-01
5.981533527374267578e-01
6.118142604827880859e-01
6.049351692199707031e-01
6.067876815795898438e-01
6.062111854553222656e-01
6.061782836914062500e-01
6.070220470428466797e-01
6.044502258300781250e-01
6.079800128936767578e-01
6.041467189788818359e-01
6.042563915252685547e-01
6.034007072448730469e-01
6.060411930084228516e-01
6.051321029663085938e-01
6.064925193786621094e-01
6.051800251007080078e-01
6.039900779724121094e-01
6.038706302642822266e-01
6.011428833007812500e-01
6.021924018859863281e-01
6.027143001556396484e-01
6.013162136077880859e-01
6.026122570037841797e-01
6.038432121276855469e-01
6.051626205444335938e-01
6.059713363647460938e-01
6.064648628234863281e-01
6.044330596923828125e-01
6.050333976745605469e-01
6.056630611419677734e-01
6.408262252807617188e-01
6.055629253387451172e-01
6.090922355651855469e-01
6.084561347961425781e-01
6.057903766632080078e-01
6.079528331756591797e-01
6.061680316925048828e-01
6.066248416900634766e-01
6.074736118316650391e-01
6.059727668762207031e-01
6.067147254943847656e-01
6.040563583374023438e-01
6.027503013610839844e-01
6.052861213684082031e-01
6.065578460693359375e-01
6.039738655090332031e-01
6.073882579803466797e-01
6.040275096893310547e-01
6.040849685668945312e-01
6.038506031036376953e-01
6.057505607604980469e-01
6.044914722442626953e-01
6.048316955566406250e-01
6.064367294311523438e-01
6.191344261169433594e-01
6.064617633819580078e-01
6.068885326385498047e-01
6.027953624725341797e-01
6.055340766906738281e-01
6.062994003295898438e-01
6.033179759979248047e-01
6.041457653045654297e-01
6.026828289031982422e-01
6.083943843841552734e-01
6.076192855834960938e-01
6.055972576141357422e-01
6.058375835418701172e-01
6.040427684783935547e-01
6.047384738922119141e-01
5.991985797882080078e-01
6.006939411163330078e-01
6.005737781524658203e-01
6.008427143096923828e-01
6.047122478485107422e-01
6.088249683380126953e-01
6.064047813415527344e-01
6.077084541320800781e-01
6.054022312164306641e-01
6.059639453887939453e-01
6.078820228576660156e-01
6.082572937011718750e-01
6.062822341918945312e-01
6.093559265136718750e-01
6.051511764526367188e-01
6.051871776580810547e-01
6.079082489013671875e-01
6.064765453338623047e-01
6.042475700378417969e-01
6.060187816619873047e-01
6.084160804748535156e-01
