3.562136888504028320e+00
9.424567222595214844e-01
9.451270103454589844e-01
9.289536476135253906e-01
9.239490032196044922e-01
9.236004352569580078e-01
9.242846965789794922e-01
9.622280597686767578e-01
9.553177356719970703e-01
1.003456354141235352e+00
9.514427185058593750e-01
9.642574787139892578e-01
9.744617938995361328e-01
9.563879966735839844e-01
9.492075443267822266e-01
9.870376586914062500e-01
9.481155872344970703e-01
9.463813304901123047e-01
9.494457244873046875e-01
9.495124816894531250e-01
9.488937854766845703e-01
9.472672939300537109e-01
9.492096900939941406e-01
9.494276046752929688e-01
9.491879940032958984e-01
9.496514797210693359e-01
9.523663520812988281e-01
9.472379684448242188e-01
9.511482715606689453e-01
9.505128860473632812e-01
9.508800506591796875e-01
9.512419700622558594e-01
9.535117149353027344e-01
9.522097110748291016e-01
9.538705348968505859e-01
9.477760791778564453e-01
9.475576877593994141e-01
9.479920864105224609e-01
9.486868381500244141e-01
9.477412700653076172e-01
9.495003223419189453e-01
9.478783607482910156e-01
9.493992328643798828e-01
9.486835002899169922e-01
9.485163688659667969e-01
9.508576393127441406e-01
9.499027729034423828e-01
9.487082958221435547e-01
9.504511356353759766e-01
9.576530456542968750e-01
9.595243930816650391e-01
9.539835453033447266e-01
9.780752658843994141e-01
9.525458812713623047e-01
9.558224678039550781e-01
9.524092674255371094e-01
9.565927982330322266e-01
9.528579711914062500e-01
9.525542259216308594e-01
9.523749351501464844e-01
9.544837474822998047e-01
9.535114765167236328e-01
9.545555114746093750e-01
9.555034637451171875e-01
9.572374820709228516e-01
9.896559715270996094e-01
9.706950187683105469e-01
9.673614501953125000e-01
9.655005931854248047e-01
9.633114337921142578e-01
9.671967029571533203e-01
9.691877365112304688e-01
9.649693965911865234e-01
9.670898914337158203e-01
9.681415557861328125e-01
9.658637046813964844e-01
9.659566879272460938e-01
9.621295928955078125e-01
9.573087692260742188e-01
9.641244411468505859e-01
9.633622169494628906e-01
9.632554054260253906e-01
9.647505283355712891e-01
9.638900756835937500e-01
9.669125080108642578e-01
9.645936489105224609e-01
9.629814624786376953e-01
9.639332294464111328e-01
9.653272628784179688e-01
9.638001918792724609e-01
9.678461551666259766e-01
9.669430255889892578e-01
9.655370712280273438e-01
9.667994976043701172e-01
9.715595245361328125e-01
9.687979221343994141e-01
9.642238616943359375e-01
9.789359569549560547e-01
9.672079086303710938e-01
9.636778831481933594e-01
9.662580490112304688e-01
9.674439430236816406e-01
9.650480747222900391e-01
9.633324146270751953e-01
9.644556045532226562e-01
9.659330844879150391e-01
9.627315998077392578e-01
9.645471572875976562e-01
9.670941829681396484e-01
9.627521038055419922e-01
9.659633636474609375e-01
9.664199352264404297e-01
9.655845165252685547e-01
9.646162986755371094e-01
9.658572673797607422e-01
9.665465354919433594e-01
9.646255970001220703e-01
9.658164978027343750e-01
9.666860103607177734e-01
9.354403018951416016e-01
9.348826408386230469e-01
9.753937721252441406e-01
9.685220718383789062e-01
9.671735763549804688e-01
9.697837829589843750e-01
9.647474288940429688e-01
9.578931331634521484e-01
9.628472328186035156e-01
9.679162502288818359e-01
9.646236896514892578e-01
9.670271873474121094e-01
9.676711559295654297e-01
9.565646648406982422e-01
9.587566852569580078e-01
9.586660861968994141e-01
9.587640762329101562e-01
9.575378894805908203e-01
9.596562385559082031e-01
9.589924812316894531e-01
9.592018127441406250e-01
9.705038070678710938e-01
9.698131084442138672e-01
9.709889888763427734e-01
9.682178497314453125e-01
9.694743156433105469e-01
9.710552692413330078e-01
9.688267707824707031e-01
9.709172248840332031e-01
9.716725349426269531e-01
9.707922935485839844e-01
9.699423313140869141e-01
9.913997650146484375e-01
9.713237285614013672e-01
9.706645011901855469e-01
9.710922241210937500e-01
1.017173290252685547e+00
9.425785541534423828e-01
9.430243968963623047e-01
9.729394912719726562e-01
9.420135021209716797e-01
9.777534008026123047e-01
1.016357660293579102e+00
9.700169563293457031e-01
9.680750370025634766e-01
9.649372100830078125e-01
9.527609348297119141e-01
9.440038204193115234e-01
9.440321922302246094e-01
9.542105197906494141e-01
9.781672954559326172e-01
9.713017940521240234e-01
9.718089103698730469e-01
9.706270694732666016e-01
9.722476005554199219e-01
9.696650505065917969e-01
9.690065383911132812e-01
9.677095413208007812e-01
9.686799049377441406e-01
9.652097225189208984e-01
9.639759063720703125e-01
9.706604480743408203e-01
9.736976623535156250e-01
9.702579975128173828e-01
9.568245410919189453e-01
9.677059650421142578e-01
9.670152664184570312e-01
9.624397754669189453e-01
9.639832973480224609e-01
9.653222560882568359e-01
9.648084640502929688e-01
9.645650386810302734e-01
9.692249298095703125e-01
9.704699516296386719e-01
9.720439910888671875e-01
1.035011768341064453e+00
9.732005596160888672e-01
9.716520309448242188e-01
9.724495410919189453e-01
9.722468852996826172e-01
9.701104164123535156e-01
