6.496450901031494141e-01
6.325762271881103516e-01
6.129152774810791016e-01
6.190683841705322266e-01
6.928455829620361328e-01
6.153683662414550781e-01
6.150112152099609375e-01
6.192646026611328125e-01
6.178541183471679688e-01
6.511847972869873047e-01
6.770486831665039062e-01
6.363005638122558594e-01
6.368603706359863281e-01
6.330530643463134766e-01
6.407816410064697266e-01
6.333537101745605469e-01
6.920428276062011719e-01
6.298770904541015625e-01
6.278681755065917969e-01
6.315429210662841797e-01
6.260898113250732422e-01
6.322903633117675781e-01
6.313428878784179688e-01
6.303157806396484375e-01
6.306383609771728516e-01
6.324422359466552734e-01
6.309466361999511719e-01
6.410217285156250000e-01
6.342217922210693359e-01
6.347892284393310547e-01
6.359875202178955078e-01
6.376712322235107422e-01
7.061424255371093750e-01
6.336088180541992188e-01
6.542563438415527344e-01
7.013609409332275391e-01
6.382360458374023438e-01
6.264653205871582031e-01
6.928744316101074219e-01
6.342933177947998047e-01
6.270933151245117188e-01
6.279971599578857422e-01
6.291747093200683594e-01
6.359505653381347656e-01
7.021148204803466797e-01
6.310467720031738281e-01
6.378514766693115234e-01
6.931817531585693359e-01
6.344010829925537109e-01
6.443822383880615234e-01
7.105369567871093750e-01
6.333448886871337891e-01
6.348996162414550781e-01
6.395027637481689453e-01
6.303341388702392578e-01
6.340479850769042969e-01
6.339414119720458984e-01
6.315429210662841797e-01
6.895515918731689453e-01
6.349294185638427734e-01
6.397867202758789062e-01
6.330645084381103516e-01
6.301193237304687500e-01
6.353125572204589844e-01
6.379957199096679688e-01
6.190326213836669922e-01
7.099854946136474609e-01
6.507854461669921875e-01
6.444377899169921875e-01
6.380019187927246094e-01
6.434118747711181641e-01
6.369833946228027344e-01
6.682274341583251953e-01
6.430473327636718750e-01
6.360957622528076172e-01
6.350383758544921875e-01
6.376078128814697266e-01
6.359140872955322266e-01
6.449096202850341797e-01
6.356818675994873047e-01
6.366093158721923828e-01
6.751070022583007812e-01
6.509785652160644531e-01
6.997358798980712891e-01
6.989006996154785156e-01
6.337597370147705078e-01
6.323766708374023438e-01
6.414172649383544922e-01
6.362798213958740234e-01
7.201611995697021484e-01
6.855437755584716797e-01
6.379106044769287109e-01
6.372036933898925781e-01
6.434998512268066406e-01
6.325211524963378906e-01
6.326189041137695312e-01
6.316535472869873047e-01
6.411061286926269531e-01
6.376867294311523438e-01
6.356439590454101562e-01
6.401035785675048828e-01
6.815950870513916016e-01
6.974852085113525391e-01
6.381058692932128906e-01
6.377084255218505859e-01
6.304321289062500000e-01
6.309771537780761719e-01
6.372566223144531250e-01
6.309101581573486328e-01
6.851947307586669922e-01
6.340405941009521484e-01
6.356780529022216797e-01
6.842701435089111328e-01
6.385052204132080078e-01
6.369218826293945312e-01
6.366720199584960938e-01
6.396663188934326172e-01
6.363451480865478516e-01
6.335945129394531250e-01
6.788933277130126953e-01
6.156721115112304688e-01
6.424872875213623047e-01
6.399827003479003906e-01
6.417963504791259766e-01
7.123837471008300781e-01
7.097463607788085938e-01
6.317515373229980469e-01
6.322820186614990234e-01
6.919889450073242188e-01
6.388871669769287109e-01
7.101361751556396484e-01
7.059993743896484375e-01
6.421678066253662109e-01
6.354026794433593750e-01
6.294798851013183594e-01
6.472330093383789062e-01
6.324403285980224609e-01
6.320300102233886719e-01
7.112152576446533203e-01
6.302978992462158203e-01
6.473374366760253906e-01
6.469175815582275391e-01
6.345064640045166016e-01
7.126924991607666016e-01
6.406981945037841797e-01
6.457579135894775391e-01
6.372139453887939453e-01
6.413280963897705078e-01
7.026309967041015625e-01
6.336929798126220703e-01
6.388533115386962891e-01
6.837379932403564453e-01
6.423275470733642578e-01
6.928179264068603516e-01
6.397862434387207031e-01
6.154768466949462891e-01
6.235637664794921875e-01
6.296439170837402344e-01
6.216704845428466797e-01
6.250913143157958984e-01
7.016429901123046875e-01
6.357357501983642578e-01
6.398096084594726562e-01
6.422390937805175781e-01
6.940932273864746094e-01
6.915946006774902344e-01
6.916818618774414062e-01
6.173007488250732422e-01
6.288402080535888672e-01
6.962597370147705078e-01
6.372551918029785156e-01
6.382918357849121094e-01
6.353898048400878906e-01
6.355018615722656250e-01
6.369724273681640625e-01
6.393213272094726562e-01
6.401712894439697266e-01
7.070410251617431641e-01
7.128016948699951172e-01
6.310284137725830078e-01
6.363105773925781250e-01
6.291787624359130859e-01
6.980824470520019531e-01
6.851892471313476562e-01
7.034471035003662109e-01
6.349220275878906250e-01
6.347439289093017578e-01
6.329145431518554688e-01
6.779789924621582031e-01
6.927378177642822266e-01
7.055413722991943359e-01
6.281468868255615234e-01
6.378810405731201172e-01
6.931476593017578125e-01
6.382765769958496094e-01
7.019443511962890625e-01
6.366543769836425781e-01
6.498792171478271484e-01
6.318893432617187500e-01
6.408686637878417969e-01
