3.303218364715576172e+00
6.870095729827880859e-01
6.878612041473388672e-01
6.866426467895507812e-01
6.873471736907958984e-01
6.907866001129150391e-01
6.905848979949951172e-01
6.902122497558593750e-01
6.881151199340820312e-01
6.922554969787597656e-01
6.903486251831054688e-01
6.678557395935058594e-01
7.400517463684082031e-01
6.874358654022216797e-01
6.843116283416748047e-01
6.834056377410888672e-01
6.856973171234130859e-01
6.852576732635498047e-01
6.868424415588378906e-01
6.861889362335205078e-01
6.877708435058593750e-01
6.862611770629882812e-01
6.866648197174072266e-01
6.898434162139892578e-01
6.867930889129638672e-01
6.886179447174072266e-01
6.951823234558105469e-01
6.952738761901855469e-01
6.888370513916015625e-01
6.929514408111572266e-01
6.911625862121582031e-01
6.895904541015625000e-01
6.924333572387695312e-01
6.946976184844970703e-01
6.746644973754882812e-01
6.643908023834228516e-01
6.788353919982910156e-01
7.456333637237548828e-01
6.903595924377441406e-01
6.961212158203125000e-01
6.936125755310058594e-01
6.899745464324951172e-01
6.958580017089843750e-01
6.945428848266601562e-01
6.675136089324951172e-01
6.651685237884521484e-01
6.774482727050781250e-01
6.678214073181152344e-01
6.920917034149169922e-01
6.665573120117187500e-01
6.936895847320556641e-01
6.657307147979736328e-01
7.405073642730712891e-01
6.691207885742187500e-01
7.140698432922363281e-01
7.038340568542480469e-01
6.980376243591308594e-01
6.993792057037353516e-01
6.964240074157714844e-01
6.990418434143066406e-01
7.025547027587890625e-01
6.991996765136718750e-01
6.995308399200439453e-01
7.022728919982910156e-01
7.001070976257324219e-01
7.001650333404541016e-01
7.274663448333740234e-01
7.051103115081787109e-01
7.049243450164794922e-01
7.041661739349365234e-01
7.091372013092041016e-01
7.070047855377197266e-01
7.082357406616210938e-01
7.066118717193603516e-01
7.104222774505615234e-01
7.069447040557861328e-01
7.037382125854492188e-01
7.018129825592041016e-01
7.048671245574951172e-01
7.024767398834228516e-01
7.012739181518554688e-01
7.050192356109619141e-01
7.042119503021240234e-01
7.025380134582519531e-01
7.022650241851806641e-01
7.045674324035644531e-01
7.020184993743896484e-01
7.051465511322021484e-01
7.064270973205566406e-01
7.050371170043945312e-01
7.038106918334960938e-01
7.052032947540283203e-01
7.046976089477539062e-01
7.010953426361083984e-01
7.033035755157470703e-01
7.043814659118652344e-01
7.039282321929931641e-01
7.026021480560302734e-01
7.056565284729003906e-01
7.068982124328613281e-01
7.050831317901611328e-01
7.029771804809570312e-01
7.057409286499023438e-01
7.050306797027587891e-01
7.082681655883789062e-01
7.078654766082763672e-01
7.049584388732910156e-01
7.052590847015380859e-01
7.067909240722656250e-01
7.024552822113037109e-01
7.034752368927001953e-01
7.449564933776855469e-01
7.354817390441894531e-01
7.061765193939208984e-01
7.062985897064208984e-01
7.047379016876220703e-01
7.075505256652832031e-01
7.119259834289550781e-01
7.118651866912841797e-01
7.055633068084716797e-01
7.063601016998291016e-01
7.052788734436035156e-01
7.083895206451416016e-01
7.088985443115234375e-01
7.120807170867919922e-01
7.071774005889892578e-01
6.738772392272949219e-01
6.739754676818847656e-01
6.746354103088378906e-01
6.732001304626464844e-01
6.741468906402587891e-01
6.737108230590820312e-01
6.764729022979736328e-01
7.678103446960449219e-01
7.095940113067626953e-01
7.079110145568847656e-01
7.064831256866455078e-01
7.085931301116943359e-01
7.070548534393310547e-01
7.098164558410644531e-01
7.108461856842041016e-01
7.076570987701416016e-01
7.133197784423828125e-01
7.104961872100830078e-01
7.090313434600830078e-01
7.082147598266601562e-01
7.086288928985595703e-01
7.103476524353027344e-01
7.112615108489990234e-01
7.102842330932617188e-01
7.087218761444091797e-01
7.112743854522705078e-01
7.122735977172851562e-01
7.101702690124511719e-01
7.131161689758300781e-01
7.117536067962646484e-01
7.135343551635742188e-01
7.120392322540283203e-01
7.097647190093994141e-01
7.114708423614501953e-01
7.114219665527343750e-01
7.112584114074707031e-01
7.104723453521728516e-01
7.137155532836914062e-01
7.179892063140869141e-01
7.406799793243408203e-01
7.119021415710449219e-01
7.228357791900634766e-01
7.139317989349365234e-01
7.148292064666748047e-01
7.111206054687500000e-01
7.109899520874023438e-01
7.058386802673339844e-01
7.104496955871582031e-01
7.095026969909667969e-01
7.106032371520996094e-01
7.099432945251464844e-01
7.082455158233642578e-01
7.099919319152832031e-01
7.059946060180664062e-01
7.052443027496337891e-01
7.066974639892578125e-01
7.056117057800292969e-01
7.127985954284667969e-01
7.147819995880126953e-01
7.172844409942626953e-01
7.270982265472412109e-01
7.115170955657958984e-01
7.144064903259277344e-01
7.176222801208496094e-01
7.134017944335937500e-01
7.136309146881103516e-01
7.166242599487304688e-01
6.808829307556152344e-01
6.778986454010009766e-01
6.783511638641357422e-01
6.792378425598144531e-01
6.777775287628173828e-01
6.784746646881103516e-01
6.812429428100585938e-01
