3.527685403823852539e+00
9.026129245758056641e-01
9.039800167083740234e-01
9.020705223083496094e-01
9.026422500610351562e-01
9.033129215240478516e-01
9.023249149322509766e-01
9.033360481262207031e-01
9.027564525604248047e-01
9.136590957641601562e-01
9.043858051300048828e-01
9.020862579345703125e-01
9.095838069915771484e-01
9.066727161407470703e-01
9.065315723419189453e-01
9.041361808776855469e-01
9.062600135803222656e-01
9.077522754669189453e-01
9.054095745086669922e-01
9.061460494995117188e-01
9.105565547943115234e-01
9.151492118835449219e-01
9.025301933288574219e-01
9.073884487152099609e-01
9.060513973236083984e-01
9.084613323211669922e-01
9.178442955017089844e-01
9.117763042449951172e-01
9.085800647735595703e-01
9.099674224853515625e-01
9.130337238311767578e-01
9.112749099731445312e-01
9.117085933685302734e-01
9.139199256896972656e-01
9.097156524658203125e-01
9.084653854370117188e-01
9.106230735778808594e-01
9.538815021514892578e-01
8.850817680358886719e-01
9.279956817626953125e-01
9.141623973846435547e-01
9.135768413543701172e-01
9.167883396148681641e-01
9.146568775177001953e-01
9.090290069580078125e-01
9.128005504608154297e-01
9.132924079895019531e-01
9.117689132690429688e-01
9.145095348358154297e-01
9.140088558197021484e-01
9.119436740875244141e-01
9.100627899169921875e-01
9.209818840026855469e-01
9.124939441680908203e-01
9.158644676208496094e-01
9.170987606048583984e-01
9.117527008056640625e-01
9.149262905120849609e-01
9.133512973785400391e-01
9.117784500122070312e-01
9.132330417633056641e-01
9.167971611022949219e-01
9.166316986083984375e-01
9.184441566467285156e-01
9.164431095123291016e-01
9.162082672119140625e-01
9.229838848114013672e-01
9.208617210388183594e-01
9.226589202880859375e-01
9.227263927459716797e-01
9.221620559692382812e-01
9.225480556488037109e-01
9.265129566192626953e-01
9.231350421905517578e-01
9.266061782836914062e-01
9.234311580657958984e-01
9.211897850036621094e-01
9.231841564178466797e-01
9.289140701293945312e-01
9.249055385589599609e-01
9.363508224487304688e-01
9.247894287109375000e-01
9.307596683502197266e-01
9.233334064483642578e-01
9.251565933227539062e-01
9.250051975250244141e-01
9.252727031707763672e-01
9.280772209167480469e-01
9.259982109069824219e-01
9.253523349761962891e-01
9.241704940795898438e-01
9.176442623138427734e-01
8.978023529052734375e-01
8.952381610870361328e-01
8.958539962768554688e-01
8.960025310516357422e-01
8.943374156951904297e-01
8.922929763793945312e-01
9.257371425628662109e-01
9.295377731323242188e-01
9.272820949554443359e-01
9.276485443115234375e-01
9.316551685333251953e-01
9.296813011169433594e-01
9.335217475891113281e-01
9.235179424285888672e-01
9.065744876861572266e-01
9.335033893585205078e-01
9.184141159057617188e-01
8.937852382659912109e-01
8.933117389678955078e-01
9.970798492431640625e-01
9.308001995086669922e-01
9.291548728942871094e-01
9.310398101806640625e-01
9.285008907318115234e-01
9.295959472656250000e-01
9.330172538757324219e-01
9.295330047607421875e-01
9.527647495269775391e-01
9.274537563323974609e-01
9.268646240234375000e-01
9.323949813842773438e-01
9.337668418884277344e-01
9.359264373779296875e-01
9.510881900787353516e-01
9.255783557891845703e-01
9.280381202697753906e-01
9.229669570922851562e-01
9.231524467468261719e-01
9.230923652648925781e-01
9.233689308166503906e-01
9.240732192993164062e-01
9.240252971649169922e-01
9.287426471710205078e-01
9.287416934967041016e-01
9.323832988739013672e-01
9.303729534149169922e-01
9.286801815032958984e-01
9.289581775665283203e-01
9.276449680328369141e-01
9.273297786712646484e-01
9.347367286682128906e-01
9.285926818847656250e-01
9.298830032348632812e-01
9.291918277740478516e-01
9.324769973754882812e-01
9.312448501586914062e-01
9.322652816772460938e-01
9.312152862548828125e-01
9.298148155212402344e-01
9.317145347595214844e-01
9.293584823608398438e-01
9.269680976867675781e-01
9.308884143829345703e-01
9.318883419036865234e-01
9.300360679626464844e-01
9.307098388671875000e-01
9.293060302734375000e-01
9.290306568145751953e-01
9.294033050537109375e-01
9.328806400299072266e-01
9.326753616333007812e-01
9.301578998565673828e-01
9.326059818267822266e-01
9.310595989227294922e-01
9.308359622955322266e-01
9.320983886718750000e-01
9.355463981628417969e-01
9.340405464172363281e-01
9.319560527801513672e-01
9.323685169219970703e-01
9.119446277618408203e-01
9.311325550079345703e-01
9.312977790832519531e-01
9.322099685668945312e-01
9.299535751342773438e-01
9.289202690124511719e-01
9.298195838928222656e-01
9.018681049346923828e-01
8.989288806915283203e-01
8.995773792266845703e-01
8.991584777832031250e-01
9.313924312591552734e-01
9.304378032684326172e-01
9.300398826599121094e-01
9.299035072326660156e-01
9.339563846588134766e-01
9.365153312683105469e-01
9.370973110198974609e-01
9.340338706970214844e-01
9.336850643157958984e-01
9.363572597503662109e-01
9.288334846496582031e-01
9.321691989898681641e-01
9.322531223297119141e-01
9.293496608734130859e-01
9.319636821746826172e-01
9.308300018310546875e-01
9.311394691467285156e-01
