6.496667861938476562e-01
6.325924396514892578e-01
6.129269599914550781e-01
6.190900802612304688e-01
6.928544044494628906e-01
6.153795719146728516e-01
6.150221824645996094e-01
6.192746162414550781e-01
6.178739070892333984e-01
6.512212753295898438e-01
6.770601272583007812e-01
6.363143920898437500e-01
6.368622779846191406e-01
6.330564022064208984e-01
6.407876014709472656e-01
6.333587169647216797e-01
6.920433044433593750e-01
6.298944950103759766e-01
6.278877258300781250e-01
6.315748691558837891e-01
6.261227130889892578e-01
6.323080062866210938e-01
6.313650608062744141e-01
6.303324699401855469e-01
6.306507587432861328e-01
6.324572563171386719e-01
6.309740543365478516e-01
6.410412788391113281e-01
6.342318058013916016e-01
6.348140239715576172e-01
6.360063552856445312e-01
6.376831531524658203e-01
7.061598300933837891e-01
6.336307525634765625e-01
6.542615890502929688e-01
7.013616561889648438e-01
6.382470130920410156e-01
6.264746189117431641e-01
6.928870677947998047e-01
6.343123912811279297e-01
6.271128654479980469e-01
6.280169486999511719e-01
6.292002201080322266e-01
6.359729766845703125e-01
7.021379470825195312e-01
6.310410499572753906e-01
6.378641128540039062e-01
6.931917667388916016e-01
6.344096660614013672e-01
6.443758010864257812e-01
7.105503082275390625e-01
6.333582401275634766e-01
6.374561786651611328e-01
6.395132541656494141e-01
6.303322315216064453e-01
6.340391635894775391e-01
6.339595317840576172e-01
6.315729618072509766e-01
6.895487308502197266e-01
6.349420547485351562e-01
6.398100852966308594e-01
6.330790519714355469e-01
6.301174163818359375e-01
6.353299617767333984e-01
6.380007266998291016e-01
6.190462112426757812e-01
7.099936008453369141e-01
6.508150100708007812e-01
6.444540023803710938e-01
6.380121707916259766e-01
6.434228420257568359e-01
6.369993686676025391e-01
6.682391166687011719e-01
6.430621147155761719e-01
6.361198425292968750e-01
6.350562572479248047e-01
6.376082897186279297e-01
6.359214782714843750e-01
6.449165344238281250e-01
6.356894969940185547e-01
6.366071701049804688e-01
6.750996112823486328e-01
6.509854793548583984e-01
6.997590065002441406e-01
6.989269256591796875e-01
6.337809562683105469e-01
6.323745250701904297e-01
6.414334774017333984e-01
6.363022327423095703e-01
7.201821804046630859e-01
6.855552196502685547e-01
6.379258632659912109e-01
6.372156143188476562e-01
6.435160636901855469e-01
6.325416564941406250e-01
6.326377391815185547e-01
6.316487789154052734e-01
6.411192417144775391e-01
6.377077102661132812e-01
6.356658935546875000e-01
6.401231288909912109e-01
6.816000938415527344e-01
6.974918842315673828e-01
6.381258964538574219e-01
6.377325057983398438e-01
6.304514408111572266e-01
6.309990882873535156e-01
6.372821331024169922e-01
6.309285163879394531e-01
6.851859092712402344e-01
6.340372562408447266e-01
6.356947422027587891e-01
6.842744350433349609e-01
6.385235786437988281e-01
6.369469165802001953e-01
6.366939544677734375e-01
6.396837234497070312e-01
6.363565921783447266e-01
6.336095333099365234e-01
6.789138317108154297e-01
6.156854629516601562e-01
6.425070762634277344e-01
6.400005817413330078e-01
6.418135166168212891e-01
7.124042510986328125e-01
7.097551822662353516e-01
6.317725181579589844e-01
6.322722434997558594e-01
6.919865608215332031e-01
6.388835906982421875e-01
7.101693153381347656e-01
7.059981822967529297e-01
6.421678066253662109e-01
6.353969573974609375e-01
6.294829845428466797e-01
6.472337245941162109e-01
6.324524879455566406e-01
6.320495605468750000e-01
7.112183570861816406e-01
6.303141117095947266e-01
6.473445892333984375e-01
6.469209194183349609e-01
6.345071792602539062e-01
7.127006053924560547e-01
6.407036781311035156e-01
6.457636356353759766e-01
6.372206211090087891e-01
6.413395404815673828e-01
7.026474475860595703e-01
6.336989402770996094e-01
6.388711929321289062e-01
6.837425231933593750e-01
6.423368453979492188e-01
6.928083896636962891e-01
6.397931575775146484e-01
6.154825687408447266e-01
6.235895156860351562e-01
6.296401023864746094e-01
6.216807365417480469e-01
6.251146793365478516e-01
7.016570568084716797e-01
6.357486248016357422e-01
6.398215293884277344e-01
6.422600746154785156e-01
6.941020488739013672e-01
6.915946006774902344e-01
6.917188167572021484e-01
6.172959804534912109e-01
6.288628578186035156e-01
6.962702274322509766e-01
6.372714042663574219e-01
6.383044719696044922e-01
6.354043483734130859e-01
6.355013847351074219e-01
6.369936466217041016e-01
6.393413543701171875e-01
6.401920318603515625e-01
7.070481777191162109e-01
7.128286361694335938e-01
6.310191154479980469e-01
6.363270282745361328e-01
6.291670799255371094e-01
6.980826854705810547e-01
6.852157115936279297e-01
7.034676074981689453e-01
6.349380016326904297e-01
6.347801685333251953e-01
6.329350471496582031e-01
6.779987812042236328e-01
6.927409172058105469e-01
7.055456638336181641e-01
6.281516551971435547e-01
6.379096508026123047e-01
6.931262016296386719e-01
6.382749080657958984e-01
7.019419670104980469e-01
6.366577148437500000e-01
6.498799324035644531e-01
6.319019794464111328e-01
6.408917903900146484e-01
