2.536115646362304688e-01
2.500555515289306641e-01
2.490811347961425781e-01
2.466526031494140625e-01
2.453455924987792969e-01
2.488658428192138672e-01
2.430262565612792969e-01
2.466273307800292969e-01
2.460515499114990234e-01
2.514772415161132812e-01
2.428412437438964844e-01
2.490360736846923828e-01
2.427582740783691406e-01
2.430038452148437500e-01
2.386920452117919922e-01
2.423498630523681641e-01
2.452125549316406250e-01
2.358994483947753906e-01
2.457082271575927734e-01
2.428801059722900391e-01
2.439851760864257812e-01
2.460021972656250000e-01
2.456178665161132812e-01
2.378726005554199219e-01
2.414817810058593750e-01
2.443246841430664062e-01
2.457609176635742188e-01
2.471823692321777344e-01
2.474441528320312500e-01
2.445015907287597656e-01
2.376222610473632812e-01
2.469367980957031250e-01
2.438759803771972656e-01
2.474722862243652344e-01
2.467918395996093750e-01
2.472267150878906250e-01
2.438149452209472656e-01
2.448570728302001953e-01
2.375295162200927734e-01
2.370598316192626953e-01
2.470436096191406250e-01
2.437577247619628906e-01
2.447996139526367188e-01
2.458140850067138672e-01
2.379167079925537109e-01
2.454147338867187500e-01
2.451751232147216797e-01
2.371428012847900391e-01
2.456588745117187500e-01
2.443158626556396484e-01
2.379667758941650391e-01
2.461161613464355469e-01
2.479765415191650391e-01
2.474362850189208984e-01
2.466118335723876953e-01
2.377460002899169922e-01
2.458152770996093750e-01
2.370946407318115234e-01
2.441444396972656250e-01
2.435941696166992188e-01
2.477011680603027344e-01
2.396082878112792969e-01
2.447793483734130859e-01
2.474503517150878906e-01
2.464883327484130859e-01
2.434349060058593750e-01
2.440319061279296875e-01
2.466337680816650391e-01
2.490687370300292969e-01
2.462315559387207031e-01
2.456622123718261719e-01
2.447495460510253906e-01
2.454726696014404297e-01
2.463808059692382812e-01
2.437613010406494141e-01
2.446963787078857422e-01
2.463927268981933594e-01
2.443375587463378906e-01
2.434508800506591797e-01
2.440536022186279297e-01
2.485992908477783203e-01
2.455866336822509766e-01
2.466247081756591797e-01
2.457101345062255859e-01
2.448372840881347656e-01
2.440490722656250000e-01
2.444543838500976562e-01
2.419407367706298828e-01
2.447922229766845703e-01
2.477760314941406250e-01
2.463281154632568359e-01
2.490260601043701172e-01
2.467701435089111328e-01
2.447357177734375000e-01
2.435176372528076172e-01
2.386255264282226562e-01
2.417056560516357422e-01
2.447726726531982422e-01
2.472143173217773438e-01
2.448122501373291016e-01
2.466297149658203125e-01
2.363574504852294922e-01
2.482509613037109375e-01
2.432837486267089844e-01
2.434582710266113281e-01
2.418901920318603516e-01
2.505896091461181641e-01
2.450873851776123047e-01
2.426104545593261719e-01
2.456586360931396484e-01
3.287999629974365234e-01
2.465801239013671875e-01
2.440340518951416016e-01
2.451047897338867188e-01
2.465178966522216797e-01
2.483401298522949219e-01
2.458190917968750000e-01
3.296575546264648438e-01
2.459113597869873047e-01
2.452785968780517578e-01
2.446596622467041016e-01
2.471709251403808594e-01
2.431058883666992188e-01
2.449891567230224609e-01
2.439613342285156250e-01
2.446675300598144531e-01
2.471213340759277344e-01
2.438526153564453125e-01
2.479417324066162109e-01
2.491803169250488281e-01
2.465412616729736328e-01
2.434017658233642578e-01
2.462778091430664062e-01
2.457022666931152344e-01
2.466444969177246094e-01
2.438368797302246094e-01
2.465586662292480469e-01
2.503266334533691406e-01
2.464931011199951172e-01
2.439410686492919922e-01
2.475433349609375000e-01
2.448992729187011719e-01
2.463824748992919922e-01
2.483165264129638672e-01
2.466015815734863281e-01
2.465155124664306641e-01
2.478411197662353516e-01
2.487063407897949219e-01
2.444767951965332031e-01
2.445783615112304688e-01
2.457292079925537109e-01
2.470645904541015625e-01
2.458305358886718750e-01
2.436666488647460938e-01
2.480070590972900391e-01
3.343899250030517578e-01
2.475085258483886719e-01
2.488493919372558594e-01
2.522616386413574219e-01
2.541081905364990234e-01
2.489597797393798828e-01
2.478854656219482422e-01
2.531664371490478516e-01
2.532668113708496094e-01
2.530653476715087891e-01
2.478382587432861328e-01
2.494640350341796875e-01
2.502362728118896484e-01
2.497823238372802734e-01
3.368225097656250000e-01
2.393229007720947266e-01
2.476243972778320312e-01
2.405536174774169922e-01
2.484173774719238281e-01
2.496738433837890625e-01
2.452337741851806641e-01
2.490723133087158203e-01
2.476248741149902344e-01
2.480316162109375000e-01
2.459757328033447266e-01
2.442960739135742188e-01
2.473504543304443359e-01
2.471635341644287109e-01
2.486133575439453125e-01
2.463021278381347656e-01
2.460613250732421875e-01
2.470867633819580078e-01
2.460870742797851562e-01
2.529983520507812500e-01
2.485504150390625000e-01
2.480261325836181641e-01
2.459702491760253906e-01
2.464354038238525391e-01
2.437176704406738281e-01
2.464756965637207031e-01
2.467427253723144531e-01
2.491848468780517578e-01
2.477972507476806641e-01
2.463624477386474609e-01
2.485108375549316406e-01
