2.603251934051513672e-01
2.487947940826416016e-01
2.480049133300781250e-01
2.467622756958007812e-01
2.540268898010253906e-01
2.473993301391601562e-01
2.500455379486083984e-01
2.522814273834228516e-01
2.459797859191894531e-01
2.471079826354980469e-01
2.457475662231445312e-01
2.463510036468505859e-01
2.457442283630371094e-01
2.498307228088378906e-01
2.498502731323242188e-01
2.475595474243164062e-01
2.512950897216796875e-01
2.464525699615478516e-01
2.492423057556152344e-01
2.475166320800781250e-01
2.495510578155517578e-01
2.478446960449218750e-01
2.528374195098876953e-01
2.519936561584472656e-01
2.480611801147460938e-01
2.454910278320312500e-01
2.501089572906494141e-01
2.442398071289062500e-01
2.501366138458251953e-01
2.489464282989501953e-01
2.481324672698974609e-01
2.458314895629882812e-01
2.458558082580566406e-01
2.460455894470214844e-01
2.488448619842529297e-01
2.392194271087646484e-01
2.481756210327148438e-01
2.455003261566162109e-01
2.455010414123535156e-01
2.481687068939208984e-01
2.473170757293701172e-01
2.505185604095458984e-01
2.504568099975585938e-01
2.460863590240478516e-01
2.513921260833740234e-01
2.463004589080810547e-01
2.520594596862792969e-01
2.518723011016845703e-01
2.489633560180664062e-01
2.469725608825683594e-01
2.466001510620117188e-01
2.438917160034179688e-01
2.450339794158935547e-01
2.472190856933593750e-01
2.472269535064697266e-01
2.468945980072021484e-01
2.473285198211669922e-01
2.446849346160888672e-01
2.449684143066406250e-01
2.466976642608642578e-01
2.501890659332275391e-01
2.470538616180419922e-01
2.474973201751708984e-01
2.474567890167236328e-01
2.486941814422607422e-01
2.475166320800781250e-01
2.485313415527343750e-01
2.468187808990478516e-01
2.485911846160888672e-01
2.472472190856933594e-01
2.466580867767333984e-01
2.483973503112792969e-01
2.480311393737792969e-01
2.486453056335449219e-01
2.473230361938476562e-01
2.488744258880615234e-01
2.507073879241943359e-01
2.520055770874023438e-01
2.390124797821044922e-01
2.502350807189941406e-01
2.505648136138916016e-01
2.482953071594238281e-01
2.505972385406494141e-01
2.471451759338378906e-01
2.458183765411376953e-01
2.468998432159423828e-01
2.471632957458496094e-01
2.491757869720458984e-01
2.479884624481201172e-01
2.476484775543212891e-01
2.488749027252197266e-01
2.491986751556396484e-01
2.466266155242919922e-01
2.493197917938232422e-01
2.489340305328369141e-01
2.526199817657470703e-01
2.500452995300292969e-01
2.522826194763183594e-01
2.491791248321533203e-01
2.470881938934326172e-01
2.517654895782470703e-01
2.489485740661621094e-01
2.505905628204345703e-01
2.541689872741699219e-01
2.480535507202148438e-01
2.477324008941650391e-01
2.534399032592773438e-01
2.511775493621826172e-01
2.515647411346435547e-01
2.503931522369384766e-01
3.314833641052246094e-01
2.461566925048828125e-01
2.533490657806396484e-01
2.484729290008544922e-01
2.541871070861816406e-01
2.457587718963623047e-01
2.488024234771728516e-01
3.392112255096435547e-01
2.533988952636718750e-01
2.482073307037353516e-01
2.549519538879394531e-01
2.518453598022460938e-01
2.543947696685791016e-01
2.480781078338623047e-01
2.558791637420654297e-01
2.534279823303222656e-01
2.506554126739501953e-01
2.504305839538574219e-01
2.493162155151367188e-01
2.519395351409912109e-01
2.509477138519287109e-01
2.521898746490478516e-01
2.480156421661376953e-01
2.503190040588378906e-01
2.490241527557373047e-01
2.492766380310058594e-01
2.477767467498779297e-01
2.511229515075683594e-01
2.506721019744873047e-01
2.504484653472900391e-01
2.478747367858886719e-01
2.523300647735595703e-01
2.496910095214843750e-01
2.485697269439697266e-01
2.483198642730712891e-01
2.460875511169433594e-01
2.532844543457031250e-01
2.506237030029296875e-01
2.494680881500244141e-01
2.490766048431396484e-01
2.506148815155029297e-01
2.535021305084228516e-01
2.513337135314941406e-01
2.487282752990722656e-01
2.485098838806152344e-01
3.385844230651855469e-01
2.501139640808105469e-01
2.487516403198242188e-01
2.484323978424072266e-01
2.540113925933837891e-01
2.514343261718750000e-01
2.478694915771484375e-01
2.485368251800537109e-01
2.518255710601806641e-01
2.531228065490722656e-01
2.477760314941406250e-01
2.517151832580566406e-01
2.521059513092041016e-01
2.548761367797851562e-01
3.410592079162597656e-01
2.499170303344726562e-01
2.566630840301513672e-01
2.509915828704833984e-01
2.500395774841308594e-01
2.545509338378906250e-01
2.511508464813232422e-01
2.530701160430908203e-01
2.481913566589355469e-01
2.557227611541748047e-01
2.470455169677734375e-01
2.489829063415527344e-01
2.469353675842285156e-01
2.501347064971923828e-01
2.368125915527343750e-01
2.491779327392578125e-01
2.523095607757568359e-01
2.523121833801269531e-01
2.545812129974365234e-01
2.539367675781250000e-01
2.532286643981933594e-01
2.493195533752441406e-01
2.489922046661376953e-01
2.513697147369384766e-01
2.497005462646484375e-01
2.488470077514648438e-01
2.473053932189941406e-01
2.505836486816406250e-01
2.490839958190917969e-01
2.515528202056884766e-01
2.529056072235107422e-01
