2.531704902648925781e+00
9.047832489013671875e-01
8.920118808746337891e-01
8.926327228546142578e-01
8.975744247436523438e-01
8.960812091827392578e-01
8.982963562011718750e-01
9.002513885498046875e-01
8.955717086791992188e-01
9.064295291900634766e-01
8.984456062316894531e-01
8.977611064910888672e-01
8.985412120819091797e-01
9.005172252655029297e-01
9.081351757049560547e-01
9.010770320892333984e-01
9.034307003021240234e-01
9.005868434906005859e-01
8.974442481994628906e-01
8.991539478302001953e-01
9.012949466705322266e-01
9.046881198883056641e-01
9.030535221099853516e-01
9.028651714324951172e-01
9.014420509338378906e-01
9.030778408050537109e-01
9.031646251678466797e-01
9.023025035858154297e-01
9.068813323974609375e-01
9.107511043548583984e-01
9.073178768157958984e-01
9.092116355895996094e-01
9.069488048553466797e-01
9.066264629364013672e-01
9.104914665222167969e-01
9.081027507781982422e-01
9.086337089538574219e-01
9.105041027069091797e-01
9.118359088897705078e-01
9.138472080230712891e-01
9.093348979949951172e-01
9.122436046600341797e-01
9.137609004974365234e-01
9.148335456848144531e-01
9.152271747589111328e-01
9.222030639648437500e-01
9.156856536865234375e-01
9.147403240203857422e-01
9.173219203948974609e-01
9.142453670501708984e-01
9.177119731903076172e-01
9.216129779815673828e-01
9.139604568481445312e-01
9.153728485107421875e-01
9.150922298431396484e-01
9.164409637451171875e-01
9.174618721008300781e-01
9.191372394561767578e-01
9.185903072357177734e-01
9.207329750061035156e-01
9.187972545623779297e-01
9.233279228210449219e-01
9.226891994476318359e-01
9.237549304962158203e-01
9.222936630249023438e-01
9.174141883850097656e-01
9.188661575317382812e-01
9.206900596618652344e-01
9.212706089019775391e-01
9.208426475524902344e-01
9.202475547790527344e-01
9.211666584014892578e-01
9.225172996520996094e-01
9.219291210174560547e-01
9.229781627655029297e-01
9.213163852691650391e-01
9.229328632354736328e-01
9.211535453796386719e-01
9.249939918518066406e-01
9.262702465057373047e-01
9.194943904876708984e-01
9.236943721771240234e-01
9.224338531494140625e-01
9.200661182403564453e-01
9.296276569366455078e-01
9.198765754699707031e-01
9.217653274536132812e-01
9.190149307250976562e-01
9.205641746520996094e-01
9.253573417663574219e-01
9.224824905395507812e-01
9.284062385559082031e-01
9.194300174713134766e-01
9.267673492431640625e-01
9.200437068939208984e-01
9.210588932037353516e-01
9.201610088348388672e-01
9.229688644409179688e-01
9.255228042602539062e-01
9.203877449035644531e-01
9.219138622283935547e-01
9.233424663543701172e-01
9.227550029754638672e-01
9.210369586944580078e-01
9.283983707427978516e-01
9.240732192993164062e-01
9.202952384948730469e-01
9.209601879119873047e-01
9.183273315429687500e-01
9.214005470275878906e-01
9.212553501129150391e-01
9.331643581390380859e-01
9.200503826141357422e-01
9.255404472351074219e-01
9.202506542205810547e-01
9.260988235473632812e-01
9.224412441253662109e-01
9.282133579254150391e-01
9.224245548248291016e-01
9.224925041198730469e-01
9.252014160156250000e-01
9.183239936828613281e-01
9.202089309692382812e-01
9.280037879943847656e-01
9.265775680541992188e-01
9.288940429687500000e-01
9.248657226562500000e-01
9.236466884613037109e-01
9.218916893005371094e-01
9.246187210083007812e-01
9.339272975921630859e-01
9.215836524963378906e-01
9.243595600128173828e-01
9.232394695281982422e-01
9.224383831024169922e-01
9.190962314605712891e-01
9.260461330413818359e-01
9.192123413085937500e-01
9.228341579437255859e-01
9.207856655120849609e-01
9.218523502349853516e-01
9.203236103057861328e-01
9.201433658599853516e-01
9.204869270324707031e-01
9.199414253234863281e-01
9.245829582214355469e-01
9.249923229217529297e-01
9.245548248291015625e-01
9.249362945556640625e-01
9.247274398803710938e-01
9.239215850830078125e-01
9.259092807769775391e-01
9.279437065124511719e-01
9.308309555053710938e-01
9.250290393829345703e-01
9.243941307067871094e-01
9.274041652679443359e-01
9.266247749328613281e-01
9.224431514739990234e-01
9.234426021575927734e-01
9.284870624542236328e-01
9.264006614685058594e-01
9.259567260742187500e-01
9.267261028289794922e-01
9.256873130798339844e-01
9.345669746398925781e-01
9.329159259796142578e-01
9.284915924072265625e-01
9.290847778320312500e-01
9.269454479217529297e-01
9.279296398162841797e-01
9.359865188598632812e-01
9.270269870758056641e-01
9.282050132751464844e-01
9.292678833007812500e-01
9.288053512573242188e-01
9.293880462646484375e-01
9.262609481811523438e-01
9.273095130920410156e-01
9.319698810577392578e-01
9.262819290161132812e-01
9.259502887725830078e-01
9.279606342315673828e-01
9.299478530883789062e-01
9.286520481109619141e-01
9.286766052246093750e-01
9.263806343078613281e-01
9.294214248657226562e-01
9.282157421112060547e-01
9.258906841278076172e-01
9.275724887847900391e-01
9.294052124023437500e-01
9.298496246337890625e-01
9.245626926422119141e-01
9.261314868927001953e-01
9.256045818328857422e-01
9.251890182495117188e-01
9.277741909027099609e-01
9.247562885284423828e-01
9.274346828460693359e-01
