2.534346342086791992e+00
8.930075168609619141e-01
9.013922214508056641e-01
9.054298400878906250e-01
9.042208194732666016e-01
9.099397659301757812e-01
9.067163467407226562e-01
9.119637012481689453e-01
9.066703319549560547e-01
9.061646461486816406e-01
9.108166694641113281e-01
9.142527580261230469e-01
9.102437496185302734e-01
9.191007614135742188e-01
9.144213199615478516e-01
9.134826660156250000e-01
9.190080165863037109e-01
9.146642684936523438e-01
9.129197597503662109e-01
9.147052764892578125e-01
9.159274101257324219e-01
9.122908115386962891e-01
9.136555194854736328e-01
9.124875068664550781e-01
9.123876094818115234e-01
9.169182777404785156e-01
9.159460067749023438e-01
9.162411689758300781e-01
9.137728214263916016e-01
9.281623363494873047e-01
9.156880378723144531e-01
9.142487049102783203e-01
9.142677783966064453e-01
9.156689643859863281e-01
9.157865047454833984e-01
9.159953594207763672e-01
9.142966270446777344e-01
9.154613018035888672e-01
9.173910617828369141e-01
9.189052581787109375e-01
9.207513332366943359e-01
9.202933311462402344e-01
9.226474761962890625e-01
9.200091361999511719e-01
9.197266101837158203e-01
9.261195659637451172e-01
9.254364967346191406e-01
9.311528205871582031e-01
9.213566780090332031e-01
9.276766777038574219e-01
9.214699268341064453e-01
9.250822067260742188e-01
9.272704124450683594e-01
9.277472496032714844e-01
9.311981201171875000e-01
9.326915740966796875e-01
9.375655651092529297e-01
9.360253810882568359e-01
9.323022365570068359e-01
9.298069477081298828e-01
9.334831237792968750e-01
9.312343597412109375e-01
9.301767349243164062e-01
9.327771663665771484e-01
9.285995960235595703e-01
9.313840866088867188e-01
9.326803684234619141e-01
9.277594089508056641e-01
9.308531284332275391e-01
9.306416511535644531e-01
9.335031509399414062e-01
9.243915081024169922e-01
9.304976463317871094e-01
9.357240200042724609e-01
9.288065433502197266e-01
9.319005012512207031e-01
9.312543869018554688e-01
9.341216087341308594e-01
9.367957115173339844e-01
9.358804225921630859e-01
9.316861629486083984e-01
9.316771030426025391e-01
9.270448684692382812e-01
9.320778846740722656e-01
9.376060962677001953e-01
9.323832988739013672e-01
9.298250675201416016e-01
9.341814517974853516e-01
9.329395294189453125e-01
9.369947910308837891e-01
9.440629482269287109e-01
9.287006855010986328e-01
9.356687068939208984e-01
9.433624744415283203e-01
9.409487247467041016e-01
9.432494640350341797e-01
9.463074207305908203e-01
9.397029876708984375e-01
9.324505329132080078e-01
9.375185966491699219e-01
9.377863407135009766e-01
9.284210205078125000e-01
9.307172298431396484e-01
9.366624355316162109e-01
9.281122684478759766e-01
9.301393032073974609e-01
9.385619163513183594e-01
9.384145736694335938e-01
9.375436305999755859e-01
9.343700408935546875e-01
9.312994480133056641e-01
9.425201416015625000e-01
9.321849346160888672e-01
9.329671859741210938e-01
9.359800815582275391e-01
9.400486946105957031e-01
9.336071014404296875e-01
9.276552200317382812e-01
9.324064254760742188e-01
9.377043247222900391e-01
9.385697841644287109e-01
9.330389499664306641e-01
9.327194690704345703e-01
9.253387451171875000e-01
9.458088874816894531e-01
9.296214580535888672e-01
9.319787025451660156e-01
9.328353404998779297e-01
9.390573501586914062e-01
9.337368011474609375e-01
9.372739791870117188e-01
9.373145103454589844e-01
9.405493736267089844e-01
9.360253810882568359e-01
9.362559318542480469e-01
9.380373954772949219e-01
9.398949146270751953e-01
9.359359741210937500e-01
9.320995807647705078e-01
9.370338916778564453e-01
9.403884410858154297e-01
9.395864009857177734e-01
9.385559558868408203e-01
9.353024959564208984e-01
9.332218170166015625e-01
9.365324974060058594e-01
9.371714591979980469e-01
9.365284442901611328e-01
9.381911754608154297e-01
9.390325546264648438e-01
9.360110759735107422e-01
9.327960014343261719e-01
9.297950267791748047e-01
9.297485351562500000e-01
9.384586811065673828e-01
9.319183826446533203e-01
9.286496639251708984e-01
9.308695793151855469e-01
9.350516796112060547e-01
9.293992519378662109e-01
9.301049709320068359e-01
9.304695129394531250e-01
9.276332855224609375e-01
9.319672584533691406e-01
9.295229911804199219e-01
9.262146949768066406e-01
9.301364421844482422e-01
9.276859760284423828e-01
9.254872798919677734e-01
9.296531677246093750e-01
9.301850795745849609e-01
9.266054630279541016e-01
9.303302764892578125e-01
9.287011623382568359e-01
9.292860031127929688e-01
9.322588443756103516e-01
9.306330680847167969e-01
9.307472705841064453e-01
9.371788501739501953e-01
9.318730831146240234e-01
9.280114173889160156e-01
9.321258068084716797e-01
9.308841228485107422e-01
9.315586090087890625e-01
9.347162246704101562e-01
9.305980205535888672e-01
9.328546524047851562e-01
9.279010295867919922e-01
9.343636035919189453e-01
9.325871467590332031e-01
9.304981231689453125e-01
9.339323043823242188e-01
9.298744201660156250e-01
9.339964389801025391e-01
9.328472614288330078e-01
9.309470653533935547e-01
9.353942871093750000e-01
9.264957904815673828e-01
9.301409721374511719e-01
9.331789016723632812e-01
