1.924088001251220703e-01
1.902997493743896484e-01
1.965878009796142578e-01
1.963918209075927734e-01
1.944594383239746094e-01
1.934480667114257812e-01
1.899559497833251953e-01
1.979231834411621094e-01
1.917278766632080078e-01
1.943778991699218750e-01
1.954841613769531250e-01
1.919567584991455078e-01
2.706573009490966797e-01
1.928958892822265625e-01
1.735153198242187500e-01
1.764948368072509766e-01
1.942005157470703125e-01
1.947698593139648438e-01
1.918883323669433594e-01
1.769602298736572266e-01
1.770346164703369141e-01
1.918592453002929688e-01
1.959381103515625000e-01
1.938335895538330078e-01
1.939330101013183594e-01
1.940279006958007812e-01
1.770920753479003906e-01
1.780796051025390625e-01
1.926150321960449219e-01
1.778728961944580078e-01
1.765182018280029297e-01
1.783230304718017578e-01
1.907088756561279297e-01
1.918499469757080078e-01
1.890072822570800781e-01
1.908450126647949219e-01
1.905062198638916016e-01
1.921467781066894531e-01
1.788828372955322266e-01
1.911158561706542969e-01
1.918752193450927734e-01
1.913273334503173828e-01
1.934616565704345703e-01
1.750841140747070312e-01
1.920807361602783203e-01
1.815736293792724609e-01
1.907665729522705078e-01
1.919608116149902344e-01
1.900544166564941406e-01
1.924748420715332031e-01
1.910986900329589844e-01
1.928961277008056641e-01
1.956577301025390625e-01
1.956501007080078125e-01
1.927547454833984375e-01
1.913385391235351562e-01
1.930446624755859375e-01
1.927728652954101562e-01
1.939034461975097656e-01
1.938190460205078125e-01
1.737916469573974609e-01
1.897406578063964844e-01
1.954190731048583984e-01
1.939606666564941406e-01
1.898748874664306641e-01
1.875629425048828125e-01
1.948931217193603516e-01
1.940824985504150391e-01
1.879193782806396484e-01
1.905012130737304688e-01
1.914954185485839844e-01
1.885952949523925781e-01
1.881647109985351562e-01
1.884465217590332031e-01
1.885359287261962891e-01
1.928412914276123047e-01
1.900894641876220703e-01
2.689507007598876953e-01
1.906058788299560547e-01
1.935737133026123047e-01
1.756734848022460938e-01
1.945862770080566406e-01
1.751434803009033203e-01
1.892619132995605469e-01
1.888706684112548828e-01
1.903913021087646484e-01
1.942832469940185547e-01
1.755547523498535156e-01
1.912479400634765625e-01
1.901664733886718750e-01
1.926958560943603516e-01
1.913154125213623047e-01
1.902780532836914062e-01
1.917986869812011719e-01
1.920237541198730469e-01
1.931493282318115234e-01
1.766247749328613281e-01
1.923229694366455078e-01
1.921999454498291016e-01
1.899414062500000000e-01
1.726403236389160156e-01
1.761646270751953125e-01
1.933178901672363281e-01
1.900174617767333984e-01
1.751627922058105469e-01
1.927018165588378906e-01
1.763057708740234375e-01
1.896703243255615234e-01
1.899015903472900391e-01
1.924083232879638672e-01
1.766772270202636719e-01
1.912915706634521484e-01
1.927545070648193359e-01
1.914145946502685547e-01
1.917314529418945312e-01
1.938936710357666016e-01
1.904003620147705078e-01
1.925785541534423828e-01
1.765499114990234375e-01
1.890847682952880859e-01
1.933143138885498047e-01
1.741566658020019531e-01
1.938812732696533203e-01
1.913034915924072266e-01
1.772396564483642578e-01
1.911218166351318359e-01
1.939406394958496094e-01
1.933281421661376953e-01
1.764934062957763672e-01
1.913759708404541016e-01
1.750254631042480469e-01
1.747620105743408203e-01
1.946637630462646484e-01
1.915082931518554688e-01
1.911373138427734375e-01
1.875102519989013672e-01
1.918456554412841797e-01
1.916198730468750000e-01
1.740086078643798828e-01
1.928722858428955078e-01
1.741173267364501953e-01
1.928107738494873047e-01
1.921036243438720703e-01
1.905617713928222656e-01
1.760232448577880859e-01
1.738920211791992188e-01
1.889917850494384766e-01
1.959335803985595703e-01
1.760847568511962891e-01
1.749153137207031250e-01
1.914899349212646484e-01
1.896698474884033203e-01
1.740193367004394531e-01
1.936662197113037109e-01
1.753294467926025391e-01
1.919903755187988281e-01
1.915299892425537109e-01
1.925280094146728516e-01
1.927015781402587891e-01
1.920835971832275391e-01
1.766355037689208984e-01
1.903920173645019531e-01
1.938512325286865234e-01
1.771371364593505859e-01
1.754298210144042969e-01
1.930890083312988281e-01
1.766481399536132812e-01
1.774318218231201172e-01
1.745955944061279297e-01
1.788437366485595703e-01
1.917963027954101562e-01
1.919474601745605469e-01
1.922137737274169922e-01
1.790556907653808594e-01
1.926808357238769531e-01
1.915667057037353516e-01
1.800096035003662109e-01
1.936695575714111328e-01
1.939387321472167969e-01
1.924526691436767578e-01
1.898367404937744141e-01
1.757621765136718750e-01
1.917221546173095703e-01
1.912560462951660156e-01
1.928007602691650391e-01
1.923990249633789062e-01
1.938657760620117188e-01
1.778664588928222656e-01
1.907618045806884766e-01
1.914114952087402344e-01
1.922955513000488281e-01
1.924443244934082031e-01
1.782186031341552734e-01
1.764526367187500000e-01
1.917018890380859375e-01
1.772911548614501953e-01
1.887061595916748047e-01
1.908085346221923828e-01
1.767702102661132812e-01
1.897075176239013672e-01
