3.417359113693237305e+00
1.876640319824218750e+00
1.874052524566650391e+00
1.881716489791870117e+00
1.877816438674926758e+00
1.880128145217895508e+00
1.869220972061157227e+00
1.874395608901977539e+00
1.874773263931274414e+00
1.873200893402099609e+00
1.875387191772460938e+00
1.882825136184692383e+00
1.881808280944824219e+00
1.883158445358276367e+00
1.889839172363281250e+00
1.891836166381835938e+00
1.891036033630371094e+00
1.890562057495117188e+00
1.890074968338012695e+00
1.888187646865844727e+00
1.892196178436279297e+00
1.891532659530639648e+00
1.902425289154052734e+00
1.891880989074707031e+00
1.903851509094238281e+00
1.903108358383178711e+00
1.890731096267700195e+00
1.907051324844360352e+00
1.894913196563720703e+00
1.907692670822143555e+00
1.909814357757568359e+00
1.908972501754760742e+00
1.906165122985839844e+00
1.909039020538330078e+00
1.911396026611328125e+00
1.903799772262573242e+00
1.908206939697265625e+00
1.908889532089233398e+00
1.917182207107543945e+00
1.903638601303100586e+00
1.920084714889526367e+00
1.918054103851318359e+00
1.922502517700195312e+00
1.922261238098144531e+00
1.920913219451904297e+00
1.918292522430419922e+00
1.924397230148315430e+00
1.924507617950439453e+00
1.919354200363159180e+00
1.915037870407104492e+00
1.917689561843872070e+00
1.921319961547851562e+00
1.918679475784301758e+00
1.921980857849121094e+00
1.919024229049682617e+00
1.917299985885620117e+00
1.926091909408569336e+00
1.925922155380249023e+00
1.921160936355590820e+00
1.923601865768432617e+00
1.917488098144531250e+00
1.925612688064575195e+00
1.919188499450683594e+00
1.918667078018188477e+00
1.918674945831298828e+00
1.919346570968627930e+00
1.926969051361083984e+00
1.926876068115234375e+00
1.931044578552246094e+00
1.928469419479370117e+00
1.935482978820800781e+00
1.925929784774780273e+00
1.928991317749023438e+00
1.925325870513916016e+00
1.926029682159423828e+00
1.929728507995605469e+00
1.924324989318847656e+00
1.926196098327636719e+00
1.934887647628784180e+00
1.934558629989624023e+00
1.924743175506591797e+00
1.923370599746704102e+00
1.925343275070190430e+00
1.925865650177001953e+00
1.928242206573486328e+00
1.926185846328735352e+00
1.931402444839477539e+00
1.937188863754272461e+00
1.931521654129028320e+00
1.936528921127319336e+00
1.938080310821533203e+00
1.926423788070678711e+00
1.927602767944335938e+00
1.940680742263793945e+00
1.940639734268188477e+00
1.931395053863525391e+00
1.939625263214111328e+00
1.925657987594604492e+00
1.923810720443725586e+00
1.930029392242431641e+00
1.938435792922973633e+00
1.923930406570434570e+00
1.917184829711914062e+00
1.917755365371704102e+00
1.916489362716674805e+00
1.924442529678344727e+00
1.919278144836425781e+00
1.923144102096557617e+00
1.916577100753784180e+00
1.919791936874389648e+00
1.923037767410278320e+00
1.927742242813110352e+00
1.923165321350097656e+00
1.925282001495361328e+00
1.925047874450683594e+00
1.923310518264770508e+00
1.930358171463012695e+00
1.929077625274658203e+00
1.929996967315673828e+00
1.920414686203002930e+00
1.924976825714111328e+00
1.916508913040161133e+00
1.926760435104370117e+00
1.920665264129638672e+00
1.925722360610961914e+00
1.923497676849365234e+00
1.921796560287475586e+00
1.928077697753906250e+00
1.932221651077270508e+00
1.920113563537597656e+00
1.915792226791381836e+00
1.922161102294921875e+00
1.919413566589355469e+00
1.914170503616333008e+00
1.928905010223388672e+00
1.941450119018554688e+00
1.919391393661499023e+00
1.918452978134155273e+00
1.921143054962158203e+00
1.926383972167968750e+00
1.927165031433105469e+00
1.923248529434204102e+00
1.922171115875244141e+00
1.924358367919921875e+00
1.926099538803100586e+00
1.928374767303466797e+00
1.925284624099731445e+00
1.928634643554687500e+00
1.931809186935424805e+00
1.930047988891601562e+00
1.923118114471435547e+00
1.925503015518188477e+00
1.925708532333374023e+00
1.932404041290283203e+00
1.922689199447631836e+00
1.923038244247436523e+00
1.926481008529663086e+00
1.939081192016601562e+00
1.928400039672851562e+00
1.928911209106445312e+00
1.935105562210083008e+00
1.935330867767333984e+00
1.932450294494628906e+00
1.930913686752319336e+00
1.938396453857421875e+00
1.935971975326538086e+00
1.932761192321777344e+00
1.929379224777221680e+00
1.941815137863159180e+00
1.946879386901855469e+00
1.933483362197875977e+00
1.931730985641479492e+00
1.931581258773803711e+00
1.930049419403076172e+00
1.924791574478149414e+00
1.935388088226318359e+00
1.931473016738891602e+00
1.927341938018798828e+00
1.922123432159423828e+00
1.927545785903930664e+00
1.930454015731811523e+00
1.928565025329589844e+00
1.927014112472534180e+00
1.928802013397216797e+00
1.927962303161621094e+00
1.932281732559204102e+00
1.930686950683593750e+00
1.926179647445678711e+00
1.927829265594482422e+00
1.930738449096679688e+00
1.930077075958251953e+00
1.929442644119262695e+00
1.929291725158691406e+00
1.925602197647094727e+00
1.933621168136596680e+00
1.927738428115844727e+00
1.929831027984619141e+00
1.929735898971557617e+00
1.976993322372436523e+00
1.924603462219238281e+00
