3.360940694808959961e+00
1.852096796035766602e+00
1.845340251922607422e+00
1.855383396148681641e+00
1.849225044250488281e+00
1.850692272186279297e+00
1.822231292724609375e+00
1.848782062530517578e+00
1.854009866714477539e+00
1.853485822677612305e+00
1.850871801376342773e+00
1.864657640457153320e+00
1.861038923263549805e+00
1.865332365036010742e+00
1.859178543090820312e+00
1.863679885864257812e+00
1.859168052673339844e+00
1.866109848022460938e+00
1.854359149932861328e+00
1.861852884292602539e+00
1.862799406051635742e+00
1.864646911621093750e+00
1.867779731750488281e+00
1.867649793624877930e+00
1.870214223861694336e+00
1.879947423934936523e+00
1.863651275634765625e+00
1.864872217178344727e+00
1.872234582901000977e+00
1.876302242279052734e+00
1.874738216400146484e+00
1.876853704452514648e+00
1.881293535232543945e+00
1.879172563552856445e+00
1.889735460281372070e+00
1.878544569015502930e+00
1.879011869430541992e+00
1.880155086517333984e+00
1.879817485809326172e+00
1.880709409713745117e+00
1.884038925170898438e+00
1.898580551147460938e+00
1.827445745468139648e+00
1.825398206710815430e+00
1.828611612319946289e+00
1.846922636032104492e+00
1.962718009948730469e+00
1.907353878021240234e+00
1.837767839431762695e+00
1.830337762832641602e+00
1.827606201171875000e+00
1.831194639205932617e+00
1.838306665420532227e+00
1.842438459396362305e+00
1.848793983459472656e+00
1.850971937179565430e+00
1.843307256698608398e+00
1.841153621673583984e+00
1.847590684890747070e+00
1.835230112075805664e+00
1.830599784851074219e+00
1.837154626846313477e+00
1.829168319702148438e+00
1.833407402038574219e+00
1.896295785903930664e+00
1.840334653854370117e+00
1.835348606109619141e+00
1.843223094940185547e+00
1.853164196014404297e+00
1.846944093704223633e+00
1.842748403549194336e+00
1.857167482376098633e+00
1.844873428344726562e+00
1.840595960617065430e+00
1.845228672027587891e+00
1.839438438415527344e+00
1.861121177673339844e+00
1.860056400299072266e+00
1.862288713455200195e+00
1.918359518051147461e+00
1.892156362533569336e+00
1.909659862518310547e+00
1.896621704101562500e+00
1.903269529342651367e+00
1.900782823562622070e+00
1.891919612884521484e+00
1.887423515319824219e+00
1.905545711517333984e+00
1.887706041336059570e+00
1.900430202484130859e+00
1.903512716293334961e+00
1.939736843109130859e+00
1.894255399703979492e+00
1.898428916931152344e+00
1.897183656692504883e+00
1.867646455764770508e+00
1.868108034133911133e+00
1.856136083602905273e+00
1.901346445083618164e+00
1.883583784103393555e+00
1.902232885360717773e+00
1.886899948120117188e+00
1.888287544250488281e+00
1.890958786010742188e+00
1.890351057052612305e+00
1.904243946075439453e+00
1.894489765167236328e+00
1.909510374069213867e+00
1.903640508651733398e+00
1.903790235519409180e+00
1.898731708526611328e+00
1.894329071044921875e+00
1.908622741699218750e+00
1.896716117858886719e+00
1.911814689636230469e+00
1.888090848922729492e+00
1.887635469436645508e+00
1.897639513015747070e+00
1.893944025039672852e+00
1.903413057327270508e+00
1.890775442123413086e+00
1.893768548965454102e+00
1.902506828308105469e+00
1.895859479904174805e+00
1.891728162765502930e+00
1.893588304519653320e+00
1.896708488464355469e+00
1.895874977111816406e+00
1.909029245376586914e+00
1.899489641189575195e+00
1.892440319061279297e+00
1.895647764205932617e+00
1.896871089935302734e+00
1.896508932113647461e+00
1.885876655578613281e+00
1.897226333618164062e+00
1.886163473129272461e+00
1.891923189163208008e+00
1.892966270446777344e+00
1.901390552520751953e+00
1.898264884948730469e+00
1.898969411849975586e+00
1.901989221572875977e+00
1.896050453186035156e+00
1.890966892242431641e+00
1.900031328201293945e+00
1.901999473571777344e+00
1.945638179779052734e+00
1.898018598556518555e+00
1.895888566970825195e+00
1.896284341812133789e+00
1.906843900680541992e+00
1.899341344833374023e+00
1.895467281341552734e+00
1.892071962356567383e+00
1.908493995666503906e+00
1.898623466491699219e+00
1.899660825729370117e+00
1.905069828033447266e+00
1.898520469665527344e+00
1.896370649337768555e+00
1.919289588928222656e+00
1.856284856796264648e+00
1.857368946075439453e+00
1.880608558654785156e+00
1.896903276443481445e+00
1.905072927474975586e+00
1.902338504791259766e+00
1.897605895996093750e+00
1.907960653305053711e+00
1.894842147827148438e+00
1.905065774917602539e+00
1.899771928787231445e+00
1.899953126907348633e+00
1.907174348831176758e+00
1.898502111434936523e+00
1.885716199874877930e+00
1.902647018432617188e+00
1.905598163604736328e+00
1.900353431701660156e+00
1.902075290679931641e+00
1.905493974685668945e+00
1.902173757553100586e+00
1.899428844451904297e+00
1.914377689361572266e+00
1.902025461196899414e+00
1.898354291915893555e+00
1.902496814727783203e+00
1.932365894317626953e+00
1.899395704269409180e+00
1.927497863769531250e+00
1.899060964584350586e+00
1.902957677841186523e+00
1.903119087219238281e+00
1.904365301132202148e+00
1.894221305847167969e+00
1.911907196044921875e+00
1.859727621078491211e+00
1.858075380325317383e+00
1.855952739715576172e+00
