3.382278203964233398e+00
1.842257261276245117e+00
1.836328744888305664e+00
1.845590353012084961e+00
1.838563203811645508e+00
1.856405258178710938e+00
1.847361087799072266e+00
1.852108001708984375e+00
1.857134342193603516e+00
1.857575654983520508e+00
1.860418081283569336e+00
1.866039514541625977e+00
1.860423326492309570e+00
1.853413105010986328e+00
1.868696451187133789e+00
1.873025655746459961e+00
1.873443603515625000e+00
1.867503404617309570e+00
1.874678611755371094e+00
1.865726947784423828e+00
1.873490095138549805e+00
1.871114730834960938e+00
1.887221574783325195e+00
1.869262933731079102e+00
1.887582302093505859e+00
1.885047435760498047e+00
1.875061273574829102e+00
1.895185708999633789e+00
1.883184671401977539e+00
1.889101743698120117e+00
1.883581638336181641e+00
1.883095502853393555e+00
1.882390975952148438e+00
1.879761219024658203e+00
1.882444620132446289e+00
1.880221605300903320e+00
1.884466171264648438e+00
1.883615970611572266e+00
1.895159721374511719e+00
1.877992153167724609e+00
1.891067028045654297e+00
1.889995813369750977e+00
1.897870779037475586e+00
1.893395423889160156e+00
1.892084360122680664e+00
1.885973215103149414e+00
1.891639232635498047e+00
1.892961502075195312e+00
1.894669532775878906e+00
1.888465881347656250e+00
1.888894319534301758e+00
1.890254497528076172e+00
1.887613296508789062e+00
1.892970323562622070e+00
1.884081602096557617e+00
1.888692617416381836e+00
1.891229391098022461e+00
1.890498638153076172e+00
1.888520002365112305e+00
1.893553256988525391e+00
1.889786243438720703e+00
1.892995834350585938e+00
1.887067794799804688e+00
1.893851041793823242e+00
1.887731552124023438e+00
1.889752864837646484e+00
1.903196573257446289e+00
1.899860143661499023e+00
1.903261184692382812e+00
1.899747610092163086e+00
1.905368566513061523e+00
1.895713806152343750e+00
1.900187730789184570e+00
1.897727489471435547e+00
1.896087646484375000e+00
1.898816823959350586e+00
1.895564317703247070e+00
1.897126913070678711e+00
1.905711650848388672e+00
1.902738571166992188e+00
1.895076274871826172e+00
1.891290903091430664e+00
1.898018836975097656e+00
1.895786285400390625e+00
1.894597530364990234e+00
1.890976667404174805e+00
1.896400213241577148e+00
1.901321411132812500e+00
1.891360521316528320e+00
1.901573896408081055e+00
1.908201217651367188e+00
1.896368026733398438e+00
1.898518323898315430e+00
1.903407096862792969e+00
1.910362243652343750e+00
1.899370431900024414e+00
1.905835866928100586e+00
1.895988702774047852e+00
1.898897409439086914e+00
1.903424739837646484e+00
1.910346746444702148e+00
1.906267881393432617e+00
1.902489185333251953e+00
1.897207736968994141e+00
1.897084712982177734e+00
1.903745651245117188e+00
1.896625041961669922e+00
1.904455900192260742e+00
1.896300554275512695e+00
1.899713754653930664e+00
1.898395538330078125e+00
1.901438951492309570e+00
1.902202129364013672e+00
1.898124456405639648e+00
1.900055170059204102e+00
1.900000095367431641e+00
1.904389142990112305e+00
1.898946285247802734e+00
1.903933048248291016e+00
1.894149780273437500e+00
1.899502754211425781e+00
1.889818906784057617e+00
1.896122455596923828e+00
1.894088506698608398e+00
1.895951509475708008e+00
1.892910480499267578e+00
1.896039962768554688e+00
1.899582862854003906e+00
1.897920846939086914e+00
1.892939567565917969e+00
1.890555381774902344e+00
1.895258188247680664e+00
1.889941215515136719e+00
1.888576507568359375e+00
1.900513172149658203e+00
1.909426212310791016e+00
1.891238689422607422e+00
1.892206907272338867e+00
1.894203901290893555e+00
1.898787498474121094e+00
1.900699377059936523e+00
1.897768020629882812e+00
1.902898073196411133e+00
1.898181438446044922e+00
1.896982669830322266e+00
1.899447202682495117e+00
1.897094249725341797e+00
1.898653984069824219e+00
1.902209281921386719e+00
1.899674892425537109e+00
1.894560098648071289e+00
1.904515504837036133e+00
1.903574705123901367e+00
1.903830528259277344e+00
1.903772115707397461e+00
1.908653020858764648e+00
1.901258468627929688e+00
1.906257152557373047e+00
1.899396896362304688e+00
1.900908231735229492e+00
1.905303478240966797e+00
1.906215906143188477e+00
1.903231859207153320e+00
1.905960559844970703e+00
1.909787893295288086e+00
1.910310268402099609e+00
1.911420345306396484e+00
1.901103019714355469e+00
1.917196273803710938e+00
1.908722162246704102e+00
1.911754369735717773e+00
1.909124612808227539e+00
1.905649185180664062e+00
1.907523870468139648e+00
1.901530027389526367e+00
1.916107892990112305e+00
1.911723136901855469e+00
1.912316799163818359e+00
1.906919240951538086e+00
1.905858993530273438e+00
1.913300275802612305e+00
1.910311937332153320e+00
1.910413742065429688e+00
1.909181356430053711e+00
1.908237934112548828e+00
1.915001869201660156e+00
1.912684440612792969e+00
1.910939455032348633e+00
1.908993959426879883e+00
1.916447877883911133e+00
1.908601284027099609e+00
1.907998561859130859e+00
1.910184621810913086e+00
1.915065526962280273e+00
1.914210319519042969e+00
1.905496597290039062e+00
1.914822101593017578e+00
1.914461135864257812e+00
1.921288013458251953e+00
1.919421672821044922e+00
