1.369576692581176758e+00
1.294141769409179688e+00
1.269570350646972656e+00
1.372294187545776367e+00
1.259147167205810547e+00
1.294398069381713867e+00
1.285563707351684570e+00
1.280130386352539062e+00
1.364357709884643555e+00
1.260381698608398438e+00
1.274243354797363281e+00
1.275061607360839844e+00
1.240678548812866211e+00
1.248642206192016602e+00
1.269084215164184570e+00
1.233731508255004883e+00
1.239212274551391602e+00
1.255517005920410156e+00
1.250287055969238281e+00
1.243278264999389648e+00
1.273314476013183594e+00
1.271956920623779297e+00
1.250620126724243164e+00
1.331636428833007812e+00
1.274706602096557617e+00
1.248995304107666016e+00
1.250581264495849609e+00
1.287773847579956055e+00
1.253289461135864258e+00
1.250222921371459961e+00
1.258103132247924805e+00
1.246636629104614258e+00
1.235178232192993164e+00
1.237195014953613281e+00
1.249050140380859375e+00
1.233834981918334961e+00
1.235342502593994141e+00
1.265826463699340820e+00
1.237310171127319336e+00
1.226404428482055664e+00
1.263940334320068359e+00
1.235420703887939453e+00
1.236781835556030273e+00
1.259193181991577148e+00
1.244595527648925781e+00
1.236503839492797852e+00
1.256256341934204102e+00
1.245533704757690430e+00
1.229516506195068359e+00
1.233002662658691406e+00
1.245503425598144531e+00
1.251779794692993164e+00
1.322097063064575195e+00
1.235243797302246094e+00
1.246633052825927734e+00
1.235609292984008789e+00
1.247499704360961914e+00
1.247727155685424805e+00
1.231750965118408203e+00
1.241402626037597656e+00
1.242039442062377930e+00
1.238441467285156250e+00
1.324048280715942383e+00
1.246634006500244141e+00
1.251940727233886719e+00
1.249140977859497070e+00
1.251713037490844727e+00
1.227042436599731445e+00
1.238515615463256836e+00
1.242913484573364258e+00
1.241663217544555664e+00
1.246497631072998047e+00
1.251731634140014648e+00
1.253979682922363281e+00
1.241619825363159180e+00
1.234662532806396484e+00
1.253852844238281250e+00
1.251326322555541992e+00
1.239901542663574219e+00
1.255821228027343750e+00
1.251481056213378906e+00
1.252991676330566406e+00
1.254773378372192383e+00
1.230641603469848633e+00
1.254305362701416016e+00
1.246448040008544922e+00
1.236471176147460938e+00
1.257951021194458008e+00
1.237532615661621094e+00
1.236267328262329102e+00
1.248835563659667969e+00
1.241952896118164062e+00
1.347258329391479492e+00
1.235544919967651367e+00
1.248411417007446289e+00
1.254973411560058594e+00
1.241754293441772461e+00
1.255669116973876953e+00
1.234682083129882812e+00
1.262524366378784180e+00
1.243269681930541992e+00
1.242058038711547852e+00
1.243555068969726562e+00
1.330007553100585938e+00
1.245992898941040039e+00
1.236301898956298828e+00
1.233553409576416016e+00
1.241285562515258789e+00
1.256678819656372070e+00
1.244930982589721680e+00
1.248962402343750000e+00
1.240504980087280273e+00
1.245231866836547852e+00
1.249153852462768555e+00
1.252618551254272461e+00
1.244215250015258789e+00
1.238440275192260742e+00
1.236463546752929688e+00
1.326494693756103516e+00
1.269472599029541016e+00
1.232890844345092773e+00
1.241827964782714844e+00
1.224235773086547852e+00
1.234856605529785156e+00
1.242243289947509766e+00
1.238972425460815430e+00
1.264412403106689453e+00
1.250672101974487305e+00
1.334387779235839844e+00
1.251730680465698242e+00
1.244168996810913086e+00
1.233305692672729492e+00
1.244706869125366211e+00
1.351210832595825195e+00
1.247063636779785156e+00
1.232870101928710938e+00
1.273388385772705078e+00
1.245938777923583984e+00
1.340754032135009766e+00
1.245110273361206055e+00
1.266881704330444336e+00
1.249232053756713867e+00
1.227204322814941406e+00
1.346268892288208008e+00
1.254403352737426758e+00
1.237716913223266602e+00
1.247572660446166992e+00
1.238667011260986328e+00
1.239077568054199219e+00
1.231528759002685547e+00
1.250895500183105469e+00
1.231025695800781250e+00
1.239602565765380859e+00
1.241782903671264648e+00
1.253310203552246094e+00
1.235620498657226562e+00
1.232520103454589844e+00
1.251200437545776367e+00
1.332853078842163086e+00
1.230607509613037109e+00
1.257116794586181641e+00
1.256255865097045898e+00
1.236079931259155273e+00
1.233806371688842773e+00
1.266086339950561523e+00
1.240843772888183594e+00
1.236799716949462891e+00
1.246413469314575195e+00
1.265504837036132812e+00
1.327856302261352539e+00
1.244821548461914062e+00
1.253756046295166016e+00
1.234771490097045898e+00
1.255559921264648438e+00
1.330124378204345703e+00
1.260219812393188477e+00
1.246919393539428711e+00
1.229672431945800781e+00
1.247512578964233398e+00
1.340598821640014648e+00
1.252476215362548828e+00
1.246419906616210938e+00
1.257892847061157227e+00
1.250606060028076172e+00
1.335373878479003906e+00
1.266232013702392578e+00
1.267305850982666016e+00
1.238825321197509766e+00
1.248590469360351562e+00
1.265909910202026367e+00
1.242445468902587891e+00
1.237710714340209961e+00
1.263720273971557617e+00
1.243163824081420898e+00
1.246863603591918945e+00
1.259344100952148438e+00
1.251881837844848633e+00
1.238015890121459961e+00
1.268635272979736328e+00
1.248838663101196289e+00
