1.369565725326538086e+00
1.294096469879150391e+00
1.269560575485229492e+00
1.372289657592773438e+00
1.259136438369750977e+00
1.294383287429809570e+00
1.285564899444580078e+00
1.280125617980957031e+00
1.364351272583007812e+00
1.260401964187622070e+00
1.274232387542724609e+00
1.275077581405639648e+00
1.240686178207397461e+00
1.248644113540649414e+00
1.269092559814453125e+00
1.233733415603637695e+00
1.239213705062866211e+00
1.255496263504028320e+00
1.250276565551757812e+00
1.243253707885742188e+00
1.273299932479858398e+00
1.271963596343994141e+00
1.250609159469604492e+00
1.331637859344482422e+00
1.274697780609130859e+00
1.249009847640991211e+00
1.250581979751586914e+00
1.287764549255371094e+00
1.253290891647338867e+00
1.250236988067626953e+00
1.258098602294921875e+00
1.246660947799682617e+00
1.235190153121948242e+00
1.237206459045410156e+00
1.249055147171020508e+00
1.233831405639648438e+00
1.235342264175415039e+00
1.265826225280761719e+00
1.237315416336059570e+00
1.226415157318115234e+00
1.263931751251220703e+00
1.235413551330566406e+00
1.236769676208496094e+00
1.259191751480102539e+00
1.244568347930908203e+00
1.236511945724487305e+00
1.256265640258789062e+00
1.245530605316162109e+00
1.229513883590698242e+00
1.232996940612792969e+00
1.245501995086669922e+00
1.251773118972778320e+00
1.322100877761840820e+00
1.235228776931762695e+00
1.246626853942871094e+00
1.235608816146850586e+00
1.247502565383911133e+00
1.247727394104003906e+00
1.231738567352294922e+00
1.241393327713012695e+00
1.242047548294067383e+00
1.238432645797729492e+00
1.324058294296264648e+00
1.246654272079467773e+00
1.251948595046997070e+00
1.249146223068237305e+00
1.251721620559692383e+00
1.227039337158203125e+00
1.238512039184570312e+00
1.242920398712158203e+00
1.241666793823242188e+00
1.246511220932006836e+00
1.251731634140014648e+00
1.253978967666625977e+00
1.241606950759887695e+00
1.234678983688354492e+00
1.253867626190185547e+00
1.251312494277954102e+00
1.239887475967407227e+00
1.255823612213134766e+00
1.251483917236328125e+00
1.252954721450805664e+00
1.254784107208251953e+00
1.230625152587890625e+00
1.254313945770263672e+00
1.246443510055541992e+00
1.236459493637084961e+00
1.257965564727783203e+00
1.237517833709716797e+00
1.236280202865600586e+00
1.248828649520874023e+00
1.241956233978271484e+00
1.347254037857055664e+00
1.235531330108642578e+00
1.248428344726562500e+00
1.254987239837646484e+00
1.241763830184936523e+00
1.255662918090820312e+00
1.234683275222778320e+00
1.262538909912109375e+00
1.243271827697753906e+00
1.242042064666748047e+00
1.243572950363159180e+00
1.329998970031738281e+00
1.245993137359619141e+00
1.236280441284179688e+00
1.233546495437622070e+00
1.241278409957885742e+00
1.256675481796264648e+00
1.244926691055297852e+00
1.248961687088012695e+00
1.240502834320068359e+00
1.245224237442016602e+00
1.249153614044189453e+00
1.252603292465209961e+00
1.244222879409790039e+00
1.238441467285156250e+00
1.236455440521240234e+00
1.326509475708007812e+00
1.269473552703857422e+00
1.232899904251098633e+00
1.241811275482177734e+00
1.224233388900756836e+00
1.234862327575683594e+00
1.242236852645874023e+00
1.238977432250976562e+00
1.264410495758056641e+00
1.250671625137329102e+00
1.334390401840209961e+00
1.251731634140014648e+00
1.244180679321289062e+00
1.233310222625732422e+00
1.244716405868530273e+00
1.351201534271240234e+00
1.247045040130615234e+00
1.232878684997558594e+00
1.273407459259033203e+00
1.245930910110473633e+00
1.340761899948120117e+00
1.245101690292358398e+00
1.266888141632080078e+00
1.249219655990600586e+00
1.227199792861938477e+00
1.346272945404052734e+00
1.254396438598632812e+00
1.237726449966430664e+00
1.247572898864746094e+00
1.238647460937500000e+00
1.239077806472778320e+00
1.231512784957885742e+00
1.250908613204956055e+00
1.231027364730834961e+00
1.239599466323852539e+00
1.241784572601318359e+00
1.253314018249511719e+00
1.235629796981811523e+00
1.232513189315795898e+00
1.251204967498779297e+00
1.332852125167846680e+00
1.230592250823974609e+00
1.257107257843017578e+00
1.256265640258789062e+00
1.236089229583740234e+00
1.233820199966430664e+00
1.266097545623779297e+00
1.240832805633544922e+00
1.236800193786621094e+00
1.246419668197631836e+00
1.265503168106079102e+00
1.327857017517089844e+00
1.244825601577758789e+00
1.253764390945434570e+00
1.234780073165893555e+00
1.255547523498535156e+00
1.330124378204345703e+00
1.260234117507934570e+00
1.246903657913208008e+00
1.229680776596069336e+00
1.247519016265869141e+00
1.340593099594116211e+00
1.252480983734130859e+00
1.246428251266479492e+00
1.257882595062255859e+00
1.250590562820434570e+00
1.335369110107421875e+00
1.266227006912231445e+00
1.267306327819824219e+00
1.238826751708984375e+00
1.248583555221557617e+00
1.265897035598754883e+00
1.242450952529907227e+00
1.237715005874633789e+00
1.263701200485229492e+00
1.243158817291259766e+00
1.246863842010498047e+00
1.259351491928100586e+00
1.251889944076538086e+00
1.238019943237304688e+00
1.268650293350219727e+00
1.248834133148193359e+00
