1.914949417114257812e+00
4.272224903106689453e-01
4.102962017059326172e-01
4.082665443420410156e-01
4.042313098907470703e-01
4.071140289306640625e-01
4.056589603424072266e-01
4.071757793426513672e-01
4.071605205535888672e-01
4.069223403930664062e-01
4.086933135986328125e-01
4.084477424621582031e-01
4.080533981323242188e-01
4.120965003967285156e-01
4.144244194030761719e-01
4.114692211151123047e-01
4.103782176971435547e-01
4.121057987213134766e-01
4.104979038238525391e-01
4.109177589416503906e-01
4.120488166809082031e-01
4.123287200927734375e-01
4.117608070373535156e-01
4.117057323455810547e-01
4.132084846496582031e-01
4.120872020721435547e-01
4.112730026245117188e-01
4.129068851470947266e-01
4.116113185882568359e-01
4.125463962554931641e-01
4.117553234100341797e-01
4.124696254730224609e-01
4.124658107757568359e-01
4.111490249633789062e-01
4.131667613983154297e-01
4.115021228790283203e-01
4.117343425750732422e-01
4.137468338012695312e-01
4.125804901123046875e-01
4.136073589324951172e-01
4.144530296325683594e-01
4.128639698028564453e-01
4.116897583007812500e-01
4.116039276123046875e-01
4.136281013488769531e-01
4.131233692169189453e-01
4.142343997955322266e-01
4.142925739288330078e-01
4.124615192413330078e-01
4.125919342041015625e-01
4.119489192962646484e-01
4.134895801544189453e-01
4.123809337615966797e-01
4.120011329650878906e-01
4.186723232269287109e-01
4.174137115478515625e-01
4.164421558380126953e-01
4.180290699005126953e-01
4.184396266937255859e-01
4.175760746002197266e-01
4.165844917297363281e-01
4.174036979675292969e-01
4.124491214752197266e-01
4.128336906433105469e-01
4.165110588073730469e-01
4.180529117584228516e-01
4.162242412567138672e-01
4.158413410186767578e-01
4.158618450164794922e-01
4.150631427764892578e-01
4.156513214111328125e-01
4.167172908782958984e-01
4.149947166442871094e-01
4.160623550415039062e-01
4.170775413513183594e-01
4.165146350860595703e-01
4.153997898101806641e-01
4.193332195281982422e-01
4.187219142913818359e-01
4.192662239074707031e-01
4.191696643829345703e-01
4.209790229797363281e-01
4.200515747070312500e-01
4.191808700561523438e-01
4.216825962066650391e-01
4.210414886474609375e-01
4.209895133972167969e-01
4.202611446380615234e-01
4.205725193023681641e-01
4.208400249481201172e-01
4.169137477874755859e-01
4.182851314544677734e-01
4.169468879699707031e-01
4.177327156066894531e-01
4.186730384826660156e-01
4.189321994781494141e-01
4.176223278045654297e-01
4.189093112945556641e-01
4.183328151702880859e-01
4.172327518463134766e-01
4.186346530914306641e-01
4.179427623748779297e-01
4.228322505950927734e-01
4.226210117340087891e-01
4.249525070190429688e-01
4.247918128967285156e-01
4.265174865722656250e-01
4.241390228271484375e-01
4.291718006134033203e-01
4.280445575714111328e-01
4.255318641662597656e-01
4.237596988677978516e-01
4.242913722991943359e-01
4.220724105834960938e-01
4.255001544952392578e-01
4.268560409545898438e-01
4.271802902221679688e-01
4.273619651794433594e-01
4.265949726104736328e-01
4.249370098114013672e-01
4.236128330230712891e-01
4.242205619812011719e-01
4.252235889434814453e-01
4.245541095733642578e-01
4.302291870117187500e-01
4.264862537384033203e-01
4.271564483642578125e-01
4.259161949157714844e-01
4.281365871429443359e-01
4.278306961059570312e-01
4.281930923461914062e-01
4.282519817352294922e-01
4.282588958740234375e-01
4.241671562194824219e-01
4.231319427490234375e-01
4.240934848785400391e-01
4.226620197296142578e-01
4.234302043914794922e-01
4.239463806152343750e-01
4.242880344390869141e-01
4.340746402740478516e-01
4.313237667083740234e-01
4.293971061706542969e-01
4.293978214263916016e-01
4.294056892395019531e-01
4.276132583618164062e-01
4.274539947509765625e-01
4.294734001159667969e-01
4.265949726104736328e-01
4.249489307403564453e-01
4.255058765411376953e-01
4.260442256927490234e-01
4.248065948486328125e-01
4.230859279632568359e-01
4.216365814208984375e-01
4.231686592102050781e-01
4.248056411743164062e-01
4.238464832305908203e-01
4.263763427734375000e-01
4.238102436065673828e-01
4.245338439941406250e-01
4.266548156738281250e-01
4.266760349273681641e-01
4.273760318756103516e-01
4.270935058593750000e-01
4.265193939208984375e-01
4.254789352416992188e-01
4.259996414184570312e-01
4.274487495422363281e-01
4.285447597503662109e-01
4.275887012481689453e-01
4.284205436706542969e-01
4.316768646240234375e-01
4.286170005798339844e-01
4.301438331604003906e-01
4.308273792266845703e-01
4.298894405364990234e-01
4.279084205627441406e-01
4.247498512268066406e-01
4.253680706024169922e-01
4.226508140563964844e-01
4.252939224243164062e-01
4.259405136108398438e-01
4.252362251281738281e-01
4.246702194213867188e-01
4.258427619934082031e-01
4.257864952087402344e-01
4.250018596649169922e-01
4.261875152587890625e-01
4.247992038726806641e-01
4.236702919006347656e-01
4.231898784637451172e-01
4.237596988677978516e-01
4.242081642150878906e-01
4.247701168060302734e-01
4.256393909454345703e-01
4.278903007507324219e-01
4.259049892425537109e-01
4.260728359222412109e-01
4.263682365417480469e-01
