1.369578838348388672e+00
1.294144392013549805e+00
1.269567489624023438e+00
1.372296810150146484e+00
1.259143590927124023e+00
1.294403076171875000e+00
1.285565853118896484e+00
1.280130147933959961e+00
1.364355564117431641e+00
1.260385274887084961e+00
1.274242877960205078e+00
1.275061845779418945e+00
1.240679979324340820e+00
1.248641252517700195e+00
1.269093990325927734e+00
1.233732700347900391e+00
1.239211797714233398e+00
1.255520105361938477e+00
1.250293016433715820e+00
1.243276119232177734e+00
1.273316383361816406e+00
1.271957159042358398e+00
1.250621318817138672e+00
1.331635713577270508e+00
1.274707555770874023e+00
1.248996973037719727e+00
1.250581741333007812e+00
1.287776231765747070e+00
1.253298521041870117e+00
1.250223398208618164e+00
1.258106231689453125e+00
1.246634006500244141e+00
1.235182762145996094e+00
1.237195491790771484e+00
1.249048948287963867e+00
1.233840703964233398e+00
1.235347509384155273e+00
1.265827178955078125e+00
1.237315177917480469e+00
1.226400136947631836e+00
1.263942003250122070e+00
1.235422611236572266e+00
1.236776113510131836e+00
1.259195804595947266e+00
1.244599342346191406e+00
1.236501932144165039e+00
1.256258964538574219e+00
1.245533466339111328e+00
1.229519367218017578e+00
1.233003139495849609e+00
1.245506525039672852e+00
1.251787185668945312e+00
1.322098970413208008e+00
1.235241651535034180e+00
1.246634483337402344e+00
1.235611200332641602e+00
1.247499704360961914e+00
1.247728824615478516e+00
1.231754541397094727e+00
1.241405010223388672e+00
1.242038011550903320e+00
1.238447666168212891e+00
1.324049711227416992e+00
1.246635913848876953e+00
1.251930236816406250e+00
1.249141931533813477e+00
1.251713752746582031e+00
1.227046489715576172e+00
1.238519668579101562e+00
1.242913961410522461e+00
1.241665124893188477e+00
1.246497869491577148e+00
1.251731395721435547e+00
1.253982067108154297e+00
1.241620302200317383e+00
1.234663486480712891e+00
1.253856658935546875e+00
1.251326560974121094e+00
1.239907026290893555e+00
1.255823850631713867e+00
1.251483440399169922e+00
1.252996683120727539e+00
1.254775762557983398e+00
1.230643987655639648e+00
1.254304409027099609e+00
1.246448040008544922e+00
1.236470699310302734e+00
1.257949352264404297e+00
1.237530469894409180e+00
1.236265659332275391e+00
1.248839139938354492e+00
1.241951942443847656e+00
1.347259759902954102e+00
1.235547065734863281e+00
1.248410701751708984e+00
1.254973411560058594e+00
1.241755485534667969e+00
1.255671501159667969e+00
1.234680891036987305e+00
1.262526988983154297e+00
1.243271112442016602e+00
1.242062091827392578e+00
1.243573188781738281e+00
1.330010175704956055e+00
1.245992422103881836e+00
1.236300706863403320e+00
1.233555078506469727e+00
1.241289138793945312e+00
1.256680488586425781e+00
1.244928359985351562e+00
1.248964071273803711e+00
1.240504741668701172e+00
1.245228528976440430e+00
1.249155044555664062e+00
1.252619266510009766e+00
1.244216680526733398e+00
1.238440990447998047e+00
1.236466407775878906e+00
1.326500415802001953e+00
1.269472599029541016e+00
1.232888698577880859e+00
1.241822719573974609e+00
1.224243640899658203e+00
1.234855175018310547e+00
1.242249965667724609e+00
1.238973855972290039e+00
1.264414787292480469e+00
1.250670433044433594e+00
1.334390640258789062e+00
1.251730918884277344e+00
1.244172334671020508e+00
1.233304262161254883e+00
1.244714975357055664e+00
1.351213216781616211e+00
1.247067689895629883e+00
1.232870101928710938e+00
1.273391485214233398e+00
1.245936870574951172e+00
1.340758323669433594e+00
1.245111465454101562e+00
1.266884088516235352e+00
1.249238014221191406e+00
1.227208137512207031e+00
1.346268177032470703e+00
1.254398822784423828e+00
1.237715482711791992e+00
1.247578144073486328e+00
1.238665342330932617e+00
1.239077091217041016e+00
1.231529712677001953e+00
1.250892400741577148e+00
1.231024980545043945e+00
1.239603042602539062e+00
1.241783857345581055e+00
1.253307580947875977e+00
1.235620975494384766e+00
1.232521772384643555e+00
1.251200199127197266e+00
1.332855224609375000e+00
1.230606079101562500e+00
1.257120370864868164e+00
1.256254911422729492e+00
1.236078023910522461e+00
1.233804464340209961e+00
1.266089677810668945e+00
1.240844011306762695e+00
1.236796140670776367e+00
1.246417045593261719e+00
1.265505552291870117e+00
1.327855587005615234e+00
1.244822025299072266e+00
1.253758907318115234e+00
1.234768867492675781e+00
1.255562305450439453e+00
1.330126285552978516e+00
1.260219573974609375e+00
1.246921539306640625e+00
1.229674577713012695e+00
1.247513532638549805e+00
1.340602636337280273e+00
1.252479553222656250e+00
1.246419668197631836e+00
1.257900238037109375e+00
1.250613212585449219e+00
1.335376501083374023e+00
1.266236066818237305e+00
1.267309188842773438e+00
1.238827228546142578e+00
1.248591661453247070e+00
1.265915393829345703e+00
1.242450237274169922e+00
1.237715005874633789e+00
1.263720035552978516e+00
1.243172883987426758e+00
1.246865987777709961e+00
1.259346961975097656e+00
1.251883506774902344e+00
1.238017082214355469e+00
1.268634080886840820e+00
1.248832225799560547e+00
