1.369568824768066406e+00
1.294098615646362305e+00
1.269559860229492188e+00
1.372288942337036133e+00
1.259135484695434570e+00
1.294384479522705078e+00
1.285567283630371094e+00
1.280125617980957031e+00
1.364352464675903320e+00
1.260401487350463867e+00
1.274232387542724609e+00
1.275076866149902344e+00
1.240686416625976562e+00
1.248643159866333008e+00
1.269094705581665039e+00
1.233732223510742188e+00
1.239212989807128906e+00
1.255499124526977539e+00
1.250277519226074219e+00
1.243256807327270508e+00
1.273302555084228516e+00
1.271965980529785156e+00
1.250610828399658203e+00
1.331637859344482422e+00
1.274699926376342773e+00
1.249010801315307617e+00
1.250581741333007812e+00
1.287767410278320312e+00
1.253294467926025391e+00
1.250236749649047852e+00
1.258100509643554688e+00
1.246658563613891602e+00
1.235190629959106445e+00
1.237206697463989258e+00
1.249048471450805664e+00
1.233831644058227539e+00
1.235344171524047852e+00
1.265825748443603516e+00
1.237315654754638672e+00
1.226416349411010742e+00
1.263932228088378906e+00
1.235414743423461914e+00
1.236768484115600586e+00
1.259194374084472656e+00
1.244570732116699219e+00
1.236510276794433594e+00
1.256266117095947266e+00
1.245531797409057617e+00
1.229516267776489258e+00
1.232999801635742188e+00
1.245504856109619141e+00
1.251774072647094727e+00
1.322098255157470703e+00
1.235227584838867188e+00
1.246625661849975586e+00
1.235609054565429688e+00
1.247502326965332031e+00
1.247727394104003906e+00
1.231740713119506836e+00
1.241395950317382812e+00
1.242048740386962891e+00
1.238432168960571289e+00
1.324059486389160156e+00
1.246654510498046875e+00
1.251947641372680664e+00
1.249148845672607422e+00
1.251722574234008789e+00
1.227037668228149414e+00
1.238512516021728516e+00
1.242922067642211914e+00
1.241666316986083984e+00
1.246510744094848633e+00
1.251731157302856445e+00
1.253976345062255859e+00
1.241607189178466797e+00
1.234678030014038086e+00
1.253870487213134766e+00
1.251311302185058594e+00
1.239889860153198242e+00
1.255825281143188477e+00
1.251484155654907227e+00
1.252957582473754883e+00
1.254786014556884766e+00
1.230626583099365234e+00
1.254311561584472656e+00
1.246443748474121094e+00
1.236456394195556641e+00
1.257963180541992188e+00
1.237517356872558594e+00
1.236280918121337891e+00
1.248830795288085938e+00
1.241954803466796875e+00
1.347256183624267578e+00
1.235529899597167969e+00
1.248427152633666992e+00
1.254988431930541992e+00
1.241764783859252930e+00
1.255664825439453125e+00
1.234681606292724609e+00
1.262540340423583984e+00
1.243271827697753906e+00
1.242044448852539062e+00
1.243574619293212891e+00
1.330000877380371094e+00
1.245995044708251953e+00
1.236280679702758789e+00
1.233544826507568359e+00
1.241279602050781250e+00
1.256675481796264648e+00
1.244927644729614258e+00
1.248962163925170898e+00
1.240503072738647461e+00
1.245223522186279297e+00
1.249153137207031250e+00
1.252604484558105469e+00
1.244220733642578125e+00
1.238440990447998047e+00
1.236455917358398438e+00
1.326510429382324219e+00
1.269472837448120117e+00
1.232898473739624023e+00
1.241812944412231445e+00
1.224233865737915039e+00
1.234859704971313477e+00
1.242236614227294922e+00
1.238977432250976562e+00
1.264410018920898438e+00
1.250679492950439453e+00
1.334389686584472656e+00
1.251733541488647461e+00
1.244177818298339844e+00
1.233309507369995117e+00
1.244720220565795898e+00
1.351202726364135742e+00
1.247047185897827148e+00
1.232880830764770508e+00
1.273400545120239258e+00
1.245929241180419922e+00
1.340763568878173828e+00
1.245103597640991211e+00
1.266886949539184570e+00
1.249222278594970703e+00
1.227200508117675781e+00
1.346272230148315430e+00
1.254394531250000000e+00
1.237723588943481445e+00
1.247572183609008789e+00
1.238647937774658203e+00
1.239075183868408203e+00
1.231512546539306641e+00
1.250903844833374023e+00
1.231024026870727539e+00
1.239601135253906250e+00
1.241783380508422852e+00
1.253316402435302734e+00
1.235630035400390625e+00
1.232515573501586914e+00
1.251204490661621094e+00
1.332855463027954102e+00
1.230590820312500000e+00
1.257109403610229492e+00
1.256265163421630859e+00
1.236087083816528320e+00
1.233818531036376953e+00
1.266098022460937500e+00
1.240831613540649414e+00
1.236799240112304688e+00
1.246421813964843750e+00
1.265503883361816406e+00
1.327857494354248047e+00
1.244826078414916992e+00
1.253765821456909180e+00
1.234776496887207031e+00
1.255550622940063477e+00
1.330123662948608398e+00
1.260232925415039062e+00
1.246905088424682617e+00
1.229678869247436523e+00
1.247516632080078125e+00
1.340595483779907227e+00
1.252481460571289062e+00
1.246430158615112305e+00
1.257884979248046875e+00
1.250594377517700195e+00
1.335372447967529297e+00
1.266230106353759766e+00
1.267307758331298828e+00
1.238828420639038086e+00
1.248585224151611328e+00
1.265895128250122070e+00
1.242452859878540039e+00
1.237717151641845703e+00
1.263703107833862305e+00
1.243162870407104492e+00
1.246866464614868164e+00
1.259347438812255859e+00
1.251890182495117188e+00
1.238023281097412109e+00
1.268650293350219727e+00
1.248835802078247070e+00
