1.882131338119506836e+00
4.100410938262939453e-01
4.086179733276367188e-01
4.106991291046142578e-01
4.087996482849121094e-01
4.120512008666992188e-01
4.100437164306640625e-01
4.119668006896972656e-01
4.124565124511718750e-01
4.122762680053710938e-01
4.121332168579101562e-01
4.144210815429687500e-01
4.127330780029296875e-01
4.123983383178710938e-01
4.131846427917480469e-01
4.135603904724121094e-01
4.128479957580566406e-01
4.123144149780273438e-01
4.172456264495849609e-01
4.160423278808593750e-01
4.164333343505859375e-01
4.172644615173339844e-01
4.128739833831787109e-01
4.129946231842041016e-01
4.171235561370849609e-01
4.180676937103271484e-01
4.176857471466064453e-01
4.147238731384277344e-01
4.145724773406982422e-01
4.161245822906494141e-01
4.178681373596191406e-01
4.160904884338378906e-01
4.163911342620849609e-01
4.169516563415527344e-01
4.170055389404296875e-01
4.174160957336425781e-01
4.167304039001464844e-01
4.176301956176757812e-01
4.171772003173828125e-01
4.167191982269287109e-01
4.160676002502441406e-01
4.175448417663574219e-01
4.165601730346679688e-01
4.147388935089111328e-01
4.146575927734375000e-01
4.153769016265869141e-01
4.166083335876464844e-01
4.154093265533447266e-01
4.149546623229980469e-01
4.172689914703369141e-01
4.173090457916259766e-01
4.146063327789306641e-01
4.150228500366210938e-01
4.146702289581298828e-01
4.144818782806396484e-01
4.150681495666503906e-01
4.157509803771972656e-01
4.155375957489013672e-01
4.148130416870117188e-01
4.169471263885498047e-01
4.184157848358154297e-01
4.188950061798095703e-01
4.196343421936035156e-01
4.192242622375488281e-01
4.194185733795166016e-01
4.195313453674316406e-01
4.190011024475097656e-01
4.196455478668212891e-01
4.171049594879150391e-01
4.170017242431640625e-01
4.159529209136962891e-01
4.168994426727294922e-01
4.168400764465332031e-01
4.206409454345703125e-01
4.176237583160400391e-01
4.170646667480468750e-01
4.184422492980957031e-01
4.184329509735107422e-01
4.182446002960205078e-01
4.204494953155517578e-01
4.181170463562011719e-01
4.182569980621337891e-01
4.190726280212402344e-01
4.193434715270996094e-01
4.193410873413085938e-01
4.207599163055419922e-01
4.192714691162109375e-01
4.201197624206542969e-01
4.205636978149414062e-01
4.197230339050292969e-01
4.192841053009033203e-01
4.190235137939453125e-01
4.215486049652099609e-01
4.203639030456542969e-01
4.192171096801757812e-01
4.202077388763427734e-01
4.193346500396728516e-01
4.191169738769531250e-01
4.226417541503906250e-01
4.236745834350585938e-01
4.224488735198974609e-01
4.226534366607666016e-01
4.252848625183105469e-01
4.202499389648437500e-01
4.222383499145507812e-01
4.207365512847900391e-01
4.196715354919433594e-01
4.247384071350097656e-01
4.194831848144531250e-01
4.197349548339843750e-01
4.200708866119384766e-01
4.199385643005371094e-01
4.210696220397949219e-01
4.191584587097167969e-01
4.249019622802734375e-01
4.208171367645263672e-01
4.220957756042480469e-01
4.198524951934814453e-01
4.217922687530517578e-01
4.210474491119384766e-01
4.219324588775634766e-01
4.227490425109863281e-01
4.208331108093261719e-01
4.208250045776367188e-01
4.212849140167236328e-01
4.212229251861572266e-01
4.203104972839355469e-01
4.199912548065185547e-01
4.218077659606933594e-01
4.209198951721191406e-01
4.216265678405761719e-01
4.223170280456542969e-01
4.216496944427490234e-01
4.220957756042480469e-01
4.215729236602783203e-01
4.208328723907470703e-01
4.203584194183349609e-01
4.208731651306152344e-01
4.214713573455810547e-01
4.254710674285888672e-01
4.264378547668457031e-01
4.283144474029541016e-01
4.265308380126953125e-01
4.216420650482177734e-01
4.219756126403808594e-01
4.210042953491210938e-01
4.206440448760986328e-01
4.215860366821289062e-01
4.209611415863037109e-01
4.214549064636230469e-01
4.216182231903076172e-01
4.243807792663574219e-01
4.208269119262695312e-01
4.204256534576416016e-01
4.216670989990234375e-01
4.223237037658691406e-01
4.219429492950439453e-01
4.216017723083496094e-01
4.259805679321289062e-01
4.224531650543212891e-01
4.231255054473876953e-01
4.223639965057373047e-01
4.225356578826904297e-01
4.220831394195556641e-01
4.222562313079833984e-01
4.225802421569824219e-01
4.228413105010986328e-01
4.235064983367919922e-01
4.228327274322509766e-01
4.221086502075195312e-01
4.232165813446044922e-01
4.227404594421386719e-01
4.234209060668945312e-01
4.237534999847412109e-01
4.234390258789062500e-01
4.241046905517578125e-01
4.230570793151855469e-01
4.229998588562011719e-01
4.224567413330078125e-01
4.237508773803710938e-01
4.232833385467529297e-01
4.233026504516601562e-01
4.236016273498535156e-01
4.241528511047363281e-01
4.226787090301513672e-01
4.240124225616455078e-01
4.242072105407714844e-01
4.265978336334228516e-01
4.241542816162109375e-01
4.218659400939941406e-01
4.229648113250732422e-01
4.220268726348876953e-01
4.219670295715332031e-01
4.235529899597167969e-01
4.220547676086425781e-01
4.223859310150146484e-01
4.233918190002441406e-01
4.232859611511230469e-01
4.230694770812988281e-01
4.232158660888671875e-01
