1.369567632675170898e+00
1.294098854064941406e+00
1.269559621810913086e+00
1.372290134429931641e+00
1.259135007858276367e+00
1.294379949569702148e+00
1.285566091537475586e+00
1.280128479003906250e+00
1.364352703094482422e+00
1.260403394699096680e+00
1.274235486984252930e+00
1.275067329406738281e+00
1.240686178207397461e+00
1.248643636703491211e+00
1.269088983535766602e+00
1.233725309371948242e+00
1.239215612411499023e+00
1.255498647689819336e+00
1.250279903411865234e+00
1.243253231048583984e+00
1.273297309875488281e+00
1.271947383880615234e+00
1.250611543655395508e+00
1.331631183624267578e+00
1.274699449539184570e+00
1.249013900756835938e+00
1.250581264495849609e+00
1.287768363952636719e+00
1.253294467926025391e+00
1.250240802764892578e+00
1.258100271224975586e+00
1.246661663055419922e+00
1.235189437866210938e+00
1.237210035324096680e+00
1.249052524566650391e+00
1.233827352523803711e+00
1.235344886779785156e+00
1.265825986862182617e+00
1.237315177917480469e+00
1.226418018341064453e+00
1.263931989669799805e+00
1.235407352447509766e+00
1.236767053604125977e+00
1.259195804595947266e+00
1.244566679000854492e+00
1.236515283584594727e+00
1.256266117095947266e+00
1.245532751083374023e+00
1.229511022567749023e+00
1.233001947402954102e+00
1.245502710342407227e+00
1.251770734786987305e+00
1.322099447250366211e+00
1.235225439071655273e+00
1.246622800827026367e+00
1.235606431961059570e+00
1.247500658035278320e+00
1.247720956802368164e+00
1.231736660003662109e+00
1.241397380828857422e+00
1.242052555084228516e+00
1.238430261611938477e+00
1.324113845825195312e+00
1.246659040451049805e+00
1.251944303512573242e+00
1.249145030975341797e+00
1.251723527908325195e+00
1.227035045623779297e+00
1.238504886627197266e+00
1.242916107177734375e+00
1.241665124893188477e+00
1.246506690979003906e+00
1.251729249954223633e+00
1.253976821899414062e+00
1.241607904434204102e+00
1.234674692153930664e+00
1.253865003585815430e+00
1.251312017440795898e+00
1.239888429641723633e+00
1.255822658538818359e+00
1.251483917236328125e+00
1.252965211868286133e+00
1.254787445068359375e+00
1.230625867843627930e+00
1.254306077957153320e+00
1.246440172195434570e+00
1.236457109451293945e+00
1.257963180541992188e+00
1.237511396408081055e+00
1.236285209655761719e+00
1.248826742172241211e+00
1.241954803466796875e+00
1.347256422042846680e+00
1.235531568527221680e+00
1.248423099517822266e+00
1.254976749420166016e+00
1.241764545440673828e+00
1.255662441253662109e+00
1.234676837921142578e+00
1.262542486190795898e+00
1.243273496627807617e+00
1.242050409317016602e+00
1.243576049804687500e+00
1.330003023147583008e+00
1.245996236801147461e+00
1.236279010772705078e+00
1.233546495437622070e+00
1.241276264190673828e+00
1.256676673889160156e+00
1.244926691055297852e+00
1.248965740203857422e+00
1.240493297576904297e+00
1.245222330093383789e+00
1.249155044555664062e+00
1.252605199813842773e+00
1.244219541549682617e+00
1.238440752029418945e+00
1.236447095870971680e+00
1.326511859893798828e+00
1.269472360610961914e+00
1.232900142669677734e+00
1.241805791854858398e+00
1.224231004714965820e+00
1.234866142272949219e+00
1.242234230041503906e+00
1.238974571228027344e+00
1.264408588409423828e+00
1.250673294067382812e+00
1.334388494491577148e+00
1.251724481582641602e+00
1.244183063507080078e+00
1.233305215835571289e+00
1.244720935821533203e+00
1.351202249526977539e+00
1.247043848037719727e+00
1.232886552810668945e+00
1.273400545120239258e+00
1.245933294296264648e+00
1.340763568878173828e+00
1.245100736618041992e+00
1.266882181167602539e+00
1.249220132827758789e+00
1.227198123931884766e+00
1.346269607543945312e+00
1.254395484924316406e+00
1.237730026245117188e+00
1.247568845748901367e+00
1.238646507263183594e+00
1.239077568054199219e+00
1.231515169143676758e+00
1.250887393951416016e+00
1.231028795242309570e+00
1.239600181579589844e+00
1.241785287857055664e+00
1.253310441970825195e+00
1.235631704330444336e+00
1.232514858245849609e+00
1.251187801361083984e+00
1.332852125167846680e+00
1.230591773986816406e+00
1.257105827331542969e+00
1.256260156631469727e+00
1.236088991165161133e+00
1.233821153640747070e+00
1.266087770462036133e+00
1.240836620330810547e+00
1.236799001693725586e+00
1.246420621871948242e+00
1.265501737594604492e+00
1.327859401702880859e+00
1.244823455810546875e+00
1.253767013549804688e+00
1.234781980514526367e+00
1.255548238754272461e+00
1.330121755599975586e+00
1.260226726531982422e+00
1.246900558471679688e+00
1.229679822921752930e+00
1.247515916824340820e+00
1.340596437454223633e+00
1.252484083175659180e+00
1.246430397033691406e+00
1.257887601852416992e+00
1.250588417053222656e+00
1.335375547409057617e+00
1.266231536865234375e+00
1.267311096191406250e+00
1.238829135894775391e+00
1.248587131500244141e+00
1.265891313552856445e+00
1.242451667785644531e+00
1.237715482711791992e+00
1.263702869415283203e+00
1.243163347244262695e+00
1.246863603591918945e+00
1.259346723556518555e+00
1.251891613006591797e+00
1.238024950027465820e+00
1.268652200698852539e+00
1.248836278915405273e+00
