1.905363082885742188e+00
4.115138053894042969e-01
4.104721546173095703e-01
4.145457744598388672e-01
4.140706062316894531e-01
4.193038940429687500e-01
4.168868064880371094e-01
4.164638519287109375e-01
4.187524318695068359e-01
4.175248146057128906e-01
4.184069633483886719e-01
4.227449893951416016e-01
4.178490638732910156e-01
4.166204929351806641e-01
4.169638156890869141e-01
4.153528213500976562e-01
4.161686897277832031e-01
4.159073829650878906e-01
4.158914089202880859e-01
4.162726402282714844e-01
4.160957336425781250e-01
4.174561500549316406e-01
4.163219928741455078e-01
4.161605834960937500e-01
4.173362255096435547e-01
4.157607555389404297e-01
4.189946651458740234e-01
4.185073375701904297e-01
4.171450138092041016e-01
4.167490005493164062e-01
4.176955223083496094e-01
4.176568984985351562e-01
4.166200160980224609e-01
4.185872077941894531e-01
4.190809726715087891e-01
4.178514480590820312e-01
4.169056415557861328e-01
4.174783229827880859e-01
4.191236495971679688e-01
4.178459644317626953e-01
4.164171218872070312e-01
4.205141067504882812e-01
4.169609546661376953e-01
4.166891574859619141e-01
4.186673164367675781e-01
4.188904762268066406e-01
4.175546169281005859e-01
4.191446304321289062e-01
4.229214191436767578e-01
4.221549034118652344e-01
4.222862720489501953e-01
4.232840538024902344e-01
4.200224876403808594e-01
4.183056354522705078e-01
4.187145233154296875e-01
4.192166328430175781e-01
4.174239635467529297e-01
4.180188179016113281e-01
4.189956188201904297e-01
4.185564517974853516e-01
4.175300598144531250e-01
4.211504459381103516e-01
4.237124919891357422e-01
4.228768348693847656e-01
4.231827259063720703e-01
4.239010810852050781e-01
4.234602451324462891e-01
4.234664440155029297e-01
4.224607944488525391e-01
4.243974685668945312e-01
4.235420227050781250e-01
4.238588809967041016e-01
4.227190017700195312e-01
4.238076210021972656e-01
4.239826202392578125e-01
4.240829944610595703e-01
4.260089397430419922e-01
4.250159263610839844e-01
4.242377281188964844e-01
4.214019775390625000e-01
4.230539798736572266e-01
4.227893352508544922e-01
4.221632480621337891e-01
4.227476119995117188e-01
4.237370491027832031e-01
4.224956035614013672e-01
4.227583408355712891e-01
4.240241050720214844e-01
4.233095645904541016e-01
4.220631122589111328e-01
4.250588417053222656e-01
4.263484477996826172e-01
4.257891178131103516e-01
4.253749847412109375e-01
4.268496036529541016e-01
4.260749816894531250e-01
4.257092475891113281e-01
4.249460697174072266e-01
4.245588779449462891e-01
4.249997138977050781e-01
4.234769344329833984e-01
4.250950813293457031e-01
4.286274909973144531e-01
4.299159049987792969e-01
4.311182498931884766e-01
4.291820526123046875e-01
4.292693138122558594e-01
4.316675662994384766e-01
4.325389862060546875e-01
4.291262626647949219e-01
4.293978214263916016e-01
4.331662654876708984e-01
4.327142238616943359e-01
4.274852275848388672e-01
4.309046268463134766e-01
4.353516101837158203e-01
4.329614639282226562e-01
4.321138858795166016e-01
4.338750839233398438e-01
4.325034618377685547e-01
4.324719905853271484e-01
4.325544834136962891e-01
4.330036640167236328e-01
4.291908740997314453e-01
4.291703701019287109e-01
4.308369159698486328e-01
4.294826984405517578e-01
4.283998012542724609e-01
4.308180809020996094e-01
4.302635192871093750e-01
4.296867847442626953e-01
4.305346012115478516e-01
4.312038421630859375e-01
4.302227497100830078e-01
4.309182167053222656e-01
4.295139312744140625e-01
4.326212406158447266e-01
4.290688037872314453e-01
4.287245273590087891e-01
4.281666278839111328e-01
4.331750869750976562e-01
4.333014488220214844e-01
4.325981140136718750e-01
4.336519241333007812e-01
4.323575496673583984e-01
4.304566383361816406e-01
4.308583736419677734e-01
4.316771030426025391e-01
4.285585880279541016e-01
4.278671741485595703e-01
4.292733669281005859e-01
4.287545680999755859e-01
4.313986301422119141e-01
4.296853542327880859e-01
4.283990859985351562e-01
4.322438240051269531e-01
4.306335449218750000e-01
4.318065643310546875e-01
4.301068782806396484e-01
4.314365386962890625e-01
4.296793937683105469e-01
4.315612316131591797e-01
4.315176010131835938e-01
4.326250553131103516e-01
4.312608242034912109e-01
4.302966594696044922e-01
4.303092956542968750e-01
4.323694705963134766e-01
4.300253391265869141e-01
4.325952529907226562e-01
4.315028190612792969e-01
4.324061870574951172e-01
4.311838150024414062e-01
4.317359924316406250e-01
4.358911514282226562e-01
4.320602416992187500e-01
4.299695491790771484e-01
4.275231361389160156e-01
4.305121898651123047e-01
4.306716918945312500e-01
4.303641319274902344e-01
4.319815635681152344e-01
4.338791370391845703e-01
4.315526485443115234e-01
4.311106204986572266e-01
4.301998615264892578e-01
4.327330589294433594e-01
4.329998493194580078e-01
4.346325397491455078e-01
4.336261749267578125e-01
4.301202297210693359e-01
4.304914474487304688e-01
4.322919845581054688e-01
4.333858489990234375e-01
4.336192607879638672e-01
4.324584007263183594e-01
4.338080883026123047e-01
4.329967498779296875e-01
4.352147579193115234e-01
4.351227283477783203e-01
