1.199866056442260742e+00
1.217888832092285156e+00
1.201481819152832031e+00
1.289490699768066406e+00
1.217067480087280273e+00
1.221103906631469727e+00
1.232163667678833008e+00
1.204172849655151367e+00
1.276073217391967773e+00
1.207827091217041016e+00
1.204672574996948242e+00
1.202696084976196289e+00
1.222259521484375000e+00
1.223047971725463867e+00
1.242218732833862305e+00
1.229790925979614258e+00
1.219932079315185547e+00
1.228978872299194336e+00
1.203336477279663086e+00
1.196790456771850586e+00
1.227177858352661133e+00
1.205740928649902344e+00
1.238364219665527344e+00
1.288183212280273438e+00
1.212026596069335938e+00
1.220620632171630859e+00
1.309288263320922852e+00
1.365880250930786133e+00
1.332940816879272461e+00
1.373796939849853516e+00
1.424211502075195312e+00
1.457934856414794922e+00
1.456455945968627930e+00
1.582594156265258789e+00
1.577863693237304688e+00
1.620573997497558594e+00
1.650979757308959961e+00
1.630569458007812500e+00
1.555123090744018555e+00
1.586819171905517578e+00
1.620706081390380859e+00
1.598585367202758789e+00
1.621045112609863281e+00
1.668689250946044922e+00
1.687044143676757812e+00
1.637284040451049805e+00
1.625477075576782227e+00
1.581751585006713867e+00
1.630486726760864258e+00
1.647351741790771484e+00
1.647983789443969727e+00
1.653584957122802734e+00
1.707789897918701172e+00
1.647289276123046875e+00
1.676338672637939453e+00
1.663991451263427734e+00
1.689123392105102539e+00
1.560078382492065430e+00
1.602298974990844727e+00
1.622000694274902344e+00
1.619907379150390625e+00
1.609918594360351562e+00
1.674415826797485352e+00
1.694079160690307617e+00
1.752519607543945312e+00
1.793730258941650391e+00
1.625647783279418945e+00
1.336269617080688477e+00
1.239297628402709961e+00
1.233178615570068359e+00
1.245742321014404297e+00
1.245206356048583984e+00
1.242878198623657227e+00
1.250899553298950195e+00
1.244035005569458008e+00
1.254971742630004883e+00
1.311784505844116211e+00
1.235287189483642578e+00
1.263247728347778320e+00
1.269405841827392578e+00
1.255788564682006836e+00
1.256470680236816406e+00
1.291707277297973633e+00
1.217570066452026367e+00
1.227388858795166016e+00
1.213832616806030273e+00
1.268746614456176758e+00
1.260174274444580078e+00
1.398235797882080078e+00
1.535778045654296875e+00
1.689930915832519531e+00
1.682686328887939453e+00
1.726005077362060547e+00
1.283297538757324219e+00
1.272414922714233398e+00
1.255396366119384766e+00
1.264690399169921875e+00
1.246180295944213867e+00
1.236464977264404297e+00
1.239787817001342773e+00
1.272627830505371094e+00
1.240479946136474609e+00
1.251284599304199219e+00
1.320747137069702148e+00
1.252714633941650391e+00
1.247863292694091797e+00
1.247042894363403320e+00
1.260575294494628906e+00
1.226765394210815430e+00
1.218483448028564453e+00
1.221925973892211914e+00
1.251428842544555664e+00
1.367952346801757812e+00
1.535236358642578125e+00
1.721504211425781250e+00
1.646227121353149414e+00
1.252934694290161133e+00
1.250656127929687500e+00
1.372282028198242188e+00
1.323848962783813477e+00
1.294151306152343750e+00
1.280822038650512695e+00
1.243682622909545898e+00
1.250209808349609375e+00
1.237362861633300781e+00
1.245830059051513672e+00
1.251871585845947266e+00
1.250496149063110352e+00
1.321238517761230469e+00
1.238533020019531250e+00
1.242135047912597656e+00
1.250823020935058594e+00
1.240141868591308594e+00
1.327214241027832031e+00
1.241882324218750000e+00
1.353238105773925781e+00
1.572505235671997070e+00
1.752714157104492188e+00
1.485280513763427734e+00
1.305671930313110352e+00
1.273229837417602539e+00
1.284504652023315430e+00
1.300349950790405273e+00
1.359770059585571289e+00
1.277200698852539062e+00
1.276896953582763672e+00
1.288514375686645508e+00
1.279131889343261719e+00
1.281352996826171875e+00
1.213344335556030273e+00
1.246870517730712891e+00
1.251493930816650391e+00
1.247971296310424805e+00
1.255773782730102539e+00
1.255470752716064453e+00
1.253453254699707031e+00
1.380875110626220703e+00
1.556165695190429688e+00
1.922253608703613281e+00
1.245121002197265625e+00
1.242660760879516602e+00
1.260128259658813477e+00
1.247710227966308594e+00
1.240938186645507812e+00
1.242485284805297852e+00
1.250872611999511719e+00
1.250331401824951172e+00
1.377587795257568359e+00
1.287816762924194336e+00
1.280816316604614258e+00
1.212536096572875977e+00
1.198616504669189453e+00
1.199555397033691406e+00
1.216790676116943359e+00
1.288997888565063477e+00
1.260549306869506836e+00
1.252439022064208984e+00
1.298020839691162109e+00
1.446889400482177734e+00
1.790618419647216797e+00
1.582733154296875000e+00
1.248514652252197266e+00
1.252830982208251953e+00
1.287847518920898438e+00
1.377833843231201172e+00
1.245923280715942383e+00
1.243108272552490234e+00
1.254949331283569336e+00
1.241102218627929688e+00
1.255841255187988281e+00
1.265444755554199219e+00
1.265111207962036133e+00
1.265168190002441406e+00
1.283369541168212891e+00
1.268327236175537109e+00
1.264255762100219727e+00
1.265582323074340820e+00
1.284011125564575195e+00
1.370071649551391602e+00
1.542872190475463867e+00
