2.408955812454223633e+00
4.172494411468505859e-01
4.160630702972412109e-01
4.176168441772460938e-01
4.200904369354248047e-01
4.232966899871826172e-01
4.185833930969238281e-01
4.147474765777587891e-01
4.174504280090332031e-01
4.165792465209960938e-01
4.136743545532226562e-01
4.127235412597656250e-01
4.154415130615234375e-01
4.152328968048095703e-01
4.132785797119140625e-01
4.167582988739013672e-01
4.152798652648925781e-01
4.114854335784912109e-01
4.134683609008789062e-01
4.134275913238525391e-01
4.150371551513671875e-01
4.137933254241943359e-01
4.158387184143066406e-01
4.149899482727050781e-01
4.157824516296386719e-01
4.149518013000488281e-01
4.134557247161865234e-01
4.149482250213623047e-01
4.179792404174804688e-01
4.127600193023681641e-01
4.152762889862060547e-01
4.132981300354003906e-01
4.150457382202148438e-01
4.150109291076660156e-01
4.134666919708251953e-01
4.156343936920166016e-01
4.168426990509033203e-01
4.193530082702636719e-01
4.161303043365478516e-01
4.159300327301025391e-01
4.201025962829589844e-01
4.184067249298095703e-01
4.193575382232666016e-01
4.188666343688964844e-01
4.184062480926513672e-01
4.197406768798828125e-01
4.217245578765869141e-01
4.205777645111083984e-01
4.148821830749511719e-01
4.166853427886962891e-01
4.186065196990966797e-01
4.195172786712646484e-01
4.183461666107177734e-01
4.218742847442626953e-01
4.191989898681640625e-01
4.170932769775390625e-01
4.142379760742187500e-01
4.154837131500244141e-01
4.125328063964843750e-01
4.194326400756835938e-01
4.087088108062744141e-01
4.139661788940429688e-01
4.200224876403808594e-01
4.137568473815917969e-01
4.238190650939941406e-01
4.218606948852539062e-01
4.228751659393310547e-01
4.252398014068603516e-01
4.268112182617187500e-01
4.439644813537597656e-01
4.442102909088134766e-01
4.451673030853271484e-01
4.388251304626464844e-01
4.305047988891601562e-01
4.276134967803955078e-01
4.252686500549316406e-01
4.268112182617187500e-01
4.283754825592041016e-01
4.355773925781250000e-01
4.286401271820068359e-01
4.253692626953125000e-01
4.251759052276611328e-01
4.204871654510498047e-01
4.479982852935791016e-01
4.674761295318603516e-01
4.138250350952148438e-01
4.138040542602539062e-01
4.288315773010253906e-01
4.143619537353515625e-01
4.133584499359130859e-01
4.135909080505371094e-01
4.144272804260253906e-01
4.162158966064453125e-01
4.227402210235595703e-01
4.224088191986083984e-01
4.486129283905029297e-01
4.458224773406982422e-01
4.444811344146728516e-01
4.488077163696289062e-01
4.460740089416503906e-01
4.495346546173095703e-01
4.357581138610839844e-01
4.183886051177978516e-01
4.135115146636962891e-01
4.136517047882080078e-01
4.158451557159423828e-01
4.141139984130859375e-01
4.119091033935546875e-01
4.152677059173583984e-01
4.153556823730468750e-01
4.109315872192382812e-01
4.161858558654785156e-01
4.127993583679199219e-01
4.099535942077636719e-01
4.121358394622802734e-01
4.206526279449462891e-01
4.491963386535644531e-01
4.390919208526611328e-01
4.410970211029052734e-01
4.300661087036132812e-01
4.321186542510986328e-01
4.356777667999267578e-01
4.362101554870605469e-01
4.516057968139648438e-01
4.521210193634033203e-01
4.319889545440673828e-01
4.228496551513671875e-01
4.246308803558349609e-01
4.317994117736816406e-01
4.287409782409667969e-01
4.261510372161865234e-01
4.245038032531738281e-01
4.220128059387207031e-01
4.243903160095214844e-01
4.232304096221923828e-01
4.242911338806152344e-01
4.222917556762695312e-01
4.183609485626220703e-01
4.208533763885498047e-01
4.212405681610107422e-01
4.352488517761230469e-01
4.346051216125488281e-01
4.292829036712646484e-01
4.329245090484619141e-01
4.311771392822265625e-01
4.329290390014648438e-01
4.308893680572509766e-01
4.285624027252197266e-01
4.266765117645263672e-01
4.260544776916503906e-01
4.221506118774414062e-01
4.310228824615478516e-01
4.273068904876708984e-01
4.270904064178466797e-01
4.266390800476074219e-01
4.274516105651855469e-01
4.279594421386718750e-01
4.289288520812988281e-01
4.315712451934814453e-01
4.294366836547851562e-01
4.317653179168701172e-01
4.319136142730712891e-01
4.365496635437011719e-01
4.620990753173828125e-01
4.423916339874267578e-01
4.458236694335937500e-01
4.462316036224365234e-01
4.416022300720214844e-01
4.222838878631591797e-01
4.559371471405029297e-01
4.371066093444824219e-01
4.262738227844238281e-01
4.254593849182128906e-01
4.308667182922363281e-01
4.299888610839843750e-01
4.311804771423339844e-01
4.295730590820312500e-01
4.291238784790039062e-01
4.314908981323242188e-01
4.304945468902587891e-01
4.330596923828125000e-01
4.351212978363037109e-01
4.378564357757568359e-01
4.368255138397216797e-01
4.392261505126953125e-01
4.373500347137451172e-01
4.438889026641845703e-01
4.359698295593261719e-01
4.457890987396240234e-01
4.368746280670166016e-01
4.162962436676025391e-01
4.258899688720703125e-01
4.339413642883300781e-01
4.331424236297607422e-01
4.255998134613037109e-01
4.206635951995849609e-01
4.228930473327636719e-01
4.277184009552001953e-01
4.317820072174072266e-01
4.341473579406738281e-01
