1.199862718582153320e+00
1.217868566513061523e+00
1.201477050781250000e+00
1.289506196975708008e+00
1.217069864273071289e+00
1.221109628677368164e+00
1.232167959213256836e+00
1.204158067703247070e+00
1.276082515716552734e+00
1.207835674285888672e+00
1.204667329788208008e+00
1.202704191207885742e+00
1.222262859344482422e+00
1.223038196563720703e+00
1.242219924926757812e+00
1.229796171188354492e+00
1.219937324523925781e+00
1.228990554809570312e+00
1.203351020812988281e+00
1.196780681610107422e+00
1.227171659469604492e+00
1.205749511718750000e+00
1.238362789154052734e+00
1.288225173950195312e+00
1.212038278579711914e+00
1.220628499984741211e+00
1.309293508529663086e+00
1.365866422653198242e+00
1.332940816879272461e+00
1.373794317245483398e+00
1.424206733703613281e+00
1.457929611206054688e+00
1.456438302993774414e+00
1.582573413848876953e+00
1.577837467193603516e+00
1.620539665222167969e+00
1.650952339172363281e+00
1.630537271499633789e+00
1.555094003677368164e+00
1.586784839630126953e+00
1.620676517486572266e+00
1.598563909530639648e+00
1.621029138565063477e+00
1.668668508529663086e+00
1.687035322189331055e+00
1.637256383895874023e+00
1.625466108322143555e+00
1.581739425659179688e+00
1.630484819412231445e+00
1.647328853607177734e+00
1.647957801818847656e+00
1.653569459915161133e+00
1.707758188247680664e+00
1.647265911102294922e+00
1.676315784454345703e+00
1.663963556289672852e+00
1.689095497131347656e+00
1.560062170028686523e+00
1.602285623550415039e+00
1.621967554092407227e+00
1.619895219802856445e+00
1.609870195388793945e+00
1.674406528472900391e+00
1.715265989303588867e+00
1.752506256103515625e+00
1.793710708618164062e+00
1.625646591186523438e+00
1.336222648620605469e+00
1.242286443710327148e+00
1.231349706649780273e+00
1.245722293853759766e+00
1.245180606842041016e+00
1.242882966995239258e+00
1.263781070709228516e+00
1.244023323059082031e+00
1.254956007003784180e+00
1.311771869659423828e+00
1.235286712646484375e+00
1.263225793838500977e+00
1.269385576248168945e+00
1.255781412124633789e+00
1.256438732147216797e+00
1.291687011718750000e+00
1.217582225799560547e+00
1.227379322052001953e+00
1.213836669921875000e+00
1.268731117248535156e+00
1.260181188583374023e+00
1.398230791091918945e+00
1.535747766494750977e+00
1.689919471740722656e+00
1.682662725448608398e+00
1.726002693176269531e+00
1.283297777175903320e+00
1.272403240203857422e+00
1.255406856536865234e+00
1.278102874755859375e+00
1.246167421340942383e+00
1.236444711685180664e+00
1.239779472351074219e+00
1.272631168365478516e+00
1.240455627441406250e+00
1.251262664794921875e+00
1.320734500885009766e+00
1.252688169479370117e+00
1.247865676879882812e+00
1.247018098831176758e+00
1.260546445846557617e+00
1.226766347885131836e+00
1.218477010726928711e+00
1.221921205520629883e+00
1.251423597335815430e+00
1.367939472198486328e+00
1.535220146179199219e+00
1.721508026123046875e+00
1.646212816238403320e+00
1.252923250198364258e+00
1.273876190185546875e+00
1.372279167175292969e+00
1.323847293853759766e+00
1.294146060943603516e+00
1.280804395675659180e+00
1.243662834167480469e+00
1.250190019607543945e+00
1.237342834472656250e+00
1.245822668075561523e+00
1.251856803894042969e+00
1.250471353530883789e+00
1.321233510971069336e+00
1.238521337509155273e+00
1.242122173309326172e+00
1.250815153121948242e+00
1.240124225616455078e+00
1.327205181121826172e+00
1.241868972778320312e+00
1.353222608566284180e+00
1.572495698928833008e+00
1.752704143524169922e+00
1.485269308090209961e+00
1.304449319839477539e+00
1.273222208023071289e+00
1.284497499465942383e+00
1.300345182418823242e+00
1.359772443771362305e+00
1.277192115783691406e+00
1.276887416839599609e+00
1.288502931594848633e+00
1.279121875762939453e+00
1.281356096267700195e+00
1.225767135620117188e+00
1.253363609313964844e+00
1.251489877700805664e+00
1.247976064682006836e+00
1.255761861801147461e+00
1.255457639694213867e+00
1.253454685211181641e+00
1.380849838256835938e+00
1.556123971939086914e+00
1.922226190567016602e+00
1.245111703872680664e+00
1.242663860321044922e+00
1.260110616683959961e+00
1.247690439224243164e+00
1.240938901901245117e+00
1.242458343505859375e+00
1.250858545303344727e+00
1.250312805175781250e+00
1.377593278884887695e+00
1.280442714691162109e+00
1.280815601348876953e+00
1.212516784667968750e+00
1.198602199554443359e+00
1.199521303176879883e+00
1.216767549514770508e+00
1.288981676101684570e+00
1.260542631149291992e+00
1.252432346343994141e+00
1.298012971878051758e+00
1.446882247924804688e+00
1.790599346160888672e+00
1.582732915878295898e+00
1.248506546020507812e+00
1.252819538116455078e+00
1.287837266921997070e+00
1.377823591232299805e+00
1.245895624160766602e+00
1.243108987808227539e+00
1.254957675933837891e+00
1.241087675094604492e+00
1.255822658538818359e+00
1.265452384948730469e+00
1.265088081359863281e+00
1.265141010284423828e+00
1.283370018005371094e+00
1.268324136734008789e+00
1.264244079589843750e+00
1.265562295913696289e+00
1.284001827239990234e+00
1.370076417922973633e+00
1.542841911315917969e+00
