1.199869871139526367e+00
1.217892169952392578e+00
1.201471805572509766e+00
1.289491653442382812e+00
1.217071294784545898e+00
1.221107244491577148e+00
1.232159614562988281e+00
1.204167842864990234e+00
1.276070594787597656e+00
1.207823276519775391e+00
1.204671144485473633e+00
1.202688694000244141e+00
1.222265958786010742e+00
1.223046541213989258e+00
1.242218255996704102e+00
1.229792356491088867e+00
1.219933986663818359e+00
1.228978633880615234e+00
1.203329801559448242e+00
1.196787834167480469e+00
1.227174758911132812e+00
1.205736398696899414e+00
1.238363981246948242e+00
1.288181543350219727e+00
1.212023019790649414e+00
1.220618486404418945e+00
1.309290409088134766e+00
1.365880250930786133e+00
1.332947015762329102e+00
1.373797655105590820e+00
1.424208879470825195e+00
1.457933902740478516e+00
1.456448078155517578e+00
1.582585573196411133e+00
1.577859640121459961e+00
1.620569467544555664e+00
1.650975942611694336e+00
1.630571126937866211e+00
1.555118322372436523e+00
1.586820363998413086e+00
1.620703458786010742e+00
1.598582029342651367e+00
1.621043920516967773e+00
1.668690443038940430e+00
1.687041521072387695e+00
1.637282371520996094e+00
1.625479459762573242e+00
1.581748485565185547e+00
1.630485773086547852e+00
1.647351503372192383e+00
1.647983551025390625e+00
1.653588771820068359e+00
1.707783699035644531e+00
1.647286653518676758e+00
1.676343202590942383e+00
1.663990020751953125e+00
1.689117193222045898e+00
1.560076475143432617e+00
1.602293729782104492e+00
1.621986389160156250e+00
1.619904994964599609e+00
1.609906673431396484e+00
1.674410343170166016e+00
1.715286254882812500e+00
1.752520322799682617e+00
1.793722867965698242e+00
1.625649929046630859e+00
1.336265325546264648e+00
1.239294052124023438e+00
1.233177900314331055e+00
1.245740652084350586e+00
1.245208740234375000e+00
1.242781162261962891e+00
1.263778448104858398e+00
1.244029283523559570e+00
1.254969835281372070e+00
1.311779499053955078e+00
1.235282659530639648e+00
1.263247251510620117e+00
1.269404649734497070e+00
1.255787611007690430e+00
1.256466150283813477e+00
1.291708230972290039e+00
1.217577219009399414e+00
1.227388858795166016e+00
1.213831186294555664e+00
1.268741607666015625e+00
1.260173082351684570e+00
1.398236036300659180e+00
1.535774469375610352e+00
1.689931392669677734e+00
1.682687759399414062e+00
1.726012945175170898e+00
1.283297538757324219e+00
1.272412300109863281e+00
1.255399465560913086e+00
1.264697074890136719e+00
1.246177196502685547e+00
1.236466884613037109e+00
1.239794731140136719e+00
1.272625207901000977e+00
1.240479230880737305e+00
1.251283168792724609e+00
1.320746421813964844e+00
1.252713918685913086e+00
1.247873306274414062e+00
1.247044801712036133e+00
1.260575532913208008e+00
1.226766586303710938e+00
1.218484640121459961e+00
1.221924304962158203e+00
1.251429080963134766e+00
1.367949962615966797e+00
1.535233020782470703e+00
1.721502542495727539e+00
1.646231889724731445e+00
1.252930641174316406e+00
1.273873090744018555e+00
1.372284889221191406e+00
1.323852062225341797e+00
1.294154405593872070e+00
1.280826807022094727e+00
1.243680000305175781e+00
1.250214576721191406e+00
1.237365245819091797e+00
1.245834827423095703e+00
1.251868724822998047e+00
1.250494718551635742e+00
1.321240186691284180e+00
1.238535165786743164e+00
1.242141246795654297e+00
1.250823736190795898e+00
1.240142107009887695e+00
1.327215909957885742e+00
1.241891384124755859e+00
1.353232622146606445e+00
1.572493314743041992e+00
1.752702713012695312e+00
1.485284090042114258e+00
1.305669069290161133e+00
1.273227691650390625e+00
1.284493923187255859e+00
1.300352573394775391e+00
1.359767913818359375e+00
1.277197122573852539e+00
1.276894807815551758e+00
1.288511991500854492e+00
1.279133081436157227e+00
1.281353950500488281e+00
1.213326454162597656e+00
1.233782529830932617e+00
1.251494169235229492e+00
1.247968912124633789e+00
1.255762577056884766e+00
1.255468845367431641e+00
1.253451108932495117e+00
1.380873203277587891e+00
1.556169986724853516e+00
1.922255039215087891e+00
1.245120048522949219e+00
1.242654085159301758e+00
1.260127067565917969e+00
1.247704029083251953e+00
1.240939617156982422e+00
1.242483377456665039e+00
1.250875234603881836e+00
1.250333070755004883e+00
1.377583265304565430e+00
1.287817239761352539e+00
1.280818700790405273e+00
1.212534189224243164e+00
1.198614358901977539e+00
1.199551105499267578e+00
1.216784715652465820e+00
1.288990497589111328e+00
1.260550260543823242e+00
1.252436161041259766e+00
1.298021078109741211e+00
1.446889162063598633e+00
1.790620088577270508e+00
1.582726478576660156e+00
1.248511791229248047e+00
1.252807617187500000e+00
1.287844181060791016e+00
1.377830505371093750e+00
1.245926856994628906e+00
1.243100166320800781e+00
1.254950523376464844e+00
1.241106271743774414e+00
1.255836725234985352e+00
1.265444993972778320e+00
1.265106201171875000e+00
1.265166044235229492e+00
1.283372640609741211e+00
1.268327236175537109e+00
1.264259338378906250e+00
1.265583276748657227e+00
1.284010887145996094e+00
1.370070457458496094e+00
1.542870759963989258e+00
