1.199873208999633789e+00
1.217870712280273438e+00
1.201467752456665039e+00
1.289502859115600586e+00
1.217070341110229492e+00
1.221105337142944336e+00
1.232167720794677734e+00
1.204158782958984375e+00
1.276080846786499023e+00
1.207837343215942383e+00
1.204668283462524414e+00
1.202706098556518555e+00
1.222260951995849609e+00
1.223039627075195312e+00
1.242215394973754883e+00
1.229791402816772461e+00
1.219935655593872070e+00
1.228991270065307617e+00
1.203353404998779297e+00
1.196780443191528320e+00
1.227174043655395508e+00
1.205750942230224609e+00
1.238360404968261719e+00
1.288216590881347656e+00
1.212039709091186523e+00
1.220630884170532227e+00
1.309289693832397461e+00
1.365861177444458008e+00
1.332934141159057617e+00
1.373795986175537109e+00
1.424208402633666992e+00
1.457931280136108398e+00
1.456441402435302734e+00
1.582577466964721680e+00
1.577842712402343750e+00
1.620534420013427734e+00
1.650956392288208008e+00
1.630532979965209961e+00
1.555098772048950195e+00
1.586781978607177734e+00
1.620674133300781250e+00
1.598567008972167969e+00
1.621030092239379883e+00
1.668666601181030273e+00
1.687033891677856445e+00
1.637256383895874023e+00
1.625462293624877930e+00
1.581744194030761719e+00
1.630485057830810547e+00
1.647326707839965820e+00
1.647955894470214844e+00
1.653568744659423828e+00
1.707764625549316406e+00
1.647259712219238281e+00
1.676313400268554688e+00
1.663964748382568359e+00
1.689102649688720703e+00
1.560064554214477539e+00
1.602285861968994141e+00
1.621966361999511719e+00
1.619894266128540039e+00
1.609871625900268555e+00
1.674405097961425781e+00
1.715265989303588867e+00
1.752506256103515625e+00
1.793711900711059570e+00
1.625645637512207031e+00
1.336223363876342773e+00
1.242289543151855469e+00
1.233163595199584961e+00
1.245722293853759766e+00
1.245182514190673828e+00
1.242884159088134766e+00
1.263782501220703125e+00
1.244026184082031250e+00
1.254956722259521484e+00
1.311768770217895508e+00
1.235285997390747070e+00
1.263227462768554688e+00
1.269388437271118164e+00
1.255780696868896484e+00
1.256441593170166016e+00
1.291685581207275391e+00
1.217584133148193359e+00
1.227380037307739258e+00
1.213837385177612305e+00
1.268732309341430664e+00
1.260179519653320312e+00
1.398228168487548828e+00
1.535741567611694336e+00
1.689915895462036133e+00
1.682660579681396484e+00
1.726000785827636719e+00
1.283298730850219727e+00
1.272404909133911133e+00
1.255406379699707031e+00
1.278100490570068359e+00
1.246166229248046875e+00
1.236445426940917969e+00
1.238679409027099609e+00
1.268617153167724609e+00
1.240455389022827148e+00
1.251265525817871094e+00
1.320734739303588867e+00
1.252689838409423828e+00
1.247864007949829102e+00
1.247015237808227539e+00
1.260546684265136719e+00
1.226763010025024414e+00
1.218476772308349609e+00
1.221918106079101562e+00
1.251426219940185547e+00
1.367940664291381836e+00
1.535222530364990234e+00
1.721507072448730469e+00
1.646214962005615234e+00
1.252923488616943359e+00
1.273876428604125977e+00
1.372275590896606445e+00
1.323840856552124023e+00
1.294144392013549805e+00
1.280806064605712891e+00
1.243662118911743164e+00
1.250189304351806641e+00
1.237341403961181641e+00
1.245823383331298828e+00
1.251858472824096680e+00
1.250473976135253906e+00
1.321234703063964844e+00
1.238521099090576172e+00
1.242120265960693359e+00
1.250816345214843750e+00
1.240122318267822266e+00
1.327203989028930664e+00
1.241865396499633789e+00
1.353223800659179688e+00
1.572498083114624023e+00
1.752703666687011719e+00
1.485271692276000977e+00
1.305671691894531250e+00
1.273223161697387695e+00
1.284495830535888672e+00
1.300348281860351562e+00
1.359776735305786133e+00
1.277191638946533203e+00
1.276888132095336914e+00
1.288500070571899414e+00
1.279118776321411133e+00
1.281345129013061523e+00
1.225764989852905273e+00
1.253366947174072266e+00
1.251483917236328125e+00
1.247974395751953125e+00
1.255758523941040039e+00
1.255454301834106445e+00
1.253455400466918945e+00
1.380846738815307617e+00
1.556129693984985352e+00
1.922218561172485352e+00
1.245109558105468750e+00
1.242660999298095703e+00
1.260107994079589844e+00
1.247691869735717773e+00
1.205982446670532227e+00
1.242454290390014648e+00
1.250853300094604492e+00
1.250309944152832031e+00
1.377598285675048828e+00
1.287803649902343750e+00
1.280816555023193359e+00
1.212515115737915039e+00
1.198600053787231445e+00
1.199517726898193359e+00
1.216768980026245117e+00
1.288979530334472656e+00
1.260548114776611328e+00
1.252429723739624023e+00
1.298008680343627930e+00
1.446880102157592773e+00
1.790596961975097656e+00
1.582732915878295898e+00
1.248504400253295898e+00
1.252820968627929688e+00
1.287831306457519531e+00
1.377825260162353516e+00
1.245891094207763672e+00
1.243105649948120117e+00
1.254957675933837891e+00
1.241087436676025391e+00
1.249561786651611328e+00
1.265451669692993164e+00
1.265088796615600586e+00
1.265140771865844727e+00
1.283368110656738281e+00
1.268318653106689453e+00
1.264249086380004883e+00
1.265558481216430664e+00
1.284000873565673828e+00
1.370079994201660156e+00
1.542858362197875977e+00
