1.199871301651000977e+00
1.217892885208129883e+00
1.201471805572509766e+00
1.289491653442382812e+00
1.217075586318969727e+00
1.221107721328735352e+00
1.232157230377197266e+00
1.204169034957885742e+00
1.276070356369018555e+00
1.207820892333984375e+00
1.204671382904052734e+00
1.202689886093139648e+00
1.222258567810058594e+00
1.223048448562622070e+00
1.242217779159545898e+00
1.229791641235351562e+00
1.219931125640869141e+00
1.228976964950561523e+00
1.203330993652343750e+00
1.196787595748901367e+00
1.227174758911132812e+00
1.205733299255371094e+00
1.238363742828369141e+00
1.288178205490112305e+00
1.212021112442016602e+00
1.220616579055786133e+00
1.309290647506713867e+00
1.365880966186523438e+00
1.332949399948120117e+00
1.373797178268432617e+00
1.424208879470825195e+00
1.457933664321899414e+00
1.456447362899780273e+00
1.582584619522094727e+00
1.577860593795776367e+00
1.620569467544555664e+00
1.650977611541748047e+00
1.630571365356445312e+00
1.555117130279541016e+00
1.586821794509887695e+00
1.620703935623168945e+00
1.598584651947021484e+00
1.621044397354125977e+00
1.668693065643310547e+00
1.687044382095336914e+00
1.637283325195312500e+00
1.625478506088256836e+00
1.581751823425292969e+00
1.630486726760864258e+00
1.647350311279296875e+00
1.647984266281127930e+00
1.653590917587280273e+00
1.707784652709960938e+00
1.647289752960205078e+00
1.676343441009521484e+00
1.663991928100585938e+00
1.689119338989257812e+00
1.560082674026489258e+00
1.602295875549316406e+00
1.621988534927368164e+00
1.619909286499023438e+00
1.609910249710083008e+00
1.674412727355957031e+00
1.715290784835815430e+00
1.752524137496948242e+00
1.793724298477172852e+00
1.625659942626953125e+00
1.336278915405273438e+00
1.239292860031127930e+00
1.233179330825805664e+00
1.245744466781616211e+00
1.245211124420166016e+00
1.242783069610595703e+00
1.263780593872070312e+00
1.244032621383666992e+00
1.254971981048583984e+00
1.311784267425537109e+00
1.235283851623535156e+00
1.263247728347778320e+00
1.269404172897338867e+00
1.255788326263427734e+00
1.256472826004028320e+00
1.291707038879394531e+00
1.217575788497924805e+00
1.227393865585327148e+00
1.213833570480346680e+00
1.268744468688964844e+00
1.260173320770263672e+00
1.398235082626342773e+00
1.535769939422607422e+00
1.689924955368041992e+00
1.682687997817993164e+00
1.726013422012329102e+00
1.283297538757324219e+00
1.272411108016967773e+00
1.255396366119384766e+00
1.248579025268554688e+00
1.246175765991210938e+00
1.236466646194458008e+00
1.239794969558715820e+00
1.272622585296630859e+00
1.240477800369262695e+00
1.251283168792724609e+00
1.320744276046752930e+00
1.252716064453125000e+00
1.247865200042724609e+00
1.247046947479248047e+00
1.260576725006103516e+00
1.226769685745239258e+00
1.218484878540039062e+00
1.221926450729370117e+00
1.251430749893188477e+00
1.367952823638916016e+00
1.535238027572631836e+00
1.721505880355834961e+00
1.646243095397949219e+00
1.252934694290161133e+00
1.273870944976806641e+00
1.372286081314086914e+00
1.323855161666870117e+00
1.283118247985839844e+00
1.280823707580566406e+00
1.243679523468017578e+00
1.250209331512451172e+00
1.237365245819091797e+00
1.245831727981567383e+00
1.251866340637207031e+00
1.250492811203002930e+00
1.321239471435546875e+00
1.238534927368164062e+00
1.242141962051391602e+00
1.250822067260742188e+00
1.240142345428466797e+00
1.327215671539306641e+00
1.241888999938964844e+00
1.353232860565185547e+00
1.572488307952880859e+00
1.752711296081542969e+00
1.485271692276000977e+00
1.305668830871582031e+00
1.273230552673339844e+00
1.284493923187255859e+00
1.300357103347778320e+00
1.359767436981201172e+00
1.277204275131225586e+00
1.276897907257080078e+00
1.288514614105224609e+00
1.279134035110473633e+00
1.281362533569335938e+00
1.206272363662719727e+00
1.233774662017822266e+00
1.251496315002441406e+00
1.247972726821899414e+00
1.255765676498413086e+00
1.255472660064697266e+00
1.253452301025390625e+00
1.380875825881958008e+00
1.556168794631958008e+00
1.922254800796508789e+00
1.245123624801635742e+00
1.242655992507934570e+00
1.260128498077392578e+00
1.247709035873413086e+00
1.240942239761352539e+00
1.242484807968139648e+00
1.250873804092407227e+00
1.250332593917846680e+00
1.377587795257568359e+00
1.287818431854248047e+00
1.280816555023193359e+00
1.212533473968505859e+00
1.198615074157714844e+00
1.199550151824951172e+00
1.216785669326782227e+00
1.288990020751953125e+00
1.260551214218139648e+00
1.252441167831420898e+00
1.298023700714111328e+00
1.446891307830810547e+00
1.790621280670166016e+00
1.582728385925292969e+00
1.248514413833618164e+00
1.252829790115356445e+00
1.287844896316528320e+00
1.377829790115356445e+00
1.245926856994628906e+00
1.243102788925170898e+00
1.254951000213623047e+00
1.241106748580932617e+00
1.255836248397827148e+00
1.265441894531250000e+00
1.265105009078979492e+00
1.265166759490966797e+00
1.283370971679687500e+00
1.268330097198486328e+00
1.264257431030273438e+00
1.265584707260131836e+00
1.284015655517578125e+00
1.370071411132812500e+00
1.542863845825195312e+00
