1.199859380722045898e+00
1.217867136001586914e+00
1.201479434967041016e+00
1.289506912231445312e+00
1.217056512832641602e+00
1.221106290817260742e+00
1.232194185256958008e+00
1.204157590866088867e+00
1.276081800460815430e+00
1.207825422286987305e+00
1.204668760299682617e+00
1.202705144882202148e+00
1.222260951995849609e+00
1.223037719726562500e+00
1.242220878601074219e+00
1.229795694351196289e+00
1.219922065734863281e+00
1.228991985321044922e+00
1.203352212905883789e+00
1.196773052215576172e+00
1.227172613143920898e+00
1.205755710601806641e+00
1.238360166549682617e+00
1.288216114044189453e+00
1.212041854858398438e+00
1.220631361007690430e+00
1.309294700622558594e+00
1.365863323211669922e+00
1.332959890365600586e+00
1.373796701431274414e+00
1.424206256866455078e+00
1.457953453063964844e+00
1.456449508666992188e+00
1.582573175430297852e+00
1.577837228775024414e+00
1.620540857315063477e+00
1.650954961776733398e+00
1.630533933639526367e+00
1.555098772048950195e+00
1.586783885955810547e+00
1.620674133300781250e+00
1.598570823669433594e+00
1.621034145355224609e+00
1.668664932250976562e+00
1.687038421630859375e+00
1.637263298034667969e+00
1.625475645065307617e+00
1.581730604171752930e+00
1.630485057830810547e+00
1.647334098815917969e+00
1.647953987121582031e+00
1.653572320938110352e+00
1.707763671875000000e+00
1.647260189056396484e+00
1.676311969757080078e+00
1.663961648941040039e+00
1.689098119735717773e+00
1.560071229934692383e+00
1.602287292480468750e+00
1.621974706649780273e+00
1.619901180267333984e+00
1.609872102737426758e+00
1.674402236938476562e+00
1.715264320373535156e+00
1.752505064010620117e+00
1.793706417083740234e+00
1.625637531280517578e+00
1.336210489273071289e+00
1.242287158966064453e+00
1.233165979385375977e+00
1.245723009109497070e+00
1.245184898376464844e+00
1.242887020111083984e+00
1.263777971267700195e+00
1.244022846221923828e+00
1.254954576492309570e+00
1.293619632720947266e+00
1.235281705856323242e+00
1.263227462768554688e+00
1.269385576248168945e+00
1.255781173706054688e+00
1.256437778472900391e+00
1.291681528091430664e+00
1.217583894729614258e+00
1.227378129959106445e+00
1.213832616806030273e+00
1.268729925155639648e+00
1.260176897048950195e+00
1.398227214813232422e+00
1.535740852355957031e+00
1.689912557601928711e+00
1.682659149169921875e+00
1.726000070571899414e+00
1.283300638198852539e+00
1.272400140762329102e+00
1.255407333374023438e+00
1.272635936737060547e+00
1.246169090270996094e+00
1.236444473266601562e+00
1.238681793212890625e+00
1.272632360458374023e+00
1.240454673767089844e+00
1.251260995864868164e+00
1.320736169815063477e+00
1.252691507339477539e+00
1.247868061065673828e+00
1.247015237808227539e+00
1.260548830032348633e+00
1.226760864257812500e+00
1.218477487564086914e+00
1.221918582916259766e+00
1.251421689987182617e+00
1.367934226989746094e+00
1.535218000411987305e+00
1.721498727798461914e+00
1.646212339401245117e+00
1.252925395965576172e+00
1.273874282836914062e+00
1.372272491455078125e+00
1.320104122161865234e+00
1.294145822525024414e+00
1.280804634094238281e+00
1.243663311004638672e+00
1.250191211700439453e+00
1.237344264984130859e+00
1.245827436447143555e+00
1.251864671707153320e+00
1.250475645065307617e+00
1.321236848831176758e+00
1.238523483276367188e+00
1.242126703262329102e+00
1.250818490982055664e+00
1.240124464035034180e+00
1.327207565307617188e+00
1.241866588592529297e+00
1.353224515914916992e+00
1.572495222091674805e+00
1.752702951431274414e+00
1.485267639160156250e+00
1.305675506591796875e+00
1.273225784301757812e+00
1.284499168395996094e+00
1.286190986633300781e+00
1.359775543212890625e+00
1.277186870574951172e+00
1.276885271072387695e+00
1.288498640060424805e+00
1.279119253158569336e+00
1.281343698501586914e+00
1.225769996643066406e+00
1.238773584365844727e+00
1.251485347747802734e+00
1.247975826263427734e+00
1.255757331848144531e+00
1.255450725555419922e+00
1.253457069396972656e+00
1.380846738815307617e+00
1.556130409240722656e+00
1.922220230102539062e+00
1.245109319686889648e+00
1.242655754089355469e+00
1.260107994079589844e+00
1.247688770294189453e+00
1.235480308532714844e+00
1.242456912994384766e+00
1.250855684280395508e+00
1.250309228897094727e+00
1.373611450195312500e+00
1.287802219390869141e+00
1.280815839767456055e+00
1.212513923645019531e+00
1.198596000671386719e+00
1.199516773223876953e+00
1.208698511123657227e+00
1.288979291915893555e+00
1.260539054870605469e+00
1.252426862716674805e+00
1.298007726669311523e+00
1.446866989135742188e+00
1.790598630905151367e+00
1.582731246948242188e+00
1.248500108718872070e+00
1.252824783325195312e+00
1.287832736968994141e+00
1.377824544906616211e+00
1.245889186859130859e+00
1.243105649948120117e+00
1.254958391189575195e+00
1.241088151931762695e+00
1.236582040786743164e+00
1.265451192855834961e+00
1.265088081359863281e+00
1.265141010284423828e+00
1.283369064331054688e+00
1.264924764633178711e+00
1.264241695404052734e+00
1.265558958053588867e+00
1.284002304077148438e+00
1.370082139968872070e+00
1.542853355407714844e+00
