6.406650543212890625e-01
6.280679702758789062e-01
6.423406600952148438e-01
6.347608566284179688e-01
7.014524936676025391e-01
6.337475776672363281e-01
6.331474781036376953e-01
6.304953098297119141e-01
6.337335109710693359e-01
6.283979415893554688e-01
6.354353427886962891e-01
6.635851860046386719e-01
6.457307338714599609e-01
6.318216323852539062e-01
6.298956871032714844e-01
6.340360641479492188e-01
7.133448123931884766e-01
6.404821872711181641e-01
6.334934234619140625e-01
6.266553401947021484e-01
6.292209625244140625e-01
6.252739429473876953e-01
6.245541572570800781e-01
6.236066818237304688e-01
6.292128562927246094e-01
6.487174034118652344e-01
6.270713806152343750e-01
6.279876232147216797e-01
6.232893466949462891e-01
6.306500434875488281e-01
6.419198513031005859e-01
6.380157470703125000e-01
6.398911476135253906e-01
6.277520656585693359e-01
6.292991638183593750e-01
7.125549316406250000e-01
6.333227157592773438e-01
6.324954032897949219e-01
6.303341388702392578e-01
6.297430992126464844e-01
6.255526542663574219e-01
6.223607063293457031e-01
6.303570270538330078e-01
6.275467872619628906e-01
6.353092193603515625e-01
6.356163024902343750e-01
6.359245777130126953e-01
7.115354537963867188e-01
6.297528743743896484e-01
6.303684711456298828e-01
6.294031143188476562e-01
6.167023181915283203e-01
6.297447681427001953e-01
6.350595951080322266e-01
6.237461566925048828e-01
6.304531097412109375e-01
6.174709796905517578e-01
6.362240314483642578e-01
6.174032688140869141e-01
6.277582645416259766e-01
6.340982913970947266e-01
6.265840530395507812e-01
6.206851005554199219e-01
6.273946762084960938e-01
6.301071643829345703e-01
6.445684432983398438e-01
7.142105102539062500e-01
6.374800205230712891e-01
6.198863983154296875e-01
6.297957897186279297e-01
6.195101737976074219e-01
6.245820522308349609e-01
6.416096687316894531e-01
6.364018917083740234e-01
6.294822692871093750e-01
6.309335231781005859e-01
6.271805763244628906e-01
6.252205371856689453e-01
6.216108798980712891e-01
6.393227577209472656e-01
6.574068069458007812e-01
6.314365863800048828e-01
6.375241279602050781e-01
6.184024810791015625e-01
6.164474487304687500e-01
6.397924423217773438e-01
6.338489055633544922e-01
6.332442760467529297e-01
6.240339279174804688e-01
7.116148471832275391e-01
6.343140602111816406e-01
6.740500926971435547e-01
6.399905681610107422e-01
6.548388004302978516e-01
6.325540542602539062e-01
6.324911117553710938e-01
6.306390762329101562e-01
6.320371627807617188e-01
6.375067234039306641e-01
6.350269317626953125e-01
6.318061351776123047e-01
6.366524696350097656e-01
6.403305530548095703e-01
6.352031230926513672e-01
6.351187229156494141e-01
6.207673549652099609e-01
6.151473522186279297e-01
6.393005847930908203e-01
6.384255886077880859e-01
6.342201232910156250e-01
7.246513366699218750e-01
6.440744400024414062e-01
6.369674205780029297e-01
6.243283748626708984e-01
6.291468143463134766e-01
6.367683410644531250e-01
6.458964347839355469e-01
6.362841129302978516e-01
6.357483863830566406e-01
6.351380348205566406e-01
6.391246318817138672e-01
6.149506568908691406e-01
6.321897506713867188e-01
6.410176753997802734e-01
6.327967643737792969e-01
6.319568157196044922e-01
6.320719718933105469e-01
6.331551074981689453e-01
6.258389949798583984e-01
6.306157112121582031e-01
6.285893917083740234e-01
6.372520923614501953e-01
6.339230537414550781e-01
6.230504512786865234e-01
6.168687343597412109e-01
6.449618339538574219e-01
6.361010074615478516e-01
6.327018737792968750e-01
6.311166286468505859e-01
6.529505252838134766e-01
6.344172954559326172e-01
6.358377933502197266e-01
6.367051601409912109e-01
6.363592147827148438e-01
6.268258094787597656e-01
6.341545581817626953e-01
6.933646202087402344e-01
6.267976760864257812e-01
6.248958110809326172e-01
6.409714221954345703e-01
6.317713260650634766e-01
6.354115009307861328e-01
6.209349632263183594e-01
7.168354988098144531e-01
6.300671100616455078e-01
6.177413463592529297e-01
6.387164592742919922e-01
6.251060962677001953e-01
6.292655467987060547e-01
6.346750259399414062e-01
6.322572231292724609e-01
6.263201236724853516e-01
6.349551677703857422e-01
6.358313560485839844e-01
6.428267955780029297e-01
7.209537029266357422e-01
6.455645561218261719e-01
6.467373371124267578e-01
6.331312656402587891e-01
6.273040771484375000e-01
6.278901100158691406e-01
6.325461864471435547e-01
6.615529060363769531e-01
6.345300674438476562e-01
6.321976184844970703e-01
6.328079700469970703e-01
6.325795650482177734e-01
7.158987522125244141e-01
6.339247226715087891e-01
6.352510452270507812e-01
6.323027610778808594e-01
6.316683292388916016e-01
6.489744186401367188e-01
6.313271522521972656e-01
6.329305171966552734e-01
6.391203403472900391e-01
6.295988559722900391e-01
6.309711933135986328e-01
6.312873363494873047e-01
6.301572322845458984e-01
7.176518440246582031e-01
6.330163478851318359e-01
6.382238864898681641e-01
6.305410861968994141e-01
6.378560066223144531e-01
6.345305442810058594e-01
6.339058876037597656e-01
6.380407810211181641e-01
6.368932723999023438e-01
6.312575340270996094e-01
