4.978159904479980469e+00
7.607507705688476562e-01
7.601792812347412109e-01
7.644455432891845703e-01
7.655289173126220703e-01
7.663207054138183594e-01
7.660188674926757812e-01
7.647149562835693359e-01
7.686452865600585938e-01
7.653524875640869141e-01
7.654919624328613281e-01
7.679567337036132812e-01
7.676515579223632812e-01
7.670400142669677734e-01
7.665045261383056641e-01
7.677729129791259766e-01
7.679357528686523438e-01
7.684016227722167969e-01
7.696893215179443359e-01
7.725770473480224609e-01
7.695953845977783203e-01
7.694473266601562500e-01
7.709667682647705078e-01
7.701299190521240234e-01
7.691340446472167969e-01
7.711474895477294922e-01
7.711992263793945312e-01
7.727901935577392578e-01
7.736995220184326172e-01
7.734761238098144531e-01
7.752721309661865234e-01
7.749238014221191406e-01
7.737205028533935547e-01
7.740812301635742188e-01
7.729051113128662109e-01
7.766244411468505859e-01
7.764911651611328125e-01
7.806227207183837891e-01
7.776658535003662109e-01
7.771861553192138672e-01
7.755675315856933594e-01
7.752559185028076172e-01
7.805097103118896484e-01
7.775506973266601562e-01
7.778913974761962891e-01
7.760455608367919922e-01
7.794516086578369141e-01
7.787015438079833984e-01
7.783770561218261719e-01
7.758603096008300781e-01
7.808027267456054688e-01
7.801311016082763672e-01
7.774875164031982422e-01
7.799522876739501953e-01
7.800879478454589844e-01
7.860608100891113281e-01
7.807672023773193359e-01
7.803828716278076172e-01
7.826592922210693359e-01
7.799947261810302734e-01
7.856059074401855469e-01
7.705247402191162109e-01
7.724609375000000000e-01
7.805337905883789062e-01
7.799875736236572266e-01
7.802422046661376953e-01
7.793753147125244141e-01
7.776057720184326172e-01
7.781581878662109375e-01
7.814385890960693359e-01
7.776889801025390625e-01
7.796463966369628906e-01
7.804408073425292969e-01
7.809188365936279297e-01
7.870202064514160156e-01
7.861800193786621094e-01
7.853281497955322266e-01
7.889144420623779297e-01
8.102335929870605469e-01
7.988302707672119141e-01
7.994787693023681641e-01
7.867946624755859375e-01
7.800049781799316406e-01
7.600584030151367188e-01
8.409473896026611328e-01
8.094105720520019531e-01
7.998573780059814453e-01
7.795181274414062500e-01
7.776372432708740234e-01
7.803685665130615234e-01
7.784173488616943359e-01
7.778785228729248047e-01
7.780177593231201172e-01
7.793633937835693359e-01
7.938807010650634766e-01
7.597906589508056641e-01
7.640588283538818359e-01
8.292148113250732422e-01
7.577600479125976562e-01
7.943961620330810547e-01
7.967951297760009766e-01
7.872107028961181641e-01
7.842385768890380859e-01
7.604670524597167969e-01
7.599544525146484375e-01
8.958148956298828125e-01
8.035390377044677734e-01
7.627000808715820312e-01
7.933442592620849609e-01
7.967095375061035156e-01
8.058097362518310547e-01
7.863218784332275391e-01
7.926378250122070312e-01
8.016879558563232422e-01
7.845435142517089844e-01
7.826156616210937500e-01
7.858362197875976562e-01
7.856602668762207031e-01
7.898473739624023438e-01
7.975866794586181641e-01
7.935235500335693359e-01
7.703285217285156250e-01
7.684109210968017578e-01
7.675411701202392578e-01
7.587237358093261719e-01
7.888762950897216797e-01
7.859792709350585938e-01
7.885656356811523438e-01
7.842185497283935547e-01
7.795288562774658203e-01
7.816843986511230469e-01
7.924408912658691406e-01
7.966809272766113281e-01
7.890374660491943359e-01
7.880797386169433594e-01
8.400616645812988281e-01
7.956302165985107422e-01
7.909069061279296875e-01
7.906758785247802734e-01
7.922477722167968750e-01
7.909476757049560547e-01
7.921552658081054688e-01
7.900691032409667969e-01
7.860481739044189453e-01
7.726621627807617188e-01
7.643611431121826172e-01
8.491778373718261719e-01
7.916717529296875000e-01
7.902510166168212891e-01
7.908184528350830078e-01
7.919046878814697266e-01
7.925522327423095703e-01
7.907731533050537109e-01
7.904500961303710938e-01
7.918360233306884766e-01
7.905969619750976562e-01
7.930939197540283203e-01
7.932970523834228516e-01
7.919125556945800781e-01
7.926113605499267578e-01
7.929406166076660156e-01
7.913157939910888672e-01
7.763493061065673828e-01
7.999389171600341797e-01
7.951536178588867188e-01
7.957167625427246094e-01
8.503339290618896484e-01
7.842750549316406250e-01
7.942609786987304688e-01
7.942736148834228516e-01
7.943458557128906250e-01
7.933185100555419922e-01
7.931258678436279297e-01
7.944180965423583984e-01
7.932984828948974609e-01
7.928092479705810547e-01
7.955482006072998047e-01
7.946658134460449219e-01
8.000016212463378906e-01
7.945139408111572266e-01
7.798337936401367188e-01
7.657289505004882812e-01
8.068482875823974609e-01
7.960238456726074219e-01
7.945306301116943359e-01
8.092379570007324219e-01
7.963199615478515625e-01
7.905118465423583984e-01
7.914717197418212891e-01
8.086121082305908203e-01
8.264636993408203125e-01
7.947020530700683594e-01
7.926630973815917969e-01
8.117358684539794922e-01
7.750477790832519531e-01
8.221786022186279297e-01
8.186895847320556641e-01
8.260502815246582031e-01
7.670931816101074219e-01
7.678492069244384766e-01
