6.406984329223632812e-01
6.280875205993652344e-01
6.423416137695312500e-01
6.347630023956298828e-01
7.014460563659667969e-01
6.337335109710693359e-01
6.331322193145751953e-01
6.304960250854492188e-01
6.337296962738037109e-01
6.284101009368896484e-01
6.354420185089111328e-01
6.635699272155761719e-01
6.457474231719970703e-01
6.318292617797851562e-01
6.299028396606445312e-01
6.340415477752685547e-01
7.133567333221435547e-01
6.404714584350585938e-01
6.334857940673828125e-01
6.266527175903320312e-01
6.292195320129394531e-01
6.252760887145996094e-01
6.245596408843994141e-01
6.236014366149902344e-01
6.292128562927246094e-01
6.486973762512207031e-01
6.270837783813476562e-01
6.279866695404052734e-01
6.232955455780029297e-01
6.309969425201416016e-01
6.418888568878173828e-01
6.380176544189453125e-01
6.398937702178955078e-01
6.277515888214111328e-01
6.293005943298339844e-01
7.125608921051025391e-01
6.333401203155517578e-01
6.324846744537353516e-01
6.303486824035644531e-01
6.297528743743896484e-01
6.255507469177246094e-01
6.223561763763427734e-01
6.303625106811523438e-01
6.275498867034912109e-01
6.353020668029785156e-01
6.356182098388671875e-01
6.359226703643798828e-01
7.115199565887451172e-01
6.297564506530761719e-01
6.303641796112060547e-01
6.293962001800537109e-01
6.167089939117431641e-01
6.297523975372314453e-01
6.350586414337158203e-01
6.237239837646484375e-01
6.304519176483154297e-01
6.174750328063964844e-01
6.362247467041015625e-01
6.174068450927734375e-01
6.277544498443603516e-01
6.340963840484619141e-01
6.265733242034912109e-01
6.206715106964111328e-01
6.273901462554931641e-01
6.301059722900390625e-01
6.445727348327636719e-01
7.015964984893798828e-01
6.374809741973876953e-01
6.198704242706298828e-01
6.297793388366699219e-01
6.515467166900634766e-01
6.245656013488769531e-01
6.416018009185791016e-01
6.364052295684814453e-01
6.294858455657958984e-01
6.309142112731933594e-01
6.172542572021484375e-01
6.252017021179199219e-01
6.216144561767578125e-01
6.393189430236816406e-01
6.573920249938964844e-01
6.314461231231689453e-01
6.319103240966796875e-01
6.183955669403076172e-01
6.164324283599853516e-01
6.398069858551025391e-01
6.338400840759277344e-01
6.332499980926513672e-01
6.240363121032714844e-01
7.116155624389648438e-01
6.343116760253906250e-01
6.327006816864013672e-01
6.400022506713867188e-01
6.548535823822021484e-01
6.325635910034179688e-01
6.324868202209472656e-01
6.306378841400146484e-01
6.320514678955078125e-01
6.366584300994873047e-01
6.350407600402832031e-01
6.318066120147705078e-01
6.366493701934814453e-01
6.403164863586425781e-01
6.352040767669677734e-01
6.351265907287597656e-01
6.207680702209472656e-01
6.151404380798339844e-01
6.392993927001953125e-01
6.384148597717285156e-01
6.342310905456542969e-01
7.246525287628173828e-01
6.440730094909667969e-01
6.369702816009521484e-01
6.243169307708740234e-01
6.291570663452148438e-01
6.367745399475097656e-01
6.458976268768310547e-01
6.362864971160888672e-01
6.357522010803222656e-01
6.351459026336669922e-01
6.391305923461914062e-01
6.149497032165527344e-01
6.322040557861328125e-01
6.410186290740966797e-01
6.328115463256835938e-01
6.319661140441894531e-01
6.320827007293701172e-01
6.331400871276855469e-01
6.258494853973388672e-01
6.306021213531494141e-01
6.285881996154785156e-01
6.372408866882324219e-01
6.339385509490966797e-01
6.141571998596191406e-01
6.168720722198486328e-01
6.449811458587646484e-01
6.361017227172851562e-01
6.326985359191894531e-01
6.311280727386474609e-01
6.529386043548583984e-01
6.344387531280517578e-01
6.358439922332763672e-01
6.366991996765136719e-01
6.363580226898193359e-01
6.268093585968017578e-01
6.341662406921386719e-01
6.933639049530029297e-01
6.267781257629394531e-01
6.248848438262939453e-01
6.409611701965332031e-01
6.317894458770751953e-01
6.354105472564697266e-01
6.209378242492675781e-01
7.170407772064208984e-01
6.300663948059082031e-01
6.177473068237304688e-01
6.387012004852294922e-01
6.250984668731689453e-01
6.292736530303955078e-01
6.346521377563476562e-01
6.322689056396484375e-01
6.263444423675537109e-01
6.349675655364990234e-01
6.358325481414794922e-01
6.428334712982177734e-01
7.209401130676269531e-01
6.455621719360351562e-01
6.467356681823730469e-01
6.331286430358886719e-01
6.135473251342773438e-01
6.278927326202392578e-01
6.325392723083496094e-01
6.615438461303710938e-01
6.345221996307373047e-01
6.322121620178222656e-01
6.328122615814208984e-01
6.325831413269042969e-01
7.159092426300048828e-01
6.339240074157714844e-01
6.352486610412597656e-01
6.323182582855224609e-01
6.316790580749511719e-01
6.489777565002441406e-01
6.313335895538330078e-01
6.329417228698730469e-01
6.391158103942871094e-01
6.028523445129394531e-01
6.309790611267089844e-01
6.312959194183349609e-01
6.301572322845458984e-01
7.176525592803955078e-01
6.330270767211914062e-01
6.382279396057128906e-01
6.305434703826904297e-01
6.378662586212158203e-01
6.345474720001220703e-01
6.339166164398193359e-01
6.380529403686523438e-01
6.369068622589111328e-01
6.312701702117919922e-01
