4.972959756851196289e+00
7.823605537414550781e-01
7.906303405761718750e-01
7.894625663757324219e-01
8.719680309295654297e-01
7.849919795989990234e-01
7.883248329162597656e-01
7.865166664123535156e-01
7.834587097167968750e-01
8.072040081024169922e-01
7.762739658355712891e-01
7.758305072784423828e-01
7.752282619476318359e-01
7.772920131683349609e-01
7.777786254882812500e-01
7.756707668304443359e-01
7.761971950531005859e-01
7.793822288513183594e-01
7.732131481170654297e-01
7.731289863586425781e-01
7.744884490966796875e-01
7.738499641418457031e-01
7.735552787780761719e-01
7.762753963470458984e-01
7.725441455841064453e-01
7.768654823303222656e-01
7.755684852600097656e-01
7.749381065368652344e-01
7.755286693572998047e-01
7.753698825836181641e-01
7.754483222961425781e-01
7.936556339263916016e-01
7.902522087097167969e-01
7.871136665344238281e-01
7.840998172760009766e-01
7.862370014190673828e-01
7.839004993438720703e-01
7.880828380584716797e-01
7.887256145477294922e-01
7.922344207763671875e-01
7.951920032501220703e-01
7.922389507293701172e-01
7.917327880859375000e-01
7.929496765136718750e-01
7.963552474975585938e-01
7.965395450592041016e-01
7.952499389648437500e-01
7.979128360748291016e-01
7.958734035491943359e-01
7.919607162475585938e-01
7.680962085723876953e-01
7.686817646026611328e-01
7.756154537200927734e-01
7.796573638916015625e-01
7.841053009033203125e-01
7.686898708343505859e-01
7.912366390228271484e-01
7.956554889678955078e-01
7.714970111846923828e-01
7.700917720794677734e-01
7.803816795349121094e-01
8.011143207550048828e-01
8.104979991912841797e-01
7.697973251342773438e-01
8.403127193450927734e-01
7.987928390502929688e-01
7.949981689453125000e-01
7.946300506591796875e-01
8.876631259918212891e-01
8.094761371612548828e-01
7.995173931121826172e-01
7.966084480285644531e-01
7.987253665924072266e-01
7.969131469726562500e-01
7.994251251220703125e-01
7.995772361755371094e-01
8.003249168395996094e-01
8.003070354461669922e-01
8.023793697357177734e-01
7.992258071899414062e-01
8.023774623870849609e-01
8.012828826904296875e-01
7.975184917449951172e-01
7.735419273376464844e-01
7.729880809783935547e-01
7.719225883483886719e-01
7.780127525329589844e-01
7.720851898193359375e-01
7.974550724029541016e-01
7.836632728576660156e-01
7.748689651489257812e-01
7.993578910827636719e-01
8.014571666717529297e-01
7.933421134948730469e-01
8.296818733215332031e-01
8.199634552001953125e-01
8.089745044708251953e-01
8.066244125366210938e-01
8.063449859619140625e-01
8.089101314544677734e-01
8.087623119354248047e-01
8.121352195739746094e-01
8.076004981994628906e-01
8.084440231323242188e-01
8.073170185089111328e-01
8.042433261871337891e-01
8.278799057006835938e-01
7.759802341461181641e-01
8.076834678649902344e-01
8.360850811004638672e-01
8.091146945953369141e-01
7.990012168884277344e-01
7.979028224945068359e-01
8.020393848419189453e-01
7.971501350402832031e-01
8.011693954467773438e-01
8.344235420227050781e-01
8.623065948486328125e-01
8.063104152679443359e-01
8.060581684112548828e-01
7.891929149627685547e-01
8.037753105163574219e-01
7.784996032714843750e-01
8.329503536224365234e-01
8.241720199584960938e-01
8.130481243133544922e-01
8.092772960662841797e-01
8.115589618682861328e-01
8.108375072479248047e-01
8.148150444030761719e-01
8.039767742156982422e-01
8.057644367218017578e-01
8.072969913482666016e-01
8.043177127838134766e-01
8.060224056243896484e-01
8.071994781494140625e-01
8.005919456481933594e-01
8.037781715393066406e-01
8.028874397277832031e-01
8.028912544250488281e-01
7.984609603881835938e-01
8.029227256774902344e-01
7.983677387237548828e-01
7.973473072052001953e-01
7.995085716247558594e-01
8.043241500854492188e-01
7.972583770751953125e-01
8.069398403167724609e-01
7.971503734588623047e-01
8.012974262237548828e-01
8.053410053253173828e-01
8.099949359893798828e-01
8.043828010559082031e-01
8.151159286499023438e-01
8.105344772338867188e-01
8.063228130340576172e-01
8.689959049224853516e-01
8.060529232025146484e-01
8.129973411560058594e-01
8.139147758483886719e-01
8.126361370086669922e-01
8.142454624176025391e-01
8.142578601837158203e-01
8.128380775451660156e-01
8.122577667236328125e-01
8.091630935668945312e-01
8.100934028625488281e-01
8.099312782287597656e-01
8.119089603424072266e-01
8.091464042663574219e-01
7.985875606536865234e-01
9.245810508728027344e-01
8.051226139068603516e-01
8.066325187683105469e-01
8.125848770141601562e-01
8.122251033782958984e-01
8.112096786499023438e-01
8.123400211334228516e-01
8.259708881378173828e-01
8.096694946289062500e-01
8.300254344940185547e-01
8.162629604339599609e-01
8.176469802856445312e-01
8.893306255340576172e-01
8.579473495483398438e-01
8.039090633392333984e-01
8.029258251190185547e-01
8.351049423217773438e-01
8.060944080352783203e-01
8.024775981903076172e-01
8.204286098480224609e-01
8.799436092376708984e-01
8.071827888488769531e-01
8.043766021728515625e-01
8.048949241638183594e-01
8.036596775054931641e-01
8.076219558715820312e-01
8.199331760406494141e-01
8.051884174346923828e-01
8.065211772918701172e-01
