6.406617164611816406e-01
6.280703544616699219e-01
6.423292160034179688e-01
6.347553730010986328e-01
7.014491558074951172e-01
6.337332725524902344e-01
6.331422328948974609e-01
6.304848194122314453e-01
6.337287425994873047e-01
6.283876895904541016e-01
6.354298591613769531e-01
6.635813713073730469e-01
6.457257270812988281e-01
6.318151950836181641e-01
6.298935413360595703e-01
6.340322494506835938e-01
7.133376598358154297e-01
6.404790878295898438e-01
6.334850788116455078e-01
6.266484260559082031e-01
6.292123794555664062e-01
6.252677440643310547e-01
6.245505809783935547e-01
6.235916614532470703e-01
6.292061805725097656e-01
6.487102508544921875e-01
6.270635128021240234e-01
6.279816627502441406e-01
6.232686042785644531e-01
6.306431293487548828e-01
6.419162750244140625e-01
6.379985809326171875e-01
6.398701667785644531e-01
6.277468204498291016e-01
6.292920112609863281e-01
7.125389575958251953e-01
6.333150863647460938e-01
6.324892044067382812e-01
6.303150653839111328e-01
6.297264099121093750e-01
6.255366802215576172e-01
6.223502159118652344e-01
6.303422451019287109e-01
6.275308132171630859e-01
6.352868080139160156e-01
6.356110572814941406e-01
6.359174251556396484e-01
7.115266323089599609e-01
6.297473907470703125e-01
6.303577423095703125e-01
6.293952465057373047e-01
6.166858673095703125e-01
6.297252178192138672e-01
6.350574493408203125e-01
6.237385272979736328e-01
6.304385662078857422e-01
6.174693107604980469e-01
6.362175941467285156e-01
6.173870563507080078e-01
6.277523040771484375e-01
6.340880393981933594e-01
6.265807151794433594e-01
6.206655502319335938e-01
6.273915767669677734e-01
6.301002502441406250e-01
6.445670127868652344e-01
7.141921520233154297e-01
6.374657154083251953e-01
6.198780536651611328e-01
6.297891139984130859e-01
6.515486240386962891e-01
6.245718002319335938e-01
6.415896415710449219e-01
6.363935470581054688e-01
6.294798851013183594e-01
6.309216022491455078e-01
6.271760463714599609e-01
6.252107620239257812e-01
6.216015815734863281e-01
6.393055915832519531e-01
6.573996543884277344e-01
6.314260959625244141e-01
6.375207901000976562e-01
6.183974742889404297e-01
6.164426803588867188e-01
6.397931575775146484e-01
6.338400840759277344e-01
6.332278251647949219e-01
6.240155696868896484e-01
7.116079330444335938e-01
6.343052387237548828e-01
6.740427017211914062e-01
6.399762630462646484e-01
6.548345088958740234e-01
6.325440406799316406e-01
6.324841976165771484e-01
6.306252479553222656e-01
6.320309638977050781e-01
6.374826431274414062e-01
6.350224018096923828e-01
6.317980289459228516e-01
6.366493701934814453e-01
6.403155326843261719e-01
6.352021694183349609e-01
6.351172924041748047e-01
6.207654476165771484e-01
6.151375770568847656e-01
6.392943859100341797e-01
6.384103298187255859e-01
6.342105865478515625e-01
7.246363162994384766e-01
6.440577507019042969e-01
6.369633674621582031e-01
6.243190765380859375e-01
6.291346549987792969e-01
6.367492675781250000e-01
6.458892822265625000e-01
6.362767219543457031e-01
6.357386112213134766e-01
6.351299285888671875e-01
6.391139030456542969e-01
6.149418354034423828e-01
6.321787834167480469e-01
6.410093307495117188e-01
6.327912807464599609e-01
6.319508552551269531e-01
6.320550441741943359e-01
6.331496238708496094e-01
6.258292198181152344e-01
6.306102275848388672e-01
6.285750865936279297e-01
6.372408866882324219e-01
6.339042186737060547e-01
6.230435371398925781e-01
6.168577671051025391e-01
6.449534893035888672e-01
6.360938549041748047e-01
6.326942443847656250e-01
6.311004161834716797e-01
6.529362201690673828e-01
6.344234943389892578e-01
6.358253955841064453e-01
6.366939544677734375e-01
6.363482475280761719e-01
6.268200874328613281e-01
6.341474056243896484e-01
6.933581829071044922e-01
6.267995834350585938e-01
6.249015331268310547e-01
6.409666538238525391e-01
6.317687034606933594e-01
6.354067325592041016e-01
6.209297180175781250e-01
7.168314456939697266e-01
6.300628185272216797e-01
6.177270412445068359e-01
6.387054920196533203e-01
6.250991821289062500e-01
6.292529106140136719e-01
6.346616744995117188e-01
6.322379112243652344e-01
6.263177394866943359e-01
6.349496841430664062e-01
6.358242034912109375e-01
6.428229808807373047e-01
7.209496498107910156e-01
6.455590724945068359e-01
6.467223167419433594e-01
6.331207752227783203e-01
6.272912025451660156e-01
6.278796195983886719e-01
6.325430870056152344e-01
6.615440845489501953e-01
6.345245838165283203e-01
6.321928501129150391e-01
6.327986717224121094e-01
6.325683593750000000e-01
7.158920764923095703e-01
6.339201927185058594e-01
6.352458000183105469e-01
6.322977542877197266e-01
6.316561698913574219e-01
6.489636898040771484e-01
6.313147544860839844e-01
6.329221725463867188e-01
6.391105651855468750e-01
6.295862197875976562e-01
6.309604644775390625e-01
6.312839984893798828e-01
6.301436424255371094e-01
7.176418304443359375e-01
6.330053806304931641e-01
6.382114887237548828e-01
6.305358409881591797e-01
6.378443241119384766e-01
6.345207691192626953e-01
6.339023113250732422e-01
6.380329132080078125e-01
6.368887424468994141e-01
6.312551498413085938e-01
