6.406798362731933594e-01
6.280789375305175781e-01
6.423323154449462891e-01
6.347556114196777344e-01
7.014348506927490234e-01
6.337316036224365234e-01
6.331276893615722656e-01
6.304900646209716797e-01
6.337227821350097656e-01
6.284031867980957031e-01
6.354427337646484375e-01
6.635677814483642578e-01
6.457395553588867188e-01
6.318285465240478516e-01
6.299047470092773438e-01
6.340329647064208984e-01
7.133502960205078125e-01
6.404573917388916016e-01
6.334745883941650391e-01
6.266400814056396484e-01
6.292018890380859375e-01
6.252765655517578125e-01
6.245477199554443359e-01
6.235907077789306641e-01
6.291897296905517578e-01
6.486928462982177734e-01
6.270718574523925781e-01
6.279728412628173828e-01
6.232852935791015625e-01
6.309852600097656250e-01
6.418750286102294922e-01
6.380083560943603516e-01
6.398906707763671875e-01
6.277394294738769531e-01
6.292960643768310547e-01
7.125592231750488281e-01
6.333336830139160156e-01
6.324717998504638672e-01
6.303386688232421875e-01
6.297464370727539062e-01
6.255464553833007812e-01
6.223435401916503906e-01
6.303577423095703125e-01
6.275391578674316406e-01
6.352949142456054688e-01
6.356158256530761719e-01
6.359102725982666016e-01
7.115130424499511719e-01
6.297473907470703125e-01
6.303532123565673828e-01
6.294007301330566406e-01
6.166968345642089844e-01
6.297509670257568359e-01
6.350421905517578125e-01
6.237189769744873047e-01
6.304383277893066406e-01
6.174645423889160156e-01
6.362090110778808594e-01
6.173949241638183594e-01
6.277432441711425781e-01
6.340837478637695312e-01
6.265611648559570312e-01
6.206669807434082031e-01
6.273813247680664062e-01
6.300928592681884766e-01
6.445612907409667969e-01
7.142093181610107422e-01
6.374754905700683594e-01
6.198651790618896484e-01
6.297721862792968750e-01
6.515476703643798828e-01
6.245570182800292969e-01
6.416001319885253906e-01
6.363873481750488281e-01
6.135776042938232422e-01
6.309013366699218750e-01
6.271631717681884766e-01
6.251845359802246094e-01
6.216030120849609375e-01
6.392982006072998047e-01
6.425745487213134766e-01
6.314463615417480469e-01
6.375060081481933594e-01
6.183917522430419922e-01
6.164195537567138672e-01
6.398038864135742188e-01
6.338324546813964844e-01
6.332495212554931641e-01
6.240253448486328125e-01
7.116065025329589844e-01
6.343142986297607422e-01
6.740460395812988281e-01
6.399991512298583984e-01
6.548449993133544922e-01
6.325619220733642578e-01
6.324677467346191406e-01
6.306335926055908203e-01
6.320419311523437500e-01
6.374957561492919922e-01
6.350345611572265625e-01
6.318013668060302734e-01
6.366462707519531250e-01
6.403107643127441406e-01
6.351938247680664062e-01
6.351213455200195312e-01
6.207535266876220703e-01
6.151416301727294922e-01
6.392941474914550781e-01
6.384010314941406250e-01
6.342244148254394531e-01
7.246503829956054688e-01
6.440699100494384766e-01
6.369462013244628906e-01
6.243145465850830078e-01
6.291403770446777344e-01
6.367740631103515625e-01
6.458919048309326172e-01
6.362740993499755859e-01
6.357421875000000000e-01
6.351304054260253906e-01
6.391313076019287109e-01
6.149430274963378906e-01
6.322007179260253906e-01
6.410076618194580078e-01
6.327996253967285156e-01
6.319546699523925781e-01
6.320753097534179688e-01
6.331291198730468750e-01
6.258342266082763672e-01
6.305916309356689453e-01
6.285889148712158203e-01
6.372277736663818359e-01
6.339182853698730469e-01
6.230504512786865234e-01
6.168675422668457031e-01
6.449720859527587891e-01
6.360909938812255859e-01
6.326980590820312500e-01
6.311111450195312500e-01
6.529273986816406250e-01
6.344363689422607422e-01
6.358284950256347656e-01
6.366972923278808594e-01
6.363403797149658203e-01
6.268000602722167969e-01
6.341600418090820312e-01
6.933448314666748047e-01
6.267695426940917969e-01
6.248753070831298828e-01
6.409571170806884766e-01
6.317765712738037109e-01
6.353983879089355469e-01
6.209237575531005859e-01
7.168383598327636719e-01
6.300637722015380859e-01
6.177365779876708984e-01
6.386940479278564453e-01
6.250867843627929688e-01
6.292634010314941406e-01
6.346492767333984375e-01
6.322395801544189453e-01
6.263453960418701172e-01
6.349673271179199219e-01
6.358261108398437500e-01
6.428177356719970703e-01
7.209470272064208984e-01
6.455571651458740234e-01
6.467316150665283203e-01
6.331279277801513672e-01
6.272866725921630859e-01
6.278865337371826172e-01
6.325221061706542969e-01
6.364958286285400391e-01
6.345093250274658203e-01
6.322090625762939453e-01
6.328048706054687500e-01
6.325726509094238281e-01
7.159016132354736328e-01
6.339128017425537109e-01
6.352427005767822266e-01
6.323111057281494141e-01
6.316733360290527344e-01
6.489725112915039062e-01
6.313281059265136719e-01
6.329309940338134766e-01
6.391129493713378906e-01
6.295955181121826172e-01
6.309709548950195312e-01
6.312854290008544922e-01
6.301434040069580078e-01
7.176427841186523438e-01
6.330161094665527344e-01
6.382155418395996094e-01
6.305344104766845703e-01
6.378555297851562500e-01
6.345360279083251953e-01
6.339128017425537109e-01
6.380410194396972656e-01
6.368806362152099609e-01
6.312563419342041016e-01
