4.962681293487548828e+00
7.690112590789794922e-01
7.700545787811279297e-01
7.728428840637207031e-01
7.717564105987548828e-01
7.635357379913330078e-01
7.557523250579833984e-01
7.569193840026855469e-01
7.569656372070312500e-01
7.641599178314208984e-01
7.706453800201416016e-01
7.551732063293457031e-01
7.551951408386230469e-01
7.557208538055419922e-01
7.542297840118408203e-01
7.560112476348876953e-01
7.561101913452148438e-01
7.583661079406738281e-01
7.903037071228027344e-01
7.875709533691406250e-01
7.867279052734375000e-01
7.905213832855224609e-01
7.891683578491210938e-01
7.869825363159179688e-01
7.890288829803466797e-01
7.877178192138671875e-01
7.873995304107666016e-01
7.904949188232421875e-01
7.902119159698486328e-01
7.907660007476806641e-01
7.883176803588867188e-01
7.820382118225097656e-01
7.800152301788330078e-01
7.844898700714111328e-01
7.854042053222656250e-01
7.873144149780273438e-01
7.853147983551025391e-01
7.862477302551269531e-01
7.798755168914794922e-01
7.809350490570068359e-01
7.777478694915771484e-01
7.791459560394287109e-01
7.630856037139892578e-01
7.616395950317382812e-01
7.616152763366699219e-01
8.140380382537841797e-01
7.634551525115966797e-01
8.586134910583496094e-01
7.898812294006347656e-01
7.919485569000244141e-01
7.787492275238037109e-01
7.780597209930419922e-01
7.791731357574462891e-01
7.834796905517578125e-01
7.867164611816406250e-01
7.810814380645751953e-01
7.660183906555175781e-01
7.811975479125976562e-01
7.823727130889892578e-01
7.801816463470458984e-01
7.868530750274658203e-01
7.778589725494384766e-01
7.767219543457031250e-01
7.875959873199462891e-01
7.735009193420410156e-01
7.657866477966308594e-01
7.649981975555419922e-01
7.870776653289794922e-01
7.858166694641113281e-01
7.936661243438720703e-01
7.877461910247802734e-01
7.834041118621826172e-01
7.879087924957275391e-01
7.886071205139160156e-01
7.885856628417968750e-01
7.867355346679687500e-01
7.842738628387451172e-01
7.867529392242431641e-01
7.868692874908447266e-01
7.869229316711425781e-01
7.879099845886230469e-01
8.107762336730957031e-01
7.673966884613037109e-01
7.908406257629394531e-01
7.894923686981201172e-01
7.909016609191894531e-01
7.896339893341064453e-01
7.909221649169921875e-01
7.948875427246093750e-01
7.973308563232421875e-01
7.963819503784179688e-01
8.006513118743896484e-01
7.992486953735351562e-01
8.077743053436279297e-01
8.088521957397460938e-01
8.011653423309326172e-01
8.127501010894775391e-01
7.697122097015380859e-01
7.944157123565673828e-01
7.839007377624511719e-01
7.844147682189941406e-01
7.711296081542968750e-01
7.975015640258789062e-01
7.988915443420410156e-01
8.058762550354003906e-01
8.146383762359619141e-01
7.875442504882812500e-01
7.993409633636474609e-01
7.964005470275878906e-01
8.031656742095947266e-01
7.978596687316894531e-01
7.989516258239746094e-01
8.069260120391845703e-01
8.072984218597412109e-01
8.069660663604736328e-01
7.729201316833496094e-01
8.216369152069091797e-01
7.974126338958740234e-01
8.321204185485839844e-01
7.960546016693115234e-01
7.910726070404052734e-01
7.978971004486083984e-01
7.941532135009765625e-01
7.981696128845214844e-01
7.972366809844970703e-01
7.878351211547851562e-01
8.282649517059326172e-01
8.046588897705078125e-01
7.724831104278564453e-01
7.718834877014160156e-01
8.072049617767333984e-01
7.939422130584716797e-01
7.993094921112060547e-01
8.046889305114746094e-01
8.086314201354980469e-01
8.077216148376464844e-01
8.075737953186035156e-01
8.066749572753906250e-01
8.075494766235351562e-01
7.813935279846191406e-01
8.098754882812500000e-01
8.196952342987060547e-01
8.430547714233398438e-01
8.007318973541259766e-01
8.128926753997802734e-01
8.003811836242675781e-01
8.095588684082031250e-01
8.035008907318115234e-01
8.032131195068359375e-01
8.066833019256591797e-01
8.218750953674316406e-01
7.815203666687011719e-01
7.830331325531005859e-01
8.218820095062255859e-01
7.934379577636718750e-01
7.940275669097900391e-01
7.960691452026367188e-01
7.963774204254150391e-01
7.821197509765625000e-01
7.742819786071777344e-01
7.770960330963134766e-01
7.901275157928466797e-01
7.746427059173583984e-01
7.753667831420898438e-01
7.957510948181152344e-01
7.983975410461425781e-01
7.953150272369384766e-01
7.982170581817626953e-01
8.047137260437011719e-01
7.976036071777343750e-01
7.955710887908935547e-01
8.091337680816650391e-01
7.973260879516601562e-01
7.978272438049316406e-01
7.763886451721191406e-01
7.811083793640136719e-01
7.767901420593261719e-01
7.758364677429199219e-01
7.784235477447509766e-01
8.125984668731689453e-01
8.031578063964843750e-01
7.998218536376953125e-01
8.001055717468261719e-01
8.073055744171142578e-01
8.094222545623779297e-01
8.129472732543945312e-01
8.111495971679687500e-01
8.124325275421142578e-01
8.107182979583740234e-01
8.117461204528808594e-01
8.137071132659912109e-01
8.086652755737304688e-01
8.075695037841796875e-01
8.067929744720458984e-01
8.062670230865478516e-01
8.133115768432617188e-01
8.152055740356445312e-01
8.117916584014892578e-01
7.874135971069335938e-01
7.817139625549316406e-01
