6.406810283660888672e-01
6.280841827392578125e-01
6.423387527465820312e-01
6.347644329071044922e-01
7.014503479003906250e-01
6.337351799011230469e-01
6.331338882446289062e-01
6.304955482482910156e-01
6.337296962738037109e-01
6.284101009368896484e-01
6.354475021362304688e-01
6.635730266571044922e-01
6.457438468933105469e-01
6.318323612213134766e-01
6.299049854278564453e-01
6.340394020080566406e-01
7.133555412292480469e-01
6.404728889465332031e-01
6.334848403930664062e-01
6.266520023345947266e-01
6.292178630828857422e-01
6.252839565277099609e-01
6.245574951171875000e-01
6.236009597778320312e-01
6.292104721069335938e-01
6.486997604370117188e-01
6.270818710327148438e-01
6.279847621917724609e-01
6.232974529266357422e-01
6.309962272644042969e-01
6.418867111206054688e-01
6.380157470703125000e-01
6.398940086364746094e-01
6.277503967285156250e-01
6.293001174926757812e-01
7.125616073608398438e-01
6.333360671997070312e-01
6.324849128723144531e-01
6.303479671478271484e-01
6.297545433044433594e-01
6.255512237548828125e-01
6.223573684692382812e-01
6.303672790527343750e-01
6.275446414947509766e-01
6.353042125701904297e-01
6.356196403503417969e-01
6.359252929687500000e-01
7.115204334259033203e-01
6.297509670257568359e-01
6.303741931915283203e-01
6.294090747833251953e-01
6.167018413543701172e-01
6.297569274902343750e-01
6.350600719451904297e-01
6.237249374389648438e-01
6.304528713226318359e-01
6.174712181091308594e-01
6.362307071685791016e-01
6.174035072326660156e-01
6.277585029602050781e-01
6.340978145599365234e-01
6.265759468078613281e-01
6.206746101379394531e-01
6.273934841156005859e-01
6.301054954528808594e-01
6.344449520111083984e-01
7.142200469970703125e-01
6.374821662902832031e-01
6.198732852935791016e-01
6.297781467437744141e-01
6.515483856201171875e-01
6.245687007904052734e-01
6.416077613830566406e-01
6.364066600799560547e-01
6.294839382171630859e-01
6.309065818786621094e-01
6.271691322326660156e-01
6.252033710479736328e-01
6.216115951538085938e-01
6.393139362335205078e-01
6.573944091796875000e-01
6.314511299133300781e-01
6.375160217285156250e-01
6.183943748474121094e-01
6.164407730102539062e-01
6.398072242736816406e-01
6.338362693786621094e-01
6.332552433013916016e-01
6.091437339782714844e-01
7.116146087646484375e-01
6.343140602111816406e-01
6.740500926971435547e-01
6.400039196014404297e-01
6.548562049865722656e-01
6.325685977935791016e-01
6.324789524078369141e-01
6.306371688842773438e-01
6.320476531982421875e-01
6.375019550323486328e-01
6.350369453430175781e-01
6.318056583404541016e-01
6.366541385650634766e-01
6.403150558471679688e-01
6.352024078369140625e-01
6.351280212402343750e-01
6.207671165466308594e-01
6.151459217071533203e-01
6.392960548400878906e-01
6.384158134460449219e-01
6.342325210571289062e-01
7.246510982513427734e-01
6.440727710723876953e-01
6.369643211364746094e-01
6.243209838867187500e-01
6.291544437408447266e-01
6.367778778076171875e-01
6.458985805511474609e-01
6.362805366516113281e-01
6.357495784759521484e-01
6.351392269134521484e-01
6.391322612762451172e-01
6.149506568908691406e-01
6.322057247161865234e-01
6.410179138183593750e-01
6.328074932098388672e-01
6.319670677185058594e-01
6.320807933807373047e-01
6.331379413604736328e-01
6.258502006530761719e-01
6.306040287017822266e-01
6.285908222198486328e-01
6.372418403625488281e-01
6.180148124694824219e-01
6.230542659759521484e-01
6.168704032897949219e-01
6.449794769287109375e-01
6.361012458801269531e-01
6.327054500579833984e-01
6.311249732971191406e-01
6.529376506805419922e-01
6.344332695007324219e-01
6.358478069305419922e-01
6.367065906524658203e-01
6.363608837127685547e-01
6.268081665039062500e-01
6.341674327850341797e-01
6.933636665344238281e-01
6.267797946929931641e-01
6.248848438262939453e-01
6.409616470336914062e-01
6.317832469940185547e-01
6.354074478149414062e-01
6.209335327148437500e-01
7.168474197387695312e-01
6.300659179687500000e-01
6.150352954864501953e-01
6.349961757659912109e-01
6.251001358032226562e-01
6.292748451232910156e-01
6.346557140350341797e-01
6.322669982910156250e-01
6.263551712036132812e-01
6.349713802337646484e-01
6.358315944671630859e-01
6.428287029266357422e-01
7.209546566009521484e-01
6.455621719360351562e-01
6.467356681823730469e-01
6.286525726318359375e-01
6.272964477539062500e-01
6.278896331787109375e-01
6.325299739837646484e-01
6.615452766418457031e-01
6.345210075378417969e-01
6.322081089019775391e-01
6.328158378601074219e-01
6.325781345367431641e-01
7.159066200256347656e-01
6.339249610900878906e-01
6.352498531341552734e-01
6.323146820068359375e-01
6.316812038421630859e-01
6.407141685485839844e-01
6.235222816467285156e-01
6.329250335693359375e-01
6.391277313232421875e-01
6.295990943908691406e-01
6.309649944305419922e-01
6.312952041625976562e-01
6.301572322845458984e-01
7.047057151794433594e-01
6.275560855865478516e-01
6.354501247406005859e-01
6.305434703826904297e-01
6.378686428070068359e-01
6.345462799072265625e-01
6.339211463928222656e-01
6.380536556243896484e-01
6.369073390960693359e-01
6.312680244445800781e-01
