4.977331399917602539e+00
7.807319164276123047e-01
7.815134525299072266e-01
7.808947563171386719e-01
7.850549221038818359e-01
7.751979827880859375e-01
7.747061252593994141e-01
7.738122940063476562e-01
7.812471389770507812e-01
7.884685993194580078e-01
8.197362422943115234e-01
7.909462451934814453e-01
7.909197807312011719e-01
7.879643440246582031e-01
7.915797233581542969e-01
7.914326190948486328e-01
7.880113124847412109e-01
7.896587848663330078e-01
7.782211303710937500e-01
7.801861763000488281e-01
7.791235446929931641e-01
7.804479598999023438e-01
7.800271511077880859e-01
7.801682949066162109e-01
7.811551094055175781e-01
7.813491821289062500e-01
7.800807952880859375e-01
7.849903106689453125e-01
7.854063510894775391e-01
7.839717864990234375e-01
7.811315059661865234e-01
8.042774200439453125e-01
7.858934402465820312e-01
7.662675380706787109e-01
7.586407661437988281e-01
7.573752403259277344e-01
7.583835124969482422e-01
7.580342292785644531e-01
7.885341644287109375e-01
7.909231185913085938e-01
7.859179973602294922e-01
7.902162075042724609e-01
7.856404781341552734e-01
7.856030464172363281e-01
7.851245403289794922e-01
8.015325069427490234e-01
7.865040302276611328e-01
7.739055156707763672e-01
7.594013214111328125e-01
7.592966556549072266e-01
7.929730415344238281e-01
7.920181751251220703e-01
7.926528453826904297e-01
7.900769710540771484e-01
7.935805320739746094e-01
7.946510314941406250e-01
7.860701084136962891e-01
7.952063083648681641e-01
7.953014373779296875e-01
7.944283485412597656e-01
7.953350543975830078e-01
7.843518257141113281e-01
7.857635021209716797e-01
7.961959838867187500e-01
7.876195907592773438e-01
7.865819931030273438e-01
7.854299545288085938e-01
7.974259853363037109e-01
7.977426052093505859e-01
7.950582504272460938e-01
7.956531047821044922e-01
7.967715263366699219e-01
7.948827743530273438e-01
7.971873283386230469e-01
8.013038635253906250e-01
7.996251583099365234e-01
7.980778217315673828e-01
7.992329597473144531e-01
8.021173477172851562e-01
7.991061210632324219e-01
8.003523349761962891e-01
7.955231666564941406e-01
7.908034324645996094e-01
8.000526428222656250e-01
7.998049259185791016e-01
8.004689216613769531e-01
7.999439239501953125e-01
7.976753711700439453e-01
7.731907367706298828e-01
8.072938919067382812e-01
8.003730773925781250e-01
8.028609752655029297e-01
8.026204109191894531e-01
7.731838226318359375e-01
7.753772735595703125e-01
8.004884719848632812e-01
7.940557003021240234e-01
7.944066524505615234e-01
7.755336761474609375e-01
7.950954437255859375e-01
7.826063632965087891e-01
7.933857440948486328e-01
7.673428058624267578e-01
7.656888961791992188e-01
8.002915382385253906e-01
7.711791992187500000e-01
8.002762794494628906e-01
8.047711849212646484e-01
7.687942981719970703e-01
7.678103446960449219e-01
7.656986713409423828e-01
8.068304061889648438e-01
7.987413406372070312e-01
8.006587028503417969e-01
8.012080192565917969e-01
8.078625202178955078e-01
8.064508438110351562e-01
7.984132766723632812e-01
7.956264019012451172e-01
8.388288021087646484e-01
8.040800094604492188e-01
7.923114299774169922e-01
8.062477111816406250e-01
7.787377834320068359e-01
7.697956562042236328e-01
7.802367210388183594e-01
8.029482364654541016e-01
7.972812652587890625e-01
7.932302951812744141e-01
7.947964668273925781e-01
8.040642738342285156e-01
8.026518821716308594e-01
8.509371280670166016e-01
8.004314899444580078e-01
8.006868362426757812e-01
7.986927032470703125e-01
8.000113964080810547e-01
7.995240688323974609e-01
7.995939254760742188e-01
8.085718154907226562e-01
8.022627830505371094e-01
8.044595718383789062e-01
8.510653972625732422e-01
8.054134845733642578e-01
7.710065841674804688e-01
8.053579330444335938e-01
8.123137950897216797e-01
8.078825473785400391e-01
8.079798221588134766e-01
8.217496871948242188e-01
8.429541587829589844e-01
7.961690425872802734e-01
7.962970733642578125e-01
8.205497264862060547e-01
8.027918338775634766e-01
8.083803653717041016e-01
8.082640171051025391e-01
8.070256710052490234e-01
7.991349697113037109e-01
7.955446243286132812e-01
7.955439090728759766e-01
7.980709075927734375e-01
7.936298847198486328e-01
7.966647148132324219e-01
8.058714866638183594e-01
8.086977005004882812e-01
8.072392940521240234e-01
8.087470531463623047e-01
8.073251247406005859e-01
8.165950775146484375e-01
8.048374652862548828e-01
8.088426589965820312e-01
8.086709976196289062e-01
8.065171241760253906e-01
7.965433597564697266e-01
7.987942695617675781e-01
7.962446212768554688e-01
7.960391044616699219e-01
7.986721992492675781e-01
7.717714309692382812e-01
7.970652580261230469e-01
7.746551036834716797e-01
7.754039764404296875e-01
8.050725460052490234e-01
8.034186363220214844e-01
8.064754009246826172e-01
8.021485805511474609e-01
8.051691055297851562e-01
8.060827255249023438e-01
8.080735206604003906e-01
8.038530349731445312e-01
8.097810745239257812e-01
8.105843067169189453e-01
8.129072189331054688e-01
8.121082782745361328e-01
7.996454238891601562e-01
7.737593650817871094e-01
7.719843387603759766e-01
8.126034736633300781e-01
8.105421066284179688e-01
