6.406648159027099609e-01
6.280624866485595703e-01
6.423394680023193359e-01
6.347682476043701172e-01
7.014520168304443359e-01
6.337468624114990234e-01
6.331458091735839844e-01
6.304945945739746094e-01
6.337335109710693359e-01
6.283969879150390625e-01
6.354358196258544922e-01
6.635830402374267578e-01
6.457309722900390625e-01
6.318206787109375000e-01
6.298956871032714844e-01
6.340360641479492188e-01
7.133433818817138672e-01
6.404826641082763672e-01
6.334927082061767578e-01
6.266536712646484375e-01
6.292200088500976562e-01
6.252720355987548828e-01
6.245539188385009766e-01
6.236057281494140625e-01
6.292130947113037109e-01
6.487138271331787109e-01
6.270751953125000000e-01
6.279881000518798828e-01
6.232895851135253906e-01
6.306500434875488281e-01
6.419193744659423828e-01
6.380152702331542969e-01
6.398892402648925781e-01
6.277499198913574219e-01
6.292996406555175781e-01
7.125549316406250000e-01
6.333220005035400391e-01
6.324961185455322266e-01
6.303346157073974609e-01
6.297409534454345703e-01
6.255564689636230469e-01
6.223590373992919922e-01
6.303582191467285156e-01
6.275455951690673828e-01
6.353113651275634766e-01
6.356172561645507812e-01
6.359252929687500000e-01
7.115335464477539062e-01
6.297504901885986328e-01
6.303684711456298828e-01
6.294081211090087891e-01
6.167011260986328125e-01
6.297435760498046875e-01
6.350605487823486328e-01
6.237449645996093750e-01
6.304531097412109375e-01
6.174719333648681641e-01
6.362240314483642578e-01
6.174032688140869141e-01
6.277570724487304688e-01
6.340968608856201172e-01
6.265828609466552734e-01
6.206848621368408203e-01
6.273946762084960938e-01
6.301052570343017578e-01
6.445748805999755859e-01
7.142093181610107422e-01
6.374793052673339844e-01
6.198859214782714844e-01
6.297938823699951172e-01
6.325557231903076172e-01
6.245803833007812500e-01
6.416077613830566406e-01
6.363949775695800781e-01
6.294791698455810547e-01
6.309328079223632812e-01
6.271803379058837891e-01
6.252202987670898438e-01
6.216113567352294922e-01
6.393198966979980469e-01
6.574072837829589844e-01
6.314363479614257812e-01
6.375341415405273438e-01
6.184043884277343750e-01
6.164455413818359375e-01
6.397972106933593750e-01
6.338419914245605469e-01
6.332437992095947266e-01
6.240329742431640625e-01
7.116129398345947266e-01
6.343133449554443359e-01
6.740524768829345703e-01
6.399898529052734375e-01
6.548380851745605469e-01
6.325528621673583984e-01
6.324911117553710938e-01
6.306431293487548828e-01
6.320357322692871094e-01
6.374986171722412109e-01
6.350266933441162109e-01
6.318068504333496094e-01
6.366529464721679688e-01
6.403291225433349609e-01
6.352016925811767578e-01
6.351242065429687500e-01
6.207675933837890625e-01
6.151449680328369141e-01
6.392984390258789062e-01
6.384243965148925781e-01
6.342184543609619141e-01
7.246494293212890625e-01
6.440718173980712891e-01
6.369614601135253906e-01
6.243283748626708984e-01
6.291451454162597656e-01
6.367681026458740234e-01
6.458966732025146484e-01
6.362841129302978516e-01
6.357493400573730469e-01
6.351363658905029297e-01
6.391239166259765625e-01
6.149508953094482422e-01
6.321904659271240234e-01
6.410167217254638672e-01
6.327967643737792969e-01
6.319577693939208984e-01
6.320712566375732422e-01
6.331517696380615234e-01
6.258394718170166016e-01
6.306161880493164062e-01
6.285874843597412109e-01
6.372523307800292969e-01
6.339221000671386719e-01
6.230514049530029297e-01
6.168694496154785156e-01
6.449604034423828125e-01
6.361014842987060547e-01
6.327009201049804688e-01
6.311178207397460938e-01
6.529481410980224609e-01
6.344273090362548828e-01
6.358342170715332031e-01
6.367011070251464844e-01
6.363580226898193359e-01
6.268265247344970703e-01
6.341564655303955078e-01
6.933641433715820312e-01
6.267983913421630859e-01
6.248936653137207031e-01
6.409714221954345703e-01
6.317718029022216797e-01
6.354110240936279297e-01
6.209337711334228516e-01
7.168364524841308594e-01
6.300654411315917969e-01
6.177387237548828125e-01
6.387157440185546875e-01
6.251058578491210938e-01
6.292645931243896484e-01
6.346731185913085938e-01
6.322581768035888672e-01
6.263206005096435547e-01
6.349568367004394531e-01
6.358318328857421875e-01
6.428275108337402344e-01
7.209513187408447266e-01
6.455624103546142578e-01
6.467361450195312500e-01
6.331295967102050781e-01
6.273038387298583984e-01
6.278870105743408203e-01
6.325449943542480469e-01
6.615502834320068359e-01
6.345300674438476562e-01
6.321985721588134766e-01
6.328079700469970703e-01
6.325783729553222656e-01
7.158977985382080078e-01
6.339244842529296875e-01
6.352486610412597656e-01
6.323001384735107422e-01
6.316683292388916016e-01
6.489751338958740234e-01
6.313264369964599609e-01
6.329293251037597656e-01
6.391191482543945312e-01
6.295971870422363281e-01
6.309695243835449219e-01
6.312885284423828125e-01
6.301567554473876953e-01
7.176501750946044922e-01
6.330146789550781250e-01
6.382198333740234375e-01
6.305470466613769531e-01
6.378550529479980469e-01
6.345226764678955078e-01
6.339068412780761719e-01
6.380414962768554688e-01
6.368939876556396484e-01
6.312582492828369141e-01
